0.925745863987
Now with jitter = 0.0
Minuit succeeded.
area = 13.6860815585 with chi^2 194.593271314
areas mean, stdev = 13.6860815585 0.0 chi^2 mean, stdev = 194.593271314 0.0
Now with jitter = 0.05
VariableMetricBuilder: matrix not pos.def.
gdel > 0: 8.1522e-06
eigenvalues: 
-0.155515
0.350352
0.901587
0.94963
0.96781
0.985931
0.988506
0.990921
0.997512
0.998818
0.999479
1.00138
1.02483
1.30842
2.69034
matrix forced pos-def by adding 0.158205 to diagonal
gdel: -1.70398e-05
eigenvalues: 
-0.000420181
0.511026
0.808637
1
1
1
1
1
1
1
1
1
1.00363
1.5623
2.11482
matrix forced pos-def by adding 0.002535 to diagonal
MnHesse: matrix is invalid!
MnHesse: matrix is not pos. def.!
MnHesse: matrix was forced pos. def.
FunctionMinimum is invalid.
Minuit failed because covariance is not accurate, and covariance is not positive definite.
VariableMetricBuilder: no improvement
Minuit succeeded.
area = 13.6820989353 with chi^2 205.302692657
VariableMetricBuilder: no improvement
VariableMetricBuilder: finishes without convergence.
VariableMetricBuilder: edm= 0.000241757 requested: 1e-05
FunctionMinimum is invalid.
Minuit failed because the function is above maximum EDM.
Minuit succeeded.
area = 13.6844980967 with chi^2 202.91231447
VariableMetricBuilder: no improvement
VariableMetricBuilder: finishes without convergence.
VariableMetricBuilder: edm= 0.0015357 requested: 1e-05
FunctionMinimum is invalid.
Minuit failed because the function is above maximum EDM.
VariableMetricBuilder: no improvement
Minuit succeeded.
area = 13.6587354581 with chi^2 200.593109337
VariableMetricBuilder: matrix not pos.def.
gdel > 0: 1.73417e-07
negative or zero diagonal element 11 in covariance matrix
added 1.00014 to diagonal of error matrix
gdel: 1.73417e-07
Minuit succeeded.
area = 13.6643997347 with chi^2 224.46490809
Minuit succeeded.
area = 13.7028691781 with chi^2 217.500546126
Minuit succeeded.
area = 13.6911081835 with chi^2 203.125977009
VariableMetricBuilder: no improvement
eigenvalues: 
-0.160806
0.570606
0.815135
1
1
1
1
1
1
1
1
1
1.00345
1.26726
2.50436
matrix forced pos-def by adding 0.16331 to diagonal
MnHesse: matrix is invalid!
MnHesse: matrix is not pos. def.!
MnHesse: matrix was forced pos. def.
FunctionMinimum is invalid.
Minuit failed because covariance is not accurate, and covariance is not positive definite.
areas mean, stdev = 13.6806182644 0.0150791520612 chi^2 mean, stdev = 208.983257948 8.82544558181
Now with jitter = 0.07
Minuit succeeded.
area = 13.6892118345 with chi^2 214.234168796
eigenvalues: 
-0.124688
0.678701
0.816392
1
1
1
1
1
1
1
1
1
1.00278
1.35743
2.26938
matrix forced pos-def by adding 0.126957 to diagonal
MnHesse: matrix is invalid!
MnHesse: matrix is not pos. def.!
MnHesse: matrix was forced pos. def.
FunctionMinimum is invalid.
Minuit failed because covariance is not accurate, and covariance is not positive definite.
VariableMetricBuilder: matrix not pos.def.
gdel > 0: 6.21958e-05
negative or zero diagonal element 9 in covariance matrix
added 1.00051 to diagonal of error matrix
gdel: 6.21958e-05
Minuit succeeded.
area = 13.6814970907 with chi^2 209.171762632
eigenvalues: 
-0.106501
0.659583
0.817363
1
1
1
1
1
1
1
1
1
1.00314
1.20573
2.42069
matrix forced pos-def by adding 0.108921 to diagonal
MnHesse: matrix is invalid!
MnHesse: matrix is not pos. def.!
MnHesse: matrix was forced pos. def.
FunctionMinimum is invalid.
Minuit failed because covariance is not accurate, and covariance is not positive definite.
VariableMetricBuilder: no improvement
eigenvalues: 
-0.43839
0.498594
0.80917
1
1
1
1
1
1
1
1
1
1.00293
1.6305
2.4972
matrix forced pos-def by adding 0.440887 to diagonal
MnHesse: matrix is invalid!
MnHesse: matrix is not pos. def.!
MnHesse: matrix was forced pos. def.
FunctionMinimum is invalid.
Minuit failed because covariance is not accurate, and covariance is not positive definite.
VariableMetricBuilder: matrix not pos.def.
gdel > 0: 1.97678e-05
negative or zero diagonal element 0 in covariance matrix
negative or zero diagonal element 1 in covariance matrix
added 1.00004 to diagonal of error matrix
gdel: 1.97678e-05
Minuit succeeded.
area = 13.672513714 with chi^2 222.799196481
Minuit succeeded.
area = 13.7215200944 with chi^2 236.624550242
VariableMetricBuilder: no improvement
VariableMetricBuilder: finishes without convergence.
VariableMetricBuilder: edm= 0.00305654 requested: 1e-05
FunctionMinimum is invalid.
Minuit failed because the function is above maximum EDM.
Minuit succeeded.
area = 13.6989828418 with chi^2 218.718061458
VariableMetricBuilder: no improvement
eigenvalues: 
-0.00411496
0.551659
0.833788
1
1
1
1
1
1
1
1
1
1.00356
1.28972
2.32538
matrix forced pos-def by adding 0.00644034 to diagonal
MnHesse: matrix is invalid!
MnHesse: matrix is not pos. def.!
MnHesse: matrix was forced pos. def.
FunctionMinimum is invalid.
Minuit failed because covariance is not accurate, and covariance is not positive definite.
areas mean, stdev = 13.6927451151 0.0168239138096 chi^2 mean, stdev = 220.309547922 9.33671218903
