0.933571846826
Now with jitter = 0.0
eigenvalues: 
-0.0488511
0.694656
0.81278
1
1
1
1
1
1
1
1
1
1.0032
1.27361
2.2646
matrix forced pos-def by adding 0.0511157 to diagonal
MnHesse: matrix is invalid!
MnHesse: matrix is not pos. def.!
MnHesse: matrix was forced pos. def.
FunctionMinimum is invalid.
Minuit failed because covariance is not accurate, and covariance is not positive definite.
areas mean, stdev =
Traceback (most recent call last):
  File "jitter/jitter1s.py", line 323, in ?
    print "areas mean, stdev =", jt.mean(areas), jt.stdev(areas), "chi^2 mean, stdev =", jt.mean(chi2s), jt.stdev(chi2s)
  File "/home/mccann/bin/python/jt.py", line 8, in mean
    return s/float(len(xlist))
ZeroDivisionError: float division
