0.906380555315
Now with jitter = 0.0
Minuit succeeded.
area = 13.6660165643 with chi^2 235.992264146
areas mean, stdev = 13.6660165643 0.0 chi^2 mean, stdev = 235.992264146 0.0
Now with jitter = 0.05
eigenvalues: 
-0.171247
0.688785
0.817392
1
1
1
1
1
1
1
1
1
1.00319
1.37152
2.29037
matrix forced pos-def by adding 0.173537 to diagonal
MnHesse: matrix is invalid!
MnHesse: matrix is not pos. def.!
MnHesse: matrix was forced pos. def.
FunctionMinimum is invalid.
Minuit failed because covariance is not accurate, and covariance is not positive definite.
Minuit succeeded.
area = 13.6595499724 with chi^2 258.082015348
Minuit succeeded.
area = 13.6549552705 with chi^2 256.234086934
eigenvalues: 
-0.00682022
0.747517
0.810892
1
1
1
1
1
1
1
1
1
1.00243
1.07748
2.3685
matrix forced pos-def by adding 0.00918872 to diagonal
MnHesse: matrix is invalid!
MnHesse: matrix is not pos. def.!
MnHesse: matrix was forced pos. def.
FunctionMinimum is invalid.
Minuit failed because covariance is not accurate, and covariance is not positive definite.
Minuit succeeded.
area = 13.6550951208 with chi^2 252.210787861
VariableMetricBuilder: no improvement
Minuit succeeded.
area = 13.6842390703 with chi^2 259.342147676
Minuit succeeded.
area = 13.6904567129 with chi^2 234.668248414
Minuit succeeded.
area = 13.6488944002 with chi^2 240.708792608
eigenvalues: 
-0.334152
0.618164
0.825877
1
1
1
1
1
1
1
1
1
1.00331
1.56749
2.31931
matrix forced pos-def by adding 0.336471 to diagonal
MnHesse: matrix is invalid!
MnHesse: matrix is not pos. def.!
MnHesse: matrix was forced pos. def.
FunctionMinimum is invalid.
Minuit failed because covariance is not accurate, and covariance is not positive definite.
VariableMetricBuilder: matrix not pos.def.
gdel > 0: 2.72172e-05
negative or zero diagonal element 1 in covariance matrix
added 1.00001 to diagonal of error matrix
gdel: 2.72172e-05
Minuit succeeded.
area = 13.6486292182 with chi^2 244.219654337
areas mean, stdev = 13.6631171093 0.0158089847171 chi^2 mean, stdev = 249.352247597 8.84962124601
Now with jitter = 0.07
Minuit succeeded.
area = 13.6661180831 with chi^2 265.711266843
Minuit succeeded.
area = 13.6821304193 with chi^2 273.281420055
Minuit succeeded.
area = 13.6576130631 with chi^2 279.128430781
Minuit succeeded.
area = 13.6577434231 with chi^2 246.335558762
eigenvalues: 
-0.0801689
0.593068
0.82111
1
1
1
1
1
1
1
1
1
1.00331
1.18274
2.47994
matrix forced pos-def by adding 0.0826489 to diagonal
MnHesse: matrix is invalid!
MnHesse: matrix is not pos. def.!
MnHesse: matrix was forced pos. def.
FunctionMinimum is invalid.
Minuit failed because covariance is not accurate, and covariance is not positive definite.
Minuit succeeded.
area = 13.6384868263 with chi^2 287.092302377
Minuit succeeded.
area = 13.6530896439 with chi^2 261.219065889
Minuit succeeded.
area = 13.6435469403 with chi^2 273.735425271
Minuit succeeded.
area = 13.6937984977 with chi^2 243.182839617
VariableMetricBuilder: matrix not pos.def.
gdel > 0: 9.3991e-05
negative or zero diagonal element 1 in covariance matrix
added 1 to diagonal of error matrix
gdel: 9.3991e-05
Minuit succeeded.
area = 13.6915527861 with chi^2 260.106797513
areas mean, stdev = 13.6648977425 0.0189773978396 chi^2 mean, stdev = 265.532567456 13.7158219599
