0.412000258645
Now with jitter = 0.0
Minuit succeeded.
area = 13.6849558619 with chi^2 185.848186013
areas mean, stdev = 13.6849558619 0.0 chi^2 mean, stdev = 185.848186013 0.0
Now with jitter = 0.05
VariableMetricBuilder: no improvement
Minuit succeeded.
area = 13.6864594738 with chi^2 206.237934921
Minuit succeeded.
area = 13.6781352447 with chi^2 215.357889702
Minuit succeeded.
area = 13.6609869255 with chi^2 205.606553584
eigenvalues: 
-0.041122
0.579115
0.823788
1
1
1
1
1
1
1
1
1
1.00356
1.19615
2.4385
matrix forced pos-def by adding 0.0435605 to diagonal
MnHesse: matrix is invalid!
MnHesse: matrix is not pos. def.!
MnHesse: matrix was forced pos. def.
FunctionMinimum is invalid.
Minuit failed because covariance is not accurate, and covariance is not positive definite.
Minuit succeeded.
area = 13.6900970556 with chi^2 212.602361088
Minuit succeeded.
area = 13.7088891501 with chi^2 201.904671461
Minuit succeeded.
area = 13.6573810818 with chi^2 208.789782373
eigenvalues: 
-0.0991275
0.716161
0.811699
1
1
1
1
1
1
1
1
1
1.00339
1.32811
2.23977
matrix forced pos-def by adding 0.101367 to diagonal
MnHesse: matrix is invalid!
MnHesse: matrix is not pos. def.!
MnHesse: matrix was forced pos. def.
FunctionMinimum is invalid.
Minuit failed because covariance is not accurate, and covariance is not positive definite.
Minuit succeeded.
area = 13.6618984581 with chi^2 200.330656711
VariableMetricBuilder: no improvement
Minuit succeeded.
area = 13.6802119597 with chi^2 202.779381984
areas mean, stdev = 13.6780074186 0.0163966300183 chi^2 mean, stdev = 206.701153978 4.93087447579
Now with jitter = 0.07
VariableMetricBuilder: no improvement
VariableMetricBuilder: machine accuracy limits further improvement.
Minuit succeeded.
area = 13.6801309411 with chi^2 239.780692537
VariableMetricBuilder: no improvement
Minuit succeeded.
area = 13.7127378362 with chi^2 214.497221391
Minuit succeeded.
area = 13.6886516157 with chi^2 204.563776374
Minuit succeeded.
area = 13.6790519868 with chi^2 214.844877335
Minuit succeeded.
area = 13.6978403873 with chi^2 192.018671006
Minuit succeeded.
area = 13.6879741064 with chi^2 213.597180077
Minuit succeeded.
area = 13.662201899 with chi^2 203.845398913
Minuit succeeded.
area = 13.6973916207 with chi^2 193.01398492
eigenvalues: 
-0.0218087
0.773443
0.807288
1
1
1
1
1
1
1
1
1
1.00182
1.08303
2.35622
matrix forced pos-def by adding 0.0241649 to diagonal
MnHesse: matrix is invalid!
MnHesse: matrix is not pos. def.!
MnHesse: matrix was forced pos. def.
FunctionMinimum is invalid.
Minuit failed because covariance is not accurate, and covariance is not positive definite.
VariableMetricBuilder: no improvement
Minuit succeeded.
area = 13.6812376828 with chi^2 240.198433364
areas mean, stdev = 13.6874686751 0.0135324334614 chi^2 mean, stdev = 212.928915102 16.5245615717
