0.681331865097
Now with jitter = 0.0
Minuit succeeded.
area = 13.677701117 with chi^2 184.700045411
areas mean, stdev = 13.677701117 0.0 chi^2 mean, stdev = 184.700045411 0.0
Now with jitter = 0.05
Minuit succeeded.
area = 13.6837762557 with chi^2 188.748805555
Minuit succeeded.
area = 13.6871510197 with chi^2 195.270697286
Minuit succeeded.
area = 13.6625637059 with chi^2 196.149273904
Minuit succeeded.
area = 13.6510601197 with chi^2 201.220100811
eigenvalues: 
-0.064883
0.7296
0.817973
1
1
1
1
1
1
1
1
1
1.00271
1.06403
2.45056
matrix forced pos-def by adding 0.0673335 to diagonal
MnHesse: matrix is invalid!
MnHesse: matrix is not pos. def.!
MnHesse: matrix was forced pos. def.
FunctionMinimum is invalid.
Minuit failed because covariance is not accurate, and covariance is not positive definite.
VariableMetricBuilder: no improvement
VariableMetricBuilder: finishes without convergence.
VariableMetricBuilder: edm= 0.000151455 requested: 1e-05
FunctionMinimum is invalid.
Minuit failed because the function is above maximum EDM.
Minuit succeeded.
area = 13.6825506511 with chi^2 184.063753894
Minuit succeeded.
area = 13.6812963304 with chi^2 203.446265722
eigenvalues: 
-0.00582144
0.586168
0.81115
1
1
1
1
1
1
1
1
1
1.00319
1.39254
2.21278
matrix forced pos-def by adding 0.00803422 to diagonal
MnHesse: matrix is invalid!
MnHesse: matrix is not pos. def.!
MnHesse: matrix was forced pos. def.
FunctionMinimum is invalid.
Minuit failed because covariance is not accurate, and covariance is not positive definite.
Minuit succeeded.
area = 13.686895625 with chi^2 216.369809912
areas mean, stdev = 13.6764705297 0.0129585825037 chi^2 mean, stdev = 197.895529583 9.76935596531
Now with jitter = 0.07
VariableMetricBuilder: matrix not pos.def.
gdel > 0: 0.000350729
negative or zero diagonal element 0 in covariance matrix
negative or zero diagonal element 1 in covariance matrix
negative or zero diagonal element 5 in covariance matrix
added 1.00197 to diagonal of error matrix
gdel: 0.000350729
Minuit succeeded.
area = 13.6770048226 with chi^2 208.583000822
Minuit succeeded.
area = 13.6832427867 with chi^2 215.505930133
Minuit succeeded.
area = 13.6942659285 with chi^2 196.329381142
VariableMetricBuilder: matrix not pos.def.
gdel > 0: 0.000317877
negative or zero diagonal element 0 in covariance matrix
negative or zero diagonal element 1 in covariance matrix
added 1.00035 to diagonal of error matrix
gdel: 0.000317877
Minuit succeeded.
area = 13.7022400142 with chi^2 213.800563595
VariableMetricBuilder: no improvement
eigenvalues: 
-0.445558
0.594129
0.834629
1
1
1
1
1
1
1
1
1
1.00319
1.67462
2.33899
matrix forced pos-def by adding 0.447897 to diagonal
MnHesse: matrix is invalid!
MnHesse: matrix is not pos. def.!
MnHesse: matrix was forced pos. def.
FunctionMinimum is invalid.
Minuit failed because covariance is not accurate, and covariance is not positive definite.
Minuit succeeded.
area = 13.7023035185 with chi^2 213.690211665
Minuit succeeded.
area = 13.6629972624 with chi^2 211.605781926
Minuit succeeded.
area = 13.7072201487 with chi^2 207.070180779
Minuit succeeded.
area = 13.6756993495 with chi^2 217.592992214
Minuit succeeded.
area = 13.6618956105 with chi^2 225.795675234
areas mean, stdev = 13.6852077157 0.0161495786122 chi^2 mean, stdev = 212.219301945 7.61039108368
