0.841467622249
Now with jitter = 0.0
VariableMetricBuilder: no improvement
eigenvalues: 
-0.265438
0.503725
0.811752
1
1
1
1
1
1
1
1
1
1.00309
1.48483
2.46204
matrix forced pos-def by adding 0.2679 to diagonal
MnHesse: matrix is invalid!
MnHesse: matrix is not pos. def.!
MnHesse: matrix was forced pos. def.
FunctionMinimum is invalid.
Minuit failed because covariance is not accurate, and covariance is not positive definite.
areas mean, stdev =
Traceback (most recent call last):
  File "jitter/jitter1s.py", line 323, in ?
    print "areas mean, stdev =", jt.mean(areas), jt.stdev(areas), "chi^2 mean, stdev =", jt.mean(chi2s), jt.stdev(chi2s)
  File "/home/mccann/bin/python/jt.py", line 8, in mean
    return s/float(len(xlist))
ZeroDivisionError: float division
