-bash: /root/.bashrc: Permission denied
0.326137620034
Now with jitter = 0.0
Minuit succeeded.
area = 5.77273156505 with chi^2 58.9608075447
areas mean, stdev = 5.77273156505 0.0 chi^2 mean, stdev = 58.9608075447 0.0
Now with jitter = 0.05
eigenvalues: 
-0.252367
0.604233
0.923438
1
1
1
1.00089
1.11465
2.60915
matrix forced pos-def by adding 0.254976 to diagonal
MnHesse: matrix is invalid!
MnHesse: matrix is not pos. def.!
MnHesse: matrix was forced pos. def.
FunctionMinimum is invalid.
Minuit failed because covariance is not accurate, and covariance is not positive definite.
Minuit succeeded.
area = 5.77757523449 with chi^2 65.6576395834
Minuit succeeded.
area = 5.76923173002 with chi^2 57.8412905103
Minuit succeeded.
area = 5.79751870959 with chi^2 61.9834295581
Minuit succeeded.
area = 5.7802576996 with chi^2 60.2129753926
Minuit succeeded.
area = 5.77412743899 with chi^2 58.9811406083
Minuit succeeded.
area = 5.77344071176 with chi^2 64.3958252745
Minuit succeeded.
area = 5.7758092781 with chi^2 67.8430627663
Minuit succeeded.
area = 5.7702513397 with chi^2 62.7918302797
Minuit succeeded.
area = 5.76913468659 with chi^2 63.5587301387
Minuit succeeded.
area = 5.78315688128 with chi^2 63.6271852931
Minuit succeeded.
area = 5.75299366694 with chi^2 61.0149304888
eigenvalues: 
-0.603531
0.762267
0.906029
1
1
1
1.00074
1.1581
2.77639
matrix forced pos-def by adding 0.606307 to diagonal
MnHesse: matrix is invalid!
MnHesse: matrix is not pos. def.!
MnHesse: matrix was forced pos. def.
FunctionMinimum is invalid.
Minuit failed because covariance is not accurate, and covariance is not positive definite.
Minuit succeeded.
area = 5.78100966454 with chi^2 56.4605398834
Minuit succeeded.
area = 5.77195423249 with chi^2 64.0508956668
Minuit succeeded.
area = 5.76364203144 with chi^2 57.3413708314
Minuit succeeded.
area = 5.77196388361 with chi^2 61.53637284
Minuit succeeded.
area = 5.78368409989 with chi^2 53.062566385
Minuit succeeded.
area = 5.77268103547 with chi^2 67.8181944711
Minuit succeeded.
area = 5.7681912487 with chi^2 66.641481059
Minuit succeeded.
area = 5.78774678925 with chi^2 61.8439284976
Minuit succeeded.
area = 5.78239310193 with chi^2 65.9111331101
Minuit succeeded.
area = 5.77434330343 with chi^2 61.4461246175
eigenvalues: 
-0.610933
0.575184
0.921129
1
1
1
1.00054
1.15624
2.95783
matrix forced pos-def by adding 0.613891 to diagonal
MnHesse: matrix is invalid!
MnHesse: matrix is not pos. def.!
MnHesse: matrix was forced pos. def.
FunctionMinimum is invalid.
Minuit failed because covariance is not accurate, and covariance is not positive definite.
eigenvalues: 
-0.197006
0.565858
0.924513
1
1
1
1.0014
1.18183
2.5234
matrix forced pos-def by adding 0.19953 to diagonal
MnHesse: matrix is invalid!
MnHesse: matrix is not pos. def.!
MnHesse: matrix was forced pos. def.
FunctionMinimum is invalid.
Minuit failed because covariance is not accurate, and covariance is not positive definite.
VariableMetricBuilder: matrix not pos.def.
gdel > 0: 7.40595e-05
negative or zero diagonal element 1 in covariance matrix
negative or zero diagonal element 2 in covariance matrix
added 1.00037 to diagonal of error matrix
gdel: 7.40595e-05
Minuit succeeded.
area = 5.76773185395 with chi^2 58.2078173788
Minuit succeeded.
area = 5.76460477685 with chi^2 58.4201706303
Minuit succeeded.
area = 5.78429496645 with chi^2 65.8271591985
Minuit succeeded.
area = 5.77235455023 with chi^2 58.3981222873
Minuit succeeded.
area = 5.79485354316 with chi^2 63.023323091
Minuit succeeded.
area = 5.78638027492 with chi^2 65.5671007107
eigenvalues: 
-0.186702
0.555245
0.920327
1
1
1
1.00108
1.23246
2.47759
matrix forced pos-def by adding 0.18918 to diagonal
MnHesse: matrix is invalid!
MnHesse: matrix is not pos. def.!
MnHesse: matrix was forced pos. def.
FunctionMinimum is invalid.
Minuit failed because covariance is not accurate, and covariance is not positive definite.
Minuit succeeded.
area = 5.79853299543 with chi^2 62.2380342382
VariableMetricBuilder: no improvement
eigenvalues: 
-0.0268764
0.546767
0.917066
1
1
1
1.00112
1.30143
2.26049
matrix forced pos-def by adding 0.0291369 to diagonal
MnHesse: matrix is invalid!
MnHesse: matrix is not pos. def.!
MnHesse: matrix was forced pos. def.
FunctionMinimum is invalid.
Minuit failed because covariance is not accurate, and covariance is not positive definite.
Minuit succeeded.
area = 5.76814052905 with chi^2 56.0843052063
Minuit succeeded.
area = 5.77780612555 with chi^2 59.9713217711
eigenvalues: 
-0.160384
0.749665
0.918052
1
1
1
1.00049
1.38059
2.11158
matrix forced pos-def by adding 0.162496 to diagonal
MnHesse: matrix is invalid!
MnHesse: matrix is not pos. def.!
MnHesse: matrix was forced pos. def.
FunctionMinimum is invalid.
Minuit failed because covariance is not accurate, and covariance is not positive definite.
Minuit succeeded.
area = 5.77149186034 with chi^2 59.9258662404
Minuit succeeded.
area = 5.79107431735 with chi^2 63.651277341
Minuit succeeded.
area = 5.75997810812 with chi^2 57.0578412951
Minuit succeeded.
area = 5.77053064751 with chi^2 58.7918545342
eigenvalues: 
-0.115192
0.658064
0.911542
1
1
1
1.00093
1.26643
2.27822
matrix forced pos-def by adding 0.11747 to diagonal
MnHesse: matrix is invalid!
MnHesse: matrix is not pos. def.!
MnHesse: matrix was forced pos. def.
FunctionMinimum is invalid.
Minuit failed because covariance is not accurate, and covariance is not positive definite.
Minuit succeeded.
area = 5.76790505893 with chi^2 62.2607241684
Minuit succeeded.
area = 5.77714478388 with chi^2 60.1745338823
Minuit succeeded.
area = 5.7855412679 with chi^2 61.0728064386
Minuit succeeded.
area = 5.76653661001 with chi^2 67.0359566428
Minuit succeeded.
area = 5.7788245735 with chi^2 58.4245743142
Minuit succeeded.
area = 5.77431432746 with chi^2 64.392332695
Minuit succeeded.
area = 5.77552327316 with chi^2 57.8083642707
Minuit succeeded.
area = 5.77575013733 with chi^2 58.9750663714
Minuit succeeded.
area = 5.76807132206 with chi^2 58.4748773232
Minuit succeeded.
area = 5.77223516221 with chi^2 60.5085997836
Minuit succeeded.
area = 5.77970876311 with chi^2 60.8849865009
VariableMetricBuilder: matrix not pos.def.
gdel > 0: 3.29487e-05
negative or zero diagonal element 0 in covariance matrix
negative or zero diagonal element 1 in covariance matrix
negative or zero diagonal element 2 in covariance matrix
added 1.00047 to diagonal of error matrix
gdel: 3.29487e-05
Minuit succeeded.
area = 5.76835915351 with chi^2 60.2452780424
Minuit succeeded.
area = 5.76973278887 with chi^2 62.7856465705
Minuit succeeded.
area = 5.78006502984 with chi^2 63.6354416946
Minuit succeeded.
area = 5.77341805812 with chi^2 60.6022072633
VariableMetricBuilder: matrix not pos.def.
gdel > 0: 0.000186451
negative or zero diagonal element 0 in covariance matrix
negative or zero diagonal element 1 in covariance matrix
negative or zero diagonal element 2 in covariance matrix
added 1.00389 to diagonal of error matrix
gdel: 0.000186451
Minuit succeeded.
area = 5.77462811595 with chi^2 62.3884783927
Minuit succeeded.
area = 5.7984588367 with chi^2 58.3427192177
Minuit succeeded.
area = 5.76542700464 with chi^2 60.3805603266
eigenvalues: 
-1.11522
0.719869
0.90893
1
1
1
1.00111
1.43493
3.05038
matrix forced pos-def by adding 1.11827 to diagonal
MnHesse: matrix is invalid!
MnHesse: matrix is not pos. def.!
MnHesse: matrix was forced pos. def.
FunctionMinimum is invalid.
Minuit failed because covariance is not accurate, and covariance is not positive definite.
Minuit succeeded.
area = 5.76715180832 with chi^2 61.8925390287
Minuit succeeded.
area = 5.77256436415 with chi^2 59.8166210123
VariableMetricBuilder: no improvement
Minuit succeeded.
area = 5.76563424294 with chi^2 60.7893144026
Minuit succeeded.
area = 5.78471801269 with chi^2 62.1570735149
Minuit succeeded.
area = 5.77201452235 with chi^2 55.9857606785
eigenvalues: 
-12.5758
0.680179
0.908198
1
1
1
1.00119
1.94228
14.044
matrix forced pos-def by adding 12.5899 to diagonal
MnHesse: matrix is invalid!
MnHesse: matrix is not pos. def.!
MnHesse: matrix was forced pos. def.
FunctionMinimum is invalid.
Minuit failed because covariance is not accurate, and covariance is not positive definite.
Minuit succeeded.
area = 5.77270579055 with chi^2 57.1916069468
Minuit succeeded.
area = 5.77970630748 with chi^2 66.0166127294
Minuit succeeded.
area = 5.79869577681 with chi^2 58.7508160661
VariableMetricBuilder: no improvement
Minuit succeeded.
area = 5.78316412409 with chi^2 69.0503133932
Minuit succeeded.
area = 5.77693488192 with chi^2 59.0844561825
Minuit succeeded.
area = 5.77591215132 with chi^2 62.7933480846
Minuit succeeded.
area = 5.77577935282 with chi^2 61.3898187792
Minuit succeeded.
area = 5.76432515012 with chi^2 62.4949068184
eigenvalues: 
-0.313051
0.521426
0.910817
1
1
1
1.00119
1.40519
2.47442
matrix forced pos-def by adding 0.315525 to diagonal
MnHesse: matrix is invalid!
MnHesse: matrix is not pos. def.!
MnHesse: matrix was forced pos. def.
FunctionMinimum is invalid.
Minuit failed because covariance is not accurate, and covariance is not positive definite.
Minuit succeeded.
area = 5.77026470082 with chi^2 60.4085360923
Minuit succeeded.
area = 5.78827825191 with chi^2 59.1624244189
VariableMetricBuilder: no improvement
eigenvalues: 
-0.0153695
0.616761
0.913818
1
1
1
1.00097
1.39658
2.08724
matrix forced pos-def by adding 0.0174567 to diagonal
MnHesse: matrix is invalid!
MnHesse: matrix is not pos. def.!
MnHesse: matrix was forced pos. def.
FunctionMinimum is invalid.
Minuit failed because covariance is not accurate, and covariance is not positive definite.
Minuit succeeded.
area = 5.79401669925 with chi^2 65.2324947881
Minuit succeeded.
area = 5.7889908953 with chi^2 67.9296697392
Minuit succeeded.
area = 5.77280443016 with chi^2 54.3405500391
Minuit succeeded.
area = 5.77575917002 with chi^2 63.4507697677
Minuit succeeded.
area = 5.78998924805 with chi^2 67.6216154406
Minuit succeeded.
area = 5.78412833474 with chi^2 61.0597418387
Minuit succeeded.
area = 5.78379146072 with chi^2 62.233725608
eigenvalues: 
-0.133507
0.664242
0.908292
1
1
1
1.0006
1.217
2.34337
matrix forced pos-def by adding 0.13585 to diagonal
MnHesse: matrix is invalid!
MnHesse: matrix is not pos. def.!
MnHesse: matrix was forced pos. def.
FunctionMinimum is invalid.
Minuit failed because covariance is not accurate, and covariance is not positive definite.
Minuit succeeded.
area = 5.76683176482 with chi^2 54.479603703
Minuit succeeded.
area = 5.77797645852 with chi^2 68.4877341212
VariableMetricBuilder: no improvement
Minuit succeeded.
area = 5.7778351261 with chi^2 59.2960140938
Minuit succeeded.
area = 5.76372636967 with chi^2 65.1548811008
Minuit succeeded.
area = 5.78389880742 with chi^2 56.2125752772
Minuit succeeded.
area = 5.78048267127 with chi^2 59.3316836547
Minuit succeeded.
area = 5.77340326211 with chi^2 61.3361139855
Minuit succeeded.
area = 5.76762076883 with chi^2 63.9769438243
Minuit succeeded.
area = 5.77042293364 with chi^2 67.99377486
Minuit succeeded.
area = 5.76772851675 with chi^2 58.9249259874
Minuit succeeded.
area = 5.7735016425 with chi^2 56.1801607102
Minuit succeeded.
area = 5.77685451664 with chi^2 55.7626486011
Minuit succeeded.
area = 5.78334550933 with chi^2 60.8647785028
areas mean, stdev = 5.77633889205 0.00912328704857 chi^2 mean, stdev = 61.3383051594 3.56452040301
Now with jitter = 0.07
eigenvalues: 
-0.241853
0.628279
0.920136
1
1
1
1.00098
1.02964
2.66282
matrix forced pos-def by adding 0.244515 to diagonal
MnHesse: matrix is invalid!
MnHesse: matrix is not pos. def.!
MnHesse: matrix was forced pos. def.
FunctionMinimum is invalid.
Minuit failed because covariance is not accurate, and covariance is not positive definite.
Minuit succeeded.
area = 5.76266814906 with chi^2 67.2093067845
Minuit succeeded.
area = 5.77131305727 with chi^2 58.2728309775
Minuit succeeded.
area = 5.76465271358 with chi^2 62.0912233015
Minuit succeeded.
area = 5.78970918716 with chi^2 61.3982235418
Minuit succeeded.
area = 5.76390533763 with chi^2 72.7624023088
Minuit succeeded.
area = 5.78364964935 with chi^2 67.7562095292
Minuit succeeded.
area = 5.76395882937 with chi^2 56.2654711031
Minuit succeeded.
area = 5.75295428694 with chi^2 69.8040045916
VariableMetricBuilder: no improvement
Minuit succeeded.
area = 5.77064084745 with chi^2 64.9680812907
Minuit succeeded.
area = 5.79859634454 with chi^2 64.9050392266
Minuit succeeded.
area = 5.74525104201 with chi^2 61.3064852047
Minuit succeeded.
area = 5.76509803074 with chi^2 61.6467266551
Minuit succeeded.
area = 5.75205846679 with chi^2 64.7819309478
Minuit succeeded.
area = 5.76109666961 with chi^2 59.2430821602
Minuit succeeded.
area = 5.76976335703 with chi^2 57.3704170082
Minuit succeeded.
area = 5.78277096027 with chi^2 68.0310816664
Minuit succeeded.
area = 5.75683072257 with chi^2 58.0401859362
Minuit succeeded.
area = 5.75373185136 with chi^2 58.7772926388
VariableMetricBuilder: no improvement
Minuit succeeded.
area = 5.78686646895 with chi^2 60.5569084906
Minuit succeeded.
area = 5.78139851099 with chi^2 72.2586767889
Minuit succeeded.
area = 5.78315859694 with chi^2 70.969774018
Minuit succeeded.
area = 5.80902684025 with chi^2 65.8626694294
VariableMetricBuilder: no improvement
eigenvalues: 
-3.12291
0.707837
0.911186
1
1
1
1.00088
1.78127
4.72174
matrix forced pos-def by adding 3.12763 to diagonal
MnHesse: matrix is invalid!
MnHesse: matrix is not pos. def.!
MnHesse: matrix was forced pos. def.
FunctionMinimum is invalid.
Minuit failed because covariance is not accurate, and covariance is not positive definite.
eigenvalues: 
-0.159448
0.64019
0.928068
1
1
1
1.00029
1.02996
2.56095
matrix forced pos-def by adding 0.162009 to diagonal
MnHesse: matrix is invalid!
MnHesse: matrix is not pos. def.!
MnHesse: matrix was forced pos. def.
FunctionMinimum is invalid.
Minuit failed because covariance is not accurate, and covariance is not positive definite.
Minuit succeeded.
area = 5.76193617298 with chi^2 54.7187385569
Minuit succeeded.
area = 5.77207309602 with chi^2 61.122296267
Minuit succeeded.
area = 5.76995571463 with chi^2 68.2159511337
Minuit succeeded.
area = 5.79686463159 with chi^2 68.5594049293
Minuit succeeded.
area = 5.76332038968 with chi^2 65.4819160712
Minuit succeeded.
area = 5.76344029644 with chi^2 59.3454681955
Minuit succeeded.
area = 5.77094124149 with chi^2 64.4892584418
Minuit succeeded.
area = 5.76085877663 with chi^2 66.4473794814
Minuit succeeded.
area = 5.7994399551 with chi^2 64.8365423893
Minuit succeeded.
area = 5.77866834606 with chi^2 62.6473385399
Minuit succeeded.
area = 5.7849020409 with chi^2 62.3910235797
Minuit succeeded.
area = 5.77067687587 with chi^2 67.0891298094
Minuit succeeded.
area = 5.77315371057 with chi^2 68.6550564355
Minuit succeeded.
area = 5.76891555154 with chi^2 55.107905677
Minuit succeeded.
area = 5.76593036485 with chi^2 63.240923249
Minuit succeeded.
area = 5.79649865179 with chi^2 61.9602699204
Minuit succeeded.
area = 5.7643483568 with chi^2 64.2117439418
Minuit succeeded.
area = 5.77845863028 with chi^2 68.9771813113
VariableMetricBuilder: no improvement
Minuit succeeded.
area = 5.78875440131 with chi^2 66.0889354829
Minuit succeeded.
area = 5.77579035594 with chi^2 63.9073314384
eigenvalues: 
-0.814957
0.686093
0.925064
1
1
1
1.00026
1.02149
3.18205
matrix forced pos-def by adding 0.818139 to diagonal
MnHesse: matrix is invalid!
MnHesse: matrix is not pos. def.!
MnHesse: matrix was forced pos. def.
FunctionMinimum is invalid.
Minuit failed because covariance is not accurate, and covariance is not positive definite.
Minuit succeeded.
area = 5.76077614067 with chi^2 61.7647794297
Minuit succeeded.
area = 5.788644957 with chi^2 57.2309498768
Minuit succeeded.
area = 5.76119418404 with chi^2 60.0033710786
Minuit succeeded.
area = 5.77770211556 with chi^2 58.8092059561
Minuit succeeded.
area = 5.78374391681 with chi^2 70.5351182604
Minuit succeeded.
area = 5.77040580726 with chi^2 62.7125312043
Minuit succeeded.
area = 5.76960945033 with chi^2 63.7708561803
Minuit succeeded.
area = 5.75793825993 with chi^2 61.4084632399
eigenvalues: 
-0.00536604
0.66258
0.929795
1
1
1
1.00108
1.03155
2.38036
matrix forced pos-def by adding 0.00774641 to diagonal
MnHesse: matrix is invalid!
MnHesse: matrix is not pos. def.!
MnHesse: matrix was forced pos. def.
FunctionMinimum is invalid.
Minuit failed because covariance is not accurate, and covariance is not positive definite.
Minuit succeeded.
area = 5.79378190166 with chi^2 63.9033104929
Minuit succeeded.
area = 5.78512821219 with chi^2 60.6651363882
Minuit succeeded.
area = 5.78247071423 with chi^2 65.545377563
Minuit succeeded.
area = 5.76499897917 with chi^2 56.862642558
Minuit succeeded.
area = 5.78022705019 with chi^2 61.8746288508
eigenvalues: 
-0.24185
0.554236
0.928217
1
1
1
1.00097
1.08413
2.67429
matrix forced pos-def by adding 0.244524 to diagonal
MnHesse: matrix is invalid!
MnHesse: matrix is not pos. def.!
MnHesse: matrix was forced pos. def.
FunctionMinimum is invalid.
Minuit failed because covariance is not accurate, and covariance is not positive definite.
Minuit succeeded.
area = 5.75846213183 with chi^2 56.5276092696
VariableMetricBuilder: matrix not pos.def.
gdel > 0: 4.09233e-05
negative or zero diagonal element 1 in covariance matrix
negative or zero diagonal element 2 in covariance matrix
negative or zero diagonal element 6 in covariance matrix
added 1.00031 to diagonal of error matrix
gdel: 4.09233e-05
Minuit succeeded.
area = 5.75930832316 with chi^2 67.4040203315
Minuit succeeded.
area = 5.73899473624 with chi^2 65.0390071787
Minuit succeeded.
area = 5.77045036889 with chi^2 65.668214192
Minuit succeeded.
area = 5.77006116138 with chi^2 53.6285172054
Minuit succeeded.
area = 5.78574272489 with chi^2 64.7634946386
eigenvalues: 
-0.324431
0.679529
0.91007
1
1
1
1.00114
1.2528
2.48089
matrix forced pos-def by adding 0.326912 to diagonal
MnHesse: matrix is invalid!
MnHesse: matrix is not pos. def.!
MnHesse: matrix was forced pos. def.
FunctionMinimum is invalid.
Minuit failed because covariance is not accurate, and covariance is not positive definite.
Minuit succeeded.
area = 5.77572836097 with chi^2 79.4599013868
Minuit succeeded.
area = 5.77740568959 with chi^2 59.9655058368
eigenvalues: 
-0.0108485
0.769891
0.912093
1
1
1
1.00057
1.19454
2.13376
matrix forced pos-def by adding 0.0129822 to diagonal
MnHesse: matrix is invalid!
MnHesse: matrix is not pos. def.!
MnHesse: matrix was forced pos. def.
FunctionMinimum is invalid.
Minuit failed because covariance is not accurate, and covariance is not positive definite.
Minuit succeeded.
area = 5.77888120583 with chi^2 58.3820331434
Minuit succeeded.
area = 5.78314586879 with chi^2 62.8710939015
Minuit succeeded.
area = 5.76266986898 with chi^2 65.3302110878
Minuit succeeded.
area = 5.76555382577 with chi^2 68.7005970706
Minuit succeeded.
area = 5.76855403765 with chi^2 60.9030539527
Minuit succeeded.
area = 5.77804736564 with chi^2 67.1343549343
Minuit succeeded.
area = 5.79207665854 with chi^2 73.0560118508
VariableMetricBuilder: no improvement
Minuit succeeded.
area = 5.77999232982 with chi^2 60.0967814442
Minuit succeeded.
area = 5.78777290127 with chi^2 57.4646775508
Minuit succeeded.
area = 5.77920492219 with chi^2 58.885350761
Minuit succeeded.
area = 5.77401000979 with chi^2 69.0591978337
VariableMetricBuilder: no improvement
Minuit succeeded.
area = 5.77715742628 with chi^2 51.0037069246
eigenvalues: 
-0.528417
0.715612
0.908892
1
1
1
1.00117
1.31158
2.59116
matrix forced pos-def by adding 0.531008 to diagonal
MnHesse: matrix is invalid!
MnHesse: matrix is not pos. def.!
MnHesse: matrix was forced pos. def.
FunctionMinimum is invalid.
Minuit failed because covariance is not accurate, and covariance is not positive definite.
Minuit succeeded.
area = 5.78414063925 with chi^2 64.2578487417
Minuit succeeded.
area = 5.77453897639 with chi^2 57.7642232616
Minuit succeeded.
area = 5.81467889338 with chi^2 63.7842708515
Minuit succeeded.
area = 5.76840330776 with chi^2 66.4222497553
Minuit succeeded.
area = 5.76713114052 with chi^2 57.9272701293
VariableMetricBuilder: no improvement
eigenvalues: 
-0.214658
0.587924
0.915274
1
1
1
1.00078
1.46453
2.24615
matrix forced pos-def by adding 0.216904 to diagonal
MnHesse: matrix is invalid!
MnHesse: matrix is not pos. def.!
MnHesse: matrix was forced pos. def.
FunctionMinimum is invalid.
Minuit failed because covariance is not accurate, and covariance is not positive definite.
VariableMetricBuilder: matrix not pos.def.
gdel > 0: 7.78889e-05
negative or zero diagonal element 1 in covariance matrix
negative or zero diagonal element 2 in covariance matrix
added 1.00056 to diagonal of error matrix
gdel: 7.78889e-05
Minuit succeeded.
area = 5.77397044706 with chi^2 60.5481082827
Minuit succeeded.
area = 5.7722825216 with chi^2 63.2841015093
Minuit succeeded.
area = 5.75410389504 with chi^2 60.102676242
Minuit succeeded.
area = 5.77397722209 with chi^2 64.480421989
VariableMetricBuilder: no improvement
Minuit succeeded.
area = 5.77566142107 with chi^2 58.5082421997
Minuit succeeded.
area = 5.76913235535 with chi^2 63.0909446527
eigenvalues: 
-0.0511773
0.642902
0.92809
1
1
1
1.00092
1.05231
2.42695
matrix forced pos-def by adding 0.0536042 to diagonal
MnHesse: matrix is invalid!
MnHesse: matrix is not pos. def.!
MnHesse: matrix was forced pos. def.
FunctionMinimum is invalid.
Minuit failed because covariance is not accurate, and covariance is not positive definite.
Minuit succeeded.
area = 5.76816885256 with chi^2 67.1925911531
Minuit succeeded.
area = 5.77074224497 with chi^2 63.3502271103
Minuit succeeded.
area = 5.77725344485 with chi^2 67.0135952906
areas mean, stdev = 5.77368600504 0.0131155268485 chi^2 mean, stdev = 63.2576213617 4.78730726743
