0.712353436116
Now with jitter = 0.0
eigenvalues: 
-0.00279127
0.77203
0.91163
1
1
1
1.00056
1.19711
2.12147
matrix forced pos-def by adding 0.00491274 to diagonal
MnHesse: matrix is invalid!
MnHesse: matrix is not pos. def.!
MnHesse: matrix was forced pos. def.
FunctionMinimum is invalid.
Minuit failed because covariance is not accurate, and covariance is not positive definite.
areas mean, stdev =
Traceback (most recent call last):
  File "jitter/jitter2s.py", line 317, in ?
    print "areas mean, stdev =", jt.mean(areas), jt.stdev(areas), "chi^2 mean, stdev =", jt.mean(chi2s), jt.stdev(chi2s)
  File "/home/mccann/bin/python/jt.py", line 8, in mean
    return s/float(len(xlist))
ZeroDivisionError: float division
