-bash: /root/.bashrc: Permission denied
0.137048210578
Now with jitter = 0.0
eigenvalues: 
-0.197841
0.699341
0.927267
1
1
1
1.00099
1.02768
2.54256
matrix forced pos-def by adding 0.200383 to diagonal
MnHesse: matrix is invalid!
MnHesse: matrix is not pos. def.!
MnHesse: matrix was forced pos. def.
FunctionMinimum is invalid.
Minuit failed because covariance is not accurate, and covariance is not positive definite.
areas mean, stdev =
Traceback (most recent call last):
  File "jitter/jitter2s.py", line 317, in ?
    print "areas mean, stdev =", jt.mean(areas), jt.stdev(areas), "chi^2 mean, stdev =", jt.mean(chi2s), jt.stdev(chi2s)
  File "/home/mccann/bin/python/jt.py", line 8, in mean
    return s/float(len(xlist))
ZeroDivisionError: float division
