0.552265683441
Now with jitter = 0.0
Minuit succeeded.
area = 5.76543040575 with chi^2 65.8532487801
areas mean, stdev = 5.76543040575 0.0 chi^2 mean, stdev = 65.8532487801 0.0
Now with jitter = 0.05
Minuit succeeded.
area = 5.77162357188 with chi^2 70.1286542046
Minuit succeeded.
area = 5.7765477374 with chi^2 69.398156402
Minuit succeeded.
area = 5.75635313275 with chi^2 73.3969966101
Minuit succeeded.
area = 5.75467224704 with chi^2 69.9134218066
Minuit succeeded.
area = 5.75921464031 with chi^2 62.6527976931
Minuit succeeded.
area = 5.77290238041 with chi^2 69.9467614061
eigenvalues: 
-0.121524
0.610632
0.922798
1
1
1
1.00073
1.13428
2.45309
matrix forced pos-def by adding 0.123977 to diagonal
MnHesse: matrix is invalid!
MnHesse: matrix is not pos. def.!
MnHesse: matrix was forced pos. def.
FunctionMinimum is invalid.
Minuit failed because covariance is not accurate, and covariance is not positive definite.
eigenvalues: 
-0.0169845
0.696918
0.927921
1
1
1
1.00032
1.0125
2.37933
matrix forced pos-def by adding 0.0193638 to diagonal
MnHesse: matrix is invalid!
MnHesse: matrix is not pos. def.!
MnHesse: matrix was forced pos. def.
FunctionMinimum is invalid.
Minuit failed because covariance is not accurate, and covariance is not positive definite.
Minuit succeeded.
area = 5.75243065103 with chi^2 64.2351889894
Minuit succeeded.
area = 5.77749241812 with chi^2 71.283549003
Minuit succeeded.
area = 5.7445068967 with chi^2 71.2959371327
Minuit succeeded.
area = 5.76465910815 with chi^2 68.8331675905
eigenvalues: 
-0.0373611
0.599913
0.923276
1
1
1
1.00062
1.06016
2.45338
matrix forced pos-def by adding 0.0398145 to diagonal
MnHesse: matrix is invalid!
MnHesse: matrix is not pos. def.!
MnHesse: matrix was forced pos. def.
FunctionMinimum is invalid.
Minuit failed because covariance is not accurate, and covariance is not positive definite.
Minuit succeeded.
area = 5.76196949219 with chi^2 64.2611502535
eigenvalues: 
-0.216945
0.617703
0.921611
1
1
1
1.00081
1.07675
2.60006
matrix forced pos-def by adding 0.219545 to diagonal
MnHesse: matrix is invalid!
MnHesse: matrix is not pos. def.!
MnHesse: matrix was forced pos. def.
FunctionMinimum is invalid.
Minuit failed because covariance is not accurate, and covariance is not positive definite.
Minuit succeeded.
area = 5.75429461726 with chi^2 63.2253417063
eigenvalues: 
-0.0882771
0.600353
0.924871
1
1
1
1.0011
1.12671
2.43524
matrix forced pos-def by adding 0.0907123 to diagonal
MnHesse: matrix is invalid!
MnHesse: matrix is not pos. def.!
MnHesse: matrix was forced pos. def.
FunctionMinimum is invalid.
Minuit failed because covariance is not accurate, and covariance is not positive definite.
Minuit succeeded.
area = 5.75359416281 with chi^2 67.8921126579
Minuit succeeded.
area = 5.75823476702 with chi^2 67.2268870438
Minuit succeeded.
area = 5.7677321386 with chi^2 67.0517649893
eigenvalues: 
-0.0904601
0.604367
0.922469
1
1
1
1.00063
1.06836
2.49463
matrix forced pos-def by adding 0.0929547 to diagonal
MnHesse: matrix is invalid!
MnHesse: matrix is not pos. def.!
MnHesse: matrix was forced pos. def.
FunctionMinimum is invalid.
Minuit failed because covariance is not accurate, and covariance is not positive definite.
Minuit succeeded.
area = 5.76275176468 with chi^2 66.3020205292
Minuit succeeded.
area = 5.77367904781 with chi^2 68.9658421746
Minuit succeeded.
area = 5.75773608489 with chi^2 66.9217519826
Minuit succeeded.
area = 5.76616549683 with chi^2 66.4219290967
Minuit succeeded.
area = 5.77388594722 with chi^2 69.6097861588
Minuit succeeded.
area = 5.76022138194 with chi^2 69.3121888029
Minuit succeeded.
area = 5.76109343544 with chi^2 63.2265801621
Minuit succeeded.
area = 5.76618075376 with chi^2 66.7919828457
Minuit succeeded.
area = 5.77741964986 with chi^2 68.8035194769
Minuit succeeded.
area = 5.77976970413 with chi^2 67.322411057
Minuit succeeded.
area = 5.76712705895 with chi^2 70.2426601117
eigenvalues: 
-0.0864846
0.755104
0.913907
1
1
1
1.00036
1.06154
2.35557
matrix forced pos-def by adding 0.0888402 to diagonal
MnHesse: matrix is invalid!
MnHesse: matrix is not pos. def.!
MnHesse: matrix was forced pos. def.
FunctionMinimum is invalid.
Minuit failed because covariance is not accurate, and covariance is not positive definite.
VariableMetricBuilder: no improvement
Minuit succeeded.
area = 5.76781321472 with chi^2 68.6625743733
Minuit succeeded.
area = 5.76477948724 with chi^2 66.8056612952
eigenvalues: 
-0.328782
0.601303
0.905659
1
1
1
1.00112
1.436
2.38471
matrix forced pos-def by adding 0.331167 to diagonal
MnHesse: matrix is invalid!
MnHesse: matrix is not pos. def.!
MnHesse: matrix was forced pos. def.
FunctionMinimum is invalid.
Minuit failed because covariance is not accurate, and covariance is not positive definite.
Minuit succeeded.
area = 5.75586935969 with chi^2 66.0550292542
Minuit succeeded.
area = 5.77423028748 with chi^2 68.3334919567
Minuit succeeded.
area = 5.75972329676 with chi^2 64.0756537113
Minuit succeeded.
area = 5.75413535264 with chi^2 64.4102925116
Minuit succeeded.
area = 5.75376714701 with chi^2 67.068599821
Minuit succeeded.
area = 5.77506062378 with chi^2 72.6789671429
Minuit succeeded.
area = 5.78466205852 with chi^2 67.2479340505
Minuit succeeded.
area = 5.75746615719 with chi^2 69.1279874979
Minuit succeeded.
area = 5.78689579575 with chi^2 62.4517804056
Minuit succeeded.
area = 5.77034281084 with chi^2 74.3300098137
Minuit succeeded.
area = 5.76539923182 with chi^2 69.2349629748
Minuit succeeded.
area = 5.76424473722 with chi^2 70.7530004367
Minuit succeeded.
area = 5.78298717486 with chi^2 67.6092644848
eigenvalues: 
-7.6942
0.683623
0.911814
1
1
1
1.00116
1.35972
9.73789
matrix forced pos-def by adding 7.70394 to diagonal
MnHesse: matrix is invalid!
MnHesse: matrix is not pos. def.!
MnHesse: matrix was forced pos. def.
FunctionMinimum is invalid.
Minuit failed because covariance is not accurate, and covariance is not positive definite.
Minuit succeeded.
area = 5.77034123666 with chi^2 70.5787135947
Minuit succeeded.
area = 5.77229669683 with chi^2 70.3121057214
Minuit succeeded.
area = 5.76698016397 with chi^2 69.0232081121
Minuit succeeded.
area = 5.76356299124 with chi^2 63.5034905739
Minuit succeeded.
area = 5.77106219307 with chi^2 64.7890432387
Minuit succeeded.
area = 5.76283586437 with chi^2 65.6677579008
Minuit succeeded.
area = 5.75127752574 with chi^2 69.0921126016
Minuit succeeded.
area = 5.77785283355 with chi^2 67.058992347
Minuit succeeded.
area = 5.76113031864 with chi^2 70.8125952117
Minuit succeeded.
area = 5.75667460078 with chi^2 65.7473022405
Minuit succeeded.
area = 5.75355951104 with chi^2 68.6519309943
Minuit succeeded.
area = 5.76832522183 with chi^2 68.9650954842
Minuit succeeded.
area = 5.75595571303 with chi^2 70.0012632998
Minuit succeeded.
area = 5.75432940096 with chi^2 68.7078932786
Minuit succeeded.
area = 5.77125875241 with chi^2 64.9051862087
Minuit succeeded.
area = 5.75744695665 with chi^2 68.522538545
Minuit succeeded.
area = 5.75994494907 with chi^2 66.4040322546
Minuit succeeded.
area = 5.77223493185 with chi^2 64.7933110241
Minuit succeeded.
area = 5.76358525445 with chi^2 64.7427981025
Minuit succeeded.
area = 5.75003930352 with chi^2 65.795409811
Minuit succeeded.
area = 5.76806559145 with chi^2 68.6994748716
Minuit succeeded.
area = 5.76454779078 with chi^2 66.2699580494
Minuit succeeded.
area = 5.78127058104 with chi^2 64.2449380428
eigenvalues: 
-0.1395
0.655296
0.92983
1
1
1
1.00109
1.02684
2.52645
matrix forced pos-def by adding 0.142027 to diagonal
MnHesse: matrix is invalid!
MnHesse: matrix is not pos. def.!
MnHesse: matrix was forced pos. def.
FunctionMinimum is invalid.
Minuit failed because covariance is not accurate, and covariance is not positive definite.
Minuit succeeded.
area = 5.77290336147 with chi^2 64.2814062348
VariableMetricBuilder: matrix not pos.def.
gdel > 0: 0.00156336
negative or zero diagonal element 2 in covariance matrix
negative or zero diagonal element 3 in covariance matrix
negative or zero diagonal element 5 in covariance matrix
negative or zero diagonal element 6 in covariance matrix
negative or zero diagonal element 7 in covariance matrix
added 1.07819 to diagonal of error matrix
gdel: 0.00156336
Minuit succeeded.
area = 5.77243043103 with chi^2 64.3963106097
Minuit succeeded.
area = 5.77556937991 with chi^2 71.3154446277
Minuit succeeded.
area = 5.773988882 with chi^2 68.1787328005
VariableMetricBuilder: no improvement
Minuit succeeded.
area = 5.76202473252 with chi^2 62.1220812603
eigenvalues: 
-0.134901
0.599016
0.92149
1
1
1
1.00083
1.08597
2.5276
matrix forced pos-def by adding 0.137429 to diagonal
MnHesse: matrix is invalid!
MnHesse: matrix is not pos. def.!
MnHesse: matrix was forced pos. def.
FunctionMinimum is invalid.
Minuit failed because covariance is not accurate, and covariance is not positive definite.
Minuit succeeded.
area = 5.78643811254 with chi^2 72.9155746767
Minuit succeeded.
area = 5.77654335012 with chi^2 68.4219470372
eigenvalues: 
-0.131683
0.580288
0.914617
1
1
1
1.00086
1.24274
2.39317
matrix forced pos-def by adding 0.134077 to diagonal
MnHesse: matrix is invalid!
MnHesse: matrix is not pos. def.!
MnHesse: matrix was forced pos. def.
FunctionMinimum is invalid.
Minuit failed because covariance is not accurate, and covariance is not positive definite.
Minuit succeeded.
area = 5.77792645791 with chi^2 65.1415604448
Minuit succeeded.
area = 5.75884431989 with chi^2 67.8960107148
Minuit succeeded.
area = 5.76467587295 with chi^2 68.5038431598
Minuit succeeded.
area = 5.7597144406 with chi^2 69.9955104404
Minuit succeeded.
area = 5.77699408948 with chi^2 62.8304726524
Minuit succeeded.
area = 5.7696951937 with chi^2 66.3750771844
Minuit succeeded.
area = 5.78119436619 with chi^2 69.2304689539
VariableMetricBuilder: matrix not pos.def.
gdel > 0: 7.60507e-07
negative or zero diagonal element 1 in covariance matrix
negative or zero diagonal element 2 in covariance matrix
added 1.00013 to diagonal of error matrix
gdel: 7.60507e-07
Minuit succeeded.
area = 5.77334011329 with chi^2 70.1419279405
Minuit succeeded.
area = 5.76541809353 with chi^2 68.9018975037
eigenvalues: 
-0.36176
0.572508
0.91972
1
1
1
1.00078
1.21554
2.65321
matrix forced pos-def by adding 0.364413 to diagonal
MnHesse: matrix is invalid!
MnHesse: matrix is not pos. def.!
MnHesse: matrix was forced pos. def.
FunctionMinimum is invalid.
Minuit failed because covariance is not accurate, and covariance is not positive definite.
Minuit succeeded.
area = 5.75442419425 with chi^2 69.453606248
Minuit succeeded.
area = 5.76479032389 with chi^2 68.4490797684
Minuit succeeded.
area = 5.76479008816 with chi^2 69.2294442016
Minuit succeeded.
area = 5.77024776019 with chi^2 69.4762222283
Minuit succeeded.
area = 5.76742323681 with chi^2 66.7144701585
Minuit succeeded.
area = 5.76984477888 with chi^2 68.3292446358
Minuit succeeded.
area = 5.76383914424 with chi^2 65.8192295412
areas mean, stdev = 5.76629050723 0.00909592862074 chi^2 mean, stdev = 67.6886952201 2.63171805419
Now with jitter = 0.07
Minuit succeeded.
area = 5.77379624527 with chi^2 72.4822815397
Minuit succeeded.
area = 5.76240148729 with chi^2 74.0235663774
Minuit succeeded.
area = 5.77110279906 with chi^2 69.2291911156
Minuit succeeded.
area = 5.77094472498 with chi^2 78.1878953655
Minuit succeeded.
area = 5.76370206118 with chi^2 65.0161268992
Minuit succeeded.
area = 5.76996821736 with chi^2 62.9141967596
Minuit succeeded.
area = 5.77330336046 with chi^2 74.3435527361
Minuit succeeded.
area = 5.76272639763 with chi^2 66.3078058667
Minuit succeeded.
area = 5.77960332287 with chi^2 69.0515593189
eigenvalues: 
-0.0737555
0.589316
0.921325
1
1
1
1.00066
1.08049
2.48196
matrix forced pos-def by adding 0.0762375 to diagonal
MnHesse: matrix is invalid!
MnHesse: matrix is not pos. def.!
MnHesse: matrix was forced pos. def.
FunctionMinimum is invalid.
Minuit failed because covariance is not accurate, and covariance is not positive definite.
Minuit succeeded.
area = 5.76926235541 with chi^2 71.1913417757
Minuit succeeded.
area = 5.7654930415 with chi^2 71.803128596
Minuit succeeded.
area = 5.76864745201 with chi^2 73.7630005786
Minuit succeeded.
area = 5.78364045975 with chi^2 65.7570423996
Minuit succeeded.
area = 5.78728709762 with chi^2 69.7959761596
Minuit succeeded.
area = 5.79272084266 with chi^2 55.6308616036
Minuit succeeded.
area = 5.75565971711 with chi^2 66.7711190725
Minuit succeeded.
area = 5.78755042409 with chi^2 67.8114629789
eigenvalues: 
-0.318327
0.566878
0.932048
1
1
1
1.00094
1.07387
2.7446
matrix forced pos-def by adding 0.321072 to diagonal
MnHesse: matrix is invalid!
MnHesse: matrix is not pos. def.!
MnHesse: matrix was forced pos. def.
FunctionMinimum is invalid.
Minuit failed because covariance is not accurate, and covariance is not positive definite.
Minuit succeeded.
area = 5.75643270794 with chi^2 66.1941915675
Minuit succeeded.
area = 5.77275712272 with chi^2 65.983343741
VariableMetricBuilder: no improvement
Minuit succeeded.
area = 5.75128201232 with chi^2 65.3663399181
Minuit succeeded.
area = 5.74715763267 with chi^2 69.9744507216
Minuit succeeded.
area = 5.75774392337 with chi^2 75.0972144777
Minuit succeeded.
area = 5.7731313615 with chi^2 71.8217928037
Minuit succeeded.
area = 5.78209755947 with chi^2 76.6202866175
Minuit succeeded.
area = 5.75688480035 with chi^2 69.0719142195
Minuit succeeded.
area = 5.79020603459 with chi^2 67.9069408462
eigenvalues: 
-0.255314
0.677679
0.93145
1
1
1
1.00107
1.00571
2.63941
matrix forced pos-def by adding 0.257954 to diagonal
MnHesse: matrix is invalid!
MnHesse: matrix is not pos. def.!
MnHesse: matrix was forced pos. def.
FunctionMinimum is invalid.
Minuit failed because covariance is not accurate, and covariance is not positive definite.
eigenvalues: 
-0.108633
0.631056
0.911778
1
1
1
1.00056
1.24424
2.321
matrix forced pos-def by adding 0.110954 to diagonal
MnHesse: matrix is invalid!
MnHesse: matrix is not pos. def.!
MnHesse: matrix was forced pos. def.
FunctionMinimum is invalid.
Minuit failed because covariance is not accurate, and covariance is not positive definite.
Minuit succeeded.
area = 5.77080575187 with chi^2 78.5452315396
Minuit succeeded.
area = 5.75479653708 with chi^2 76.4105063947
eigenvalues: 
-0.0120314
0.561945
0.914847
1
1
1
1.00107
1.341
2.19317
matrix forced pos-def by adding 0.0142246 to diagonal
MnHesse: matrix is invalid!
MnHesse: matrix is not pos. def.!
MnHesse: matrix was forced pos. def.
FunctionMinimum is invalid.
Minuit failed because covariance is not accurate, and covariance is not positive definite.
Minuit succeeded.
area = 5.771370636 with chi^2 67.6062100919
Minuit succeeded.
area = 5.76334021973 with chi^2 77.1416334577
Minuit succeeded.
area = 5.76464220757 with chi^2 73.5931378797
eigenvalues: 
-0.192147
0.595373
0.912154
1
1
1
1.00058
1.32576
2.35828
matrix forced pos-def by adding 0.194505 to diagonal
MnHesse: matrix is invalid!
MnHesse: matrix is not pos. def.!
MnHesse: matrix was forced pos. def.
FunctionMinimum is invalid.
Minuit failed because covariance is not accurate, and covariance is not positive definite.
Minuit succeeded.
area = 5.75447752886 with chi^2 75.2554415814
Minuit succeeded.
area = 5.77930832998 with chi^2 65.3294658071
Minuit succeeded.
area = 5.77006475891 with chi^2 74.311573315
Minuit succeeded.
area = 5.74997167564 with chi^2 70.098129337
Minuit succeeded.
area = 5.76679787277 with chi^2 74.5075034599
Minuit succeeded.
area = 5.783376137 with chi^2 73.3003583369
Minuit succeeded.
area = 5.76721942258 with chi^2 67.4105293064
Minuit succeeded.
area = 5.74385604102 with chi^2 68.6962904505
Minuit succeeded.
area = 5.75602576581 with chi^2 69.0306894396
Minuit succeeded.
area = 5.78177939999 with chi^2 70.415612856
eigenvalues: 
-1.05796
0.597137
0.911898
1
1
1
1.00058
1.37009
3.17824
matrix forced pos-def by adding 1.06114 to diagonal
MnHesse: matrix is invalid!
MnHesse: matrix is not pos. def.!
MnHesse: matrix was forced pos. def.
FunctionMinimum is invalid.
Minuit failed because covariance is not accurate, and covariance is not positive definite.
Minuit succeeded.
area = 5.79638167936 with chi^2 77.9167045684
Minuit succeeded.
area = 5.76864866756 with chi^2 71.6106278675
Minuit succeeded.
area = 5.74973449596 with chi^2 68.1027853139
Minuit succeeded.
area = 5.77576803141 with chi^2 65.9120417649
Minuit succeeded.
area = 5.75237235057 with chi^2 70.8485743725
Minuit succeeded.
area = 5.76970328032 with chi^2 72.3607819594
Minuit succeeded.
area = 5.787247016 with chi^2 72.1715932889
Minuit succeeded.
area = 5.76982611432 with chi^2 70.3398277756
Minuit succeeded.
area = 5.77859443736 with chi^2 65.2745668024
Minuit succeeded.
area = 5.78204460034 with chi^2 61.3592187814
Minuit succeeded.
area = 5.7835878601 with chi^2 71.7897935978
eigenvalues: 
-0.179796
0.602468
0.922802
1
1
1
1.00055
1.05873
2.59524
matrix forced pos-def by adding 0.182392 to diagonal
MnHesse: matrix is invalid!
MnHesse: matrix is not pos. def.!
MnHesse: matrix was forced pos. def.
FunctionMinimum is invalid.
Minuit failed because covariance is not accurate, and covariance is not positive definite.
Minuit succeeded.
area = 5.75575357063 with chi^2 72.8308649472
Minuit succeeded.
area = 5.77270241954 with chi^2 73.2935845145
Minuit succeeded.
area = 5.77760476096 with chi^2 71.6089709796
Minuit succeeded.
area = 5.76587120964 with chi^2 64.4673195722
Minuit succeeded.
area = 5.75664782545 with chi^2 70.7634665838
Minuit succeeded.
area = 5.7742651864 with chi^2 71.7608537691
Minuit succeeded.
area = 5.75575515297 with chi^2 67.7881755452
eigenvalues: 
-0.0361778
0.594624
0.916681
1
1
1
1.00091
1.15922
2.36473
matrix forced pos-def by adding 0.0385426 to diagonal
MnHesse: matrix is invalid!
MnHesse: matrix is not pos. def.!
MnHesse: matrix was forced pos. def.
FunctionMinimum is invalid.
Minuit failed because covariance is not accurate, and covariance is not positive definite.
Minuit succeeded.
area = 5.7286175453 with chi^2 72.0810354449
VariableMetricBuilder: matrix not pos.def.
gdel > 0: 4.51053e-05
negative or zero diagonal element 0 in covariance matrix
negative or zero diagonal element 1 in covariance matrix
negative or zero diagonal element 2 in covariance matrix
added 1.00047 to diagonal of error matrix
gdel: 4.51053e-05
Minuit succeeded.
area = 5.76032443146 with chi^2 69.7437297316
Minuit succeeded.
area = 5.77797536051 with chi^2 62.4082009474
Minuit succeeded.
area = 5.77089190697 with chi^2 66.414846738
Minuit succeeded.
area = 5.77400910404 with chi^2 71.7523479186
Minuit succeeded.
area = 5.77487042134 with chi^2 63.4140146337
Minuit succeeded.
area = 5.76639969649 with chi^2 64.8926119795
Minuit succeeded.
area = 5.74991413328 with chi^2 74.672623212
Minuit succeeded.
area = 5.77667498207 with chi^2 73.7928889991
Minuit succeeded.
area = 5.76376420257 with chi^2 67.5519554111
Minuit succeeded.
area = 5.77446842947 with chi^2 75.4125956861
Minuit succeeded.
area = 5.7601874153 with chi^2 76.3948453793
eigenvalues: 
-0.0672731
0.578228
0.923443
1
1
1
1.0009
1.08101
2.48369
matrix forced pos-def by adding 0.0697568 to diagonal
MnHesse: matrix is invalid!
MnHesse: matrix is not pos. def.!
MnHesse: matrix was forced pos. def.
FunctionMinimum is invalid.
Minuit failed because covariance is not accurate, and covariance is not positive definite.
eigenvalues: 
-0.167217
0.555673
0.918537
1
1
1
1.0007
1.16731
2.52499
matrix forced pos-def by adding 0.169742 to diagonal
MnHesse: matrix is invalid!
MnHesse: matrix is not pos. def.!
MnHesse: matrix was forced pos. def.
FunctionMinimum is invalid.
Minuit failed because covariance is not accurate, and covariance is not positive definite.
Minuit succeeded.
area = 5.76956123524 with chi^2 66.5958246651
Minuit succeeded.
area = 5.76979780067 with chi^2 68.0443362069
eigenvalues: 
-0.471184
0.778586
0.90887
1
1
1
1.00077
1.38215
2.40081
matrix forced pos-def by adding 0.473585 to diagonal
MnHesse: matrix is invalid!
MnHesse: matrix is not pos. def.!
MnHesse: matrix was forced pos. def.
FunctionMinimum is invalid.
Minuit failed because covariance is not accurate, and covariance is not positive definite.
eigenvalues: 
-0.0645194
0.754374
0.913996
1
1
1
1.00121
1.08822
2.30672
matrix forced pos-def by adding 0.0668261 to diagonal
MnHesse: matrix is invalid!
MnHesse: matrix is not pos. def.!
MnHesse: matrix was forced pos. def.
FunctionMinimum is invalid.
Minuit failed because covariance is not accurate, and covariance is not positive definite.
eigenvalues: 
-0.181429
0.685889
0.923365
1
1
1
1.00036
1.02755
2.54427
matrix forced pos-def by adding 0.183973 to diagonal
MnHesse: matrix is invalid!
MnHesse: matrix is not pos. def.!
MnHesse: matrix was forced pos. def.
FunctionMinimum is invalid.
Minuit failed because covariance is not accurate, and covariance is not positive definite.
Minuit succeeded.
area = 5.76530582371 with chi^2 67.8017838889
Minuit succeeded.
area = 5.78436018147 with chi^2 68.9746066697
Minuit succeeded.
area = 5.7923405163 with chi^2 63.3409174799
Minuit succeeded.
area = 5.77463207593 with chi^2 76.1112581811
Minuit succeeded.
area = 5.75521633182 with chi^2 77.4065419343
Minuit succeeded.
area = 5.75398500526 with chi^2 73.6182432463
VariableMetricBuilder: no improvement
Minuit succeeded.
area = 5.78179816426 with chi^2 65.6654976322
Minuit succeeded.
area = 5.75971259064 with chi^2 68.8236268801
Minuit succeeded.
area = 5.78079473853 with chi^2 71.2338302246
Minuit succeeded.
area = 5.78788145829 with chi^2 69.8596555345
Minuit succeeded.
area = 5.77561948316 with chi^2 62.127105753
eigenvalues: 
-0.018625
0.571259
0.917961
1
1
1
1.00081
1.17987
2.34872
matrix forced pos-def by adding 0.0209737 to diagonal
MnHesse: matrix is invalid!
MnHesse: matrix is not pos. def.!
MnHesse: matrix was forced pos. def.
FunctionMinimum is invalid.
Minuit failed because covariance is not accurate, and covariance is not positive definite.
Minuit succeeded.
area = 5.75513113831 with chi^2 73.9727286281
areas mean, stdev = 5.76894209738 0.0125723079916 chi^2 mean, stdev = 70.0714859096 4.4289298457
