0.289349775891
Now with jitter = 0.0
Minuit succeeded.
area = 5.71447171324 with chi^2 49.2951589124
areas mean, stdev = 5.71447171324 0.0 chi^2 mean, stdev = 49.2951589124 0.0
Now with jitter = 0.05
VariableMetricBuilder: matrix not pos.def.
gdel > 0: 0.000414895
negative or zero diagonal element 1 in covariance matrix
negative or zero diagonal element 2 in covariance matrix
negative or zero diagonal element 6 in covariance matrix
negative or zero diagonal element 7 in covariance matrix
added 1.00769 to diagonal of error matrix
gdel: 0.000414895
Minuit succeeded.
area = 5.72176826594 with chi^2 49.4088204997
Minuit succeeded.
area = 5.72021112912 with chi^2 49.644471349
Minuit succeeded.
area = 5.7277795549 with chi^2 51.2711068739
eigenvalues: 
-0.560035
0.525776
0.917537
1
1
1
1.00072
1.15733
2.95868
matrix forced pos-def by adding 0.562994 to diagonal
MnHesse: matrix is invalid!
MnHesse: matrix is not pos. def.!
MnHesse: matrix was forced pos. def.
FunctionMinimum is invalid.
Minuit failed because covariance is not accurate, and covariance is not positive definite.
Minuit succeeded.
area = 5.7333004918 with chi^2 57.3157706131
eigenvalues: 
-0.315206
0.746591
0.912416
1
1
1
1.00105
1.09514
2.56001
matrix forced pos-def by adding 0.317766 to diagonal
MnHesse: matrix is invalid!
MnHesse: matrix is not pos. def.!
MnHesse: matrix was forced pos. def.
FunctionMinimum is invalid.
Minuit failed because covariance is not accurate, and covariance is not positive definite.
Minuit succeeded.
area = 5.71758819885 with chi^2 50.5221691699
eigenvalues: 
-0.00877046
0.667523
0.931203
1
1
1
1.00112
1.01809
2.39083
matrix forced pos-def by adding 0.0111613 to diagonal
MnHesse: matrix is invalid!
MnHesse: matrix is not pos. def.!
MnHesse: matrix was forced pos. def.
FunctionMinimum is invalid.
Minuit failed because covariance is not accurate, and covariance is not positive definite.
Minuit succeeded.
area = 5.71156444696 with chi^2 54.5817845814
eigenvalues: 
-0.0762669
0.566817
0.91996
1
1
1
1.00055
1.08732
2.50162
matrix forced pos-def by adding 0.0787685 to diagonal
MnHesse: matrix is invalid!
MnHesse: matrix is not pos. def.!
MnHesse: matrix was forced pos. def.
FunctionMinimum is invalid.
Minuit failed because covariance is not accurate, and covariance is not positive definite.
Minuit succeeded.
area = 5.72520094515 with chi^2 51.5118968186
VariableMetricBuilder: no improvement
Minuit succeeded.
area = 5.7130872887 with chi^2 47.7985435651
Minuit succeeded.
area = 5.71563466474 with chi^2 53.0324809332
Minuit succeeded.
area = 5.72183553116 with chi^2 52.8159541694
VariableMetricBuilder: no improvement
Minuit succeeded.
area = 5.71965598107 with chi^2 52.7416789823
Minuit succeeded.
area = 5.7125658306 with chi^2 52.7765860682
Minuit succeeded.
area = 5.72747457501 with chi^2 50.461998456
Minuit succeeded.
area = 5.71443919405 with chi^2 57.7215043976
Minuit succeeded.
area = 5.70670770873 with chi^2 49.8402370607
Minuit succeeded.
area = 5.69975949659 with chi^2 47.9988106344
Minuit succeeded.
area = 5.7087266881 with chi^2 53.5009821612
VariableMetricBuilder: matrix not pos.def.
gdel > 0: 5.60567e-05
negative or zero diagonal element 1 in covariance matrix
negative or zero diagonal element 2 in covariance matrix
added 1.00001 to diagonal of error matrix
gdel: 5.60567e-05
Minuit succeeded.
area = 5.72191999262 with chi^2 52.709142446
Minuit succeeded.
area = 5.7072914865 with chi^2 51.6506561229
Minuit succeeded.
area = 5.71442424474 with chi^2 53.0291256603
Minuit succeeded.
area = 5.70631794452 with chi^2 49.3276749816
Minuit succeeded.
area = 5.72549896142 with chi^2 47.5320703006
Minuit succeeded.
area = 5.70501791986 with chi^2 50.9155492268
eigenvalues: 
-0.00242689
0.636019
0.926815
1
1
1
1.00079
1.03696
2.40184
matrix forced pos-def by adding 0.00482874 to diagonal
MnHesse: matrix is invalid!
MnHesse: matrix is not pos. def.!
MnHesse: matrix was forced pos. def.
FunctionMinimum is invalid.
Minuit failed because covariance is not accurate, and covariance is not positive definite.
Minuit succeeded.
area = 5.7087037748 with chi^2 49.3750680207
Minuit succeeded.
area = 5.70002777162 with chi^2 53.9993042988
Minuit succeeded.
area = 5.71284857532 with chi^2 49.802707001
Minuit succeeded.
area = 5.70979223091 with chi^2 53.0896114427
Minuit succeeded.
area = 5.69330740794 with chi^2 56.2993685367
Minuit succeeded.
area = 5.72609091751 with chi^2 47.9335603078
eigenvalues: 
-0.151473
0.554427
0.921561
1
1
1
1.0006
1.1008
2.57409
matrix forced pos-def by adding 0.154047 to diagonal
MnHesse: matrix is invalid!
MnHesse: matrix is not pos. def.!
MnHesse: matrix was forced pos. def.
FunctionMinimum is invalid.
Minuit failed because covariance is not accurate, and covariance is not positive definite.
Minuit succeeded.
area = 5.72684620128 with chi^2 52.7516993051
Minuit succeeded.
area = 5.7247865756 with chi^2 49.3146157517
eigenvalues: 
-0.0315969
0.688578
0.928756
1
1
1
1.00045
1.00765
2.40617
matrix forced pos-def by adding 0.0340031 to diagonal
MnHesse: matrix is invalid!
MnHesse: matrix is not pos. def.!
MnHesse: matrix was forced pos. def.
FunctionMinimum is invalid.
Minuit failed because covariance is not accurate, and covariance is not positive definite.
Minuit succeeded.
area = 5.7120098209 with chi^2 48.9077541163
VariableMetricBuilder: no improvement
Minuit succeeded.
area = 5.71135777942 with chi^2 53.9565747271
Minuit succeeded.
area = 5.71563590824 with chi^2 53.2934989764
Minuit succeeded.
area = 5.70850908114 with chi^2 50.0718556471
Minuit succeeded.
area = 5.71132443822 with chi^2 53.4895089347
Minuit succeeded.
area = 5.69979910537 with chi^2 50.4471646455
Minuit succeeded.
area = 5.71824202575 with chi^2 52.0193517119
Minuit succeeded.
area = 5.70854776387 with chi^2 51.2405863705
Minuit succeeded.
area = 5.72459783149 with chi^2 54.8850788707
eigenvalues: 
-0.211136
0.544246
0.919124
1
1
1
1.00058
1.17614
2.57104
matrix forced pos-def by adding 0.213707 to diagonal
MnHesse: matrix is invalid!
MnHesse: matrix is not pos. def.!
MnHesse: matrix was forced pos. def.
FunctionMinimum is invalid.
Minuit failed because covariance is not accurate, and covariance is not positive definite.
eigenvalues: 
-1.65641
0.745561
0.90929
1
1
1
1.00037
1.08092
3.92028
matrix forced pos-def by adding 1.66033 to diagonal
MnHesse: matrix is invalid!
MnHesse: matrix is not pos. def.!
MnHesse: matrix was forced pos. def.
FunctionMinimum is invalid.
Minuit failed because covariance is not accurate, and covariance is not positive definite.
eigenvalues: 
-0.0163184
0.658449
0.930423
1
1
1
1.00108
1.0225
2.40387
matrix forced pos-def by adding 0.0187223 to diagonal
MnHesse: matrix is invalid!
MnHesse: matrix is not pos. def.!
MnHesse: matrix was forced pos. def.
FunctionMinimum is invalid.
Minuit failed because covariance is not accurate, and covariance is not positive definite.
Minuit succeeded.
area = 5.70748080648 with chi^2 47.7122862233
eigenvalues: 
-0.135624
0.688999
0.909157
1
1
1
1.00097
1.42782
2.10867
matrix forced pos-def by adding 0.137732 to diagonal
MnHesse: matrix is invalid!
MnHesse: matrix is not pos. def.!
MnHesse: matrix was forced pos. def.
FunctionMinimum is invalid.
Minuit failed because covariance is not accurate, and covariance is not positive definite.
Minuit succeeded.
area = 5.72714856737 with chi^2 49.9428071668
VariableMetricBuilder: no improvement
Minuit succeeded.
area = 5.72229636209 with chi^2 49.1446541619
Minuit succeeded.
area = 5.72464823106 with chi^2 46.6111421304
Minuit succeeded.
area = 5.69536946197 with chi^2 52.1988807871
Minuit succeeded.
area = 5.71324503383 with chi^2 53.5022660912
Minuit succeeded.
area = 5.70915605347 with chi^2 55.1273913871
eigenvalues: 
-3.88059
0.636832
0.911885
1
1
1
1.00097
1.62872
5.70218
matrix forced pos-def by adding 3.88629 to diagonal
MnHesse: matrix is invalid!
MnHesse: matrix is not pos. def.!
MnHesse: matrix was forced pos. def.
FunctionMinimum is invalid.
Minuit failed because covariance is not accurate, and covariance is not positive definite.
Minuit succeeded.
area = 5.72541498997 with chi^2 53.5266839746
eigenvalues: 
-0.321131
0.658469
0.927459
1
1
1
1.00039
1.0115
2.72331
matrix forced pos-def by adding 0.323854 to diagonal
MnHesse: matrix is invalid!
MnHesse: matrix is not pos. def.!
MnHesse: matrix was forced pos. def.
FunctionMinimum is invalid.
Minuit failed because covariance is not accurate, and covariance is not positive definite.
eigenvalues: 
-0.0399086
0.714198
0.908891
1
1
1
1.00096
1.38342
2.03244
matrix forced pos-def by adding 0.0419411 to diagonal
MnHesse: matrix is invalid!
MnHesse: matrix is not pos. def.!
MnHesse: matrix was forced pos. def.
FunctionMinimum is invalid.
Minuit failed because covariance is not accurate, and covariance is not positive definite.
Minuit succeeded.
area = 5.7127129975 with chi^2 50.4049115949
Minuit succeeded.
area = 5.71281771525 with chi^2 56.223406954
eigenvalues: 
-0.166499
0.730474
0.910679
1
1
1
1.001
1.30134
2.22301
matrix forced pos-def by adding 0.168722 to diagonal
MnHesse: matrix is invalid!
MnHesse: matrix is not pos. def.!
MnHesse: matrix was forced pos. def.
FunctionMinimum is invalid.
Minuit failed because covariance is not accurate, and covariance is not positive definite.
Minuit succeeded.
area = 5.71811123743 with chi^2 46.581957779
Minuit succeeded.
area = 5.72844989109 with chi^2 51.0022902621
Minuit succeeded.
area = 5.72660745212 with chi^2 47.8186176371
VariableMetricBuilder: matrix not pos.def.
gdel > 0: 7.25117e-05
negative or zero diagonal element 0 in covariance matrix
negative or zero diagonal element 1 in covariance matrix
negative or zero diagonal element 2 in covariance matrix
added 1.00124 to diagonal of error matrix
gdel: 7.25117e-05
Minuit succeeded.
area = 5.71380795637 with chi^2 51.5401940873
Minuit succeeded.
area = 5.7181658343 with chi^2 46.0135425592
eigenvalues: 
-0.118367
0.548727
0.917843
1
1
1
1.00096
1.26498
2.38586
matrix forced pos-def by adding 0.120752 to diagonal
MnHesse: matrix is invalid!
MnHesse: matrix is not pos. def.!
MnHesse: matrix was forced pos. def.
FunctionMinimum is invalid.
Minuit failed because covariance is not accurate, and covariance is not positive definite.
Minuit succeeded.
area = 5.7245126531 with chi^2 49.4084011669
VariableMetricBuilder: matrix not pos.def.
gdel > 0: 1.76381e-05
negative or zero diagonal element 2 in covariance matrix
added 1 to diagonal of error matrix
gdel: 1.76381e-05
Minuit succeeded.
area = 5.72529419291 with chi^2 49.1524278625
VariableMetricBuilder: no improvement
Minuit succeeded.
area = 5.71704601508 with chi^2 49.486758505
Minuit succeeded.
area = 5.69858911323 with chi^2 52.873920372
eigenvalues: 
-0.0926371
0.693951
0.927776
1
1
1
1.0002
1.00983
2.46088
matrix forced pos-def by adding 0.0950979 to diagonal
MnHesse: matrix is invalid!
MnHesse: matrix is not pos. def.!
MnHesse: matrix was forced pos. def.
FunctionMinimum is invalid.
Minuit failed because covariance is not accurate, and covariance is not positive definite.
Minuit succeeded.
area = 5.72326649406 with chi^2 51.0268253602
Minuit succeeded.
area = 5.72707528244 with chi^2 49.2959946805
Minuit succeeded.
area = 5.71214084714 with chi^2 53.1393211167
eigenvalues: 
-0.00486186
0.688291
0.912421
1
1
1
1.00109
1.19085
2.2122
matrix forced pos-def by adding 0.00707406 to diagonal
MnHesse: matrix is invalid!
MnHesse: matrix is not pos. def.!
MnHesse: matrix was forced pos. def.
FunctionMinimum is invalid.
Minuit failed because covariance is not accurate, and covariance is not positive definite.
eigenvalues: 
-0.274877
0.668603
0.91012
1
1
1
1.00101
1.334
2.36114
matrix forced pos-def by adding 0.277238 to diagonal
MnHesse: matrix is invalid!
MnHesse: matrix is not pos. def.!
MnHesse: matrix was forced pos. def.
FunctionMinimum is invalid.
Minuit failed because covariance is not accurate, and covariance is not positive definite.
eigenvalues: 
-0.369336
0.651907
0.912077
1
1
1
1.00101
1.48424
2.3201
matrix forced pos-def by adding 0.371656 to diagonal
MnHesse: matrix is invalid!
MnHesse: matrix is not pos. def.!
MnHesse: matrix was forced pos. def.
FunctionMinimum is invalid.
Minuit failed because covariance is not accurate, and covariance is not positive definite.
Minuit succeeded.
area = 5.7145619432 with chi^2 48.7629884257
VariableMetricBuilder: no improvement
Minuit succeeded.
area = 5.71496641723 with chi^2 51.6544750829
VariableMetricBuilder: no improvement
Minuit succeeded.
area = 5.69606187888 with chi^2 51.4454006789
Minuit succeeded.
area = 5.71538257106 with chi^2 52.5559913055
Minuit succeeded.
area = 5.71051397406 with chi^2 48.14660622
Minuit succeeded.
area = 5.71231300201 with chi^2 52.9753703097
Minuit succeeded.
area = 5.73771880747 with chi^2 51.3798839543
Minuit succeeded.
area = 5.71039268876 with chi^2 49.9273260473
Minuit succeeded.
area = 5.71929609117 with chi^2 55.5787115422
Minuit succeeded.
area = 5.71798474339 with chi^2 51.9468459243
Minuit succeeded.
area = 5.7266897876 with chi^2 49.4652714658
Minuit succeeded.
area = 5.73075620982 with chi^2 50.2537708208
Minuit succeeded.
area = 5.71669067684 with chi^2 52.9054549558
Minuit succeeded.
area = 5.71791063052 with chi^2 48.7917125563
VariableMetricBuilder: matrix not pos.def.
gdel > 0: 1.63095e-05
negative or zero diagonal element 0 in covariance matrix
negative or zero diagonal element 1 in covariance matrix
negative or zero diagonal element 2 in covariance matrix
added 1.0002 to diagonal of error matrix
gdel: 1.63095e-05
Minuit succeeded.
area = 5.70761502175 with chi^2 50.4931333191
Minuit succeeded.
area = 5.7226626429 with chi^2 50.6404870007
Minuit succeeded.
area = 5.73068654499 with chi^2 53.5973518702
Minuit succeeded.
area = 5.71101410459 with chi^2 47.3591971528
areas mean, stdev = 5.71608465844 0.00921216860117 chi^2 mean, stdev = 51.2325123029 2.51694347586
Now with jitter = 0.07
Minuit succeeded.
area = 5.69668209683 with chi^2 52.5193612595
VariableMetricBuilder: matrix not pos.def.
gdel > 0: 6.91902e-05
negative or zero diagonal element 0 in covariance matrix
negative or zero diagonal element 1 in covariance matrix
negative or zero diagonal element 2 in covariance matrix
added 1.00065 to diagonal of error matrix
gdel: 6.91902e-05
Minuit succeeded.
area = 5.70266275633 with chi^2 53.1819889427
Minuit succeeded.
area = 5.71372832815 with chi^2 52.5385356683
Minuit succeeded.
area = 5.71697901966 with chi^2 65.0429979031
Minuit succeeded.
area = 5.70755986523 with chi^2 62.6438046827
eigenvalues: 
-0.940715
0.53309
0.919714
1
1
1
1.00112
1.26411
3.22269
matrix forced pos-def by adding 0.943938 to diagonal
MnHesse: matrix is invalid!
MnHesse: matrix is not pos. def.!
MnHesse: matrix was forced pos. def.
FunctionMinimum is invalid.
Minuit failed because covariance is not accurate, and covariance is not positive definite.
Minuit succeeded.
area = 5.70898379691 with chi^2 54.6006755585
eigenvalues: 
-0.00620548
0.710866
0.922734
1
1
1
1.00057
1.0229
2.34913
matrix forced pos-def by adding 0.00855461 to diagonal
MnHesse: matrix is invalid!
MnHesse: matrix is not pos. def.!
MnHesse: matrix was forced pos. def.
FunctionMinimum is invalid.
Minuit failed because covariance is not accurate, and covariance is not positive definite.
eigenvalues: 
-0.0904532
0.695126
0.928187
1
1
1
1.00026
1.00989
2.45699
matrix forced pos-def by adding 0.0929102 to diagonal
MnHesse: matrix is invalid!
MnHesse: matrix is not pos. def.!
MnHesse: matrix was forced pos. def.
FunctionMinimum is invalid.
Minuit failed because covariance is not accurate, and covariance is not positive definite.
Minuit succeeded.
area = 5.70388452179 with chi^2 50.9594069118
Minuit succeeded.
area = 5.73263841543 with chi^2 51.7958896898
VariableMetricBuilder: no improvement
VariableMetricBuilder: finishes without convergence.
VariableMetricBuilder: edm= 0.000114514 requested: 1e-05
FunctionMinimum is invalid.
Minuit failed because the function is above maximum EDM.
Minuit succeeded.
area = 5.69467437671 with chi^2 55.4205620122
Minuit succeeded.
area = 5.71786078132 with chi^2 55.0288940815
Minuit succeeded.
area = 5.69633957805 with chi^2 51.5035823894
Minuit succeeded.
area = 5.71227512637 with chi^2 56.9622257471
Minuit succeeded.
area = 5.71852582267 with chi^2 50.895731561
Minuit succeeded.
area = 5.73098391486 with chi^2 55.4207107761
Minuit succeeded.
area = 5.72245363854 with chi^2 57.2003317733
Minuit succeeded.
area = 5.71673350645 with chi^2 53.5483617295
Minuit succeeded.
area = 5.71300739687 with chi^2 53.0056810997
Minuit succeeded.
area = 5.70297432414 with chi^2 52.539895969
Minuit succeeded.
area = 5.72107180249 with chi^2 46.1510629149
Minuit succeeded.
area = 5.69861005315 with chi^2 61.3526704005
Minuit succeeded.
area = 5.74042264651 with chi^2 57.3975234624
Minuit succeeded.
area = 5.68968819493 with chi^2 51.1567531816
Minuit succeeded.
area = 5.7061874497 with chi^2 45.6572037923
Minuit succeeded.
area = 5.70523092575 with chi^2 53.4632220661
eigenvalues: 
-0.277474
0.54643
0.922208
1
1
1
1.00059
1.10057
2.70767
matrix forced pos-def by adding 0.280181 to diagonal
MnHesse: matrix is invalid!
MnHesse: matrix is not pos. def.!
MnHesse: matrix was forced pos. def.
FunctionMinimum is invalid.
Minuit failed because covariance is not accurate, and covariance is not positive definite.
Minuit succeeded.
area = 5.72207093636 with chi^2 49.616187004
Minuit succeeded.
area = 5.73171768414 with chi^2 54.5691021466
Minuit succeeded.
area = 5.72479355804 with chi^2 53.0343933829
VariableMetricBuilder: matrix not pos.def.
gdel > 0: 0.0020565
negative or zero diagonal element 0 in covariance matrix
negative or zero diagonal element 1 in covariance matrix
negative or zero diagonal element 2 in covariance matrix
negative or zero diagonal element 4 in covariance matrix
negative or zero diagonal element 6 in covariance matrix
negative or zero diagonal element 8 in covariance matrix
added 1.06736 to diagonal of error matrix
gdel: 0.0020565
Minuit succeeded.
area = 5.70316044294 with chi^2 58.3136376013
Minuit succeeded.
area = 5.70417540027 with chi^2 51.3688152307
eigenvalues: 
-0.0142645
0.638728
0.925372
1
1
1
1.00088
1.06927
2.38001
matrix forced pos-def by adding 0.0166445 to diagonal
MnHesse: matrix is invalid!
MnHesse: matrix is not pos. def.!
MnHesse: matrix was forced pos. def.
FunctionMinimum is invalid.
Minuit failed because covariance is not accurate, and covariance is not positive definite.
Minuit succeeded.
area = 5.72179179923 with chi^2 56.5069998502
Minuit succeeded.
area = 5.72285632599 with chi^2 52.9044136662
eigenvalues: 
-0.304448
0.548166
0.91608
1
1
1
1.00076
1.22725
2.6122
matrix forced pos-def by adding 0.307061 to diagonal
MnHesse: matrix is invalid!
MnHesse: matrix is not pos. def.!
MnHesse: matrix was forced pos. def.
FunctionMinimum is invalid.
Minuit failed because covariance is not accurate, and covariance is not positive definite.
VariableMetricBuilder: matrix not pos.def.
gdel > 0: 1.74708e-05
negative or zero diagonal element 1 in covariance matrix
negative or zero diagonal element 2 in covariance matrix
added 1.00038 to diagonal of error matrix
gdel: 1.74708e-05
Minuit succeeded.
area = 5.72445979139 with chi^2 51.8688467623
Minuit succeeded.
area = 5.71153886417 with chi^2 49.4241821402
Minuit succeeded.
area = 5.71590013196 with chi^2 53.8758832502
Minuit succeeded.
area = 5.72207203296 with chi^2 50.9398480059
Minuit succeeded.
area = 5.70601685676 with chi^2 57.2261042178
Minuit succeeded.
area = 5.72339181351 with chi^2 53.7597080569
Minuit succeeded.
area = 5.69919549529 with chi^2 54.7583251722
Minuit succeeded.
area = 5.70681507609 with chi^2 48.5506409804
Minuit succeeded.
area = 5.7162060956 with chi^2 49.9221884742
VariableMetricBuilder: no improvement
VariableMetricBuilder: finishes without convergence.
VariableMetricBuilder: edm= 0.000384913 requested: 1e-05
FunctionMinimum is invalid.
Minuit failed because the function is above maximum EDM.
Minuit succeeded.
area = 5.71856479956 with chi^2 48.5241387259
eigenvalues: 
-0.0161263
0.680472
0.930432
1
1
1
1.00137
1.00686
2.39698
matrix forced pos-def by adding 0.0185233 to diagonal
MnHesse: matrix is invalid!
MnHesse: matrix is not pos. def.!
MnHesse: matrix was forced pos. def.
FunctionMinimum is invalid.
Minuit failed because covariance is not accurate, and covariance is not positive definite.
Minuit succeeded.
area = 5.72348365511 with chi^2 48.3670987921
Minuit succeeded.
area = 5.71651636815 with chi^2 47.4348507615
Minuit succeeded.
area = 5.70158425465 with chi^2 59.3521962129
Minuit succeeded.
area = 5.70184709983 with chi^2 55.5706073232
Minuit succeeded.
area = 5.73649402925 with chi^2 52.4288818195
Minuit succeeded.
area = 5.71532091012 with chi^2 51.0237526346
Minuit succeeded.
area = 5.71401223854 with chi^2 50.0595897949
Minuit succeeded.
area = 5.72584687483 with chi^2 45.3608403227
Minuit succeeded.
area = 5.72331605223 with chi^2 52.0364809589
Minuit succeeded.
area = 5.69868025512 with chi^2 51.077599245
Minuit succeeded.
area = 5.71890624903 with chi^2 49.4024456167
Minuit succeeded.
area = 5.72257139789 with chi^2 52.7068065889
Minuit succeeded.
area = 5.73165324782 with chi^2 50.0505685485
VariableMetricBuilder: matrix not pos.def.
gdel > 0: 0.000245222
negative or zero diagonal element 0 in covariance matrix
negative or zero diagonal element 1 in covariance matrix
negative or zero diagonal element 2 in covariance matrix
negative or zero diagonal element 7 in covariance matrix
added 1.00332 to diagonal of error matrix
gdel: 0.000245222
Minuit succeeded.
area = 5.71646075838 with chi^2 53.7786826328
Minuit succeeded.
area = 5.70725353541 with chi^2 53.4665275855
Minuit succeeded.
area = 5.70859649973 with chi^2 60.416685929
Minuit succeeded.
area = 5.71451385394 with chi^2 47.5832057299
Minuit succeeded.
area = 5.73549760425 with chi^2 55.1226291484
Minuit succeeded.
area = 5.70090373319 with chi^2 48.7583852759
Minuit succeeded.
area = 5.71046461911 with chi^2 52.1381545801
Minuit succeeded.
area = 5.69671395543 with chi^2 54.3256018901
Minuit succeeded.
area = 5.70258451574 with chi^2 54.0561577657
Minuit succeeded.
area = 5.73478595047 with chi^2 49.3963837732
Minuit succeeded.
area = 5.71009289107 with chi^2 55.7077684353
Minuit succeeded.
area = 5.71161027057 with chi^2 51.0353184876
Minuit succeeded.
area = 5.72406555953 with chi^2 48.4239100614
Minuit succeeded.
area = 5.72117520798 with chi^2 57.2331806447
Minuit succeeded.
area = 5.72884494717 with chi^2 57.4417252164
eigenvalues: 
-0.0132023
0.694185
0.929899
1
1
1
1.00053
1.0078
2.38079
matrix forced pos-def by adding 0.0155831 to diagonal
MnHesse: matrix is invalid!
MnHesse: matrix is not pos. def.!
MnHesse: matrix was forced pos. def.
FunctionMinimum is invalid.
Minuit failed because covariance is not accurate, and covariance is not positive definite.
eigenvalues: 
-0.570734
0.550262
0.91441
1
1
1
1.00097
1.24635
2.85874
matrix forced pos-def by adding 0.573593 to diagonal
MnHesse: matrix is invalid!
MnHesse: matrix is not pos. def.!
MnHesse: matrix was forced pos. def.
FunctionMinimum is invalid.
Minuit failed because covariance is not accurate, and covariance is not positive definite.
eigenvalues: 
-0.394212
0.663365
0.910105
1
1
1
1.00107
1.36095
2.45873
matrix forced pos-def by adding 0.396671 to diagonal
MnHesse: matrix is invalid!
MnHesse: matrix is not pos. def.!
MnHesse: matrix was forced pos. def.
FunctionMinimum is invalid.
Minuit failed because covariance is not accurate, and covariance is not positive definite.
Minuit succeeded.
area = 5.71627166285 with chi^2 56.9694587185
eigenvalues: 
-0.0159376
0.575149
0.924051
1
1
1
1.00113
1.10412
2.41149
matrix forced pos-def by adding 0.0183491 to diagonal
MnHesse: matrix is invalid!
MnHesse: matrix is not pos. def.!
MnHesse: matrix was forced pos. def.
FunctionMinimum is invalid.
Minuit failed because covariance is not accurate, and covariance is not positive definite.
Minuit succeeded.
area = 5.72926297561 with chi^2 58.7632026142
eigenvalues: 
-0.0113826
0.547307
0.915103
1
1
1
1.00096
1.286
2.26202
matrix forced pos-def by adding 0.0136446 to diagonal
MnHesse: matrix is invalid!
MnHesse: matrix is not pos. def.!
MnHesse: matrix was forced pos. def.
FunctionMinimum is invalid.
Minuit failed because covariance is not accurate, and covariance is not positive definite.
Minuit succeeded.
area = 5.71813159145 with chi^2 55.8302225422
Minuit succeeded.
area = 5.70523307811 with chi^2 52.5338010637
Minuit succeeded.
area = 5.72374241725 with chi^2 57.6013688601
Minuit succeeded.
area = 5.72369660622 with chi^2 52.7550704426
Minuit succeeded.
area = 5.69734525171 with chi^2 57.1996957907
Minuit succeeded.
area = 5.7273697314 with chi^2 49.2992011993
Minuit succeeded.
area = 5.71948867701 with chi^2 54.0362701528
eigenvalues: 
-2.13186
0.621568
0.908663
1
1
1
1.00108
1.59188
4.00866
matrix forced pos-def by adding 2.13586 to diagonal
MnHesse: matrix is invalid!
MnHesse: matrix is not pos. def.!
MnHesse: matrix was forced pos. def.
FunctionMinimum is invalid.
Minuit failed because covariance is not accurate, and covariance is not positive definite.
VariableMetricBuilder: matrix not pos.def.
gdel > 0: 1.19477e-07
negative or zero diagonal element 2 in covariance matrix
added 1 to diagonal of error matrix
gdel: 1.19477e-07
Minuit succeeded.
area = 5.71402262088 with chi^2 53.9323300016
VariableMetricBuilder: no improvement
Minuit succeeded.
area = 5.69464614915 with chi^2 61.2633696717
Minuit succeeded.
area = 5.72831403544 with chi^2 58.0895054077
eigenvalues: 
-0.18551
0.629354
0.927709
1
1
1
1.00101
1.04802
2.57941
matrix forced pos-def by adding 0.18809 to diagonal
MnHesse: matrix is invalid!
MnHesse: matrix is not pos. def.!
MnHesse: matrix was forced pos. def.
FunctionMinimum is invalid.
Minuit failed because covariance is not accurate, and covariance is not positive definite.
Minuit succeeded.
area = 5.70772891329 with chi^2 51.7973009277
Minuit succeeded.
area = 5.74141374207 with chi^2 57.207417957
Minuit succeeded.
area = 5.7001854643 with chi^2 52.8894247895
areas mean, stdev = 5.71482779636 0.0117681040928 chi^2 mean, stdev = 53.4413590971 3.8472920199
