-bash: /root/.bashrc: Permission denied
0.763941392018
Now with jitter = 0.0
Minuit succeeded.
area = 5.79182852577 with chi^2 80.0435407286
areas mean, stdev = 5.79182852577 0.0 chi^2 mean, stdev = 80.0435407286 0.0
Now with jitter = 0.05
Minuit succeeded.
area = 5.79484034242 with chi^2 82.3295014269
Minuit succeeded.
area = 5.79130241709 with chi^2 79.4153731726
Minuit succeeded.
area = 5.79206678443 with chi^2 83.3696913305
Minuit succeeded.
area = 5.79614238623 with chi^2 76.8713837346
Minuit succeeded.
area = 5.7994159105 with chi^2 77.6134993188
eigenvalues: 
-0.0317346
0.659089
0.921164
1
1
1
1.00121
1.05929
2.39098
matrix forced pos-def by adding 0.0341256 to diagonal
MnHesse: matrix is invalid!
MnHesse: matrix is not pos. def.!
MnHesse: matrix was forced pos. def.
FunctionMinimum is invalid.
Minuit failed because covariance is not accurate, and covariance is not positive definite.
Minuit succeeded.
area = 5.78698391315 with chi^2 84.8402421878
Minuit succeeded.
area = 5.79090688798 with chi^2 84.6656881076
Minuit succeeded.
area = 5.78399208812 with chi^2 79.4431958549
Minuit succeeded.
area = 5.80377074765 with chi^2 81.3211646246
eigenvalues: 
-0.594064
0.663169
0.913168
1
1
1
1.0008
1.25884
2.75809
matrix forced pos-def by adding 0.596822 to diagonal
MnHesse: matrix is invalid!
MnHesse: matrix is not pos. def.!
MnHesse: matrix was forced pos. def.
FunctionMinimum is invalid.
Minuit failed because covariance is not accurate, and covariance is not positive definite.
Minuit succeeded.
area = 5.79002956735 with chi^2 82.4569557663
Minuit succeeded.
area = 5.80211058411 with chi^2 81.4102122543
Minuit succeeded.
area = 5.7868396155 with chi^2 83.6482678946
Minuit succeeded.
area = 5.80132417865 with chi^2 84.5915550694
Minuit succeeded.
area = 5.79758440857 with chi^2 81.0192156161
Minuit succeeded.
area = 5.78636873086 with chi^2 79.5733493752
Minuit succeeded.
area = 5.7851682736 with chi^2 81.4657320672
Minuit succeeded.
area = 5.7771509781 with chi^2 82.3744351358
Minuit succeeded.
area = 5.78614467283 with chi^2 85.2910606094
VariableMetricBuilder: no improvement
Minuit succeeded.
area = 5.7866576685 with chi^2 80.5820251874
Minuit succeeded.
area = 5.81041452196 with chi^2 84.0703995368
VariableMetricBuilder: no improvement
Minuit succeeded.
area = 5.78927471836 with chi^2 84.2636422705
Minuit succeeded.
area = 5.78369458761 with chi^2 83.6304088637
VariableMetricBuilder: no improvement
Minuit succeeded.
area = 5.80889116093 with chi^2 82.3193185902
Minuit succeeded.
area = 5.77918174778 with chi^2 81.4112073496
Minuit succeeded.
area = 5.79736058858 with chi^2 84.7139708575
eigenvalues: 
-0.086804
0.65864
0.922743
1
1
1
1.00031
1.0389
2.46621
matrix forced pos-def by adding 0.0892702 to diagonal
MnHesse: matrix is invalid!
MnHesse: matrix is not pos. def.!
MnHesse: matrix was forced pos. def.
FunctionMinimum is invalid.
Minuit failed because covariance is not accurate, and covariance is not positive definite.
eigenvalues: 
-0.0918081
0.730131
0.911071
1
1
1
1.00122
1.2767
2.17269
matrix forced pos-def by adding 0.0939808 to diagonal
MnHesse: matrix is invalid!
MnHesse: matrix is not pos. def.!
MnHesse: matrix was forced pos. def.
FunctionMinimum is invalid.
Minuit failed because covariance is not accurate, and covariance is not positive definite.
VariableMetricBuilder: no improvement
Minuit succeeded.
area = 5.79164383552 with chi^2 81.2577036986
VariableMetricBuilder: no improvement
Minuit succeeded.
area = 5.79680528628 with chi^2 84.0077766175
eigenvalues: 
-0.395577
0.72744
0.908934
1
1
1
1.00124
1.31712
2.44084
matrix forced pos-def by adding 0.398018 to diagonal
MnHesse: matrix is invalid!
MnHesse: matrix is not pos. def.!
MnHesse: matrix was forced pos. def.
FunctionMinimum is invalid.
Minuit failed because covariance is not accurate, and covariance is not positive definite.
Minuit succeeded.
area = 5.79968921376 with chi^2 76.8814531367
VariableMetricBuilder: no improvement
Minuit succeeded.
area = 5.7936497968 with chi^2 80.7037528907
Minuit succeeded.
area = 5.80132714187 with chi^2 76.4208390423
Minuit succeeded.
area = 5.79079945211 with chi^2 86.1413846467
Minuit succeeded.
area = 5.78787150173 with chi^2 79.1940335515
eigenvalues: 
-0.0496014
0.666842
0.929301
1
1
1
1.00105
1.03651
2.4159
matrix forced pos-def by adding 0.0520173 to diagonal
MnHesse: matrix is invalid!
MnHesse: matrix is not pos. def.!
MnHesse: matrix was forced pos. def.
FunctionMinimum is invalid.
Minuit failed because covariance is not accurate, and covariance is not positive definite.
eigenvalues: 
-0.152354
0.634203
0.924304
1
1
1
1.00093
1.09009
2.50283
matrix forced pos-def by adding 0.154857 to diagonal
MnHesse: matrix is invalid!
MnHesse: matrix is not pos. def.!
MnHesse: matrix was forced pos. def.
FunctionMinimum is invalid.
Minuit failed because covariance is not accurate, and covariance is not positive definite.
Minuit succeeded.
area = 5.79304846719 with chi^2 78.8643204224
VariableMetricBuilder: matrix not pos.def.
gdel > 0: 1.54873e-06
negative or zero diagonal element 2 in covariance matrix
added 1 to diagonal of error matrix
gdel: 1.54873e-06
Minuit succeeded.
area = 5.79621297375 with chi^2 85.4350931626
Minuit succeeded.
area = 5.79577228328 with chi^2 80.7783185065
Minuit succeeded.
area = 5.80213489548 with chi^2 82.7433561894
Minuit succeeded.
area = 5.77987595082 with chi^2 82.2462877812
Minuit succeeded.
area = 5.77389786437 with chi^2 84.9063985902
eigenvalues: 
-0.553899
0.655209
0.922991
1
1
1
1.00056
1.04259
2.93255
matrix forced pos-def by adding 0.556831 to diagonal
MnHesse: matrix is invalid!
MnHesse: matrix is not pos. def.!
MnHesse: matrix was forced pos. def.
FunctionMinimum is invalid.
Minuit failed because covariance is not accurate, and covariance is not positive definite.
Minuit succeeded.
area = 5.78371168963 with chi^2 83.3881775012
Minuit succeeded.
area = 5.79796807273 with chi^2 74.4884227032
Minuit succeeded.
area = 5.81378883443 with chi^2 80.8405335423
eigenvalues: 
-0.262023
0.676418
0.918357
1
1
1
1.00075
1.10763
2.55887
matrix forced pos-def by adding 0.264582 to diagonal
MnHesse: matrix is invalid!
MnHesse: matrix is not pos. def.!
MnHesse: matrix was forced pos. def.
FunctionMinimum is invalid.
Minuit failed because covariance is not accurate, and covariance is not positive definite.
Minuit succeeded.
area = 5.78714972261 with chi^2 81.9600044052
eigenvalues: 
-0.339963
0.70115
0.912163
1
1
1
1.00111
1.4086
2.31694
matrix forced pos-def by adding 0.34228 to diagonal
MnHesse: matrix is invalid!
MnHesse: matrix is not pos. def.!
MnHesse: matrix was forced pos. def.
FunctionMinimum is invalid.
Minuit failed because covariance is not accurate, and covariance is not positive definite.
Minuit succeeded.
area = 5.7934503739 with chi^2 82.4229741789
Minuit succeeded.
area = 5.79824667591 with chi^2 82.7389440837
Minuit succeeded.
area = 5.78565776636 with chi^2 82.4886145994
Minuit succeeded.
area = 5.80933348209 with chi^2 84.8163037897
Minuit succeeded.
area = 5.80828410344 with chi^2 79.442661785
Minuit succeeded.
area = 5.77721365653 with chi^2 82.0693370199
Minuit succeeded.
area = 5.78814589867 with chi^2 79.1043185764
Minuit succeeded.
area = 5.79250033935 with chi^2 80.0578758334
Minuit succeeded.
area = 5.78360665515 with chi^2 85.9444063412
Minuit succeeded.
area = 5.80711661083 with chi^2 84.4094894348
VariableMetricBuilder: matrix not pos.def.
gdel > 0: 0.000238782
negative or zero diagonal element 0 in covariance matrix
negative or zero diagonal element 1 in covariance matrix
negative or zero diagonal element 2 in covariance matrix
added 1.00188 to diagonal of error matrix
gdel: 0.000238782
eigenvalues: 
-1.58077
0.578024
0.915178
1
1
1
1.00124
1.46252
3.62381
matrix forced pos-def by adding 1.5844 to diagonal
MnHesse: matrix is invalid!
MnHesse: matrix is not pos. def.!
MnHesse: matrix was forced pos. def.
FunctionMinimum is invalid.
Minuit failed because covariance is not accurate, and covariance is not positive definite.
Minuit succeeded.
area = 5.79699930053 with chi^2 83.0320394782
eigenvalues: 
-1.23749
0.518674
0.915422
1
1
1
1.00098
1.23408
3.56834
matrix forced pos-def by adding 1.24106 to diagonal
MnHesse: matrix is invalid!
MnHesse: matrix is not pos. def.!
MnHesse: matrix was forced pos. def.
FunctionMinimum is invalid.
Minuit failed because covariance is not accurate, and covariance is not positive definite.
eigenvalues: 
-0.0228954
0.725056
0.912951
1
1
1
1.00081
1.4186
1.96548
matrix forced pos-def by adding 0.0248609 to diagonal
MnHesse: matrix is invalid!
MnHesse: matrix is not pos. def.!
MnHesse: matrix was forced pos. def.
FunctionMinimum is invalid.
Minuit failed because covariance is not accurate, and covariance is not positive definite.
Minuit succeeded.
area = 5.79074326605 with chi^2 83.7924871683
Minuit succeeded.
area = 5.78828518363 with chi^2 80.3436616963
Minuit succeeded.
area = 5.79337143951 with chi^2 82.8858895616
Minuit succeeded.
area = 5.79870619333 with chi^2 81.761612875
VariableMetricBuilder: no improvement
Minuit succeeded.
area = 5.79496602222 with chi^2 86.5233785261
Minuit succeeded.
area = 5.79442198744 with chi^2 78.7764729415
eigenvalues: 
-0.384716
0.59426
0.919853
1
1
1
1.00081
1.20168
2.66811
matrix forced pos-def by adding 0.387384 to diagonal
MnHesse: matrix is invalid!
MnHesse: matrix is not pos. def.!
MnHesse: matrix was forced pos. def.
FunctionMinimum is invalid.
Minuit failed because covariance is not accurate, and covariance is not positive definite.
Minuit succeeded.
area = 5.79784409691 with chi^2 86.207006733
VariableMetricBuilder: matrix not pos.def.
gdel > 0: 6.84961e-05
negative or zero diagonal element 2 in covariance matrix
added 1 to diagonal of error matrix
gdel: 6.84961e-05
Minuit succeeded.
area = 5.77905975204 with chi^2 84.1443528112
Minuit succeeded.
area = 5.79095897698 with chi^2 78.4343757342
Minuit succeeded.
area = 5.78019616238 with chi^2 78.5946531469
Minuit succeeded.
area = 5.7946270739 with chi^2 82.4467828765
Minuit succeeded.
area = 5.78895231398 with chi^2 85.4044092328
Minuit succeeded.
area = 5.80255324507 with chi^2 87.8681139167
Minuit succeeded.
area = 5.80002935429 with chi^2 87.4576419644
Minuit succeeded.
area = 5.7872321532 with chi^2 82.8027146193
Minuit succeeded.
area = 5.79646294803 with chi^2 75.9664396471
eigenvalues: 
-0.421641
0.688712
0.931154
1
1
1
1.0012
1.01099
2.78958
matrix forced pos-def by adding 0.42443 to diagonal
MnHesse: matrix is invalid!
MnHesse: matrix is not pos. def.!
MnHesse: matrix was forced pos. def.
FunctionMinimum is invalid.
Minuit failed because covariance is not accurate, and covariance is not positive definite.
eigenvalues: 
-0.00102106
0.675591
0.918567
1
1
1
1.00053
1.05928
2.34705
matrix forced pos-def by adding 0.00336811 to diagonal
MnHesse: matrix is invalid!
MnHesse: matrix is not pos. def.!
MnHesse: matrix was forced pos. def.
FunctionMinimum is invalid.
Minuit failed because covariance is not accurate, and covariance is not positive definite.
Minuit succeeded.
area = 5.78813257909 with chi^2 80.0146404993
Minuit succeeded.
area = 5.79476376677 with chi^2 82.4045352195
Minuit succeeded.
area = 5.79431451142 with chi^2 80.4060605085
Minuit succeeded.
area = 5.78893697646 with chi^2 81.0594514742
Minuit succeeded.
area = 5.80164831928 with chi^2 80.9689790746
Minuit succeeded.
area = 5.7982684958 with chi^2 82.872116881
VariableMetricBuilder: no improvement
Minuit succeeded.
area = 5.78226050023 with chi^2 86.7265685108
Minuit succeeded.
area = 5.79403070244 with chi^2 84.3077623563
Minuit succeeded.
area = 5.78992654615 with chi^2 81.2227056607
eigenvalues: 
-0.0713782
0.615935
0.920459
1
1
1
1.00062
1.08456
2.4498
matrix forced pos-def by adding 0.073828 to diagonal
MnHesse: matrix is invalid!
MnHesse: matrix is not pos. def.!
MnHesse: matrix was forced pos. def.
FunctionMinimum is invalid.
Minuit failed because covariance is not accurate, and covariance is not positive definite.
Minuit succeeded.
area = 5.77828551017 with chi^2 78.062370849
VariableMetricBuilder: matrix not pos.def.
gdel > 0: 6.04959e-05
negative or zero diagonal element 2 in covariance matrix
added 1 to diagonal of error matrix
gdel: 6.04959e-05
Minuit succeeded.
area = 5.79440038697 with chi^2 79.0462257456
eigenvalues: 
-0.771238
0.571076
0.917632
1
1
1
1.00088
1.21355
3.0681
matrix forced pos-def by adding 0.774306 to diagonal
MnHesse: matrix is invalid!
MnHesse: matrix is not pos. def.!
MnHesse: matrix was forced pos. def.
FunctionMinimum is invalid.
Minuit failed because covariance is not accurate, and covariance is not positive definite.
Minuit succeeded.
area = 5.79561271319 with chi^2 80.5776920041
VariableMetricBuilder: no improvement
Minuit succeeded.
area = 5.7999530385 with chi^2 88.6291847276
areas mean, stdev = 5.79283492124 0.00823735439009 chi^2 mean, stdev = 82.0632268863 2.84069614565
Now with jitter = 0.07
VariableMetricBuilder: no improvement
Minuit succeeded.
area = 5.81602001099 with chi^2 87.8061350001
Minuit succeeded.
area = 5.80083131723 with chi^2 78.7969198059
VariableMetricBuilder: no improvement
VariableMetricBuilder: finishes without convergence.
VariableMetricBuilder: edm= 0.000125454 requested: 1e-05
eigenvalues: 
-1.61044
0.577101
0.914621
1
1
1
1.00117
1.46062
3.65693
matrix forced pos-def by adding 1.61409 to diagonal
MnHesse: matrix is invalid!
MnHesse: matrix is not pos. def.!
MnHesse: matrix was forced pos. def.
FunctionMinimum is invalid.
Minuit failed because covariance is not accurate, covariance is not positive definite, and the function is above maximum EDM.
VariableMetricBuilder: no improvement
Minuit succeeded.
area = 5.78389492668 with chi^2 79.7396245304
Minuit succeeded.
area = 5.80449872149 with chi^2 88.7346441358
Minuit succeeded.
area = 5.78167291741 with chi^2 85.1833645273
Minuit succeeded.
area = 5.78863633325 with chi^2 81.2176997109
Minuit succeeded.
area = 5.77917639412 with chi^2 82.2980370326
Minuit succeeded.
area = 5.82001839855 with chi^2 84.1668610257
eigenvalues: 
-0.0552043
0.558362
0.92117
1
1
1
1.00138
1.21345
2.36085
matrix forced pos-def by adding 0.0575651 to diagonal
MnHesse: matrix is invalid!
MnHesse: matrix is not pos. def.!
MnHesse: matrix was forced pos. def.
FunctionMinimum is invalid.
Minuit failed because covariance is not accurate, and covariance is not positive definite.
Minuit succeeded.
area = 5.80043937756 with chi^2 90.2353984695
Minuit succeeded.
area = 5.78220013794 with chi^2 83.8967669945
Minuit succeeded.
area = 5.76318720247 with chi^2 77.6844428386
Minuit succeeded.
area = 5.79329245749 with chi^2 90.191282644
Minuit succeeded.
area = 5.78493436147 with chi^2 81.7394214206
Minuit succeeded.
area = 5.79256141505 with chi^2 83.9236353465
Minuit succeeded.
area = 5.79596553544 with chi^2 84.2461842642
VariableMetricBuilder: matrix not pos.def.
edm < 0
negative or zero diagonal element 2 in covariance matrix
added 1 to diagonal of error matrix
Minuit succeeded.
area = 5.80296701961 with chi^2 84.0688776178
Minuit succeeded.
area = 5.78113444997 with chi^2 80.5379744222
Minuit succeeded.
area = 5.78755021078 with chi^2 79.8563928661
Minuit succeeded.
area = 5.79704937432 with chi^2 86.4494502674
Minuit succeeded.
area = 5.78506470517 with chi^2 83.6699583382
Minuit succeeded.
area = 5.78571116256 with chi^2 82.7667254581
Minuit succeeded.
area = 5.8277627646 with chi^2 85.5756253717
Minuit succeeded.
area = 5.81565364823 with chi^2 84.8060108668
Minuit succeeded.
area = 5.79361344186 with chi^2 85.812740822
eigenvalues: 
-0.0134438
0.654393
0.92762
1
1
1
1.00116
1.0341
2.39617
matrix forced pos-def by adding 0.01584 to diagonal
MnHesse: matrix is invalid!
MnHesse: matrix is not pos. def.!
MnHesse: matrix was forced pos. def.
FunctionMinimum is invalid.
Minuit failed because covariance is not accurate, and covariance is not positive definite.
Minuit succeeded.
area = 5.77844902184 with chi^2 79.5155564228
VariableMetricBuilder: no improvement
Minuit succeeded.
area = 5.7879612388 with chi^2 84.5778664359
eigenvalues: 
-0.0317819
0.623697
0.914532
1
1
1
1.00111
1.12554
2.3669
matrix forced pos-def by adding 0.0341488 to diagonal
MnHesse: matrix is invalid!
MnHesse: matrix is not pos. def.!
MnHesse: matrix was forced pos. def.
FunctionMinimum is invalid.
Minuit failed because covariance is not accurate, and covariance is not positive definite.
eigenvalues: 
-0.0185343
0.647282
0.923664
1
1
1
1.00066
1.04787
2.39906
matrix forced pos-def by adding 0.0209333 to diagonal
MnHesse: matrix is invalid!
MnHesse: matrix is not pos. def.!
MnHesse: matrix was forced pos. def.
FunctionMinimum is invalid.
Minuit failed because covariance is not accurate, and covariance is not positive definite.
eigenvalues: 
-0.0177226
0.703678
0.929061
1
1
1
1.00026
1.00873
2.37598
matrix forced pos-def by adding 0.0200985 to diagonal
MnHesse: matrix is invalid!
MnHesse: matrix is not pos. def.!
MnHesse: matrix was forced pos. def.
FunctionMinimum is invalid.
Minuit failed because covariance is not accurate, and covariance is not positive definite.
Minuit succeeded.
area = 5.7871165215 with chi^2 86.7698149509
Minuit succeeded.
area = 5.78621050115 with chi^2 83.9027974727
eigenvalues: 
-0.23451
0.590268
0.919743
1
1
1
1.0007
1.09958
2.62421
matrix forced pos-def by adding 0.237134 to diagonal
MnHesse: matrix is invalid!
MnHesse: matrix is not pos. def.!
MnHesse: matrix was forced pos. def.
FunctionMinimum is invalid.
Minuit failed because covariance is not accurate, and covariance is not positive definite.
Minuit succeeded.
area = 5.79044196937 with chi^2 83.4117640444
VariableMetricBuilder: no improvement
Minuit succeeded.
area = 5.77946224911 with chi^2 86.1366331468
Minuit succeeded.
area = 5.77186697332 with chi^2 83.9806677417
Minuit succeeded.
area = 5.78978140343 with chi^2 83.9184620759
VariableMetricBuilder: no improvement
Minuit succeeded.
area = 5.808536309 with chi^2 91.2185709394
Minuit succeeded.
area = 5.78076883122 with chi^2 82.816449711
Minuit succeeded.
area = 5.7782968582 with chi^2 84.1837770919
Minuit succeeded.
area = 5.79426018677 with chi^2 82.2340251771
Minuit succeeded.
area = 5.82359555032 with chi^2 88.3212589944
Minuit succeeded.
area = 5.78315956499 with chi^2 89.6652461191
Minuit succeeded.
area = 5.80808237154 with chi^2 90.4403077968
VariableMetricBuilder: no improvement
VariableMetricBuilder: finishes without convergence.
VariableMetricBuilder: edm= 0.000234404 requested: 1e-05
FunctionMinimum is invalid.
Minuit failed because the function is above maximum EDM.
Minuit succeeded.
area = 5.82094437556 with chi^2 84.2807795755
Minuit succeeded.
area = 5.80382861047 with chi^2 83.6601567753
Minuit succeeded.
area = 5.78073428238 with chi^2 83.0188887735
eigenvalues: 
-0.0831875
0.689405
0.914276
1
1
1
1.00046
1.10206
2.37698
matrix forced pos-def by adding 0.0855644 to diagonal
MnHesse: matrix is invalid!
MnHesse: matrix is not pos. def.!
MnHesse: matrix was forced pos. def.
FunctionMinimum is invalid.
Minuit failed because covariance is not accurate, and covariance is not positive definite.
VariableMetricBuilder: matrix not pos.def.
gdel > 0: 8.14253e-05
negative or zero diagonal element 1 in covariance matrix
negative or zero diagonal element 2 in covariance matrix
added 1.00004 to diagonal of error matrix
gdel: 8.14253e-05
Minuit succeeded.
area = 5.78285608226 with chi^2 79.5240604468
Minuit succeeded.
area = 5.79826724246 with chi^2 93.3970418146
Minuit succeeded.
area = 5.80931444722 with chi^2 87.2427501901
Minuit succeeded.
area = 5.80212695231 with chi^2 80.6505443423
Minuit succeeded.
area = 5.79911414036 with chi^2 84.9078769899
Minuit succeeded.
area = 5.77547172162 with chi^2 84.5032294811
eigenvalues: 
-0.0493714
0.608248
0.920078
1
1
1
1.00066
1.08182
2.43857
matrix forced pos-def by adding 0.05181 to diagonal
MnHesse: matrix is invalid!
MnHesse: matrix is not pos. def.!
MnHesse: matrix was forced pos. def.
FunctionMinimum is invalid.
Minuit failed because covariance is not accurate, and covariance is not positive definite.
Minuit succeeded.
area = 5.79690319731 with chi^2 84.0047219268
Minuit succeeded.
area = 5.79800801562 with chi^2 83.2862768559
VariableMetricBuilder: matrix not pos.def.
gdel > 0: 5.08794e-05
negative or zero diagonal element 0 in covariance matrix
negative or zero diagonal element 1 in covariance matrix
negative or zero diagonal element 2 in covariance matrix
added 1.00068 to diagonal of error matrix
gdel: 5.08794e-05
Minuit succeeded.
area = 5.79219660737 with chi^2 80.0793239017
eigenvalues: 
-0.130843
0.746549
0.91105
1
1
1
1.00117
1.15554
2.31653
matrix forced pos-def by adding 0.133159 to diagonal
MnHesse: matrix is invalid!
MnHesse: matrix is not pos. def.!
MnHesse: matrix was forced pos. def.
FunctionMinimum is invalid.
Minuit failed because covariance is not accurate, and covariance is not positive definite.
Minuit succeeded.
area = 5.78624936337 with chi^2 78.4687553237
Minuit succeeded.
area = 5.76959017506 with chi^2 81.7677412208
VariableMetricBuilder: matrix not pos.def.
gdel > 0: 9.99652e-05
negative or zero diagonal element 1 in covariance matrix
negative or zero diagonal element 2 in covariance matrix
added 1.00027 to diagonal of error matrix
gdel: 9.99652e-05
Minuit succeeded.
area = 5.80087838344 with chi^2 85.9137909627
Minuit succeeded.
area = 5.79726051783 with chi^2 87.1000541354
eigenvalues: 
-0.0242229
0.65864
0.931918
1
1
1
1.00084
1.03438
2.39844
matrix forced pos-def by adding 0.0266213 to diagonal
MnHesse: matrix is invalid!
MnHesse: matrix is not pos. def.!
MnHesse: matrix was forced pos. def.
FunctionMinimum is invalid.
Minuit failed because covariance is not accurate, and covariance is not positive definite.
Minuit succeeded.
area = 5.8038748024 with chi^2 76.4701505778
Minuit succeeded.
area = 5.7871403625 with chi^2 80.1047129244
eigenvalues: 
-0.00681586
0.669746
0.923506
1
1
1
1.00051
1.03611
2.37694
matrix forced pos-def by adding 0.0091928 to diagonal
MnHesse: matrix is invalid!
MnHesse: matrix is not pos. def.!
MnHesse: matrix was forced pos. def.
FunctionMinimum is invalid.
Minuit failed because covariance is not accurate, and covariance is not positive definite.
VariableMetricBuilder: no improvement
Minuit succeeded.
area = 5.8175562405 with chi^2 81.0458557341
Minuit succeeded.
area = 5.78527237273 with chi^2 92.4793253399
eigenvalues: 
-0.0410813
0.828081
0.909517
1
1
1
1.0012
1.13723
2.16506
matrix forced pos-def by adding 0.0432464 to diagonal
MnHesse: matrix is invalid!
MnHesse: matrix is not pos. def.!
MnHesse: matrix was forced pos. def.
FunctionMinimum is invalid.
Minuit failed because covariance is not accurate, and covariance is not positive definite.
Minuit succeeded.
area = 5.78054340092 with chi^2 90.3586939979
Minuit succeeded.
area = 5.82358525101 with chi^2 95.5660160694
Minuit succeeded.
area = 5.78392369919 with chi^2 86.9556929418
Minuit succeeded.
area = 5.80676170798 with chi^2 99.0560300316
VariableMetricBuilder: no improvement
Minuit succeeded.
area = 5.78331466533 with chi^2 84.4752040316
Minuit succeeded.
area = 5.79038821956 with chi^2 85.3209694458
Minuit succeeded.
area = 5.78838299757 with chi^2 79.7852150061
Minuit succeeded.
area = 5.78188633427 with chi^2 83.425516459
Minuit succeeded.
area = 5.77310094817 with chi^2 83.8431438081
Minuit succeeded.
area = 5.78586789032 with chi^2 85.6421157738
Minuit succeeded.
area = 5.80231974065 with chi^2 79.7148528908
Minuit succeeded.
area = 5.78109994574 with chi^2 85.5927850479
Minuit succeeded.
area = 5.78422387871 with chi^2 89.045768756
Minuit succeeded.
area = 5.80136663277 with chi^2 92.2281537143
Minuit succeeded.
area = 5.78079899522 with chi^2 82.4555469771
Minuit succeeded.
area = 5.76001597023 with chi^2 89.0354610521
eigenvalues: 
-0.471269
0.712069
0.912114
1
1
1
1.00114
1.42625
2.4197
matrix forced pos-def by adding 0.473688 to diagonal
MnHesse: matrix is invalid!
MnHesse: matrix is not pos. def.!
MnHesse: matrix was forced pos. def.
FunctionMinimum is invalid.
Minuit failed because covariance is not accurate, and covariance is not positive definite.
Minuit succeeded.
area = 5.80671205308 with chi^2 86.1657858276
Minuit succeeded.
area = 5.78346613103 with chi^2 86.5558535531
eigenvalues: 
-0.0541103
0.582592
0.920423
1
1
1
1.00071
1.14296
2.40742
matrix forced pos-def by adding 0.0565177 to diagonal
MnHesse: matrix is invalid!
MnHesse: matrix is not pos. def.!
MnHesse: matrix was forced pos. def.
FunctionMinimum is invalid.
Minuit failed because covariance is not accurate, and covariance is not positive definite.
VariableMetricBuilder: matrix not pos.def.
gdel > 0: 7.48013e-05
negative or zero diagonal element 2 in covariance matrix
added 1 to diagonal of error matrix
gdel: 7.48013e-05
Minuit succeeded.
area = 5.79716970125 with chi^2 82.5502674175
eigenvalues: 
-0.00178019
0.684392
0.924658
1
1
1
1.00033
1.02468
2.36772
matrix forced pos-def by adding 0.0041479 to diagonal
MnHesse: matrix is invalid!
MnHesse: matrix is not pos. def.!
MnHesse: matrix was forced pos. def.
FunctionMinimum is invalid.
Minuit failed because covariance is not accurate, and covariance is not positive definite.
Minuit succeeded.
area = 5.77573972858 with chi^2 80.9909373978
Minuit succeeded.
area = 5.80021698035 with chi^2 87.3110099463
eigenvalues: 
-0.0846985
0.584341
0.922473
1
1
1
1.00131
1.23557
2.34101
matrix forced pos-def by adding 0.0870395 to diagonal
MnHesse: matrix is invalid!
MnHesse: matrix is not pos. def.!
MnHesse: matrix was forced pos. def.
FunctionMinimum is invalid.
Minuit failed because covariance is not accurate, and covariance is not positive definite.
Minuit succeeded.
area = 5.77674742518 with chi^2 80.8999066468
Minuit succeeded.
area = 5.80828164754 with chi^2 83.5795404412
areas mean, stdev = 5.79238204478 0.014034314623 chi^2 mean, stdev = 84.718998493 4.08167698799
