0.607035483181
Now with jitter = 0.0
Minuit succeeded.
area = 3.64427224268 with chi^2 165.484410107
areas mean, stdev = 3.64427224268 0.0 chi^2 mean, stdev = 165.484410107 0.0
Now with jitter = 0.05
Minuit succeeded.
area = 3.64244711074 with chi^2 170.272851913
Minuit succeeded.
area = 3.6487714674 with chi^2 167.608464777
Minuit succeeded.
area = 3.64983602967 with chi^2 166.502326739
Minuit succeeded.
area = 3.65047420094 with chi^2 172.577845046
Minuit succeeded.
area = 3.642801935 with chi^2 171.858829193
Minuit succeeded.
area = 3.64675135688 with chi^2 168.322176116
Minuit succeeded.
area = 3.64498842588 with chi^2 172.014076009
Minuit succeeded.
area = 3.64472564694 with chi^2 170.584528655
Minuit succeeded.
area = 3.64220980717 with chi^2 162.895081051
Minuit succeeded.
area = 3.64237363596 with chi^2 166.727102382
Minuit succeeded.
area = 3.65043293318 with chi^2 170.511119116
VariableMetricBuilder: no improvement
Minuit succeeded.
area = 3.64022097715 with chi^2 167.112376711
Minuit succeeded.
area = 3.63357809798 with chi^2 162.423712898
Minuit succeeded.
area = 3.64457618152 with chi^2 174.426934631
Minuit succeeded.
area = 3.64625587861 with chi^2 167.732326594
Minuit succeeded.
area = 3.64768985535 with chi^2 169.283302634
Minuit succeeded.
area = 3.64022590744 with chi^2 164.267035143
Minuit succeeded.
area = 3.64505809077 with chi^2 164.258321577
Minuit succeeded.
area = 3.64261285821 with chi^2 170.203864207
Minuit succeeded.
area = 3.63837010382 with chi^2 161.635138629
Minuit succeeded.
area = 3.64845957648 with chi^2 170.50807237
Minuit succeeded.
area = 3.65095916665 with chi^2 165.742981596
Minuit succeeded.
area = 3.64611299938 with chi^2 171.980360546
Minuit succeeded.
area = 3.64209861243 with chi^2 165.742679863
Minuit succeeded.
area = 3.64705663845 with chi^2 165.119290961
Minuit succeeded.
area = 3.6456533339 with chi^2 169.725816056
Minuit succeeded.
area = 3.64451198399 with chi^2 167.36785345
Minuit succeeded.
area = 3.64947899516 with chi^2 166.638708849
Minuit succeeded.
area = 3.64776158861 with chi^2 166.205159436
Minuit succeeded.
area = 3.64564876318 with chi^2 164.342191167
Minuit succeeded.
area = 3.64837192785 with chi^2 168.326783765
Minuit succeeded.
area = 3.65135724352 with chi^2 170.443147377
Minuit succeeded.
area = 3.64926018126 with chi^2 168.576937351
Minuit succeeded.
area = 3.64541551072 with chi^2 166.334730426
VariableMetricBuilder: no improvement
Minuit succeeded.
area = 3.64785347232 with chi^2 162.707819522
Minuit succeeded.
area = 3.64542653964 with chi^2 169.312891361
Minuit succeeded.
area = 3.65070905979 with chi^2 166.061781827
Minuit succeeded.
area = 3.64326475414 with chi^2 168.092005813
Minuit succeeded.
area = 3.64276323192 with chi^2 170.989020949
eigenvalues: 
-0.0428845
0.270437
0.657403
1
1
1
1
1.0007
1.16235
2.952
matrix forced pos-def by adding 0.0458365 to diagonal
MnHesse: matrix is invalid!
MnHesse: matrix is not pos. def.!
MnHesse: matrix was forced pos. def.
FunctionMinimum is invalid.
Minuit failed because covariance is not accurate, and covariance is not positive definite.
Minuit succeeded.
area = 3.65147955377 with chi^2 168.772549382
Minuit succeeded.
area = 3.6408916233 with chi^2 167.534398337
Minuit succeeded.
area = 3.65025424864 with chi^2 164.601080353
Minuit succeeded.
area = 3.64077273928 with chi^2 167.121403474
eigenvalues: 
-0.383621
0.208349
0.701825
1
1
1
1
1.00195
1.12992
3.34157
matrix forced pos-def by adding 0.386963 to diagonal
MnHesse: matrix is invalid!
MnHesse: matrix is not pos. def.!
MnHesse: matrix was forced pos. def.
FunctionMinimum is invalid.
Minuit failed because covariance is not accurate, and covariance is not positive definite.
eigenvalues: 
-0.0204131
0.254215
0.670341
1
1
1
1
1.00096
1.13456
2.96033
matrix forced pos-def by adding 0.0233734 to diagonal
MnHesse: matrix is invalid!
MnHesse: matrix is not pos. def.!
MnHesse: matrix was forced pos. def.
FunctionMinimum is invalid.
Minuit failed because covariance is not accurate, and covariance is not positive definite.
Minuit succeeded.
area = 3.64575125566 with chi^2 170.692777368
Minuit succeeded.
area = 3.64472389561 with chi^2 175.976261137
Minuit succeeded.
area = 3.6451830928 with chi^2 164.807160947
Minuit succeeded.
area = 3.64650281653 with chi^2 172.129988658
Minuit succeeded.
area = 3.6378828446 with chi^2 164.834728213
Minuit succeeded.
area = 3.65024891053 with chi^2 166.946899322
Minuit succeeded.
area = 3.64920109928 with chi^2 171.530508883
Minuit succeeded.
area = 3.65211424259 with chi^2 171.634562037
Minuit succeeded.
area = 3.6452511949 with chi^2 171.144077897
Minuit succeeded.
area = 3.65142136578 with chi^2 169.280312994
Minuit succeeded.
area = 3.64935466574 with chi^2 166.792608624
Minuit succeeded.
area = 3.63759324076 with chi^2 168.909193958
eigenvalues: 
-0.0393947
0.200007
0.69803
1
1
1
1
1.0038
1.06145
3.07611
matrix forced pos-def by adding 0.0424708 to diagonal
MnHesse: matrix is invalid!
MnHesse: matrix is not pos. def.!
MnHesse: matrix was forced pos. def.
FunctionMinimum is invalid.
Minuit failed because covariance is not accurate, and covariance is not positive definite.
Minuit succeeded.
area = 3.63805697578 with chi^2 166.804904726
Minuit succeeded.
area = 3.65140139928 with chi^2 164.507643748
VariableMetricBuilder: no improvement
VariableMetricBuilder: finishes without convergence.
VariableMetricBuilder: edm= 0.0030648 requested: 1e-05
FunctionMinimum is invalid.
Minuit failed because the function is above maximum EDM.
Minuit succeeded.
area = 3.64620224627 with chi^2 170.899721483
Minuit succeeded.
area = 3.64132280156 with chi^2 171.579370142
eigenvalues: 
-0.0662773
0.286617
0.677436
1
1
1
1
1.00047
1.08028
3.02147
matrix forced pos-def by adding 0.0692988 to diagonal
MnHesse: matrix is invalid!
MnHesse: matrix is not pos. def.!
MnHesse: matrix was forced pos. def.
FunctionMinimum is invalid.
Minuit failed because covariance is not accurate, and covariance is not positive definite.
Minuit succeeded.
area = 3.63904189011 with chi^2 174.918073205
Minuit succeeded.
area = 3.65434604699 with chi^2 171.928661534
Minuit succeeded.
area = 3.64734246295 with chi^2 171.860048757
Minuit succeeded.
area = 3.65092529732 with chi^2 173.598944001
Minuit succeeded.
area = 3.64981642264 with chi^2 172.263030956
Minuit succeeded.
area = 3.64306496044 with chi^2 167.270281154
eigenvalues: 
-0.0967669
0.255519
0.655565
1
1
1
1
1.00184
1.1931
2.99075
matrix forced pos-def by adding 0.0997577 to diagonal
MnHesse: matrix is invalid!
MnHesse: matrix is not pos. def.!
MnHesse: matrix was forced pos. def.
FunctionMinimum is invalid.
Minuit failed because covariance is not accurate, and covariance is not positive definite.
Minuit succeeded.
area = 3.65073225708 with chi^2 166.998654794
Minuit succeeded.
area = 3.65043324463 with chi^2 172.298392273
Minuit succeeded.
area = 3.63833257467 with chi^2 168.016880834
Minuit succeeded.
area = 3.63896868869 with chi^2 166.723219044
Minuit succeeded.
area = 3.64272190626 with chi^2 174.464134746
Minuit succeeded.
area = 3.64274705104 with chi^2 167.328930917
Minuit succeeded.
area = 3.63923482257 with chi^2 165.938371204
Minuit succeeded.
area = 3.64656071888 with chi^2 165.0856889
Minuit succeeded.
area = 3.64723673415 with chi^2 167.940643598
Minuit succeeded.
area = 3.64244025511 with chi^2 165.002971217
Minuit succeeded.
area = 3.64385214618 with chi^2 171.732969393
Minuit succeeded.
area = 3.64036413816 with chi^2 163.96600565
Minuit succeeded.
area = 3.64799242247 with chi^2 175.929413827
Minuit succeeded.
area = 3.64750045624 with chi^2 173.204067755
Minuit succeeded.
area = 3.64353938552 with chi^2 163.788050487
eigenvalues: 
-0.0143395
0.226877
0.656859
1
1
1
1
1.00561
1.33162
2.79337
matrix forced pos-def by adding 0.0171329 to diagonal
MnHesse: matrix is invalid!
MnHesse: matrix is not pos. def.!
MnHesse: matrix was forced pos. def.
FunctionMinimum is invalid.
Minuit failed because covariance is not accurate, and covariance is not positive definite.
Minuit succeeded.
area = 3.64736633789 with chi^2 168.307207247
eigenvalues: 
-0.127015
0.266839
0.648983
1
1
1
1
1.00143
1.18234
3.02742
matrix forced pos-def by adding 0.130042 to diagonal
MnHesse: matrix is invalid!
MnHesse: matrix is not pos. def.!
MnHesse: matrix was forced pos. def.
FunctionMinimum is invalid.
Minuit failed because covariance is not accurate, and covariance is not positive definite.
Minuit succeeded.
area = 3.63753162029 with chi^2 164.086703966
Minuit succeeded.
area = 3.64780157642 with chi^2 169.007571142
Minuit succeeded.
area = 3.64238064285 with chi^2 162.122369392
Minuit succeeded.
area = 3.6460811995 with chi^2 164.672552885
Minuit succeeded.
area = 3.64768561102 with chi^2 167.457032911
Minuit succeeded.
area = 3.64864091521 with chi^2 169.505895015
Minuit succeeded.
area = 3.64083010212 with chi^2 169.520238224
Minuit succeeded.
area = 3.64599721991 with chi^2 171.094936711
Minuit succeeded.
area = 3.64955314775 with chi^2 171.484316153
Minuit succeeded.
area = 3.64308361746 with chi^2 172.839146134
areas mean, stdev = 3.64545406775 0.00418813844203 chi^2 mean, stdev = 168.48671651 3.31664037722
Now with jitter = 0.07
Minuit succeeded.
area = 3.6481873966 with chi^2 167.995066482
Minuit succeeded.
area = 3.63921774497 with chi^2 158.577241646
Minuit succeeded.
area = 3.6425455376 with chi^2 171.17677401
eigenvalues: 
-0.0671776
0.317299
0.634254
1
1
1
1
1.0023
1.35678
2.75655
matrix forced pos-def by adding 0.0699342 to diagonal
MnHesse: matrix is invalid!
MnHesse: matrix is not pos. def.!
MnHesse: matrix was forced pos. def.
FunctionMinimum is invalid.
Minuit failed because covariance is not accurate, and covariance is not positive definite.
Minuit succeeded.
area = 3.6536474419 with chi^2 167.942538733
Minuit succeeded.
area = 3.63801726694 with chi^2 168.101910613
Minuit succeeded.
area = 3.65856545947 with chi^2 168.85406668
eigenvalues: 
-0.26133
0.210558
0.674934
1
1
1
1
1.00128
1.13727
3.23729
matrix forced pos-def by adding 0.264567 to diagonal
MnHesse: matrix is invalid!
MnHesse: matrix is not pos. def.!
MnHesse: matrix was forced pos. def.
FunctionMinimum is invalid.
Minuit failed because covariance is not accurate, and covariance is not positive definite.
Minuit succeeded.
area = 3.64479395069 with chi^2 161.037065843
Minuit succeeded.
area = 3.65063993453 with chi^2 180.137649027
Minuit succeeded.
area = 3.6477075774 with chi^2 171.69233895
Minuit succeeded.
area = 3.6422784382 with chi^2 165.261263732
Minuit succeeded.
area = 3.64519966459 with chi^2 171.717732313
Minuit succeeded.
area = 3.63801835062 with chi^2 166.19777029
Minuit succeeded.
area = 3.64462951006 with chi^2 177.099208631
Minuit succeeded.
area = 3.64084753131 with chi^2 171.934022536
eigenvalues: 
-0.132024
0.224833
0.680458
1
1
1
1
1.00131
1.16841
3.05701
matrix forced pos-def by adding 0.135081 to diagonal
MnHesse: matrix is invalid!
MnHesse: matrix is not pos. def.!
MnHesse: matrix was forced pos. def.
FunctionMinimum is invalid.
Minuit failed because covariance is not accurate, and covariance is not positive definite.
Minuit succeeded.
area = 3.65150182881 with chi^2 169.929671466
Minuit succeeded.
area = 3.6422696905 with chi^2 167.822560243
Minuit succeeded.
area = 3.65406622313 with chi^2 169.078135256
Minuit succeeded.
area = 3.64405223291 with chi^2 174.345174474
Minuit succeeded.
area = 3.65039180876 with chi^2 167.47586856
Minuit succeeded.
area = 3.64338256296 with chi^2 174.114725307
Minuit succeeded.
area = 3.64045667783 with chi^2 174.27399596
Minuit succeeded.
area = 3.65181106567 with chi^2 171.472167215
Minuit succeeded.
area = 3.63856409314 with chi^2 168.784949347
Minuit succeeded.
area = 3.65107389719 with chi^2 180.244334306
Minuit succeeded.
area = 3.64516176147 with chi^2 178.213824476
eigenvalues: 
-0.193944
0.237015
0.678369
1
1
1
1
1.00092
1.08611
3.19154
matrix forced pos-def by adding 0.197135 to diagonal
MnHesse: matrix is invalid!
MnHesse: matrix is not pos. def.!
MnHesse: matrix was forced pos. def.
FunctionMinimum is invalid.
Minuit failed because covariance is not accurate, and covariance is not positive definite.
Minuit succeeded.
area = 3.64599033386 with chi^2 175.812419382
Minuit succeeded.
area = 3.6536990617 with chi^2 169.268847638
Minuit succeeded.
area = 3.6382104889 with chi^2 166.548854538
VariableMetricBuilder: matrix not pos.def.
gdel > 0: 2.39327e-06
eigenvalues: 
-2.67927
0.20346
0.792368
0.796749
0.885566
0.947131
0.991775
1.10245
1.3344
5.62537
matrix forced pos-def by adding 2.68489 to diagonal
gdel: -3.06354e-05
Minuit succeeded.
area = 3.64839741663 with chi^2 171.326830867
Minuit succeeded.
area = 3.64315790458 with chi^2 170.108643887
Minuit succeeded.
area = 3.64819957476 with chi^2 171.369593427
Minuit succeeded.
area = 3.64501016033 with chi^2 173.219774604
Minuit succeeded.
area = 3.63754739361 with chi^2 172.808630046
Minuit succeeded.
area = 3.64487439325 with chi^2 167.822419612
Minuit succeeded.
area = 3.64095878242 with chi^2 164.682249529
eigenvalues: 
-0.0203877
0.284287
0.663233
1
1
1
1
1.00123
1.14319
2.92845
matrix forced pos-def by adding 0.0233161 to diagonal
MnHesse: matrix is invalid!
MnHesse: matrix is not pos. def.!
MnHesse: matrix was forced pos. def.
FunctionMinimum is invalid.
Minuit failed because covariance is not accurate, and covariance is not positive definite.
Minuit succeeded.
area = 3.64090626318 with chi^2 168.225841102
Minuit succeeded.
area = 3.6382313549 with chi^2 167.94650916
Minuit succeeded.
area = 3.64900376659 with chi^2 170.39438922
Minuit succeeded.
area = 3.65309894188 with chi^2 182.593134368
VariableMetricBuilder: matrix not pos.def.
gdel > 0: 2.49262e-05
negative or zero diagonal element 1 in covariance matrix
added 1.0003 to diagonal of error matrix
gdel: 2.49262e-05
Minuit succeeded.
area = 3.64959093807 with chi^2 180.273277605
Minuit succeeded.
area = 3.6362551558 with chi^2 166.659465277
Minuit succeeded.
area = 3.64844161129 with chi^2 176.919859238
Minuit succeeded.
area = 3.64562643714 with chi^2 169.764810415
VariableMetricBuilder: no improvement
VariableMetricBuilder: finishes without convergence.
VariableMetricBuilder: edm= 0.0491837 requested: 1e-05
FunctionMinimum is invalid.
Minuit failed because the function is above maximum EDM.
Minuit succeeded.
area = 3.64529142326 with chi^2 173.862737222
Minuit succeeded.
area = 3.64935546414 with chi^2 164.945667501
Minuit succeeded.
area = 3.65374982078 with chi^2 177.189688468
Minuit succeeded.
area = 3.63715420037 with chi^2 168.192176102
VariableMetricBuilder: no improvement
VariableMetricBuilder: finishes without convergence.
VariableMetricBuilder: edm= 0.000201497 requested: 1e-05
eigenvalues: 
-4.60197
0.281036
0.669533
1
1
1
1
1.00517
2.06045
6.58578
matrix forced pos-def by adding 4.60855 to diagonal
MnHesse: matrix is invalid!
MnHesse: matrix is not pos. def.!
MnHesse: matrix was forced pos. def.
FunctionMinimum is invalid.
Minuit failed because covariance is not accurate, covariance is not positive definite, and the function is above maximum EDM.
Minuit succeeded.
area = 3.65054455565 with chi^2 176.936711729
Minuit succeeded.
area = 3.63951650593 with chi^2 176.360284
Minuit succeeded.
area = 3.65105398055 with chi^2 160.932308949
Minuit succeeded.
area = 3.64337960647 with chi^2 175.781059298
Minuit succeeded.
area = 3.6438607588 with chi^2 170.944494236
Minuit succeeded.
area = 3.64705262223 with chi^2 178.068258129
Minuit succeeded.
area = 3.64346967098 with chi^2 170.603758622
eigenvalues: 
-0.0459766
0.249003
0.658741
1
1
1
1
1.00023
1.15593
2.98206
matrix forced pos-def by adding 0.0489587 to diagonal
MnHesse: matrix is invalid!
MnHesse: matrix is not pos. def.!
MnHesse: matrix was forced pos. def.
FunctionMinimum is invalid.
Minuit failed because covariance is not accurate, and covariance is not positive definite.
Minuit succeeded.
area = 3.65458624687 with chi^2 163.009822012
Minuit succeeded.
area = 3.64381061547 with chi^2 160.433546438
Minuit succeeded.
area = 3.64541203736 with chi^2 173.724635344
Minuit succeeded.
area = 3.64047434504 with chi^2 163.340728985
Minuit succeeded.
area = 3.65500205642 with chi^2 173.561711605
Minuit succeeded.
area = 3.64924887409 with chi^2 175.111649818
Minuit succeeded.
area = 3.6410534463 with chi^2 176.259494767
Minuit succeeded.
area = 3.64772591901 with chi^2 161.150924238
Minuit succeeded.
area = 3.64266670072 with chi^2 164.934118291
Minuit succeeded.
area = 3.6473899603 with chi^2 171.531296458
Minuit succeeded.
area = 3.64743207459 with chi^2 178.980508368
Minuit succeeded.
area = 3.64200771793 with chi^2 168.144666427
Minuit succeeded.
area = 3.64746814688 with chi^2 168.262262052
Minuit succeeded.
area = 3.64867237772 with chi^2 174.328579386
Minuit succeeded.
area = 3.64999329208 with chi^2 172.854164164
Minuit succeeded.
area = 3.64128513813 with chi^2 165.216784827
Minuit succeeded.
area = 3.64809103909 with chi^2 174.358581078
Minuit succeeded.
area = 3.64065259999 with chi^2 176.016859852
Minuit succeeded.
area = 3.64712369265 with chi^2 173.072245688
Minuit succeeded.
area = 3.64981727129 with chi^2 170.041308083
Minuit succeeded.
area = 3.63925578635 with chi^2 176.01847767
Minuit succeeded.
area = 3.65782088826 with chi^2 168.310333791
Minuit succeeded.
area = 3.63999713464 with chi^2 181.520408995
eigenvalues: 
-0.0797534
0.233527
0.683307
1
1
1
1
1.00145
1.10854
3.05292
matrix forced pos-def by adding 0.0828064 to diagonal
MnHesse: matrix is invalid!
MnHesse: matrix is not pos. def.!
MnHesse: matrix was forced pos. def.
FunctionMinimum is invalid.
Minuit failed because covariance is not accurate, and covariance is not positive definite.
Minuit succeeded.
area = 3.65875261174 with chi^2 176.844128019
Minuit succeeded.
area = 3.64886055537 with chi^2 180.379214582
Minuit succeeded.
area = 3.64562318761 with chi^2 168.678160168
Minuit succeeded.
area = 3.6379594912 with chi^2 174.818623177
Minuit succeeded.
area = 3.64910061934 with chi^2 175.238359148
eigenvalues: 
-0.043176
0.221188
0.690252
1
1
1
1
1.00372
1.13955
2.98847
matrix forced pos-def by adding 0.0461645 to diagonal
MnHesse: matrix is invalid!
MnHesse: matrix is not pos. def.!
MnHesse: matrix was forced pos. def.
FunctionMinimum is invalid.
Minuit failed because covariance is not accurate, and covariance is not positive definite.
Minuit succeeded.
area = 3.646606386 with chi^2 170.240433141
Minuit succeeded.
area = 3.63457796539 with chi^2 161.355203256
Minuit succeeded.
area = 3.63082695868 with chi^2 159.224611858
Minuit succeeded.
area = 3.63608889997 with chi^2 173.023266744
Minuit succeeded.
area = 3.63603991076 with chi^2 163.572735089
eigenvalues: 
-0.12239
0.262893
0.657868
1
1
1
1
1.00124
1.17998
3.02041
matrix forced pos-def by adding 0.12541 to diagonal
MnHesse: matrix is invalid!
MnHesse: matrix is not pos. def.!
MnHesse: matrix was forced pos. def.
FunctionMinimum is invalid.
Minuit failed because covariance is not accurate, and covariance is not positive definite.
Minuit succeeded.
area = 3.6474070511 with chi^2 174.526596
eigenvalues: 
-0.0176229
0.355073
0.659102
1
1
1
1
1.00089
1.10789
2.89467
matrix forced pos-def by adding 0.0205176 to diagonal
MnHesse: matrix is invalid!
MnHesse: matrix is not pos. def.!
MnHesse: matrix was forced pos. def.
FunctionMinimum is invalid.
Minuit failed because covariance is not accurate, and covariance is not positive definite.
areas mean, stdev = 3.64542599129 0.00570992772868 chi^2 mean, stdev = 171.035536248 5.43104763023
