0.816056356703
Now with jitter = 0.0
Minuit succeeded.
area = 3.64351152465 with chi^2 179.572906572
areas mean, stdev = 3.64351152465 0.0 chi^2 mean, stdev = 179.572906572 0.0
Now with jitter = 0.05
Minuit succeeded.
area = 3.64756594301 with chi^2 185.277847039
Minuit succeeded.
area = 3.6482482859 with chi^2 187.25299195
eigenvalues: 
-0.0640054
0.253451
0.677822
1
1
1
1
1.00108
1.10015
3.0315
matrix forced pos-def by adding 0.0670369 to diagonal
MnHesse: matrix is invalid!
MnHesse: matrix is not pos. def.!
MnHesse: matrix was forced pos. def.
FunctionMinimum is invalid.
Minuit failed because covariance is not accurate, and covariance is not positive definite.
Minuit succeeded.
area = 3.64235859152 with chi^2 185.049142817
Minuit succeeded.
area = 3.65652111212 with chi^2 178.412208874
Minuit succeeded.
area = 3.652677707 with chi^2 179.641438534
Minuit succeeded.
area = 3.64761073608 with chi^2 185.750219624
Minuit succeeded.
area = 3.64453910547 with chi^2 180.899831798
Minuit succeeded.
area = 3.64549817346 with chi^2 186.46028389
eigenvalues: 
-0.0603722
0.216753
0.703895
1
1
1
1
1.00234
1.09829
3.03909
matrix forced pos-def by adding 0.0634113 to diagonal
MnHesse: matrix is invalid!
MnHesse: matrix is not pos. def.!
MnHesse: matrix was forced pos. def.
FunctionMinimum is invalid.
Minuit failed because covariance is not accurate, and covariance is not positive definite.
Minuit succeeded.
area = 3.6400598047 with chi^2 179.399594655
Minuit succeeded.
area = 3.64230290706 with chi^2 179.204973978
Minuit succeeded.
area = 3.64643586771 with chi^2 178.800851713
Minuit succeeded.
area = 3.6397599187 with chi^2 185.685027383
Minuit succeeded.
area = 3.64374939218 with chi^2 184.461988573
Minuit succeeded.
area = 3.63782764401 with chi^2 192.024647973
Minuit succeeded.
area = 3.64467680809 with chi^2 183.754160989
Minuit succeeded.
area = 3.64070019531 with chi^2 184.668186429
Minuit succeeded.
area = 3.64213355627 with chi^2 179.689181461
Minuit succeeded.
area = 3.64531059974 with chi^2 186.836943856
Minuit succeeded.
area = 3.63834115699 with chi^2 183.470563669
Minuit succeeded.
area = 3.64363476556 with chi^2 185.334850681
Minuit succeeded.
area = 3.63792989019 with chi^2 182.558934042
eigenvalues: 
-0.382087
0.209373
0.67205
1
1
1
1
1.00282
1.18397
3.31387
matrix forced pos-def by adding 0.385401 to diagonal
MnHesse: matrix is invalid!
MnHesse: matrix is not pos. def.!
MnHesse: matrix was forced pos. def.
FunctionMinimum is invalid.
Minuit failed because covariance is not accurate, and covariance is not positive definite.
Minuit succeeded.
area = 3.64795453865 with chi^2 184.997365217
Minuit succeeded.
area = 3.64415766595 with chi^2 186.189324188
Minuit succeeded.
area = 3.64830457153 with chi^2 184.603636757
Minuit succeeded.
area = 3.64127305412 with chi^2 176.724108048
Minuit succeeded.
area = 3.64622368602 with chi^2 182.91336785
Minuit succeeded.
area = 3.64519691484 with chi^2 180.672673522
Minuit succeeded.
area = 3.64186506574 with chi^2 189.753676662
Minuit succeeded.
area = 3.63578402244 with chi^2 176.033457328
Minuit succeeded.
area = 3.64438183427 with chi^2 180.630326291
Minuit succeeded.
area = 3.64683722603 with chi^2 184.241498747
Minuit succeeded.
area = 3.64862213515 with chi^2 177.209692882
Minuit succeeded.
area = 3.63635503012 with chi^2 179.843226545
Minuit succeeded.
area = 3.64056576487 with chi^2 183.945380781
Minuit succeeded.
area = 3.64265374369 with chi^2 181.812388042
Minuit succeeded.
area = 3.63994449957 with chi^2 182.278234935
Minuit succeeded.
area = 3.6453276785 with chi^2 184.039318994
Minuit succeeded.
area = 3.64545951535 with chi^2 183.526317751
Minuit succeeded.
area = 3.64406484981 with chi^2 184.261578271
Minuit succeeded.
area = 3.63766942733 with chi^2 180.193576778
VariableMetricBuilder: matrix not pos.def.
edm < 0
negative or zero diagonal element 1 in covariance matrix
negative or zero diagonal element 3 in covariance matrix
added 1.00011 to diagonal of error matrix
Minuit succeeded.
area = 3.64076319701 with chi^2 182.051153592
eigenvalues: 
-0.0131407
0.274393
0.671882
1
1
1
1
1.00047
1.08716
2.97924
matrix forced pos-def by adding 0.01612 to diagonal
MnHesse: matrix is invalid!
MnHesse: matrix is not pos. def.!
MnHesse: matrix was forced pos. def.
FunctionMinimum is invalid.
Minuit failed because covariance is not accurate, and covariance is not positive definite.
Minuit succeeded.
area = 3.6461712249 with chi^2 189.39284273
Minuit succeeded.
area = 3.64067669323 with chi^2 182.060634843
Minuit succeeded.
area = 3.63887936179 with chi^2 183.334688095
Minuit succeeded.
area = 3.64888835327 with chi^2 177.847525536
Minuit succeeded.
area = 3.64768207155 with chi^2 182.736887647
eigenvalues: 
-0.144175
0.217714
0.670051
1
1
1
1
1.00279
1.20328
3.05034
matrix forced pos-def by adding 0.147226 to diagonal
MnHesse: matrix is invalid!
MnHesse: matrix is not pos. def.!
MnHesse: matrix was forced pos. def.
FunctionMinimum is invalid.
Minuit failed because covariance is not accurate, and covariance is not positive definite.
Minuit succeeded.
area = 3.64181396997 with chi^2 180.307833033
Minuit succeeded.
area = 3.64653897863 with chi^2 186.975194889
Minuit succeeded.
area = 3.64313555984 with chi^2 184.980712933
Minuit succeeded.
area = 3.64189290288 with chi^2 176.725223955
Minuit succeeded.
area = 3.63952920499 with chi^2 179.346547476
Minuit succeeded.
area = 3.64505722435 with chi^2 185.42945436
Minuit succeeded.
area = 3.64478776681 with chi^2 183.869802655
Minuit succeeded.
area = 3.64882779671 with chi^2 177.969281123
Minuit succeeded.
area = 3.6433223844 with chi^2 183.951226738
eigenvalues: 
-0.0546906
0.273794
0.681681
1
1
1
1
1.00028
1.06612
3.03282
matrix forced pos-def by adding 0.0577234 to diagonal
MnHesse: matrix is invalid!
MnHesse: matrix is not pos. def.!
MnHesse: matrix was forced pos. def.
FunctionMinimum is invalid.
Minuit failed because covariance is not accurate, and covariance is not positive definite.
Minuit succeeded.
area = 3.64822998502 with chi^2 184.045383272
Minuit succeeded.
area = 3.64329577964 with chi^2 182.963969215
eigenvalues: 
-0.108147
0.202911
0.690511
1
1
1
1
1.00301
1.12432
3.08739
matrix forced pos-def by adding 0.111234 to diagonal
MnHesse: matrix is invalid!
MnHesse: matrix is not pos. def.!
MnHesse: matrix was forced pos. def.
FunctionMinimum is invalid.
Minuit failed because covariance is not accurate, and covariance is not positive definite.
Minuit succeeded.
area = 3.64835336952 with chi^2 176.964316519
Minuit succeeded.
area = 3.64599860923 with chi^2 178.720985519
Minuit succeeded.
area = 3.64534787789 with chi^2 185.978467605
Minuit succeeded.
area = 3.64644930041 with chi^2 183.869542287
Minuit succeeded.
area = 3.63584647496 with chi^2 178.955553017
Minuit succeeded.
area = 3.64415293979 with chi^2 180.741883926
Minuit succeeded.
area = 3.6523969213 with chi^2 181.763052694
Minuit succeeded.
area = 3.64693421104 with chi^2 182.703058466
Minuit succeeded.
area = 3.64229590498 with chi^2 180.819137922
Minuit succeeded.
area = 3.64204354418 with chi^2 184.939282783
Minuit succeeded.
area = 3.64983169272 with chi^2 186.568609127
eigenvalues: 
-0.0541856
0.267296
0.659299
1
1
1
1
1.00259
1.15419
2.97081
matrix forced pos-def by adding 0.0571564 to diagonal
MnHesse: matrix is invalid!
MnHesse: matrix is not pos. def.!
MnHesse: matrix was forced pos. def.
FunctionMinimum is invalid.
Minuit failed because covariance is not accurate, and covariance is not positive definite.
Minuit succeeded.
area = 3.64305762963 with chi^2 177.367174743
Minuit succeeded.
area = 3.64489892237 with chi^2 186.854004091
Minuit succeeded.
area = 3.65032763118 with chi^2 182.268895249
Minuit succeeded.
area = 3.65326629514 with chi^2 183.121547001
Minuit succeeded.
area = 3.6416928959 with chi^2 183.08587653
Minuit succeeded.
area = 3.6392902808 with chi^2 182.982724044
Minuit succeeded.
area = 3.64619742358 with chi^2 184.857745165
Minuit succeeded.
area = 3.65069261441 with chi^2 184.214896403
Minuit succeeded.
area = 3.64625894913 with chi^2 179.594585013
Minuit succeeded.
area = 3.64737121402 with chi^2 183.725500529
Minuit succeeded.
area = 3.64398031671 with chi^2 173.460549885
Minuit succeeded.
area = 3.64553532145 with chi^2 181.827645378
Minuit succeeded.
area = 3.64779027168 with chi^2 181.291667265
Minuit succeeded.
area = 3.65370666764 with chi^2 184.505887106
Minuit succeeded.
area = 3.64799415744 with chi^2 178.536718926
Minuit succeeded.
area = 3.6456281569 with chi^2 177.599643115
Minuit succeeded.
area = 3.63829742088 with chi^2 178.223129533
Minuit succeeded.
area = 3.63980674884 with chi^2 190.992426209
Minuit succeeded.
area = 3.64492810859 with chi^2 184.706032548
Minuit succeeded.
area = 3.64480373431 with chi^2 180.086796639
Minuit succeeded.
area = 3.64777165632 with chi^2 188.304496521
Minuit succeeded.
area = 3.64573197025 with chi^2 180.757734169
Minuit succeeded.
area = 3.64242095936 with chi^2 182.034152246
eigenvalues: 
-0.134019
0.216191
0.69935
1
1
1
1
1.00195
1.06947
3.14706
matrix forced pos-def by adding 0.137166 to diagonal
MnHesse: matrix is invalid!
MnHesse: matrix is not pos. def.!
MnHesse: matrix was forced pos. def.
FunctionMinimum is invalid.
Minuit failed because covariance is not accurate, and covariance is not positive definite.
areas mean, stdev = 3.6445177586 0.00407921311763 chi^2 mean, stdev = 182.581484613 3.46609046978
Now with jitter = 0.07
Minuit succeeded.
area = 3.64757606198 with chi^2 182.72133147
VariableMetricBuilder: no improvement
Minuit succeeded.
area = 3.64541244586 with chi^2 180.505872617
Minuit succeeded.
area = 3.64341613769 with chi^2 191.004303632
VariableMetricBuilder: no improvement
VariableMetricBuilder: machine accuracy limits further improvement.
Minuit succeeded.
area = 3.63395847355 with chi^2 184.437267464
Minuit succeeded.
area = 3.63909334211 with chi^2 182.355223794
Minuit succeeded.
area = 3.64408975238 with chi^2 181.009590176
Minuit succeeded.
area = 3.64837885452 with chi^2 184.806553415
Minuit succeeded.
area = 3.64310823833 with chi^2 184.496577267
VariableMetricBuilder: matrix not pos.def.
edm < 0
negative or zero diagonal element 1 in covariance matrix
added 1.00003 to diagonal of error matrix
Minuit succeeded.
area = 3.64390123797 with chi^2 180.017958739
Minuit succeeded.
area = 3.6533372779 with chi^2 184.062642539
Minuit succeeded.
area = 3.65225857956 with chi^2 190.219628333
Minuit succeeded.
area = 3.64091385547 with chi^2 188.807676581
Minuit succeeded.
area = 3.64006996129 with chi^2 173.999982299
Minuit succeeded.
area = 3.63494103247 with chi^2 186.256973574
Minuit succeeded.
area = 3.64044311004 with chi^2 179.758434593
Minuit succeeded.
area = 3.65471877338 with chi^2 177.500129496
Minuit succeeded.
area = 3.64092691678 with chi^2 186.722455183
Minuit succeeded.
area = 3.65498007151 with chi^2 181.702668848
Minuit succeeded.
area = 3.64238896821 with chi^2 178.852444813
VariableMetricBuilder: no improvement
Minuit succeeded.
area = 3.63413792817 with chi^2 182.518798444
Minuit succeeded.
area = 3.63669114715 with chi^2 197.764787905
Minuit succeeded.
area = 3.64359163637 with chi^2 183.75425766
Minuit succeeded.
area = 3.64567931744 with chi^2 189.4667187
Minuit succeeded.
area = 3.64413222211 with chi^2 186.711972007
Minuit succeeded.
area = 3.64625365343 with chi^2 188.020444225
Minuit succeeded.
area = 3.64283152911 with chi^2 193.436812367
Minuit succeeded.
area = 3.63545030139 with chi^2 184.360853923
Minuit succeeded.
area = 3.65536249174 with chi^2 182.291510196
Minuit succeeded.
area = 3.64299918347 with chi^2 188.585361747
VariableMetricBuilder: no improvement
Minuit succeeded.
area = 3.64412653033 with chi^2 181.541365991
Minuit succeeded.
area = 3.6437793259 with chi^2 185.934554387
Minuit succeeded.
area = 3.6465182289 with chi^2 180.415338577
Minuit succeeded.
area = 3.65626753393 with chi^2 191.579373988
Minuit succeeded.
area = 3.63890060159 with chi^2 184.193612532
Minuit succeeded.
area = 3.65781958316 with chi^2 188.104995864
Minuit succeeded.
area = 3.64689030366 with chi^2 187.160328618
Minuit succeeded.
area = 3.64401063943 with chi^2 175.697463634
Minuit succeeded.
area = 3.65083782088 with chi^2 181.135162746
Minuit succeeded.
area = 3.64626411616 with chi^2 190.222123486
Minuit succeeded.
area = 3.63782494175 with chi^2 188.903973036
Minuit succeeded.
area = 3.64452139085 with chi^2 180.587454334
Minuit succeeded.
area = 3.64334991727 with chi^2 181.385048122
eigenvalues: 
-0.00659962
0.240443
0.686759
1
1
1
1
1.00198
1.08746
2.98996
matrix forced pos-def by adding 0.00958957 to diagonal
MnHesse: matrix is invalid!
MnHesse: matrix is not pos. def.!
MnHesse: matrix was forced pos. def.
FunctionMinimum is invalid.
Minuit failed because covariance is not accurate, and covariance is not positive definite.
Minuit succeeded.
area = 3.64806322449 with chi^2 187.485211674
Minuit succeeded.
area = 3.6389113508 with chi^2 187.123161119
eigenvalues: 
-0.150288
0.219719
0.682622
1
1
1
1
1.00175
1.10595
3.14024
matrix forced pos-def by adding 0.153428 to diagonal
MnHesse: matrix is invalid!
MnHesse: matrix is not pos. def.!
MnHesse: matrix was forced pos. def.
FunctionMinimum is invalid.
Minuit failed because covariance is not accurate, and covariance is not positive definite.
Minuit succeeded.
area = 3.64399363748 with chi^2 183.46767212
Minuit succeeded.
area = 3.63921313738 with chi^2 184.865707851
Minuit succeeded.
area = 3.64171788515 with chi^2 183.952045804
Minuit succeeded.
area = 3.63693638148 with chi^2 190.018053668
Minuit succeeded.
area = 3.65317675025 with chi^2 176.173806216
Minuit succeeded.
area = 3.6530995379 with chi^2 180.855512459
Minuit succeeded.
area = 3.6512715848 with chi^2 196.000264984
Minuit succeeded.
area = 3.63779840621 with chi^2 185.588136715
Minuit succeeded.
area = 3.65909021547 with chi^2 184.937070158
Minuit succeeded.
area = 3.64767784444 with chi^2 184.536385202
Minuit succeeded.
area = 3.6598494331 with chi^2 188.257125492
Minuit succeeded.
area = 3.65116020467 with chi^2 181.694466012
Minuit succeeded.
area = 3.63717701756 with chi^2 188.262600837
VariableMetricBuilder: no improvement
Minuit succeeded.
area = 3.64557986795 with chi^2 188.313100452
Minuit succeeded.
area = 3.6530276723 with chi^2 193.438090646
Minuit succeeded.
area = 3.64909315043 with chi^2 187.587250512
Minuit succeeded.
area = 3.64846892492 with chi^2 179.771699577
Minuit succeeded.
area = 3.64483684915 with chi^2 189.174930092
eigenvalues: 
-0.0273168
0.275512
0.664414
1
1
1
1
1.00095
1.13677
2.94967
matrix forced pos-def by adding 0.0302665 to diagonal
MnHesse: matrix is invalid!
MnHesse: matrix is not pos. def.!
MnHesse: matrix was forced pos. def.
FunctionMinimum is invalid.
Minuit failed because covariance is not accurate, and covariance is not positive definite.
Minuit succeeded.
area = 3.6458194656 with chi^2 189.24355954
Minuit succeeded.
area = 3.6555134355 with chi^2 178.840842027
eigenvalues: 
-0.00671527
0.253399
0.673404
1
1
1
1
1.00026
1.08083
2.99883
matrix forced pos-def by adding 0.0097141 to diagonal
MnHesse: matrix is invalid!
MnHesse: matrix is not pos. def.!
MnHesse: matrix was forced pos. def.
FunctionMinimum is invalid.
Minuit failed because covariance is not accurate, and covariance is not positive definite.
Minuit succeeded.
area = 3.64137554579 with chi^2 188.513953179
Minuit succeeded.
area = 3.65076054772 with chi^2 183.86659064
Minuit succeeded.
area = 3.64609737452 with chi^2 183.531293046
VariableMetricBuilder: no improvement
Minuit succeeded.
area = 3.65185095004 with chi^2 180.083085345
Minuit succeeded.
area = 3.63928539909 with chi^2 184.387685483
VariableMetricBuilder: no improvement
eigenvalues: 
-0.219117
0.282713
0.640201
1
1
1
1
1.00387
1.46534
2.82698
matrix forced pos-def by adding 0.221944 to diagonal
MnHesse: matrix is invalid!
MnHesse: matrix is not pos. def.!
MnHesse: matrix was forced pos. def.
FunctionMinimum is invalid.
Minuit failed because covariance is not accurate, and covariance is not positive definite.
Minuit succeeded.
area = 3.64445400877 with chi^2 184.164636331
Minuit succeeded.
area = 3.64340352575 with chi^2 178.229991185
Minuit succeeded.
area = 3.64990350017 with chi^2 187.125769677
Minuit succeeded.
area = 3.64025995656 with chi^2 192.304742215
VariableMetricBuilder: no improvement
Minuit succeeded.
area = 3.64689007445 with chi^2 178.373952783
Minuit succeeded.
area = 3.64026520831 with chi^2 189.554945516
Minuit succeeded.
area = 3.64570945715 with chi^2 183.952190903
Minuit succeeded.
area = 3.63939047219 with chi^2 183.371534579
Minuit succeeded.
area = 3.63926068317 with chi^2 187.57793657
Minuit succeeded.
area = 3.64498624202 with chi^2 190.883582045
Minuit succeeded.
area = 3.64029260639 with chi^2 181.479448068
Minuit succeeded.
area = 3.64143504453 with chi^2 187.806489157
Minuit succeeded.
area = 3.64801417238 with chi^2 180.460471691
Minuit succeeded.
area = 3.64297086092 with chi^2 180.005391032
Minuit succeeded.
area = 3.645295077 with chi^2 183.796571225
Minuit succeeded.
area = 3.66023459272 with chi^2 182.752845638
Minuit succeeded.
area = 3.64360661665 with chi^2 181.860455304
Minuit succeeded.
area = 3.64421848787 with chi^2 187.046818059
Minuit succeeded.
area = 3.65861887444 with chi^2 175.86682976
Minuit succeeded.
area = 3.6376132449 with chi^2 183.875387399
VariableMetricBuilder: no improvement
Minuit succeeded.
area = 3.64464077891 with chi^2 189.826370235
Minuit succeeded.
area = 3.63791453326 with chi^2 186.226186604
Minuit succeeded.
area = 3.64519132404 with chi^2 187.478325751
Minuit succeeded.
area = 3.64974658081 with chi^2 181.430120304
Minuit succeeded.
area = 3.63700898842 with chi^2 178.212947124
Minuit succeeded.
area = 3.65070291059 with chi^2 178.301523315
areas mean, stdev = 3.64531607423 0.00613285190897 chi^2 mean, stdev = 184.683629375 4.59027540377
