0.230697821806
Now with jitter = 0.0
Minuit succeeded.
area = 3.58548514912 with chi^2 156.541887826
areas mean, stdev = 3.58548514912 0.0 chi^2 mean, stdev = 156.541887826 0.0
Now with jitter = 0.05
Minuit succeeded.
area = 3.58941432718 with chi^2 161.843032394
Minuit succeeded.
area = 3.57901866085 with chi^2 160.760568616
VariableMetricBuilder: no improvement
VariableMetricBuilder: finishes without convergence.
VariableMetricBuilder: edm= 0.000101443 requested: 1e-05
FunctionMinimum is invalid.
Minuit failed because the function is above maximum EDM.
Minuit succeeded.
area = 3.58345691771 with chi^2 157.364410541
eigenvalues: 
-0.329661
0.225693
0.677859
1
1
1
1
1.00225
1.11984
3.30402
matrix forced pos-def by adding 0.332965 to diagonal
MnHesse: matrix is invalid!
MnHesse: matrix is not pos. def.!
MnHesse: matrix was forced pos. def.
FunctionMinimum is invalid.
Minuit failed because covariance is not accurate, and covariance is not positive definite.
Minuit succeeded.
area = 3.58860799836 with chi^2 159.348350595
Minuit succeeded.
area = 3.5872596216 with chi^2 156.961952495
Minuit succeeded.
area = 3.59448416897 with chi^2 158.898026837
Minuit succeeded.
area = 3.58277959901 with chi^2 156.233513675
Minuit succeeded.
area = 3.58622603696 with chi^2 164.989320052
Minuit succeeded.
area = 3.5884278659 with chi^2 155.592158785
Minuit succeeded.
area = 3.59163530746 with chi^2 160.279408469
Minuit succeeded.
area = 3.58361883936 with chi^2 163.497609511
Minuit succeeded.
area = 3.58277667347 with chi^2 162.462434951
Minuit succeeded.
area = 3.58129783053 with chi^2 165.506169266
Minuit succeeded.
area = 3.58950288734 with chi^2 157.878574891
Minuit succeeded.
area = 3.58245513684 with chi^2 158.973708625
eigenvalues: 
-0.0106905
0.318766
0.656519
1
1
1
1
1.00183
1.15642
2.87716
matrix forced pos-def by adding 0.0135676 to diagonal
MnHesse: matrix is invalid!
MnHesse: matrix is not pos. def.!
MnHesse: matrix was forced pos. def.
FunctionMinimum is invalid.
Minuit failed because covariance is not accurate, and covariance is not positive definite.
Minuit succeeded.
area = 3.59061628653 with chi^2 158.304536926
Minuit succeeded.
area = 3.58687433719 with chi^2 160.500257094
eigenvalues: 
-0.00620461
0.215511
0.662862
1
1
1
1
1.00508
1.31712
2.80562
matrix forced pos-def by adding 0.00901024 to diagonal
MnHesse: matrix is invalid!
MnHesse: matrix is not pos. def.!
MnHesse: matrix was forced pos. def.
FunctionMinimum is invalid.
Minuit failed because covariance is not accurate, and covariance is not positive definite.
Minuit succeeded.
area = 3.58510761489 with chi^2 161.356853022
Minuit succeeded.
area = 3.58892430945 with chi^2 168.074186022
Minuit succeeded.
area = 3.57642838256 with chi^2 166.358612318
Minuit succeeded.
area = 3.58939402493 with chi^2 159.633909837
eigenvalues: 
-0.00945333
0.277889
0.677617
1
1
1
1
1.0003
1.06444
2.9892
matrix forced pos-def by adding 0.0124425 to diagonal
MnHesse: matrix is invalid!
MnHesse: matrix is not pos. def.!
MnHesse: matrix was forced pos. def.
FunctionMinimum is invalid.
Minuit failed because covariance is not accurate, and covariance is not positive definite.
eigenvalues: 
-0.120235
0.293624
0.655506
1
1
1
1
1.00582
1.14041
3.02487
matrix forced pos-def by adding 0.12326 to diagonal
MnHesse: matrix is invalid!
MnHesse: matrix is not pos. def.!
MnHesse: matrix was forced pos. def.
FunctionMinimum is invalid.
Minuit failed because covariance is not accurate, and covariance is not positive definite.
eigenvalues: 
-0.0933927
0.265209
0.64818
1
1
1
1
1.00018
1.17915
3.00067
matrix forced pos-def by adding 0.0963933 to diagonal
MnHesse: matrix is invalid!
MnHesse: matrix is not pos. def.!
MnHesse: matrix was forced pos. def.
FunctionMinimum is invalid.
Minuit failed because covariance is not accurate, and covariance is not positive definite.
eigenvalues: 
-0.0774576
0.236439
0.670397
1
1
1
1
1.00058
1.09516
3.07488
matrix forced pos-def by adding 0.0805324 to diagonal
MnHesse: matrix is invalid!
MnHesse: matrix is not pos. def.!
MnHesse: matrix was forced pos. def.
FunctionMinimum is invalid.
Minuit failed because covariance is not accurate, and covariance is not positive definite.
Minuit succeeded.
area = 3.58691827786 with chi^2 163.195882675
Minuit succeeded.
area = 3.58960040828 with chi^2 158.454704299
Minuit succeeded.
area = 3.57476858938 with chi^2 156.900980994
Minuit succeeded.
area = 3.58141079736 with chi^2 160.05535042
Minuit succeeded.
area = 3.5877818581 with chi^2 159.883271152
Minuit succeeded.
area = 3.58153426988 with chi^2 160.830623779
Minuit succeeded.
area = 3.57324146118 with chi^2 157.267622698
eigenvalues: 
-0.194885
0.232949
0.66404
1
1
1
1
1.001
1.1579
3.139
matrix forced pos-def by adding 0.198024 to diagonal
MnHesse: matrix is invalid!
MnHesse: matrix is not pos. def.!
MnHesse: matrix was forced pos. def.
FunctionMinimum is invalid.
Minuit failed because covariance is not accurate, and covariance is not positive definite.
Minuit succeeded.
area = 3.58196749097 with chi^2 157.593509673
Minuit succeeded.
area = 3.58692454126 with chi^2 160.661953278
Minuit succeeded.
area = 3.58712137351 with chi^2 158.706010846
Minuit succeeded.
area = 3.58332887655 with chi^2 160.478998328
eigenvalues: 
-0.0253997
0.282373
0.663426
1
1
1
1
1.00069
1.11442
2.9645
matrix forced pos-def by adding 0.0283642 to diagonal
MnHesse: matrix is invalid!
MnHesse: matrix is not pos. def.!
MnHesse: matrix was forced pos. def.
FunctionMinimum is invalid.
Minuit failed because covariance is not accurate, and covariance is not positive definite.
Minuit succeeded.
area = 3.58485968785 with chi^2 159.126652637
Minuit succeeded.
area = 3.58917280808 with chi^2 162.029950117
Minuit succeeded.
area = 3.58415482023 with chi^2 153.776527678
Minuit succeeded.
area = 3.58083084046 with chi^2 158.672858444
Minuit succeeded.
area = 3.59216080712 with chi^2 160.349979455
Minuit succeeded.
area = 3.58210635766 with chi^2 156.313405511
eigenvalues: 
-0.0970204
0.226095
0.650727
1
1
1
1
1.00089
1.20898
3.01033
matrix forced pos-def by adding 0.100031 to diagonal
MnHesse: matrix is invalid!
MnHesse: matrix is not pos. def.!
MnHesse: matrix was forced pos. def.
FunctionMinimum is invalid.
Minuit failed because covariance is not accurate, and covariance is not positive definite.
Minuit succeeded.
area = 3.58197872586 with chi^2 162.052534971
eigenvalues: 
-0.0471743
0.236306
0.699214
1
1
1
1
1.00429
1.07894
3.02842
matrix forced pos-def by adding 0.0502027 to diagonal
MnHesse: matrix is invalid!
MnHesse: matrix is not pos. def.!
MnHesse: matrix was forced pos. def.
FunctionMinimum is invalid.
Minuit failed because covariance is not accurate, and covariance is not positive definite.
Minuit succeeded.
area = 3.59332010433 with chi^2 156.625978901
Minuit succeeded.
area = 3.59255187325 with chi^2 153.929077041
Minuit succeeded.
area = 3.58539502077 with chi^2 162.251882442
Minuit succeeded.
area = 3.58366512122 with chi^2 162.579126338
Minuit succeeded.
area = 3.58805321113 with chi^2 163.254000891
eigenvalues: 
-0.066931
0.228109
0.674567
1
1
1
1
1.00319
1.15361
3.00746
matrix forced pos-def by adding 0.0699385 to diagonal
MnHesse: matrix is invalid!
MnHesse: matrix is not pos. def.!
MnHesse: matrix was forced pos. def.
FunctionMinimum is invalid.
Minuit failed because covariance is not accurate, and covariance is not positive definite.
Minuit succeeded.
area = 3.59135965316 with chi^2 155.277269362
Minuit succeeded.
area = 3.58701062703 with chi^2 159.705636306
Minuit succeeded.
area = 3.58589761655 with chi^2 164.324851519
Minuit succeeded.
area = 3.58346575863 with chi^2 161.756358601
Minuit succeeded.
area = 3.5852791932 with chi^2 156.389792468
Minuit succeeded.
area = 3.58945660459 with chi^2 156.576199098
Minuit succeeded.
area = 3.5890750179 with chi^2 162.597616254
Minuit succeeded.
area = 3.58808575532 with chi^2 157.937976226
Minuit succeeded.
area = 3.58433002288 with chi^2 163.383121334
Minuit succeeded.
area = 3.58012354945 with chi^2 160.605246701
VariableMetricBuilder: no improvement
VariableMetricBuilder: finishes without convergence.
VariableMetricBuilder: edm= 0.00167625 requested: 1e-05
FunctionMinimum is invalid.
Minuit failed because the function is above maximum EDM.
Minuit succeeded.
area = 3.58722088404 with chi^2 157.963789583
Minuit succeeded.
area = 3.58574618419 with chi^2 161.661044994
Minuit succeeded.
area = 3.5906191096 with chi^2 163.195587663
Minuit succeeded.
area = 3.58553076415 with chi^2 156.912767186
Minuit succeeded.
area = 3.58954603203 with chi^2 158.38140467
Minuit succeeded.
area = 3.5771231152 with chi^2 157.910311734
Minuit succeeded.
area = 3.59251664682 with chi^2 161.433390177
Minuit succeeded.
area = 3.59130908439 with chi^2 162.98788189
Minuit succeeded.
area = 3.58360672303 with chi^2 162.652745918
Minuit succeeded.
area = 3.57834992561 with chi^2 158.991219427
Minuit succeeded.
area = 3.58736159239 with chi^2 149.305324837
eigenvalues: 
-0.324983
0.210325
0.667392
1
1
1
1
1.00132
1.21102
3.23492
matrix forced pos-def by adding 0.328217 to diagonal
MnHesse: matrix is invalid!
MnHesse: matrix is not pos. def.!
MnHesse: matrix was forced pos. def.
FunctionMinimum is invalid.
Minuit failed because covariance is not accurate, and covariance is not positive definite.
eigenvalues: 
-0.0900407
0.259185
0.659712
1
1
1
1
1.0002
1.1336
3.03734
matrix forced pos-def by adding 0.093078 to diagonal
MnHesse: matrix is invalid!
MnHesse: matrix is not pos. def.!
MnHesse: matrix was forced pos. def.
FunctionMinimum is invalid.
Minuit failed because covariance is not accurate, and covariance is not positive definite.
Minuit succeeded.
area = 3.58646260807 with chi^2 153.471053366
Minuit succeeded.
area = 3.58855265755 with chi^2 160.405815583
Minuit succeeded.
area = 3.58114285498 with chi^2 157.02976278
Minuit succeeded.
area = 3.57717402702 with chi^2 166.40592928
Minuit succeeded.
area = 3.57710259513 with chi^2 156.708985452
Minuit succeeded.
area = 3.58347151545 with chi^2 161.231652276
eigenvalues: 
-0.100977
0.211795
0.706286
1
1
1
1
1.00295
1.06468
3.11527
matrix forced pos-def by adding 0.104092 to diagonal
MnHesse: matrix is invalid!
MnHesse: matrix is not pos. def.!
MnHesse: matrix was forced pos. def.
FunctionMinimum is invalid.
Minuit failed because covariance is not accurate, and covariance is not positive definite.
Minuit succeeded.
area = 3.59020793235 with chi^2 156.323089197
eigenvalues: 
-0.0462916
0.267841
0.660933
1
1
1
1
1.00135
1.16173
2.95444
matrix forced pos-def by adding 0.049246 to diagonal
MnHesse: matrix is invalid!
MnHesse: matrix is not pos. def.!
MnHesse: matrix was forced pos. def.
FunctionMinimum is invalid.
Minuit failed because covariance is not accurate, and covariance is not positive definite.
Minuit succeeded.
area = 3.59235804772 with chi^2 157.261197667
Minuit succeeded.
area = 3.58428490281 with chi^2 158.4886765
eigenvalues: 
-0.186046
0.220795
0.677707
1
1
1
1
1.00266
1.11548
3.1694
matrix forced pos-def by adding 0.189216 to diagonal
MnHesse: matrix is invalid!
MnHesse: matrix is not pos. def.!
MnHesse: matrix was forced pos. def.
FunctionMinimum is invalid.
Minuit failed because covariance is not accurate, and covariance is not positive definite.
Minuit succeeded.
area = 3.5811709518 with chi^2 161.183575228
Minuit succeeded.
area = 3.5878778456 with chi^2 159.925565123
Minuit succeeded.
area = 3.58445350707 with chi^2 159.931157399
eigenvalues: 
-0.0924761
0.228502
0.671297
1
1
1
1
1.00132
1.12316
3.06819
matrix forced pos-def by adding 0.0955443 to diagonal
MnHesse: matrix is invalid!
MnHesse: matrix is not pos. def.!
MnHesse: matrix was forced pos. def.
FunctionMinimum is invalid.
Minuit failed because covariance is not accurate, and covariance is not positive definite.
eigenvalues: 
-0.241082
0.2291
0.664128
1
1
1
1
1.00084
1.16005
3.18696
matrix forced pos-def by adding 0.244269 to diagonal
MnHesse: matrix is invalid!
MnHesse: matrix is not pos. def.!
MnHesse: matrix was forced pos. def.
FunctionMinimum is invalid.
Minuit failed because covariance is not accurate, and covariance is not positive definite.
Minuit succeeded.
area = 3.5910288835 with chi^2 164.902544829
Minuit succeeded.
area = 3.58652552636 with chi^2 158.649048799
areas mean, stdev = 3.58564534006 0.00454700713345 chi^2 mean, stdev = 159.76805148 3.23695801373
Now with jitter = 0.07
Minuit succeeded.
area = 3.58737188024 with chi^2 167.480058541
Minuit succeeded.
area = 3.59571752864 with chi^2 156.930107193
Minuit succeeded.
area = 3.57178737863 with chi^2 158.461931245
VariableMetricBuilder: no improvement
Minuit succeeded.
area = 3.58226782541 with chi^2 156.414944124
VariableMetricBuilder: no improvement
VariableMetricBuilder: finishes without convergence.
VariableMetricBuilder: edm= 0.00282178 requested: 1e-05
FunctionMinimum is invalid.
Minuit failed because the function is above maximum EDM.
Minuit succeeded.
area = 3.57487690797 with chi^2 165.365718523
Minuit succeeded.
area = 3.57945282614 with chi^2 164.685158998
Minuit succeeded.
area = 3.58404489225 with chi^2 167.253119691
Minuit succeeded.
area = 3.59437276141 with chi^2 159.742634194
Minuit succeeded.
area = 3.59323645708 with chi^2 151.764820619
Minuit succeeded.
area = 3.58823264987 with chi^2 158.118264686
Minuit succeeded.
area = 3.59641610396 with chi^2 161.90443476
Minuit succeeded.
area = 3.59233024984 with chi^2 161.786516844
Minuit succeeded.
area = 3.58821948412 with chi^2 170.086965846
eigenvalues: 
-0.0714413
0.242278
0.66598
1
1
1
1
1.00088
1.12952
3.03278
matrix forced pos-def by adding 0.0744741 to diagonal
MnHesse: matrix is invalid!
MnHesse: matrix is not pos. def.!
MnHesse: matrix was forced pos. def.
FunctionMinimum is invalid.
Minuit failed because covariance is not accurate, and covariance is not positive definite.
eigenvalues: 
-0.14847
0.258383
0.655344
1
1
1
1
1.00297
1.21938
3.01239
matrix forced pos-def by adding 0.151483 to diagonal
MnHesse: matrix is invalid!
MnHesse: matrix is not pos. def.!
MnHesse: matrix was forced pos. def.
FunctionMinimum is invalid.
Minuit failed because covariance is not accurate, and covariance is not positive definite.
eigenvalues: 
-0.0328112
0.251508
0.681809
1
1
1
1
1.00055
1.06825
3.0307
matrix forced pos-def by adding 0.0358419 to diagonal
MnHesse: matrix is invalid!
MnHesse: matrix is not pos. def.!
MnHesse: matrix was forced pos. def.
FunctionMinimum is invalid.
Minuit failed because covariance is not accurate, and covariance is not positive definite.
Minuit succeeded.
area = 3.59405170202 with chi^2 169.068186392
Minuit succeeded.
area = 3.58491373827 with chi^2 151.4217891
VariableMetricBuilder: no improvement
Minuit succeeded.
area = 3.57998193594 with chi^2 157.159659814
eigenvalues: 
-0.17976
0.220789
0.656917
1
1
1
1
1.00298
1.27058
3.0285
matrix forced pos-def by adding 0.182788 to diagonal
MnHesse: matrix is invalid!
MnHesse: matrix is not pos. def.!
MnHesse: matrix was forced pos. def.
FunctionMinimum is invalid.
Minuit failed because covariance is not accurate, and covariance is not positive definite.
Minuit succeeded.
area = 3.58534783983 with chi^2 159.43780392
VariableMetricBuilder: no improvement
Minuit succeeded.
area = 3.57218756977 with chi^2 160.416899351
eigenvalues: 
-0.144492
0.234721
0.685033
1
1
1
1
1.0005
1.04914
3.1751
matrix forced pos-def by adding 0.147667 to diagonal
MnHesse: matrix is invalid!
MnHesse: matrix is not pos. def.!
MnHesse: matrix was forced pos. def.
FunctionMinimum is invalid.
Minuit failed because covariance is not accurate, and covariance is not positive definite.
eigenvalues: 
-0.0470413
0.230815
0.671146
1
1
1
1
1.00268
1.15319
2.98921
matrix forced pos-def by adding 0.0500306 to diagonal
MnHesse: matrix is invalid!
MnHesse: matrix is not pos. def.!
MnHesse: matrix was forced pos. def.
FunctionMinimum is invalid.
Minuit failed because covariance is not accurate, and covariance is not positive definite.
Minuit succeeded.
area = 3.58915744316 with chi^2 171.705041798
Minuit succeeded.
area = 3.58603186 with chi^2 166.98943398
Minuit succeeded.
area = 3.58816908081 with chi^2 161.016478038
Minuit succeeded.
area = 3.58797088879 with chi^2 158.111356767
Minuit succeeded.
area = 3.59137716697 with chi^2 154.783748659
Minuit succeeded.
area = 3.59077530346 with chi^2 160.950286369
VariableMetricBuilder: matrix not pos.def.
gdel > 0: 0.0089524
negative or zero diagonal element 1 in covariance matrix
added 1.00023 to diagonal of error matrix
gdel: 0.0089524
Minuit succeeded.
area = 3.59378039304 with chi^2 163.582273345
Minuit succeeded.
area = 3.58765246084 with chi^2 156.817953981
Minuit succeeded.
area = 3.58272326756 with chi^2 159.738710866
Minuit succeeded.
area = 3.5873477816 with chi^2 163.502530886
Minuit succeeded.
area = 3.58709952626 with chi^2 153.766865929
Minuit succeeded.
area = 3.59163199613 with chi^2 153.436329647
Minuit succeeded.
area = 3.5775104384 with chi^2 161.629558114
Minuit succeeded.
area = 3.58473083031 with chi^2 166.393244548
Minuit succeeded.
area = 3.58784209068 with chi^2 156.241557174
Minuit succeeded.
area = 3.58129450885 with chi^2 165.802759659
Minuit succeeded.
area = 3.57994379692 with chi^2 163.834638969
Minuit succeeded.
area = 3.59024960128 with chi^2 170.592520072
Minuit succeeded.
area = 3.58387040241 with chi^2 169.940448242
Minuit succeeded.
area = 3.58073533156 with chi^2 163.849044199
Minuit succeeded.
area = 3.58046038417 with chi^2 163.962471133
Minuit succeeded.
area = 3.58420295549 with chi^2 169.774991886
Minuit succeeded.
area = 3.59854417036 with chi^2 169.345663726
Minuit succeeded.
area = 3.58794399606 with chi^2 161.394319974
eigenvalues: 
-0.0122593
0.236644
0.688099
1
1
1
1
1.00206
1.09261
2.99284
matrix forced pos-def by adding 0.0152521 to diagonal
MnHesse: matrix is invalid!
MnHesse: matrix is not pos. def.!
MnHesse: matrix was forced pos. def.
FunctionMinimum is invalid.
Minuit failed because covariance is not accurate, and covariance is not positive definite.
Minuit succeeded.
area = 3.59831544517 with chi^2 165.241358398
Minuit succeeded.
area = 3.57928740702 with chi^2 167.754783838
eigenvalues: 
-0.879437
0.191699
0.648817
1
1
1
1
1.0047
1.34636
3.68786
matrix forced pos-def by adding 0.883125 to diagonal
MnHesse: matrix is invalid!
MnHesse: matrix is not pos. def.!
MnHesse: matrix was forced pos. def.
FunctionMinimum is invalid.
Minuit failed because covariance is not accurate, and covariance is not positive definite.
Minuit succeeded.
area = 3.58561003497 with chi^2 154.649989252
eigenvalues: 
-0.0599092
0.22929
0.681581
1
1
1
1
1.00243
1.13775
3.00886
matrix forced pos-def by adding 0.0629181 to diagonal
MnHesse: matrix is invalid!
MnHesse: matrix is not pos. def.!
MnHesse: matrix was forced pos. def.
FunctionMinimum is invalid.
Minuit failed because covariance is not accurate, and covariance is not positive definite.
eigenvalues: 
-0.0205176
0.237912
0.673282
1
1
1
1
1.00211
1.14707
2.96015
matrix forced pos-def by adding 0.0234777 to diagonal
MnHesse: matrix is invalid!
MnHesse: matrix is not pos. def.!
MnHesse: matrix was forced pos. def.
FunctionMinimum is invalid.
Minuit failed because covariance is not accurate, and covariance is not positive definite.
Minuit succeeded.
area = 3.57614737799 with chi^2 158.452808983
Minuit succeeded.
area = 3.58303744019 with chi^2 162.778468592
Minuit succeeded.
area = 3.58108497494 with chi^2 167.657735767
Minuit succeeded.
area = 3.5872958309 with chi^2 160.741012425
Minuit succeeded.
area = 3.58387368827 with chi^2 168.288958804
VariableMetricBuilder: matrix not pos.def.
gdel > 0: 0.0114003
negative or zero diagonal element 0 in covariance matrix
negative or zero diagonal element 1 in covariance matrix
negative or zero diagonal element 2 in covariance matrix
negative or zero diagonal element 5 in covariance matrix
negative or zero diagonal element 8 in covariance matrix
negative or zero diagonal element 9 in covariance matrix
added 1.00371 to diagonal of error matrix
gdel: 0.0114003
Minuit succeeded.
area = 3.57673469642 with chi^2 164.493373858
Minuit succeeded.
area = 3.5772645494 with chi^2 155.671266209
Minuit succeeded.
area = 3.59270918016 with chi^2 163.475321967
Minuit succeeded.
area = 3.58930073855 with chi^2 170.335837268
Minuit succeeded.
area = 3.59123103479 with chi^2 158.434741295
Minuit succeeded.
area = 3.58852744019 with chi^2 169.163381753
VariableMetricBuilder: matrix not pos.def.
edm < 0
eigenvalues: 
-12.9965
0.215112
0.532906
0.792566
0.868279
0.933037
1.00322
1.12104
1.73108
15.7993
matrix forced pos-def by adding 13.0123 to diagonal
VariableMetricBuilder: no improvement
Minuit succeeded.
area = 3.60245233307 with chi^2 166.934878405
Minuit succeeded.
area = 3.58509349876 with chi^2 169.609843882
Minuit succeeded.
area = 3.58797296801 with chi^2 160.671831173
Minuit succeeded.
area = 3.58572605557 with chi^2 161.783079877
Minuit succeeded.
area = 3.58793631373 with chi^2 161.441488565
VariableMetricBuilder: no improvement
Minuit succeeded.
area = 3.58953338503 with chi^2 158.225058097
Minuit succeeded.
area = 3.58327567854 with chi^2 160.980574252
VariableMetricBuilder: no improvement
Minuit succeeded.
area = 3.58432440266 with chi^2 160.78227899
VariableMetricBuilder: no improvement
Minuit succeeded.
area = 3.57364105528 with chi^2 161.520631919
eigenvalues: 
-0.208498
0.271372
0.671725
1
1
1
1
1.00036
1.07109
3.19395
matrix forced pos-def by adding 0.211692 to diagonal
MnHesse: matrix is invalid!
MnHesse: matrix is not pos. def.!
MnHesse: matrix was forced pos. def.
FunctionMinimum is invalid.
Minuit failed because covariance is not accurate, and covariance is not positive definite.
Minuit succeeded.
area = 3.58711742086 with chi^2 157.185948788
VariableMetricBuilder: no improvement
Minuit succeeded.
area = 3.59029659535 with chi^2 161.556495581
Minuit succeeded.
area = 3.58830106235 with chi^2 164.471831744
Minuit succeeded.
area = 3.57622821252 with chi^2 165.544552141
Minuit succeeded.
area = 3.58789099679 with chi^2 155.554816283
Minuit succeeded.
area = 3.59038518504 with chi^2 174.166415095
Minuit succeeded.
area = 3.58696038853 with chi^2 161.929335409
Minuit succeeded.
area = 3.58809598906 with chi^2 161.396054919
Minuit succeeded.
area = 3.59362864521 with chi^2 151.208592548
VariableMetricBuilder: no improvement
Minuit succeeded.
area = 3.59018711302 with chi^2 164.797469225
Minuit succeeded.
area = 3.58748271165 with chi^2 161.735132705
Minuit succeeded.
area = 3.59232386338 with chi^2 160.395177862
Minuit succeeded.
area = 3.58189457859 with chi^2 165.914984231
Minuit succeeded.
area = 3.59797090932 with chi^2 162.668689286
Minuit succeeded.
area = 3.59147075512 with chi^2 169.882039526
eigenvalues: 
-0.161576
0.208338
0.662035
1
1
1
1
1.00145
1.175
3.11476
matrix forced pos-def by adding 0.164691 to diagonal
MnHesse: matrix is invalid!
MnHesse: matrix is not pos. def.!
MnHesse: matrix was forced pos. def.
FunctionMinimum is invalid.
Minuit failed because covariance is not accurate, and covariance is not positive definite.
Minuit succeeded.
area = 3.59190054076 with chi^2 150.64976681
Minuit succeeded.
area = 3.58661570249 with chi^2 164.709674409
Minuit succeeded.
area = 3.5816623826 with chi^2 166.345058171
VariableMetricBuilder: no improvement
VariableMetricBuilder: finishes without convergence.
VariableMetricBuilder: edm= 0.00249613 requested: 1e-05
FunctionMinimum is invalid.
Minuit failed because the function is above maximum EDM.
Minuit succeeded.
area = 3.57929140571 with chi^2 154.732590788
Minuit succeeded.
area = 3.58421524674 with chi^2 167.092020217
Minuit succeeded.
area = 3.57570255966 with chi^2 164.554986639
areas mean, stdev = 3.58634713024 0.00620520199391 chi^2 mean, stdev = 162.328390439 5.23965245865
