-bash: /root/.bashrc: Permission denied
0.332234240022
Now with jitter = 0.0
Minuit succeeded.
area = 3.65042286888 with chi^2 167.947810354
areas mean, stdev = 3.65042286888 0.0 chi^2 mean, stdev = 167.947810354 0.0
Now with jitter = 0.05
VariableMetricBuilder: no improvement
Minuit succeeded.
area = 3.65276582364 with chi^2 169.632369449
Minuit succeeded.
area = 3.64833090552 with chi^2 172.579005443
VariableMetricBuilder: matrix not pos.def.
gdel > 0: 4.50774e-05
negative or zero diagonal element 1 in covariance matrix
added 1.00062 to diagonal of error matrix
gdel: 4.50774e-05
Minuit succeeded.
area = 3.65094603184 with chi^2 166.632736969
Minuit succeeded.
area = 3.65408332419 with chi^2 168.583397252
eigenvalues: 
-0.24504
0.212406
0.694844
1
1
1
1
1.00248
1.12375
3.21156
matrix forced pos-def by adding 0.248251 to diagonal
MnHesse: matrix is invalid!
MnHesse: matrix is not pos. def.!
MnHesse: matrix was forced pos. def.
FunctionMinimum is invalid.
Minuit failed because covariance is not accurate, and covariance is not positive definite.
Minuit succeeded.
area = 3.64688101917 with chi^2 173.841261748
Minuit succeeded.
area = 3.65240771368 with chi^2 169.72165231
VariableMetricBuilder: no improvement
Minuit succeeded.
area = 3.65532127557 with chi^2 172.787015343
Minuit succeeded.
area = 3.66046889208 with chi^2 170.821805565
Minuit succeeded.
area = 3.64806727052 with chi^2 168.676001609
Minuit succeeded.
area = 3.65178199387 with chi^2 165.341554958
Minuit succeeded.
area = 3.64647429684 with chi^2 172.891080978
Minuit succeeded.
area = 3.65001808757 with chi^2 172.838475439
Minuit succeeded.
area = 3.64893221092 with chi^2 169.336464961
Minuit succeeded.
area = 3.65846485233 with chi^2 177.346461469
eigenvalues: 
-0.363717
0.213448
0.687
1
1
1
1
1.00474
1.1785
3.28004
matrix forced pos-def by adding 0.366997 to diagonal
MnHesse: matrix is invalid!
MnHesse: matrix is not pos. def.!
MnHesse: matrix was forced pos. def.
FunctionMinimum is invalid.
Minuit failed because covariance is not accurate, and covariance is not positive definite.
VariableMetricBuilder: no improvement
Minuit succeeded.
area = 3.64697631263 with chi^2 168.931312414
VariableMetricBuilder: no improvement
Minuit succeeded.
area = 3.6505656365 with chi^2 168.789431371
eigenvalues: 
-0.387299
0.193296
0.678335
1
1
1
1
1.00499
1.24316
3.26752
matrix forced pos-def by adding 0.390566 to diagonal
MnHesse: matrix is invalid!
MnHesse: matrix is not pos. def.!
MnHesse: matrix was forced pos. def.
FunctionMinimum is invalid.
Minuit failed because covariance is not accurate, and covariance is not positive definite.
eigenvalues: 
-0.159021
0.235386
0.679544
1
1
1
1
1.00239
1.12487
3.11682
matrix forced pos-def by adding 0.162138 to diagonal
MnHesse: matrix is invalid!
MnHesse: matrix is not pos. def.!
MnHesse: matrix was forced pos. def.
FunctionMinimum is invalid.
Minuit failed because covariance is not accurate, and covariance is not positive definite.
eigenvalues: 
-0.125282
0.199423
0.678175
1
1
1
1
1.00289
1.21074
3.03405
matrix forced pos-def by adding 0.128316 to diagonal
MnHesse: matrix is invalid!
MnHesse: matrix is not pos. def.!
MnHesse: matrix was forced pos. def.
FunctionMinimum is invalid.
Minuit failed because covariance is not accurate, and covariance is not positive definite.
Minuit succeeded.
area = 3.64889763432 with chi^2 167.556667834
VariableMetricBuilder: no improvement
VariableMetricBuilder: finishes without convergence.
VariableMetricBuilder: edm= 0.00124621 requested: 1e-05
eigenvalues: 
-0.0238833
0.279856
0.647586
1
1
1
1
1.00606
1.8684
2.22198
matrix forced pos-def by adding 0.0261052 to diagonal
MnHesse: matrix is invalid!
MnHesse: matrix is not pos. def.!
MnHesse: matrix was forced pos. def.
FunctionMinimum is invalid.
Minuit failed because covariance is not accurate, covariance is not positive definite, and the function is above maximum EDM.
Minuit succeeded.
area = 3.65400400856 with chi^2 174.722790634
Minuit succeeded.
area = 3.65344521949 with chi^2 173.792804106
Minuit succeeded.
area = 3.65058464619 with chi^2 170.367473563
eigenvalues: 
-0.615553
0.195784
0.673193
1
1
1
1
1.00166
1.07303
3.67189
matrix forced pos-def by adding 0.619225 to diagonal
MnHesse: matrix is invalid!
MnHesse: matrix is not pos. def.!
MnHesse: matrix was forced pos. def.
FunctionMinimum is invalid.
Minuit failed because covariance is not accurate, and covariance is not positive definite.
eigenvalues: 
-4.19186
0.200982
0.667846
1
1
1
1
1.00498
1.4295
6.88855
matrix forced pos-def by adding 4.19875 to diagonal
MnHesse: matrix is invalid!
MnHesse: matrix is not pos. def.!
MnHesse: matrix was forced pos. def.
FunctionMinimum is invalid.
Minuit failed because covariance is not accurate, and covariance is not positive definite.
Minuit succeeded.
area = 3.64477579319 with chi^2 167.909577876
VariableMetricBuilder: no improvement
VariableMetricBuilder: finishes without convergence.
VariableMetricBuilder: edm= 0.0140011 requested: 1e-05
FunctionMinimum is invalid.
Minuit failed because the function is above maximum EDM.
Minuit succeeded.
area = 3.65032292805 with chi^2 164.030192625
VariableMetricBuilder: no improvement
VariableMetricBuilder: finishes without convergence.
VariableMetricBuilder: edm= 0.0015826 requested: 1e-05
FunctionMinimum is invalid.
Minuit failed because the function is above maximum EDM.
VariableMetricBuilder: matrix not pos.def.
gdel > 0: 0.000129127
negative or zero diagonal element 0 in covariance matrix
negative or zero diagonal element 1 in covariance matrix
negative or zero diagonal element 3 in covariance matrix
added 1.00021 to diagonal of error matrix
gdel: 0.000129127
Minuit succeeded.
area = 3.64079729433 with chi^2 166.566764587
VariableMetricBuilder: no improvement
VariableMetricBuilder: finishes without convergence.
VariableMetricBuilder: edm= 0.000243779 requested: 1e-05
FunctionMinimum is invalid.
Minuit failed because the function is above maximum EDM.
Minuit succeeded.
area = 3.64704758552 with chi^2 170.331028673
Minuit succeeded.
area = 3.65806738694 with chi^2 172.721351642
eigenvalues: 
-0.0141786
0.247177
0.691228
1
1
1
1
1.00289
1.09037
2.98252
matrix forced pos-def by adding 0.0171611 to diagonal
MnHesse: matrix is invalid!
MnHesse: matrix is not pos. def.!
MnHesse: matrix was forced pos. def.
FunctionMinimum is invalid.
Minuit failed because covariance is not accurate, and covariance is not positive definite.
Minuit succeeded.
area = 3.65320131516 with chi^2 168.7426452
Minuit succeeded.
area = 3.64908569829 with chi^2 170.177870333
eigenvalues: 
-0.0800658
0.214844
0.687046
1
1
1
1
1.00452
1.17516
2.9985
matrix forced pos-def by adding 0.0830643 to diagonal
MnHesse: matrix is invalid!
MnHesse: matrix is not pos. def.!
MnHesse: matrix was forced pos. def.
FunctionMinimum is invalid.
Minuit failed because covariance is not accurate, and covariance is not positive definite.
Minuit succeeded.
area = 3.65378982306 with chi^2 170.558217189
Minuit succeeded.
area = 3.6546495189 with chi^2 169.158923772
VariableMetricBuilder: matrix not pos.def.
gdel > 0: 0.00639843
negative or zero diagonal element 0 in covariance matrix
negative or zero diagonal element 1 in covariance matrix
negative or zero diagonal element 2 in covariance matrix
negative or zero diagonal element 8 in covariance matrix
negative or zero diagonal element 9 in covariance matrix
added 1.01083 to diagonal of error matrix
gdel: 0.00639843
Minuit succeeded.
area = 3.64327334938 with chi^2 170.622599198
VariableMetricBuilder: no improvement
eigenvalues: 
-0.195266
0.370637
0.647669
1
1
1
1
1.00493
1.7537
2.41832
matrix forced pos-def by adding 0.197684 to diagonal
MnHesse: matrix is invalid!
MnHesse: matrix is not pos. def.!
MnHesse: matrix was forced pos. def.
FunctionMinimum is invalid.
Minuit failed because covariance is not accurate, and covariance is not positive definite.
Minuit succeeded.
area = 3.6459721351 with chi^2 167.953957892
eigenvalues: 
-0.211315
0.209651
0.680477
1
1
1
1
1.00377
1.14421
3.17321
matrix forced pos-def by adding 0.214488 to diagonal
MnHesse: matrix is invalid!
MnHesse: matrix is not pos. def.!
MnHesse: matrix was forced pos. def.
FunctionMinimum is invalid.
Minuit failed because covariance is not accurate, and covariance is not positive definite.
Minuit succeeded.
area = 3.64835365006 with chi^2 169.171282202
Minuit succeeded.
area = 3.65073488711 with chi^2 170.800905221
Minuit succeeded.
area = 3.64962672545 with chi^2 179.465403548
Minuit succeeded.
area = 3.63577012472 with chi^2 170.253306823
Minuit succeeded.
area = 3.65416056201 with chi^2 170.911097098
Minuit succeeded.
area = 3.65198897137 with chi^2 169.595667623
VariableMetricBuilder: no improvement
VariableMetricBuilder: finishes without convergence.
VariableMetricBuilder: edm= 0.00116256 requested: 1e-05
eigenvalues: 
-0.00997387
0.264305
0.646734
1
1
1
1
1.00626
1.96862
2.12405
matrix forced pos-def by adding 0.0120979 to diagonal
MnHesse: matrix is invalid!
MnHesse: matrix is not pos. def.!
MnHesse: matrix was forced pos. def.
FunctionMinimum is invalid.
Minuit failed because covariance is not accurate, covariance is not positive definite, and the function is above maximum EDM.
Minuit succeeded.
area = 3.65354381989 with chi^2 173.729215305
Minuit succeeded.
area = 3.65031645919 with chi^2 168.892271483
Minuit succeeded.
area = 3.64727587284 with chi^2 172.655340476
VariableMetricBuilder: no improvement
Minuit succeeded.
area = 3.64585053396 with chi^2 172.074731957
VariableMetricBuilder: no improvement
VariableMetricBuilder: finishes without convergence.
VariableMetricBuilder: edm= 0.000124762 requested: 1e-05
FunctionMinimum is invalid.
Minuit failed because the function is above maximum EDM.
Minuit succeeded.
area = 3.6509796099 with chi^2 171.062136514
VariableMetricBuilder: no improvement
VariableMetricBuilder: finishes without convergence.
VariableMetricBuilder: edm= 0.000618133 requested: 1e-05
eigenvalues: 
-4.64741
0.256462
0.651019
1
1
1
1
1.0058
1.99344
6.74068
matrix forced pos-def by adding 4.65415 to diagonal
MnHesse: matrix is invalid!
MnHesse: matrix is not pos. def.!
MnHesse: matrix was forced pos. def.
FunctionMinimum is invalid.
Minuit failed because covariance is not accurate, covariance is not positive definite, and the function is above maximum EDM.
Minuit succeeded.
area = 3.65461045554 with chi^2 169.05624106
Minuit succeeded.
area = 3.64505238346 with chi^2 172.727213696
Minuit succeeded.
area = 3.64253210213 with chi^2 168.703287074
Minuit succeeded.
area = 3.64669956067 with chi^2 170.141330193
Minuit succeeded.
area = 3.65207422083 with chi^2 171.362747548
Minuit succeeded.
area = 3.65346609691 with chi^2 169.719840063
Minuit succeeded.
area = 3.64358390045 with chi^2 169.679547689
VariableMetricBuilder: no improvement
Minuit succeeded.
area = 3.65837072221 with chi^2 175.556740068
VariableMetricBuilder: no improvement
VariableMetricBuilder: finishes without convergence.
VariableMetricBuilder: edm= 0.000538287 requested: 1e-05
eigenvalues: 
-2.57593
0.262829
0.646611
1
1
1
1
1.00553
2.07377
4.58719
matrix forced pos-def by adding 2.58052 to diagonal
MnHesse: matrix is invalid!
MnHesse: matrix is not pos. def.!
MnHesse: matrix was forced pos. def.
FunctionMinimum is invalid.
Minuit failed because covariance is not accurate, covariance is not positive definite, and the function is above maximum EDM.
Minuit succeeded.
area = 3.65057843935 with chi^2 172.27312355
Minuit succeeded.
area = 3.64810791794 with chi^2 174.050128816
VariableMetricBuilder: matrix not pos.def.
gdel > 0: 0.000695516
negative or zero diagonal element 1 in covariance matrix
added 1.00056 to diagonal of error matrix
gdel: 0.000695516
Minuit succeeded.
area = 3.6551736307 with chi^2 169.260942764
eigenvalues: 
-0.617427
0.197035
0.683258
1
1
1
1
1.00478
1.23711
3.49525
matrix forced pos-def by adding 0.620923 to diagonal
MnHesse: matrix is invalid!
MnHesse: matrix is not pos. def.!
MnHesse: matrix was forced pos. def.
FunctionMinimum is invalid.
Minuit failed because covariance is not accurate, and covariance is not positive definite.
Minuit succeeded.
area = 3.6475567974 with chi^2 167.434440544
VariableMetricBuilder: no improvement
VariableMetricBuilder: finishes without convergence.
VariableMetricBuilder: edm= 0.0117291 requested: 1e-05
FunctionMinimum is invalid.
Minuit failed because the function is above maximum EDM.
VariableMetricBuilder: matrix not pos.def.
gdel > 0: 1.53284e-05
negative or zero diagonal element 1 in covariance matrix
negative or zero diagonal element 3 in covariance matrix
added 1.00005 to diagonal of error matrix
gdel: 1.53284e-05
Minuit succeeded.
area = 3.64604950892 with chi^2 173.081381289
Minuit succeeded.
area = 3.65581460133 with chi^2 170.664608885
Minuit succeeded.
area = 3.64633833947 with chi^2 169.31785566
eigenvalues: 
-0.057727
0.265281
0.658365
1
1
1
1
1.00103
1.158
2.97505
matrix forced pos-def by adding 0.0607021 to diagonal
MnHesse: matrix is invalid!
MnHesse: matrix is not pos. def.!
MnHesse: matrix was forced pos. def.
FunctionMinimum is invalid.
Minuit failed because covariance is not accurate, and covariance is not positive definite.
VariableMetricBuilder: no improvement
VariableMetricBuilder: finishes without convergence.
VariableMetricBuilder: edm= 0.000256609 requested: 1e-05
FunctionMinimum is invalid.
Minuit failed because the function is above maximum EDM.
Minuit succeeded.
area = 3.65247928559 with chi^2 172.32840696
Minuit succeeded.
area = 3.65426951297 with chi^2 170.336208657
VariableMetricBuilder: no improvement
VariableMetricBuilder: finishes without convergence.
VariableMetricBuilder: edm= 0.000318627 requested: 1e-05
FunctionMinimum is invalid.
Minuit failed because the function is above maximum EDM.
eigenvalues: 
-0.0182166
0.261538
0.668412
1
1
1
1
1.00029
1.11559
2.97239
matrix forced pos-def by adding 0.021189 to diagonal
MnHesse: matrix is invalid!
MnHesse: matrix is not pos. def.!
MnHesse: matrix was forced pos. def.
FunctionMinimum is invalid.
Minuit failed because covariance is not accurate, and covariance is not positive definite.
Minuit succeeded.
area = 3.66217816587 with chi^2 169.797894337
eigenvalues: 
-0.0611621
0.235224
0.692113
1
1
1
1
1.00115
1.07153
3.06114
matrix forced pos-def by adding 0.0642232 to diagonal
MnHesse: matrix is invalid!
MnHesse: matrix is not pos. def.!
MnHesse: matrix was forced pos. def.
FunctionMinimum is invalid.
Minuit failed because covariance is not accurate, and covariance is not positive definite.
VariableMetricBuilder: no improvement
Minuit succeeded.
area = 3.65119003669 with chi^2 171.78137992
Minuit succeeded.
area = 3.65554429354 with chi^2 165.741800132
Minuit succeeded.
area = 3.65213665373 with chi^2 170.313734397
eigenvalues: 
-0.0865876
0.266394
0.680449
1
1
1
1
1.00131
1.07631
3.06213
matrix forced pos-def by adding 0.0896497 to diagonal
MnHesse: matrix is invalid!
MnHesse: matrix is not pos. def.!
MnHesse: matrix was forced pos. def.
FunctionMinimum is invalid.
Minuit failed because covariance is not accurate, and covariance is not positive definite.
Minuit succeeded.
area = 3.65415734881 with chi^2 170.718700543
Minuit succeeded.
area = 3.64869755865 with chi^2 166.107066792
eigenvalues: 
-0.0892679
0.211523
0.686265
1
1
1
1
1.00404
1.13505
3.05239
matrix forced pos-def by adding 0.0923203 to diagonal
MnHesse: matrix is invalid!
MnHesse: matrix is not pos. def.!
MnHesse: matrix was forced pos. def.
FunctionMinimum is invalid.
Minuit failed because covariance is not accurate, and covariance is not positive definite.
Minuit succeeded.
area = 3.64909729838 with chi^2 170.128628667
Minuit succeeded.
area = 3.6431910719 with chi^2 167.787455737
VariableMetricBuilder: no improvement
VariableMetricBuilder: finishes without convergence.
VariableMetricBuilder: edm= 0.000117656 requested: 1e-05
FunctionMinimum is invalid.
Minuit failed because the function is above maximum EDM.
VariableMetricBuilder: matrix not pos.def.
edm < 0
eigenvalues: 
-0.0136538
0.191465
0.760702
0.800903
0.868964
0.960265
0.969827
1.08545
1.37999
2.99608
matrix forced pos-def by adding 0.0166499 to diagonal
Minuit succeeded.
area = 3.64993473541 with chi^2 174.126081575
VariableMetricBuilder: no improvement
VariableMetricBuilder: finishes without convergence.
VariableMetricBuilder: edm= 0.000115484 requested: 1e-05
FunctionMinimum is invalid.
Minuit failed because the function is above maximum EDM.
VariableMetricBuilder: matrix not pos.def.
edm < 0
eigenvalues: 
-0.384302
0.144329
0.473675
0.871521
0.902036
1.00416
1.04859
1.09509
1.76927
3.07562
matrix forced pos-def by adding 0.387378 to diagonal
Minuit succeeded.
area = 3.65020832607 with chi^2 168.687615775
Minuit succeeded.
area = 3.64961674485 with chi^2 165.152291491
areas mean, stdev = 3.65039587014 0.00459274811166 chi^2 mean, stdev = 170.408727779 2.74997647017
Now with jitter = 0.07
Minuit succeeded.
area = 3.65705099491 with chi^2 175.815696478
VariableMetricBuilder: no improvement
Minuit succeeded.
area = 3.64334222673 with chi^2 165.182618282
Minuit succeeded.
area = 3.65110601985 with chi^2 168.485393166
Minuit succeeded.
area = 3.65386088071 with chi^2 181.727129378
Minuit succeeded.
area = 3.64861126239 with chi^2 173.859547443
VariableMetricBuilder: no improvement
Minuit succeeded.
area = 3.65299261409 with chi^2 175.869585793
Minuit succeeded.
area = 3.6490820551 with chi^2 179.404138717
Minuit succeeded.
area = 3.64244773472 with chi^2 177.208446352
Minuit succeeded.
area = 3.64998231213 with chi^2 179.314183872
Minuit succeeded.
area = 3.65284239846 with chi^2 175.272733047
eigenvalues: 
-0.176008
0.232968
0.675275
1
1
1
1
1.00415
1.19306
3.07056
matrix forced pos-def by adding 0.179078 to diagonal
MnHesse: matrix is invalid!
MnHesse: matrix is not pos. def.!
MnHesse: matrix was forced pos. def.
FunctionMinimum is invalid.
Minuit failed because covariance is not accurate, and covariance is not positive definite.
VariableMetricBuilder: no improvement
Minuit succeeded.
area = 3.65302103279 with chi^2 169.535987232
Minuit succeeded.
area = 3.65344641362 with chi^2 173.235148982
Minuit succeeded.
area = 3.64711833523 with chi^2 179.094024424
Minuit succeeded.
area = 3.66419357512 with chi^2 180.240414521
VariableMetricBuilder: no improvement
Minuit succeeded.
area = 3.64949904045 with chi^2 163.447493016
Minuit succeeded.
area = 3.64126762211 with chi^2 171.576515658
Minuit succeeded.
area = 3.65421624768 with chi^2 173.706990329
Minuit succeeded.
area = 3.65477228624 with chi^2 168.073297448
Minuit succeeded.
area = 3.65130632765 with chi^2 180.349519572
eigenvalues: 
-0.110346
0.217737
0.694925
1
1
1
1
1.00299
1.12259
3.0721
matrix forced pos-def by adding 0.113419 to diagonal
MnHesse: matrix is invalid!
MnHesse: matrix is not pos. def.!
MnHesse: matrix was forced pos. def.
FunctionMinimum is invalid.
Minuit failed because covariance is not accurate, and covariance is not positive definite.
Minuit succeeded.
area = 3.6453855576 with chi^2 169.518419206
Minuit succeeded.
area = 3.6532794371 with chi^2 169.684187133
Minuit succeeded.
area = 3.65343808527 with chi^2 163.825027294
Minuit succeeded.
area = 3.65655266675 with chi^2 182.421712322
Minuit succeeded.
area = 3.64848296674 with chi^2 172.457920978
Minuit succeeded.
area = 3.65912326444 with chi^2 177.952399883
Minuit succeeded.
area = 3.63719429911 with chi^2 167.92091711
Minuit succeeded.
area = 3.64713447285 with chi^2 169.443061655
Minuit succeeded.
area = 3.64022318345 with chi^2 175.484236224
Minuit succeeded.
area = 3.66067750465 with chi^2 174.65035357
Minuit succeeded.
area = 3.64309074779 with chi^2 176.468913705
Minuit succeeded.
area = 3.654181576 with chi^2 169.43842931
Minuit succeeded.
area = 3.65233766477 with chi^2 170.019615575
Minuit succeeded.
area = 3.65237652268 with chi^2 173.853174982
VariableMetricBuilder: no improvement
Minuit succeeded.
area = 3.64585688126 with chi^2 169.787720461
VariableMetricBuilder: no improvement
VariableMetricBuilder: finishes without convergence.
VariableMetricBuilder: edm= 0.000151665 requested: 1e-05
FunctionMinimum is invalid.
Minuit failed because the function is above maximum EDM.
Minuit succeeded.
area = 3.65978510228 with chi^2 176.377633389
Minuit succeeded.
area = 3.65461224018 with chi^2 164.177631467
eigenvalues: 
-0.247745
0.202227
0.688102
1
1
1
1
1.00379
1.15094
3.20269
matrix forced pos-def by adding 0.250947 to diagonal
MnHesse: matrix is invalid!
MnHesse: matrix is not pos. def.!
MnHesse: matrix was forced pos. def.
FunctionMinimum is invalid.
Minuit failed because covariance is not accurate, and covariance is not positive definite.
Minuit succeeded.
area = 3.6491253943 with chi^2 174.584483425
Minuit succeeded.
area = 3.65671930887 with chi^2 169.834020012
Minuit succeeded.
area = 3.65893240606 with chi^2 168.852063108
Minuit succeeded.
area = 3.65139965213 with chi^2 180.186985912
Minuit succeeded.
area = 3.64970537537 with chi^2 170.251542132
Minuit succeeded.
area = 3.65452974091 with chi^2 173.094710641
Minuit succeeded.
area = 3.66192376887 with chi^2 177.740934519
Minuit succeeded.
area = 3.65647427698 with chi^2 175.641476841
Minuit succeeded.
area = 3.66447409295 with chi^2 168.535967057
Minuit succeeded.
area = 3.65726193881 with chi^2 177.130836645
VariableMetricBuilder: no improvement
Minuit succeeded.
area = 3.65045763336 with chi^2 176.909914221
Minuit succeeded.
area = 3.64864607766 with chi^2 175.076758476
Minuit succeeded.
area = 3.65989478957 with chi^2 179.962296956
Minuit succeeded.
area = 3.65680919824 with chi^2 173.963766149
Minuit succeeded.
area = 3.65006726085 with chi^2 173.52087865
Minuit succeeded.
area = 3.65719153808 with chi^2 179.864584311
Minuit succeeded.
area = 3.65306515359 with chi^2 174.59336592
Minuit succeeded.
area = 3.65285759005 with chi^2 167.726033605
VariableMetricBuilder: no improvement
VariableMetricBuilder: finishes without convergence.
VariableMetricBuilder: edm= 0.000375427 requested: 1e-05
FunctionMinimum is invalid.
Minuit failed because the function is above maximum EDM.
eigenvalues: 
-0.625743
0.214918
0.692656
1
1
1
1
1.00421
1.2088
3.50516
matrix forced pos-def by adding 0.629248 to diagonal
MnHesse: matrix is invalid!
MnHesse: matrix is not pos. def.!
MnHesse: matrix was forced pos. def.
FunctionMinimum is invalid.
Minuit failed because covariance is not accurate, and covariance is not positive definite.
Minuit succeeded.
area = 3.66017548348 with chi^2 166.727156913
Minuit succeeded.
area = 3.65714284981 with chi^2 178.406203414
Minuit succeeded.
area = 3.6520046724 with chi^2 174.52242741
VariableMetricBuilder: no improvement
VariableMetricBuilder: finishes without convergence.
VariableMetricBuilder: edm= 0.000277883 requested: 1e-05
FunctionMinimum is invalid.
Minuit failed because the function is above maximum EDM.
Minuit succeeded.
area = 3.6553932018 with chi^2 167.271933359
eigenvalues: 
-0.162463
0.208482
0.683361
1
1
1
1
1.00366
1.14872
3.11825
matrix forced pos-def by adding 0.165581 to diagonal
MnHesse: matrix is invalid!
MnHesse: matrix is not pos. def.!
MnHesse: matrix was forced pos. def.
FunctionMinimum is invalid.
Minuit failed because covariance is not accurate, and covariance is not positive definite.
Minuit succeeded.
area = 3.65260477056 with chi^2 176.091315569
Minuit succeeded.
area = 3.64861092328 with chi^2 176.373170642
eigenvalues: 
-0.0582034
0.201702
0.682888
1
1
1
1
1.00408
1.17518
2.99435
matrix forced pos-def by adding 0.0611977 to diagonal
MnHesse: matrix is invalid!
MnHesse: matrix is not pos. def.!
MnHesse: matrix was forced pos. def.
FunctionMinimum is invalid.
Minuit failed because covariance is not accurate, and covariance is not positive definite.
Minuit succeeded.
area = 3.65154292444 with chi^2 171.159674655
Minuit succeeded.
area = 3.65632098433 with chi^2 162.546456424
Minuit succeeded.
area = 3.65595147571 with chi^2 167.268522556
Minuit succeeded.
area = 3.64401202272 with chi^2 172.492547992
Minuit succeeded.
area = 3.6518895254 with chi^2 172.847245579
eigenvalues: 
-0.000774134
0.251861
0.70384
1
1
1
1
1.00336
1.03991
3.0018
matrix forced pos-def by adding 0.00377594 to diagonal
MnHesse: matrix is invalid!
MnHesse: matrix is not pos. def.!
MnHesse: matrix was forced pos. def.
FunctionMinimum is invalid.
Minuit failed because covariance is not accurate, and covariance is not positive definite.
Minuit succeeded.
area = 3.64888361135 with chi^2 163.040782241
Minuit succeeded.
area = 3.64372869045 with chi^2 176.821052282
Minuit succeeded.
area = 3.65180031485 with chi^2 185.867522296
Minuit succeeded.
area = 3.65536848006 with chi^2 173.29772713
Minuit succeeded.
area = 3.63740780418 with chi^2 169.107837605
VariableMetricBuilder: no improvement
Minuit succeeded.
area = 3.6476810953 with chi^2 181.397283018
Minuit succeeded.
area = 3.65116098394 with chi^2 169.299319374
Minuit succeeded.
area = 3.6359865946 with chi^2 171.066677493
VariableMetricBuilder: no improvement
Minuit succeeded.
area = 3.65268992273 with chi^2 176.581206702
Minuit succeeded.
area = 3.65659509111 with chi^2 169.718693064
Minuit succeeded.
area = 3.64714469171 with chi^2 176.618947689
Minuit succeeded.
area = 3.64839780719 with chi^2 166.982309132
eigenvalues: 
-0.0158114
0.258522
0.674871
1
1
1
1
1.00148
1.0943
2.98664
matrix forced pos-def by adding 0.0187981 to diagonal
MnHesse: matrix is invalid!
MnHesse: matrix is not pos. def.!
MnHesse: matrix was forced pos. def.
FunctionMinimum is invalid.
Minuit failed because covariance is not accurate, and covariance is not positive definite.
Minuit succeeded.
area = 3.64938278716 with chi^2 176.155517594
eigenvalues: 
-0.168504
0.219232
0.675574
1
1
1
1
1.00371
1.16294
3.10705
matrix forced pos-def by adding 0.171611 to diagonal
MnHesse: matrix is invalid!
MnHesse: matrix is not pos. def.!
MnHesse: matrix was forced pos. def.
FunctionMinimum is invalid.
Minuit failed because covariance is not accurate, and covariance is not positive definite.
eigenvalues: 
-1.15992
0.199564
0.679381
1
1
1
1
1.00515
1.36567
3.91015
matrix forced pos-def by adding 1.16383 to diagonal
MnHesse: matrix is invalid!
MnHesse: matrix is not pos. def.!
MnHesse: matrix was forced pos. def.
FunctionMinimum is invalid.
Minuit failed because covariance is not accurate, and covariance is not positive definite.
Minuit succeeded.
area = 3.65530588802 with chi^2 178.166757918
Minuit succeeded.
area = 3.65201587148 with chi^2 176.00968542
Minuit succeeded.
area = 3.66392410107 with chi^2 169.641864637
Minuit succeeded.
area = 3.65368007845 with chi^2 178.336542488
eigenvalues: 
-0.0843105
0.224322
0.703035
1
1
1
1
1.00164
1.05742
3.09789
matrix forced pos-def by adding 0.0874084 to diagonal
MnHesse: matrix is invalid!
MnHesse: matrix is not pos. def.!
MnHesse: matrix was forced pos. def.
FunctionMinimum is invalid.
Minuit failed because covariance is not accurate, and covariance is not positive definite.
Minuit succeeded.
area = 3.66311754121 with chi^2 178.158670165
Minuit succeeded.
area = 3.64636875712 with chi^2 175.661255969
Minuit succeeded.
area = 3.64868559197 with chi^2 172.766974828
Minuit succeeded.
area = 3.65801722361 with chi^2 170.336490921
areas mean, stdev = 3.65205137804 0.00595534358329 chi^2 mean, stdev = 173.408030338 4.93461283893
