0.581432734853
Now with jitter = 0.0
Minuit succeeded.
area = 3.679080895 with chi^2 136.847067568
areas mean, stdev = 3.679080895 0.0 chi^2 mean, stdev = 136.847067568 0.0
Now with jitter = 0.05
Minuit succeeded.
area = 3.67917030443 with chi^2 142.521666832
eigenvalues: 
-0.145107
0.227532
0.694051
1
1
1
1
1.00311
1.11353
3.10688
matrix forced pos-def by adding 0.148214 to diagonal
MnHesse: matrix is invalid!
MnHesse: matrix is not pos. def.!
MnHesse: matrix was forced pos. def.
FunctionMinimum is invalid.
Minuit failed because covariance is not accurate, and covariance is not positive definite.
Minuit succeeded.
area = 3.68344819375 with chi^2 139.075093099
Minuit succeeded.
area = 3.67813653533 with chi^2 140.001616673
Minuit succeeded.
area = 3.67365272638 with chi^2 137.476384576
Minuit succeeded.
area = 3.68203177983 with chi^2 135.464324724
Minuit succeeded.
area = 3.68671067163 with chi^2 138.681171998
Minuit succeeded.
area = 3.68796869489 with chi^2 136.69105097
Minuit succeeded.
area = 3.68496655102 with chi^2 141.404546214
eigenvalues: 
-0.0798999
0.246639
0.682467
1
1
1
1
1.00117
1.10008
3.04955
matrix forced pos-def by adding 0.0829495 to diagonal
MnHesse: matrix is invalid!
MnHesse: matrix is not pos. def.!
MnHesse: matrix was forced pos. def.
FunctionMinimum is invalid.
Minuit failed because covariance is not accurate, and covariance is not positive definite.
Minuit succeeded.
area = 3.67926907098 with chi^2 139.605117744
Minuit succeeded.
area = 3.67506927771 with chi^2 134.167540873
Minuit succeeded.
area = 3.68752131241 with chi^2 135.405168858
Minuit succeeded.
area = 3.68201423923 with chi^2 136.305597681
eigenvalues: 
-0.186955
0.225128
0.694368
1
1
1
1
1.00136
1.1221
3.144
matrix forced pos-def by adding 0.190099 to diagonal
MnHesse: matrix is invalid!
MnHesse: matrix is not pos. def.!
MnHesse: matrix was forced pos. def.
FunctionMinimum is invalid.
Minuit failed because covariance is not accurate, and covariance is not positive definite.
Minuit succeeded.
area = 3.68205688423 with chi^2 141.287660047
Minuit succeeded.
area = 3.68236137077 with chi^2 141.430699875
eigenvalues: 
-0.079305
0.292186
0.66738
1
1
1
1
1.00111
1.09441
3.02422
matrix forced pos-def by adding 0.0823292 to diagonal
MnHesse: matrix is invalid!
MnHesse: matrix is not pos. def.!
MnHesse: matrix was forced pos. def.
FunctionMinimum is invalid.
Minuit failed because covariance is not accurate, and covariance is not positive definite.
Minuit succeeded.
area = 3.68119050206 with chi^2 138.892002751
Minuit succeeded.
area = 3.68045886696 with chi^2 138.647354803
eigenvalues: 
-0.00153109
0.287595
0.666564
1
1
1
1
1.00015
1.11805
2.92918
matrix forced pos-def by adding 0.00446027 to diagonal
MnHesse: matrix is invalid!
MnHesse: matrix is not pos. def.!
MnHesse: matrix was forced pos. def.
FunctionMinimum is invalid.
Minuit failed because covariance is not accurate, and covariance is not positive definite.
Minuit succeeded.
area = 3.68422953916 with chi^2 142.769709131
Minuit succeeded.
area = 3.68740862567 with chi^2 138.612041344
Minuit succeeded.
area = 3.67149946327 with chi^2 146.762828546
Minuit succeeded.
area = 3.67693974511 with chi^2 137.541765684
Minuit succeeded.
area = 3.6758543702 with chi^2 140.431893689
Minuit succeeded.
area = 3.66825953873 with chi^2 137.964577111
Minuit succeeded.
area = 3.67469515544 with chi^2 137.360775547
Minuit succeeded.
area = 3.67861598662 with chi^2 137.785704691
Minuit succeeded.
area = 3.68301839826 with chi^2 138.426396966
Minuit succeeded.
area = 3.68240946621 with chi^2 145.507443521
Minuit succeeded.
area = 3.67917589286 with chi^2 138.86960076
Minuit succeeded.
area = 3.67649244322 with chi^2 138.789618337
Minuit succeeded.
area = 3.68028665632 with chi^2 143.68049502
Minuit succeeded.
area = 3.67497735782 with chi^2 136.365963791
Minuit succeeded.
area = 3.6811759077 with chi^2 140.731854304
Minuit succeeded.
area = 3.67589136597 with chi^2 139.235482719
Minuit succeeded.
area = 3.67935478723 with chi^2 137.49591931
Minuit succeeded.
area = 3.67813113176 with chi^2 139.034323127
eigenvalues: 
-0.0846541
0.249479
0.65256
1
1
1
1
1.00008
1.18087
3.00167
matrix forced pos-def by adding 0.0876558 to diagonal
MnHesse: matrix is invalid!
MnHesse: matrix is not pos. def.!
MnHesse: matrix was forced pos. def.
FunctionMinimum is invalid.
Minuit failed because covariance is not accurate, and covariance is not positive definite.
Minuit succeeded.
area = 3.6719613459 with chi^2 139.338922801
Minuit succeeded.
area = 3.68287614436 with chi^2 138.186750919
Minuit succeeded.
area = 3.6866610054 with chi^2 137.443396209
Minuit succeeded.
area = 3.68215639224 with chi^2 132.901023201
Minuit succeeded.
area = 3.69348373321 with chi^2 138.915700806
Minuit succeeded.
area = 3.68532571809 with chi^2 135.519503209
Minuit succeeded.
area = 3.68207788679 with chi^2 139.221414877
eigenvalues: 
-0.0220935
0.266827
0.676895
1
1
1
1
1.00206
1.09914
2.97718
matrix forced pos-def by adding 0.0250707 to diagonal
MnHesse: matrix is invalid!
MnHesse: matrix is not pos. def.!
MnHesse: matrix was forced pos. def.
FunctionMinimum is invalid.
Minuit failed because covariance is not accurate, and covariance is not positive definite.
Minuit succeeded.
area = 3.68155886012 with chi^2 135.112804739
Minuit succeeded.
area = 3.67811114445 with chi^2 137.872422628
Minuit succeeded.
area = 3.68734159968 with chi^2 139.581815958
Minuit succeeded.
area = 3.67798640564 with chi^2 139.240219178
Minuit succeeded.
area = 3.6819956142 with chi^2 142.24085684
Minuit succeeded.
area = 3.67571056996 with chi^2 135.865416678
Minuit succeeded.
area = 3.67924096584 with chi^2 136.034410486
Minuit succeeded.
area = 3.68092306913 with chi^2 141.893891948
Minuit succeeded.
area = 3.67652208618 with chi^2 140.079350862
Minuit succeeded.
area = 3.6813168997 with chi^2 142.86554695
Minuit succeeded.
area = 3.67416693119 with chi^2 140.52647464
Minuit succeeded.
area = 3.67826359432 with chi^2 136.873702817
Minuit succeeded.
area = 3.67704753465 with chi^2 142.581570147
Minuit succeeded.
area = 3.68552405389 with chi^2 137.047472878
Minuit succeeded.
area = 3.68242565809 with chi^2 140.166032455
Minuit succeeded.
area = 3.67076476135 with chi^2 138.505290537
Minuit succeeded.
area = 3.68418787563 with chi^2 142.508941668
Minuit succeeded.
area = 3.67282877247 with chi^2 144.671319124
Minuit succeeded.
area = 3.67973659573 with chi^2 140.244842918
Minuit succeeded.
area = 3.67684623524 with chi^2 136.090379856
Minuit succeeded.
area = 3.67948774327 with chi^2 139.903285759
Minuit succeeded.
area = 3.67575058004 with chi^2 139.403409171
eigenvalues: 
-0.0833917
0.218847
0.697395
1
1
1
1
1.0038
1.09129
3.07206
matrix forced pos-def by adding 0.0864638 to diagonal
MnHesse: matrix is invalid!
MnHesse: matrix is not pos. def.!
MnHesse: matrix was forced pos. def.
FunctionMinimum is invalid.
Minuit failed because covariance is not accurate, and covariance is not positive definite.
Minuit succeeded.
area = 3.681233344 with chi^2 137.08513168
Minuit succeeded.
area = 3.6805905358 with chi^2 139.852517708
Minuit succeeded.
area = 3.67854049766 with chi^2 138.486291815
Minuit succeeded.
area = 3.67657507009 with chi^2 141.522376235
Minuit succeeded.
area = 3.68465510796 with chi^2 138.282117535
Minuit succeeded.
area = 3.6715173468 with chi^2 139.244852516
Minuit succeeded.
area = 3.67555676864 with chi^2 137.395894585
Minuit succeeded.
area = 3.67435536124 with chi^2 137.775281856
Minuit succeeded.
area = 3.67994256237 with chi^2 137.001326241
Minuit succeeded.
area = 3.68790205073 with chi^2 141.116069947
eigenvalues: 
-0.0325667
0.283179
0.656989
1
1
1
1
1.00123
1.16891
2.92226
matrix forced pos-def by adding 0.0354889 to diagonal
MnHesse: matrix is invalid!
MnHesse: matrix is not pos. def.!
MnHesse: matrix was forced pos. def.
FunctionMinimum is invalid.
Minuit failed because covariance is not accurate, and covariance is not positive definite.
Minuit succeeded.
area = 3.67429350088 with chi^2 133.202872591
eigenvalues: 
-0.00902448
0.247901
0.682448
1
1
1
1
1.00082
1.0701
3.00776
matrix forced pos-def by adding 0.0120322 to diagonal
MnHesse: matrix is invalid!
MnHesse: matrix is not pos. def.!
MnHesse: matrix was forced pos. def.
FunctionMinimum is invalid.
Minuit failed because covariance is not accurate, and covariance is not positive definite.
eigenvalues: 
-0.00815724
0.228451
0.700669
1
1
1
1
1.00206
1.06768
3.0093
matrix forced pos-def by adding 0.0111665 to diagonal
MnHesse: matrix is invalid!
MnHesse: matrix is not pos. def.!
MnHesse: matrix was forced pos. def.
FunctionMinimum is invalid.
Minuit failed because covariance is not accurate, and covariance is not positive definite.
Minuit succeeded.
area = 3.68546095499 with chi^2 142.854918685
Minuit succeeded.
area = 3.68560011591 with chi^2 136.100273481
Minuit succeeded.
area = 3.68279121292 with chi^2 139.634051697
eigenvalues: 
-0.0101924
0.263017
0.674691
1
1
1
1
1.0016
1.10774
2.96314
matrix forced pos-def by adding 0.0131556 to diagonal
MnHesse: matrix is invalid!
MnHesse: matrix is not pos. def.!
MnHesse: matrix was forced pos. def.
FunctionMinimum is invalid.
Minuit failed because covariance is not accurate, and covariance is not positive definite.
Minuit succeeded.
area = 3.68192548561 with chi^2 140.575139933
Minuit succeeded.
area = 3.68837793421 with chi^2 138.912999074
Minuit succeeded.
area = 3.67791832082 with chi^2 139.994364435
Minuit succeeded.
area = 3.67521983869 with chi^2 140.322481101
Minuit succeeded.
area = 3.68700062382 with chi^2 136.869462943
Minuit succeeded.
area = 3.67334267761 with chi^2 146.122607648
Minuit succeeded.
area = 3.68634062924 with chi^2 141.618225197
Minuit succeeded.
area = 3.67944752339 with chi^2 140.653122587
eigenvalues: 
-0.137831
0.229204
0.664027
1
1
1
1
1.00121
1.18136
3.06202
matrix forced pos-def by adding 0.140893 to diagonal
MnHesse: matrix is invalid!
MnHesse: matrix is not pos. def.!
MnHesse: matrix was forced pos. def.
FunctionMinimum is invalid.
Minuit failed because covariance is not accurate, and covariance is not positive definite.
eigenvalues: 
-0.152725
0.277275
0.640125
1
1
1
1
1.00082
1.26068
2.97382
matrix forced pos-def by adding 0.155699 to diagonal
MnHesse: matrix is invalid!
MnHesse: matrix is not pos. def.!
MnHesse: matrix was forced pos. def.
FunctionMinimum is invalid.
Minuit failed because covariance is not accurate, and covariance is not positive definite.
Minuit succeeded.
area = 3.67703661007 with chi^2 137.179037139
areas mean, stdev = 3.68002728678 0.00479432534985 chi^2 mean, stdev = 139.15187184 2.66744593955
Now with jitter = 0.07
Minuit succeeded.
area = 3.68889131793 with chi^2 140.800357956
Minuit succeeded.
area = 3.68016533839 with chi^2 139.84583667
Minuit succeeded.
area = 3.67676604931 with chi^2 141.627897605
Minuit succeeded.
area = 3.68582328468 with chi^2 140.827962166
Minuit succeeded.
area = 3.67901500118 with chi^2 139.765285216
Minuit succeeded.
area = 3.68586735845 with chi^2 137.281602892
Minuit succeeded.
area = 3.67835478793 with chi^2 140.47483906
eigenvalues: 
-0.0788256
0.309724
0.646212
1
1
1
1
1.00102
1.18529
2.93658
matrix forced pos-def by adding 0.0817622 to diagonal
MnHesse: matrix is invalid!
MnHesse: matrix is not pos. def.!
MnHesse: matrix was forced pos. def.
FunctionMinimum is invalid.
Minuit failed because covariance is not accurate, and covariance is not positive definite.
Minuit succeeded.
area = 3.67657011647 with chi^2 146.899568899
Minuit succeeded.
area = 3.67127219193 with chi^2 147.750073063
Minuit succeeded.
area = 3.67761555063 with chi^2 133.598892541
Minuit succeeded.
area = 3.68548519952 with chi^2 141.547101294
Minuit succeeded.
area = 3.67964543346 with chi^2 142.935376077
Minuit succeeded.
area = 3.68122781043 with chi^2 142.657511819
eigenvalues: 
-0.0524142
0.268669
0.670262
1
1
1
1
1.00318
1.14105
2.96925
matrix forced pos-def by adding 0.0553835 to diagonal
MnHesse: matrix is invalid!
MnHesse: matrix is not pos. def.!
MnHesse: matrix was forced pos. def.
FunctionMinimum is invalid.
Minuit failed because covariance is not accurate, and covariance is not positive definite.
Minuit succeeded.
area = 3.68660016409 with chi^2 143.119060875
Minuit succeeded.
area = 3.67656963428 with chi^2 141.006034686
Minuit succeeded.
area = 3.67918753002 with chi^2 139.676858849
Minuit succeeded.
area = 3.67946119626 with chi^2 146.303044944
Minuit succeeded.
area = 3.68589779569 with chi^2 137.578974211
Minuit succeeded.
area = 3.66018189173 with chi^2 147.680066525
Minuit succeeded.
area = 3.68269323032 with chi^2 143.798546034
Minuit succeeded.
area = 3.67837159049 with chi^2 141.521870752
Minuit succeeded.
area = 3.68403838972 with chi^2 141.433926002
Minuit succeeded.
area = 3.67668907125 with chi^2 141.474220888
Minuit succeeded.
area = 3.68051491054 with chi^2 134.205555185
Minuit succeeded.
area = 3.68595733985 with chi^2 145.088364721
Minuit succeeded.
area = 3.67010897998 with chi^2 136.364172053
Minuit succeeded.
area = 3.67425192259 with chi^2 135.067136445
Minuit succeeded.
area = 3.69037421372 with chi^2 146.053863623
Minuit succeeded.
area = 3.67052361109 with chi^2 141.769019852
Minuit succeeded.
area = 3.69194758329 with chi^2 144.892521246
Minuit succeeded.
area = 3.67852794264 with chi^2 149.807285929
Minuit succeeded.
area = 3.6877773958 with chi^2 141.673829533
Minuit succeeded.
area = 3.67865560568 with chi^2 140.635940706
Minuit succeeded.
area = 3.68858804954 with chi^2 146.264832305
Minuit succeeded.
area = 3.67486486636 with chi^2 136.655985245
Minuit succeeded.
area = 3.67934329518 with chi^2 145.680467471
eigenvalues: 
-0.421426
0.232232
0.660044
1
1
1
1
1.00197
1.232
3.29518
matrix forced pos-def by adding 0.424721 to diagonal
MnHesse: matrix is invalid!
MnHesse: matrix is not pos. def.!
MnHesse: matrix was forced pos. def.
FunctionMinimum is invalid.
Minuit failed because covariance is not accurate, and covariance is not positive definite.
Minuit succeeded.
area = 3.6797297582 with chi^2 132.485610583
Minuit succeeded.
area = 3.68443229114 with chi^2 143.311931302
Minuit succeeded.
area = 3.68088940938 with chi^2 146.73428169
Minuit succeeded.
area = 3.68007748117 with chi^2 143.413982225
Minuit succeeded.
area = 3.67882493751 with chi^2 146.018315304
Minuit succeeded.
area = 3.67606248799 with chi^2 143.449993768
Minuit succeeded.
area = 3.67724841755 with chi^2 135.915188357
eigenvalues: 
-0.29464
0.213564
0.662046
1
1
1
1
1.00096
1.16793
3.25014
matrix forced pos-def by adding 0.29789 to diagonal
MnHesse: matrix is invalid!
MnHesse: matrix is not pos. def.!
MnHesse: matrix was forced pos. def.
FunctionMinimum is invalid.
Minuit failed because covariance is not accurate, and covariance is not positive definite.
Minuit succeeded.
area = 3.68616857855 with chi^2 144.197186
Minuit succeeded.
area = 3.68104783134 with chi^2 143.54622509
Minuit succeeded.
area = 3.68336614076 with chi^2 144.270844666
Minuit succeeded.
area = 3.68488162329 with chi^2 148.637628461
Minuit succeeded.
area = 3.68420280621 with chi^2 141.928699479
Minuit succeeded.
area = 3.6717006893 with chi^2 143.046841056
Minuit succeeded.
area = 3.68419092825 with chi^2 147.61110132
Minuit succeeded.
area = 3.69020496304 with chi^2 138.855989262
Minuit succeeded.
area = 3.68400437093 with chi^2 133.562743574
Minuit succeeded.
area = 3.66503542515 with chi^2 142.353901415
Minuit succeeded.
area = 3.67584732939 with chi^2 146.900013924
Minuit succeeded.
area = 3.68534966175 with chi^2 136.401072546
Minuit succeeded.
area = 3.67898450035 with chi^2 138.259611495
Minuit succeeded.
area = 3.66850727447 with chi^2 138.793513113
Minuit succeeded.
area = 3.66984450262 with chi^2 143.902635293
Minuit succeeded.
area = 3.67221444458 with chi^2 143.493406963
Minuit succeeded.
area = 3.67125781246 with chi^2 138.274235399
eigenvalues: 
-0.124617
0.275523
0.656383
1
1
1
1
1.00051
1.13052
3.06168
matrix forced pos-def by adding 0.127679 to diagonal
MnHesse: matrix is invalid!
MnHesse: matrix is not pos. def.!
MnHesse: matrix was forced pos. def.
FunctionMinimum is invalid.
Minuit failed because covariance is not accurate, and covariance is not positive definite.
Minuit succeeded.
area = 3.68151218551 with chi^2 142.543508367
Minuit succeeded.
area = 3.68845187631 with chi^2 134.728483119
Minuit succeeded.
area = 3.68600445804 with chi^2 142.623165902
Minuit succeeded.
area = 3.67889493196 with chi^2 139.94025992
Minuit succeeded.
area = 3.67845270273 with chi^2 144.884747912
Minuit succeeded.
area = 3.67914505882 with chi^2 144.551687147
Minuit succeeded.
area = 3.67766240708 with chi^2 137.884586878
Minuit succeeded.
area = 3.67676339357 with chi^2 142.934702637
Minuit succeeded.
area = 3.67866348965 with chi^2 139.414233752
Minuit succeeded.
area = 3.67263577605 with chi^2 138.97425614
Minuit succeeded.
area = 3.67467790344 with chi^2 133.818184948
Minuit succeeded.
area = 3.67234062205 with chi^2 144.15399525
Minuit succeeded.
area = 3.68126330032 with chi^2 137.820616422
Minuit succeeded.
area = 3.68615027015 with chi^2 139.967962706
Minuit succeeded.
area = 3.66925872202 with chi^2 146.578326636
eigenvalues: 
-0.00623291
0.337576
0.651178
1
1
1
1
1.00096
1.14965
2.86687
matrix forced pos-def by adding 0.00909979 to diagonal
MnHesse: matrix is invalid!
MnHesse: matrix is not pos. def.!
MnHesse: matrix was forced pos. def.
FunctionMinimum is invalid.
Minuit failed because covariance is not accurate, and covariance is not positive definite.
Minuit succeeded.
area = 3.67477360166 with chi^2 146.799368044
eigenvalues: 
-0.0525764
0.249613
0.66054
1
1
1
1
1.00128
1.19408
2.94706
matrix forced pos-def by adding 0.0555234 to diagonal
MnHesse: matrix is invalid!
MnHesse: matrix is not pos. def.!
MnHesse: matrix was forced pos. def.
FunctionMinimum is invalid.
Minuit failed because covariance is not accurate, and covariance is not positive definite.
Minuit succeeded.
area = 3.68361261587 with chi^2 144.314944233
Minuit succeeded.
area = 3.67935524467 with chi^2 142.598421597
Minuit succeeded.
area = 3.67993883296 with chi^2 142.272843369
Minuit succeeded.
area = 3.68441393665 with chi^2 139.215759218
Minuit succeeded.
area = 3.67780527471 with chi^2 143.67383308
Minuit succeeded.
area = 3.68177536042 with chi^2 138.250303033
Minuit succeeded.
area = 3.68359496337 with chi^2 144.320751435
Minuit succeeded.
area = 3.68736800389 with chi^2 143.129881434
Minuit succeeded.
area = 3.68354767356 with chi^2 139.926066036
Minuit succeeded.
area = 3.6886212145 with chi^2 142.993810195
Minuit succeeded.
area = 3.68441822668 with chi^2 135.858964451
Minuit succeeded.
area = 3.68528388442 with chi^2 149.959316773
Minuit succeeded.
area = 3.67631092437 with chi^2 147.670059312
Minuit succeeded.
area = 3.6843529725 with chi^2 135.34260967
Minuit succeeded.
area = 3.67756805175 with chi^2 148.633442001
eigenvalues: 
-0.00536033
0.278878
0.662646
1
1
1
1
1.00112
1.13081
2.93191
matrix forced pos-def by adding 0.00829224 to diagonal
MnHesse: matrix is invalid!
MnHesse: matrix is not pos. def.!
MnHesse: matrix was forced pos. def.
FunctionMinimum is invalid.
Minuit failed because covariance is not accurate, and covariance is not positive definite.
Minuit succeeded.
area = 3.67694615792 with chi^2 144.105213645
areas mean, stdev = 3.67992894949 0.00590814496779 chi^2 mean, stdev = 141.837099357 4.03435746776
