0.880346312087
Now with jitter = 0.0
Minuit succeeded.
area = 3.62773529505 with chi^2 181.927071693
areas mean, stdev = 3.62773529505 0.0 chi^2 mean, stdev = 181.927071693 0.0
Now with jitter = 0.05
Minuit succeeded.
area = 3.63061319789 with chi^2 185.330908303
Minuit succeeded.
area = 3.62820266666 with chi^2 184.183851563
Minuit succeeded.
area = 3.63205773682 with chi^2 182.510158949
Minuit succeeded.
area = 3.62082941226 with chi^2 182.075137445
Minuit succeeded.
area = 3.62338362377 with chi^2 184.593202086
Minuit succeeded.
area = 3.63198233652 with chi^2 187.447980913
Minuit succeeded.
area = 3.63270350835 with chi^2 182.097165981
Minuit succeeded.
area = 3.6323307581 with chi^2 189.113792658
Minuit succeeded.
area = 3.62713747985 with chi^2 185.140970564
eigenvalues: 
-0.0723828
0.262783
0.673517
1
1
1
1
1.00093
1.09296
3.04219
matrix forced pos-def by adding 0.0754249 to diagonal
MnHesse: matrix is invalid!
MnHesse: matrix is not pos. def.!
MnHesse: matrix was forced pos. def.
FunctionMinimum is invalid.
Minuit failed because covariance is not accurate, and covariance is not positive definite.
Minuit succeeded.
area = 3.62671549202 with chi^2 185.180033851
Minuit succeeded.
area = 3.62800768876 with chi^2 187.103639411
Minuit succeeded.
area = 3.62686798172 with chi^2 186.041347935
Minuit succeeded.
area = 3.63915253282 with chi^2 182.354223476
Minuit succeeded.
area = 3.63377425201 with chi^2 187.596126895
Minuit succeeded.
area = 3.62719437838 with chi^2 187.692748325
Minuit succeeded.
area = 3.62990471423 with chi^2 185.920663845
Minuit succeeded.
area = 3.62363023667 with chi^2 188.861386328
Minuit succeeded.
area = 3.63450161798 with chi^2 183.758881043
eigenvalues: 
-0.0366715
0.268632
0.673829
1
1
1
1
1.00048
1.07875
3.01498
matrix forced pos-def by adding 0.0396865 to diagonal
MnHesse: matrix is invalid!
MnHesse: matrix is not pos. def.!
MnHesse: matrix was forced pos. def.
FunctionMinimum is invalid.
Minuit failed because covariance is not accurate, and covariance is not positive definite.
eigenvalues: 
-0.147933
0.265009
0.65147
1
1
1
1
1.00078
1.18657
3.04411
matrix forced pos-def by adding 0.150977 to diagonal
MnHesse: matrix is invalid!
MnHesse: matrix is not pos. def.!
MnHesse: matrix was forced pos. def.
FunctionMinimum is invalid.
Minuit failed because covariance is not accurate, and covariance is not positive definite.
Minuit succeeded.
area = 3.63025224779 with chi^2 184.151265211
Minuit succeeded.
area = 3.62227549831 with chi^2 184.301372186
Minuit succeeded.
area = 3.62065937949 with chi^2 184.987568497
Minuit succeeded.
area = 3.63875889187 with chi^2 190.573480852
eigenvalues: 
-0.0627323
0.299557
0.644793
1
1
1
1
1.00044
1.1875
2.93044
matrix forced pos-def by adding 0.0656628 to diagonal
MnHesse: matrix is invalid!
MnHesse: matrix is not pos. def.!
MnHesse: matrix was forced pos. def.
FunctionMinimum is invalid.
Minuit failed because covariance is not accurate, and covariance is not positive definite.
Minuit succeeded.
area = 3.62460364683 with chi^2 182.931484349
Minuit succeeded.
area = 3.62924420316 with chi^2 185.276743412
Minuit succeeded.
area = 3.6337994882 with chi^2 181.9988692
Minuit succeeded.
area = 3.62452452622 with chi^2 183.936729019
Minuit succeeded.
area = 3.6192430613 with chi^2 182.481276501
eigenvalues: 
-0.123075
0.274449
0.680668
1
1
1
1
1.00192
1.08281
3.08322
matrix forced pos-def by adding 0.126158 to diagonal
MnHesse: matrix is invalid!
MnHesse: matrix is not pos. def.!
MnHesse: matrix was forced pos. def.
FunctionMinimum is invalid.
Minuit failed because covariance is not accurate, and covariance is not positive definite.
Minuit succeeded.
area = 3.63047091607 with chi^2 176.904729532
Minuit succeeded.
area = 3.62711750301 with chi^2 184.722506198
Minuit succeeded.
area = 3.62180281199 with chi^2 184.905768405
Minuit succeeded.
area = 3.61903184698 with chi^2 179.351730267
Minuit succeeded.
area = 3.63249383079 with chi^2 185.707936774
Minuit succeeded.
area = 3.62410700361 with chi^2 187.874743261
Minuit succeeded.
area = 3.62542138811 with chi^2 184.985791231
Minuit succeeded.
area = 3.63862794514 with chi^2 174.064360389
Minuit succeeded.
area = 3.6292311846 with chi^2 180.513689193
Minuit succeeded.
area = 3.63184983023 with chi^2 179.696047973
Minuit succeeded.
area = 3.62600844937 with chi^2 187.779714007
eigenvalues: 
-0.00304962
0.248016
0.688519
1
1
1
1
1.00299
1.08422
2.97931
matrix forced pos-def by adding 0.00602893 to diagonal
MnHesse: matrix is invalid!
MnHesse: matrix is not pos. def.!
MnHesse: matrix was forced pos. def.
FunctionMinimum is invalid.
Minuit failed because covariance is not accurate, and covariance is not positive definite.
eigenvalues: 
-0.0403395
0.288266
0.646405
1
1
1
1
1.00098
1.22692
2.87776
matrix forced pos-def by adding 0.0432172 to diagonal
MnHesse: matrix is invalid!
MnHesse: matrix is not pos. def.!
MnHesse: matrix was forced pos. def.
FunctionMinimum is invalid.
Minuit failed because covariance is not accurate, and covariance is not positive definite.
Minuit succeeded.
area = 3.63541676523 with chi^2 191.094516381
Minuit succeeded.
area = 3.62209037092 with chi^2 185.493402632
Minuit succeeded.
area = 3.62087856167 with chi^2 183.910171197
Minuit succeeded.
area = 3.62571617489 with chi^2 183.35701284
Minuit succeeded.
area = 3.6288478297 with chi^2 184.139755014
Minuit succeeded.
area = 3.62712756962 with chi^2 184.589048128
Minuit succeeded.
area = 3.61761812786 with chi^2 187.236389382
Minuit succeeded.
area = 3.62707803385 with chi^2 188.676375967
Minuit succeeded.
area = 3.62677390997 with chi^2 182.895374739
Minuit succeeded.
area = 3.63469211599 with chi^2 182.315298629
Minuit succeeded.
area = 3.63326186509 with chi^2 184.338159968
Minuit succeeded.
area = 3.63044131111 with chi^2 185.468436735
Minuit succeeded.
area = 3.62690366197 with chi^2 183.201630137
Minuit succeeded.
area = 3.62948196075 with chi^2 184.02395162
Minuit succeeded.
area = 3.63241778413 with chi^2 189.826931292
eigenvalues: 
-0.388588
0.210261
0.676161
1
1
1
1
1.00341
1.16021
3.33854
matrix forced pos-def by adding 0.391927 to diagonal
MnHesse: matrix is invalid!
MnHesse: matrix is not pos. def.!
MnHesse: matrix was forced pos. def.
FunctionMinimum is invalid.
Minuit failed because covariance is not accurate, and covariance is not positive definite.
Minuit succeeded.
area = 3.63022427316 with chi^2 180.619430064
eigenvalues: 
-0.0126278
0.300751
0.674997
1
1
1
1
1.00034
1.07431
2.96223
matrix forced pos-def by adding 0.0155901 to diagonal
MnHesse: matrix is invalid!
MnHesse: matrix is not pos. def.!
MnHesse: matrix was forced pos. def.
FunctionMinimum is invalid.
Minuit failed because covariance is not accurate, and covariance is not positive definite.
Minuit succeeded.
area = 3.62645429437 with chi^2 180.248156378
Minuit succeeded.
area = 3.62407864055 with chi^2 182.406118951
eigenvalues: 
-0.00823812
0.324848
0.647762
1
1
1
1
1.00052
1.17959
2.85552
matrix forced pos-def by adding 0.0110936 to diagonal
MnHesse: matrix is invalid!
MnHesse: matrix is not pos. def.!
MnHesse: matrix was forced pos. def.
FunctionMinimum is invalid.
Minuit failed because covariance is not accurate, and covariance is not positive definite.
Minuit succeeded.
area = 3.62159142012 with chi^2 183.392909912
Minuit succeeded.
area = 3.6289882186 with chi^2 186.855101028
Minuit succeeded.
area = 3.62563785523 with chi^2 184.771868391
Minuit succeeded.
area = 3.62395258938 with chi^2 182.938363911
eigenvalues: 
-0.0360881
0.274019
0.663171
1
1
1
1
1.00008
1.14932
2.9495
matrix forced pos-def by adding 0.0390376 to diagonal
MnHesse: matrix is invalid!
MnHesse: matrix is not pos. def.!
MnHesse: matrix was forced pos. def.
FunctionMinimum is invalid.
Minuit failed because covariance is not accurate, and covariance is not positive definite.
Minuit succeeded.
area = 3.62071999327 with chi^2 190.848042106
Minuit succeeded.
area = 3.63388653212 with chi^2 181.483499918
Minuit succeeded.
area = 3.63122997952 with chi^2 181.198065584
eigenvalues: 
-0.0139501
0.224029
0.700552
1
1
1
1
1.002
1.06791
3.01945
matrix forced pos-def by adding 0.0169695 to diagonal
MnHesse: matrix is invalid!
MnHesse: matrix is not pos. def.!
MnHesse: matrix was forced pos. def.
FunctionMinimum is invalid.
Minuit failed because covariance is not accurate, and covariance is not positive definite.
Minuit succeeded.
area = 3.63191445318 with chi^2 180.049066049
Minuit succeeded.
area = 3.62921876542 with chi^2 187.018809038
eigenvalues: 
-0.0396685
0.230421
0.695005
1
1
1
1
1.00325
1.0839
3.0271
matrix forced pos-def by adding 0.0426956 to diagonal
MnHesse: matrix is invalid!
MnHesse: matrix is not pos. def.!
MnHesse: matrix was forced pos. def.
FunctionMinimum is invalid.
Minuit failed because covariance is not accurate, and covariance is not positive definite.
eigenvalues: 
-0.0119899
0.270557
0.667993
1
1
1
1
1.0014
1.10877
2.96327
matrix forced pos-def by adding 0.0149532 to diagonal
MnHesse: matrix is invalid!
MnHesse: matrix is not pos. def.!
MnHesse: matrix was forced pos. def.
FunctionMinimum is invalid.
Minuit failed because covariance is not accurate, and covariance is not positive definite.
Minuit succeeded.
area = 3.62834911431 with chi^2 181.23222309
Minuit succeeded.
area = 3.62182281022 with chi^2 186.43048437
Minuit succeeded.
area = 3.6286688478 with chi^2 185.201812349
Minuit succeeded.
area = 3.63112577973 with chi^2 187.23734988
Minuit succeeded.
area = 3.62791651736 with chi^2 182.738640535
Minuit succeeded.
area = 3.63355628777 with chi^2 183.965437083
Minuit succeeded.
area = 3.62621052243 with chi^2 184.329505989
Minuit succeeded.
area = 3.62722229735 with chi^2 183.146731429
Minuit succeeded.
area = 3.62835988703 with chi^2 187.244974785
Minuit succeeded.
area = 3.62867587122 with chi^2 182.943236588
Minuit succeeded.
area = 3.63185580549 with chi^2 183.662899432
Minuit succeeded.
area = 3.621695835 with chi^2 180.888761866
Minuit succeeded.
area = 3.63314830565 with chi^2 188.675838286
Minuit succeeded.
area = 3.62884290205 with chi^2 192.857670207
eigenvalues: 
-0.0982637
0.230987
0.681578
1
1
1
1
1.00213
1.09965
3.08392
matrix forced pos-def by adding 0.101348 to diagonal
MnHesse: matrix is invalid!
MnHesse: matrix is not pos. def.!
MnHesse: matrix was forced pos. def.
FunctionMinimum is invalid.
Minuit failed because covariance is not accurate, and covariance is not positive definite.
VariableMetricBuilder: no improvement
Minuit succeeded.
area = 3.62146546476 with chi^2 183.484807343
Minuit succeeded.
area = 3.63577825813 with chi^2 189.402945119
Minuit succeeded.
area = 3.62578085118 with chi^2 183.959175354
Minuit succeeded.
area = 3.62795136208 with chi^2 178.305779502
Minuit succeeded.
area = 3.64116261829 with chi^2 180.766295653
eigenvalues: 
-0.0260991
0.276758
0.661201
1
1
1
1
1.00028
1.11698
2.97088
matrix forced pos-def by adding 0.02907 to diagonal
MnHesse: matrix is invalid!
MnHesse: matrix is not pos. def.!
MnHesse: matrix was forced pos. def.
FunctionMinimum is invalid.
Minuit failed because covariance is not accurate, and covariance is not positive definite.
areas mean, stdev = 3.62827078171 0.0049099407849 chi^2 mean, stdev = 184.440696201 3.21560269117
Now with jitter = 0.07
Minuit succeeded.
area = 3.62794725046 with chi^2 188.420674604
Minuit succeeded.
area = 3.62872012593 with chi^2 185.631038729
Minuit succeeded.
area = 3.62960432108 with chi^2 192.085513717
Minuit succeeded.
area = 3.62982019258 with chi^2 184.965718678
Minuit succeeded.
area = 3.63019716634 with chi^2 189.320334064
Minuit succeeded.
area = 3.6277917683 with chi^2 183.943670311
Minuit succeeded.
area = 3.63102942055 with chi^2 183.765661476
Minuit succeeded.
area = 3.63337136453 with chi^2 189.507648703
Minuit succeeded.
area = 3.6191818825 with chi^2 186.617941637
eigenvalues: 
-0.209347
0.202907
0.693704
1
1
1
1
1.00302
1.122
3.18771
matrix forced pos-def by adding 0.212535 to diagonal
MnHesse: matrix is invalid!
MnHesse: matrix is not pos. def.!
MnHesse: matrix was forced pos. def.
FunctionMinimum is invalid.
Minuit failed because covariance is not accurate, and covariance is not positive definite.
Minuit succeeded.
area = 3.64286167893 with chi^2 195.352424893
Minuit succeeded.
area = 3.62205637801 with chi^2 180.397467798
Minuit succeeded.
area = 3.64169951608 with chi^2 188.118135299
eigenvalues: 
-0.0581436
0.282344
0.660163
1
1
1
1
1.00031
1.14808
2.96724
matrix forced pos-def by adding 0.0611109 to diagonal
MnHesse: matrix is invalid!
MnHesse: matrix is not pos. def.!
MnHesse: matrix was forced pos. def.
FunctionMinimum is invalid.
Minuit failed because covariance is not accurate, and covariance is not positive definite.
Minuit succeeded.
area = 3.62154130123 with chi^2 191.933103725
Minuit succeeded.
area = 3.62753832571 with chi^2 187.517217463
Minuit succeeded.
area = 3.62961988841 with chi^2 190.59537107
Minuit succeeded.
area = 3.62270096623 with chi^2 185.880181573
Minuit succeeded.
area = 3.62055947884 with chi^2 184.113366266
Minuit succeeded.
area = 3.64214210164 with chi^2 181.91192994
Minuit succeeded.
area = 3.6358591694 with chi^2 188.10595856
Minuit succeeded.
area = 3.63115240624 with chi^2 182.485373889
Minuit succeeded.
area = 3.61770253052 with chi^2 192.268767274
Minuit succeeded.
area = 3.62044703683 with chi^2 183.699471283
eigenvalues: 
-0.0130381
0.266743
0.69016
1
1
1
1
1.00281
1.05716
2.99617
matrix forced pos-def by adding 0.0160342 to diagonal
MnHesse: matrix is invalid!
MnHesse: matrix is not pos. def.!
MnHesse: matrix was forced pos. def.
FunctionMinimum is invalid.
Minuit failed because covariance is not accurate, and covariance is not positive definite.
Minuit succeeded.
area = 3.62617709183 with chi^2 188.563231783
Minuit succeeded.
area = 3.62540509523 with chi^2 180.94766323
Minuit succeeded.
area = 3.63190448737 with chi^2 188.924853618
Minuit succeeded.
area = 3.62428610131 with chi^2 181.839220215
Minuit succeeded.
area = 3.62536194131 with chi^2 185.412202949
Minuit succeeded.
area = 3.62998777072 with chi^2 184.841271005
VariableMetricBuilder: no improvement
VariableMetricBuilder: machine accuracy limits further improvement.
Minuit succeeded.
area = 3.63617822177 with chi^2 178.853064871
Minuit succeeded.
area = 3.63183257645 with chi^2 186.335116133
Minuit succeeded.
area = 3.62058611715 with chi^2 188.541017598
Minuit succeeded.
area = 3.6389885233 with chi^2 188.409141087
Minuit succeeded.
area = 3.62705901712 with chi^2 184.134762677
Minuit succeeded.
area = 3.62532620293 with chi^2 180.401749752
Minuit succeeded.
area = 3.62508912236 with chi^2 183.703415755
Minuit succeeded.
area = 3.61962731583 with chi^2 192.220780708
Minuit succeeded.
area = 3.63217270646 with chi^2 192.585045185
Minuit succeeded.
area = 3.63154909912 with chi^2 183.400250392
eigenvalues: 
-0.118629
0.279649
0.652476
1
1
1
1
1.00059
1.16916
3.01675
matrix forced pos-def by adding 0.121646 to diagonal
MnHesse: matrix is invalid!
MnHesse: matrix is not pos. def.!
MnHesse: matrix was forced pos. def.
FunctionMinimum is invalid.
Minuit failed because covariance is not accurate, and covariance is not positive definite.
Minuit succeeded.
area = 3.64421692506 with chi^2 185.350295658
Minuit succeeded.
area = 3.64395105596 with chi^2 181.36814631
Minuit succeeded.
area = 3.63019404048 with chi^2 183.794058371
Minuit succeeded.
area = 3.62741973591 with chi^2 187.176941115
Minuit succeeded.
area = 3.62250792601 with chi^2 178.176837399
Minuit succeeded.
area = 3.62847321547 with chi^2 186.083439448
VariableMetricBuilder: matrix not pos.def.
edm < 0
negative or zero diagonal element 1 in covariance matrix
added 1.00007 to diagonal of error matrix
Minuit succeeded.
area = 3.61440128855 with chi^2 183.394814453
Minuit succeeded.
area = 3.62242117999 with chi^2 183.712567678
Minuit succeeded.
area = 3.6266037817 with chi^2 181.582604312
Minuit succeeded.
area = 3.63349995574 with chi^2 186.99993384
Minuit succeeded.
area = 3.62015349811 with chi^2 181.608967594
Minuit succeeded.
area = 3.62517697721 with chi^2 187.57876068
Minuit succeeded.
area = 3.63539516861 with chi^2 196.190619331
Minuit succeeded.
area = 3.631435428 with chi^2 193.056751815
Minuit succeeded.
area = 3.62588808142 with chi^2 193.038545629
Minuit succeeded.
area = 3.64769275556 with chi^2 185.409623976
Minuit succeeded.
area = 3.63353785664 with chi^2 186.337903191
eigenvalues: 
-0.0903413
0.28918
0.640606
1
1
1
1
1.0009
1.25989
2.89977
matrix forced pos-def by adding 0.093241 to diagonal
MnHesse: matrix is invalid!
MnHesse: matrix is not pos. def.!
MnHesse: matrix was forced pos. def.
FunctionMinimum is invalid.
Minuit failed because covariance is not accurate, and covariance is not positive definite.
Minuit succeeded.
area = 3.63116581558 with chi^2 179.906577182
Minuit succeeded.
area = 3.64768690992 with chi^2 182.642463224
Minuit succeeded.
area = 3.63281807794 with chi^2 185.616835356
Minuit succeeded.
area = 3.62900204054 with chi^2 179.837468657
Minuit succeeded.
area = 3.62994279411 with chi^2 180.374924765
Minuit succeeded.
area = 3.61783421807 with chi^2 183.173710445
Minuit succeeded.
area = 3.63557582788 with chi^2 187.436946512
Minuit succeeded.
area = 3.63141967501 with chi^2 180.263712009
Minuit succeeded.
area = 3.62180522716 with chi^2 175.513690343
Minuit succeeded.
area = 3.62254273705 with chi^2 186.388005001
Minuit succeeded.
area = 3.63323857605 with chi^2 188.426208631
Minuit succeeded.
area = 3.62830695208 with chi^2 186.406689866
Minuit succeeded.
area = 3.63458328418 with chi^2 183.571034582
Minuit succeeded.
area = 3.62145603149 with chi^2 186.781151168
Minuit succeeded.
area = 3.62808987084 with chi^2 178.522781369
Minuit succeeded.
area = 3.63724259911 with chi^2 184.347212788
Minuit succeeded.
area = 3.64039741409 with chi^2 192.048987094
Minuit succeeded.
area = 3.61846707995 with chi^2 183.108585422
Minuit succeeded.
area = 3.62138124153 with chi^2 185.460333961
Minuit succeeded.
area = 3.62347913066 with chi^2 188.900810209
eigenvalues: 
-0.247783
0.253953
0.646787
1
1
1
1
1.00082
1.19744
3.14878
matrix forced pos-def by adding 0.250932 to diagonal
MnHesse: matrix is invalid!
MnHesse: matrix is not pos. def.!
MnHesse: matrix was forced pos. def.
FunctionMinimum is invalid.
Minuit failed because covariance is not accurate, and covariance is not positive definite.
Minuit succeeded.
area = 3.63472348798 with chi^2 195.173190416
Minuit succeeded.
area = 3.62841154016 with chi^2 191.597073246
Minuit succeeded.
area = 3.6399336425 with chi^2 188.077755691
Minuit succeeded.
area = 3.63346130622 with chi^2 184.97284512
eigenvalues: 
-0.037001
0.280421
0.679741
1
1
1
1
1.00049
1.07114
3.00521
matrix forced pos-def by adding 0.0400062 to diagonal
MnHesse: matrix is invalid!
MnHesse: matrix is not pos. def.!
MnHesse: matrix was forced pos. def.
FunctionMinimum is invalid.
Minuit failed because covariance is not accurate, and covariance is not positive definite.
Minuit succeeded.
area = 3.62589494182 with chi^2 182.53823994
Minuit succeeded.
area = 3.62162075907 with chi^2 189.211798453
Minuit succeeded.
area = 3.61930703997 with chi^2 193.713016604
eigenvalues: 
-0.158268
0.217014
0.701615
1
1
1
1
1.00105
1.09924
3.13935
matrix forced pos-def by adding 0.161408 to diagonal
MnHesse: matrix is invalid!
MnHesse: matrix is not pos. def.!
MnHesse: matrix was forced pos. def.
FunctionMinimum is invalid.
Minuit failed because covariance is not accurate, and covariance is not positive definite.
Minuit succeeded.
area = 3.62227868093 with chi^2 193.012827505
Minuit succeeded.
area = 3.62739950536 with chi^2 183.959817596
Minuit succeeded.
area = 3.62320657277 with chi^2 190.331242241
Minuit succeeded.
area = 3.62209933692 with chi^2 186.270593351
Minuit succeeded.
area = 3.62544704525 with chi^2 185.456636852
Minuit succeeded.
area = 3.64218409975 with chi^2 183.914283666
eigenvalues: 
-0.180244
0.235116
0.673908
1
1
1
1
1.00093
1.11605
3.15424
matrix forced pos-def by adding 0.183398 to diagonal
MnHesse: matrix is invalid!
MnHesse: matrix is not pos. def.!
MnHesse: matrix was forced pos. def.
FunctionMinimum is invalid.
Minuit failed because covariance is not accurate, and covariance is not positive definite.
Minuit succeeded.
area = 3.62837386596 with chi^2 182.876383676
Minuit succeeded.
area = 3.62509117786 with chi^2 184.316918599
Minuit succeeded.
area = 3.64802083078 with chi^2 187.243599625
areas mean, stdev = 3.62914213041 0.00742697624083 chi^2 mean, stdev = 186.022032087 4.23176609312
