           1   10352.8007812500        5.17999982833862     
  1.689999923110008E-002
           2   10360.6005859375        6.32000017166138     
  4.000000283122063E-002
           3   10360.6005859375        6.26000022888184     
  1.439999975264072E-002
           4   10360.6005859375        6.51999998092651     
  1.000000070780516E-002
           5   10364.4003906250        4.84999990463257     
  6.399999838322401E-003
           6   10364.4003906250        5.07000017166138     
  8.100000210106373E-003
           7   10353.0000000000        5.26999998092651     
  6.399999838322401E-003
           8   10356.7998046875        6.69000005722046     
  1.689999923110008E-002
           9   10356.7998046875        6.51999998092651     
  8.100000210106373E-003
          10   10352.8203125000        5.32999992370605     
  2.559999935328960E-002
          11   10352.8994140625        5.15999984741211     
  1.960000023245811E-002
          12   10352.8603515625        5.11000013351440     
  6.399999838322401E-003
          13   10352.8203125000        5.07000017166138     
  6.399999838322401E-003
          14   10353.3603515625        5.30000019073486     
  8.100000210106373E-003
          15   10352.8603515625        5.19999980926514     
  1.209999993443489E-002
          16   10352.9199218750        5.28000020980835     
  3.610000014305115E-002
          17   10360.6005859375        6.32000017166138     
  4.000000283122063E-002
          18   10360.6591796875        6.26000022888184     
  1.439999975264072E-002
          19   10360.6191406250        6.51999998092651     
  1.000000070780516E-002
          20   10364.4599609375        4.84999990463257     
  6.399999838322401E-003
          21   10364.4404296875        5.07000017166138     
  8.100000210106373E-003
  MINUIT RELEASE 96.03  INITIALIZED.   DIMENSIONS 100/ 50  EPSMAC=  0.89E-15

 PARAMETER DEFINITIONS:
    NO.   NAME         VALUE      STEP SIZE      LIMITS
     1 'area      '    77.059       1.0000         no limits
     2 'mass      '    10.358      0.20000E-03     no limits
     3 'wide      '    4.6686      0.20000E-01     no limits
     4 'back      '    3.8445      0.10000E-01     no limits
 Writing out experimental points.
 Writing out theoretical curve.
 **********
 **    1 **SET STRATEGY   1.000    
 **********

 NOW USING STRATEGY  1: TRY TO BALANCE SPEED AGAINST RELIABILITY

 **********
 **    2 **MINIMIZE   2000.      0.3000E-01
 **********

 FIRST CALL TO USER FUNCTION AT NEW START POINT, WITH IFLAG=4.
testat        77.0587000000        10.3582000000         4.6686360000         3.8444710000 =       125.1582357382 /         21
 START MIGRAD MINIMIZATION.  STRATEGY 1.  CONVERGENCE WHEN EDM .LT. 0.30E-04
testat        77.0687000000        10.3582000000         4.6686360000         3.8444710000 =       125.3210965374 /         21
testat        77.0487000000        10.3582000000         4.6686360000         3.8444710000 =       124.9957934310 /         21
testat        77.0624913971        10.3582000000         4.6686360000         3.8444710000 =       125.2199334791 /         21
testat        77.0549086029        10.3582000000         4.6686360000         3.8444710000 =       125.0965981542 /         21
testat        77.0587000000        10.3582049392         4.6686360000         3.8444710000 =       117.6223327294 /         21
testat        77.0587000000        10.3581950608         4.6686360000         3.8444710000 =       114.6250433508 /         21
testat        77.0587000000        10.3582000000         4.6688360000         3.8444710000 =       116.0866647516 /         21
testat        77.0587000000        10.3582000000         4.6684360000         3.8444710000 =       116.1459231596 /         21
testat        77.0587000000        10.3582000000         4.6686560000         3.8444710000 =       116.1133230477 /         21
testat        77.0587000000        10.3582000000         4.6686160000         3.8444710000 =       116.1192486512 /         21
testat        77.0587000000        10.3582000000         4.6686360000         3.8445710000 =       116.1392830533 /         21
testat        77.0587000000        10.3582000000         4.6686360000         3.8443710000 =       116.0933156995 /         21
testat        77.0587000000        10.3582000000         4.6686360000         3.8444810000 =       116.1185842595 /         21
testat        77.0587000000        10.3582000000         4.6686360000         3.8444610000 =       116.1139875241 /         21
testat        77.0587000000        10.3581950608         4.6686360000         3.8444710000 =       114.6250433508 /         21
testat        77.0587000000        10.3581753041         4.6686360000         3.8444710000 =       108.8085957265 /         21
testat        77.0587000000        10.3581832048         4.6686360000         3.8444710000 =       111.1060463558 /         21
testat        77.0587000000        10.3581259124         4.6686360000         3.8444710000 =        95.3099752408 /         21
testat        77.0587000000        10.3579777371         4.6686360000         3.8444710000 =        63.8375264329 /         21
testat        77.0587000000        10.3577072812         4.6686360000         3.8444710000 =        41.8582221271 /         21
testat        77.0609098281        10.3577072812         4.6686360000         3.8444710000 =        41.8885172732 /         21
testat        77.0564901719        10.3577072812         4.6686360000         3.8444710000 =        41.8279472299 /         21
testat        77.0587000000        10.3577122202         4.6686360000         3.8444710000 =        41.8445339146 /         21
testat        77.0587000000        10.3577023423         4.6686360000         3.8444710000 =        41.8874206918 /         21
testat        77.0587000000        10.3577072812         4.6686382262         3.8444710000 =        41.8580324991 /         21
testat        77.0587000000        10.3577072812         4.6686337738         3.8444710000 =        41.8584117569 /         21
testat        77.0587000000        10.3577072812         4.6686582618         3.8444710000 =        41.8563259300 /         21
testat        77.0587000000        10.3577072812         4.6686137382         3.8444710000 =        41.8601185086 /         21
testat        77.0587000000        10.3577072812         4.6686360000         3.8444728332 =        41.8588028301 /         21
testat        77.0587000000        10.3577072812         4.6686360000         3.8444691668 =        41.8576414333 /         21
testat        77.0587000000        10.3577072812         4.6686360000         3.8444893319 =        41.8640295687 /         21
testat        77.0587000000        10.3577072812         4.6686360000         3.8444526681 =        41.8524156009 /         21

 FCN=   41.85822     FROM MIGRAD    STATUS=INITIATE      32 CALLS       33 TOTAL
                     EDM= unknown      STRATEGY= 1      NO ERROR MATRIX       

  EXT PARAMETER               CURRENT GUESS       STEP         FIRST   
  NO.   NAME        VALUE          ERROR          SIZE      DERIVATIVE 
   1     area       77.059        1.0000       0.00000E+00    13.705    
   2     mass       10.358       0.20000E-03  -0.49272E-03   -4341.7    
   3     wide       4.6686       0.20000E-01   0.00000E+00   -85.181    
   4     back       3.8445       0.10000E-01   0.00000E+00    316.77    
testat        73.7535933234        10.3577141094         4.8974627038         3.7281890900 =        48.9864267201 /         21
testat        75.5144365112        10.3577104716         4.7755519814         3.7901399525 =        18.1922207404 /         21
testat        75.5159221241        10.3577104716         4.7755519814         3.7901399525 =        18.1919642258 /         21
testat        75.5129508983        10.3577104716         4.7755519814         3.7901399525 =        18.1924862964 /         21
testat        75.5144365112        10.3577154105         4.7755519814         3.7901399525 =        18.2465732831 /         21
testat        75.5144365112        10.3577055327         4.7755519814         3.7901399525 =        18.1519908725 /         21
testat        75.5144365112        10.3577104716         4.7757087751         3.7901399525 =        18.1910214305 /         21
testat        75.5144365112        10.3577104716         4.7753951876         3.7901399525 =        18.1934312373 /         21
testat        75.5144365112        10.3577104716         4.7755519814         3.7901979129 =        18.1915711891 /         21
testat        75.5144365112        10.3577104716         4.7755519814         3.7900819920 =        18.1928794431 /         21
testat        75.5416360190        10.3576955255         4.7971180145         3.7937344595 =        17.9997975405 /         21
testat        75.5442138693        10.3576941090         4.7991619487         3.7940751312 =        17.9980579614 /         21
testat        75.5457009232        10.3576941090         4.7991619487         3.7940751312 =        17.9980499315 /         21
testat        75.5427268155        10.3576941090         4.7991619487         3.7940751312 =        17.9980750295 /         21
testat        75.5442138693        10.3576990479         4.7991619487         3.7940751312 =        17.9999425359 /         21
testat        75.5442138693        10.3576891701         4.7991619487         3.7940751312 =        18.0101013153 /         21
testat        75.5442138693        10.3576941090         4.7993030431         3.7940751312 =        17.9979471348 /         21
testat        75.5442138693        10.3576941090         4.7990208543         3.7940751312 =        17.9981753752 /         21
testat        75.5442138693        10.3576941090         4.7991619487         3.7941327977 =        17.9980440703 /         21
testat        75.5442138693        10.3576941090         4.7991619487         3.7940174646 =        17.9980809114 /         21
testat        75.5487113570        10.3576955608         4.8014649424         3.7943107329 =        17.9958361365 /         21
testat        75.5504686856        10.3576961281         4.8023648040         3.7944027909 =        17.9956615827 /         21
testat        75.5519573474        10.3576961281         4.8023648040         3.7944027909 =        17.9956442555 /         21
testat        75.5489800238        10.3576961281         4.8023648040         3.7944027909 =        17.9956879639 /         21
testat        75.5504686856        10.3577010670         4.8023648040         3.7944027909 =        18.0025882777 /         21
testat        75.5504686856        10.3576911891         4.8023648040         3.7944027909 =        18.0026280500 /         21
testat        75.5504686856        10.3576961281         4.8025302547         3.7944027909 =        17.9956711118 /         21
testat        75.5504686856        10.3576961281         4.8021993533         3.7944027909 =        17.9956577204 /         21
testat        75.5504686856        10.3576961281         4.8023648040         3.7944604538 =        17.9956752977 /         21
testat        75.5504686856        10.3576961281         4.8023648040         3.7943451280 =        17.9956569255 /         21
testat        75.5533230319        10.3576961566         4.8023007081         3.7943217301 =        17.9956063988 /         21
testat        75.5647404171        10.3576962706         4.8020443246         3.7939974872 =        17.9954998801 /         21
testat        75.5656866464        10.3576962800         4.8020230765         3.7939706152 =        17.9954982883 /         21
testat        75.5665733244        10.3576962889         4.8020031657         3.7939454344 =        17.9954978022 /         21
testat        75.5680622940        10.3576962889         4.8020031657         3.7939454344 =        17.9955176714 /         21
testat        75.5650843547        10.3576962889         4.8020031657         3.7939454344 =        17.9954869912 /         21
testat        75.5665733244        10.3577012278         4.8020031657         3.7939454344 =        18.0029576773 /         21
testat        75.5665733244        10.3576913499         4.8020031657         3.7939454344 =        18.0019624721 /         21
testat        75.5665733244        10.3576962889         4.8022123411         3.7939454344 =        17.9954479914 /         21
testat        75.5665733244        10.3576962889         4.8017939903         3.7939454344 =        17.9955620546 /         21
testat        75.5665733244        10.3576962889         4.8020031657         3.7940030971 =        17.9955377023 /         21
testat        75.5665733244        10.3576962889         4.8020031657         3.7938877718 =        17.9954669599 /         21
testat        75.5690611018        10.3576962869         4.8020765371         3.7938592347 =        17.9954503649 /         21
testat        75.5790122115        10.3576962792         4.8023700227         3.7935144358 =        17.9952641101 /         21
testat        75.6038899857        10.3576962598         4.8031037369         3.7926524387 =        17.9947909613 /         21
testat        75.6785233083        10.3576962018         4.8053048794         3.7900664471 =        17.9933794572 /         21
testat        75.9024232762        10.3576960276         4.8119083068         3.7823084726 =        17.9892365432 /         21
testat        76.5741231800        10.3576955050         4.8317185890         3.7590345489 =        17.9772381211 /         21
testat        78.0543507457        10.3576943534         4.8753745812         3.7077457171 =        17.9535272114 /         21
testat        78.0558380416        10.3576943534         4.8753745812         3.7077457171 =        17.9535712421 /         21
testat        78.0528634498        10.3576943534         4.8753745812         3.7077457171 =        17.9534921419 /         21
testat        78.0543507457        10.3576992924         4.8753745812         3.7077457171 =        17.9665338006 /         21
testat        78.0543507457        10.3576894145         4.8753745812         3.7077457171 =        17.9545737338 /         21
testat        78.0543507457        10.3576943534         4.8755400566         3.7077457171 =        17.9535323434 /         21
testat        78.0543507457        10.3576943534         4.8752091058         3.7077457171 =        17.9535325716 /         21
testat        78.0543507457        10.3576943534         4.8753745812         3.7078033160 =        17.9535991109 /         21
testat        78.0543507457        10.3576943534         4.8753745812         3.7076881182 =        17.9534643497 /         21
testat        90.1255575191        10.3576753002         5.2264350467         3.2874071498 =        18.2371282289 /         21
testat        80.5062743333        10.3576904833         4.9466825666         3.6223658485 =        17.9197268822 /         21
testat        80.5077666407        10.3576904833         4.9466825666         3.6223658485 =        17.9195881827 /         21
testat        80.5047820258        10.3576904833         4.9466825666         3.6223658485 =        17.9198745277 /         21
testat        80.5062743333        10.3576954222         4.9466825666         3.6223658485 =        17.9338211066 /         21
testat        80.5062743333        10.3576855444         4.9466825666         3.6223658485 =        17.9198271214 /         21
testat        80.5062743333        10.3576904833         4.9468360085         3.6223658485 =        17.9198721748 /         21
testat        80.5062743333        10.3576904833         4.9465291247         3.6223658485 =        17.9195970452 /         21
testat        80.5062743333        10.3576904833         4.9467997975         3.6223658485 =        17.9198371774 /         21
testat        80.5062743333        10.3576904833         4.9465653356         3.6223658485 =        17.9196287671 /         21
testat        80.5062743333        10.3576904833         4.9466825666         3.6224233960 =        17.9196313745 /         21
testat        80.5062743333        10.3576904833         4.9466825666         3.6223083010 =        17.9198314114 /         21
testat        90.0910542466        10.3576734973         5.2194272747         3.2907588316 =        18.0770618968 /         21
testat        82.6266581101        10.3576867256         5.0070202540         3.5490064031 =        17.8996159544 /         21
testat        82.6281559021        10.3576867256         5.0070202540         3.5490064031 =        17.8992896954 /         21
testat        82.6251603181        10.3576867256         5.0070202540         3.5490064031 =        17.8999511605 /         21
testat        82.6266581101        10.3576916645         5.0070202540         3.5490064031 =        17.9137321005 /         21
testat        82.6266581101        10.3576817867         5.0070202540         3.5490064031 =        17.8997977568 /         21
testat        82.6266581101        10.3576867256         5.0071210925         3.5490064031 =        17.8998022499 /         21
testat        82.6266581101        10.3576867256         5.0069194154         3.5490064031 =        17.8994330715 /         21
testat        82.6266581101        10.3576867256         5.0071841220         3.5490064031 =        17.8999204345 /         21
testat        82.6266581101        10.3576867256         5.0068563859         3.5490064031 =        17.8993205087 /         21
testat        82.6266581101        10.3576867256         5.0070202540         3.5490639200 =        17.8993461176 /         21
testat        82.6266581101        10.3576867256         5.0070202540         3.5489488861 =        17.8998948032 /         21
testat        85.4638052108        10.3576805459         5.0843368869         3.4518365567 =        17.8798854498 /         21
testat        86.7211615037        10.3576778073         5.1186017845         3.4087731858 =        17.8800669825 /         21
testat        86.0508455955        10.3576792673         5.1003346425         3.4317309287 =        17.8790878349 /         21
testat        86.0523479943        10.3576792673         5.1003346425         3.4317309287 =        17.8785082917 /         21
testat        86.0493431967        10.3576792673         5.1003346425         3.4317309287 =        17.8796762786 /         21
testat        86.0508455955        10.3576842062         5.1003346425         3.4317309287 =        17.8893875735 /         21
testat        86.0508455955        10.3576743284         5.1003346425         3.4317309287 =        17.8832615977 /         21
testat        86.0508455955        10.3576792673         5.1004982178         3.4317309287 =        17.8795597421 /         21
testat        86.0508455955        10.3576792673         5.1001710672         3.4317309287 =        17.8786250924 /         21
testat        86.0508455955        10.3576792673         5.1003346425         3.4317884144 =        17.8785685160 /         21
testat        86.0508455955        10.3576792673         5.1003346425         3.4316734431 =        17.8796161561 /         21
testat        86.5924850653        10.3576776614         5.1129769780         3.4139769056 =        17.8669659299 /         21
testat        88.4857010151        10.3576720480         5.1571662821         3.3519204977 =        17.8445515031 /         21
testat        88.9065126567        10.3576708004         5.1669883911         3.3381270057 =        17.8429884245 /         21
testat        89.2250554135        10.3576698559         5.1744234557         3.3276857144 =        17.8424840151 /         21
testat        89.2265649109        10.3576698559         5.1744234557         3.3276857144 =        17.8425255227 /         21
testat        89.2235459161        10.3576698559         5.1744234557         3.3276857144 =        17.8424514105 /         21
testat        89.2250554135        10.3576747948         5.1744234557         3.3276857144 =        17.8388257886 /         21
testat        89.2250554135        10.3576649170         5.1744234557         3.3276857144 =        17.8608559939 /         21
testat        89.2250554135        10.3576698559         5.1745854182         3.3276857144 =        17.8423401975 /         21
testat        89.2250554135        10.3576698559         5.1742614932         3.3276857144 =        17.8426370341 /         21
testat        89.2250554135        10.3576698559         5.1744234557         3.3277431444 =        17.8425070673 /         21
testat        89.2250554135        10.3576698559         5.1744234557         3.3276282845 =        17.8424699476 /         21
testat        93.3183102935        10.3576644174         5.2829020170         3.1904216953 =        17.8303966024 /         21
testat        92.5691494182        10.3576654128         5.2630479164         3.2155442044 =        17.8282136481 /         21
testat        92.1132840035        10.3576660185         5.2509666692         3.2308312854 =        17.8281695602 /         21
testat        92.3205325307        10.3576657431         5.2564591251         3.2238813723 =        17.8280728590 /         21
testat        92.3220483545        10.3576657431         5.2564591251         3.2238813723 =        17.8277659929 /         21
testat        92.3190167070        10.3576657431         5.2564591251         3.2238813723 =        17.8283886097 /         21
testat        92.3205325307        10.3576706820         5.2564591251         3.2238813723 =        17.8288822663 /         21
testat        92.3205325307        10.3576608042         5.2564591251         3.2238813723 =        17.8421095250 /         21
testat        92.3205325307        10.3576657431         5.2566191082         3.2238813723 =        17.8282319484 /         21
testat        92.3205325307        10.3576657431         5.2562991420         3.2238813723 =        17.8279229024 /         21
testat        92.3205325307        10.3576657431         5.2564591251         3.2239387802 =        17.8277726736 /         21
testat        92.3205325307        10.3576657431         5.2564591251         3.2238239643 =        17.8283820223 /         21
testat        93.3146133523        10.3576661052         5.2818905268         3.1918330302 =        17.8201496741 /         21
testat        94.7212118281        10.3576666176         5.3178752980         3.1464854608 =        17.8156706650 /         21
testat        94.7227350948        10.3576666176         5.3178752980         3.1464854608 =        17.8154469476 /         21
testat        94.7196885614        10.3576666176         5.3178752980         3.1464854608 =        17.8159032825 /         21
testat        94.7212118281        10.3576715565         5.3178752980         3.1464854608 =        17.8305167035 /         21
testat        94.7212118281        10.3576616786         5.3178752980         3.1464854608 =        17.8157468395 /         21
testat        94.7212118281        10.3576666176         5.3180338667         3.1464854608 =        17.8158697606 /         21
testat        94.7212118281        10.3576666176         5.3177167293         3.1464854608 =        17.8154806685 /         21
testat        94.7212118281        10.3576666176         5.3178752980         3.1465428499 =        17.8154661650 /         21
testat        94.7212118281        10.3576666176         5.3178752980         3.1464280718 =        17.8158841371 /         21
testat        95.1863329121        10.3576652907         5.3279800944         3.1322941644 =        17.8105164301 /         21
testat        95.4483898763        10.3576645431         5.3336733050         3.1242985516 =        17.8096982668 /         21
testat        95.4499190411        10.3576645431         5.3336733050         3.1242985516 =        17.8097820003 /         21
testat        95.4468607116        10.3576645431         5.3336733050         3.1242985516 =        17.8096234843 /         21
testat        95.4483898763        10.3576694820         5.3336733050         3.1242985516 =        17.8206747493 /         21
testat        95.4483898763        10.3576596042         5.3336733050         3.1242985516 =        17.8136989390 /         21
testat        95.4483898763        10.3576645431         5.3338307378         3.1242985516 =        17.8096702780 /         21
testat        95.4483898763        10.3576645431         5.3335158722         3.1242985516 =        17.8097354759 /         21
testat        95.4483898763        10.3576645431         5.3336733050         3.1243559316 =        17.8097887295 /         21
testat        95.4483898763        10.3576645431         5.3336733050         3.1242411717 =        17.8096167734 /         21
testat        96.8475385294        10.3576614587         5.3681527462         3.0786180318 =        17.8049389503 /         21
testat       102.4441331415        10.3576491209         5.5060705109         2.8958959528 =        17.8219855629 /         21
testat        97.9933842469        10.3576589327         5.3963900031         3.0412075481 =        17.8021898934 /         21
testat       100.4659758179        10.3576534818         5.4573224676         2.9604804088 =        17.8044553374 /         21
testat        98.7296920861        10.3576573095         5.4145349535         3.0171679832 =        17.8013878147 /         21
testat        98.7312224651        10.3576573095         5.4145349535         3.0171679832 =        17.8012717951 /         21
testat        98.7281617070        10.3576573095         5.4145349535         3.0171679832 =        17.8015127052 /         21
testat        98.7296920861        10.3576622484         5.4145349535         3.0171679832 =        17.8081032198 /         21
testat        98.7296920861        10.3576523705         5.4145349535         3.0171679832 =        17.8097920774 /         21
testat        98.7296920861        10.3576573095         5.4146901938         3.0171679832 =        17.8015299829 /         21
testat        98.7296920861        10.3576573095         5.4143797132         3.0171679832 =        17.8012546133 /         21
testat        98.7296920861        10.3576573095         5.4145349535         3.0172253505 =        17.8012937919 /         21
testat        98.7296920861        10.3576573095         5.4145349535         3.0171106160 =        17.8014908027 /         21
testat       100.5821870468        10.3576540639         5.4581610633         2.9572665802 =        17.7990180376 /         21
testat       101.3007223001        10.3576528051         5.4750825116         2.9340323632 =        17.7990259062 /         21
testat       100.9305434247        10.3576534536         5.4663648284         2.9460022927 =        17.7989469965 /         21
testat       100.9320818150        10.3576534536         5.4663648284         2.9460022927 =        17.7987476682 /         21
testat       100.9290050343        10.3576534536         5.4663648284         2.9460022927 =        17.7991552274 /         21
testat       100.9305434247        10.3576583925         5.4663648284         2.9460022927 =        17.8056261385 /         21
testat       100.9305434247        10.3576485147         5.4663648284         2.9460022927 =        17.8074845799 /         21
testat       100.9305434247        10.3576534536         5.4665200443         2.9460022927 =        17.7991337989 /         21
testat       100.9305434247        10.3576534536         5.4662096125         2.9460022927 =        17.7987693093 /         21
testat       100.9305434247        10.3576534536         5.4663648284         2.9460596563 =        17.7987661767 /         21
testat       100.9305434247        10.3576534536         5.4663648284         2.9459449292 =        17.7991367804 /         21
testat       101.3631371195        10.3576528093         5.4754296618         2.9323214800 =        17.7969730086 /         21
testat       102.2983358225        10.3576514164         5.4950263886         2.9027457408 =        17.7949101057 /         21
testat       102.4706923346        10.3576511597         5.4986380526         2.8972949513 =        17.7947911626 /         21
testat       102.6366417896        10.3576509126         5.5021154592         2.8920467856 =        17.7947765588 /         21
testat       102.6381853109        10.3576509126         5.5021154592         2.8920467856 =        17.7947985479 /         21
testat       102.6350982683        10.3576509126         5.5021154592         2.8920467856 =        17.7947634890 /         21
testat       102.6366417896        10.3576558515         5.5021154592         2.8920467856 =        17.8015698107 /         21
testat       102.6366417896        10.3576459736         5.5021154592         2.8920467856 =        17.8032962062 /         21
testat       102.6366417896        10.3576509126         5.5022693660         2.8920467856 =        17.7947003728 /         21
testat       102.6366417896        10.3576509126         5.5019615525         2.8920467856 =        17.7948618582 /         21
testat       102.6366417896        10.3576509126         5.5021154592         2.8921041427 =        17.7947820596 /         21
testat       102.6366417896        10.3576509126         5.5021154592         2.8919894284 =        17.7947800201 /         21
testat       104.6997986475        10.3576478410         5.5508811078         2.8261786521 =        17.7934616093 /         21
testat       104.5897534138        10.3576480048         5.5482800321         2.8296919449 =        17.7934225171 /         21
testat       104.2952756091        10.3576484432         5.5413196301         2.8390934130 =        17.7933817141 /         21
testat       104.2968227716        10.3576484432         5.5413196301         2.8390934130 =        17.7933047621 /         21
testat       104.2937284466        10.3576484432         5.5413196301         2.8390934130 =        17.7934675803 /         21
testat       104.2952756091        10.3576533821         5.5413196301         2.8390934130 =        17.8015652255 /         21
testat       104.2952756091        10.3576435043         5.5413196301         2.8390934130 =        17.8005788503 /         21
testat       104.2952756091        10.3576484432         5.5414722485         2.8390934130 =        17.7934053022 /         21
testat       104.2952756091        10.3576484432         5.5411670117         2.8390934130 =        17.7933685037 /         21
testat       104.2952756091        10.3576484432         5.5413196301         2.8391507681 =        17.7932967484 /         21
testat       104.2952756091        10.3576484432         5.5413196301         2.8390360580 =        17.7934756412 /         21
testat       104.9963587991        10.3576473716         5.5579569679         2.8171413743 =        17.7928318319 /         21
testat       105.5791565441        10.3576464807         5.5717872851         2.7988930426 =        17.7926177193 /         21
testat       105.8533985112        10.3576460615         5.5782952948         2.7903060869 =        17.7926479628 /         21
testat       105.5807077734        10.3576464807         5.5717872851         2.7988930426 =        17.7925380310 /         21
testat       105.5776053148        10.3576464807         5.5717872851         2.7988930426 =        17.7927063317 /         21
testat       105.5791565441        10.3576514196         5.5717872851         2.7988930426 =        17.8013240921 /         21
testat       105.5791565441        10.3576415418         5.5717872851         2.7988930426 =        17.7993241088 /         21
testat       105.5791565441        10.3576464807         5.5719291043         2.7988930426 =        17.7926866607 /         21
testat       105.5791565441        10.3576464807         5.5716454659         2.7988930426 =        17.7925566728 /         21
testat       105.5791565441        10.3576464807         5.5717872851         2.7989503965 =        17.7925424254 /         21
testat       105.5791565441        10.3576464807         5.5717872851         2.7988356887 =        17.7927019742 /         21
testat       105.7185034608        10.3576462344         5.5750634244         2.7948145583 =        17.7923007044 /         21
testat       105.8362544208        10.3576460262         5.5778318283         2.7913681566 =        17.7922497261 /         21
testat       105.8075912075        10.3576460769         5.5771579370         2.7922070878 =        17.7922246719 /         21
testat       105.7921335126        10.3576461042         5.5767945162         2.7926595123 =        17.7922311868 /         21
testat       105.8091456305        10.3576460769         5.5771579370         2.7922070878 =        17.7922145123 /         21
testat       105.8060367845        10.3576460769         5.5771579370         2.7922070878 =        17.7922437859 /         21
testat       105.8075912075        10.3576510158         5.5771579370         2.7922070878 =        17.8005129062 /         21
testat       105.8075912075        10.3576411380         5.5771579370         2.7922070878 =        17.7993896244 /         21
testat       105.8075912075        10.3576460769         5.5773090269         2.7922070878 =        17.7922666120 /         21
testat       105.8075912075        10.3576460769         5.5770068471         2.7922070878 =        17.7921917032 /         21
testat       105.8075912075        10.3576460769         5.5771579370         2.7922644411 =        17.7922224624 /         21
testat       105.8075912075        10.3576460769         5.5771579370         2.7921497345 =        17.7922358423 /         21
testat       106.4693548415        10.3576447867         5.5917931741         2.7713187366 =        17.7919934055 /         21
testat       107.0687190530        10.3576436182         5.6050484164         2.7524000027 =        17.7918688626 /         21
testat       107.6938516907        10.3576423994         5.6188735406         2.7326678970 =        17.7918863959 /         21
testat       107.3084733742        10.3576431507         5.6103507044         2.7448322366 =        17.7918724192 /         21
testat       106.9722582638        10.3576438062         5.6029151374         2.7554447558 =        17.7918793675 /         21
testat       107.1684424103        10.3576434238         5.6072538489         2.7492522678 =        17.7918625561 /         21
testat       107.1699973855        10.3576434238         5.6072538489         2.7492522678 =        17.7918476999 /         21
testat       107.1668874352        10.3576434238         5.6072538489         2.7492522678 =        17.7918863365 /         21
testat       107.1684424103        10.3576483627         5.6072538489         2.7492522678 =        17.7990288514 /         21
testat       107.1684424103        10.3576384848         5.6072538489         2.7492522678 =        17.8001877420 /         21
testat       107.1684424103        10.3576434238         5.6074048488         2.7492522678 =        17.7918916111 /         21
testat       107.1684424103        10.3576434238         5.6071028490         2.7492522678 =        17.7918425651 /         21
testat       107.1684424103        10.3576434238         5.6072538489         2.7493096205 =        17.7918514843 /         21
testat       107.1684424103        10.3576434238         5.6072538489         2.7491949151 =        17.7918825887 /         21
testat       107.3795593314        10.3576432324         5.6115868156         2.7426464944 =        17.7918255848 /         21
testat       107.3310315517        10.3576432764         5.6105908308         2.7441649113 =        17.7918198421 /         21
testat       107.3325897087        10.3576432764         5.6105908308         2.7441649113 =        17.7918185231 /         21
testat       107.3294733946        10.3576432764         5.6105908308         2.7441649113 =        17.7918301176 /         21
testat       107.3310315517        10.3576482153         5.6105908308         2.7441649113 =        17.7993203809 /         21
testat       107.3310315517        10.3576383375         5.6105908308         2.7441649113 =        17.7998219983 /         21
testat       107.3310315517        10.3576432764         5.6107409681         2.7441649113 =        17.7918308667 /         21
testat       107.3310315517        10.3576432764         5.6104406935         2.7441649113 =        17.7918177917 /         21
testat       107.3310315517        10.3576432764         5.6105908308         2.7442222640 =        17.7918195690 /         21
testat       107.3310315517        10.3576432764         5.6105908308         2.7441075587 =        17.7918290758 /         21
testat       107.6627064313        10.3576428295         5.6178769732         2.7337538218 =        17.7917897320 /         21
testat       108.9894059497        10.3576410419         5.6470215431         2.6921094635 =        17.7920198232 /         21
testat       107.7817718879        10.3576426691         5.6204925704         2.7300164235 =        17.7917913902 /         21
testat       107.6922643946        10.3576427897         5.6185262944         2.7328260138 =        17.7917896777 /         21
testat       107.6938229075        10.3576427897         5.6185262944         2.7328260138 =        17.7917899618 /         21
testat       107.6907058818        10.3576427897         5.6185262944         2.7328260138 =        17.7917983446 /         21
testat       107.6922643946        10.3576477286         5.6185262944         2.7328260138 =        17.7996470617 /         21
testat       107.6922643946        10.3576378507         5.6185262944         2.7328260138 =        17.7994367403 /         21
testat       107.6922643946        10.3576427897         5.6186763181         2.7328260138 =        17.7917961307 /         21
testat       107.6922643946        10.3576427897         5.6183762708         2.7328260138 =        17.7917922050 /         21
testat       107.6922643946        10.3576427897         5.6185262944         2.7328833664 =        17.7917897148 /         21
testat       107.6922643946        10.3576427897         5.6185262944         2.7327686612 =        17.7917986013 /         21

 MIGRAD MINIMIZATION HAS CONVERGED.

 MIGRAD WILL VERIFY CONVERGENCE AND ERROR MATRIX.
testat       107.6922643946        10.3576427897         5.6185262944         2.7328260138 =        17.7917896777 /         21
testat       107.6938229075        10.3576427897         5.6185262944         2.7328260138 =        17.7917899618 /         21
testat       107.6907058818        10.3576427897         5.6185262944         2.7328260138 =        17.7917983446 /         21
testat       107.6922643946        10.3576477286         5.6185262944         2.7328260138 =        17.7996470617 /         21
testat       107.6922643946        10.3576378507         5.6185262944         2.7328260138 =        17.7994367403 /         21
testat       107.6922643946        10.3576427897         5.6186763181         2.7328260138 =        17.7917961307 /         21
testat       107.6922643946        10.3576427897         5.6183762708         2.7328260138 =        17.7917922050 /         21
testat       107.6922643946        10.3576427897         5.6185262944         2.7328833664 =        17.7917897148 /         21
testat       107.6922643946        10.3576427897         5.6185262944         2.7327686612 =        17.7917986013 /         21
testat       107.6925760972        10.3576427897         5.6185262944         2.7328260138 =        17.7917890185 /         21
testat       107.6919526921        10.3576427897         5.6185262944         2.7328260138 =        17.7917906950 /         21
testat       107.6922643946        10.3576452591         5.6185262944         2.7328260138 =        17.7937794430 /         21
testat       107.6922643946        10.3576403202         5.6185262944         2.7328260138 =        17.7936753585 /         21
testat       107.6922643946        10.3576427897         5.6185562992         2.7328260138 =        17.7917902508 /         21
testat       107.6922643946        10.3576427897         5.6184962897         2.7328260138 =        17.7917894642 /         21
testat       107.6922643946        10.3576427897         5.6185262944         2.7328374843 =        17.7917889683 /         21
testat       107.6922643946        10.3576427897         5.6185262944         2.7328145433 =        17.7917907456 /         21
testat       107.6938229075        10.3576477286         5.6185262944         2.7328260138 =        17.7996121560 /         21
testat       107.6938229075        10.3576427897         5.6186763181         2.7328260138 =        17.7917899871 /         21
testat       107.6922643946        10.3576477286         5.6186763181         2.7328260138 =        17.7996798822 /         21
testat       107.6938229075        10.3576427897         5.6185262944         2.7328833664 =        17.7917987892 /         21
testat       107.6922643946        10.3576477286         5.6185262944         2.7328833664 =        17.7996033238 /         21
testat       107.6922643946        10.3576427897         5.6186763181         2.7328833664 =        17.7917910404 /         21
 COVARIANCE MATRIX CALCULATED SUCCESSFULLY

 FCN=   17.79179     FROM MIGRAD    STATUS=CONVERGED    297 CALLS      298 TOTAL
                     EDM=  0.43E-05    STRATEGY= 1      ERROR MATRIX ACCURATE 

  EXT PARAMETER                                   STEP         FIRST   
  NO.   NAME        VALUE          ERROR          SIZE      DERIVATIVE 
   1     area       107.69        302.12       0.15585E-02  -0.26894E-02
   2     mass       10.358       0.50777E-03   0.49389E-05    21.074    
   3     wide       5.6185        6.7267       0.15002E-03   0.13109E-01
   4     back       2.7328        9.4643       0.57353E-04  -0.77473E-01

 EXTERNAL ERROR MATRIX.    NDIM=  50    NPAR=  4    ERR DEF=  1.00    
  0.913E+05-0.152E+00 0.203E+04-0.286E+04
 -0.152E+00 0.258E-06-0.339E-02 0.478E-02
  0.203E+04-0.339E-02 0.452E+02-0.637E+02
 -0.286E+04 0.478E-02-0.637E+02 0.896E+02

 PARAMETER  CORRELATION COEFFICIENTS
       NO.  GLOBAL     1     2     3     4
        1  1.00000  1.000-0.994 1.000-1.000
        2  0.99388 -0.994 1.000-0.994 0.994
        3  0.99994  1.000-0.994 1.000-1.000
        4  1.00000 -1.000 0.994-1.000 1.000
 **********
 **    3 **SAVE
 **********
 CURRENT VALUES WILL BE SAVED ON UNIT  6: stdout                                                          

SET TITLE 
Real Kuraev-Fadin Fit                             
PARAMETERS
     1'area      '  0.10769E+03  0.30212E+03
     2'mass      '  0.10358E+02  0.50777E-03
     3'wide      '  0.56185E+01  0.67267E+01
     4'back      '  0.27328E+01  0.94643E+01
 
SET COVARIANCE     4
 0.9128E+05-0.1525E+00 0.2578E-06 0.2032E+04-0.3394E-02 0.4525E+02-0.2859E+04
 0.4776E-02-0.6366E+02 0.8957E+02
    11 RECORDS WRITTEN TO UNIT   6:stdout                                       
 INCLUDING    3 RECORDS FOR THE COVARIANCE MATRIX.

 **********
 **    4 **SHOW CORRELATIONS
 **********

 PARAMETER  CORRELATION COEFFICIENTS
       NO.  GLOBAL     1     2     3     4
        1  1.00000  1.000-0.994 1.000-1.000
        2  0.99388 -0.994 1.000-0.994 0.994
        3  0.99994  1.000-0.994 1.000-1.000
        4  1.00000 -1.000 0.994-1.000 1.000
 **********
 **    5 **SHOW COVARIANCE
 **********

 EXTERNAL ERROR MATRIX.    NDIM=  50    NPAR=  4    ERR DEF=  1.00    
  0.913E+05-0.152E+00 0.203E+04-0.286E+04
 -0.152E+00 0.258E-06-0.339E-02 0.478E-02
  0.203E+04-0.339E-02 0.452E+02-0.637E+02
 -0.286E+04 0.478E-02-0.637E+02 0.896E+02

 PARAMETER  CORRELATION COEFFICIENTS
       NO.  GLOBAL     1     2     3     4
        1  1.00000  1.000-0.994 1.000-1.000
        2  0.99388 -0.994 1.000-0.994 0.994
        3  0.99994  1.000-0.994 1.000-1.000
        4  1.00000 -1.000 0.994-1.000 1.000
 **********
 **    6 **SHOW EIGENVALUES
 **********
 EIGENVALUES OF SECOND-DERIVATIVE MATRIX:
         0.3430E-05  0.1312E-03  0.9292E-02  0.3991E+01
 MINUIT WARNING IN SAVe    
 ============== MATRIX FORCED POS-DEF BY ADDING  0.39871E-02 TO DIAGONAL.
 **********
 **    7 **SHOW FCNVALUE
 **********

 FCN=   17.79179     FROM SAVe      STATUS=NOT POSDEF     0 CALLS      298 TOTAL
                     EDM=  0.43E-05    STRATEGY= 1      ERR MATRIX NOT POS-DEF
 Writing out experimental points.
 Writing out theoretical curve.
 param	area =    107.692264394646      +/-    302.124888389389      MeV nb
 param	mass =    10.3576427896583      +/-   5.077716202464172E-004 GeV
 param	wide =    5.61852629444174      +/-    6.72665016435516      MeV
 param	back =    2.73282601379159      +/-    9.46428789905297      nb
