This is pdfTeX, Version 3.14159-14h-released-20010417 (Web2C 7.3.3.1) (format=pdflatex 2003.2.18)  20 OCT 2005 15:19
**talk.tex
(./talk.tex{/usr/share/texmf/pdftex/config/pdftex.cfg}
LaTeX2e <2001/06/01>
Babel <v3.7h> and hyphenation patterns for american, french, german, ngerman, i
talian, nohyphenation, loaded.
(/usr/share/texmf/tex/latex/base/article.cls
Document Class: article 2001/04/21 v1.4e Standard LaTeX document class
(/usr/share/texmf/tex/latex/base/size10.clo
File: size10.clo 2001/04/21 v1.4e Standard LaTeX file (size option)
)
\c@part=\count79
\c@section=\count80
\c@subsection=\count81
\c@subsubsection=\count82
\c@paragraph=\count83
\c@subparagraph=\count84
\c@figure=\count85
\c@table=\count86
\abovecaptionskip=\skip41
\belowcaptionskip=\skip42
\bibindent=\dimen102
)
(/usr/share/texmf/tex/latex/graphics/graphicx.sty
Package: graphicx 1999/02/16 v1.0f Enhanced LaTeX Graphics (DPC,SPQR)

(/usr/share/texmf/tex/latex/graphics/keyval.sty
Package: keyval 1999/03/16 v1.13 key=value parser (DPC)
\KV@toks@=\toks14
)
(/usr/share/texmf/tex/latex/graphics/graphics.sty
Package: graphics 2001/07/07 v1.0n Standard LaTeX Graphics (DPC,SPQR)

(/usr/share/texmf/tex/latex/graphics/trig.sty
Package: trig 1999/03/16 v1.09 sin cos tan (DPC)
)
(/usr/share/texmf/tex/latex/config/graphics.cfg)
Package graphics Info: Driver file: pdftex.def on input line 80.

(/usr/share/texmf/tex/latex/graphics/pdftex.def
File: pdftex.def 2001/11/29 v0.03i graphics/color for pdftex
\Gread@gobject=\count87
))
\Gin@req@height=\dimen103
\Gin@req@width=\dimen104
) (./talk.aux)
\openout1 = `talk.aux'.

LaTeX Font Info:    Checking defaults for OML/cmm/m/it on input line 11.
LaTeX Font Info:    ... okay on input line 11.
LaTeX Font Info:    Checking defaults for T1/cmr/m/n on input line 11.
LaTeX Font Info:    ... okay on input line 11.
LaTeX Font Info:    Checking defaults for OT1/cmr/m/n on input line 11.
LaTeX Font Info:    ... okay on input line 11.
LaTeX Font Info:    Checking defaults for OMS/cmsy/m/n on input line 11.
LaTeX Font Info:    ... okay on input line 11.
LaTeX Font Info:    Checking defaults for OMX/cmex/m/n on input line 11.
LaTeX Font Info:    ... okay on input line 11.
LaTeX Font Info:    Checking defaults for U/cmr/m/n on input line 11.
LaTeX Font Info:    ... okay on input line 11.

(/usr/share/texmf/tex/context/base/supp-pdf.tex
(/usr/share/texmf/tex/context/base/supp-mis.tex
loading : Context Support Macros / Missing
\protectiondepth=\count88
\scratchcounter=\count89
\scratchtoks=\toks15
\scratchdimen=\dimen105
\scratchskip=\skip43
\scratchmuskip=\muskip10
\scratchbox=\box26
\scratchread=\read1
\scratchwrite=\write3
\zeropoint=\dimen106
\nextbox=\box27
\nextdepth=\dimen107
\everyline=\toks16
\!!counta=\count90
\!!countb=\count91
\recursecounter=\count92
)
loading : Context Support Macros / PDF
\nofMPsegments=\count93
\nofMParguments=\count94
\everyMPtoPDFconversion=\toks17
)
LaTeX Font Info:    External font `cmex10' loaded for size
(Font)              <20.74> on input line 16.
LaTeX Font Info:    External font `cmex10' loaded for size
(Font)              <14.4> on input line 16.
LaTeX Font Info:    External font `cmex10' loaded for size
(Font)              <12> on input line 16.

</home/mccann/antithesis/plots/draw_innerbb.pdf, id=1, 471.7625pt x 285.065pt>
File: /home/mccann/antithesis/plots/draw_innerbb.pdf Graphic file (type pdf)

<use /home/mccann/antithesis/plots/draw_innerbb.pdf>
</home/mccann/antithesis/plots/draw_outerbb.pdf, id=2, 471.7625pt x 285.065pt>
File: /home/mccann/antithesis/plots/draw_outerbb.pdf Graphic file (type pdf)

<use /home/mccann/antithesis/plots/draw_outerbb.pdf> [1

{/usr/share/texmf/dvips/config/pdftex.map} </home/mccann/antithesis/plots/draw_
innerbb.pdf> </home/mccann/antithesis/plots/draw_outerbb.pdf>]
</home/mccann/antithesis/plots/bbout_effective_crosssection.pdf, id=35, 476.781
25pt x 374.39874pt>
File: /home/mccann/antithesis/plots/bbout_effective_crosssection.pdf Graphic fi
le (type pdf)

<use /home/mccann/antithesis/plots/bbout_effective_crosssection.pdf> [2 </home/
mccann/antithesis/plots/bbout_effective_crosssection.pdf>] [3]
</home/mccann/antithesis/plots/stability4_48hour.pdf, id=47, 471.7625pt x 354.3
2375pt>
File: /home/mccann/antithesis/plots/stability4_48hour.pdf Graphic file (type pd
f)
 <use /home/mccann/antithesis/plots/stability4_48hour.pdf> [4 </home/mccann/ant
ithesis/plots/stability4_48hour.pdf>]
</home/mccann/antithesis/plots/stability4_unlimited.pdf, id=53, 471.7625pt x 35
4.32375pt>
File: /home/mccann/antithesis/plots/stability4_unlimited.pdf Graphic file (type
 pdf)
 <use /home/mccann/antithesis/plots/stability4_unlimited.pdf>
[5 </home/mccann/antithesis/plots/stability4_unlimited.pdf>]
</cdat/daf9/mccann/synthesis/rootstab_home/rootstab9_tracks.pdf, id=59, 488.826
25pt x 485.815pt>
File: /cdat/daf9/mccann/synthesis/rootstab_home/rootstab9_tracks.pdf Graphic fi
le (type pdf)

<use /cdat/daf9/mccann/synthesis/rootstab_home/rootstab9_tracks.pdf> [6 </cdat/
daf9/mccann/synthesis/rootstab_home/rootstab9_tracks.pdf>]
</home/mccann/antithesis/plots/cesrv_correlation.pdf, id=65, 472.76625pt x 363.
3575pt>
File: /home/mccann/antithesis/plots/cesrv_correlation.pdf Graphic file (type pd
f)
 <use /home/mccann/antithesis/plots/cesrv_correlation.pdf> [7 </home/mccann/ant
ithesis/plots/cesrv_correlation.pdf>] (./talk.aux) ) 
Here is how much of TeX's memory you used:
 907 strings out of 50453
 12252 string characters out of 688420
 56669 words of memory out of 1500001
 3945 multiletter control sequences out of 10000+25000
 9446 words of font info for 33 fonts, out of 400000 for 1000
 14 hyphenation exceptions out of 10000
 25i,10n,19p,271b,287s stack positions out of 3000i,500n,3000p,50000b,5000s
</usr/share/texmf/fonts/typ
e1/bluesky/cm/cmex10.pfb></usr/share/texmf/fonts/type1/bluesky/cm/cmr12.pfb></u
sr/share/texmf/fonts/type1/bluesky/cm/cmsy10.pfb></usr/share/texmf/fonts/type1/
bluesky/cm/cmr17.pfb></usr/share/texmf/fonts/type1/bluesky/cm/cmmi12.pfb></usr/
share/texmf/fonts/type1/bluesky/cm/cmss17.pfb></usr/share/texmf/fonts/type1/blu
esky/cm/cmbsy10.pfb></usr/share/texmf/fonts/type1/bluesky/cm/cmbx12.pfb></usr/s
hare/texmf/fonts/type1/bluesky/cm/cmmib10.pfb>
Output written on talk.pdf (7 pages, 102559 bytes).
