  MINUIT RELEASE 96.03  INITIALIZED.   DIMENSIONS 100/ 50  EPSMAC=  0.89E-15

 PARAMETER DEFINITIONS:
    NO.   NAME         VALUE      STEP SIZE      LIMITS
     1 'area      '    258.87       1.0000         no limits
     2 'mass      '    9.4603      0.20000E-04     no limits
     3 'wide      '    3.7753      0.20000E-01     no limits
     4 'back      '    3.6179      0.10000E-01     no limits
 Experimental points:
 expt    9453.878       7.390000      0.1700000    
 expt    9453.897       7.480000      0.2200000    
 expt    9476.137       4.790000      9.0000004E-02
 expt    9449.977       3.910000      9.0000004E-02
 expt    9463.897       15.61000      0.1900000    
 expt    9444.678       3.510000      7.0000000E-02
 expt    9467.978       7.650000      0.1500000    
 expt    9472.178       5.130000      0.1000000    
 expt    9453.857       7.450000      0.1200000    
 expt    9457.877       14.75000      0.2800000    
 expt    9457.436       15.23000      0.1700000    
 expt    9476.356       4.680000      7.0000000E-02
 expt    9452.336       5.320000      9.0000004E-02
 expt    9472.476       5.080000      7.0000000E-02
 expt    9472.496       5.290000      7.9999998E-02
 expt    9454.156       7.620000      9.0000004E-02
 expt    9468.276       7.620000      9.0000004E-02
 expt    9464.196       15.10000      0.1900000    
 expt    9457.417       15.30000      0.1600000    
 expt    9452.376       5.460000      9.0000004E-02
 expt    9464.196       15.39000      0.2900000    
 expt    9460.396       19.83000      0.1700000    
 expt    9460.496       20.14000      0.1600000    
 expt    9460.476       19.85000      0.1600000    
 expt    9460.476       19.70000      0.1600000    
 expt    9460.536       19.90000      0.2000000    
 expt    9460.556       19.91000      0.1500000    
 expt    9460.536       19.99000      0.1600000    
 expt    9460.536       20.03000      0.1600000    
 expt    9460.556       19.83000      0.1600000    
 expt    9460.536       20.18000      0.1600000    
 expt    9460.576       19.77000      0.1600000    
 expt    9460.576       20.12000      0.1600000    
 expt    9460.556       19.64000      0.1600000    
 expt    9460.576       19.27000      0.3500000    
 expt    9460.576       20.09000      0.1700000    
 expt    9460.556       19.70000      0.1800000    
 expt    9460.556       20.16000      0.1600000    
 expt    9460.556       20.07000      0.1700000    
 expt    9460.496       19.82000      0.2000000    
 expt    9460.496       20.13000      0.4200000    
 expt    9460.556       20.06000      0.1600000    
 expt    9460.496       20.06000      0.1600000    
 expt    9460.556       19.75000      0.1600000    
 expt    9460.796       19.67000      0.1500000    
 expt    9460.816       20.13000      0.1600000    
 expt    9460.796       19.83000      0.1600000    
 expt    9460.796       19.84000      0.1500000    
 expt    9460.796       19.86000      0.1600000    
 expt    9460.796       19.74000      0.1900000    
 expt    9460.836       19.59000      0.1500000    
 expt    9460.856       19.86000      0.1600000    
 expt    9460.896       19.68000      0.1500000    
 expt    9460.917       19.91000      0.1500000    
 expt    9460.856       19.91000      0.1500000    
 expt    9460.917       20.87000      0.9000000    
 expt    9460.856       20.18000      0.1600000    
 expt    9460.877       20.07000      0.1500000    
 expt    9460.917       19.96000      0.1500000    
 expt    9432.222       3.460000      7.9999998E-02
 expt    9432.462       3.500000      5.9999999E-02
 expt    9431.142       3.530000      5.0000001E-02
 expt    9432.782       3.510000      5.0000001E-02
 expt    9432.042       3.750000      5.9999999E-02
 expt    9432.682       3.590000      5.9999999E-02
 expt    9432.742       3.590000      5.9999999E-02
 expt    9456.662       13.27000      0.1400000    
 expt    9475.821       4.650000      7.0000000E-02
 expt    9451.602       4.620000      7.0000000E-02
 expt    9471.701       5.580000      9.0000004E-02
 expt    9453.682       6.760000      0.1000000    
 expt    9467.882       8.150000      0.1100000    
 expt    9463.742       15.71000      0.2000000    
 expt    9456.662       13.32000      0.1600000    
 expt    9459.562       19.42000      0.1600000    
 expt    9433.402       3.580000      0.1000000    
 expt    9433.462       3.520000      3.9999999E-02
 expt    9432.342       3.620000      7.0000000E-02
 expt    9433.502       3.620000      0.2400000    
 expt    9433.562       3.510000      5.0000001E-02
 expt    9433.502       3.590000      5.0000001E-02
 expt    9433.502       3.440000      0.2200000    
 expt    9433.542       3.550000      0.2600000    
 expt    9433.562       3.680000      5.9999999E-02
 expt    9433.582       3.500000      5.0000001E-02
 expt    9433.582       3.570000      5.0000001E-02
 expt    9433.661       3.690000      5.0000001E-02
 expt    9433.542       3.600000      5.0000001E-02
 expt    9433.603       3.540000      5.0000001E-02
 expt    9433.603       3.530000      5.0000001E-02
 expt    9433.642       3.520000      5.0000001E-02
 expt    9433.642       3.650000      5.0000001E-02
 expt    9433.582       3.640000      5.0000001E-02
 expt    9433.661       3.520000      5.0000001E-02
 expt    9459.621       19.59000      0.2200000    
 expt    9459.722       19.32000      0.1600000    
 expt    9459.701       19.23000      0.1500000    
 expt    9459.762       19.31000      0.3100000    
 expt    9459.781       19.58000      0.1400000    
 expt    9459.741       19.61000      0.1500000    
 expt    9459.762       19.71000      0.1400000    
 expt    9459.821       19.71000      0.1500000    
 expt    9459.741       19.30000      0.1400000    
 expt    9459.802       19.35000      0.1500000    
 expt    9459.802       19.37000      0.1500000    
 expt    9459.802       19.51000      0.1500000    
 expt    9459.762       19.38000      0.1400000    
 expt    9459.741       19.22000      0.2700000    
 expt    9459.802       19.50000      0.2300000    
 expt    9459.802       19.62000      0.1500000    
 expt    9459.842       19.33000      0.1400000    
 expt    9459.762       19.46000      0.1600000    
 expt    9460.042       18.39000      0.6800000    
 expt    9460.042       19.76000      0.3100000    
 expt    9460.021       19.16000      0.2100000    
 expt    9460.103       19.43000      0.1300000    
 expt    9460.062       19.56000      0.1300000    
 expt    9460.062       19.82000      0.1400000    
 expt    9460.082       19.74000      0.1800000    
 expt    9460.122       19.62000      0.2000000    
 expt    9460.062       19.28000      0.2200000    
 expt    9460.103       19.96000      0.1900000    
 expt    9460.122       19.87000      0.2100000    
 expt    9460.062       19.33000      0.1300000    
 expt    9460.122       19.77000      0.1400000    
 expt    9460.082       19.39000      0.1300000    
 expt    9460.103       19.53000      0.1300000    
 expt    9460.162       19.85000      0.1400000    
 expt    9460.162       19.50000      0.1300000    
 expt    9460.183       19.56000      0.1300000    
 expt    9460.162       19.54000      0.1300000    
 expt    9460.162       19.34000      0.1400000    
 expt    9456.918       13.97000      0.1600000    
 expt    9475.838       4.730000      7.9999998E-02
 expt    9451.938       4.900000      9.0000004E-02
 expt    9471.698       5.510000      9.0000004E-02
 expt    9453.678       6.960000      0.1100000    
 expt    9467.818       8.080000      0.1200000    
 expt    9463.798       15.83000      0.2500000    
 expt    9456.599       13.12000      0.1500000    
 expt    9460.558       19.58000      0.2700000    
 expt    9456.599       13.10000      0.1000000    
 expt    9475.817       4.930000      0.1000000    
 expt    9471.998       5.290000      0.1100000    
 expt    9453.598       6.990000      0.1400000    
 expt    9467.798       8.300000      0.1500000    
 expt    9463.678       16.31000      0.2400000    
 expt    9456.838       13.81000      0.1700000    
 expt    9460.458       19.83000      0.2300000    
 expt    9433.358       3.580000      5.0000001E-02
 expt    9433.418       3.600000      5.0000001E-02
 expt    9433.418       3.610000      5.0000001E-02
 expt    9433.479       3.610000      0.1000000    
 expt    9433.358       3.910000      0.2500000    
 expt    9433.418       3.740000      0.1400000    
 expt    9433.418       3.570000      7.0000000E-02
 expt    9433.418       3.450000      0.1600000    
 expt    9433.418       3.620000      5.0000001E-02
 expt    9433.358       3.650000      5.0000001E-02
 expt    9433.418       3.560000      5.0000001E-02
 expt    9433.418       3.570000      5.0000001E-02
 expt    9433.418       3.580000      5.0000001E-02
 expt    9433.418       3.570000      5.0000001E-02
 expt    9433.418       3.680000      7.0000000E-02
 expt    9433.418       3.530000      7.0000000E-02
 expt    9433.479       3.590000      5.0000001E-02
 expt    9433.479       3.630000      5.0000001E-02
 expt    9433.479       3.620000      5.0000001E-02
 expt    9433.479       3.550000      5.0000001E-02
 expt    9433.479       3.480000      5.0000001E-02
 expt    9460.418       19.25000      0.3600000    
 expt    9460.458       20.01000      0.1700000    
 expt    9460.578       20.21000      0.2100000    
 expt    9460.538       19.58000      0.2300000    
 expt    9460.578       20.19000      0.1700000    
 expt    9460.578       19.93000      0.1600000    
 expt    9460.658       19.60000      0.1600000    
 expt    9460.638       19.76000      0.1600000    
 expt    9460.638       19.56000      0.2900000    
 expt    9460.698       19.87000      0.1600000    
 expt    9460.638       19.45000      0.5100000    
 expt    9460.718       20.10000      0.2100000    
 expt    9460.698       19.73000      0.1600000    
 expt    9460.758       19.99000      0.5200000    
 expt    9460.658       19.80000      0.1600000    
 expt    9460.778       19.86000      0.1600000    
 expt    9460.758       19.93000      0.1600000    
 expt    9460.758       19.95000      0.2000000    
 expt    9460.778       19.68000      0.1600000    
 expt    9460.758       19.74000      0.1500000    
 expt    9460.698       19.93000      0.1400000    
 expt    9460.778       19.62000      0.1400000    
 expt    9460.818       19.82000      0.1400000    
 expt    9460.818       20.02000      0.1500000    
 expt    9460.818       19.80000      0.1500000    
 expt    9460.877       20.01000      0.3400000    
 expt    9460.798       19.77000      0.1500000    
 expt    9460.818       19.88000      0.1600000    
 expt    9460.858       19.43000      0.2300000    
 expt    9460.877       19.87000      0.1500000    
 expt    9460.858       19.74000      0.1700000    
 expt    9460.858       19.55000      0.1400000    
 expt    9460.858       19.88000      0.1500000    
 expt    9460.858       19.91000      0.1500000    
 expt    9460.858       19.66000      0.1400000    
 expt    9477.463       4.600000      7.0000000E-02
 expt    9453.522       6.780000      0.1000000    
 expt    9472.184       5.210000      0.2400000    
 expt    9473.663       4.830000      0.1100000    
 expt    9455.323       10.21000      0.1200000    
 expt    9469.483       6.410000      9.0000004E-02
 expt    9465.423       12.57000      0.1500000    
 expt    9458.344       16.95000      0.2000000    
 expt    9462.083       18.91000      0.1600000    
 expt    9433.563       3.760000      9.0000004E-02
 expt    9433.563       3.560000      5.9999999E-02
 expt    9432.583       3.520000      5.9999999E-02
 expt    9433.663       3.590000      5.9999999E-02
 expt    9433.604       3.630000      0.2900000    
 expt    9433.663       3.520000      5.0000001E-02
 expt    9433.663       3.450000      0.1100000    
 expt    9432.543       3.630000      5.0000001E-02
 expt    9433.644       3.570000      5.0000001E-02
 expt    9433.644       3.470000      5.0000001E-02
 expt    9433.663       3.670000      5.0000001E-02
 expt    9433.703       3.570000      7.0000000E-02
 expt    9433.703       3.560000      5.0000001E-02
 expt    9433.743       3.610000      5.9999999E-02
 expt    9433.764       3.500000      5.9999999E-02
 expt    9433.764       3.680000      0.1300000    
 expt    9433.764       3.590000      5.9999999E-02
 expt    9433.703       3.650000      5.0000001E-02
 expt    9462.123       18.98000      0.1600000    
 expt    9460.323       19.93000      0.1600000    
 expt    9460.424       19.86000      0.1600000    
 expt    9460.424       20.00000      0.1500000    
 expt    9460.464       19.64000      0.2800000    
 expt    9460.443       20.22000      0.2200000    
 expt    9460.443       20.05000      0.1500000    
 expt    9460.482       19.62000      0.1500000    
 expt    9460.482       19.79000      0.1500000    
 expt    9460.482       20.04000      0.1600000    
 expt    9460.522       20.43000      0.3900000    
 expt    9460.464       19.58000      0.2300000    
 expt    9460.443       19.97000      0.1600000    
 expt    9460.464       20.52000      0.2500000    
 expt    9460.863       19.98000      0.1500000    
 expt    9460.482       20.03000      0.1500000    
 expt    9460.482       19.81000      0.1500000    
 expt    9460.482       19.76000      0.1500000    
 expt    9460.543       19.74000      0.1400000    
 expt    9460.464       19.92000      0.1400000    
 expt    9460.522       20.10000      0.1400000    
 expt    9460.522       19.94000      0.1500000    
 expt    9460.522       18.99000      0.1400000    
 expt    9460.562       21.45000      0.8700000    
 expt    9460.503       19.91000      0.1600000    
 expt    9460.562       19.80000      0.1400000    
 expt    9460.562       20.06000      0.1400000    
 expt    9460.543       20.09000      0.1600000    
 expt    9460.503       19.98000      0.1400000    
 expt    9460.562       19.80000      0.1500000    
 expt    9460.543       19.90000      0.2000000    
 expt    9460.543       19.72000      0.1500000    
 expt    9460.464       19.84000      0.2100000    
 expt    9460.464       20.06000      0.1500000    
 expt    9460.243       19.90000      0.1500000    
 expt    9460.403       20.06000      0.1400000    
 expt    9460.344       19.89000      0.1400000    
 expt    9458.469       17.63000      0.2700000    
 expt    9458.509       17.88000      0.2700000    
 expt    9477.607       4.620000      7.9999998E-02
 expt    9473.748       4.840000      9.0000004E-02
 expt    9455.488       10.42000      0.1600000    
 expt    9469.648       6.330000      0.1100000    
 expt    9465.509       12.16000      0.1700000    
 expt    9458.349       17.63000      0.2100000    
 expt    9453.708       6.830000      0.1000000    
 expt    9433.809       3.510000      5.9999999E-02
 expt    9433.788       3.650000      0.1000000    
 expt    9433.849       3.510000      0.1200000    
 expt    9433.849       3.670000      5.9999999E-02
 expt    9433.849       3.820000      0.1300000    
 expt    9434.067       3.560000      5.0000001E-02
 expt    9434.008       3.660000      5.0000001E-02
 expt    9433.948       3.580000      5.0000001E-02
 expt    9433.889       3.620000      5.0000001E-02
 expt    9433.948       3.620000      5.9999999E-02
 expt    9434.008       3.640000      7.0000000E-02
 expt    9433.889       3.550000      5.0000001E-02
 expt    9433.929       3.550000      5.0000001E-02
 expt    9434.008       3.520000      5.0000001E-02
 expt    9433.929       3.440000      5.9999999E-02
 expt    9460.429       20.08000      0.3500000    
 expt    9460.429       20.23000      0.1600000    
 expt    9460.488       20.16000      0.1500000    
 expt    9460.528       19.91000      0.1700000    
 expt    9460.528       19.94000      0.1600000    
 expt    9460.528       20.70000      0.5600000    
 expt    9460.549       20.13000      0.2400000    
 expt    9460.528       19.95000      0.1800000    
 expt    9460.688       20.07000      0.1600000    
 expt    9460.648       19.89000      0.1600000    
 expt    9460.648       20.06000      0.1600000    
 expt    9460.629       19.87000      0.1600000    
 expt    9460.629       19.97000      0.1700000    
 expt    9460.629       19.85000      0.1600000    
 expt    9460.549       19.81000      0.1600000    
 expt    9460.568       20.19000      0.1600000    
 expt    9460.648       19.95000      0.1600000    
 expt    9460.568       19.58000      0.1800000    
 expt    9460.589       20.03000      0.2900000    
 expt    9460.589       20.01000      0.1400000    
 expt    9460.589       19.90000      0.1400000    
 expt    9460.888       20.00000      0.1400000    
 expt    9460.868       20.04000      0.2600000    
 expt    9460.888       19.75000      0.1600000    
 expt    9460.948       19.80000      0.1400000    
 expt    9460.848       20.11000      0.1400000    
 expt    9460.848       19.90000      0.1400000    
 expt    9460.868       19.66000      0.1700000    
 expt    9460.848       20.04000      0.2500000    
 expt    9460.549       20.06000      0.4200000    
 expt    9460.608       20.08000      0.2500000    
 expt    9460.648       19.97000      0.2200000    
 expt    9460.688       20.02000      0.2400000    
 expt    9460.688       20.08000      0.2400000    
 expt    9460.648       20.07000      0.2000000    
 expt    9458.539       17.36000      0.2000000    
 expt    9477.560       4.530000      7.0000000E-02
 expt    9453.679       6.690000      0.1000000    
 expt    9453.739       6.930000      0.1400000    
 expt    9455.419       10.21000      0.1100000    
 expt    9469.519       6.500000      9.0000004E-02
 expt    9458.318       17.22000      0.1900000    
 expt    9460.358       20.04000      0.3800000    
 expt    9460.379       20.03000      0.2100000    
 expt    9433.679       3.610000      5.9999999E-02
 expt    9433.839       3.640000      5.0000001E-02
 expt    9433.778       3.580000      5.0000001E-02
 expt    9433.818       3.570000      5.0000001E-02
 expt    9433.839       3.490000      5.0000001E-02
 expt    9433.858       3.560000      5.0000001E-02
 expt    9433.799       3.600000      5.0000001E-02
 expt    9433.879       4.000000      0.2400000    
 expt    9433.898       3.550000      7.0000000E-02
 expt    9433.898       3.600000      5.0000001E-02
 expt    9433.898       3.630000      5.9999999E-02
 expt    9433.719       3.570000      5.0000001E-02
 expt    9433.799       3.450000      5.0000001E-02
 expt    9433.818       3.820000      9.0000004E-02
 expt    9433.858       3.520000      5.0000001E-02
 expt    9433.898       3.860000      0.3100000    
 expt    9433.959       3.550000      7.0000000E-02
 expt    9433.818       3.550000      5.0000001E-02
 expt    9460.398       19.90000      0.1600000    
 expt    9460.479       19.70000      0.1500000    
 expt    9460.419       19.84000      0.1500000    
 expt    9460.479       19.95000      0.1500000    
 expt    9460.459       20.03000      0.1500000    
 expt    9460.438       20.28000      0.1500000    
 expt    9460.459       20.00000      0.1900000    
 expt    9460.459       20.11000      0.5600000    
 expt    9460.459       19.78000      0.3000000    
 expt    9460.519       20.05000      0.1500000    
 expt    9460.398       19.73000      0.1600000    
 expt    9460.459       19.85000      0.1500000    
 expt    9460.479       20.09000      0.1500000    
 expt    9460.419       19.87000      0.1600000    
 expt    9460.419       19.68000      0.2400000    
 expt    9460.438       19.83000      0.1500000    
 expt    9460.438       19.78000      0.1500000    
 expt    9460.438       19.74000      0.1500000    
 expt    9460.519       20.07000      0.5100000    
 expt    9460.479       19.84000      0.1600000    
 expt    9460.459       19.88000      0.1400000    
 expt    9460.499       20.00000      0.1400000    
 expt    9460.559       19.96000      0.1400000    
 expt    9460.579       19.81000      0.1400000    
 expt    9460.579       19.65000      0.1400000    
 expt    9460.559       19.81000      0.1400000    
 expt    9460.639       19.93000      0.1400000    
 expt    9460.659       19.89000      0.1400000    
 expt    9460.599       19.61000      0.1400000    
 expt    9460.639       20.00000      0.1400000    
 expt    9460.619       19.93000      0.1400000    
 expt    9460.619       19.96000      0.1400000    
 expt    9460.679       19.87000      0.1400000    
 expt    9460.679       20.13000      0.1400000    
 expt    9459.152       19.69000      0.2700000    
 expt    9478.232       4.390000      7.9999998E-02
 expt    9454.033       8.480000      0.1400000    
 expt    9474.072       4.950000      9.0000004E-02
 expt    9456.133       11.06000      0.5300000    
 expt    9456.133       11.82000      0.1900000    
 expt    9456.153       11.99000      0.1600000    
 expt    9470.253       5.900000      9.0000004E-02
 expt    9461.212       20.09000      0.1900000    
 expt    9461.113       19.85000      0.1900000    
 expt    9461.173       19.72000      0.1800000    
 expt    9461.153       20.06000      0.1800000    
 expt    9461.153       20.03000      0.1500000    
 expt    9434.413       3.600000      7.0000000E-02
 expt    9434.493       3.570000      5.0000001E-02
 expt    9434.453       3.390000      0.2000000    
 expt    9434.453       3.480000      0.1500000    
 expt    9434.453       3.440000      0.1100000    
 expt    9434.453       3.470000      5.9999999E-02
 expt    9434.513       3.450000      0.1600000    
 expt    9434.453       3.590000      5.0000001E-02
 expt    9434.513       3.520000      5.0000001E-02
 expt    9434.513       3.620000      5.0000001E-02
 expt    9434.393       3.820000      0.1300000    
 expt    9434.513       3.530000      5.0000001E-02
 expt    9434.453       3.630000      5.0000001E-02
 expt    9434.453       3.610000      5.0000001E-02
 expt    9434.572       3.570000      5.0000001E-02
 expt    9461.013       19.82000      0.1400000    
 expt    9460.692       20.16000      0.4800000    
 expt    9460.692       20.16000      0.2300000    
 expt    9460.753       19.95000      0.1700000    
 expt    9460.812       20.08000      0.1700000    
 expt    9460.812       20.06000      0.1700000    
 expt    9460.873       19.86000      0.1700000    
 expt    9460.873       20.01000      0.1700000    
 expt    9460.853       20.10000      0.1700000    
 expt    9460.873       19.97000      0.1800000    
 expt    9460.873       19.93000      0.1700000    
 expt    9460.873       20.24000      0.2800000    
 expt    9460.812       19.74000      0.1700000    
 expt    9460.893       20.04000      0.1700000    
 expt    9460.893       19.73000      0.1700000    
 expt    9461.272       20.04000      0.1600000    
 expt    9460.873       19.91000      0.1600000    
 expt    9461.232       20.02000      0.1500000    
 expt    9461.193       20.03000      0.1500000    
 expt    9461.252       20.26000      0.6200000    
 expt    9461.232       20.14000      0.2400000    
 expt    9461.292       19.99000      0.1500000    
 expt    9461.252       20.19000      0.1500000    
 expt    9461.312       20.14000      0.1500000    
 expt    9461.252       20.07000      0.1500000    
 expt    9461.252       20.04000      0.1500000    
 expt    9461.312       20.47000       1.050000    
 expt    9461.252       19.28000      0.8500000    
 expt    9461.252       19.79000      0.1700000    
 expt    9461.312       20.06000      0.1500000    
 expt    9461.292       20.03000      0.1500000    
 expt    9461.232       19.96000      0.1900000    
 expt    9461.292       20.38000      0.3100000    
 expt    9461.232       20.21000      0.1500000    
 expt    9459.228       19.24000      0.2400000    
 expt    9478.248       4.600000      7.0000000E-02
 expt    9454.327       7.780000      0.1200000    
 expt    9474.088       4.950000      7.9999998E-02
 expt    9456.128       11.93000      0.1400000    
 expt    9470.287       5.970000      0.1000000    
 expt    9466.107       10.75000      0.1400000    
 expt    9459.147       18.68000      0.2300000    
 expt    9461.028       20.13000      0.2300000    
 expt    9459.188       18.67000      0.2800000    
 expt    9478.328       4.500000      0.1000000    
 expt    9454.468       7.940000      0.1200000    
 expt    9474.168       5.050000      0.1900000    
 expt    9474.208       4.950000      9.0000004E-02
 expt    9456.208       12.32000      0.1700000    
 expt    9470.287       6.250000      0.2400000    
 expt    9470.428       6.020000      0.1100000    
 expt    9466.228       10.85000      0.1500000    
 expt    9459.168       19.36000      0.2400000    
 expt    9434.527       3.620000      7.0000000E-02
 expt    9460.788       19.50000      0.2000000    
 expt    9478.248       4.480000      7.0000000E-02
 expt    9454.247       7.750000      0.1100000    
 expt    9456.028       11.97000      0.1500000    
 expt    9470.188       6.000000      0.1000000    
 expt    9466.067       11.12000      0.1400000    
 expt    9460.728       19.65000      0.1900000    
 expt    9434.328       3.560000      5.0000001E-02
 expt    9460.968       19.91000      0.1700000    
 expt    9461.088       20.11000      0.1700000    
 expt    9461.147       19.99000      0.1700000    
 expt    9461.147       18.76000      0.5500000    
 expt    9461.207       19.72000      0.1600000    
 expt    9461.188       19.87000      0.1700000    
 expt    9461.207       19.64000      0.1800000    
 expt    9461.228       20.13000      0.2400000    
 expt    9461.308       20.19000      0.2000000    
 expt    9461.228       20.16000      0.1800000    
 expt    9461.268       19.93000      0.1700000    
 expt    9461.228       20.41000      0.1800000    
 expt    9461.308       20.16000      0.1900000    
 expt    9461.308       20.13000      0.1600000    
 expt    9461.308       20.21000      0.1800000    
 expt    9461.308       20.07000      0.1700000    
 expt    9461.287       20.09000      0.1700000    
 expt    9461.308       20.05000      0.1800000    
 expt    9461.247       20.64000      0.2300000    
 expt    9461.287       20.20000      0.3800000    
 expt    9461.228       19.97000      0.2500000    
 expt    9461.247       19.97000      0.1700000    
 expt    9461.287       20.28000      0.1700000    
 expt    9461.268       20.12000      0.1700000    
 expt    9461.247       20.37000      0.1800000    
 expt    9461.247       20.37000      0.1700000    
 expt    9461.247       20.29000      0.1600000    
 expt    9461.247       20.28000      0.1700000    
 expt    9461.247       20.10000      0.1600000    
 expt    9461.247       20.40000      0.1600000    
 expt    9461.247       20.26000      0.1600000    
 expt    9461.188       20.10000      0.1600000    
 expt    9461.228       20.09000      0.1600000    
 expt    9461.287       20.23000      0.1600000    
 expt    9461.247       20.37000      0.1600000    
 expt    9461.228       20.30000      0.1500000    
 expt    9433.640       3.680000      5.9999999E-02
 expt    9433.680       3.520000      5.0000001E-02
 expt    9433.640       3.550000      7.0000000E-02
 expt    9433.659       3.420000      7.0000000E-02
 expt    9433.280       3.630000      9.0000004E-02
 expt    9433.280       3.570000      5.0000001E-02
 expt    9433.340       3.500000      5.0000001E-02
 expt    9433.400       3.540000      5.0000001E-02
 expt    9433.340       3.470000      5.0000001E-02
 expt    9433.360       3.500000      5.0000001E-02
 expt    9433.280       3.610000      5.0000001E-02
 expt    9433.340       3.680000      5.0000001E-02
 expt    9433.320       3.580000      5.0000001E-02
 expt    9433.340       3.540000      5.0000001E-02
 expt    9433.760       3.610000      9.0000004E-02
 expt    9433.720       3.600000      5.9999999E-02
 expt    9433.760       3.670000      9.0000004E-02
 expt    9433.819       3.590000      9.0000004E-02
 expt    9433.760       3.610000      7.0000000E-02
 expt    9433.800       3.480000      7.0000000E-02
 expt    9433.720       3.550000      7.9999998E-02
 expt    9433.779       3.490000      0.2300000    
 expt    9433.840       3.570000      0.1000000    
 expt    9560.681       3.760000      0.1200000    
 expt    9560.681       3.810000      5.9999999E-02
 expt    9560.740       3.760000      5.9999999E-02
 expt    9560.760       3.850000      5.9999999E-02
 expt    9560.740       3.760000      9.0000004E-02
 expt    9560.721       3.810000      7.0000000E-02
 expt    9560.779       3.650000      7.0000000E-02
 expt    9560.800       3.770000      7.0000000E-02
 expt    9560.859       3.800000      7.0000000E-02
 expt    9560.800       3.840000      7.0000000E-02
 expt    9560.800       3.730000      7.0000000E-02
 expt    9560.819       3.780000      7.0000000E-02
 Theoretical curve:
 theo    9428.142       3.620795    
 theo    9428.271       3.620707    
 theo    9428.401       3.620619    
 theo    9428.531       3.620532    
 theo    9428.661       3.620444    
 theo    9428.791       3.620356    
 theo    9428.921       3.620269    
 theo    9429.051       3.620182    
 theo    9429.181       3.620095    
 theo    9429.311       3.620008    
 theo    9429.440       3.619922    
 theo    9429.570       3.619835    
 theo    9429.700       3.619749    
 theo    9429.830       3.619663    
 theo    9429.960       3.619577    
 theo    9430.090       3.619491    
 theo    9430.220       3.619406    
 theo    9430.350       3.619320    
 theo    9430.479       3.619235    
 theo    9430.609       3.619150    
 theo    9430.739       3.619066    
 theo    9430.869       3.618981    
 theo    9430.999       3.618896    
 theo    9431.129       3.618812    
 theo    9431.259       3.618728    
 theo    9431.389       3.618645    
 theo    9431.519       3.618562    
 theo    9431.648       3.618478    
 theo    9431.778       3.618395    
 theo    9431.908       3.618312    
 theo    9432.038       3.618230    
 theo    9432.168       3.618148    
 theo    9432.298       3.618066    
 theo    9432.428       3.617985    
 theo    9432.558       3.617903    
 theo    9432.688       3.617822    
 theo    9432.817       3.617741    
 theo    9432.947       3.617661    
 theo    9433.077       3.617580    
 theo    9433.207       3.617501    
 theo    9433.337       3.617421    
 theo    9433.467       3.617342    
 theo    9433.597       3.617263    
 theo    9433.727       3.617184    
 theo    9433.856       3.617105    
 theo    9433.986       3.617028    
 theo    9434.116       3.616950    
 theo    9434.246       3.616873    
 theo    9434.376       3.616796    
 theo    9434.506       3.616719    
 theo    9434.636       3.616643    
 theo    9434.766       3.616567    
 theo    9434.896       3.616492    
 theo    9435.025       3.616417    
 theo    9435.155       3.616342    
 theo    9435.285       3.616268    
 theo    9435.415       3.616194    
 theo    9435.545       3.616121    
 theo    9435.675       3.616048    
 theo    9435.805       3.615976    
 theo    9435.935       3.615904    
 theo    9436.064       3.615833    
 theo    9436.194       3.615762    
 theo    9436.324       3.615691    
 theo    9436.454       3.615621    
 theo    9436.584       3.615552    
 theo    9436.714       3.615483    
 theo    9436.844       3.615415    
 theo    9436.974       3.615347    
 theo    9437.104       3.615281    
 theo    9437.233       3.615214    
 theo    9437.363       3.615148    
 theo    9437.493       3.615083    
 theo    9437.623       3.615019    
 theo    9437.753       3.614955    
 theo    9437.883       3.614892    
 theo    9438.013       3.614830    
 theo    9438.143       3.614768    
 theo    9438.272       3.614707    
 theo    9438.402       3.614647    
 theo    9438.532       3.614588    
 theo    9438.662       3.614529    
 theo    9438.792       3.614472    
 theo    9438.922       3.614415    
 theo    9439.052       3.614359    
 theo    9439.182       3.614304    
 theo    9439.312       3.614250    
 theo    9439.441       3.614197    
 theo    9439.571       3.614146    
 theo    9439.701       3.614094    
 theo    9439.831       3.614045    
 theo    9439.961       3.613996    
 theo    9440.091       3.613949    
 theo    9440.221       3.613902    
 theo    9440.351       3.613858    
 theo    9440.480       3.613813    
 theo    9440.610       3.613771    
 theo    9440.740       3.613730    
 theo    9440.870       3.613690    
 theo    9441.000       3.613652    
 theo    9441.130       3.613615    
 theo    9441.260       3.613580    
 theo    9441.390       3.613547    
 theo    9441.520       3.613515    
 theo    9441.649       3.613485    
 theo    9441.779       3.613456    
 theo    9441.909       3.613431    
 theo    9442.039       3.613406    
 theo    9442.169       3.613384    
 theo    9442.299       3.613364    
 theo    9442.429       3.613347    
 theo    9442.559       3.613332    
 theo    9442.688       3.613319    
 theo    9442.818       3.613308    
 theo    9442.948       3.613301    
 theo    9443.078       3.613297    
 theo    9443.208       3.613295    
 theo    9443.338       3.613297    
 theo    9443.468       3.613302    
 theo    9443.598       3.613312    
 theo    9443.728       3.613324    
 theo    9443.857       3.613342    
 theo    9443.987       3.613364    
 theo    9444.117       3.613391    
 theo    9444.247       3.613425    
 theo    9444.377       3.613464    
 theo    9444.507       3.613512    
 theo    9444.637       3.613570    
 theo    9444.767       3.613642    
 theo    9444.896       3.613739    
 theo    9445.026       3.613891    
 theo    9445.156       3.614395    
 theo    9445.286       3.617764    
 theo    9445.416       3.619041    
 theo    9445.546       3.620117    
 theo    9445.676       3.621248    
 theo    9445.806       3.622483    
 theo    9445.936       3.623855    
 theo    9446.065       3.625392    
 theo    9446.195       3.627099    
 theo    9446.325       3.629015    
 theo    9446.455       3.631156    
 theo    9446.585       3.633554    
 theo    9446.715       3.636238    
 theo    9446.845       3.639240    
 theo    9446.975       3.642585    
 theo    9447.104       3.646318    
 theo    9447.234       3.650479    
 theo    9447.364       3.655107    
 theo    9447.494       3.660259    
 theo    9447.624       3.665976    
 theo    9447.754       3.672320    
 theo    9447.884       3.679352    
 theo    9448.014       3.687135    
 theo    9448.144       3.695742    
 theo    9448.273       3.705243    
 theo    9448.403       3.715727    
 theo    9448.533       3.727274    
 theo    9448.663       3.739985    
 theo    9448.793       3.753951    
 theo    9448.923       3.769282    
 theo    9449.053       3.786091    
 theo    9449.183       3.804499    
 theo    9449.312       3.824630    
 theo    9449.442       3.846620    
 theo    9449.572       3.870610    
 theo    9449.702       3.896749    
 theo    9449.832       3.925193    
 theo    9449.962       3.956103    
 theo    9450.092       3.989657    
 theo    9450.222       4.026031    
 theo    9450.352       4.065406    
 theo    9450.481       4.107984    
 theo    9450.611       4.153956    
 theo    9450.741       4.203538    
 theo    9450.871       4.256933    
 theo    9451.001       4.314363    
 theo    9451.131       4.376055    
 theo    9451.261       4.442230    
 theo    9451.391       4.513124    
 theo    9451.521       4.588968    
 theo    9451.650       4.670003    
 theo    9451.780       4.756461    
 theo    9451.910       4.848582    
 theo    9452.040       4.946603    
 theo    9452.170       5.050756    
 theo    9452.300       5.161275    
 theo    9452.430       5.278382    
 theo    9452.560       5.402300    
 theo    9452.689       5.533235    
 theo    9452.819       5.671391    
 theo    9452.949       5.816962    
 theo    9453.079       5.970121    
 theo    9453.209       6.131032    
 theo    9453.339       6.299837    
 theo    9453.469       6.476672    
 theo    9453.599       6.661641    
 theo    9453.729       6.854828    
 theo    9453.858       7.056303    
 theo    9453.988       7.266086    
 theo    9454.118       7.484207    
 theo    9454.248       7.710636    
 theo    9454.378       7.945322    
 theo    9454.508       8.188185    
 theo    9454.638       8.439116    
 theo    9454.768       8.697953    
 theo    9454.897       8.964516    
 theo    9455.027       9.238591    
 theo    9455.157       9.519907    
 theo    9455.287       9.808166    
 theo    9455.417       10.10304    
 theo    9455.547       10.40414    
 theo    9455.677       10.71106    
 theo    9455.807       11.02335    
 theo    9455.937       11.34051    
 theo    9456.066       11.66200    
 theo    9456.196       11.98727    
 theo    9456.326       12.31572    
 theo    9456.456       12.64669    
 theo    9456.586       12.97954    
 theo    9456.716       13.31356    
 theo    9456.846       13.64801    
 theo    9456.976       13.98216    
 theo    9457.105       14.31522    
 theo    9457.235       14.64638    
 theo    9457.365       14.97486    
 theo    9457.495       15.29982    
 theo    9457.625       15.62041    
 theo    9457.755       15.93579    
 theo    9457.885       16.24514    
 theo    9458.015       16.54758    
 theo    9458.145       16.84229    
 theo    9458.274       17.12844    
 theo    9458.404       17.40520    
 theo    9458.534       17.67178    
 theo    9458.664       17.92739    
 theo    9458.794       18.17131    
 theo    9458.924       18.40276    
 theo    9459.054       18.62112    
 theo    9459.184       18.82563    
 theo    9459.313       19.01581    
 theo    9459.443       19.19097    
 theo    9459.573       19.35068    
 theo    9459.703       19.49437    
 theo    9459.833       19.62173    
 theo    9459.963       19.73227    
 theo    9460.093       19.82576    
 theo    9460.223       19.90189    
 theo    9460.353       19.96050    
 theo    9460.482       20.00146    
 theo    9460.612       20.02470    
 theo    9460.742       20.03012    
 theo    9460.872       20.01788    
 theo    9461.002       19.98803    
 theo    9461.132       19.94076    
 theo    9461.262       19.87625    
 theo    9461.392       19.79486    
 theo    9461.521       19.69684    
 theo    9461.651       19.58267    
 theo    9461.781       19.45269    
 theo    9461.911       19.30749    
 theo    9462.041       19.14757    
 theo    9462.171       18.97348    
 theo    9462.301       18.78589    
 theo    9462.431       18.58539    
 theo    9462.561       18.37275    
 theo    9462.690       18.14860    
 theo    9462.820       17.91374    
 theo    9462.950       17.66891    
 theo    9463.080       17.41488    
 theo    9463.210       17.15243    
 theo    9463.340       16.88240    
 theo    9463.470       16.60556    
 theo    9463.600       16.32272    
 theo    9463.729       16.03467    
 theo    9463.859       15.74223    
 theo    9463.989       15.44618    
 theo    9464.119       15.14728    
 theo    9464.249       14.84631    
 theo    9464.379       14.54398    
 theo    9464.509       14.24105    
 theo    9464.639       13.93817    
 theo    9464.769       13.63604    
 theo    9464.898       13.33528    
 theo    9465.028       13.03650    
 theo    9465.158       12.74029    
 theo    9465.288       12.44720    
 theo    9465.418       12.15771    
 theo    9465.548       11.87231    
 theo    9465.678       11.59146    
 theo    9465.808       11.31555    
 theo    9465.938       11.04494    
 theo    9466.067       10.78000    
 theo    9466.197       10.52097    
 theo    9466.327       10.26816    
 theo    9466.457       10.02178    
 theo    9466.587       9.782043    
 theo    9466.717       9.549080    
 theo    9466.847       9.323041    
 theo    9466.977       9.104018    
 theo    9467.106       8.892089    
 theo    9467.236       8.687294    
 theo    9467.366       8.489651    
 theo    9467.496       8.299146    
 theo    9467.626       8.115751    
 theo    9467.756       7.939418    
 theo    9467.886       7.770068    
 theo    9468.016       7.607608    
 theo    9468.146       7.451931    
 theo    9468.275       7.302920    
 theo    9468.405       7.160424    
 theo    9468.535       7.024312    
 theo    9468.665       6.894408    
 theo    9468.795       6.770550    
 theo    9468.925       6.652562    
 theo    9469.055       6.540262    
 theo    9469.185       6.433459    
 theo    9469.314       6.331965    
 theo    9469.444       6.235582    
 theo    9469.574       6.144116    
 theo    9469.704       6.057374    
 theo    9469.834       5.975154    
 theo    9469.964       5.897267    
 theo    9470.094       5.823512    
 theo    9470.224       5.753707    
 theo    9470.354       5.687659    
 theo    9470.483       5.625186    
 theo    9470.613       5.566112    
 theo    9470.743       5.510259    
 theo    9470.873       5.457458    
 theo    9471.003       5.407545    
 theo    9471.133       5.360361    
 theo    9471.263       5.315756    
 theo    9471.393       5.273579    
 theo    9471.522       5.233695    
 theo    9471.652       5.195961    
 theo    9471.782       5.160255    
 theo    9471.912       5.126450    
 theo    9472.042       5.094431    
 theo    9472.172       5.064086    
 theo    9472.302       5.035311    
 theo    9472.432       5.008007    
 theo    9472.562       4.982074    
 theo    9472.691       4.957432    
 theo    9472.821       4.933989    
 theo    9472.951       4.911672    
 theo    9473.081       4.890403    
 theo    9473.211       4.870120    
 theo    9473.341       4.850750    
 theo    9473.471       4.832236    
 theo    9473.601       4.814521    
 theo    9473.730       4.797553    
 theo    9473.860       4.781279    
 theo    9473.990       4.765659    
 theo    9474.120       4.750645    
 theo    9474.250       4.736199    
 theo    9474.380       4.722284    
 theo    9474.510       4.708868    
 theo    9474.640       4.695916    
 theo    9474.770       4.683399    
 theo    9474.899       4.671283    
 theo    9475.029       4.659551    
 theo    9475.159       4.648157    
 theo    9475.289       4.637023    
 theo    9475.419       4.624548    
 theo    9475.549       4.612800    
 theo    9475.679       4.602793    
 theo    9475.809       4.593204    
 theo    9475.938       4.583887    
 theo    9476.068       4.574799    
 theo    9476.198       4.565925    
 theo    9476.328       4.557248    
 theo    9476.458       4.548760    
 theo    9476.588       4.540448    
 theo    9476.718       4.532297    
 theo    9476.848       4.524307    
 theo    9476.978       4.516478    
 theo    9477.107       4.508788    
 theo    9477.237       4.501245    
 theo    9477.367       4.493839    
 theo    9477.497       4.486569    
 theo    9477.627       4.479425    
 theo    9477.757       4.472406    
 theo    9477.887       4.465508    
 theo    9478.017       4.458728    
 theo    9478.146       4.452060    
 theo    9478.276       4.445503    
 theo    9478.406       4.439053    
 theo    9478.536       4.432709    
 theo    9478.666       4.426464    
 theo    9478.796       4.420320    
 theo    9478.926       4.414270    
 theo    9479.056       4.408314    
 theo    9479.186       4.402452    
 theo    9479.315       4.396677    
 theo    9479.445       4.390990    
 theo    9479.575       4.385385    
 theo    9479.705       4.379864    
 theo    9479.835       4.374422    
 theo    9479.965       4.369061    
 theo    9480.095       4.363779    
 theo    9480.225       4.358568    
 theo    9480.354       4.353431    
 theo    9480.484       4.348368    
 theo    9480.614       4.343370    
 theo    9480.744       4.338448    
 theo    9480.874       4.333586    
 theo    9481.004       4.328794    
 theo    9481.134       4.324064    
 theo    9481.264       4.319398    
 theo    9481.394       4.314793    
 theo    9481.523       4.310248    
 theo    9481.653       4.305762    
 theo    9481.783       4.301336    
 theo    9481.913       4.296966    
 theo    9482.043       4.292651    
 theo    9482.173       4.288388    
 theo    9482.303       4.284183    
 theo    9482.433       4.280025    
 theo    9482.562       4.275919    
 theo    9482.692       4.271865    
 theo    9482.822       4.267863    
 theo    9482.952       4.263905    
 theo    9483.082       4.259995    
 theo    9483.212       4.256132    
 theo    9483.342       4.252316    
 theo    9483.472       4.248542    
 theo    9483.602       4.244814    
 theo    9483.731       4.241127    
 theo    9483.861       4.237486    
 theo    9483.991       4.233883    
 theo    9484.121       4.230323    
 theo    9484.251       4.226802    
 theo    9484.381       4.223320    
 theo    9484.511       4.219877    
 theo    9484.641       4.216474    
 theo    9484.771       4.213104    
 theo    9484.900       4.209771    
 theo    9485.030       4.206479    
 theo    9485.160       4.203217    
 theo    9485.290       4.199994    
 theo    9485.420       4.196802    
 theo    9485.550       4.193643    
 theo    9485.680       4.190518    
 theo    9485.810       4.187425    
 theo    9485.939       4.184365    
 theo    9486.069       4.181336    
 theo    9486.199       4.178338    
 theo    9486.329       4.175371    
 theo    9486.459       4.172431    
 theo    9486.589       4.169524    
 theo    9486.719       4.166641    
 theo    9486.849       4.163789    
 theo    9486.979       4.160967    
 theo    9487.108       4.158168    
 theo    9487.238       4.155398    
 theo    9487.368       4.152656    
 theo    9487.498       4.149937    
 theo    9487.628       4.147246    
 theo    9487.758       4.144581    
 theo    9487.888       4.141937    
 theo    9488.018       4.139319    
 theo    9488.147       4.136728    
 theo    9488.277       4.134160    
 theo    9488.407       4.131611    
 theo    9488.537       4.129088    
 theo    9488.667       4.126591    
 theo    9488.797       4.124112    
 theo    9488.927       4.121657    
 theo    9489.057       4.119219    
 theo    9489.187       4.116807    
 theo    9489.316       4.114415    
 theo    9489.446       4.112045    
 theo    9489.576       4.109693    
 theo    9489.706       4.107362    
 theo    9489.836       4.105052    
 theo    9489.966       4.102758    
 theo    9490.096       4.100485    
 theo    9490.226       4.098229    
 theo    9490.355       4.095996    
 theo    9490.485       4.093779    
 theo    9490.615       4.091581    
 theo    9490.745       4.089398    
 theo    9490.875       4.087235    
 theo    9491.005       4.085088    
 theo    9491.135       4.082957    
 theo    9491.265       4.080847    
 theo    9491.395       4.078751    
 theo    9491.524       4.076672    
 theo    9491.654       4.074606    
 theo    9491.784       4.072558    
 theo    9491.914       4.070526    
 theo    9492.044       4.068511    
 theo    9492.174       4.066508    
 theo    9492.304       4.064521    
 theo    9492.434       4.062551    
 theo    9492.563       4.060593    
 theo    9492.693       4.058649    
 theo    9492.823       4.056721    
 theo    9492.953       4.054808    
 theo    9493.083       4.052907    
 theo    9493.213       4.051021    
 theo    9493.343       4.049149    
 theo    9493.473       4.047288    
 theo    9493.603       4.045442    
 theo    9493.732       4.043609    
 theo    9493.862       4.041788    
 theo    9493.992       4.039979    
 theo    9494.122       4.038182    
 theo    9494.252       4.036403    
 theo    9494.382       4.034631    
 theo    9494.512       4.032875    
 theo    9494.642       4.031128    
 theo    9494.771       4.029394    
 theo    9494.901       4.027670    
 theo    9495.031       4.025961    
 theo    9495.161       4.024263    
 theo    9495.291       4.022575    
 theo    9495.421       4.020899    
 theo    9495.551       4.019235    
 theo    9495.681       4.017583    
 theo    9495.811       4.015941    
 theo    9495.940       4.014308    
 theo    9496.070       4.012689    
 theo    9496.200       4.011080    
 theo    9496.330       4.009480    
 theo    9496.460       4.007893    
 theo    9496.590       4.006316    
 theo    9496.720       4.004749    
 theo    9496.850       4.003191    
 theo    9496.979       4.001647    
 theo    9497.109       4.000109    
 theo    9497.239       3.998584    
 theo    9497.369       3.997067    
 theo    9497.499       3.995559    
 theo    9497.629       3.994064    
 theo    9497.759       3.992578    
 theo    9497.889       3.991101    
 theo    9498.019       3.989633    
 theo    9498.148       3.988175    
 theo    9498.278       3.986727    
 theo    9498.408       3.985287    
 theo    9498.538       3.983857    
 theo    9498.668       3.982436    
 theo    9498.798       3.981023    
 theo    9498.928       3.979623    
 theo    9499.058       3.978228    
 theo    9499.188       3.976843    
 theo    9499.317       3.975467    
 theo    9499.447       3.974098    
 theo    9499.577       3.972738    
 theo    9499.707       3.971388    
 theo    9499.837       3.970045    
 theo    9499.967       3.968712    
 theo    9500.097       3.967384    
 theo    9500.227       3.966067    
 theo    9500.356       3.964758    
 theo    9500.486       3.963456    
 theo    9500.616       3.962162    
 theo    9500.746       3.960875    
 theo    9500.876       3.959595    
 theo    9501.006       3.958325    
 theo    9501.136       3.957062    
 theo    9501.266       3.955807    
 theo    9501.396       3.954556    
 theo    9501.525       3.953314    
 theo    9501.655       3.952081    
 theo    9501.785       3.950853    
 theo    9501.915       3.949634    
 theo    9502.045       3.948419    
 theo    9502.175       3.947216    
 theo    9502.305       3.946017    
 theo    9502.435       3.944825    
 theo    9502.564       3.943639    
 theo    9502.694       3.942460    
 theo    9502.824       3.941287    
 theo    9502.954       3.940120    
 theo    9503.084       3.938963    
 theo    9503.214       3.937810    
 theo    9503.344       3.936663    
 theo    9503.474       3.935524    
 theo    9503.604       3.934390    
 theo    9503.733       3.933263    
 theo    9503.863       3.932143    
 theo    9503.993       3.931026    
 theo    9504.123       3.929920    
 theo    9504.253       3.928816    
 theo    9504.383       3.927721    
 theo    9504.513       3.926631    
 theo    9504.643       3.925548    
 theo    9504.772       3.924469    
 theo    9504.902       3.923398    
 theo    9505.032       3.922333    
 theo    9505.162       3.921273    
 theo    9505.292       3.920218    
 theo    9505.422       3.919170    
 theo    9505.552       3.918128    
 theo    9505.682       3.917090    
 theo    9505.812       3.916061    
 theo    9505.941       3.915034    
 theo    9506.071       3.914016    
 theo    9506.201       3.913001    
 theo    9506.331       3.911993    
 theo    9506.461       3.910990    
 theo    9506.591       3.909993    
 theo    9506.721       3.909002    
 theo    9506.851       3.908015    
 theo    9506.980       3.907034    
 theo    9507.110       3.906057    
 theo    9507.240       3.905087    
 theo    9507.370       3.904120    
 theo    9507.500       3.903163    
 theo    9507.630       3.902207    
 theo    9507.760       3.901257    
 theo    9507.890       3.900311    
 theo    9508.020       3.899370    
 theo    9508.149       3.898434    
 theo    9508.279       3.897504    
 theo    9508.409       3.896575    
 theo    9508.539       3.895656    
 theo    9508.669       3.894737    
 theo    9508.799       3.893823    
 theo    9508.929       3.892915    
 theo    9509.059       3.892009    
 theo    9509.188       3.891109    
 theo    9509.318       3.890209    
 theo    9509.448       3.889317    
 theo    9509.578       3.888430    
 theo    9509.708       3.887543    
 theo    9509.838       3.886661    
 theo    9509.968       3.885784    
 theo    9510.098       3.884907    
 theo    9510.228       3.884036    
 theo    9510.357       3.883169    
 theo    9510.487       3.882302    
 theo    9510.617       3.881442    
 theo    9510.747       3.880582    
 theo    9510.877       3.879725    
 theo    9511.007       3.878875    
 theo    9511.137       3.878022    
 theo    9511.267       3.877176    
 theo    9511.396       3.876333    
 theo    9511.526       3.875490    
 theo    9511.656       3.874651    
 theo    9511.786       3.873816    
 theo    9511.916       3.872980    
 theo    9512.046       3.872151    
 theo    9512.176       3.871323    
 theo    9512.306       3.870496    
 theo    9512.436       3.869672    
 theo    9512.565       3.868851    
 theo    9512.695       3.868034    
 theo    9512.825       3.867216    
 theo    9512.955       3.866403    
 theo    9513.085       3.865593    
 theo    9513.215       3.864783    
 theo    9513.345       3.863978    
 theo    9513.475       3.863175    
 theo    9513.604       3.862371    
 theo    9513.734       3.861574    
 theo    9513.864       3.860777    
 theo    9513.994       3.859982    
 theo    9514.124       3.859194    
 theo    9514.254       3.858406    
 theo    9514.384       3.857618    
 theo    9514.514       3.856834    
 theo    9514.644       3.856054    
 theo    9514.773       3.855276    
 theo    9514.903       3.854502    
 theo    9515.033       3.853729    
 theo    9515.163       3.852958    
 theo    9515.293       3.852194    
 theo    9515.423       3.851429    
 theo    9515.553       3.850668    
 theo    9515.683       3.849911    
 theo    9515.812       3.849157    
 theo    9515.942       3.848404    
 theo    9516.072       3.847655    
 theo    9516.202       3.846910    
 theo    9516.332       3.846169    
 theo    9516.462       3.845429    
 theo    9516.592       3.844692    
 theo    9516.722       3.843962    
 theo    9516.852       3.843231    
 theo    9516.981       3.842505    
 theo    9517.111       3.841780    
 theo    9517.241       3.841061    
 theo    9517.371       3.840344    
 theo    9517.501       3.839632    
 theo    9517.631       3.838922    
 theo    9517.761       3.838215    
 theo    9517.891       3.837515    
 theo    9518.021       3.836813    
 theo    9518.150       3.836118    
 theo    9518.280       3.835425    
 theo    9518.410       3.834736    
 theo    9518.540       3.834050    
 theo    9518.670       3.833367    
 theo    9518.800       3.832686    
 theo    9518.930       3.832013    
 theo    9519.060       3.831340    
 theo    9519.189       3.830670    
 theo    9519.319       3.830004    
 theo    9519.449       3.829341    
 theo    9519.579       3.828681    
 theo    9519.709       3.828025    
 theo    9519.839       3.827371    
 theo    9519.969       3.826720    
 theo    9520.099       3.826076    
 theo    9520.229       3.825431    
 theo    9520.358       3.824791    
 theo    9520.488       3.824151    
 theo    9520.618       3.823517    
 theo    9520.748       3.822886    
 theo    9520.878       3.822255    
 theo    9521.008       3.821629    
 theo    9521.138       3.821003    
 theo    9521.268       3.820386    
 theo    9521.397       3.819766    
 theo    9521.527       3.819151    
 theo    9521.657       3.818539    
 theo    9521.787       3.817927    
 theo    9521.917       3.817319    
 theo    9522.047       3.816713    
 theo    9522.177       3.816111    
 theo    9522.307       3.815511    
 theo    9522.437       3.814913    
 theo    9522.566       3.814317    
 theo    9522.696       3.813720    
 theo    9522.826       3.813130    
 theo    9522.956       3.812539    
 theo    9523.086       3.811953    
 theo    9523.216       3.811367    
 theo    9523.346       3.810784    
 theo    9523.476       3.810202    
 theo    9523.605       3.809623    
 theo    9523.735       3.809046    
 theo    9523.865       3.808472    
 theo    9523.995       3.807899    
 theo    9524.125       3.807326    
 theo    9524.255       3.806757    
 theo    9524.385       3.806187    
 theo    9524.515       3.805621    
 theo    9524.645       3.805060    
 theo    9524.774       3.804497    
 theo    9524.904       3.803937    
 theo    9525.034       3.803379    
 theo    9525.164       3.802822    
 theo    9525.294       3.802265    
 theo    9525.424       3.801712    
 theo    9525.554       3.801160    
 theo    9525.684       3.800609    
 theo    9525.813       3.800064    
 theo    9525.943       3.799517    
 theo    9526.073       3.798972    
 theo    9526.203       3.798428    
 theo    9526.333       3.797887    
 theo    9526.463       3.797348    
 theo    9526.593       3.796808    
 theo    9526.723       3.796272    
 theo    9526.853       3.795737    
 theo    9526.982       3.795205    
 theo    9527.112       3.794674    
 theo    9527.242       3.794142    
 theo    9527.372       3.793615    
 theo    9527.502       3.793086    
 theo    9527.632       3.792562    
 theo    9527.762       3.792037    
 theo    9527.892       3.791515    
 theo    9528.021       3.790995    
 theo    9528.151       3.790475    
 theo    9528.281       3.789957    
 theo    9528.411       3.789441    
 theo    9528.541       3.788926    
 theo    9528.671       3.788413    
 theo    9528.801       3.787899    
 theo    9528.931       3.787390    
 theo    9529.061       3.786880    
 theo    9529.190       3.786371    
 theo    9529.320       3.785866    
 theo    9529.450       3.785359    
 theo    9529.580       3.784855    
 theo    9529.710       3.784355    
 theo    9529.840       3.783853    
 theo    9529.970       3.783351    
 theo    9530.100       3.782852    
 theo    9530.229       3.782356    
 theo    9530.359       3.781857    
 theo    9530.489       3.781364    
 theo    9530.619       3.780870    
 theo    9530.749       3.780376    
 theo    9530.879       3.779884    
 theo    9531.009       3.779396    
 theo    9531.139       3.778907    
 theo    9531.269       3.778419    
 theo    9531.398       3.777931    
 theo    9531.528       3.777445    
 theo    9531.658       3.776960    
 theo    9531.788       3.776477    
 theo    9531.918       3.775994    
 theo    9532.048       3.775512    
 theo    9532.178       3.775035    
 theo    9532.308       3.774554    
 theo    9532.438       3.774077    
 theo    9532.567       3.773602    
 theo    9532.697       3.773124    
 theo    9532.827       3.772651    
 theo    9532.957       3.772177    
 theo    9533.087       3.771705    
 theo    9533.217       3.771234    
 theo    9533.347       3.770763    
 theo    9533.477       3.770295    
 theo    9533.606       3.769826    
 theo    9533.736       3.769358    
 theo    9533.866       3.768893    
 theo    9533.996       3.768429    
 theo    9534.126       3.767966    
 theo    9534.256       3.767502    
 theo    9534.386       3.767041    
 theo    9534.516       3.766580    
 theo    9534.646       3.766121    
 theo    9534.775       3.765663    
 theo    9534.905       3.765206    
 theo    9535.035       3.764752    
 theo    9535.165       3.764297    
 theo    9535.295       3.763841    
 theo    9535.425       3.763389    
 theo    9535.555       3.762938    
 theo    9535.685       3.762486    
 theo    9535.814       3.762038    
 theo    9535.944       3.761590    
 theo    9536.074       3.761142    
 theo    9536.204       3.760696    
 theo    9536.334       3.760252    
 theo    9536.464       3.759808    
 theo    9536.594       3.759366    
 theo    9536.724       3.758923    
 theo    9536.854       3.758482    
 theo    9536.983       3.758042    
 theo    9537.113       3.757604    
 theo    9537.243       3.757167    
 theo    9537.373       3.756730    
 theo    9537.503       3.756297    
 theo    9537.633       3.755860    
 theo    9537.763       3.755427    
 theo    9537.893       3.754996    
 theo    9538.022       3.754565    
 theo    9538.152       3.754136    
 theo    9538.282       3.753707    
 theo    9538.412       3.753280    
 theo    9538.542       3.752853    
 theo    9538.672       3.752426    
 theo    9538.802       3.752005    
 theo    9538.932       3.751582    
 theo    9539.062       3.751159    
 theo    9539.191       3.750740    
 theo    9539.321       3.750319    
 theo    9539.451       3.749901    
 theo    9539.581       3.749484    
 theo    9539.711       3.749065    
 theo    9539.841       3.748651    
 theo    9539.971       3.748235    
 theo    9540.101       3.747823    
 theo    9540.230       3.747411    
 theo    9540.360       3.747000    
 theo    9540.490       3.746592    
 theo    9540.620       3.746183    
 theo    9540.750       3.745772    
 theo    9540.880       3.745366    
 theo    9541.010       3.744961    
 theo    9541.140       3.744554    
 theo    9541.270       3.744152    
 theo    9541.399       3.743749    
 theo    9541.529       3.743346    
 theo    9541.659       3.742945    
 theo    9541.789       3.742545    
 theo    9541.919       3.742146    
 theo    9542.049       3.741748    
 theo    9542.179       3.741350    
 theo    9542.309       3.740952    
 theo    9542.438       3.740556    
 theo    9542.568       3.740163    
 theo    9542.698       3.739768    
 theo    9542.828       3.739374    
 theo    9542.958       3.738979    
 theo    9543.088       3.738590    
 theo    9543.218       3.738198    
 theo    9543.348       3.737805    
 theo    9543.478       3.737417    
 theo    9543.607       3.737026    
 theo    9543.737       3.736637    
 theo    9543.867       3.736250    
 theo    9543.997       3.735862    
 theo    9544.127       3.735475    
 theo    9544.257       3.735088    
 theo    9544.387       3.734702    
 theo    9544.517       3.734318    
 theo    9544.646       3.733933    
 theo    9544.776       3.733549    
 theo    9544.906       3.733165    
 theo    9545.036       3.732781    
 theo    9545.166       3.732400    
 theo    9545.296       3.732018    
 theo    9545.426       3.731635    
 theo    9545.556       3.731254    
 theo    9545.686       3.730876    
 theo    9545.815       3.730496    
 theo    9545.945       3.730117    
 theo    9546.075       3.729741    
 theo    9546.205       3.729362    
 theo    9546.335       3.728985    
 theo    9546.465       3.728609    
 theo    9546.595       3.728231    
 theo    9546.725       3.727856    
 theo    9546.854       3.727481    
 theo    9546.984       3.727108    
 theo    9547.114       3.726735    
 theo    9547.244       3.726363    
 theo    9547.374       3.725992    
 theo    9547.504       3.725621    
 theo    9547.634       3.725248    
 theo    9547.764       3.724880    
 theo    9547.894       3.724512    
 theo    9548.023       3.724142    
 theo    9548.153       3.723774    
 theo    9548.283       3.723410    
 theo    9548.413       3.723044    
 theo    9548.543       3.722681    
 theo    9548.673       3.722316    
 theo    9548.803       3.721953    
 theo    9548.933       3.721591    
 theo    9549.062       3.721231    
 theo    9549.192       3.720868    
 theo    9549.322       3.720509    
 theo    9549.452       3.720149    
 theo    9549.582       3.719792    
 theo    9549.712       3.719435    
 theo    9549.842       3.719077    
 theo    9549.972       3.718721    
 theo    9550.102       3.718368    
 theo    9550.231       3.718011    
 theo    9550.361       3.717658    
 theo    9550.491       3.717306    
 theo    9550.621       3.716954    
 theo    9550.751       3.716601    
 theo    9550.881       3.716252    
 theo    9551.011       3.715901    
 theo    9551.141       3.715551    
 theo    9551.271       3.715202    
 theo    9551.400       3.714854    
 theo    9551.530       3.714507    
 theo    9551.660       3.714159    
 theo    9551.790       3.713812    
 theo    9551.920       3.713466    
 theo    9552.050       3.713121    
 theo    9552.180       3.712777    
 theo    9552.310       3.712432    
 theo    9552.439       3.712089    
 theo    9552.569       3.711743    
 theo    9552.699       3.711403    
 theo    9552.829       3.711060    
 theo    9552.959       3.710718    
 theo    9553.089       3.710377    
 theo    9553.219       3.710037    
 theo    9553.349       3.709697    
 theo    9553.479       3.709357    
 theo    9553.608       3.709020    
 theo    9553.738       3.708680    
 theo    9553.868       3.708342    
 theo    9553.998       3.708005    
 theo    9554.128       3.707670    
 theo    9554.258       3.707336    
 theo    9554.388       3.707000    
 theo    9554.518       3.706666    
 theo    9554.647       3.706334    
 theo    9554.777       3.706000    
 theo    9554.907       3.705669    
 theo    9555.037       3.705339    
 theo    9555.167       3.705009    
 theo    9555.297       3.704679    
 theo    9555.427       3.704353    
 theo    9555.557       3.704026    
 theo    9555.687       3.703699    
 theo    9555.816       3.703374    
 theo    9555.946       3.703049    
 theo    9556.076       3.702726    
 theo    9556.206       3.702405    
 theo    9556.336       3.702084    
 theo    9556.466       3.701762    
 theo    9556.596       3.701443    
 theo    9556.726       3.701124    
 theo    9556.855       3.700809    
 theo    9556.985       3.700493    
 theo    9557.115       3.700176    
 theo    9557.245       3.699861    
 theo    9557.375       3.699550    
 theo    9557.505       3.699238    
 theo    9557.635       3.698924    
 theo    9557.765       3.698613    
 theo    9557.895       3.698304    
 theo    9558.024       3.697994    
 theo    9558.154       3.697688    
 theo    9558.284       3.697379    
 theo    9558.414       3.697073    
 theo    9558.544       3.696767    
 theo    9558.674       3.696463    
 theo    9558.804       3.696156    
 theo    9558.934       3.695852    
 theo    9559.063       3.695549    
 theo    9559.193       3.695246    
 theo    9559.323       3.694943    
 theo    9559.453       3.694642    
 theo    9559.583       3.694341    
 theo    9559.713       3.694040    
 theo    9559.843       3.693740    
 theo    9559.973       3.693437    
 theo    9560.103       3.693140    
 theo    9560.232       3.692841    
 theo    9560.362       3.692541    
 theo    9560.492       3.692243    
 theo    9560.622       3.691945    
 theo    9560.752       3.691647    
 theo    9560.882       3.691349    
 theo    9561.012       3.691053    
 theo    9561.142       3.690753    
 theo    9561.271       3.690458    
 theo    9561.401       3.690161    
 theo    9561.531       3.689869    
 theo    9561.661       3.689573    
 theo    9561.791       3.689278    
 theo    9561.921       3.688983    
 theo    9562.051       3.688690    
 theo    9562.181       3.688396    
 theo    9562.311       3.688102    
 theo    9562.440       3.687810    
 theo    9562.570       3.687518    
 theo    9562.700       3.687227    
 theo    9562.830       3.686938    
 theo    9562.960       3.686648    
 theo    9563.090       3.686358    
 theo    9563.220       3.686070    
 theo    9563.350       3.685783    
 theo    9563.479       3.685496    
 theo    9563.609       3.685207    
 theo    9563.739       3.684922    
 theo    9563.869       3.684638    
 theo    9563.999       3.684351    
 **********
 **    1 **MINIMIZE 
 **********

 FIRST CALL TO USER FUNCTION AT NEW START POINT, WITH IFLAG=4.
 START MIGRAD MINIMIZATION.  STRATEGY 1.  CONVERGENCE WHEN EDM .LT. 0.10E-03

 FCN=   1313.803     FROM MIGRAD    STATUS=INITIATE      14 CALLS       15 TOTAL
                     EDM= unknown      STRATEGY= 1      NO ERROR MATRIX       

  EXT PARAMETER               CURRENT GUESS       STEP         FIRST   
  NO.   NAME        VALUE          ERROR          SIZE      DERIVATIVE 
   1     area       258.87        1.0000        1.0000        66.021    
   2     mass       9.4603       0.20000E-04   0.20000E-04  -0.14255E+07
   3     wide       3.7753       0.20000E-01   0.20000E-01    5968.0    
   4     back       3.6179       0.10000E-01   0.10000E-01   -1626.1    
 MIGRAD FAILS TO FIND IMPROVEMENT
 MINUIT WARNING IN HESSE   
 ============== Negative diagonal element  2 in Error Matrix
 MINUIT WARNING IN HESSE   
 ==============     0.57E+13 added to diagonal of error matrix
 EIGENVALUES OF SECOND-DERIVATIVE MATRIX:
        -0.2254E+03  0.1000E+01  0.1000E+01  0.2274E+03
 MINUIT WARNING IN HESSE   
 ============== MATRIX FORCED POS-DEF BY ADDING   225.64     TO DIAGONAL.

 FCN=   1428.252     FROM HESSE     STATUS=NOT POSDEF    37 CALLS       56 TOTAL
                     EDM=  0.21E+16    STRATEGY= 1      ERR MATRIX NOT POS-DEF

  EXT PARAMETER                APPROXIMATE        STEP         FIRST   
  NO.   NAME        VALUE          ERROR          SIZE      DERIVATIVE 
   1     area       258.87       0.41770E-07   0.88302E-01   -168.71    
   2     mass       9.4603        2.0975       0.45110E-05   0.43264E+08
   3     wide       3.7753       0.84518E-06   0.17030E-02    5982.2    
   4     back       3.6179       0.23795E-06   0.17705E-02   -1637.6    
 MIGRAD FAILS TO FIND IMPROVEMENT
 MIGRAD TERMINATED WITHOUT CONVERGENCE.

 FCN=   1428.252     FROM MIGRAD    STATUS=FAILED        66 CALLS       67 TOTAL
                     EDM=  0.21E+16    STRATEGY= 1      ERR MATRIX NOT POS-DEF

  EXT PARAMETER                APPROXIMATE        STEP         FIRST   
  NO.   NAME        VALUE          ERROR          SIZE      DERIVATIVE 
   1     area       258.87       0.41770E-07   0.00000E+00   -168.71    
   2     mass       9.4603        2.0975       0.00000E+00   0.43264E+08
   3     wide       3.7753       0.84518E-06   0.00000E+00    5982.2    
   4     back       3.6179       0.23795E-06   0.00000E+00   -1637.6    

 EXTERNAL ERROR MATRIX.    NDIM=  50    NPAR=  4    ERR DEF=  1.00    
  0.174E-14-0.297E-07-0.120E-13 0.333E-14
 -0.297E-07 0.440E+01 0.177E-05-0.492E-06
 -0.120E-13 0.177E-05 0.714E-12-0.198E-12
  0.333E-14-0.492E-06-0.198E-12 0.566E-13
 ERR MATRIX NOT POS-DEF

 PARAMETER  CORRELATION COEFFICIENTS
       NO.  GLOBAL     1     2     3     4
        1  0.33946  1.000-0.339-0.339 0.335
        2  0.99900 -0.339 1.000 0.999-0.986
        3  0.99892 -0.339 0.999 1.000-0.985
        4  0.98627  0.335-0.986-0.985 1.000
 ERR MATRIX NOT POS-DEF
 START SIMPLEX MINIMIZATION.    CONVERGENCE WHEN EDM .LT.  0.10E+00

 FCN=   1427.307     FROM SIMPLEX   STATUS=PROGRESS      15 CALLS       82 TOTAL
                     EDM=  0.30E+07    STRATEGY= 1      ERR MATRIX NOT POS-DEF

  EXT PARAMETER                APPROXIMATE        STEP         FIRST   
  NO.   NAME        VALUE          ERROR          SIZE      DERIVATIVE 
   1     area       258.87       0.41770E-07   0.56164E-02   -168.71    
   2     mass       9.4603        2.0975       0.33560       0.43264E+08
   3     wide       3.7753       0.84518E-06   0.13523E-06    5982.2    
   4     back       3.6179       0.23795E-06   0.38072E-07   -1637.6    

 FCN=   1268.249     FROM SIMPLEX   STATUS=PROGRESS      46 CALLS      113 TOTAL
                     EDM=  0.31E+07    STRATEGY= 1      ERR MATRIX NOT POS-DEF

  EXT PARAMETER                APPROXIMATE        STEP         FIRST   
  NO.   NAME        VALUE          ERROR          SIZE      DERIVATIVE 
   1     area       260.92       0.41770E-07    2.0444       -168.71    
   2     mass       9.4603        2.0975       0.96912E-02   0.43264E+08
   3     wide       3.7753       0.84518E-06   0.21637E-07    5982.2    
   4     back       3.6179       0.23795E-06   0.30458E-08   -1637.6    

 FCN=   1263.004     FROM SIMPLEX   STATUS=PROGRESS      92 CALLS      159 TOTAL
                     EDM=  0.75E+01    STRATEGY= 1      ERR MATRIX NOT POS-DEF

  EXT PARAMETER                APPROXIMATE        STEP         FIRST   
  NO.   NAME        VALUE          ERROR          SIZE      DERIVATIVE 
   1     area       261.04       0.41770E-07   0.12478       -168.71    
   2     mass       9.4603        2.0975       0.29222E-04   0.43264E+08
   3     wide       3.7753       0.84518E-06   0.74508E-08    5982.2    
   4     back       3.6179       0.23795E-06   0.21439E-08   -1637.6    

 FCN=   1262.942     FROM SIMPLEX   STATUS=PROGRESS     107 CALLS      174 TOTAL
                     EDM=  0.19E+02    STRATEGY= 1      ERR MATRIX NOT POS-DEF

  EXT PARAMETER                APPROXIMATE        STEP         FIRST   
  NO.   NAME        VALUE          ERROR          SIZE      DERIVATIVE 
   1     area       261.06       0.41770E-07   0.19964E-01   -168.71    
   2     mass       9.4603        2.0975       0.46756E-05   0.43264E+08
   3     wide       3.7753       0.84518E-06   0.11921E-08    5982.2    
   4     back       3.6179       0.23795E-06   0.34302E-09   -1637.6    

 FCN=   1262.915     FROM SIMPLEX   STATUS=PROGRESS     125 CALLS      192 TOTAL
                     EDM=  0.24E+02    STRATEGY= 1      ERR MATRIX NOT POS-DEF

  EXT PARAMETER                APPROXIMATE        STEP         FIRST   
  NO.   NAME        VALUE          ERROR          SIZE      DERIVATIVE 
   1     area       261.08       0.41770E-07   0.19964E-01   -168.71    
   2     mass       9.4603        2.0975       0.46756E-06   0.43264E+08
   3     wide       3.7753       0.84518E-06   0.19074E-09    5982.2    
   4     back       3.6179       0.23795E-06   0.32158E-10   -1637.6    
 SIMPLEX MINIMIZATION HAS CONVERGED.

 FCN=   1262.915     FROM SIMPLEX   STATUS=PROGRESS     131 CALLS      198 TOTAL
                     EDM=  0.20E-01    STRATEGY= 1      ERR MATRIX NOT POS-DEF

  EXT PARAMETER                APPROXIMATE        STEP         FIRST   
  NO.   NAME        VALUE          ERROR          SIZE      DERIVATIVE 
   1     area       261.08       0.41770E-07   0.16845E-01   -168.71    
   2     mass       9.4603        2.0975       0.32145E-06   0.43264E+08
   3     wide       3.7753       0.84518E-06   0.21458E-09    5982.2    
   4     back       3.6179       0.23795E-06   0.25124E-10   -1637.6    
 START MIGRAD MINIMIZATION.  STRATEGY 1.  CONVERGENCE WHEN EDM .LT. 0.10E-03

 FCN=   1262.915     FROM MIGRAD    STATUS=INITIATE      14 CALLS      212 TOTAL
                     EDM=  0.49E+13    STRATEGY= 1      ERR MATRIX NOT POS-DEF

  EXT PARAMETER                APPROXIMATE        STEP         FIRST   
  NO.   NAME        VALUE          ERROR          SIZE      DERIVATIVE 
   1     area       261.08       0.41770E-07   0.16845E-01  -0.48018    
   2     mass       9.4603        2.0975       0.32145E-06   0.21021E+07
   3     wide       3.7753       0.84518E-06   0.21458E-09   -4168.0    
   4     back       3.6179       0.23795E-06   0.25124E-10    1190.2    
 MIGRAD FAILS TO FIND IMPROVEMENT
 MINUIT WARNING IN HESSE   
 ============== Negative diagonal element  3 in Error Matrix
 MINUIT WARNING IN HESSE   
 ==============     0.25E+08 added to diagonal of error matrix
 EIGENVALUES OF SECOND-DERIVATIVE MATRIX:
        -0.6053E+03  0.9988E+00  0.1000E+01  0.6073E+03
 MINUIT WARNING IN HESSE   
 ============== MATRIX FORCED POS-DEF BY ADDING   605.95     TO DIAGONAL.

 FCN=   1262.915     FROM HESSE     STATUS=NOT POSDEF    29 CALLS      252 TOTAL
                     EDM=  0.62E+07    STRATEGY= 1      ERR MATRIX NOT POS-DEF

  EXT PARAMETER                APPROXIMATE        STEP         FIRST   
  NO.   NAME        VALUE          ERROR          SIZE      DERIVATIVE 
   1     area       261.08       0.11403E-04   0.87773E-02  -0.59054    
   2     mass       9.4603       0.12627E-05   0.45110E-05   0.27018E+08
   3     wide       3.7753        1.2835       0.11354E-04   -3897.9    
   4     back       3.6179       0.12118E-04   0.13482E-03    1194.3    
 MIGRAD FAILS TO FIND IMPROVEMENT
 MIGRAD TERMINATED WITHOUT CONVERGENCE.

 FCN=   1238.512     FROM MIGRAD    STATUS=FAILED       100 CALLS      298 TOTAL
                     EDM=  0.43E+03    STRATEGY= 1      ERR MATRIX NOT POS-DEF

  EXT PARAMETER                APPROXIMATE        STEP         FIRST   
  NO.   NAME        VALUE          ERROR          SIZE      DERIVATIVE 
   1     area       261.08       0.11401E-04   0.00000E+00   -61.958    
   2     mass       9.4603       0.56211E-07   0.00000E+00  -0.93779E+06
   3     wide       3.7873       0.12334E-02   0.00000E+00    49.794    
   4     back       3.6179       0.11375E-04   0.00000E+00    308.47    

 EXTERNAL ERROR MATRIX.    NDIM=  50    NPAR=  4    ERR DEF=  1.00    
  0.130E-09-0.770E-17-0.108E-10-0.531E-15
 -0.770E-17 0.316E-14 0.117E-11-0.134E-16
 -0.108E-10 0.117E-11 0.152E-05 0.898E-10
 -0.531E-15-0.134E-16 0.898E-10 0.129E-09
 ERR MATRIX NOT POS-DEF

 PARAMETER  CORRELATION COEFFICIENTS
       NO.  GLOBAL     1     2     3     4
        1  0.00077  1.000 0.000-0.001 0.000
        2  0.01682  0.000 1.000 0.017 0.000
        3  0.01801 -0.001 0.017 1.000 0.006
        4  0.00640  0.000 0.000 0.006 1.000
 ERR MATRIX NOT POS-DEF
 call to MINIMIZE failed
 **********
 **    2 **MINOS 
 **********

 FUNCTION MUST BE MINIMIZED BEFORE CALLING MINOs   
 START MIGRAD MINIMIZATION.  STRATEGY 1.  CONVERGENCE WHEN EDM .LT. 0.10E-03

 FCN=   1238.512     FROM MIGRAD    STATUS=INITIATE       8 CALLS      306 TOTAL
                     EDM=  0.85E+02    STRATEGY= 1      ERR MATRIX NOT POS-DEF

  EXT PARAMETER                APPROXIMATE        STEP         FIRST   
  NO.   NAME        VALUE          ERROR          SIZE      DERIVATIVE 
   1     area       261.08       0.11401E-04   0.00000E+00   -61.906    
   2     mass       9.4603       0.56211E-07   0.00000E+00  -0.93779E+06
   3     wide       3.7873       0.12334E-02   0.00000E+00    53.128    
   4     back       3.6179       0.11375E-04   0.00000E+00    317.36    
 MIGRAD FAILS TO FIND IMPROVEMENT
 MINUIT WARNING IN HESSE   
 ============== Negative diagonal element  2 in Error Matrix
 MINUIT WARNING IN HESSE   
 ==============     0.12E+13 added to diagonal of error matrix
 EIGENVALUES OF SECOND-DERIVATIVE MATRIX:
        -0.7565E+03  0.1000E+01  0.1000E+01  0.7585E+03
 MINUIT WARNING IN HESSE   
 ============== MATRIX FORCED POS-DEF BY ADDING   757.25     TO DIAGONAL.

 FCN=   1238.512     FROM HESSE     STATUS=NOT POSDEF    27 CALLS      337 TOTAL
                     EDM=  0.11E+15    STRATEGY= 1      ERR MATRIX NOT POS-DEF

  EXT PARAMETER                APPROXIMATE        STEP         FIRST   
  NO.   NAME        VALUE          ERROR          SIZE      DERIVATIVE 
   1     area       261.08       0.49942E-07   0.31393E-02   -61.493    
   2     mass       9.4603        1.1485       0.45110E-05  -0.18647E+08
   3     wide       3.7873       0.10421E-05   0.18059E-05    1300.9    
   4     back       3.6179       0.24268E-06   0.63846E-04    310.26    
 MIGRAD FAILS TO FIND IMPROVEMENT
 MIGRAD TERMINATED WITHOUT CONVERGENCE.

 FCN=   1238.512     FROM MIGRAD    STATUS=FAILED        50 CALLS      348 TOTAL
                     EDM=  0.11E+15    STRATEGY= 1      ERR MATRIX NOT POS-DEF

  EXT PARAMETER                APPROXIMATE        STEP         FIRST   
  NO.   NAME        VALUE          ERROR          SIZE      DERIVATIVE 
   1     area       261.08       0.49942E-07   0.00000E+00   -61.493    
   2     mass       9.4603        1.1485       0.00000E+00  -0.18647E+08
   3     wide       3.7873       0.10421E-05   0.00000E+00    1300.9    
   4     back       3.6179       0.24268E-06   0.00000E+00    310.26    

 EXTERNAL ERROR MATRIX.    NDIM=  50    NPAR=  4    ERR DEF=  1.00    
  0.249E-14-0.165E-07-0.150E-13 0.343E-14
 -0.165E-07 0.132E+01 0.120E-05-0.273E-06
 -0.150E-13 0.120E-05 0.109E-11-0.248E-12
  0.343E-14-0.273E-06-0.248E-12 0.589E-13
 ERR MATRIX NOT POS-DEF

 PARAMETER  CORRELATION COEFFICIENTS
       NO.  GLOBAL     1     2     3     4
        1  0.28852  1.000-0.289-0.288 0.283
        2  0.99900 -0.289 1.000 0.999-0.980
        3  0.99895 -0.288 0.999 1.000-0.979
        4  0.98039  0.283-0.980-0.979 1.000
 ERR MATRIX NOT POS-DEF
 MINUIT WARNING IN HESSE   
 ============== Negative diagonal element  2 in Error Matrix
 MINUIT WARNING IN HESSE   
 ==============     0.12E+13 added to diagonal of error matrix
 EIGENVALUES OF SECOND-DERIVATIVE MATRIX:
        -0.6370E+03  0.1000E+01  0.1000E+01  0.6390E+03
 MINUIT WARNING IN HESSE   
 ============== MATRIX FORCED POS-DEF BY ADDING   637.67     TO DIAGONAL.
 MIGRAD FAILS WITH STRATEGY=0.   WILL TRY WITH STRATEGY=1.
 MINUIT WARNING IN HESSE
 ============== Second derivative enters zero, param    3
 MINUIT WARNING IN HESSE
 ============== Second derivative zero for parameter   3
  MNHESS FAILS AND WILL RETURN DIAGONAL MATRIX. 
 MINUIT WARNING IN MIGRAD  
 ============== Negative diagonal element  1 in Error Matrix
 MINUIT WARNING IN MIGRAD  
 ============== Negative diagonal element  3 in Error Matrix
 MINUIT WARNING IN MIGRAD  
 ==============     0.10E+01 added to diagonal of error matrix
 MINUIT WARNING IN MIGRAD  
 ============== Negative diagonal element  1 in Error Matrix
 MINUIT WARNING IN MIGRAD  
 ============== Negative diagonal element  2 in Error Matrix
 MINUIT WARNING IN MIGRAD  
 ============== Negative diagonal element  3 in Error Matrix
 MINUIT WARNING IN MIGRAD  
 ==============     0.10E+01 added to diagonal of error matrix
