 >> Wed Apr 23 20:09:02 2003 Run:  121544 Event:    4571 Stop: event << 
        Disagreement!!!
        I think it should have failed and the official code thinks it should have passed
        passL3 1 passHadronLooseL3 0 passL4 1 passEventSelection 0
        keepLevel3Garbage 0 level3AutoAccept 1 level4Keep 0 eventType->hadron() 1
        significantShowersL3 (>= 8) 5 totalCCEnergyL3 (0.3 - 1.8 eBeam) 3.31099 biggestShowerL3 (< 0.8 eBeam) 2.37126 zPosCCEnergyL3 (> 0.1 eBeam) 0.0458001 zNegCCEnergyL3 (> 0.1 eBeam) 3.26519 eBeam 5.17956
        goodTracksL4 (>= 2) 5
        goodTracksET (> 2 or 4) 4 chargedEnergyET 1.19552 neutralEnergyET (sums to 0.2*2*eBeam) 0.104512 totalCCEnergyET ((> 0.15 or < 0.75)*2*eBeam) 3.18023 biggestShowerET (< 0.75*eBeam)2.37126
        nbChargedTracks 4 chargedEnergy 3.56678 neutralEnergy 0.104512 ccTotalEnergy 3.18023 firstLargestEShower 2.37126

 >> Wed Apr 23 20:50:31 2003 Run:  121640 Event:     741 Stop: event << 
        Disagreement!!!
        I think it should have failed and the official code thinks it should have passed
        passL3 1 passHadronLooseL3 0 passL4 1 passEventSelection 0
        keepLevel3Garbage 0 level3AutoAccept 1 level4Keep 0 eventType->hadron() 1
        significantShowersL3 (>= 8) 4 totalCCEnergyL3 (0.3 - 1.8 eBeam) 3.64569 biggestShowerL3 (< 0.8 eBeam) 1.97358 zPosCCEnergyL3 (> 0.1 eBeam) 3.61599 zNegCCEnergyL3 (> 0.1 eBeam) 0.0296969 eBeam 5.17963
        goodTracksL4 (>= 2) 8
        goodTracksET (> 2 or 4) 5 chargedEnergyET 1.80665 neutralEnergyET (sums to 0.2*2*eBeam) 0.135522 totalCCEnergyET ((> 0.15 or < 0.75)*2*eBeam) 3.43921 biggestShowerET (< 0.75*eBeam)1.97358
        nbChargedTracks 5 chargedEnergy 3.78023 neutralEnergy 0.135522 ccTotalEnergy 3.43921 firstLargestEShower 1.97358

 >> Wed Apr 23 21:24:19 2003 Run:  121716 Event:    4673 Stop: event << 
        Disagreement!!!
        I think it should have failed and the official code thinks it should have passed
        passL3 1 passHadronLooseL3 0 passL4 0 passEventSelection 1
        keepLevel3Garbage 0 level3AutoAccept 1 level4Keep 0 eventType->hadron() 1
        significantShowersL3 (>= 8) 9 totalCCEnergyL3 (0.3 - 1.8 eBeam) 7.79065 biggestShowerL3 (< 0.8 eBeam) 4.39022 zPosCCEnergyL3 (> 0.1 eBeam) 5.79435 zNegCCEnergyL3 (> 0.1 eBeam) 2.48218 eBeam 5.17946
        goodTracksL4 (>= 2) 1
        goodTracksET (> 2 or 4) 3 chargedEnergyET 2.41902 neutralEnergyET (sums to 0.2*2*eBeam) 7.19474 totalCCEnergyET ((> 0.15 or < 0.75)*2*eBeam) 7.6384 biggestShowerET (< 0.75*eBeam)4.39022
        nbChargedTracks 3 chargedEnergy 2.41902 neutralEnergy 7.19474 ccTotalEnergy 7.6384 firstLargestEShower 4.39022

 >> Wed Apr 23 21:35:38 2003 Run:  121727 Event:    3670 Stop: event << 
        Disagreement!!!
        I think it should have passed and the official code thinks it should have failed
        passL3 1 passHadronLooseL3 1 passL4 0 passEventSelection 1
        keepLevel3Garbage 0 level3AutoAccept 0 level4Keep 0 eventType->hadron() 1
        significantShowersL3 (>= 8) 8 totalCCEnergyL3 (0.3 - 1.8 eBeam) 3.52607 biggestShowerL3 (< 0.8 eBeam) 1.41025 zPosCCEnergyL3 (> 0.1 eBeam) 1.06712 zNegCCEnergyL3 (> 0.1 eBeam) 2.45895 eBeam 5.17954
        goodTracksL4 (>= 2) 1
        goodTracksET (> 2 or 4) 3 chargedEnergyET 1.88846 neutralEnergyET (sums to 0.2*2*eBeam) 1.72814 totalCCEnergyET ((> 0.15 or < 0.75)*2*eBeam) 3.25912 biggestShowerET (< 0.75*eBeam)1.41025
        nbChargedTracks 3 chargedEnergy 1.95336 neutralEnergy 1.72814 ccTotalEnergy 3.25912 firstLargestEShower 1.41025

 >> Wed Apr 23 22:30:39 2003 Run:  121819 Event:     136 Stop: event << 
        Disagreement!!!
        I think it should have failed and the official code thinks it should have passed
        passL3 1 passHadronLooseL3 0 passL4 1 passEventSelection 0
        keepLevel3Garbage 0 level3AutoAccept 0 level4Keep 1 eventType->hadron() 1
        significantShowersL3 (>= 8) 5 totalCCEnergyL3 (0.3 - 1.8 eBeam) 2.05372 biggestShowerL3 (< 0.8 eBeam) 0.823652 zPosCCEnergyL3 (> 0.1 eBeam) 1.33589 zNegCCEnergyL3 (> 0.1 eBeam) 1.81862 eBeam 5.17966
        goodTracksL4 (>= 2) 4
        goodTracksET (> 2 or 4) 4 chargedEnergyET 1.85399 neutralEnergyET (sums to 0.2*2*eBeam) 0.113198 totalCCEnergyET ((> 0.15 or < 0.75)*2*eBeam) 1.93229 biggestShowerET (< 0.75*eBeam)0.823652
        nbChargedTracks 4 chargedEnergy 2.67764 neutralEnergy 0.113198 ccTotalEnergy 1.93229 firstLargestEShower 0.823652

 >> Wed Apr 23 23:30:50 2003 Run:  121950 Event:    1331 Stop: event << 
        Disagreement!!!
        I think it should have failed and the official code thinks it should have passed
        passL3 1 passHadronLooseL3 0 passL4 1 passEventSelection 0
        keepLevel3Garbage 0 level3AutoAccept 0 level4Keep 1 eventType->hadron() 1
        significantShowersL3 (>= 8) 2 totalCCEnergyL3 (0.3 - 1.8 eBeam) 3.02952 biggestShowerL3 (< 0.8 eBeam) 1.57983 zPosCCEnergyL3 (> 0.1 eBeam) 2.84695 zNegCCEnergyL3 (> 0.1 eBeam) 0.182566 eBeam 5.17918
        goodTracksL4 (>= 2) 5
        goodTracksET (> 2 or 4) 3 chargedEnergyET 2.06089 neutralEnergyET (sums to 0.2*2*eBeam) 0 totalCCEnergyET ((> 0.15 or < 0.75)*2*eBeam) 2.77435 biggestShowerET (< 0.75*eBeam)1.57983
        nbChargedTracks 3 chargedEnergy 3.25541 neutralEnergy 0 ccTotalEnergy 2.77435 firstLargestEShower 1.57983

 >> Thu Apr 24 00:12:01 2003 Run:  121996 Event:    7801 Stop: event << 
        Disagreement!!!
        I think it should have failed and the official code thinks it should have passed
        passL3 1 passHadronLooseL3 0 passL4 1 passEventSelection 0
        keepLevel3Garbage 0 level3AutoAccept 0 level4Keep 1 eventType->hadron() 1
        significantShowersL3 (>= 8) 6 totalCCEnergyL3 (0.3 - 1.8 eBeam) 2.76713 biggestShowerL3 (< 0.8 eBeam) 1.03679 zPosCCEnergyL3 (> 0.1 eBeam) 1.83059 zNegCCEnergyL3 (> 0.1 eBeam) 0.936543 eBeam 5.17928
        goodTracksL4 (>= 2) 3
        goodTracksET (> 2 or 4) 3 chargedEnergyET 1.70838 neutralEnergyET (sums to 0.2*2*eBeam) 0.300071 totalCCEnergyET ((> 0.15 or < 0.75)*2*eBeam) 2.57193 biggestShowerET (< 0.75*eBeam)1.03679
        nbChargedTracks 3 chargedEnergy 2.74516 neutralEnergy 0.300071 ccTotalEnergy 2.57193 firstLargestEShower 1.03679

 >> Thu Apr 24 00:47:34 2003 Run:  122118 Event:    1436 Stop: event << 
        Disagreement!!!
        I think it should have failed and the official code thinks it should have passed
        passL3 1 passHadronLooseL3 0 passL4 0 passEventSelection 1
        keepLevel3Garbage 0 level3AutoAccept 1 level4Keep 0 eventType->hadron() 1
        significantShowersL3 (>= 8) 8 totalCCEnergyL3 (0.3 - 1.8 eBeam) 7.10412 biggestShowerL3 (< 0.8 eBeam) 4.69037 zPosCCEnergyL3 (> 0.1 eBeam) 1.42908 zNegCCEnergyL3 (> 0.1 eBeam) 6.37217 eBeam 5.17947
        goodTracksL4 (>= 2) 1
        goodTracksET (> 2 or 4) 3 chargedEnergyET 2.48013 neutralEnergyET (sums to 0.2*2*eBeam) 5.01576 totalCCEnergyET ((> 0.15 or < 0.75)*2*eBeam) 6.91785 biggestShowerET (< 0.75*eBeam)4.69037
        nbChargedTracks 3 chargedEnergy 2.48013 neutralEnergy 5.01576 ccTotalEnergy 6.91785 firstLargestEShower 4.69037

 >> Thu Apr 24 01:18:06 2003 Run:  122148 Event:     950 Stop: event << 
        Disagreement!!!
        I think it should have failed and the official code thinks it should have passed
        passL3 1 passHadronLooseL3 0 passL4 1 passEventSelection 0
        keepLevel3Garbage 0 level3AutoAccept 0 level4Keep 1 eventType->hadron() 1
        significantShowersL3 (>= 8) 3 totalCCEnergyL3 (0.3 - 1.8 eBeam) 3.73982 biggestShowerL3 (< 0.8 eBeam) 2.89482 zPosCCEnergyL3 (> 0.1 eBeam) 3.43473 zNegCCEnergyL3 (> 0.1 eBeam) 0.305099 eBeam 5.1795
        goodTracksL4 (>= 2) 3
        goodTracksET (> 2 or 4) 3 chargedEnergyET 1.90133 neutralEnergyET (sums to 0.2*2*eBeam) 0.14501 totalCCEnergyET ((> 0.15 or < 0.75)*2*eBeam) 3.64214 biggestShowerET (< 0.75*eBeam)2.89482
        nbChargedTracks 3 chargedEnergy 4.79616 neutralEnergy 0.14501 ccTotalEnergy 3.64214 firstLargestEShower 2.89482

        I pass 1610920 / 1723667 (93.4589%), the official code passes 1610927 (93.4593%).  There have been 9 disagreements.

 ***** Summary Info *****
 Stream event : 1723690
   Processed 1723690 stops.

 >> Wed Apr 23 19:38:20 2003 Run:  112260 Event:     989 Stop: event << 
        Disagreement!!!
        I think it should have passed and the official code thinks it should have failed
        passL3 1 passHadronLooseL3 1 passL4 0 passEventSelection 1
        keepLevel3Garbage 0 level3AutoAccept 0 level4Keep 0 eventType->hadron() 1
        significantShowersL3 (>= 8) 8 totalCCEnergyL3 (0.3 - 1.8 eBeam) 3.45513 biggestShowerL3 (< 0.8 eBeam) 1.09067 zPosCCEnergyL3 (> 0.1 eBeam) 0.819097 zNegCCEnergyL3 (> 0.1 eBeam) 2.66804 eBeam 5.2916
        goodTracksL4 (>= 2) 1
        goodTracksET (> 2 or 4) 3 chargedEnergyET 2.41906 neutralEnergyET (sums to 0.2*2*eBeam) 2.30948 totalCCEnergyET ((> 0.15 or < 0.75)*2*eBeam) 3.03044 biggestShowerET (< 0.75*eBeam)1.09067
        nbChargedTracks 3 chargedEnergy 2.41906 neutralEnergy 2.30948 ccTotalEnergy 3.03044 firstLargestEShower 1.09067

 >> Wed Apr 23 19:56:03 2003 Run:  112439 Event:     198 Stop: event << 
        Disagreement!!!
        I think it should have failed and the official code thinks it should have passed
        passL3 1 passHadronLooseL3 0 passL4 1 passEventSelection 0
        keepLevel3Garbage 0 level3AutoAccept 0 level4Keep 1 eventType->hadron() 1
        significantShowersL3 (>= 8) 4 totalCCEnergyL3 (0.3 - 1.8 eBeam) 1.86256 biggestShowerL3 (< 0.8 eBeam) 0.593282 zPosCCEnergyL3 (> 0.1 eBeam) 0.877301 zNegCCEnergyL3 (> 0.1 eBeam) 1.09046 eBeam 5.292
        goodTracksL4 (>= 2) 3
        goodTracksET (> 2 or 4) 3 chargedEnergyET 0.844422 neutralEnergyET (sums to 0.2*2*eBeam) 1.24589 totalCCEnergyET ((> 0.15 or < 0.75)*2*eBeam) 1.60928 biggestShowerET (< 0.75*eBeam)0.593282
        nbChargedTracks 3 chargedEnergy 0.937927 neutralEnergy 1.24589 ccTotalEnergy 1.60928 firstLargestEShower 0.593282

        I pass 121219 / 127600 (94.9992%), the official code passes 121219 (94.9992%).  There have been 2 disagreements.

 ***** Summary Info *****
 Stream event : 127600
   Processed 127600 stops.
