           1   9432.27929687500        3.46000003814697     
  6.399999838322401E-003
           2   9432.51953125000        3.50000000000000     
  3.599999938160181E-003
           3   9431.20019531250        3.52999997138977     
  2.500000176951289E-003
           4   9432.84082031250        3.50999999046326     
  2.500000176951289E-003
           5   9432.10058593750        3.75000000000000     
  3.599999938160181E-003
           6   9432.74023437500        3.58999991416931     
  3.599999938160181E-003
           7   9432.80078125000        3.58999991416931     
  3.599999938160181E-003
           8   9456.72070312500        13.2700004577637     
  1.960000023245811E-002
           9   9475.87988281250        4.65000009536743     
  4.900000058114529E-003
          10   9451.66015625000        4.61999988555908     
  4.900000058114529E-003
          11   9471.75976562500        5.57999992370605     
  8.100000210106373E-003
          12   9453.74023437500        6.76000022888184     
  1.000000070780516E-002
          13   9467.94042968750        8.14999961853027     
  1.209999993443489E-002
          14   9463.80078125000        15.7100000381470     
  4.000000283122063E-002
          15   9456.72070312500        13.3199996948242     
  2.559999935328960E-002
          16   9459.62011718750        19.4200000762939     
  2.559999935328960E-002
          17   9433.45996093750        3.57999992370605     
  1.000000070780516E-002
          18   9433.52050781250        3.51999998092651     
  1.599999959580600E-003
          19   9432.39941406250        3.61999988555908     
  4.900000058114529E-003
          20   9433.56054687500        3.61999988555908     
  5.759999901056290E-002
          21   9433.62011718750        3.50999999046326     
  2.500000176951289E-003
          22   9433.56054687500        3.58999991416931     
  2.500000176951289E-003
          23   9433.56054687500        3.44000005722046     
  4.839999973773956E-002
          24   9433.60058593750        3.54999995231628     
  6.759999692440033E-002
          25   9433.62011718750        3.68000006675720     
  3.599999938160181E-003
          26   9433.63964843750        3.50000000000000     
  2.500000176951289E-003
          27   9433.63964843750        3.56999993324280     
  2.500000176951289E-003
          28   9433.71972656250        3.69000005722046     
  2.500000176951289E-003
          29   9433.60058593750        3.59999990463257     
  2.500000176951289E-003
          30   9433.65917968750        3.53999996185303     
  2.500000176951289E-003
          31   9433.65917968750        3.52999997138977     
  2.500000176951289E-003
          32   9433.69921875000        3.51999998092651     
  2.500000176951289E-003
          33   9433.69921875000        3.65000009536743     
  2.500000176951289E-003
          34   9433.63964843750        3.64000010490417     
  2.500000176951289E-003
          35   9433.71972656250        3.51999998092651     
  2.500000176951289E-003
          36   9459.67968750000        19.5900001525879     
  4.839999973773956E-002
          37   9459.77929687500        19.3199996948242     
  2.559999935328960E-002
          38   9459.75976562500        19.2299995422363     
  2.250000089406967E-002
          39   9459.81933593750        19.3099994659424     
  9.610000252723694E-002
          40   9459.83984375000        19.5799999237061     
  1.960000023245811E-002
          41   9459.79980468750        19.6100006103516     
  2.250000089406967E-002
          42   9459.81933593750        19.7099990844727     
  1.960000023245811E-002
          43   9459.87988281250        19.7099990844727     
  2.250000089406967E-002
          44   9459.79980468750        19.2999992370605     
  1.960000023245811E-002
          45   9459.85937500000        19.3500003814697     
  2.250000089406967E-002
          46   9459.85937500000        19.3700008392334     
  2.250000089406967E-002
          47   9459.85937500000        19.5100002288818     
  2.250000089406967E-002
          48   9459.81933593750        19.3799991607666     
  1.960000023245811E-002
          49   9459.79980468750        19.2199993133545     
  7.290000468492508E-002
          50   9459.85937500000        19.5000000000000     
  5.290000140666962E-002
          51   9459.85937500000        19.6200008392334     
  2.250000089406967E-002
          52   9459.90039062500        19.3299999237061     
  1.960000023245811E-002
          53   9459.81933593750        19.4599990844727     
  2.559999935328960E-002
          54   9460.10058593750        18.3899993896484     
  0.462400019168854     
          55   9460.10058593750        19.7600002288818     
  9.610000252723694E-002
          56   9460.08007812500        19.1599998474121     
  4.409999772906303E-002
          57   9460.16015625000        19.4300003051758     
  1.689999923110008E-002
          58   9460.12011718750        19.5599994659424     
  1.689999923110008E-002
          59   9460.12011718750        19.8199996948242     
  1.960000023245811E-002
          60   9460.14062500000        19.7399997711182     
  3.240000084042549E-002
          61   9460.18066406250        19.6200008392334     
  4.000000283122063E-002
          62   9460.12011718750        19.2800006866455     
  4.839999973773956E-002
          63   9460.16015625000        19.9599990844727     
  3.610000014305115E-002
          64   9460.18066406250        19.8700008392334     
  4.409999772906303E-002
          65   9460.12011718750        19.3299999237061     
  1.689999923110008E-002
          66   9460.18066406250        19.7700004577637     
  1.960000023245811E-002
          67   9460.14062500000        19.3899993896484     
  1.689999923110008E-002
          68   9460.16015625000        19.5300006866455     
  1.689999923110008E-002
          69   9460.22070312500        19.8500003814697     
  1.960000023245811E-002
          70   9460.22070312500        19.5000000000000     
  1.689999923110008E-002
          71   9460.24023437500        19.5599994659424     
  1.689999923110008E-002
          72   9460.22070312500        19.5400009155273     
  1.689999923110008E-002
          73   9460.22070312500        19.3400001525879     
  1.960000023245811E-002
  MINUIT RELEASE 96.03  INITIALIZED.   DIMENSIONS 100/ 50  EPSMAC=  0.89E-15

 PARAMETER DEFINITIONS:
    NO.   NAME         VALUE      STEP SIZE      LIMITS
     1 'area      '    261.08       1.0000         no limits
     2 'mass      '    9.4603      0.20000E-03     no limits
     3 'wide      '    3.7873      0.20000E-01     no limits
     4 'back      '    3.6179      0.10000E-01     no limits
 Writing out experimental points.
 Writing out theoretical curve.
 **********
 **    1 **SET STRATEGY   1.000    
 **********

 NOW USING STRATEGY  1: TRY TO BALANCE SPEED AGAINST RELIABILITY

 **********
 **    2 **MINIMIZE   2000.      0.3000E-01
 **********

 FIRST CALL TO USER FUNCTION AT NEW START POINT, WITH IFLAG=4.
testat       261.0800000000         9.4603000000         3.7873000000         3.6179000000 =       344.0586494582 /         73
 START MIGRAD MINIMIZATION.  STRATEGY 1.  CONVERGENCE WHEN EDM .LT. 0.30E-04
testat       261.0900000000         9.4603000000         3.7873000000         3.6179000000 =       344.7385932795 /         73
testat       261.0700000000         9.4603000000         3.7873000000         3.6179000000 =       343.3799828695 /         73
testat       261.0835891904         9.4603000000         3.7873000000         3.6179000000 =       344.3025472986 /         73
testat       261.0764108096         9.4603000000         3.7873000000         3.6179000000 =       343.8149161546 /         73
testat       261.0800000000         9.4603045110         3.7873000000         3.6179000000 =       202.8250794765 /         73
testat       261.0800000000         9.4602954890         3.7873000000         3.6179000000 =       207.7218938365 /         73
testat       261.0800000000         9.4603000000         3.7875000000         3.6179000000 =       204.8007795975 /         73
testat       261.0800000000         9.4603000000         3.7871000000         3.6179000000 =       205.6756355533 /         73
testat       261.0800000000         9.4603000000         3.7873200000         3.6179000000 =       205.1935769957 /         73
testat       261.0800000000         9.4603000000         3.7872800000         3.6179000000 =       205.2810751939 /         73
testat       261.0800000000         9.4603000000         3.7873000000         3.6180000000 =       205.3573255439 /         73
testat       261.0800000000         9.4603000000         3.7873000000         3.6178000000 =       205.1175171727 /         73
testat       261.0800000000         9.4603000000         3.7873000000         3.6179100000 =       205.2493078254 /         73
testat       261.0800000000         9.4603000000         3.7873000000         3.6178900000 =       205.2253269883 /         73
testat       261.0800000000         9.4603045110         3.7873000000         3.6179000000 =       202.8250794765 /         73
testat       261.0800000000         9.4603225551         3.7873000000         3.6179000000 =       193.9147902885 /         73
testat       261.0800000000         9.4603137138         3.7873000000         3.6179000000 =       198.1315925475 /         73
testat       261.0800000000         9.4603676653         3.7873000000         3.6179000000 =       177.0238546862 /         73
testat       261.0800000000         9.4604436486         3.7873000000         3.6179000000 =       167.4435104123 /         73
testat       261.0800000000         9.4604363957         3.7873000000         3.6179000000 =       167.2675480446 /         73
testat       261.0825063987         9.4604363957         3.7873000000         3.6179000000 =       167.2936335425 /         73
testat       261.0774936013         9.4604363957         3.7873000000         3.6179000000 =       167.2415400465 /         73
testat       261.0800000000         9.4604409068         3.7873000000         3.6179000000 =       167.3487803744 /         73
testat       261.0800000000         9.4604318846         3.7873000000         3.6179000000 =       167.2783637246 /         73
testat       261.0800000000         9.4604363957         3.7873020000         3.6179000000 =       167.2655945205 /         73
testat       261.0800000000         9.4604363957         3.7872980000         3.6179000000 =       167.2695017547 /         73
testat       261.0800000000         9.4604363957         3.7873200000         3.6179000000 =       167.2480211748 /         73
testat       261.0800000000         9.4604363957         3.7872800000         3.6179000000 =       167.2869868419 /         73
testat       261.0800000000         9.4604363957         3.7873000000         3.6179017251 =       167.2688835637 /         73
testat       261.0800000000         9.4604363957         3.7873000000         3.6178982749 =       167.2662125880 /         73
testat       261.0800000000         9.4604363957         3.7873000000         3.6179172515 =       167.2809060483 /         73
testat       261.0800000000         9.4604363957         3.7873000000         3.6178827485 =       167.2541962909 /         73
testat       261.0800000000         9.4604363957         3.7873200000         3.6179000000 =       167.2480211748 /         73
testat       261.0800000000         9.4604363957         3.7874000000         3.6179000000 =       167.1700997072 /         73
testat       261.0800000000         9.4604363957         3.7876000000         3.6179000000 =       166.9765860535 /         73
testat       261.0800000000         9.4604363957         3.7882000000         3.6179000000 =       166.4072210866 /         73
testat       261.0800000000         9.4604363957         3.7900000000         3.6179000000 =       164.7989475389 /         73
testat       261.0800000000         9.4604363957         3.7954000000         3.6179000000 =       160.8739646075 /         73
testat       261.0800000000         9.4604363957         3.8073000000         3.6179000000 =       156.9424505760 /         73
testat       261.0824707809         9.4604363957         3.8073000000         3.6179000000 =       156.9329569429 /         73
testat       261.0775292191         9.4604363957         3.8073000000         3.6179000000 =       156.9520188573 /         73
testat       261.0800000000         9.4604409068         3.8073000000         3.6179000000 =       157.8637381234 /         73
testat       261.0800000000         9.4604318846         3.8073000000         3.6179000000 =       156.1165504354 /         73
testat       261.0800000000         9.4604363957         3.8073184946         3.6179000000 =       156.9413544613 /         73
testat       261.0800000000         9.4604363957         3.8072815054         3.6179000000 =       156.9435621571 /         73
testat       261.0800000000         9.4604363957         3.8073408116         3.6179000000 =       156.9400523931 /         73
testat       261.0800000000         9.4604363957         3.8072591884         3.6179000000 =       156.9449240716 /         73
testat       261.0800000000         9.4604363957         3.8073000000         3.6179598855 =       156.9762647767 /         73
testat       261.0800000000         9.4604363957         3.8073000000         3.6178401145 =       156.9087116881 /         73

 FCN=   156.9425     FROM MIGRAD    STATUS=INITIATE      49 CALLS       50 TOTAL
                     EDM= unknown      STRATEGY= 1      NO ERROR MATRIX       

  EXT PARAMETER               CURRENT GUESS       STEP         FIRST   
  NO.   NAME        VALUE          ERROR          SIZE      DERIVATIVE 
   1     area       261.08        1.0000       0.00000E+00   -3.8575    
   2     mass       9.4604       0.20000E-03   0.00000E+00   0.19365E+06
   3     wide       3.8073       0.20000E-01   0.20000E-01   -59.685    
   4     back       3.6179       0.10000E-01   0.00000E+00    564.02    
testat       261.3954647992         9.4603950815         3.8086199685         3.5910423413 =       141.1165320532 /         73
testat       261.5273662780         9.4603778073         3.8091718710         3.5798126735 =       139.5647303722 /         73
testat       261.5297075267         9.4603778073         3.8091718710         3.5798126735 =       139.5701175070 /         73
testat       261.5250250294         9.4603778073         3.8091718710         3.5798126735 =       139.5594106301 /         73
testat       261.5273662780         9.4603823183         3.8091718710         3.5798126735 =       139.5701377926 /         73
testat       261.5273662780         9.4603732962         3.8091718710         3.5798126735 =       139.6470219126 /         73
testat       261.5273662780         9.4603778073         3.8092103720         3.5798126735 =       139.5488905814 /         73
testat       261.5273662780         9.4603778073         3.8091333699         3.5798126735 =       139.5806385659 /         73
testat       261.5273662780         9.4603778073         3.8091718710         3.5798691685 =       139.5662337847 /         73
testat       261.5273662780         9.4603778073         3.8091718710         3.5797561784 =       139.5632939862 /         73
testat       261.3953866175         9.4603722617         3.8185895146         3.5737698659 =       138.8442099187 /         73
testat       261.4480733173         9.4603744755         3.8148299613         3.5761821739 =       138.2751866536 /         73
testat       261.4503974628         9.4603744755         3.8148299613         3.5761821739 =       138.2683897562 /         73
testat       261.4457491718         9.4603744755         3.8148299613         3.5761821739 =       138.2820498189 /         73
testat       261.4480733173         9.4603789865         3.8148299613         3.5761821739 =       138.5451429328 /         73
testat       261.4480733173         9.4603699644         3.8148299613         3.5761821739 =       138.0946913868 /         73
testat       261.4480733173         9.4603744755         3.8148678978         3.5761821739 =       138.2719568966 /         73
testat       261.4480733173         9.4603744755         3.8147920248         3.5761821739 =       138.2784822611 /         73
testat       261.4480733173         9.4603744755         3.8148299613         3.5762384092 =       138.2686793214 /         73
testat       261.4480733173         9.4603744755         3.8148299613         3.5761259385 =       138.2817603974 /         73
testat       261.5682647325         9.4603654885         3.8191478862         3.5779943116 =       137.1093469840 /         73
testat       261.8292750276         9.4603459721         3.8285247857         3.5819295892 =       136.0900009399 /         73
testat       261.8315833671         9.4603459721         3.8285247857         3.5819295892 =       136.0850451534 /         73
testat       261.8269666882         9.4603459721         3.8285247857         3.5819295892 =       136.0950218883 /         73
testat       261.8292750276         9.4603504832         3.8285247857         3.5819295892 =       135.9613480298 /         73
testat       261.8292750276         9.4603414611         3.8285247857         3.5819295892 =       136.3041656892 /         73
testat       261.8292750276         9.4603459721         3.8285625835         3.5819295892 =       136.0889494474 /         73
testat       261.8292750276         9.4603459721         3.8284869880         3.5819295892 =       136.0911175698 /         73
testat       261.8292750276         9.4603459721         3.8285247857         3.5819853817 =       136.0915748266 /         73
testat       261.8292750276         9.4603459721         3.8285247857         3.5818737968 =       136.0884924228 /         73
testat       262.0636265534         9.4603496348         3.8313639275         3.5815944868 =       135.3750855775 /         73
testat       263.0010326566         9.4603642854         3.8427204944         3.5802540771 =       132.9625186743 /         73
testat       265.3445479146         9.4604009119         3.8711119117         3.5769030528 =       130.0248060337 /         73
testat       265.7305350201         9.4604069444         3.8757881010         3.5763511246 =       129.9689720295 /         73
testat       265.7327948327         9.4604069444         3.8757881010         3.5763511246 =       129.9709020310 /         73
testat       265.7282752076         9.4604069444         3.8757881010         3.5763511246 =       129.9671028183 /         73
testat       265.7305350201         9.4604114555         3.8757881010         3.5763511246 =       130.0300288724 /         73
testat       265.7305350201         9.4604024333         3.8757881010         3.5763511246 =       129.9987765457 /         73
testat       265.7305350201         9.4604069444         3.8758251111         3.5763511246 =       129.9666434541 /         73
testat       265.7305350201         9.4604069444         3.8757510910         3.5763511246 =       129.9713612677 /         73
testat       265.7305350201         9.4604069444         3.8757881010         3.5764056573 =       129.9717924580 /         73
testat       265.7305350201         9.4604069444         3.8757881010         3.5762965919 =       129.9662140518 /         73
testat       265.7947021545         9.4604014100         3.8786088850         3.5739224362 =       129.8229870952 /         73
testat       265.8006185124         9.4604008997         3.8788689678         3.5736985055 =       129.8226308786 /         73
testat       265.8029077023         9.4604008997         3.8788689678         3.5736985055 =       129.8226582646 /         73
testat       265.7983293226         9.4604008997         3.8788689678         3.5736985055 =       129.8226658295 /         73
testat       265.8006185124         9.4604054108         3.8788689678         3.5736985055 =       129.8660309921 /         73
testat       265.8006185124         9.4603963886         3.8788689678         3.5736985055 =       129.8684982599 /         73
testat       265.8006185124         9.4604008997         3.8789064984         3.5736985055 =       129.8226793321 /         73
testat       265.8006185124         9.4604008997         3.8788314372         3.5736985055 =       129.8226436934 /         73
testat       265.8006185124         9.4604008997         3.8788689678         3.5737530077 =       129.8225083681 /         73
testat       265.8006185124         9.4604008997         3.8788689678         3.5736440033 =       129.8228157703 /         73
testat       265.7917307868         9.4604009968         3.8787398168         3.5738710235 =       129.8223751537 /         73
testat       265.7924363208         9.4604009891         3.8787500692         3.5738573285 =       129.8223752260 /         73
testat       265.7940207871         9.4604009968         3.8787398168         3.5738710235 =       129.8224096114 /         73
testat       265.7894407865         9.4604009968         3.8787398168         3.5738710235 =       129.8224030798 /         73
testat       265.7917307868         9.4604055079         3.8787398168         3.5738710235 =       129.8669568574 /         73
testat       265.7917307868         9.4603964858         3.8787398168         3.5738710235 =       129.8670722232 /         73
testat       265.7917307868         9.4604009968         3.8787776866         3.5738710235 =       129.8224040319 /         73
testat       265.7917307868         9.4604009968         3.8787019469         3.5738710235 =       129.8224098781 /         73
testat       265.7917307868         9.4604009968         3.8787398168         3.5739255257 =       129.8224052179 /         73
testat       265.7917307868         9.4604009968         3.8787398168         3.5738165214 =       129.8224074704 /         73

 MIGRAD MINIMIZATION HAS CONVERGED.

 MIGRAD WILL VERIFY CONVERGENCE AND ERROR MATRIX.
testat       265.7917307868         9.4604009968         3.8787398168         3.5738710235 =       129.8223751537 /         73
testat       265.7940207871         9.4604009968         3.8787398168         3.5738710235 =       129.8224096114 /         73
testat       265.7894407865         9.4604009968         3.8787398168         3.5738710235 =       129.8224030798 /         73
testat       265.7917307868         9.4604055079         3.8787398168         3.5738710235 =       129.8669568574 /         73
testat       265.7917307868         9.4603964858         3.8787398168         3.5738710235 =       129.8670722232 /         73
testat       265.7917307868         9.4604009968         3.8787776866         3.5738710235 =       129.8224040319 /         73
testat       265.7917307868         9.4604009968         3.8787019469         3.5738710235 =       129.8224098781 /         73
testat       265.7917307868         9.4604009968         3.8787398168         3.5739255257 =       129.8224052179 /         73
testat       265.7917307868         9.4604009968         3.8787398168         3.5738165214 =       129.8224074704 /         73
testat       265.7921887869         9.4604009968         3.8787398168         3.5738710235 =       129.8223770545 /         73
testat       265.7912727867         9.4604009968         3.8787398168         3.5738710235 =       129.8223757482 /         73
testat       265.7917307868         9.4604032524         3.8787398168         3.5738710235 =       129.8333209849 /         73
testat       265.7917307868         9.4603987413         3.8787398168         3.5738710235 =       129.8340787005 /         73
testat       265.7917307868         9.4604014479         3.8787398168         3.5738710235 =       129.8229536555 /         73
testat       265.7917307868         9.4604005457         3.8787398168         3.5738710235 =       129.8226968710 /         73
testat       265.7917307868         9.4604009968         3.8787473907         3.5738710235 =       129.8223758556 /         73
testat       265.7917307868         9.4604009968         3.8787322428         3.5738710235 =       129.8223769886 /         73
testat       265.7917307868         9.4604009968         3.8787398168         3.5738819240 =       129.8223761760 /         73
testat       265.7917307868         9.4604009968         3.8787398168         3.5738601231 =       129.8223766265 /         73
testat       265.7940207871         9.4604055079         3.8787398168         3.5738710235 =       129.8652938278 /         73
testat       265.7940207871         9.4604009968         3.8787776866         3.5738710235 =       129.8223788914 /         73
testat       265.7917307868         9.4604055079         3.8787776866         3.5738710235 =       129.8684308700 /         73
testat       265.7940207871         9.4604009968         3.8787398168         3.5739255257 =       129.8224657040 /         73
testat       265.7917307868         9.4604055079         3.8787398168         3.5739255257 =       129.8662216751 /         73
testat       265.7917307868         9.4604009968         3.8787776866         3.5739255257 =       129.8224128053 /         73
 COVARIANCE MATRIX CALCULATED SUCCESSFULLY

 FCN=   129.8224     FROM MIGRAD    STATUS=CONVERGED    136 CALLS      137 TOTAL
                     EDM=  0.12E-04    STRATEGY= 1      ERROR MATRIX ACCURATE 

  EXT PARAMETER                                   STEP         FIRST   
  NO.   NAME        VALUE          ERROR          SIZE      DERIVATIVE 
   1     area       265.79        1.6003       0.22900E-02   0.14261E-02
   2     mass       9.4604       0.32562E-04   0.45111E-05   -167.97    
   3     wide       3.8787       0.22383E-01   0.37870E-04  -0.74792E-01
   4     back       3.5739       0.10948E-01   0.54502E-04  -0.20664E-01

 EXTERNAL ERROR MATRIX.    NDIM=  50    NPAR=  4    ERR DEF=  1.00    
  0.256E+01 0.286E-04 0.331E-01-0.494E-02
  0.286E-04 0.106E-08 0.239E-06-0.973E-08
  0.331E-01 0.239E-06 0.501E-03-0.468E-04
 -0.494E-02-0.973E-08-0.468E-04 0.120E-03

 PARAMETER  CORRELATION COEFFICIENTS
       NO.  GLOBAL     1     2     3     4
        1  0.96662  1.000 0.550 0.923-0.282
        2  0.75502  0.550 1.000 0.328-0.027
        3  0.95393  0.923 0.328 1.000-0.191
        4  0.45323 -0.282-0.027-0.191 1.000
 **********
 **    3 **SAVE
 **********
 CURRENT VALUES WILL BE SAVED ON UNIT  6: stdout                                                          

SET TITLE 
Real Kuraev-Fadin Fit                             
PARAMETERS
     1'area      '  0.26579E+03  0.16003E+01
     2'mass      '  0.94604E+01  0.32562E-04
     3'wide      '  0.38787E+01  0.22383E-01
     4'back      '  0.35739E+01  0.10948E-01
 
SET COVARIANCE     4
 0.2561E+01 0.2865E-04 0.1060E-08 0.3307E-01 0.2394E-06 0.5010E-03-0.4941E-02
-0.9734E-08-0.4683E-04 0.1199E-03
    11 RECORDS WRITTEN TO UNIT   6:stdout                                       
 INCLUDING    3 RECORDS FOR THE COVARIANCE MATRIX.

 **********
 **    4 **SHOW CORRELATIONS
 **********

 PARAMETER  CORRELATION COEFFICIENTS
       NO.  GLOBAL     1     2     3     4
        1  0.96662  1.000 0.550 0.923-0.282
        2  0.75502  0.550 1.000 0.328-0.027
        3  0.95393  0.923 0.328 1.000-0.191
        4  0.45323 -0.282-0.027-0.191 1.000
 **********
 **    5 **SHOW COVARIANCE
 **********

 EXTERNAL ERROR MATRIX.    NDIM=  50    NPAR=  4    ERR DEF=  1.00    
  0.256E+01 0.286E-04 0.331E-01-0.494E-02
  0.286E-04 0.106E-08 0.239E-06-0.973E-08
  0.331E-01 0.239E-06 0.501E-03-0.468E-04
 -0.494E-02-0.973E-08-0.468E-04 0.120E-03

 PARAMETER  CORRELATION COEFFICIENTS
       NO.  GLOBAL     1     2     3     4
        1  0.96662  1.000 0.550 0.923-0.282
        2  0.75502  0.550 1.000 0.328-0.027
        3  0.95393  0.923 0.328 1.000-0.191
        4  0.45323 -0.282-0.027-0.191 1.000
 **********
 **    6 **SHOW EIGENVALUES
 **********
 EIGENVALUES OF SECOND-DERIVATIVE MATRIX:
         0.3706E-01  0.6723E+00  0.9778E+00  0.2313E+01
 **********
 **    7 **SHOW FCNVALUE
 **********

 FCN=   129.8224     FROM SAVe      STATUS=CONVERGED      0 CALLS      137 TOTAL
                     EDM=  0.12E-04    STRATEGY= 1      ERROR MATRIX ACCURATE 
 Writing out experimental points.
 Writing out theoretical curve.
 param	area =    265.791730786806      +/-    1.60029054400449      MeV nb
 param	mass =    9.46040099683862      +/-   3.256249447448489E-005 GeV
 param	wide =    3.87873981675892      +/-   2.238290407357293E-002 MeV
 param	back =    3.57387102353421      +/-   1.094797388229320E-002 nb
