   10378.20       3.470000      5.9999999E-02
   10346.20       3.310000      5.9999999E-02
   10372.40       3.560000      5.9999999E-02
   10350.40       3.830000      0.1600000    
   10350.40       4.030000      7.0000000E-02
   10362.20       6.150000      7.9999998E-02
   10366.20       4.520000      5.9999999E-02
   10354.20       5.670000      7.0000000E-02
   10329.60       3.270000      5.9999999E-02
   10329.10       3.180000      5.9999999E-02
   10329.10       3.130000      0.1000000    
   10329.10       3.220000      5.9999999E-02
   10329.20       3.290000      5.9999999E-02
   10329.10       3.280000      5.9999999E-02
   10329.10       3.200000      7.9999998E-02
   10329.10       3.050000      0.1400000    
   10329.10       3.270000      5.9999999E-02
   10329.10       3.210000      5.9999999E-02
   10329.10       3.300000      9.0000004E-02
   10329.10       3.220000      5.0000001E-02
   10357.70       7.030000      9.0000004E-02
   10357.90       6.870000      7.9999998E-02
   10357.80       6.920000      9.0000004E-02
   10357.90       6.820000      9.0000004E-02
   10357.80       7.040000      0.1800000    
   10357.90       6.920000      9.0000004E-02
   10358.10       6.940000      7.9999998E-02
   10357.70       6.900000      7.0000000E-02
   10358.10       6.930000      7.0000000E-02
   10357.70       6.840000      7.0000000E-02
   10357.70       7.020000      7.0000000E-02
   10357.70       6.770000      7.0000000E-02
   10357.80       6.610000      0.2500000    
   10357.80       6.930000      9.0000004E-02
   10357.80       6.750000      0.1300000    
   10357.70       6.880000      7.0000000E-02
   10357.80       7.000000      0.1200000    
   10357.70       6.910000      7.9999998E-02
   10357.80       7.090000      0.1500000    
   10357.80       7.020000      7.9999998E-02
   10357.70       7.030000      7.0000000E-02
   10357.80       7.040000      7.9999998E-02
   10357.80       6.810000      7.0000000E-02
   10357.90       6.920000      7.0000000E-02
   10357.90       6.990000      9.0000004E-02
   10357.80       7.340000      0.2600000    
   10357.90       6.820000      0.2400000    
   10357.90       7.010000      7.9999998E-02
   10357.90       6.950000      0.1100000    
   10357.90       7.040000      0.1000000    
   10357.90       7.040000      7.0000000E-02
   10357.90       6.990000      9.0000004E-02
   10357.90       6.880000      0.2000000    
   10357.90       6.980000      5.9999999E-02
   10357.90       6.960000      7.0000000E-02
   10357.90       6.840000      0.1900000    
   10357.90       6.840000      7.9999998E-02
   10377.71       3.410000      0.1600000    
   10328.61       3.300000      9.0000004E-02
   10328.61       3.230000      0.1000000    
   10377.81       3.530000      7.0000000E-02
   10345.81       3.460000      5.9999999E-02
   10371.91       3.710000      5.9999999E-02
   10349.91       3.870000      5.9999999E-02
   10361.91       6.100000      7.9999998E-02
   10365.81       4.720000      7.0000000E-02
   10353.71       5.370000      7.0000000E-02
   10361.91       6.250000      9.0000004E-02
   10357.91       6.980000      7.0000000E-02
   10328.61       3.290000      5.0000001E-02
   10328.61       3.230000      5.0000001E-02
   10328.71       3.200000      5.9999999E-02
   10328.61       3.170000      5.9999999E-02
   10328.61       3.350000      0.1900000    
   10328.61       3.270000      5.0000001E-02
   10357.91       6.910000      7.9999998E-02
   10358.01       6.890000      0.1000000    
   10358.01       7.070000      9.0000004E-02
   10357.91       6.840000      9.0000004E-02
   10358.01       6.930000      7.9999998E-02
   10357.91       6.920000      7.0000000E-02
   10358.01       6.490000      0.2400000    
   10358.01       7.010000      7.9999998E-02
   10358.01       6.940000      7.0000000E-02
   10358.11       6.110000      0.4300000    
   10358.11       6.850000      7.9999998E-02
   10358.11       6.670000      0.2000000    
   10358.11       6.810000      0.1000000    
   10358.01       6.880000      7.9999998E-02
   10358.11       6.990000      7.9999998E-02
   10358.11       7.050000      7.0000000E-02
   10358.11       7.030000      7.0000000E-02
   10358.21       6.900000      7.0000000E-02
   10358.11       6.960000      7.0000000E-02
   10358.21       7.020000      7.0000000E-02
   10358.11       6.990000      7.0000000E-02
   10358.21       7.040000      7.9999998E-02
   10358.21       6.810000      7.0000000E-02
   10358.21       7.120000      0.1500000    
   10358.01       7.000000      7.0000000E-02
   10358.11       6.950000      7.9999998E-02
   10358.11       6.730000      7.9999998E-02
   10358.11       7.000000      7.9999998E-02
   10358.21       6.880000      7.0000000E-02
   10358.21       6.960000      7.0000000E-02
   10358.11       6.970000      7.0000000E-02
   10358.21       6.420000      0.2100000    
   10358.21       6.880000      7.0000000E-02
   10358.11       6.930000      7.9999998E-02
   10354.68       5.780000      9.0000004E-02
   10364.58       5.090000      7.0000000E-02
   10380.68       3.250000      5.0000001E-02
   10344.58       3.180000      5.9999999E-02
   10376.58       3.410000      7.0000000E-02
   10348.58       3.500000      5.9999999E-02
   10370.58       3.620000      5.9999999E-02
   10354.38       5.770000      0.1000000    
   10358.88       6.970000      0.2000000    
   10329.18       3.200000      7.0000000E-02
   10329.18       3.160000      5.0000001E-02
   10329.28       3.140000      5.0000001E-02
   10329.28       3.240000      7.0000000E-02
   10329.28       3.180000      5.0000001E-02
   10358.58       6.910000      7.0000000E-02
   10358.58       6.800000      0.1000000    
   10358.58       7.050000      0.1300000    
   10358.58       6.990000      7.0000000E-02
   10358.68       7.030000      0.1400000    
   10358.58       6.820000      0.1000000    
   10358.48       6.930000      7.0000000E-02
   10358.58       7.090000      0.1600000    
   10358.58       6.910000      7.9999998E-02
   10358.58       6.910000      7.0000000E-02
   10358.58       6.930000      7.9999998E-02
   10358.58       6.880000      7.9999998E-02
   10358.58       7.000000      7.0000000E-02
   10358.58       6.900000      7.9999998E-02
   10358.68       7.050000      0.1100000    
   10358.68       6.820000      0.1400000    
   10358.68       6.890000      7.9999998E-02
   10358.58       6.920000      7.0000000E-02
   10358.58       6.900000      7.0000000E-02
   10358.58       6.980000      7.0000000E-02
   10358.58       6.940000      9.0000004E-02
   10358.58       6.930000      7.0000000E-02
   10358.58       6.890000      0.1700000    
   10358.58       7.020000      7.0000000E-02
   10358.58       6.910000      7.0000000E-02
   10358.68       7.100000      7.9999998E-02
   10358.68       6.800000      7.0000000E-02
   10358.68       6.920000      7.9999998E-02
   10358.68       6.750000      7.9999998E-02
   10358.68       6.800000      7.0000000E-02
   10358.78       6.780000      7.0000000E-02
   10358.68       8.770000      0.7000000    
   10358.68       6.980000      0.1500000    
   10358.78       6.970000      7.9999998E-02
   10358.78       6.870000      7.0000000E-02
   10358.78       6.830000      7.0000000E-02
   10358.88       7.020000      7.9999998E-02
   20712.75       5.710000      0.1000000    
   20722.95       4.950000      7.0000000E-02
   20738.85       3.410000      5.9999999E-02
   20703.05       3.180000      5.0000001E-02
   20733.85       3.430000      5.9999999E-02
   20728.85       3.630000      5.9999999E-02
   20712.75       5.940000      9.0000004E-02
   20707.15       3.660000      7.9999998E-02
   20687.75       3.190000      5.0000001E-02
   20687.75       3.200000      5.0000001E-02
   20687.75       3.130000      5.9999999E-02
   20687.85       3.230000      5.0000001E-02
   20687.75       3.180000      5.0000001E-02
   20687.75       3.200000      5.0000001E-02
   20687.75       3.180000      5.0000001E-02
   20687.75       3.240000      5.0000001E-02
   20687.75       3.150000      5.0000001E-02
   20687.75       3.200000      7.9999998E-02
   20687.85       3.150000      5.0000001E-02
   20687.85       3.140000      5.0000001E-02
   20687.95       3.220000      7.0000000E-02
   20687.85       3.080000      9.0000004E-02
   20716.95       6.770000      0.1900000    
   20716.95       6.940000      0.1300000    
   20716.95       6.990000      7.0000000E-02
   20716.95       7.220000      0.3300000    
   20716.95       6.870000      7.0000000E-02
   20717.05       6.960000      9.0000004E-02
   20717.25       6.930000      0.1000000    
   20717.25       6.940000      7.0000000E-02
   20717.25       7.020000      7.0000000E-02
   20717.15       6.890000      7.0000000E-02
   20717.15       6.920000      7.0000000E-02
   20717.15       6.880000      7.0000000E-02
   20717.25       6.960000      7.0000000E-02
   20717.25       6.890000      7.9999998E-02
   20717.25       6.830000      0.1600000    
   20717.25       6.980000      7.0000000E-02
   20717.15       6.930000      5.9999999E-02
   20717.15       6.940000      7.0000000E-02
   20717.25       7.000000      5.9999999E-02
   20717.15       6.910000      5.9999999E-02
   20717.15       6.870000      7.0000000E-02
   20717.15       7.090000      0.2400000    
   20717.25       7.000000      5.9999999E-02
   20717.25       6.960000      5.9999999E-02
   20717.15       6.910000      5.9999999E-02
   20717.05       6.910000      0.3600000    
   20717.25       6.870000      9.0000004E-02
   10380.99       3.400000      5.9999999E-02
   10348.69       3.590000      5.9999999E-02
   10364.79       5.030000      7.0000000E-02
   10344.89       3.230000      5.9999999E-02
   10370.79       3.680000      5.9999999E-02
   10376.99       3.560000      5.9999999E-02
   10354.99       5.920000      9.0000004E-02
   10380.99       3.400000      5.9999999E-02
   10349.09       3.740000      0.1700000    
   10349.09       3.770000      7.0000000E-02
   10364.89       5.040000      7.0000000E-02
   10344.99       3.340000      5.9999999E-02
   10371.19       3.750000      5.9999999E-02
   10376.99       3.560000      7.0000000E-02
   10354.89       6.140000      0.1000000    
   10380.99       3.490000      7.0000000E-02
   10348.69       3.570000      5.9999999E-02
   10364.79       5.040000      7.9999998E-02
   10371.09       3.670000      7.0000000E-02
   10376.99       3.410000      5.9999999E-02
   10354.89       5.990000      7.9999998E-02
   10399.49       3.410000      0.2700000    
   10399.49       3.270000      5.9999999E-02
   10399.39       3.040000      5.9999999E-02
   10399.49       3.310000      5.0000001E-02
   10399.49       3.340000      5.0000001E-02
   10399.39       3.310000      5.0000001E-02
   10399.49       3.390000      5.0000001E-02
   10399.59       3.270000      5.9999999E-02
   10399.59       3.340000      5.9999999E-02
   10358.79       7.040000      0.1700000    
   10358.79       7.000000      9.0000004E-02
   10359.09       7.020000      0.3200000    
   10358.89       7.090000      0.1600000    
   10330.39       3.280000      5.0000001E-02
   10330.39       3.160000      5.0000001E-02
   10330.39       3.230000      5.0000001E-02
   10330.49       3.160000      5.0000001E-02
   10330.49       3.240000      7.9999998E-02
   10330.39       3.160000      7.0000000E-02
   10330.39       3.260000      0.1500000    
   10330.49       3.230000      5.9999999E-02
   10330.49       3.100000      0.1000000    
   10330.49       3.540000      0.2100000    
   10330.49       3.140000      5.0000001E-02
   10330.49       3.170000      5.0000001E-02
   10330.59       3.290000      5.0000001E-02
   10330.69       3.190000      5.0000001E-02
   10330.69       3.310000      9.0000004E-02
   10358.79       6.950000      7.9999998E-02
   10358.89       6.830000      7.0000000E-02
   10358.89       7.100000      0.1300000    
   10358.89       6.930000      7.0000000E-02
   10358.89       6.950000      7.0000000E-02
   10358.89       7.070000      7.0000000E-02
   10358.89       7.030000      7.9999998E-02
   10358.89       6.930000      7.0000000E-02
   10358.89       7.010000      7.0000000E-02
   10358.89       7.010000      7.0000000E-02
   10358.99       6.610000      0.2200000    
   10358.99       6.890000      0.1000000    
   10358.99       7.010000      7.9999998E-02
   10358.89       7.000000      7.0000000E-02
   10358.89       7.150000      0.2700000    
   10358.89       6.950000      0.1400000    
   10358.89       7.000000      7.0000000E-02
   10358.99       6.970000      7.0000000E-02
   10358.89       6.820000      0.1400000    
   10359.09       7.090000      0.1300000    
   10359.09       7.100000      0.1100000    
   10359.09       6.880000      9.0000004E-02
   10359.09       6.890000      7.0000000E-02
   10359.09       6.980000      7.0000000E-02
   10359.09       6.900000      7.0000000E-02
   10359.09       7.030000      0.1000000    
   10359.09       6.940000      0.1100000    
   10359.09       6.950000      0.1000000    
   10359.09       6.970000      7.0000000E-02
   10359.19       6.920000      7.0000000E-02
   10359.19       6.990000      7.0000000E-02
   10359.09       6.830000      7.0000000E-02
   10359.19       7.000000      9.0000004E-02
   10359.09       6.810000      0.1100000    
   10359.09       6.990000      0.1200000    
   10359.19       6.930000      7.9999998E-02
   10359.09       6.900000      0.1000000    
   10359.19       6.560000      0.2800000    
   10359.19       6.810000      0.2400000    
   10359.19       6.830000      7.0000000E-02
   10359.19       6.910000      7.0000000E-02
   10354.07       5.560000      7.9999998E-02
   10380.77       3.430000      5.9999999E-02
   10348.17       3.480000      5.9999999E-02
   10364.17       5.260000      7.0000000E-02
   10344.97       3.200000      5.0000001E-02
   10369.57       4.410000      0.3700000    
   10369.87       3.750000      7.0000000E-02
   10376.97       3.580000      5.9999999E-02
   10353.67       5.410000      9.0000004E-02
   10378.77       3.370000      5.9999999E-02
   10346.77       3.300000      5.9999999E-02
   10372.87       3.420000      5.9999999E-02
   10350.67       3.850000      0.1300000    
   10350.57       4.160000      7.0000000E-02
   10330.17       3.130000      5.0000001E-02
   10330.27       3.280000      5.9999999E-02
   10330.27       3.130000      7.9999998E-02
   10330.27       3.180000      5.0000001E-02
   10330.17       3.180000      5.0000001E-02
   10329.27       3.170000      5.0000001E-02
   10330.27       3.260000      5.0000001E-02
   10330.27       3.230000      5.0000001E-02
   10330.37       3.170000      5.0000001E-02
   10353.70       5.540000      0.1000000    
   10380.80       3.500000      0.1700000    
   10380.90       3.400000      7.0000000E-02
   10348.80       3.710000      9.0000004E-02
   10348.90       3.630000      7.0000000E-02
   10364.60       5.140000      9.0000004E-02
   10344.80       3.280000      7.0000000E-02
   10370.80       3.800000      7.0000000E-02
   10376.50       3.460000      5.9999999E-02
   10353.50       5.350000      9.0000004E-02
   10357.90       7.390000      0.2500000    
   10329.90       3.180000      5.0000001E-02
   10330.00       3.150000      7.9999998E-02
   10329.90       3.740000      0.2900000    
   10330.00       3.980000      0.2600000    
   10329.90       3.160000      0.1300000    
   10330.00       3.160000      5.0000001E-02
   10329.90       3.190000      5.0000001E-02
   10330.00       3.140000      5.0000001E-02
   10357.80       6.760000      9.0000004E-02
   10357.90       6.800000      7.0000000E-02
   10357.90       6.860000      7.0000000E-02
   10357.90       7.000000      7.0000000E-02
   10357.90       6.990000      7.0000000E-02
   10358.00       6.880000      7.0000000E-02
   10357.90       6.970000      7.0000000E-02
   10357.90       6.840000      7.0000000E-02
   10357.90       7.010000      7.0000000E-02
   10358.00       6.870000      7.0000000E-02
   10358.00       6.890000      0.1100000    
   10358.10       7.040000      0.1300000    
   10358.10       6.990000      7.0000000E-02
   10358.10       6.920000      9.0000004E-02
   10358.10       6.910000      7.0000000E-02
   10358.00       6.920000      7.0000000E-02
   10358.00       6.940000      7.0000000E-02
   10358.00       6.860000      7.0000000E-02
   10358.00       6.930000      7.0000000E-02
   10358.00       6.890000      7.9999998E-02
   10358.00       6.850000      7.9999998E-02
   10358.00       6.890000      7.0000000E-02
   10358.00       6.850000      7.0000000E-02
   10358.00       6.960000      7.0000000E-02
   10358.00       6.970000      7.0000000E-02
   10358.10       6.990000      7.0000000E-02
   10358.10       6.890000      7.9999998E-02
   10358.10       6.960000      0.1200000    
   10358.10       6.890000      5.9999999E-02
   10358.10       6.960000      7.0000000E-02
   10358.20       6.900000      7.0000000E-02
   10358.10       6.980000      7.0000000E-02
   10358.10       6.850000      5.9999999E-02
   10358.20       6.880000      7.0000000E-02
