   10322.00       3.662129    
   10322.08       3.662074    
   10322.16       3.662019    
   10322.23       3.661964    
   10322.31       3.661909    
   10322.39       3.661854    
   10322.47       3.661799    
   10322.55       3.661744    
   10322.62       3.661690    
   10322.70       3.661634    
   10322.78       3.661579    
   10322.86       3.661525    
   10322.94       3.661470    
   10323.02       3.661415    
   10323.09       3.661360    
   10323.17       3.661305    
   10323.25       3.661250    
   10323.33       3.661196    
   10323.41       3.661141    
   10323.48       3.661086    
   10323.56       3.661031    
   10323.64       3.660976    
   10323.72       3.660922    
   10323.80       3.660867    
   10323.88       3.660812    
   10323.95       3.660757    
   10324.03       3.660702    
   10324.11       3.660648    
   10324.19       3.660593    
   10324.27       3.660538    
   10324.34       3.660483    
   10324.42       3.660429    
   10324.50       3.660373    
   10324.58       3.660319    
   10324.66       3.660264    
   10324.73       3.660210    
   10324.81       3.660155    
   10324.89       3.660100    
   10324.97       3.660045    
   10325.05       3.659991    
   10325.12       3.659936    
   10325.20       3.659881    
   10325.28       3.659827    
   10325.36       3.659772    
   10325.44       3.659718    
   10325.52       3.659662    
   10325.59       3.659608    
   10325.67       3.659554    
   10325.75       3.659499    
   10325.83       3.659444    
   10325.91       3.659389    
   10325.98       3.659335    
   10326.06       3.659280    
   10326.14       3.659225    
   10326.22       3.659171    
   10326.30       3.659116    
   10326.38       3.659062    
   10326.45       3.659007    
   10326.53       3.658952    
   10326.61       3.658898    
   10326.69       3.658844    
   10326.77       3.658789    
   10326.84       3.658734    
   10326.92       3.658680    
   10327.00       3.658625    
   10327.08       3.658571    
   10327.16       3.658516    
   10327.23       3.658462    
   10327.31       3.658407    
   10327.39       3.658353    
   10327.47       3.658298    
   10327.55       3.658244    
   10327.62       3.658189    
   10327.70       3.658135    
   10327.78       3.658080    
   10327.86       3.658026    
   10327.94       3.657971    
   10328.02       3.657917    
   10328.09       3.657863    
   10328.17       3.657808    
   10328.25       3.657753    
   10328.33       3.657699    
   10328.41       3.657645    
   10328.48       3.657590    
   10328.56       3.657536    
   10328.64       3.657482    
   10328.72       3.657428    
   10328.80       3.657373    
   10328.88       3.657319    
   10328.95       3.657264    
   10329.03       3.657210    
   10329.11       3.657156    
   10329.19       3.657102    
   10329.27       3.657047    
   10329.34       3.656993    
   10329.42       3.656939    
   10329.50       3.656885    
   10329.58       3.656830    
   10329.66       3.656776    
   10329.73       3.656722    
   10329.81       3.656668    
   10329.89       3.656614    
   10329.97       3.656559    
   10330.05       3.656505    
   10330.12       3.656451    
   10330.20       3.656397    
   10330.28       3.656343    
   10330.36       3.656288    
   10330.44       3.656235    
   10330.52       3.656180    
   10330.59       3.656126    
   10330.67       3.656072    
   10330.75       3.656018    
   10330.83       3.655964    
   10330.91       3.655910    
   10330.98       3.655856    
   10331.06       3.655802    
   10331.14       3.655748    
   10331.22       3.655694    
   10331.30       3.655640    
   10331.38       3.655586    
   10331.45       3.655532    
   10331.53       3.655478    
   10331.61       3.655424    
   10331.69       3.655370    
   10331.77       3.655316    
   10331.84       3.655263    
   10331.92       3.655209    
   10332.00       3.655155    
   10332.08       3.655101    
   10332.16       3.655047    
   10332.23       3.654994    
   10332.31       3.654940    
   10332.39       3.654886    
   10332.47       3.654832    
   10332.55       3.654778    
   10332.62       3.654725    
   10332.70       3.654671    
   10332.78       3.654617    
   10332.86       3.654564    
   10332.94       3.654510    
   10333.02       3.654457    
   10333.09       3.654403    
   10333.17       3.654349    
   10333.25       3.654296    
   10333.33       3.654242    
   10333.41       3.654188    
   10333.48       3.654135    
   10333.56       3.654081    
   10333.64       3.654028    
   10333.72       3.653975    
   10333.80       3.653921    
   10333.88       3.653867    
   10333.95       3.653814    
   10334.03       3.653761    
   10334.11       3.653708    
   10334.19       3.653654    
   10334.27       3.653601    
   10334.34       3.653548    
   10334.42       3.653494    
   10334.50       3.653441    
   10334.58       3.653388    
   10334.66       3.653335    
   10334.73       3.653281    
   10334.81       3.653228    
   10334.89       3.653175    
   10334.97       3.653122    
   10335.05       3.653069    
   10335.12       3.653016    
   10335.20       3.652963    
   10335.28       3.652910    
   10335.36       3.652857    
   10335.44       3.652804    
   10335.52       3.652751    
   10335.59       3.652698    
   10335.67       3.652646    
   10335.75       3.652593    
   10335.83       3.652540    
   10335.91       3.652487    
   10335.98       3.652434    
   10336.06       3.652381    
   10336.14       3.652329    
   10336.22       3.652276    
   10336.30       3.652224    
   10336.38       3.652171    
   10336.45       3.652119    
   10336.53       3.652066    
   10336.61       3.652013    
   10336.69       3.651961    
   10336.77       3.651909    
   10336.84       3.651857    
   10336.92       3.651804    
   10337.00       3.651752    
   10337.08       3.651700    
   10337.16       3.651647    
   10337.23       3.651595    
   10337.31       3.651543    
   10337.39       3.651491    
   10337.47       3.651439    
   10337.55       3.651387    
   10337.62       3.651335    
   10337.70       3.651283    
   10337.78       3.651231    
   10337.86       3.651180    
   10337.94       3.651128    
   10338.02       3.651076    
   10338.09       3.651024    
   10338.17       3.650973    
   10338.25       3.650921    
   10338.33       3.650870    
   10338.41       3.650819    
   10338.48       3.650767    
   10338.56       3.650716    
   10338.64       3.650664    
   10338.72       3.650613    
   10338.80       3.650562    
   10338.88       3.650511    
   10338.95       3.650460    
   10339.03       3.650409    
   10339.11       3.650358    
   10339.19       3.650307    
   10339.27       3.650256    
   10339.34       3.650206    
   10339.42       3.650155    
   10339.50       3.650105    
   10339.58       3.650054    
   10339.66       3.650004    
   10339.73       3.649954    
   10339.81       3.649904    
   10339.89       3.649853    
   10339.97       3.649803    
   10340.05       3.649754    
   10340.12       3.649704    
   10340.20       3.649654    
   10340.28       3.649604    
   10340.36       3.649555    
   10340.44       3.649505    
   10340.52       3.649456    
   10340.59       3.649407    
   10340.67       3.649358    
   10340.75       3.649309    
   10340.83       3.649260    
   10340.91       3.649212    
   10340.98       3.649163    
   10341.06       3.649115    
   10341.14       3.649066    
   10341.22       3.649019    
   10341.30       3.648971    
   10341.38       3.648923    
   10341.45       3.648875    
   10341.53       3.648829    
   10341.61       3.648782    
   10341.69       3.648735    
   10341.77       3.648689    
   10341.84       3.648643    
   10341.92       3.648597    
   10342.00       3.648553    
   10342.08       3.648510    
   10342.16       3.648469    
   10342.23       3.648432    
   10342.31       3.648412    
   10342.39       3.648805    
   10342.47       3.649095    
   10342.55       3.649179    
   10342.62       3.649250    
   10342.70       3.649317    
   10342.78       3.649387    
   10342.86       3.649464    
   10342.94       3.649546    
   10343.02       3.649638    
   10343.09       3.649739    
   10343.17       3.649848    
   10343.25       3.649969    
   10343.33       3.650101    
   10343.41       3.650246    
   10343.48       3.650404    
   10343.56       3.650576    
   10343.64       3.650763    
   10343.72       3.650966    
   10343.80       3.651187    
   10343.88       3.651426    
   10343.95       3.651684    
   10344.03       3.651963    
   10344.11       3.652264    
   10344.19       3.652588    
   10344.27       3.652937    
   10344.34       3.653312    
   10344.42       3.653715    
   10344.50       3.654147    
   10344.58       3.654610    
   10344.66       3.655106    
   10344.73       3.655637    
   10344.81       3.656205    
   10344.89       3.656811    
   10344.97       3.657459    
   10345.05       3.658150    
   10345.12       3.658887    
   10345.20       3.659672    
   10345.28       3.660507    
   10345.36       3.661396    
   10345.44       3.662341    
   10345.52       3.663346    
   10345.59       3.664413    
   10345.67       3.665545    
   10345.75       3.666746    
   10345.83       3.668020    
   10345.91       3.669369    
   10345.98       3.670799    
   10346.06       3.672311    
   10346.14       3.673912    
   10346.22       3.675604    
   10346.30       3.677392    
   10346.38       3.679281    
   10346.45       3.681274    
   10346.53       3.683378    
   10346.61       3.685597    
   10346.69       3.687936    
   10346.77       3.690401    
   10346.84       3.692996    
   10346.92       3.695729    
   10347.00       3.698603    
   10347.08       3.701625    
   10347.16       3.704802    
   10347.23       3.708140    
   10347.31       3.711644    
   10347.39       3.715323    
   10347.47       3.719182    
   10347.55       3.723229    
   10347.62       3.727471    
   10347.70       3.731914    
   10347.78       3.736567    
   10347.86       3.741438    
   10347.94       3.746533    
   10348.02       3.751861    
   10348.09       3.757429    
   10348.17       3.763247    
   10348.25       3.769322    
   10348.33       3.775662    
   10348.41       3.782278    
   10348.48       3.789176    
   10348.56       3.796365    
   10348.64       3.803856    
   10348.72       3.811656    
   10348.80       3.819775    
   10348.88       3.828222    
   10348.95       3.837005    
   10349.03       3.846136    
   10349.11       3.855621    
   10349.19       3.865471    
   10349.27       3.875695    
   10349.34       3.886302    
   10349.42       3.897301    
   10349.50       3.908702    
   10349.58       3.920513    
   10349.66       3.932745    
   10349.73       3.945405    
   10349.81       3.958503    
   10349.89       3.972046    
   10349.97       3.986044    
   10350.05       4.000504    
   10350.12       4.015437    
   10350.20       4.030849    
   10350.28       4.046748    
   10350.36       4.063141    
   10350.44       4.080036    
   10350.52       4.097440    
   10350.59       4.115358    
   10350.67       4.133799    
   10350.75       4.152767    
   10350.83       4.172268    
   10350.91       4.192307    
   10350.98       4.212888    
   10351.06       4.234016    
   10351.14       4.255695    
   10351.22       4.277928    
   10351.30       4.300717    
   10351.38       4.324064    
   10351.45       4.347973    
   10351.53       4.372441    
   10351.61       4.397471    
   10351.69       4.423063    
   10351.77       4.449215    
   10351.84       4.475925    
   10351.92       4.503191    
   10352.00       4.531012    
   10352.08       4.559378    
   10352.16       4.588292    
   10352.23       4.617744    
   10352.31       4.647728    
   10352.39       4.678241    
   10352.47       4.709270    
   10352.55       4.740810    
   10352.62       4.772849    
   10352.70       4.805379    
   10352.78       4.838387    
   10352.86       4.871863    
   10352.94       4.905792    
   10353.02       4.940161    
   10353.09       4.974956    
   10353.17       5.010160    
   10353.25       5.045761    
   10353.33       5.081735    
   10353.41       5.118067    
   10353.48       5.154739    
   10353.56       5.191732    
   10353.64       5.229023    
   10353.72       5.266590    
   10353.80       5.304413    
   10353.88       5.342467    
   10353.95       5.380731    
   10354.03       5.419178    
   10354.11       5.457782    
   10354.19       5.496516    
   10354.27       5.535362    
   10354.34       5.574276    
   10354.42       5.613246    
   10354.50       5.652236    
   10354.58       5.691217    
   10354.66       5.730161    
   10354.73       5.769037    
   10354.81       5.807812    
   10354.89       5.846458    
   10354.97       5.884943    
   10355.05       5.923237    
   10355.12       5.961300    
   10355.20       5.999111    
   10355.28       6.036630    
   10355.36       6.073825    
   10355.44       6.110664    
   10355.52       6.147118    
   10355.59       6.183145    
   10355.67       6.218722    
   10355.75       6.253814    
   10355.83       6.288384    
   10355.91       6.322401    
   10355.98       6.355836    
   10356.06       6.388651    
   10356.14       6.420826    
   10356.22       6.452322    
   10356.30       6.483107    
   10356.38       6.513159    
   10356.45       6.542434    
   10356.53       6.570921    
   10356.61       6.598581    
   10356.69       6.625387    
   10356.77       6.651317    
   10356.84       6.676344    
   10356.92       6.700440    
   10357.00       6.723577    
   10357.08       6.745748    
   10357.16       6.766916    
   10357.23       6.787066    
   10357.31       6.806171    
   10357.39       6.824227    
   10357.47       6.841201    
   10357.55       6.857079    
   10357.62       6.871857    
   10357.70       6.885505    
   10357.78       6.898022    
   10357.86       6.909391    
   10357.94       6.919604    
   10358.02       6.928651    
   10358.09       6.936521    
   10358.17       6.943217    
   10358.25       6.948719    
   10358.33       6.953033    
   10358.41       6.956166    
   10358.48       6.958094    
   10358.56       6.958838    
   10358.64       6.958398    
   10358.72       6.956757    
   10358.80       6.953941    
   10358.88       6.949953    
   10358.95       6.944789    
   10359.03       6.938469    
   10359.11       6.930991    
   10359.19       6.922377    
   10359.27       6.912636    
   10359.34       6.901776    
   10359.42       6.889823    
   10359.50       6.876782    
   10359.58       6.862679    
   10359.66       6.847526    
   10359.73       6.831344    
   10359.81       6.814150    
   10359.89       6.795969    
   10359.97       6.776822    
   10360.05       6.756734    
   10360.12       6.735726    
   10360.20       6.713820    
   10360.28       6.691047    
   10360.36       6.667436    
   10360.44       6.643004    
   10360.52       6.617787    
   10360.59       6.591811    
   10360.67       6.565100    
   10360.75       6.537690    
   10360.83       6.509601    
   10360.91       6.480876    
   10360.98       6.451534    
   10361.06       6.421611    
   10361.14       6.391139    
   10361.22       6.360141    
   10361.30       6.328656    
   10361.38       6.296714    
   10361.45       6.264339    
   10361.53       6.231576    
   10361.61       6.198438    
   10361.69       6.164974    
   10361.77       6.131204    
   10361.84       6.097159    
   10361.92       6.062874    
   10362.00       6.028375    
   10362.08       5.993691    
   10362.16       5.958855    
   10362.23       5.923894    
   10362.31       5.888836    
   10362.39       5.853715    
   10362.47       5.818549    
   10362.55       5.783367    
   10362.62       5.748199    
   10362.70       5.713074    
   10362.78       5.678007    
   10362.86       5.643031    
   10362.94       5.608165    
   10363.02       5.573435    
   10363.09       5.538864    
   10363.17       5.504473    
   10363.25       5.470278    
   10363.33       5.436308    
   10363.41       5.402576    
   10363.48       5.369102    
   10363.56       5.335907    
   10363.64       5.303006    
   10363.72       5.270415    
   10363.80       5.238147    
   10363.88       5.206221    
   10363.95       5.174652    
   10364.03       5.143447    
   10364.11       5.112624    
   10364.19       5.082191    
   10364.27       5.052162    
   10364.34       5.022544    
   10364.42       4.993348    
   10364.50       4.964581    
   10364.58       4.936253    
   10364.66       4.908369    
   10364.73       4.880937    
   10364.81       4.853960    
   10364.89       4.827445    
   10364.97       4.801393    
   10365.05       4.775814    
   10365.12       4.750704    
   10365.20       4.726068    
   10365.28       4.701908    
   10365.36       4.678226    
   10365.44       4.655021    
   10365.52       4.632292    
   10365.59       4.610039    
   10365.67       4.588264    
   10365.75       4.566959    
   10365.83       4.546128    
   10365.91       4.525764    
   10365.98       4.505867    
   10366.06       4.486434    
   10366.14       4.467457    
   10366.22       4.448937    
   10366.30       4.430866    
   10366.38       4.413242    
   10366.45       4.396057    
   10366.53       4.379306    
   10366.61       4.362986    
   10366.69       4.347087    
   10366.77       4.331607    
   10366.84       4.316537    
   10366.92       4.301871    
   10367.00       4.287603    
   10367.08       4.273725    
   10367.16       4.260231    
   10367.23       4.247114    
   10367.31       4.234366    
   10367.39       4.221980    
   10367.47       4.209949    
   10367.55       4.198263    
   10367.62       4.186919    
   10367.70       4.175905    
   10367.78       4.165218    
   10367.86       4.154847    
   10367.94       4.144785    
   10368.02       4.135025    
   10368.09       4.125559    
   10368.17       4.116380    
   10368.25       4.107481    
   10368.33       4.098855    
   10368.41       4.090493    
   10368.48       4.082388    
   10368.56       4.074534    
   10368.64       4.066924    
   10368.72       4.059550    
   10368.80       4.052405    
   10368.88       4.045483    
   10368.95       4.038777    
   10369.03       4.032281    
   10369.11       4.025987    
   10369.19       4.019891    
   10369.27       4.013985    
   10369.34       4.008264    
   10369.42       4.002720    
   10369.50       3.997350    
   10369.58       3.992147    
   10369.66       3.987104    
   10369.73       3.982218    
   10369.81       3.977483    
   10369.89       3.972893    
   10369.97       3.968443    
   10370.05       3.964129    
   10370.12       3.959946    
   10370.20       3.955889    
   10370.28       3.951954    
   10370.36       3.948136    
   10370.44       3.944431    
   10370.52       3.940835    
   10370.59       3.937344    
   10370.67       3.933954    
   10370.75       3.930661    
   10370.83       3.927463    
   10370.91       3.924354    
   10370.98       3.921332    
   10371.06       3.918395    
   10371.14       3.915537    
   10371.22       3.912757    
   10371.30       3.910051    
   10371.38       3.907417    
   10371.45       3.904852    
   10371.53       3.902353    
   10371.61       3.899918    
   10371.69       3.897544    
   10371.77       3.895230    
   10371.84       3.892971    
   10371.92       3.890767    
   10372.00       3.888616    
   10372.08       3.886516    
   10372.16       3.884464    
   10372.23       3.882458    
   10372.31       3.880497    
   10372.39       3.878580    
   10372.47       3.876704    
   10372.55       3.874868    
   10372.62       3.873070    
   10372.70       3.871310    
   10372.78       3.869586    
   10372.86       3.867895    
   10372.94       3.866238    
   10373.02       3.864612    
   10373.09       3.863018    
   10373.17       3.861452    
   10373.25       3.859916    
   10373.33       3.858407    
   10373.41       3.856923    
   10373.48       3.855466    
   10373.56       3.854032    
   10373.64       3.852621    
   10373.72       3.851230    
   10373.80       3.849846    
   10373.88       3.848089    
   10373.95       3.846543    
   10374.03       3.845235    
   10374.11       3.843975    
   10374.19       3.842740    
   10374.27       3.841529    
   10374.34       3.840334    
   10374.42       3.839159    
   10374.50       3.838000    
   10374.58       3.836854    
   10374.66       3.835723    
   10374.73       3.834606    
   10374.81       3.833503    
   10374.89       3.832412    
   10374.97       3.831333    
   10375.05       3.830268    
   10375.12       3.829214    
   10375.20       3.828171    
   10375.28       3.827139    
   10375.36       3.826118    
   10375.44       3.825109    
   10375.52       3.824109    
   10375.59       3.823121    
   10375.67       3.822142    
   10375.75       3.821172    
   10375.83       3.820213    
   10375.91       3.819263    
   10375.98       3.818321    
   10376.06       3.817390    
   10376.14       3.816468    
   10376.22       3.815554    
   10376.30       3.814648    
   10376.38       3.813751    
   10376.45       3.812862    
   10376.53       3.811981    
   10376.61       3.811108    
   10376.69       3.810243    
   10376.77       3.809386    
   10376.84       3.808537    
   10376.92       3.807695    
   10377.00       3.806859    
   10377.08       3.806031    
   10377.16       3.805212    
   10377.23       3.804398    
   10377.31       3.803591    
   10377.39       3.802791    
   10377.47       3.801998    
   10377.55       3.801211    
   10377.62       3.800431    
   10377.70       3.799657    
   10377.78       3.798889    
   10377.86       3.798128    
   10377.94       3.797373    
   10378.02       3.796624    
   10378.09       3.795880    
   10378.17       3.795143    
   10378.25       3.794411    
   10378.33       3.793685    
   10378.41       3.792964    
   10378.48       3.792250    
   10378.56       3.791541    
   10378.64       3.790837    
   10378.72       3.790139    
   10378.80       3.789446    
   10378.88       3.788757    
   10378.95       3.788074    
   10379.03       3.787397    
   10379.11       3.786724    
   10379.19       3.786056    
   10379.27       3.785394    
   10379.34       3.784735    
   10379.42       3.784082    
   10379.50       3.783433    
   10379.58       3.782789    
   10379.66       3.782150    
   10379.73       3.781516    
   10379.81       3.780887    
   10379.89       3.780262    
   10379.97       3.779641    
   10380.05       3.779024    
   10380.12       3.778412    
   10380.20       3.777804    
   10380.28       3.777200    
   10380.36       3.776601    
   10380.44       3.776006    
   10380.52       3.775416    
   10380.59       3.774830    
   10380.67       3.774247    
   10380.75       3.773668    
   10380.83       3.773094    
   10380.91       3.772523    
   10380.98       3.771957    
   10381.06       3.771394    
   10381.14       3.770836    
   10381.22       3.770281    
   10381.30       3.769730    
   10381.38       3.769183    
   10381.45       3.768639    
   10381.53       3.768100    
   10381.61       3.767564    
   10381.69       3.767032    
   10381.77       3.766503    
   10381.84       3.765978    
   10381.92       3.765456    
   10382.00       3.764938    
   10382.08       3.764424    
   10382.16       3.763913    
   10382.23       3.763405    
   10382.31       3.762901    
   10382.39       3.762401    
   10382.47       3.761904    
   10382.55       3.761410    
   10382.62       3.760919    
   10382.70       3.760431    
   10382.78       3.759948    
   10382.86       3.759466    
   10382.94       3.758989    
   10383.02       3.758514    
   10383.09       3.758044    
   10383.17       3.757575    
   10383.25       3.757110    
   10383.33       3.756648    
   10383.41       3.756189    
   10383.48       3.755733    
   10383.56       3.755280    
   10383.64       3.754830    
   10383.72       3.754383    
   10383.80       3.753938    
   10383.88       3.753497    
   10383.95       3.753059    
   10384.03       3.752623    
   10384.11       3.752190    
   10384.19       3.751759    
   10384.27       3.751332    
   10384.34       3.750908    
   10384.42       3.750486    
   10384.50       3.750066    
   10384.58       3.749649    
   10384.66       3.749235    
   10384.73       3.748823    
   10384.81       3.748414    
   10384.89       3.748007    
   10384.97       3.747603    
   10385.05       3.747202    
   10385.12       3.746802    
   10385.20       3.746406    
   10385.28       3.746011    
   10385.36       3.745618    
   10385.44       3.745228    
   10385.52       3.744840    
   10385.59       3.744455    
   10385.67       3.744071    
   10385.75       3.743691    
   10385.83       3.743312    
   10385.91       3.742934    
   10385.98       3.742559    
   10386.06       3.742186    
   10386.14       3.741816    
   10386.22       3.741446    
   10386.30       3.741080    
   10386.38       3.740715    
   10386.45       3.740353    
   10386.53       3.739991    
   10386.61       3.739632    
   10386.69       3.739274    
   10386.77       3.738918    
   10386.84       3.738564    
   10386.92       3.738212    
   10387.00       3.737862    
   10387.08       3.737513    
   10387.16       3.737166    
   10387.23       3.736820    
   10387.31       3.736475    
   10387.39       3.736133    
   10387.47       3.735792    
   10387.55       3.735453    
   10387.62       3.735114    
   10387.70       3.734778    
   10387.78       3.734443    
   10387.86       3.734109    
   10387.94       3.733777    
   10388.02       3.733446    
   10388.09       3.733116    
   10388.17       3.732787    
   10388.25       3.732460    
   10388.33       3.732135    
   10388.41       3.731810    
   10388.48       3.731486    
   10388.56       3.731164    
   10388.64       3.730842    
   10388.72       3.730522    
   10388.80       3.730203    
   10388.88       3.729885    
   10388.95       3.729568    
   10389.03       3.729253    
   10389.11       3.728937    
   10389.19       3.728623    
   10389.27       3.728310    
   10389.34       3.727998    
   10389.42       3.727687    
   10389.50       3.727377    
   10389.58       3.727067    
   10389.66       3.726759    
   10389.73       3.726452    
   10389.81       3.726145    
   10389.89       3.725839    
   10389.97       3.725534    
   10390.05       3.725229    
   10390.12       3.724926    
   10390.20       3.724623    
   10390.28       3.724321    
   10390.36       3.724019    
   10390.44       3.723718    
   10390.52       3.723418    
   10390.59       3.723119    
   10390.67       3.722821    
   10390.75       3.722523    
   10390.83       3.722225    
   10390.91       3.721929    
   10390.98       3.721632    
   10391.06       3.721338    
   10391.14       3.721043    
   10391.22       3.720749    
   10391.30       3.720455    
   10391.38       3.720162    
   10391.45       3.719870    
   10391.53       3.719578    
   10391.61       3.719287    
   10391.69       3.718995    
   10391.77       3.718706    
   10391.84       3.718415    
   10391.92       3.718127    
   10392.00       3.717839    
   10392.08       3.717551    
   10392.16       3.717263    
   10392.23       3.716976    
   10392.31       3.716690    
   10392.39       3.716404    
   10392.47       3.716118    
   10392.55       3.715834    
   10392.62       3.715549    
   10392.70       3.715266    
   10392.78       3.714983    
   10392.86       3.714700    
   10392.94       3.714418    
   10393.02       3.714136    
   10393.09       3.713854    
   10393.17       3.713573    
   10393.25       3.713294    
   10393.33       3.713014    
   10393.41       3.712736    
   10393.48       3.712457    
   10393.56       3.712179    
   10393.64       3.711902    
   10393.72       3.711625    
   10393.80       3.711349    
   10393.88       3.711073    
   10393.95       3.710797    
   10394.03       3.710523    
   10394.11       3.710249    
   10394.19       3.709976    
   10394.27       3.709703    
   10394.34       3.709431    
   10394.42       3.709159    
   10394.50       3.708888    
   10394.58       3.708618    
   10394.66       3.708348    
   10394.73       3.708079    
   10394.81       3.707811    
   10394.89       3.707543    
   10394.97       3.707277    
   10395.05       3.707011    
   10395.12       3.706745    
   10395.20       3.706480    
   10395.28       3.706216    
   10395.36       3.705952    
   10395.44       3.705689    
   10395.52       3.705427    
   10395.59       3.705167    
   10395.67       3.704906    
   10395.75       3.704646    
   10395.83       3.704387    
   10395.91       3.704129    
   10395.98       3.703872    
   10396.06       3.703616    
   10396.14       3.703360    
   10396.22       3.703105    
   10396.30       3.702852    
   10396.38       3.702599    
   10396.45       3.702347    
   10396.53       3.702096    
   10396.61       3.701846    
   10396.69       3.701596    
   10396.77       3.701348    
   10396.84       3.701100    
   10396.92       3.700853    
   10397.00       3.700608    
   10397.08       3.700363    
   10397.16       3.700121    
   10397.23       3.699878    
   10397.31       3.699636    
   10397.39       3.699395    
   10397.47       3.699156    
   10397.55       3.698917    
   10397.62       3.698680    
   10397.70       3.698444    
   10397.78       3.698208    
   10397.86       3.697974    
   10397.94       3.697742    
   10398.02       3.697510    
   10398.09       3.697279    
   10398.17       3.697049    
   10398.25       3.696820    
   10398.33       3.696592    
   10398.41       3.696366    
   10398.48       3.696141    
   10398.56       3.695916    
   10398.64       3.695694    
   10398.72       3.695472    
   10398.80       3.695251    
   10398.88       3.695032    
   10398.95       3.694813    
   10399.03       3.694596    
   10399.11       3.694380    
   10399.19       3.694165    
   10399.27       3.693951    
   10399.34       3.693738    
   10399.42       3.693528    
   10399.50       3.693318    
   10399.58       3.693109    
   10399.66       3.692901    
   10399.73       3.692695    
   10399.81       3.692488    
   10399.89       3.692284    
   10399.97       3.692080    
   10400.05       3.691879    
   10400.12       3.691678    
   10400.20       3.691479    
   10400.28       3.691280    
   10400.36       3.691083    
   10400.44       3.690886    
   10400.52       3.690691    
   10400.59       3.690497    
   10400.67       3.690304    
   10400.75       3.690113    
   10400.83       3.689922    
   10400.91       3.689732    
   10400.98       3.689544    
   10401.06       3.689356    
   10401.14       3.689170    
   10401.22       3.688985    
   10401.30       3.688801    
   10401.38       3.688617    
   10401.45       3.688435    
   10401.53       3.688254    
   10401.61       3.688074    
   10401.69       3.687895    
   10401.77       3.687717    
   10401.84       3.687541    
   10401.92       3.687364    
   10402.00       3.687189    
   10402.08       3.687014    
   10402.16       3.686841    
   10402.23       3.686669    
   10402.31       3.686497    
   10402.39       3.686327    
   10402.47       3.686156    
   10402.55       3.685987    
   10402.62       3.685820    
   10402.70       3.685653    
   10402.78       3.685487    
   10402.86       3.685321    
   10402.94       3.685156    
   10403.02       3.684991    
   10403.09       3.684828    
   10403.17       3.684666    
   10403.25       3.684504    
   10403.33       3.684343    
   10403.41       3.684184    
   10403.48       3.684024    
   10403.56       3.683865    
   10403.64       3.683707    
   10403.72       3.683549    
   10403.80       3.683392    
   10403.88       3.683236    
   10403.95       3.683080    
   10404.03       3.682925    
   10404.11       3.682771    
   10404.19       3.682617    
   10404.27       3.682464    
   10404.34       3.682311    
   10404.42       3.682159    
   10404.50       3.682007    
   10404.58       3.681856    
   10404.66       3.681706    
   10404.73       3.681555    
   10404.81       3.681405    
   10404.89       3.681256    
   10404.97       3.681108    
   10405.05       3.680960    
   10405.12       3.680812    
   10405.20       3.680665    
   10405.28       3.680517    
   10405.36       3.680371    
   10405.44       3.680224    
   10405.52       3.680079    
   10405.59       3.679933    
   10405.67       3.679788    
   10405.75       3.679643    
   10405.83       3.679499    
   10405.91       3.679354    
   10405.98       3.679210    
   10406.06       3.679067    
