           1   9458.59960937500        19.6900005340576     
  7.290000468492508E-002
           2   9477.68066406250        4.38999986648560     
  6.399999838322401E-003
           3   9453.47949218750        8.47999954223633     
  1.960000023245811E-002
           4   9473.52050781250        4.94999980926514     
  8.100000210106373E-003
           5   9455.58007812500        11.0600004196167     
  0.280899971723557     
           6   9455.58007812500        11.8199996948242     
  3.610000014305115E-002
           7   9455.59960937500        11.9899997711182     
  2.559999935328960E-002
           8   9469.70019531250        5.90000009536743     
  8.100000210106373E-003
           9   9460.66015625000        20.0900001525879     
  3.610000014305115E-002
          10   9460.55957031250        19.8500003814697     
  3.610000014305115E-002
          11   9460.62011718750        19.7199993133545     
  3.240000084042549E-002
          12   9460.59960937500        20.0599994659424     
  3.240000084042549E-002
          13   9460.59960937500        20.0300006866455     
  2.250000089406967E-002
          14   9433.85937500000        3.59999990463257     
  4.900000058114529E-003
          15   9433.93945312500        3.56999993324280     
  2.500000176951289E-003
          16   9433.89941406250        3.39000010490417     
  4.000000283122063E-002
          17   9433.89941406250        3.48000001907349     
  2.250000089406967E-002
          18   9433.89941406250        3.44000005722046     
  1.209999993443489E-002
          19   9433.89941406250        3.47000002861023     
  3.599999938160181E-003
          20   9433.95996093750        3.45000004768372     
  2.559999935328960E-002
          21   9433.89941406250        3.58999991416931     
  2.500000176951289E-003
          22   9433.95996093750        3.51999998092651     
  2.500000176951289E-003
          23   9433.95996093750        3.61999988555908     
  2.500000176951289E-003
          24   9433.83984375000        3.81999993324280     
  1.689999923110008E-002
          25   9433.95996093750        3.52999997138977     
  2.500000176951289E-003
          26   9433.89941406250        3.63000011444092     
  2.500000176951289E-003
          27   9433.89941406250        3.60999989509583     
  2.500000176951289E-003
          28   9434.02050781250        3.56999993324280     
  2.500000176951289E-003
          29   9460.45996093750        19.8199996948242     
  1.960000023245811E-002
          30   9460.14062500000        20.1599998474121     
  0.230399996042252     
          31   9460.14062500000        20.1599998474121     
  5.290000140666962E-002
          32   9460.20019531250        19.9500007629395     
  2.890000119805336E-002
          33   9460.26074218750        20.0799999237061     
  2.890000119805336E-002
          34   9460.26074218750        20.0599994659424     
  2.890000119805336E-002
          35   9460.32031250000        19.8600006103516     
  2.890000119805336E-002
          36   9460.32031250000        20.0100002288818     
  2.890000119805336E-002
          37   9460.30078125000        20.1000003814697     
  2.890000119805336E-002
          38   9460.32031250000        19.9699993133545     
  3.240000084042549E-002
          39   9460.32031250000        19.9300003051758     
  2.890000119805336E-002
          40   9460.32031250000        20.2399997711182     
  7.840000092983246E-002
          41   9460.26074218750        19.7399997711182     
  2.890000119805336E-002
          42   9460.33984375000        20.0400009155273     
  2.890000119805336E-002
          43   9460.33984375000        19.7299995422363     
  2.890000119805336E-002
          44   9460.71972656250        20.0400009155273     
  2.559999935328960E-002
          45   9460.32031250000        19.9099998474121     
  2.559999935328960E-002
          46   9460.67968750000        20.0200004577637     
  2.250000089406967E-002
          47   9460.63964843750        20.0300006866455     
  2.250000089406967E-002
          48   9460.70019531250        20.2600002288818     
  0.384400010108948     
          49   9460.67968750000        20.1399993896484     
  5.759999901056290E-002
          50   9460.74023437500        19.9899997711182     
  2.250000089406967E-002
          51   9460.70019531250        20.1900005340576     
  2.250000089406967E-002
          52   9460.75976562500        20.1399993896484     
  2.250000089406967E-002
          53   9460.70019531250        20.0699996948242     
  2.250000089406967E-002
          54   9460.70019531250        20.0400009155273     
  2.250000089406967E-002
          55   9460.75976562500        20.4699993133545     
   1.10249984264374     
          56   9460.70019531250        19.2800006866455     
  0.722500026226044     
          57   9460.70019531250        19.7900009155273     
  2.890000119805336E-002
          58   9460.75976562500        20.0599994659424     
  2.250000089406967E-002
          59   9460.74023437500        20.0300006866455     
  2.250000089406967E-002
          60   9460.67968750000        19.9599990844727     
  3.610000014305115E-002
          61   9460.74023437500        20.3799991607666     
  9.610000252723694E-002
          62   9460.67968750000        20.2099990844727     
  2.250000089406967E-002
  MINUIT RELEASE 96.03  INITIALIZED.   DIMENSIONS 100/ 50  EPSMAC=  0.89E-15

 PARAMETER DEFINITIONS:
    NO.   NAME         VALUE      STEP SIZE      LIMITS
     1 'area      '    261.08       1.0000         no limits
     2 'mass      '    9.4603      0.20000E-03     no limits
     3 'wide      '    3.7873      0.20000E-01     no limits
     4 'back      '    3.6179      0.10000E-01     no limits
 Writing out experimental points.
 Writing out theoretical curve.
 **********
 **    1 **SET STRATEGY   1.000    
 **********

 NOW USING STRATEGY  1: TRY TO BALANCE SPEED AGAINST RELIABILITY

 **********
 **    2 **MINIMIZE   2000.      0.3000E-01
 **********

 FIRST CALL TO USER FUNCTION AT NEW START POINT, WITH IFLAG=4.
testat       261.0800000000         9.4603000000         3.7873000000         3.6179000000 =       411.7088933357 /         62
 START MIGRAD MINIMIZATION.  STRATEGY 1.  CONVERGENCE WHEN EDM .LT. 0.30E-04
testat       261.0900000000         9.4603000000         3.7873000000         3.6179000000 =       411.7610700827 /         62
testat       261.0700000000         9.4603000000         3.7873000000         3.6179000000 =       411.6577324117 /         62
testat       261.0844014720         9.4603000000         3.7873000000         3.6179000000 =       411.7317336267 /         62
testat       261.0755985280         9.4603000000         3.7873000000         3.6179000000 =       411.6862498397 /         62
testat       261.0800000000         9.4603045110         3.7873000000         3.6179000000 =       439.7670935784 /         62
testat       261.0800000000         9.4602954890         3.7873000000         3.6179000000 =       431.7251064339 /         62
testat       261.0800000000         9.4603000000         3.7875000000         3.6179000000 =       435.7956270988 /         62
testat       261.0800000000         9.4603000000         3.7871000000         3.6179000000 =       435.6682837774 /         62
testat       261.0800000000         9.4603000000         3.7873200000         3.6179000000 =       435.7375430861 /         62
testat       261.0800000000         9.4603000000         3.7872800000         3.6179000000 =       435.7248087155 /         62
testat       261.0800000000         9.4603000000         3.7873000000         3.6180000000 =       435.7096362165 /         62
testat       261.0800000000         9.4603000000         3.7873000000         3.6178000000 =       435.7528134799 /         62
testat       261.0800000000         9.4603000000         3.7873000000         3.6179100000 =       435.7290097329 /         62
testat       261.0800000000         9.4603000000         3.7873000000         3.6178900000 =       435.7333274592 /         62

 FCN=   411.7089     FROM MIGRAD    STATUS=INITIATE      14 CALLS       15 TOTAL
                     EDM= unknown      STRATEGY= 1      NO ERROR MATRIX       

  EXT PARAMETER               CURRENT GUESS       STEP         FIRST   
  NO.   NAME        VALUE          ERROR          SIZE      DERIVATIVE 
   1     area       261.08        1.0000        1.0000        5.1669    
   2     mass       9.4603       0.20000E-03   0.20000E-03   0.89137E+06
   3     wide       3.7873       0.20000E-01   0.20000E-01    318.36    
   4     back       3.6179       0.10000E-01   0.10000E-01   -215.89    
testat       260.5713598251         9.4602996227         3.7872999973         3.6179000004 =       447.6402689330 /         62
testat       261.0545679913         9.4602999811         3.7872999999         3.6179000000 =       436.2658018549 /         62
testat       261.0787283996         9.4602999991         3.7873000000         3.6179000000 =       435.7577476841 /         62
testat       261.0799364200         9.4603000000         3.7873000000         3.6179000000 =       435.7324966546 /         62
 MIGRAD FAILS TO FIND IMPROVEMENT
testat       261.0800000000         9.4603000000         3.7873000000         3.6179000000 =       435.7311680278 /         62
testat       261.0844014720         9.4603000000         3.7873000000         3.6179000000 =       435.6363800669 /         62
testat       261.0755985280         9.4603000000         3.7873000000         3.6179000000 =       435.8261488040 /         62
testat       261.0800000000         9.4603045110         3.7873000000         3.6179000000 =       439.7670935784 /         62
testat       261.0800000000         9.4602954890         3.7873000000         3.6179000000 =       431.7251064339 /         62
testat       261.0800000000         9.4603120543         3.7873000000         3.6179000000 =       446.5830487968 /         62
testat       261.0800000000         9.4602879457         3.7873000000         3.6179000000 =       425.0925954336 /         62
testat       261.0800000000         9.4603000000         3.7873200000         3.6179000000 =       435.7375430861 /         62
testat       261.0800000000         9.4603000000         3.7872800000         3.6179000000 =       435.7248087155 /         62
testat       261.0800000000         9.4603000000         3.7875000000         3.6179000000 =       435.7956270988 /         62
testat       261.0800000000         9.4603000000         3.7871000000         3.6179000000 =       435.6682837774 /         62
testat       261.0800000000         9.4603000000         3.7873000000         3.6179100000 =       435.7290097329 /         62
testat       261.0800000000         9.4603000000         3.7873000000         3.6178900000 =       435.7333274592 /         62
testat       261.0800000000         9.4603000000         3.7873000000         3.6180000000 =       435.7096362165 /         62
testat       261.0800000000         9.4603000000         3.7873000000         3.6178000000 =       435.7528134799 /         62
testat       261.0808802944         9.4603000000         3.7873000000         3.6179000000 =       435.7121950104 /         62
testat       261.0791197056         9.4603000000         3.7873000000         3.6179000000 =       435.7501487578 /         62
testat       261.0800000000         9.4603022555         3.7873000000         3.6179000000 =       437.7453504234 /         62
testat       261.0800000000         9.4602977445         3.7873000000         3.6179000000 =       433.7243954855 /         62
testat       261.0800000000         9.4603000000         3.7873400000         3.6179000000 =       435.7439338898 /         62
testat       261.0800000000         9.4603000000         3.7872600000         3.6179000000 =       435.7184651495 /         62
testat       261.0800000000         9.4603000000         3.7873000000         3.6179200000 =       435.7268525743 /         62
testat       261.0800000000         9.4603000000         3.7873000000         3.6178800000 =       435.7354880270 /         62
testat       261.0844014720         9.4603120543         3.7873000000         3.6179000000 =       446.4862371932 /         62
testat       261.0844014720         9.4603000000         3.7875000000         3.6179000000 =       435.7003074716 /         62
testat       261.0800000000         9.4603120543         3.7875000000         3.6179000000 =       446.6507464290 /         62
testat       261.0844014720         9.4603000000         3.7873000000         3.6180000000 =       435.6149210918 /         62
testat       261.0800000000         9.4603120543         3.7873000000         3.6180000000 =       446.5605598336 /         62
testat       261.0800000000         9.4603000000         3.7875000000         3.6180000000 =       435.7739130477 /         62
 COVARIANCE MATRIX CALCULATED SUCCESSFULLY

 FCN=   435.7312     FROM HESSE     STATUS=OK            29 CALLS       48 TOTAL
                     EDM=  0.32E+03    STRATEGY= 1      ERROR MATRIX ACCURATE 

  EXT PARAMETER                                   STEP         FIRST   
  NO.   NAME        VALUE          ERROR          SIZE      DERIVATIVE 
   1     area       261.08        2.1601       0.44015E-02   -21.557    
   2     mass       9.4603       0.45372E-04   0.12054E-04   0.89136E+06
   3     wide       3.7873       0.32192E-01   0.20000E-03    318.36    
   4     back       3.6179       0.15556E-01   0.10000E-03   -215.89    
testat       275.4481034896         9.4598415487         4.0040539741         3.5694374074 =       110.1855856570 /         62
testat       275.4504114935         9.4598415487         4.0040539741         3.5694374074 =       110.1538018025 /         62
testat       275.4457954856         9.4598415487         4.0040539741         3.5694374074 =       110.2174177424 /         62
testat       275.4481034896         9.4598460595         4.0040539741         3.5694374074 =       110.2009017263 /         62
testat       275.4481034896         9.4598370379         4.0040539741         3.5694374074 =       110.2047487722 /         62
testat       275.4481034896         9.4598415487         4.0040906705         3.5694374074 =       110.2153310157 /         62
testat       275.4481034896         9.4598415487         4.0040172777         3.5694374074 =       110.1558861424 /         62
testat       275.4481034896         9.4598415487         4.0040539741         3.5695057108 =       110.1689255525 /         62
testat       275.4481034896         9.4598415487         4.0040539741         3.5693691041 =       110.2022987789 /         62
testat       279.5384800506         9.4598877495         4.0442245096         3.5670741600 =       102.3358958080 /         62
testat       278.5338558738         9.4598764022         4.0343583541         3.5676545896 =       101.4732252106 /         62
testat       278.5361789527         9.4598764022         4.0343583541         3.5676545896 =       101.4688148832 /         62
testat       278.5315327949         9.4598764022         4.0343583541         3.5676545896 =       101.4776837908 /         62
testat       278.5338558738         9.4598809131         4.0343583541         3.5676545896 =       101.7030967618 /         62
testat       278.5338558738         9.4598718914         4.0343583541         3.5676545896 =       101.2734896489 /         62
testat       278.5338558738         9.4598764022         4.0343962395         3.5676545896 =       101.4783798575 /         62
testat       278.5338558738         9.4598764022         4.0343204687         3.5676545896 =       101.4681198582 /         62
testat       278.5338558738         9.4598764022         4.0343583541         3.5677201623 =       101.4712978701 /         62
testat       278.5338558738         9.4598764022         4.0343583541         3.5675890169 =       101.4752014142 /         62
testat       277.6798530072         9.4598395258         4.0169597165         3.5688151114 =        99.7293870153 /         62
testat       277.1429287175         9.4598163410         4.0060209346         3.5695447487 =        99.4002704721 /         62
testat       277.1452426775         9.4598163410         4.0060209346         3.5695447487 =        99.4001668902 /         62
testat       277.1406147575         9.4598163410         4.0060209346         3.5695447487 =        99.4004224710 /         62
testat       277.1429287175         9.4598208518         4.0060209346         3.5695447487 =        99.3819013879 /         62
testat       277.1429287175         9.4598118302         4.0060209346         3.5695447487 =        99.4498113331 /         62
testat       277.1429287175         9.4598163410         4.0060582704         3.5695447487 =        99.4011370869 /         62
testat       277.1429287175         9.4598163410         4.0059835989         3.5695447487 =        99.3994521139 /         62
testat       277.1429287175         9.4598163410         4.0060209346         3.5696096548 =        99.4004392488 /         62
testat       277.1429287175         9.4598163410         4.0060209346         3.5694798426 =        99.4001495700 /         62
testat       276.6564880615         9.4598149928         3.9978807655         3.5700156480 =        99.3166133806 /         62
testat       276.5713339117         9.4598147568         3.9964557835         3.5700980815 =        99.3147685410 /         62
testat       276.5736338929         9.4598147568         3.9964557835         3.5700980815 =        99.3147956267 /         62
testat       276.5690339306         9.4598147568         3.9964557835         3.5700980815 =        99.3147894858 /         62
testat       276.5713339117         9.4598192676         3.9964557835         3.5700980815 =        99.3315689354 /         62
testat       276.5713339117         9.4598102460         3.9964557835         3.5700980815 =        99.3291768807 /         62
testat       276.5713339117         9.4598147568         3.9964929554         3.5700980815 =        99.3147854341 /         62
testat       276.5713339117         9.4598147568         3.9964186116         3.5700980815 =        99.3148438937 /         62
testat       276.5713339117         9.4598147568         3.9964825511         3.5700980815 =        99.3147758626 /         62
testat       276.5713339117         9.4598147568         3.9964290160         3.5700980815 =        99.3148303304 /         62
testat       276.5713339117         9.4598147568         3.9964557835         3.5701629599 =        99.3147919561 /         62
testat       276.5713339117         9.4598147568         3.9964557835         3.5700332030 =        99.3147929596 /         62
testat       276.6011002053         9.4598149275         3.9969500036         3.5700550604 =        99.3151535435 /         62
testat       276.5790766907         9.4598148012         3.9965843396         3.5700868909 =        99.3147789704 /         62
testat       276.5748660738         9.4598147770         3.9965144292         3.5700929765 =        99.3147699742 /         62
testat       276.5730503353         9.4598147666         3.9964842819         3.5700956007 =        99.3147685409 /         62
testat       276.5721922020         9.4598147617         3.9964700340         3.5700968410 =        99.3147683763 /         62
testat       276.5744874679         9.4598147617         3.9964700340         3.5700968410 =        99.3147952943 /         62
testat       276.5698969362         9.4598147617         3.9964700340         3.5700968410 =        99.3147892918 /         62
testat       276.5721922020         9.4598192725         3.9964700340         3.5700968410 =        99.3315340592 /         62
testat       276.5721922020         9.4598102509         3.9964700340         3.5700968410 =        99.3292112890 /         62
testat       276.5721922020         9.4598147617         3.9964923031         3.5700968410 =        99.3147733367 /         62
testat       276.5721922020         9.4598147617         3.9964477649         3.5700968410 =        99.3147806642 /         62
testat       276.5721922020         9.4598147617         3.9965071189         3.5700968410 =        99.3147861917 /         62
testat       276.5721922020         9.4598147617         3.9964329492         3.5700968410 =        99.3148425843 /         62
testat       276.5721922020         9.4598147617         3.9964967712         3.5700968410 =        99.3147764095 /         62
testat       276.5721922020         9.4598147617         3.9964432969         3.5700968410 =        99.3147852073 /         62
testat       276.5721922020         9.4598147617         3.9964700340         3.5701617194 =        99.3147918189 /         62
testat       276.5721922020         9.4598147617         3.9964700340         3.5700319626 =        99.3147927676 /         62
testat       276.5723113450         9.4598145888         3.9964684167         3.5700979163 =        99.3147481250 /         62
testat       276.5723023615         9.4598146018         3.9964685386         3.5700978352 =        99.3147481234 /         62
testat       276.5745976341         9.4598146018         3.9964685386         3.5700978352 =        99.3147704885 /         62
testat       276.5700070889         9.4598146018         3.9964685386         3.5700978352 =        99.3147735920 /         62
testat       276.5723023615         9.4598191126         3.9964685386         3.5700978352 =        99.3304515882 /         62
testat       276.5723023615         9.4598100911         3.9964685386         3.5700978352 =        99.3302703240 /         62
testat       276.5723023615         9.4598146018         3.9965056235         3.5700978352 =        99.3147764872 /         62
testat       276.5723023615         9.4598146018         3.9964314538         3.5700978352 =        99.3147675920 /         62
testat       276.5723023615         9.4598146018         3.9964685386         3.5701627137 =        99.3147711565 /         62
testat       276.5723023615         9.4598146018         3.9964685386         3.5700329568 =        99.3147729241 /         62

 MIGRAD MINIMIZATION HAS CONVERGED.

 MIGRAD WILL VERIFY CONVERGENCE AND ERROR MATRIX.
testat       276.5723023615         9.4598146018         3.9964685386         3.5700978352 =        99.3147481234 /         62
testat       276.5745976341         9.4598146018         3.9964685386         3.5700978352 =        99.3147704885 /         62
testat       276.5700070889         9.4598146018         3.9964685386         3.5700978352 =        99.3147735920 /         62
testat       276.5723023615         9.4598191126         3.9964685386         3.5700978352 =        99.3304515882 /         62
testat       276.5723023615         9.4598100911         3.9964685386         3.5700978352 =        99.3302703240 /         62
testat       276.5723023615         9.4598146018         3.9965056235         3.5700978352 =        99.3147764872 /         62
testat       276.5723023615         9.4598146018         3.9964314538         3.5700978352 =        99.3147675920 /         62
testat       276.5723023615         9.4598146018         3.9964685386         3.5701627137 =        99.3147711565 /         62
testat       276.5723023615         9.4598146018         3.9964685386         3.5700329568 =        99.3147729241 /         62
testat       276.5727614160         9.4598146018         3.9964685386         3.5700978352 =        99.3147487697 /         62
testat       276.5718433070         9.4598146018         3.9964685386         3.5700978352 =        99.3147493904 /         62
testat       276.5723023615         9.4598168572         3.9964685386         3.5700978352 =        99.3187839446 /         62
testat       276.5723023615         9.4598123464         3.9964685386         3.5700978352 =        99.3185547558 /         62
testat       276.5723023615         9.4598150529         3.9964685386         3.5700978352 =        99.3149520143 /         62
testat       276.5723023615         9.4598141508         3.9964685386         3.5700978352 =        99.3149008743 /         62
testat       276.5723023615         9.4598146018         3.9964759556         3.5700978352 =        99.3147499697 /         62
testat       276.5723023615         9.4598146018         3.9964611217         3.5700978352 =        99.3147481905 /         62
testat       276.5723023615         9.4598146018         3.9964685386         3.5701108109 =        99.3147489033 /         62
testat       276.5723023615         9.4598146018         3.9964685386         3.5700848596 =        99.3147492569 /         62
testat       276.5745976341         9.4598191126         3.9964685386         3.5700978352 =        99.3307272223 /         62
testat       276.5745976341         9.4598146018         3.9965056235         3.5700978352 =        99.3147525922 /         62
testat       276.5723023615         9.4598191126         3.9965056235         3.5700978352 =        99.3300590026 /         62
testat       276.5745976341         9.4598146018         3.9964685386         3.5701627137 =        99.3148171924 /         62
testat       276.5723023615         9.4598191126         3.9964685386         3.5701627137 =        99.3305613132 /         62
testat       276.5723023615         9.4598146018         3.9965056235         3.5701627137 =        99.3147786876 /         62
 COVARIANCE MATRIX CALCULATED SUCCESSFULLY

 FCN=   99.31475     FROM MIGRAD    STATUS=CONVERGED    140 CALLS      141 TOTAL
                     EDM=  0.13E-04    STRATEGY= 1      ERROR MATRIX ACCURATE 

  EXT PARAMETER                                   STEP         FIRST   
  NO.   NAME        VALUE          ERROR          SIZE      DERIVATIVE 
   1     area       276.57        2.2938       0.22953E-02  -0.67607E-03
   2     mass       9.4598       0.45456E-04   0.45108E-05    56.686    
   3     wide       3.9965       0.37420E-01   0.37085E-04   0.11994    
   4     back       3.5701       0.15635E-01   0.64878E-04  -0.13623E-01

 EXTERNAL ERROR MATRIX.    NDIM=  50    NPAR=  4    ERR DEF=  1.00    
  0.526E+01 0.550E-04 0.833E-01-0.115E-01
  0.550E-04 0.207E-08 0.992E-06-0.672E-07
  0.833E-01 0.992E-06 0.140E-02-0.124E-03
 -0.115E-01-0.672E-07-0.124E-03 0.244E-03

 PARAMETER  CORRELATION COEFFICIENTS
       NO.  GLOBAL     1     2     3     4
        1  0.97884  1.000 0.527 0.971-0.322
        2  0.60769  0.527 1.000 0.583-0.094
        3  0.97925  0.971 0.583 1.000-0.213
        4  0.52917 -0.322-0.094-0.213 1.000
 **********
 **    3 **SAVE
 **********
 CURRENT VALUES WILL BE SAVED ON UNIT  6: stdout                                                          

SET TITLE 
Real Kuraev-Fadin Fit                             
PARAMETERS
     1'area      '  0.27657E+03  0.22938E+01
     2'mass      '  0.94598E+01  0.45456E-04
     3'wide      '  0.39965E+01  0.37420E-01
     4'back      '  0.35701E+01  0.15635E-01
 
SET COVARIANCE     4
 0.5261E+01 0.5498E-04 0.2066E-08 0.8332E-01 0.9919E-06 0.1400E-02-0.1155E-01
-0.6715E-07-0.1244E-03 0.2444E-03
    11 RECORDS WRITTEN TO UNIT   6:stdout                                       
 INCLUDING    3 RECORDS FOR THE COVARIANCE MATRIX.

 **********
 **    4 **SHOW CORRELATIONS
 **********

 PARAMETER  CORRELATION COEFFICIENTS
       NO.  GLOBAL     1     2     3     4
        1  0.97884  1.000 0.527 0.971-0.322
        2  0.60769  0.527 1.000 0.583-0.094
        3  0.97925  0.971 0.583 1.000-0.213
        4  0.52917 -0.322-0.094-0.213 1.000
 **********
 **    5 **SHOW COVARIANCE
 **********

 EXTERNAL ERROR MATRIX.    NDIM=  50    NPAR=  4    ERR DEF=  1.00    
  0.526E+01 0.550E-04 0.833E-01-0.115E-01
  0.550E-04 0.207E-08 0.992E-06-0.672E-07
  0.833E-01 0.992E-06 0.140E-02-0.124E-03
 -0.115E-01-0.672E-07-0.124E-03 0.244E-03

 PARAMETER  CORRELATION COEFFICIENTS
       NO.  GLOBAL     1     2     3     4
        1  0.97884  1.000 0.527 0.971-0.322
        2  0.60769  0.527 1.000 0.583-0.094
        3  0.97925  0.971 0.583 1.000-0.213
        4  0.52917 -0.322-0.094-0.213 1.000
 **********
 **    6 **SHOW EIGENVALUES
 **********
 EIGENVALUES OF SECOND-DERIVATIVE MATRIX:
         0.2088E-01  0.5360E+00  0.9401E+00  0.2503E+01
 **********
 **    7 **SHOW FCNVALUE
 **********

 FCN=   99.31475     FROM SAVe      STATUS=CONVERGED      0 CALLS      141 TOTAL
                     EDM=  0.13E-04    STRATEGY= 1      ERROR MATRIX ACCURATE 
 Writing out experimental points.
 Writing out theoretical curve.
 param	area =    276.572302361471      +/-    2.29377763599787      MeV nb
 param	mass =    9.45981460184117      +/-   4.545648524323812E-005 GeV
 param	wide =    3.99646853862200      +/-   3.741969616417032E-002 MeV
 param	back =    3.57009783524350      +/-   1.563470063305403E-002 nb
