Minuit succeeded.
1s under jitter 0.01 = 13.6962728075 with chi^2 513.55916247
eigenvalues: 
-0.207506
0.774953
0.911572
1
1
1
1.00067
1.01736
2.50295
matrix forced pos-def by adding 0.210009 to diagonal
MnHesse: matrix is invalid!
MnHesse: matrix is not pos. def.!
MnHesse: matrix was forced pos. def.
FunctionMinimum is invalid.
Minuit failed because covariance is not accurate, and covariance is not positive definite.
2s under jitter 0.01 = 5.58754357581 with chi^2 78.3938458983
Minuit succeeded.
3s under jitter 0.01 = 3.58125358714 with chi^2 411.107162951
