Minuit succeeded.
1s under jitter 0.05 = 13.7035799692 with chi^2 502.544181088
VariableMetricBuilder: no improvement
eigenvalues: 
-0.697617
0.681366
0.914975
1
1
1
1.00117
1.40212
2.69798
matrix forced pos-def by adding 0.700315 to diagonal
MnHesse: matrix is invalid!
MnHesse: matrix is not pos. def.!
MnHesse: matrix was forced pos. def.
FunctionMinimum is invalid.
Minuit failed because covariance is not accurate, and covariance is not positive definite.
2s under jitter 0.05 = 5.61570146438 with chi^2 78.8762492829
Minuit succeeded.
3s under jitter 0.05 = 3.58728615967 with chi^2 413.301873491
