your job 395374 ("mc123610.run") has been submitted
your job 395375 ("mc123611.run") has been submitted
your job 395376 ("mc123612.run") has been submitted
your job 395377 ("mc121916.run") has been submitted
your job 395378 ("mc121917.run") has been submitted
your job 395379 ("mc121918.run") has been submitted
your job 395380 ("mc123615.run") has been submitted
your job 395381 ("mc123616.run") has been submitted
your job 395382 ("mc123617.run") has been submitted
your job 395383 ("mc121920.run") has been submitted
your job 395384 ("mc121924.run") has been submitted
your job 395385 ("mc121925.run") has been submitted
your job 395386 ("mc123618.run") has been submitted
your job 395387 ("mc123619.run") has been submitted
your job 395388 ("mc123620.run") has been submitted
your job 395390 ("mc121927.run") has been submitted
your job 395391 ("mc121928.run") has been submitted
your job 395392 ("mc121929.run") has been submitted
your job 395393 ("mc123621.run") has been submitted
your job 395448 ("mc123623.run") has been submitted
your job 395452 ("mc123624.run") has been submitted
your job 395455 ("mc121930.run") has been submitted
your job 395564 ("mc121932.run") has been submitted
your job 395569 ("mc121933.run") has been submitted
your job 395571 ("mc123631.run") has been submitted
Waiting one minute...
Waiting one minute...
Waiting one minute...
Waiting one minute...
Waiting one minute...
Waiting one minute...
Waiting one minute...
Waiting one minute...
Waiting one minute...
Waiting one minute...
Waiting one minute...
Waiting one minute...
Waiting one minute...
Waiting one minute...
Waiting one minute...
Waiting one minute...
Waiting one minute...
Waiting one minute...
Waiting one minute...
Waiting one minute...
Waiting one minute...
Waiting one minute...
Waiting one minute...
Waiting one minute...
Waiting one minute...
Waiting one minute...
Waiting one minute...
Waiting one minute...
Waiting one minute...
Waiting one minute...
Waiting one minute...
Waiting one minute...
Waiting one minute...
Waiting one minute...
Waiting one minute...
Waiting one minute...
Waiting one minute...
Waiting one minute...
Waiting one minute...
Waiting one minute...
Waiting one minute...
Waiting one minute...
Waiting one minute...
Waiting one minute...
Waiting one minute...
Waiting one minute...
Waiting one minute...
Waiting one minute...
Waiting one minute...
Waiting one minute...
Waiting one minute...
Waiting one minute...
Waiting one minute...
Waiting one minute...
Waiting one minute...
Waiting one minute...
Waiting one minute...
Waiting one minute...
Waiting one minute...
Waiting one minute...
Waiting one minute...
Waiting one minute...
Waiting one minute...
Waiting one minute...
Waiting one minute...
Waiting one minute...
Waiting one minute...
Waiting one minute...
Waiting one minute...
Waiting one minute...
Waiting one minute...
Waiting one minute...
Waiting one minute...
Waiting one minute...
Waiting one minute...
Waiting one minute...
Waiting one minute...
Waiting one minute...
Waiting one minute...
Waiting one minute...
Waiting one minute...
Waiting one minute...
Waiting one minute...
Waiting one minute...
Waiting one minute...
Waiting one minute...
Waiting one minute...
Waiting one minute...
Waiting one minute...
Waiting one minute...
Waiting one minute...
Waiting one minute...
Waiting one minute...
Waiting one minute...
Waiting one minute...
Waiting one minute...
Waiting one minute...
Waiting one minute...
Waiting one minute...
Waiting one minute...
Waiting one minute...
Waiting one minute...
Waiting one minute...
Waiting one minute...
Waiting one minute...
Waiting one minute...
Waiting one minute...
Waiting one minute...
Waiting one minute...
Waiting one minute...
Waiting one minute...
Waiting one minute...
Waiting one minute...
Waiting one minute...
Waiting one minute...
Waiting one minute...
Waiting one minute...
Waiting one minute...
Waiting one minute...
Waiting one minute...
Waiting one minute...
Waiting one minute...
Waiting one minute...
Waiting one minute...
Waiting one minute...
Waiting one minute...
Waiting one minute...
Waiting one minute...
Waiting one minute...
Waiting one minute...
Waiting one minute...
Waiting one minute...
Waiting one minute...
Waiting one minute...
Waiting one minute...
Waiting one minute...
Waiting one minute...
Waiting one minute...
Waiting one minute...
Waiting one minute...
Waiting one minute...
Waiting one minute...
Waiting one minute...
Waiting one minute...
Waiting one minute...
Waiting one minute...
Waiting one minute...
Waiting one minute...
Waiting one minute...
Waiting one minute...
Waiting one minute...
Waiting one minute...
Waiting one minute...
Waiting one minute...
Waiting one minute...
Waiting one minute...
Waiting one minute...
Waiting one minute...
Waiting one minute...
Waiting one minute...
Waiting one minute...
Waiting one minute...
Waiting one minute...
Waiting one minute...
Waiting one minute...
Waiting one minute...
Waiting one minute...
Waiting one minute...
Waiting one minute...
Waiting one minute...
Waiting one minute...
Waiting one minute...
Waiting one minute...
Waiting one minute...
Waiting one minute...
Waiting one minute...
Waiting one minute...
Waiting one minute...
Waiting one minute...
Waiting one minute...
Waiting one minute...
Waiting one minute...
Waiting one minute...
Waiting one minute...
Waiting one minute...
Waiting one minute...
Waiting one minute...
Waiting one minute...
Waiting one minute...
Waiting one minute...
Waiting one minute...
Waiting one minute...
Waiting one minute...
Waiting one minute...
Waiting one minute...
Waiting one minute...
Waiting one minute...
Waiting one minute...
Waiting one minute...
Waiting one minute...
Waiting one minute...
Waiting one minute...
Waiting one minute...
Waiting one minute...
Waiting one minute...
Waiting one minute...
Waiting one minute...
Waiting one minute...
Waiting one minute...
Waiting one minute...
Waiting one minute...
Waiting one minute...
Waiting one minute...
Waiting one minute...
Waiting one minute...
Waiting one minute...
Waiting one minute...
Waiting one minute...
Waiting one minute...
Waiting one minute...
Waiting one minute...
Waiting one minute...
Waiting one minute...
Waiting one minute...
Waiting one minute...
Waiting one minute...
Waiting one minute...
Waiting one minute...
Waiting one minute...
Waiting one minute...
Waiting one minute...
Waiting one minute...
Waiting one minute...
Waiting one minute...
Waiting one minute...
Waiting one minute...
Waiting one minute...
Waiting one minute...
Waiting one minute...
Waiting one minute...
Waiting one minute...
Waiting one minute...
Waiting one minute...
Waiting one minute...
Waiting one minute...
Waiting one minute...
Waiting one minute...
Waiting one minute...
Waiting one minute...
Waiting one minute...
Waiting one minute...
Waiting one minute...
Waiting one minute...
Waiting one minute...
Waiting one minute...
Waiting one minute...
Waiting one minute...
Waiting one minute...
Waiting one minute...
Waiting one minute...
Waiting one minute...
Waiting one minute...
Waiting one minute...
Waiting one minute...
Waiting one minute...
Waiting one minute...
Waiting one minute...
Waiting one minute...
Waiting one minute...
Waiting one minute...
Waiting one minute...
Waiting one minute...
Waiting one minute...
Waiting one minute...
Waiting one minute...
Waiting one minute...
Waiting one minute...
Waiting one minute...
Waiting one minute...
Waiting one minute...
Waiting one minute...
Waiting one minute...
Waiting one minute...
Waiting one minute...
Waiting one minute...
Waiting one minute...
Waiting one minute...
Waiting one minute...
Waiting one minute...
Waiting one minute...
Waiting one minute...
Waiting one minute...
Waiting one minute...
Waiting one minute...
Waiting one minute...
Waiting one minute...
Waiting one minute...
Waiting one minute...
Waiting one minute...
Waiting one minute...
Waiting one minute...
Waiting one minute...
Waiting one minute...
Waiting one minute...
Waiting one minute...
Waiting one minute...
Waiting one minute...
Waiting one minute...
Waiting one minute...
Waiting one minute...
Waiting one minute...
Waiting one minute...
Waiting one minute...
Waiting one minute...
Waiting one minute...
Waiting one minute...
Waiting one minute...
Waiting one minute...
Waiting one minute...
Waiting one minute...
Waiting one minute...
Waiting one minute...
Waiting one minute...
Waiting one minute...
Waiting one minute...
Waiting one minute...
Waiting one minute...
Waiting one minute...
Waiting one minute...
Waiting one minute...
Waiting one minute...
Waiting one minute...
Waiting one minute...
Waiting one minute...
Waiting one minute...
Waiting one minute...
Waiting one minute...
Waiting one minute...
Waiting one minute...
Waiting one minute...
Waiting one minute...
Waiting one minute...
Waiting one minute...
Waiting one minute...
Waiting one minute...
Waiting one minute...
Waiting one minute...
Waiting one minute...
Waiting one minute...
Waiting one minute...
Waiting one minute...
Waiting one minute...
Waiting one minute...
Waiting one minute...
Waiting one minute...
Waiting one minute...
Waiting one minute...
Waiting one minute...
Waiting one minute...
Waiting one minute...
Waiting one minute...
Waiting one minute...
Waiting one minute...
Waiting one minute...
Waiting one minute...
Waiting one minute...
Waiting one minute...
Waiting one minute...
Waiting one minute...
Waiting one minute...
Waiting one minute...
Waiting one minute...
Waiting your job 395582 ("mc123632.run") has been submitted
your job 395583 ("mc123633.run") has been submitted
your job 395585 ("mc121936.run") has been submitted
your job 395598 ("mc121939.run") has been submitted
your job 395615 ("mc121940.run") has been submitted
your job 395617 ("mc123635.run") has been submitted
your job 395659 ("mc123636.run") has been submitted
your job 395678 ("mc123637.run") has been submitted
your job 395681 ("mc121943.run") has been submitted
your job 395696 ("mc121944.run") has been submitted
your job 395717 ("mc121946.run") has been submitted
your job 395784 ("mc123638.run") has been submitted
your job 395807 ("mc123639.run") has been submitted
your job 395840 ("mc123640.run") has been submitted
your job 395843 ("mc121948.run") has been submitted
your job 395880 ("mc121949.run") has been submitted
your job 395908 ("mc121950.run") has been submitted
your job 395964 ("mc123641.run") has been submitted
your job 395965 ("mc123643.run") has been submitted
your job 395966 ("mc123644.run") has been submitted
your job 395967 ("mc121951.run") has been submitted
your job 396069 ("mc121952.run") has been submitted
your job 396072 ("mc121953.run") has been submitted
one minute...
Waiting one minute...
Waiting one minute...
Waiting one minute...
Waiting one minute...
Waiting one minute...
Waiting one minute...
Waiting one minute...
Waiting one minute...
Waiting one minute...
Waiting one minute...
Waiting one minute...
Waiting one minute...
Waiting one minute...
Waiting one minute...
Waiting one minute...
Waiting one minute...
Waiting one minute...
Waiting one minute...
Waiting one minute...
Waiting one minute...
Waiting one minute...
Waiting one minute...
Waiting one minute...
Waiting one minute...
Waiting one minute...
Waiting one minute...
Waiting one minute...
Waiting one minute...
Waiting one minute...
Waiting one minute...
Waiting one minute...
Waiting one minute...
Waiting one minute...
Waiting one minute...
Waiting one minute...
Waiting one minute...
Waiting one minute...
Waiting one minute...
Waiting one minute...
Waiting one minute...
Waiting one minute...
Waiting one minute...
Waiting one minute...
Waiting one minute...
Waiting one minute...
Waiting one minute...
Waiting one minute...
Waiting one minute...
Waiting one minute...
Waiting one minute...
Waiting one minute...
Waiting one minute...
Waiting one minute...
Waiting one minute...
Waiting one minute...
Waiting one minute...
Waiting one minute...
Waiting one minute...
Waiting one minute...
Waiting one minute...
Waiting one minute...
Waiting one minute...
Waiting one minute...
Waiting one minute...
Waiting one minute...
Waiting one minute...
Waiting one minute...
Waiting one minute...
Waiting one minute...
Waiting one minute...
Waiting one minute...
Waiting one minute...
Waiting one minute...
Waiting one minute...
Waiting one minute...
Waiting one minute...
Waiting one minute...
Waiting one minute...
Waiting one minute...
Waiting one minute...
Waiting one minute...
Waiting one minute...
Waiting one minute...
Waiting one minute...
Waiting one minute...
Waiting one minute...
Waiting one minute...
Waiting one minute...
Waiting one minute...
Waiting one minute...
Waiting one minute...
Waiting one minute...
Waiting one minute...
Waiting one minute...
Waiting one minute...
Waiting one minute...
Waiting one minute...
Waiting one minute...
Waiting one minute...
Waiting one minute...
Waiting one minute...
Waiting one minute...
Waiting one minute...
Waiting one minute...
Waiting one minute...
Waiting one minute...
Waiting one minute...
Waiting one minute...
Waiting one minute...
Waiting one minute...
Waiting one minute...
Waiting one minute...
Waiting one minute...
Waiting one minute...
Waiting one minute...
Waiting one minute...
Waiting one minute...
Waiting one minute...
Waiting one minute...
Waiting one minute...
Waiting one minute...
Waiting one minute...
Waiting one minute...
Waiting one minute...
Waiting one minute...
Waiting one minute...
Waiting one minute...
Waiting one minute...
Waiting one minute...
Waiting one minute...
Waiting one minute...
Waiting one minute...
Waiting one minute...
Waiting one minute...
Waiting one minute...
Waiting one minute...
Waiting one minute...
Waiting one minute...
Waiting one minute...
Waiting one minute...
Waiting one minute...
Waiting one minute...
Waiting one minute...
Waiting one minute...
Waiting one minute...
Waiting one minute...
Waiting one minute...
Waiting one minute...
Waiting one minute...
Waiting one minute...
Waiting one minute...
Waiting one minute...
Waiting one minute...
Waiting one minute...
Waiting one minute...
Waiting one minute...
Waiting one minute...
Waiting one minute...
Waiting one minute...
Waiting one minute...
Waiting one minute...
Waiting one minute...
Waiting one minute...
Waiting one minute...
Waiting one minute...
Waiting one minute...
Waiting one minute...
Waiting one minute...
Waiting one minute...
Waiting one minute...
Waiting one minute...
Waiting one minute...
Waiting one minute...
Waiting one minute...
Waiting one minute...
Waiting one minute...
Waiting one minute...
Waiting one minute...
Waiting one minute...
Waiting one minute...
Waiting one minute...
Waiting one minute...
Waiting one minute...
Waiting one minute...
Waiting one minute...
Waiting one minute...
Waiting one minute...
Waiting one minute...
Waiting one minute...
Waiting one minute...
Waiting one minute...
Waiting one minute...
Waiting one minute...
Waiting one minute...
Waiting one minute...
Waiting one minute...
Waiting one minute...
Waiting one minute...
Waiting one minute...
Waiting one minute...
Waiting one minute...
Waiting one minute...
Waiting one minute...
Waiting one minute...
Waiting one minute...
Waiting one minute...
Waiting one minute...
Waiting one minute...
Waiting one minute...
Waiting one minute...
Waiting one minute...
Waiting one minute...
Waiting one minute...
Waiting one minute...
Waiting one minute...
Waiting one minute...
Waiting one minute...
Waiting one minute...
Waiting one minute...
Waiting one minute...
Waiting one minute...
Waiting one minute...
Waiting one minute...
Waiting one minute...
Waiting one minute...
Waiting one minute...
Waiting one minute...
Waiting one minute...
Waiting one minute...
Waiting one minute...
Waiting one minute...
Waiting one minute...
Waiting one minute...
Waiting one minute...
Waiting one minute...
Waiting one minute...
Waiting one minute...
Waiting one minute...
Waiting one minute...
Waiting one minute...
Waiting one minute...
Waiting one minute...
Waiting one minute...
Waiting one minute...
Waiting one minute...
Waiting one minute...
Waiting one minute...
Waiting one minute...
Waiting one minute...
Waiting one minute...
Waiting one minute...
Waiting one minute...
Waiting one minute...
Waiting one minute...
Waiting one minute...
Waiting one minute...
Waiting one minute...
Waiting one minute...
Waiting one minute...
Waiting one minute...
Waiting one minute...
Waiting one minute...
Waiting one minute...
Waiting one minute...
Waiting one minute...
Waiting one minute...
Waiting one minute...
Waiting one minute...
Waiting one minute...
Waiting one minute...
Waiting one minute...
Waiting one minute...
Waiting one minute...
Waiting one minute...
Waiting one minute...
Waiting one minute...
Waiting one minute...
Waiting one minute...
Waiting one minute...
Waiting one minute...
Waiting one minute...
Waiting one minute...
Waiting one minute...
Waiting one minute...
Waiting one minute...
Waiting one minute...
Waiting one minute...
Waiting one minute...
Waiting one minute...
Waiting one minute...
Waiting one minute...
Waiting one minute...
Waiting one minute...
Waiting one minute...
Waiting one minute...
Waiting one minute...
Waiting one minute...
Waiting one minute...
Waiting one minute...
Waiting one minute...
Waiting one minute...
Waiting one minute...
Waiting one minute...
Waiting one minute...
Waiting one minute...
Waiting one minute...
Waiting one minute...
Waiting one minute...
Waiting one minute...
Waiting one minute...
Waiting one minute...
Waiting one minute...
Waiting one minute...
Waiting one minute...
Waiting one minute...
Waiting one minute...
Waiting one minute...
Waiting one minute...
Waiting one minute...
Waiting one minute...
Waiting one minute...
Waiting one minute...
Waiting one minute...
Waiting one minute...
Waiting one minute...
Waiting one minute...
Waiting one minute...
Waiting one minute...
Waiting one minute...
Waiting one minute...
Waiting one minute...
Waiting one minute...
Waiting one minute...
Waiting one minute...
Waiting one minute...
Waiting one minute...
Waiting one minute...
Waiting one minute...
Waiting one minute...
Waiting one minute...
Waiting one minute...
Waiting one minute...
Waiting one minute...
Waiting one minute...
Waiting one minute...
Waiting one minute...
Waiting one minute...
Waiting one minute...
Waiting one minute...
Waiting one minute...
Waiting one minute...
Waiting one minute...
Waiting one minute...
Waiting one minute...
Waiting one minute...
Waiting one minute...
Waiting one minute...
Waiting one minute...
Waiting one minute...
Waiting one minute...
Waiting one minute...
Waiting one minute...
Waiting one minute...
Waiting one minute...
Waiting one minute...
Waiting one minute...
Waiting one minute...
Waiting one minute...
Waiting one minute...
Waiting one minute...
Waiting one minute...
Waiting one minuyour job 396073 ("mc123645.run") has been submitted
your job 396081 ("mc123646.run") has been submitted
your job 396082 ("mc123647.run") has been submitted
your job 396083 ("mc121962.run") has been submitted
your job 396085 ("mc121963.run") has been submitted
your job 396099 ("mc121965.run") has been submitted
your job 396102 ("mc123648.run") has been submitted
your job 396109 ("mc123650.run") has been submitted
your job 396116 ("mc123651.run") has been submitted
your job 396124 ("mc121966.run") has been submitted
your job 396126 ("mc121968.run") has been submitted
your job 396127 ("mc121969.run") has been submitted
your job 396130 ("mc123652.run") has been submitted
your job 396134 ("mc123653.run") has been submitted
your job 396135 ("mc123654.run") has been submitted
your job 396136 ("mc121970.run") has been submitted
your job 396146 ("mc121972.run") has been submitted
your job 396157 ("mc121973.run") has been submitted
your job 396163 ("mc123656.run") has been submitted
your job 396169 ("mc123658.run") has been submitted
your job 396170 ("mc123659.run") has been submitted
your job 396171 ("mc121974.run") has been submitted
your job 396172 ("mc121975.run") has been submitted
your job 396173 ("mc121976.run") has been submitted
your job 396175 ("mc123665.run") has been submitted
your job 396181 ("mc123670.run") has been submitted
your job 396182 ("mc123673.run") has been submitted
te...
Waiting one minute...
Waiting one minute...
Waiting one minute...
Waiting one minute...
Waiting one minute...
Waiting one minute...
Waiting one minute...
Waiting one minute...
Waiting one minute...
Waiting one minute...
Waiting one minute...
Waiting one minute...
Waiting one minute...
Waiting one minute...
Waiting one minute...
Waiting one minute...
Waiting one minute...
Waiting one minute...
Waiting one minute...
Waiting one minute...
Waiting one minute...
Waiting one minute...
Waiting one minute...
Waiting one minute...
Waiting one minute...
Waiting one minute...
Waiting one minute...
Waiting one minute...
Waiting one minute...
Waiting one minute...
Waiting one minute...
Waiting one minute...
Waiting one minute...
Waiting one minute...
Waiting one minute...
Waiting one minute...
Waiting one minute...
Waiting one minute...
Waiting one minute...
Waiting one minute...
Waiting one minute...
Waiting one minute...
Waiting one minute...
Waiting one minute...
Waiting one minute...
Waiting one minute...
Waiting one minute...
Waiting one minute...
Waiting one minute...
Waiting one minute...
Waiting one minute...
Waiting one minute...
Waiting one minute...
Waiting one minute...
Waiting one minute...
Waiting one minute...
Waiting one minute...
Waiting one minute...
Waiting one minute...
Waiting one minute...
Waiting one minute...
Waiting one minute...
Waiting one minute...
Waiting one minute...
Waiting one minute...
Waiting one minute...
Waiting one minute...
Waiting one minute...
Waiting one minute...
Waiting one minute...
Waiting one minute...
Waiting one minute...
Waiting one minute...
Waiting one minute...
Waiting one minute...
Waiting one minute...
Waiting one minute...
Waiting one minute...
Waiting one minute...
Waiting one minute...
Waiting one minute...
Waiting one minute...
Waiting one minute...
Waiting one minute...
Waiting one minute...
Waiting one minute...
Waiting one minute...
Waiting one minute...
Waiting one minute...
Waiting one minute...
Waiting one minute...
Waiting one minute...
Waiting one minute...
Waiting one minute...
Waiting one minute...
Waiting one minute...
Waiting one minute...
Waiting one minute...
Waiting one minute...
Waiting one minute...
Waiting one minute...
Waiting one minute...
Waiting one minute...
Waiting one minute...
Waiting one minute...
Waiting one minute...
Waiting one minute...
Waiting one minute...
Waiting one minute...
Waiting one minute...
Waiting one minute...
Waiting one minute...
Waiting one minute...
Waiting one minute...
Waiting one minute...
Waiting one minute...
Waiting one minute...
Waiting one minute...
Waiting one minute...
Waiting one minute...
Waiting one minute...
Waiting one minute...
Waiting one minute...
Waiting one minute...
Waiting one minute...
Waiting one minute...
Waiting one minute...
Waiting one minute...
Waiting one minute...
Waiting one minute...
Waiting one minute...
Waiting one minute...
Waiting one minute...
Waiting one minute...
Waiting one minute...
Waiting one minute...
Waiting one minute...
Waiting one minute...
Waiting one minute...
Waiting one minute...
Waiting one minute...
Waiting one minute...
Waiting one minute...
Waiting one minute...
Waiting one minute...
Waiting one minute...
Waiting one minute...
Waiting one minute...
Waiting one minute...
Waiting one minute...
Waiting one minute...
Waiting one minute...
Waiting one minute...
Waiting one minute...
Waiting one minute...
Waiting one minute...
Waiting one minute...
Waiting one minute...
Waiting one minute...
Waiting one minute...
Waiting one minute...
Waiting one minute...
Waiting one minute...
Waiting one minute...
Waiting one minute...
Waiting one minute...
Waiting one minute...
Waiting one minute...
Waiting one minute...
Waiting one minute...
Waiting one minute...
Waiting one minute...
Waiting one minute...
Waiting one minute...
Waiting one minute...
Waiting one minute...
Waiting one minute...
Waiting one minute...
Waiting one minute...
Waiting one minute...
Waiting one minute...
Waiting one minute...
Waiting one minute...
Waiting one minute...
Waiting one minute...
Waiting one minute...
Waiting one minute...
Waiting one minute...
Waiting one minute...
Waiting one minute...
Waiting one minute...
Waiting one minute...
Waiting one minute...
Waiting one minute...
Waiting one minute...
Waiting one minute...
Waiting one minute...
Waiting one minute...
Waiting one minute...
Waiting one minute...
Waiting one minute...
Waiting one minute...
Waiting one minute...
Waiting one minute...
Waiting one minute...
Waiting one minute...
Waiting one minute...
Waiting one minute...
Waiting one minute...
Waiting one minute...
Waiting one minute...
Waiting one minute...
Waiting one minute...
Waiting one minute...
Waiting one minute...
Waiting one minute...
Waiting one minute...
Waiting one minute...
Waiting one minute...
Waiting one minute...
Waiting one minute...
Waiting one minute...
Waiting one minute...
Waiting one minute...
Waiting one minute...
Waiting one minute...
Waiting one minute...
Waiting one minute...
Waiting one minute...
Waiting one minute...
Waiting one minute...
Waiting one minute...
Waiting one minute...
Waiting one minute...
Waiting one minute...
Waiting one minute...
Waiting one minute...
Waiting one minute...
Waiting one minute...
Waiting one minute...
Waiting one minute...
Waiting one minute...
Waiting one minute...
Waiting one minute...
Waiting one minute...
Waiting one minute...
Waiting one minute...
Waiting one minute...
Waiting one minute...
Waiting one minute...
Waiting one minute...
Waiting one minute...
Waiting one minute...
Waiting one minute...
Waiting one minute...
Waiting one minute...
Waiting one minute...
Waiting one minute...
Waiting one minute...
Waiting one minute...
Waiting one minute...
Waiting one minute...
Waiting one minute...
Waiting one minute...
Waiting one minute...
Waiting one minute...
Waiting one minute...
Waiting one minute...
Waiting one minute...
Waiting one minute...
Waiting one minute...
Waiting one minute...
Waiting one minute...
Waiting one minute...
Waiting one minute...
Waiting one minute...
Waiting one minute...
Waiting one minute...
Waiting one minute...
Waiting one minute...
Waiting one minute...
Waiting one minute...
Waiting one minute...
Waiting one minute...
Waiting one minute...
Waiting one minute...
Waiting one minute...
Waiting one minute...
Waiting one minute...
Waiting one minute...
Waiting one minute...
Waiting one minute...
Waiting one minute...
Waiting one minute...
Waiting one minute...
Waiting one minute...
Waiting one minute...
Waiting one minute...
Waiting one minute...
Waiting one minute...
Waiting one minute...
Waiting one minute...
Waiting one minute...
Waiting one minute...
Waiting one minute...
Waiting one minute...
Waiting one minute...
Waiting one minute...
Waiting one minute...
Waiting one minute...
Waiting one minute...
Waiting one minute...
Waiting one minute...
Waiting one minute...
Waiting one minute...
Waiting one minute...
Waiting one minute...
Waiting one minute...
Waiting one minute...
Waiting one minute...
Waiting one minute...
Waiting one minute...
Waiting one minute...
Waiting one minute...
Waiting one minute...
Waiting one minute...
Waiting one minute...
Waiting one minute...
Waiting one minute...
Waiting one minute...
Waiting one minute...
Waiting one minute...
Waiting one minute...
Waiting one minute...
Waiting one minute...
Waiting one minute...
Waiting one minute...
Waiting one minute...
Waiting one minute...
Waiting one minute...
Waiting one minute...
Waiting one minute...
Waiting one minute...
Waiting one minute...
Waiting one minute...
Waiting one minute...
Waiting one minute...
Waiting one minute...
Waiting one minute...
Waiting one minute...
Waiting one minute...
Waiting one minute...
Waiting one minute...
Waiting one minute...
Waiting one minute...
Waiting one minute...
Waiting one minute...
Waiting one minute...
Waiting one minute...
Waiting one minute...
Waiting one minute...
Waiting one minute...
Waiting one minute...
Waiting one minute...
Waiting one minute...
Waiting one minute...
Waiting one minute...
Waiting one minute...
Waiting one minute...
Waiting one minute...
Waiting one minute...
Waiting one minute...
Wayour job 396184 ("mc121985.run") has been submitted
your job 396187 ("mc121986.run") has been submitted
your job 396224 ("mc121987.run") has been submitted
your job 396225 ("mc123674.run") has been submitted
your job 396226 ("mc123675.run") has been submitted
your job 396240 ("mc123678.run") has been submitted
your job 396241 ("mc121989.run") has been submitted
your job 396256 ("mc121992.run") has been submitted
your job 396267 ("mc121993.run") has been submitted
your job 396283 ("mc123679.run") has been submitted
your job 396315 ("mc123683.run") has been submitted
your job 396319 ("mc123685.run") has been submitted
your job 396324 ("mc121995.run") has been submitted
your job 396330 ("mc121996.run") has been submitted
your job 396365 ("mc121999.run") has been submitted
your job 396400 ("mc123686.run") has been submitted
your job 396402 ("mc123691.run") has been submitted
your job 396456 ("mc123692.run") has been submitted
your job 396556 ("mc122001.run") has been submitted
your job 396564 ("mc122003.run") has been submitted
your job 396565 ("mc122006.run") has been submitted
your job 396578 ("mc123693.run") has been submitted
your job 396605 ("mc123695.run") has been submitted
your job 396607 ("mc123697.run") has been submitted
iting one minute...
Waiting one minute...
Waiting one minute...
Waiting one minute...
Waiting one minute...
Waiting one minute...
Waiting one minute...
Waiting one minute...
Waiting one minute...
Waiting one minute...
Waiting one minute...
Waiting one minute...
Waiting one minute...
Waiting one minute...
Waiting one minute...
Waiting one minute...
Waiting one minute...
Waiting one minute...
Waiting one minute...
Waiting one minute...
Waiting one minute...
Waiting one minute...
Waiting one minute...
Waiting one minute...
Waiting one minute...
Waiting one minute...
Waiting one minute...
Waiting one minute...
Waiting one minute...
Waiting one minute...
Waiting one minute...
Waiting one minute...
Waiting one minute...
Waiting one minute...
Waiting one minute...
Waiting one minute...
Waiting one minute...
Waiting one minute...
Waiting one minute...
Waiting one minute...
Waiting one minute...
Waiting one minute...
Waiting one minute...
Waiting one minute...
Waiting one minute...
Waiting one minute...
Waiting one minute...
Waiting one minute...
Waiting one minute...
Waiting one minute...
Waiting one minute...
Waiting one minute...
Waiting one minute...
Waiting one minute...
Waiting one minute...
Waiting one minute...
Waiting one minute...
Waiting one minute...
Waiting one minute...
Waiting one minute...
Waiting one minute...
Waiting one minute...
Waiting one minute...
Waiting one minute...
Waiting one minute...
Waiting one minute...
Waiting one minute...
Waiting one minute...
Waiting one minute...
Waiting one minute...
Waiting one minute...
Waiting one minute...
Waiting one minute...
Waiting one minute...
Waiting one minute...
Waiting one minute...
Waiting one minute...
Waiting one minute...
Waiting one minute...
Waiting one minute...
Waiting one minute...
Waiting one minute...
Waiting one minute...
Waiting one minute...
Waiting one minute...
Waiting one minute...
Waiting one minute...
Waiting one minute...
Waiting one minute...
Waiting one minute...
Waiting one minute...
Waiting one minute...
Waiting one minute...
Waiting one minute...
Waiting one minute...
Waiting one minute...
Waiting one minute...
Waiting one minute...
Waiting one minute...
Waiting one minute...
Waiting one minute...
Waiting one minute...
Waiting one minute...
Waiting one minute...
Waiting one minute...
Waiting one minute...
Waiting one minute...
Waiting one minute...
Waiting one minute...
Waiting one minute...
Waiting one minute...
Waiting one minute...
Waiting one minute...
Waiting one minute...
Waiting one minute...
Waiting one minute...
Waiting one minute...
Waiting one minute...
Waiting one minute...
Waiting one minute...
Waiting one minute...
Waiting one minute...
Waiting one minute...
Waiting one minute...
Waiting one minute...
Waiting one minute...
Waiting one minute...
Waiting one minute...
Waiting one minute...
Waiting one minute...
Waiting one minute...
Waiting one minute...
Waiting one minute...
Waiting one minute...
Waiting one minute...
Waiting one minute...
Waiting one minute...
Waiting one minute...
Waiting one minute...
Waiting one minute...
Waiting one minute...
Waiting one minute...
Waiting one minute...
Waiting one minute...
Waiting one minute...
Waiting one minute...
Waiting one minute...
Waiting one minute...
Waiting one minute...
Waiting one minute...
Waiting one minute...
Waiting one minute...
Waiting one minute...
Waiting one minute...
Waiting one minute...
Waiting one minute...
Waiting one minute...
Waiting one minute...
Waiting one minute...
Waiting one minute...
Waiting one minute...
Waiting one minute...
Waiting one minute...
Waiting one minute...
Waiting one minute...
Waiting one minute...
Waiting one minute...
Waiting one minute...
Waiting one minute...
Waiting one minute...
Waiting one minute...
Waiting one minute...
Waiting one minute...
Waiting one minute...
Waiting one minute...
Waiting one minute...
Waiting one minute...
Waiting one minute...
Waiting one minute...
Waiting one minute...
Waiting one minute...
Waiting one minute...
Waiting one minute...
Waiting one minute...
Waiting one minute...
Waiting one minute...
Waiting one minute...
Waiting one minute...
Waiting one minute...
Waiting one minute...
Waiting one minute...
Waiting one minute...
Waiting one minute...
Waiting one minute...
Waiting one minute...
Waiting one minute...
Waiting one minute...
Waiting one minute...
Waiting one minute...
Waiting one minute...
Waiting one minute...
Waiting one minute...
Waiting one minute...
Waiting one minute...
Waiting one minute...
Waiting one minute...
Waiting one minute...
Waiting one minute...
Waiting one minute...
Waiting one minute...
Waiting one minute...
Waiting one minute...
Waiting one minute...
Waiting one minute...
Waiting one minute...
Waiting one minute...
Waiting one minute...
Waiting one minute...
Waiting one minute...
Waiting one minute...
Waiting one minute...
Waiting one minute...
Waiting one minute...
Waiting one minute...
Waiting one minute...
Waiting one minute...
Waiting one minute...
Waiting one minute...
Waiting one minute...
Waiting one minute...
Waiting one minute...
Waiting one minute...
Waiting one minute...
Waiting one minute...
Waiting one minute...
Waiting one minute...
Waiting one minute...
Waiting one minute...
Waiting one minute...
Waiting one minute...
Waiting one minute...
Waiting one minute...
Waiting one minute...
Waiting one minute...
Waiting one minute...
Waiting one minute...
Waiting one minute...
Waiting one minute...
Waiting one minute...
Waiting one minute...
Waiting one minute...
Waiting one minute...
Waiting one minute...
Waiting one minute...
Waiting one minute...
Waiting one minute...
Waiting one minute...
Waiting one minute...
Waiting one minute...
Waiting one minute...
Waiting one minute...
Waiting one minute...
Waiting one minute...
Waiting one minute...
Waiting one minute...
Waiting one minute...
Waiting one minute...
Waiting one minute...
Waiting one minute...
Waiting one minute...
Waiting one minute...
Waiting one minute...
Waiting one minute...
Waiting one minute...
Waiting one minute...
Waiting one minute...
Waiting one minute...
Waiting one minute...
Waiting one minute...
Waiting one minute...
Waiting one minute...
Waiting one minute...
Waiting one minute...
Waiting one minute...
Waiting one minute...
Waiting one minute...
Waiting one minute...
Waiting one minute...
Waiting one minute...
Waiting one minute...
Waiting one minute...
Waiting one minute...
Waiting one minute...
Waiting one minute...
Waiting one minute...
Waiting one minute...
Waiting one minute...
Waiting one minute...
Waiting one minute...
Waiting one minute...
Waiting one minute...
Waiting one minute...
Waiting one minute...
Waiting one minute...
Waiting one minute...
Waiting one minute...
Waiting one minute...
Waiting one minute...
Waiting one minute...
Waiting one minute...
Waiting one minute...
Waiting one minute...
Waiting one minute...
Waiting one minute...
Waiting one minute...
Waiting one minute...
Waiting one minute...
Waiting one minute...
Waiting one minute...
Waiting one minute...
Waiting one minute...
Waiting one minute...
Waiting one minute...
Waiting one minute...
Waiting one minute...
Waiting one minute...
Waiting one minute...
Waiting one minute...
Waiting one minute...
Waiting one minute...
Waiting one minute...
Waiting one minute...
Waiting one minute...
Waiting one minute...
Waiting one minute...
Waiting one minute...
Waiting one minute...
Waiting one minute...
Waiting one minute...
Waiting one minute...
Waiting one minute...
Waiting one minute...
Waiting one minute...
Waiting one minute...
Waiting one minute...
Waiting one minute...
Waiting one minute...
Waiting one minute...
Waiting one minute...
Waiting one minute...
Waiting one minute...
Waiting one minute...
Waiting one minute...
Waiting one minute...
Waiting one minute...
Waiting one minute...
Waiting one minute...
Waiting one minute...
Waiting one minute...
Waiting one minute...
Waiting one minute...
Waiting one minute...
Waiting one minute...
Waiting one minute...
Waiting one minute...
Waiting one minute...
Waiting one minute...
Waiting one minute...
Waiting one minute...
Waiting one minute...
Waiting one minute...
Waiting one minute...
Waiting onyour job 396608 ("mc123698.run") has been submitted
your job 396610 ("mc123699.run") has been submitted
your job 396611 ("mc123700.run") has been submitted
your job 396655 ("mc123705.run") has been submitted
your job 396656 ("mc123706.run") has been submitted
e minute...
Waiting one minute...
Waiting one minute...
Waiting one minute...
Waiting one minute...
Waiting one minute...
Waiting one minute...
Waiting one minute...
Waiting one minute...
Waiting one minute...
Waiting one minute...
Waiting one minute...
Waiting one minute...
Waiting one minute...
Waiting one minute...
Waiting one minute...
Waiting one minute...
Waiting one minute...
Waiting one minute...
Waiting one minute...
Waiting one minute...
Waiting one minute...
Waiting one minute...
