 ******************************************************
 *                                                    *
 *            W E L C O M E    to   P A W             *
 *                                                    *
 *       Version 2.09/18      19 March 1998           *
 *                                                    *
 ******************************************************
 Workstation type (?=HELP) <CR>=1 :  Version 1.23/09 of HIGZ started
 *** Using default PAWLOGON file "/home/mccann/.pawlogon.kumac"

 Macro search order is Command
PAW > exec taucuts.kumac db23
 The define lists are :
 ***** ERROR in HDELET : Unknown histogram : ID=     131 
 ***** ERROR in HDELET : Unknown histogram : ID=     132 
 ***** ERROR in HDELET : Unknown histogram : ID=     231 
 ***** ERROR in HDELET : Unknown histogram : ID=     232 
 ***** ERROR in HDELET : Unknown histogram : ID=     360 
 ***** ERROR in HDELET : Unknown histogram : ID=     361 
 ***** ERROR in HDELET : Unknown histogram : ID=     362 
 ***** ERROR in HDELET : Unknown histogram : ID=     363 
  MINUIT RELEASE 96.03  INITIALIZED.   DIMENSIONS 100/ 50  EPSMAC=  0.89E-15
 **********
 **    1 **SET EPS  0.1000E-06
 **********
 FLOATING-POINT NUMBERS ASSUMED ACCURATE TO   0.100E-06
 **********
 **    2 **SET ERR   1.000    
 **********
1

     **********************************************
     *                                            *
     * Function minimization by SUBROUTINE HFITPO *
     * Variable-metric method                     *
     * ID =        360  CHOPT = TUR               *
     *                                            *
     **********************************************
 Convergence when estimated distance to minimum (EDM) .LT.  0.10E+01

 FCN=  0.6690725     FROM MIGRAD    STATUS=CONVERGED     50 CALLS       51 TOTAL
                     EDM=  0.29E-23    STRATEGY= 1      ERROR MATRIX ACCURATE 

  EXT PARAMETER                                   STEP         FIRST   
  NO.   NAME        VALUE          ERROR          SIZE      DERIVATIVE 
   1      A0        31.733        3.1064       0.96697E-01  -0.53935E-12
   2      A1       0.83108        4.7962       0.21993      -0.23347E-12
   3      A2        19.336        11.848       0.36710       0.46121E-13

 CHISQUARE = 0.1338E+00  NPFIT =     8

 ***** ERROR in HDELET : Unknown histogram : ID=     411 
 ***** ERROR in HDELET : Unknown histogram : ID=     421 
 ***** ERROR in HDELET : Unknown histogram : ID=     431 
 ***** ERROR in HDELET : Unknown histogram : ID=     441 
 ***** ERROR in HDELET : Unknown histogram : ID=     412 
 ***** ERROR in HDELET : Unknown histogram : ID=     422 
 ***** ERROR in HDELET : Unknown histogram : ID=     432 
 ***** ERROR in HDELET : Unknown histogram : ID=     442 
 ***** ERROR in HDELET : Unknown histogram : ID=     413 
 ***** ERROR in HDELET : Unknown histogram : ID=     423 
 ***** ERROR in HDELET : Unknown histogram : ID=     433 
 ***** ERROR in HDELET : Unknown histogram : ID=     443 
 ***** ERROR in HDELET : Unknown histogram : ID=     414 
 ***** ERROR in HDELET : Unknown histogram : ID=     424 
 ***** ERROR in HDELET : Unknown histogram : ID=     434 
 ***** ERROR in HDELET : Unknown histogram : ID=     444 
 ***** ERROR in HDELET : Unknown histogram : ID=     415 
 ***** ERROR in HDELET : Unknown histogram : ID=     425 
 ***** ERROR in HDELET : Unknown histogram : ID=     435 
 ***** ERROR in HDELET : Unknown histogram : ID=     445 
 ***** ERROR in HDELET : Unknown histogram : ID=     416 
 ***** ERROR in HDELET : Unknown histogram : ID=     426 
 ***** ERROR in HDELET : Unknown histogram : ID=     436 
 ***** ERROR in HDELET : Unknown histogram : ID=     446 
 ***** ERROR in HDELET : Unknown histogram : ID=     417 
 ***** ERROR in HDELET : Unknown histogram : ID=     427 
 ***** ERROR in HDELET : Unknown histogram : ID=     437 
 ***** ERROR in HDELET : Unknown histogram : ID=     447 
 ***** ERROR in HDELET : Unknown histogram : ID=     418 
 ***** ERROR in HDELET : Unknown histogram : ID=     428 
 ***** ERROR in HDELET : Unknown histogram : ID=     438 
 ***** ERROR in HDELET : Unknown histogram : ID=     448 
 ***** ERROR in HDELET : Unknown histogram : ID=     419 
 ***** ERROR in HDELET : Unknown histogram : ID=     429 
 ***** ERROR in HDELET : Unknown histogram : ID=     439 
 ***** ERROR in HDELET : Unknown histogram : ID=     449 
 ***** ERROR in HDELET : Unknown histogram : ID=    1010 
 ***** ERROR in HDELET : Unknown histogram : ID=    1011 
 ***** ERROR in HDELET : Unknown histogram : ID=    1012 
 ***** ERROR in HDELET : Unknown histogram : ID=    1020 
 ***** ERROR in HDELET : Unknown histogram : ID=    1021 
 ***** ERROR in HDELET : Unknown histogram : ID=    1022 
 ***** ERROR in HDELET : Unknown histogram : ID=    1023 
 ***** ERROR in HDELET : Unknown histogram : ID=    1024 
 ***** ERROR in HDELET : Unknown histogram : ID=    1025 
 ***** ERROR in HDELET : Unknown histogram : ID=    1026 
 ***** ERROR in HDELET : Unknown histogram : ID=    1027 
 ***** ERROR in HDELET : Unknown histogram : ID=    1028 
 ***** ERROR in HDELET : Unknown histogram : ID=    1029 
 ***** ERROR in HDELET : Unknown histogram : ID=    1031 
 ***** ERROR in HDELET : Unknown histogram : ID=    1032 
 ***** ERROR in HDELET : Unknown histogram : ID=    1033 
 ***** ERROR in HDELET : Unknown histogram : ID=    1034 
 ***** ERROR in HDELET : Unknown histogram : ID=    1035 
 ***** ERROR in HDELET : Unknown histogram : ID=    1036 
 ***** ERROR in HDELET : Unknown histogram : ID=    1037 
 ***** ERROR in HDELET : Unknown histogram : ID=    1038 
 ***** ERROR in HDELET : Unknown histogram : ID=    1039 
 ***** ERROR in HDELET : Unknown histogram : ID=    1041 
 ***** ERROR in HDELET : Unknown histogram : ID=    1042 
 ***** ERROR in HDELET : Unknown histogram : ID=    1043 
 ***** ERROR in HDELET : Unknown histogram : ID=    1044 
 ***** ERROR in HDELET : Unknown histogram : ID=    1045 
 ***** ERROR in HDELET : Unknown histogram : ID=    1046 
 ***** ERROR in HDELET : Unknown histogram : ID=    1047 
 ***** ERROR in HDELET : Unknown histogram : ID=    1048 
 ***** ERROR in HDELET : Unknown histogram : ID=    1049 
 ***** ERROR in HDELET : Unknown histogram : ID=    1051 
 ***** ERROR in HDELET : Unknown histogram : ID=    1052 
 ***** ERROR in HDELET : Unknown histogram : ID=    1053 
 ***** ERROR in HDELET : Unknown histogram : ID=    1054 
 ***** ERROR in HDELET : Unknown histogram : ID=    1055 
 ***** ERROR in HDELET : Unknown histogram : ID=    1056 
 ***** ERROR in HDELET : Unknown histogram : ID=    1057 
 ***** ERROR in HDELET : Unknown histogram : ID=    1058 
 ***** ERROR in HDELET : Unknown histogram : ID=    1059 
 ***** ERROR in HDELET : Unknown histogram : ID=    1110 
 ***** ERROR in HDELET : Unknown histogram : ID=    1111 
 ***** ERROR in HDELET : Unknown histogram : ID=    1112 
 ***** ERROR in HDELET : Unknown histogram : ID=    1120 
 ***** ERROR in HDELET : Unknown histogram : ID=    1121 
 ***** ERROR in HDELET : Unknown histogram : ID=    1122 
 ***** ERROR in HDELET : Unknown histogram : ID=    1123 
 ***** ERROR in HDELET : Unknown histogram : ID=    1124 
 ***** ERROR in HDELET : Unknown histogram : ID=    1125 
 ***** ERROR in HDELET : Unknown histogram : ID=    1126 
 ***** ERROR in HDELET : Unknown histogram : ID=    1127 
 ***** ERROR in HDELET : Unknown histogram : ID=    1128 
 ***** ERROR in HDELET : Unknown histogram : ID=    1129 
 ***** ERROR in HDELET : Unknown histogram : ID=    1131 
 ***** ERROR in HDELET : Unknown histogram : ID=    1132 
 ***** ERROR in HDELET : Unknown histogram : ID=    1133 
 ***** ERROR in HDELET : Unknown histogram : ID=    1134 
 ***** ERROR in HDELET : Unknown histogram : ID=    1135 
 ***** ERROR in HDELET : Unknown histogram : ID=    1136 
 ***** ERROR in HDELET : Unknown histogram : ID=    1137 
 ***** ERROR in HDELET : Unknown histogram : ID=    1138 
 ***** ERROR in HDELET : Unknown histogram : ID=    1139 
 ***** ERROR in HDELET : Unknown histogram : ID=    1141 
 ***** ERROR in HDELET : Unknown histogram : ID=    1142 
 ***** ERROR in HDELET : Unknown histogram : ID=    1143 
 ***** ERROR in HDELET : Unknown histogram : ID=    1144 
 ***** ERROR in HDELET : Unknown histogram : ID=    1145 
 ***** ERROR in HDELET : Unknown histogram : ID=    1146 
 ***** ERROR in HDELET : Unknown histogram : ID=    1147 
 ***** ERROR in HDELET : Unknown histogram : ID=    1148 
 ***** ERROR in HDELET : Unknown histogram : ID=    1149 
 ***** ERROR in HDELET : Unknown histogram : ID=    1151 
 ***** ERROR in HDELET : Unknown histogram : ID=    1152 
 ***** ERROR in HDELET : Unknown histogram : ID=    1153 
 ***** ERROR in HDELET : Unknown histogram : ID=    1154 
 ***** ERROR in HDELET : Unknown histogram : ID=    1155 
 ***** ERROR in HDELET : Unknown histogram : ID=    1156 
 ***** ERROR in HDELET : Unknown histogram : ID=    1157 
 ***** ERROR in HDELET : Unknown histogram : ID=    1158 
 ***** ERROR in HDELET : Unknown histogram : ID=    1159 
 ***** ERROR in HDELET : Unknown histogram : ID=    1210 
 ***** ERROR in HDELET : Unknown histogram : ID=    1211 
 ***** ERROR in HDELET : Unknown histogram : ID=    1212 
 ***** ERROR in HDELET : Unknown histogram : ID=    1220 
 ***** ERROR in HDELET : Unknown histogram : ID=    1221 
 ***** ERROR in HDELET : Unknown histogram : ID=    1222 
 ***** ERROR in HDELET : Unknown histogram : ID=    1223 
 ***** ERROR in HDELET : Unknown histogram : ID=    1224 
 ***** ERROR in HDELET : Unknown histogram : ID=    1225 
 ***** ERROR in HDELET : Unknown histogram : ID=    1226 
 ***** ERROR in HDELET : Unknown histogram : ID=    1227 
 ***** ERROR in HDELET : Unknown histogram : ID=    1228 
 ***** ERROR in HDELET : Unknown histogram : ID=    1229 
 ***** ERROR in HDELET : Unknown histogram : ID=    1231 
 ***** ERROR in HDELET : Unknown histogram : ID=    1232 
 ***** ERROR in HDELET : Unknown histogram : ID=    1233 
 ***** ERROR in HDELET : Unknown histogram : ID=    1234 
 ***** ERROR in HDELET : Unknown histogram : ID=    1235 
 ***** ERROR in HDELET : Unknown histogram : ID=    1236 
 ***** ERROR in HDELET : Unknown histogram : ID=    1237 
 ***** ERROR in HDELET : Unknown histogram : ID=    1238 
 ***** ERROR in HDELET : Unknown histogram : ID=    1239 
 ***** ERROR in HDELET : Unknown histogram : ID=    1241 
 ***** ERROR in HDELET : Unknown histogram : ID=    1242 
 ***** ERROR in HDELET : Unknown histogram : ID=    1243 
 ***** ERROR in HDELET : Unknown histogram : ID=    1244 
 ***** ERROR in HDELET : Unknown histogram : ID=    1245 
 ***** ERROR in HDELET : Unknown histogram : ID=    1246 
 ***** ERROR in HDELET : Unknown histogram : ID=    1247 
 ***** ERROR in HDELET : Unknown histogram : ID=    1248 
 ***** ERROR in HDELET : Unknown histogram : ID=    1249 
 ***** ERROR in HDELET : Unknown histogram : ID=    1251 
 ***** ERROR in HDELET : Unknown histogram : ID=    1252 
 ***** ERROR in HDELET : Unknown histogram : ID=    1253 
 ***** ERROR in HDELET : Unknown histogram : ID=    1254 
 ***** ERROR in HDELET : Unknown histogram : ID=    1255 
 ***** ERROR in HDELET : Unknown histogram : ID=    1256 
 ***** ERROR in HDELET : Unknown histogram : ID=    1257 
 ***** ERROR in HDELET : Unknown histogram : ID=    1258 
 ***** ERROR in HDELET : Unknown histogram : ID=    1259 
 ***** ERROR in HDELET : Unknown histogram : ID=    1310 
 ***** ERROR in HDELET : Unknown histogram : ID=    1311 
 ***** ERROR in HDELET : Unknown histogram : ID=    1312 
 ***** ERROR in HDELET : Unknown histogram : ID=    1320 
 ***** ERROR in HDELET : Unknown histogram : ID=    1321 
 ***** ERROR in HDELET : Unknown histogram : ID=    1322 
 ***** ERROR in HDELET : Unknown histogram : ID=    1323 
 ***** ERROR in HDELET : Unknown histogram : ID=    1324 
 ***** ERROR in HDELET : Unknown histogram : ID=    1325 
 ***** ERROR in HDELET : Unknown histogram : ID=    1326 
 ***** ERROR in HDELET : Unknown histogram : ID=    1327 
 ***** ERROR in HDELET : Unknown histogram : ID=    1328 
 ***** ERROR in HDELET : Unknown histogram : ID=    1329 
 ***** ERROR in HDELET : Unknown histogram : ID=    1331 
 ***** ERROR in HDELET : Unknown histogram : ID=    1332 
 ***** ERROR in HDELET : Unknown histogram : ID=    1333 
 ***** ERROR in HDELET : Unknown histogram : ID=    1334 
 ***** ERROR in HDELET : Unknown histogram : ID=    1335 
 ***** ERROR in HDELET : Unknown histogram : ID=    1336 
 ***** ERROR in HDELET : Unknown histogram : ID=    1337 
 ***** ERROR in HDELET : Unknown histogram : ID=    1338 
 ***** ERROR in HDELET : Unknown histogram : ID=    1339 
 ***** ERROR in HDELET : Unknown histogram : ID=    1341 
 ***** ERROR in HDELET : Unknown histogram : ID=    1342 
 ***** ERROR in HDELET : Unknown histogram : ID=    1343 
 ***** ERROR in HDELET : Unknown histogram : ID=    1344 
 ***** ERROR in HDELET : Unknown histogram : ID=    1345 
 ***** ERROR in HDELET : Unknown histogram : ID=    1346 
 ***** ERROR in HDELET : Unknown histogram : ID=    1347 
 ***** ERROR in HDELET : Unknown histogram : ID=    1348 
 ***** ERROR in HDELET : Unknown histogram : ID=    1349 
 ***** ERROR in HDELET : Unknown histogram : ID=    1351 
 ***** ERROR in HDELET : Unknown histogram : ID=    1352 
 ***** ERROR in HDELET : Unknown histogram : ID=    1353 
 ***** ERROR in HDELET : Unknown histogram : ID=    1354 
 ***** ERROR in HDELET : Unknown histogram : ID=    1355 
 ***** ERROR in HDELET : Unknown histogram : ID=    1356 
 ***** ERROR in HDELET : Unknown histogram : ID=    1357 
 ***** ERROR in HDELET : Unknown histogram : ID=    1358 
 ***** ERROR in HDELET : Unknown histogram : ID=    1359 
 ***** ERROR in HDELET : Unknown histogram : ID=    1410 
 ***** ERROR in HDELET : Unknown histogram : ID=    1411 
 ***** ERROR in HDELET : Unknown histogram : ID=    1412 
 ***** ERROR in HDELET : Unknown histogram : ID=    1420 
 ***** ERROR in HDELET : Unknown histogram : ID=    1421 
 ***** ERROR in HDELET : Unknown histogram : ID=    1422 
 ***** ERROR in HDELET : Unknown histogram : ID=    1423 
 ***** ERROR in HDELET : Unknown histogram : ID=    1424 
 ***** ERROR in HDELET : Unknown histogram : ID=    1425 
 ***** ERROR in HDELET : Unknown histogram : ID=    1426 
 ***** ERROR in HDELET : Unknown histogram : ID=    1427 
 ***** ERROR in HDELET : Unknown histogram : ID=    1428 
 ***** ERROR in HDELET : Unknown histogram : ID=    1429 
 ***** ERROR in HDELET : Unknown histogram : ID=    1431 
 ***** ERROR in HDELET : Unknown histogram : ID=    1432 
 ***** ERROR in HDELET : Unknown histogram : ID=    1433 
 ***** ERROR in HDELET : Unknown histogram : ID=    1434 
 ***** ERROR in HDELET : Unknown histogram : ID=    1435 
 ***** ERROR in HDELET : Unknown histogram : ID=    1436 
 ***** ERROR in HDELET : Unknown histogram : ID=    1437 
 ***** ERROR in HDELET : Unknown histogram : ID=    1438 
 ***** ERROR in HDELET : Unknown histogram : ID=    1439 
 ***** ERROR in HDELET : Unknown histogram : ID=    1441 
 ***** ERROR in HDELET : Unknown histogram : ID=    1442 
 ***** ERROR in HDELET : Unknown histogram : ID=    1443 
 ***** ERROR in HDELET : Unknown histogram : ID=    1444 
 ***** ERROR in HDELET : Unknown histogram : ID=    1445 
 ***** ERROR in HDELET : Unknown histogram : ID=    1446 
 ***** ERROR in HDELET : Unknown histogram : ID=    1447 
 ***** ERROR in HDELET : Unknown histogram : ID=    1448 
 ***** ERROR in HDELET : Unknown histogram : ID=    1449 
 ***** ERROR in HDELET : Unknown histogram : ID=    1451 
 ***** ERROR in HDELET : Unknown histogram : ID=    1452 
 ***** ERROR in HDELET : Unknown histogram : ID=    1453 
 ***** ERROR in HDELET : Unknown histogram : ID=    1454 
 ***** ERROR in HDELET : Unknown histogram : ID=    1455 
 ***** ERROR in HDELET : Unknown histogram : ID=    1456 
 ***** ERROR in HDELET : Unknown histogram : ID=    1457 
 ***** ERROR in HDELET : Unknown histogram : ID=    1458 
 ***** ERROR in HDELET : Unknown histogram : ID=    1459 
 ***** ERROR in HDELET : Unknown histogram : ID=    1521 
 ***** ERROR in HDELET : Unknown histogram : ID=    1510 
 ***** ERROR in HDELET : Unknown histogram : ID=    1511 
 ***** ERROR in HDELET : Unknown histogram : ID=    1512 
 ***** ERROR in HDELET : Unknown histogram : ID=    1520 
 ***** ERROR in HDELET : Unknown histogram : ID=    1522 
 ***** ERROR in HDELET : Unknown histogram : ID=    1523 
 ***** ERROR in HDELET : Unknown histogram : ID=    1524 
 ***** ERROR in HDELET : Unknown histogram : ID=    1525 
 ***** ERROR in HDELET : Unknown histogram : ID=    1526 
 ***** ERROR in HDELET : Unknown histogram : ID=    1527 
 ***** ERROR in HDELET : Unknown histogram : ID=    1528 
 ***** ERROR in HDELET : Unknown histogram : ID=    1529 
 ***** ERROR in HDELET : Unknown histogram : ID=    1531 
 ***** ERROR in HDELET : Unknown histogram : ID=    1532 
 ***** ERROR in HDELET : Unknown histogram : ID=    1533 
 ***** ERROR in HDELET : Unknown histogram : ID=    1534 
 ***** ERROR in HDELET : Unknown histogram : ID=    1535 
 ***** ERROR in HDELET : Unknown histogram : ID=    1536 
 ***** ERROR in HDELET : Unknown histogram : ID=    1537 
 ***** ERROR in HDELET : Unknown histogram : ID=    1538 
 ***** ERROR in HDELET : Unknown histogram : ID=    1539 
 ***** ERROR in HDELET : Unknown histogram : ID=    1541 
 ***** ERROR in HDELET : Unknown histogram : ID=    1542 
 ***** ERROR in HDELET : Unknown histogram : ID=    1543 
 ***** ERROR in HDELET : Unknown histogram : ID=    1544 
 ***** ERROR in HDELET : Unknown histogram : ID=    1545 
 ***** ERROR in HDELET : Unknown histogram : ID=    1546 
 ***** ERROR in HDELET : Unknown histogram : ID=    1547 
 ***** ERROR in HDELET : Unknown histogram : ID=    1548 
 ***** ERROR in HDELET : Unknown histogram : ID=    1549 
 ***** ERROR in HDELET : Unknown histogram : ID=    1551 
 ***** ERROR in HDELET : Unknown histogram : ID=    1552 
 ***** ERROR in HDELET : Unknown histogram : ID=    1553 
 ***** ERROR in HDELET : Unknown histogram : ID=    1554 
 ***** ERROR in HDELET : Unknown histogram : ID=    1555 
 ***** ERROR in HDELET : Unknown histogram : ID=    1556 
 ***** ERROR in HDELET : Unknown histogram : ID=    1557 
 ***** ERROR in HDELET : Unknown histogram : ID=    1558 
 ***** ERROR in HDELET : Unknown histogram : ID=    1559 
 ***** ERROR in HDELET : Unknown histogram : ID=    1621 
 ***** ERROR in HDELET : Unknown histogram : ID=    1610 
 ***** ERROR in HDELET : Unknown histogram : ID=    1611 
 ***** ERROR in HDELET : Unknown histogram : ID=    1612 
 ***** ERROR in HDELET : Unknown histogram : ID=    1620 
 ***** ERROR in HDELET : Unknown histogram : ID=    1622 
 ***** ERROR in HDELET : Unknown histogram : ID=    1623 
 ***** ERROR in HDELET : Unknown histogram : ID=    1624 
 ***** ERROR in HDELET : Unknown histogram : ID=    1625 
 ***** ERROR in HDELET : Unknown histogram : ID=    1626 
 ***** ERROR in HDELET : Unknown histogram : ID=    1627 
 ***** ERROR in HDELET : Unknown histogram : ID=    1628 
 ***** ERROR in HDELET : Unknown histogram : ID=    1629 
 ***** ERROR in HDELET : Unknown histogram : ID=    1631 
 ***** ERROR in HDELET : Unknown histogram : ID=    1632 
 ***** ERROR in HDELET : Unknown histogram : ID=    1633 
 ***** ERROR in HDELET : Unknown histogram : ID=    1634 
 ***** ERROR in HDELET : Unknown histogram : ID=    1635 
 ***** ERROR in HDELET : Unknown histogram : ID=    1636 
 ***** ERROR in HDELET : Unknown histogram : ID=    1637 
 ***** ERROR in HDELET : Unknown histogram : ID=    1638 
 ***** ERROR in HDELET : Unknown histogram : ID=    1639 
 ***** ERROR in HDELET : Unknown histogram : ID=    1641 
 ***** ERROR in HDELET : Unknown histogram : ID=    1642 
 ***** ERROR in HDELET : Unknown histogram : ID=    1643 
 ***** ERROR in HDELET : Unknown histogram : ID=    1644 
 ***** ERROR in HDELET : Unknown histogram : ID=    1645 
 ***** ERROR in HDELET : Unknown histogram : ID=    1646 
 ***** ERROR in HDELET : Unknown histogram : ID=    1647 
 ***** ERROR in HDELET : Unknown histogram : ID=    1648 
 ***** ERROR in HDELET : Unknown histogram : ID=    1649 
 ***** ERROR in HDELET : Unknown histogram : ID=    1651 
 ***** ERROR in HDELET : Unknown histogram : ID=    1652 
 ***** ERROR in HDELET : Unknown histogram : ID=    1653 
 ***** ERROR in HDELET : Unknown histogram : ID=    1654 
 ***** ERROR in HDELET : Unknown histogram : ID=    1655 
 ***** ERROR in HDELET : Unknown histogram : ID=    1656 
 ***** ERROR in HDELET : Unknown histogram : ID=    1657 
 ***** ERROR in HDELET : Unknown histogram : ID=    1658 
 ***** ERROR in HDELET : Unknown histogram : ID=    1659 
 ***** ERROR in HDELET : Unknown histogram : ID=    1710 
 ***** ERROR in HDELET : Unknown histogram : ID=    1711 
 ***** ERROR in HDELET : Unknown histogram : ID=    1712 
 ***** ERROR in HDELET : Unknown histogram : ID=    1720 
 ***** ERROR in HDELET : Unknown histogram : ID=    1721 
 ***** ERROR in HDELET : Unknown histogram : ID=    1722 
 ***** ERROR in HDELET : Unknown histogram : ID=    1723 
 ***** ERROR in HDELET : Unknown histogram : ID=    1724 
 ***** ERROR in HDELET : Unknown histogram : ID=    1725 
 ***** ERROR in HDELET : Unknown histogram : ID=    1726 
 ***** ERROR in HDELET : Unknown histogram : ID=    1727 
 ***** ERROR in HDELET : Unknown histogram : ID=    1728 
 ***** ERROR in HDELET : Unknown histogram : ID=    1729 
 ***** ERROR in HDELET : Unknown histogram : ID=    1731 
 ***** ERROR in HDELET : Unknown histogram : ID=    1732 
 ***** ERROR in HDELET : Unknown histogram : ID=    1733 
 ***** ERROR in HDELET : Unknown histogram : ID=    1734 
 ***** ERROR in HDELET : Unknown histogram : ID=    1735 
 ***** ERROR in HDELET : Unknown histogram : ID=    1736 
 ***** ERROR in HDELET : Unknown histogram : ID=    1737 
 ***** ERROR in HDELET : Unknown histogram : ID=    1738 
 ***** ERROR in HDELET : Unknown histogram : ID=    1739 
 ***** ERROR in HDELET : Unknown histogram : ID=    1741 
 ***** ERROR in HDELET : Unknown histogram : ID=    1742 
 ***** ERROR in HDELET : Unknown histogram : ID=    1743 
 ***** ERROR in HDELET : Unknown histogram : ID=    1744 
 ***** ERROR in HDELET : Unknown histogram : ID=    1745 
 ***** ERROR in HDELET : Unknown histogram : ID=    1746 
 ***** ERROR in HDELET : Unknown histogram : ID=    1747 
 ***** ERROR in HDELET : Unknown histogram : ID=    1748 
 ***** ERROR in HDELET : Unknown histogram : ID=    1749 
 ***** ERROR in HDELET : Unknown histogram : ID=    1751 
 ***** ERROR in HDELET : Unknown histogram : ID=    1752 
 ***** ERROR in HDELET : Unknown histogram : ID=    1753 
 ***** ERROR in HDELET : Unknown histogram : ID=    1754 
 ***** ERROR in HDELET : Unknown histogram : ID=    1755 
 ***** ERROR in HDELET : Unknown histogram : ID=    1756 
 ***** ERROR in HDELET : Unknown histogram : ID=    1757 
 ***** ERROR in HDELET : Unknown histogram : ID=    1758 
 ***** ERROR in HDELET : Unknown histogram : ID=    1759 
 ***** ERROR in HDELET : Unknown histogram : ID=    2410 
 ***** ERROR in HDELET : Unknown histogram : ID=    2411 
 ***** ERROR in HDELET : Unknown histogram : ID=    2412 
 ***** ERROR in HDELET : Unknown histogram : ID=    2420 
 ***** ERROR in HDELET : Unknown histogram : ID=    2421 
 ***** ERROR in HDELET : Unknown histogram : ID=    2422 
 ***** ERROR in HDELET : Unknown histogram : ID=    2423 
 ***** ERROR in HDELET : Unknown histogram : ID=    2424 
 ***** ERROR in HDELET : Unknown histogram : ID=    2425 
 ***** ERROR in HDELET : Unknown histogram : ID=    2426 
 ***** ERROR in HDELET : Unknown histogram : ID=    2427 
 ***** ERROR in HDELET : Unknown histogram : ID=    2428 
 ***** ERROR in HDELET : Unknown histogram : ID=    2429 
 ***** ERROR in HDELET : Unknown histogram : ID=    2431 
 ***** ERROR in HDELET : Unknown histogram : ID=    2432 
 ***** ERROR in HDELET : Unknown histogram : ID=    2433 
 ***** ERROR in HDELET : Unknown histogram : ID=    2434 
 ***** ERROR in HDELET : Unknown histogram : ID=    2435 
 ***** ERROR in HDELET : Unknown histogram : ID=    2436 
 ***** ERROR in HDELET : Unknown histogram : ID=    2437 
 ***** ERROR in HDELET : Unknown histogram : ID=    2438 
 ***** ERROR in HDELET : Unknown histogram : ID=    2439 
 ***** ERROR in HDELET : Unknown histogram : ID=    2441 
 ***** ERROR in HDELET : Unknown histogram : ID=    2442 
 ***** ERROR in HDELET : Unknown histogram : ID=    2443 
 ***** ERROR in HDELET : Unknown histogram : ID=    2444 
 ***** ERROR in HDELET : Unknown histogram : ID=    2445 
 ***** ERROR in HDELET : Unknown histogram : ID=    2446 
 ***** ERROR in HDELET : Unknown histogram : ID=    2447 
 ***** ERROR in HDELET : Unknown histogram : ID=    2448 
 ***** ERROR in HDELET : Unknown histogram : ID=    2449 
 ***** ERROR in HDELET : Unknown histogram : ID=    2451 
 ***** ERROR in HDELET : Unknown histogram : ID=    2452 
 ***** ERROR in HDELET : Unknown histogram : ID=    2453 
 ***** ERROR in HDELET : Unknown histogram : ID=    2454 
 ***** ERROR in HDELET : Unknown histogram : ID=    2455 
 ***** ERROR in HDELET : Unknown histogram : ID=    2456 
 ***** ERROR in HDELET : Unknown histogram : ID=    2457 
 ***** ERROR in HDELET : Unknown histogram : ID=    2458 
 ***** ERROR in HDELET : Unknown histogram : ID=    2459 
 ***** ERROR in HDELET : Unknown histogram : ID=    1821 
 ***** ERROR in HDELET : Unknown histogram : ID=    1810 
 ***** ERROR in HDELET : Unknown histogram : ID=    1811 
 ***** ERROR in HDELET : Unknown histogram : ID=    1812 
 ***** ERROR in HDELET : Unknown histogram : ID=    1820 
 ***** ERROR in HDELET : Unknown histogram : ID=    1822 
 ***** ERROR in HDELET : Unknown histogram : ID=    1823 
 ***** ERROR in HDELET : Unknown histogram : ID=    1824 
 ***** ERROR in HDELET : Unknown histogram : ID=    1825 
 ***** ERROR in HDELET : Unknown histogram : ID=    1826 
 ***** ERROR in HDELET : Unknown histogram : ID=    1827 
 ***** ERROR in HDELET : Unknown histogram : ID=    1828 
 ***** ERROR in HDELET : Unknown histogram : ID=    1829 
 ***** ERROR in HDELET : Unknown histogram : ID=    1831 
 ***** ERROR in HDELET : Unknown histogram : ID=    1832 
 ***** ERROR in HDELET : Unknown histogram : ID=    1833 
 ***** ERROR in HDELET : Unknown histogram : ID=    1834 
 ***** ERROR in HDELET : Unknown histogram : ID=    1835 
 ***** ERROR in HDELET : Unknown histogram : ID=    1836 
 ***** ERROR in HDELET : Unknown histogram : ID=    1837 
 ***** ERROR in HDELET : Unknown histogram : ID=    1838 
 ***** ERROR in HDELET : Unknown histogram : ID=    1839 
 ***** ERROR in HDELET : Unknown histogram : ID=    1841 
 ***** ERROR in HDELET : Unknown histogram : ID=    1842 
 ***** ERROR in HDELET : Unknown histogram : ID=    1843 
 ***** ERROR in HDELET : Unknown histogram : ID=    1844 
 ***** ERROR in HDELET : Unknown histogram : ID=    1845 
 ***** ERROR in HDELET : Unknown histogram : ID=    1846 
 ***** ERROR in HDELET : Unknown histogram : ID=    1847 
 ***** ERROR in HDELET : Unknown histogram : ID=    1848 
 ***** ERROR in HDELET : Unknown histogram : ID=    1849 
 ***** ERROR in HDELET : Unknown histogram : ID=    1851 
 ***** ERROR in HDELET : Unknown histogram : ID=    1852 
 ***** ERROR in HDELET : Unknown histogram : ID=    1853 
 ***** ERROR in HDELET : Unknown histogram : ID=    1854 
 ***** ERROR in HDELET : Unknown histogram : ID=    1855 
 ***** ERROR in HDELET : Unknown histogram : ID=    1856 
 ***** ERROR in HDELET : Unknown histogram : ID=    1857 
 ***** ERROR in HDELET : Unknown histogram : ID=    1858 
 ***** ERROR in HDELET : Unknown histogram : ID=    1859 
 ***** ERROR in HDELET : Unknown histogram : ID=    2010 
 ***** ERROR in HDELET : Unknown histogram : ID=    2011 
 ***** ERROR in HDELET : Unknown histogram : ID=    2012 
 ***** ERROR in HDELET : Unknown histogram : ID=    2020 
 ***** ERROR in HDELET : Unknown histogram : ID=    2021 
 ***** ERROR in HDELET : Unknown histogram : ID=    2022 
 ***** ERROR in HDELET : Unknown histogram : ID=    2023 
 ***** ERROR in HDELET : Unknown histogram : ID=    2024 
 ***** ERROR in HDELET : Unknown histogram : ID=    2025 
 ***** ERROR in HDELET : Unknown histogram : ID=    2026 
 ***** ERROR in HDELET : Unknown histogram : ID=    2027 
 ***** ERROR in HDELET : Unknown histogram : ID=    2028 
 ***** ERROR in HDELET : Unknown histogram : ID=    2029 
 ***** ERROR in HDELET : Unknown histogram : ID=    2031 
 ***** ERROR in HDELET : Unknown histogram : ID=    2032 
 ***** ERROR in HDELET : Unknown histogram : ID=    2033 
 ***** ERROR in HDELET : Unknown histogram : ID=    2034 
 ***** ERROR in HDELET : Unknown histogram : ID=    2035 
 ***** ERROR in HDELET : Unknown histogram : ID=    2036 
 ***** ERROR in HDELET : Unknown histogram : ID=    2037 
 ***** ERROR in HDELET : Unknown histogram : ID=    2038 
 ***** ERROR in HDELET : Unknown histogram : ID=    2039 
 ***** ERROR in HDELET : Unknown histogram : ID=    2041 
 ***** ERROR in HDELET : Unknown histogram : ID=    2042 
 ***** ERROR in HDELET : Unknown histogram : ID=    2043 
 ***** ERROR in HDELET : Unknown histogram : ID=    2044 
 ***** ERROR in HDELET : Unknown histogram : ID=    2045 
 ***** ERROR in HDELET : Unknown histogram : ID=    2046 
 ***** ERROR in HDELET : Unknown histogram : ID=    2047 
 ***** ERROR in HDELET : Unknown histogram : ID=    2048 
 ***** ERROR in HDELET : Unknown histogram : ID=    2049 
 ***** ERROR in HDELET : Unknown histogram : ID=    2051 
 ***** ERROR in HDELET : Unknown histogram : ID=    2052 
 ***** ERROR in HDELET : Unknown histogram : ID=    2053 
 ***** ERROR in HDELET : Unknown histogram : ID=    2054 
 ***** ERROR in HDELET : Unknown histogram : ID=    2055 
 ***** ERROR in HDELET : Unknown histogram : ID=    2056 
 ***** ERROR in HDELET : Unknown histogram : ID=    2057 
 ***** ERROR in HDELET : Unknown histogram : ID=    2058 
 ***** ERROR in HDELET : Unknown histogram : ID=    2059 
 ***** ERROR in HDELET : Unknown histogram : ID=    2110 
 ***** ERROR in HDELET : Unknown histogram : ID=    2111 
 ***** ERROR in HDELET : Unknown histogram : ID=    2112 
 ***** ERROR in HDELET : Unknown histogram : ID=    2120 
 ***** ERROR in HDELET : Unknown histogram : ID=    2121 
 ***** ERROR in HDELET : Unknown histogram : ID=    2122 
 ***** ERROR in HDELET : Unknown histogram : ID=    2123 
 ***** ERROR in HDELET : Unknown histogram : ID=    2124 
 ***** ERROR in HDELET : Unknown histogram : ID=    2125 
 ***** ERROR in HDELET : Unknown histogram : ID=    2126 
 ***** ERROR in HDELET : Unknown histogram : ID=    2127 
 ***** ERROR in HDELET : Unknown histogram : ID=    2128 
 ***** ERROR in HDELET : Unknown histogram : ID=    2129 
 ***** ERROR in HDELET : Unknown histogram : ID=    2131 
 ***** ERROR in HDELET : Unknown histogram : ID=    2132 
 ***** ERROR in HDELET : Unknown histogram : ID=    2133 
 ***** ERROR in HDELET : Unknown histogram : ID=    2134 
 ***** ERROR in HDELET : Unknown histogram : ID=    2135 
 ***** ERROR in HDELET : Unknown histogram : ID=    2136 
 ***** ERROR in HDELET : Unknown histogram : ID=    2137 
 ***** ERROR in HDELET : Unknown histogram : ID=    2138 
 ***** ERROR in HDELET : Unknown histogram : ID=    2139 
 ***** ERROR in HDELET : Unknown histogram : ID=    2141 
 ***** ERROR in HDELET : Unknown histogram : ID=    2142 
 ***** ERROR in HDELET : Unknown histogram : ID=    2143 
 ***** ERROR in HDELET : Unknown histogram : ID=    2144 
 ***** ERROR in HDELET : Unknown histogram : ID=    2145 
 ***** ERROR in HDELET : Unknown histogram : ID=    2146 
 ***** ERROR in HDELET : Unknown histogram : ID=    2147 
 ***** ERROR in HDELET : Unknown histogram : ID=    2148 
 ***** ERROR in HDELET : Unknown histogram : ID=    2149 
 ***** ERROR in HDELET : Unknown histogram : ID=    2151 
 ***** ERROR in HDELET : Unknown histogram : ID=    2152 
 ***** ERROR in HDELET : Unknown histogram : ID=    2153 
 ***** ERROR in HDELET : Unknown histogram : ID=    2154 
 ***** ERROR in HDELET : Unknown histogram : ID=    2155 
 ***** ERROR in HDELET : Unknown histogram : ID=    2156 
 ***** ERROR in HDELET : Unknown histogram : ID=    2157 
 ***** ERROR in HDELET : Unknown histogram : ID=    2158 
 ***** ERROR in HDELET : Unknown histogram : ID=    2159 
 ***** ERROR in HDELET : Unknown histogram : ID=    1910 
 ***** ERROR in HDELET : Unknown histogram : ID=    1911 
 ***** ERROR in HDELET : Unknown histogram : ID=    1912 
 ***** ERROR in HDELET : Unknown histogram : ID=    1920 
 ***** ERROR in HDELET : Unknown histogram : ID=    1921 
 ***** ERROR in HDELET : Unknown histogram : ID=    1922 
 ***** ERROR in HDELET : Unknown histogram : ID=    1923 
 ***** ERROR in HDELET : Unknown histogram : ID=    1924 
 ***** ERROR in HDELET : Unknown histogram : ID=    1925 
 ***** ERROR in HDELET : Unknown histogram : ID=    1926 
 ***** ERROR in HDELET : Unknown histogram : ID=    1927 
 ***** ERROR in HDELET : Unknown histogram : ID=    1928 
 ***** ERROR in HDELET : Unknown histogram : ID=    1929 
 ***** ERROR in HDELET : Unknown histogram : ID=    1931 
 ***** ERROR in HDELET : Unknown histogram : ID=    1932 
 ***** ERROR in HDELET : Unknown histogram : ID=    1933 
 ***** ERROR in HDELET : Unknown histogram : ID=    1934 
 ***** ERROR in HDELET : Unknown histogram : ID=    1935 
 ***** ERROR in HDELET : Unknown histogram : ID=    1936 
 ***** ERROR in HDELET : Unknown histogram : ID=    1937 
 ***** ERROR in HDELET : Unknown histogram : ID=    1938 
 ***** ERROR in HDELET : Unknown histogram : ID=    1939 
 ***** ERROR in HDELET : Unknown histogram : ID=    1941 
 ***** ERROR in HDELET : Unknown histogram : ID=    1942 
 ***** ERROR in HDELET : Unknown histogram : ID=    1943 
 ***** ERROR in HDELET : Unknown histogram : ID=    1944 
 ***** ERROR in HDELET : Unknown histogram : ID=    1945 
 ***** ERROR in HDELET : Unknown histogram : ID=    1946 
 ***** ERROR in HDELET : Unknown histogram : ID=    1947 
 ***** ERROR in HDELET : Unknown histogram : ID=    1948 
 ***** ERROR in HDELET : Unknown histogram : ID=    1949 
 ***** ERROR in HDELET : Unknown histogram : ID=    1951 
 ***** ERROR in HDELET : Unknown histogram : ID=    1952 
 ***** ERROR in HDELET : Unknown histogram : ID=    1953 
 ***** ERROR in HDELET : Unknown histogram : ID=    1954 
 ***** ERROR in HDELET : Unknown histogram : ID=    1955 
 ***** ERROR in HDELET : Unknown histogram : ID=    1956 
 ***** ERROR in HDELET : Unknown histogram : ID=    1957 
 ***** ERROR in HDELET : Unknown histogram : ID=    1958 
 ***** ERROR in HDELET : Unknown histogram : ID=    1959 
 ***** ERROR in HDELET : Unknown histogram : ID=    2210 
 ***** ERROR in HDELET : Unknown histogram : ID=    2211 
 ***** ERROR in HDELET : Unknown histogram : ID=    2212 
 ***** ERROR in HDELET : Unknown histogram : ID=    2220 
 ***** ERROR in HDELET : Unknown histogram : ID=    2221 
 ***** ERROR in HDELET : Unknown histogram : ID=    2222 
 ***** ERROR in HDELET : Unknown histogram : ID=    2223 
 ***** ERROR in HDELET : Unknown histogram : ID=    2224 
 ***** ERROR in HDELET : Unknown histogram : ID=    2225 
 ***** ERROR in HDELET : Unknown histogram : ID=    2226 
 ***** ERROR in HDELET : Unknown histogram : ID=    2227 
 ***** ERROR in HDELET : Unknown histogram : ID=    2228 
 ***** ERROR in HDELET : Unknown histogram : ID=    2229 
 ***** ERROR in HDELET : Unknown histogram : ID=    2231 
 ***** ERROR in HDELET : Unknown histogram : ID=    2232 
 ***** ERROR in HDELET : Unknown histogram : ID=    2233 
 ***** ERROR in HDELET : Unknown histogram : ID=    2234 
 ***** ERROR in HDELET : Unknown histogram : ID=    2235 
 ***** ERROR in HDELET : Unknown histogram : ID=    2236 
 ***** ERROR in HDELET : Unknown histogram : ID=    2237 
 ***** ERROR in HDELET : Unknown histogram : ID=    2238 
 ***** ERROR in HDELET : Unknown histogram : ID=    2239 
 ***** ERROR in HDELET : Unknown histogram : ID=    2241 
 ***** ERROR in HDELET : Unknown histogram : ID=    2242 
 ***** ERROR in HDELET : Unknown histogram : ID=    2243 
 ***** ERROR in HDELET : Unknown histogram : ID=    2244 
 ***** ERROR in HDELET : Unknown histogram : ID=    2245 
 ***** ERROR in HDELET : Unknown histogram : ID=    2246 
 ***** ERROR in HDELET : Unknown histogram : ID=    2247 
 ***** ERROR in HDELET : Unknown histogram : ID=    2248 
 ***** ERROR in HDELET : Unknown histogram : ID=    2249 
 ***** ERROR in HDELET : Unknown histogram : ID=    2251 
 ***** ERROR in HDELET : Unknown histogram : ID=    2252 
 ***** ERROR in HDELET : Unknown histogram : ID=    2253 
 ***** ERROR in HDELET : Unknown histogram : ID=    2254 
 ***** ERROR in HDELET : Unknown histogram : ID=    2255 
 ***** ERROR in HDELET : Unknown histogram : ID=    2256 
 ***** ERROR in HDELET : Unknown histogram : ID=    2257 
 ***** ERROR in HDELET : Unknown histogram : ID=    2258 
 ***** ERROR in HDELET : Unknown histogram : ID=    2259 
 ***** ERROR in HDELET : Unknown histogram : ID=    2310 
 ***** ERROR in HDELET : Unknown histogram : ID=    2311 
 ***** ERROR in HDELET : Unknown histogram : ID=    2312 
 ***** ERROR in HDELET : Unknown histogram : ID=    2320 
 ***** ERROR in HDELET : Unknown histogram : ID=    2321 
 ***** ERROR in HDELET : Unknown histogram : ID=    2322 
 ***** ERROR in HDELET : Unknown histogram : ID=    2323 
 ***** ERROR in HDELET : Unknown histogram : ID=    2324 
 ***** ERROR in HDELET : Unknown histogram : ID=    2325 
 ***** ERROR in HDELET : Unknown histogram : ID=    2326 
 ***** ERROR in HDELET : Unknown histogram : ID=    2327 
 ***** ERROR in HDELET : Unknown histogram : ID=    2328 
 ***** ERROR in HDELET : Unknown histogram : ID=    2329 
 ***** ERROR in HDELET : Unknown histogram : ID=    2331 
 ***** ERROR in HDELET : Unknown histogram : ID=    2332 
 ***** ERROR in HDELET : Unknown histogram : ID=    2333 
 ***** ERROR in HDELET : Unknown histogram : ID=    2334 
 ***** ERROR in HDELET : Unknown histogram : ID=    2335 
 ***** ERROR in HDELET : Unknown histogram : ID=    2336 
 ***** ERROR in HDELET : Unknown histogram : ID=    2337 
 ***** ERROR in HDELET : Unknown histogram : ID=    2338 
 ***** ERROR in HDELET : Unknown histogram : ID=    2339 
 ***** ERROR in HDELET : Unknown histogram : ID=    2341 
 ***** ERROR in HDELET : Unknown histogram : ID=    2342 
 ***** ERROR in HDELET : Unknown histogram : ID=    2343 
 ***** ERROR in HDELET : Unknown histogram : ID=    2344 
 ***** ERROR in HDELET : Unknown histogram : ID=    2345 
 ***** ERROR in HDELET : Unknown histogram : ID=    2346 
 ***** ERROR in HDELET : Unknown histogram : ID=    2347 
 ***** ERROR in HDELET : Unknown histogram : ID=    2348 
 ***** ERROR in HDELET : Unknown histogram : ID=    2349 
 ***** ERROR in HDELET : Unknown histogram : ID=    2351 
 ***** ERROR in HDELET : Unknown histogram : ID=    2352 
 ***** ERROR in HDELET : Unknown histogram : ID=    2353 
 ***** ERROR in HDELET : Unknown histogram : ID=    2354 
 ***** ERROR in HDELET : Unknown histogram : ID=    2355 
 ***** ERROR in HDELET : Unknown histogram : ID=    2356 
 ***** ERROR in HDELET : Unknown histogram : ID=    2357 
 ***** ERROR in HDELET : Unknown histogram : ID=    2358 
 ***** ERROR in HDELET : Unknown histogram : ID=    2359 
  & MC$\ell\ell$ & MCother & on-res & off-res & data & e$^-$beam & e$^+$beam & no-beam \\
 scale factor & 0.215642 & 0.215642 & 1 & 1.12202 & (on-res $-$ off-res) & 0.24841 & -0.0355744 & -0.458989 \\\hline\hline
 %% ptocup =  1.11836
 %% ptocdo =  1.12566
 %% HINFO(300,ENTRIES) =  90375
 %% HINFO(301,ENTRIES) =  39170
 %% HINFO(302,ENTRIES) =  17541
 %% HINFO(350,ENTRIES) =  1419
 %% HINFO(351,ENTRIES) =  47616
 %% HINFO(352,ENTRIES) =  42165
 %% HINFO(400,SUM) =  6188
 %% HINFO(401,SUM) =  6920
 %% HINFO(402,SUM) =  33510
 %% HINFO(403,SUM) =  5567
 %% HINFO(404,SUM) =  21139
 %% HINFO(110,ENTRIES) =  32
 %% HINFO(111,ENTRIES) =  43
 %% HINFO(210,ENTRIES) =  19
 %% HINFO(211,ENTRIES) =  43
 %% HINFO(120,ENTRIES) =  34
 %% HINFO(122,ENTRIES) =  22
 %% HINFO(220,ENTRIES) =  31
 %% HINFO(222,ENTRIES) =  22
 no cuts & 4509 & 93735 & {\it n/a} & {\it n/a} & {\it n/a} & {\it n/a} & {\it n/a} & {\it n/a} \\
 %% HINFO( 2301 ,ENTRIES) =  98244
 %% HINFO( 2302 ,ENTRIES) =  93735
 trigger & 3406 & 93161 & 185673 & 153255 & 13717.8 & 150527 & 31047 & 89731 \\
 %% HINFO( 1401 ,ENTRIES) =  96567
 %% HINFO( 1402 ,ENTRIES) =  93161
 %% HINFO( 1403 ,ENTRIES) =  185673
 %% HINFO( 1404 ,ENTRIES) =  153255
 %% HINFO( 1405 ,ENTRIES) =  150527
 %% HINFO( 1406 ,ENTRIES) =  31047
 %% HINFO( 1407 ,ENTRIES) =  89731
 closest track d0 $<$ 5 mm & 3389 & 93075 & 155842 & 121473 & 19546.8 & 17240 & 5914 & 7842 \\
 %% HINFO( 1501 ,ENTRIES) =  96464
 %% HINFO( 1502 ,ENTRIES) =  93075
 %% HINFO( 1503 ,ENTRIES) =  155842
 %% HINFO( 1504 ,ENTRIES) =  121473
 %% HINFO( 1505 ,ENTRIES) =  17240
 %% HINFO( 1506 ,ENTRIES) =  5914
 %% HINFO( 1507 ,ENTRIES) =  7842
 biggest shower $<$ 85\% & 1574 & 92268 & 88440 & 61421 & 19524.4 & 17160 & 5901 & 7793 \\
 %% HINFO( 1601 ,ENTRIES) =  93842
 %% HINFO( 1602 ,ENTRIES) =  92268
 %% HINFO( 1603 ,ENTRIES) =  88440
 %% HINFO( 1604 ,ENTRIES) =  61421
 %% HINFO( 1605 ,ENTRIES) =  17160
 %% HINFO( 1606 ,ENTRIES) =  5901
 %% HINFO( 1607 ,ENTRIES) =  7793
 second-biggest track $<$ 85\% & 196 & 92222 & 85141 & 58920 & 19031.6 & 16617 & 5817 & 7474 \\
 %% HINFO( 1701 ,ENTRIES) =  92418
 %% HINFO( 1702 ,ENTRIES) =  92222
 %% HINFO( 1703 ,ENTRIES) =  85141
 %% HINFO( 1704 ,ENTRIES) =  58920
 %% HINFO( 1705 ,ENTRIES) =  16617
 %% HINFO( 1706 ,ENTRIES) =  5817
 %% HINFO( 1707 ,ENTRIES) =  7474
 event vertex Z or z0 $<$ 7.5 cm & 175 & 91722 & 78835 & 53104 & 19251.3 & 4654 & 1033 & 2625 \\
 %% HINFO( 1801 ,ENTRIES) =  91897
 %% HINFO( 1802 ,ENTRIES) =  91722
 %% HINFO( 1803 ,ENTRIES) =  78835
 %% HINFO( 1804 ,ENTRIES) =  53104
 %% HINFO( 1805 ,ENTRIES) =  4654
 %% HINFO( 1806 ,ENTRIES) =  1033
 %% HINFO( 1807 ,ENTRIES) =  2625
 visible energy $>$ 20\% & 142 & 91652 & 51073 & 28209 & 19421.9 & 1245 & 244 & 684 \\
 %% HINFO( 2001 ,ENTRIES) =  91794
 %% HINFO( 2002 ,ENTRIES) =  91652
 %% HINFO( 2003 ,ENTRIES) =  51073
 %% HINFO( 2004 ,ENTRIES) =  28209
 %% HINFO( 2005 ,ENTRIES) =  1245
 %% HINFO( 2006 ,ENTRIES) =  244
 %% HINFO( 2007 ,ENTRIES) =  684
 number of quality tracks $\ge$ 2 & 126 & 91460 & 40498 & 18648 & 19574.6 & 804 & 166 & 425 \\
 %% HINFO( 2101 ,ENTRIES) =  91586
 %% HINFO( 2102 ,ENTRIES) =  91460
 %% HINFO( 2103 ,ENTRIES) =  40498
 %% HINFO( 2104 ,ENTRIES) =  18648
 %% HINFO( 2105 ,ENTRIES) =  804
 %% HINFO( 2106 ,ENTRIES) =  166
 %% HINFO( 2107 ,ENTRIES) =  425
 level3/level4 & 125 & 91457 & 40467 & 18612 & 19583.9 & 768 & 161 & 395 \\
 %% HINFO( 1901 ,ENTRIES) =  91582
 %% HINFO( 1902 ,ENTRIES) =  91457
 %% HINFO( 1903 ,ENTRIES) =  40467
 %% HINFO( 1904 ,ENTRIES) =  18612
 %% HINFO( 1905 ,ENTRIES) =  768
 %% HINFO( 1906 ,ENTRIES) =  161
 %% HINFO( 1907 ,ENTRIES) =  395
 CC energy $<$ 85\% & 106 & 90269 & 39170 & 17541 & 19488.6 & 766 & 161 & 395 \\
 %% HINFO( 2201 ,ENTRIES) =  90375
 %% HINFO( 2202 ,ENTRIES) =  90269
 %% HINFO( 2203 ,ENTRIES) =  39170
 %% HINFO( 2204 ,ENTRIES) =  17541
 %% HINFO( 2205 ,ENTRIES) =  766
 %% HINFO( 2206 ,ENTRIES) =  161
 %% HINFO( 2207 ,ENTRIES) =  395
PAW >  Exiting from PAW.
