your job 428785 ("go125358.run") has been submitted
your job 429034 ("go125367.run") has been submitted
your job 429161 ("go124702.run") has been submitted
your job 429222 ("go129851.run") has been submitted
your job 429253 ("go122281.run") has been submitted
your job 429277 ("go123998.run") has been submitted
your job 429725 ("go129847.run") has been submitted
your job 429827 ("go127684.run") has been submitted
your job 431099 ("go129860.run") has been submitted
your job 431143 ("go129849.run") has been submitted
your job 431282 ("go127263.run") has been submitted
your job 431512 ("go122640.run") has been submitted
your job 431707 ("go129066.run") has been submitted
your job 431852 ("go122097.run") has been submitted
your job 432661 ("go123849.run") has been submitted
your job 433689 ("go127721.run") has been submitted
your job 433718 ("go121898.run") has been submitted
your job 433798 ("go127662.run") has been submitted
your job 434169 ("go122829.run") has been submitted
your job 434680 ("go125294.run") has been submitted
your job 434824 ("go122073.run") has been submitted
your job 434894 ("go129071.run") has been submitted
your job 434933 ("go125285.run") has been submitted
your job 435089 ("go121925.run") has been submitted
your job 435207 ("go124449.run") has been submitted
Waiting 600 seconds...
Waiting 600 seconds...
Waiting 600 seconds...
Waiting 600 seconds...
Waiting 600 seconds...
Waiting 600 seconds...
Waiting 600 seconds...
Waiting 600 seconds...
Waiting 600 seconds...
Waiting 600 seconds...
Waiting 600 seconds...
Waiting 600 seconds...
Waiting 600 seconds...
Waiting 600 seconds...
Waiting 600 seconds...
Waiting 600 seconds...
Waiting 600 seconds...
Waiting 600 seconds...
Waiting 600 seconds...
Waiting 600 seconds...
Waiting 600 seconds...
Waiting 600 seconds...
Waiting 600 seconds...
Waiting 600 seconds...
Waiting 600 seconds...
Waiting 600 seconds...
Waiting 600 seconds...
Waiting 600 seconds...
Waiting 600 seconds...
Waiting 600 seconds...
Waiting 600 seconds...
Waiting 600 seconds...
Waiting 600 seconds...
Waiting 600 seconds...
Waiting 600 seconds...
Waiting 600 seconds...
Waiting 600 seconds...
Waiting 600 seconds...
Waiting 600 seconds...
Waiting 600 seconds...
Waiting 600 seconds...
Waiting 600 seconds...
Waiting 600 seconds...
Waiting 600 seconds...
Waiting 600 seconds...
Waiting 600 seconds...
Waiting 600 seconds...
Waiting 600 seconds...
Waiting 600 seconds...
Waiting 600 seconds...
Waiting 600 seconds...
Waiting 600 seconds...
Waiting 600 seconds...
Waiting 600 seconds...
Waiting 600 seconds...
Waiting 600 seconds...
Waiting 600 seconds...
Waiting 600 seconds...
Waiting 600 seconds...
Waiting 600 seconds...
Waiting 600 seconds...
Waiting 600 seconds...
Waiting 600 seconds...
Waiting 600 seconds...
Waiting 600 seconds...
Waiting 600 seconds...
Waiting 600 seconds...
Waiting 600 seconds...
Waiting 600 seconds...
Waiting 600 seconds...
Waiting 600 seconds...
Waiting 600 seconds...
Waiting 600 seconds...
Waiting 600 seconds...
Waiting 600 seconds...
Waiting 600 seconds...
Waiting 600 seconds...
Waiting 600 seconds...
Waiting 600 seconds...
Waiting 600 seconds...
Waiting 600 seconds...
Waiting 600 seconds...
Waiting 600 seconds...
Waiting 600 seconds...
Waiting 600 seconds...
Waiting 600 seconds...
Waiting 600 seconds...
Waiting 600 seconds...
Waiting 600 seconds...
Waiting 600 seconds...
Waiting 600 seconds...
Waiting 600 seconds...
Waiting 600 seconds...
Waiting 600 seconds...
Waiting 600 seconds...
Waiting 600 seconds...
Waiting 600 seconds...
Waiting 600 seconds...
Waiting 600 seconds...
Waiting 600 seconds...
Waiting 600 seconds...
Waiting 600 seconds...
Waiting 600 seconds...
Waiting 600 seconds...
Waiting 600 seconds...
Waiting 600 seconds...
Waiting 600 seconds...
Waiting 600 seconds...
Waiting 600 seconds...
Waiting 600 seconds...
Waiting 600 seconds...
Waiting 600 seconds...
Waiting 600 seconds...
Waiting 600 seconds...
Waiting 600 seconds...
Waiting 600 seconds...
Waiting 600 seconds...
Waiting 600 seconds...
Waiting 600 seconds...
Waiting 600 seconds...
Waiting 600 seconds...
Waiting 600 seconds...
Waiting 600 seconds...
Waiting 600 seconds...
Waiting 600 seconds...
Waiting 600 seconds...
Waiting 600 seconds...
Waiting 600 seconds...
Waiting 600 seconds...
Waiting 600 seconds...
Waiting 600 seconds...
Waiting 600 seconds...
Waiting 600 seconds...
Waiting 600 seconds...
Waiting 600 seconds...
Waiting 600 seconds...
Waiting 600 seconds...
Waiting 600 seconds...
Waiting 600 seconds...
Waiting 600 seconds...
Waiting 600 seconds...
Waiting 600 seconds...
Waiting 600 seconds...
Waiting 600 seconds...
Waiting 600 seconds...
Waiting 600 seconds...
Waiting 600 seconds...
Waiting 600 seconds...
Waiting 600 seconds...
Waiting 600 seconds...
Waiting 600 seconds...
Waiting 600 seconds...
Waiting 600 seconds...
Waiting 600 seconds...
Waiting 600 seconds...
Waiting 600 seconds...
Waiting 600 seconds...
Waiting 600 seconds...
Waiting 600 seconds...
Waiting 600 seconds...
Waiting 600 seconds...
Waiting 600 seconds...
Waiting 600 seconds...
Waiting 600 seconds...
Waiting 600 seconds...
Waiting 600 seconds...
Waiting 600 seconds...
Waiting 600 seconds...
Waiting 600 seconds...
Waiting 600 seconds...
Waiting 600 seconds...
Waiting 600 seconds...
Waiting 600 seconds...
Waiting 600 seconds...
Waiting 600 seconds...
Waiting 600 seconds...
Waiting 600 seconds...
Waiting 600 seconds...
Waiting 600 seconds...
Waiting 600 seconds...
Waiting 600 seconds...
Waiting 600 seconds...
Waiting 600 seconds...
Waiting 600 seconds...
Waiting 600 seconds...
Waiting 600 seconds...
Waiting 600 seconds...
Waiting 600 seconds...
Waiting 600 seconds...
Waiting 600 seconds...
Waiting 600 seconds...
Waiting 600 seconds...
Waiting 600 seconds...
Waiting 600 seconds...
Waiting 600 seconds...
Waiting 600 seconds...
Waiting 600 seconds...
Waiting 600 seconds...
Waiting 600 seconds...
Waiting 600 seconds...
Waiting 600 seconds...
Waiting 600 seconds...
Waiting 600 seconds...
Waiting 600 seconds...
Waiting 600 seconds...
Waiting 600 seconds...
Waiting 600 seconds...
Waiting 600 seconds...
Waiting 600 seconds...
Waiting 600 seconds...
Waiting 600 seconds...
Waiting 600 seconds...
Waiting 600 seconds...
Waiting 600 seconds...
Waiting 600 seconds...
Waiting 600 seconds...
Waiting 600 seconds...
Waiting 600 seconds...
Waiting 600 seconds...
Waiting 600 seconds...
Waiting 600 seconds...
Waiting 600 seconds...
Waiting 600 seconds...
Waiting 600 seconds...
Waiting 600 seconds...
Waiting 600 seconds...
Waiting 600 seconds...
Waiting 600 seconds...
Waiting 600 seconds...
Waiting 600 seconds...
Waiting 600 seconds...
Waiting 600 seconds...
Waiting 600 seconds...
Waiting 600 seconds...
Waiting 600 seconds...
Waiting 600 seconds...
Waiting 600 seconds...
Waiting 600 seconds...
Waiting 600 seconds...
Waiting 600 seconds...
Waiting 600 seconds...
Waiting 600 seconds...
Waiting 600 seconds...
Waiting 600 seconds...
Waiting 600 seconds...
Waiting 600 seconds...
Waiting 600 seconds...
Waiting 600 seconds...
Waiting 600 seconds...
Waiting 600 seconds...
Waiting 600 seconds...
Waiting 600 seconds...
Waiting 600 seconds...
Waiting 600 seconds...
Waiting 600 seconds...
Waiting 600 seconds...
Waiting 600 seconds...
Waiting 600 seconds...
Waiting 600 seconds...
Waiting 600 seconds...
Waiting 600 seconds...
Waiting 600 seconds...
Waiting 600 seconds...
Waiting 600 seconds...
Waiting 600 seconds...
Waiting 600 seconds...
Waiting 600 seconds...
Waiting 600 seconds...
Waiting 600 seconds...
Waiting 600 seconds...
Waiting 600 seconds...
Waiting 600 seconds...
Waiting 600 seconds...
Waiting 600 seconds...
Waiting 600 seconds...
Waiting 600 seconds...
Waiting 600 seconds...
Waiting 600 seconds...
Waiting 600 seconds...
Waiting 600 seconds...
Waiting 600 seconds...
Waiting 600 seconds...
Waiting 600 seconds...
Waiting 600 seconds...
Waiting 600 seconds...
Waiting 600 seconds...
Waiting 600 seconds...
Waiting 600 seconds...
Waiting 600 seconds...
Waiting 600 seconds...
Waiting 600 seconds...
Waiting 600 seconds...
Waiting 600 seconds...
Waiting 600 seconds...
Waiting 600 seconds...
Waiting 600 seconds...
Waiting 600 seconds...
Waiting 600 seconds...
Waiting 600 seconds...
Waiting 600 seconds...
Waiting 600 seconds...
Waiting 600 seconds...
Waiting 600 seconds...
Waiting 600 seconds...
Waiting 600 seconds...
Waiting 600 seconds...
Waiting 600 seconds...
Waiting 600 seconds...
Waiting 600 seconds...
Waiting 600 seconds...
Waiting 600 seconds...
Waiting 600 seconds...
Waiting 600 seconds...
Waiting 600 seconds...
Waiting 600 seconds...
Waiting 600 seconds...
Waiting 600 seconds...
Waiting 600 seconds...
Waiting 600 seconds...
Waiting 600 seconds...
Waiting 600 seconds...
Waiting 600 seconds...
Waiting 600 seconds...
Waiting 600 seconds...
Waiting 600 seconds...
Waiting 600 seconds...
Waiting 600 seconds...
Waiting 600 seconds...
Waiting 600 seconds...
Waiting 600 seconds...
Waiting 600 seconds...
Waiting 600 seconds...
Waiting 600 seconds...
Waiting 600 seconds...
Waiting 600 seconds...
Waiting 600 seconds...
Waiting 600 seconds...
Waiting 600 seconds...
Waiting 600 seconds...
Waiting 600 seconds...
Waiting 600 seconds...
Waiting 600 seconds...
Waiting 600 seconds...
Waiting 600 seconds...
Waiting 600 seconds...
Waiting 600 seconds...
Waiting 600 seconds...
Waiting 600 seconds...
Waiting 600 seconds...
Waiting 600 seconds...
Waiting 600 seconds...
Waiting 600 seconds...
Waiting 600 seconds...
Waiting 600 seconds...
Waiting 600 seconds...
Waiting 600 seconds...
Waityour job 435265 ("go128315.run") has been submitted
your job 435280 ("go127703.run") has been submitted
your job 435500 ("go129070.run") has been submitted
your job 435615 ("go124679.run") has been submitted
your job 436028 ("go129072.run") has been submitted
your job 436283 ("go126879.run") has been submitted
your job 436352 ("go123038.run") has been submitted
your job 436414 ("go124437.run") has been submitted
your job 436446 ("go124110.run") has been submitted
your job 436487 ("go126465.run") has been submitted
your job 436552 ("go129065.run") has been submitted
your job 436574 ("go121918.run") has been submitted
your job 436626 ("go129073.run") has been submitted
your job 436761 ("go129652.run") has been submitted
your job 436774 ("go129545.run") has been submitted
your job 436930 ("go122480.run") has been submitted
your job 436934 ("go125348.run") has been submitted
your job 436937 ("go126431.run") has been submitted
your job 436975 ("go125226.run") has been submitted
your job 436981 ("go129864.run") has been submitted
your job 436984 ("go128316.run") has been submitted
your job 437005 ("go122300.run") has been submitted
your job 437162 ("go123602.run") has been submitted
your job 437311 ("go127278.run") has been submitted
your job 437314 ("go121936.run") has been submitted
your job 437319 ("go129863.run") has been submitted
your job 437325 ("go127306.run") has been submitted
your job 437347 ("go129656.run") has been submitted
your job 437351 ("go126505.run") has been submitted
your job 437353 ("go122855.run") has been submitted
your job 437354 ("go122118.run") has been submitted
your job 437355 ("go124155.run") has been submitted
your job 437356 ("go121916.run") has been submitted
your job 437357 ("go123055.run") has been submitted
your job 437358 ("go124289.run") has been submitted
your job 437361 ("go123997.run") has been submitted
your job 437366 ("go124506.run") has been submitted
your job 437367 ("go125311.run") has been submitted
your job 437368 ("go121968.run") has been submitted
your job 437369 ("go122289.run") has been submitted
your job 437373 ("go127610.run") has been submitted
your job 437388 ("go125126.run") has been submitted
your job 437389 ("go121944.run") has been submitted
your job 437391 ("go129611.run") has been submitted
your job 437392 ("go123202.run") has been submitted
your job 437396 ("go121962.run") has been submitted
your job 437397 ("go125261.run") has been submitted
your job 437410 ("go126469.run") has been submitted
your job 437411 ("go124334.run") has been submitted
your job 437412 ("go126862.run") has been submitted
your job 437414 ("go122098.run") has been submitted
your job 437415 ("go122652.run") has been submitted
your job 437417 ("go122461.run") has been submitted
your job 437431 ("go122283.run") has been submitted
your job 437440 ("go123842.run") has been submitted
your job 437444 ("go126429.run") has been submitted
your job 437445 ("go126434.run") has been submitted
your job 437447 ("go121927.run") has been submitted
your job 437451 ("go126823.run") has been submitted
your job 437452 ("go126432.run") has been submitted
your job 437453 ("go121917.run") has been submitted
your job 437454 ("go125309.run") has been submitted
your job 437455 ("go128305.run") has been submitted
your job 437456 ("go126779.run") has been submitted
your job 437458 ("go122665.run") has been submitted
your job 437459 ("go123601.run") has been submitted
your job 437460 ("go122287.run") has been submitted
your job 437461 ("go126527.run") has been submitted
your job 437462 ("go122313.run") has been submitted
your job 437463 ("go122147.run") has been submitted
your job 437465 ("go125197.run") has been submitted
your job 437466 ("go128303.run") has been submitted
your job 437467 ("go127325.run") has been submitted
your job 437469 ("go122625.run") has been submitted
your job 437470 ("go122132.run") has been submitted
your job 437472 ("go126564.run") has been submitted
your job 437473 ("go126912.run") has been submitted
your job 437474 ("go123794.run") has been submitted
your job 437475 ("go125119.run") has been submitted
your job 437476 ("go126433.run") has been submitted
your job 437477 ("go122138.run") has been submitted
your job 437478 ("go123044.run") has been submitted
your job 437479 ("go124092.run") has been submitted
your job 437481 ("go126776.run") has been submitted
your job 437482 ("go127296.run") has been submitted
your job 437483 ("go122293.run") has been submitted
your job 437485 ("go126777.run") has been submitted
your job 437486 ("go122312.run") has been submitted
your job 437487 ("go124293.run") has been submitted
your job 437488 ("go123603.run") has been submitted
your job 437489 ("go122608.run") has been submitted
your job 437490 ("go127280.run") has been submitted
your job 437491 ("go123995.run") has been submitted
your job 437492 ("go124001.run") has been submitted
your job 437493 ("go125259.run") has been submitted
your job 437494 ("go126778.run") has been submitted
your job 437495 ("go127925.run") has been submitted
your job 437497 ("go127251.run") has been submitted
your job 437498 ("go129574.run") has been submitted
your job 437499 ("go126825.run") has been submitted
your job 437500 ("go124290.run") has been submitted
your job 437502 ("go121974.run") has been submitted
your job 437503 ("go122813.run") has been submitted
your job 437505 ("go123048.run") has been submitted
your job 437507 ("go127589.run") has been submitted
your job 437508 ("go129626.run") has been submitted
your job 437509 ("go127611.run") has been submitted
your job 437510 ("go123789.run") has been submitted
ing 600 seconds...
Waiting 600 seconds...
Waiting 600 seconds...
Waiting 600 seconds...
Waiting 600 seconds...
Waiting 600 seconds...
Waiting 600 seconds...
Waiting 600 seconds...
Waiting 600 seconds...
Waiting 600 seconds...
Waiting 600 seconds...
Waiting 600 seconds...
Waiting 600 seconds...
Waiting 600 seconds...
Waiting 600 seconds...
Waiting 600 seconds...
Waiting 600 seconds...
Waiting 600 seconds...
Waiting 600 seconds...
Waiting 600 seconds...
Waiting 600 seconds...
Waiting 600 seconds...
Waiting 600 seconds...
Waiting 600 seconds...
Waiting 600 seconds...
Waiting 600 seconds...
Waiting 600 seconds...
Waiting 600 seconds...
Waiting 600 seconds...
Waiting 600 seconds...
Waiting 600 seconds...
Waiting 600 seconds...
Waiting 600 seconds...
Waiting 600 seconds...
Waiting 600 seconds...
Waiting 600 seconds...
Waiting 600 seconds...
Waiting 600 seconds...
Waiting 600 seconds...
Waiting 600 seconds...
Waiting 600 seconds...
Waiting 600 seconds...
Waiting 600 seconds...
Waiting 600 seconds...
Waiting 600 seconds...
Waiting 600 seconds...
Waiting 600 seconds...
Waiting 600 seconds...
Waiting 600 seconds...
Waiting 600 seconds...
Waiting 600 seconds...
Waiting 600 seconds...
Waiting 600 seconds...
Waiting 600 seconds...
Waiting 600 seconds...
Waiting 600 seconds...
Waiting 600 seconds...
Waiting 600 seconds...
Waiting 600 seconds...
Waiting 600 seconds...
Waiting 600 seconds...
Waiting 600 seconds...
Waiting 600 seconds...
Waiting 600 seconds...
Waiting 600 seconds...
Waiting 600 seconds...
Waiting 600 seconds...
Waiting 600 seconds...
Waiting 600 seconds...
Waiting 600 seconds...
Waiting 600 seconds...
Waiting 600 seconds...
Waiting 600 seconds...
Waiting 600 seconds...
Waiting 600 seconds...
Waiting 600 seconds...
Waiting 600 seconds...
Waiting 600 seconds...
Waiting 600 seconds...
Waiting 600 seconds...
Waiting 600 seconds...
Waiting 600 seconds...
Waiting 600 seconds...
Waiting 600 seconds...
Waiting 600 seconds...
Waiting 600 seconds...
Waiting 600 seconds...
Waiting 600 seconds...
Waiting 600 seconds...
Waiting 600 seconds...
Waiting 600 seconds...
Waiting 600 seconds...
Waiting 600 seconds...
Waiting 600 seconds...
Waiting 600 seconds...
Waiting 600 seconds...
Waiting 600 seconds...
Waiting 600 seconds...
Waiting 600 seconds...
Waiting 600 seconds...
Waiting 600 seconds...
Waiting 600 seconds...
Waiting 600 seconds...
Waiting 600 seconds...
Waiting 600 seconds...
Waiting 600 seconds...
Waiting 600 seconds...
Waiting 600 seconds...
Waiting 600 seconds...
Waiting 600 seconds...
Waiting 600 seconds...
Waiting 600 seconds...
Waiting 600 seconds...
Waiting 600 seconds...
Waiting 600 seconds...
Waiting 600 seconds...
Waiting 600 seconds...
Waiting 600 seconds...
Waiting 600 seconds...
Waiting 600 seconds...
Waiting 600 seconds...
Waiting 600 seconds...
Waiting 600 seconds...
Waiting 600 seconds...
Waiting 600 seconds...
Waiting 600 seconds...
Waiting 600 seconds...
Waiting 600 seconds...
Waiting 600 seconds...
Waiting 600 seconds...
Waiting 600 seconds...
Waiting 600 seconds...
Waiting 600 seconds...
Waiting 600 seconds...
Waiting 600 seconds...
Waiting 600 seconds...
Waiting 600 seconds...
Waiting 600 seconds...
Waiting 600 seconds...
Waiting 600 seconds...
Waiting 600 seconds...
Waiting 600 seconds...
Waiting 600 seconds...
Waiting 600 seconds...
Waiting 600 seconds...
Waiting 600 seconds...
Waiting 600 seconds...
Waiting 600 seconds...
Waiting 600 seconds...
Waiting 600 seconds...
Waiting 600 seconds...
Waiting 600 seconds...
Waiting 600 seconds...
Waiting 600 seconds...
Waiting 600 seconds...
Waiting 600 seconds...
Waiting 600 seconds...
Waiting 600 seconds...
Waiting 600 seconds...
Waiting 600 seconds...
Waiting 600 seconds...
Waiting 600 seconds...
Waiting 600 seconds...
Waiting 600 seconds...
Waiting 600 seconds...
Waiting 600 seconds...
Waiting 600 seconds...
Waiting 600 seconds...
Waiting 600 seconds...
Waiting 600 seconds...
Waiting 600 seconds...
Waiting 600 seconds...
Waiting 600 seconds...
Waiting 600 seconds...
Waiting 600 seconds...
Waiting 600 seconds...
Waiting 600 seconds...
Waiting 600 seconds...
Waiting 600 seconds...
Waiting 600 seconds...
Waiting 600 seconds...
Waiting 600 seconds...
Waiting 600 seconds...
Waiting 600 seconds...
Waiting 600 seconds...
Waiting 600 seconds...
Waiting 600 seconds...
Waiting 600 seconds...
Waiting 600 seconds...
Waiting 600 seconds...
Waiting 600 seconds...
Waiting 600 seconds...
Waiting 600 seconds...
Waiting 600 seconds...
Waiting 600 seconds...
Waiting 600 seconds...
Waiting 600 seconds...
Waiting 600 seconds...
Waiting 600 seconds...
Waiting 600 seconds...
Waiting 600 seconds...
Waiting 600 seconds...
Waiting 600 seconds...
Waiting 600 seconds...
Waiting 600 seconds...
Waiting 600 seconds...
Waiting 600 seconds...
Waiting 600 seconds...
Waiting 600 seconds...
Waiting 600 seconds...
Waiting 600 seconds...
Waiting 600 seconds...
Waiting 600 seconds...
Waiting 600 seconds...
Waiting 600 seconds...
Waiting 600 seconds...
Waiting 600 seconds...
Waiting 600 seconds...
Waiting 600 seconds...
Waiting 600 seconds...
Waiting 600 seconds...
Waiting 600 seconds...
Waiting 600 seconds...
Waiting 600 seconds...
Waiting 600 seconds...
Waiting 600 seconds...
Waiting 600 seconds...
Waiting 600 seconds...
Waiting 600 seconds...
Waiting 600 seconds...
Waiting 600 seconds...
Waiting 600 seconds...
Waiting 600 seconds...
Waiting 600 seconds...
Waiting 600 seconds...
Waiting 600 seconds...
Waiting 600 seconds...
Waiting 600 seconds...
Waiting 600 seconds...
Waiting 600 seconds...
Waiting 600 seconds...
Waiting 600 seconds...
Waiting 600 seconds...
Waiting 600 seconds...
Waiting 600 seconds...
Waiting 600 seconds...
Waiting 600 seconds...
Waiting 600 seconds...
Waiting 600 seconds...
Waiting 600 seconds...
Waiting 600 seconds...
Waiting 600 seconds...
Waiting 600 seconds...
Waiting 600 seconds...
Waiting 600 seconds...
Waiting 600 seconds...
Waiting 600 seconds...
Waiting 600 seconds...
Waiting 600 seconds...
Waiting 600 seconds...
Waiting 600 seconds...
Waiting 600 seconds...
Waiting 600 seconds...
Waiting 600 seconds...
Waiting 600 seconds...
Waiting 600 seconds...
Waiting 600 seconds...
Waiting 600 seconds...
Waiting 600 seconds...
Waiting 600 seconds...
Waiting 600 seconds...
Waiting 600 seconds...
Waiting 600 seconds...
Waiting 600 seconds...
Waiting 600 seconds...
Waiting 600 seconds...
Waiting 600 seconds...
Waiting 600 seconds...
Waiting 600 seconds...
Waiting 600 seconds...
Waiting 600 seconds...
Waiting 600 seconds...
Waiting 600 seconds...
Waiting 600 seconds...
Waiting 600 seconds...
Waiting 600 seconds...
Waiting 600 seconds...
Waiting 600 seconds...
Waiting 600 seconds...
Waiting 600 seconds...
Waiting 600 seconds...
Waiting 600 seconds...
Waiting 600 seconds...
Waiting 600 seconds...
Waiting 600 seconds...
Waiting 600 seconds...
Waiting 600 seconds...
Waiting 600 seconds...
Waiting 600 seconds...
Waiting 600 seconds...
Waiting 600 seconds...
Waiting 600 seconds...
Waiting 600 seconds...
Waiting 600 seconds...
Waiting 600 seconds...
Waiting 600 seconds...
Waiting 600 seconds...
Waiting 600 seconds...
Waiting 600 seconds...
Waiting 600 seconds...
Waiting 600 seconds...
Waiting 600 seconds...
Waiting 600 seconds...
Waiting 600 seconds...
Waiting 600 seconds...
Waiting 600 seconds...
Waiting 600 seconds...
Waiting 600 seconds...
Waiting 600 seconds...
Waiting 600 seconds...
Waiting 600 seconds...
Waiting 600 seconds...
Waiting 600 seconds...
Waiting 600 seconds...
Waiting 600 seconds...
Waiting 600 seconds...
Waiting 600 seconds...
Waiting 600 seconds...
Waiting 600 seconds...
Waiting 600 seconds...
Waiting 600 seconds...
Waiting 600 seconds...
Waiting 600 seconds...
Waiting 600 seconds...
Waiting 600 seconds...
Waiting 600 seconds...
Waiting 600 seconds...
Waiting 600 seconds...
Waiting 600 seconds...
Waiting 600 seconds...
Waiting 600 seconds...
Waiting 600 seconds...
Waiting 600 seconds...
Waiting 600 seconds...
Waiting 600 seconds...
Waiting 600 seconds...
Waiting 600 seconds...
Waiting 600 seconds...
Waiting 600 seconds...
Waiting 600 seconds...
Waiting 600 seconds...
Waiting 600 seconds...
Waiting 600 seconds...
Waiting 600 seconds...
Waiting 600 seconds...
Waiting 600 seconds...
Waiting your job 437511 ("go124111.run") has been submitted
your job 437512 ("go122117.run") has been submitted
your job 437513 ("go123790.run") has been submitted
your job 437514 ("go122137.run") has been submitted
your job 437515 ("go122319.run") has been submitted
your job 437517 ("go123168.run") has been submitted
your job 437520 ("go126893.run") has been submitted
your job 437521 ("go122610.run") has been submitted
your job 437523 ("go126824.run") has been submitted
your job 437524 ("go124510.run") has been submitted
your job 437525 ("go122816.run") has been submitted
your job 437527 ("go122123.run") has been submitted
your job 437528 ("go129568.run") has been submitted
your job 437529 ("go122139.run") has been submitted
your job 437536 ("go126579.run") has been submitted
your job 437554 ("go121930.run") has been submitted
your job 437620 ("go122286.run") has been submitted
your job 437636 ("go127592.run") has been submitted
your job 437659 ("go127304.run") has been submitted
your job 437677 ("go122099.run") has been submitted
your job 437681 ("go129582.run") has been submitted
your job 438435 ("go127279.run") has been submitted
your job 438615 ("go122101.run") has been submitted
your job 438618 ("go121948.run") has been submitted
your job 438622 ("go124080.run") has been submitted
