This is TeX, Version 3.14159 (Web2C 7.3.1) (format=latex 2003.2.18)  8 JUN 2005 17:27
**dates
(dates.tex
LaTeX2e <2001/06/01>
Babel <v3.7h> and hyphenation patterns for american, french, german, ngerman, i
talian, nohyphenation, loaded.
(/usr/share/texmf/tex/latex/base/article.cls
Document Class: article 2001/04/21 v1.4e Standard LaTeX document class
(/usr/share/texmf/tex/latex/base/size12.clo
File: size12.clo 2001/04/21 v1.4e Standard LaTeX file (size option)
)
\c@part=\count79
\c@section=\count80
\c@subsection=\count81
\c@subsubsection=\count82
\c@paragraph=\count83
\c@subparagraph=\count84
\c@figure=\count85
\c@table=\count86
\abovecaptionskip=\skip41
\belowcaptionskip=\skip42
\bibindent=\dimen102
)
(/usr/share/texmf/tex/latex/graphics/graphicx.sty
Package: graphicx 1999/02/16 v1.0f Enhanced LaTeX Graphics (DPC,SPQR)

(/usr/share/texmf/tex/latex/graphics/keyval.sty
Package: keyval 1999/03/16 v1.13 key=value parser (DPC)
\KV@toks@=\toks14
)
(/usr/share/texmf/tex/latex/graphics/graphics.sty
Package: graphics 2001/07/07 v1.0n Standard LaTeX Graphics (DPC,SPQR)

(/usr/share/texmf/tex/latex/graphics/trig.sty
Package: trig 1999/03/16 v1.09 sin cos tan (DPC)
)
(/usr/share/texmf/tex/latex/config/graphics.cfg)
Package graphics Info: Driver file: dvips.def on input line 80.

(/usr/share/texmf/tex/latex/graphics/dvips.def
File: dvips.def 1999/02/16 v3.0i Driver-dependant file (DPC,SPQR)
))
\Gin@req@height=\dimen103
\Gin@req@width=\dimen104
) (dates.aux)
\openout1 = `dates.aux'.

LaTeX Font Info:    Checking defaults for OML/cmm/m/it on input line 12.
LaTeX Font Info:    ... okay on input line 12.
LaTeX Font Info:    Checking defaults for T1/cmr/m/n on input line 12.
LaTeX Font Info:    ... okay on input line 12.
LaTeX Font Info:    Checking defaults for OT1/cmr/m/n on input line 12.
LaTeX Font Info:    ... okay on input line 12.
LaTeX Font Info:    Checking defaults for OMS/cmsy/m/n on input line 12.
LaTeX Font Info:    ... okay on input line 12.
LaTeX Font Info:    Checking defaults for OMX/cmex/m/n on input line 12.
LaTeX Font Info:    ... okay on input line 12.
LaTeX Font Info:    Checking defaults for U/cmr/m/n on input line 12.
LaTeX Font Info:    ... okay on input line 12.
File: fits2_dates01.eps Graphic file (type eps)

<fits2_dates01.eps>
Overfull \hbox (17.62482pt too wide) in paragraph at lines 34--34
[][] 
 []

[1

]
File: fits2_dates02.eps Graphic file (type eps)
 <fits2_dates02.eps>
Overfull \hbox (17.62482pt too wide) in paragraph at lines 35--35
[][] 
 []

[2]
File: fits2_dates03.eps Graphic file (type eps)
 <fits2_dates03.eps>
Overfull \hbox (17.62482pt too wide) in paragraph at lines 36--36
[][] 
 []

[3]
File: fits2_dates04.eps Graphic file (type eps)
 <fits2_dates04.eps>
Overfull \hbox (17.62482pt too wide) in paragraph at lines 37--37
[][] 
 []

[4]
File: fits2_dates05.eps Graphic file (type eps)
 <fits2_dates05.eps>
Overfull \hbox (17.62482pt too wide) in paragraph at lines 38--38
[][] 
 []

[5]
File: fits2_dates06.eps Graphic file (type eps)
 <fits2_dates06.eps>
Overfull \hbox (17.62482pt too wide) in paragraph at lines 39--39
[][] 
 []

[6]
File: fits2_dates07.eps Graphic file (type eps)
 <fits2_dates07.eps>
Overfull \hbox (17.62482pt too wide) in paragraph at lines 40--40
[][] 
 []

[7]
File: fits2_dates08.eps Graphic file (type eps)
 <fits2_dates08.eps>
Overfull \hbox (17.62482pt too wide) in paragraph at lines 41--41
[][] 
 []

[8]
File: fits2_dates09.eps Graphic file (type eps)
 <fits2_dates09.eps>
Overfull \hbox (17.62482pt too wide) in paragraph at lines 42--42
[][] 
 []

[9]
File: fits2_dates10.eps Graphic file (type eps)
 <fits2_dates10.eps>
Overfull \hbox (17.62482pt too wide) in paragraph at lines 43--43
[][] 
 []

[10]
File: fits2_dates11.eps Graphic file (type eps)
 <fits2_dates11.eps>
Overfull \hbox (17.62482pt too wide) in paragraph at lines 44--44
[][] 
 []

[11] (dates.aux) ) 
Here is how much of TeX's memory you used:
 517 strings out of 20880
 5756 string characters out of 196184
 50838 words of memory out of 350001
 3513 multiletter control sequences out of 10000+15000
 3938 words of font info for 15 fonts, out of 400000 for 1000
 14 hyphenation exceptions out of 10000
 25i,4n,19p,178b,151s stack positions out of 3000i,100n,1500p,50000b,4000s

Output written on dates.dvi (11 pages, 1748 bytes).
