This is TeX, Version 3.14159 (Web2C 7.3.1) (format=latex 2003.2.18)  16 AUG 2005 17:18
**stability.tex
(stability.tex
LaTeX2e <2001/06/01>
Babel <v3.7h> and hyphenation patterns for american, french, german, ngerman, i
talian, nohyphenation, loaded.
(/usr/share/texmf/tex/latex/base/article.cls
Document Class: article 2001/04/21 v1.4e Standard LaTeX document class
(/usr/share/texmf/tex/latex/base/size12.clo
File: size12.clo 2001/04/21 v1.4e Standard LaTeX file (size option)
)
\c@part=\count79
\c@section=\count80
\c@subsection=\count81
\c@subsubsection=\count82
\c@paragraph=\count83
\c@subparagraph=\count84
\c@figure=\count85
\c@table=\count86
\abovecaptionskip=\skip41
\belowcaptionskip=\skip42
\bibindent=\dimen102
)
(/usr/share/texmf/tex/latex/graphics/graphicx.sty
Package: graphicx 1999/02/16 v1.0f Enhanced LaTeX Graphics (DPC,SPQR)

(/usr/share/texmf/tex/latex/graphics/keyval.sty
Package: keyval 1999/03/16 v1.13 key=value parser (DPC)
\KV@toks@=\toks14
)
(/usr/share/texmf/tex/latex/graphics/graphics.sty
Package: graphics 2001/07/07 v1.0n Standard LaTeX Graphics (DPC,SPQR)

(/usr/share/texmf/tex/latex/graphics/trig.sty
Package: trig 1999/03/16 v1.09 sin cos tan (DPC)
)
(/usr/share/texmf/tex/latex/config/graphics.cfg)
Package graphics Info: Driver file: dvips.def on input line 80.

(/usr/share/texmf/tex/latex/graphics/dvips.def
File: dvips.def 1999/02/16 v3.0i Driver-dependant file (DPC,SPQR)
))
\Gin@req@height=\dimen103
\Gin@req@width=\dimen104
) (stability.aux)
\openout1 = `stability.aux'.

LaTeX Font Info:    Checking defaults for OML/cmm/m/it on input line 12.
LaTeX Font Info:    ... okay on input line 12.
LaTeX Font Info:    Checking defaults for T1/cmr/m/n on input line 12.
LaTeX Font Info:    ... okay on input line 12.
LaTeX Font Info:    Checking defaults for OT1/cmr/m/n on input line 12.
LaTeX Font Info:    ... okay on input line 12.
LaTeX Font Info:    Checking defaults for OMS/cmsy/m/n on input line 12.
LaTeX Font Info:    ... okay on input line 12.
LaTeX Font Info:    Checking defaults for OMX/cmex/m/n on input line 12.
LaTeX Font Info:    ... okay on input line 12.
LaTeX Font Info:    Checking defaults for U/cmr/m/n on input line 12.
LaTeX Font Info:    ... okay on input line 12.
LaTeX Font Info:    External font `cmex10' loaded for size
(Font)              <12> on input line 14.
LaTeX Font Info:    External font `cmex10' loaded for size
(Font)              <8> on input line 14.
LaTeX Font Info:    External font `cmex10' loaded for size
(Font)              <6> on input line 14.
File: stability_cont_0.eps Graphic file (type eps)

<stability_cont_0.eps>
File: stability_cont_1.eps Graphic file (type eps)
 <stability_cont_1.eps>
File: stability_cont_2.eps Graphic file (type eps)
 <stability_cont_2.eps> [1

]
File: stability_scan1_0.eps Graphic file (type eps)

<stability_scan1_0.eps>
File: stability_shiftdownp_scan1_0.eps Graphic file (type eps)
 <stability_shiftdownp_scan1_0.eps>
File: stability_scan1_1.eps Graphic file (type eps)

<stability_scan1_1.eps>
File: stability_shiftdownp_scan1_1.eps Graphic file (type eps)
 <stability_shiftdownp_scan1_1.eps>
File: stability_scan1_2.eps Graphic file (type eps)

<stability_scan1_2.eps>
File: stability_shiftdownp_scan1_2.eps Graphic file (type eps)
 <stability_shiftdownp_scan1_2.eps> [2]
File: stability_peak1_0.eps Graphic file (type eps)

<stability_peak1_0.eps>
File: stability_shiftdownp_peak1_0.eps Graphic file (type eps)
 <stability_shiftdownp_peak1_0.eps>
File: stability_peak1_1.eps Graphic file (type eps)

<stability_peak1_1.eps>
File: stability_shiftdownp_peak1_1.eps Graphic file (type eps)
 <stability_shiftdownp_peak1_1.eps>
File: stability_peak1_2.eps Graphic file (type eps)

<stability_peak1_2.eps>
File: stability_shiftdownp_peak1_2.eps Graphic file (type eps)
 <stability_shiftdownp_peak1_2.eps> [3]
File: stability_late1_0.eps Graphic file (type eps)

<stability_late1_0.eps>
File: stability_shiftdownp_late1_0.eps Graphic file (type eps)
 <stability_shiftdownp_late1_0.eps>
File: stability_late1_1.eps Graphic file (type eps)

<stability_late1_1.eps>
File: stability_shiftdownp_late1_1.eps Graphic file (type eps)
 <stability_shiftdownp_late1_1.eps>
File: stability_late1_2.eps Graphic file (type eps)

<stability_late1_2.eps>
File: stability_shiftdownp_late1_2.eps Graphic file (type eps)
 <stability_shiftdownp_late1_2.eps> [4]
File: stability_scan2_0.eps Graphic file (type eps)

<stability_scan2_0.eps>
File: stability_shiftdownp_scan2_0.eps Graphic file (type eps)
 <stability_shiftdownp_scan2_0.eps>
File: stability_scan2_1.eps Graphic file (type eps)

<stability_scan2_1.eps>
File: stability_shiftdownp_scan2_1.eps Graphic file (type eps)
 <stability_shiftdownp_scan2_1.eps>
File: stability_scan2_2.eps Graphic file (type eps)

<stability_scan2_2.eps>
File: stability_shiftdownp_scan2_2.eps Graphic file (type eps)
 <stability_shiftdownp_scan2_2.eps> [5]
File: stability_peak2_0.eps Graphic file (type eps)

<stability_peak2_0.eps>
File: stability_shiftdownp_peak2_0.eps Graphic file (type eps)
 <stability_shiftdownp_peak2_0.eps>
File: stability_peak2_1.eps Graphic file (type eps)

<stability_peak2_1.eps>
File: stability_shiftdownp_peak2_1.eps Graphic file (type eps)
 <stability_shiftdownp_peak2_1.eps>
File: stability_peak2_2.eps Graphic file (type eps)

<stability_peak2_2.eps>
File: stability_shiftdownp_peak2_2.eps Graphic file (type eps)
 <stability_shiftdownp_peak2_2.eps> [6]
File: stability_late2_0.eps Graphic file (type eps)

<stability_late2_0.eps>
File: stability_shiftdownp_late2_0.eps Graphic file (type eps)
 <stability_shiftdownp_late2_0.eps>
File: stability_late2_1.eps Graphic file (type eps)

<stability_late2_1.eps>
File: stability_shiftdownp_late2_1.eps Graphic file (type eps)
 <stability_shiftdownp_late2_1.eps>
File: stability_late2_2.eps Graphic file (type eps)

<stability_late2_2.eps>
File: stability_shiftdownp_late2_2.eps Graphic file (type eps)
 <stability_shiftdownp_late2_2.eps> [7]
File: stability_scan3_0.eps Graphic file (type eps)

<stability_scan3_0.eps>
File: stability_shiftdownp_scan3_0.eps Graphic file (type eps)
 <stability_shiftdownp_scan3_0.eps>
File: stability_scan3_1.eps Graphic file (type eps)

<stability_scan3_1.eps>
File: stability_shiftdownp_scan3_1.eps Graphic file (type eps)
 <stability_shiftdownp_scan3_1.eps>
File: stability_scan3_2.eps Graphic file (type eps)

<stability_scan3_2.eps>
File: stability_shiftdownp_scan3_2.eps Graphic file (type eps)
 <stability_shiftdownp_scan3_2.eps> [8]
File: stability_peak3_0.eps Graphic file (type eps)

<stability_peak3_0.eps>
File: stability_shiftdownp_peak3_0.eps Graphic file (type eps)
 <stability_shiftdownp_peak3_0.eps>
File: stability_peak3_1.eps Graphic file (type eps)

<stability_peak3_1.eps>
File: stability_shiftdownp_peak3_1.eps Graphic file (type eps)
 <stability_shiftdownp_peak3_1.eps>
File: stability_peak3_2.eps Graphic file (type eps)

<stability_peak3_2.eps>
File: stability_shiftdownp_peak3_2.eps Graphic file (type eps)
 <stability_shiftdownp_peak3_2.eps> [9]
File: stability_late3_0.eps Graphic file (type eps)

<stability_late3_0.eps>
File: stability_shiftdownp_late3_0.eps Graphic file (type eps)
 <stability_shiftdownp_late3_0.eps>
File: stability_late3_1.eps Graphic file (type eps)

<stability_late3_1.eps>
File: stability_shiftdownp_late3_1.eps Graphic file (type eps)
 <stability_shiftdownp_late3_1.eps>
File: stability_late3_2.eps Graphic file (type eps)

<stability_late3_2.eps>
File: stability_shiftdownp_late3_2.eps Graphic file (type eps)
 <stability_shiftdownp_late3_2.eps> [10] (stability.aux) ) 
Here is how much of TeX's memory you used:
 627 strings out of 20880
 8573 string characters out of 196184
 50844 words of memory out of 350001
 3570 multiletter control sequences out of 10000+15000
 6376 words of font info for 23 fonts, out of 400000 for 1000
 14 hyphenation exceptions out of 10000
 25i,4n,19p,203b,217s stack positions out of 3000i,100n,1500p,50000b,4000s

Output written on stability.dvi (10 pages, 7696 bytes).
