This is TeX, Version 3.14159 (Web2C 7.3.1) (format=latex 2002.8.29)  15 MAR 2004 13:37
**trigger
(trigger.tex
LaTeX2e <2000/06/01>
Babel <v3.7h> and hyphenation patterns for american, french, german, ngerman, i
talian, nohyphenation, loaded.
(/usr/share/texmf/tex/latex/base/article.cls
Document Class: article 2000/05/19 v1.4b Standard LaTeX document class
(/usr/share/texmf/tex/latex/base/size12.clo
File: size12.clo 2000/05/19 v1.4b Standard LaTeX file (size option)
)
\c@part=\count79
\c@section=\count80
\c@subsection=\count81
\c@subsubsection=\count82
\c@paragraph=\count83
\c@subparagraph=\count84
\c@figure=\count85
\c@table=\count86
\abovecaptionskip=\skip41
\belowcaptionskip=\skip42
\bibindent=\dimen102
)
(/usr/share/texmf/tex/latex/graphics/graphicx.sty
Package: graphicx 1999/02/16 v1.0f Enhanced LaTeX Graphics (DPC,SPQR)

(/usr/share/texmf/tex/latex/graphics/keyval.sty
Package: keyval 1999/03/16 v1.13 key=value parser (DPC)
\KV@toks@=\toks14
)
(/usr/share/texmf/tex/latex/graphics/graphics.sty
Package: graphics 1999/02/16 v1.0l Standard LaTeX Graphics (DPC,SPQR)

(/usr/share/texmf/tex/latex/graphics/trig.sty
Package: trig 1999/03/16 v1.09 sin cos tan (DPC)
)
(/usr/share/texmf/tex/latex/config/graphics.cfg)
Package graphics Info: Driver file: dvips.def on input line 80.

(/usr/share/texmf/tex/latex/graphics/dvips.def
File: dvips.def 1999/02/16 v3.0i Driver-dependant file (DPC,SPQR)
))
\Gin@req@height=\dimen103
\Gin@req@width=\dimen104
) (trigger.aux)
\openout1 = `trigger.aux'.

LaTeX Font Info:    Checking defaults for OML/cmm/m/it on input line 12.
LaTeX Font Info:    ... okay on input line 12.
LaTeX Font Info:    Checking defaults for T1/cmr/m/n on input line 12.
LaTeX Font Info:    ... okay on input line 12.
LaTeX Font Info:    Checking defaults for OT1/cmr/m/n on input line 12.
LaTeX Font Info:    ... okay on input line 12.
LaTeX Font Info:    Checking defaults for OMS/cmsy/m/n on input line 12.
LaTeX Font Info:    ... okay on input line 12.
LaTeX Font Info:    Checking defaults for OMX/cmex/m/n on input line 12.
LaTeX Font Info:    ... okay on input line 12.
LaTeX Font Info:    Checking defaults for U/cmr/m/n on input line 12.
LaTeX Font Info:    ... okay on input line 12.
File: trigger1_trax.eps Graphic file (type eps)

<trigger1_trax.eps>
Overfull \hbox (17.62482pt too wide) in paragraph at lines 14--15
[][] 
 []

File: trigger1_trst.eps Graphic file (type eps)
<trigger1_trst.eps>
Overfull \hbox (17.62482pt too wide) in paragraph at lines 16--17
[][] 
 []

File: trigger1_cblo.eps Graphic file (type eps)
<trigger1_cblo.eps>
Overfull \hbox (17.62482pt too wide) in paragraph at lines 18--19
[][] 
 []

[1

]
File: trigger1_cbmd.eps Graphic file (type eps)
 <trigger1_cbmd.eps>
Overfull \hbox (17.62482pt too wide) in paragraph at lines 20--21
[][] 
 []

File: trigger2_trax.eps Graphic file (type eps)
<trigger2_trax.eps>
Overfull \hbox (17.62482pt too wide) in paragraph at lines 22--23
[][] 
 []

[2]
File: trigger2_trst.eps Graphic file (type eps)
 <trigger2_trst.eps>
Overfull \hbox (17.62482pt too wide) in paragraph at lines 24--25
[][] 
 []

File: trigger2_cblo.eps Graphic file (type eps)
<trigger2_cblo.eps>
Overfull \hbox (17.62482pt too wide) in paragraph at lines 26--27
[][] 
 []

[3]
File: trigger2_cbmd.eps Graphic file (type eps)
 <trigger2_cbmd.eps>
Overfull \hbox (17.62482pt too wide) in paragraph at lines 28--29
[][] 
 []

File: trigger3_trax.eps Graphic file (type eps)
<trigger3_trax.eps>
Overfull \hbox (17.62482pt too wide) in paragraph at lines 30--31
[][] 
 []

[4]
File: trigger3_trst.eps Graphic file (type eps)
 <trigger3_trst.eps>
Overfull \hbox (17.62482pt too wide) in paragraph at lines 32--33
[][] 
 []

File: trigger3_cblo.eps Graphic file (type eps)
<trigger3_cblo.eps>
Overfull \hbox (17.62482pt too wide) in paragraph at lines 34--35
[][] 
 []

[5]
File: trigger3_cbmd.eps Graphic file (type eps)
 <trigger3_cbmd.eps>
Overfull \hbox (17.62482pt too wide) in paragraph at lines 36--37
[][] 
 []

[6] (trigger.aux) ) 
Here is how much of TeX's memory you used:
 519 strings out of 20887
 5800 string characters out of 196241
 50718 words of memory out of 350001
 3507 multiletter control sequences out of 10000+15000
 3938 words of font info for 15 fonts, out of 400000 for 1000
 14 hyphenation exceptions out of 10000
 25i,5n,19p,197b,227s stack positions out of 3000i,100n,1500p,50000b,4000s

Output written on trigger.dvi (6 pages, 1540 bytes).
