This is TeX, Version 3.14159 (Web2C 7.3.1) (format=latex 2002.8.29)  13 FEB 2004 13:24
**correlator
(correlator.tex
LaTeX2e <2000/06/01>
Babel <v3.7h> and hyphenation patterns for american, french, german, ngerman, i
talian, nohyphenation, loaded.
(/usr/share/texmf/tex/latex/base/article.cls
Document Class: article 2000/05/19 v1.4b Standard LaTeX document class
(/usr/share/texmf/tex/latex/base/size12.clo
File: size12.clo 2000/05/19 v1.4b Standard LaTeX file (size option)
)
\c@part=\count79
\c@section=\count80
\c@subsection=\count81
\c@subsubsection=\count82
\c@paragraph=\count83
\c@subparagraph=\count84
\c@figure=\count85
\c@table=\count86
\abovecaptionskip=\skip41
\belowcaptionskip=\skip42
\bibindent=\dimen102
) (correlator.aux)
\openout1 = `correlator.aux'.

LaTeX Font Info:    Checking defaults for OML/cmm/m/it on input line 11.
LaTeX Font Info:    ... okay on input line 11.
LaTeX Font Info:    Checking defaults for T1/cmr/m/n on input line 11.
LaTeX Font Info:    ... okay on input line 11.
LaTeX Font Info:    Checking defaults for OT1/cmr/m/n on input line 11.
LaTeX Font Info:    ... okay on input line 11.
LaTeX Font Info:    Checking defaults for OMS/cmsy/m/n on input line 11.
LaTeX Font Info:    ... okay on input line 11.
LaTeX Font Info:    Checking defaults for OMX/cmex/m/n on input line 11.
LaTeX Font Info:    ... okay on input line 11.
LaTeX Font Info:    Checking defaults for U/cmr/m/n on input line 11.
LaTeX Font Info:    ... okay on input line 11.
LaTeX Font Info:    External font `cmex10' loaded for size
(Font)              <12> on input line 16.
LaTeX Font Info:    External font `cmex10' loaded for size
(Font)              <8> on input line 16.
LaTeX Font Info:    External font `cmex10' loaded for size
(Font)              <6> on input line 16.

Overfull \hbox (18.21826pt too wide) in paragraph at lines 17--22
[][]| 
 []


Overfull \hbox (23.99889pt too wide) in paragraph at lines 23--28
[][]| 
 []


Overfull \hbox (18.21826pt too wide) in paragraph at lines 31--41
[][]| 
 []


Overfull \hbox (23.99889pt too wide) in paragraph at lines 42--50
[][]| 
 []


Overfull \hbox (18.21826pt too wide) in paragraph at lines 53--62
[][]| 
 []

[1

]
LaTeX Font Info:    External font `cmex10' loaded for size
(Font)              <5> on input line 115.
 [2] (correlator.aux) ) 
Here is how much of TeX's memory you used:
 215 strings out of 20887
 2135 string characters out of 196241
 70377 words of memory out of 350001
 3223 multiletter control sequences out of 10000+15000
 6376 words of font info for 23 fonts, out of 400000 for 1000
 14 hyphenation exceptions out of 10000
 22i,24n,19p,208b,476s stack positions out of 3000i,100n,1500p,50000b,4000s

Output written on correlator.dvi (2 pages, 21024 bytes).
