lnx193> python -i mumufits.py
************************************** from B&S bhabhas with interference
Minuit succeeded.
Hesse succeeded.
Minos succeeded.
1s:  f(area, rmsbeam, back, jan16, jan30, feb06, feb13, feb20, feb27, mar06, mar13, apr08, apr09, apr10, fullgam, yint, phi, btautau, tauyint, tauphi, twophofrac, rjan, rfeb, rapr2) is <function u1fit at 0x406e4c6c>, with up = 1

Minuit succeeded.
Hesse succeeded.
Minos succeeded.

fval = 692.654280318, edm = 4.77672287052e-10, ncalls = 197

    area = 9.04636405108 +/- 0.0515567383066 - 0.0515569624729 + 0.0515555125866, no limits
    rmsbeam = 3.79906575341 +/- 0.1, no limits
    back = 1.12002716879 +/- 0.00199357274728 - 0.00199349835084 + 0.00199356864271, no limits
    jan16 = 0.334419920957 +/- 0.1, no limits
    jan30 = 0.474642410038 +/- 0.1, no limits
    feb06 = -0.0813933528068 +/- 0.1, no limits
    feb13 = -0.0264180485634 +/- 0.1, no limits
    feb20 = -0.039211698648 +/- 0.1, no limits
    feb27 = 0.146581409148 +/- 0.1, no limits
    mar06 = 0.36047341342 +/- 0.1, no limits
    mar13 = 0.235336135551 +/- 0.1, no limits
    apr08 = 0.546113944462 +/- 0.1, no limits
    apr09 = 0.534302956845 +/- 0.1, no limits
    apr10 = 0.712586347531 +/- 0.1, no limits
    fullgam = 0.053 +/- 0.1, no limits
    yint = 0.01864 +/- 0.1, no limits
    phi = 0.0 +/- 0.1, no limits
    btautau = 0.0249 +/- 0.1, no limits
    tauyint = 0.253642159061 +/- 0.0121152474579 - 0.0121055545304 + 0.0121250648281, no limits
    tauphi = 0.0 +/- 0.1, no limits
    twophofrac = 0.0792 +/- 0.1, no limits
    rjan = 3.82192782459 +/- 0.1, no limits
    rfeb = 3.81515013456 +/- 0.1, no limits
    rapr2 = 3.73120728536 +/- 0.1, no limits

Covariance matrix:

      0.0026581
              0                0
   -5.91952e-05                0      3.97435e-06
              0                0                0                0
              0                0                0                0                0
              0                0                0                0                0                0
              0                0                0                0                0                0                0
              0                0                0                0                0                0                0                0
              0                0                0                0                0                0                0                0                0
              0                0                0                0                0                0                0                0                0                0
              0                0                0                0                0                0                0                0                0                0                0
              0                0                0                0                0                0                0                0                0                0                0                0
              0                0                0                0                0                0                0                0                0                0                0                0                0
              0                0                0                0                0                0                0                0                0                0                0                0                0                0
              0                0                0                0                0                0                0                0                0                0                0                0                0                0                0
              0                0                0                0                0                0                0                0                0                0                0                0                0                0                0                0
              0                0                0                0                0                0                0                0                0                0                0                0                0                0                0                0                0
              0                0                0                0                0                0                0                0                0                0                0                0                0                0                0                0                0                0
   -8.63459e-05                0      1.09614e-05                0                0                0                0                0                0                0                0                0                0                0                0                0                0                0       0.00014678
              0                0                0                0                0                0                0                0                0                0                0                0                0                0                0                0                0                0                0                0
              0                0                0                0                0                0                0                0                0                0                0                0                0                0                0                0                0                0                0                0                0
              0                0                0                0                0                0                0                0                0                0                0                0                0                0                0                0                0                0                0                0                0                0
              0                0                0                0                0                0                0                0                0                0                0                0                0                0                0                0                0                0                0                0                0                0                0
              0                0                0                0                0                0                0                0                0                0                0                0                0                0                0                0                0                0                0                0                0                0                0                0

Global correlation coefficients:

              1
              0                0
      -0.575927                0                1
              0                0                0                0
              0                0                0                0                0
              0                0                0                0                0                0
              0                0                0                0                0                0                0
              0                0                0                0                0                0                0                0
              0                0                0                0                0                0                0                0                0
              0                0                0                0                0                0                0                0                0                0
              0                0                0                0                0                0                0                0                0                0                0
              0                0                0                0                0                0                0                0                0                0                0                0
              0                0                0                0                0                0                0                0                0                0                0                0                0
              0                0                0                0                0                0                0                0                0                0                0                0                0                0
              0                0                0                0                0                0                0                0                0                0                0                0                0                0                0
              0                0                0                0                0                0                0                0                0                0                0                0                0                0                0                0
              0                0                0                0                0                0                0                0                0                0                0                0                0                0                0                0                0
              0                0                0                0                0                0                0                0                0                0                0                0                0                0                0                0                0                0
      -0.138237                0         0.453836                0                0                0                0                0                0                0                0                0                0                0                0                0                0                0                1
              0                0                0                0                0                0                0                0                0                0                0                0                0                0                0                0                0                0                0                0
              0                0                0                0                0                0                0                0                0                0                0                0                0                0                0                0                0                0                0                0                0
              0                0                0                0                0                0                0                0                0                0                0                0                0                0                0                0                0                0                0                0                0                0
              0                0                0                0                0                0                0                0                0                0                0                0                0                0                0                0                0                0                0                0                0                0                0
              0                0                0                0                0                0                0                0                0                0                0                0                0                0                0                0                0                0                0                0                0                0                0                0
[('area', (-0.051556962472876715, 0.051555512586590649)), ('rmsbeam', (None, None)), ('back', (-0.0019934983508376131, 0.001993568642712263)), ('jan16', (None, None)), ('jan30', (None, None)), ('feb06', (None, None)), ('feb13', (None, None)), ('feb20', (None, None)), ('feb27', (None, None)), ('mar06', (None, None)), ('mar13', (None, None)), ('apr08', (None, None)), ('apr09', (None, None)), ('apr10', (None, None)), ('fullgam', (None, None)), ('yint', (None, None)), ('phi', (None, None)), ('btautau', (None, None)), ('tauyint', (-0.012105554530414692, 0.012125064828095326)), ('tauphi', (None, None)), ('twophofrac', (None, None)), ('rjan', (None, None)), ('rfeb', (None, None)), ('rapr2', (None, None))]
VariableMetricBuilder: matrix not pos.def.
gdel > 0: 2.77202e+07
negative or zero diagonal element 0 in covariance matrix
negative or zero diagonal element 1 in covariance matrix
negative or zero diagonal element 2 in covariance matrix
added 1.07049 to diagonal of error matrix
gdel: 2.77202e+07
Minuit succeeded.
Hesse succeeded.
MnMinos could not find lower value for parameter 0.
MnMinos could not find upper value for parameter 0.
MnMinos could not find lower value for parameter 2.
MnMinos could not find upper value for parameter 2.
MnMinos could not find lower value for parameter 13.
MnMinos could not find upper value for parameter 13.
Minos succeeded.
2s:  f(area, rmsbeam, back, may29, jun11, jun12, jul10, jul24, aug07, fullgam, yint, phi, btautau, tauyint, tauphi, twophofrac, u1area) is <function u2fit at 0x406e4ca4>, with up = 1

Minuit succeeded.
Hesse succeeded.
Minos succeeded.

fval = 108552.697264, edm = 105160.162664, ncalls = 1883

    area = -4.4130170521 +/- 0.0469159496466, no limits
    rmsbeam = 4.18608435184 +/- 0.1, no limits
    back = 1.7510832546 +/- 0.00193659718059, no limits
    may29 = -1.31884206114 +/- 0.1, no limits
    jun11 = -1.21084299791 +/- 0.1, no limits
    jun12 = -1.1283572661 +/- 0.1, no limits
    jul10 = -0.799208231011 +/- 0.1, no limits
    jul24 = -0.819114533214 +/- 0.1, no limits
    aug07 = -0.664861038081 +/- 0.1, no limits
    fullgam = 0.043 +/- 0.1, no limits
    yint = 0.01792 +/- 0.1, no limits
    phi = 0.0 +/- 0.1, no limits
    btautau = 0.0203 +/- 0.1, no limits
    tauyint = -6.85150731132 +/- 0.0747186494408, no limits
    tauphi = 0.0 +/- 0.1, no limits
    twophofrac = 0.0792 +/- 0.1, no limits
    u1area = 324.131798726 +/- 0.1, no limits

Covariance matrix:

     0.00220111
              0                0
   -2.24591e-05                0      3.75041e-06
              0                0                0                0
              0                0                0                0                0
              0                0                0                0                0                0
              0                0                0                0                0                0                0
              0                0                0                0                0                0                0                0
              0                0                0                0                0                0                0                0                0
              0                0                0                0                0                0                0                0                0                0
              0                0                0                0                0                0                0                0                0                0                0
              0                0                0                0                0                0                0                0                0                0                0                0
              0                0                0                0                0                0                0                0                0                0                0                0                0
    -0.00320192                0     -8.35211e-06                0                0                0                0                0                0                0                0                0                0       0.00558288
              0                0                0                0                0                0                0                0                0                0                0                0                0                0                0
              0                0                0                0                0                0                0                0                0                0                0                0                0                0                0                0
              0                0                0                0                0                0                0                0                0                0                0                0                0                0                0                0                0

Global correlation coefficients:

              1
              0                0
      -0.247191                0                1
              0                0                0                0
              0                0                0                0                0
              0                0                0                0                0                0
              0                0                0                0                0                0                0
              0                0                0                0                0                0                0                0
              0                0                0                0                0                0                0                0                0
              0                0                0                0                0                0                0                0                0                0
              0                0                0                0                0                0                0                0                0                0                0
              0                0                0                0                0                0                0                0                0                0                0                0
              0                0                0                0                0                0                0                0                0                0                0                0                0
        -0.9134                0       -0.0577202                0                0                0                0                0                0                0                0                0                0                1
              0                0                0                0                0                0                0                0                0                0                0                0                0                0                0
              0                0                0                0                0                0                0                0                0                0                0                0                0                0                0                0
              0                0                0                0                0                0                0                0                0                0                0                0                0                0                0                0                0
[('area', (None, None)), ('rmsbeam', (None, None)), ('back', (None, None)), ('may29', (None, None)), ('jun11', (None, None)), ('jun12', (None, None)), ('jul10', (None, None)), ('jul24', (None, None)), ('aug07', (None, None)), ('fullgam', (None, None)), ('yint', (None, None)), ('phi', (None, None)), ('btautau', (None, None)), ('tauyint', (None, None)), ('tauphi', (None, None)), ('twophofrac', (None, None)), ('u1area', (None, None))]
Minuit succeeded.
Hesse succeeded.
Minos succeeded.
3s:  f(area, rmsbeam, back, nov28, dec05, dec12, dec19, dec26, jan02, jan09, fullgam, yint, phi, btautau, tauyint, tauphi, twophofrac, u1area, u2area, rnov28, rdec05, rdec12, rdec19, rdec26, rjan02, rjan09) is <function u3fit at 0x406e4cdc>, with up = 1

Minuit succeeded.
Hesse succeeded.
Minos succeeded.

fval = 671.341718183, edm = 2.90619619927e-07, ncalls = 228

    area = 3.29611136558 +/- 0.0554234889678 - 0.0554444858377 + 0.0553991208594, no limits
    rmsbeam = 4.68575049909 +/- 0.1, no limits
    back = 1.18549607777 +/- 0.002266386639 - 0.00226634122632 + 0.00226617314209, no limits
    nov28 = -3.39500523915 +/- 0.1, no limits
    dec05 = -3.95518609973 +/- 0.1, no limits
    dec12 = -2.85153001049 +/- 0.1, no limits
    dec19 = -2.7561597841 +/- 0.1, no limits
    dec26 = -2.7307233079 +/- 0.1, no limits
    jan02 = -2.91222871165 +/- 0.1, no limits
    jan09 = -3.00753506518 +/- 0.1, no limits
    fullgam = 0.0263 +/- 0.1, no limits
    yint = 0.01823 +/- 0.1, no limits
    phi = 0.0 +/- 0.1, no limits
    btautau = 0.0239 +/- 0.1, no limits
    tauyint = 0.284049182968 +/- 0.0362243089396 - 0.0361482211211 + 0.0363089439975, no limits
    tauphi = 0.0 +/- 0.1, no limits
    twophofrac = 0.0792 +/- 0.1, no limits
    u1area = 324.131798726 +/- 0.1, no limits
    u2area = 133.654662416 +/- 0.1, no limits
    rnov28 = 4.67253409697 +/- 0.1, no limits
    rdec05 = 4.69351296902 +/- 0.1, no limits
    rdec12 = 4.68206225055 +/- 0.1, no limits
    rdec19 = 4.75621397522 +/- 0.1, no limits
    rdec26 = 4.80553161758 +/- 0.1, no limits
    rjan02 = 4.51546835875 +/- 0.1, no limits
    rjan09 = 4.68347611156 +/- 0.1, no limits

Covariance matrix:

     0.00307179
              0                0
   -7.50474e-05                0      5.13659e-06
              0                0                0                0
              0                0                0                0                0
              0                0                0                0                0                0
              0                0                0                0                0                0                0
              0                0                0                0                0                0                0                0
              0                0                0                0                0                0                0                0                0
              0                0                0                0                0                0                0                0                0                0
              0                0                0                0                0                0                0                0                0                0                0
              0                0                0                0                0                0                0                0                0                0                0                0
              0                0                0                0                0                0                0                0                0                0                0                0                0
              0                0                0                0                0                0                0                0                0                0                0                0                0                0
   -0.000280528                0      4.01453e-05                0                0                0                0                0                0                0                0                0                0                0       0.00131221
              0                0                0                0                0                0                0                0                0                0                0                0                0                0                0                0
              0                0                0                0                0                0                0                0                0                0                0                0                0                0                0                0                0
              0                0                0                0                0                0                0                0                0                0                0                0                0                0                0                0                0                0
              0                0                0                0                0                0                0                0                0                0                0                0                0                0                0                0                0                0                0
              0                0                0                0                0                0                0                0                0                0                0                0                0                0                0                0                0                0                0                0
              0                0                0                0                0                0                0                0                0                0                0                0                0                0                0                0                0                0                0                0                0
              0                0                0                0                0                0                0                0                0                0                0                0                0                0                0                0                0                0                0                0                0                0
              0                0                0                0                0                0                0                0                0                0                0                0                0                0                0                0                0                0                0                0                0                0                0
              0                0                0                0                0                0                0                0                0                0                0                0                0                0                0                0                0                0                0                0                0                0                0                0
              0                0                0                0                0                0                0                0                0                0                0                0                0                0                0                0                0                0                0                0                0                0                0                0                0
              0                0                0                0                0                0                0                0                0                0                0                0                0                0                0                0                0                0                0                0                0                0                0                0                0                0

Global correlation coefficients:

              1
              0                0
      -0.597451                0                1
              0                0                0                0
              0                0                0                0                0
              0                0                0                0                0                0
              0                0                0                0                0                0                0
              0                0                0                0                0                0                0                0
              0                0                0                0                0                0                0                0                0
              0                0                0                0                0                0                0                0                0                0
              0                0                0                0                0                0                0                0                0                0                0
              0                0                0                0                0                0                0                0                0                0                0                0
              0                0                0                0                0                0                0                0                0                0                0                0                0
              0                0                0                0                0                0                0                0                0                0                0                0                0                0
      -0.139727                0         0.488985                0                0                0                0                0                0                0                0                0                0                0                1
              0                0                0                0                0                0                0                0                0                0                0                0                0                0                0                0
              0                0                0                0                0                0                0                0                0                0                0                0                0                0                0                0                0
              0                0                0                0                0                0                0                0                0                0                0                0                0                0                0                0                0                0
              0                0                0                0                0                0                0                0                0                0                0                0                0                0                0                0                0                0                0
              0                0                0                0                0                0                0                0                0                0                0                0                0                0                0                0                0                0                0                0
              0                0                0                0                0                0                0                0                0                0                0                0                0                0                0                0                0                0                0                0                0
              0                0                0                0                0                0                0                0                0                0                0                0                0                0                0                0                0                0                0                0                0                0
              0                0                0                0                0                0                0                0                0                0                0                0                0                0                0                0                0                0                0                0                0                0                0
              0                0                0                0                0                0                0                0                0                0                0                0                0                0                0                0                0                0                0                0                0                0                0                0
              0                0                0                0                0                0                0                0                0                0                0                0                0                0                0                0                0                0                0                0                0                0                0                0                0
              0                0                0                0                0                0                0                0                0                0                0                0                0                0                0                0                0                0                0                0                0                0                0                0                0                0
[('area', (-0.055444485837655849, 0.055399120859362938)), ('rmsbeam', (None, None)), ('back', (-0.0022663412263191811, 0.0022661731420855875)), ('nov28', (None, None)), ('dec05', (None, None)), ('dec12', (None, None)), ('dec19', (None, None)), ('dec26', (None, None)), ('jan02', (None, None)), ('jan09', (None, None)), ('fullgam', (None, None)), ('yint', (None, None)), ('phi', (None, None)), ('btautau', (None, None)), ('tauyint', (-0.036148221121120476, 0.036308943997479012)), ('tauphi', (None, None)), ('twophofrac', (None, None)), ('u1area', (None, None)), ('u2area', (None, None)), ('rnov28', (None, None)), ('rdec05', (None, None)), ('rdec12', (None, None)), ('rdec19', (None, None)), ('rdec26', (None, None)), ('rjan02', (None, None)), ('rjan09', (None, None))]
Minuit succeeded.
Minos succeeded.
Minuit succeeded.
Minos succeeded.
Traceback (most recent call last):
  File "mumufits.py", line 1967, in ?
    doitall(3, 1.)
  File "mumufits.py", line 1496, in doitall
    u2plot_pull(*fitrecord[2].values).write_eps("/home/mccann/antithesis/fit_results/mumufits_"+str(lumisource)+"_"+str(bhabha_interference)+"_pulls2.eps")
  File "mumufits.py", line 752, in u2plot_pull
    mean, meanerr, width, widtherr, f = dofitgauss(h)
  File "mumufits.py", line 514, in dofitgauss
    m.migrad()
  File "/home/mccann/bin/python/obsolete/minuit.py", line 295, in migrad
    self.eps, self.maxcalls, self.tol, self.strategy, self.covariance, 2, self.gradient, self.checkgrad)
  File "mumufits.py", line 511, in fitgauss
    c += -log(gauss(m, s, x))
OverflowError: math range error
>>> 