+++++++++++++++++ 0.2 0.00348 0.0 ... GO!
Minuit succeeded.
************************ 0.02088 0.0 has 241.119079233 323.928883599
+++++++++++++++++ 0.2 0.00348 22.5 ... GO!
Minuit succeeded.
************************ 0.0144606263649 -0.117510498055 has 240.369472713 324.515099388
+++++++++++++++++ 0.2 0.00348 45.0 ... GO!
Minuit succeeded.
************************ 0.019454793603 0.152800310189 has 240.585914932 324.037662549
+++++++++++++++++ 0.2 0.00348 67.5 ... GO!
eigenvalues: 
-0.0189043
0.345044
0.736982
0.815883
0.847586
1
1
1
1
1
1
1.00384
1.06669
1.24623
1.65508
2.30156
matrix forced pos-def by adding 0.0212058 to diagonal
MnHesse: matrix is invalid!
MnHesse: matrix is not pos. def.!
MnHesse: matrix was forced pos. def.
FunctionMinimum is invalid.
Minuit failed because covariance is not accurate, and covariance is not positive definite.
eigenvalues: 
-0.224589
0.30591
0.741262
0.816644
0.848277
1
1
1
1
1
1
1.00421
1.06603
1.24242
1.75008
2.44975
matrix forced pos-def by adding 0.227039 to diagonal
MnHesse: matrix is invalid!
MnHesse: matrix is not pos. def.!
MnHesse: matrix was forced pos. def.
FunctionMinimum is invalid.
Minuit failed because covariance is not accurate, and covariance is not positive definite.
************************ 0.0175930173145 -0.198921479947 FAILED!
+++++++++++++++++ 0.2 0.00348 90.0 ... GO!
VariableMetricBuilder: no improvement
VariableMetricBuilder: finishes without convergence.
VariableMetricBuilder: edm= 2.43634 requested: 1e-05
FunctionMinimum is invalid.
Minuit failed because the function is above maximum EDM.
VariableMetricBuilder: no improvement
VariableMetricBuilder: finishes without convergence.
VariableMetricBuilder: edm= 0.00257769 requested: 1e-05
FunctionMinimum is invalid.
Minuit failed because the function is above maximum EDM.
************************ 0.0161433234742 0.193931282148 FAILED!
+++++++++++++++++ 0.2 0.00348 112.5 ... GO!
Minuit succeeded.
************************ 0.020371639282 -0.0962278965821 has 240.905226879 323.988217958
+++++++++++++++++ 0.2 0.00348 135.0 ... GO!
Minuit succeeded.
************************ 0.0139370075272 0.0220670030242 has 240.496470977 324.547223667
+++++++++++++++++ 0.2 0.00348 157.5 ... GO!
Minuit succeeded.
************************ 0.0206259782013 0.06890814964 has 241.008479022 323.944579987
+++++++++++++++++ 0.2 0.00348 180.0 ... GO!
VariableMetricBuilder: matrix not pos.def.
gdel > 0: 3.52069e-05
eigenvalues: 
-0.149189
0.162205
0.354808
0.501953
0.712767
0.832401
0.968049
1.00293
1.01164
1.01446
1.03484
1.05183
1.1257
1.42924
1.70433
3.24204
matrix forced pos-def by adding 0.152431 to diagonal
gdel: -0.000167497
VariableMetricBuilder: no improvement
Minuit succeeded.
************************ 0.0155690234696 -0.18004540855 has 240.195373737 324.441251899
+++++++++++++++++ 0.2 0.00348 202.5 ... GO!
Minuit succeeded.
************************ 0.0181905722037 0.190780509347 has 240.287917191 324.153350753
+++++++++++++++++ 0.2 0.00348 225.0 ... GO!
Minuit succeeded.
************************ 0.0189566411769 -0.171584570595 has 240.449442045 324.117846914
+++++++++++++++++ 0.2 0.00348 247.5 ... GO!
VariableMetricBuilder: no improvement
Minuit succeeded.
************************ 0.0148710452529 0.148749375133 has 240.290125653 324.457395178
+++++++++++++++++ 0.2 0.00348 270.0 ... GO!
Minuit succeeded.
************************ 0.0208346584265 -0.0294090837266 has 241.099007368 323.93742671
+++++++++++++++++ 0.2 0.00348 292.5 ... GO!
VariableMetricBuilder: matrix not pos.def.
gdel > 0: 4.20728e-05
negative or zero diagonal element 4 in covariance matrix
negative or zero diagonal element 13 in covariance matrix
added 1.00006 to diagonal of error matrix
gdel: 4.20728e-05
Minuit succeeded.
************************ 0.0141553874557 -0.0801874027737 has 240.440079622 324.525705231
+++++++++++++++++ 0.2 0.00348 315.0 ... GO!
Minuit succeeded.
************************ 0.0198906145423 0.130738319131 has 240.726644834 324.00422725
+++++++++++++++++ 0.2 0.00348 337.5 ... GO!
Minuit succeeded.
************************ 0.0169793670179 -0.201317534227 has 240.157096083 324.299499281
+++++++++++++++++ 0.4 0.00696 0.0 ... GO!
Minuit succeeded.
************************ 0.02436 0.0 has 243.293899874 323.612463446
+++++++++++++++++ 0.4 0.00696 22.5 ... GO!
VariableMetricBuilder: matrix not pos.def.
gdel > 0: 4.86789e-05
eigenvalues: 
-3.64523
0.033885
0.302202
0.351054
0.583216
0.909262
0.976232
1.00254
1.0327
1.05332
1.0875
1.13279
1.31656
1.42045
1.79766
6.64587
matrix forced pos-def by adding 3.65188 to diagonal
gdel: -0.000108578
VariableMetricBuilder: no improvement
VariableMetricBuilder: finishes without convergence.
VariableMetricBuilder: edm= 0.000155477 requested: 1e-05
FunctionMinimum is invalid.
Minuit failed because the function is above maximum EDM.
Minuit succeeded.
************************ 0.0118186390812 -0.290986311061 has 241.299733995 324.743627242
+++++++++++++++++ 0.4 0.00696 45.0 ... GO!
VariableMetricBuilder: no improvement
VariableMetricBuilder: finishes without convergence.
VariableMetricBuilder: edm= 0.000621788 requested: 1e-05
FunctionMinimum is invalid.
Minuit failed because the function is above maximum EDM.
Minuit succeeded.
************************ 0.0218732436613 0.274177165879 has 241.611924664 323.804694423
+++++++++++++++++ 0.4 0.00696 67.5 ... GO!
Minuit succeeded.
************************ 0.0184523525995 -0.38635930449 has 240.336895772 324.189270365
+++++++++++++++++ 0.4 0.00696 90.0 ... GO!
Minuit succeeded.
************************ 0.0155780160991 0.410887293655 has 240.19434146 324.376836649
+++++++++++++++++ 0.4 0.00696 112.5 ... GO!
VariableMetricBuilder: no improvement
Minuit succeeded.
************************ 0.0234833595142 -0.167478259319 has 242.63066837 323.716144593
+++++++++++++++++ 0.4 0.00696 135.0 ... GO!
VariableMetricBuilder: no improvement
Minuit succeeded.
************************ 0.0104852829063 0.058691721797 has 242.044751501 324.861163289
+++++++++++++++++ 0.4 0.00696 157.5 ... GO!
Minuit succeeded.
************************ 0.0239232680359 0.119008097685 has 242.951960413 323.63338842
+++++++++++++++++ 0.4 0.00696 180.0 ... GO!
VariableMetricBuilder: no improvement
VariableMetricBuilder: finishes without convergence.
VariableMetricBuilder: edm= 0.00416568 requested: 1e-05
eigenvalues: 
-6.07704
0.295052
0.498886
0.816428
0.855912
1
1
1
1
1
1
1.00218
1.07809
1.40461
2.04272
8.08317
matrix forced pos-def by adding 6.08512 to diagonal
MnHesse: matrix is invalid!
MnHesse: matrix is not pos. def.!
MnHesse: matrix was forced pos. def.
FunctionMinimum is invalid.
Minuit failed because covariance is not accurate, covariance is not positive definite, and the function is above maximum EDM.
eigenvalues: 
-0.153316
0.291146
0.521099
0.787084
0.842986
1
1
1
1
1
1
1.00226
1.09464
1.39842
1.91656
2.29911
matrix forced pos-def by adding 0.155615 to diagonal
MnHesse: matrix is invalid!
MnHesse: matrix is not pos. def.!
MnHesse: matrix was forced pos. def.
FunctionMinimum is invalid.
Minuit failed because covariance is not accurate, and covariance is not positive definite.
************************ 0.014361399082 -0.398747668366 FAILED!
+++++++++++++++++ 0.4 0.00696 202.5 ... GO!
Minuit succeeded.
************************ 0.0195768903097 0.360128342612 has 240.622797945 324.011285574
+++++++++++++++++ 0.4 0.00696 225.0 ... GO!
Minuit succeeded.
************************ 0.0209802118535 -0.313669078474 has 241.165498245 323.956060034
+++++++++++++++++ 0.4 0.00696 247.5 ... GO!
Minuit succeeded.
************************ 0.0127967485646 0.351651241479 has 240.871419055 324.631655454
+++++++++++++++++ 0.4 0.00696 270.0 ... GO!
Minuit succeeded.
************************ 0.0242822318476 -0.0504813709341 has 243.23222443 323.625211855
+++++++++++++++++ 0.4 0.00696 292.5 ... GO!
Minuit succeeded.
************************ 0.0110548988256 -0.206600599014 has 241.703369838 324.822194954
+++++++++++++++++ 0.4 0.00696 315.0 ... GO!
Minuit succeeded.
************************ 0.0226436281046 0.231083681673 has 242.064878133 323.740470444
+++++++++++++++++ 0.4 0.00696 337.5 ... GO!
Minuit succeeded.
************************ 0.0172643739724 -0.404238566086 has 240.174557705 324.298149449
+++++++++++++++++ 0.6 0.01044 0.0 ... GO!
VariableMetricBuilder: no improvement
Minuit succeeded.
************************ 0.02784 0.0 has 246.701927014 323.293951848
+++++++++++++++++ 0.6 0.01044 22.5 ... GO!
VariableMetricBuilder: no improvement
Minuit succeeded.
************************ 0.00971964734948 -0.550696045917 has 242.556386996 324.955085685
+++++++++++++++++ 0.6 0.01044 45.0 ... GO!
Minuit succeeded.
************************ 0.024548103438 0.370282263225 has 243.443022832 323.5463453
+++++++++++++++++ 0.6 0.01044 67.5 ... GO!
Minuit succeeded.
************************ 0.0198918368856 -0.551922033293 has 240.728604831 324.079587443
+++++++++++++++++ 0.6 0.01044 90.0 ... GO!
VariableMetricBuilder: matrix not pos.def.
gdel > 0: 1.13686e-06
eigenvalues: 
-0.206669
0.171536
0.434521
0.769981
0.887018
0.956545
0.966104
0.975521
0.982543
0.991328
0.992442
0.996652
1.06193
1.07978
1.32528
3.61549
matrix forced pos-def by adding 0.210285 to diagonal
gdel: -5.67201e-06
Minuit succeeded.
************************ 0.0157785638883 0.632941856922 has 240.176867422 324.333488978
+++++++++++++++++ 0.6 0.01044 112.5 ... GO!
Minuit succeeded.
************************ 0.0266862035725 -0.221849938607 has 245.439066421 323.432933507
+++++++++++++++++ 0.6 0.01044 135.0 ... GO!
eigenvalues: 
-0.0282955
0.377991
0.481971
0.720346
0.845206
1
1
1
1
1
1
1.00209
1.2268
1.48168
1.65218
2.24004
matrix forced pos-def by adding 0.0305355 to diagonal
MnHesse: matrix is invalid!
MnHesse: matrix is not pos. def.!
MnHesse: matrix was forced pos. def.
FunctionMinimum is invalid.
Minuit failed because covariance is not accurate, and covariance is not positive definite.
Minuit succeeded.
************************ 0.00706136930341 0.131024740081 has 244.809970759 325.155877437
+++++++++++++++++ 0.6 0.01044 157.5 ... GO!
VariableMetricBuilder: no improvement
eigenvalues: 
-0.258073
0.260532
0.48057
0.730399
0.886522
1
1
1
1
1
1
1.00222
1.20876
1.40773
1.81766
2.46368
matrix forced pos-def by adding 0.260537 to diagonal
MnHesse: matrix is invalid!
MnHesse: matrix is not pos. def.!
MnHesse: matrix was forced pos. def.
FunctionMinimum is invalid.
Minuit failed because covariance is not accurate, and covariance is not positive definite.
VariableMetricBuilder: no improvement
VariableMetricBuilder: finishes without convergence.
VariableMetricBuilder: edm= 0.000128287 requested: 1e-05
eigenvalues: 
-0.317473
0.250615
0.479992
0.728649
0.885489
1
1
1
1
1
1
1.00231
1.21284
1.41057
1.84299
2.50402
matrix forced pos-def by adding 0.319977 to diagonal
MnHesse: matrix is invalid!
MnHesse: matrix is not pos. def.!
MnHesse: matrix was forced pos. def.
FunctionMinimum is invalid.
Minuit failed because covariance is not accurate, covariance is not positive definite, and the function is above maximum EDM.
************************ 0.027266010531 0.156900528878 FAILED!
+++++++++++++++++ 0.6 0.01044 180.0 ... GO!
eigenvalues: 
-0.124634
0.521674
0.675793
0.804048
0.826108
1
1
1
1
1
1
1.00185
1.04955
1.31693
1.46274
2.46595
matrix forced pos-def by adding 0.1271 to diagonal
MnHesse: matrix is invalid!
MnHesse: matrix is not pos. def.!
MnHesse: matrix was forced pos. def.
FunctionMinimum is invalid.
Minuit failed because covariance is not accurate, and covariance is not positive definite.
VariableMetricBuilder: no improvement
eigenvalues: 
-1.02616
0.422566
0.552656
0.788453
0.858032
1
1
1
1
1
1
1.00235
1.09243
1.41156
1.95149
2.94663
matrix forced pos-def by adding 1.0291 to diagonal
MnHesse: matrix is invalid!
MnHesse: matrix is not pos. def.!
MnHesse: matrix was forced pos. def.
FunctionMinimum is invalid.
Minuit failed because covariance is not accurate, and covariance is not positive definite.
************************ 0.0139400816135 -0.643499723308 FAILED!
+++++++++++++++++ 0.6 0.01044 202.5 ... GO!
Minuit succeeded.
************************ 0.0214437205563 0.503590979525 has 241.384419559 323.818503439
+++++++++++++++++ 0.6 0.01044 225.0 ... GO!
Minuit succeeded.
************************ 0.0233496281368 -0.428888914696 has 242.537659772 323.760398755
+++++++++++++++++ 0.6 0.01044 247.5 ... GO!
VariableMetricBuilder: no improvement
VariableMetricBuilder: finishes without convergence.
VariableMetricBuilder: edm= 0.000105565 requested: 1e-05
eigenvalues: 
-0.389579
0.373492
0.675575
0.823645
0.866797
1
1
1
1
1
1
1.00057
1.0609
1.27923
1.81486
2.49451
matrix forced pos-def by adding 0.392074 to diagonal
MnHesse: matrix is invalid!
MnHesse: matrix is not pos. def.!
MnHesse: matrix was forced pos. def.
FunctionMinimum is invalid.
Minuit failed because covariance is not accurate, covariance is not positive definite, and the function is above maximum EDM.
VariableMetricBuilder: no improvement
Minuit succeeded.
************************ 0.0114274389405 0.61699124096 has 241.500097248 324.733664663
+++++++++++++++++ 0.6 0.01044 270.0 ... GO!
Minuit succeeded.
************************ 0.0277379050263 -0.0663088007419 has 246.585623796 323.313913649
+++++++++++++++++ 0.6 0.01044 292.5 ... GO!
eigenvalues: 
-0.14405
0.450805
0.556281
0.812053
0.85824
1
1
1
1
1
1
1.00241
1.08453
1.39422
1.75054
2.23497
matrix forced pos-def by adding 0.146284 to diagonal
MnHesse: matrix is invalid!
MnHesse: matrix is not pos. def.!
MnHesse: matrix was forced pos. def.
FunctionMinimum is invalid.
Minuit failed because covariance is not accurate, and covariance is not positive definite.
VariableMetricBuilder: no improvement
VariableMetricBuilder: finishes without convergence.
VariableMetricBuilder: edm= 0.000438806 requested: 1e-05
eigenvalues: 
-0.168635
0.509147
0.726352
0.814184
0.849119
1
1
1
1
1
1
1.00077
1.03682
1.24078
1.47819
2.51328
matrix forced pos-def by adding 0.171148 to diagonal
MnHesse: matrix is invalid!
MnHesse: matrix is not pos. def.!
MnHesse: matrix was forced pos. def.
FunctionMinimum is invalid.
Minuit failed because covariance is not accurate, covariance is not positive definite, and the function is above maximum EDM.
************************ 0.00826240776448 -0.424314701831 FAILED!
+++++++++++++++++ 0.6 0.01044 315.0 ... GO!
Minuit succeeded.
************************ 0.0255744411593 0.309075788607 has 244.339623509 323.458030453
+++++++++++++++++ 0.6 0.01044 337.5 ... GO!
Minuit succeeded.
************************ 0.0182219404287 -0.593148825486 has 240.294108512 324.229332731
+++++++++++++++++ 0.8 0.01392 0.0 ... GO!
Minuit succeeded.
************************ 0.03132 0.0 has 251.335353364 322.973965907
+++++++++++++++++ 0.8 0.01392 22.5 ... GO!
Minuit succeeded.
************************ 0.00857226104738 -0.912596349595 has 243.4379986 325.070522195
+++++++++++++++++ 0.8 0.01392 45.0 ... GO!
VariableMetricBuilder: no improvement
VariableMetricBuilder: finishes without convergence.
VariableMetricBuilder: edm= 0.00830059 requested: 1e-05
FunctionMinimum is invalid.
Minuit failed because the function is above maximum EDM.
VariableMetricBuilder: no improvement
VariableMetricBuilder: machine accuracy limits further improvement.
Minuit succeeded.
************************ 0.0274043933802 0.446947095154 has 246.20028827 323.25522449
+++++++++++++++++ 0.8 0.01392 67.5 ... GO!
VariableMetricBuilder: matrix not pos.def.
gdel > 0: 4.93799e-05
negative or zero diagonal element 13 in covariance matrix
negative or zero diagonal element 15 in covariance matrix
added 1.00001 to diagonal of error matrix
gdel: 4.93799e-05
Minuit succeeded.
************************ 0.0217968307997 -0.69189823885 has 241.574620011 323.936242378
+++++++++++++++++ 0.8 0.01392 90.0 ... GO!
Minuit succeeded.
************************ 0.0167174271695 0.83963410653 has 240.148460033 324.227060815
+++++++++++++++++ 0.8 0.01392 112.5 ... GO!
Minuit succeeded.
************************ 0.0299509523746 -0.264472528676 has 249.372324454 323.142359014
+++++++++++++++++ 0.8 0.01392 135.0 ... GO!
VariableMetricBuilder: no improvement
VariableMetricBuilder: finishes without convergence.
VariableMetricBuilder: edm= 0.00191302 requested: 1e-05
FunctionMinimum is invalid.
Minuit failed because the function is above maximum EDM.
VariableMetricBuilder: no improvement
Minuit succeeded.
************************ 0.00374239432079 0.334917450465 has 248.665272041 325.440404441
+++++++++++++++++ 0.8 0.01392 157.5 ... GO!
eigenvalues: 
-0.0580455
0.464416
0.648774
0.809362
0.859829
1
1
1
1
1
1
1.00084
1.07918
1.3182
1.53159
2.34585
matrix forced pos-def by adding 0.0603913 to diagonal
MnHesse: matrix is invalid!
MnHesse: matrix is not pos. def.!
MnHesse: matrix was forced pos. def.
FunctionMinimum is invalid.
Minuit failed because covariance is not accurate, and covariance is not positive definite.
Minuit succeeded.
************************ 0.0306393326794 0.18648426984 has 250.327850691 323.003560262
+++++++++++++++++ 0.8 0.01392 180.0 ... GO!
VariableMetricBuilder: no improvement
VariableMetricBuilder: finishes without convergence.
VariableMetricBuilder: edm= 0.00381963 requested: 1e-05
eigenvalues: 
-2.3034
0.295466
0.498821
0.815032
0.85431
1
1
1
1
1
1
1.00213
1.08024
1.40433
2.03911
4.31396
matrix forced pos-def by adding 2.30771 to diagonal
MnHesse: matrix is invalid!
MnHesse: matrix is not pos. def.!
MnHesse: matrix was forced pos. def.
FunctionMinimum is invalid.
Minuit failed because covariance is not accurate, covariance is not positive definite, and the function is above maximum EDM.
eigenvalues: 
-0.00101831
0.295402
0.520509
0.791562
0.832929
1
1
1
1
1
1
1.00226
1.09972
1.39793
1.844
2.21671
matrix forced pos-def by adding 0.00323502 to diagonal
MnHesse: matrix is invalid!
MnHesse: matrix is not pos. def.!
MnHesse: matrix was forced pos. def.
FunctionMinimum is invalid.
Minuit failed because covariance is not accurate, and covariance is not positive definite.
************************ 0.0143743788453 -0.888026257232 FAILED!
+++++++++++++++++ 0.8 0.01392 202.5 ... GO!
Minuit succeeded.
************************ 0.0236776786952 0.62207759328 has 242.764222897 323.589337381
+++++++++++++++++ 0.8 0.01392 225.0 ... GO!
Minuit succeeded.
************************ 0.0259704019768 -0.521897585444 has 244.724037965 323.540626542
+++++++++++++++++ 0.8 0.01392 247.5 ... GO!
eigenvalues: 
-0.125302
0.323812
0.713659
0.782865
0.838591
1
1
1
1
1
1
1.0014
1.09199
1.27811
1.91509
2.17979
matrix forced pos-def by adding 0.127481 to diagonal
MnHesse: matrix is invalid!
MnHesse: matrix is not pos. def.!
MnHesse: matrix was forced pos. def.
FunctionMinimum is invalid.
Minuit failed because covariance is not accurate, and covariance is not positive definite.
VariableMetricBuilder: no improvement
Minuit succeeded.
************************ 0.0110289050976 0.926165231754 has 241.720605974 324.759177814
+++++++++++++++++ 0.8 0.01392 270.0 ... GO!
VariableMetricBuilder: no improvement
Minuit succeeded.
************************ 0.0311989866341 -0.0786271173013 has 251.155828844 322.995769717
+++++++++++++++++ 0.8 0.01392 292.5 ... GO!
Minuit succeeded.
************************ 0.00620844393458 -0.819101596812 has 245.689845066 325.264324567
+++++++++++++++++ 0.8 0.01392 315.0 ... GO!
VariableMetricBuilder: no improvement
Minuit succeeded.
************************ 0.0286284995674 0.37073997013 has 247.637023909 323.16343106
+++++++++++++++++ 0.8 0.01392 337.5 ... GO!
VariableMetricBuilder: no improvement
VariableMetricBuilder: finishes without convergence.
VariableMetricBuilder: edm= 0.000789584 requested: 1e-05
eigenvalues: 
-0.174248
0.331973
0.52947
0.82787
0.87794
1
1
1
1
1
1
1.0017
1.06031
1.35583
1.85861
2.33055
matrix forced pos-def by adding 0.176579 to diagonal
MnHesse: matrix is invalid!
MnHesse: matrix is not pos. def.!
MnHesse: matrix was forced pos. def.
FunctionMinimum is invalid.
Minuit failed because covariance is not accurate, covariance is not positive definite, and the function is above maximum EDM.
VariableMetricBuilder: no improvement
Minuit succeeded.
************************ 0.0197545037224 -0.758011819975 has 240.682283857 324.115817101
+++++++++++++++++ 1.0 0.0174 0.0 ... GO!
Minuit succeeded.
************************ 0.0348 0.0 has 257.18534209 322.649403039
+++++++++++++++++ 1.0 0.0174 22.5 ... GO!
Minuit succeeded.
************************ 0.0087587998225 -1.31637061436 has 243.285665604 325.068593103
+++++++++++++++++ 1.0 0.0174 45.0 ... GO!
Minuit succeeded.
************************ 0.0303910014753 0.508851424871 has 249.964968104 322.975857295
+++++++++++++++++ 1.0 0.0174 67.5 ... GO!
Minuit succeeded.
************************ 0.0240570008758 -0.807519189488 has 243.060367729 323.746467733
+++++++++++++++++ 1.0 0.0174 90.0 ... GO!
Minuit succeeded.
************************ 0.0182812052109 1.01770284974 has 240.302350691 324.060583549
+++++++++++++++++ 1.0 0.0174 112.5 ... GO!
Minuit succeeded.
************************ 0.0332593811606 -0.298667764616 has 254.455533747 322.847608366
+++++++++++++++++ 1.0 0.0174 135.0 ... GO!
VariableMetricBuilder: no improvement
VariableMetricBuilder: finishes without convergence.
VariableMetricBuilder: edm= 0.00276391 requested: 1e-05
FunctionMinimum is invalid.
Minuit failed because the function is above maximum EDM.
VariableMetricBuilder: matrix not pos.def.
gdel > 0: 0.0024146
negative or zero diagonal element 13 in covariance matrix
negative or zero diagonal element 14 in covariance matrix
added 1.00001 to diagonal of error matrix
gdel: 0.0024146
eigenvalues: 
-0.0666556
0.300387
0.54692
0.812355
0.859983
1
1
1
1
1
1
1.00111
1.06934
1.38112
1.96582
2.12962
matrix forced pos-def by adding 0.0687852 to diagonal
MnHesse: matrix is invalid!
MnHesse: matrix is not pos. def.!
MnHesse: matrix was forced pos. def.
FunctionMinimum is invalid.
Minuit failed because covariance is not accurate, and covariance is not positive definite.
************************ 0.00153912119903 1.52655427461 FAILED!
+++++++++++++++++ 1.0 0.0174 157.5 ... GO!
Minuit succeeded.
************************ 0.0340341429126 0.210183660255 has 255.785263957 322.678741967
+++++++++++++++++ 1.0 0.0174 180.0 ... GO!
Minuit succeeded.
************************ 0.0155929618413 -1.1061869541 has 240.192639185 324.506220333
+++++++++++++++++ 1.0 0.0174 202.5 ... GO!
VariableMetricBuilder: no improvement
VariableMetricBuilder: finishes without convergence.
VariableMetricBuilder: edm= 0.000803399 requested: 1e-05
FunctionMinimum is invalid.
Minuit failed because the function is above maximum EDM.
Minuit succeeded.
************************ 0.0261849686938 0.719035085127 has 244.916512323 323.337292311
+++++++++++++++++ 1.0 0.0174 225.0 ... GO!
VariableMetricBuilder: no improvement
VariableMetricBuilder: finishes without convergence.
VariableMetricBuilder: edm= 0.0001111 requested: 1e-05
eigenvalues: 
-0.533971
0.130878
0.398196
0.578687
0.8544
1
1
1
1
1
1
1.00266
1.20827
1.73688
1.92026
2.70373
matrix forced pos-def by adding 0.536675 to diagonal
MnHesse: matrix is invalid!
MnHesse: matrix is not pos. def.!
MnHesse: matrix was forced pos. def.
FunctionMinimum is invalid.
Minuit failed because covariance is not accurate, covariance is not positive definite, and the function is above maximum EDM.
VariableMetricBuilder: no improvement
Minuit succeeded.
************************ 0.0287739330566 -0.597335529233 has 247.835136383 323.305358696
+++++++++++++++++ 1.0 0.0174 247.5 ... GO!
VariableMetricBuilder: no improvement
Minuit succeeded.
************************ 0.0117007664093 1.22788651 has 241.361436318 324.67354354
+++++++++++++++++ 1.0 0.0174 270.0 ... GO!
Minuit succeeded.
************************ 0.0346638566629 -0.0884841043611 has 256.937167122 322.679182391
+++++++++++++++++ 1.0 0.0174 292.5 ... GO!
Minuit succeeded.
************************ 0.00574830149792 -1.40485471872 has 246.19712613 325.321244252
+++++++++++++++++ 1.0 0.0174 315.0 ... GO!
Minuit succeeded.
************************ 0.0317702806779 0.42036732051 has 252.0101721 322.858830066
+++++++++++++++++ 1.0 0.0174 337.5 ... GO!
VariableMetricBuilder: no improvement
eigenvalues: 
-0.625187
0.267967
0.561636
0.814822
0.872524
1
1
1
1
1
1
1.00221
1.08062
1.54886
1.74834
2.72822
matrix forced pos-def by adding 0.627916 to diagonal
MnHesse: matrix is invalid!
MnHesse: matrix is not pos. def.!
MnHesse: matrix was forced pos. def.
FunctionMinimum is invalid.
Minuit failed because covariance is not accurate, and covariance is not positive definite.
VariableMetricBuilder: no improvement
VariableMetricBuilder: finishes without convergence.
VariableMetricBuilder: edm= 0.00119067 requested: 1e-05
eigenvalues: 
-0.0590957
0.439256
0.804045
0.820083
0.883681
1
1
1
1
1
1
1.00029
1.03601
1.19618
1.65723
2.22232
matrix forced pos-def by adding 0.061318 to diagonal
MnHesse: matrix is invalid!
MnHesse: matrix is not pos. def.!
MnHesse: matrix was forced pos. def.
FunctionMinimum is invalid.
Minuit failed because covariance is not accurate, covariance is not positive definite, and the function is above maximum EDM.
************************ 0.0217408031509 -0.896003293849 FAILED!
+++++++++++++++++ 1.2 0.02088 0.0 ... GO!
Minuit succeeded.
************************ 0.03828 0.0 has 264.2442599 322.326288894
+++++++++++++++++ 1.2 0.02088 22.5 ... GO!
Minuit succeeded.
************************ 0.0102063847271 -1.65266016425 has 242.224746028 324.977774419
+++++++++++++++++ 1.2 0.02088 45.0 ... GO!
VariableMetricBuilder: no improvement
eigenvalues: 
-0.102824
0.196059
0.454097
0.815618
0.873227
1
1
1
1
1
1
1.00209
1.07097
1.48838
1.82219
2.38019
matrix forced pos-def by adding 0.105205 to diagonal
MnHesse: matrix is invalid!
MnHesse: matrix is not pos. def.!
MnHesse: matrix was forced pos. def.
FunctionMinimum is invalid.
Minuit failed because covariance is not accurate, and covariance is not positive definite.
VariableMetricBuilder: matrix not pos.def.
gdel > 0: 6.07645e-07
eigenvalues: 
-0.199224
-0.00913114
0.942809
0.980147
0.99401
0.995896
0.997171
0.997494
0.998517
0.999528
1.00013
1.00261
1.02676
1.06453
2.01783
2.19094
matrix forced pos-def by adding 0.201415 to diagonal
gdel: -0.00016939
VariableMetricBuilder: matrix not pos.def.
gdel > 0: 7.05997e-05
eigenvalues: 
-0.0673017
0.00185381
0.91577
0.987875
0.996437
0.997508
0.99806
0.998973
0.999245
1.00031
1.00244
1.00722
1.04115
1.05737
1.99999
2.0631
matrix forced pos-def by adding 0.0693648 to diagonal
gdel: -2.73967e-05
Minuit succeeded.
************************ 0.0334730632719 0.559521809576 has 254.78879407 322.676902947
+++++++++++++++++ 1.2 0.02088 67.5 ... GO!
VariableMetricBuilder: no improvement
VariableMetricBuilder: finishes without convergence.
VariableMetricBuilder: edm= 0.00065267 requested: 1e-05
FunctionMinimum is invalid.
Minuit failed because the function is above maximum EDM.
VariableMetricBuilder: no improvement
VariableMetricBuilder: finishes without convergence.
VariableMetricBuilder: edm= 0.000220485 requested: 1e-05
FunctionMinimum is invalid.
Minuit failed because the function is above maximum EDM.
************************ 0.0265819026664 -0.902257497178 FAILED!
+++++++++++++++++ 1.2 0.02088 90.0 ... GO!
Minuit succeeded.
************************ 0.020326174179 1.1639044733 has 240.88174371 323.849057486
+++++++++++++++++ 1.2 0.02088 112.5 ... GO!
Minuit succeeded.
************************ 0.0365996464767 -0.32664928988 has 260.700616511 322.54613321
+++++++++++++++++ 1.2 0.02088 135.0 ... GO!
Minuit succeeded.
************************ 0.00386692033515 2.64417285962 has 248.506270008 325.383176588
+++++++++++++++++ 1.2 0.02088 157.5 ... GO!
Minuit succeeded.
************************ 0.0374445972145 0.229575270686 has 262.426838463 322.355960642
+++++++++++++++++ 1.2 0.02088 180.0 ... GO!
Minuit succeeded.
************************ 0.0174321241041 -1.28561805776 has 240.188816589 324.36543192
+++++++++++++++++ 1.2 0.02088 202.5 ... GO!
Minuit succeeded.
************************ 0.0288945237474 0.798446117045 has 247.957697592 323.069695726
+++++++++++++++++ 1.2 0.02088 225.0 ... GO!
Minuit succeeded.
************************ 0.0317117875286 -0.659096188345 has 251.949220516 323.050608612
+++++++++++++++++ 1.2 0.02088 247.5 ... GO!
VariableMetricBuilder: matrix not pos.def.
gdel > 0: 0.00162636
eigenvalues: 
-1.48115
0.376548
0.514771
0.729022
0.924244
0.994835
0.999523
1.00279
1.0077
1.01304
1.02528
1.05184
1.22276
1.39424
1.88405
3.3405
matrix forced pos-def by adding 1.48449 to diagonal
gdel: -0.00349026
Minuit succeeded.
************************ 0.0132815632167 1.47722481007 has 240.698098493 324.50837646
+++++++++++++++++ 1.2 0.02088 270.0 ... GO!
VariableMetricBuilder: no improvement
VariableMetricBuilder: finishes without convergence.
VariableMetricBuilder: edm= 0.000104793 requested: 1e-05
FunctionMinimum is invalid.
Minuit failed because the function is above maximum EDM.
VariableMetricBuilder: matrix not pos.def.
gdel > 0: 4.6481e-05
eigenvalues: 
-0.573325
0.179089
0.269364
0.464038
0.701161
0.845987
0.92376
0.956056
0.979449
0.992107
0.994655
1.05082
1.08755
1.19289
1.69007
4.24633
matrix forced pos-def by adding 0.577572 to diagonal
gdel: -7.90835e-06
Minuit succeeded.
************************ 0.0381314824062 -0.0965489983002 has 263.924085499 322.359413913
+++++++++++++++++ 1.2 0.02088 292.5 ... GO!
Minuit succeeded.
************************ 0.00719457880165 -1.90215333143 has 244.680830596 325.226289973
+++++++++++++++++ 1.2 0.02088 315.0 ... GO!
Minuit succeeded.
************************ 0.0349761530363 0.460982535845 has 257.49197151 322.544383988
+++++++++++++++++ 1.2 0.02088 337.5 ... GO!
Minuit succeeded.
************************ 0.0240687645295 -1.00914229613 has 243.070171593 323.773247653
+++++++++++++++++ 1.4 0.02436 0.0 ... GO!
Minuit succeeded.
************************ 0.04176 0.0 has 272.504350384 321.997470306
+++++++++++++++++ 1.4 0.02436 22.5 ... GO!
Minuit succeeded.
************************ 0.0124837816411 -1.88630353749 has 240.997326646 324.814060826
+++++++++++++++++ 1.4 0.02436 45.0 ... GO!
Minuit succeeded.
************************ 0.0366264898528 0.601560190431 has 260.705387723 322.355880047
+++++++++++++++++ 1.4 0.02436 67.5 ... GO!
Minuit succeeded.
************************ 0.0293031842569 -0.979996678298 has 248.516444677 323.31825393
+++++++++++++++++ 1.4 0.02436 90.0 ... GO!
Minuit succeeded.
************************ 0.022722787011 1.28137976148 has 242.104726383 323.601221202
+++++++++++++++++ 1.4 0.02436 112.5 ... GO!
Minuit succeeded.
************************ 0.0399637662046 -0.349935655644 has 268.114296806 322.244858144
+++++++++++++++++ 1.4 0.02436 135.0 ... GO!
eigenvalues: 
-0.19288
0.451333
0.593158
0.801967
0.845096
1
1
1
1
1
1
1.00167
1.07916
1.33668
1.56872
2.5151
matrix forced pos-def by adding 0.195395 to diagonal
MnHesse: matrix is invalid!
MnHesse: matrix is not pos. def.!
MnHesse: matrix was forced pos. def.
FunctionMinimum is invalid.
Minuit failed because covariance is not accurate, and covariance is not positive definite.
Minuit succeeded.
************************ 0.00719430689444 2.83772037048 has 244.691550567 325.032773912
+++++++++++++++++ 1.4 0.02436 157.5 ... GO!
Minuit succeeded.
************************ 0.0408667791404 0.245724430923 has 270.25061807 322.028296922
+++++++++++++++++ 1.4 0.02436 180.0 ... GO!
Minuit succeeded.
************************ 0.0197189817835 -1.42721739764 has 240.670883796 324.193472249
+++++++++++++++++ 1.4 0.02436 202.5 ... GO!
Minuit succeeded.
************************ 0.0317546094243 0.863906687374 has 251.96863959 322.781263099
+++++++++++++++++ 1.4 0.02436 225.0 ... GO!
Minuit succeeded.
************************ 0.0347499138555 -0.71022556867 has 257.117150437 322.79004518
+++++++++++++++++ 1.4 0.02436 247.5 ... GO!
VariableMetricBuilder: no improvement
VariableMetricBuilder: finishes without convergence.
VariableMetricBuilder: edm= 0.000217476 requested: 1e-05
FunctionMinimum is invalid.
Minuit failed because the function is above maximum EDM.
VariableMetricBuilder: no improvement
VariableMetricBuilder: finishes without convergence.
VariableMetricBuilder: edm= 0.000209955 requested: 1e-05
FunctionMinimum is invalid.
Minuit failed because the function is above maximum EDM.
************************ 0.0154955706056 1.66465177797 FAILED!
+++++++++++++++++ 1.4 0.02436 270.0 ... GO!
Minuit succeeded.
************************ 0.04160117477 -0.103268986439 has 272.109438507 322.03722283
+++++++++++++++++ 1.4 0.02436 292.5 ... GO!
VariableMetricBuilder: no improvement
VariableMetricBuilder: finishes without convergence.
VariableMetricBuilder: edm= 0.000268296 requested: 1e-05
FunctionMinimum is invalid.
Minuit failed because the function is above maximum EDM.
VariableMetricBuilder: no improvement
Minuit succeeded.
************************ 0.00973148283436 -2.18781365815 has 242.550240035 325.042923826
+++++++++++++++++ 1.4 0.02436 315.0 ... GO!
VariableMetricBuilder: no improvement
Minuit succeeded.
************************ 0.0382299964438 0.494732133142 has 264.101792086 322.226813315
+++++++++++++++++ 1.4 0.02436 337.5 ... GO!
Minuit succeeded.
************************ 0.0266489986736 -1.10137736267 has 245.407892633 323.565827007
+++++++++++++++++ 1.6 0.02784 0.0 ... GO!
Minuit succeeded.
************************ 0.04524 0.0 has 281.956600825 321.67058177
+++++++++++++++++ 1.6 0.02784 22.5 ... GO!
Minuit succeeded.
************************ 0.0152230128072 -2.04216041409 has 240.236078473 324.611119461
+++++++++++++++++ 1.6 0.02784 45.0 ... GO!
Minuit succeeded.
************************ 0.0398343363578 0.636882268065 has 267.736270339 322.038828241
+++++++++++++++++ 1.6 0.02784 67.5 ... GO!
Minuit succeeded.
************************ 0.0321710501199 -1.04420950075 has 252.677517308 323.081453026
+++++++++++++++++ 1.6 0.02784 90.0 ... GO!
VariableMetricBuilder: no improvement
VariableMetricBuilder: finishes without convergence.
VariableMetricBuilder: edm= 0.00634267 requested: 1e-05
FunctionMinimum is invalid.
Minuit failed because the function is above maximum EDM.
Minuit succeeded.
************************ 0.025371589275 1.37541602701 has 244.135705312 323.328382085
+++++++++++++++++ 1.6 0.02784 112.5 ... GO!
eigenvalues: 
-0.731836
0.220155
0.804874
0.837347
0.88139
1
1
1
1
1
1
1.00029
1.03955
1.16918
1.81005
2.969
matrix forced pos-def by adding 0.734805 to diagonal
MnHesse: matrix is invalid!
MnHesse: matrix is not pos. def.!
MnHesse: matrix was forced pos. def.
FunctionMinimum is invalid.
Minuit failed because covariance is not accurate, and covariance is not positive definite.
VariableMetricBuilder: no improvement
VariableMetricBuilder: machine accuracy limits further improvement.
eigenvalues: 
-1.14076
0.206666
0.80398
0.833313
0.881707
1
1
1
1
1
1
1.0003
1.03962
1.172
1.85388
3.34928
matrix forced pos-def by adding 1.1441 to diagonal
MnHesse: matrix is invalid!
MnHesse: matrix is not pos. def.!
MnHesse: matrix was forced pos. def.
FunctionMinimum is invalid.
Minuit failed because covariance is not accurate, and covariance is not positive definite.
************************ 0.0433461866408 -0.369597146229 FAILED!
+++++++++++++++++ 1.6 0.02784 135.0 ... GO!
Minuit succeeded.
************************ 0.0106199731876 2.90781264892 has 241.973845421 324.677964695
+++++++++++++++++ 1.6 0.02784 157.5 ... GO!
Minuit succeeded.
************************ 0.044297970767 0.259374972602 has 279.253089754 321.698669158
+++++++++++++++++ 1.6 0.02784 180.0 ... GO!
Minuit succeeded.
************************ 0.0223163243921 -1.53768125265 has 241.870727703 323.989714901
+++++++++++++++++ 1.6 0.02784 202.5 ... GO!
Minuit succeeded.
************************ 0.0347280540311 0.918359373687 has 257.005751416 322.481314532
+++++++++++++++++ 1.6 0.02784 225.0 ... GO!
Minuit succeeded.
************************ 0.0378641830452 -0.753041571649 has 263.373746115 322.520191413
+++++++++++++++++ 1.6 0.02784 247.5 ... GO!
Minuit succeeded.
************************ 0.0181120483465 1.80171745292 has 240.271707144 323.999288866
+++++++++++++++++ 1.6 0.02784 270.0 ... GO!
Minuit succeeded.
************************ 0.0450724564895 -0.108954111706 has 281.485581688 321.712187421
+++++++++++++++++ 1.6 0.02784 292.5 ... GO!
VariableMetricBuilder: no improvement
Minuit succeeded.
************************ 0.0127225135951 -2.34784869662 has 240.900690915 324.832471849
+++++++++++++++++ 1.6 0.02784 315.0 ... GO!
VariableMetricBuilder: no improvement
Minuit succeeded.
************************ 0.0415205343771 0.523160620468 has 271.851392123 321.899968256
+++++++++++++++++ 1.6 0.02784 337.5 ... GO!
VariableMetricBuilder: no improvement
Minuit succeeded.
************************ 0.0294151939418 -1.17681258272 has 248.665058057 323.3421979
+++++++++++++++++ 1.8 0.03132 0.0 ... GO!
Minuit succeeded.
************************ 0.04872 0.0 has 292.592989316 321.337155892
+++++++++++++++++ 1.8 0.03132 22.5 ... GO!
Minuit succeeded.
************************ 0.0182169216333 -2.14873653612 has 240.292967452 324.387117795
+++++++++++++++++ 1.8 0.03132 45.0 ... GO!
Minuit succeeded.
************************ 0.0430844490182 0.666908161841 has 275.893380059 321.717405417
+++++++++++++++++ 1.8 0.03132 67.5 ... GO!
VariableMetricBuilder: no improvement
VariableMetricBuilder: machine accuracy limits further improvement.
Minuit succeeded.
************************ 0.0351496390315 -1.0977305441 has 257.875718329 322.829701563
+++++++++++++++++ 1.8 0.03132 90.0 ... GO!
Minuit succeeded.
************************ 0.028201610506 1.45114428795 has 247.09008282 323.036298173
+++++++++++++++++ 1.8 0.03132 112.5 ... GO!
VariableMetricBuilder: no improvement
VariableMetricBuilder: finishes without convergence.
VariableMetricBuilder: edm= 0.00619998 requested: 1e-05
FunctionMinimum is invalid.
Minuit failed because the function is above maximum EDM.
Minuit succeeded.
************************ 0.0467429351168 -0.386406822173 has 286.448750387 321.616717303
+++++++++++++++++ 1.8 0.03132 135.0 ... GO!
Minuit succeeded.
************************ 0.014072327786 2.94362479624 has 240.468760362 324.316220449
+++++++++++++++++ 1.8 0.03132 157.5 ... GO!
eigenvalues: 
-0.744809
0.364488
0.482199
0.733468
0.867729
1
1
1
1
1
1
1.0023
1.18279
1.46824
2.04932
2.59427
matrix forced pos-def by adding 0.747403 to diagonal
MnHesse: matrix is invalid!
MnHesse: matrix is not pos. def.!
MnHesse: matrix was forced pos. def.
FunctionMinimum is invalid.
Minuit failed because covariance is not accurate, and covariance is not positive definite.
VariableMetricBuilder: no improvement
Minuit succeeded.
************************ 0.0477362293319 0.271061045256 has 289.429716009 321.35359591
+++++++++++++++++ 1.8 0.03132 180.0 ... GO!
VariableMetricBuilder: matrix not pos.def.
gdel > 0: 0.000305221
negative or zero diagonal element 6 in covariance matrix
negative or zero diagonal element 13 in covariance matrix
added 1.00004 to diagonal of error matrix
gdel: 0.000305221
Minuit succeeded.
************************ 0.0251280565538 -1.62429870033 has 243.948602523 323.770038572
+++++++++++++++++ 1.8 0.03132 202.5 ... GO!
Minuit succeeded.
************************ 0.0377881073076 0.96411113589 has 263.107643121 322.172344601
+++++++++++++++++ 1.8 0.03132 225.0 ... GO!
Minuit succeeded.
************************ 0.0410372635831 -0.789294566985 has 270.741711831 322.24476699
+++++++++++++++++ 1.8 0.03132 247.5 ... GO!
Minuit succeeded.
************************ 0.0209809599928 1.90280324201 has 241.152017654 323.698475077
+++++++++++++++++ 1.8 0.03132 270.0 ... GO!
Minuit succeeded.
************************ 0.048544986618 -0.113826037067 has 292.04581654 321.384380895
+++++++++++++++++ 1.8 0.03132 292.5 ... GO!
Minuit succeeded.
************************ 0.0159136339722 -2.44545078139 has 240.166922133 324.595117174
+++++++++++++++++ 1.8 0.03132 315.0 ... GO!
Minuit succeeded.
************************ 0.0448396891362 0.547397652528 has 280.745885689 321.573503288
+++++++++++++++++ 1.8 0.03132 337.5 ... GO!
Minuit succeeded.
************************ 0.0323196370488 -1.23899341245 has 252.918360877 323.101456474
+++++++++++++++++ 2.0 0.0348 0.0 ... GO!
VariableMetricBuilder: matrix not pos.def.
gdel > 0: 0.000162264
negative or zero diagonal element 0 in covariance matrix
negative or zero diagonal element 8 in covariance matrix
negative or zero diagonal element 13 in covariance matrix
added 1.15223 to diagonal of error matrix
gdel: 0.000162264
Minuit succeeded.
************************ 0.0522 0.0 has 304.406696447 321.006125008
+++++++++++++++++ 2.0 0.0348 22.5 ... GO!
Minuit succeeded.
************************ 0.0213586785327 -2.22462584995 has 241.346404362 324.148091
+++++++++++++++++ 2.0 0.0348 45.0 ... GO!
VariableMetricBuilder: no improvement
Minuit succeeded.
************************ 0.0463679408788 0.692702157395 has 285.183298955 321.387265658
+++++++++++++++++ 2.0 0.0348 67.5 ... GO!
Minuit succeeded.
************************ 0.0382130682133 -1.14278289572 has 264.148222458 322.572819628
+++++++++++++++++ 2.0 0.0348 90.0 ... GO!
Minuit succeeded.
************************ 0.0311635191839 1.51277809306 has 251.043749603 322.729424641
+++++++++++++++++ 2.0 0.0348 112.5 ... GO!
eigenvalues: 
-0.244679
0.37628
0.574838
0.817594
0.897719
1
1
1
1
1
1
1.00218
1.06792
1.41458
1.74598
2.34758
matrix forced pos-def by adding 0.247027 to diagonal
MnHesse: matrix is invalid!
MnHesse: matrix is not pos. def.!
MnHesse: matrix was forced pos. def.
FunctionMinimum is invalid.
Minuit failed because covariance is not accurate, and covariance is not positive definite.
VariableMetricBuilder: no improvement
VariableMetricBuilder: machine accuracy limits further improvement.
Minuit succeeded.
************************ 0.0501511003904 -0.400935449942 has 297.367088808 321.312926174
+++++++++++++++++ 2.0 0.0348 135.0 ... GO!
Minuit succeeded.
************************ 0.0175356148489 2.96531052339 has 240.194414155 323.94433473
+++++++++++++++++ 2.0 0.0348 157.5 ... GO!
Minuit succeeded.
************************ 0.0511801305937 0.28117564135 has 300.774522468 321.022381447
+++++++++++++++++ 2.0 0.0348 180.0 ... GO!
Minuit succeeded.
************************ 0.0280898721601 -1.69308114247 has 247.009652545 323.533919918
+++++++++++++++++ 2.0 0.0348 202.5 ... GO!
Minuit succeeded.
************************ 0.0409153415113 1.00294044907 has 270.298168396 321.853962361
+++++++++++++++++ 2.0 0.0348 225.0 ... GO!
Minuit succeeded.
************************ 0.0442565073983 -0.820309428193 has 279.234143818 321.963217976
+++++++++++++++++ 2.0 0.0348 247.5 ... GO!
Minuit succeeded.
************************ 0.0240119942764 1.97899532406 has 242.992872701 323.38492982
+++++++++++++++++ 2.0 0.0348 270.0 ... GO!
Minuit succeeded.
************************ 0.0520185151412 -0.118047407606 has 303.781601284 321.055975115
+++++++++++++++++ 2.0 0.0348 292.5 ... GO!
VariableMetricBuilder: no improvement
eigenvalues: 
-1.89491
0.281834
0.55685
0.802058
0.860863
1
1
1
1
1
1
1.00084
1.07276
1.36976
1.99988
3.95006
matrix forced pos-def by adding 1.89886 to diagonal
MnHesse: matrix is invalid!
MnHesse: matrix is not pos. def.!
MnHesse: matrix was forced pos. def.
FunctionMinimum is invalid.
Minuit failed because covariance is not accurate, and covariance is not positive definite.
Minuit succeeded.
************************ 0.0192053622778 -2.51004919585 has 240.514418372 324.347578859
+++++++++++++++++ 2.0 0.0348 315.0 ... GO!
Minuit succeeded.
************************ 0.0481815469729 0.568283431896 has 290.786747478 321.241624705
+++++++++++++++++ 2.0 0.0348 337.5 ... GO!
Minuit succeeded.
************************ 0.0353282471019 -1.29075650324 has 258.21927518 322.848175591
+++++++++++++++++ 2.2 0.03828 0.0 ... GO!
Minuit succeeded.
************************ 0.05568 0.0 has 317.387155211 320.665164886
+++++++++++++++++ 2.2 0.03828 22.5 ... GO!
eigenvalues: 
-0.103563
0.501465
0.566335
0.774541
0.842269
1
1
1
1
1
1
1.00146
1.125
1.39939
1.59324
2.29986
matrix forced pos-def by adding 0.105863 to diagonal
MnHesse: matrix is invalid!
MnHesse: matrix is not pos. def.!
MnHesse: matrix was forced pos. def.
FunctionMinimum is invalid.
Minuit failed because covariance is not accurate, and covariance is not positive definite.
VariableMetricBuilder: matrix not pos.def.
gdel > 0: 0.000302086
eigenvalues: 
-0.169255
0.988299
1
1
1.00012
1.00014
1.00017
1.00022
1.00025
1.00034
1.00052
1.00091
1.00166
1.0028
1.00565
2.16817
matrix forced pos-def by adding 0.171423 to diagonal
gdel: -2.74313e-05
VariableMetricBuilder: no improvement
VariableMetricBuilder: finishes without convergence.
VariableMetricBuilder: edm= 0.00627368 requested: 1e-05
FunctionMinimum is invalid.
Minuit failed because the function is above maximum EDM.
************************ 0.024591682812 -2.28081843387 FAILED!
+++++++++++++++++ 2.2 0.03828 45.0 ... GO!
VariableMetricBuilder: matrix not pos.def.
gdel > 0: 2.63765e-05
negative or zero diagonal element 5 in covariance matrix
added 1.0004 to diagonal of error matrix
gdel: 2.63765e-05
Minuit succeeded.
************************ 0.0496781937622 0.715071922764 has 295.609416456 321.05306214
+++++++++++++++++ 2.2 0.03828 67.5 ... GO!
VariableMetricBuilder: no improvement
VariableMetricBuilder: finishes without convergence.
VariableMetricBuilder: edm= 0.0011111 requested: 1e-05
FunctionMinimum is invalid.
Minuit failed because the function is above maximum EDM.
VariableMetricBuilder: no improvement
VariableMetricBuilder: machine accuracy limits further improvement.
eigenvalues: 
-0.0335618
0.312455
0.528707
0.817786
0.916665
1
1
1
1
1
1
1.00266
1.04333
1.3649
1.91389
2.13318
matrix forced pos-def by adding 0.035695 to diagonal
MnHesse: matrix is invalid!
MnHesse: matrix is not pos. def.!
MnHesse: matrix was forced pos. def.
FunctionMinimum is invalid.
Minuit failed because covariance is not accurate, and covariance is not positive definite.
************************ 0.0413424822731 -1.18108309585 FAILED!
+++++++++++++++++ 2.2 0.03828 90.0 ... GO!
Minuit succeeded.
************************ 0.0342230890002 1.56355723338 has 256.047561513 322.413356447
+++++++++++++++++ 2.2 0.03828 112.5 ... GO!
eigenvalues: 
-0.519944
0.303072
0.45053
0.809857
0.969845
1
1
1
1
1
1
1.00265
1.09664
1.40398
2.07745
2.40592
matrix forced pos-def by adding 0.52235 to diagonal
MnHesse: matrix is invalid!
MnHesse: matrix is not pos. def.!
MnHesse: matrix was forced pos. def.
FunctionMinimum is invalid.
Minuit failed because covariance is not accurate, and covariance is not positive definite.
VariableMetricBuilder: no improvement
VariableMetricBuilder: machine accuracy limits further improvement.
eigenvalues: 
-0.366012
0.372683
0.657552
0.800024
0.965928
1
1
1
1
1
1
1.00234
1.09323
1.21096
1.61765
2.64565
matrix forced pos-def by adding 0.368658 to diagonal
MnHesse: matrix is invalid!
MnHesse: matrix is not pos. def.!
MnHesse: matrix was forced pos. def.
FunctionMinimum is invalid.
Minuit failed because covariance is not accurate, and covariance is not positive definite.
************************ 0.0535685034083 -0.41361276891 FAILED!
+++++++++++++++++ 2.2 0.03828 135.0 ... GO!
Minuit succeeded.
************************ 0.0210044273177 2.9798386737 has 241.150812244 323.573522814
+++++++++++++++++ 2.2 0.03828 157.5 ... GO!
Minuit succeeded.
************************ 0.0546286073806 0.290014064211 has 313.280753273 320.682965163
+++++++++++++++++ 2.2 0.03828 180.0 ... GO!
VariableMetricBuilder: no improvement
VariableMetricBuilder: finishes without convergence.
VariableMetricBuilder: edm= 0.00224924 requested: 1e-05
FunctionMinimum is invalid.
Minuit failed because the function is above maximum EDM.
Minuit succeeded.
************************ 0.0311590020663 -1.74853516632 has 251.119976993 323.287554783
+++++++++++++++++ 2.2 0.03828 202.5 ... GO!
eigenvalues: 
-0.887474
0.189829
0.725415
0.81588
0.84303
1
1
1
1
1
1
1.001
1.06468
1.26896
1.863
3.11567
matrix forced pos-def by adding 0.89059 to diagonal
MnHesse: matrix is invalid!
MnHesse: matrix is not pos. def.!
MnHesse: matrix was forced pos. def.
FunctionMinimum is invalid.
Minuit failed because covariance is not accurate, and covariance is not positive definite.
Minuit succeeded.
************************ 0.0440954656182 1.03621344564 has 278.594467415 321.528217967
+++++++++++++++++ 2.2 0.03828 225.0 ... GO!
Minuit succeeded.
************************ 0.0475125319448 -0.847096322932 has 288.861691766 321.672425415
+++++++++++++++++ 2.2 0.03828 247.5 ... GO!
Minuit succeeded.
************************ 0.0271509089359 2.03785004415 has 245.880043153 323.053768754
+++++++++++++++++ 2.2 0.03828 270.0 ... GO!
Minuit succeeded.
************************ 0.0554928545783 -0.121740247613 has 316.685393218 320.723046447
+++++++++++++++++ 2.2 0.03828 292.5 ... GO!
Minuit succeeded.
************************ 0.0225536900361 -2.55561319206 has 242.012114944 324.095035309
+++++++++++++++++ 2.2 0.03828 315.0 ... GO!
Minuit succeeded.
************************ 0.0515416920131 0.586453097268 has 301.973307684 320.899882354
+++++++++++++++++ 2.2 0.03828 337.5 ... GO!
Minuit succeeded.
************************ 0.038416558248 -1.33429881694 has 264.603728662 322.593451475
+++++++++++++++++ 2.4 0.04176 0.0 ... GO!
Minuit succeeded.
************************ 0.05916 0.0 has 331.529044164 320.329246211
+++++++++++++++++ 2.4 0.04176 22.5 ... GO!
Minuit succeeded.
************************ 0.0278842137847 -2.32385131731 has 246.766326985 323.650925708
+++++++++++++++++ 2.4 0.04176 45.0 ... GO!
VariableMetricBuilder: no improvement
Minuit succeeded.
************************ 0.0530101945818 0.734638340934 has 307.172381234 320.712176043
+++++++++++++++++ 2.4 0.04176 67.5 ... GO!
VariableMetricBuilder: no improvement
Minuit succeeded.
************************ 0.0445239699345 -1.21395244412 has 280.010762403 322.033500269
+++++++++++++++++ 2.4 0.04176 90.0 ... GO!
VariableMetricBuilder: no improvement
VariableMetricBuilder: machine accuracy limits further improvement.
Minuit succeeded.
************************ 0.0373563316388 1.60591283187 has 262.135233366 322.082624803
+++++++++++++++++ 2.4 0.04176 112.5 ... GO!
VariableMetricBuilder: no improvement
Minuit succeeded.
************************ 0.0569934824734 -0.424768038335 has 322.683419474 320.663494409
+++++++++++++++++ 2.4 0.04176 135.0 ... GO!
Minuit succeeded.
************************ 0.0244764161134 2.990246884 has 243.333154855 323.203467923
+++++++++++++++++ 2.4 0.04176 157.5 ... GO!
Minuit succeeded.
************************ 0.0580808447004 0.297802351764 has 326.941762839 320.345139833
+++++++++++++++++ 2.4 0.04176 180.0 ... GO!
eigenvalues: 
-0.0676514
0.208132
0.785653
0.82586
0.871191
1
1
1
1
1
1
1.00021
1.03601
1.19273
1.76056
2.38731
matrix forced pos-def by adding 0.0700387 to diagonal
MnHesse: matrix is invalid!
MnHesse: matrix is not pos. def.!
MnHesse: matrix was forced pos. def.
FunctionMinimum is invalid.
Minuit failed because covariance is not accurate, and covariance is not positive definite.
eigenvalues: 
-0.0679897
0.208129
0.785619
0.825867
0.871191
1
1
1
1
1
1
1.00021
1.036
1.19274
1.76074
2.3875
matrix forced pos-def by adding 0.0703772 to diagonal
MnHesse: matrix is invalid!
MnHesse: matrix is not pos. def.!
MnHesse: matrix was forced pos. def.
FunctionMinimum is invalid.
Minuit failed because covariance is not accurate, and covariance is not positive definite.
************************ 0.0343066568112 -1.79393256885 FAILED!
+++++++++++++++++ 2.4 0.04176 202.5 ... GO!
VariableMetricBuilder: no improvement
Minuit succeeded.
************************ 0.0473178169951 1.06498300235 has 288.006115484 321.199433326
+++++++++++++++++ 2.4 0.04176 225.0 ... GO!
Minuit succeeded.
************************ 0.0507982650936 -0.870432951304 has 299.6270136 321.378387801
+++++++++++++++++ 2.4 0.04176 247.5 ... GO!
VariableMetricBuilder: matrix not pos.def.
gdel > 0: 0.000164078
eigenvalues: 
-0.637639
0.281291
0.47928
0.798072
0.918295
0.974963
0.98243
0.992039
0.997997
0.998614
1.0048
1.00595
1.08477
1.22019
1.75307
3.14587
matrix forced pos-def by adding 0.640785 to diagonal
gdel: -4.29947e-05
VariableMetricBuilder: matrix not pos.def.
gdel > 0: 1.40644e-05
eigenvalues: 
-0.509991
0.00601793
0.67761
0.931643
0.979701
0.994386
1.00118
1.00297
1.00614
1.01029
1.01667
1.02397
1.08916
1.35443
1.41244
3.00338
matrix forced pos-def by adding 0.512994 to diagonal
gdel: -0.000847652
VariableMetricBuilder: no improvement
VariableMetricBuilder: finishes without convergence.
VariableMetricBuilder: edm= 0.0003828 requested: 1e-05
FunctionMinimum is invalid.
Minuit failed because the function is above maximum EDM.
VariableMetricBuilder: matrix not pos.def.
gdel > 0: 4.17485e-05
eigenvalues: 
-0.0470643
0.139678
0.363945
0.64087
0.899951
0.980551
0.993581
0.998698
0.998878
1.0047
1.02435
1.07967
1.12067
1.47573
1.77519
2.5506
matrix forced pos-def by adding 0.0496149 to diagonal
gdel: -9.60444e-05
VariableMetricBuilder: no improvement
Minuit succeeded.
************************ 0.0303642658887 2.08438215217 has 249.862061256 322.71783146
+++++++++++++++++ 2.4 0.04176 270.0 ... GO!
Minuit succeeded.
************************ 0.0589678615942 -0.124997885787 has 330.750364493 320.388367579
+++++++++++++++++ 2.4 0.04176 292.5 ... GO!
Minuit succeeded.
************************ 0.0259367061954 -2.58934670556 has 244.692581092 323.841128532
+++++++++++++++++ 2.4 0.04176 315.0 ... GO!
Minuit succeeded.
************************ 0.0549167675892 0.602394157387 has 314.303921462 320.563761941
+++++++++++++++++ 2.4 0.04176 337.5 ... GO!
eigenvalues: 
-0.013972
0.376322
0.660066
0.805945
0.8699
1
1
1
1
1
1
1.00186
1.08161
1.32292
1.57765
2.31771
matrix forced pos-def by adding 0.0162897 to diagonal
MnHesse: matrix is invalid!
MnHesse: matrix is not pos. def.!
MnHesse: matrix was forced pos. def.
FunctionMinimum is invalid.
Minuit failed because covariance is not accurate, and covariance is not positive definite.
eigenvalues: 
-0.0410875
0.352006
0.638139
0.805997
0.869717
1
1
1
1
1
1
1.00214
1.08234
1.34243
1.60904
2.33927
matrix forced pos-def by adding 0.0434267 to diagonal
MnHesse: matrix is invalid!
MnHesse: matrix is not pos. def.!
MnHesse: matrix was forced pos. def.
FunctionMinimum is invalid.
Minuit failed because covariance is not accurate, and covariance is not positive definite.
************************ 0.0415668094993 -1.37130282589 FAILED!
+++++++++++++++++ 2.6 0.04524 0.0 ... GO!
Minuit succeeded.
************************ 0.06264 0.0 has 346.820729156 319.989574419
+++++++++++++++++ 2.6 0.04524 22.5 ... GO!
Minuit succeeded.
************************ 0.0312174421319 -2.3577466964 has 251.206392505 323.389713899
+++++++++++++++++ 2.6 0.04524 45.0 ... GO!
VariableMetricBuilder: matrix not pos.def.
gdel > 0: 0.000689129
negative or zero diagonal element 13 in covariance matrix
added 1.00004 to diagonal of error matrix
gdel: 0.000689129
eigenvalues: 
-4.83796
0.227536
0.527859
0.813228
0.891309
1
1
1
1
1
1
1.00102
1.05101
1.38786
2.08755
6.85059
matrix forced pos-def by adding 4.84481 to diagonal
MnHesse: matrix is invalid!
MnHesse: matrix is not pos. def.!
MnHesse: matrix was forced pos. def.
FunctionMinimum is invalid.
Minuit failed because covariance is not accurate, and covariance is not positive definite.
VariableMetricBuilder: no improvement
VariableMetricBuilder: finishes without convergence.
VariableMetricBuilder: edm= 0.000186424 requested: 1e-05
FunctionMinimum is invalid.
Minuit failed because the function is above maximum EDM.
************************ 0.0563600862645 0.751884774381 FAILED!
+++++++++++++++++ 2.6 0.04524 67.5 ... GO!
VariableMetricBuilder: no improvement
VariableMetricBuilder: finishes without convergence.
VariableMetricBuilder: edm= 0.0003062 requested: 1e-05
FunctionMinimum is invalid.
Minuit failed because the function is above maximum EDM.
VariableMetricBuilder: no improvement
VariableMetricBuilder: machine accuracy limits further improvement.
Minuit succeeded.
************************ 0.0477471230228 -1.24241152399 has 289.627487815 321.750641284
+++++++++++++++++ 2.6 0.04524 90.0 ... GO!
Minuit succeeded.
************************ 0.0405461712903 1.64166009658 has 269.326604221 321.748972525
+++++++++++++++++ 2.6 0.04524 112.5 ... GO!
Minuit succeeded.
************************ 0.0604247493291 -0.434657503194 has 337.070696142 320.349917914
+++++++++++++++++ 2.6 0.04524 135.0 ... GO!
VariableMetricBuilder: no improvement
VariableMetricBuilder: finishes without convergence.
VariableMetricBuilder: edm= 0.000281455 requested: 1e-05
FunctionMinimum is invalid.
Minuit failed because the function is above maximum EDM.
Minuit succeeded.
************************ 0.0279503975744 2.99806848217 has 246.734170774 322.826906981
+++++++++++++++++ 2.6 0.04524 157.5 ... GO!
VariableMetricBuilder: no improvement
VariableMetricBuilder: finishes without convergence.
VariableMetricBuilder: edm= 0.000974782 requested: 1e-05
FunctionMinimum is invalid.
Minuit failed because the function is above maximum EDM.
VariableMetricBuilder: no improvement
VariableMetricBuilder: finishes without convergence.
VariableMetricBuilder: edm= 0.000124581 requested: 1e-05
FunctionMinimum is invalid.
Minuit failed because the function is above maximum EDM.
************************ 0.0615362096482 0.304716368632 FAILED!
+++++++++++++++++ 2.6 0.04524 180.0 ... GO!
VariableMetricBuilder: matrix not pos.def.
gdel > 0: 6.0799e-06
eigenvalues: 
-0.0793539
0.285423
0.540699
0.790237
0.859961
0.954661
0.971651
0.983724
0.990044
0.993245
0.999769
1.00644
1.09964
1.13652
1.44922
3.01812
matrix forced pos-def by adding 0.082372 to diagonal
gdel: -8.43392e-06
Minuit succeeded.
************************ 0.0375130749654 -1.83163641003 has 262.646390156 322.778225622
+++++++++++++++++ 2.6 0.04524 202.5 ... GO!
VariableMetricBuilder: no improvement
VariableMetricBuilder: finishes without convergence.
VariableMetricBuilder: edm= 0.00689034 requested: 1e-05
FunctionMinimum is invalid.
Minuit failed because the function is above maximum EDM.
VariableMetricBuilder: no improvement
VariableMetricBuilder: finishes without convergence.
VariableMetricBuilder: edm= 0.000335202 requested: 1e-05
FunctionMinimum is invalid.
Minuit failed because the function is above maximum EDM.
************************ 0.0505743247338 1.09006618497 FAILED!
+++++++++++++++++ 2.6 0.04524 225.0 ... GO!
Minuit succeeded.
************************ 0.0541082949392 -0.890924435245 has 311.533380105 321.081681003
+++++++++++++++++ 2.6 0.04524 247.5 ... GO!
Minuit succeeded.
************************ 0.0336307334126 2.12194393126 has 254.967196536 322.369454679
+++++++++++++++++ 2.6 0.04524 270.0 ... GO!
Minuit succeeded.
************************ 0.0624434247359 -0.127892915568 has 345.96673431 320.05237316
+++++++++++++++++ 2.6 0.04524 292.5 ... GO!
Minuit succeeded.
************************ 0.0293424150725 -2.61527354716 has 248.56813066 323.585266708
+++++++++++++++++ 2.6 0.04524 315.0 ... GO!
Minuit succeeded.
************************ 0.0583041808905 0.616486141765 has 327.773292508 320.221018537
+++++++++++++++++ 2.6 0.04524 337.5 ... GO!
Minuit succeeded.
************************ 0.0447659262864 -1.40305646638 has 280.707472053 322.05968065
+++++++++++++++++ 2.8 0.04872 0.0 ... GO!
Minuit succeeded.
************************ 0.06612 0.0 has 363.257001842 319.648129319
+++++++++++++++++ 2.8 0.04872 22.5 ... GO!
eigenvalues: 
-0.058837
0.214782
0.74916
0.819357
0.877511
1
1
1
1
1
1
1.00043
1.04151
1.2144
1.76041
2.38127
matrix forced pos-def by adding 0.0612183 to diagonal
MnHesse: matrix is invalid!
MnHesse: matrix is not pos. def.!
MnHesse: matrix was forced pos. def.
FunctionMinimum is invalid.
Minuit failed because covariance is not accurate, and covariance is not positive definite.
Minuit succeeded.
************************ 0.0345796010406 -2.38507733795 has 256.821296632 323.125553055
+++++++++++++++++ 2.8 0.04872 45.0 ... GO!
Minuit succeeded.
************************ 0.0597248584584 0.767192088584 has 333.698353425 320.028425631
+++++++++++++++++ 2.8 0.04872 67.5 ... GO!
VariableMetricBuilder: no improvement
Minuit succeeded.
************************ 0.0510040431258 -1.26725407426 has 300.378070442 321.471841022
+++++++++++++++++ 2.8 0.04872 90.0 ... GO!
Minuit succeeded.
************************ 0.0437802386824 1.67216037133 has 277.63561149 321.411139488
+++++++++++++++++ 2.8 0.04872 112.5 ... GO!
Minuit succeeded.
************************ 0.0638612904545 -0.443483400201 has 352.602058526 320.025980177
+++++++++++++++++ 2.8 0.04872 135.0 ... GO!
Minuit succeeded.
************************ 0.0314257108652 3.00416043421 has 251.345937992 322.449467823
+++++++++++++++++ 2.8 0.04872 157.5 ... GO!
Minuit succeeded.
************************ 0.0649942033925 0.310894939558 has 357.698083161 319.650901378
+++++++++++++++++ 2.8 0.04872 180.0 ... GO!
Minuit succeeded.
************************ 0.0407643923683 -1.86336516207 has 270.105888337 322.509842407
+++++++++++++++++ 2.8 0.04872 202.5 ... GO!
Minuit succeeded.
************************ 0.0538587935195 1.11210256877 has 310.193552674 320.518657727
+++++++++++++++++ 2.8 0.04872 225.0 ... GO!
VariableMetricBuilder: no improvement
VariableMetricBuilder: finishes without convergence.
VariableMetricBuilder: edm= 0.000872419 requested: 1e-05
eigenvalues: 
-0.0374847
0.247767
0.465631
0.831456
0.845667
1
1
1
1
1
1
1.00225
1.05508
1.43934
1.99691
2.15338
matrix forced pos-def by adding 0.0396381 to diagonal
MnHesse: matrix is invalid!
MnHesse: matrix is not pos. def.!
MnHesse: matrix was forced pos. def.
FunctionMinimum is invalid.
Minuit failed because covariance is not accurate, covariance is not positive definite, and the function is above maximum EDM.
VariableMetricBuilder: no improvement
Minuit succeeded.
************************ 0.0574384211651 -0.909046729359 has 324.5794553 320.771061199
+++++++++++++++++ 2.8 0.04872 247.5 ... GO!
Minuit succeeded.
************************ 0.03693622364 2.15282009445 has 261.210158064 322.01857445
+++++++++++++++++ 2.8 0.04872 270.0 ... GO!
Minuit succeeded.
************************ 0.0659194560391 -0.130482646704 has 362.32732771 319.712395788
+++++++++++++++++ 2.8 0.04872 292.5 ... GO!
Minuit succeeded.
************************ 0.0327637408778 -2.63579711148 has 253.645283419 323.31817358
+++++++++++++++++ 2.8 0.04872 315.0 ... GO!
VariableMetricBuilder: no improvement
Minuit succeeded.
************************ 0.0617018999398 0.629028395859 has 342.376244257 319.872422905
+++++++++++++++++ 2.8 0.04872 337.5 ... GO!
VariableMetricBuilder: no improvement
VariableMetricBuilder: finishes without convergence.
VariableMetricBuilder: edm= 0.000914364 requested: 1e-05
FunctionMinimum is invalid.
Minuit failed because the function is above maximum EDM.
VariableMetricBuilder: no improvement
Minuit succeeded.
************************ 0.0480041400362 -1.4305508035 has 290.451699142 321.770134386
+++++++++++++++++ 3.0 0.0522 0.0 ... GO!
Minuit succeeded.
************************ 0.0696 0.0 has 380.828141892 319.300451059
+++++++++++++++++ 3.0 0.0522 22.5 ... GO!
VariableMetricBuilder: matrix not pos.def.
gdel > 0: 0.00031082
negative or zero diagonal element 0 in covariance matrix
negative or zero diagonal element 9 in covariance matrix
negative or zero diagonal element 11 in covariance matrix
negative or zero diagonal element 13 in covariance matrix
negative or zero diagonal element 14 in covariance matrix
negative or zero diagonal element 15 in covariance matrix
added 2.53027 to diagonal of error matrix
gdel: 0.00031082
Minuit succeeded.
************************ 0.0379630046623 -2.40755075195 has 263.618304521 322.861451724
+++++++++++++++++ 3.0 0.0522 45.0 ... GO!
Minuit succeeded.
************************ 0.063102130804 0.780863809693 has 348.654323969 319.678999275
+++++++++++++++++ 3.0 0.0522 67.5 ... GO!
VariableMetricBuilder: no improvement
VariableMetricBuilder: finishes without convergence.
VariableMetricBuilder: edm= 0.00553933 requested: 1e-05
FunctionMinimum is invalid.
Minuit failed because the function is above maximum EDM.
VariableMetricBuilder: no improvement
VariableMetricBuilder: finishes without convergence.
VariableMetricBuilder: edm= 0.000187266 requested: 1e-05
FunctionMinimum is invalid.
Minuit failed because the function is above maximum EDM.
************************ 0.0542886532658 -1.28910270371 FAILED!
+++++++++++++++++ 3.0 0.0522 90.0 ... GO!
Minuit succeeded.
************************ 0.0470494143628 1.69844380177 has 287.066710638 321.063328706
+++++++++++++++++ 3.0 0.0522 112.5 ... GO!
VariableMetricBuilder: no improvement
Minuit succeeded.
************************ 0.0673022979218 -0.451407368444 has 369.272853149 319.697825784
+++++++++++++++++ 3.0 0.0522 135.0 ... GO!
Minuit succeeded.
************************ 0.0349019581427 3.00903901734 has 257.159076397 322.069063902
+++++++++++++++++ 3.0 0.0522 157.5 ... GO!
Minuit succeeded.
************************ 0.0684544275514 0.316449078059 has 374.778146953 319.301478264
+++++++++++++++++ 3.0 0.0522 180.0 ... GO!
VariableMetricBuilder: matrix not pos.def.
gdel > 0: 1.66166e-05
negative or zero diagonal element 3 in covariance matrix
negative or zero diagonal element 13 in covariance matrix
added 1 to diagonal of error matrix
gdel: 1.66166e-05
eigenvalues: 
-0.468181
0.29849
0.412084
0.727589
0.852333
1
1
1
1
1
1
1.00162
1.16578
1.58281
1.72504
2.70243
matrix forced pos-def by adding 0.470884 to diagonal
MnHesse: matrix is invalid!
MnHesse: matrix is not pos. def.!
MnHesse: matrix was forced pos. def.
FunctionMinimum is invalid.
Minuit failed because covariance is not accurate, and covariance is not positive definite.
VariableMetricBuilder: no improvement
VariableMetricBuilder: finishes without convergence.
VariableMetricBuilder: edm= 0.000231771 requested: 1e-05
eigenvalues: 
-0.696576
0.0886474
0.412855
0.729738
0.852138
1
1
1
1
1
1
1.00177
1.16433
1.59891
1.93284
2.91535
matrix forced pos-def by adding 0.699492 to diagonal
MnHesse: matrix is invalid!
MnHesse: matrix is not pos. def.!
MnHesse: matrix was forced pos. def.
FunctionMinimum is invalid.
Minuit failed because covariance is not accurate, covariance is not positive definite, and the function is above maximum EDM.
************************ 0.0440506682918 -1.89038377965 FAILED!
+++++++++++++++++ 3.0 0.0522 202.5 ... GO!
VariableMetricBuilder: no improvement
Minuit succeeded.
************************ 0.0571664040891 1.13159750889 has 322.972176588 320.170732486
+++++++++++++++++ 3.0 0.0522 225.0 ... GO!
Minuit succeeded.
************************ 0.060785340919 -0.925178172815 has 338.763500577 320.475813805
+++++++++++++++++ 3.0 0.0522 247.5 ... GO!
VariableMetricBuilder: no improvement
Minuit succeeded.
************************ 0.0402711286618 2.17860377894 has 268.59873236 321.658163984
+++++++++++++++++ 3.0 0.0522 270.0 ... GO!
VariableMetricBuilder: matrix not pos.def.
gdel > 0: 0.000524778
negative or zero diagonal element 3 in covariance matrix
negative or zero diagonal element 13 in covariance matrix
added 1.00029 to diagonal of error matrix
gdel: 0.000524778
Minuit succeeded.
************************ 0.0693958851535 -0.132812923875 has 379.82504544 319.372750672
+++++++++++++++++ 3.0 0.0522 292.5 ... GO!
VariableMetricBuilder: matrix not pos.def.
gdel > 0: 0.00113459
negative or zero diagonal element 13 in covariance matrix
added 1.00001 to diagonal of error matrix
gdel: 0.00113459
eigenvalues: 
-0.803254
0.0412241
0.127647
0.608935
0.876785
1
1
1
1
1
1
1.00281
1.34073
1.95391
2.16202
2.68919
matrix forced pos-def by adding 0.805943 to diagonal
MnHesse: matrix is invalid!
MnHesse: matrix is not pos. def.!
MnHesse: matrix was forced pos. def.
FunctionMinimum is invalid.
Minuit failed because covariance is not accurate, and covariance is not positive definite.
VariableMetricBuilder: no improvement
Minuit succeeded.
************************ 0.0361962554739 -2.65243409338 has 259.924025196 323.042888807
+++++++++++++++++ 3.0 0.0522 315.0 ... GO!
Minuit succeeded.
************************ 0.0651083113209 0.640259865983 has 358.108508262 319.522415763
+++++++++++++++++ 3.0 0.0522 337.5 ... GO!
Minuit succeeded.
************************ 0.051274043774 -1.45455461718 has 301.333125842 321.499903501
