***************************** yint = 0.0
VariableMetricBuilder: no improvement
VariableMetricBuilder: finishes without convergence.
VariableMetricBuilder: edm= 0.000405029 requested: 1e-05
FunctionMinimum is invalid.
Minuit failed because the function is above maximum EDM.
VariableMetricBuilder: no improvement
VariableMetricBuilder: finishes without convergence.
VariableMetricBuilder: edm= 0.000767028 requested: 1e-05
FunctionMinimum is invalid.
Minuit failed because the function is above maximum EDM.
1s Istvan's B_mm:  f(area, rmsbeam, back, jan16, jan30, feb06, feb13, feb20, feb27, mar06, mar13, apr08, apr09, apr10, fullgam, yint, phi, btautau, tauyint, tauphi, twophofrac, rjan, rfeb, rapr2) is <function u1fit at 0x40669b1c>, with up = 1

Minuit failed because the function is above maximum EDM.
Hesse has not been executed.
Minos has not been executed.

    area = 325.777661 +/- 0.706085596897, no limits
    rmsbeam = 3.79 +/- 0.1, no limits
    back = 9.31155677886 +/- 0.0101023194197, no limits
    jan16 = 0.228982428081 +/- 0.0519075256428, no limits
    jan30 = 0.369740263897 +/- 0.0370828843414, no limits
    feb06 = -0.172319178617 +/- 0.0343754788008, no limits
    feb13 = -0.125729692208 +/- 0.0446015215294, no limits
    feb20 = -0.127466683409 +/- 0.0158323720081, no limits
    feb27 = 0.0538380534963 +/- 0.0412916372964, no limits
    mar06 = 0.274906583425 +/- 0.0539213408484, no limits
    mar13 = 0.136715532758 +/- 0.0403745427299, no limits
    apr08 = 0.454179382383 +/- 0.0467450529505, no limits
    apr09 = 0.441727361929 +/- 0.0507245429653, no limits
    apr10 = 0.618211425312 +/- 0.0500103200244, no limits
    fullgam = 0.053 +/- 0.1, no limits
    yint = 0.0 +/- 0.1, no limits
    phi = 0.0 +/- 0.1, no limits
    btautau = 0.0249 +/- 0.1, no limits
    tauyint = 0.195428917617 +/- 0.1, no limits
    tauphi = 0.0 +/- 0.1, no limits
    twophofrac = 0.0792 +/- 0.1, no limits
    rjan = 3.8330335865 +/- 0.00616069066727, no limits
    rfeb = 3.82788616382 +/- 0.012848241813, no limits
    rapr2 = 3.75189184906 +/- 0.0155843565664, no limits

Covariance matrix:

       0.498557
              0                0
    -0.00255386                0      0.000102057
     0.00890864                0     -3.56849e-05       0.00269439
    -0.00475624                0     -1.47335e-06     -3.39219e-05       0.00137514
    -0.00573673                0      2.86018e-06     -7.56088e-06      7.33626e-05       0.00118167
    -0.00261015                0     -4.63596e-06     -7.61959e-05      2.70549e-05      2.98225e-05        0.0019893
   -0.000735114                0      2.29872e-07     -1.02013e-05      8.41147e-06      1.01874e-05      4.37442e-06      0.000250664
   -0.000987784                0      -5.7343e-06     -1.88576e-05       1.2558e-05      1.45842e-05      7.35596e-06      1.88542e-06         0.001705
    -0.00154955                0      3.36108e-06     -2.82004e-05      1.61116e-05      1.91945e-05      9.03869e-06      2.46664e-06       4.6938e-05       0.00290751
    -0.00406745                0     -3.04953e-06     -7.53517e-05      4.57395e-05      5.39237e-05      2.61286e-05      6.94655e-06      3.52549e-05      4.82872e-05        0.0016301
    -0.00256842                0      2.31423e-06     -4.71072e-05      2.76513e-05      3.27865e-05       1.5641e-05      4.21796e-06      6.40417e-06      8.54052e-06       2.3865e-05        0.0021851
    -0.00255774                0      1.49726e-06     -4.70017e-05      2.77708e-05      3.28909e-05      1.57394e-05      4.23251e-06      6.47549e-06      8.54653e-06      2.39825e-05      1.48185e-05       0.00257298
   -0.000728297                0      4.57571e-06     -1.29193e-05      6.70258e-06      8.12834e-06      3.64192e-06      1.04028e-06      1.34045e-06      2.22013e-06      5.71493e-06      1.18692e-05      2.13737e-05       0.00250103
              0                0                0                0                0                0                0                0                0                0                0                0                0                0                0
              0                0                0                0                0                0                0                0                0                0                0                0                0                0                0                0
              0                0                0                0                0                0                0                0                0                0                0                0                0                0                0                0                0
              0                0                0                0                0                0                0                0                0                0                0                0                0                0                0                0                0                0
              0                0                0                0                0                0                0                0                0                0                0                0                0                0                0                0                0                0                0
              0                0                0                0                0                0                0                0                0                0                0                0                0                0                0                0                0                0                0                0
              0                0                0                0                0                0                0                0                0                0                0                0                0                0                0                0                0                0                0                0                0
     0.00208071                0     -7.30414e-06      0.000156236      -7.5743e-06     -8.97684e-07     -1.83355e-05     -2.38359e-06     -4.52941e-06      -6.6395e-06     -1.78758e-05      -1.1128e-05     -1.11121e-05     -3.00766e-06                0                0                0                0                0                0                0      3.79541e-05
     0.00521394                0     -1.52793e-05      9.44452e-05     -5.30599e-05     -6.34024e-05     -2.96101e-05     -8.14204e-06      4.60379e-05      6.50116e-05      2.86762e-07     -2.82535e-05     -2.82397e-05     -7.50803e-06                0                0                0                0                0                0                0       2.2191e-05      0.000165077
     0.00539339                0     -1.60609e-05      9.76671e-05     -5.48118e-05     -6.55083e-05     -3.05774e-05      -8.4121e-06     -1.20891e-05     -1.73579e-05     -4.71068e-05     -3.35868e-05     -3.86609e-05     -0.000350313                0                0                0                0                0                0                0      2.29451e-05      5.78902e-05      0.000242872

Global correlation coefficients:

              1
              0                0
      -0.358029                0                1
       0.243066                0       -0.0680508                1
      -0.181649                0      -0.00393288       -0.0176228                1
      -0.236351                0       0.00823615      -0.00423734        0.0575509                1
     -0.0828817                0       -0.0102889       -0.0329118        0.0163577        0.0194512                1
     -0.0657584                0        0.0014372        -0.012413        0.0143269        0.0187184       0.00619477                1
     -0.0338799                0       -0.0137467      -0.00879822       0.00820133        0.0102748       0.00399418       0.00288403                1
     -0.0406993                0       0.00617017       -0.0100754        0.0080576        0.0103554       0.00375833       0.00288935        0.0210815                1
      -0.142678                0       -0.0074766       -0.0359546        0.0305499        0.0388529        0.0145097        0.0108672        0.0211471        0.0221801                1
     -0.0778168                0       0.00490061       -0.0194143        0.0159517        0.0204038       0.00750205        0.0056993       0.00331792       0.00338835         0.012645                1
     -0.0714137                0       0.00292184       -0.0178511        0.0147638        0.0188629       0.00695697       0.00527028       0.00309167       0.00312472        0.0117103       0.00624957                1
     -0.0206249                0       0.00905687       -0.0049768       0.00361417       0.00472817       0.00163276       0.00131385      0.000649125        0.0008233       0.00283037       0.00507722       0.00842561                1
              0                0                0                0                0                0                0                0                0                0                0                0                0                0                0
              0                0                0                0                0                0                0                0                0                0                0                0                0                0                0                0
              0                0                0                0                0                0                0                0                0                0                0                0                0                0                0                0                0
              0                0                0                0                0                0                0                0                0                0                0                0                0                0                0                0                0                0
              0                0                0                0                0                0                0                0                0                0                0                0                0                0                0                0                0                0                0
              0                0                0                0                0                0                0                0                0                0                0                0                0                0                0                0                0                0                0                0
              0                0                0                0                0                0                0                0                0                0                0                0                0                0                0                0                0                0                0                0                0
       0.478326                0         -0.11736         0.488563       -0.0331543      -0.00423882       -0.0667289       -0.0244374       -0.0178053       -0.0199869       -0.0718668       -0.0386412        -0.035559      -0.00976201                0                0                0                0                0                0                0                1
       0.574732                0        -0.117717         0.141614        -0.111365        -0.143553        -0.051671       -0.0400261         0.086778        0.0938397      0.000552804       -0.0470428        -0.043331       -0.0116848                0                0                0                0                0                0                0         0.280352                1
       0.490135                0        -0.102014         0.120734       -0.0948444        -0.122281       -0.0439909       -0.0340934       -0.0187864       -0.0206561       -0.0748664       -0.0461046       -0.0489063        -0.449478                0                0                0                0                0                0                0         0.238986         0.289116                1
***************************** yint = 0.0087
VariableMetricBuilder: no improvement
VariableMetricBuilder: finishes without convergence.
VariableMetricBuilder: edm= 0.000347098 requested: 1e-05
FunctionMinimum is invalid.
Minuit failed because the function is above maximum EDM.
Minuit succeeded.
eigenvalues: 
-2.14094
0.357664
0.540526
0.809279
0.852987
1
1
1
1
1
1
1.00224
1.08468
1.38703
2.00676
4.09976
matrix forced pos-def by adding 2.14504 to diagonal
MnHesse: matrix is invalid!
MnHesse: matrix is not pos. def.!
MnHesse: matrix was forced pos. def.
Hesse succeeded.
1s Istvan's B_mm:  f(area, rmsbeam, back, jan16, jan30, feb06, feb13, feb20, feb27, mar06, mar13, apr08, apr09, apr10, fullgam, yint, phi, btautau, tauyint, tauphi, twophofrac, rjan, rfeb, rapr2) is <function u1fit at 0x40669bfc>, with up = 1

Minuit succeeded.
Hesse succeeded.
Minos has not been executed.

fval = 243.333664038, edm = 0.0, ncalls = 1330

    area = 325.015630444 +/- 1.01386012814, no limits
    rmsbeam = 3.79 +/- 0.1, no limits
    back = 9.33208661679 +/- 0.0103105974106, no limits
    jan16 = 0.278228130771 +/- 0.0549462501244, no limits
    jan30 = 0.418784168754 +/- 0.0409821093013, no limits
    feb06 = -0.129852016471 +/- 0.0363479264634, no limits
    feb13 = -0.079344705177 +/- 0.0445236191549, no limits
    feb20 = -0.086021708233 +/- 0.0411260951545, no limits
    feb27 = 0.0971826776528 +/- 0.0413007501754, no limits
    mar06 = 0.314855275438 +/- 0.0537597235127, no limits
    mar13 = 0.18281379387 +/- 0.0409181383614, no limits
    apr08 = 0.497039913121 +/- 0.0427491532481, no limits
    apr09 = 0.484952151794 +/- 0.0508063367839, no limits
    apr10 = 0.662490159076 +/- 0.0484687828071, no limits
    fullgam = 0.053 +/- 0.1, no limits
    yint = 0.0087 +/- 0.1, no limits
    phi = 0.0 +/- 0.1, no limits
    btautau = 0.0249 +/- 0.1, no limits
    tauyint = 0.195428917617 +/- 0.1, no limits
    tauphi = 0.0 +/- 0.1, no limits
    twophofrac = 0.0792 +/- 0.1, no limits
    rjan = 3.82783598443 +/- 0.0146088292327, no limits
    rfeb = 3.82192845166 +/- 0.014892430147, no limits
    rapr2 = 3.74220270556 +/- 0.014780264982, no limits
***************************** yint = 0.0174
Minuit succeeded.
Hesse succeeded.
1s Istvan's B_mm:  f(area, rmsbeam, back, jan16, jan30, feb06, feb13, feb20, feb27, mar06, mar13, apr08, apr09, apr10, fullgam, yint, phi, btautau, tauyint, tauphi, twophofrac, rjan, rfeb, rapr2) is <function u1fit at 0x4066995c>, with up = 1

Minuit succeeded.
Hesse succeeded.
Minos has not been executed.

fval = 240.18562359, edm = 3.35507621527e-08, ncalls = 844

    area = 324.243222929 +/- 0.92659048353, no limits
    rmsbeam = 3.79 +/- 0.1, no limits
    back = 9.35255551784 +/- 0.0102336487162, no limits
    jan16 = 0.327428025017 +/- 0.0548947705257, no limits
    jan30 = 0.467673668817 +/- 0.0371342470503, no limits
    feb06 = -0.087444245323 +/- 0.0351828076369, no limits
    feb13 = -0.0330142789688 +/- 0.0447847378528, no limits
    feb20 = -0.0450067319452 +/- 0.0412847049026, no limits
    feb27 = 0.140419059917 +/- 0.0412352859911, no limits
    mar06 = 0.354801056501 +/- 0.0538295760859, no limits
    mar13 = 0.228778815815 +/- 0.0407876786773, no limits
    apr08 = 0.539997226014 +/- 0.0464837350845, no limits
    apr09 = 0.528147356941 +/- 0.0507145669361, no limits
    apr10 = 0.706354511696 +/- 0.0494436033438, no limits
    fullgam = 0.053 +/- 0.1, no limits
    yint = 0.0174 +/- 0.1, no limits
    phi = 0.0 +/- 0.1, no limits
    btautau = 0.0249 +/- 0.1, no limits
    tauyint = 0.195428917617 +/- 0.1, no limits
    tauphi = 0.0 +/- 0.1, no limits
    twophofrac = 0.0792 +/- 0.1, no limits
    rjan = 3.82266987848 +/- 0.0125857731887, no limits
    rfeb = 3.81600040193 +/- 0.0142539639099, no limits
    rapr2 = 3.7325853252 +/- 0.0169586915588, no limits

Covariance matrix:

       0.858559
              0                0
    -0.00355603                0      0.000104727
    -0.00180447                0     -1.33477e-06       0.00301344
    -0.00595704                0      1.43907e-06      6.88816e-06       0.00137895
    -0.00608328                0      1.99558e-06     -4.21971e-06      6.93549e-05       0.00123783
    -0.00578719                0      4.25486e-06      1.91202e-05      3.97254e-05      3.26333e-05       0.00200567
    -0.00760176                0      8.81916e-06      1.48913e-05      6.22221e-05      6.85468e-05      5.38994e-05       0.00170444
    -0.00419044                0      3.33446e-06      1.01796e-05      3.26949e-05      3.33058e-05      3.13176e-05      4.06339e-05       0.00170035
     -0.0023294                0       5.7059e-06      5.28162e-06        1.718e-05      1.75211e-05      1.65651e-05      2.16175e-05      2.98959e-05       0.00289764
    -0.00725724                0      5.74542e-06      1.76325e-05      5.66304e-05      5.76884e-05       5.4244e-05      7.03795e-05       4.8251e-05      5.01811e-05       0.00166363
    -0.00413598                0        6.419e-06      9.74116e-06      3.14625e-05      3.20667e-05      3.02254e-05      3.93181e-05      2.18557e-05      1.16907e-05      3.78545e-05       0.00216074
    -0.00456019                0       6.8141e-06       1.0766e-05      3.47574e-05      3.54234e-05      3.33831e-05       4.3417e-05      2.41383e-05      1.29013e-05      4.18081e-05      2.32263e-05       0.00257197
   -0.000704965                0      4.74385e-06      1.30313e-06      4.42046e-06       4.5248e-06      4.35232e-06      5.78245e-06      3.15661e-06      1.83278e-06      5.46619e-06     -3.41603e-06      2.18032e-05       0.00244467
              0                0                0                0                0                0                0                0                0                0                0                0                0                0                0
              0                0                0                0                0                0                0                0                0                0                0                0                0                0                0                0
              0                0                0                0                0                0                0                0                0                0                0                0                0                0                0                0                0
              0                0                0                0                0                0                0                0                0                0                0                0                0                0                0                0                0                0
              0                0                0                0                0                0                0                0                0                0                0                0                0                0                0                0                0                0                0
              0                0                0                0                0                0                0                0                0                0                0                0                0                0                0                0                0                0                0                0
              0                0                0                0                0                0                0                0                0                0                0                0                0                0                0                0                0                0                0                0                0
     0.00866666                0     -2.70746e-05     -4.15412e-05     -3.77553e-05     -3.56923e-06     -7.60287e-05     -6.86533e-05     -4.36745e-05     -2.39003e-05     -7.56407e-05     -4.28003e-05     -4.72159e-05     -6.93743e-06                0                0                0                0                0                0                0        0.0001584
      0.0090725                0     -2.58332e-05     -2.02175e-05     -6.59806e-05     -6.73102e-05     -6.37265e-05     -8.32864e-05     -2.19825e-05      5.33923e-05     -4.02237e-05     -4.51032e-05     -4.97636e-05     -7.21144e-06                0                0                0                0                0                0                0      9.27328e-05      0.000203172
     0.00924924                0     -2.69081e-05     -2.05554e-05     -6.71184e-05     -6.84741e-05     -6.48427e-05     -8.47649e-05     -4.69198e-05      -2.5594e-05     -8.12621e-05     -4.24481e-05      -6.0275e-05     -0.000362273                0                0                0                0                0                0                0      9.44832e-05      9.92257e-05      0.000287596

Global correlation coefficients:

              1
              0                0
      -0.375017                0                1
     -0.0354758                0        -0.002376                1
      -0.173129                0       0.00378684       0.00337907                1
      -0.186605                0       0.00554255      -0.00218485         0.053085                1
      -0.139461                0       0.00928379       0.00777733        0.0238871         0.020711                1
      -0.198718                0         0.020874       0.00657069        0.0405863        0.0471917        0.0291516                1
      -0.109675                0       0.00790181       0.00449708        0.0213519        0.0229573        0.0169586        0.0238687                1
     -0.0467021                0        0.0103579       0.00178737       0.00859464       0.00925142       0.00687133       0.00972731        0.0134685                1
      -0.192025                0        0.0137646       0.00787504        0.0373892        0.0402003        0.0296956        0.0417952        0.0286886        0.0228554                1
     -0.0960269                0        0.0134939        0.0038175        0.0182271        0.0196075        0.0145191         0.020488        0.0114024       0.00467217        0.0199658                1
     -0.0970432                0        0.0131294       0.00386715        0.0184561         0.019853        0.0146982        0.0207365        0.0115427       0.00472584        0.0202115        0.0098525                1
     -0.0153877                0       0.00937542      0.000480117       0.00240759       0.00260111       0.00196553       0.00283277       0.00154825      0.000688618       0.00271048      -0.00148632       0.00869516                1
              0                0                0                0                0                0                0                0                0                0                0                0                0                0                0
              0                0                0                0                0                0                0                0                0                0                0                0                0                0                0                0
              0                0                0                0                0                0                0                0                0                0                0                0                0                0                0                0                0
              0                0                0                0                0                0                0                0                0                0                0                0                0                0                0                0                0                0
              0                0                0                0                0                0                0                0                0                0                0                0                0                0                0                0                0                0                0
              0                0                0                0                0                0                0                0                0                0                0                0                0                0                0                0                0                0                0                0
              0                0                0                0                0                0                0                0                0                0                0                0                0                0                0                0                0                0                0                0                0
       0.743172                0        -0.210211       -0.0601272       -0.0807841      -0.00806059        -0.134887        -0.132128       -0.0841553       -0.0352781         -0.14735       -0.0731592       -0.0739738       -0.0111484                0                0                0                0                0                0                0                1
       0.686927                0        -0.177099       -0.0258383        -0.124655        -0.134221       -0.0998294        -0.141531       -0.0374005        0.0695865       -0.0691865        -0.068073        -0.068841       -0.0102325                0                0                0                0                0                0                0         0.516921                1
       0.588613                0        -0.155046       -0.0220802         -0.10658        -0.114764       -0.0853768        -0.121069       -0.0670959       -0.0280365        -0.117481       -0.0538475       -0.0700831        -0.432051                0                0                0                0                0                0                0         0.442677         0.410489                1
***************************** yint = 0.0261
eigenvalues: 
-0.719574
0.379792
0.569902
0.798435
0.849169
1
1
1
1
1
1
1.00205
1.08802
1.36807
1.83926
2.82487
matrix forced pos-def by adding 0.722399 to diagonal
MnHesse: matrix is invalid!
MnHesse: matrix is not pos. def.!
MnHesse: matrix was forced pos. def.
FunctionMinimum is invalid.
Minuit failed because covariance is not accurate, and covariance is not positive definite.
VariableMetricBuilder: no improvement
VariableMetricBuilder: finishes without convergence.
VariableMetricBuilder: edm= 0.000958291 requested: 1e-05
FunctionMinimum is invalid.
Minuit failed because the function is above maximum EDM.
1s Istvan's B_mm:  f(area, rmsbeam, back, jan16, jan30, feb06, feb13, feb20, feb27, mar06, mar13, apr08, apr09, apr10, fullgam, yint, phi, btautau, tauyint, tauphi, twophofrac, rjan, rfeb, rapr2) is <function u1fit at 0x40669c34>, with up = 1

Minuit failed because the function is above maximum EDM.
Hesse has not been executed.
Minos has not been executed.

    area = 323.454010647 +/- 0.642014082126, no limits
    rmsbeam = 3.79 +/- 0.1, no limits
    back = 9.37299413721 +/- 0.0100143302782, no limits
    jan16 = 0.376558382181 +/- 0.0567828133821, no limits
    jan30 = 0.516508879524 +/- 0.0416920061226, no limits
    feb06 = -0.0449538331069 +/- 0.00964390979289, no limits
    feb13 = 0.0132358216338 +/- 0.0443262345529, no limits
    feb20 = -0.00405932897671 +/- 0.0282672535912, no limits
    feb27 = 0.183561069218 +/- 0.0456867799678, no limits
    mar06 = 0.394572555553 +/- 0.0551085233892, no limits
    mar13 = 0.274745306451 +/- 0.0403492216919, no limits
    apr08 = 0.582901314677 +/- 0.0467926779248, no limits
    apr09 = 0.571337163729 +/- 0.050963303226, no limits
    apr10 = 0.750015881357 +/- 0.0457425929139, no limits
    fullgam = 0.053 +/- 0.1, no limits
    yint = 0.0261 +/- 0.1, no limits
    phi = 0.0 +/- 0.1, no limits
    btautau = 0.0249 +/- 0.1, no limits
    tauyint = 0.195428917617 +/- 0.1, no limits
    tauphi = 0.0 +/- 0.1, no limits
    twophofrac = 0.0792 +/- 0.1, no limits
    rjan = 3.81750285814 +/- 0.00215207247565, no limits
    rfeb = 3.80998466542 +/- 0.0146631095706, no limits
    rapr2 = 3.72286648223 +/- 0.0145939413513, no limits

Covariance matrix:

       0.412182
              0                0
    -0.00219575                0      0.000100287
    0.000425869                0     -9.09501e-06       0.00322429
    -0.00467959                0     -6.31779e-06     -3.93202e-06       0.00173822
    -0.00049073                0      2.05002e-07     -4.28529e-07      6.72231e-06       9.3005e-05
    -0.00181529                0     -8.07525e-06     -1.69508e-07      2.59164e-05      2.57603e-06       0.00196482
    -0.00194644                0     -9.17152e-07     -1.25753e-06      2.64055e-05      2.64754e-06      1.07596e-05      0.000799038
    -0.00203111                0      -5.3286e-06      -8.5421e-07      2.87554e-05      2.85733e-06        1.218e-05      1.16488e-05       0.00208728
   -3.79133e-05                0     -8.47202e-07      4.16724e-08      8.00492e-07      7.36704e-08      3.77136e-07        3.127e-07      2.81502e-05       0.00303695
    -0.00290359                0     -7.35277e-06     -1.24155e-06      4.10142e-05      4.07752e-06       1.7359e-05      1.66189e-05      3.10438e-05      3.77196e-05       0.00162806
    -0.00228864                0      4.63861e-07     -1.46092e-06        3.012e-05      3.04372e-06      1.24287e-05      1.23017e-05      1.34155e-05      3.49409e-07      1.91433e-05       0.00218955
    -0.00244135                0      5.22232e-08      -1.5243e-06      3.22859e-05      3.25885e-06      1.33466e-05       1.3179e-05      1.43914e-05      3.77965e-07      2.05346e-05      1.63954e-05       0.00259726
    0.000876267                0      4.36243e-09      5.45333e-07     -1.15964e-05     -1.17032e-06      -4.7951e-06     -4.73324e-06     -5.16968e-06     -1.35935e-07      -7.3764e-06      9.78767e-06      2.75707e-05       0.00209238
              0                0                0                0                0                0                0                0                0                0                0                0                0                0                0
              0                0                0                0                0                0                0                0                0                0                0                0                0                0                0                0
              0                0                0                0                0                0                0                0                0                0                0                0                0                0                0                0                0
              0                0                0                0                0                0                0                0                0                0                0                0                0                0                0                0                0                0
              0                0                0                0                0                0                0                0                0                0                0                0                0                0                0                0                0                0                0
              0                0                0                0                0                0                0                0                0                0                0                0                0                0                0                0                0                0                0                0
              0                0                0                0                0                0                0                0                0                0                0                0                0                0                0                0                0                0                0                0                0
    0.000274437                0     -8.62601e-07     -1.30508e-06       1.0089e-06     -3.42921e-08     -2.30459e-06     -1.03775e-06      -1.4616e-06     -3.23416e-08     -2.08765e-06     -1.60316e-06     -1.71313e-06      6.15044e-07                0                0                0                0                0                0                0      4.63142e-06
     0.00558068                0     -1.47015e-05      4.60804e-06      -6.8659e-05     -7.05285e-06     -2.75881e-05     -2.82681e-05      5.62046e-06      0.000105332      4.82625e-06     -3.29761e-05     -3.52515e-05      1.26567e-05                0                0                0                0                0                0                0      3.81738e-06      0.000215007
     0.00416081                0     -1.14073e-05      3.47001e-06      -5.1033e-05     -5.24628e-06     -2.04796e-05     -2.10191e-05     -2.24642e-05     -5.10126e-07     -3.20818e-05     -3.38635e-05     -4.66637e-05     -0.000268124                0                0                0                0                0                0                0      2.84312e-06      5.81596e-05      0.000212983

Global correlation coefficients:

              1
              0                0
       -0.34152                0                1
      0.0116819                0       -0.0159943                1
      -0.174828                0       -0.0151318      -0.00166091                1
     -0.0792584                0       0.00212267     -0.000782547        0.0167191                1
     -0.0637884                0       -0.0181917     -6.73459e-05        0.0140237        0.0060261                1
      -0.107254                0      -0.00323993     -0.000783461        0.0224057       0.00971193       0.00858723                1
     -0.0692465                0       -0.0116466     -0.000329274        0.0150965       0.00648509       0.00601443       0.00901999                1
    -0.00107159                0      -0.00153513      1.33172e-05      0.000348406      0.000138618       0.00015439      0.000200736        0.0111808                1
      -0.112087                0       -0.0181967     -0.000541891        0.0243807        0.0104787       0.00970572        0.0145708        0.0168403        0.0169634                1
     -0.0761824                0      0.000989893     -0.000549835        0.0154392       0.00674486       0.00599219       0.00930047       0.00627538      0.000135499        0.0101392                1
     -0.0746152                0      0.000102326     -0.000526739         0.015195       0.00663061       0.00590817       0.00914829       0.00618094      0.000134578       0.00998607       0.00687524                1
      0.0298381                0      9.52325e-06      0.000209954      -0.00608066      -0.00265296      -0.00236492      -0.00366061      -0.00247373     -5.39254e-05      -0.00399658       0.00457278        0.0118269                1
              0                0                0                0                0                0                0                0                0                0                0                0                0                0                0
              0                0                0                0                0                0                0                0                0                0                0                0                0                0                0                0
              0                0                0                0                0                0                0                0                0                0                0                0                0                0                0                0                0
              0                0                0                0                0                0                0                0                0                0                0                0                0                0                0                0                0                0
              0                0                0                0                0                0                0                0                0                0                0                0                0                0                0                0                0                0                0
              0                0                0                0                0                0                0                0                0                0                0                0                0                0                0                0                0                0                0                0
              0                0                0                0                0                0                0                0                0                0                0                0                0                0                0                0                0                0                0                0                0
       0.198629                0        -0.040025       -0.0106798        0.0112445      -0.00165228       -0.0241589        -0.017059       -0.0148655       -0.0002727       -0.0240418         -0.01592       -0.0156198       0.00624782                0                0                0                0                0                0                0                1
       0.592812                0        -0.100118       0.00553443         -0.11231       -0.0498753       -0.0424458       -0.0682004       0.00838987         0.130352       0.00815734       -0.0480613       -0.0471731          0.01887                0                0                0                0                0                0                0         0.120971                1
       0.444079                0       -0.0780525       0.00418737       -0.0838736       -0.0372757       -0.0316583       -0.0509516       -0.0336921     -0.000634287       -0.0544817       -0.0495886       -0.0627406        -0.401645                0                0                0                0                0                0                0        0.0905243         0.271783                1
***************************** yint = 0.0348
Minuit succeeded.
Hesse succeeded.
1s Istvan's B_mm:  f(area, rmsbeam, back, jan16, jan30, feb06, feb13, feb20, feb27, mar06, mar13, apr08, apr09, apr10, fullgam, yint, phi, btautau, tauyint, tauphi, twophofrac, rjan, rfeb, rapr2) is <function u1fit at 0x40669d84>, with up = 1

Minuit succeeded.
Hesse succeeded.
Minos has not been executed.

fval = 257.185429048, edm = 1.30747699216e-05, ncalls = 675

    area = 322.649486339 +/- 0.909655083391, no limits
    rmsbeam = 3.79 +/- 0.1, no limits
    back = 9.39339768209 +/- 0.00974977522924, no limits
    jan16 = 0.425689206895 +/- 0.0549202806911, no limits
    jan30 = 0.56521860337 +/- 0.036997786227, no limits
    feb06 = -0.00247782229444 +/- 0.0349351295089, no limits
    feb13 = 0.0593930937169 +/- 0.0445380358546, no limits
    feb20 = 0.0366261703652 +/- 0.0410110751159, no limits
    feb27 = 0.226679562738 +/- 0.0410477137947, no limits
    mar06 = 0.434206645038 +/- 0.0526812573915, no limits
    mar13 = 0.320686111435 +/- 0.0402026783683, no limits
    apr08 = 0.625767015074 +/- 0.0464444629738, no limits
    apr09 = 0.614493210826 +/- 0.0507705278261, no limits
    apr10 = 0.793181139387 +/- 0.0483491258727, no limits
    fullgam = 0.053 +/- 0.1, no limits
    yint = 0.0348 +/- 0.1, no limits
    phi = 0.0 +/- 0.1, no limits
    btautau = 0.0249 +/- 0.1, no limits
    tauyint = 0.195428917617 +/- 0.1, no limits
    tauphi = 0.0 +/- 0.1, no limits
    twophofrac = 0.0792 +/- 0.1, no limits
    rjan = 3.81221425506 +/- 0.0126537571074, no limits
    rfeb = 3.80395183472 +/- 0.0138482710632, no limits
    rapr2 = 3.71313111908 +/- 0.0173310784435, no limits

Covariance matrix:

       0.731412
              0                0
    -0.00308137                0      0.000102835
     -0.0014909                0     -2.92564e-06       0.00300638
    -0.00498596                0      -1.8018e-06      7.26988e-06       0.00136839
    -0.00548085                0     -7.26594e-07     -4.77303e-06      5.73259e-05        0.0012505
    -0.00257573                0     -5.59731e-06      5.29061e-06       2.2979e-05      2.80389e-05       0.00185765
    -0.00622465                0      4.12549e-06      1.19267e-05      5.03326e-05       6.0554e-05      2.66865e-05       0.00166731
    -0.00344383                0      6.03623e-07      8.44459e-06      2.70057e-05      2.94921e-05      1.46732e-05      3.27283e-05       0.00169424
    -0.00153908                0      3.36766e-06      3.45654e-06      1.12827e-05      1.23591e-05      5.99047e-06      1.38647e-05      2.29156e-05        0.0028888
    -0.00695401                0      3.39901e-06      1.68285e-05      5.39782e-05      5.89745e-05      2.92299e-05       6.5551e-05      4.17446e-05      3.39901e-05       0.00169749
    -0.00361087                0      4.09956e-06      8.49899e-06      2.74356e-05      3.00037e-05      1.47503e-05      3.34632e-05      1.87214e-05      7.98361e-06      3.75338e-05       0.00215067
    -0.00449363                0      5.52622e-06      1.05333e-05      3.40351e-05      3.72263e-05      1.82786e-05      4.15396e-05      2.32325e-05      9.92065e-06      4.65874e-05      2.35233e-05       0.00261601
     0.00872161                0     -2.23073e-05     -1.92572e-05     -6.31186e-05     -6.91821e-05     -3.33566e-05     -7.77753e-05     -4.32994e-05     -1.88532e-05     -8.70828e-05     -4.53626e-05      -5.1224e-05       0.00127586
              0                0                0                0                0                0                0                0                0                0                0                0                0                0                0
              0                0                0                0                0                0                0                0                0                0                0                0                0                0                0                0
              0                0                0                0                0                0                0                0                0                0                0                0                0                0                0                0                0
              0                0                0                0                0                0                0                0                0                0                0                0                0                0                0                0                0                0
              0                0                0                0                0                0                0                0                0                0                0                0                0                0                0                0                0                0                0
              0                0                0                0                0                0                0                0                0                0                0                0                0                0                0                0                0                0                0                0
              0                0                0                0                0                0                0                0                0                0                0                0                0                0                0                0                0                0                0                0                0
     0.00696285                0     -2.10773e-05     -3.62849e-05      -3.3477e-05      2.17217e-06     -2.09729e-05     -5.19829e-05      -3.4062e-05      -1.4938e-05       -6.858e-05     -3.53957e-05     -4.40099e-05      8.43539e-05                0                0                0                0                0                0                0      0.000132376
     0.00800554                0     -2.14288e-05     -1.75784e-05     -5.76944e-05     -6.32493e-05     -3.04434e-05     -7.11553e-05     -1.86134e-05      6.02843e-05     -5.41534e-05     -4.10431e-05     -5.10189e-05      9.74366e-05                0                0                0                0                0                0                0      7.73406e-05      0.000196467
     0.00532773                0     -1.45071e-05     -1.16733e-05     -3.83335e-05     -4.20275e-05     -2.02152e-05     -4.72937e-05     -2.63139e-05     -1.14862e-05     -5.29421e-05     -2.54044e-05     -5.02319e-05      3.82107e-05                0                0                0                0                0                0                0       5.1448e-05      5.94001e-05      0.000135647

Global correlation coefficients:

              1
              0                0
      -0.355297                0                1
     -0.0317941                0      -0.00526172                1
      -0.157603                0       -0.0048032       0.00358428                1
      -0.181228                0      -0.00202618      -0.00246167        0.0438233                1
     -0.0698775                0       -0.0128064       0.00223873        0.0144127        0.0183966                1
      -0.178248                0       0.00996313       0.00532708        0.0333224        0.0419365        0.0151635                1
     -0.0978302                0       0.00144613        0.0037417        0.0177363        0.0202617       0.00827093        0.0194728                1
     -0.0334827                0       0.00617873        0.0011729       0.00567482        0.0065026       0.00258595       0.00631747        0.0103582                1
      -0.197356                0       0.00813539       0.00744937        0.0354169        0.0404779        0.0164605        0.0389643        0.0246155        0.0153494                1
     -0.0910425                0       0.00871726        0.0033424        0.0159928        0.0182956       0.00737958        0.0176715       0.00980761       0.00320298        0.0196441                1
       -0.10273                0        0.0106546       0.00375597        0.0179889         0.020582       0.00829167          0.01989        0.0110354        0.0036088        0.0221078       0.00991725                1
       0.285505                0       -0.0615847      -0.00983261       -0.0477696       -0.0547708       -0.0216669       -0.0533251       -0.0294505      -0.00982028       -0.0591734       -0.0273848       -0.0280383                1
              0                0                0                0                0                0                0                0                0                0                0                0                0                0                0
              0                0                0                0                0                0                0                0                0                0                0                0                0                0                0                0
              0                0                0                0                0                0                0                0                0                0                0                0                0                0                0                0                0
              0                0                0                0                0                0                0                0                0                0                0                0                0                0                0                0                0                0
              0                0                0                0                0                0                0                0                0                0                0                0                0                0                0                0                0                0                0
              0                0                0                0                0                0                0                0                0                0                0                0                0                0                0                0                0                0                0                0
              0                0                0                0                0                0                0                0                0                0                0                0                0                0                0                0                0                0                0                0                0
       0.707621                0        -0.180651       -0.0575174       -0.0786571       0.00533883       -0.0422933        -0.110649       -0.0719247       -0.0241561        -0.144673       -0.0663373       -0.0747869         0.205257                0                0                0                0                0                0                0                1
       0.667828                0        -0.150758       -0.0228725        -0.111272        -0.127605       -0.0503926        -0.124324       -0.0322621        0.0800205        -0.093773       -0.0631406        -0.071165         0.194615                0                0                0                0                0                0                0         0.479576                1
       0.534881                0         -0.12283       -0.0182797       -0.0889753        -0.102044       -0.0402709       -0.0994468       -0.0548899       -0.0183491         -0.11033       -0.0470347       -0.0843249        0.0918499                0                0                0                0                0                0                0         0.383936         0.363864                1
***************************** yint = 0.0435
Minuit succeeded.
eigenvalues: 
-0.681167
0.113023
0.663446
0.787282
0.846385
1
1
1
1
1
1
1.00026
1.10543
1.32464
1.90125
2.93945
matrix forced pos-def by adding 0.684107 to diagonal
MnHesse: matrix is invalid!
MnHesse: matrix is not pos. def.!
MnHesse: matrix was forced pos. def.
Hesse succeeded.
1s Istvan's B_mm:  f(area, rmsbeam, back, jan16, jan30, feb06, feb13, feb20, feb27, mar06, mar13, apr08, apr09, apr10, fullgam, yint, phi, btautau, tauyint, tauphi, twophofrac, rjan, rfeb, rapr2) is <function u1fit at 0x40669b8c>, with up = 1

Minuit succeeded.
Hesse succeeded.
Minos has not been executed.

fval = 277.082099006, edm = 0.0, ncalls = 639

    area = 321.836029075 +/- 0.90159623157, no limits
    rmsbeam = 3.79 +/- 0.1, no limits
    back = 9.41372721283 +/- 0.00985450485727, no limits
    jan16 = 0.474720486706 +/- 0.0548985830906, no limits
    jan30 = 0.613727056088 +/- 0.0369547661724, no limits
    feb06 = 0.0399941988763 +/- 0.033776823412, no limits
    feb13 = 0.10543052468 +/- 0.0444480427937, no limits
    feb20 = 0.0771557625081 +/- 0.0407104636771, no limits
    feb27 = 0.269676844249 +/- 0.0408635177563, no limits
    mar06 = 0.47373426846 +/- 0.0525616262643, no limits
    mar13 = 0.366564528345 +/- 0.0402587714747, no limits
    apr08 = 0.668571554471 +/- 0.046535916615, no limits
    apr09 = 0.657579830887 +/- 0.0507223774994, no limits
    apr10 = 0.836208295089 +/- 0.0441504922228, no limits
    fullgam = 0.053 +/- 0.1, no limits
    yint = 0.0435 +/- 0.1, no limits
    phi = 0.0 +/- 0.1, no limits
    btautau = 0.0249 +/- 0.1, no limits
    tauyint = 0.195428917617 +/- 0.1, no limits
    tauphi = 0.0 +/- 0.1, no limits
    twophofrac = 0.0792 +/- 0.1, no limits
    rjan = 3.807000817 +/- 0.0122041310544, no limits
    rfeb = 3.79791391375 +/- 0.0135426159821, no limits
    rapr2 = 3.70345943757 +/- 0.0169643335015, no limits
***************************** yint = 0.0522
Minuit succeeded.
eigenvalues: 
-0.0309137
0.407734
0.76264
0.815468
0.940279
1
1
1
1
1
1
1.00188
1.03599
1.21326
1.5212
2.33247
matrix forced pos-def by adding 0.0332462 to diagonal
MnHesse: matrix is invalid!
MnHesse: matrix is not pos. def.!
MnHesse: matrix was forced pos. def.
Hesse succeeded.
1s Istvan's B_mm:  f(area, rmsbeam, back, jan16, jan30, feb06, feb13, feb20, feb27, mar06, mar13, apr08, apr09, apr10, fullgam, yint, phi, btautau, tauyint, tauphi, twophofrac, rjan, rfeb, rapr2) is <function u1fit at 0x40669dbc>, with up = 1

Minuit succeeded.
Hesse succeeded.
Minos has not been executed.

fval = 304.406837429, edm = 0.0, ncalls = 658

    area = 321.004950809 +/- 0.907210136585, no limits
    rmsbeam = 3.79 +/- 0.1, no limits
    back = 9.43402725934 +/- 0.0097094854937, no limits
    jan16 = 0.523750048494 +/- 0.0548609729918, no limits
    jan30 = 0.662078270202 +/- 0.0362840558678, no limits
    feb06 = 0.0824620521431 +/- 0.0334352585692, no limits
    feb13 = 0.151367629955 +/- 0.0446440038055, no limits
    feb20 = 0.117571094615 +/- 0.0404883625315, no limits
    feb27 = 0.312581515704 +/- 0.0407539612215, no limits
    mar06 = 0.513017361585 +/- 0.0516655958021, no limits
    mar13 = 0.412431955351 +/- 0.0399776271372, no limits
    apr08 = 0.711346604319 +/- 0.0464932424816, no limits
    apr09 = 0.700650997579 +/- 0.0504855818964, no limits
    apr10 = 0.878645453345 +/- 0.0481362151311, no limits
    fullgam = 0.053 +/- 0.1, no limits
    yint = 0.0522 +/- 0.1, no limits
    phi = 0.0 +/- 0.1, no limits
    btautau = 0.0249 +/- 0.1, no limits
    tauyint = 0.195428917617 +/- 0.1, no limits
    tauphi = 0.0 +/- 0.1, no limits
    twophofrac = 0.0792 +/- 0.1, no limits
    rjan = 3.80171000291 +/- 0.0122440838023, no limits
    rfeb = 3.79182248334 +/- 0.0134921631695, no limits
    rapr2 = 3.69369017806 +/- 0.0170378748599, no limits
***************************** yint = 0.0609
Minuit succeeded.
Hesse succeeded.
1s Istvan's B_mm:  f(area, rmsbeam, back, jan16, jan30, feb06, feb13, feb20, feb27, mar06, mar13, apr08, apr09, apr10, fullgam, yint, phi, btautau, tauyint, tauphi, twophofrac, rjan, rfeb, rapr2) is <function u1fit at 0x40669b1c>, with up = 1

Minuit succeeded.
Hesse succeeded.
Minos has not been executed.

fval = 339.031411966, edm = 1.39655306902e-06, ncalls = 623

    area = 320.160470034 +/- 0.906250580013, no limits
    rmsbeam = 3.79 +/- 0.1, no limits
    back = 9.45428305 +/- 0.00976791611563, no limits
    jan16 = 0.572657443097 +/- 0.0549986071522, no limits
    jan30 = 0.710205281015 +/- 0.0361252285792, no limits
    feb06 = 0.124879366793 +/- 0.0335987024517, no limits
    feb13 = 0.197203240395 +/- 0.0445971460318, no limits
    feb20 = 0.157769568651 +/- 0.0384152132536, no limits
    feb27 = 0.355379109383 +/- 0.0406097260893, no limits
    mar06 = 0.552123688658 +/- 0.0506516097502, no limits
    mar13 = 0.458210589785 +/- 0.0398214901149, no limits
    apr08 = 0.754078188824 +/- 0.0463677760804, no limits
    apr09 = 0.74365619986 +/- 0.050344679989, no limits
    apr10 = 0.920813655713 +/- 0.0481004187981, no limits
    fullgam = 0.053 +/- 0.1, no limits
    yint = 0.0609 +/- 0.1, no limits
    phi = 0.0 +/- 0.1, no limits
    btautau = 0.0249 +/- 0.1, no limits
    tauyint = 0.195428917617 +/- 0.1, no limits
    tauphi = 0.0 +/- 0.1, no limits
    twophofrac = 0.0792 +/- 0.1, no limits
    rjan = 3.79639271133 +/- 0.0123434038436, no limits
    rfeb = 3.78566969198 +/- 0.0137884662201, no limits
    rapr2 = 3.68392227296 +/- 0.0169868735752, no limits

Covariance matrix:

       0.667696
              0                0
    -0.00280685                0      0.000101476
    -0.00143197                0     -3.97405e-06       0.00299412
    -0.00226073                0     -9.69554e-06     -1.41659e-06       0.00133982
    -0.00509916                0     -2.79398e-06     -4.53187e-06       4.4569e-05       0.00127418
    -0.00427198                0     -2.08983e-06      1.55901e-05       1.3651e-05      2.70054e-05       0.00196413
    -0.00508632                0      1.51821e-06      1.10462e-05      2.40011e-05      4.96732e-05      3.57226e-05       0.00150419
     -0.0030266                0     -7.93059e-07      7.99726e-06      1.31414e-05       2.6766e-05      2.23863e-05      2.60497e-05       0.00162338
    -0.00164012                0      3.43473e-06      3.90305e-06      6.29398e-06      1.34604e-05      1.12672e-05      1.32604e-05      1.71639e-05       0.00288163
    -0.00571634                0      -7.2279e-07       1.5018e-05      2.46542e-05      5.03435e-05      4.21076e-05      4.90284e-05      3.30425e-05      3.12519e-05       0.00165653
    -0.00335435                0      2.46466e-06      8.49065e-06      1.38486e-05      2.87611e-05      2.40629e-05        2.813e-05      1.69588e-05      8.68854e-06      3.19295e-05       0.00214439
    -0.00361061                0      2.34204e-06      9.17396e-06      1.49732e-05      3.10423e-05      2.59708e-05      3.03479e-05      1.83013e-05      9.36431e-06      3.44547e-05      1.96396e-05       0.00253464
     0.00355056                0     -6.64974e-06     -8.53696e-06     -1.37935e-05     -2.93515e-05      -2.4567e-05     -2.88803e-05     -1.73417e-05     -9.04085e-06     -3.26818e-05     -2.34266e-05     -7.59707e-06       0.00179934
              0                0                0                0                0                0                0                0                0                0                0                0                0                0                0
              0                0                0                0                0                0                0                0                0                0                0                0                0                0                0                0
              0                0                0                0                0                0                0                0                0                0                0                0                0                0                0                0                0
              0                0                0                0                0                0                0                0                0                0                0                0                0                0                0                0                0                0
              0                0                0                0                0                0                0                0                0                0                0                0                0                0                0                0                0                0                0
              0                0                0                0                0                0                0                0                0                0                0                0                0                0                0                0                0                0                0                0
              0                0                0                0                0                0                0                0                0                0                0                0                0                0                0                0                0                0                0                0                0
     0.00618471                0     -1.79625e-05     -3.49426e-05      2.63855e-06      5.28567e-06     -5.39921e-05     -4.26452e-05     -2.92461e-05     -1.55021e-05     -5.51676e-05     -3.21134e-05     -3.45946e-05      3.36297e-05                0                0                0                0                0                0                0      0.000120569
     0.00678472                0     -1.71382e-05     -1.58194e-05     -2.54092e-05     -5.48903e-05     -4.59542e-05     -5.42056e-05     -1.87488e-05      4.84972e-05     -3.70045e-05      -3.5562e-05     -3.83182e-05      3.71291e-05                0                0                0                0                0                0                0      6.38655e-05      0.000168147
     0.00611969                0     -1.61432e-05     -1.41924e-05      -2.2772e-05     -4.93249e-05     -4.12967e-05     -4.87407e-05     -2.91843e-05      -1.5402e-05     -5.50376e-05     -2.89771e-05     -4.29888e-05     -0.000199953                0                0                0                0                0                0                0      5.75441e-05       6.3401e-05      0.000212692

Global correlation coefficients:

              1
              0                0
      -0.340996                0                1
     -0.0320264                0      -0.00720969                1
      -0.075585                0       -0.0262947     -0.000707272                1
      -0.174822                0      -0.00777012      -0.00232022         0.034111                1
      -0.117966                0      -0.00468107       0.00642881       0.00841508        0.0170707                1
      -0.160496                0       0.00388596       0.00520508        0.0169066        0.0358803        0.0207829                1
     -0.0919299                0      -0.00195395       0.00362741       0.00891066        0.0186106        0.0125368        0.0166703                1
     -0.0373909                0       0.00635173       0.00132877       0.00320319       0.00702462       0.00473599        0.0063692       0.00793571                1
      -0.171882                0      -0.00176292        0.0067434        0.0165489        0.0346521        0.0233441        0.0310597        0.0201495         0.014304                1
     -0.0886476                0       0.00528352       0.00335084       0.00817019        0.0173996         0.011725        0.0156627       0.00908938       0.00349523        0.0169411                1
     -0.0877674                0       0.00461802       0.00333015       0.00812519        0.0172735        0.0116397        0.0155424       0.00902223       0.00346496        0.0168148       0.00842407                1
       0.102435                0        -0.015562        -0.003678      -0.00888375       -0.0193847       -0.0130681       -0.0175547       -0.0101467      -0.00397039         -0.01893       -0.0119262      -0.00355739                1
              0                0                0                0                0                0                0                0                0                0                0                0                0                0                0
              0                0                0                0                0                0                0                0                0                0                0                0                0                0                0                0
              0                0                0                0                0                0                0                0                0                0                0                0                0                0                0                0                0
              0                0                0                0                0                0                0                0                0                0                0                0                0                0                0                0                0                0
              0                0                0                0                0                0                0                0                0                0                0                0                0                0                0                0                0                0                0
              0                0                0                0                0                0                0                0                0                0                0                0                0                0                0                0                0                0                0                0
              0                0                0                0                0                0                0                0                0                0                0                0                0                0                0                0                0                0                0                0                0
       0.689306                0        -0.162393        -0.058157       0.00656485        0.0134855         -0.11095        -0.100138       -0.0661059       -0.0262999        -0.123443       -0.0631563       -0.0625796        0.0722018                0                0                0                0                0                0                0                1
       0.640321                0        -0.131202       -0.0222951       -0.0535332        -0.118587       -0.0799642        -0.107782       -0.0358854        0.0696711       -0.0701149       -0.0592228       -0.0586952        0.0675014                0                0                0                0                0                0                0         0.448542                1
       0.513529                0        -0.109884       -0.0177847       -0.0426583       -0.0947494       -0.0638933       -0.0861717       -0.0496666       -0.0196736       -0.0927224        -0.042907       -0.0585494        -0.323218                0                0                0                0                0                0                0         0.359341         0.335255                1
