************************************** from B&S bhabhas with interference
VariableMetricBuilder: no improvement
Minuit succeeded.
Hesse succeeded.
1s Istvan's B_mm:  f(area, rmsbeam, back, jan16, jan30, feb06, feb13, feb20, feb27, mar06, mar13, apr08, apr09, apr10, fullgam, yint, phi, btautau, tauyint, tauphi, twophofrac, rjan, rfeb, rapr2) is <function u1fit at 0xb6c019cc>, with up = 1

Minuit succeeded.
Hesse succeeded.
Minos has not been executed.

fval = 318.639660473, edm = 1.26130171299e-05, ncalls = 888

    area = 320.638050883 +/- 0.644478661334, no limits
    rmsbeam = 3.79 +/- 0.1, no limits
    back = 9.44288317554 +/- 0.0100152498819, no limits
    jan16 = 0.545093053366 +/- 0.0547140929478, no limits
    jan30 = 0.683142377305 +/- 0.037566213398, no limits
    feb06 = 0.100969507337 +/- 0.0354431919369, no limits
    feb13 = 0.171411161441 +/- 0.0438080240552, no limits
    feb20 = 0.135004558715 +/- 0.0321004204183, no limits
    feb27 = 0.331276216032 +/- 0.0410685727712, no limits
    mar06 = 0.530013326046 +/- 0.0467864739873, no limits
    mar13 = 0.432391235432 +/- 0.0351572675024, no limits
    apr08 = 0.73002521413 +/- 0.0474010606397, no limits
    apr09 = 0.719446665292 +/- 0.050308839515, no limits
    apr10 = 0.897115122355 +/- 0.0487705303368, no limits
    fullgam = 0.053 +/- 0.1, no limits
    yint = 0.056 +/- 0.1, no limits
    phi = 0.0 +/- 0.1, no limits
    btautau = 0.0249 +/- 0.1, no limits
    tauyint = 0.195428917617 +/- 0.1, no limits
    tauphi = 0.0 +/- 0.1, no limits
    twophofrac = 0.0792 +/- 0.1, no limits
    rjan = 3.79940088105 +/- 0.00899824751528, no limits
    rfeb = 3.78912348425 +/- 0.00755866857277, no limits
    rapr2 = 3.68943258483 +/- 0.0164269188737, no limits

Covariance matrix:

       0.420642
              0                0
    -0.00224163                0      0.000100244
   -0.000512252                0     -6.08239e-06       0.00299262
     -0.0033469                0     -5.81227e-06      7.63739e-06       0.00139495
    -0.00394267                0     -5.08068e-06     -7.00235e-06      3.51893e-05       0.00125842
    -0.00212668                0     -7.15045e-06      6.39677e-06      2.23032e-05      2.02194e-05       0.00192576
     0.00360998                0     -2.18775e-05     -3.83441e-05     -3.55414e-05      5.71808e-05     -2.99885e-05       0.00122254
    -0.00218723                0     -2.89015e-06      4.11528e-06      2.12988e-05      2.47991e-05      1.41031e-05     -1.83361e-05       0.00166171
     0.00238289                0     -8.62784e-06     -3.30811e-06       -2.005e-05     -2.35376e-05     -1.28995e-05      2.03284e-05       8.3351e-06       0.00235554
    0.000158179                0     -1.24538e-05      9.66146e-07      1.85107e-06      1.94832e-06      1.63081e-06       1.7046e-06      1.53535e-05      0.000208407       0.00128659
    -0.00284524                0      1.63506e-06      4.81494e-06      2.62615e-05      3.06656e-05      1.72167e-05     -2.40136e-05       1.7023e-05     -1.67416e-05      7.08878e-07       0.00221902
    -0.00225211                0     -6.67229e-07      4.00696e-06      2.13123e-05      2.48526e-05      1.40382e-05      -1.8949e-05      1.37974e-05      -1.3342e-05      8.19025e-07      1.87735e-05       0.00253119
   -0.000722967                0       5.1528e-06      7.50672e-07      5.40421e-06      6.39219e-06      3.38302e-06     -6.24342e-06      3.54506e-06     -4.03558e-06     -4.42818e-07      6.17171e-05      2.61004e-05       0.00237972
              0                0                0                0                0                0                0                0                0                0                0                0                0                0                0
              0                0                0                0                0                0                0                0                0                0                0                0                0                0                0                0
              0                0                0                0                0                0                0                0                0                0                0                0                0                0                0                0                0
              0                0                0                0                0                0                0                0                0                0                0                0                0                0                0                0                0                0
              0                0                0                0                0                0                0                0                0                0                0                0                0                0                0                0                0                0                0
              0                0                0                0                0                0                0                0                0                0                0                0                0                0                0                0                0                0                0                0
              0                0                0                0                0                0                0                0                0                0                0                0                0                0                0                0                0                0                0                0                0
     0.00287797                0     -1.00454e-05     -2.05421e-05     -2.79475e-05      1.50065e-05     -2.15888e-05       0.00012794     -1.58364e-05      1.65473e-05      3.86419e-07     -2.02774e-05     -1.61678e-05     -4.86852e-06                0                0                0                0                0                0                0      6.99049e-05
     0.00230964                0     -6.93633e-06     -3.34877e-06     -1.98157e-05     -2.32356e-05     -1.28016e-05      1.96609e-05     -3.35387e-06      0.000152492      9.29308e-05     -1.64455e-05     -1.31365e-05     -3.89053e-06                0                0                0                0                0                0                0      1.61241e-05      7.50607e-05
     0.00480937                0     -1.37764e-05     -7.03974e-06     -4.14411e-05     -4.85806e-05     -2.67964e-05        4.092e-05     -2.69601e-05       2.7791e-05      2.49884e-07     -6.38807e-05     -3.90594e-05     -0.000422078                0                0                0                0                0                0                0      3.36154e-05      2.71282e-05      0.000270984

Global correlation coefficients:

              1
              0                0
      -0.345207                0                1
     -0.0144378                0        -0.011105                1
      -0.138168                0       -0.0155431         0.003738                1
      -0.171364                0       -0.0143047      -0.00360832        0.0265594                1
     -0.0747212                0       -0.0162744       0.00266461        0.0136077        0.0129884                1
        0.15919                0       -0.0624938       -0.0200466       -0.0272159        0.0461005       -0.0195444                1
     -0.0827295                0      -0.00708134       0.00184543        0.0139893        0.0171493       0.00788382       -0.0128646                1
      0.0757011                0       -0.0177553      -0.00124597       -0.0110609       -0.0136711      -0.00605657        0.0119792       0.00421298                1
     0.00679941                0       -0.0346779      0.000492375       0.00138173       0.00153118       0.00103605       0.00135916        0.0105005         0.119715                1
     -0.0931283                0       0.00346677       0.00186846        0.0149265        0.0183509        0.0083285       -0.0145796       0.00886497      -0.00732269      0.000419536                1
     -0.0690194                0       -0.0013246       0.00145588         0.011342         0.013925       0.00635841       -0.0107719       0.00672758      -0.00546404      0.000453852       0.00792138                1
     -0.0228507                0          0.01055      0.000281294       0.00296613        0.0036938        0.0015803      -0.00366039       0.00178272      -0.00170451      -0.00025307        0.0268573        0.0106346                1
              0                0                0                0                0                0                0                0                0                0                0                0                0                0                0
              0                0                0                0                0                0                0                0                0                0                0                0                0                0                0                0
              0                0                0                0                0                0                0                0                0                0                0                0                0                0                0                0                0
              0                0                0                0                0                0                0                0                0                0                0                0                0                0                0                0                0                0
              0                0                0                0                0                0                0                0                0                0                0                0                0                0                0                0                0                0                0
              0                0                0                0                0                0                0                0                0                0                0                0                0                0                0                0                0                0                0                0
              0                0                0                0                0                0                0                0                0                0                0                0                0                0                0                0                0                0                0                0                0
       0.530733                0        -0.120001       -0.0449122       -0.0894972        0.0505957         -0.05884         0.437645        -0.046465        0.0407783        0.0012885       -0.0514846       -0.0384358       -0.0119366                0                0                0                0                0                0                0                1
       0.411038                0        -0.079964      -0.00706566       -0.0612384       -0.0756021        -0.033671         0.064903      -0.00949649         0.362657         0.299042       -0.0402958       -0.0301378      -0.00920534                0                0                0                0                0                0                0         0.222596                1
       0.450465                0       -0.0835863      -0.00781734        -0.067403       -0.0831914        -0.037094        0.0710939       -0.0401766        0.0347846        0.0004232       -0.0823792        -0.047162        -0.525603                0                0                0                0                0                0                0         0.244238         0.190214                1
Minuit succeeded.
Hesse succeeded.
2s Jean's B_tt:  f(area, rmsbeam, back, may29, jun11, jun12, jul10, jul24, aug07, fullgam, yint, phi, btautau, tauyint, tauphi, twophofrac, u1area) is <function u2fit at 0xb6d7ea74>, with up = 1

Minuit succeeded.
Hesse succeeded.
Minos has not been executed.

fval = 111.185125672, edm = 3.26827532716e-07, ncalls = 365

    area = 131.06339328 +/- 1.27680761243, no limits
    rmsbeam = 4.1300558447 +/- 0.0639128887293, no limits
    back = 9.39896023655 +/- 0.00722105147047, no limits
    may29 = -1.05792628514 +/- 0.10917133208, no limits
    jun11 = -0.939031113382 +/- 0.0683415714877, no limits
    jun12 = -0.863775543079 +/- 0.0803524750399, no limits
    jul10 = -0.548135615772 +/- 0.0584449456045, no limits
    jul24 = -0.556989826814 +/- 0.0917731256059, no limits
    aug07 = -0.42597484465 +/- 0.0899122983629, no limits
    fullgam = 0.043 +/- 0.1, no limits
    yint = 0.0772 +/- 0.1, no limits
    phi = 0.0 +/- 0.1, no limits
    btautau = 0.0203 +/- 0.1, no limits
    tauyint = 0.23971330289 +/- 0.1, no limits
    tauphi = 0.0 +/- 0.1, no limits
    twophofrac = 0.0792 +/- 0.1, no limits
    u1area = 320.638050883 +/- 0.1, no limits

Covariance matrix:

        1.24535
      0.0493336       0.00269494
   -0.000883329     -9.05691e-06      5.21284e-05
     0.00620404      0.000535123     -1.70064e-06       0.00642786
      -0.023039     -0.000789691     -1.16488e-05     -6.19822e-05       0.00458507
     -0.0124209     -0.000531026     -3.54769e-06     -7.54929e-05      0.000230331       0.00640986
      -0.010913     -0.000254571     -7.39043e-06      1.82116e-05      0.000245037      0.000104129       0.00342215
     -0.0158054     -0.000328482     -7.54289e-06       4.1831e-05       0.00036045      0.000148313      0.000222246       0.00841688
    -0.00112221     -0.000304833     -2.14954e-06     -0.000108224     -2.64156e-05      2.35564e-05     -5.52577e-05     -9.39556e-05       0.00806418
              0                0                0                0                0                0                0                0                0                0
              0                0                0                0                0                0                0                0                0                0                0
              0                0                0                0                0                0                0                0                0                0                0                0
              0                0                0                0                0                0                0                0                0                0                0                0                0
              0                0                0                0                0                0                0                0                0                0                0                0                0                0
              0                0                0                0                0                0                0                0                0                0                0                0                0                0                0
              0                0                0                0                0                0                0                0                0                0                0                0                0                0                0                0
              0                0                0                0                0                0                0                0                0                0                0                0                0                0                0                0                0

Global correlation coefficients:

              1
       0.851574                1
      -0.109633        -0.024164                1
      0.0693419         0.128572      -0.00293793                1
      -0.304891        -0.224651       -0.0238271       -0.0114172                1
      -0.139022        -0.127767      -0.00613741       -0.0117611        0.0424869                1
      -0.167166       -0.0838272       -0.0174978       0.00388298        0.0618598        0.0222329                1
      -0.154378       -0.0689701       -0.0113874       0.00568708        0.0580224         0.020192        0.0414103                1
     -0.0111982       -0.0653894      -0.00331534       -0.0150317      -0.00434418       0.00327646       -0.0105187       -0.0114043                1
              0                0                0                0                0                0                0                0                0                0
              0                0                0                0                0                0                0                0                0                0                0
              0                0                0                0                0                0                0                0                0                0                0                0
              0                0                0                0                0                0                0                0                0                0                0                0                0
              0                0                0                0                0                0                0                0                0                0                0                0                0                0
              0                0                0                0                0                0                0                0                0                0                0                0                0                0                0
              0                0                0                0                0                0                0                0                0                0                0                0                0                0                0                0
              0                0                0                0                0                0                0                0                0                0                0                0                0                0                0                0                0
eigenvalues: 
-0.0290763
0.484596
0.588927
0.626063
0.685226
0.759087
0.855322
0.981238
1.00091
1.02655
1.09223
1.16553
1.26935
1.37935
1.49448
2.6202
matrix forced pos-def by adding 0.0316965 to diagonal
MnHesse: matrix is invalid!
MnHesse: matrix is not pos. def.!
MnHesse: matrix was forced pos. def.
FunctionMinimum is invalid.
Minuit failed because covariance is not accurate, and covariance is not positive definite.
Minuit succeeded.
Hesse succeeded.
3s Istvan's B_mm:  f(area, rmsbeam, back, nov28, dec05, dec12, dec19, dec26, jan02, jan09, fullgam, yint, phi, btautau, tauyint, tauphi, twophofrac, u1area, u2area, rnov28, rdec05, rdec12, rdec19, rdec26, rjan02, rjan09) is <function u3fit at 0xb6d7ea3c>, with up = 1

Minuit succeeded.
Hesse succeeded.
Minos has not been executed.

fval = 162.401902007, edm = 0.00339889564847, ncalls = 1252

    area = 87.9191105883 +/- 0.781808308488, no limits
    rmsbeam = 4.68 +/- 0.1, no limits
    back = 9.35186371268 +/- 0.0112263380998, no limits
    nov28 = -3.11144544598 +/- 0.167564082368, no limits
    dec05 = -3.71456062393 +/- 0.128916392724, no limits
    dec12 = -2.58411391626 +/- 0.162240165334, no limits
    dec19 = -2.5018393657 +/- 0.16922269349, no limits
    dec26 = -2.44389256642 +/- 0.11369887035, no limits
    jan02 = -2.6268077302 +/- 0.128417149003, no limits
    jan09 = -2.72076140369 +/- 0.116300150751, no limits
    fullgam = 0.0263 +/- 0.1, no limits
    yint = 0.0652 +/- 0.1, no limits
    phi = 0.0 +/- 0.1, no limits
    btautau = 0.0239 +/- 0.1, no limits
    tauyint = 0.203605859777 +/- 0.1, no limits
    tauphi = 0.0 +/- 0.1, no limits
    twophofrac = 0.0792 +/- 0.1, no limits
    u1area = 320.638050883 +/- 0.1, no limits
    u2area = 131.06339328 +/- 0.1, no limits
    rnov28 = 4.64229198929 +/- 0.066184439552, no limits
    rdec05 = 4.65143398642 +/- 0.0587859703767, no limits
    rdec12 = 4.63049112618 +/- 0.0529144460492, no limits
    rdec19 = 4.701125593 +/- 0.0738106021258, no limits
    rdec26 = 4.79570873936 +/- 0.100875095739, no limits
    rjan02 = 4.48516890393 +/- 0.0718617727974, no limits
    rjan09 = 4.65061190179 +/- 0.040981274958, no limits

Covariance matrix:

        0.57118
              0                0
    -0.00369126                0      0.000125545
     -0.0111332                0     -1.48795e-05        0.0280589
    -0.00381619                0     -1.72679e-05      0.000110186        0.0166106
       0.003196                0     -2.42798e-05     -5.91998e-05     -1.98584e-05        0.0264577
     -0.0143057                0      5.57609e-05      0.000310169      0.000110708     -7.87385e-05        0.0288294
    -0.00429458                0     -2.91113e-05      0.000132263      5.21405e-05     -2.20027e-05      0.000128078         0.012939
     -0.0254371                0      3.49142e-05      0.000606362      0.000223337     -0.000137716      0.000683806      0.000263658        0.0165056
     -0.0229741                0       4.6723e-05       0.00053468      0.000195449     -0.000124922      0.000612115      0.000229634       0.00115268        0.0133877
              0                0                0                0                0                0                0                0                0                0                0
              0                0                0                0                0                0                0                0                0                0                0                0
              0                0                0                0                0                0                0                0                0                0                0                0                0
              0                0                0                0                0                0                0                0                0                0                0                0                0                0
              0                0                0                0                0                0                0                0                0                0                0                0                0                0                0
              0                0                0                0                0                0                0                0                0                0                0                0                0                0                0                0
              0                0                0                0                0                0                0                0                0                0                0                0                0                0                0                0                0
              0                0                0                0                0                0                0                0                0                0                0                0                0                0                0                0                0                0
              0                0                0                0                0                0                0                0                0                0                0                0                0                0                0                0                0                0                0
      0.0269181                0     -0.000107406       0.00414671     -0.000207288      0.000148246     -0.000698197     -0.000239608      -0.00128351      -0.00114929                0                0                0                0                0                0                0                0                0       0.00428454
      0.0300026                0      -0.00010979     -0.000656611       0.00186136      0.000164879     -0.000781783     -0.000272613      -0.00144322      -0.00129092                0                0                0                0                0                0                0                0                0       0.00146898       0.00333331
      0.0279877                0     -9.90869e-05     -0.000615359     -0.000220715      4.83394e-05     -0.000730484     -0.000256168      -0.00135054      -0.00120756                0                0                0                0                0                0                0                0                0       0.00137251       0.00153776       0.00271002
      0.0322174                0      -0.00011847     -0.000704592     -0.000252253      0.000177072      -0.00354034     -0.000292416      -0.00154903      -0.00138564                0                0                0                0                0                0                0                0                0       0.00157704       0.00176651       0.00165082       0.00536402
      0.0167684                0     -0.000170892     -0.000273457     -8.62525e-05      9.60558e-05     -0.000397419       0.00170078      -0.00066716       -0.0006119                0                0                0                0                0                0                0                0                0      0.000749326      0.000829088      0.000771363      0.000890648        0.0101427
      0.0323397                0       -0.0001404     -0.000688925     -0.000244354      0.000178509     -0.000834724     -0.000281514      -0.00174806      -0.00136941                0                0                0                0                0                0                0                0                0       0.00156897       0.00175545       0.00163981       0.00188466      0.000907235       0.00533506
      0.0160811                0      -5.9147e-05     -0.000351681     -0.000125905      8.83846e-05     -0.000418921      -0.00014595     -0.000773172      0.000404361                0                0                0                0                0                0                0                0                0      0.000787162      0.000881731      0.000823985       0.00094657      0.000444569      0.000940704       0.00130512

Global correlation coefficients:

              1
              0                0
      -0.435902                0                1
     -0.0879427                0      -0.00792779                1
     -0.0391788                0       -0.0119577       0.00510385                1
      0.0259983                0        -0.013322      -0.00217274     -0.000947271                1
      -0.111482                0        0.0293098        0.0109055       0.00505905      -0.00285097                1
     -0.0499555                0       -0.0228408       0.00694147       0.00355657      -0.00118918       0.00663142                1
      -0.261978                0        0.0242542        0.0281761        0.0134881      -0.00659008        0.0313473        0.0180415                1
      -0.262723                0        0.0360394         0.027587        0.0131065       -0.0066376        0.0311574        0.0174475        0.0775423                1
              0                0                0                0                0                0                0                0                0                0                0
              0                0                0                0                0                0                0                0                0                0                0                0
              0                0                0                0                0                0                0                0                0                0                0                0                0
              0                0                0                0                0                0                0                0                0                0                0                0                0                0
              0                0                0                0                0                0                0                0                0                0                0                0                0                0                0
              0                0                0                0                0                0                0                0                0                0                0                0                0                0                0                0
              0                0                0                0                0                0                0                0                0                0                0                0                0                0                0                0                0
              0                0                0                0                0                0                0                0                0                0                0                0                0                0                0                0                0                0
              0                0                0                0                0                0                0                0                0                0                0                0                0                0                0                0                0                0                0
       0.544133                0        -0.146446         0.378195       -0.0245714        0.0139237       -0.0628215       -0.0321808        -0.152627        -0.151749                0                0                0                0                0                0                0                0                0                1
       0.687597                0        -0.169717       -0.0678945         0.250149        0.0175571       -0.0797501       -0.0415105        -0.194572        -0.193244                0                0                0                0                0                0                0                0                0          0.38871                1
       0.711369                0        -0.169875       -0.0705678       -0.0328967       0.00570871       -0.0826431         -0.04326        -0.201932        -0.200478                0                0                0                0                0                0                0                0                0         0.402787          0.51164                1
       0.582049                0        -0.144366       -0.0574324       -0.0267238        0.0148637        -0.284697       -0.0350999        -0.164626        -0.163513                0                0                0                0                0                0                0                0                0         0.328963         0.417767          0.43298                1
       0.220307                0        -0.151442       -0.0162098      -0.00664511        0.0058637        -0.023241         0.148464       -0.0515629        -0.052511                0                0                0                0                0                0                0                0                0         0.113669         0.142589         0.147128         0.120749                1
       0.585841                0        -0.171553       -0.0563076       -0.0259571         0.015025       -0.0673063       -0.0338828        -0.186282        -0.162035                0                0                0                0                0                0                0                0                0         0.328166         0.416276         0.431258         0.352304         0.123332                1
       0.588986                0         -0.14612        -0.058115       -0.0270412        0.0150409        -0.068295       -0.0355164        -0.166585        0.0967366                0                0                0                0                0                0                0                0                0          0.33288          0.42274         0.438135         0.357752         0.122191         0.356499                1
************************************** from gamgams
Minuit succeeded.
Hesse succeeded.
1s Istvan's B_mm:  f(area, rmsbeam, back, jan16, jan30, feb06, feb13, feb20, feb27, mar06, mar13, apr08, apr09, apr10, fullgam, yint, phi, btautau, tauyint, tauphi, twophofrac, rjan, rfeb, rapr2) is <function u1fit at 0xb6c01c6c>, with up = 1

Minuit succeeded.
Hesse succeeded.
Minos has not been executed.

fval = 238.159435139, edm = 7.12606928619e-06, ncalls = 830

    area = 313.637009814 +/- 2.14950470715, no limits
    rmsbeam = 3.79 +/- 0.1, no limits
    back = 9.43559745416 +/- 0.0217227086778, no limits
    jan16 = 0.447483471685 +/- 0.121672401976, no limits
    jan30 = 0.765372523555 +/- 0.0862607550644, no limits
    feb06 = 0.358113529886 +/- 0.0981432853276, no limits
    feb13 = 0.261409890398 +/- 0.103284647358, no limits
    feb20 = 0.33660228949 +/- 0.0972230839265, no limits
    feb27 = 0.314887053446 +/- 0.115083278424, no limits
    mar06 = 0.400776097563 +/- 0.117840025981, no limits
    mar13 = 0.775818998045 +/- 0.102597957105, no limits
    apr08 = 0.980945931108 +/- 0.118933057731, no limits
    apr09 = 0.645523325532 +/- 0.12426816224, no limits
    apr10 = 1.00673495696 +/- 0.0933476308309, no limits
    fullgam = 0.053 +/- 0.1, no limits
    yint = 0.056 +/- 0.1, no limits
    phi = 0.0 +/- 0.1, no limits
    btautau = 0.0249 +/- 0.1, no limits
    tauyint = 0.195428917617 +/- 0.1, no limits
    tauphi = 0.0 +/- 0.1, no limits
    twophofrac = 0.0792 +/- 0.1, no limits
    rjan = 3.75419964897 +/- 0.0300712801609, no limits
    rfeb = 3.75312784567 +/- 0.0396714955734, no limits
    rapr2 = 3.66833899028 +/- 0.0347324731159, no limits

Covariance matrix:

        4.17466
              0                0
     -0.0143317                0        0.0004694
    -0.00895627                0     -1.98357e-05        0.0147843
     0.00162325                0     -7.78891e-05     -7.84275e-05       0.00805345
     -0.0389463                0      4.99156e-06      4.45639e-06      0.000176749       0.00964921
     -0.0144372                0     -3.28789e-05      2.99105e-05      2.82902e-05      0.000182235        0.0106703
     -0.0288021                0       1.9416e-05      8.09613e-05     -1.47576e-05      0.000273553      0.000112933       0.00942273
     -0.0335441                0      5.76476e-06      8.51335e-05      5.78344e-06      0.000346448      0.000137467      0.000252117        0.0152795
   -0.000347853                0     -5.51821e-06       1.5543e-06      1.01995e-06      5.30127e-06      2.51993e-06      3.66929e-06      7.69051e-05        0.0140693
     -0.0342976                0      1.96515e-05        8.539e-05      3.54573e-06      0.000350017      0.000137857      0.000255179      0.000283357     -9.64908e-05        0.0104985
     -0.0222509                0       2.8972e-05      5.34447e-05     -4.91638e-07      0.000222107      8.62529e-05      0.000162482      0.000191134      2.61149e-06      0.000193875        0.0141319
     -0.0178501                0      4.86499e-06      4.50865e-05      2.76827e-06      0.000183808      7.27992e-05      0.000133821      0.000158115      2.38854e-06       0.00015982      0.000102173        0.0154429
      0.0282855                0     -4.39364e-05     -6.70838e-05      1.84809e-06     -0.000280168     -0.000108251     -0.000205204      -0.00024112     -3.20621e-06     -0.000244796     -0.000163666     -0.000255787       0.00845715
              0                0                0                0                0                0                0                0                0                0                0                0                0                0                0
              0                0                0                0                0                0                0                0                0                0                0                0                0                0                0                0
              0                0                0                0                0                0                0                0                0                0                0                0                0                0                0                0                0
              0                0                0                0                0                0                0                0                0                0                0                0                0                0                0                0                0                0
              0                0                0                0                0                0                0                0                0                0                0                0                0                0                0                0                0                0                0
              0                0                0                0                0                0                0                0                0                0                0                0                0                0                0                0                0                0                0                0
              0                0                0                0                0                0                0                0                0                0                0                0                0                0                0                0                0                0                0                0                0
      0.0363163                0     -9.51555e-05     -0.000213076      0.000245207     -8.07851e-05     -0.000100364     -0.000283253     -0.000299492     -3.49759e-06     -0.000305254     -0.000196897     -0.000159245      0.000249797                0                0                0                0                0                0                0      0.000689565
      0.0577811                0     -0.000129579     -0.000132243      1.06295e-05     -0.000560121     -0.000213319     -0.000411655     -0.000378057      0.000585533     -0.000635987     -0.000315735     -0.000256296      0.000400201                0                0                0                0                0                0                0      0.000507482        0.0016621
      0.0331158                0      -7.8876e-05     -7.52367e-05      6.88555e-06     -0.000319607     -0.000121354     -0.000235058     -0.000275153     -3.31545e-06     -0.000280195     -0.000174767     -4.14353e-05     -0.000857663                0                0                0                0                0                0                0      0.000290527      0.000464051       0.00115746

Global correlation coefficients:

              1
              0                0
      -0.323753                0                1
     -0.0360509                0      -0.00752968                1
     0.00885285                0       -0.0400603      -0.00718748                1
      -0.194048                0       0.00234541       0.00037311        0.0200502                1
     -0.0684042                0       -0.0146912       0.00238141        0.0030518        0.0179596                1
       -0.14522                0       0.00923209       0.00685945      -0.00169409        0.0286885        0.0112627                1
      -0.132816                0       0.00215256        0.0056643      0.000521364        0.0285324        0.0107661        0.0210116                1
    -0.00143532                0      -0.00214729       0.00010777       9.5819e-05      0.000454986      0.000205666      0.000318682       0.00524524                1
      -0.163829                0       0.00885241       0.00685398      0.000385612         0.034776        0.0130249        0.0256562        0.0223726      -0.00793937                1
     -0.0916089                0        0.0112488       0.00369747     -4.60845e-05        0.0190203         0.007024        0.0140805        0.0130072      0.000185205        0.0159169                1
     -0.0703016                0       0.00180695       0.00298388      0.000248229        0.0150575       0.00567117        0.0110936        0.0102933      0.000162044        0.0125517       0.00691627                1
       0.150536                0       -0.0220516      -0.00599936      0.000223934       -0.0310142       -0.0113954       -0.0229872       -0.0212113      -0.00029393       -0.0259794       -0.0149709       -0.0223822                1
              0                0                0                0                0                0                0                0                0                0                0                0                0                0                0
              0                0                0                0                0                0                0                0                0                0                0                0                0                0                0                0
              0                0                0                0                0                0                0                0                0                0                0                0                0                0                0                0                0
              0                0                0                0                0                0                0                0                0                0                0                0                0                0                0                0                0                0
              0                0                0                0                0                0                0                0                0                0                0                0                0                0                0                0                0                0                0
              0                0                0                0                0                0                0                0                0                0                0                0                0                0                0                0                0                0                0                0
              0                0                0                0                0                0                0                0                0                0                0                0                0                0                0                0                0                0                0                0                0
       0.676867                0        -0.167253       -0.0667339         0.104053       -0.0313182       -0.0370001        -0.111122       -0.0922664      -0.00112291        -0.113451        -0.063074       -0.0487993          0.10344                0                0                0                0                0                0                0                1
        0.69366                0        -0.146702       -0.0266774       0.00290531        -0.139864       -0.0506537         -0.10402       -0.0750195         0.121084        -0.152249       -0.0651469       -0.0505882         0.106742                0                0                0                0                0                0                0         0.474029                1
         0.4764                0        -0.107009       -0.0181876       0.00225525       -0.0956351       -0.0345311        -0.071176       -0.0654286     -0.000821586       -0.0803791       -0.0432122       -0.0098006        -0.274127                0                0                0                0                0                0                0         0.325196         0.334568                1
Minuit succeeded.
Hesse succeeded.
2s Jean's B_tt:  f(area, rmsbeam, back, may29, jun11, jun12, jul10, jul24, aug07, fullgam, yint, phi, btautau, tauyint, tauphi, twophofrac, u1area) is <function u2fit at 0xb6c01bfc>, with up = 1

Minuit succeeded.
Hesse succeeded.
Minos has not been executed.

fval = 62.8144494794, edm = 3.67606416998e-06, ncalls = 396

    area = 130.013545193 +/- 2.19113689278, no limits
    rmsbeam = 4.10830041948 +/- 0.0931606612282, no limits
    back = 9.41153610227 +/- 0.0154875807748, no limits
    may29 = -0.774915687099 +/- 0.203389194125, no limits
    jun11 = -0.808192015377 +/- 0.155358703444, no limits
    jun12 = -1.24221610039 +/- 0.179188426843, no limits
    jul10 = -0.509770326182 +/- 0.130493285696, no limits
    jul24 = -0.419806116061 +/- 0.219466121393, no limits
    aug07 = -0.162990488647 +/- 0.202349216133, no limits
    fullgam = 0.043 +/- 0.1, no limits
    yint = 0.0772 +/- 0.1, no limits
    phi = 0.0 +/- 0.1, no limits
    btautau = 0.0203 +/- 0.1, no limits
    tauyint = 0.23971330289 +/- 0.1, no limits
    tauphi = 0.0 +/- 0.1, no limits
    twophofrac = 0.0792 +/- 0.1, no limits
    u1area = 313.637009814 +/- 0.1, no limits

Covariance matrix:

        4.93918
       0.164181       0.00902128
    -0.00334406     -1.53573e-05      0.000239864
      0.0801409       0.00504533      4.53357e-06        0.0417645
     -0.0896047      -0.00223588     -6.42878e-05     -0.000954435        0.0241668
     -0.0676387      -0.00138922     -3.99884e-05     -0.000520975       0.00147323        0.0321218
     -0.0796921      -0.00262959     -3.36124e-05      -0.00127812        0.0015041       0.00113682        0.0175419
     -0.0640655     -0.000323811     -4.04508e-05      0.000170076       0.00162014       0.00137396       0.00109312        0.0481711
      0.0302792      1.60713e-05     -1.19754e-06      -0.00017154     -0.000784013     -0.000674687     -0.000511154     -0.000920449        0.0409455
              0                0                0                0                0                0                0                0                0                0
              0                0                0                0                0                0                0                0                0                0                0
              0                0                0                0                0                0                0                0                0                0                0                0
              0                0                0                0                0                0                0                0                0                0                0                0                0
              0                0                0                0                0                0                0                0                0                0                0                0                0                0
              0                0                0                0                0                0                0                0                0                0                0                0                0                0                0
              0                0                0                0                0                0                0                0                0                0                0                0                0                0                0                0
              0                0                0                0                0                0                0                0                0                0                0                0                0                0                0                0                0

Global correlation coefficients:

              1
       0.777786                1
     -0.0971547       -0.0104399                1
        0.17645         0.259927       0.00143237                1
      -0.259355        -0.151428       -0.0267016       -0.0300423                1
      -0.169812       -0.0816085       -0.0144063       -0.0142237        0.0528763                1
      -0.270738        -0.209034       -0.0163862       -0.0472204        0.0730518        0.0478908                1
      -0.131342       -0.0155333       -0.0119001       0.00379181        0.0474844        0.0349285        0.0376043                1
      0.0673309      0.000836207     -0.000382123      -0.00414818       -0.0249236       -0.0186037       -0.0190726       -0.0207254                1
              0                0                0                0                0                0                0                0                0                0
              0                0                0                0                0                0                0                0                0                0                0
              0                0                0                0                0                0                0                0                0                0                0                0
              0                0                0                0                0                0                0                0                0                0                0                0                0
              0                0                0                0                0                0                0                0                0                0                0                0                0                0
              0                0                0                0                0                0                0                0                0                0                0                0                0                0                0
              0                0                0                0                0                0                0                0                0                0                0                0                0                0                0                0
              0                0                0                0                0                0                0                0                0                0                0                0                0                0                0                0                0
Minuit succeeded.
Hesse succeeded.
3s Istvan's B_mm:  f(area, rmsbeam, back, nov28, dec05, dec12, dec19, dec26, jan02, jan09, fullgam, yint, phi, btautau, tauyint, tauphi, twophofrac, u1area, u2area, rnov28, rdec05, rdec12, rdec19, rdec26, rjan02, rjan09) is <function u3fit at 0xb6c01e9c>, with up = 1

Minuit succeeded.
Hesse succeeded.
Minos has not been executed.

fval = 148.815966146, edm = 8.50864795628e-06, ncalls = 694

    area = 84.4199346004 +/- 1.88903018599, no limits
    rmsbeam = 4.68 +/- 0.1, no limits
    back = 9.35098491408 +/- 0.0215316569455, no limits
    nov28 = -2.12731621997 +/- 0.393277901856, no limits
    dec05 = -3.98938487744 +/- 0.240947054469, no limits
    dec12 = -3.00169287704 +/- 0.344236299624, no limits
    dec19 = -1.97106072053 +/- 0.376066308556, no limits
    dec26 = -2.78239827539 +/- 0.204580356467, no limits
    jan02 = -2.44171028431 +/- 0.321440897231, no limits
    jan09 = -2.20162089514 +/- 0.344329075395, no limits
    fullgam = 0.0263 +/- 0.1, no limits
    yint = 0.0652 +/- 0.1, no limits
    phi = 0.0 +/- 0.1, no limits
    btautau = 0.0239 +/- 0.1, no limits
    tauyint = 0.203605859777 +/- 0.1, no limits
    tauphi = 0.0 +/- 0.1, no limits
    twophofrac = 0.0792 +/- 0.1, no limits
    u1area = 313.637009814 +/- 0.1, no limits
    u2area = 130.013545193 +/- 0.1, no limits
    rnov28 = 4.6662018267 +/- 0.148759279741, no limits
    rdec05 = 4.42397926125 +/- 0.133710268172, no limits
    rdec12 = 4.47894771608 +/- 0.128915535306, no limits
    rdec19 = 4.62865325174 +/- 0.170143204635, no limits
    rdec26 = 4.11718040179 +/- 0.190956873178, no limits
    rjan02 = 4.53894247347 +/- 0.150973047407, no limits
    rjan09 = 4.55835337125 +/- 0.12905701901, no limits

Covariance matrix:

        4.99526
              0                0
     -0.0234216                0      0.000594141
      -0.207406                0      0.000495658         0.197858
    0.000799964                0     -0.000180112      0.000140413        0.0827495
      -0.111857                0      0.000252038       0.00491259      8.12909e-05         0.129953
      0.0312296                0     -6.82208e-06      -0.00143411     -4.58348e-05     -0.000777844         0.136284
     -0.0366106                0     -0.000110095       0.00179748      9.67341e-05      0.000978298     -0.000310098        0.0437483
     -0.0731867                0     -9.47812e-05        0.0034699      0.000147749       0.00188519     -0.000583786      0.000791157        0.0812885
      -0.308287                0      0.000697764        0.0135364      0.000222904       0.00732399      -0.00214289       0.00269444       0.00519289         0.158839
              0                0                0                0                0                0                0                0                0                0                0
              0                0                0                0                0                0                0                0                0                0                0                0
              0                0                0                0                0                0                0                0                0                0                0                0                0
              0                0                0                0                0                0                0                0                0                0                0                0                0                0
              0                0                0                0                0                0                0                0                0                0                0                0                0                0                0
              0                0                0                0                0                0                0                0                0                0                0                0                0                0                0                0
              0                0                0                0                0                0                0                0                0                0                0                0                0                0                0                0                0
              0                0                0                0                0                0                0                0                0                0                0                0                0                0                0                0                0                0
              0                0                0                0                0                0                0                0                0                0                0                0                0                0                0                0                0                0                0
       0.301044                0     -0.000955065       -0.0234041     -0.000118004      -0.00699796       0.00201365      -0.00247191      -0.00482341       -0.0192839                0                0                0                0                0                0                0                0                0        0.0322573
       0.262887                0     -0.000879682       -0.0112627        0.0166606      -0.00608528       0.00174526      -0.00213203      -0.00417075       -0.0167692                0                0                0                0                0                0                0                0                0        0.0161758        0.0244151
       0.286276                0     -0.000920761       -0.0123013     -0.000107646      0.000232397       0.00191125      -0.00234335      -0.00457544       -0.0183186                0                0                0                0                0                0                0                0                0          0.01765        0.0153731        0.0246718
        0.27883                0     -0.000920876       -0.0119577     -9.60838e-05      -0.00646117       -0.0180649       -0.0022684      -0.00443468        -0.017805                0                0                0                0                0                0                0                0                0        0.0171682        0.0149557         0.016316        0.0370964
        0.11174                0     -0.000979454      -0.00419104      0.000183771      -0.00224593      0.000567276        0.0153599      -0.00122523      -0.00619289                0                0                0                0                0                0                0                0                0       0.00630481       0.00554863       0.00600732       0.00587371        0.0548567
       0.213316                0     -0.000798421      -0.00905561     -3.93093e-05      -0.00489021       0.00139177      -0.00168078       0.00231407       -0.0134765                0                0                0                0                0                0                0                0                0        0.0130458        0.0113733        0.0124006        0.0120681       0.00458194        0.0242374
       0.275806                0     -0.000874552       -0.0118638     -0.000108274      -0.00641154       0.00184497      -0.00226494      -0.00441945       -0.0177588                0                0                0                0                0                0                0                0                0        0.0170163          0.01482        0.0161707        0.0157293       0.00577583        0.0119523        0.0220284

Global correlation coefficients:

              1
              0                0
      -0.429925                0                1
      -0.208624                0        0.0457152                1
     0.00124425                0        -0.025687       0.00109736                1
      -0.138833                0        0.0286832        0.0306366       0.00078391                1
      0.0378499                0     -0.000758141      -0.00873342     -0.000431609      -0.00584491                1
     -0.0783153                0       -0.0215944        0.0193199       0.00160774        0.0129747      -0.00401603                1
      -0.114852                0       -0.0136384        0.0273606       0.00180147         0.018342      -0.00554648        0.0132668                1
      -0.346097                0        0.0718266        0.0763568       0.00194427        0.0509773       -0.0145647        0.0323229        0.0457001                1
              0                0                0                0                0                0                0                0                0                0                0
              0                0                0                0                0                0                0                0                0                0                0                0
              0                0                0                0                0                0                0                0                0                0                0                0                0
              0                0                0                0                0                0                0                0                0                0                0                0                0                0
              0                0                0                0                0                0                0                0                0                0                0                0                0                0                0
              0                0                0                0                0                0                0                0                0                0                0                0                0                0                0                0
              0                0                0                0                0                0                0                0                0                0                0                0                0                0                0                0                0
              0                0                0                0                0                0                0                0                0                0                0                0                0                0                0                0                0                0
              0                0                0                0                0                0                0                0                0                0                0                0                0                0                0                0                0                0                0
       0.749958                0        -0.218159        -0.292955      -0.00228403        -0.108085        0.0303703       -0.0658019       -0.0941944        -0.269404                0                0                0                0                0                0                0                0                0                1
       0.752768                0        -0.230968        -0.162045         0.370662        -0.108034        0.0302559       -0.0652355       -0.0936204        -0.269281                0                0                0                0                0                0                0                0                0         0.576397                1
       0.815465                0        -0.240492        -0.176065       -0.0023824       0.00410428        0.0329607       -0.0713273        -0.102169        -0.292626                0                0                0                0                0                0                0                0                0         0.625647         0.626371                1
       0.647731                0        -0.196151        -0.139574      -0.00173421       -0.0930577        -0.254066       -0.0563084       -0.0807573        -0.231951                0                0                0                0                0                0                0                0                0         0.496301          0.49695         0.539321                1
        0.21346                0        -0.171563       -0.0402282       0.00272759       -0.0266004       0.00656081         0.313541        -0.018348       -0.0663438                0                0                0                0                0                0                0                0                0          0.14988         0.151615         0.163292         0.130206                1
       0.613057                0        -0.210399        -0.130767     -0.000877748       -0.0871348        0.0242161       -0.0516163        0.0521339        -0.217198                0                0                0                0                0                0                0                0                0         0.466568         0.467534         0.507107         0.402466         0.125659                1
       0.831446                0        -0.241741        -0.179703        -0.002536        -0.119834        0.0336726       -0.0729601        -0.104439        -0.300224                0                0                0                0                0                0                0                0                0         0.638351         0.639041         0.693644          0.55024         0.166153         0.517272                1
