************************ 0.2 0.0 ... GO!
Minuit succeeded.
remember: chi^2 first, then area
************************ 241.119079233 323.928883599
************************ 0.2 22.5 ... GO!
Minuit succeeded.
remember: chi^2 first, then area
************************ 240.991270345 323.531728051
************************ 0.2 45.0 ... GO!
eigenvalues: 
-0.986167
0.326682
0.525253
0.817574
0.875767
1
1
1
1
1
1
1.00198
1.06824
1.36408
1.91362
3.09297
matrix forced pos-def by adding 0.989259 to diagonal
MnHesse: matrix is invalid!
MnHesse: matrix is not pos. def.!
MnHesse: matrix was forced pos. def.
FunctionMinimum is invalid.
Minuit failed because covariance is not accurate, and covariance is not positive definite.
Minuit succeeded.
remember: chi^2 first, then area
************************ 240.698137136 323.247137423
************************ 0.2 67.5 ... GO!
Minuit succeeded.
remember: chi^2 first, then area
************************ 240.380523113 323.105197133
************************ 0.2 90.0 ... GO!
Minuit succeeded.
remember: chi^2 first, then area
************************ 240.179641964 323.140663426
************************ 0.2 112.5 ... GO!
VariableMetricBuilder: no improvement
Minuit succeeded.
remember: chi^2 first, then area
************************ 240.161228307 323.343744437
************************ 0.2 135.0 ... GO!
VariableMetricBuilder: no improvement
VariableMetricBuilder: finishes without convergence.
VariableMetricBuilder: edm= 0.000913406 requested: 1e-05
FunctionMinimum is invalid.
Minuit failed because the function is above maximum EDM.
Minuit succeeded.
remember: chi^2 first, then area
************************ 240.285679841 323.682593468
************************ 0.2 157.5 ... GO!
Minuit succeeded.
remember: chi^2 first, then area
************************ 240.43826646 324.108176268
************************ 0.2 180.0 ... GO!
VariableMetricBuilder: no improvement
VariableMetricBuilder: finishes without convergence.
VariableMetricBuilder: edm= 0.000116522 requested: 1e-05
FunctionMinimum is invalid.
Minuit failed because the function is above maximum EDM.
Minuit succeeded.
remember: chi^2 first, then area
************************ 240.502474496 324.526125379
************************ 0.2 202.5 ... GO!
VariableMetricBuilder: no improvement
eigenvalues: 
-0.747153
0.314343
0.540702
0.800033
0.876208
1
1
1
1
1
1
1.00092
1.09112
1.37201
1.93181
2.82002
matrix forced pos-def by adding 0.749973 to diagonal
MnHesse: matrix is invalid!
MnHesse: matrix is not pos. def.!
MnHesse: matrix was forced pos. def.
FunctionMinimum is invalid.
Minuit failed because covariance is not accurate, and covariance is not positive definite.
Minuit succeeded.
remember: chi^2 first, then area
************************ 240.427171963 324.951137091
************************ 0.2 225.0 ... GO!
Minuit succeeded.
remember: chi^2 first, then area
************************ 240.271735336 325.248721192
************************ 0.2 247.5 ... GO!
VariableMetricBuilder: no improvement
VariableMetricBuilder: finishes without convergence.
VariableMetricBuilder: edm= 0.0027655 requested: 1e-05
FunctionMinimum is invalid.
Minuit failed because the function is above maximum EDM.
VariableMetricBuilder: no improvement
VariableMetricBuilder: finishes without convergence.
VariableMetricBuilder: edm= 0.000262279 requested: 1e-05
FunctionMinimum is invalid.
Minuit failed because the function is above maximum EDM.
remember: chi^2 first, then area
************************ FAILED!
************************ 0.2 270.0 ... GO!
Minuit succeeded.
remember: chi^2 first, then area
************************ 240.192047497 325.352903607
************************ 0.2 292.5 ... GO!
Minuit succeeded.
remember: chi^2 first, then area
************************ 240.411579049 325.145164966
************************ 0.2 315.0 ... GO!
Minuit succeeded.
remember: chi^2 first, then area
************************ 240.735821038 324.803252567
************************ 0.2 337.5 ... GO!
Minuit succeeded.
remember: chi^2 first, then area
************************ 241.01716983 324.375901851
************************ 0.4 0.0 ... GO!
Minuit succeeded.
remember: chi^2 first, then area
************************ 243.293899874 323.612463446
************************ 0.4 22.5 ... GO!
VariableMetricBuilder: no improvement
VariableMetricBuilder: finishes without convergence.
VariableMetricBuilder: edm= 0.00159173 requested: 1e-05
eigenvalues: 
-6.42359
0.0279976
0.344671
0.816333
0.877946
1
1
1
1
1
1
1.00222
1.06883
1.68119
2.02608
8.57833
matrix forced pos-def by adding 6.43217 to diagonal
MnHesse: matrix is invalid!
MnHesse: matrix is not pos. def.!
MnHesse: matrix was forced pos. def.
FunctionMinimum is invalid.
Minuit failed because covariance is not accurate, covariance is not positive definite, and the function is above maximum EDM.
VariableMetricBuilder: matrix not pos.def.
gdel > 0: 0.00138371
negative or zero diagonal element 0 in covariance matrix
negative or zero diagonal element 2 in covariance matrix
negative or zero diagonal element 5 in covariance matrix
negative or zero diagonal element 6 in covariance matrix
negative or zero diagonal element 8 in covariance matrix
negative or zero diagonal element 12 in covariance matrix
negative or zero diagonal element 13 in covariance matrix
negative or zero diagonal element 14 in covariance matrix
negative or zero diagonal element 15 in covariance matrix
added 1.07875 to diagonal of error matrix
gdel: 0.00138371
eigenvalues: 
-0.0181854
0.276939
0.623476
0.823922
0.886266
1
1
1
1
1
1
1.00226
1.06994
1.45951
1.82435
2.05153
matrix forced pos-def by adding 0.0202369 to diagonal
MnHesse: matrix is invalid!
MnHesse: matrix is not pos. def.!
MnHesse: matrix was forced pos. def.
FunctionMinimum is invalid.
Minuit failed because covariance is not accurate, and covariance is not positive definite.
remember: chi^2 first, then area
************************ FAILED!
************************ 0.4 45.0 ... GO!
Minuit succeeded.
remember: chi^2 first, then area
************************ 241.798153798 322.246700272
************************ 0.4 67.5 ... GO!
Minuit succeeded.
remember: chi^2 first, then area
************************ 240.736879527 321.975760964
************************ 0.4 90.0 ... GO!
VariableMetricBuilder: no improvement
VariableMetricBuilder: finishes without convergence.
VariableMetricBuilder: edm= 0.000492915 requested: 1e-05
eigenvalues: 
-1.99946
0.285488
0.520281
0.80822
0.855932
1
1
1
1
1
1
1.00249
1.0804
1.38926
2.02545
4.03193
matrix forced pos-def by adding 2.00349 to diagonal
MnHesse: matrix is invalid!
MnHesse: matrix is not pos. def.!
MnHesse: matrix was forced pos. def.
FunctionMinimum is invalid.
Minuit failed because covariance is not accurate, covariance is not positive definite, and the function is above maximum EDM.
VariableMetricBuilder: no improvement
VariableMetricBuilder: finishes without convergence.
VariableMetricBuilder: edm= 0.00276236 requested: 1e-05
FunctionMinimum is invalid.
Minuit failed because the function is above maximum EDM.
remember: chi^2 first, then area
************************ FAILED!
************************ 0.4 112.5 ... GO!
Minuit succeeded.
remember: chi^2 first, then area
************************ 240.335524662 322.448438273
************************ 0.4 135.0 ... GO!
Minuit succeeded.
remember: chi^2 first, then area
************************ 241.030789946 323.121860245
************************ 0.4 157.5 ... GO!
VariableMetricBuilder: matrix not pos.def.
gdel > 0: 0.000389997
negative or zero diagonal element 5 in covariance matrix
negative or zero diagonal element 12 in covariance matrix
negative or zero diagonal element 13 in covariance matrix
negative or zero diagonal element 15 in covariance matrix
added 1.0013 to diagonal of error matrix
gdel: 0.000389997
Minuit succeeded.
remember: chi^2 first, then area
************************ 241.77344332 323.964911149
************************ 0.4 180.0 ... GO!
VariableMetricBuilder: no improvement
Minuit succeeded.
remember: chi^2 first, then area
************************ 242.073225951 324.865828439
************************ 0.4 202.5 ... GO!
Minuit succeeded.
remember: chi^2 first, then area
************************ 241.731478851 325.668542485
************************ 0.4 225.0 ... GO!
VariableMetricBuilder: no improvement
eigenvalues: 
-0.037536
0.269836
0.496823
0.80226
0.879151
1
1
1
1
1
1
1.00088
1.08704
1.39536
1.87388
2.23231
matrix forced pos-def by adding 0.0397683 to diagonal
MnHesse: matrix is invalid!
MnHesse: matrix is not pos. def.!
MnHesse: matrix was forced pos. def.
FunctionMinimum is invalid.
Minuit failed because covariance is not accurate, and covariance is not positive definite.
eigenvalues: 
-1.23362
0.2455
0.497282
0.808998
0.890322
1
1
1
1
1
1
1.0007
1.07362
1.38833
2.03155
3.29732
matrix forced pos-def by adding 1.23692 to diagonal
MnHesse: matrix is invalid!
MnHesse: matrix is not pos. def.!
MnHesse: matrix was forced pos. def.
FunctionMinimum is invalid.
Minuit failed because covariance is not accurate, and covariance is not positive definite.
remember: chi^2 first, then area
************************ FAILED!
************************ 0.4 247.5 ... GO!
Minuit succeeded.
remember: chi^2 first, then area
************************ 240.294070678 326.546685276
************************ 0.4 270.0 ... GO!
VariableMetricBuilder: matrix not pos.def.
gdel > 0: 7.64322e-05
negative or zero diagonal element 15 in covariance matrix
added 1.00002 to diagonal of error matrix
gdel: 7.64322e-05
Minuit succeeded.
remember: chi^2 first, then area
************************ 240.199076288 326.469922367
************************ 0.4 292.5 ... GO!
Minuit succeeded.
remember: chi^2 first, then area
************************ 240.842317645 326.058232678
************************ 0.4 315.0 ... GO!
Minuit succeeded.
remember: chi^2 first, then area
************************ 241.943635484 325.370649726
************************ 0.4 337.5 ... GO!
VariableMetricBuilder: no improvement
VariableMetricBuilder: finishes without convergence.
VariableMetricBuilder: edm= 0.00264746 requested: 1e-05
FunctionMinimum is invalid.
Minuit failed because the function is above maximum EDM.
Minuit succeeded.
remember: chi^2 first, then area
************************ 242.935694037 324.50417132
************************ 0.6 0.0 ... GO!
VariableMetricBuilder: no improvement
Minuit succeeded.
remember: chi^2 first, then area
************************ 246.701927014 323.293951848
************************ 0.6 22.5 ... GO!
Minuit succeeded.
remember: chi^2 first, then area
************************ 245.689912972 322.108928111
************************ 0.6 45.0 ... GO!
Minuit succeeded.
remember: chi^2 first, then area
************************ 243.475267891 321.2568141
************************ 0.6 67.5 ... GO!
VariableMetricBuilder: no improvement
VariableMetricBuilder: finishes without convergence.
VariableMetricBuilder: edm= 0.00064745 requested: 1e-05
FunctionMinimum is invalid.
Minuit failed because the function is above maximum EDM.
Minuit succeeded.
remember: chi^2 first, then area
************************ 241.251545677 320.850437571
************************ 0.6 90.0 ... GO!
Minuit succeeded.
remember: chi^2 first, then area
************************ 240.169297366 320.960240108
************************ 0.6 112.5 ... GO!
Minuit succeeded.
remember: chi^2 first, then area
************************ 240.704936996 321.560610341
************************ 0.6 135.0 ... GO!
VariableMetricBuilder: matrix not pos.def.
gdel > 0: 0.000419461
negative or zero diagonal element 13 in covariance matrix
added 1.00003 to diagonal of error matrix
gdel: 0.000419461
Minuit succeeded.
remember: chi^2 first, then area
************************ 242.41340196 322.563839069
************************ 0.6 157.5 ... GO!
VariableMetricBuilder: no improvement
VariableMetricBuilder: finishes without convergence.
VariableMetricBuilder: edm= 0.000574052 requested: 1e-05
eigenvalues: 
-0.567606
0.0297014
0.324408
0.728958
0.872006
1
1
1
1
1
1
1.00373
1.21951
1.67479
1.98906
2.72545
matrix forced pos-def by adding 0.570332 to diagonal
MnHesse: matrix is invalid!
MnHesse: matrix is not pos. def.!
MnHesse: matrix was forced pos. def.
FunctionMinimum is invalid.
Minuit failed because covariance is not accurate, covariance is not positive definite, and the function is above maximum EDM.
Minuit succeeded.
remember: chi^2 first, then area
************************ 244.189256431 323.818320703
************************ 0.6 180.0 ... GO!
VariableMetricBuilder: no improvement
eigenvalues: 
-0.457303
0.292891
0.518276
0.810117
0.84726
1
1
1
1
1
1
1.00148
1.08193
1.39928
1.90304
2.60303
matrix forced pos-def by adding 0.459906 to diagonal
MnHesse: matrix is invalid!
MnHesse: matrix is not pos. def.!
MnHesse: matrix was forced pos. def.
FunctionMinimum is invalid.
Minuit failed because covariance is not accurate, and covariance is not positive definite.
eigenvalues: 
-1.74593
0.246931
0.503383
0.808339
0.846519
1
1
1
1
1
1
1.00194
1.09013
1.43648
2.04794
3.76427
matrix forced pos-def by adding 1.74969 to diagonal
MnHesse: matrix is invalid!
MnHesse: matrix is not pos. def.!
MnHesse: matrix was forced pos. def.
FunctionMinimum is invalid.
Minuit failed because covariance is not accurate, and covariance is not positive definite.
remember: chi^2 first, then area
************************ FAILED!
************************ 0.6 202.5 ... GO!
VariableMetricBuilder: no improvement
eigenvalues: 
-1.59233
-0.211644
0.299285
0.711362
0.865138
1
1
1
1
1
1
1.0044
1.24396
1.65843
2.36221
3.65919
matrix forced pos-def by adding 1.59599 to diagonal
MnHesse: matrix is invalid!
MnHesse: matrix is not pos. def.!
MnHesse: matrix was forced pos. def.
FunctionMinimum is invalid.
Minuit failed because covariance is not accurate, and covariance is not positive definite.
VariableMetricBuilder: no improvement
eigenvalues: 
-0.0792089
0.163902
0.345686
0.71558
0.862008
1
1
1
1
1
1
1.00477
1.2333
1.56606
1.9028
2.2851
matrix forced pos-def by adding 0.081494 to diagonal
MnHesse: matrix is invalid!
MnHesse: matrix is not pos. def.!
MnHesse: matrix was forced pos. def.
FunctionMinimum is invalid.
Minuit failed because covariance is not accurate, and covariance is not positive definite.
remember: chi^2 first, then area
************************ FAILED!
************************ 0.6 225.0 ... GO!
VariableMetricBuilder: no improvement
VariableMetricBuilder: finishes without convergence.
VariableMetricBuilder: edm= 0.00853761 requested: 1e-05
FunctionMinimum is invalid.
Minuit failed because the function is above maximum EDM.
VariableMetricBuilder: matrix not pos.def.
gdel > 0: 9.12964e-05
negative or zero diagonal element 6 in covariance matrix
negative or zero diagonal element 13 in covariance matrix
added 1.00001 to diagonal of error matrix
gdel: 9.12964e-05
Minuit succeeded.
remember: chi^2 first, then area
************************ 242.286423602 327.275389957
************************ 0.6 247.5 ... GO!
Minuit succeeded.
remember: chi^2 first, then area
************************ 240.604851439 327.701816068
************************ 0.6 270.0 ... GO!
VariableMetricBuilder: no improvement
Minuit succeeded.
remember: chi^2 first, then area
************************ 240.206666128 327.591845604
************************ 0.6 292.5 ... GO!
Minuit succeeded.
remember: chi^2 first, then area
************************ 241.48204857 326.970207096
************************ 0.6 315.0 ... GO!
VariableMetricBuilder: no improvement
VariableMetricBuilder: finishes without convergence.
VariableMetricBuilder: edm= 0.000125283 requested: 1e-05
FunctionMinimum is invalid.
Minuit failed because the function is above maximum EDM.
Minuit succeeded.
remember: chi^2 first, then area
************************ 243.815072762 325.922094819
************************ 0.6 337.5 ... GO!
Minuit succeeded.
remember: chi^2 first, then area
************************ 245.94335729 324.634368659
************************ 0.8 0.0 ... GO!
Minuit succeeded.
remember: chi^2 first, then area
************************ 251.335353364 322.973965907
************************ 0.8 22.5 ... GO!
Minuit succeeded.
remember: chi^2 first, then area
************************ 249.554392381 321.400867222
************************ 0.8 45.0 ... GO!
Minuit succeeded.
remember: chi^2 first, then area
************************ 245.717217489 320.269421918
************************ 0.8 67.5 ... GO!
VariableMetricBuilder: no improvement
VariableMetricBuilder: finishes without convergence.
VariableMetricBuilder: edm= 0.00332958 requested: 1e-05
FunctionMinimum is invalid.
Minuit failed because the function is above maximum EDM.
VariableMetricBuilder: no improvement
VariableMetricBuilder: finishes without convergence.
VariableMetricBuilder: edm= 0.000429894 requested: 1e-05
FunctionMinimum is invalid.
Minuit failed because the function is above maximum EDM.
remember: chi^2 first, then area
************************ FAILED!
************************ 0.8 90.0 ... GO!
Minuit succeeded.
remember: chi^2 first, then area
************************ 240.164909989 319.879323611
************************ 0.8 112.5 ... GO!
Minuit succeeded.
remember: chi^2 first, then area
************************ 241.267086931 320.67029295
************************ 0.8 135.0 ... GO!
Minuit succeeded.
remember: chi^2 first, then area
************************ 244.427729306 322.005185904
************************ 0.8 157.5 ... GO!
Minuit succeeded.
remember: chi^2 first, then area
************************ 247.68192382 323.684879599
************************ 0.8 180.0 ... GO!
VariableMetricBuilder: no improvement
VariableMetricBuilder: finishes without convergence.
VariableMetricBuilder: edm= 0.000599722 requested: 1e-05
eigenvalues: 
-13.7095
0.250057
0.514387
0.807728
0.844408
1
1
1
1
1
1
1.00141
1.08842
1.41299
2.06945
15.7206
matrix forced pos-def by adding 13.7252 to diagonal
MnHesse: matrix is invalid!
MnHesse: matrix is not pos. def.!
MnHesse: matrix was forced pos. def.
FunctionMinimum is invalid.
Minuit failed because covariance is not accurate, covariance is not positive definite, and the function is above maximum EDM.
VariableMetricBuilder: no improvement
VariableMetricBuilder: finishes without convergence.
VariableMetricBuilder: edm= 0.000210124 requested: 1e-05
FunctionMinimum is invalid.
Minuit failed because the function is above maximum EDM.
remember: chi^2 first, then area
************************ FAILED!
************************ 0.8 202.5 ... GO!
Minuit succeeded.
remember: chi^2 first, then area
************************ 247.584415076 327.096394612
************************ 0.8 225.0 ... GO!
Minuit succeeded.
remember: chi^2 first, then area
************************ 244.238425874 328.292568218
************************ 0.8 247.5 ... GO!
Minuit succeeded.
remember: chi^2 first, then area
************************ 241.091623689 328.869824237
************************ 0.8 270.0 ... GO!
Minuit succeeded.
remember: chi^2 first, then area
************************ 240.214766797 328.724100382
************************ 0.8 292.5 ... GO!
eigenvalues: 
-0.35372
0.283739
0.438409
0.813535
0.860845
1
1
1
1
1
1
1.00484
1.07913
1.4809
1.89648
2.49583
matrix forced pos-def by adding 0.356216 to diagonal
MnHesse: matrix is invalid!
MnHesse: matrix is not pos. def.!
MnHesse: matrix was forced pos. def.
FunctionMinimum is invalid.
Minuit failed because covariance is not accurate, and covariance is not positive definite.
Minuit succeeded.
remember: chi^2 first, then area
************************ 242.333756306 327.890203558
************************ 0.8 315.0 ... GO!
Minuit succeeded.
remember: chi^2 first, then area
************************ 246.357463422 326.48536706
************************ 0.8 337.5 ... GO!
Minuit succeeded.
remember: chi^2 first, then area
************************ 250.041828305 324.760610433
************************ 1.0 0.0 ... GO!
Minuit succeeded.
remember: chi^2 first, then area
************************ 257.18534209 322.649403039
************************ 1.0 22.5 ... GO!
Minuit succeeded.
remember: chi^2 first, then area
************************ 254.410339837 320.692273031
************************ 1.0 45.0 ... GO!
Minuit succeeded.
remember: chi^2 first, then area
************************ 248.514601463 319.287883305
************************ 1.0 67.5 ... GO!
Minuit succeeded.
remember: chi^2 first, then area
************************ 242.741605344 318.630551357
************************ 1.0 90.0 ... GO!
Minuit succeeded.
remember: chi^2 first, then area
************************ 240.16099343 318.807976577
************************ 1.0 112.5 ... GO!
Minuit succeeded.
remember: chi^2 first, then area
************************ 242.017361472 319.78990087
************************ 1.0 135.0 ... GO!
Minuit succeeded.
remember: chi^2 first, then area
************************ 247.066724148 321.444676726
************************ 1.0 157.5 ... GO!
Minuit succeeded.
remember: chi^2 first, then area
************************ 252.249358147 323.542562141
************************ 1.0 180.0 ... GO!
VariableMetricBuilder: no improvement
Minuit succeeded.
remember: chi^2 first, then area
************************ 254.407209463 325.770479367
************************ 1.0 202.5 ... GO!
VariableMetricBuilder: no improvement
VariableMetricBuilder: finishes without convergence.
VariableMetricBuilder: edm= 0.00110931 requested: 1e-05
FunctionMinimum is invalid.
Minuit failed because the function is above maximum EDM.
Minuit succeeded.
remember: chi^2 first, then area
************************ 252.161590862 327.823005459
************************ 1.0 225.0 ... GO!
VariableMetricBuilder: no improvement
VariableMetricBuilder: finishes without convergence.
VariableMetricBuilder: edm= 0.0359234 requested: 1e-05
eigenvalues: 
-0.17663
0.291482
0.526033
0.710429
0.836373
1
1
1
1
1
1
1.00107
1.15963
1.42764
2.03951
2.18447
matrix forced pos-def by adding 0.178814 to diagonal
MnHesse: matrix is invalid!
MnHesse: matrix is not pos. def.!
MnHesse: matrix was forced pos. def.
FunctionMinimum is invalid.
Minuit failed because covariance is not accurate, covariance is not positive definite, and the function is above maximum EDM.
VariableMetricBuilder: no improvement
VariableMetricBuilder: finishes without convergence.
VariableMetricBuilder: edm= 0.000551123 requested: 1e-05
FunctionMinimum is invalid.
Minuit failed because the function is above maximum EDM.
remember: chi^2 first, then area
************************ FAILED!
************************ 1.0 247.5 ... GO!
eigenvalues: 
-0.500466
0.356113
0.717021
0.814338
0.859093
1
1
1
1
1
1
1.00146
1.07337
1.25137
1.81112
2.61657
matrix forced pos-def by adding 0.503082 to diagonal
MnHesse: matrix is invalid!
MnHesse: matrix is not pos. def.!
MnHesse: matrix was forced pos. def.
FunctionMinimum is invalid.
Minuit failed because covariance is not accurate, and covariance is not positive definite.
VariableMetricBuilder: no improvement
VariableMetricBuilder: finishes without convergence.
VariableMetricBuilder: edm= 0.000203518 requested: 1e-05
FunctionMinimum is invalid.
Minuit failed because the function is above maximum EDM.
remember: chi^2 first, then area
************************ FAILED!
************************ 1.0 270.0 ... GO!
VariableMetricBuilder: no improvement
Minuit succeeded.
remember: chi^2 first, then area
************************ 240.223506744 329.866451341
************************ 1.0 292.5 ... GO!
Minuit succeeded.
remember: chi^2 first, then area
************************ 243.401185686 328.811243471
************************ 1.0 315.0 ... GO!
Minuit succeeded.
remember: chi^2 first, then area
************************ 249.57671973 327.051247867
************************ 1.0 337.5 ... GO!
VariableMetricBuilder: matrix not pos.def.
gdel > 0: 0.000683374
eigenvalues: 
-0.229581
0.25572
0.48024
0.714448
0.891826
0.947092
0.972215
0.983245
0.99934
1.00772
1.009
1.01582
1.05602
1.136
1.64881
3.11207
matrix forced pos-def by adding 0.232693 to diagonal
gdel: -0.000112716
Minuit succeeded.
remember: chi^2 first, then area
************************ 255.232196012 324.880837627
************************ 1.2 0.0 ... GO!
Minuit succeeded.
remember: chi^2 first, then area
************************ 264.2442599 322.326288894
************************ 1.2 22.5 ... GO!
Minuit succeeded.
remember: chi^2 first, then area
************************ 260.243716229 319.983096321
************************ 1.2 45.0 ... GO!
Minuit succeeded.
remember: chi^2 first, then area
************************ 251.856254351 318.31081411
************************ 1.2 67.5 ... GO!
Minuit succeeded.
remember: chi^2 first, then area
************************ 243.710642319 317.530459537
************************ 1.2 90.0 ... GO!
Minuit succeeded.
remember: chi^2 first, then area
************************ 240.157600019 317.741175871
************************ 1.2 112.5 ... GO!
Minuit succeeded.
remember: chi^2 first, then area
************************ 242.954143587 318.912135478
************************ 1.2 135.0 ... GO!
VariableMetricBuilder: no improvement
Minuit succeeded.
remember: chi^2 first, then area
************************ 250.32407727 320.88889582
************************ 1.2 157.5 ... GO!
VariableMetricBuilder: matrix not pos.def.
gdel > 0: 0.450377
negative or zero diagonal element 0 in covariance matrix
negative or zero diagonal element 6 in covariance matrix
negative or zero diagonal element 13 in covariance matrix
negative or zero diagonal element 14 in covariance matrix
added 1.37099 to diagonal of error matrix
gdel: 0.450377
Minuit succeeded.
remember: chi^2 first, then area
************************ 257.930489189 323.264514818
************************ 1.2 180.0 ... GO!
Minuit succeeded.
remember: chi^2 first, then area
************************ 261.077650602 326.074493998
************************ 1.2 202.5 ... GO!
VariableMetricBuilder: no improvement
eigenvalues: 
-2.49788
0.251315
0.70887
0.767067
0.859624
1
1
1
1
1
1
1.00413
1.13826
1.29646
1.94581
4.52633
matrix forced pos-def by adding 2.5024 to diagonal
MnHesse: matrix is invalid!
MnHesse: matrix is not pos. def.!
MnHesse: matrix was forced pos. def.
FunctionMinimum is invalid.
Minuit failed because covariance is not accurate, and covariance is not positive definite.
VariableMetricBuilder: no improvement
VariableMetricBuilder: finishes without convergence.
VariableMetricBuilder: edm= 0.00162321 requested: 1e-05
eigenvalues: 
-2.41972
0.240223
0.703735
0.771792
0.866144
1
1
1
1
1
1
1.004
1.13468
1.31449
1.93882
4.44584
matrix forced pos-def by adding 2.42417 to diagonal
MnHesse: matrix is invalid!
MnHesse: matrix is not pos. def.!
MnHesse: matrix was forced pos. def.
FunctionMinimum is invalid.
Minuit failed because covariance is not accurate, covariance is not positive definite, and the function is above maximum EDM.
remember: chi^2 first, then area
************************ FAILED!
************************ 1.2 225.0 ... GO!
VariableMetricBuilder: no improvement
Minuit succeeded.
remember: chi^2 first, then area
************************ 250.090986446 330.350764599
************************ 1.2 247.5 ... GO!
VariableMetricBuilder: no improvement
VariableMetricBuilder: finishes without convergence.
VariableMetricBuilder: edm= 0.000788205 requested: 1e-05
FunctionMinimum is invalid.
Minuit failed because the function is above maximum EDM.
VariableMetricBuilder: no improvement
Minuit succeeded.
remember: chi^2 first, then area
************************ 242.607999118 331.235971568
************************ 1.2 270.0 ... GO!
VariableMetricBuilder: no improvement
VariableMetricBuilder: finishes without convergence.
VariableMetricBuilder: edm= 0.000281655 requested: 1e-05
FunctionMinimum is invalid.
Minuit failed because the function is above maximum EDM.
VariableMetricBuilder: no improvement
Minuit succeeded.
remember: chi^2 first, then area
************************ 240.232682525 331.017609095
************************ 1.2 292.5 ... GO!
Minuit succeeded.
remember: chi^2 first, then area
************************ 244.687429113 329.735724291
************************ 1.2 315.0 ... GO!
Minuit succeeded.
remember: chi^2 first, then area
************************ 253.479882526 327.614662994
************************ 1.2 337.5 ... GO!
Minuit succeeded.
remember: chi^2 first, then area
************************ 261.517868409 325.004727591
************************ 1.4 0.0 ... GO!
Minuit succeeded.
remember: chi^2 first, then area
************************ 272.504350384 321.997470306
************************ 1.4 22.5 ... GO!
Minuit succeeded.
remember: chi^2 first, then area
************************ 267.042035305 319.275149255
************************ 1.4 45.0 ... GO!
VariableMetricBuilder: matrix not pos.def.
gdel > 0: 4.97588e-05
eigenvalues: 
-0.762419
0.20036
0.552382
0.813917
0.89959
0.962629
0.970789
0.976832
0.979047
0.989558
0.992745
1.0335
1.04241
1.16316
1.34102
3.84448
matrix forced pos-def by adding 0.766264 to diagonal
gdel: -5.50636e-06
Minuit succeeded.
remember: chi^2 first, then area
************************ 255.731633504 317.338056292
************************ 1.4 67.5 ... GO!
Minuit succeeded.
remember: chi^2 first, then area
************************ 244.824800613 316.437312768
************************ 1.4 90.0 ... GO!
Minuit succeeded.
remember: chi^2 first, then area
************************ 240.154699864 316.683186127
************************ 1.4 112.5 ... GO!
VariableMetricBuilder: no improvement
Minuit succeeded.
remember: chi^2 first, then area
************************ 244.072894759 318.037780316
************************ 1.4 135.0 ... GO!
VariableMetricBuilder: matrix not pos.def.
gdel > 0: 0.000686519
negative or zero diagonal element 13 in covariance matrix
added 1.00001 to diagonal of error matrix
gdel: 0.000686519
Minuit succeeded.
remember: chi^2 first, then area
************************ 254.192778547 320.337518708
************************ 1.4 157.5 ... GO!
VariableMetricBuilder: no improvement
VariableMetricBuilder: finishes without convergence.
VariableMetricBuilder: edm= 0.0369763 requested: 1e-05
FunctionMinimum is invalid.
Minuit failed because the function is above maximum EDM.
Minuit succeeded.
remember: chi^2 first, then area
************************ 264.585892214 323.254318744
************************ 1.4 180.0 ... GO!
VariableMetricBuilder: no improvement
VariableMetricBuilder: finishes without convergence.
VariableMetricBuilder: edm= 0.368775 requested: 1e-05
FunctionMinimum is invalid.
Minuit failed because the function is above maximum EDM.
VariableMetricBuilder: no improvement
Minuit succeeded.
remember: chi^2 first, then area
************************ 269.028063277 326.372970615
************************ 1.4 202.5 ... GO!
VariableMetricBuilder: no improvement
VariableMetricBuilder: finishes without convergence.
VariableMetricBuilder: edm= 0.000799305 requested: 1e-05
eigenvalues: 
-1.89547
0.265883
0.49161
0.810429
0.849623
1
1
1
1
1
1
1.00181
1.07789
1.42726
2.04542
3.92555
matrix forced pos-def by adding 1.8994 to diagonal
MnHesse: matrix is invalid!
MnHesse: matrix is not pos. def.!
MnHesse: matrix was forced pos. def.
FunctionMinimum is invalid.
Minuit failed because covariance is not accurate, covariance is not positive definite, and the function is above maximum EDM.
VariableMetricBuilder: matrix not pos.def.
gdel > 0: 0.00103854
negative or zero diagonal element 6 in covariance matrix
negative or zero diagonal element 13 in covariance matrix
added 1.00062 to diagonal of error matrix
gdel: 0.00103854
Minuit succeeded.
remember: chi^2 first, then area
************************ 264.677989379 329.256766279
************************ 1.4 225.0 ... GO!
VariableMetricBuilder: no improvement
VariableMetricBuilder: finishes without convergence.
VariableMetricBuilder: edm= 0.00249888 requested: 1e-05
FunctionMinimum is invalid.
Minuit failed because the function is above maximum EDM.
VariableMetricBuilder: no improvement
Minuit succeeded.
remember: chi^2 first, then area
************************ 254.015623086 331.382771691
************************ 1.4 247.5 ... GO!
VariableMetricBuilder: no improvement
Minuit succeeded.
remember: chi^2 first, then area
************************ 243.645438179 332.421203728
************************ 1.4 270.0 ... GO!
VariableMetricBuilder: no improvement
Minuit succeeded.
remember: chi^2 first, then area
************************ 240.242453925 332.173584361
************************ 1.4 292.5 ... GO!
VariableMetricBuilder: no improvement
VariableMetricBuilder: finishes without convergence.
VariableMetricBuilder: edm= 0.000525 requested: 1e-05
FunctionMinimum is invalid.
Minuit failed because the function is above maximum EDM.
VariableMetricBuilder: matrix not pos.def.
gdel > 0: 0.000316226
negative or zero diagonal element 3 in covariance matrix
added 1.00006 to diagonal of error matrix
gdel: 0.000316226
Minuit succeeded.
remember: chi^2 first, then area
************************ 246.196165515 330.663885879
************************ 1.4 315.0 ... GO!
Minuit succeeded.
remember: chi^2 first, then area
************************ 258.073510393 328.17691037
************************ 1.4 337.5 ... GO!
Minuit succeeded.
remember: chi^2 first, then area
************************ 268.898870277 325.121319306
************************ 1.6 0.0 ... GO!
Minuit succeeded.
remember: chi^2 first, then area
************************ 281.956600825 321.67058177
************************ 1.6 22.5 ... GO!
Minuit succeeded.
remember: chi^2 first, then area
************************ 274.789914263 318.572206235
************************ 1.6 45.0 ... GO!
Minuit succeeded.
remember: chi^2 first, then area
************************ 260.130911852 316.369729623
************************ 1.6 67.5 ... GO!
Minuit succeeded.
remember: chi^2 first, then area
************************ 246.081002291 315.354042667
************************ 1.6 90.0 ... GO!
Minuit succeeded.
remember: chi^2 first, then area
************************ 240.152280193 315.63235633
************************ 1.6 112.5 ... GO!
VariableMetricBuilder: no improvement
Minuit succeeded.
remember: chi^2 first, then area
************************ 245.371673826 317.171603613
************************ 1.6 135.0 ... GO!
VariableMetricBuilder: matrix not pos.def.
gdel > 0: 0.000670067
negative or zero diagonal element 4 in covariance matrix
added 1.00051 to diagonal of error matrix
gdel: 0.000670067
Minuit succeeded.
remember: chi^2 first, then area
************************ 258.665527583 319.778620136
************************ 1.6 157.5 ... GO!
VariableMetricBuilder: no improvement
VariableMetricBuilder: finishes without convergence.
VariableMetricBuilder: edm= 0.0839645 requested: 1e-05
FunctionMinimum is invalid.
Minuit failed because the function is above maximum EDM.
VariableMetricBuilder: matrix not pos.def.
gdel > 0: 6.66308e-05
negative or zero diagonal element 4 in covariance matrix
negative or zero diagonal element 6 in covariance matrix
negative or zero diagonal element 13 in covariance matrix
added 1 to diagonal of error matrix
gdel: 6.66308e-05
Minuit succeeded.
remember: chi^2 first, then area
************************ 272.334611071 323.093192223
************************ 1.6 180.0 ... GO!
VariableMetricBuilder: matrix not pos.def.
gdel > 0: 0.00656076
negative or zero diagonal element 6 in covariance matrix
added 1.00044 to diagonal of error matrix
gdel: 0.00656076
Minuit succeeded.
remember: chi^2 first, then area
************************ 278.264097897 326.650832941
************************ 1.6 202.5 ... GO!
Minuit succeeded.
remember: chi^2 first, then area
************************ 272.635217415 329.96418158
************************ 1.6 225.0 ... GO!
VariableMetricBuilder: matrix not pos.def.
gdel > 0: 0.172834
negative or zero diagonal element 0 in covariance matrix
negative or zero diagonal element 4 in covariance matrix
negative or zero diagonal element 6 in covariance matrix
negative or zero diagonal element 12 in covariance matrix
negative or zero diagonal element 13 in covariance matrix
negative or zero diagonal element 14 in covariance matrix
added 3.24556 to diagonal of error matrix
gdel: 0.172834
Minuit succeeded.
remember: chi^2 first, then area
************************ 258.622831309 332.43510103
************************ 1.6 247.5 ... GO!
VariableMetricBuilder: no improvement
eigenvalues: 
-1.22297
0.259239
0.507059
0.809943
0.847886
1
1
1
1
1
1
1.0019
1.08778
1.43136
2.02337
3.25443
matrix forced pos-def by adding 1.22623 to diagonal
MnHesse: matrix is invalid!
MnHesse: matrix is not pos. def.!
MnHesse: matrix was forced pos. def.
FunctionMinimum is invalid.
Minuit failed because covariance is not accurate, and covariance is not positive definite.
Minuit succeeded.
remember: chi^2 first, then area
************************ 244.874115849 333.625376316
************************ 1.6 270.0 ... GO!
Minuit succeeded.
remember: chi^2 first, then area
************************ 240.25327419 333.337448039
************************ 1.6 292.5 ... GO!
VariableMetricBuilder: no improvement
VariableMetricBuilder: finishes without convergence.
VariableMetricBuilder: edm= 0.000650543 requested: 1e-05
FunctionMinimum is invalid.
Minuit failed because the function is above maximum EDM.
VariableMetricBuilder: no improvement
VariableMetricBuilder: finishes without convergence.
VariableMetricBuilder: edm= 0.000179355 requested: 1e-05
eigenvalues: 
-0.960021
0.285562
0.504796
0.814113
0.864849
1
1
1
1
1
1
1.00204
1.07335
1.39301
2.01457
3.00772
matrix forced pos-def by adding 0.963028 to diagonal
MnHesse: matrix is invalid!
MnHesse: matrix is not pos. def.!
MnHesse: matrix was forced pos. def.
FunctionMinimum is invalid.
Minuit failed because covariance is not accurate, covariance is not positive definite, and the function is above maximum EDM.
remember: chi^2 first, then area
************************ FAILED!
************************ 1.6 315.0 ... GO!
Minuit succeeded.
remember: chi^2 first, then area
************************ 263.364057565 328.739588201
************************ 1.6 337.5 ... GO!
VariableMetricBuilder: no improvement
Minuit succeeded.
remember: chi^2 first, then area
************************ 277.378246715 325.244065386
************************ 1.8 0.0 ... GO!
Minuit succeeded.
remember: chi^2 first, then area
************************ 292.592989316 321.337155892
************************ 1.8 22.5 ... GO!
Minuit succeeded.
remember: chi^2 first, then area
************************ 283.475484436 317.866495473
************************ 1.8 45.0 ... GO!
Minuit succeeded.
remember: chi^2 first, then area
************************ 265.044815194 315.409552575
************************ 1.8 67.5 ... GO!
Minuit succeeded.
remember: chi^2 first, then area
************************ 247.476256619 314.273215821
************************ 1.8 90.0 ... GO!
Minuit succeeded.
remember: chi^2 first, then area
************************ 240.150323441 314.587500059
************************ 1.8 112.5 ... GO!
VariableMetricBuilder: matrix not pos.def.
gdel > 0: 0.00305512
eigenvalues: 
-0.355141
0.264137
0.494043
0.787852
0.827908
0.932262
0.986038
0.995368
0.996911
1.00624
1.02868
1.06894
1.10469
1.23895
1.62921
2.99391
matrix forced pos-def by adding 0.358135 to diagonal
gdel: -0.000229348
VariableMetricBuilder: no improvement
VariableMetricBuilder: finishes without convergence.
VariableMetricBuilder: edm= 0.000172139 requested: 1e-05
eigenvalues: 
-0.0947687
0.277583
0.529915
0.812916
0.852072
1
1
1
1
1
1
1.00146
1.07761
1.39062
1.99477
2.15782
matrix forced pos-def by adding 0.0969266 to diagonal
MnHesse: matrix is invalid!
MnHesse: matrix is not pos. def.!
MnHesse: matrix was forced pos. def.
FunctionMinimum is invalid.
Minuit failed because covariance is not accurate, covariance is not positive definite, and the function is above maximum EDM.
VariableMetricBuilder: no improvement
VariableMetricBuilder: finishes without convergence.
VariableMetricBuilder: edm= 0.000260712 requested: 1e-05
eigenvalues: 
-0.0954576
0.27749
0.529911
0.812911
0.852071
1
1
1
1
1
1
1.00146
1.07763
1.39066
1.99632
2.15701
matrix forced pos-def by adding 0.0976146 to diagonal
MnHesse: matrix is invalid!
MnHesse: matrix is not pos. def.!
MnHesse: matrix was forced pos. def.
FunctionMinimum is invalid.
Minuit failed because covariance is not accurate, covariance is not positive definite, and the function is above maximum EDM.
remember: chi^2 first, then area
************************ FAILED!
************************ 1.8 135.0 ... GO!
VariableMetricBuilder: no improvement
VariableMetricBuilder: finishes without convergence.
VariableMetricBuilder: edm= 0.00242625 requested: 1e-05
FunctionMinimum is invalid.
Minuit failed because the function is above maximum EDM.
VariableMetricBuilder: no improvement
VariableMetricBuilder: finishes without convergence.
VariableMetricBuilder: edm= 0.00376524 requested: 1e-05
FunctionMinimum is invalid.
Minuit failed because the function is above maximum EDM.
remember: chi^2 first, then area
************************ FAILED!
************************ 1.8 157.5 ... GO!
VariableMetricBuilder: no improvement
VariableMetricBuilder: finishes without convergence.
VariableMetricBuilder: edm= 0.0013741 requested: 1e-05
eigenvalues: 
-9.6301
0.264963
0.541763
0.805073
0.836118
1
1
1
1
1
1
1.00141
1.09069
1.39429
2.06319
11.6326
matrix forced pos-def by adding 9.64173 to diagonal
MnHesse: matrix is invalid!
MnHesse: matrix is not pos. def.!
MnHesse: matrix was forced pos. def.
FunctionMinimum is invalid.
Minuit failed because covariance is not accurate, covariance is not positive definite, and the function is above maximum EDM.
VariableMetricBuilder: no improvement
eigenvalues: 
-3.4122
0.266032
0.541905
0.805357
0.83569
1
1
1
1
1
1
1.0011
1.09073
1.39408
2.05963
5.41768
matrix forced pos-def by adding 3.41762 to diagonal
MnHesse: matrix is invalid!
MnHesse: matrix is not pos. def.!
MnHesse: matrix was forced pos. def.
FunctionMinimum is invalid.
Minuit failed because covariance is not accurate, and covariance is not positive definite.
remember: chi^2 first, then area
************************ FAILED!
************************ 1.8 180.0 ... GO!
VariableMetricBuilder: matrix not pos.def.
gdel > 0: 0.00141518
eigenvalues: 
-0.0165874
0.235005
0.479477
0.65833
0.881811
0.941503
0.993145
0.997593
0.999691
1.01098
1.02163
1.03575
1.07868
1.19628
1.45865
3.02807
matrix forced pos-def by adding 0.0196155 to diagonal
gdel: -0.000274483
VariableMetricBuilder: matrix not pos.def.
gdel > 0: 0.000517268
negative or zero diagonal element 5 in covariance matrix
negative or zero diagonal element 13 in covariance matrix
added 1.00001 to diagonal of error matrix
gdel: 0.000517268
Minuit succeeded.
remember: chi^2 first, then area
************************ 288.814061362 326.956628645
************************ 1.8 202.5 ... GO!
VariableMetricBuilder: matrix not pos.def.
gdel > 0: 0.0391171
eigenvalues: 
-0.119383
0.275271
0.621619
0.747966
0.921067
0.952643
0.994099
1.00014
1.00178
1.00325
1.01207
1.02511
1.06276
1.09846
1.65022
2.75294
matrix forced pos-def by adding 0.122136 to diagonal
gdel: -0.00241012
VariableMetricBuilder: matrix not pos.def.
gdel > 0: 0.000444285
negative or zero diagonal element 5 in covariance matrix
negative or zero diagonal element 13 in covariance matrix
added 1 to diagonal of error matrix
gdel: 0.000444285
eigenvalues: 
-41.5708
0.286663
0.703455
0.804933
0.835595
1
1
1
1
1
1
1.00118
1.08656
1.27399
2.00751
43.5709
matrix forced pos-def by adding 41.6144 to diagonal
MnHesse: matrix is invalid!
MnHesse: matrix is not pos. def.!
MnHesse: matrix was forced pos. def.
FunctionMinimum is invalid.
Minuit failed because covariance is not accurate, and covariance is not positive definite.
Minuit succeeded.
remember: chi^2 first, then area
************************ 281.748001393 330.670295769
************************ 1.8 225.0 ... GO!
VariableMetricBuilder: no improvement
VariableMetricBuilder: finishes without convergence.
VariableMetricBuilder: edm= 0.00082126 requested: 1e-05
eigenvalues: 
-0.928912
0.291263
0.544536
0.811882
0.862413
1
1
1
1
1
1
1.00126
1.06364
1.38182
1.99786
2.97424
matrix forced pos-def by adding 0.931886 to diagonal
MnHesse: matrix is invalid!
MnHesse: matrix is not pos. def.!
MnHesse: matrix was forced pos. def.
FunctionMinimum is invalid.
Minuit failed because covariance is not accurate, covariance is not positive definite, and the function is above maximum EDM.
Minuit succeeded.
remember: chi^2 first, then area
************************ 263.915954778 333.468980138
************************ 1.8 247.5 ... GO!
VariableMetricBuilder: no improvement
VariableMetricBuilder: finishes without convergence.
VariableMetricBuilder: edm= 0.000374961 requested: 1e-05
FunctionMinimum is invalid.
Minuit failed because the function is above maximum EDM.
VariableMetricBuilder: no improvement
VariableMetricBuilder: finishes without convergence.
VariableMetricBuilder: edm= 0.000100676 requested: 1e-05
FunctionMinimum is invalid.
Minuit failed because the function is above maximum EDM.
remember: chi^2 first, then area
************************ FAILED!
************************ 1.8 270.0 ... GO!
Minuit succeeded.
remember: chi^2 first, then area
************************ 240.264485136 334.509987003
************************ 1.8 292.5 ... GO!
VariableMetricBuilder: no improvement
Minuit succeeded.
remember: chi^2 first, then area
************************ 249.896515159 332.55202177
************************ 1.8 315.0 ... GO!
Minuit succeeded.
remember: chi^2 first, then area
************************ 269.358479993 329.301543482
************************ 1.8 337.5 ... GO!
Minuit succeeded.
remember: chi^2 first, then area
************************ 286.95634118 325.34984949
************************ 2.0 0.0 ... GO!
VariableMetricBuilder: matrix not pos.def.
gdel > 0: 0.000162264
negative or zero diagonal element 0 in covariance matrix
negative or zero diagonal element 8 in covariance matrix
negative or zero diagonal element 13 in covariance matrix
added 1.15223 to diagonal of error matrix
gdel: 0.000162264
Minuit succeeded.
remember: chi^2 first, then area
************************ 304.406696447 321.006125008
************************ 2.0 22.5 ... GO!
Minuit succeeded.
remember: chi^2 first, then area
************************ 293.084243249 317.159530224
************************ 2.0 45.0 ... GO!
VariableMetricBuilder: matrix not pos.def.
gdel > 0: 0.000323948
negative or zero diagonal element 13 in covariance matrix
added 1.00002 to diagonal of error matrix
gdel: 0.000323948
Minuit succeeded.
remember: chi^2 first, then area
************************ 270.462008912 314.450555202
************************ 2.0 67.5 ... GO!
Minuit succeeded.
remember: chi^2 first, then area
************************ 249.007749225 313.200513132
************************ 2.0 90.0 ... GO!
Minuit succeeded.
remember: chi^2 first, then area
************************ 240.14878264 313.551009823
************************ 2.0 112.5 ... GO!
Minuit succeeded.
remember: chi^2 first, then area
************************ 248.496461747 315.446939733
************************ 2.0 135.0 ... GO!
VariableMetricBuilder: no improvement
VariableMetricBuilder: finishes without convergence.
VariableMetricBuilder: edm= 1.13292 requested: 1e-05
FunctionMinimum is invalid.
Minuit failed because the function is above maximum EDM.
Minuit succeeded.
remember: chi^2 first, then area
************************ 269.383225223 318.672759832
************************ 2.0 157.5 ... GO!
VariableMetricBuilder: matrix not pos.def.
gdel > 0: 0.000546398
negative or zero diagonal element 6 in covariance matrix
negative or zero diagonal element 13 in covariance matrix
added 1.00003 to diagonal of error matrix
gdel: 0.000546398
eigenvalues: 
-5.51031
0.260922
0.551869
0.801774
0.839161
1
1
1
1
1
1
1.00091
1.08458
1.39184
2.06543
7.51382
matrix forced pos-def by adding 5.51782 to diagonal
MnHesse: matrix is invalid!
MnHesse: matrix is not pos. def.!
MnHesse: matrix was forced pos. def.
FunctionMinimum is invalid.
Minuit failed because covariance is not accurate, and covariance is not positive definite.
MnGlobalCorrelationCoeff: inversion of matrix fails.
Minuit succeeded.
remember: chi^2 first, then area
************************ 291.021866615 322.79548836
************************ 2.0 180.0 ... GO!
VariableMetricBuilder: no improvement
Minuit succeeded.
remember: chi^2 first, then area
************************ 300.701887388 327.252384254
************************ 2.0 202.5 ... GO!
VariableMetricBuilder: matrix not pos.def.
gdel > 0: 0.000272504
eigenvalues: 
-18.856
0.15091
0.267207
0.510534
0.629474
0.78832
0.864435
0.976239
1.01138
1.01701
1.04128
1.13033
1.23731
1.87405
3.3804
19.9771
matrix forced pos-def by adding 18.8759 to diagonal
gdel: -0.0124476
Minuit succeeded.
remember: chi^2 first, then area
************************ 292.057370688 331.386693135
************************ 2.0 225.0 ... GO!
VariableMetricBuilder: no improvement
VariableMetricBuilder: finishes without convergence.
VariableMetricBuilder: edm= 0.000502444 requested: 1e-05
eigenvalues: 
-1.74378
0.298971
0.542424
0.731527
0.829634
1
1
1
1
1
1
1.00157
1.1272
1.41734
2.02072
3.77439
matrix forced pos-def by adding 1.74755 to diagonal
MnHesse: matrix is invalid!
MnHesse: matrix is not pos. def.!
MnHesse: matrix was forced pos. def.
FunctionMinimum is invalid.
Minuit failed because covariance is not accurate, covariance is not positive definite, and the function is above maximum EDM.
VariableMetricBuilder: no improvement
VariableMetricBuilder: finishes without convergence.
VariableMetricBuilder: edm= 0.391947 requested: 1e-05
FunctionMinimum is invalid.
Minuit failed because the function is above maximum EDM.
remember: chi^2 first, then area
************************ FAILED!
************************ 2.0 247.5 ... GO!
VariableMetricBuilder: no improvement
VariableMetricBuilder: finishes without convergence.
VariableMetricBuilder: edm= 0.00157968 requested: 1e-05
FunctionMinimum is invalid.
Minuit failed because the function is above maximum EDM.
VariableMetricBuilder: no improvement
Minuit succeeded.
remember: chi^2 first, then area
************************ 247.922933646 336.051895157
************************ 2.0 270.0 ... GO!
Minuit succeeded.
remember: chi^2 first, then area
************************ 240.276344567 335.690782642
************************ 2.0 292.5 ... GO!
VariableMetricBuilder: no improvement
Minuit succeeded.
remember: chi^2 first, then area
************************ 252.09576947 333.49329134
************************ 2.0 315.0 ... GO!
Minuit succeeded.
remember: chi^2 first, then area
************************ 276.064074058 329.866618815
************************ 2.0 337.5 ... GO!
Minuit succeeded.
remember: chi^2 first, then area
************************ 297.636665854 325.461302294
************************ 2.2 0.0 ... GO!
Minuit succeeded.
remember: chi^2 first, then area
************************ 317.387155211 320.665164886
************************ 2.2 22.5 ... GO!
Minuit succeeded.
remember: chi^2 first, then area
************************ 303.604687861 316.456310056
************************ 2.2 45.0 ... GO!
Minuit succeeded.
remember: chi^2 first, then area
************************ 276.373635321 313.494375005
************************ 2.2 67.5 ... GO!
Minuit succeeded.
remember: chi^2 first, then area
************************ 250.671681565 312.135825314
************************ 2.2 90.0 ... GO!
VariableMetricBuilder: no improvement
VariableMetricBuilder: finishes without convergence.
VariableMetricBuilder: edm= 0.0156903 requested: 1e-05
FunctionMinimum is invalid.
Minuit failed because the function is above maximum EDM.
VariableMetricBuilder: no improvement
VariableMetricBuilder: finishes without convergence.
VariableMetricBuilder: edm= 0.000902189 requested: 1e-05
FunctionMinimum is invalid.
Minuit failed because the function is above maximum EDM.
remember: chi^2 first, then area
************************ FAILED!
************************ 2.2 112.5 ... GO!
VariableMetricBuilder: no improvement
VariableMetricBuilder: finishes without convergence.
VariableMetricBuilder: edm= 0.00028153 requested: 1e-05
eigenvalues: 
-5.19979
0.284054
0.533419
0.782737
0.838002
1
1
1
1
1
1
1.00171
1.10739
1.39938
2.04809
7.20502
matrix forced pos-def by adding 5.207 to diagonal
MnHesse: matrix is invalid!
MnHesse: matrix is not pos. def.!
MnHesse: matrix was forced pos. def.
FunctionMinimum is invalid.
Minuit failed because covariance is not accurate, covariance is not positive definite, and the function is above maximum EDM.
VariableMetricBuilder: no improvement
VariableMetricBuilder: finishes without convergence.
VariableMetricBuilder: edm= 0.000475784 requested: 1e-05
FunctionMinimum is invalid.
Minuit failed because the function is above maximum EDM.
remember: chi^2 first, then area
************************ FAILED!
************************ 2.2 135.0 ... GO!
VariableMetricBuilder: no improvement
VariableMetricBuilder: finishes without convergence.
VariableMetricBuilder: edm= 0.00690358 requested: 1e-05
FunctionMinimum is invalid.
Minuit failed because the function is above maximum EDM.
VariableMetricBuilder: no improvement
VariableMetricBuilder: finishes without convergence.
VariableMetricBuilder: edm= 0.0557842 requested: 1e-05
FunctionMinimum is invalid.
Minuit failed because the function is above maximum EDM.
remember: chi^2 first, then area
************************ FAILED!
************************ 2.2 157.5 ... GO!
Minuit succeeded.
remember: chi^2 first, then area
************************ 301.976087428 322.624674788
************************ 2.2 180.0 ... GO!
Minuit succeeded.
remember: chi^2 first, then area
************************ 313.924752981 327.547480813
************************ 2.2 202.5 ... GO!
VariableMetricBuilder: no improvement
VariableMetricBuilder: finishes without convergence.
VariableMetricBuilder: edm= 0.0121455 requested: 1e-05
FunctionMinimum is invalid.
Minuit failed because the function is above maximum EDM.
VariableMetricBuilder: no improvement
VariableMetricBuilder: finishes without convergence.
VariableMetricBuilder: edm= 0.00016605 requested: 1e-05
FunctionMinimum is invalid.
Minuit failed because the function is above maximum EDM.
remember: chi^2 first, then area
************************ FAILED!
************************ 2.2 225.0 ... GO!
VariableMetricBuilder: no improvement
VariableMetricBuilder: finishes without convergence.
VariableMetricBuilder: edm= 0.000997004 requested: 1e-05
FunctionMinimum is invalid.
Minuit failed because the function is above maximum EDM.
VariableMetricBuilder: matrix not pos.def.
gdel > 0: 0.000119838
negative or zero diagonal element 6 in covariance matrix
added 1 to diagonal of error matrix
gdel: 0.000119838
Minuit succeeded.
remember: chi^2 first, then area
************************ 276.612814908 335.620640022
************************ 2.2 247.5 ... GO!
VariableMetricBuilder: no improvement
eigenvalues: 
-0.0346828
0.277462
0.532547
0.810295
0.848835
1
1
1
1
1
1
1.00154
1.08107
1.39127
1.99038
2.10128
matrix forced pos-def by adding 0.036784 to diagonal
MnHesse: matrix is invalid!
MnHesse: matrix is not pos. def.!
MnHesse: matrix was forced pos. def.
FunctionMinimum is invalid.
Minuit failed because covariance is not accurate, and covariance is not positive definite.
VariableMetricBuilder: no improvement
VariableMetricBuilder: finishes without convergence.
VariableMetricBuilder: edm= 0.000448897 requested: 1e-05
FunctionMinimum is invalid.
Minuit failed because the function is above maximum EDM.
remember: chi^2 first, then area
************************ FAILED!
************************ 2.2 270.0 ... GO!
Minuit succeeded.
remember: chi^2 first, then area
************************ 240.288872886 336.881856143
************************ 2.2 292.5 ... GO!
Minuit succeeded.
remember: chi^2 first, then area
************************ 254.532402788 334.445863014
************************ 2.2 315.0 ... GO!
VariableMetricBuilder: no improvement
VariableMetricBuilder: finishes without convergence.
VariableMetricBuilder: edm= 0.00453373 requested: 1e-05
FunctionMinimum is invalid.
Minuit failed because the function is above maximum EDM.
VariableMetricBuilder: no improvement
Minuit succeeded.
remember: chi^2 first, then area
************************ 283.48709944 330.427403515
************************ 2.2 337.5 ... GO!
VariableMetricBuilder: no improvement
VariableMetricBuilder: finishes without convergence.
VariableMetricBuilder: edm= 0.000231156 requested: 1e-05
FunctionMinimum is invalid.
Minuit failed because the function is above maximum EDM.
VariableMetricBuilder: no improvement
VariableMetricBuilder: finishes without convergence.
VariableMetricBuilder: edm= 0.00490248 requested: 1e-05
FunctionMinimum is invalid.
Minuit failed because the function is above maximum EDM.
remember: chi^2 first, then area
************************ FAILED!
************************ 2.4 0.0 ... GO!
Minuit succeeded.
remember: chi^2 first, then area
************************ 331.529044164 320.329246211
************************ 2.4 22.5 ... GO!
Minuit succeeded.
remember: chi^2 first, then area
************************ 315.022952267 315.750905582
************************ 2.4 45.0 ... GO!
VariableMetricBuilder: matrix not pos.def.
gdel > 0: 0.00167131
negative or zero diagonal element 13 in covariance matrix
added 1.00001 to diagonal of error matrix
gdel: 0.00167131
Minuit succeeded.
remember: chi^2 first, then area
************************ 282.77032742 312.549976933
************************ 2.4 67.5 ... GO!
Minuit succeeded.
remember: chi^2 first, then area
************************ 252.466709569 311.077645269
************************ 2.4 90.0 ... GO!
VariableMetricBuilder: matrix not pos.def.
gdel > 0: 0.000973594
negative or zero diagonal element 0 in covariance matrix
negative or zero diagonal element 3 in covariance matrix
negative or zero diagonal element 4 in covariance matrix
negative or zero diagonal element 12 in covariance matrix
negative or zero diagonal element 13 in covariance matrix
negative or zero diagonal element 14 in covariance matrix
added 1.50812 to diagonal of error matrix
gdel: 0.000973594
Minuit succeeded.
remember: chi^2 first, then area
************************ 240.147018693 311.493427371
************************ 2.4 112.5 ... GO!
VariableMetricBuilder: no improvement
VariableMetricBuilder: machine accuracy limits further improvement.
Minuit succeeded.
remember: chi^2 first, then area
************************ 252.305603835 313.73936202
************************ 2.4 135.0 ... GO!
VariableMetricBuilder: matrix not pos.def.
gdel > 0: 7.81023e-05
negative or zero diagonal element 13 in covariance matrix
added 1 to diagonal of error matrix
gdel: 7.81023e-05
Minuit succeeded.
remember: chi^2 first, then area
************************ 282.426007539 317.562324782
************************ 2.4 157.5 ... GO!
VariableMetricBuilder: matrix not pos.def.
gdel > 0: 0.000667743
negative or zero diagonal element 0 in covariance matrix
negative or zero diagonal element 2 in covariance matrix
negative or zero diagonal element 5 in covariance matrix
negative or zero diagonal element 13 in covariance matrix
negative or zero diagonal element 14 in covariance matrix
added 2.10713 to diagonal of error matrix
gdel: 0.000667743
eigenvalues: 
-1.5745
0.325103
0.564797
0.799199
0.826755
1
1
1
1
1
1
1.00102
1.09301
1.3773
1.86773
3.71959
matrix forced pos-def by adding 1.57822 to diagonal
MnHesse: matrix is invalid!
MnHesse: matrix is not pos. def.!
MnHesse: matrix was forced pos. def.
FunctionMinimum is invalid.
Minuit failed because covariance is not accurate, and covariance is not positive definite.
VariableMetricBuilder: no improvement
Minuit succeeded.
remember: chi^2 first, then area
************************ 313.993895762 322.46083552
************************ 2.4 180.0 ... GO!
eigenvalues: 
-0.150462
0.329553
0.606768
0.795199
0.847521
1
1
1
1
1
1
1.00162
1.06956
1.34841
1.78193
2.3699
matrix forced pos-def by adding 0.152832 to diagonal
MnHesse: matrix is invalid!
MnHesse: matrix is not pos. def.!
MnHesse: matrix was forced pos. def.
FunctionMinimum is invalid.
Minuit failed because covariance is not accurate, and covariance is not positive definite.
VariableMetricBuilder: no improvement
eigenvalues: 
-0.0601383
0.366184
0.609262
0.794929
0.832663
1
1
1
1
1
1
1.00143
1.08749
1.35032
1.77649
2.24137
matrix forced pos-def by adding 0.0623797 to diagonal
MnHesse: matrix is invalid!
MnHesse: matrix is not pos. def.!
MnHesse: matrix was forced pos. def.
FunctionMinimum is invalid.
Minuit failed because covariance is not accurate, and covariance is not positive definite.
remember: chi^2 first, then area
************************ FAILED!
************************ 2.4 202.5 ... GO!
VariableMetricBuilder: no improvement
VariableMetricBuilder: finishes without convergence.
VariableMetricBuilder: edm= 0.00103002 requested: 1e-05
FunctionMinimum is invalid.
Minuit failed because the function is above maximum EDM.
VariableMetricBuilder: no improvement
VariableMetricBuilder: finishes without convergence.
VariableMetricBuilder: edm= 0.00054644 requested: 1e-05
FunctionMinimum is invalid.
Minuit failed because the function is above maximum EDM.
remember: chi^2 first, then area
************************ FAILED!
************************ 2.4 225.0 ... GO!
Minuit succeeded.
remember: chi^2 first, then area
************************ 284.060103611 336.626540194
************************ 2.4 247.5 ... GO!
VariableMetricBuilder: no improvement
VariableMetricBuilder: finishes without convergence.
VariableMetricBuilder: edm= 0.00141936 requested: 1e-05
FunctionMinimum is invalid.
Minuit failed because the function is above maximum EDM.
VariableMetricBuilder: no improvement
VariableMetricBuilder: machine accuracy limits further improvement.
Minuit succeeded.
remember: chi^2 first, then area
************************ 251.788515023 338.512357877
************************ 2.4 270.0 ... GO!
Minuit succeeded.
remember: chi^2 first, then area
************************ 240.302096329 338.078157473
************************ 2.4 292.5 ... GO!
Minuit succeeded.
remember: chi^2 first, then area
************************ 257.210912535 335.400673276
************************ 2.4 315.0 ... GO!
Minuit succeeded.
remember: chi^2 first, then area
************************ 291.634838848 330.996301015
************************ 2.4 337.5 ... GO!
Minuit succeeded.
remember: chi^2 first, then area
************************ 322.305659394 325.673780137
************************ 2.6 0.0 ... GO!
Minuit succeeded.
remember: chi^2 first, then area
************************ 346.820729156 319.989574419
************************ 2.6 22.5 ... GO!
Minuit succeeded.
remember: chi^2 first, then area
************************ 327.326448679 315.054890541
************************ 2.6 45.0 ... GO!
Minuit succeeded.
remember: chi^2 first, then area
************************ 289.642140523 311.598668893
************************ 2.6 67.5 ... GO!
Minuit succeeded.
remember: chi^2 first, then area
************************ 254.388523418 310.027453714
************************ 2.6 90.0 ... GO!
Minuit succeeded.
remember: chi^2 first, then area
************************ 240.146944775 310.478612201
************************ 2.6 112.5 ... GO!
VariableMetricBuilder: no improvement
VariableMetricBuilder: finishes without convergence.
VariableMetricBuilder: edm= 0.000410739 requested: 1e-05
FunctionMinimum is invalid.
Minuit failed because the function is above maximum EDM.
VariableMetricBuilder: matrix not pos.def.
edm < 0
negative or zero diagonal element 4 in covariance matrix
added 1 to diagonal of error matrix
eigenvalues: 
-4.85938
0.326674
0.54446
0.818435
0.875087
1
1
1
1
1
1
1.00098
1.05715
1.38385
2.03801
6.81474
matrix forced pos-def by adding 4.8662 to diagonal
MnHesse: matrix is invalid!
MnHesse: matrix is not pos. def.!
MnHesse: matrix was forced pos. def.
FunctionMinimum is invalid.
Minuit failed because covariance is not accurate, and covariance is not positive definite.
remember: chi^2 first, then area
************************ FAILED!
************************ 2.6 135.0 ... GO!
VariableMetricBuilder: no improvement
VariableMetricBuilder: finishes without convergence.
VariableMetricBuilder: edm= 0.000936234 requested: 1e-05
FunctionMinimum is invalid.
Minuit failed because the function is above maximum EDM.
VariableMetricBuilder: no improvement
Minuit succeeded.
remember: chi^2 first, then area
************************ 289.823462324 316.996292836
************************ 2.6 157.5 ... GO!
VariableMetricBuilder: no improvement
VariableMetricBuilder: finishes without convergence.
VariableMetricBuilder: edm= 0.00112081 requested: 1e-05
FunctionMinimum is invalid.
Minuit failed because the function is above maximum EDM.
Minuit succeeded.
remember: chi^2 first, then area
************************ 327.070454219 322.297564353
************************ 2.6 180.0 ... GO!
Minuit succeeded.
remember: chi^2 first, then area
************************ 344.393799828 328.098649427
************************ 2.6 202.5 ... GO!
VariableMetricBuilder: no improvement
VariableMetricBuilder: finishes without convergence.
VariableMetricBuilder: edm= 0.00283822 requested: 1e-05
eigenvalues: 
-0.0233349
0.301198
0.606225
0.776007
0.820285
1
1
1
1
1
1
1.00127
1.11323
1.35902
1.95123
2.09486
matrix forced pos-def by adding 0.0254297 to diagonal
MnHesse: matrix is invalid!
MnHesse: matrix is not pos. def.!
MnHesse: matrix was forced pos. def.
FunctionMinimum is invalid.
Minuit failed because covariance is not accurate, covariance is not positive definite, and the function is above maximum EDM.
VariableMetricBuilder: no improvement
VariableMetricBuilder: finishes without convergence.
VariableMetricBuilder: edm= 0.00346303 requested: 1e-05
FunctionMinimum is invalid.
Minuit failed because the function is above maximum EDM.
remember: chi^2 first, then area
************************ FAILED!
************************ 2.6 225.0 ... GO!
VariableMetricBuilder: no improvement
VariableMetricBuilder: finishes without convergence.
VariableMetricBuilder: edm= 0.00171562 requested: 1e-05
FunctionMinimum is invalid.
Minuit failed because the function is above maximum EDM.
VariableMetricBuilder: no improvement
Minuit succeeded.
remember: chi^2 first, then area
************************ 292.263116674 337.700753209
************************ 2.6 247.5 ... GO!
VariableMetricBuilder: no improvement
VariableMetricBuilder: finishes without convergence.
VariableMetricBuilder: edm= 0.00185864 requested: 1e-05
FunctionMinimum is invalid.
Minuit failed because the function is above maximum EDM.
VariableMetricBuilder: matrix not pos.def.
gdel > 0: 0.0473949
negative or zero diagonal element 0 in covariance matrix
negative or zero diagonal element 5 in covariance matrix
negative or zero diagonal element 6 in covariance matrix
negative or zero diagonal element 13 in covariance matrix
added 1.36661 to diagonal of error matrix
gdel: 0.0473949
