************************************** from B&S bhabhas with interference
VariableMetricBuilder: matrix not pos.def.
gdel > 0: 0.00127804
negative or zero diagonal element 0 in covariance matrix
negative or zero diagonal element 9 in covariance matrix
negative or zero diagonal element 14 in covariance matrix
negative or zero diagonal element 15 in covariance matrix
added 1.07021 to diagonal of error matrix
gdel: 0.00127804
Minuit succeeded.
Hesse succeeded.
1s Istvan's B_mm:  f(area, rmsbeam, back, jan16, jan30, feb06, feb13, feb20, feb27, mar06, mar13, apr08, apr09, apr10, fullgam, yint, phi, btautau, tauyint, tauphi, twophofrac, rjan, rfeb, rapr2) is <function u1fit at 0x40668b1c>, with up = 1

Minuit succeeded.
Hesse succeeded.
Minos has not been executed.

fval = 273.118355833, edm = 5.00869158395e-05, ncalls = 860

    area = 321.973388034 +/- 0.699099113977, no limits
    rmsbeam = 3.79 +/- 0.1, no limits
    back = 9.4102031776 +/- 0.0100914673372, no limits
    jan16 = 0.46624914959 +/- 0.055881898672, no limits
    jan30 = 0.605434276778 +/- 0.0361895057983, no limits
    feb06 = 0.032690093194 +/- 0.0339761186426, no limits
    feb13 = 0.0975173562915 +/- 0.046581293194, no limits
    feb20 = 0.0702376525166 +/- 0.0409057186431, no limits
    feb27 = 0.262235380818 +/- 0.0411268346369, no limits
    mar06 = 0.466951096706 +/- 0.0532312433033, no limits
    mar13 = 0.358643381811 +/- 0.0318171407187, no limits
    apr08 = 0.66123299269 +/- 0.0462664536484, no limits
    apr09 = 0.650186291679 +/- 0.0504310476037, no limits
    apr10 = 0.828629853271 +/- 0.0486793974916, no limits
    fullgam = 0.053 +/- 0.1, no limits
    yint = 0.042 +/- 0.1, no limits
    phi = 0.0 +/- 0.1, no limits
    btautau = 0.0249 +/- 0.1, no limits
    tauyint = 0.195428917617 +/- 0.1, no limits
    tauphi = 0.0 +/- 0.1, no limits
    twophofrac = 0.0792 +/- 0.1, no limits
    rjan = 3.80785018945 +/- 0.0110845289786, no limits
    rfeb = 3.79886320948 +/- 0.0081877286509, no limits
    rapr2 = 3.70510709437 +/- 0.0158504460157, no limits

Covariance matrix:

       0.483883
              0                0
     -0.0025557                0      0.000101701
     0.00375376                0     -2.09628e-05       0.00305295
    -0.00251125                0     -7.64129e-06     -5.23008e-06       0.00132352
    -0.00151432                0     -1.13089e-05      4.16127e-05      3.61664e-05       0.00118905
    -0.00328526                0     -3.40541e-06     -3.57435e-05      1.72664e-05     -3.04011e-06       0.00209342
    -0.00397445                0     -8.38784e-07     -2.42601e-05      2.86113e-05      2.78938e-05      3.00055e-05       0.00166018
    -0.00274763                0     -7.77811e-07     -2.11179e-05      1.78834e-05      1.19456e-05      2.22529e-05      2.63523e-05       0.00169133
    -0.00314011                0      7.35763e-06     -2.42407e-05      1.84834e-05      1.18468e-05      2.34908e-05      2.80755e-05      2.66545e-05       0.00285024
     0.00683923                0     -2.83494e-05      5.29556e-05     -3.73364e-05     -2.31049e-05     -4.82633e-05     -5.80989e-05     -3.96699e-06      9.42798e-05      0.000985533
    -0.00230502                0      1.18373e-06     -1.77397e-05      1.45674e-05      9.61934e-06      1.82361e-05      2.16528e-05      1.49938e-05       1.6108e-05     -3.35478e-05       0.00214048
     -0.0025422                0      1.10526e-06     -1.95625e-05      1.61138e-05       1.0653e-05      2.01596e-05      2.39304e-05      1.65713e-05      1.77863e-05     -3.70174e-05      1.34431e-05       0.00254316
   -0.000171593                0      3.55209e-06     -1.36524e-06      2.63454e-07     -4.21423e-08      5.42365e-07      7.54563e-07       5.1571e-07      8.36744e-07     -2.19213e-06     -6.90304e-06      2.03287e-05       0.00236968
              0                0                0                0                0                0                0                0                0                0                0                0                0                0                0
              0                0                0                0                0                0                0                0                0                0                0                0                0                0                0                0
              0                0                0                0                0                0                0                0                0                0                0                0                0                0                0                0                0
              0                0                0                0                0                0                0                0                0                0                0                0                0                0                0                0                0                0
              0                0                0                0                0                0                0                0                0                0                0                0                0                0                0                0                0                0                0
              0                0                0                0                0                0                0                0                0                0                0                0                0                0                0                0                0                0                0                0
              0                0                0                0                0                0                0                0                0                0                0                0                0                0                0                0                0                0                0                0                0
     0.00481972                0     -1.72418e-05      8.41253e-05     -6.02991e-06      6.26247e-05      -5.0412e-05     -3.22036e-05     -2.87917e-05     -3.21363e-05      6.88459e-05     -2.39827e-05      -2.6469e-05     -1.46275e-06                0                0                0                0                0                0                0      0.000118893
     0.00212927                0     -8.10409e-06      1.64774e-05     -1.17951e-05     -7.35131e-06     -1.51958e-05     -1.82667e-05     -2.34173e-06      2.54966e-05      0.000229096     -1.05344e-05     -1.16255e-05     -6.60823e-07                0                0                0                0                0                0                0      2.15011e-05      6.59646e-05
     0.00513018                0     -1.60967e-05       3.9656e-05     -2.92314e-05     -1.84626e-05     -3.74191e-05     -4.48598e-05     -3.10373e-05     -3.44424e-05      7.34795e-05     -2.19724e-05     -3.87647e-05     -0.000377049                0                0                0                0                0                0                0      5.21234e-05      2.29665e-05      0.000250697

Global correlation coefficients:

              1
              0                0
      -0.364314                0                1
      0.0976644                0       -0.0376206                1
     -0.0992328                0       -0.0208276      -0.00260186                1
     -0.0631316                0       -0.0325203        0.0218406        0.0288297                1
      -0.103222                0      -0.00738037       -0.0141387        0.0103731      -0.00192691                1
      -0.140226                0      -0.00204131       -0.0107759        0.0193017        0.0198532        0.0160951                1
     -0.0960449                0      -0.00187541      -0.00929345        0.0119529        0.0084235        0.0118262        0.0157263                1
     -0.0845539                0        0.0136658      -0.00821759        0.0095165       0.00643516       0.00961679        0.0129065        0.0121399                1
       0.313185                0       -0.0895459        0.0305293       -0.0326913       -0.0213436       -0.0336011       -0.0454207      -0.00307264        0.0562526                1
     -0.0716225                0       0.00253708      -0.00693956       0.00865491       0.00602961       0.00861486        0.0114863       0.00788029       0.00652145        -0.023098                1
     -0.0724689                0       0.00217326      -0.00702064       0.00878307       0.00612608        0.0087371        0.0116462       0.00799015       0.00660631       -0.0233821       0.00576179                1
    -0.00506737                0       0.00723561      -0.00050758      0.000148763     -2.51057e-05      0.000243511      0.000380428      0.000257601      0.000321964      -0.00143445      -0.00306507        0.0082809                1
              0                0                0                0                0                0                0                0                0                0                0                0                0                0                0
              0                0                0                0                0                0                0                0                0                0                0                0                0                0                0                0
              0                0                0                0                0                0                0                0                0                0                0                0                0                0                0                0                0
              0                0                0                0                0                0                0                0                0                0                0                0                0                0                0                0                0                0
              0                0                0                0                0                0                0                0                0                0                0                0                0                0                0                0                0                0                0
              0                0                0                0                0                0                0                0                0                0                0                0                0                0                0                0                0                0                0                0
              0                0                0                0                0                0                0                0                0                0                0                0                0                0                0                0                0                0                0                0                0
       0.635438                0        -0.156798         0.139633       -0.0152009         0.166559        -0.101048       -0.0724852        -0.064206        -0.055205         0.201125       -0.0475406       -0.0481364      -0.00275579                0                0                0                0                0                0                0                1
       0.376881                0       -0.0989432        0.0367176       -0.0399191       -0.0262487       -0.0408921       -0.0551984      -0.00701079        0.0588012         0.898518        -0.028035       -0.0283838      -0.00167142                0                0                0                0                0                0                0         0.242789                1
       0.465787                0        -0.100809        0.0453288        -0.050747       -0.0338156       -0.0516525       -0.0695352       -0.0476646       -0.0407454         0.147828        -0.029995       -0.0485484        -0.489191                0                0                0                0                0                0                0         0.301912         0.178593                1
Minuit succeeded.
Hesse succeeded.
2s Jean's B_tt:  f(area, rmsbeam, back, may29, jun11, jun12, jul10, jul24, aug07, fullgam, yint, phi, btautau, tauyint, tauphi, twophofrac, u1area) is <function u2fit at 0x40668ae4>, with up = 1

Minuit succeeded.
Hesse succeeded.
Minos has not been executed.

fval = 106.588525313, edm = 1.58002236134e-06, ncalls = 355

    area = 131.971265181 +/- 1.10027528712, no limits
    rmsbeam = 4.1489519364 +/- 0.051178687237, no limits
    back = 9.37180357476 +/- 0.00725078393549, no limits
    may29 = -1.14595088346 +/- 0.0853599284744, no limits
    jun11 = -1.03114920239 +/- 0.067917730349, no limits
    jun12 = -0.952732340017 +/- 0.0749220062433, no limits
    jul10 = -0.633043590198 +/- 0.0532185883386, no limits
    jul24 = -0.645480366205 +/- 0.0921551366206, no limits
    aug07 = -0.506670362594 +/- 0.0900004013086, no limits
    fullgam = 0.043 +/- 0.1, no limits
    yint = 0.057 +/- 0.1, no limits
    phi = 0.0 +/- 0.1, no limits
    btautau = 0.0203 +/- 0.1, no limits
    tauyint = 0.23971330289 +/- 0.1, no limits
    tauphi = 0.0 +/- 0.1, no limits
    twophofrac = 0.0792 +/- 0.1, no limits
    u1area = 321.973388034 +/- 0.1, no limits

Covariance matrix:

        1.34187
      0.0549155       0.00302413
    -0.00124391     -2.46241e-05      5.26025e-05
      0.0033671      0.000413619     -2.13557e-06       0.00727513
     -0.0247145     -0.000890025     -5.11791e-06     -1.35971e-05       0.00464689
      0.0217652       0.00133372     -1.46775e-05      0.000213491     -0.000325597        0.0057772
    -0.00991562     -0.000263072     -3.49754e-06      2.86925e-05      0.000216068     -7.61458e-05        0.0028351
     -0.0166603     -0.000379065     -3.38097e-06      7.05033e-05      0.000372647     -9.21068e-05      0.000188811       0.00849845
    -0.00172424     -0.000339868      -1.2724e-06     -0.000100989     -1.43039e-05     -0.000182731      -3.8905e-05     -8.71495e-05       0.00810537
              0                0                0                0                0                0                0                0                0                0
              0                0                0                0                0                0                0                0                0                0                0
              0                0                0                0                0                0                0                0                0                0                0                0
              0                0                0                0                0                0                0                0                0                0                0                0                0
              0                0                0                0                0                0                0                0                0                0                0                0                0                0
              0                0                0                0                0                0                0                0                0                0                0                0                0                0                0
              0                0                0                0                0                0                0                0                0                0                0                0                0                0                0                0
              0                0                0                0                0                0                0                0                0                0                0                0                0                0                0                0                0

Global correlation coefficients:

              1
       0.862064                1
      -0.148057       -0.0617385                1
      0.0340784        0.0881821      -0.00345215                1
      -0.312979        -0.237422       -0.0103516      -0.00233854                1
         0.2472         0.319086        -0.026625        0.0329306       -0.0628406                1
      -0.160761       -0.0898442      -0.00905681       0.00631776        0.0595285       -0.0188149                1
      -0.156012       -0.0747729      -0.00505671       0.00896642        0.0592989       -0.0131451        0.0384656                1
     -0.0165331       -0.0686475      -0.00194864       -0.0131512       -0.0023307       -0.0267034      -0.00811587       -0.0105005                1
              0                0                0                0                0                0                0                0                0                0
              0                0                0                0                0                0                0                0                0                0                0
              0                0                0                0                0                0                0                0                0                0                0                0
              0                0                0                0                0                0                0                0                0                0                0                0                0
              0                0                0                0                0                0                0                0                0                0                0                0                0                0
              0                0                0                0                0                0                0                0                0                0                0                0                0                0                0
              0                0                0                0                0                0                0                0                0                0                0                0                0                0                0                0
              0                0                0                0                0                0                0                0                0                0                0                0                0                0                0                0                0
Minuit succeeded.
Hesse succeeded.
3s Istvan's B_mm:  f(area, rmsbeam, back, nov28, dec05, dec12, dec19, dec26, jan02, jan09, fullgam, yint, phi, btautau, tauyint, tauphi, twophofrac, u1area, u2area, rnov28, rdec05, rdec12, rdec19, rdec26, rjan02, rjan09) is <function u3fit at 0x4066895c>, with up = 1

Minuit succeeded.
Hesse succeeded.
Minos has not been executed.

fval = 156.808652473, edm = 1.56220677039e-05, ncalls = 920

    area = 88.426740026 +/- 0.743121477527, no limits
    rmsbeam = 4.68 +/- 0.1, no limits
    back = 9.33832783306 +/- 0.0112755905248, no limits
    nov28 = -3.2150716663 +/- 0.166942659159, no limits
    dec05 = -3.80240003293 +/- 0.127577112781, no limits
    dec12 = -2.68116125594 +/- 0.15897213318, no limits
    dec19 = -2.59426870121 +/- 0.173000015082, no limits
    dec26 = -2.54923479094 +/- 0.0961496017351, no limits
    jan02 = -2.73128533078 +/- 0.133292830835, no limits
    jan09 = -2.82565212504 +/- 0.160792084115, no limits
    fullgam = 0.0263 +/- 0.1, no limits
    yint = 0.048 +/- 0.1, no limits
    phi = 0.0 +/- 0.1, no limits
    btautau = 0.0239 +/- 0.1, no limits
    tauyint = 0.203605859777 +/- 0.1, no limits
    tauphi = 0.0 +/- 0.1, no limits
    twophofrac = 0.0792 +/- 0.1, no limits
    u1area = 321.973388034 +/- 0.1, no limits
    u2area = 131.971265181 +/- 0.1, no limits
    rnov28 = 4.65398378864 +/- 0.0656418717336, no limits
    rdec05 = 4.66724231475 +/- 0.0564410746867, no limits
    rdec12 = 4.64993169419 +/- 0.0499221952669, no limits
    rdec19 = 4.72174484521 +/- 0.0684093756242, no limits
    rdec26 = 4.79888102058 +/- 0.102765332511, no limits
    rjan02 = 4.49671851975 +/- 0.065147073607, no limits
    rjan09 = 4.66326117898 +/- 0.0525179665901, no limits

Covariance matrix:

       0.438756
              0                0
    -0.00327252                0      0.000124641
    -0.00760479                0     -2.62295e-05        0.0278241
    -0.00140088                0     -2.48629e-05      5.35043e-05        0.0162739
      0.0151877                0     -6.65587e-05     -0.000301909     -6.49518e-05        0.0233631
      0.0130018                0     -4.58203e-05     -0.000267691     -5.95347e-05      0.000473908        0.0312098
    0.000683124                0     -5.76017e-05      3.16132e-05      1.63167e-05     -8.27994e-07     -6.55436e-06       0.00963424
    -0.00754675                0     -5.04343e-05      0.000219127      6.16937e-05      -0.00031098     -0.000278103      4.41565e-05        0.0174325
    0.000243995                0     -6.93417e-05      5.16509e-05      2.30086e-05     -2.30276e-05     -2.72305e-05       3.5751e-05      6.76971e-05        0.0253773
              0                0                0                0                0                0                0                0                0                0                0
              0                0                0                0                0                0                0                0                0                0                0                0
              0                0                0                0                0                0                0                0                0                0                0                0                0
              0                0                0                0                0                0                0                0                0                0                0                0                0                0
              0                0                0                0                0                0                0                0                0                0                0                0                0                0                0
              0                0                0                0                0                0                0                0                0                0                0                0                0                0                0                0
              0                0                0                0                0                0                0                0                0                0                0                0                0                0                0                0                0
              0                0                0                0                0                0                0                0                0                0                0                0                0                0                0                0                0                0
              0                0                0                0                0                0                0                0                0                0                0                0                0                0                0                0                0                0                0
      0.0202218                0     -8.61033e-05       0.00459498     -8.73672e-05      0.000730156      0.000632272     -2.42088e-06     -0.000416737     -3.23558e-05                0                0                0                0                0                0                0                0                0       0.00404649
      0.0221134                0     -8.40528e-05     -0.000450221        0.0021164      0.000803166      0.000696573     -7.94068e-06     -0.000466478     -4.21895e-05                0                0                0                0                0                0                0                0                0       0.00107141       0.00286938
      0.0182922                0     -6.69667e-05     -0.000374542     -8.28776e-05       0.00152779      0.000577513     -7.91045e-06     -0.000388598     -3.66248e-05                0                0                0                0                0                0                0                0                0      0.000887926      0.000977987       0.00191256
      0.0229214                0     -8.70988e-05     -0.000466693      -0.00010273      0.000832527       0.00138758     -8.24412e-06     -0.000483551     -4.37482e-05                0                0                0                0                0                0                0                0                0       0.00111058       0.00122292       0.00101374       0.00440804
     0.00978071                0     -0.000130471     -0.000121922     -1.09641e-05      0.000311752      0.000260479       0.00351055     -0.000106987      4.41878e-05                0                0                0                0                0                0                0                0                0       0.00041364      0.000446534      0.000367902      0.000462836       0.00820972
      0.0142543                0     -7.68955e-05     -0.000271414     -5.58772e-05      0.000507133      0.000437418      6.78064e-06       0.00160636     -1.18933e-05                0                0                0                0                0                0                0                0                0      0.000675965      0.000742162      0.000614668      0.000769289      0.000300871        0.0028415
       0.017674                0     -7.48848e-05      -0.00035346     -7.64901e-05      0.000638335      0.000552801     -2.30981e-06     -0.000364626       0.00435619                0                0                0                0                0                0                0                0                0      0.000851346      0.000936722      0.000776312      0.000970966      0.000361312      0.000590908        0.0024583

Global correlation coefficients:

              1
              0                0
      -0.442527                0                1
      -0.068828                0       -0.0140847                1
     -0.0165785                0       -0.0174572       0.00251439                1
       0.150009                0        -0.039004       -0.0118413      -0.00333104                1
       0.111108                0       -0.0232317        -0.009084      -0.00264167        0.0175502                1
       0.010507                0       -0.0525649       0.00193085        0.0013031     -5.51891e-05     -0.000377986                1
     -0.0862915                0       -0.0342149       0.00994958       0.00366282       -0.0154095       -0.0119228       0.00340726                1
     0.00231232                0       -0.0389889       0.00194377        0.0011322     -0.000945718     -0.000967581       0.00228642        0.0032186                1
              0                0                0                0                0                0                0                0                0                0                0
              0                0                0                0                0                0                0                0                0                0                0                0
              0                0                0                0                0                0                0                0                0                0                0                0                0
              0                0                0                0                0                0                0                0                0                0                0                0                0                0
              0                0                0                0                0                0                0                0                0                0                0                0                0                0                0
              0                0                0                0                0                0                0                0                0                0                0                0                0                0                0                0
              0                0                0                0                0                0                0                0                0                0                0                0                0                0                0                0                0
              0                0                0                0                