from B&S bhabhas with interference
Minuit succeeded.
Hesse succeeded.
VariableMetricBuilder: no improvement
VariableMetricBuilder: finishes without convergence.
VariableMetricBuilder: edm= 0.000102129 requested: 1e-05
FunctionMinimum is invalid.
MnMinos could not find lower value for parameter 0.
VariableMetricBuilder: no improvement
VariableMetricBuilder: finishes without convergence.
VariableMetricBuilder: edm= 0.00188198 requested: 1e-05
FunctionMinimum is invalid.
MnMinos could not find upper value for parameter 0.
VariableMetricBuilder: matrix not pos.def.
gdel > 0: 4.37419e-06
eigenvalues: 
-0.389036
0.301638
0.51639
0.814166
0.844292
0.916157
0.928853
0.942844
0.975524
0.984091
1.01223
1.02042
1.07224
1.26988
1.33009
1.99865
2.46158
matrix forced pos-def by adding 0.391498 to diagonal
gdel: -0.000232113
VariableMetricBuilder: no improvement
VariableMetricBuilder: no improvement
VariableMetricBuilder: finishes without convergence.
VariableMetricBuilder: edm= 0.001104 requested: 1e-05
FunctionMinimum is invalid.
MnMinos could not find lower value for parameter 4.
VariableMetricBuilder: matrix not pos.def.
gdel > 0: 4.08422e-05
eigenvalues: 
-0.10126
0.26506
0.489896
0.763589
0.861546
0.910922
0.949314
0.964348
0.973655
1.00717
1.01538
1.04802
1.07566
1.24326
1.29906
1.70999
2.5244
matrix forced pos-def by adding 0.103784 to diagonal
gdel: -8.45187e-05
VariableMetricBuilder: no improvement
VariableMetricBuilder: no improvement
VariableMetricBuilder: finishes without convergence.
VariableMetricBuilder: edm= 0.00126 requested: 1e-05
FunctionMinimum is invalid.
MnMinos could not find lower value for parameter 5.
VariableMetricBuilder: matrix not pos.def.
gdel > 0: 8.0052e-05
eigenvalues: 
-3.45935
0.0409491
0.239013
0.478256
0.807269
0.936302
0.944122
0.969963
0.990765
1.00902
1.03656
1.07655
1.11564
1.27522
1.55839
2.5255
5.45583
matrix forced pos-def by adding 3.46481 to diagonal
gdel: -4.22887e-05
VariableMetricBuilder: no improvement
VariableMetricBuilder: machine accuracy limits further improvement.
VariableMetricBuilder: matrix not pos.def.
gdel > 0: 1.72378e-05
negative or zero diagonal element 13 in covariance matrix
added 1.00001 to diagonal of error matrix
gdel: 1.72378e-05
MnGlobalCorrelationCoeff: inversion of matrix fails.
VariableMetricBuilder: no improvement
VariableMetricBuilder: finishes without convergence.
VariableMetricBuilder: edm= 0.00472384 requested: 1e-05
FunctionMinimum is invalid.
MnMinos could not find upper value for parameter 11.
VariableMetricBuilder: no improvement
VariableMetricBuilder: finishes without convergence.
VariableMetricBuilder: edm= 0.00157006 requested: 1e-05
FunctionMinimum is invalid.
MnMinos could not find lower value for parameter 14.
VariableMetricBuilder: no improvement
Minos succeeded.
1s Istvan's B_mm:  f(area, rmsbeam, back, jan16, jan30, feb06, feb13, feb20, feb27, mar06, mar13, apr03, apr08, apr09, apr10, fullgam, yint, phi, btautau, tauyint, tauphi, twophofrac, rjan, rfeb, rapr1, rapr2) is <function u1fit at 0x40665e2c>, with up = 1

Minuit succeeded.
Hesse succeeded.
Minos succeeded.

fval = 272.343454699, edm = 0.00413464980173, ncalls = 8566

    area = 325.289556395 +/- 0.944947707436, no limits
    rmsbeam = 3.79 +/- 0.1, no limits
    back = 9.35484738381 +/- 0.00994753514339, no limits
    jan16 = 0.333796990996 +/- 0.0570766541508, no limits
    jan30 = 0.47662701187 +/- 0.0366312194892, no limits
    feb06 = -0.0698296282383 +/- 0.0353446263656, no limits
    feb13 = -0.0231748535036 +/- 0.0449206649025, no limits
    feb20 = -0.0315250134389 +/- 0.0399467255416, no limits
    feb27 = 0.145058290394 +/- 0.0403455577159, no limits
    mar06 = 0.35246115593 +/- 0.0526561966516, no limits
    mar13 = 0.250158099845 +/- 0.0407204668812, no limits
    apr03 = 0.788091464299 +/- 0.0433863539169, no limits
    apr08 = 0.557241300178 +/- 0.0464106431898, no limits
    apr09 = 0.535168454535 +/- 0.0529257734918, no limits
    apr10 = 0.709788033692 +/- 0.0503022081626, no limits
    fullgam = 0.053 +/- 0.1, no limits
    yint = 0.01864 +/- 0.1, no limits
    phi = 0.0 +/- 0.1, no limits
    btautau = 0.0249 +/- 0.1, no limits
    tauyint = 0.195428917617 +/- 0.1, no limits
    tauphi = 0.0 +/- 0.1, no limits
    twophofrac = 0.0792 +/- 0.1, no limits
    rjan = 3.81991175611 +/- 0.0123677109979, no limits
    rfeb = 3.81465751614 +/- 0.0144073104567, no limits
    rapr1 = 3.71855893547 +/- 0.032066329321, no limits
    rapr2 = 3.73331247708 +/- 0.0190960209109, no limits

Covariance matrix:

        3.24457
              0                0
    -0.00997092                0      0.000121419
     -0.0113284                0      2.35695e-05       0.00348605
     -0.0203713                0      4.01281e-05      6.32242e-05       0.00147111
     -0.0164404                0      2.95511e-05      3.33161e-05       0.00013322       0.00129235
     -0.0108079                0      1.73038e-05      3.70649e-05      7.42529e-05      6.45715e-05       0.00188402
     -0.0617357                0      0.000157973      0.000240514      0.000375919      0.000271328      0.000206377       0.00285091
     -0.0556889                0      0.000141801      0.000198071       0.00035691      0.000288956      0.000190645       0.00106987       0.00299111
     0.00105959                0     -3.64278e-06     -3.65166e-06     -6.55699e-06     -5.27966e-06      -3.4618e-06      -2.0026e-05     -8.24453e-05       0.00291332
     -0.0108093                0      1.51712e-05      3.99759e-05       7.2335e-05      5.89404e-05      3.91694e-05      0.000211984      0.000140142      6.49652e-05       0.00164905
     -0.0196928                0      4.70255e-05      7.04285e-05      0.000126983      0.000102901      6.79627e-05       0.00037942      0.000342362     -6.37365e-06      6.82888e-05       0.00207394
     -0.0163582                0      3.69655e-05      5.87628e-05      0.000106001      8.59617e-05      5.68223e-05      0.000315907      0.000285068     -5.28549e-06      5.71426e-05      8.43405e-05       0.00224204
     -0.0161371                0      3.89179e-05      5.76645e-05       0.00010396      8.42329e-05      5.56243e-05      0.000310778      0.000280421     -5.22446e-06      5.58824e-05      0.000107159      7.44042e-05       0.00262744
     -0.0110411                0      2.69776e-05       3.9411e-05      7.10435e-05      5.75518e-05      3.79971e-05      0.000212514      0.000191753      -3.5761e-06      3.81655e-05      6.80466e-05      5.66851e-05      5.57308e-05       0.00253045
              0                0                0                0                0                0                0                0                0                0                0                0                0                0                0                0
              0                0                0                0                0                0                0                0                0                0                0                0                0                0                0                0                0
              0                0                0                0                0                0                0                0                0                0                0                0                0                0                0                0                0                0
              0                0                0                0                0                0                0                0                0                0                0                0                0                0                0                0                0                0                0
              0                0                0                0                0                0                0                0                0                0                0                0                0                0                0                0                0                0                0                0
              0                0                0                0                0                0                0                0                0                0                0                0                0                0                0                0                0                0                0                0                0
              0                0                0                0                0                0                0                0                0                0                0                0                0                0                0                0                0                0                0                0                0                0
      0.0415148                0       -0.0001159     -0.000177692      -0.00023445     -0.000140403     -0.000133143     -0.000851267     -0.000716322      1.35078e-05     -0.000140628     -0.000253708     -0.000211018     -0.000207849     -0.000142167                0                0                0                0                0                0                0      0.000617906
       0.045729                0     -0.000124658     -0.000161628     -0.000291042     -0.000235377     -0.000155108     -0.000875652     -0.000871433      0.000123636     -6.89741e-05     -0.000279909     -0.000232879     -0.000229302     -0.000156828                0                0                0                0                0                0                0      0.000587151      0.000784837
     0.00233776                0     -2.03961e-05     -6.52583e-06     -1.14067e-05     -8.79324e-06     -5.47166e-06      -3.9861e-05      -3.5855e-05      8.19709e-07     -5.16167e-06     -0.000111499      0.000100995     -6.00474e-05     -6.94333e-06                0                0                0                0                0                0                0      2.82122e-05      3.06384e-05      0.000653865
      0.0401132                0     -0.000106957     -0.000142076     -0.000255893     -0.000207024     -0.000136479     -0.000768954     -0.000693764      1.30304e-05      -0.00013688      -0.00024589     -0.000204631     -0.000201423     -0.000537368                0                0                0                0                0                0                0      0.000515353      0.000568207      2.65276e-05      0.000713534

Global correlation coefficients:

              1
              0                0
      -0.502359                0                1
      -0.106518                0        0.0362278                1
      -0.294861                0        0.0949474        0.0279186                1
      -0.253889                0        0.0746006        0.0156964         0.096618                1
      -0.138235                0        0.0361788        0.0144628        0.0446013        0.0413817                1
      -0.641897                0         0.268503        0.0762926         0.183561         0.141356        0.0890483                1
      -0.565293                0         0.235299        0.0613393         0.170145         0.146969        0.0803095         0.366374                1
      0.0108984                0      -0.00612486      -0.00114586      -0.00316729      -0.00272096      -0.00147763      -0.00694876        -0.027929                1
      -0.147775                0        0.0339048         0.016673        0.0464418        0.0403744        0.0222222        0.0977673        0.0631008        0.0296394                1
      -0.240065                0        0.0937113        0.0261929        0.0726983         0.062854        0.0343819         0.156038         0.137458      -0.00259296        0.0369262                1
      -0.191795                0        0.0708488        0.0210191        0.0583665        0.0505003        0.0276474         0.124953         0.110081      -0.00206809        0.0297181        0.0391126                1
      -0.174775                0        0.0689033        0.0190535        0.0528784        0.0457116        0.0250009         0.113551          0.10003      -0.00188835        0.0268468        0.0459054        0.0306556                1
      -0.121852                0        0.0486701        0.0132694        0.0368216        0.0318252        0.0174024         0.079122         0.069699      -0.00131709        0.0186834        0.0297036        0.0237985        0.0216138                1
              0                0                0                0                0                0                0                0                0                0                0                0                0                0                0                0
              0                0                0                0                0                0                0                0                0                0                0                0                0                0                0                0                0
              0                0                0                0                0                0                0                0                0                0                0                0                0                0                0                0                0                0
              0                0                0                0                0                0                0                0                0                0                0                0                0                0                0                0                0                0                0
              0                0                0                0                0                0                0                0                0                0                0                0                0                0                0                0                0                0                0                0
              0                0                0                0                0                0                0                0                0                0                0                0                0                0                0                0                0                0                0                0                0
              0                0                0                0                0                0                0                0                0                0                0                0                0                0                0                0                0                0                0                0                0                0
       0.927177                0        -0.423137        -0.121071        -0.245904        -0.157118          -0.1234        -0.641376        -0.526903        0.0100677        -0.139314        -0.224117        -0.179282        -0.163125        -0.113694                0                0                0                0                0                0                0                1
       0.906197                0         -0.40382        -0.097715        -0.270859        -0.233714        -0.127556        -0.585396        -0.568758        0.0817639       -0.0606288        -0.219396        -0.175558         -0.15968        -0.111285                0                0                0                0                0                0                0         0.843138                1
      0.0507549                0        -0.072387       -0.0043224       -0.0116304      -0.00956567      -0.00492983       -0.0291952       -0.0256383      0.000593911      -0.00497083       -0.0957479        0.0834134       -0.0458125       -0.0053979                0                0                0                0                0                0                0        0.0443846        0.0427692                1
       0.833683                0        -0.363379       -0.0900838        -0.249763        -0.215588        -0.117711         -0.53914        -0.474885       0.00903765        -0.126188        -0.202132        -0.161787        -0.147108        -0.399913                0                0                0                0                0                0                0         0.776134         0.759293        0.0388371                1
[('area', (None, None)), ('rmsbeam', (None, None)), ('back', (-0.010207098022026627, 0.010199999261441925)), ('jan16', (-0.05496532846795963, 0.0547689536434302)), ('jan30', (None, 0.037268424028723442)), ('feb06', (None, 0.035454023293816646)), ('feb13', (-0.044833344211241521, 0.044699206737868473)), ('feb20', (-0.041191804562280235, 0.041142696824026111)), ('feb27', (-0.041237395072943397, 0.041356752978765225)), ('mar06', (-0.053648059640109338, 0.054121597307586818)), ('mar13', (-0.040658621910201233, 0.040786997558893388)), ('apr03', (-0.053869746660917331, None)), ('apr08', (-0.046503205176868914, 0.046530591514813258)), ('apr09', (-0.050680810793431591, 0.050668352747269135)), ('apr10', (None, 0.050188821386363922)), ('fullgam', (None, None)), ('yint', (None, None)), ('phi', (None, None)), ('btautau', (None, None)), ('tauyint', (None, None)), ('tauphi', (None, None)), ('twophofrac', (None, None)), ('rjan', (-0.01269006257830671, 0.012724070208013484)), ('rfeb', (-0.014380515056653682, 0.014401496761160827)), ('rapr1', (-0.031503452592699689, 0.032152910112822855)), ('rapr2', (-0.018950853325085681, 0.01878878420982542))]
Minuit succeeded.
Hesse succeeded.
VariableMetricBuilder: no improvement
VariableMetricBuilder: no improvement
VariableMetricBuilder: finishes without convergence.
VariableMetricBuilder: edm= 0.000805701 requested: 1e-05
FunctionMinimum is invalid.
MnMinos could not find lower value for parameter 1.
VariableMetricBuilder: no improvement
VariableMetricBuilder: finishes without convergence.
VariableMetricBuilder: edm= 0.000175185 requested: 1e-05
FunctionMinimum is invalid.
MnMinos could not find upper value for parameter 1.
VariableMetricBuilder: no improvement
VariableMetricBuilder: matrix not pos.def.
gdel > 0: 1.78271e-05
negative or zero diagonal element 1 in covariance matrix
added 1.00014 to diagonal of error matrix
gdel: 1.78271e-05
MnGlobalCorrelationCoeff: inversion of matrix fails.
VariableMetricBuilder: matrix not pos.def.
edm < 0
eigenvalues: 
-0.0276908
0.00814006
0.744015
0.986793
1.00645
1.09217
1.49146
2.69866
matrix forced pos-def by adding 0.0303894 to diagonal
Minos succeeded.
2s Jean's B_tt:  f(area, rmsbeam, back, may29, jun11, jun12, jul10, jul24, aug07, fullgam, yint, phi, btautau, tauyint, tauphi, twophofrac, u1area) is <function u2fit at 0x40665e64>, with up = 1

Minuit succeeded.
Hesse succeeded.
Minos succeeded.

fval = 108.463599645, edm = 2.21746999087e-06, ncalls = 2992

    area = 134.140808672 +/- 0.848411734787, no limits
    rmsbeam = 4.18740558644 +/- 0.0320914335145, no limits
    back = 9.31809857366 +/- 0.00730451287253, no limits
    may29 = -1.31140020837 +/- 0.080970416546, no limits
    jun11 = -1.20716854434 +/- 0.0675492743514, no limits
    jun12 = -1.13816428781 +/- 0.0818295873052, no limits
    jul10 = -0.798435117145 +/- 0.0533706707321, no limits
    jul24 = -0.814508011449 +/- 0.0923440712479, no limits
    aug07 = -0.661441392436 +/- 0.0848390138528, no limits
    fullgam = 0.043 +/- 0.1, no limits
    yint = 0.01792 +/- 0.1, no limits
    phi = 0.0 +/- 0.1, no limits
    btautau = 0.0203 +/- 0.1, no limits
    tauyint = 0.23971330289 +/- 0.1, no limits
    tauphi = 0.0 +/- 0.1, no limits
    twophofrac = 0.0792 +/- 0.1, no limits
    u1area = 325.289556395 +/- 0.1, no limits

Covariance matrix:

       0.691099
      0.0178524      0.000949098
    -0.00123479     -1.50601e-05      5.33356e-05
    -0.00186489      0.000106488      1.43944e-06       0.00655519
     -0.0143292     -0.000303085     -3.94816e-06      6.44811e-05        0.0045546
    -0.00771504     -0.000204497       1.3288e-07      2.10958e-05      0.000167741       0.00669232
    -0.00690403     -9.47576e-05     -1.93618e-06      4.75779e-05      0.000165451      8.07536e-05       0.00284714
     -0.0125352      -0.00014695     -5.01672e-10      9.39592e-05      0.000302177      0.000145645      0.000165194       0.00852679
     0.00186404     -0.000105362     -3.12734e-06     -5.44757e-05     -6.32157e-05     -2.06378e-05     -4.67859e-05     -9.25528e-05       0.00696822
              0                0                0                0                0                0                0                0                0                0
              0                0                0                0                0                0                0                0                0                0                0
              0                0                0                0                0                0                0                0                0                0                0                0
              0                0                0                0                0                0                0                0                0                0                0                0                0
              0                0                0                0                0                0                0                0                0                0                0                0                0                0
              0                0                0                0                0                0                0                0                0                0                0                0                0                0                0
              0                0                0                0                0                0                0                0                0                0                0                0                0                0                0                0
              0                0                0                0                0                0                0                0                0                0                0                0                0                0                0                0                0

Global correlation coefficients:

              1
       0.697059                1
      -0.203382       -0.0669364                1
      -0.027707        0.0426927       0.00243441                1
      -0.255404        -0.145775      -0.00801053        0.0118009                1
      -0.113444       -0.0811417      0.000222414       0.00318505        0.0303826                1
      -0.155642        -0.057644      -0.00496858        0.0110131        0.0459452        0.0184999                1
      -0.163293       -0.0516561     -7.43906e-07        0.0125676        0.0484891        0.0192803        0.0335272                1
       0.026861       -0.0409702      -0.00512986      -0.00806026       -0.0112212      -0.00302213       -0.0105039        -0.012007                1
              0                0                0                0                0                0                0                0                0                0
              0                0                0                0                0                0                0                0                0                0                0
              0                0                0                0                0                0                0                0                0                0                0                0
              0                0                0                0                0                0                0                0                0                0                0                0                0
              0                0                0                0                0                0                0                0                0                0                0                0                0                0
              0                0                0                0                0                0                0                0                0                0                0                0                0                0                0
              0                0                0                0                0                0                0                0                0                0                0                0                0                0                0                0
              0                0                0                0                0                0                0                0                0                0                0                0                0                0                0                0                0
[('area', (-0.93528361921953884, 0.94519502818475265)), ('rmsbeam', (None, None)), ('back', (-0.0073133357934918909, 0.0073121433809628699)), ('may29', (-0.080774832002059704, 0.081217318171207045)), ('jun11', (-0.067883271590013089, 0.067940349442508)), ('jun12', (-0.082126718041130253, 0.081821674781281981)), ('jul10', (-0.053651796548795538, 0.053722466652553674)), ('jul24', (-0.092766048104998791, 0.093452649416105885)), ('aug07', (-0.091177458624042432, 0.090272906673664707)), ('fullgam', (None, None)), ('yint', (None, None)), ('phi', (None, None)), ('btautau', (None, None)), ('tauyint', (None, None)), ('tauphi', (None, None)), ('twophofrac', (None, None)), ('u1area', (None, None))]
VariableMetricBuilder: no improvement
VariableMetricBuilder: finishes without convergence.
VariableMetricBuilder: edm= 1.17047e+06 requested: 1e-05
eigenvalues: 
-4.06048
-1.81772
-1.1227
-0.986512
-0.811642
-0.325798
0.248734
0.564679
1
2.02916
2.35768
2.81406
2.99267
3.13195
3.90334
6.08257
matrix forced pos-def by adding 4.06656 to diagonal
MnHesse: matrix is invalid!
MnHesse: matrix is not pos. def.!
MnHesse: matrix was forced pos. def.
FunctionMinimum is invalid.
Minuit failed because covariance is not accurate, covariance is not positive definite, and the function is above maximum EDM.
VariableMetricBuilder: no improvement
VariableMetricBuilder: finishes without convergence.
VariableMetricBuilder: edm= 1.17176e+06 requested: 1e-05
eigenvalues: 
-4.05491
-1.82585
-1.50381
-1.12245
-0.986259
-0.794047
-0.324177
0.326743
1.52861
2.3461
2.79557
2.99076
3.12975
3.51425
3.90688
6.07283
matrix forced pos-def by adding 4.06098 to diagonal
MnHesse: matrix is invalid!
MnHesse: matrix is not pos. def.!
MnHesse: matrix was forced pos. def.
FunctionMinimum is invalid.
Minuit failed because covariance is not accurate, covariance is not positive definite, and the function is above maximum EDM.
3s Istvan's B_mm:  f(area, rmsbeam, back, nov28, dec05, dec12, dec19, dec26, jan02, jan09, fullgam, yint, phi, btautau, tauyint, tauphi, twophofrac, u1area, u2area, rnov28, rdec05, rdec12, rdec19, rdec26, rjan02, rjan09) is <function u3fit at 0x40665e9c>, with up = 1

Minuit failed because covariance is not accurate, covariance is not positive definite, and the function is above maximum EDM.
Hesse has not been executed.
Minos has not been executed.

    area = 86.1 +/- 1.11751811577, no limits
    rmsbeam = 4.48 +/- 0.1, no limits
    back = 9.315 +/- 0.01839488237, no limits
    nov28 = 4.72455428873 +/- 0.118326771104, no limits
    dec05 = 2.13302275186 +/- 0.0367043170908, no limits
    dec12 = 4.48648674274 +/- 3.84747424824, no limits
    dec19 = 4.6887492957 +/- 0.118622828454, no limits
    dec26 = 4.10410489024 +/- 0.27774372208, no limits
    jan02 = 4.57895393292 +/- 0.153351990784, no limits
    jan09 = 4.59825243059 +/- 0.0658353065803, no limits
    fullgam = 0.0263 +/- 0.1, no limits
    yint = 0.01823 +/- 0.1, no limits
    phi = 0.0 +/- 0.1, no limits
    btautau = 0.0239 +/- 0.1, no limits
    tauyint = 0.27 +/- 0.1, no limits
    tauphi = 0.0 +/- 0.1, no limits
    twophofrac = 0.0792 +/- 0.1, no limits
    u1area = 325.289556395 +/- 0.1, no limits
    u2area = 134.140808672 +/- 0.1, no limits
    rnov28 = 5.85572251406 +/- 0.030417036831, no limits
    rdec05 = 4.05772251406 +/- 0.0149396865797, no limits
    rdec12 = 5.03972251406 +/- 0.337807503369, no limits
    rdec19 = 6.06372251406 +/- 0.0392352768827, no limits
    rdec26 = 12.323833613 +/- 0.161984676021, no limits
    rjan02 = 5.54572251406 +/- 0.0327256971147, no limits
    rjan09 = 5.80172251406 +/- 0.0245816776557, no limits
[('area', (None, None)), ('rmsbeam', (None, None)), ('back', (None, None)), ('nov28', (None, None)), ('dec05', (None, None)), ('dec12', (None, None)), ('dec19', (None, None)), ('dec26', (None, None)), ('jan02', (None, None)), ('jan09', (None, None)), ('fullgam', (None, None)), ('yint', (None, None)), ('phi', (None, None)), ('btautau', (None, None)), ('tauyint', (None, None)), ('tauphi', (None, None)), ('twophofrac', (None, None)), ('u1area', (None, None)), ('u2area', (None, None)), ('rnov28', (None, None)), ('rdec05', (None, None)), ('rdec12', (None, None)), ('rdec19', (None, None)), ('rdec26', (None, None)), ('rjan02', (None, None)), ('rjan09', (None, None))]
Minuit succeeded.
Minos succeeded.
Minuit succeeded.
Minos succeeded.
Minuit succeeded.
VariableMetricBuilder: no improvement
VariableMetricBuilder: no improvement
Minos succeeded.
Minuit succeeded.
VariableMetricBuilder: no improvement
VariableMetricBuilder: no improvement
Minos succeeded.
Minuit succeeded.
Minos succeeded.
Minuit succeeded.
Minos succeeded.
