from B&S bhabhas with interference
dropping 125121
Minuit succeeded.
Hesse succeeded.
VariableMetricBuilder: no improvement
VariableMetricBuilder: no improvement
VariableMetricBuilder: machine accuracy limits further improvement.
VariableMetricBuilder: matrix not pos.def.
gdel > 0: 2.55947e-05
negative or zero diagonal element 2 in covariance matrix
added 1.00005 to diagonal of error matrix
gdel: 2.55947e-05
MnGlobalCorrelationCoeff: inversion of matrix fails.
VariableMetricBuilder: no improvement
VariableMetricBuilder: matrix not pos.def.
gdel > 0: 4.36732e-05
eigenvalues: 
-0.0121141
0.265596
0.455143
0.805115
0.938773
0.971243
0.975624
0.987578
0.990702
0.99213
0.994395
1.02073
1.0673
1.07482
1.26273
1.60604
2.6042
matrix forced pos-def by adding 0.0147183 to diagonal
gdel: -6.88009e-05
VariableMetricBuilder: no improvement
VariableMetricBuilder: no improvement
VariableMetricBuilder: no improvement
VariableMetricBuilder: finishes without convergence.
VariableMetricBuilder: edm= 0.000213127 requested: 1e-05
FunctionMinimum is invalid.
MnMinos could not find upper value for parameter 22.
VariableMetricBuilder: no improvement
Minos succeeded.
1s Istvan's B_tt:  f(area, rmsbeam, back, jan16, jan30, feb06, feb13, feb20, feb27, mar06, mar13, apr03, apr08, apr09, apr10, fullgam, yint, phi, btautau, tauyint, tauphi, twophofrac, rjan, rfeb, rapr1, rapr2) is <function u1fit at 0xb6d7e9cc>, with up = 1

Minuit succeeded.
Hesse succeeded.
Minos succeeded.

fval = 247.523308868, edm = 6.68631818271e-06, ncalls = 6830

    area = 323.913881365 +/- 0.955541976491, no limits
    rmsbeam = 3.79 +/- 0.1, no limits
    back = 9.35439085676 +/- 0.0102074405407, no limits
    jan16 = 0.333520729874 +/- 0.0548569532702, no limits
    jan30 = 0.475913924168 +/- 0.0372371617043, no limits
    feb06 = -0.0705382188496 +/- 0.0352889978965, no limits
    feb13 = -0.0238746077559 +/- 0.0447748783512, no limits
    feb20 = -0.0323907659337 +/- 0.0411830584936, no limits
    feb27 = 0.144534705759 +/- 0.0413015985458, no limits
    mar06 = 0.352081312672 +/- 0.053905138016, no limits
    mar13 = 0.24931400791 +/- 0.0407372591743, no limits
    apr03 = 0.657861234542 +/- 0.0585744434639, no limits
    apr08 = 0.555623614151 +/- 0.0461648746073, no limits
    apr09 = 0.536914939852 +/- 0.0503364642343, no limits
    apr10 = 0.709323441692 +/- 0.0518476987482, no limits
    fullgam = 0.053 +/- 0.1, no limits
    yint = 0.01864 +/- 0.1, no limits
    phi = 0.0 +/- 0.1, no limits
    btautau = 0.0264 +/- 0.1, no limits
    tauyint = 0.184325001843 +/- 0.1, no limits
    tauphi = 0.0 +/- 0.1, no limits
    twophofrac = 0.0792 +/- 0.1, no limits
    rjan = 3.82075609651 +/- 0.0127760319958, no limits
    rfeb = 3.81554179655 +/- 0.0144618803867, no limits
    rapr1 = 3.67306480043 +/- 0.0321566813276, no limits
    rapr2 = 3.73435791063 +/- 0.019572017286, no limits

Covariance matrix:

       0.913037
              0                0
    -0.00360139                0      0.000104199
    -0.00193263                0     -1.21501e-06       0.00300928
    -0.00639583                0      1.98455e-06      8.17076e-06        0.0013866
    -0.00653489                0      2.61268e-06      -2.9058e-06      7.20957e-05       0.00124531
    -0.00617788                0      4.67977e-06       1.9975e-05      4.30508e-05      3.60867e-05       0.00200479
    -0.00787492                0      8.83468e-06      1.53197e-05      6.46825e-05      7.14739e-05       5.5695e-05       0.00169604
     -0.0044977                0      3.67632e-06      1.09015e-05      3.51389e-05      3.58115e-05      3.35097e-05      4.22663e-05       0.00170582
    -0.00236126                0      5.45269e-06      5.37729e-06      1.75379e-05      1.78941e-05      1.68217e-05      2.13195e-05      3.09718e-05       0.00290576
    -0.00772528                0      6.40869e-06      1.87153e-05      6.03305e-05      6.14859e-05      5.75359e-05      7.25737e-05       5.0245e-05      4.94664e-05       0.00165952
    -0.00797782                0      1.65478e-05      1.83519e-05      5.97381e-05        6.094e-05      5.72443e-05      7.24935e-05      4.16311e-05      2.12721e-05      7.14904e-05       0.00343106
    -0.00468892                0      7.20461e-06      1.10339e-05       3.5762e-05      3.64662e-05      3.41967e-05      4.32305e-05      2.48625e-05      1.26107e-05      4.26923e-05      4.23896e-05       0.00213073
    -0.00454851                0      7.04088e-06      1.06983e-05      3.46776e-05      3.53607e-05      3.31612e-05       4.1923e-05      2.41099e-05      1.22308e-05      4.13999e-05      4.49403e-05      2.43917e-05       0.00253381
    -0.00485002                0      9.54288e-06      1.12076e-05      3.64507e-05      3.71809e-05      3.49142e-05      4.41994e-05        2.539e-05      1.29543e-05         4.36e-05      4.39674e-05      2.61103e-05      2.53228e-05       0.00268638
              0                0                0                0                0                0                0                0                0                0                0                0                0                0                0                0
              0                0                0                0                0                0                0                0                0                0                0                0                0                0                0                0                0
              0                0                0                0                0                0                0                0                0                0                0                0                0                0                0                0                0                0
              0                0                0                0                0                0                0                0                0                0                0                0                0                0                0                0                0                0                0
              0                0                0                0                0                0                0                0                0                0                0                0                0                0                0                0                0                0                0                0
              0                0                0                0                0                0                0                0                0                0                0                0                0                0                0                0                0                0                0                0                0
              0                0                0                0                0                0                0                0                0                0                0                0                0                0                0                0                0                0                0                0                0                0
      0.0092053                0     -2.75161e-05     -4.26526e-05      -4.2898e-05     -8.85684e-06     -7.96919e-05     -7.05526e-05     -4.67203e-05     -2.41837e-05      -8.0238e-05     -8.18907e-05     -4.83772e-05     -4.69234e-05     -4.98351e-05                0                0                0                0                0                0                0      0.000163222
     0.00966084                0     -2.63614e-05     -2.16026e-05     -7.07076e-05     -7.21687e-05     -6.79375e-05     -8.62253e-05     -2.52407e-05      5.61568e-05     -4.81521e-05     -8.63604e-05      -5.1087e-05     -4.95503e-05     -5.25693e-05                0                0                0                0                0                0                0      9.85488e-05       0.00020914
     0.00157019                0     -2.45219e-05     -1.52363e-06     -6.26539e-06     -6.52076e-06     -6.61458e-06     -9.01598e-06     -4.87048e-06     -3.27441e-06     -8.38476e-06      -7.9588e-05      1.04093e-06     -5.65824e-05     -6.38816e-06                0                0                0                0                0                0                0      1.40399e-05      1.42222e-05       0.00104273
      0.0117244                0      -2.9276e-05     -2.64836e-05      -8.6512e-05     -8.82827e-05      -8.3043e-05     -0.000105314     -6.04072e-05     -3.10492e-05     -0.000103738     -0.000105257     -6.23397e-05      -6.0463e-05     -0.000512399                0                0                0                0                0                0                0      0.000119864       0.00012627      1.67068e-05       0.00038279

Global correlation coefficients:

              1
              0                0
      -0.369228                0                1
       -0.03687                0      -0.00216978                1
      -0.179753                0       0.00522102       0.00399995                1
      -0.193801                0       0.00725298      -0.00150105         0.054865                1
      -0.144398                0         0.010239       0.00813246        0.0258209        0.0228389                1
      -0.200117                0        0.0210156       0.00678111        0.0421787        0.0491803         0.030204                1
      -0.113967                0       0.00871998        0.0048116        0.0228479        0.0245707        0.0181205         0.024849                1
     -0.0458427                0       0.00990944       0.00181845       0.00873718       0.00940679       0.00696957       0.00960348        0.0139114                1
      -0.198463                0        0.0154116       0.00837481        0.0397714        0.0427707        0.0315438        0.0432584        0.0298631        0.0225263                1
      -0.142536                0        0.0276754       0.00571132        0.0273881        0.0294815        0.0218265        0.0300516        0.0172083       0.00673698          0.02996                1
      -0.106308                0        0.0152902       0.00435745        0.0208056        0.0223865        0.0165457        0.0227409        0.0130411        0.0050681        0.0227036        0.0156776                1
     -0.0945666                0        0.0137028       0.00387434        0.0185006        0.0199066        0.0147133        0.0202231        0.0115969       0.00450754        0.0201893        0.0152418        0.0104976                1
       -0.09793                0         0.018037       0.00394184        0.0188863        0.0203281        0.0150447        0.0207069        0.0118608       0.00463661        0.0206496        0.0144822        0.0109135       0.00970602                1
              0                0                0                0                0                0                0                0                0                0                0                0                0                0                0                0
              0                0                0                0                0                0                0                0                0                0                0                0                0                0                0                0                0
              0                0                0                0                0                0                0                0                0                0                0                0                0                0                0                0                0                0
              0                0                0                0                0                0                0                0                0                0                0                0                0                0                0                0                0                0                0
              0                0                0                0                0                0                0                0                0                0                0                0                0                0                0                0                0                0                0                0
              0                0                0                0                0                0                0                0                0                0                0                0                0                0                0                0                0                0                0                0                0
              0                0                0                0                0                0                0                0                0                0                0                0                0                0                0                0                0                0                0                0                0                0
       0.754056                0        -0.210991       -0.0608589        -0.090172       -0.0196449        -0.139313        -0.134093        -0.088542       -0.0351158         -0.15417        -0.109429       -0.0820326       -0.0729647       -0.0752595                0                0                0                0                0                0                0                1
        0.69912                0        -0.178574       -0.0272305        -0.131302        -0.141414         -0.10492        -0.144777       -0.0422587        0.0720366       -0.0817346        -0.101949       -0.0765291       -0.0680676       -0.0701342                0                0                0                0                0                0                0         0.533387                1
      0.0508889                0       -0.0743939     -0.000860128      -0.00521059      -0.00572235      -0.00457491      -0.00677969      -0.00365191      -0.00188112      -0.00637403       -0.0420773      0.000698345       -0.0348104      -0.00381686                0                0                0                0                0                0                0         0.034032        0.0304552                1
        0.62714                0        -0.146589       -0.0246754        -0.118746        -0.127867       -0.0947957        -0.130703       -0.0747553       -0.0294401        -0.130157       -0.0918451       -0.0690271       -0.0613936        -0.505294                0                0                0                0                0                0                0         0.479532         0.446273         0.026444                1
[('area', (-0.94724412098503563, 0.94646908809966135)), ('rmsbeam', (None, None)), ('back', (-0.010214003110994725, 0.010192751654106279)), ('jan16', (-0.054985128605842655, 0.054713797312497911)), ('jan30', (-0.037180829732986601, 0.037255263561208264)), ('feb06', (-0.035087145666558753, 0.035447637028283449)), ('feb13', (-0.044822041534837265, 0.044709397876967163)), ('feb20', (-0.041149105947807657, 0.041196281954193677)), ('feb27', (-0.041247490074635407, 0.041338936271780778)), ('mar06', (-0.053611462532296171, 0.054171447874291991)), ('mar13', (-0.04063856875783195, 0.040800879653740955)), ('apr03', (-0.05856775050071291, 0.058557188953700108)), ('apr08', (-0.046160280228885769, 0.046231531376241461)), ('apr09', (-0.050376929421024307, 0.050284753106246513)), ('apr10', (-0.050302054608548023, 0.050211799012979043)), ('fullgam', (None, None)), ('yint', (None, None)), ('phi', (None, None)), ('btautau', (None, None)), ('tauyint', (None, None)), ('tauphi', (None, None)), ('twophofrac', (None, None)), ('rjan', (-0.01269545663204206, None)), ('rfeb', (-0.014386257208970481, 0.014402341416907631)), ('rapr1', (-0.031809749063939061, 0.032360090176383326)), ('rapr2', (-0.018960851954231563, 0.018781934476140745))]
Minuit succeeded.
Hesse succeeded.
VariableMetricBuilder: matrix not pos.def.
gdel > 0: 3.95202e-05
eigenvalues: 
-7.17128
0.452967
0.687201
0.801839
0.922645
0.961896
0.990975
0.994677
0.998081
1.00199
1.02149
1.12542
1.18
1.22209
1.43447
1.60503
8.7705
matrix forced pos-def by adding 7.18005 to diagonal
gdel: -7.37411e-05
VariableMetricBuilder: no improvement
VariableMetricBuilder: no improvement
VariableMetricBuilder: matrix not pos.def.
gdel > 0: 0.0393467
negative or zero diagonal element 0 in covariance matrix
negative or zero diagonal element 5 in covariance matrix
negative or zero diagonal element 13 in covariance matrix
negative or zero diagonal element 14 in covariance matrix
negative or zero diagonal element 16 in covariance matrix
added 1.88568 to diagonal of error matrix
gdel: 0.0393467
MnGlobalCorrelationCoeff: inversion of matrix fails.
VariableMetricBuilder: no improvement
VariableMetricBuilder: no improvement
VariableMetricBuilder: finishes without convergence.
VariableMetricBuilder: edm= 0.000556392 requested: 1e-05
FunctionMinimum is invalid.
MnMinos could not find lower value for parameter 9.
VariableMetricBuilder: matrix not pos.def.
gdel > 0: 2.9908e-05
eigenvalues: 
-2.19477
0.170322
0.487679
0.797684
0.944692
0.958863
0.963238
0.967164
0.983087
0.983762
0.988829
1.00449
1.02572
1.05026
1.09842
1.57124
5.19932
matrix forced pos-def by adding 2.19997 to diagonal
gdel: -3.0905e-06
VariableMetricBuilder: no improvement
VariableMetricBuilder: matrix not pos.def.
gdel > 0: 1.06989e-05
negative or zero diagonal element 6 in covariance matrix
added 1 to diagonal of error matrix
gdel: 1.06989e-05
MnGlobalCorrelationCoeff: inversion of matrix fails.
VariableMetricBuilder: matrix not pos.def.
gdel > 0: 0.00435965
negative or zero diagonal element 0 in covariance matrix
negative or zero diagonal element 13 in covariance matrix
added 1.02412 to diagonal of error matrix
gdel: 0.00435965
MnGlobalCorrelationCoeff: inversion of matrix fails.
VariableMetricBuilder: no improvement
VariableMetricBuilder: finishes without convergence.
VariableMetricBuilder: edm= 0.000351456 requested: 1e-05
FunctionMinimum is invalid.
MnMinos could not find upper value for parameter 22.
VariableMetricBuilder: no improvement
Minos succeeded.
1s Istvan's B_mm:  f(area, rmsbeam, back, jan16, jan30, feb06, feb13, feb20, feb27, mar06, mar13, apr03, apr08, apr09, apr10, fullgam, yint, phi, btautau, tauyint, tauphi, twophofrac, rjan, rfeb, rapr1, rapr2) is <function u1fit at 0xb6d7e9cc>, with up = 1

Minuit succeeded.
Hesse succeeded.
Minos succeeded.

fval = 247.53142113, edm = 3.93997119394e-08, ncalls = 14091

    area = 324.194707449 +/- 0.953286121242, no limits
    rmsbeam = 3.79 +/- 0.1, no limits
    back = 9.35442365656 +/- 0.0102053311593, no limits
    jan16 = 0.333622951741 +/- 0.0548566441936, no limits
    jan30 = 0.476017594865 +/- 0.0372372295189, no limits
    feb06 = -0.0704371121288 +/- 0.0352877485709, no limits
    feb13 = -0.0237723955755 +/- 0.0447740711736, no limits
    feb20 = -0.0322545909929 +/- 0.0411818410943, no limits
    feb27 = 0.144636536155 +/- 0.041301023053, no limits
    mar06 = 0.352206216701 +/- 0.0539046675859, no limits
    mar13 = 0.249424689802 +/- 0.0407391720785, no limits
    apr03 = 0.657982937571 +/- 0.0588624526471, no limits
    apr08 = 0.555728966388 +/- 0.0461973139455, no limits
    apr09 = 0.536964168763 +/- 0.050335819075, no limits
    apr10 = 0.709446962488 +/- 0.0516458668991, no limits
    fullgam = 0.053 +/- 0.1, no limits
    yint = 0.01864 +/- 0.1, no limits
    phi = 0.0 +/- 0.1, no limits
    btautau = 0.0249 +/- 0.1, no limits
    tauyint = 0.195428917617 +/- 0.1, no limits
    tauphi = 0.0 +/- 0.1, no limits
    twophofrac = 0.0792 +/- 0.1, no limits
    rjan = 3.82075371421 +/- 0.012769062707, no limits
    rfeb = 3.81552012285 +/- 0.0144685978407, no limits
    rapr1 = 3.67304919628 +/- 0.0321069604974, no limits
    rapr2 = 3.73433004132 +/- 0.0194965955308, no limits

Covariance matrix:

       0.866825
              0                0
    -0.00348576                0      0.000103902
    -0.00182652                0     -1.48318e-06       0.00300904
    -0.00604839                0      1.10849e-06       7.3775e-06       0.00138395
    -0.00618064                0      1.71865e-06     -3.71734e-06      6.94298e-05       0.00124262
    -0.00584482                0      3.83884e-06      1.92118e-05      4.05537e-05      3.35392e-05       0.00200238
    -0.00745225                0      7.76847e-06      1.43522e-05      6.15077e-05      6.82365e-05      5.26548e-05       0.00169216
    -0.00359439                0      1.39093e-06      8.85689e-06      2.84541e-05      2.89911e-05      2.70941e-05      3.41279e-05       0.00167289
     -0.0023671                0      5.46874e-06      5.38558e-06      1.75627e-05      1.79203e-05      1.68469e-05      2.13506e-05      3.41316e-05       0.00290523
    -0.00736805                0      5.50733e-06      1.78947e-05      5.76413e-05      5.87444e-05      5.49586e-05      6.93019e-05      4.47314e-05      4.92119e-05       0.00165664
    -0.00761583                0      1.58347e-05      1.75003e-05      5.69605e-05      5.81095e-05      5.45879e-05      6.91277e-05      3.37295e-05      2.14635e-05      6.87042e-05       0.00344983
    -0.00442797                0       6.1778e-06      1.04725e-05         3.39e-05      3.45654e-05      3.24009e-05        4.094e-05      2.00511e-05      1.26157e-05      4.07586e-05      3.89044e-05        0.0021369
    -0.00430507                0      6.42271e-06      1.01409e-05      3.28515e-05      3.34988e-05      3.14105e-05      3.97008e-05       1.9434e-05      1.22468e-05      3.95155e-05       4.3561e-05      2.21888e-05       0.00253251
     -0.0018254                0      2.15647e-06      4.35552e-06      1.40758e-05      1.43498e-05      1.34424e-05      1.69736e-05      8.32261e-06      5.21831e-06      1.69071e-05      1.68908e-05      9.99526e-06      9.69381e-06       0.00239062
              0                0                0                0                0                0                0                0                0                0                0                0                0                0                0                0
              0                0                0                0                0                0                0                0                0                0                0                0                0                0                0                0                0
              0                0                0                0                0                0                0                0                0                0                0                0                0                0                0                0                0                0
              0                0                0                0                0                0                0                0                0                0                0                0                0                0                0                0                0                0                0
              0                0                0                0                0                0                0                0                0                0                0                0                0                0                0                0                0                0                0                0
              0                0                0                0                0                0                0                0                0                0                0                0                0                0                0                0                0                0                0                0                0
              0                0                0                0                0                0                0                0                0                0                0                0                0                0                0                0                0                0                0                0                0                0
     0.00872509                0      -2.6303e-05     -4.15521e-05     -3.93014e-05     -5.18139e-06     -7.62347e-05      -6.6169e-05      -3.7456e-05     -2.42219e-05     -7.65208e-05     -7.81031e-05     -4.57064e-05      -4.4397e-05     -1.88802e-05                0                0                0                0                0                0                0      0.000158236
     0.00898638                0      -2.4657e-05     -2.00631e-05     -6.56686e-05     -6.70296e-05     -6.31049e-05     -8.00928e-05     -8.30197e-06      5.53087e-05     -4.33148e-05     -8.08425e-05       -4.739e-05     -4.60214e-05      -1.9586e-05                0                0                0                0                0                0                0      9.15749e-05      0.000198371
     0.00148562                0     -2.42355e-05     -1.33684e-06     -5.64989e-06     -5.89246e-06     -6.02202e-06     -8.26205e-06     -3.50632e-06     -3.23405e-06     -7.72715e-06     -9.02187e-05      1.93891e-05     -5.59381e-05     -2.07528e-06                0                0                0                0                0                0                0      1.31692e-05      1.30691e-05       0.00103798
      0.0102962                0     -2.57425e-05     -2.32338e-05     -7.58881e-05     -7.74453e-05     -7.28516e-05     -9.23864e-05     -4.49705e-05     -2.88222e-05     -9.17212e-05     -9.30386e-05     -5.46219e-05     -5.30333e-05     -0.000390812                0                0                0                0                0                0                0      0.000105168      0.000108741      1.44644e-05       0.00033057

Global correlation coefficients:

              1
              0                0
      -0.367299                0                1
     -0.0357639                0      -0.00265258                1
      -0.174628                0       0.00292321       0.00361522                1
      -0.188321                0       0.00478307      -0.00192243         0.052944                1
      -0.140292                0       0.00841615       0.00782674        0.0243611        0.0212623                1
      -0.194581                0        0.0185269       0.00636038        0.0401928        0.0470574        0.0286051                1
     -0.0943899                0       0.00333626        0.0039476        0.0187004        0.0201077        0.0148036        0.0202841                1
     -0.0471693                0       0.00995369        0.0018215       0.00875872       0.00943163       0.00698483        0.0096294        0.0154822                1
      -0.194434                0        0.0132744       0.00801485        0.0380679        0.0409434         0.030175        0.0413915        0.0268698        0.0224319                1
      -0.139269                0        0.0264483       0.00543167        0.0260684        0.0280659        0.0207694         0.028611        0.0140403       0.00677971        0.0287389                1
      -0.102884                0        0.0131108       0.00412992        0.0197127        0.0212119        0.0156636        0.0215295         0.010605       0.00506324        0.0216627        0.0143287                1
     -0.0918837                0        0.0125207       0.00367355        0.0175476        0.0188836        0.0139484         0.019178       0.00944175       0.00451498         0.019292        0.0147375       0.00953819                1
     -0.0400992                0       0.00432688       0.00162394       0.00773849        0.0083257       0.00614396       0.00843912        0.0041617       0.00198009       0.00849573        0.0058816       0.00442228        0.0039397                1
              0                0                0                0                0                0                0                0                0                0                0                0                0                0                0                0
              0                0                0                0                0                0                0                0                0                0                0                0                0                0                0                0                0
              0                0                0                0                0                0                0                0                0                0                0                0                0                0                0                0                0                0
              0                0                0                0                0                0                0                0                0                0                0                0                0                0                0                0                0                0                0
              0                0                0                0                0                0                0                0                0                0                0                0                0                0                0                0                0                0                0                0
              0                0                0                0                0                0                0                0                0                0                0                0                0                0                0                0                0                0                0                0                0
              0                0                0                0                0                0                0                0                0                0                0                0                0                0                0                0                0                0                0                0                0                0
       0.744992                0        -0.205135       -0.0602179       -0.0839836       -0.0116849        -0.135434        -0.127874       -0.0728007       -0.0357245        -0.149456         -0.10571       -0.0786016       -0.0701335       -0.0306972                0                0                0                0                0                0                0                1
         0.6853                0        -0.171747       -0.0259684        -0.125331        -0.135008        -0.100127         -0.13824       -0.0144115        0.0728559       -0.0755586       -0.0977242       -0.0727873         -0.06493       -0.0284414                0                0                0                0                0                0                0         0.516874                1
      0.0495276                0       -0.0737981     -0.000756433      -0.00471394       -0.0051884      -0.00417708      -0.00623408      -0.00266087      -0.00186235      -0.00589264       -0.0476763        0.0130188       -0.0345014      -0.00131742                0                0                0                0                0                0                0        0.0324946        0.0288013                1
       0.608247                0        -0.138901       -0.0232956        -0.112197        -0.120836       -0.0895435        -0.123525       -0.0604732       -0.0294107        -0.123944        -0.087123       -0.0649895       -0.0579617        -0.439623                0                0                0                0                0                0                0         0.459831         0.424643         0.024693                1
[('area', (-0.94811655518869997, 0.94722030132125667)), ('rmsbeam', (None, None)), ('back', (-0.01020328903785985, 0.010202614454451784)), ('jan16', (-0.054981145856031297, 0.054705405797987473)), ('jan30', (-0.037177318764020584, 0.037258544636531894)), ('feb06', (-0.035095241862160557, 0.035439667824323055)), ('feb13', (-0.044822287764205319, 0.044707925624331894)), ('feb20', (-0.041195118644085364, 0.041149581179050404)), ('feb27', (-0.041255013855508955, 0.04133135186868088)), ('mar06', (None, 0.054132774126731835)), ('mar13', (-0.04064868791234133, 0.04079048845959482)), ('apr03', (-0.058594737910593567, 0.058528671487026236)), ('apr08', (-0.046171822967628756, 0.046220133594552223)), ('apr09', (-0.050332133005479347, 0.05024361049492037)), ('apr10', (-0.050327182672151936, 0.050166452267098538)), ('fullgam', (None, None)), ('yint', (None, None)), ('phi', (None, None)), ('btautau', (None, None)), ('tauyint', (None, None)), ('tauphi', (None, None)), ('twophofrac', (None, None)), ('rjan', (-0.012705794077709097, None)), ('rfeb', (-0.0143788706810608, 0.014410429270514145)), ('rapr1', (-0.031805343388985947, 0.032363642249761147)), ('rapr2', (-0.018958065784401693, 0.018785101311482165))]
