***************************** First the experimental fit.
Minuit succeeded.
2s Jean's B_tt:  f(area, rmsbeam, back, may29, jun11, jun12, jul10, jul24, aug07, fullgam, yint, phi, btautau, tauyint, tauphi, twophofrac, u1area) is <function u2fit at 0x4066aaac>, with up = 1

Minuit succeeded.
Hesse has not been executed.
Minos has not been executed.

fval = 107.320841303, edm = 3.78903663966e-06, ncalls = 317

    area = 131.430705771 +/- 0.927676476034, no limits
    rmsbeam = 4.18688746877 +/- 0.0394981578227, no limits
    back = 9.31713017269 +/- 0.00731447603847, no limits
    may29 = -1.32263665867 +/- 0.0810530108302, no limits
    jun11 = -1.21481957846 +/- 0.0678723693756, no limits
    jun12 = -1.13241751372 +/- 0.081719112415, no limits
    jul10 = -0.802913201833 +/- 0.053657760935, no limits
    jul24 = -0.822945621744 +/- 0.0929516191672, no limits
    aug07 = -0.668424073152 +/- 0.0929168726639, no limits
    fullgam = 0.043 +/- 0.1, no limits
    yint = 0.0246073159853 +/- 0.1, no limits
    phi = 45.0 +/- 0.1, no limits
    btautau = 0.0203 +/- 0.1, no limits
    tauyint = 0.23971330289 +/- 0.1, no limits
    tauphi = 0.0 +/- 0.1, no limits
    twophofrac = 0.0792 +/- 0.1, no limits
    u1area = 324.112399799 +/- 0.1, no limits

Covariance matrix:

       0.860584
      0.0284578        0.0015601
    -0.00138408     -2.45841e-05      5.35016e-05
   -0.000643124       0.00017569      3.86659e-07       0.00656959
     -0.0174357     -0.000492379     -9.23151e-07      4.44672e-05       0.00460666
    -0.00967554     -0.000330712      2.17205e-06      5.70996e-06      0.000202769       0.00667801
    -0.00836183     -0.000180944     -5.63101e-07      3.91787e-05      0.000193295      9.68023e-05       0.00287916
     -0.0140702     -0.000239657      1.48588e-06      8.65135e-05      0.000333929      0.000161704      0.000181408          0.00864
     -0.0102645      -0.00080598      6.96818e-06     -0.000141704      0.000140468      0.000121858      2.55154e-05     -5.88417e-06       0.00863355
              0                0                0                0                0                0                0                0                0                0
              0                0                0                0                0                0                0                0                0                0                0
              0                0                0                0                0                0                0                0                0                0                0                0
              0                0                0                0                0                0                0                0                0                0                0                0                0
              0                0                0                0                0                0                0                0                0                0                0                0                0                0
              0                0                0                0                0                0                0                0                0                0                0                0                0                0                0
              0                0                0                0                0                0                0                0                0                0                0                0                0                0                0                0
              0                0                0                0                0                0                0                0                0                0                0                0                0                0                0                0                0

Global correlation coefficients:

              1
       0.776654                1
      -0.203978        -0.085093                1
     -0.0085532        0.0548783      0.000652193                1
      -0.276916        -0.183666       -0.0018595       0.00808309                1
      -0.127631        -0.102459       0.00363381      0.000862066        0.0365581                1
      -0.167986       -0.0853759      -0.00143473       0.00900843        0.0530757        0.0220765                1
      -0.163172       -0.0652764       0.00218546        0.0114831        0.0529304        0.0212883         0.036372                1
      -0.119082         -0.21961        0.0102528       -0.0188157        0.0222736        0.0160486        0.0051177     -0.000681293                1
              0                0                0                0                0                0                0                0                0                0
              0                0                0                0                0                0                0                0                0                0                0
              0                0                0                0                0                0                0                0                0                0                0                0
              0                0                0                0                0                0                0                0                0                0                0                0                0
              0                0                0                0                0                0                0                0                0                0                0                0                0                0
              0                0                0                0                0                0                0                0                0                0                0                0                0                0                0
              0                0                0                0                0                0                0                0                0                0                0                0                0                0                0                0
              0                0                0                0                0                0                0                0                0                0                0                0                0                0                0                0                0
Minuit succeeded.
3s Istvan's B_mm:  f(area, rmsbeam, back, nov28, dec05, dec12, dec19, dec26, jan02, jan09, fullgam, yint, phi, btautau, tauyint, tauphi, twophofrac, u1area, u2area, rnov28, rdec05, rdec12, rdec19, rdec26, rjan02, rjan09) is <function u3fit at 0x4066aa74>, with up = 1

Minuit succeeded.
Hesse has not been executed.
Minos has not been executed.

fval = 154.562376711, edm = 1.09932973088e-05, ncalls = 650

    area = 87.7747629438 +/- 1.48714059958, no limits
    rmsbeam = 4.68 +/- 0.1, no limits
    back = 9.31401549596 +/- 0.012417254004, no limits
    nov28 = -3.40205058544 +/- 0.168663292412, no limits
    dec05 = -3.96107484352 +/- 0.132232578721, no limits
    dec12 = -2.85810483058 +/- 0.234833814764, no limits
    dec19 = -2.76259168871 +/- 0.153546361243, no limits
    dec26 = -2.73789334472 +/- 0.106044048386, no limits
    jan02 = -2.91939294727 +/- 0.1409139627, no limits
    jan09 = -3.01461219788 +/- 0.16922158928, no limits
    fullgam = 0.0263 +/- 0.1, no limits
    yint = 0.0246073159853 +/- 0.1, no limits
    phi = 45.0 +/- 0.1, no limits
    btautau = 0.0239 +/- 0.1, no limits
    tauyint = 0.203605859777 +/- 0.1, no limits
    tauphi = 0.0 +/- 0.1, no limits
    twophofrac = 0.0792 +/- 0.1, no limits
    u1area = 324.112399799 +/- 0.1, no limits
    u2area = 133.644674767 +/- 0.1, no limits
    rnov28 = 4.67318447928 +/- 0.0915758502409, no limits
    rdec05 = 4.69446912753 +/- 0.0814157246833, no limits
    rdec12 = 4.68319175485 +/- 0.107111327648, no limits
    rdec19 = 4.75752238848 +/- 0.0877714518257, no limits
    rdec26 = 4.80575746664 +/- 0.109185933425, no limits
    rjan02 = 4.51609349625 +/- 0.119929356321, no limits
    rjan09 = 4.68417070184 +/- 0.0851619284239, no limits

Covariance matrix:

        2.21159
              0                0
      -0.010371                0      0.000154188
     -0.0470163                0      0.000132059        0.0284473
     -0.0887648                0      0.000323845       0.00196446        0.0174855
      -0.209395                0      0.000806534       0.00459847       0.00855788        0.0551469
      0.0440669                0     -0.000172166     -0.000965705      -0.00179887      -0.00422959        0.0235765
    -0.00964761                0     -1.01797e-05      0.000251523      0.000435737       0.00100554     -0.000210337        0.0112453
      -0.103264                0      0.000351947       0.00230613       0.00426047       0.00999701      -0.00210081      0.000519934        0.0198567
     -0.0649278                0      0.000182826        0.0014822       0.00271245       0.00634956      -0.00133345      0.000347105       0.00318411        0.0286359
              0                0                0                0                0                0                0                0                0                0                0
              0                0                0                0                0                0                0                0                0                0                0                0
              0                0                0                0                0                0                0                0                0                0                0                0                0
              0                0                0                0                0                0                0                0                0                0                0                0                0                0
              0                0                0                0                0                0                0                0                0                0                0                0                0                0                0
              0                0                0                0                0                0                0                0                0                0                0                0                0                0                0                0
              0                0                0                0                0                0                0                0                0                0                0                0                0                0                0                0                0
              0                0                0                0                0                0                0                0                0                0                0                0                0                0                0                0                0                0
              0                0                0                0                0                0                0                0                0                0                0                0                0                0                0                0                0                0                0
       0.106321                0     -0.000431703         0.003013      -0.00432587       -0.0101777       0.00214034     -0.000498917      -0.00504821      -0.00319844                0                0                0                0                0                0                0                0                0       0.00838614
       0.106795                0     -0.000421779      -0.00233656      -0.00329804       -0.0102428       0.00215376     -0.000507365      -0.00508558      -0.00322637                0                0                0                0                0                0                0                0                0       0.00518419       0.00662852
       0.146605                0     -0.000575918      -0.00321014      -0.00598185       -0.0160428       0.00295762     -0.000698114      -0.00698519      -0.00443261                0                0                0                0                0                0                0                0                0       0.00711865       0.00716293        0.0114728
       0.104666                0     -0.000415197      -0.00228846      -0.00426713       -0.0100356       0.00265113     -0.000496293      -0.00498192      -0.00315995                0                0                0                0                0                0                0                0                0        0.0050797       0.00511085       0.00701822       0.00770383
      0.0611717                0     -0.000358255      -0.00124065       -0.0023927      -0.00567315       0.00119555       0.00247617      -0.00276677       -0.0017136                0                0                0                0                0                0                0                0                0       0.00289556       0.00290047       0.00397958       0.00284388        0.0119216
       0.150037                0     -0.000622481      -0.00325757      -0.00609291       -0.0143404       0.00301604     -0.000697086      -0.00699322      -0.00449824                0                0                0                0                0                0                0                0                0       0.00726432       0.00730583        0.0100316        0.0071588       0.00409511        0.0143831
       0.107883                0     -0.000435048      -0.00235285      -0.00439206       -0.0103322       0.00217277     -0.000507823      -0.00512614       0.00115803                0                0                0                0                0                0                0                0                0       0.00523132       0.00526261       0.00722641       0.00515649       0.00293608       0.00737336       0.00725255

Global correlation coefficients:

              1
              0                0
       -0.56162                0                1
      -0.187446                0        0.0630553                1
      -0.451388                0          0.19723        0.0880816                1
      -0.599589                0          0.27659           0.1161         0.275592                1
       0.192984                0       -0.0902987       -0.0372893       -0.0885974          -0.1173                1
      -0.061176                0       -0.0077308        0.0140628        0.0310742        0.0403786       -0.0129179                1
      -0.492771                0          0.20114        0.0970306         0.228647         0.302103       -0.0970942        0.0347943                1
      -0.258002                0        0.0870074        0.0519316         0.121218         0.159782       -0.0513196        0.0193427          0.13353                1
              0                0                0                0                0                0                0                0                0                0                0
              0                0                0                0                0                0                0                0                0                0                0                0
              0                0                0                0                0                0                0                0                0                0                0                0                0
              0                0                0                0                0                0                0                0                0                0                0                0                0                0
              0                0                0                0                0                0                0                0                0                0                0                0                0                0                0
              0                0                0                0                0                0                0                0                0                0                0                0                0                0                0                0
              0                0                0                0                0                0                0                0                0                0                0                0                0                0                0                0                0
              0                0                0                0                0                0                0                0                0                0                0                0                0                0                0                0                0                0
              0                0                0                0                0                0                0                0                0                0                0                0                0                0                0                0                0                0                0
       0.780703                0        -0.379646         0.195073        -0.357235        -0.473268         0.152217       -0.0513761        -0.391203        -0.206396                0                0                0                0                0                0                0                0                0                1
       0.882047                0        -0.417207        -0.170157        -0.306344        -0.535733         0.172286       -0.0587659         -0.44328         -0.23418                0                0                0                0                0                0                0                0                0         0.695332                1
       0.920368                0        -0.433012        -0.177692        -0.422339        -0.637798         0.179832       -0.0614617        -0.462795         -0.24455                0                0                0                0                0                0                0                0                0          0.72574         0.821385                1
       0.801867                0        -0.380957        -0.154586        -0.367658        -0.486887         0.196715        -0.053321          -0.4028        -0.212751                0                0                0                0                0                0                0                0                0         0.631981         0.715207         0.746515                1
       0.376731                0        -0.264241       -0.0673691        -0.165723        -0.221257        0.0713119         0.213859        -0.179826       -0.0927442                0                0                0                0                0                0                0                0                0         0.289591         0.326282         0.340279         0.296751                1
        0.84124                0        -0.417999        -0.161045        -0.384203        -0.509183         0.163784       -0.0548118        -0.413807        -0.221647                0                0                0                0                0                0                0                0                0         0.661437         0.748231         0.780923         0.680082         0.312732                1
       0.851836                0        -0.411401        -0.163805        -0.390017        -0.516639         0.166161       -0.0562316        -0.427161        0.0803564                0                0                0                0                0                0                0                0                0         0.670787          0.75901         0.792213         0.689851         0.315759         0.721929                1
***************************** Now a control fit.
Minuit succeeded.
2s Jean's B_tt:  f(area, rmsbeam, back, may29, jun11, jun12, jul10, jul24, aug07, fullgam, yint, phi, btautau, tauyint, tauphi, twophofrac, u1area) is <function u2fit at 0x40777c6c>, with up = 1

Minuit succeeded.
Hesse has not been executed.
Minos has not been executed.

fval = 107.257122345, edm = 8.28656635439e-07, ncalls = 253

    area = 133.676011066 +/- 0.959297363063, no limits
    rmsbeam = 4.18656683034 +/- 0.0396625486113, no limits
    back = 9.3176016967 +/- 0.00731546444292, no limits
    may29 = -1.32111364354 +/- 0.0810416144154, no limits
    jun11 = -1.21325257851 +/- 0.0679586349185, no limits
    jun12 = -1.13069993053 +/- 0.0817313503496, no limits
    jul10 = -0.801412671088 +/- 0.0539580431801, no limits
    jul24 = -0.821384325434 +/- 0.0933736318553, no limits
    aug07 = -0.667039587238 +/- 0.0909879064315, no limits
    fullgam = 0.043 +/- 0.1, no limits
    yint = 0.0174 +/- 0.1, no limits
    phi = 0.0 +/- 0.1, no limits
    btautau = 0.0203 +/- 0.1, no limits
    tauyint = 0.23971330289 +/- 0.1, no limits
    tauphi = 0.0 +/- 0.1, no limits
    twophofrac = 0.0792 +/- 0.1, no limits
    u1area = 324.112399799 +/- 0.1, no limits

Covariance matrix:

       0.920251
      0.0298615       0.00157312
    -0.00143152     -2.53503e-05       5.3516e-05
   -0.000694532      0.000169619      4.02863e-07       0.00656774
     -0.0183498     -0.000513459     -4.41398e-07      4.45789e-05       0.00461838
     -0.0101648     -0.000340627      2.43352e-06      6.14119e-06      0.000209414       0.00668001
    -0.00939021     -0.000221259      1.05059e-07      3.61744e-05      0.000209537      0.000106711       0.00291147
     -0.0156843     -0.000302928      2.53798e-06      8.16108e-05      0.000359005      0.000177038      0.000198508       0.00871864
     0.00894369      0.000232477     -9.48318e-06      -2.6057e-05     -0.000190233      -9.9416e-05     -0.000101457     -0.000175826        0.0082788
              0                0                0                0                0                0                0                0                0                0
              0                0                0                0                0                0                0                0                0                0                0
              0                0                0                0                0                0                0                0                0                0                0                0
              0                0                0                0                0                0                0                0                0                0                0                0                0
              0                0                0                0                0                0                0                0                0                0                0                0                0                0
              0                0                0                0                0                0                0                0                0                0                0                0                0                0                0
              0                0                0                0                0                0                0                0                0                0                0                0                0                0                0                0
              0                0                0                0                0                0                0                0                0                0                0                0                0                0                0                0                0

Global correlation coefficients:

              1
       0.784833                1
      -0.203987       -0.0873698                1
     -0.0089337        0.0527697      0.000679529                1
      -0.281471        -0.190494     -0.000887859       0.00809425                1
      -0.129645        -0.105077        0.0040701      0.000927162        0.0377026                1
      -0.181412        -0.103386      0.000266156       0.00827251        0.0571425        0.0241971                1
        -0.1751       -0.0817966       0.00371554        0.0107849        0.0565759        0.0231982        0.0394002                1
       0.102466        0.0644193       -0.0142472      -0.00353373        -0.030765       -0.0133685       -0.0206653       -0.0206954                1
              0                0                0                0                0                0                0                0                0                0
              0                0                0                0                0                0                0                0                0                0                0
              0                0                0                0                0                0                0                0                0                0                0                0
              0                0                0                0                0                0                0                0                0                0                0                0                0
              0                0                0                0                0                0                0                0                0                0                0                0                0                0
              0                0                0                0                0                0                0                0                0                0                0                0                0                0                0
              0                0                0                0                0                0                0                0                0                0                0                0                0                0                0                0
              0                0                0                0                0                0                0                0                0                0                0                0                0                0                0                0                0
Minuit succeeded.
3s Istvan's B_mm:  f(area, rmsbeam, back, nov28, dec05, dec12, dec19, dec26, jan02, jan09, fullgam, yint, phi, btautau, tauyint, tauphi, twophofrac, u1area, u2area, rnov28, rdec05, rdec12, rdec19, rdec26, rjan02, rjan09) is <function u3fit at 0x40777bfc>, with up = 1

Minuit succeeded.
Hesse has not been executed.
Minos has not been executed.

fval = 154.530227754, edm = 1.83623836547e-06, ncalls = 574

    area = 89.2721402555 +/- 0.84093606204, no limits
    rmsbeam = 4.68 +/- 0.1, no limits
    back = 9.31427270781 +/- 0.011449548084, no limits
    nov28 = -3.39987043969 +/- 0.166428439713, no limits
    dec05 = -3.9593897555 +/- 0.123419713088, no limits
    dec12 = -2.85629754789 +/- 0.166951931377, no limits
    dec19 = -2.76067964828 +/- 0.17713499672, no limits
    dec26 = -2.73575832943 +/- 0.114783363671, no limits
    jan02 = -2.91726255051 +/- 0.128158104856, no limits
    jan09 = -3.01237858259 +/- 0.165016160843, no limits
    fullgam = 0.0263 +/- 0.1, no limits
    yint = 0.0174 +/- 0.1, no limits
    phi = 0.0 +/- 0.1, no limits
    btautau = 0.0239 +/- 0.1, no limits
    tauyint = 0.203605859777 +/- 0.1, no limits
    tauphi = 0.0 +/- 0.1, no limits
    twophofrac = 0.0792 +/- 0.1, no limits
    u1area = 324.112399799 +/- 0.1, no limits
    u2area = 133.644674767 +/- 0.1, no limits
    rnov28 = 4.67306984233 +/- 0.0690948969986, no limits
    rdec05 = 4.69419565632 +/- 0.056216693947, no limits
    rdec12 = 4.68289400796 +/- 0.0568785205931, no limits
    rdec19 = 4.75717772859 +/- 0.0809603354378, no limits
    rdec26 = 4.80572771249 +/- 0.110498808411, no limits
    rjan02 = 4.51588627592 +/- 0.0645533305603, no limits
    rjan09 = 4.6840307637 +/- 0.0594481124382, no limits

Covariance matrix:

       0.707173
              0                0
    -0.00448788                0      0.000131092
     -0.0136415                0      8.93693e-07        0.0276984
     0.00830564                0     -6.02113e-05     -0.000153954        0.0152324
    -0.00490197                0      5.33786e-06      0.000116078     -5.56888e-05        0.0278729
    -0.00462134                0      2.25029e-05      9.48453e-05     -5.37779e-05      3.37482e-05        0.0313768
    -0.00522269                0      -2.3398e-05      0.000147959      -5.7206e-05      5.04034e-05      3.78909e-05        0.0131752
     -0.0187563                0      6.58056e-06      0.000455707     -0.000212068      0.000158257      0.000130051      0.000200485        0.0164245
     -0.0189392                0      2.07661e-06      0.000463964     -0.000213802      0.000160947      0.000131623      0.000204958      0.000631763        0.0272303
              0                0                0                0                0                0                0                0                0                0                0
              0                0                0                0                0                0                0                0                0                0                0                0
              0                0                0                0                0                0                0                0                0                0                0                0                0
              0                0                0                0                0                0                0                0                0                0                0                0                0                0
              0                0                0                0                0                0                0                0                0                0                0                0                0                0                0
              0                0                0                0                0                0                0                0                0                0                0                0                0                0                0                0
              0                0                0                0                0                0                0                0                0                0                0                0                0                0                0                0                0
              0                0                0                0                0                0                0                0                0                0                0                0                0                0                0                0                0                0
              0                0                0                0                0                0                0                0                0                0                0                0                0                0                0                0                0                0                0
      0.0326139                0     -0.000142039       0.00464509      0.000378298     -0.000242381     -0.000217449     -0.000276646     -0.000936177     -0.000948197                0                0                0                0                0                0                0                0                0        0.0047741
      0.0323126                0     -0.000131885      -0.00068442       0.00297412     -0.000242363     -0.000216029     -0.000278963     -0.000937219     -0.000949616                0                0                0                0                0                0                0                0                0       0.00153653       0.00316032
      0.0359709                0     -0.000142034       -0.0007659      0.000416168      -0.00014954     -0.000240805     -0.000313181      -0.00104857      -0.00106263                0                0                0                0                0                0                0                0                0       0.00171351       0.00170512       0.00323517
      0.0438202                0     -0.000177698     -0.000929128      0.000507322     -0.000328966      -0.00151355     -0.000378947      -0.00127226      -0.00128913                0                0                0                0                0                0                0                0                0       0.00208446       0.00207386       0.00231333       0.00655458
      0.0231847                0     -0.000221495     -0.000385147      0.000277737     -0.000142035     -0.000146564       0.00192388     -0.000533432     -0.000535324                0                0                0                0                0                0                0                0                0       0.00102219       0.00100634       0.00111681       0.00136389          0.01221
      0.0296401                0     -0.000144057     -0.000608542      0.000344898     -0.000216521     -0.000196626     -0.000243173      0.000539997     -0.000844508                0                0                0                0                0                0                0                0                0       0.00139484       0.00138575       0.00154469       0.00187975      0.000939831       0.00416713
      0.0330823                0     -0.000141081     -0.000695668      0.000383512     -0.000246616     -0.000220772     -0.000282272     -0.000952909       0.00343758                0                0                0                0                0                0                0                0                0       0.00156929       0.00156073       0.00174064       0.00211734        0.0010347       0.00141616       0.00353408

Global correlation coefficients:

              1
              0                0
      -0.466112                0                1
     -0.0974702                0      0.000468999                1
       0.080025                0       -0.0426094       -0.0074951                1
     -0.0349153                0       0.00279246       0.00417765      -0.00270266                1
     -0.0310242                0        0.0110955       0.00321724      -0.00245989       0.00114118                1
     -0.0541069                0       -0.0178038       0.00774523      -0.00403811       0.00263021       0.00186359                1
      -0.174035                0       0.00448465        0.0213654       -0.0134074       0.00739647       0.00572878        0.0136288                1
      -0.136481                0       0.00109911        0.0168939       -0.0104979       0.00584205       0.00450298        0.0108208        0.0298732                1
              0                0                0                0                0                0                0                0                0                0                0
              0                0                0                0                0                0                0                0                0                0                0                0
              0                0                0                0                0                0                0                0                0                0                0                0                0
              0                0                0                0                0                0                0                0                0                0                0                0                0                0
              0                0                0                0                0                0                0                0                0                0                0                0                0                0                0
              0                0                0                0                0                0                0                0                0                0                0                0                0                0                0                0
              0                0                0                0                0                0                0                0                0                0                0                0                0                0                0                0                0
              0                0                0                0                0                0                0                0                0                0                0                0                0                0                0                0                0                0
              0                0                0                0                0                0                0                0                0                0                0                0                0                0                0                0                0                0                0
       0.561298                0        -0.179545         0.403944        0.0443612       -0.0210117       -0.0177667       -0.0348818        -0.105722       -0.0831622                0                0                0                0                0                0                0                0                0                1
       0.683509                0          -0.2049       -0.0731526         0.428656       -0.0258232       -0.0216941       -0.0432317        -0.130086        -0.102366                0                0                0                0                0                0                0                0                0         0.395575                1
       0.752039                0        -0.218099       -0.0809089        0.0592837       -0.0157478       -0.0239008       -0.0479699        -0.143848        -0.113216                0                0                0                0                0                0                0                0                0         0.436006         0.533261                1
       0.643634                0          -0.1917       -0.0689566        0.0507723       -0.0243382        -0.105541       -0.0407781        -0.122619       -0.0964938                0                0                0                0                0                0                0                0                0         0.372628         0.455661         0.502363                1
       0.249506                0        -0.175073       -0.0209431        0.0203653      -0.00769922      -0.00748801         0.151684       -0.0376683       -0.0293584                0                0                0                0                0                0                0                0                0         0.133883         0.162002         0.177693         0.152458                1
       0.546007                0        -0.194906       -0.0566427          0.04329       -0.0200905       -0.0171956       -0.0328184         0.065272       -0.0792791                0                0                0                0                0                0                0                0                0         0.312722         0.381857         0.420702         0.359675         0.131757                1
       0.661752                0        -0.207272       -0.0703131        0.0522704        -0.024848       -0.0209653       -0.0413666        -0.125074         0.350419                0                0                0                0                0                0                0                0                0          0.38205         0.467009         0.514782         0.439926         0.157513         0.369024                1
