from B&S bhabhas with interference
Minuit succeeded.
Hesse succeeded.
VariableMetricBuilder: no improvement
VariableMetricBuilder: finishes without convergence.
VariableMetricBuilder: edm= 0.000292305 requested: 1e-05
FunctionMinimum is invalid.
MnMinos could not find upper value for parameter 2.
VariableMetricBuilder: no improvement
VariableMetricBuilder: finishes without convergence.
VariableMetricBuilder: edm= 0.000572462 requested: 1e-05
FunctionMinimum is invalid.
MnMinos could not find lower value for parameter 4.
VariableMetricBuilder: no improvement
VariableMetricBuilder: finishes without convergence.
VariableMetricBuilder: edm= 0.000502183 requested: 1e-05
FunctionMinimum is invalid.
MnMinos could not find lower value for parameter 5.
VariableMetricBuilder: matrix not pos.def.
gdel > 0: 1.34877e-05
negative or zero diagonal element 15 in covariance matrix
added 1.00014 to diagonal of error matrix
gdel: 1.34877e-05
MnGlobalCorrelationCoeff: inversion of matrix fails.
VariableMetricBuilder: no improvement
VariableMetricBuilder: no improvement
VariableMetricBuilder: finishes without convergence.
VariableMetricBuilder: edm= 0.00135653 requested: 1e-05
FunctionMinimum is invalid.
MnMinos could not find upper value for parameter 9.
VariableMetricBuilder: no improvement
VariableMetricBuilder: matrix not pos.def.
edm < 0
negative or zero diagonal element 6 in covariance matrix
added 1.00002 to diagonal of error matrix
MnGlobalCorrelationCoeff: inversion of matrix fails.
VariableMetricBuilder: no improvement
VariableMetricBuilder: finishes without convergence.
VariableMetricBuilder: edm= 0.000719108 requested: 1e-05
FunctionMinimum is invalid.
MnMinos could not find lower value for parameter 24.
VariableMetricBuilder: no improvement
VariableMetricBuilder: finishes without convergence.
VariableMetricBuilder: edm= 0.000352541 requested: 1e-05
FunctionMinimum is invalid.
MnMinos could not find upper value for parameter 24.
VariableMetricBuilder: no improvement
Minos succeeded.
1s Istvan's B_tt:  f(area, rmsbeam, back, jan16, jan30, feb06, feb13, feb20, feb27, mar06, mar13, apr03, apr08, apr09, apr10, fullgam, yint, phi, btautau, tauyint, tauphi, twophofrac, rjan, rfeb, rapr1, rapr2) is <function u1fit at 0xb6d7bd4c>, with up = 1

Minuit succeeded.
Hesse succeeded.
Minos succeeded.

fval = 272.333579541, edm = 6.01783403242e-06, ncalls = 8963

    area = 325.007334329 +/- 0.934471772864, no limits
    rmsbeam = 3.79 +/- 0.1, no limits
    back = 9.35480183517 +/- 0.00997916743538, no limits
    jan16 = 0.333697326651 +/- 0.0570127381645, no limits
    jan30 = 0.476517746025 +/- 0.0366919447088, no limits
    feb06 = -0.0699194970291 +/- 0.0353521121426, no limits
    feb13 = -0.023285989689 +/- 0.0448754704703, no limits
    feb20 = -0.0316188635018 +/- 0.0405176973172, no limits
    feb27 = 0.144956251422 +/- 0.0403954788097, no limits
    mar06 = 0.352354209116 +/- 0.0540288259062, no limits
    mar13 = 0.250041907626 +/- 0.0403136023061, no limits
    apr03 = 0.788013630796 +/- 0.0440397662427, no limits
    apr08 = 0.557144320763 +/- 0.046119211002, no limits
    apr09 = 0.535052485819 +/- 0.0519722099605, no limits
    apr10 = 0.7096925379 +/- 0.0502385536536, no limits
    fullgam = 0.053 +/- 0.1, no limits
    yint = 0.01864 +/- 0.1, no limits
    phi = 0.0 +/- 0.1, no limits
    btautau = 0.0264 +/- 0.1, no limits
    tauyint = 0.184325001843 +/- 0.1, no limits
    tauphi = 0.0 +/- 0.1, no limits
    twophofrac = 0.0792 +/- 0.1, no limits
    rjan = 3.81993484497 +/- 0.0122089995566, no limits
    rfeb = 3.81467795469 +/- 0.0144279862316, no limits
    rapr1 = 3.71856439591 +/- 0.0318971352491, no limits
    rapr2 = 3.7333429912 +/- 0.0187146423183, no limits

Covariance matrix:

       0.982374
              0                0
    -0.00388307                0       0.00010502
    -0.00318352                0      1.60474e-06       0.00346649
    -0.00612693                0      1.77437e-06      1.21682e-05       0.00138684
    -0.00507741                0     -9.48998e-07     -7.02465e-06      6.11872e-05       0.00123302
    -0.00272119                0     -4.43245e-06      7.13672e-06      2.40708e-05      2.58575e-05       0.00183272
     -0.0176095                0      3.91211e-05      8.01157e-05      9.94706e-05      5.32514e-05      4.78377e-05       0.00197405
     0.00255125                0     -1.44977e-05     -7.72733e-06     -1.48072e-05     -1.21517e-05     -6.31946e-06     -4.42321e-05       0.00142315
    -0.00415192                0       1.0268e-05       1.4207e-05      2.74326e-05      2.28993e-05      1.25415e-05      7.65139e-05       5.8372e-05         0.002907
    -0.00632405                0      3.02638e-06       2.3184e-05      4.49414e-05      3.78359e-05      2.12392e-05      0.000120831      4.27993e-05      7.33199e-05       0.00163882
    -0.00592183                0      9.82662e-06      2.08533e-05      4.03328e-05      3.37904e-05      1.87039e-05      0.000110769     -1.47107e-05      2.59586e-05      4.14495e-05       0.00200759
    -0.00495019                0      8.37685e-06      1.74118e-05      3.36744e-05       2.8208e-05      1.56074e-05      9.25388e-05      -1.2305e-05      2.16882e-05      3.46087e-05      2.93676e-05       0.00216536
    -0.00479772                0       8.2866e-06       1.6855e-05      3.25952e-05      2.72998e-05      1.50983e-05      8.96315e-05     -1.19343e-05      2.10087e-05      3.35016e-05      3.74575e-05      2.45066e-05       0.00256998
    -0.00328008                0      6.09708e-06      1.14704e-05      2.21765e-05       1.8563e-05      1.02492e-05       6.1132e-05     -8.18042e-06      1.43335e-05      2.27984e-05      2.08128e-05      1.73854e-05      1.68371e-05       0.00250385
              0                0                0                0                0                0                0                0                0                0                0                0                0                0                0                0
              0                0                0                0                0                0                0                0                0                0                0                0                0                0                0                0                0
              0                0                0                0                0                0                0                0                0                0                0                0                0                0                0                0                0                0
              0                0                0                0                0                0                0                0                0                0                0                0                0                0                0                0                0                0                0
              0                0                0                0                0                0                0                0                0                0                0                0                0                0                0                0                0                0                0                0
              0                0                0                0                0                0                0                0                0                0                0                0                0                0                0                0                0                0                0                0                0
              0                0                0                0                0                0                0                0                0                0                0                0                0                0                0                0                0                0                0                0                0                0
      0.0120562                0      -3.6552e-05     -7.08523e-05     -4.96419e-05      5.81423e-06     -2.56621e-05     -0.000272332      3.07637e-05     -5.17151e-05     -8.03322e-05     -7.43572e-05     -6.21366e-05      -6.0202e-05     -4.11051e-05                0                0                0                0                0                0                0       0.00023193
       0.008263                0     -2.39208e-05     -2.78475e-05      -5.3723e-05     -4.47562e-05     -2.43691e-05      -0.00015109      0.000109992      3.34654e-05       2.9207e-06     -5.11339e-05     -4.27281e-05     -4.13956e-05     -2.82591e-05                0                0                0                0                0                0                0       0.00010249      0.000159491
     0.00102226                0      -1.6238e-05      -1.8194e-06     -3.32283e-06     -2.42455e-06     -7.65681e-07     -1.41779e-05      3.25513e-06     -3.48485e-06     -3.59227e-06     -0.000101512        1.044e-05     -4.84574e-05     -2.47902e-06                0                0                0                0                0                0                0      1.10354e-05      7.40955e-06      0.000633682
       0.012001                0     -3.13205e-05      -4.0864e-05     -7.88823e-05     -6.58049e-05     -3.59727e-05     -0.000220603      3.03737e-05     -5.18253e-05     -8.12054e-05     -7.47838e-05     -6.24842e-05     -6.05295e-05     -0.000440893                0                0                0                0                0                0                0      0.000149277      0.000102514      1.02961e-05       0.00036417

Global correlation coefficients:

              1
              0                0
      -0.382297                0                1
     -0.0545536                0       0.00265965                1
      -0.165993                0       0.00464939       0.00554968                1
      -0.145888                0      -0.00263721      -0.00339778         0.046791                1
     -0.0641315                0       -0.0101032       0.00283142        0.0150983         0.017201                1
      -0.399881                0        0.0859203        0.0306262        0.0601176        0.0341325        0.0251502                1
      0.0682321                0       -0.0375005      -0.00347903       -0.0105398      -0.00917333      -0.00391297       -0.0263896                1
     -0.0776942                0        0.0185836       0.00447544        0.0136625        0.0120953       0.00543347        0.0319402        0.0286983                1
      -0.157613                0       0.00729495       0.00972695        0.0298103        0.0266167        0.0122553         0.067179        0.0280249        0.0335918                1
      -0.133346                0        0.0214008       0.00790481        0.0241717        0.0214769       0.00975092        0.0556417      -0.00870304        0.0107453        0.0228515                1
      -0.107329                0        0.0175663       0.00635526        0.0194321        0.0172633       0.00783462        0.0447589      -0.00700958       0.00864442        0.0183719        0.0140853                1
     -0.0954842                0        0.0159506         0.005647        0.0172653         0.015336       0.00695689        0.0397939      -0.00624031        0.0076862        0.0163243        0.0164906        0.0103885                1
     -0.0661366                0          0.01189       0.00389342        0.0119007        0.0105648       0.00478451         0.027497      -0.00433357       0.00531284        0.0112547         0.009283       0.00746648        0.0066374                1
              0                0                0                0                0                0                0                0                0                0                0                0                0                0                0                0
              0                0                0                0                0                0                0                0                0                0                0                0                0                0                0                0                0
              0                0                0                0                0                0                0                0                0                0                0                0                0                0                0                0                0                0
              0                0                0                0                0                0                0                0                0                0                0                0                0                0                0                0                0                0                0
              0                0                0                0                0                0                0                0                0                0                0                0                0                0                0                0                0                0                0                0
              0                0                0                0                0                0                0                0                0                0                0                0                0                0                0                0                0                0                0                0                0
              0                0                0                0                0                0                0                0                0                0                0                0                0                0                0                0                0                0                0                0                0                0
       0.798715                0        -0.234206       -0.0790188       -0.0875298        0.0108725       -0.0393609        -0.402476        0.0535469       -0.0629819          -0.1303         -0.10897       -0.0876806       -0.0779772       -0.0539403                0                0                0                0                0                0                0                1
       0.660132                0        -0.184829       -0.0374519        -0.114229        -0.100925       -0.0450737         -0.26927         0.230869         0.049148       0.00571285       -0.0903654       -0.0727075       -0.0646579       -0.0447183                0                0                0                0                0                0                0         0.532885                1
      0.0409719                0       -0.0629449      -0.00122757      -0.00354453       -0.0027429       -0.0007105       -0.0126764       0.00342773      -0.00256759      -0.00352507       -0.0900001       0.00891247       -0.0379717      -0.00196807                0                0                0                0                0                0                0        0.0287855        0.0233071                1
       0.634492                0        -0.160155       -0.0363701        -0.110998       -0.0982023       -0.0440324        -0.260183         0.042191       -0.0503695        -0.105116       -0.0874616       -0.0703643       -0.0625677        -0.461718                0                0                0                0                0                0                0         0.513645         0.425367         0.021433                1
[('area', (-0.95040566770477564, 0.94925516991685521)), ('rmsbeam', (None, None)), ('back', (-0.010204436525607331, None)), ('jan16', (-0.054972472702513521, 0.054761368170111131)), ('jan30', (None, 0.037269695711509648)), ('feb06', (None, 0.035449813486533421)), ('feb13', (-0.044823441493587503, 0.044708711515868499)), ('feb20', (-0.041185806284828881, 0.041147520140838195)), ('feb27', (-0.041229109515329168, 0.041363828965514236)), ('mar06', (-0.053621320835925801, None)), ('mar13', (-0.04064295462663392, 0.040801045100785541)), ('apr03', (-0.053886664847100682, 0.053629917138546764)), ('apr08', (-0.046499538983361434, 0.046532520788350587)), ('apr09', (-0.050657789467783543, 0.050686474897142425)), ('apr10', (-0.050335931372552906, 0.050185336463540411)), ('fullgam', (None, None)), ('yint', (None, None)), ('phi', (None, None)), ('btautau', (None, None)), ('tauyint', (None, None)), ('tauphi', (None, None)), ('twophofrac', (None, None)), ('rjan', (-0.012700510535516607, 0.012713380708492339)), ('rfeb', (-0.0143858744265396, 0.014395915372139672)), ('rapr1', (None, None)), ('rapr2', (-0.018954796480249697, 0.018783791387836094))]
Minuit succeeded.
Hesse succeeded.
VariableMetricBuilder: matrix not pos.def.
gdel > 0: 0.00157596
negative or zero diagonal element 3 in covariance matrix
added 1.00073 to diagonal of error matrix
gdel: 0.00157596
MnGlobalCorrelationCoeff: inversion of matrix fails.
VariableMetricBuilder: no improvement
VariableMetricBuilder: finishes without convergence.
VariableMetricBuilder: edm= 0.000361775 requested: 1e-05
FunctionMinimum is invalid.
MnMinos could not find upper value for parameter 0.
VariableMetricBuilder: no improvement
VariableMetricBuilder: matrix not pos.def.
gdel > 0: 6.84478e-05
negative or zero diagonal element 0 in covariance matrix
added 1.00629 to diagonal of error matrix
gdel: 6.84478e-05
MnGlobalCorrelationCoeff: inversion of matrix fails.
VariableMetricBuilder: no improvement
VariableMetricBuilder: finishes without convergence.
VariableMetricBuilder: edm= 0.000231323 requested: 1e-05
FunctionMinimum is invalid.
MnMinos could not find upper value for parameter 4.
VariableMetricBuilder: no improvement
VariableMetricBuilder: finishes without convergence.
VariableMetricBuilder: edm= 0.000123218 requested: 1e-05
FunctionMinimum is invalid.
MnMinos could not find lower value for parameter 5.
VariableMetricBuilder: no improvement
VariableMetricBuilder: finishes without convergence.
VariableMetricBuilder: edm= 0.000510402 requested: 1e-05
FunctionMinimum is invalid.
MnMinos could not find lower value for parameter 7.
VariableMetricBuilder: no improvement
VariableMetricBuilder: finishes without convergence.
VariableMetricBuilder: edm= 0.000416467 requested: 1e-05
FunctionMinimum is invalid.
MnMinos could not find upper value for parameter 7.
VariableMetricBuilder: no improvement
VariableMetricBuilder: no improvement
VariableMetricBuilder: finishes without convergence.
VariableMetricBuilder: edm= 0.000250269 requested: 1e-05
FunctionMinimum is invalid.
MnMinos could not find lower value for parameter 11.
VariableMetricBuilder: no improvement
VariableMetricBuilder: no improvement
VariableMetricBuilder: finishes without convergence.
VariableMetricBuilder: edm= 0.00088064 requested: 1e-05
FunctionMinimum is invalid.
MnMinos could not find lower value for parameter 14.
VariableMetricBuilder: no improvement
VariableMetricBuilder: finishes without convergence.
VariableMetricBuilder: edm= 0.000138746 requested: 1e-05
FunctionMinimum is invalid.
MnMinos could not find lower value for parameter 24.
Minos succeeded.
1s Istvan's B_mm:  f(area, rmsbeam, back, jan16, jan30, feb06, feb13, feb20, feb27, mar06, mar13, apr03, apr08, apr09, apr10, fullgam, yint, phi, btautau, tauyint, tauphi, twophofrac, rjan, rfeb, rapr1, rapr2) is <function u1fit at 0xb6d7bd4c>, with up = 1

Minuit succeeded.
Hesse succeeded.
Minos succeeded.

fval = 272.343456883, edm = 0.000318031119214, ncalls = 19282

    area = 325.289309996 +/- 0.872515298078, no limits
    rmsbeam = 3.79 +/- 0.1, no limits
    back = 9.35484755122 +/- 0.0101588566433, no limits
    jan16 = 0.333799488001 +/- 0.0586309918447, no limits
    jan30 = 0.476626465662 +/- 0.037149276929, no limits
    feb06 = -0.06982098647 +/- 0.0350305744146, no limits
    feb13 = -0.0231711102175 +/- 0.0427958499037, no limits
    feb20 = -0.031499489799 +/- 0.0396122483802, no limits
    feb27 = 0.145014973075 +/- 0.0382436989202, no limits
    mar06 = 0.352469051502 +/- 0.0538468897374, no limits
    mar13 = 0.250183918779 +/- 0.0405934036371, no limits
    apr03 = 0.788143239134 +/- 0.0550307909116, no limits
    apr08 = 0.557244598145 +/- 0.0463882506725, no limits
    apr09 = 0.535160126654 +/- 0.0505612801439, no limits
    apr10 = 0.709750920085 +/- 0.0494691010184, no limits
    fullgam = 0.053 +/- 0.1, no limits
    yint = 0.01864 +/- 0.1, no limits
    phi = 0.0 +/- 0.1, no limits
    btautau = 0.0249 +/- 0.1, no limits
    tauyint = 0.195428917617 +/- 0.1, no limits
    tauphi = 0.0 +/- 0.1, no limits
    twophofrac = 0.0792 +/- 0.1, no limits
    rjan = 3.81991032834 +/- 0.0121415885469, no limits
    rfeb = 3.81464350138 +/- 0.0124813465454, no limits
    rapr1 = 3.71855916728 +/- 0.0322996500737, no limits
    rapr2 = 3.73331234627 +/- 0.0180321319972, no limits

Covariance matrix:

        3.23083
              0                0
    -0.00991037                0      0.000121184
     -0.0112171                0      2.32274e-05        0.0034594
     -0.0202716                0      3.97238e-05      6.25415e-05       0.00147039
     -0.0163303                0      2.91657e-05      3.27921e-05      0.000132446       0.00129157
     -0.0127248                0      2.30581e-05      4.54043e-05      8.44881e-05      6.97369e-05       0.00182786
     -0.0617973                0      0.000157692      0.000239563      0.000375877      0.000270387      0.000247618       0.00285923
     -0.0581554                0      0.000147877      0.000205668      0.000372439      0.000300981      0.000234418       0.00112307       0.00313189
    0.000820477                0     -2.95731e-06     -2.79436e-06     -5.03904e-06     -4.04558e-06     -3.15398e-06     -1.55389e-05     -8.38189e-05       0.00291279
     -0.0110344                0      1.57306e-05      4.05415e-05       7.3716e-05      5.99496e-05      4.66475e-05      0.000217418      0.000149832      6.48528e-05       0.00164979
     -0.0178687                0      4.25119e-05      6.35532e-05      0.000115158       9.3153e-05      7.25413e-05      0.000346099      0.000325773     -4.47812e-06      6.34822e-05       0.00187972
     -0.0163107                0      3.67105e-05      5.82699e-05      0.000105636      8.55137e-05      6.65849e-05      0.000316658      0.000298073      -4.0775e-06      5.83651e-05       7.6581e-05       0.00224198
     -0.0160505                0      3.84909e-05      5.70488e-05      0.000103365      8.36039e-05      6.51062e-05      0.000310775      0.000292521     -4.02393e-06      5.69616e-05      9.66688e-05      7.46908e-05        0.0026264
     -0.0109949                0      2.67728e-05      3.90297e-05      7.07068e-05      5.71769e-05      4.45277e-05      0.000212745      0.000200247     -2.75844e-06       3.8939e-05      6.17515e-05      5.65277e-05      5.54446e-05       0.00253032
              0                0                0                0                0                0                0                0                0                0                0                0                0                0                0                0
              0                0                0                0                0                0                0                0                0                0                0                0                0                0                0                0                0
              0                0                0                0                0                0                0                0                0                0                0                0                0                0                0                0                0                0
              0                0                0                0                0                0                0                0                0                0                0                0                0                0                0                0                0                0                0
              0                0                0                0                0                0                0                0                0                0                0                0                0                0                0                0                0                0                0                0
              0                0                0                0                0                0                0                0                0                0                0                0                0                0                0                0                0                0                0                0                0
              0                0                0                0                0                0                0                0                0                0                0                0                0                0                0                0                0                0                0                0                0                0
      0.0413937                0     -0.000115237     -0.000176222      -0.00023353     -0.000139278      -0.00016306     -0.000853716     -0.000749038      1.04551e-05     -0.000143716     -0.000230526     -0.000210697     -0.000207029     -0.000141767                0                0                0                0                0                0                0      0.000617075
      0.0452766                0     -0.000123063     -0.000159144     -0.000287997     -0.000232498     -0.000181108     -0.000871575     -0.000907871       0.00011924     -7.22871e-05     -0.000252554     -0.000230898     -0.000226802     -0.000155293                0                0                0                0                0                0                0      0.000582133      0.000773701
     0.00220616                0     -2.00256e-05     -6.02678e-06     -1.05626e-05     -8.09497e-06     -6.35618e-06     -3.75442e-05     -3.52553e-05      6.24599e-07     -4.88901e-06      -0.00010064      0.000101666     -5.56729e-05     -6.49237e-06                0                0                0                0                0                0                0      2.65517e-05      2.86066e-05      0.000651602
       0.039946                0     -0.000106216     -0.000140698     -0.000254674     -0.000205669     -0.000160201     -0.000769791     -0.000724518      1.00652e-05     -0.000139685      -0.00022314      -0.00020406     -0.000200379     -0.000536784                0                0                0                0                0                0                0      0.000513902      0.000562643      2.48942e-05      0.000711491

Global correlation coefficients:

              1
              0                0
      -0.500853                0                1
      -0.106102                0        0.0358738                1
      -0.294113                0         0.094105        0.0277301                1
      -0.252801                0        0.0737209        0.0155135        0.0961087                1
      -0.165586                0        0.0489924        0.0180561        0.0515357        0.0453871                1
      -0.642966                0         0.267894        0.0761719         0.183318         0.140703         0.108314                1
      -0.578136                0         0.240034        0.0624831         0.173555          0.14965        0.0979751         0.375301                1
     0.00845775                0       -0.0049776     -0.000880295      -0.00243488      -0.00208577      -0.00136689      -0.00538446       -0.0277513                1
      -0.151139                0         0.035181        0.0169702        0.0473295         0.041069        0.0268623         0.100105        0.0659156        0.0295842                1
      -0.229293                0        0.0890721        0.0249225        0.0692681         0.059785        0.0391352          0.14929         0.134266      -0.00191379        0.0360489                1
      -0.191646                0        0.0704291        0.0209232        0.0581807        0.0502529        0.0328918         0.125069         0.112487       -0.0015956        0.0303475        0.0373043                1
      -0.174241                0        0.0682268        0.0189263        0.0525989        0.0453928        0.0297146         0.113407         0.101994      -0.00145484        0.0273645        0.0435071        0.0307801                1
      -0.121604                0        0.0483486        0.0131919         0.036657        0.0316282        0.0207048        0.0790945        0.0711337      -0.00101607        0.0190582        0.0283148        0.0237333        0.0215075                1
              0                0                0                0                0                0                0                0                0                0                0                0                0                0                0                0
              0                0                0                0                0                0                0                0                0                0                0                0                0                0                0                0                0
              0                0                0                0                0                0                0                0                0                0                0                0                0                0                0                0                0                0
              0                0                0                0                0                0                0                0                0                0                0                0                0                0                0                0                0                0                0
              0                0                0                0                0                0                0                0                0                0                0                0                0                0                0                0                0                0                0                0
              0                0                0                0                0                0                0                0                0                0                0                0                0                0                0                0                0                0                0                0                0
              0                0                0                0                0                0                0                0                0                0                0                0                0                0                0                0                0                0                0                0                0                0
       0.927062                0        -0.421407        -0.120612        -0.245164        -0.156011        -0.153535        -0.642717        -0.538805       0.00779838        -0.142437        -0.214045        -0.179132        -0.162623        -0.113454                0                0                0                0                0                0                0                1
       0.905586                0        -0.401901       -0.0972756        -0.270014        -0.232581        -0.152293        -0.585995        -0.583223        0.0794293       -0.0639824        -0.209422        -0.175315        -0.159103        -0.110989                0                0                0                0                0                0                0         0.842494                1
      0.0480827                0       -0.0712641      -0.00401415       -0.0107911        -0.008824      -0.00582416        -0.027506       -0.0246792      0.000453373      -0.00471537       -0.0909357         0.084114       -0.0425571       -0.0050562                0                0                0                0                0                0                0        0.0418729        0.0402892                1
       0.833167                0        -0.361727       -0.0896817        -0.248991        -0.214549        -0.140478        -0.539713        -0.485357       0.00699172         -0.12893         -0.19295        -0.161569        -0.146584        -0.400062                0                0                0                0                0                0                0          0.77558         0.758337        0.0365613                1
[('area', (-0.95044566756671278, None)), ('rmsbeam', (None, None)), ('back', (-0.010206440407738892, 0.010198954649717587)), ('jan16', (-0.054963454671241516, 0.054777206430631546)), ('jan30', (-0.037181754817946014, None)), ('feb06', (None, 0.035445146276356629)), ('feb13', (-0.044835652220713486, 0.044698632519837793)), ('feb20', (None, None)), ('feb27', (-0.041193794002077316, 0.041400098345758939)), ('mar06', (-0.053651007289316197, 0.054123071385078887)), ('mar13', (-0.04068471134500589, 0.04076097061912963)), ('apr03', (None, 0.053598442438450224)), ('apr08', (-0.046506513467805266, 0.046527392248129726)), ('apr09', (-0.050671225509179331, 0.05067709821451212)), ('apr10', (None, 0.050228254583703086)), ('fullgam', (None, None)), ('yint', (None, None)), ('phi', (None, None)), ('btautau', (None, None)), ('tauyint', (None, None)), ('tauphi', (None, None)), ('twophofrac', (None, None)), ('rjan', (-0.012689142383908291, 0.012725039841557239)), ('rfeb', (-0.014366475428241723, 0.01441558659101768)), ('rapr1', (None, 0.032155624856731055)), ('rapr2', (-0.018946750307113017, 0.018788310837881676))]
VariableMetricBuilder: no improvement
Minuit succeeded.
eigenvalues: 
-0.451939
0.698286
0.905811
1
1
1
1.00231
1.50488
2.34066
matrix forced pos-def by adding 0.45428 to diagonal
MnHesse: matrix is invalid!
MnHesse: matrix is not pos. def.!
MnHesse: matrix was forced pos. def.
Hesse succeeded.
VariableMetricBuilder: matrix not pos.def.
gdel > 0: 4.19811e-05
negative or zero diagonal element 0 in covariance matrix
added 1 to diagonal of error matrix
gdel: 4.19811e-05
MnGlobalCorrelationCoeff: inversion of matrix fails.
VariableMetricBuilder: no improvement
VariableMetricBuilder: no improvement
VariableMetricBuilder: matrix not pos.def.
gdel > 0: 0.000418064
negative or zero diagonal element 2 in covariance matrix
added 1.00214 to diagonal of error matrix
gdel: 0.000418064
MnGlobalCorrelationCoeff: inversion of matrix fails.
VariableMetricBuilder: no improvement
VariableMetricBuilder: finishes without convergence.
VariableMetricBuilder: edm= 0.000116579 requested: 1e-05
FunctionMinimum is invalid.
MnMinos could not find upper value for parameter 1.
VariableMetricBuilder: no improvement
VariableMetricBuilder: finishes without convergence.
VariableMetricBuilder: edm= 0.000234184 requested: 1e-05
FunctionMinimum is invalid.
MnMinos could not find upper value for parameter 2.
VariableMetricBuilder: no improvement
VariableMetricBuilder: no improvement
VariableMetricBuilder: finishes without convergence.
VariableMetricBuilder: edm= 0.000175367 requested: 1e-05
FunctionMinimum is invalid.
MnMinos could not find lower value for parameter 4.
VariableMetricBuilder: no improvement
VariableMetricBuilder: matrix not pos.def.
gdel > 0: 7.74388e-05
negative or zero diagonal element 0 in covariance matrix
negative or zero diagonal element 1 in covariance matrix
added 1.02005 to diagonal of error matrix
gdel: 7.74388e-05
MnGlobalCorrelationCoeff: inversion of matrix fails.
VariableMetricBuilder: no improvement
MnGlobalCorrelationCoeff: inversion of matrix fails.
VariableMetricBuilder: no improvement
VariableMetricBuilder: no improvement
Minos succeeded.
2s Jean's B_tt:  f(area, rmsbeam, back, may29, jun11, jun12, jul10, jul24, aug07, fullgam, yint, phi, btautau, tauyint, tauphi, twophofrac, u1area) is <function u2fit at 0xb6d7bd84>, with up = 1

Minuit succeeded.
Hesse succeeded.
Minos succeeded.

fval = 108.463585278, edm = 0.0, ncalls = 3754

    area = 134.145610241 +/- 0.656229678155, no limits
    rmsbeam = 4.18764966851 +/- 0.01289544877, no limits
    back = 9.31808948817 +/- 0.00728924361717, no limits
    may29 = -1.31139486562 +/- 0.0809357154677, no limits
    jun11 = -1.20721552882 +/- 0.066958240409, no limits
    jun12 = -1.13856350356 +/- 0.0608111723646, no limits
    jul10 = -0.7983926884 +/- 0.0634408514348, no limits
    jul24 = -0.814531720929 +/- 0.0929265371155, no limits
    aug07 = -0.661521326712 +/- 0.0899557747216, no limits
    fullgam = 0.043 +/- 0.1, no limits
    yint = 0.01792 +/- 0.1, no limits
    phi = 0.0 +/- 0.1, no limits
    btautau = 0.0203 +/- 0.1, no limits
    tauyint = 0.23971330289 +/- 0.1, no limits
    tauphi = 0.0 +/- 0.1, no limits
    twophofrac = 0.0792 +/- 0.1, no limits
    u1area = 325.289309996 +/- 0.1, no limits
[('area', (-0.93943355109038362, 0.9408599359733284)), ('rmsbeam', (-0.038430746906986099, None)), ('back', (-0.0073041159402593382, None)), ('may29', (-0.080779373399178123, 0.081211436883623672)), ('jun11', (None, 0.067987137144094753)), ('jun12', (-0.081685461022976108, 0.08219802943142529)), ('jul10', (-0.053688008314684434, 0.05368089896695772)), ('jul24', (-0.092738240356864607, 0.093479138872423456)), ('aug07', (-0.091088765954536355, 0.090354731817717984)), ('fullgam', (None, None)), ('yint', (None, None)), ('phi', (None, None)), ('btautau', (None, None)), ('tauyint', (None, None)), ('tauphi', (None, None)), ('twophofrac', (None, None)), ('u1area', (None, None))]
Minuit succeeded, but covariance is not accurate.
