VariableMetricBuilder: no improvement
Minuit succeeded.
************************ 0.0 0.0 has 254.407209463 325.770479367
VariableMetricBuilder: no improvement
VariableMetricBuilder: finishes without convergence.
VariableMetricBuilder: edm= 0.000347087 requested: 1e-05
FunctionMinimum is invalid.
Minuit failed because the function is above maximum EDM.
Minuit succeeded.
************************ 0.0087 0.0 has 243.333627637 325.015546895
VariableMetricBuilder: no improvement
eigenvalues: 
-0.111661
0.262254
0.505273
0.80997
0.846751
1
1
1
1
1
1
1.00161
1.0862
1.4304
1.89631
2.27289
matrix forced pos-def by adding 0.113934 to diagonal
MnHesse: matrix is invalid!
MnHesse: matrix is not pos. def.!
MnHesse: matrix was forced pos. def.
FunctionMinimum is invalid.
Minuit failed because covariance is not accurate, and covariance is not positive definite.
eigenvalues: 
-0.365182
0.316193
0.524793
0.806474
0.846031
1
1
1
1
1
1
1.00158
1.08503
1.39898
1.88531
2.5008
matrix forced pos-def by adding 0.367682 to diagonal
MnHesse: matrix is invalid!
MnHesse: matrix is not pos. def.!
MnHesse: matrix was forced pos. def.
FunctionMinimum is invalid.
Minuit failed because covariance is not accurate, and covariance is not positive definite.
************************ 0.0087 45.0 FAILED!
VariableMetricBuilder: no improvement
Minuit succeeded.
************************ 0.0087 90.0 has 254.449177187 323.009271295
VariableMetricBuilder: no improvement
Minuit succeeded.
************************ 0.0087 135.0 has 267.019076299 324.343295489
VariableMetricBuilder: no improvement
VariableMetricBuilder: finishes without convergence.
VariableMetricBuilder: edm= 0.000177506 requested: 1e-05
FunctionMinimum is invalid.
Minuit failed because the function is above maximum EDM.
VariableMetricBuilder: no improvement
VariableMetricBuilder: finishes without convergence.
VariableMetricBuilder: edm= 0.00272909 requested: 1e-05
FunctionMinimum is invalid.
Minuit failed because the function is above maximum EDM.
************************ 0.0087 180.0 FAILED!
VariableMetricBuilder: matrix not pos.def.
gdel > 0: 0.224511
eigenvalues: 
-0.0676444
0.314953
0.660552
0.757111
0.870487
0.923728
0.963891
0.993945
0.997995
1.00176
1.0092
1.0122
1.04763
1.12272
2.13853
2.25295
matrix forced pos-def by adding 0.0698974 to diagonal
gdel: -0.0219194
VariableMetricBuilder: no improvement
VariableMetricBuilder: finishes without convergence.
VariableMetricBuilder: edm= 0.184713 requested: 1e-05
FunctionMinimum is invalid.
Minuit failed because the function is above maximum EDM.
VariableMetricBuilder: no improvement
VariableMetricBuilder: finishes without convergence.
VariableMetricBuilder: edm= 0.0250711 requested: 1e-05
FunctionMinimum is invalid.
Minuit failed because the function is above maximum EDM.
************************ 0.0087 225.0 FAILED!
VariableMetricBuilder: no improvement
VariableMetricBuilder: finishes without convergence.
VariableMetricBuilder: edm= 0.014781 requested: 1e-05
FunctionMinimum is invalid.
Minuit failed because the function is above maximum EDM.
Minuit succeeded.
************************ 0.0087 270.0 has 254.364111805 328.608747877
Minuit succeeded.
************************ 0.0087 315.0 has 245.691710442 327.219910978
Minuit succeeded.
************************ 0.0174 0.0 has 240.185574592 324.24313923
VariableMetricBuilder: no improvement
VariableMetricBuilder: finishes without convergence.
VariableMetricBuilder: edm= 0.0012423 requested: 1e-05
FunctionMinimum is invalid.
Minuit failed because the function is above maximum EDM.
Minuit succeeded.
************************ 0.0174 45.0 has 241.155840168 320.824964351
VariableMetricBuilder: no improvement
VariableMetricBuilder: finishes without convergence.
VariableMetricBuilder: edm= 0.000632153 requested: 1e-05
FunctionMinimum is invalid.
Minuit failed because the function is above maximum EDM.
VariableMetricBuilder: no improvement
Minuit succeeded.
************************ 0.0174 90.0 has 254.490911973 320.289658127
VariableMetricBuilder: no improvement
VariableMetricBuilder: finishes without convergence.
VariableMetricBuilder: edm= 0.000429018 requested: 1e-05
FunctionMinimum is invalid.
Minuit failed because the function is above maximum EDM.
VariableMetricBuilder: no improvement
VariableMetricBuilder: finishes without convergence.
VariableMetricBuilder: edm= 0.000592811 requested: 1e-05
FunctionMinimum is invalid.
Minuit failed because the function is above maximum EDM.
************************ 0.0174 135.0 FAILED!
VariableMetricBuilder: no improvement
Minuit succeeded.
************************ 0.0174 180.0 has 300.701887388 327.252384254
VariableMetricBuilder: no improvement
Minuit succeeded.
************************ 0.0174 225.0 has 284.098749989 330.85573375
VariableMetricBuilder: no improvement
Minuit succeeded.
************************ 0.0174 270.0 has 254.320328375 331.452791498
Minuit succeeded.
************************ 0.0174 315.0 has 240.994521219 328.665563373
VariableMetricBuilder: no improvement
VariableMetricBuilder: finishes without convergence.
VariableMetricBuilder: edm= 0.000118448 requested: 1e-05
FunctionMinimum is invalid.
Minuit failed because the function is above maximum EDM.
Minuit succeeded.
************************ 0.0261 0.0 has 244.844371782 323.45370614
Minuit succeeded.
************************ 0.0261 45.0 has 240.269021065 318.391652191
VariableMetricBuilder: matrix not pos.def.
gdel > 0: 6.71891e-05
eigenvalues: 
-0.0041582
0.265149
0.491548
0.778379
0.788577
0.828876
0.91024
0.954506
0.985135
0.986741
0.994488
1.06018
1.13147
1.33346
1.61219
2.88322
matrix forced pos-def by adding 0.00704142 to diagonal
gdel: -7.39564e-05
VariableMetricBuilder: no improvement
VariableMetricBuilder: finishes without convergence.
VariableMetricBuilder: edm= 0.000533635 requested: 1e-05
FunctionMinimum is invalid.
Minuit failed because the function is above maximum EDM.
VariableMetricBuilder: no improvement
Minuit succeeded.
************************ 0.0261 90.0 has 254.532580137 317.603913498
VariableMetricBuilder: no improvement
VariableMetricBuilder: finishes without convergence.
VariableMetricBuilder: edm= 0.00366641 requested: 1e-05
eigenvalues: 
-5.19606
0.17694
0.541322
0.756904
0.884164
1
1
1
1
1
1
1.0011
1.18204
1.38412
2.06554
7.20392
matrix forced pos-def by adding 5.20326 to diagonal
MnHesse: matrix is invalid!
MnHesse: matrix is not pos. def.!
MnHesse: matrix was forced pos. def.
FunctionMinimum is invalid.
Minuit failed because covariance is not accurate, covariance is not positive definite, and the function is above maximum EDM.
VariableMetricBuilder: no improvement
VariableMetricBuilder: finishes without convergence.
VariableMetricBuilder: edm= 0.000172268 requested: 1e-05
FunctionMinimum is invalid.
Minuit failed because the function is above maximum EDM.
************************ 0.0261 135.0 FAILED!
VariableMetricBuilder: no improvement
VariableMetricBuilder: finishes without convergence.
VariableMetricBuilder: edm= 0.00262025 requested: 1e-05
FunctionMinimum is invalid.
Minuit failed because the function is above maximum EDM.
VariableMetricBuilder: matrix not pos.def.
gdel > 0: 8.20374e-05
negative or zero diagonal element 13 in covariance matrix
added 1.00001 to diagonal of error matrix
gdel: 8.20374e-05
Minuit succeeded.
************************ 0.0261 180.0 has 336.271172658 327.963069024
VariableMetricBuilder: no improvement
Minuit succeeded.
************************ 0.0261 225.0 has 305.65123148 333.422824674
Minuit succeeded.
************************ 0.0261 270.0 has 254.275865593 334.369510512
Minuit succeeded.
************************ 0.0261 315.0 has 240.423413526 330.118413766
Minuit succeeded.
************************ 0.0348 0.0 has 257.18534209 322.649403039
Minuit succeeded.
************************ 0.0348 45.0 has 242.978352533 315.986474046
VariableMetricBuilder: no improvement
VariableMetricBuilder: finishes without convergence.
VariableMetricBuilder: edm= 0.0155625 requested: 1e-05
eigenvalues: 
-17.5189
0.273032
0.534777
0.8092
0.84686
1
1
1
1
1
1
1.00185
1.08247
1.39244
2.05843
19.5199
matrix forced pos-def by adding 17.5385 to diagonal
MnHesse: matrix is invalid!
MnHesse: matrix is not pos. def.!
MnHesse: matrix was forced pos. def.
FunctionMinimum is invalid.
