from inner bhabhas without interference
VariableMetricBuilder: no improvement
Minuit succeeded.
Hesse succeeded.
2s Jean's B_tt:  f(area, rmsbeam, back, may29, jun11, jun12, jul10, jul24, aug07, fullgam, yint, phi, btautau, tauyint, tauphi, twophofrac, u1area) is <function u2fit at 0xb6d7cf44>, with up = 1

Minuit succeeded.
Hesse succeeded.
Minos has not been executed.

fval = 85.8857729583, edm = 3.9489009034e-05, ncalls = 244

    area = 134.279797411 +/- 0.920165738626, no limits
    rmsbeam = 4.17717692788 +/- 0.0305317293836, no limits
    back = 9.32655120473 +/- 0.00890604550152, no limits
    may29 = -1.26298523616 +/- 0.0828187958318, no limits
    jun11 = -1.14093978683 +/- 0.08536115719, no limits
    jun12 = -0.927181834927 +/- 0.101723361484, no limits
    jul10 = -0.661283678751 +/- 0.0686410911676, no limits
    jul24 = -0.754610480347 +/- 0.119289160786, no limits
    aug07 = -0.51469395867 +/- 0.112921502876, no limits
    fullgam = 0.043 +/- 0.1, no limits
    yint = 0.01792 +/- 0.1, no limits
    phi = 0.0 +/- 0.1, no limits
    btautau = 0.0203 +/- 0.1, no limits
    tauyint = 0.23971330289 +/- 0.1, no limits
    tauphi = 0.0 +/- 0.1, no limits
    twophofrac = 0.0792 +/- 0.1, no limits
    u1area = 324.207037328 +/- 0.1, no limits

Covariance matrix:

       0.805695
      0.0137063      0.000806518
    -0.00159787     -1.06702e-05      7.92909e-05
      0.0399889       0.00236281     -3.10709e-05       0.00722471
     -0.0174877     -0.000197655     -9.81339e-06     -0.000574835       0.00727724
    -0.00388094     -0.000161857     -1.94422e-06     -0.000473835      7.18567e-05        0.0103425
    -0.00889058     -4.44139e-05     -3.38493e-06     -0.000127693      0.000226662      2.71598e-05       0.00471094
     -0.0175262     -7.75505e-05     -1.91024e-06     -0.000222382      0.000445763      5.14617e-05      0.000248202        0.0142279
     0.00740778     -5.23444e-05     -7.02238e-06     -0.000155788     -0.000199865     -7.03386e-06     -0.000119055      -0.00023705         0.012749
              0                0                0                0                0                0                0                0                0                0
              0                0                0                0                0                0                0                0                0                0                0
              0                0                0                0                0                0                0                0                0                0                0                0
              0                0                0                0                0                0                0                0                0                0                0                0                0
              0                0                0                0                0                0                0                0                0                0                0                0                0                0
              0                0                0                0                0                0                0                0                0                0                0                0                0                0                0
              0                0                0                0                0                0                0                0                0                0                0                0                0                0                0                0
              0                0                0                0                0                0                0                0                0                0                0                0                0                0                0                0                0

Global correlation coefficients:

              1
       0.537685                1
      -0.199914       -0.0421941                1
       0.524136         0.978841       -0.0410518                1
      -0.228383       -0.0815865       -0.0129189       -0.0792775                1
     -0.0425147       -0.0560417      -0.00214695       -0.0548157        0.0082827                1
      -0.144308       -0.0227855       -0.0055384       -0.0218879        0.0387116         0.003891                1
      -0.163693       -0.0228932      -0.00179848        -0.021934        0.0438076        0.0042423        0.0303166                1
       0.073091       -0.0163239      -0.00698448       -0.0162325       -0.0207499     -0.000612552       -0.0153623       -0.0176007                1
              0                0                0                0                0                0                0                0                0                0
              0                0                0                0                0                0                0                0                0                0                0
              0                0                0                0                0                0                0                0                0                0                0                0
              0                0                0                0                0                0                0                0                0                0                0                0                0
              0                0                0                0                0                0                0                0                0                0                0                0                0                0
              0                0                0                0                0                0                0                0                0                0                0                0                0                0                0
              0                0                0                0                0                0                0                0                0                0                0                0                0                0                0                0
              0                0                0                0                0                0                0                0                0                0                0                0                0                0                0                0                0
