from gamgams
Minuit succeeded.
Hesse succeeded.
Minos succeeded.
1s Jean's B_tt:  f(area, rmsbeam, back, jan16, jan30, feb06, feb13, feb20, feb27, mar06, mar13, apr03, apr08, apr09, apr10, fullgam, yint, phi, btautau, tauyint, tauphi, twophofrac, rjan, rfeb, rapr1, rapr2) is <function u1fit at 0xb6c019cc>, with up = 1

Minuit succeeded.
Hesse succeeded.
Minos succeeded.

fval = 240.282923301, edm = 1.06964934011e-21, ncalls = 74

    area = 321.161175998 +/- 1.13069808747 - 1.1306980868 + 1.13069808682, no limits
    rmsbeam = 3.79 +/- 0.1, no limits
    back = 9.34751239273 +/- 0.0212831746097 - 0.0212831745916 + 0.0212831745909, no limits
    jan16 = 0.393 +/- 0.1, no limits
    jan30 = 0.576 +/- 0.1, no limits
    feb06 = 0.038 +/- 0.1, no limits
    feb13 = 0.011 +/- 0.1, no limits
    feb20 = 0.066 +/- 0.1, no limits
    feb27 = 0.178 +/- 0.1, no limits
    mar06 = 0.495 +/- 0.1, no limits
    mar13 = 0.373 +/- 0.1, no limits
    apr03 = 0.817 +/- 0.1, no limits
    apr08 = 0.585 +/- 0.1, no limits
    apr09 = 0.631 +/- 0.1, no limits
    apr10 = 0.798 +/- 0.1, no limits
    fullgam = 0.053 +/- 0.1, no limits
    yint = 0.01864 +/- 0.1, no limits
    phi = 0.0 +/- 0.1, no limits
    btautau = 0.0264 +/- 0.1, no limits
    tauyint = 0.184325001843 +/- 0.1, no limits
    tauphi = 0.0 +/- 0.1, no limits
    twophofrac = 0.0792 +/- 0.1, no limits
    rjan = 3.816 +/- 0.1, no limits
    rfeb = 3.841 +/- 0.1, no limits
    rapr1 = 3.771 +/- 0.1, no limits
    rapr2 = 3.752 +/- 0.1, no limits

Covariance matrix:

        1.27848
              0                0
    -0.00826891                0      0.000452974
              0                0                0                0
              0                0                0                0                0
              0                0                0                0                0                0
              0                0                0                0                0                0                0
              0                0                0                0                0                0                0                0
              0                0                0                0                0                0                0                0                0
              0                0                0                0                0                0                0                0                0                0
              0                0                0                0                0                0                0                0                0                0                0
              0                0                0                0                0                0                0                0                0                0                0                0
              0                0                0                0                0                0                0                0                0                0                0                0                0
              0                0                0                0                0                0                0                0                0                0                0                0                0                0
              0                0                0                0                0                0                0                0                0                0                0                0                0                0                0
              0                0                0                0                0                0                0                0                0                0                0                0                0                0                0                0
              0                0                0                0                0                0                0                0                0                0                0                0                0                0                0                0                0
              0                0                0                0                0                0                0                0                0                0                0                0                0                0                0                0                0                0
              0                0                0                0                0                0                0                0                0                0                0                0                0                0                0                0                0                0                0
              0                0                0                0                0                0                0                0                0                0                0                0                0                0                0                0                0                0                0                0
              0                0                0                0                0                0                0                0                0                0                0                0                0                0                0                0                0                0                0                0                0
              0                0                0                0                0                0                0                0                0                0                0                0                0                0                0                0                0                0                0                0                0                0
              0                0                0                0                0                0                0                0                0                0                0                0                0                0                0                0                0                0                0                0                0                0                0
              0                0                0                0                0                0                0                0                0                0                0                0                0                0                0                0                0                0                0                0                0                0                0                0
              0                0                0                0                0                0                0                0                0                0                0                0                0                0                0                0                0                0                0                0                0                0                0                0                0
              0                0                0                0                0                0                0                0                0                0                0                0                0                0                0                0                0                0                0                0                0                0                0                0                0                0

Global correlation coefficients:

              1
              0                0
      -0.343609                0                1
              0                0                0                0
              0                0                0                0                0
              0                0                0                0                0                0
              0                0                0                0                0                0                0
              0                0                0                0                0                0                0                0
              0                0                0                0                0                0                0                0                0
              0                0                0                0                0                0                0                0                0                0
              0                0                0                0                0                0                0                0                0                0                0
              0                0                0                0                0                0                0                0                0                0                0                0
              0                0                0                0                0                0                0                0                0                0                0                0                0
              0                0                0                0                0                0                0                0                0                0                0                0                0                0
              0                0                0                0                0                0                0                0                0                0                0                0                0                0                0
              0                0                0                0                0                0                0                0                0                0                0                0                0                0                0                0
              0                0                0                0                0                0                0                0                0                0                0                0                0                0                0                0                0
              0                0                0                0                0                0                0                0                0                0                0                0                0                0                0                0                0                0
              0                0                0                0                0                0                0                0                0                0                0                0                0                0                0                0                0                0                0
              0                0                0                0                0                0                0                0                0                0                0                0                0                0                0                0                0                0                0                0
              0                0                0                0                0                0                0                0                0                0                0                0                0                0                0                0                0                0                0                0                0
              0                0                0                0                0                0                0                0                0                0                0                0                0                0                0                0                0                0                0                0                0                0
              0                0                0                0                0                0                0                0                0                0                0                0                0                0                0                0                0                0                0                0                0                0                0
              0                0                0                0                0                0                0                0                0                0                0                0                0                0                0                0                0                0                0                0                0                0                0                0
              0                0                0                0                0                0                0                0                0                0                0                0                0                0                0                0                0                0                0                0                0                0                0                0                0
              0                0                0                0                0                0                0                0                0                0                0                0                0                0                0                0                0                0                0                0                0                0                0                0                0                0
[('area', (-1.1306980867980845, 1.1306980868219456)), ('rmsbeam', (None, None)), ('back', (-0.021283174591567058, 0.021283174590924953)), ('jan16', (None, None)), ('jan30', (None, None)), ('feb06', (None, None)), ('feb13', (None, None)), ('feb20', (None, None)), ('feb27', (None, None)), ('mar06', (None, None)), ('mar13', (None, None)), ('apr03', (None, None)), ('apr08', (None, None)), ('apr09', (None, None)), ('apr10', (None, None)), ('fullgam', (None, None)), ('yint', (None, None)), ('phi', (None, None)), ('btautau', (None, None)), ('tauyint', (None, None)), ('tauphi', (None, None)), ('twophofrac', (None, None)), ('rjan', (None, None)), ('rfeb', (None, None)), ('rapr1', (None, None)), ('rapr2', (None, None))]
Minuit succeeded.
Hesse succeeded.
Minos succeeded.
1s Istvan's B_mm:  f(area, rmsbeam, back, jan16, jan30, feb06, feb13, feb20, feb27, mar06, mar13, apr03, apr08, apr09, apr10, fullgam, yint, phi, btautau, tauyint, tauphi, twophofrac, rjan, rfeb, rapr1, rapr2) is <function u1fit at 0xb6c019cc>, with up = 1

Minuit succeeded.
Hesse succeeded.
Minos succeeded.

fval = 240.293275685, edm = 9.28198844175e-06, ncalls = 131

    area = 321.445614163 +/- 1.13163473962 - 1.13510505424 + 1.12830108835, no limits
    rmsbeam = 3.79 +/- 0.1, no limits
    back = 9.34754335208 +/- 0.0212803703431 - 0.02127116844 + 0.021295288255, no limits
    jan16 = 0.393 +/- 0.1, no limits
    jan30 = 0.576 +/- 0.1, no limits
    feb06 = 0.038 +/- 0.1, no limits
    feb13 = 0.011 +/- 0.1, no limits
    feb20 = 0.066 +/- 0.1, no limits
    feb27 = 0.178 +/- 0.1, no limits
    mar06 = 0.495 +/- 0.1, no limits
    mar13 = 0.373 +/- 0.1, no limits
    apr03 = 0.817 +/- 0.1, no limits
    apr08 = 0.585 +/- 0.1, no limits
    apr09 = 0.631 +/- 0.1, no limits
    apr10 = 0.798 +/- 0.1, no limits
    fullgam = 0.053 +/- 0.1, no limits
    yint = 0.01864 +/- 0.1, no limits
    phi = 0.0 +/- 0.1, no limits
    btautau = 0.0249 +/- 0.1, no limits
    tauyint = 0.195428917617 +/- 0.1, no limits
    tauphi = 0.0 +/- 0.1, no limits
    twophofrac = 0.0792 +/- 0.1, no limits
    rjan = 3.816 +/- 0.1, no limits
    rfeb = 3.841 +/- 0.1, no limits
    rapr1 = 3.771 +/- 0.1, no limits
    rapr2 = 3.752 +/- 0.1, no limits

Covariance matrix:

        1.28072
              0                0
    -0.00827597                0      0.000452971
              0                0                0                0
              0                0                0                0                0
              0                0                0                0                0                0
              0                0                0                0                0                0                0
              0                0                0                0                0                0                0                0
              0                0                0                0                0                0                0                0                0
              0                0                0                0                0                0                0                0                0                0
              0                0                0                0                0                0                0                0                0                0                0
              0                0                0                0                0                0                0                0                0                0                0                0
              0                0                0                0                0                0                0                0                0                0                0                0                0
              0                0                0                0                0                0                0                0                0                0                0                0                0                0
              0                0                0                0                0                0                0                0                0                0                0                0                0                0                0
              0                0                0                0                0                0                0                0                0                0                0                0                0                0                0                0
              0                0                0                0                0                0                0                0                0                0                0                0                0                0                0                0                0
              0                0                0                0                0                0                0                0                0                0                0                0                0                0                0                0                0                0
              0                0                0                0                0                0                0                0                0                0                0                0                0                0                0                0                0                0                0
              0                0                0                0                0                0                0                0                0                0                0                0                0                0                0                0                0                0                0                0
              0                0                0                0                0                0                0                0                0                0                0                0                0                0                0                0                0                0                0                0                0
              0                0                0                0                0                0                0                0                0                0                0                0                0                0                0                0                0                0                0                0                0                0
              0                0                0                0                0                0                0                0                0                0                0                0                0                0                0                0                0                0                0                0                0                0                0
              0                0                0                0                0                0                0                0                0                0                0                0                0                0                0                0                0                0                0                0                0                0                0                0
              0                0                0                0                0                0                0                0                0                0                0                0                0                0                0                0                0                0                0                0                0                0                0                0                0
              0                0                0                0                0                0                0                0                0                0                0                0                0                0                0                0                0                0                0                0                0                0                0                0                0                0

Global correlation coefficients:

              1
              0                0
      -0.343603                0                1
              0                0                0                0
              0                0                0                0                0
              0                0                0                0                0                0
              0                0                0                0                0                0                0
              0                0                0                0                0                0                0                0
              0                0                0                0                0                0                0                0                0
              0                0                0                0                0                0                0                0                0                0
              0                0                0                0                0                0                0                0                0                0                0
              0                0                0                0                0                0                0                0                0                0                0                0
              0                0                0                0                0                0                0                0                0                0                0                0                0
              0                0                0                0                0                0                0                0                0                0                0                0                0                0
              0                0                0                0                0                0                0                0                0                0                0                0                0                0                0
              0                0                0                0                0                0                0                0                0                0                0                0                0                0                0                0
              0                0                0                0                0                0                0                0                0                0                0                0                0                0                0                0                0
              0                0                0                0                0                0                0                0                0                0                0                0                0                0                0                0                0                0
              0                0                0                0                0                0                0                0                0                0                0                0                0                0                0                0                0                0                0
              0                0                0                0                0                0                0                0                0                0                0                0                0                0                0                0                0                0                0                0
              0                0                0                0                0                0                0                0                0                0                0                0                0                0                0                0                0                0                0                0                0
              0                0                0                0                0                0                0                0                0                0                0                0                0                0                0                0                0                0                0                0                0                0
              0                0                0                0                0                0                0                0                0                0                0                0                0                0                0                0                0                0                0                0                0                0                0
              0                0                0                0                0                0                0                0                0                0                0                0                0                0                0                0                0                0                0                0                0                0                0                0
              0                0                0                0                0                0                0                0                0                0                0                0                0                0                0                0                0                0                0                0                0                0                0                0                0
              0                0                0                0                0                0                0                0                0                0                0                0                0                0                0                0                0                0                0                0                0                0                0                0                0                0
[('area', (-1.1351050542388419, 1.1283010883538376)), ('rmsbeam', (None, None)), ('back', (-0.021271168439988372, 0.021295288255015119)), ('jan16', (None, None)), ('jan30', (None, None)), ('feb06', (None, None)), ('feb13', (None, None)), ('feb20', (None, None)), ('feb27', (None, None)), ('mar06', (None, None)), ('mar13', (None, None)), ('apr03', (None, None)), ('apr08', (None, None)), ('apr09', (None, None)), ('apr10', (None, None)), ('fullgam', (None, None)), ('yint', (None, None)), ('phi', (None, None)), ('btautau', (None, None)), ('tauyint', (None, None)), ('tauphi', (None, None)), ('twophofrac', (None, None)), ('rjan', (None, None)), ('rfeb', (None, None)), ('rapr1', (None, None)), ('rapr2', (None, None))]
Minuit succeeded.
Hesse succeeded.
Minos succeeded.
2s Jean's B_tt:  f(area, rmsbeam, back, may29, jun11, jun12, jul10, jul24, aug07, fullgam, yint, phi, btautau, tauyint, tauphi, twophofrac, u1area) is <function u2fit at 0xb6d7fa74>, with up = 1

Minuit succeeded.
Hesse succeeded.
Minos succeeded.

fval = 66.8562919049, edm = 4.79799977896e-22, ncalls = 86

    area = 132.666472442 +/- 1.32043551989 - 1.32043552015 + 1.32043552014, no limits
    rmsbeam = 4.16120148 +/- 0.1, no limits
    back = 9.33093785155 +/- 0.0156264858951 - 0.0156264859116 + 0.0156264859116, no limits
    may29 = -1.19605020398 +/- 0.1, no limits
    jun11 = -1.08958111584 +/- 0.1, no limits
    jun12 = -1.05331223148 +/- 0.1, no limits
    jul10 = -0.824425581978 +/- 0.1, no limits
    jul24 = -0.700450642409 +/- 0.1, no limits
    aug07 = -0.688687550034 +/- 0.1, no limits
    fullgam = 0.043 +/- 0.1, no limits
    yint = 0.01792 +/- 0.1, no limits
    phi = 0.0 +/- 0.1, no limits
    btautau = 0.0203 +/- 0.1, no limits
    tauyint = 0.23971330289 +/- 0.1, no limits
    tauphi = 0.0 +/- 0.1, no limits
    twophofrac = 0.0792 +/- 0.1, no limits
    u1area = 321.445614163 +/- 0.1, no limits

Covariance matrix:

        1.74355
              0                0
    -0.00445378                0      0.000244187
              0                0                0                0
              0                0                0                0                0
              0                0                0                0                0                0
              0                0                0                0                0                0                0
              0                0                0                0                0                0                0                0
              0                0                0                0                0                0                0                0                0
              0                0                0                0                0                0                0                0                0                0
              0                0                0                0                0                0                0                0                0                0                0
              0                0                0                0                0                0                0                0                0                0                0                0
              0                0                0                0                0                0                0                0                0                0                0                0                0
              0                0                0                0                0                0                0                0                0                0                0                0                0                0
              0                0                0                0                0                0                0                0                0                0                0                0                0                0                0
              0                0                0                0                0                0                0                0                0                0                0                0                0                0                0                0
              0                0                0                0                0                0                0                0                0                0                0                0                0                0                0                0                0

Global correlation coefficients:

              1
              0                0
      -0.215849                0                1
              0                0                0                0
              0                0                0                0                0
              0                0                0                0                0                0
              0                0                0                0                0                0                0
              0                0                0                0                0                0                0                0
              0                0                0                0                0                0                0                0                0
              0                0                0                0                0                0                0                0                0                0
              0                0                0                0                0                0                0                0                0                0                0
              0                0                0                0                0                0                0                0                0                0                0                0
              0                0                0                0                0                0                0                0                0                0                0                0                0
              0                0                0                0                0                0                0                0                0                0                0                0                0                0
              0                0                0                0                0                0                0                0                0                0                0                0                0                0                0
              0                0                0                0                0                0                0                0                0                0                0                0                0                0                0                0
              0                0                0                0                0                0                0                0                0                0                0                0                0                0                0                0                0
[('area', (-1.3204355201516884, 1.3204355201442202)), ('rmsbeam', (None, None)), ('back', (-0.015626485911606126, 0.015626485911580588)), ('may29', (None, None)), ('jun11', (None, None)), ('jun12', (None, None)), ('jul10', (None, None)), ('jul24', (None, None)), ('aug07', (None, None)), ('fullgam', (None, None)), ('yint', (None, None)), ('phi', (None, None)), ('btautau', (None, None)), ('tauyint', (None, None)), ('tauphi', (None, None)), ('twophofrac', (None, None)), ('u1area', (None, None))]
Minuit succeeded.
Hesse succeeded.
Minos succeeded.
3s Jean's B_tt:  f(area, rmsbeam, back, nov28, dec05, dec12, dec19, dec26, jan02, jan09, fullgam, yint, phi, btautau, tauyint, tauphi, twophofrac, u1area, u2area, rnov28, rdec05, rdec12, rdec19, rdec26, rjan02, rjan09) is <function u3fit at 0xb6d7fa3c>, with up = 1

Minuit succeeded.
Hesse succeeded.
Minos succeeded.

fval = 167.012982406, edm = 8.49665464324e-22, ncalls = 82

    area = 86.5129486308 +/- 0.762125786471 - 0.76212578809 + 0.762125788124, no limits
    rmsbeam = 4.48 +/- 0.1, no limits
    back = 9.30822244132 +/- 0.0233551079283 - 0.0233551080061 + 0.0233551080052, no limits
    nov28 = -3.172 +/- 0.1, no limits
    dec05 = -3.839 +/- 0.1, no limits
    dec12 = -2.692 +/- 0.1, no limits
    dec19 = -2.769 +/- 0.1, no limits
    dec26 = -2.659 +/- 0.1, no limits
    jan02 = -2.726 +/- 0.1, no limits
    jan09 = -2.875 +/- 0.1, no limits
    fullgam = 0.0263 +/- 0.1, no limits
    yint = 0.01823 +/- 0.1, no limits
    phi = 0.0 +/- 0.1, no limits
    btautau = 0.0251 +/- 0.1, no limits
    tauyint = 0.27 +/- 0.1, no limits
    tauphi = 0.0 +/- 0.1, no limits
    twophofrac = 0.0792 +/- 0.1, no limits
    u1area = 321.445614163 +/- 0.1, no limits
    u2area = 132.666472442 +/- 0.1, no limits
    rnov28 = 4.669 +/- 0.1, no limits
    rdec05 = 4.595 +/- 0.1, no limits
    rdec12 = 4.576 +/- 0.1, no limits
    rdec19 = 4.634 +/- 0.1, no limits
    rdec26 = 4.669 +/- 0.1, no limits
    rjan02 = 4.551 +/- 0.1, no limits
    rjan09 = 4.622 +/- 0.1, no limits

Covariance matrix:

       0.580836
              0                0
    -0.00944733                0      0.000545461
              0                0                0                0
              0                0                0                0                0
              0                0                0                0                0                0
              0                0                0                0                0                0                0
              0                0                0                0                0                0                0                0
              0                0                0                0                0                0                0                0                0
              0                0                0                0                0                0                0                0                0                0
              0                0                0                0                0                0                0                0                0                0                0
              0                0                0                0                0                0                0                0                0                0                0                0
              0                0                0                0                0                0                0                0                0                0                0                0                0
              0                0                0                0                0                0                0                0                0                0                0                0                0                0
              0                0                0                0                0                0                0                0                0                0                0                0                0                0                0
              0                0                0                0                0                0                0                0                0                0                0                0                0                0                0                0
              0                0                0                0                0                0                0                0                0                0                0                0                0                0                0                0                0
              0                0                0                0                0                0                0                0                0                0                0                0                0                0                0                0                0                0
              0                0                0                0                0                0                0                0                0                0                0                0                0                0                0                0                0                0                0
              0                0                0                0                0                0                0                0                0                0                0                0                0                0                0                0                0                0                0                0
              0                0                0                0                0                0                0                0                0                0                0                0                0                0                0                0                0                0                0                0                0
              0                0                0                0                0                0                0                0                0                0                0                0                0                0                0                0                0                0                0                0                0                0
              0                0                0                0                0                0                0                0                0                0                0                0                0                0                0                0                0                0                0                0                0                0                0
              0                0                0                0                0                0                0                0                0                0                0                0                0                0                0                0                0                0                0                0                0                0                0                0
              0                0                0                0                0                0                0                0                0                0                0                0                0                0                0                0                0                0                0                0                0                0                0                0                0
              0                0                0                0                0                0                0                0                0                0                0                0                0                0                0                0                0                0                0                0                0                0                0                0                0                0

Global correlation coefficients:

              1
              0                0
      -0.530763                0                1
              0                0                0                0
              0                0                0                0                0
              0                0                0                0                0                0
              0                0                0                0                0                0                0
              0                0                0                0                0                0                0                0
              0                0                0                0                0                0                0                0                0
              0                0                0                0                0                0                0                0                0                0
              0                0                0                0                0                0                0                0                0                0                0
              0                0                0                0                0                0                0                0                0                0                0                0
              0                0                0                0                0                0                0                0                0                0                0                0                0
              0                0                0                0                0                0                0                0                0                0                0                0                0                0
              0                0                0                0                0                0                0                0                0                0                0                0                0                0                0
              0                0                0                0                0                0                0                0                0                0                0                0                0                0                0                0
              0                0                0                0                0                0                0                0                0                0                0                0                0                0                0                0                0
              0                0                0                0                0                0                0                0                0                0                0                0                0                0                0                0                0                0
              0                0                0                0                0                0                0                0                0                0                0                0                0                0                0                0                0                0                0
              0                0                0                0                0                0                0                0                0                0                0                0                0                0                0                0                0                0                0                0
              0                0                0                0                0                0                0                0                0                0                0                0                0                0                0                0                0                0                0                0                0
              0                0                0                0                0                0                0                0                0                0                0                0                0                0                0                0                0                0                0                0                0                0
              0                0                0                0                0                0                0                0                0                0                0                0                0                0                0                0                0                0                0                0                0                0                0
              0                0                0                0                0                0                0                0                0                0                0                0                0                0                0                0                0                0                0                0                0                0                0                0
              0                0                0                0                0                0                0                0                0                0                0                0                0                0                0                0                0                0                0                0                0                0                0                0                0
              0                0                0                0                0                0                0                0                0                0                0                0                0                0                0                0                0                0                0                0                0                0                0                0                0                0
[('area', (-0.76212578808960174, 0.76212578812448661)), ('rmsbeam', (None, None)), ('back', (-0.02335510800610862, 0.023355108005199889)), ('nov28', (None, None)), ('dec05', (None, None)), ('dec12', (None, None)), ('dec19', (None, None)), ('dec26', (None, None)), ('jan02', (None, None)), ('jan09', (None, None)), ('fullgam', (None, None)), ('yint', (None, None)), ('phi', (None, None)), ('btautau', (None, None)), ('tauyint', (None, None)), ('tauphi', (None, None)), ('twophofrac', (None, None)), ('u1area', (None, None)), ('u2area', (None, None)), ('rnov28', (None, None)), ('rdec05', (None, None)), ('rdec12', (None, None)), ('rdec19', (None, None)), ('rdec26', (None, None)), ('rjan02', (None, None)), ('rjan09', (None, None))]
Minuit succeeded.
Hesse succeeded.
Minos succeeded.
3s Istvan's B_mm:  f(area, rmsbeam, back, nov28, dec05, dec12, dec19, dec26, jan02, jan09, fullgam, yint, phi, btautau, tauyint, tauphi, twophofrac, u1area, u2area, rnov28, rdec05, rdec12, rdec19, rdec26, rjan02, rjan09) is <function u3fit at 0xb6d7fa3c>, with up = 1

Minuit succeeded.
Hesse succeeded.
Minos succeeded.

fval = 167.01801594, edm = 9.85316175307e-06, ncalls = 147

    area = 86.5774337511 +/- 0.76250947622 - 0.765034883789 + 0.760333740575, no limits
    rmsbeam = 4.48 +/- 0.1, no limits
    back = 9.30806850914 +/- 0.0233496216103 - 0.0233295021663 + 0.0233821992306, no limits
    nov28 = -3.172 +/- 0.1, no limits
    dec05 = -3.839 +/- 0.1, no limits
    dec12 = -2.692 +/- 0.1, no limits
    dec19 = -2.769 +/- 0.1, no limits
    dec26 = -2.659 +/- 0.1, no limits
    jan02 = -2.726 +/- 0.1, no limits
    jan09 = -2.875 +/- 0.1, no limits
    fullgam = 0.0263 +/- 0.1, no limits
    yint = 0.01823 +/- 0.1, no limits
    phi = 0.0 +/- 0.1, no limits
    btautau = 0.0239 +/- 0.1, no limits
    tauyint = 0.27 +/- 0.1, no limits
    tauphi = 0.0 +/- 0.1, no limits
    twophofrac = 0.0792 +/- 0.1, no limits
    u1area = 321.445614163 +/- 0.1, no limits
    u2area = 132.666472442 +/- 0.1, no limits
    rnov28 = 4.669 +/- 0.1, no limits
    rdec05 = 4.595 +/- 0.1, no limits
    rdec12 = 4.576 +/- 0.1, no limits
    rdec19 = 4.634 +/- 0.1, no limits
    rdec26 = 4.669 +/- 0.1, no limits
    rjan02 = 4.551 +/- 0.1, no limits
    rjan09 = 4.622 +/- 0.1, no limits

Covariance matrix:

       0.581671
              0                0
    -0.00945498                0      0.000545489
              0                0                0                0
              0                0                0                0                0
              0                0                0                0                0                0
              0                0                0                0                0                0                0
              0                0                0                0                0                0                0                0
              0                0                0                0                0                0                0                0                0
              0                0                0                0                0                0                0                0                0                0
              0                0                0                0                0                0                0                0                0                0                0
              0                0                0                0                0                0                0                0                0                0                0                0
              0                0                0                0                0                0                0                0                0                0                0                0                0
              0                0                0                0                0                0                0                0                0                0                0                0                0                0
              0                0                0                0                0                0                0                0                0                0                0                0                0                0                0
              0                0                0                0                0                0                0                0                0                0                0                0                0                0                0                0
              0                0                0                0                0                0                0                0                0                0                0                0                0                0                0                0                0
              0                0                0                0                0                0                0                0                0                0                0                0                0                0                0                0                0                0
              0                0                0                0                0                0                0                0                0                0                0                0                0                0                0                0                0                0                0
              0                0                0                0                0                0                0                0                0                0                0                0                0                0                0                0                0                0                0                0
              0                0                0                0                0                0                0                0                0                0                0                0                0                0                0                0                0                0                0                0                0
              0                0                0                0                0                0                0                0                0                0                0                0                0                0                0                0                0                0                0                0                0                0
              0                0                0                0                0                0                0                0                0                0                0                0                0                0                0                0                0                0                0                0                0                0                0
              0                0                0                0                0                0                0                0                0                0                0                0                0                0                0                0                0                0                0                0                0                0                0                0
              0                0                0                0                0                0                0                0                0                0                0                0                0                0                0                0                0                0                0                0                0                0                0                0                0
              0                0                0                0                0                0                0                0                0                0                0                0                0                0                0                0                0                0                0                0                0                0                0                0                0                0

Global correlation coefficients:

              1
              0                0
      -0.530798                0                1
              0                0                0                0
              0                0                0                0                0
              0                0                0                0                0                0
              0                0                0                0                0                0                0
              0                0                0                0                0                0                0                0
              0                0                0                0                0                0                0                0                0
              0                0                0                0                0                0                0                0                0                0
              0                0                0                0                0                0                0                0                0                0                0
              0                0                0                0                0                0                0                0                0                0                0                0
              0                0                0                0                0                0                0                0                0                0                0                0                0
              0                0                0                0                0                0                0                0                0                0                0                0                0                0
              0                0                0                0                0                0                0                0                0                0                0                0                0                0                0
              0                0                0                0                0                0                0                0                0                0                0                0                0                0                0                0
              0                0                0                0                0                0                0                0                0                0                0                0                0                0                0                0                0
              0                0                0                0                0                0                0                0                0                0                0                0                0                0                0                0                0                0
              0                0                0                0                0                0                0                0                0                0                0                0                0                0                0                0                0                0                0
              0                0                0                0                0                0                0                0                0                0                0                0                0                0                0                0                0                0                0                0
              0                0                0                0                0                0                0                0                0                0                0                0                0                0                0                0                0                0                0                0                0
              0                0                0                0                0                0                0                0                0                0                0                0                0                0                0                0                0                0                0                0                0                0
              0                0                0                0                0                0                0                0                0                0                0                0                0                0                0                0                0                0                0                0                0                0                0
              0                0                0                0                0                0                0                0                0                0                0                0                0                0                0                0                0                0                0                0                0                0                0                0
              0                0                0                0                0                0                0                0                0                0                0                0                0                0                0                0                0                0                0                0                0                0                0                0                0
              0                0                0                0                0                0                0                0                0                0                0                0                0                0                0                0                0                0                0                0                0                0                0                0                0                0
[('area', (-0.76503488378921236, 0.76033374057541914)), ('rmsbeam', (None, None)), ('back', (-0.023329502166254328, 0.023382199230639538)), ('nov28', (None, None)), ('dec05', (None, None)), ('dec12', (None, None)), ('dec19', (None, None)), ('dec26', (None, None)), ('jan02', (None, None)), ('jan09', (None, None)), ('fullgam', (None, None)), ('yint', (None, None)), ('phi', (None, None)), ('btautau', (None, None)), ('tauyint', (None, None)), ('tauphi', (None, None)), ('twophofrac', (None, None)), ('u1area', (None, None)), ('u2area', (None, None)), ('rnov28', (None, None)), ('rdec05', (None, None)), ('rdec12', (None, None)), ('rdec19', (None, None)), ('rdec26', (None, None)), ('rjan02', (None, None)), ('rjan09', (None, None))]
