from outer bhabhas with interference
Minuit succeeded.
eigenvalues: 
-0.196131
0.388868
0.587255
0.796557
0.869801
0.911664
1
1
1
1
1
1
1.00119
1.0605
1.15829
1.36806
1.68727
2.36667
matrix forced pos-def by adding 0.198497 to diagonal
MnHesse: matrix is invalid!
MnHesse: matrix is not pos. def.!
MnHesse: matrix was forced pos. def.
Hesse succeeded.
VariableMetricBuilder: no improvement
VariableMetricBuilder: finishes without convergence.
VariableMetricBuilder: edm= 0.000486975 requested: 1e-05
FunctionMinimum is invalid.
MnMinos could not find lower value for parameter 0.
VariableMetricBuilder: no improvement
VariableMetricBuilder: no improvement
VariableMetricBuilder: finishes without convergence.
VariableMetricBuilder: edm= 0.00200834 requested: 1e-05
FunctionMinimum is invalid.
MnMinos could not find lower value for parameter 4.
VariableMetricBuilder: no improvement
VariableMetricBuilder: no improvement
VariableMetricBuilder: finishes without convergence.
VariableMetricBuilder: edm= 0.000637867 requested: 1e-05
FunctionMinimum is invalid.
MnMinos could not find lower value for parameter 8.
VariableMetricBuilder: no improvement
VariableMetricBuilder: no improvement
VariableMetricBuilder: no improvement
VariableMetricBuilder: matrix not pos.def.
gdel > 0: 3.57419e-05
eigenvalues: 
-0.0050339
0.303574
0.587033
0.615055
0.848657
0.969403
0.988766
0.993192
0.99419
0.996403
0.997422
1.07244
1.08908
1.23728
1.34271
1.55586
2.41397
matrix forced pos-def by adding 0.00744787 to diagonal
gdel: -4.07002e-05
VariableMetricBuilder: matrix not pos.def.
gdel > 0: 0.000241987
negative or zero diagonal element 4 in covariance matrix
negative or zero diagonal element 14 in covariance matrix
negative or zero diagonal element 15 in covariance matrix
added 1.00025 to diagonal of error matrix
gdel: 0.000241987
MnGlobalCorrelationCoeff: inversion of matrix fails.
VariableMetricBuilder: no improvement
VariableMetricBuilder: matrix not pos.def.
edm < 0
eigenvalues: 
-0.0401226
0.212154
0.544314
0.798127
0.887297
0.968353
0.975141
0.975247
0.987559
0.989946
0.991687
0.994255
1.01662
1.03194
1.08746
1.99501
2.58501
matrix forced pos-def by adding 0.0427077 to diagonal
Minos succeeded.
1s Istvan's B_mm:  f(area, rmsbeam, back, jan16, jan30, feb06, feb13, feb20, feb27, mar06, mar13, apr03, apr08, apr09, apr10, fullgam, yint, phi, btautau, tauyint, tauphi, twophofrac, rjan, rfeb, rapr1, rapr2) is <function u1fit at 0xb6d7cd4c>, with up = 1

Minuit succeeded.
Hesse succeeded.
Minos succeeded.

fval = 257.687998655, edm = 0.0, ncalls = 10766

    area = 323.216961993 +/- 1.44826317749, no limits
    rmsbeam = 3.79 +/- 0.1, no limits
    back = 9.35818997656 +/- 0.01082180711, no limits
    jan16 = 0.394850297016 +/- 0.0586895392075, no limits
    jan30 = 0.579114695659 +/- 0.0465383446571, no limits
    feb06 = 0.0377753624867 +/- 0.0366730652424, no limits
    feb13 = 0.0115825719439 +/- 0.045484888204, no limits
    feb20 = 0.0667862065465 +/- 0.0425767099854, no limits
    feb27 = 0.178850588506 +/- 0.0440032014513, no limits
    mar06 = 0.496075600578 +/- 0.0566967166878, no limits
    mar13 = 0.376722626604 +/- 0.0389105880051, no limits
    apr03 = 0.822898241029 +/- 0.0566492693251, no limits
    apr08 = 0.58962143463 +/- 0.0484323514715, no limits
    apr09 = 0.633912541218 +/- 0.0532416723335, no limits
    apr10 = 0.802598202061 +/- 0.0516067951633, no limits
    fullgam = 0.053 +/- 0.1, no limits
    yint = 0.01864 +/- 0.1, no limits
    phi = 0.0 +/- 0.1, no limits
    btautau = 0.0249 +/- 0.1, no limits
    tauyint = 0.195428917617 +/- 0.1, no limits
    tauphi = 0.0 +/- 0.1, no limits
    twophofrac = 0.0792 +/- 0.1, no limits
    rjan = 3.81530296222 +/- 0.0249450644617, no limits
    rfeb = 3.84002723567 +/- 0.0165991207147, no limits
    rapr1 = 3.76933114416 +/- 0.0421780747925, no limits
    rapr2 = 3.74778001358 +/- 0.024220263835, no limits
[('area', (None, 0.95527874573607507)), ('rmsbeam', (None, None)), ('back', (-0.010291763250563791, 0.010270648229943282)), ('jan16', (-0.056040182292921167, 0.05578840628509002)), ('jan30', (None, 0.038165859981657689)), ('feb06', (-0.036579170755581009, 0.036917676362184411)), ('feb13', (-0.044592221365458609, 0.044487852730697837)), ('feb20', (-0.042418335750506825, 0.042357534565537529)), ('feb27', (None, 0.043562023350206897)), ('mar06', (-0.056440457720378964, 0.056864708757928782)), ('mar13', (-0.041360330235103514, 0.041341546254161587)), ('apr03', (-0.055642182617417942, 0.055387817660781047)), ('apr08', (-0.04805130061094013, 0.048137988678727088)), ('apr09', (-0.05294684851866463, 0.052964427326409165)), ('apr10', (-0.051479019434014006, 0.051506561352326674)), ('fullgam', (None, None)), ('yint', (None, None)), ('phi', (None, None)), ('btautau', (None, None)), ('tauyint', (None, None)), ('tauphi', (None, None)), ('twophofrac', (None, None)), ('rjan', (-0.012871603480691744, 0.012940552499603714)), ('rfeb', (-0.014685770902825433, 0.014763280403143104)), ('rapr1', (-0.032516857253467243, 0.03312683156584327)), ('rapr2', (-0.020002104642155755, 0.019769464720160571))]
Minuit succeeded.
Hesse succeeded.
VariableMetricBuilder: matrix not pos.def.
gdel > 0: 6.73615e-05
negative or zero diagonal element 0 in covariance matrix
negative or zero diagonal element 1 in covariance matrix
added 1.00891 to diagonal of error matrix
gdel: 6.73615e-05
MnGlobalCorrelationCoeff: inversion of matrix fails.
VariableMetricBuilder: no improvement
VariableMetricBuilder: no improvement
VariableMetricBuilder: no improvement
VariableMetricBuilder: no improvement
Minos succeeded.
2s Jean's B_tt:  f(area, rmsbeam, back, may29, jun11, jun12, jul10, jul24, aug07, fullgam, yint, phi, btautau, tauyint, tauphi, twophofrac, u1area) is <function u2fit at 0xb6d7cd84>, with up = 1

Minuit succeeded.
Hesse succeeded.
Minos succeeded.

fval = 82.0875338682, edm = 1.98627790944e-07, ncalls = 1764

    area = 133.987871846 +/- 0.958847941787 - 0.946852232156 + 0.94646923077, no limits
    rmsbeam = 4.16326472456 +/- 0.0397692035318 - 0.0388969303016 + 0.0390706974543, no limits
    back = 9.32470961003 +/- 0.00735255580699 - 0.0073493107654 + 0.00735403276995, no limits
    may29 = -1.1999147817 +/- 0.0810362792061 - 0.0806913825007 + 0.0812927169936, no limits
    jun11 = -1.09406024967 +/- 0.0682324446673 - 0.0680778912363 + 0.0683149005947, no limits
    jun12 = -1.06046231292 +/- 0.0827431554069 - 0.0828406444568 + 0.0825719870392, no limits
    jul10 = -0.827300445023 +/- 0.0536859074804 - 0.053249108016 + 0.0533617480167, no limits
    jul24 = -0.702768659308 +/- 0.0941110415382 - 0.0935791002102 + 0.094662720654, no limits
    aug07 = -0.691218780795 +/- 0.0911566862586 - 0.0916040849259 + 0.0907136184696, no limits
    fullgam = 0.043 +/- 0.1, no limits
    yint = 0.01792 +/- 0.1, no limits
    phi = 0.0 +/- 0.1, no limits
    btautau = 0.0203 +/- 0.1, no limits
    tauyint = 0.23971330289 +/- 0.1, no limits
    tauphi = 0.0 +/- 0.1, no limits
    twophofrac = 0.0792 +/- 0.1, no limits
    u1area = 323.216961993 +/- 0.1, no limits

Covariance matrix:

       0.920438
      0.0298819       0.00158454
    -0.00143255     -2.51454e-05      5.40608e-05
    0.000257435       0.00018185      5.53153e-07       0.00656692
     -0.0176129     -0.000469135     -6.53253e-07      2.72072e-05       0.00465592
     -0.0104164     -0.000411686      3.12966e-06     -2.26266e-05      0.000193554       0.00684663
    -0.00858788     -0.000175707     -7.51567e-07      2.84685e-05       0.00019252      8.84978e-05        0.0028821
     -0.0137608     -0.000192471      1.47859e-06      7.08089e-05      0.000323625      0.000131232      0.000181028       0.00885693
     0.00060381     -0.000203053     -2.57521e-06      -6.3308e-05     -5.25384e-05      1.85511e-05     -4.51094e-05     -0.000104609       0.00830959
              0                0                0                0                0                0                0                0                0                0
              0                0                0                0                0                0                0                0                0                0                0
              0                0                0                0                0                0                0                0                0                0                0                0
              0                0                0                0                0                0                0                0                0                0                0                0                0
              0                0                0                0                0                0                0                0                0                0                0                0                0                0
              0                0                0                0                0                0                0                0                0                0                0                0                0                0                0
              0                0                0                0                0                0                0                0                0                0                0                0                0                0                0                0
              0                0                0                0                0                0                0                0                0                0                0                0                0                0                0                0                0

Global correlation coefficients:

              1
       0.782454                1
      -0.203082       -0.0859144                1
     0.00331122        0.0563744      0.000928375                1
      -0.269049         -0.17272      -0.00130208        0.0049204                1
      -0.131214         -0.12499       0.00514419      -0.00337443        0.0342816                1
      -0.166738        -0.082221      -0.00190402       0.00654379        0.0525555        0.0199223                1
      -0.152407       -0.0513775        0.0021368       0.00928465        0.0503961        0.0168523        0.0358302                1
     0.00690419       -0.0559588      -0.00384222      -0.00857014      -0.00844665       0.00245947      -0.00921771       -0.0121938                1
              0                0                0                0                0                0                0                0                0                0
              0                0                0                0                0                0                0                0                0                0                0
              0                0                0                0                0                0                0                0                0                0                0                0
              0                0                0                0                0                0                0                0                0                0                0                0                0
              0                0                0                0                0                0                0                0                0                0                0                0                0                0
              0                0                0                0                0                0                0                0                0                0                0                0                0                0                0
              0                0                0                0                0                0                0                0                0                0                0                0                0                0                0                0
              0                0                0                0                0                0                0                0                0                0                0                0                0                0                0                0                0
[('area', (-0.94685223215642955, 0.94646923076976774)), ('rmsbeam', (-0.038896930301576267, 0.039070697454320326)), ('back', (-0.007349310765398351, 0.0073540327699537283)), ('may29', (-0.080691382500681183, 0.081292716993613789)), ('jun11', (-0.068077891236322033, 0.068314900594700426)), ('jun12', (-0.082840644456778509, 0.082571987039183017)), ('jul10', (-0.053249108016012729, 0.053361748016671512)), ('jul24', (-0.093579100210212318, 0.094662720653990881)), ('aug07', (-0.091604084925929197, 0.090713618469634147)), ('fullgam', (None, None)), ('yint', (None, None)), ('phi', (None, None)), ('btautau', (None, None)), ('tauyint', (None, None)), ('tauphi', (None, None)), ('twophofrac', (None, None)), ('u1area', (None, None))]
VariableMetricBuilder: no improvement
VariableMetricBuilder: finishes without convergence.
VariableMetricBuilder: edm= 2688.2 requested: 1e-05
MnHesse: 2nd derivative zero for parameter 5
MnHesse fails and will return diagonal matrix 
FunctionMinimum is invalid.
Minuit failed because covariance is not accurate, covariance is not positive definite, covariance couldn't be made positive definite, Minuit failed to calculate the Hessian, and the function is above maximum EDM.
VariableMetricBuilder: no improvement
VariableMetricBuilder: finishes without convergence.
VariableMetricBuilder: edm= 132476 requested: 1e-05
eigenvalues: 
-11.1651
-5.68159
-2.70615
-2.10222
-0.218995
-0.110217
0.377896
0.986434
1.59962
2.08563
2.17714
2.23981
4.09309
4.72715
6.77751
12.92
matrix forced pos-def by adding 11.178 to diagonal
MnHesse: matrix is invalid!
MnHesse: matrix is not pos. def.!
MnHesse: matrix was forced pos. def.
FunctionMinimum is invalid.
Minuit failed because covariance is not accurate, covariance is not positive definite, and the function is above maximum EDM.
3s Istvan's B_mm:  f(area, rmsbeam, back, nov28, dec05, dec12, dec19, dec26, jan02, jan09, fullgam, yint, phi, btautau, tauyint, tauphi, twophofrac, u1area, u2area, rnov28, rdec05, rdec12, rdec19, rdec26, rjan02, rjan09) is <function u3fit at 0xb6d7cdbc>, with up = 1

Minuit failed because covariance is not accurate, covariance is not positive definite, and the function is above maximum EDM.
Hesse has not been executed.
Minos has not been executed.

    area = 1.40102190759 +/- 0.881982172205, no limits
    rmsbeam = 4.48 +/- 0.1, no limits
    back = 10.906608414 +/- 0.00327313877853, no limits
    nov28 = -41.5173778206 +/- 2.32983266864, no limits
    dec05 = -5.94676557786 +/- 0.742323951022, no limits
    dec12 = -4.23694281763 +/- 0.12335115237, no limits
    dec19 = -80.444883887 +/- 12.9782943399, no limits
    dec26 = 4.10564675636 +/- 0.000830970072192, no limits
    jan02 = 4.57895886528 +/- 35.8469181952, no limits
    jan09 = 4.58920960324 +/- 1.09882570645, no limits
    fullgam = 0.0263 +/- 0.1, no limits
    yint = 0.01823 +/- 0.1, no limits
    phi = 0.0 +/- 0.1, no limits
    btautau = 0.0239 +/- 0.1, no limits
    tauyint = 0.27 +/- 0.1, no limits
    tauphi = 0.0 +/- 0.1, no limits
    twophofrac = 0.0792 +/- 0.1, no limits
    u1area = 323.216961993 +/- 0.1, no limits
    u2area = 133.987871846 +/- 0.1, no limits
    rnov28 = 6.81792992394 +/- 1.28844088641, no limits
    rdec05 = 2.60020730083 +/- 0.111297569116, no limits
    rdec12 = 1.06151476184 +/- 0.0759501161852, no limits
    rdec19 = 7.7669874745 +/- 35.0619190321, no limits
    rdec26 = -7.16883574089 +/- 1.26237612042, no limits
    rjan02 = 6.75599029179 +/- 3.7111199074, no limits
    rjan09 = 8.00990666883 +/- 0.384555273953, no limits
[('area', (None, None)), ('rmsbeam', (None, None)), ('back', (None, None)), ('nov28', (None, None)), ('dec05', (None, None)), ('dec12', (None, None)), ('dec19', (None, None)), ('dec26', (None, None)), ('jan02', (None, None)), ('jan09', (None, None)), ('fullgam', (None, None)), ('yint', (None, None)), ('phi', (None, None)), ('btautau', (None, None)), ('tauyint', (None, None)), ('tauphi', (None, None)), ('twophofrac', (None, None)), ('u1area', (None, None)), ('u2area', (None, None)), ('rnov28', (None, None)), ('rdec05', (None, None)), ('rdec12', (None, None)), ('rdec19', (None, None)), ('rdec26', (None, None)), ('rjan02', (None, None)), ('rjan09', (None, None))]
Minuit succeeded.
Minos succeeded.
Minuit succeeded.
Minos succeeded.
Minuit succeeded.
Minos succeeded.
Minuit succeeded.
Minos succeeded.
