This is pdfTeX, Version 3.14159-14h-released-20010417 (Web2C 7.3.3.1) (format=pdflatex 2003.2.18)  30 MAY 2005 19:51
**wholething.tex
(./wholething.tex{/usr/share/texmf/pdftex/config/pdftex.cfg}
LaTeX2e <2001/06/01>
Babel <v3.7h> and hyphenation patterns for american, french, german, ngerman, i
talian, nohyphenation, loaded.
(./cornell.cls
Document Class: cornell 2002/06/14 v2.6 Cornell University thesis class
(/usr/share/texmf/tex/latex/base/report.cls
Document Class: report 2001/04/21 v1.4e Standard LaTeX document class
(/usr/share/texmf/tex/latex/base/size12.clo
File: size12.clo 2001/04/21 v1.4e Standard LaTeX file (size option)
)
\c@part=\count79
\c@chapter=\count80
\c@section=\count81
\c@subsection=\count82
\c@subsubsection=\count83
\c@paragraph=\count84
\c@subparagraph=\count85
\c@figure=\count86
\c@table=\count87
\abovecaptionskip=\skip41
\belowcaptionskip=\skip42
\bibindent=\dimen102
)
\@abhdskip=\skip43
)
(/usr/share/texmf/tex/latex/amsmath/amsmath.sty
Package: amsmath 2000/07/18 v2.13 AMS math features
\@mathmargin=\skip44

For additional information on amsmath, use the `?' option.
(/usr/share/texmf/tex/latex/amsmath/amstext.sty
Package: amstext 2000/06/29 v2.01

(/usr/share/texmf/tex/latex/amsmath/amsgen.sty
File: amsgen.sty 1999/11/30 v2.0
\@emptytoks=\toks14
\ex@=\dimen103
))
(/usr/share/texmf/tex/latex/amsmath/amsbsy.sty
Package: amsbsy 1999/11/29 v1.2d
\pmbraise@=\dimen104
)
(/usr/share/texmf/tex/latex/amsmath/amsopn.sty
Package: amsopn 1999/12/14 v2.01 operator names
)
\inf@bad=\count88
LaTeX Info: Redefining \frac on input line 211.
\uproot@=\count89
\leftroot@=\count90
LaTeX Info: Redefining \overline on input line 307.
\classnum@=\count91
\DOTSCASE@=\count92
LaTeX Info: Redefining \ldots on input line 379.
LaTeX Info: Redefining \dots on input line 382.
LaTeX Info: Redefining \cdots on input line 467.
\Mathstrutbox@=\box26
\strutbox@=\box27
\big@size=\dimen105
LaTeX Font Info:    Redeclaring font encoding OML on input line 567.
LaTeX Font Info:    Redeclaring font encoding OMS on input line 568.
\macc@depth=\count93
\c@MaxMatrixCols=\count94
\dotsspace@=\muskip10
\c@parentequation=\count95
\dspbrk@lvl=\count96
\tag@help=\toks15
\row@=\count97
\column@=\count98
\maxfields@=\count99
\andhelp@=\toks16
\eqnshift@=\dimen106
\alignsep@=\dimen107
\tagshift@=\dimen108
\tagwidth@=\dimen109
\totwidth@=\dimen110
\lineht@=\dimen111
\@envbody=\toks17
\multlinegap=\skip45
\multlinetaggap=\skip46
\mathdisplay@stack=\toks18
LaTeX Info: Redefining \[ on input line 2666.
LaTeX Info: Redefining \] on input line 2667.
)
(/usr/share/texmf/tex/latex/graphics/graphicx.sty
Package: graphicx 1999/02/16 v1.0f Enhanced LaTeX Graphics (DPC,SPQR)

(/usr/share/texmf/tex/latex/graphics/keyval.sty
Package: keyval 1999/03/16 v1.13 key=value parser (DPC)
\KV@toks@=\toks19
)
(/usr/share/texmf/tex/latex/graphics/graphics.sty
Package: graphics 2001/07/07 v1.0n Standard LaTeX Graphics (DPC,SPQR)

(/usr/share/texmf/tex/latex/graphics/trig.sty
Package: trig 1999/03/16 v1.09 sin cos tan (DPC)
)
(/usr/share/texmf/tex/latex/config/graphics.cfg)
Package graphics Info: Driver file: pdftex.def on input line 80.

(/usr/share/texmf/tex/latex/graphics/pdftex.def
File: pdftex.def 2001/11/29 v0.03i graphics/color for pdftex
\Gread@gobject=\count100
))
\Gin@req@height=\dimen112
\Gin@req@width=\dimen113
) (./wholething.aux)
\openout1 = `wholething.aux'.

LaTeX Font Info:    Checking defaults for OML/cmm/m/it on input line 8.
LaTeX Font Info:    ... okay on input line 8.
LaTeX Font Info:    Checking defaults for T1/cmr/m/n on input line 8.
LaTeX Font Info:    ... okay on input line 8.
LaTeX Font Info:    Checking defaults for OT1/cmr/m/n on input line 8.
LaTeX Font Info:    ... okay on input line 8.
LaTeX Font Info:    Checking defaults for OMS/cmsy/m/n on input line 8.
LaTeX Font Info:    ... okay on input line 8.
LaTeX Font Info:    Checking defaults for OMX/cmex/m/n on input line 8.
LaTeX Font Info:    ... okay on input line 8.
LaTeX Font Info:    Checking defaults for U/cmr/m/n on input line 8.
LaTeX Font Info:    ... okay on input line 8.

(/usr/share/texmf/tex/context/base/supp-pdf.tex
(/usr/share/texmf/tex/context/base/supp-mis.tex
loading : Context Support Macros / Missing
\protectiondepth=\count101
\scratchcounter=\count102
\scratchtoks=\toks20
\scratchdimen=\dimen114
\scratchskip=\skip47
\scratchmuskip=\muskip11
\scratchbox=\box28
\scratchread=\read1
\scratchwrite=\write3
\zeropoint=\dimen115
\nextbox=\box29
\nextdepth=\dimen116
\everyline=\toks21
\!!counta=\count103
\!!countb=\count104
\recursecounter=\count105
)
loading : Context Support Macros / PDF
\nofMPsegments=\count106
\nofMParguments=\count107
\everyMPtoPDFconversion=\toks22
) (./wholething.toc [1


{/usr/share/texmf/dvips/config/pdftex.map}] [2])
\tf@toc=\write4
\openout4 = `wholething.toc'.

 [3]
Chapter 1.
[4

]
Chapter 2.
[5

]
Chapter 3.
[6

]
Chapter 4.
(./cuts.tex [7

] [8]
<plots/trigger_topher.pdf, id=54, 251.94125pt x 169.63374pt>
File: plots/trigger_topher.pdf Graphic file (type pdf)

<use plots/trigger_topher.pdf> [9] [10 <./plots/trigger_topher.pdf>] [11]
LaTeX Font Info:    Try loading font information for OMS+cmr on input line 186.


(/usr/share/texmf/tex/latex/base/omscmr.fd
File: omscmr.fd 1999/05/25 v2.5h Standard LaTeX font definitions
)
LaTeX Font Info:    Font shape `OMS/cmr/m/n' in size <12> not available
(Font)              Font shape `OMS/cmsy/m/n' tried instead on input line 186.
 [12]
Overfull \hbox (2.31825pt too wide) in paragraph at lines 221--221
[]/cmbx12@14.4pt/Biggest Track Mo-menta ($/cmsy10@14.4pt/j[]j$/cmbx12@14.4pt/, 
$/cmsy10@14.4pt/j[]j$/cmbx12@14.4pt/) and Biggest Shower
 []

[13] [14] [15] [16]
<plots/explain_asymmetric_cut.pdf, id=94, 326.21875pt x 326.21875pt>
File: plots/explain_asymmetric_cut.pdf Graphic file (type pdf)

<use plots/explain_asymmetric_cut.pdf> [17 <./plots/explain_asymmetric_cut.pdf>
]
Overfull \hbox (8.1988pt too wide) in paragraph at lines 374--380
[]/cmr12/DR-trigger bhab-has dif-fer only from or-di-nary bhab-has in re-ly-ing
 on the TwoTrack
 []


Underfull \hbox (badness 10000) in paragraph at lines 400--404
[]
 []

) [18] [19] [20]
Chapter 5.
(./datasets.tex
Underfull \hbox (badness 10000) in paragraph at lines 17--21
[]
 []


Underfull \hbox (badness 10000) in paragraph at lines 25--26
/cmr12//home/dlk/Luminosity/badruns3S
 []


Underfull \hbox (badness 1142) in paragraph at lines 27--39
[]/cmr12/121382 122347 122351 122463 122486
 []


Underfull \hbox (badness 1142) in paragraph at lines 27--39
/cmr12/122683 122722 123259 123710 124161
 []


Underfull \hbox (badness 1142) in paragraph at lines 27--39
/cmr12/124327 124356 124377 124482 124711
 []


Underfull \hbox (badness 1142) in paragraph at lines 27--39
/cmr12/124831 125040 125042 125043 125048
 []


Underfull \hbox (badness 1142) in paragraph at lines 27--39
/cmr12/125049 125051 125054 125055 125056
 []


Underfull \hbox (badness 1142) in paragraph at lines 27--39
/cmr12/125057 125058 125059 125061 125062
 []


Underfull \hbox (badness 1142) in paragraph at lines 27--39
/cmr12/125079 125160 125181 125201 125211
 []


Underfull \hbox (badness 1142) in paragraph at lines 27--39
/cmr12/125234 125246 125320 125371 125390
 []


Underfull \hbox (badness 1142) in paragraph at lines 27--39
/cmr12/125393 126310 126522 126523 126538
 []


Underfull \hbox (badness 1142) in paragraph at lines 27--39
/cmr12/126539 126543 126569 126572 126573
 []


Underfull \hbox (badness 1142) in paragraph at lines 27--39
/cmr12/126576 126913 127107 127314 127417
 []


Underfull \hbox (badness 1142) in paragraph at lines 27--39
/cmr12/127418 127419 127420 127421 127422
 []


Underfull \hbox (badness 1142) in paragraph at lines 27--39
/cmr12/127423 127424 127425 127442 127443
 []


Underfull \hbox (badness 1142) in paragraph at lines 27--39
/cmr12/127444 127510 127531 127664 127691
 []


Underfull \hbox (badness 1142) in paragraph at lines 27--39
/cmr12/127704 127711 127761 127762 127819
 []


Underfull \hbox (badness 1142) in paragraph at lines 27--39
/cmr12/127835 127838 128005 128022 128172
 []


Underfull \hbox (badness 1142) in paragraph at lines 27--39
/cmr12/128212 128341 128812 128971 128972
 []


Underfull \hbox (badness 1142) in paragraph at lines 27--39
/cmr12/128973 128974 128975 128981 129063
 []


Underfull \hbox (badness 1142) in paragraph at lines 27--39
/cmr12/129147 129148 129162 129192 129196
 []


Underfull \hbox (badness 1142) in paragraph at lines 27--39
/cmr12/129738 130278 130343 130364 130554
 []


Underfull \hbox (badness 1142) in paragraph at lines 46--47
[]/cmr12/122617 124363 124364 124365 124368
 []


Underfull \hbox (badness 1142) in paragraph at lines 60--62
[]/cmr12/121710 121928 121929 121930 121944
 []


Underfull \hbox (badness 1142) in paragraph at lines 60--62
/cmr12/121953 121954 123884 127951 127955
 []


Underfull \hbox (badness 1142) in paragraph at lines 66--68
[]/cmr12/122331 122335 122336 122339 122341
 []


Underfull \hbox (badness 1142) in paragraph at lines 66--68
/cmr12/122342 122344 122345 122349 122350
 []


Underfull \hbox (badness 1142) in paragraph at lines 72--74
[]/cmr12/121476 121748 121822 121847 122685
 []


Underfull \hbox (badness 1142) in paragraph at lines 72--74
/cmr12/123436 123847 123873 124816 124860
 []


Underfull \hbox (badness 1142) in paragraph at lines 78--80
[]/cmr12/124452 124454 124456 124458 124462
 []


Underfull \hbox (badness 1142) in paragraph at lines 78--80
/cmr12/124464 124465 124466 124467 124469
 []


Underfull \hbox (badness 1142) in paragraph at lines 78--80
/cmr12/124472 124473 124474 124475 124477
 []

[21

] [22]

LaTeX Warning: Text page 23 contains only floats.

[23] [24] [25] [26] [27]
<plots/datasets_twophoton_visen.pdf, id=139, 491.8375pt x 489.83pt>
File: plots/datasets_twophoton_visen.pdf Graphic file (type pdf)

<use plots/datasets_twophoton_visen.pdf> [28] [29 <./plots/datasets_twophoton_v
isen.pdf>] [30] <plots/datasets_beamgas.pdf, id=157, 470.75874pt x 489.83pt>
File: plots/datasets_beamgas.pdf Graphic file (type pdf)

<use plots/datasets_beamgas.pdf>
<plots/datasets_cosmic.pdf, id=158, 476.78125pt x 489.83pt>
File: plots/datasets_cosmic.pdf Graphic file (type pdf)

<use plots/datasets_cosmic.pdf> [31] [32 <./plots/datasets_beamgas.pdf>]
[33 <./plots/datasets_cosmic.pdf>] [34]
<plots/datasets_cosmicscale.pdf, id=176, 483.8075pt x 487.8225pt>
File: plots/datasets_cosmicscale.pdf Graphic file (type pdf)

<use plots/datasets_cosmicscale.pdf>
<plots/datasets_databasecontamination.pdf, id=177, 487.8225pt x 483.8075pt>
File: plots/datasets_databasecontamination.pdf Graphic file (type pdf)

<use plots/datasets_databasecontamination.pdf>
<plots/datasets_database_dxydzcuts.pdf, id=178, 483.8075pt x 488.82625pt>
File: plots/datasets_database_dxydzcuts.pdf Graphic file (type pdf)

<use plots/datasets_database_dxydzcuts.pdf>) [35] [36 <./plots/datasets_cosmics
cale.pdf>] [37 <./plots/datasets_databasecontamination.pdf>] [38 <./plots/datas
ets_database_dxydzcuts.pdf>]
Chapter 6.
(./mc.tex
Overfull \hbox (2.03386pt too wide) in paragraph at lines 3--7
/cmr12/low-ing gen-er-ated sep-a-rately: $^^G /cmsy10@12.0pt/! /cmmi12/e[]e[]$/
cmr12/, $/cmmi12/^^V[]^^V[]$/cmr12/, $/cmmi12/^^\[]^^\[]$/cmr12/, $/cmmi12/ggg$
/cmr12/, $/cmmi12/gg^^M$/cmr12/, $/cmmi12/q[]$/cmr12/, and $^^G(2/cmmi12/; /cmr
12/3/cmmi12/S/cmr12/) /cmsy10@12.0pt/!$
 []

[39

]) [40]
Chapter 7.
(./cascades.tex [41

] [42] [43] [44]
<plots/cascades_recoilmass.pdf, id=217, 569.12625pt x 569.12625pt>
File: plots/cascades_recoilmass.pdf Graphic file (type pdf)

<use plots/cascades_recoilmass.pdf> [45] [46 <./plots/cascades_recoilmass.pdf>]
[47] [48] [49]
<plots/cascades_logd0close.pdf, id=236, 569.12625pt x 569.12625pt>
File: plots/cascades_logd0close.pdf Graphic file (type pdf)

<use plots/cascades_logd0close.pdf>
<plots/cascades_logwz.pdf, id=237, 569.12625pt x 569.12625pt>
File: plots/cascades_logwz.pdf Graphic file (type pdf)

<use plots/cascades_logwz.pdf>
<plots/cascades_p1.pdf, id=238, 569.12625pt x 569.12625pt>
File: plots/cascades_p1.pdf Graphic file (type pdf)

<use plots/cascades_p1.pdf>
<plots/cascades_visen.pdf, id=239, 569.12625pt x 569.12625pt>
File: plots/cascades_visen.pdf Graphic file (type pdf)

<use plots/cascades_visen.pdf>
Underfull \hbox (badness 1515) in paragraph at lines 339--339
[]/cmr12/Figure 7.5: []Vis-i-ble en-ergy di-vided by $/cmmi12/M[]$ /cmr12/($/cm
mi12/^^Y[]^^Y[]$ /cmr12/re-moved, sideband-
 []

<plots/cascades_tracks.pdf, id=240, 569.12625pt x 569.12625pt>
File: plots/cascades_tracks.pdf Graphic file (type pdf)

<use plots/cascades_tracks.pdf> [50] [51 <./plots/cascades_logd0close.pdf>]
[52 <./plots/cascades_logwz.pdf>] [53 <./plots/cascades_p1.pdf>] [54 <./plots/c
ascades_visen.pdf>] [55 <./plots/cascades_tracks.pdf>] [56] [57] [58]) [59]
Chapter 8.
(./trigger.tex [60

]
<plots/trigger_neutralpart.pdf, id=288, 401.5pt x 220.825pt>
File: plots/trigger_neutralpart.pdf Graphic file (type pdf)

<use plots/trigger_neutralpart.pdf> [61] [62 <./plots/trigger_neutralpart.pdf>]
[63]
Overfull \hbox (21.87372pt too wide) in paragraph at lines 129--134
[]/cmr12/Construct a trig-ger de-ci-sion out of #CBLO, #CBMD, #AX-IAL, and #STE
REO,
 []

<plots/trigger_toymcexamples.pdf, id=301, 537.00626pt x 180.675pt>
File: plots/trigger_toymcexamples.pdf Graphic file (type pdf)

<use plots/trigger_toymcexamples.pdf> [64 <./plots/trigger_toymcexamples.pdf>]
[65] [66] [67]
<plots/trigger_lowlevel_1s.pdf, id=317, 528.97626pt x 508.90125pt>
File: plots/trigger_lowlevel_1s.pdf Graphic file (type pdf)

<use plots/trigger_lowlevel_1s.pdf> [68] [69]
<plots/trigger_lowlevel_2s.pdf, id=324, 528.97626pt x 508.90125pt>
File: plots/trigger_lowlevel_2s.pdf Graphic file (type pdf)

<use plots/trigger_lowlevel_2s.pdf>
<plots/trigger_lowlevel_3s.pdf, id=325, 528.97626pt x 508.90125pt>
File: plots/trigger_lowlevel_3s.pdf Graphic file (type pdf)

<use plots/trigger_lowlevel_3s.pdf> [70] [71 <./plots/trigger_lowlevel_1s.pdf>]
[72 <./plots/trigger_lowlevel_2s.pdf>] [73 <./plots/trigger_lowlevel_3s.pdf>]
[74] <plots/trigger_gamgam_vrun.pdf, id=348, 456.70625pt x 201.75375pt>
File: plots/trigger_gamgam_vrun.pdf Graphic file (type pdf)

<use plots/trigger_gamgam_vrun.pdf>
<plots/trigger_gamgam_hist.pdf, id=349, 476.78125pt x 308.15125pt>
File: plots/trigger_gamgam_hist.pdf Graphic file (type pdf)

<use plots/trigger_gamgam_hist.pdf>) [75] [76 <./plots/trigger_gamgam_vrun.pdf>
 <./plots/trigger_gamgam_hist.pdf>]
Chapter 9.
(./efficiency.tex [77

] [78] [79]
<plots/efficiency_dxy.pdf, id=370, 411.5375pt x 487.8225pt>
File: plots/efficiency_dxy.pdf Graphic file (type pdf)

<use plots/efficiency_dxy.pdf>
<plots/efficiency_dz.pdf, id=371, 401.5pt x 485.815pt>
File: plots/efficiency_dz.pdf Graphic file (type pdf)

<use plots/efficiency_dz.pdf>
<plots/efficiency_p1.pdf, id=372, 417.56pt x 487.8225pt>
File: plots/efficiency_p1.pdf Graphic file (type pdf)

<use plots/efficiency_p1.pdf>
<plots/efficiency_visen.pdf, id=373, 417.56pt x 487.8225pt>
File: plots/efficiency_visen.pdf Graphic file (type pdf)

<use plots/efficiency_visen.pdf>
<plots/efficiency_overlay.pdf, id=374, 405.515pt x 486.81876pt>
File: plots/efficiency_overlay.pdf Graphic file (type pdf)

<use plots/efficiency_overlay.pdf> [80] [81 <./plots/efficiency_dxy.pdf>]
[82 <./plots/efficiency_dz.pdf>] [83 <./plots/efficiency_p1.pdf>] [84 <./plots/
efficiency_visen.pdf>] [85 <./plots/efficiency_overlay.pdf>]
Overfull \hbox (5.74687pt too wide) in paragraph at lines 199--204
[]/cmr12/There seems to be a dis-crep-ancy in the lit-er-a-ture re-gard-ing the
 value of $^^@[]/cmmi12/=/cmr12/^^@[]$;
 []

[86] [87] [88]
Overfull \hbox (5.24832pt too wide) in paragraph at lines 328--341
 [] 
 []

[89] [90]) [91] [92]
Chapter 10.
(./gamgamback.tex
<plots/gamgam_chibkgnd.pdf, id=426, 486.81876pt x 487.8225pt>
File: plots/gamgam_chibkgnd.pdf Graphic file (type pdf)

<use plots/gamgam_chibkgnd.pdf>) [93

] [94 <./plots/gamgam_chibkgnd.pdf>]
Chapter 11.
(./runbyrun.tex [95

]
<plots/runbyrun_trackless0.pdf, id=438, 465.74pt x 247.92625pt>
File: plots/runbyrun_trackless0.pdf Graphic file (type pdf)

<use plots/runbyrun_trackless0.pdf>
<plots/runbyrun_trackless.pdf, id=439, 468.75125pt x 250.9375pt>
File: plots/runbyrun_trackless.pdf Graphic file (type pdf)

<use plots/runbyrun_trackless.pdf>
<plots/runbyrun_trackless2.pdf, id=440, 420.57124pt x 484.81125pt>
File: plots/runbyrun_trackless2.pdf Graphic file (type pdf)

<use plots/runbyrun_trackless2.pdf> [96] [97 <./plots/runbyrun_trackless0.pdf> 
<./plots/runbyrun_trackless.pdf>] [98 <./plots/runbyrun_trackless2.pdf>]
<plots/runbyrun_bhamutt.pdf, id=457, 468.75125pt x 261.97874pt>
File: plots/runbyrun_bhamutt.pdf Graphic file (type pdf)

<use plots/runbyrun_bhamutt.pdf>
<plots/runbyrun_bhamutt2.pdf, id=458, 467.7475pt x 205.76875pt>
File: plots/runbyrun_bhamutt2.pdf Graphic file (type pdf)

<use plots/runbyrun_bhamutt2.pdf> [99] [100 <./plots/runbyrun_bhamutt.pdf> <./p
lots/runbyrun_bhamutt2.pdf>] [101]
Overfull \hbox (10.38766pt too wide) in paragraph at lines 180--183
[]/cmr12/Before draw-ing these his-tograms, two out-ly-ing runs were iden-ti-fi
ed: their hadronic
 []

<plots/runbyrun_hadxs1.pdf, id=472, 487.8225pt x 196.735pt>
File: plots/runbyrun_hadxs1.pdf Graphic file (type pdf)

<use plots/runbyrun_hadxs1.pdf>
<plots/runbyrun_hadxs2.pdf, id=473, 476.78125pt x 296.10625pt>
File: plots/runbyrun_hadxs2.pdf Graphic file (type pdf)

<use plots/runbyrun_hadxs2.pdf>
<plots/runbyrun_peaksconts.pdf, id=474, 384.43625pt x 483.8075pt>
File: plots/runbyrun_peaksconts.pdf Graphic file (type pdf)

<use plots/runbyrun_peaksconts.pdf>
<plots/runbyrun_peaksconts2.pdf, id=475, 406.51875pt x 489.83pt>
File: plots/runbyrun_peaksconts2.pdf Graphic file (type pdf)

<use plots/runbyrun_peaksconts2.pdf> [102] [103 <./plots/runbyrun_hadxs1.pdf> <
./plots/runbyrun_hadxs2.pdf>] [104 <./plots/runbyrun_peaksconts.pdf>] [105 <./p
lots/runbyrun_peaksconts2.pdf>] [106]
<plots/runbyrun_thescans.pdf, id=500, 407.5225pt x 489.83pt>
File: plots/runbyrun_thescans.pdf Graphic file (type pdf)

<use plots/runbyrun_thescans.pdf>) [107] [108 <./plots/runbyrun_thescans.pdf>]
Chapter 12.
[109

]
Chapter 13.
[110

]
Chapter 14.
[111

]
Appendix A.
(./files/y1ee.dec) (./files/y1mumu.dec) (./files/y1tautau.dec)
(./files/y1ggg.dec) (./files/y1gggam.dec [112

]) (./files/y1qq.dec)
(./files/y2scas.dec [113] [114]) (./files/y2pipi.dec) (./files/y2pho3.dec
[115]) [116] (./files/y3scas.dec
Overfull \hbox (0.734pt too wide) in paragraph at lines 19--19
[]/cmtt12/0.256526    gamma  chi_b2(2P) HELAMP 2.4494897 0. 1.7320508 0. 1. 0. 

 []

[117]
Overfull \hbox (19.259pt too wide) in paragraph at lines 39--39
[]/cmtt12/0.0236    gamma  Upsilon_2(1D)   HELAMP 2.4494897 0. 1.7320508 0. 1. 
0. 
 []


Overfull \hbox (25.434pt too wide) in paragraph at lines 40--40
[]                                        /cmtt12/1. 0. 1.7320508 0. 2.4494897 
0.; 
 []

[118] [119]) (./files/y3pho3.dec
Overfull \hbox (0.734pt too wide) in paragraph at lines 14--14
[]/cmtt12/0.405694    gamma  chi_b2(2P) HELAMP 2.4494897 0. 1.7320508 0. 1. 0. 

 []

[120]) (./files/generate.tcl [121]
Overfull \hbox (13.084pt too wide) in paragraph at lines 10--10
[]                                    /cmtt12/-user_decay $env(USER_DEC) -post 
{ 
 []

) (./files/cleog.tcl [122]) (./files/mcpass2.tcl [123]) [124]
Appendix B.
(./files/rawdata.tcl [125

]) (./files/beamgas.tcl [126]) (./files/cosmics.tcl
[127]
Overfull \hbox (6.909pt too wide) in paragraph at lines 40--40
[]/cmtt12/# tracks.  This could, in principle, bias the measurement of how many
 
 []


Overfull \hbox (6.909pt too wide) in paragraph at lines 41--41
[]/cmtt12/# cosmic rays survive hadron cuts, because the hadron event selection
 
 []


Overfull \hbox (13.084pt too wide) in paragraph at lines 43--43
[]/cmtt12/# measurement is 7%, and for such a cosmic ray to survive hadron cuts
, 
 []

[128]) [129]
Appendix C.
[130

] (./wholething.aux) ) 
Here is how much of TeX's memory you used:
 1953 strings out of 50453
 26784 string characters out of 688420
 80511 words of memory out of 1500001
 4851 multiletter control sequences out of 10000+25000
 11525 words of font info for 42 fonts, out of 400000 for 1000
 14 hyphenation exceptions out of 10000
 27i,13n,21p,763b,409s stack positions out of 3000i,500n,3000p,50000b,5000s
</usr/share/texmf/fonts/type1/bluesky/cm/cmti12.pfb></usr
/share/texmf/fonts/type1/bluesky/cm/cmr6.pfb></usr/share/texmf/fonts/type1/blue
sky/cm/cmsy6.pfb></usr/share/texmf/fonts/type1/bluesky/cm/cmtt12.pfb></usr/shar
e/texmf/fonts/type1/bluesky/cm/cmr10.pfb></usr/share/texmf/fonts/type1/bluesky/
cm/cmmi10.pfb></usr/share/texmf/fonts/type1/bluesky/cm/cmbx8.pfb></usr/share/te
xmf/fonts/type1/bluesky/cm/cmsy8.pfb></usr/share/texmf/fonts/type1/bluesky/cm/c
mr17.pfb></usr/share/texmf/fonts/type1/bluesky/cm/cmex10.pfb></usr/share/texmf/
fonts/type1/bluesky/cm/cmsy10.pfb></usr/share/texmf/fonts/type1/bluesky/cm/cmmi
12.pfb></usr/share/texmf/fonts/type1/bluesky/cm/cmr8.pfb></usr/share/texmf/font
s/type1/bluesky/cm/cmmi8.pfb></usr/share/texmf/fonts/type1/bluesky/cm/cmr12.pfb
></usr/share/texmf/fonts/type1/bluesky/cm/cmbx12.pfb>
Output written on wholething.pdf (130 pages, 2698960 bytes).
