Minuit succeeded.
1s under jitter 0.4 = 14.3709659572 with chi^2 4476.08731433
Minuit succeeded.
1s under jitter 0.4 = 14.9823209775 with chi^2 3286.99380455
eigenvalues: 
-0.00246081
0.633523
0.79651
1
1
1
1
1
1
1
1
1
1.00075
1.02854
2.54313
matrix forced pos-def by adding 0.00500395 to diagonal
MnHesse: matrix is invalid!
MnHesse: matrix is not pos. def.!
MnHesse: matrix was forced pos. def.
FunctionMinimum is invalid.
Minuit failed because covariance is not accurate, and covariance is not positive definite.
1s under jitter 0.4 = 15.2034385922 with chi^2 3017.81209489
Minuit succeeded.
1s under jitter 0.4 = 14.7096840568 with chi^2 1305.09987397
Minuit succeeded.
1s under jitter 0.4 = 15.5413257242 with chi^2 5123.99598516
Minuit succeeded.
1s under jitter 0.4 = 14.5959701731 with chi^2 2174.91705566
VariableMetricBuilder: matrix not pos.def.
gdel > 0: 0.000275254
negative or zero diagonal element 0 in covariance matrix
negative or zero diagonal element 1 in covariance matrix
negative or zero diagonal element 3 in covariance matrix
negative or zero diagonal element 5 in covariance matrix
added 1.00422 to diagonal of error matrix
gdel: 0.000275254
Minuit succeeded.
1s under jitter 0.4 = 14.3772046373 with chi^2 1509.31544897
Minuit succeeded.
1s under jitter 0.4 = 14.0693161719 with chi^2 1979.16369089
Minuit succeeded.
1s under jitter 0.4 = 14.303637969 with chi^2 1567.98225158
VariableMetricBuilder: no improvement
VariableMetricBuilder: machine accuracy limits further improvement.
Minuit succeeded.
1s under jitter 0.4 = 14.8473616108 with chi^2 2557.97933462
Minuit succeeded.
1s under jitter 0.4 = 14.3085109938 with chi^2 3298.63448499
Minuit succeeded.
1s under jitter 0.4 = 15.368251379 with chi^2 2710.02984955
Minuit succeeded.
1s under jitter 0.4 = 14.4715865694 with chi^2 1935.2128348
Minuit succeeded.
1s under jitter 0.4 = 14.2223745954 with chi^2 1653.47829383
Minuit succeeded.
1s under jitter 0.4 = 13.9528388229 with chi^2 1494.08708893
Minuit succeeded.
1s under jitter 0.4 = 14.7659993049 with chi^2 2680.85037469
Minuit succeeded.
1s under jitter 0.4 = 14.8541249161 with chi^2 5147.37564773
Minuit succeeded.
1s under jitter 0.4 = 14.9140834073 with chi^2 4968.00264931
Minuit succeeded.
1s under jitter 0.4 = 14.6105483566 with chi^2 1710.20022301
Minuit succeeded.
1s under jitter 0.4 = 15.1586745548 with chi^2 6100.81194217
Minuit succeeded.
1s under jitter 0.4 = 14.41587385 with chi^2 2526.48114319
Minuit succeeded.
1s under jitter 0.4 = 15.0767786466 with chi^2 2591.87510117
eigenvalues: 
-0.00602665
0.618298
0.753746
1
1
1
1
1
1
1
1
1
1.00125
1.04545
2.58728
matrix forced pos-def by adding 0.00861393 to diagonal
MnHesse: matrix is invalid!
MnHesse: matrix is not pos. def.!
MnHesse: matrix was forced pos. def.
FunctionMinimum is invalid.
Minuit failed because covariance is not accurate, and covariance is not positive definite.
1s under jitter 0.4 = 14.3321671337 with chi^2 2531.15336352
VariableMetricBuilder: no improvement
VariableMetricBuilder: machine accuracy limits further improvement.
Minuit succeeded.
1s under jitter 0.4 = 15.0024394592 with chi^2 4578.03963591
Minuit succeeded.
1s under jitter 0.4 = 14.8818914305 with chi^2 3519.97809154
VariableMetricBuilder: no improvement
VariableMetricBuilder: machine accuracy limits further improvement.
eigenvalues: 
-0.0700515
0.640819
0.801766
1
1
1
1
1
1
1
1
1
1.00078
1.01647
2.61022
matrix forced pos-def by adding 0.0726617 to diagonal
MnHesse: matrix is invalid!
MnHesse: matrix is not pos. def.!
MnHesse: matrix was forced pos. def.
FunctionMinimum is invalid.
Minuit failed because covariance is not accurate, and covariance is not positive definite.
1s under jitter 0.4 = 15.328856582 with chi^2 2711.29217692
Minuit succeeded.
1s under jitter 0.4 = 14.7104619221 with chi^2 2266.33080218
VariableMetricBuilder: no improvement
VariableMetricBuilder: machine accuracy limits further improvement.
Minuit succeeded.
1s under jitter 0.4 = 14.5240223807 with chi^2 3124.49591371
eigenvalues: 
-0.0766765
0.631088
0.795969
1
1
1
1
1
1
1
1
1
1.00201
1.07721
2.5704
matrix forced pos-def by adding 0.0792469 to diagonal
MnHesse: matrix is invalid!
MnHesse: matrix is not pos. def.!
MnHesse: matrix was forced pos. def.
FunctionMinimum is invalid.
Minuit failed because covariance is not accurate, and covariance is not positive definite.
1s under jitter 0.4 = 14.4039466939 with chi^2 1368.8006918
Minuit succeeded.
1s under jitter 0.4 = 15.1408935272 with chi^2 3100.41016356
Minuit succeeded.
1s under jitter 0.4 = 15.4852937 with chi^2 4177.72461478
eigenvalues: 
-0.000672283
0.651542
0.774075
1
1
1
1
1
1
1
1
1
1.00046
1.03128
2.54332
matrix forced pos-def by adding 0.0032156 to diagonal
MnHesse: matrix is invalid!
MnHesse: matrix is not pos. def.!
MnHesse: matrix was forced pos. def.
FunctionMinimum is invalid.
Minuit failed because covariance is not accurate, and covariance is not positive definite.
1s under jitter 0.4 = 14.205956034 with chi^2 2289.07937594
Minuit succeeded.
1s under jitter 0.4 = 14.6600846941 with chi^2 2647.47150495
VariableMetricBuilder: no improvement
VariableMetricBuilder: machine accuracy limits further improvement.
Minuit succeeded.
1s under jitter 0.4 = 14.5164167465 with chi^2 3811.68148953
Minuit succeeded.
1s under jitter 0.4 = 14.7848654897 with chi^2 2052.80175209
Minuit succeeded.
1s under jitter 0.4 = 14.6984796454 with chi^2 1999.9591769
Minuit succeeded.
1s under jitter 0.4 = 14.52493418 with chi^2 2103.41705292
eigenvalues: 
-0.155637
0.621796
0.763345
1
1
1
1
1
1
1
1
1
1.00081
1.04966
2.72003
matrix forced pos-def by adding 0.158358 to diagonal
MnHesse: matrix is invalid!
MnHesse: matrix is not pos. def.!
MnHesse: matrix was forced pos. def.
FunctionMinimum is invalid.
Minuit failed because covariance is not accurate, and covariance is not positive definite.
1s under jitter 0.4 = 14.2954991111 with chi^2 2100.35349426
Minuit succeeded.
1s under jitter 0.4 = 15.2230466509 with chi^2 3911.31169416
VariableMetricBuilder: no improvement
VariableMetricBuilder: finishes without convergence.
VariableMetricBuilder: edm= 0.000143316 requested: 1e-05
FunctionMinimum is invalid.
Minuit failed because the function is above maximum EDM.
1s under jitter 0.4 = 14.3067115674 with chi^2 1148.71716349
Minuit succeeded.
1s under jitter 0.4 = 14.598195481 with chi^2 2678.39100093
Minuit succeeded.
1s under jitter 0.4 = 14.8372895931 with chi^2 1751.85004261
Minuit succeeded.
1s under jitter 0.4 = 14.6206499175 with chi^2 2309.05887728
Minuit succeeded.
1s under jitter 0.4 = 14.2490269201 with chi^2 2131.74785831
Minuit succeeded.
1s under jitter 0.4 = 15.4693077411 with chi^2 6979.3701054
Minuit succeeded.
1s under jitter 0.4 = 14.293819212 with chi^2 1929.81923535
Minuit succeeded.
1s under jitter 0.4 = 14.5748656065 with chi^2 3237.90000714
Minuit succeeded.
1s under jitter 0.4 = 14.8700562984 with chi^2 5040.53294279
Minuit succeeded.
1s under jitter 0.4 = 15.2061374459 with chi^2 5456.72181801
Minuit succeeded.
1s under jitter 0.4 = 14.3379142064 with chi^2 1744.82200063
Minuit succeeded.
1s under jitter 0.4 = 14.3893995542 with chi^2 2459.34255047
Minuit succeeded.
1s under jitter 0.4 = 15.4336460827 with chi^2 4208.04090602
VariableMetricBuilder: matrix not pos.def.
gdel > 0: 8.51103e-05
negative or zero diagonal element 0 in covariance matrix
negative or zero diagonal element 1 in covariance matrix
added 1.00243 to diagonal of error matrix
gdel: 8.51103e-05
Minuit succeeded.
1s under jitter 0.4 = 14.2963114707 with chi^2 1973.04165539
VariableMetricBuilder: matrix not pos.def.
gdel > 0: 2.54218e-05
negative or zero diagonal element 0 in covariance matrix
negative or zero diagonal element 1 in covariance matrix
added 1.00169 to diagonal of error matrix
gdel: 2.54218e-05
Minuit succeeded.
1s under jitter 0.4 = 14.3771405661 with chi^2 886.462862279
Minuit succeeded.
1s under jitter 0.4 = 14.0431635265 with chi^2 2935.48818393
Minuit succeeded.
1s under jitter 0.4 = 13.7917643812 with chi^2 3083.40743605
Minuit succeeded.
1s under jitter 0.4 = 14.5365988405 with chi^2 2115.5765079
VariableMetricBuilder: no improvement
VariableMetricBuilder: machine accuracy limits further improvement.
Minuit succeeded.
1s under jitter 0.4 = 14.1585750326 with chi^2 3197.87188707
Minuit succeeded.
1s under jitter 0.4 = 14.5892016359 with chi^2 2534.40381944
Minuit succeeded.
1s under jitter 0.4 = 15.0592747035 with chi^2 2706.44611472
Minuit succeeded.
1s under jitter 0.4 = 15.1645398477 with chi^2 2291.08808633
VariableMetricBuilder: no improvement
VariableMetricBuilder: machine accuracy limits further improvement.
Minuit succeeded.
1s under jitter 0.4 = 14.8462387706 with chi^2 2781.19048403
VariableMetricBuilder: no improvement
VariableMetricBuilder: machine accuracy limits further improvement.
Minuit succeeded.
1s under jitter 0.4 = 13.960086671 with chi^2 1963.0194345
VariableMetricBuilder: no improvement
VariableMetricBuilder: machine accuracy limits further improvement.
Minuit succeeded.
1s under jitter 0.4 = 15.1466168837 with chi^2 7643.59031066
Minuit succeeded.
1s under jitter 0.4 = 14.9514959954 with chi^2 2480.27778519
Minuit succeeded.
1s under jitter 0.4 = 14.6837354626 with chi^2 1973.26340338
Minuit succeeded.
1s under jitter 0.4 = 14.1825894399 with chi^2 1476.07329217
Minuit succeeded.
1s under jitter 0.4 = 15.6093204226 with chi^2 8400.5458502
Minuit succeeded.
1s under jitter 0.4 = 14.2408419237 with chi^2 1382.49155446
Minuit succeeded.
1s under jitter 0.4 = 14.7346318341 with chi^2 2329.49881871
Minuit succeeded.
1s under jitter 0.4 = 15.0033915844 with chi^2 4476.20706417
VariableMetricBuilder: no improvement
VariableMetricBuilder: finishes without convergence.
VariableMetricBuilder: edm= 0.000219725 requested: 1e-05
FunctionMinimum is invalid.
Minuit failed because the function is above maximum EDM.
1s under jitter 0.4 = 14.9395123302 with chi^2 1895.34268586
Minuit succeeded.
1s under jitter 0.4 = 14.8191549221 with chi^2 2094.78161927
Minuit succeeded.
1s under jitter 0.4 = 14.6157028194 with chi^2 2577.26101068
Minuit succeeded.
1s under jitter 0.4 = 13.9394050296 with chi^2 1492.14291925
Minuit succeeded.
1s under jitter 0.4 = 14.7372104318 with chi^2 2286.3974456
Minuit succeeded.
1s under jitter 0.4 = 14.3138787502 with chi^2 2121.58766006
Minuit succeeded.
1s under jitter 0.4 = 14.222640664 with chi^2 2642.56206754
Minuit succeeded.
1s under jitter 0.4 = 14.6050816177 with chi^2 1792.91475623
Minuit succeeded.
1s under jitter 0.4 = 15.2646868686 with chi^2 2853.63024743
Minuit succeeded.
1s under jitter 0.4 = 15.7475743545 with chi^2 4486.09016879
VariableMetricBuilder: matrix not pos.def.
gdel > 0: 6.19589e-05
negative or zero diagonal element 7 in covariance matrix
negative or zero diagonal element 8 in covariance matrix
negative or zero diagonal element 11 in covariance matrix
added 1.00197 to diagonal of error matrix
gdel: 6.19589e-05
Minuit succeeded.
1s under jitter 0.4 = 14.4595985817 with chi^2 1831.69968447
Minuit succeeded.
1s under jitter 0.4 = 14.9035588197 with chi^2 2560.0213332
eigenvalues: 
-0.0527436
0.597464
0.804344
1
1
1
1
1
1
1
1
1
1.0018
1.07377
2.57537
matrix forced pos-def by adding 0.055319 to diagonal
MnHesse: matrix is invalid!
MnHesse: matrix is not pos. def.!
MnHesse: matrix was forced pos. def.
FunctionMinimum is invalid.
Minuit failed because covariance is not accurate, and covariance is not positive definite.
1s under jitter 0.4 = 15.0920880804 with chi^2 1983.68820641
VariableMetricBuilder: matrix not pos.def.
gdel > 0: 8.25268e-05
negative or zero diagonal element 1 in covariance matrix
negative or zero diagonal element 10 in covariance matrix
added 1.00002 to diagonal of error matrix
gdel: 8.25268e-05
Minuit succeeded.
1s under jitter 0.4 = 14.2192725555 with chi^2 1690.86847416
Minuit succeeded.
1s under jitter 0.4 = 14.1394521256 with chi^2 1772.80360276
Minuit succeeded.
1s under jitter 0.4 = 14.5679160804 with chi^2 1629.23245189
VariableMetricBuilder: no improvement
VariableMetricBuilder: machine accuracy limits further improvement.
Minuit succeeded.
1s under jitter 0.4 = 15.4457870179 with chi^2 3951.434544
Minuit succeeded.
1s under jitter 0.4 = 14.304787217 with chi^2 2229.45864759
Minuit succeeded.
1s under jitter 0.4 = 15.3560002958 with chi^2 4588.24550731
Minuit succeeded.
1s under jitter 0.4 = 15.2654170151 with chi^2 3216.83055377
Minuit succeeded.
1s under jitter 0.4 = 15.06716524 with chi^2 3045.00077954
Minuit succeeded.
1s under jitter 0.4 = 14.0042544365 with chi^2 2250.35671969
Minuit succeeded.
1s under jitter 0.4 = 14.7783557049 with chi^2 3198.26410036
VariableMetricBuilder: no improvement
VariableMetricBuilder: machine accuracy limits further improvement.
Minuit succeeded.
1s under jitter 0.4 = 15.1090287645 with chi^2 3971.76795626
Minuit succeeded.
1s under jitter 0.4 = 14.2639244347 with chi^2 2878.23047498
VariableMetricBuilder: no improvement
VariableMetricBuilder: machine accuracy limits further improvement.
Minuit succeeded.
1s under jitter 0.4 = 14.690115646 with chi^2 2689.11426725
Minuit succeeded.
1s under jitter 0.4 = 14.5753286141 with chi^2 2718.78649664
Minuit succeeded.
1s under jitter 0.4 = 14.649178076 with chi^2 3743.39771442
Minuit succeeded.
1s under jitter 0.4 = 15.7550467782 with chi^2 5421.5135879
