Minuit succeeded.
1s under jitter 0.02 = 13.7228293334 with chi^2 518.000788215
Minuit succeeded.
1s under jitter 0.02 = 13.7071507784 with chi^2 507.049688004
Minuit succeeded.
1s under jitter 0.02 = 13.6798757499 with chi^2 507.652735198
Minuit succeeded.
1s under jitter 0.02 = 13.6834789505 with chi^2 518.55266968
Minuit succeeded.
1s under jitter 0.02 = 13.6853591979 with chi^2 508.434312985
Minuit succeeded.
1s under jitter 0.02 = 13.711754 with chi^2 510.982505129
Minuit succeeded.
1s under jitter 0.02 = 13.7111710992 with chi^2 510.872751244
Minuit succeeded.
1s under jitter 0.02 = 13.7012712385 with chi^2 502.287388646
eigenvalues: 
-0.00961739
0.644147
0.802068
1
1
1
1
1
1
1
1
1
1.00089
1.03442
2.52809
matrix forced pos-def by adding 0.0121455 to diagonal
MnHesse: matrix is invalid!
MnHesse: matrix is not pos. def.!
MnHesse: matrix was forced pos. def.
FunctionMinimum is invalid.
Minuit failed because covariance is not accurate, and covariance is not positive definite.
1s under jitter 0.02 = 13.724626126 with chi^2 510.969555419
Minuit succeeded.
1s under jitter 0.02 = 13.7133492958 with chi^2 518.801102744
Minuit succeeded.
1s under jitter 0.02 = 13.7125889386 with chi^2 507.84192797
Minuit succeeded.
1s under jitter 0.02 = 13.7014056996 with chi^2 510.738036767
Minuit succeeded.
1s under jitter 0.02 = 13.7091740358 with chi^2 515.423756649
Minuit succeeded.
1s under jitter 0.02 = 13.7193000954 with chi^2 522.538701088
Minuit succeeded.
1s under jitter 0.02 = 13.7086514135 with chi^2 511.326404887
Minuit succeeded.
1s under jitter 0.02 = 13.6988622492 with chi^2 506.343189547
Minuit succeeded.
1s under jitter 0.02 = 13.6786373918 with chi^2 503.950587901
Minuit succeeded.
1s under jitter 0.02 = 13.7064874284 with chi^2 512.060680232
Minuit succeeded.
1s under jitter 0.02 = 13.7165734323 with chi^2 526.249197844
Minuit succeeded.
1s under jitter 0.02 = 13.7287522249 with chi^2 516.551177673
eigenvalues: 
-0.0117604
0.653506
0.829748
1
1
1
1
1
1
1
1
1
1.00033
1.03157
2.49661
matrix forced pos-def by adding 0.0142571 to diagonal
MnHesse: matrix is invalid!
MnHesse: matrix is not pos. def.!
MnHesse: matrix was forced pos. def.
FunctionMinimum is invalid.
Minuit failed because covariance is not accurate, and covariance is not positive definite.
1s under jitter 0.02 = 13.7071334499 with chi^2 507.523313863
Minuit succeeded.
1s under jitter 0.02 = 13.7124516629 with chi^2 516.377060528
Minuit succeeded.
1s under jitter 0.02 = 13.6962360262 with chi^2 513.418070469
Minuit succeeded.
1s under jitter 0.02 = 13.6979908017 with chi^2 510.471458995
Minuit succeeded.
1s under jitter 0.02 = 13.6996598859 with chi^2 504.398712952
Minuit succeeded.
1s under jitter 0.02 = 13.6919619889 with chi^2 507.159481132
Minuit succeeded.
1s under jitter 0.02 = 13.7077557045 with chi^2 502.089405832
Minuit succeeded.
1s under jitter 0.02 = 13.6949841383 with chi^2 514.851005612
VariableMetricBuilder: matrix not pos.def.
gdel > 0: 0.00146364
negative or zero diagonal element 0 in covariance matrix
negative or zero diagonal element 1 in covariance matrix
negative or zero diagonal element 2 in covariance matrix
negative or zero diagonal element 4 in covariance matrix
negative or zero diagonal element 5 in covariance matrix
negative or zero diagonal element 6 in covariance matrix
negative or zero diagonal element 7 in covariance matrix
negative or zero diagonal element 10 in covariance matrix
negative or zero diagonal element 14 in covariance matrix
added 1.05365 to diagonal of error matrix
gdel: 0.00146364
Minuit succeeded.
1s under jitter 0.02 = 13.7042124489 with chi^2 508.710229033
Minuit succeeded.
1s under jitter 0.02 = 13.7049965831 with chi^2 511.743283868
Minuit succeeded.
1s under jitter 0.02 = 13.6817062744 with chi^2 508.036374165
Minuit succeeded.
1s under jitter 0.02 = 13.7104771213 with chi^2 524.11616531
eigenvalues: 
-0.0686295
0.605953
0.791012
1
1
1
1
1
1
1
1
1
1.00158
1.06335
2.60673
matrix forced pos-def by adding 0.0712362 to diagonal
MnHesse: matrix is invalid!
MnHesse: matrix is not pos. def.!
MnHesse: matrix was forced pos. def.
FunctionMinimum is invalid.
Minuit failed because covariance is not accurate, and covariance is not positive definite.
1s under jitter 0.02 = 13.6906213621 with chi^2 514.483803882
Minuit succeeded.
1s under jitter 0.02 = 13.7042385127 with chi^2 512.819303837
Minuit succeeded.
1s under jitter 0.02 = 13.7213870863 with chi^2 501.988511526
Minuit succeeded.
1s under jitter 0.02 = 13.7044873936 with chi^2 505.956316717
Minuit succeeded.
1s under jitter 0.02 = 13.6782587753 with chi^2 506.989608903
VariableMetricBuilder: matrix not pos.def.
gdel > 0: 9.39388e-06
negative or zero diagonal element 1 in covariance matrix
added 1.00003 to diagonal of error matrix
gdel: 9.39388e-06
Minuit succeeded.
1s under jitter 0.02 = 13.7083027156 with chi^2 508.963803399
Minuit succeeded.
1s under jitter 0.02 = 13.7019997433 with chi^2 501.363849295
Minuit succeeded.
1s under jitter 0.02 = 13.7001088779 with chi^2 518.047051066
eigenvalues: 
-0.0747024
0.619999
0.799064
1
1
1
1
1
1
1
1
1
1.00093
1.0536
2.60111
matrix forced pos-def by adding 0.0773035 to diagonal
MnHesse: matrix is invalid!
MnHesse: matrix is not pos. def.!
MnHesse: matrix was forced pos. def.
FunctionMinimum is invalid.
Minuit failed because covariance is not accurate, and covariance is not positive definite.
1s under jitter 0.02 = 13.7088170193 with chi^2 515.804617576
Minuit succeeded.
1s under jitter 0.02 = 13.7185162203 with chi^2 502.483096103
Minuit succeeded.
1s under jitter 0.02 = 13.731612581 with chi^2 517.015213515
Minuit succeeded.
1s under jitter 0.02 = 13.7208523207 with chi^2 503.358366564
Minuit succeeded.
1s under jitter 0.02 = 13.7056486877 with chi^2 515.633180739
Minuit succeeded.
1s under jitter 0.02 = 13.6971438894 with chi^2 507.417740391
Minuit succeeded.
1s under jitter 0.02 = 13.7156243754 with chi^2 531.893475807
Minuit succeeded.
1s under jitter 0.02 = 13.7121240249 with chi^2 524.584161824
eigenvalues: 
-0.00710151
0.624167
0.828991
1
1
1
1
1
1
1
1
1
1.00314
1.11004
2.44076
matrix forced pos-def by adding 0.00954227 to diagonal
MnHesse: matrix is invalid!
MnHesse: matrix is not pos. def.!
MnHesse: matrix was forced pos. def.
FunctionMinimum is invalid.
Minuit failed because covariance is not accurate, and covariance is not positive definite.
1s under jitter 0.02 = 13.6921007098 with chi^2 508.167983255
Minuit succeeded.
1s under jitter 0.02 = 13.7112565169 with chi^2 518.886880921
Minuit succeeded.
1s under jitter 0.02 = 13.7168486849 with chi^2 518.736161765
Minuit succeeded.
1s under jitter 0.02 = 13.6967725835 with chi^2 507.733285551
Minuit succeeded.
1s under jitter 0.02 = 13.7214949438 with chi^2 520.070446649
Minuit succeeded.
1s under jitter 0.02 = 13.7117281778 with chi^2 509.484577929
Minuit succeeded.
1s under jitter 0.02 = 13.6999559898 with chi^2 500.924632454
Minuit succeeded.
1s under jitter 0.02 = 13.7199202162 with chi^2 516.94388532
eigenvalues: 
-0.0448983
0.628675
0.813218
1
1
1
1
1
1
1
1
1
1.0008
1.03491
2.5673
matrix forced pos-def by adding 0.0474656 to diagonal
MnHesse: matrix is invalid!
MnHesse: matrix is not pos. def.!
MnHesse: matrix was forced pos. def.
FunctionMinimum is invalid.
Minuit failed because covariance is not accurate, and covariance is not positive definite.
1s under jitter 0.02 = 13.7111477895 with chi^2 504.751367537
Minuit succeeded.
1s under jitter 0.02 = 13.7294100744 with chi^2 522.729446484
Minuit succeeded.
1s under jitter 0.02 = 13.7123055618 with chi^2 520.021986179
Minuit succeeded.
1s under jitter 0.02 = 13.7260334316 with chi^2 505.355477728
Minuit succeeded.
1s under jitter 0.02 = 13.7043233136 with chi^2 511.160382316
Minuit succeeded.
1s under jitter 0.02 = 13.7172679208 with chi^2 518.818031529
Minuit succeeded.
1s under jitter 0.02 = 13.6968125058 with chi^2 518.378658574
Minuit succeeded.
1s under jitter 0.02 = 13.7117598051 with chi^2 508.91542619
Minuit succeeded.
1s under jitter 0.02 = 13.710464968 with chi^2 519.249644496
Minuit succeeded.
1s under jitter 0.02 = 13.6885504838 with chi^2 495.618964442
Minuit succeeded.
1s under jitter 0.02 = 13.6892442183 with chi^2 516.028797171
Minuit succeeded.
1s under jitter 0.02 = 13.7224319228 with chi^2 504.792285145
eigenvalues: 
-0.0139165
0.607386
0.785585
1
1
1
1
1
1
1
1
1
1.00226
1.07155
2.54713
matrix forced pos-def by adding 0.0164636 to diagonal
MnHesse: matrix is invalid!
MnHesse: matrix is not pos. def.!
MnHesse: matrix was forced pos. def.
FunctionMinimum is invalid.
Minuit failed because covariance is not accurate, and covariance is not positive definite.
1s under jitter 0.02 = 13.7095325098 with chi^2 511.245269824
Minuit succeeded.
1s under jitter 0.02 = 13.7239626782 with chi^2 522.783536942
Minuit succeeded.
1s under jitter 0.02 = 13.7312515485 with chi^2 506.026946657
VariableMetricBuilder: matrix not pos.def.
gdel > 0: 3.69043e-06
negative or zero diagonal element 0 in covariance matrix
negative or zero diagonal element 1 in covariance matrix
added 1.00018 to diagonal of error matrix
gdel: 3.69043e-06
Minuit succeeded.
1s under jitter 0.02 = 13.696637866 with chi^2 503.182615758
Minuit succeeded.
1s under jitter 0.02 = 13.709499418 with chi^2 511.313707894
Minuit succeeded.
1s under jitter 0.02 = 13.6975868118 with chi^2 511.357234977
Minuit succeeded.
1s under jitter 0.02 = 13.711089408 with chi^2 507.650221434
Minuit succeeded.
1s under jitter 0.02 = 13.7208983277 with chi^2 523.381494364
eigenvalues: 
-0.0562385
0.621337
0.804818
1
1
1
1
1
1
1
1
1
1.00234
1.0342
2.59354
matrix forced pos-def by adding 0.058832 to diagonal
MnHesse: matrix is invalid!
MnHesse: matrix is not pos. def.!
MnHesse: matrix was forced pos. def.
FunctionMinimum is invalid.
Minuit failed because covariance is not accurate, and covariance is not positive definite.
1s under jitter 0.02 = 13.7167171257 with chi^2 516.993894498
Minuit succeeded.
1s under jitter 0.02 = 13.7227652065 with chi^2 509.669034436
Minuit succeeded.
1s under jitter 0.02 = 13.7088779756 with chi^2 509.916248491
Minuit succeeded.
1s under jitter 0.02 = 13.7159878784 with chi^2 521.800493473
Minuit succeeded.
1s under jitter 0.02 = 13.7006741667 with chi^2 499.900904818
Minuit succeeded.
1s under jitter 0.02 = 13.7033439432 with chi^2 518.307303794
Minuit succeeded.
1s under jitter 0.02 = 13.696879936 with chi^2 514.88998553
Minuit succeeded.
1s under jitter 0.02 = 13.7270542721 with chi^2 517.220130749
VariableMetricBuilder: no improvement
VariableMetricBuilder: machine accuracy limits further improvement.
Minuit succeeded.
1s under jitter 0.02 = 13.7260174589 with chi^2 512.598590981
eigenvalues: 
-0.0439694
0.629368
0.80655
1
1
1
1
1
1
1
1
1
1.00134
1.06259
2.54412
matrix forced pos-def by adding 0.0465135 to diagonal
MnHesse: matrix is invalid!
MnHesse: matrix is not pos. def.!
MnHesse: matrix was forced pos. def.
FunctionMinimum is invalid.
Minuit failed because covariance is not accurate, and covariance is not positive definite.
1s under jitter 0.02 = 13.7041357006 with chi^2 514.849485851
Minuit succeeded.
1s under jitter 0.02 = 13.7003911579 with chi^2 517.705214795
VariableMetricBuilder: no improvement
VariableMetricBuilder: machine accuracy limits further improvement.
Minuit succeeded.
1s under jitter 0.02 = 13.7087745175 with chi^2 513.549149377
Minuit succeeded.
1s under jitter 0.02 = 13.705083418 with chi^2 523.3534907
eigenvalues: 
-0.00877228
0.64695
0.807234
1
1
1
1
1
1
1
1
1
1.00015
1.035
2.51944
matrix forced pos-def by adding 0.0112917 to diagonal
MnHesse: matrix is invalid!
MnHesse: matrix is not pos. def.!
MnHesse: matrix was forced pos. def.
FunctionMinimum is invalid.
Minuit failed because covariance is not accurate, and covariance is not positive definite.
1s under jitter 0.02 = 13.7051653209 with chi^2 513.855141608
Minuit succeeded.
1s under jitter 0.02 = 13.703625226 with chi^2 513.501969435
Minuit succeeded.
1s under jitter 0.02 = 13.6951771328 with chi^2 513.836576205
VariableMetricBuilder: no improvement
VariableMetricBuilder: machine accuracy limits further improvement.
Minuit succeeded.
1s under jitter 0.02 = 13.7178591232 with chi^2 515.444319849
Minuit succeeded.
1s under jitter 0.02 = 13.7252173986 with chi^2 513.577971771
Minuit succeeded.
1s under jitter 0.02 = 13.7119829383 with chi^2 511.534241458
Minuit succeeded.
1s under jitter 0.02 = 13.7039110732 with chi^2 513.598407023
eigenvalues: 
-0.0434982
0.619095
0.818972
1
1
1
1
1
1
1
1
1
1.00203
1.06133
2.54207
matrix forced pos-def by adding 0.0460403 to diagonal
MnHesse: matrix is invalid!
MnHesse: matrix is not pos. def.!
MnHesse: matrix was forced pos. def.
FunctionMinimum is invalid.
Minuit failed because covariance is not accurate, and covariance is not positive definite.
1s under jitter 0.02 = 13.7148188957 with chi^2 520.498900506
Minuit succeeded.
1s under jitter 0.02 = 13.7153201893 with chi^2 511.987226341
Minuit succeeded.
1s under jitter 0.02 = 13.692330858 with chi^2 528.92681016
Minuit succeeded.
1s under jitter 0.02 = 13.706023116 with chi^2 513.535304306
