VariableMetricBuilder: no improvement
Minuit succeeded.
1s under jitter 0.2 = 13.9766260991 with chi^2 666.770965442
Minuit succeeded.
1s under jitter 0.2 = 13.975827346 with chi^2 1145.58512509
VariableMetricBuilder: no improvement
VariableMetricBuilder: machine accuracy limits further improvement.
Minuit succeeded.
1s under jitter 0.2 = 13.9023677151 with chi^2 1265.22785151
Minuit succeeded.
1s under jitter 0.2 = 13.8232321792 with chi^2 723.886164092
Minuit succeeded.
1s under jitter 0.2 = 14.1415008821 with chi^2 908.037282799
Minuit succeeded.
1s under jitter 0.2 = 13.9631403858 with chi^2 835.637157787
Minuit succeeded.
1s under jitter 0.2 = 13.7694722061 with chi^2 776.976240579
eigenvalues: 
-0.00412477
0.654642
0.803349
1
1
1
1
1
1
1
1
1
1.00078
1.03702
2.50833
matrix forced pos-def by adding 0.00663311 to diagonal
MnHesse: matrix is invalid!
MnHesse: matrix is not pos. def.!
MnHesse: matrix was forced pos. def.
FunctionMinimum is invalid.
Minuit failed because covariance is not accurate, and covariance is not positive definite.
1s under jitter 0.2 = 13.8512993964 with chi^2 747.245128521
Minuit succeeded.
1s under jitter 0.2 = 13.9507788992 with chi^2 825.157988512
Minuit succeeded.
1s under jitter 0.2 = 13.7152501247 with chi^2 639.165936924
Minuit succeeded.
1s under jitter 0.2 = 13.8328870638 with chi^2 615.467548529
Minuit succeeded.
1s under jitter 0.2 = 14.1169777678 with chi^2 909.744900283
Minuit succeeded.
1s under jitter 0.2 = 13.9406276657 with chi^2 881.827517807
Minuit succeeded.
1s under jitter 0.2 = 13.7167406372 with chi^2 1040.01105384
Minuit succeeded.
1s under jitter 0.2 = 13.9920943779 with chi^2 895.159912789
Minuit succeeded.
1s under jitter 0.2 = 13.764331318 with chi^2 794.548603833
Minuit succeeded.
1s under jitter 0.2 = 13.6936199935 with chi^2 807.465771145
VariableMetricBuilder: no improvement
VariableMetricBuilder: machine accuracy limits further improvement.
Minuit succeeded.
1s under jitter 0.2 = 13.8226491364 with chi^2 877.505334079
Minuit succeeded.
1s under jitter 0.2 = 13.9847408263 with chi^2 1064.35260197
Minuit succeeded.
1s under jitter 0.2 = 13.9055060588 with chi^2 936.666150181
Minuit succeeded.
1s under jitter 0.2 = 13.8950144333 with chi^2 680.462496425
Minuit succeeded.
1s under jitter 0.2 = 13.9679326209 with chi^2 876.983705442
Minuit succeeded.
1s under jitter 0.2 = 13.9647631908 with chi^2 714.061936322
Minuit succeeded.
1s under jitter 0.2 = 13.7646216903 with chi^2 581.80339679
Minuit succeeded.
1s under jitter 0.2 = 13.9196032006 with chi^2 947.14789261
Minuit succeeded.
1s under jitter 0.2 = 14.1080527018 with chi^2 1608.70143388
Minuit succeeded.
1s under jitter 0.2 = 13.8261698951 with chi^2 690.025635457
Minuit succeeded.
1s under jitter 0.2 = 13.875196749 with chi^2 628.252471344
Minuit succeeded.
1s under jitter 0.2 = 13.9180106015 with chi^2 987.881768017
Minuit succeeded.
1s under jitter 0.2 = 14.0482238007 with chi^2 1110.88016189
Minuit succeeded.
1s under jitter 0.2 = 13.8238257415 with chi^2 935.429199529
VariableMetricBuilder: no improvement
VariableMetricBuilder: machine accuracy limits further improvement.
Minuit succeeded.
1s under jitter 0.2 = 13.5945832053 with chi^2 1058.60634585
Minuit succeeded.
1s under jitter 0.2 = 14.1432070303 with chi^2 966.833498247
Minuit succeeded.
1s under jitter 0.2 = 13.8246118063 with chi^2 732.873594494
MnGlobalCorrelationCoeff: inversion of matrix fails.
Minuit succeeded.
1s under jitter 0.2 = 13.9165520225 with chi^2 1023.30987757
Minuit succeeded.
1s under jitter 0.2 = 13.769476798 with chi^2 710.305928818
Minuit succeeded.
1s under jitter 0.2 = 13.8116474691 with chi^2 677.256201904
Minuit succeeded.
1s under jitter 0.2 = 13.6787740245 with chi^2 799.846809245
Minuit succeeded.
1s under jitter 0.2 = 13.532774602 with chi^2 919.694562085
Minuit succeeded.
1s under jitter 0.2 = 13.6502126657 with chi^2 1068.93288447
Minuit succeeded.
1s under jitter 0.2 = 13.622179458 with chi^2 805.07958551
eigenvalues: 
-0.037422
0.604024
0.735741
1
1
1
1
1
1
1
1
1
1.00058
1.01496
2.68212
matrix forced pos-def by adding 0.0401041 to diagonal
MnHesse: matrix is invalid!
MnHesse: matrix is not pos. def.!
MnHesse: matrix was forced pos. def.
FunctionMinimum is invalid.
Minuit failed because covariance is not accurate, and covariance is not positive definite.
1s under jitter 0.2 = 13.8357434061 with chi^2 633.104458272
Minuit succeeded.
1s under jitter 0.2 = 13.9850784443 with chi^2 725.262812986
Minuit succeeded.
1s under jitter 0.2 = 14.1329056584 with chi^2 879.973851389
Minuit succeeded.
1s under jitter 0.2 = 14.2977557203 with chi^2 1286.01268824
Minuit succeeded.
1s under jitter 0.2 = 13.6700099942 with chi^2 604.142955177
Minuit succeeded.
1s under jitter 0.2 = 14.093014882 with chi^2 1791.66690192
Minuit succeeded.
1s under jitter 0.2 = 13.7531160368 with chi^2 724.991172122
Minuit succeeded.
1s under jitter 0.2 = 14.0567131468 with chi^2 851.544823834
Minuit succeeded.
1s under jitter 0.2 = 14.0478098658 with chi^2 1050.04697127
VariableMetricBuilder: no improvement
VariableMetricBuilder: machine accuracy limits further improvement.
Minuit succeeded.
1s under jitter 0.2 = 13.8006737398 with chi^2 901.666407164
Minuit succeeded.
1s under jitter 0.2 = 13.7171749978 with chi^2 778.043068349
Minuit succeeded.
1s under jitter 0.2 = 13.9243815335 with chi^2 761.79157072
Minuit succeeded.
1s under jitter 0.2 = 13.7366651666 with chi^2 924.950471871
Minuit succeeded.
1s under jitter 0.2 = 13.8032318538 with chi^2 1163.04857465
Minuit succeeded.
1s under jitter 0.2 = 13.7225332698 with chi^2 1096.40724759
Minuit succeeded.
1s under jitter 0.2 = 13.8853989556 with chi^2 1061.1008716
VariableMetricBuilder: matrix not pos.def.
gdel > 0: 1.22908e-05
negative or zero diagonal element 0 in covariance matrix
negative or zero diagonal element 1 in covariance matrix
added 1.00076 to diagonal of error matrix
gdel: 1.22908e-05
Minuit succeeded.
1s under jitter 0.2 = 13.8602416893 with chi^2 581.706861012
Minuit succeeded.
1s under jitter 0.2 = 14.0529385858 with chi^2 839.932730125
Minuit succeeded.
1s under jitter 0.2 = 14.0952725656 with chi^2 862.114213577
Minuit succeeded.
1s under jitter 0.2 = 14.2032477081 with chi^2 1307.93038836
Minuit succeeded.
1s under jitter 0.2 = 13.712442982 with chi^2 695.590880381
Minuit succeeded.
1s under jitter 0.2 = 14.0745202444 with chi^2 1157.94104503
VariableMetricBuilder: no improvement
VariableMetricBuilder: machine accuracy limits further improvement.
Minuit succeeded.
1s under jitter 0.2 = 13.8505777905 with chi^2 709.19991601
VariableMetricBuilder: matrix not pos.def.
gdel > 0: 3.77176e-05
eigenvalues: 
-1.97138
0.0474394
0.20995
0.898361
0.94869
0.999499
1.00233
1.02967
1.03265
1.08855
1.13843
1.24877
1.47621
2.01818
3.83266
matrix forced pos-def by adding 1.97521 to diagonal
gdel: -1.09102e-05
Minuit succeeded.
1s under jitter 0.2 = 14.0529771885 with chi^2 801.595392699
Minuit succeeded.
1s under jitter 0.2 = 14.0411079944 with chi^2 667.73768883
Minuit succeeded.
1s under jitter 0.2 = 14.0814684861 with chi^2 1158.00044939
Minuit succeeded.
1s under jitter 0.2 = 14.043609043 with chi^2 839.505069698
VariableMetricBuilder: matrix not pos.def.
edm < 0
negative or zero diagonal element 1 in covariance matrix
added 1.00001 to diagonal of error matrix
Minuit succeeded.
1s under jitter 0.2 = 13.9695624769 with chi^2 962.269224755
Minuit succeeded.
1s under jitter 0.2 = 14.154199966 with chi^2 827.663224746
Minuit succeeded.
1s under jitter 0.2 = 13.8008104052 with chi^2 607.879336609
Minuit succeeded.
1s under jitter 0.2 = 13.8305719759 with chi^2 1141.58748255
VariableMetricBuilder: no improvement
VariableMetricBuilder: machine accuracy limits further improvement.
Minuit succeeded.
1s under jitter 0.2 = 13.8517722002 with chi^2 1778.7087941
Minuit succeeded.
1s under jitter 0.2 = 14.2132991363 with chi^2 1063.63411583
eigenvalues: 
-0.000353467
0.575307
0.793327
1
1
1
1
1
1
1
1
1
1.00357
1.09546
2.53268
matrix forced pos-def by adding 0.00288615 to diagonal
MnHesse: matrix is invalid!
MnHesse: matrix is not pos. def.!
MnHesse: matrix was forced pos. def.
FunctionMinimum is invalid.
Minuit failed because covariance is not accurate, and covariance is not positive definite.
1s under jitter 0.2 = 13.8850837835 with chi^2 712.081212853
VariableMetricBuilder: matrix not pos.def.
gdel > 0: 1.42888e-05
negative or zero diagonal element 0 in covariance matrix
negative or zero diagonal element 1 in covariance matrix
added 1.00082 to diagonal of error matrix
gdel: 1.42888e-05
Minuit succeeded.
1s under jitter 0.2 = 13.8039568197 with chi^2 654.12698975
VariableMetricBuilder: matrix not pos.def.
edm < 0
negative or zero diagonal element 1 in covariance matrix
added 1.00001 to diagonal of error matrix
Minuit succeeded.
1s under jitter 0.2 = 13.8679196813 with chi^2 777.797896333
Minuit succeeded.
1s under jitter 0.2 = 13.9703437779 with chi^2 1104.9463763
Minuit succeeded.
1s under jitter 0.2 = 14.2959532429 with chi^2 932.751858532
Minuit succeeded.
1s under jitter 0.2 = 13.8412550105 with chi^2 668.616730526
Minuit succeeded.
1s under jitter 0.2 = 13.9151865353 with chi^2 935.052727768
Minuit succeeded.
1s under jitter 0.2 = 13.8186362582 with chi^2 769.485370086
Minuit succeeded.
1s under jitter 0.2 = 13.94283202 with chi^2 742.816304787
Minuit succeeded.
1s under jitter 0.2 = 13.7904075398 with chi^2 837.517368707
Minuit succeeded.
1s under jitter 0.2 = 13.7338918382 with chi^2 594.135365381
Minuit succeeded.
1s under jitter 0.2 = 14.1076032585 with chi^2 815.642018465
Minuit succeeded.
1s under jitter 0.2 = 14.1572358657 with chi^2 907.184355043
Minuit succeeded.
1s under jitter 0.2 = 13.756924384 with chi^2 718.865947781
Minuit succeeded.
1s under jitter 0.2 = 14.0635090001 with chi^2 792.825075237
VariableMetricBuilder: no improvement
VariableMetricBuilder: machine accuracy limits further improvement.
Minuit succeeded.
1s under jitter 0.2 = 14.0887300717 with chi^2 989.040509051
Minuit succeeded.
1s under jitter 0.2 = 13.7141563675 with chi^2 773.615178444
Minuit succeeded.
1s under jitter 0.2 = 13.9013481108 with chi^2 709.090736457
Minuit succeeded.
1s under jitter 0.2 = 13.856767845 with chi^2 793.227257928
Minuit succeeded.
1s under jitter 0.2 = 13.8522871443 with chi^2 1192.89172801
VariableMetricBuilder: no improvement
VariableMetricBuilder: machine accuracy limits further improvement.
Minuit succeeded.
1s under jitter 0.2 = 14.3112193768 with chi^2 1605.9782694
Minuit succeeded.
1s under jitter 0.2 = 14.1056362262 with chi^2 957.033369192
Minuit succeeded.
1s under jitter 0.2 = 13.8916430012 with chi^2 882.685953036
Minuit succeeded.
1s under jitter 0.2 = 13.8313950419 with chi^2 616.479893206
Minuit succeeded.
1s under jitter 0.2 = 14.1423963839 with chi^2 1361.78798687
Minuit succeeded.
1s under jitter 0.2 = 13.8424616842 with chi^2 662.145459922
