Minuit succeeded.
1s under jitter 0.06 = 13.7195561343 with chi^2 528.211754602
Minuit succeeded.
1s under jitter 0.06 = 13.7003931335 with chi^2 506.643359331
Minuit succeeded.
1s under jitter 0.06 = 13.7124366425 with chi^2 510.705414289
Minuit succeeded.
1s under jitter 0.06 = 13.6642485736 with chi^2 524.648121156
Minuit succeeded.
1s under jitter 0.06 = 13.7618617145 with chi^2 508.073687598
eigenvalues: 
-0.0895682
0.63721
0.804811
1
1
1
1
1
1
1
1
1
1.00099
1.05239
2.59417
matrix forced pos-def by adding 0.0921624 to diagonal
MnHesse: matrix is invalid!
MnHesse: matrix is not pos. def.!
MnHesse: matrix was forced pos. def.
FunctionMinimum is invalid.
Minuit failed because covariance is not accurate, and covariance is not positive definite.
1s under jitter 0.06 = 13.6877891995 with chi^2 550.478038532
Minuit succeeded.
1s under jitter 0.06 = 13.7215836701 with chi^2 540.931930368
VariableMetricBuilder: no improvement
Minuit succeeded.
1s under jitter 0.06 = 13.7522611343 with chi^2 556.029258379
eigenvalues: 
-0.015696
0.596795
0.763242
1
1
1
1
1
1
1
1
1
1.00089
1.04464
2.61013
matrix forced pos-def by adding 0.0183061 to diagonal
MnHesse: matrix is invalid!
MnHesse: matrix is not pos. def.!
MnHesse: matrix was forced pos. def.
FunctionMinimum is invalid.
Minuit failed because covariance is not accurate, and covariance is not positive definite.
1s under jitter 0.06 = 13.7219698247 with chi^2 528.671222439
Minuit succeeded.
1s under jitter 0.06 = 13.7111728683 with chi^2 515.156628999
Minuit succeeded.
1s under jitter 0.06 = 13.7647172246 with chi^2 517.336391781
Minuit succeeded.
1s under jitter 0.06 = 13.7480498921 with chi^2 532.638471169
Minuit succeeded.
1s under jitter 0.06 = 13.6850405799 with chi^2 511.928546702
Minuit succeeded.
1s under jitter 0.06 = 13.7034563952 with chi^2 544.084501751
Minuit succeeded.
1s under jitter 0.06 = 13.7486355373 with chi^2 562.750097369
eigenvalues: 
-0.0190027
0.568584
0.735927
1
1
1
1
1
1
1
1
1
1.00124
1.03337
2.67989
matrix forced pos-def by adding 0.0216826 to diagonal
MnHesse: matrix is invalid!
MnHesse: matrix is not pos. def.!
MnHesse: matrix was forced pos. def.
FunctionMinimum is invalid.
Minuit failed because covariance is not accurate, and covariance is not positive definite.
1s under jitter 0.06 = 13.7604856308 with chi^2 530.410504419
Minuit succeeded.
1s under jitter 0.06 = 13.7044825113 with chi^2 521.565003157
eigenvalues: 
-0.160256
0.628399
0.802381
1
1
1
1
1
1
1
1
1
1.00245
1.08145
2.64557
matrix forced pos-def by adding 0.162901 to diagonal
MnHesse: matrix is invalid!
MnHesse: matrix is not pos. def.!
MnHesse: matrix was forced pos. def.
FunctionMinimum is invalid.
Minuit failed because covariance is not accurate, and covariance is not positive definite.
1s under jitter 0.06 = 13.7395527584 with chi^2 513.50692474
Minuit succeeded.
1s under jitter 0.06 = 13.7641980359 with chi^2 568.594130101
Minuit succeeded.
1s under jitter 0.06 = 13.7521902942 with chi^2 549.988013236
Minuit succeeded.
1s under jitter 0.06 = 13.707072018 with chi^2 502.901345056
Minuit succeeded.
1s under jitter 0.06 = 13.6956168973 with chi^2 510.145114719
Minuit succeeded.
1s under jitter 0.06 = 13.7420323615 with chi^2 515.518333001
eigenvalues: 
-0.094643
0.650626
0.909104
1
1
1
1
1
1
1
1
1
1.00071
1.05046
2.48374
matrix forced pos-def by adding 0.0971267 to diagonal
MnHesse: matrix is invalid!
MnHesse: matrix is not pos. def.!
MnHesse: matrix was forced pos. def.
FunctionMinimum is invalid.
Minuit failed because covariance is not accurate, and covariance is not positive definite.
1s under jitter 0.06 = 13.7273662462 with chi^2 497.185621138
Minuit succeeded.
1s under jitter 0.06 = 13.6444531727 with chi^2 478.342042735
Minuit succeeded.
1s under jitter 0.06 = 13.7553391087 with chi^2 513.15916808
Minuit succeeded.
1s under jitter 0.06 = 13.6989276553 with chi^2 530.352461615
eigenvalues: 
-0.0367927
0.615675
0.80261
1
1
1
1
1
1
1
1
1
1.00278
1.12049
2.49524
matrix forced pos-def by adding 0.0392879 to diagonal
MnHesse: matrix is invalid!
MnHesse: matrix is not pos. def.!
MnHesse: matrix was forced pos. def.
FunctionMinimum is invalid.
Minuit failed because covariance is not accurate, and covariance is not positive definite.
1s under jitter 0.06 = 13.7861812658 with chi^2 525.53071562
eigenvalues: 
-0.0306119
0.618184
0.790104
1
1
1
1
1
1
1
1
1
1.00157
1.04094
2.57982
matrix forced pos-def by adding 0.0331917 to diagonal
MnHesse: matrix is invalid!
MnHesse: matrix is not pos. def.!
MnHesse: matrix was forced pos. def.
FunctionMinimum is invalid.
Minuit failed because covariance is not accurate, and covariance is not positive definite.
1s under jitter 0.06 = 13.6995025152 with chi^2 514.431533423
Minuit succeeded.
1s under jitter 0.06 = 13.6497162045 with chi^2 532.718639098
Minuit succeeded.
1s under jitter 0.06 = 13.7338137519 with chi^2 545.374577059
Minuit succeeded.
1s under jitter 0.06 = 13.7013317464 with chi^2 546.915031145
Minuit succeeded.
1s under jitter 0.06 = 13.7396075976 with chi^2 502.003508926
eigenvalues: 
-0.0638432
0.646935
0.807787
1
1
1
1
1
1
1
1
1
1.00135
1.03686
2.57091
matrix forced pos-def by adding 0.0664141 to diagonal
MnHesse: matrix is invalid!
MnHesse: matrix is not pos. def.!
MnHesse: matrix was forced pos. def.
FunctionMinimum is invalid.
Minuit failed because covariance is not accurate, and covariance is not positive definite.
1s under jitter 0.06 = 13.7316395351 with chi^2 515.633594144
Minuit succeeded.
1s under jitter 0.06 = 13.6955899043 with chi^2 562.554585085
Minuit succeeded.
1s under jitter 0.06 = 13.6799126787 with chi^2 533.779934288
Minuit succeeded.
1s under jitter 0.06 = 13.6794177402 with chi^2 498.946615843
eigenvalues: 
-0.0104237
0.648989
0.841269
1
1
1
1
1
1
1
1
1
1.00039
1.02815
2.49163
matrix forced pos-def by adding 0.0129154 to diagonal
MnHesse: matrix is invalid!
MnHesse: matrix is not pos. def.!
MnHesse: matrix was forced pos. def.
FunctionMinimum is invalid.
Minuit failed because covariance is not accurate, and covariance is not positive definite.
1s under jitter 0.06 = 13.7531829359 with chi^2 503.20159225
Minuit succeeded.
1s under jitter 0.06 = 13.7270091387 with chi^2 520.121454604
VariableMetricBuilder: no improvement
VariableMetricBuilder: machine accuracy limits further improvement.
Minuit succeeded.
1s under jitter 0.06 = 13.7491910662 with chi^2 513.229391586
eigenvalues: 
-0.00441928
0.61228
0.793124
1
1
1
1
1
1
1
1
1
1.00042
1.03573
2.56287
matrix forced pos-def by adding 0.00698214 to diagonal
MnHesse: matrix is invalid!
MnHesse: matrix is not pos. def.!
MnHesse: matrix was forced pos. def.
FunctionMinimum is invalid.
Minuit failed because covariance is not accurate, and covariance is not positive definite.
1s under jitter 0.06 = 13.740023906 with chi^2 512.575259915
Minuit succeeded.
1s under jitter 0.06 = 13.7108180789 with chi^2 533.896043945
Minuit succeeded.
1s under jitter 0.06 = 13.7022376237 with chi^2 511.953082899
Minuit succeeded.
1s under jitter 0.06 = 13.7212450486 with chi^2 537.409833183
Minuit succeeded.
1s under jitter 0.06 = 13.7819821048 with chi^2 506.925519895
Minuit succeeded.
1s under jitter 0.06 = 13.7571878681 with chi^2 496.730073237
Minuit succeeded.
1s under jitter 0.06 = 13.7714032358 with chi^2 559.140872509
Minuit succeeded.
1s under jitter 0.06 = 13.7104495312 with chi^2 530.104331322
Minuit succeeded.
1s under jitter 0.06 = 13.6702181478 with chi^2 504.21023397
VariableMetricBuilder: matrix not pos.def.
edm < 0
negative or zero diagonal element 0 in covariance matrix
negative or zero diagonal element 1 in covariance matrix
added 1.00028 to diagonal of error matrix
Minuit succeeded.
1s under jitter 0.06 = 13.7015958149 with chi^2 500.426238065
VariableMetricBuilder: no improvement
VariableMetricBuilder: machine accuracy limits further improvement.
Minuit succeeded.
1s under jitter 0.06 = 13.7191192734 with chi^2 499.261959597
Minuit succeeded.
1s under jitter 0.06 = 13.7402449221 with chi^2 490.997342313
Minuit succeeded.
1s under jitter 0.06 = 13.644064007 with chi^2 544.757349195
Minuit succeeded.
1s under jitter 0.06 = 13.693843664 with chi^2 532.548033568
Minuit succeeded.
1s under jitter 0.06 = 13.6946983695 with chi^2 512.357835345
Minuit succeeded.
1s under jitter 0.06 = 13.7423006448 with chi^2 511.072506259
eigenvalues: 
-0.0039323
0.606173
0.813928
1
1
1
1
1
1
1
1
1
1.00067
1.03537
2.54778
matrix forced pos-def by adding 0.00648009 to diagonal
MnHesse: matrix is invalid!
MnHesse: matrix is not pos. def.!
MnHesse: matrix was forced pos. def.
FunctionMinimum is invalid.
Minuit failed because covariance is not accurate, and covariance is not positive definite.
1s under jitter 0.06 = 13.7081312829 with chi^2 499.926626698
Minuit succeeded.
1s under jitter 0.06 = 13.7131783993 with chi^2 501.850657085
Minuit succeeded.
1s under jitter 0.06 = 13.7574257878 with chi^2 527.81353214
eigenvalues: 
-0.00736956
0.662235
0.803254
1
1
1
1
1
1
1
1
1
1.00077
1.02343
2.51768
matrix forced pos-def by adding 0.00988724 to diagonal
MnHesse: matrix is invalid!
MnHesse: matrix is not pos. def.!
MnHesse: matrix was forced pos. def.
FunctionMinimum is invalid.
Minuit failed because covariance is not accurate, and covariance is not positive definite.
1s under jitter 0.06 = 13.7277773263 with chi^2 514.986513033
Minuit succeeded.
1s under jitter 0.06 = 13.7217769442 with chi^2 551.664913291
Minuit succeeded.
1s under jitter 0.06 = 13.7928017857 with chi^2 509.284504019
Minuit succeeded.
1s under jitter 0.06 = 13.7290434295 with chi^2 517.877102044
Minuit succeeded.
1s under jitter 0.06 = 13.7846035656 with chi^2 530.293016707
Minuit succeeded.
1s under jitter 0.06 = 13.776377488 with chi^2 530.2274819
Minuit succeeded.
1s under jitter 0.06 = 13.726893226 with chi^2 575.599021661
Minuit succeeded.
1s under jitter 0.06 = 13.7171217735 with chi^2 530.113319486
Minuit succeeded.
1s under jitter 0.06 = 13.7228019141 with chi^2 484.951273954
Minuit succeeded.
1s under jitter 0.06 = 13.6623573818 with chi^2 510.063141225
Minuit succeeded.
1s under jitter 0.06 = 13.7047823328 with chi^2 507.3180023
Minuit succeeded.
1s under jitter 0.06 = 13.6592456834 with chi^2 536.883544823
eigenvalues: 
-0.00242405
0.657812
0.841854
1
1
1
1
1
1
1
1
1
1.00099
1.02854
2.47322
matrix forced pos-def by adding 0.00489727 to diagonal
MnHesse: matrix is invalid!
MnHesse: matrix is not pos. def.!
MnHesse: matrix was forced pos. def.
FunctionMinimum is invalid.
Minuit failed because covariance is not accurate, and covariance is not positive definite.
1s under jitter 0.06 = 13.7172173524 with chi^2 509.630908993
eigenvalues: 
-0.0951466
0.59286
0.783899
1
1
1
1
1
1
1
1
1
1.0014
1.05711
2.65989
matrix forced pos-def by adding 0.0978065 to diagonal
MnHesse: matrix is invalid!
MnHesse: matrix is not pos. def.!
MnHesse: matrix was forced pos. def.
FunctionMinimum is invalid.
Minuit failed because covariance is not accurate, and covariance is not positive definite.
1s under jitter 0.06 = 13.7103564399 with chi^2 504.002306748
Minuit succeeded.
1s under jitter 0.06 = 13.7106591999 with chi^2 546.948686093
Minuit succeeded.
1s under jitter 0.06 = 13.7199048913 with chi^2 505.679838293
Minuit succeeded.
1s under jitter 0.06 = 13.7041262632 with chi^2 529.036474199
VariableMetricBuilder: no improvement
VariableMetricBuilder: machine accuracy limits further improvement.
Minuit succeeded.
1s under jitter 0.06 = 13.6873929766 with chi^2 504.451903301
Minuit succeeded.
1s under jitter 0.06 = 13.7838106753 with chi^2 529.87584567
eigenvalues: 
-0.0192735
0.610224
0.812604
1
1
1
1
1
1
1
1
1
1.00238
1.06097
2.53309
matrix forced pos-def by adding 0.0218065 to diagonal
MnHesse: matrix is invalid!
MnHesse: matrix is not pos. def.!
MnHesse: matrix was forced pos. def.
FunctionMinimum is invalid.
Minuit failed because covariance is not accurate, and covariance is not positive definite.
1s under jitter 0.06 = 13.7203884581 with chi^2 515.647971157
Minuit succeeded.
1s under jitter 0.06 = 13.7033865819 with chi^2 497.139204253
eigenvalues: 
-0.06688
0.632913
0.783832
1
1
1
1
1
1
1
1
1
1.00188
1.09985
2.5484
matrix forced pos-def by adding 0.0694284 to diagonal
MnHesse: matrix is invalid!
MnHesse: matrix is not pos. def.!
MnHesse: matrix was forced pos. def.
FunctionMinimum is invalid.
Minuit failed because covariance is not accurate, and covariance is not positive definite.
1s under jitter 0.06 = 13.6613606636 with chi^2 522.521064413
Minuit succeeded.
1s under jitter 0.06 = 13.7124260393 with chi^2 546.468485511
Minuit succeeded.
1s under jitter 0.06 = 13.7536287693 with chi^2 498.219135609
Minuit succeeded.
1s under jitter 0.06 = 13.7549179103 with chi^2 498.181329191
Minuit succeeded.
1s under jitter 0.06 = 13.6767220018 with chi^2 522.407193414
eigenvalues: 
-0.0390707
0.556692
0.754648
1
1
1
1
1
1
1
1
1
1.00105
1.04919
2.67749
matrix forced pos-def by adding 0.0417482 to diagonal
MnHesse: matrix is invalid!
MnHesse: matrix is not pos. def.!
MnHesse: matrix was forced pos. def.
FunctionMinimum is invalid.
Minuit failed because covariance is not accurate, and covariance is not positive definite.
1s under jitter 0.06 = 13.717608071 with chi^2 530.000276863
Minuit succeeded.
1s under jitter 0.06 = 13.6431097128 with chi^2 525.054803445
Minuit succeeded.
1s under jitter 0.06 = 13.6948304596 with chi^2 567.471345432
Minuit succeeded.
1s under jitter 0.06 = 13.6703441818 with chi^2 529.534805709
Minuit succeeded.
1s under jitter 0.06 = 13.7271659697 with chi^2 547.466075
Minuit succeeded.
1s under jitter 0.06 = 13.7134121055 with chi^2 521.31308007
Minuit succeeded.
1s under jitter 0.06 = 13.7112703699 with chi^2 490.578907766
Minuit succeeded.
1s under jitter 0.06 = 13.6575540803 with chi^2 489.73669101
Minuit succeeded.
1s under jitter 0.06 = 13.7370351708 with chi^2 522.240444436
eigenvalues: 
-0.000600376
0.647873
0.76606
1
1
1
1
1
1
1
1
1
1.00252
1.02658
2.55756
matrix forced pos-def by adding 0.00315794 to diagonal
MnHesse: matrix is invalid!
MnHesse: matrix is not pos. def.!
MnHesse: matrix was forced pos. def.
FunctionMinimum is invalid.
Minuit failed because covariance is not accurate, and covariance is not positive definite.
1s under jitter 0.06 = 13.7440347725 with chi^2 490.156701574
Minuit succeeded.
1s under jitter 0.06 = 13.709464877 with chi^2 513.335615679
Minuit succeeded.
1s under jitter 0.06 = 13.7102556822 with chi^2 508.695457896
eigenvalues: 
-0.0144017
0.63189
0.813319
1
1
1
1
1
1
1
1
1
1.00254
1.05909
2.50756
matrix forced pos-def by adding 0.0169093 to diagonal
MnHesse: matrix is invalid!
MnHesse: matrix is not pos. def.!
MnHesse: matrix was forced pos. def.
FunctionMinimum is invalid.
Minuit failed because covariance is not accurate, and covariance is not positive definite.
1s under jitter 0.06 = 13.7574004235 with chi^2 541.063268704
Minuit succeeded.
1s under jitter 0.06 = 13.7697252573 with chi^2 540.942026593
Minuit succeeded.
1s under jitter 0.06 = 13.7312402248 with chi^2 509.29981506
