Minuit succeeded.
1s under jitter 0.3 = 13.7181580863 with chi^2 1090.0346694
Minuit succeeded.
1s under jitter 0.3 = 13.9188304221 with chi^2 1326.32373217
Minuit succeeded.
1s under jitter 0.3 = 14.669774185 with chi^2 2502.47307552
Minuit succeeded.
1s under jitter 0.3 = 14.4332811217 with chi^2 1173.27242077
VariableMetricBuilder: no improvement
VariableMetricBuilder: machine accuracy limits further improvement.
Minuit succeeded.
1s under jitter 0.3 = 14.051569558 with chi^2 919.202523044
VariableMetricBuilder: no improvement
VariableMetricBuilder: machine accuracy limits further improvement.
Minuit succeeded.
1s under jitter 0.3 = 14.028850266 with chi^2 2067.48561048
Minuit succeeded.
1s under jitter 0.3 = 14.1557649899 with chi^2 1593.01658299
Minuit succeeded.
1s under jitter 0.3 = 14.093809814 with chi^2 1326.82720478
VariableMetricBuilder: matrix not pos.def.
gdel > 0: 8.91529e-05
negative or zero diagonal element 0 in covariance matrix
negative or zero diagonal element 1 in covariance matrix
added 1.00522 to diagonal of error matrix
gdel: 8.91529e-05
eigenvalues: 
-0.00605262
0.573814
0.726125
1
1
1
1
1
1
1
1
1
1.00145
1.02583
2.67884
matrix forced pos-def by adding 0.00873146 to diagonal
MnHesse: matrix is invalid!
MnHesse: matrix is not pos. def.!
MnHesse: matrix was forced pos. def.
FunctionMinimum is invalid.
Minuit failed because covariance is not accurate, and covariance is not positive definite.
1s under jitter 0.3 = 13.891846213 with chi^2 1696.67297027
Minuit succeeded.
1s under jitter 0.3 = 14.6059116351 with chi^2 1819.23858012
VariableMetricBuilder: no improvement
VariableMetricBuilder: machine accuracy limits further improvement.
Minuit succeeded.
1s under jitter 0.3 = 14.2482752947 with chi^2 1626.92042628
Minuit succeeded.
1s under jitter 0.3 = 14.0501738376 with chi^2 1137.29739847
Minuit succeeded.
1s under jitter 0.3 = 13.7362624924 with chi^2 1226.89334754
Minuit succeeded.
1s under jitter 0.3 = 13.6043580645 with chi^2 1554.51481143
Minuit succeeded.
1s under jitter 0.3 = 14.6981339038 with chi^2 2446.42706578
Minuit succeeded.
1s under jitter 0.3 = 14.41605104 with chi^2 1478.04276156
VariableMetricBuilder: no improvement
VariableMetricBuilder: finishes without convergence.
VariableMetricBuilder: edm= 0.0001704 requested: 1e-05
FunctionMinimum is invalid.
Minuit failed because the function is above maximum EDM.
1s under jitter 0.3 = 14.3948451379 with chi^2 1441.51014162
VariableMetricBuilder: no improvement
VariableMetricBuilder: machine accuracy limits further improvement.
Minuit succeeded.
1s under jitter 0.3 = 14.2373742912 with chi^2 1772.03831375
Minuit succeeded.
1s under jitter 0.3 = 14.5683812702 with chi^2 1966.94609265
Minuit succeeded.
1s under jitter 0.3 = 14.8040807543 with chi^2 2647.73550611
VariableMetricBuilder: matrix not pos.def.
edm < 0
negative or zero diagonal element 1 in covariance matrix
added 1 to diagonal of error matrix
Minuit succeeded.
1s under jitter 0.3 = 14.0167096671 with chi^2 2232.45419577
Minuit succeeded.
1s under jitter 0.3 = 13.6038066686 with chi^2 1469.1769664
Minuit succeeded.
1s under jitter 0.3 = 13.5485829127 with chi^2 2123.95914906
Minuit succeeded.
1s under jitter 0.3 = 13.9534890497 with chi^2 891.89520636
Minuit succeeded.
1s under jitter 0.3 = 14.1744015012 with chi^2 1512.65921277
Minuit succeeded.
1s under jitter 0.3 = 14.0999530863 with chi^2 770.501867346
Minuit succeeded.
1s under jitter 0.3 = 13.986362283 with chi^2 1116.20804771
VariableMetricBuilder: no improvement
Minuit succeeded.
1s under jitter 0.3 = 14.0151866882 with chi^2 794.75666864
Minuit succeeded.
1s under jitter 0.3 = 14.322595063 with chi^2 1341.85162022
VariableMetricBuilder: matrix not pos.def.
gdel > 0: 0.00216452
negative or zero diagonal element 0 in covariance matrix
negative or zero diagonal element 1 in covariance matrix
negative or zero diagonal element 2 in covariance matrix
negative or zero diagonal element 14 in covariance matrix
added 1.02129 to diagonal of error matrix
gdel: 0.00216452
Minuit succeeded.
1s under jitter 0.3 = 14.1007991837 with chi^2 757.984868341
Minuit succeeded.
1s under jitter 0.3 = 14.1601036393 with chi^2 979.083140498
Minuit succeeded.
1s under jitter 0.3 = 14.3417516145 with chi^2 1367.57011558
Minuit succeeded.
1s under jitter 0.3 = 13.7907963066 with chi^2 904.922912586
VariableMetricBuilder: no improvement
VariableMetricBuilder: machine accuracy limits further improvement.
Minuit succeeded.
1s under jitter 0.3 = 14.8565957692 with chi^2 2232.86706093
Minuit succeeded.
1s under jitter 0.3 = 14.1205095423 with chi^2 2185.97518604
Minuit succeeded.
1s under jitter 0.3 = 13.8091165169 with chi^2 1400.25209551
VariableMetricBuilder: no improvement
VariableMetricBuilder: machine accuracy limits further improvement.
Minuit succeeded.
1s under jitter 0.3 = 13.9224183714 with chi^2 1258.59143065
eigenvalues: 
-0.0561457
0.645821
0.881289
1
1
1
1
1
1
1
1
1
1.00062
1.03826
2.49016
matrix forced pos-def by adding 0.0586359 to diagonal
MnHesse: matrix is invalid!
MnHesse: matrix is not pos. def.!
MnHesse: matrix was forced pos. def.
FunctionMinimum is invalid.
Minuit failed because covariance is not accurate, and covariance is not positive definite.
1s under jitter 0.3 = 14.0595460569 with chi^2 1292.65032661
Minuit succeeded.
1s under jitter 0.3 = 14.3167182993 with chi^2 1305.88200523
Minuit succeeded.
1s under jitter 0.3 = 14.283265774 with chi^2 2469.28686277
Minuit succeeded.
1s under jitter 0.3 = 13.9080718947 with chi^2 1021.60365851
Minuit succeeded.
1s under jitter 0.3 = 14.3356759667 with chi^2 1819.45448901
Minuit succeeded.
1s under jitter 0.3 = 14.0629932218 with chi^2 1246.62706847
Minuit succeeded.
1s under jitter 0.3 = 14.6096186689 with chi^2 3382.36828592
Minuit succeeded.
1s under jitter 0.3 = 14.4027406093 with chi^2 2607.73093703
Minuit succeeded.
1s under jitter 0.3 = 14.0442598231 with chi^2 1146.12950324
VariableMetricBuilder: matrix not pos.def.
gdel > 0: 9.17445e-05
negative or zero diagonal element 0 in covariance matrix
negative or zero diagonal element 1 in covariance matrix
added 1.0001 to diagonal of error matrix
gdel: 9.17445e-05
Minuit succeeded.
1s under jitter 0.3 = 14.3762721811 with chi^2 1703.58945083
Minuit succeeded.
1s under jitter 0.3 = 14.4076711247 with chi^2 963.675937241
Minuit succeeded.
1s under jitter 0.3 = 13.7565934079 with chi^2 2072.44347969
Minuit succeeded.
1s under jitter 0.3 = 14.7047102326 with chi^2 1532.29130049
VariableMetricBuilder: no improvement
VariableMetricBuilder: machine accuracy limits further improvement.
Minuit succeeded.
1s under jitter 0.3 = 14.4143809587 with chi^2 1184.00171944
VariableMetricBuilder: matrix not pos.def.
gdel > 0: 0.000281749
negative or zero diagonal element 0 in covariance matrix
negative or zero diagonal element 1 in covariance matrix
added 1.00259 to diagonal of error matrix
gdel: 0.000281749
Minuit succeeded.
1s under jitter 0.3 = 14.2193244475 with chi^2 1430.33789978
VariableMetricBuilder: no improvement
VariableMetricBuilder: machine accuracy limits further improvement.
Minuit succeeded.
1s under jitter 0.3 = 14.6032398738 with chi^2 1998.39726996
Minuit succeeded.
1s under jitter 0.3 = 13.9326375187 with chi^2 1092.97683628
VariableMetricBuilder: matrix not pos.def.
edm < 0
negative or zero diagonal element 1 in covariance matrix
negative or zero diagonal element 8 in covariance matrix
added 1.00036 to diagonal of error matrix
eigenvalues: 
-0.130653
0.620648
0.781479
1
1
1
1
1
1
1
1
1
1.00286
1.1032
2.62246
matrix forced pos-def by adding 0.133276 to diagonal
MnHesse: matrix is invalid!
MnHesse: matrix is not pos. def.!
MnHesse: matrix was forced pos. def.
FunctionMinimum is invalid.
Minuit failed because covariance is not accurate, and covariance is not positive definite.
1s under jitter 0.3 = 14.0681261834 with chi^2 1380.5869928
Minuit succeeded.
1s under jitter 0.3 = 14.2477085455 with chi^2 1343.63886191
Minuit succeeded.
1s under jitter 0.3 = 13.8292985684 with chi^2 2564.23840786
Minuit succeeded.
1s under jitter 0.3 = 13.6429774772 with chi^2 1749.30198417
Minuit succeeded.
1s under jitter 0.3 = 13.6365218909 with chi^2 1243.21444336
eigenvalues: 
-0.0176084
0.65631
0.901553
1
1
1
1
1
1
1
1
1
1.00272
1.03285
2.42418
matrix forced pos-def by adding 0.0200325 to diagonal
MnHesse: matrix is invalid!
MnHesse: matrix is not pos. def.!
MnHesse: matrix was forced pos. def.
FunctionMinimum is invalid.
Minuit failed because covariance is not accurate, and covariance is not positive definite.
1s under jitter 0.3 = 13.9117142245 with chi^2 1010.98146431
Minuit succeeded.
1s under jitter 0.3 = 13.9681011002 with chi^2 1015.33685435
VariableMetricBuilder: matrix not pos.def.
gdel > 0: 0.00110945
negative or zero diagonal element 0 in covariance matrix
negative or zero diagonal element 1 in covariance matrix
negative or zero diagonal element 4 in covariance matrix
negative or zero diagonal element 5 in covariance matrix
negative or zero diagonal element 7 in covariance matrix
negative or zero diagonal element 8 in covariance matrix
negative or zero diagonal element 10 in covariance matrix
negative or zero diagonal element 14 in covariance matrix
added 1.02664 to diagonal of error matrix
gdel: 0.00110945
Minuit succeeded.
1s under jitter 0.3 = 14.6914324325 with chi^2 1721.83097428
Minuit succeeded.
1s under jitter 0.3 = 14.2568560377 with chi^2 1449.28928596
Minuit succeeded.
1s under jitter 0.3 = 14.0952759286 with chi^2 921.782385527
Minuit succeeded.
1s under jitter 0.3 = 14.3029388501 with chi^2 1945.96910374
Minuit succeeded.
1s under jitter 0.3 = 14.0494141319 with chi^2 1228.56536593
VariableMetricBuilder: no improvement
VariableMetricBuilder: machine accuracy limits further improvement.
Minuit succeeded.
1s under jitter 0.3 = 13.9000780211 with chi^2 912.13513216
Minuit succeeded.
1s under jitter 0.3 = 13.9185802173 with chi^2 2048.38980209
Minuit succeeded.
1s under jitter 0.3 = 14.4180245371 with chi^2 1576.3030369
Minuit succeeded.
1s under jitter 0.3 = 14.2228951633 with chi^2 1320.87470352
Minuit succeeded.
1s under jitter 0.3 = 14.0434202363 with chi^2 1316.46626899
Minuit succeeded.
1s under jitter 0.3 = 14.2824409514 with chi^2 1148.14487995
eigenvalues: 
-0.0401416
0.518499
0.723032
1
1
1
1
1
1
1
1
1
1.00103
1.02166
2.77592
matrix forced pos-def by adding 0.0429176 to diagonal
MnHesse: matrix is invalid!
MnHesse: matrix is not pos. def.!
MnHesse: matrix was forced pos. def.
FunctionMinimum is invalid.
Minuit failed because covariance is not accurate, and covariance is not positive definite.
1s under jitter 0.3 = 14.6548826643 with chi^2 1424.55379098
Minuit succeeded.
1s under jitter 0.3 = 14.0663368276 with chi^2 930.325517524
Minuit succeeded.
1s under jitter 0.3 = 14.0624872641 with chi^2 1131.07172267
Minuit succeeded.
1s under jitter 0.3 = 13.7286253891 with chi^2 1224.56941968
Minuit succeeded.
1s under jitter 0.3 = 14.1453847335 with chi^2 1956.2197494
Minuit succeeded.
1s under jitter 0.3 = 13.9701972251 with chi^2 1110.15611991
Minuit succeeded.
1s under jitter 0.3 = 14.9292669795 with chi^2 3369.63020748
Minuit succeeded.
1s under jitter 0.3 = 14.1925108871 with chi^2 1409.9019616
Minuit succeeded.
1s under jitter 0.3 = 13.9733499874 with chi^2 2449.30964373
Minuit succeeded.
1s under jitter 0.3 = 14.3754741547 with chi^2 1614.14824363
Minuit succeeded.
1s under jitter 0.3 = 13.9206238065 with chi^2 1393.95252964
Minuit succeeded.
1s under jitter 0.3 = 14.2484201255 with chi^2 1159.41586298
Minuit succeeded.
1s under jitter 0.3 = 14.5321250916 with chi^2 1439.24746225
Minuit succeeded.
1s under jitter 0.3 = 14.9070667732 with chi^2 3537.15702455
Minuit succeeded.
1s under jitter 0.3 = 14.2083817453 with chi^2 1841.83646813
Minuit succeeded.
1s under jitter 0.3 = 14.3043985355 with chi^2 1741.17702771
Minuit succeeded.
1s under jitter 0.3 = 14.4421584889 with chi^2 2145.93648565
Minuit succeeded.
1s under jitter 0.3 = 14.1801764018 with chi^2 1809.84630455
Minuit succeeded.
1s under jitter 0.3 = 13.8040360695 with chi^2 972.086261501
Minuit succeeded.
1s under jitter 0.3 = 14.7432042008 with chi^2 2523.95431611
Minuit succeeded.
1s under jitter 0.3 = 13.7901916869 with chi^2 1171.03146714
VariableMetricBuilder: no improvement
VariableMetricBuilder: machine accuracy limits further improvement.
Minuit succeeded.
1s under jitter 0.3 = 14.1533116061 with chi^2 2060.42028404
VariableMetricBuilder: matrix not pos.def.
gdel > 0: 0.000116296
negative or zero diagonal element 0 in covariance matrix
negative or zero diagonal element 1 in covariance matrix
added 1.00611 to diagonal of error matrix
gdel: 0.000116296
Minuit succeeded.
1s under jitter 0.3 = 14.448896542 with chi^2 3390.32981725
Minuit succeeded.
1s under jitter 0.3 = 14.0547479888 with chi^2 1001.02854423
Minuit succeeded.
1s under jitter 0.3 = 14.2094797374 with chi^2 1617.12001185
Minuit succeeded.
1s under jitter 0.3 = 13.4799692452 with chi^2 981.951308848
VariableMetricBuilder: no improvement
VariableMetricBuilder: machine accuracy limits further improvement.
Minuit succeeded.
1s under jitter 0.3 = 14.645074765 with chi^2 2509.52788335
Minuit succeeded.
1s under jitter 0.3 = 14.0078192457 with chi^2 1250.34988364
