Minuit succeeded.
1s under jitter 0.1 = 13.7026148995 with chi^2 519.687866894
Minuit succeeded.
1s under jitter 0.1 = 13.5812346144 with chi^2 545.720502717
Minuit succeeded.
1s under jitter 0.1 = 13.7820917182 with chi^2 548.317563004
Minuit succeeded.
1s under jitter 0.1 = 13.753123616 with chi^2 569.732262195
Minuit succeeded.
1s under jitter 0.1 = 13.6302939374 with chi^2 526.301509327
Minuit succeeded.
1s under jitter 0.1 = 13.742600412 with chi^2 534.468510857
Minuit succeeded.
1s under jitter 0.1 = 13.7122203046 with chi^2 510.612046896
Minuit succeeded.
1s under jitter 0.1 = 13.7045025793 with chi^2 562.26616027
Minuit succeeded.
1s under jitter 0.1 = 13.6704334982 with chi^2 544.363445443
Minuit succeeded.
1s under jitter 0.1 = 13.7278686615 with chi^2 495.565331602
Minuit succeeded.
1s under jitter 0.1 = 13.8021466747 with chi^2 579.545446296
Minuit succeeded.
1s under jitter 0.1 = 13.6766008948 with chi^2 519.597829521
Minuit succeeded.
1s under jitter 0.1 = 13.8360958318 with chi^2 593.700070629
Minuit succeeded.
1s under jitter 0.1 = 13.84151369 with chi^2 619.458326838
Minuit succeeded.
1s under jitter 0.1 = 13.7890460447 with chi^2 548.643575455
Minuit succeeded.
1s under jitter 0.1 = 13.6529232448 with chi^2 731.431215782
Minuit succeeded.
1s under jitter 0.1 = 13.5973617172 with chi^2 523.428577013
Minuit succeeded.
1s under jitter 0.1 = 13.6331575724 with chi^2 584.469982568
eigenvalues: 
-0.0398976
0.655664
0.763674
1
1
1
1
1
1
1
1
1
1.00057
1.02304
2.59695
matrix forced pos-def by adding 0.0424946 to diagonal
MnHesse: matrix is invalid!
MnHesse: matrix is not pos. def.!
MnHesse: matrix was forced pos. def.
FunctionMinimum is invalid.
Minuit failed because covariance is not accurate, and covariance is not positive definite.
1s under jitter 0.1 = 13.747578684 with chi^2 544.221429449
Minuit succeeded.
1s under jitter 0.1 = 13.7723591867 with chi^2 600.179822958
Minuit succeeded.
1s under jitter 0.1 = 13.7484548348 with chi^2 548.611814178
Minuit succeeded.
1s under jitter 0.1 = 13.7245406195 with chi^2 602.705486761
Minuit succeeded.
1s under jitter 0.1 = 13.8021514066 with chi^2 514.983953721
eigenvalues: 
-0.0388869
0.602677
0.770378
1
1
1
1
1
1
1
1
1
1.00035
1.03505
2.63044
matrix forced pos-def by adding 0.0415174 to diagonal
MnHesse: matrix is invalid!
MnHesse: matrix is not pos. def.!
MnHesse: matrix was forced pos. def.
FunctionMinimum is invalid.
Minuit failed because covariance is not accurate, and covariance is not positive definite.
1s under jitter 0.1 = 13.6803637937 with chi^2 556.349674235
Minuit succeeded.
1s under jitter 0.1 = 13.6970639037 with chi^2 569.479346604
Minuit succeeded.
1s under jitter 0.1 = 13.8416356491 with chi^2 591.052321078
Minuit succeeded.
1s under jitter 0.1 = 13.7536284284 with chi^2 552.527139199
eigenvalues: 
-0.0406703
0.63954
0.820034
1
1
1
1
1
1
1
1
1
1.00096
1.04327
2.53687
matrix forced pos-def by adding 0.0432072 to diagonal
MnHesse: matrix is invalid!
MnHesse: matrix is not pos. def.!
MnHesse: matrix was forced pos. def.
FunctionMinimum is invalid.
Minuit failed because covariance is not accurate, and covariance is not positive definite.
1s under jitter 0.1 = 13.6950696984 with chi^2 552.015847755
Minuit succeeded.
1s under jitter 0.1 = 13.7113195877 with chi^2 544.437330155
Minuit succeeded.
1s under jitter 0.1 = 13.6790035725 with chi^2 518.473093764
Minuit succeeded.
1s under jitter 0.1 = 13.6828236626 with chi^2 599.099221562
Minuit succeeded.
1s under jitter 0.1 = 13.6766165959 with chi^2 542.736291854
Minuit succeeded.
1s under jitter 0.1 = 13.7117423038 with chi^2 525.000244783
Minuit succeeded.
1s under jitter 0.1 = 13.7762962308 with chi^2 512.180112171
eigenvalues: 
-0.0741685
0.619597
0.779899
1
1
1
1
1
1
1
1
1
1.0013
1.05601
2.61737
matrix forced pos-def by adding 0.0767859 to diagonal
MnHesse: matrix is invalid!
MnHesse: matrix is not pos. def.!
MnHesse: matrix was forced pos. def.
FunctionMinimum is invalid.
Minuit failed because covariance is not accurate, and covariance is not positive definite.
1s under jitter 0.1 = 13.7451771771 with chi^2 548.855801923
Minuit succeeded.
1s under jitter 0.1 = 13.7898984695 with chi^2 522.010923482
Minuit succeeded.
1s under jitter 0.1 = 13.6772388846 with chi^2 511.72540123
Minuit succeeded.
1s under jitter 0.1 = 13.7278169489 with chi^2 564.594442374
Minuit succeeded.
1s under jitter 0.1 = 13.8018502037 with chi^2 625.313635275
Minuit succeeded.
1s under jitter 0.1 = 13.7383556794 with chi^2 597.392645449
VariableMetricBuilder: matrix not pos.def.
gdel > 0: 1.2764e-05
negative or zero diagonal element 0 in covariance matrix
negative or zero diagonal element 1 in covariance matrix
negative or zero diagonal element 5 in covariance matrix
added 1.00133 to diagonal of error matrix
gdel: 1.2764e-05
Minuit succeeded.
1s under jitter 0.1 = 13.8106606085 with chi^2 642.973011957
Minuit succeeded.
1s under jitter 0.1 = 13.7425325576 with chi^2 510.605202123
VariableMetricBuilder: matrix not pos.def.
gdel > 0: 0.00522182
negative or zero diagonal element 0 in covariance matrix
negative or zero diagonal element 1 in covariance matrix
negative or zero diagonal element 2 in covariance matrix
negative or zero diagonal element 3 in covariance matrix
negative or zero diagonal element 4 in covariance matrix
negative or zero diagonal element 5 in covariance matrix
negative or zero diagonal element 6 in covariance matrix
negative or zero diagonal element 7 in covariance matrix
negative or zero diagonal element 9 in covariance matrix
negative or zero diagonal element 10 in covariance matrix
negative or zero diagonal element 12 in covariance matrix
negative or zero diagonal element 14 in covariance matrix
added 1.15353 to diagonal of error matrix
gdel: 0.00522182
Minuit succeeded.
1s under jitter 0.1 = 13.7275502114 with chi^2 555.987969599
Minuit succeeded.
1s under jitter 0.1 = 13.8059362764 with chi^2 577.075346238
Minuit succeeded.
1s under jitter 0.1 = 13.7709098142 with chi^2 523.328581391
Minuit succeeded.
1s under jitter 0.1 = 13.694890201 with chi^2 588.390237811
Minuit succeeded.
1s under jitter 0.1 = 13.8519359839 with chi^2 573.883463336
Minuit succeeded.
1s under jitter 0.1 = 13.8595374618 with chi^2 565.921912134
Minuit succeeded.
1s under jitter 0.1 = 13.6468526596 with chi^2 588.281065301
eigenvalues: 
-0.0228722
0.60644
0.831901
1
1
1
1
1
1
1
1
1
1.00305
1.06603
2.51545
matrix forced pos-def by adding 0.0253877 to diagonal
MnHesse: matrix is invalid!
MnHesse: matrix is not pos. def.!
MnHesse: matrix was forced pos. def.
FunctionMinimum is invalid.
Minuit failed because covariance is not accurate, and covariance is not positive definite.
1s under jitter 0.1 = 13.9035798484 with chi^2 628.924590577
Minuit succeeded.
1s under jitter 0.1 = 13.7356835927 with chi^2 578.506891158
Minuit succeeded.
1s under jitter 0.1 = 13.6882734261 with chi^2 525.648174415
Minuit succeeded.
1s under jitter 0.1 = 13.7770967739 with chi^2 529.607182602
Minuit succeeded.
1s under jitter 0.1 = 13.9578186024 with chi^2 587.880278387
Minuit succeeded.
1s under jitter 0.1 = 13.7430992037 with chi^2 550.056928279
Minuit succeeded.
1s under jitter 0.1 = 13.7823824492 with chi^2 534.951170503
Minuit succeeded.
1s under jitter 0.1 = 13.6735623944 with chi^2 534.392987415
Minuit succeeded.
1s under jitter 0.1 = 13.7037228066 with chi^2 500.754757332
Minuit succeeded.
1s under jitter 0.1 = 13.8488734366 with chi^2 576.016270463
Minuit succeeded.
1s under jitter 0.1 = 13.7757135489 with chi^2 563.163496126
Minuit succeeded.
1s under jitter 0.1 = 13.6741953508 with chi^2 570.752683396
VariableMetricBuilder: matrix not pos.def.
gdel > 0: 9.66061e-06
negative or zero diagonal element 0 in covariance matrix
negative or zero diagonal element 1 in covariance matrix
added 1.0005 to diagonal of error matrix
gdel: 9.66061e-06
Minuit succeeded.
1s under jitter 0.1 = 13.6466470793 with chi^2 514.780774133
Minuit succeeded.
1s under jitter 0.1 = 13.6007880174 with chi^2 581.048108252
Minuit succeeded.
1s under jitter 0.1 = 13.8461725582 with chi^2 662.579223883
Minuit succeeded.
1s under jitter 0.1 = 13.7006493166 with chi^2 787.736442242
Minuit succeeded.
1s under jitter 0.1 = 13.61563997 with chi^2 551.945270403
Minuit succeeded.
1s under jitter 0.1 = 13.6486485155 with chi^2 561.826988645
Minuit succeeded.
1s under jitter 0.1 = 13.7904796328 with chi^2 598.962413293
Minuit succeeded.
1s under jitter 0.1 = 13.7920210362 with chi^2 630.739342492
Minuit succeeded.
1s under jitter 0.1 = 13.6707472613 with chi^2 542.912780193
Minuit succeeded.
1s under jitter 0.1 = 13.6937261739 with chi^2 554.205509398
Minuit succeeded.
1s under jitter 0.1 = 13.7320249826 with chi^2 624.499495837
VariableMetricBuilder: no improvement
VariableMetricBuilder: machine accuracy limits further improvement.
Minuit succeeded.
1s under jitter 0.1 = 13.8101575595 with chi^2 536.274624754
Minuit succeeded.
1s under jitter 0.1 = 13.8510431646 with chi^2 638.820011846
Minuit succeeded.
1s under jitter 0.1 = 13.8572399941 with chi^2 640.093074711
Minuit succeeded.
1s under jitter 0.1 = 13.7195406365 with chi^2 564.660858671
Minuit succeeded.
1s under jitter 0.1 = 13.7492557907 with chi^2 613.386270145
Minuit succeeded.
1s under jitter 0.1 = 13.7074052699 with chi^2 534.570433143
Minuit succeeded.
1s under jitter 0.1 = 13.6334137428 with chi^2 529.547992924
Minuit succeeded.
1s under jitter 0.1 = 13.7540049297 with chi^2 593.103935737
Minuit succeeded.
1s under jitter 0.1 = 13.7089404008 with chi^2 539.122069578
Minuit succeeded.
1s under jitter 0.1 = 13.5310239932 with chi^2 527.788231828
eigenvalues: 
-0.0380428
0.579821
0.77736
1
1
1
1
1
1
1
1
1
1.00274
1.06463
2.6135
matrix forced pos-def by adding 0.0406563 to diagonal
MnHesse: matrix is invalid!
MnHesse: matrix is not pos. def.!
MnHesse: matrix was forced pos. def.
FunctionMinimum is invalid.
Minuit failed because covariance is not accurate, and covariance is not positive definite.
1s under jitter 0.1 = 13.8186722485 with chi^2 645.768201025
Minuit succeeded.
1s under jitter 0.1 = 13.789588392 with chi^2 576.461472812
Minuit succeeded.
1s under jitter 0.1 = 13.6445233568 with chi^2 539.535404314
Minuit succeeded.
1s under jitter 0.1 = 13.7253775644 with chi^2 637.192445511
Minuit succeeded.
1s under jitter 0.1 = 13.8458206166 with chi^2 588.753624877
eigenvalues: 
-0.00587904
0.583872
0.754017
1
1
1
1
1
1
1
1
1
1.00116
1.0327
2.63413
matrix forced pos-def by adding 0.00851317 to diagonal
MnHesse: matrix is invalid!
MnHesse: matrix is not pos. def.!
MnHesse: matrix was forced pos. def.
FunctionMinimum is invalid.
Minuit failed because covariance is not accurate, and covariance is not positive definite.
1s under jitter 0.1 = 13.7407948343 with chi^2 530.077689293
Minuit succeeded.
1s under jitter 0.1 = 13.6546219099 with chi^2 566.257890044
eigenvalues: 
-0.0151069
0.659204
0.793299
1
1
1
1
1
1
1
1
1
1.00039
1.0262
2.53601
matrix forced pos-def by adding 0.0176429 to diagonal
MnHesse: matrix is invalid!
MnHesse: matrix is not pos. def.!
MnHesse: matrix was forced pos. def.
FunctionMinimum is invalid.
Minuit failed because covariance is not accurate, and covariance is not positive definite.
1s under jitter 0.1 = 13.6257765206 with chi^2 553.586469937
eigenvalues: 
-0.00429584
0.613071
0.730144
1
1
1
1
1
1
1
1
1
1.0006
1.03494
2.62554
matrix forced pos-def by adding 0.00692138 to diagonal
MnHesse: matrix is invalid!
MnHesse: matrix is not pos. def.!
MnHesse: matrix was forced pos. def.
FunctionMinimum is invalid.
Minuit failed because covariance is not accurate, and covariance is not positive definite.
1s under jitter 0.1 = 13.8421249091 with chi^2 569.337418031
Minuit succeeded.
1s under jitter 0.1 = 13.7520979364 with chi^2 591.78642625
Minuit succeeded.
1s under jitter 0.1 = 13.7612924876 with chi^2 647.785840133
Minuit succeeded.
1s under jitter 0.1 = 13.7413762604 with chi^2 555.947256361
Minuit succeeded.
1s under jitter 0.1 = 13.925862679 with chi^2 610.898049259
Minuit succeeded.
1s under jitter 0.1 = 13.800352972 with chi^2 530.680988952
Minuit succeeded.
1s under jitter 0.1 = 13.8600907645 with chi^2 575.30288256
Minuit succeeded.
1s under jitter 0.1 = 13.7019401098 with chi^2 608.120089631
Minuit succeeded.
1s under jitter 0.1 = 13.8071749382 with chi^2 646.586373032
Minuit succeeded.
1s under jitter 0.1 = 13.7058896002 with chi^2 529.0221313
