Minuit succeeded.
1s under jitter 0.01 = 13.7024709733 with chi^2 508.618531861
Minuit succeeded.
1s under jitter 0.01 = 13.7052860607 with chi^2 509.174732522
Minuit succeeded.
1s under jitter 0.01 = 13.7125308165 with chi^2 516.111312587
Minuit succeeded.
1s under jitter 0.01 = 13.7059039769 with chi^2 507.604763064
Minuit succeeded.
1s under jitter 0.01 = 13.7052388735 with chi^2 512.424489637
Minuit succeeded.
1s under jitter 0.01 = 13.708443087 with chi^2 511.704923396
eigenvalues: 
-0.0552978
0.62472
0.811192
1
1
1
1
1
1
1
1
1
1.00152
1.06732
2.55055
matrix forced pos-def by adding 0.0578483 to diagonal
MnHesse: matrix is invalid!
MnHesse: matrix is not pos. def.!
MnHesse: matrix was forced pos. def.
FunctionMinimum is invalid.
Minuit failed because covariance is not accurate, and covariance is not positive definite.
1s under jitter 0.01 = 13.7025787236 with chi^2 507.077174083
Minuit succeeded.
1s under jitter 0.01 = 13.7091718373 with chi^2 510.977289741
Minuit succeeded.
1s under jitter 0.01 = 13.7049761751 with chi^2 509.933705342
eigenvalues: 
-0.0228257
0.63001
0.785115
1
1
1
1
1
1
1
1
1
1.00308
1.04636
2.55826
matrix forced pos-def by adding 0.025384 to diagonal
MnHesse: matrix is invalid!
MnHesse: matrix is not pos. def.!
MnHesse: matrix was forced pos. def.
FunctionMinimum is invalid.
Minuit failed because covariance is not accurate, and covariance is not positive definite.
1s under jitter 0.01 = 13.7069463404 with chi^2 513.472077004
Minuit succeeded.
1s under jitter 0.01 = 13.6978461392 with chi^2 510.09532584
Minuit succeeded.
1s under jitter 0.01 = 13.6989492794 with chi^2 503.938709156
Minuit succeeded.
1s under jitter 0.01 = 13.7057586019 with chi^2 512.678117378
Minuit succeeded.
1s under jitter 0.01 = 13.7054879211 with chi^2 519.291252801
Minuit succeeded.
1s under jitter 0.01 = 13.6981101173 with chi^2 507.897037039
Minuit succeeded.
1s under jitter 0.01 = 13.7092150354 with chi^2 507.845436614
Minuit succeeded.
1s under jitter 0.01 = 13.7077993883 with chi^2 514.987834956
Minuit succeeded.
1s under jitter 0.01 = 13.7015672301 with chi^2 509.529273736
Minuit succeeded.
1s under jitter 0.01 = 13.6958352692 with chi^2 507.848319765
Minuit succeeded.
1s under jitter 0.01 = 13.7144998005 with chi^2 515.384150847
Minuit succeeded.
1s under jitter 0.01 = 13.7019100363 with chi^2 506.630126082
VariableMetricBuilder: no improvement
VariableMetricBuilder: machine accuracy limits further improvement.
Minuit succeeded.
1s under jitter 0.01 = 13.7059707309 with chi^2 510.981908036
VariableMetricBuilder: matrix not pos.def.
gdel > 0: 1.55772e-05
negative or zero diagonal element 0 in covariance matrix
negative or zero diagonal element 1 in covariance matrix
added 1.00057 to diagonal of error matrix
gdel: 1.55772e-05
Minuit succeeded.
1s under jitter 0.01 = 13.701292359 with chi^2 509.397111076
Minuit succeeded.
1s under jitter 0.01 = 13.7072753091 with chi^2 512.743085855
Minuit succeeded.
1s under jitter 0.01 = 13.698664106 with chi^2 510.905470921
Minuit succeeded.
1s under jitter 0.01 = 13.7075818114 with chi^2 512.491771777
Minuit succeeded.
1s under jitter 0.01 = 13.7074178602 with chi^2 504.230719542
Minuit succeeded.
1s under jitter 0.01 = 13.6949772934 with chi^2 511.198096306
eigenvalues: 
-0.0462925
0.64916
0.816093
1
1
1
1
1
1
1
1
1
1.00046
1.03205
2.54853
matrix forced pos-def by adding 0.048841 to diagonal
MnHesse: matrix is invalid!
MnHesse: matrix is not pos. def.!
MnHesse: matrix was forced pos. def.
FunctionMinimum is invalid.
Minuit failed because covariance is not accurate, and covariance is not positive definite.
1s under jitter 0.01 = 13.7064429889 with chi^2 504.350211641
Minuit succeeded.
1s under jitter 0.01 = 13.7038063416 with chi^2 507.079834521
Minuit succeeded.
1s under jitter 0.01 = 13.6982110275 with chi^2 505.116587614
Minuit succeeded.
1s under jitter 0.01 = 13.6971799412 with chi^2 511.851906744
Minuit succeeded.
1s under jitter 0.01 = 13.6943858233 with chi^2 506.104241376
Minuit succeeded.
1s under jitter 0.01 = 13.7119820441 with chi^2 505.892232423
Minuit succeeded.
1s under jitter 0.01 = 13.7044935354 with chi^2 516.410337823
Minuit succeeded.
1s under jitter 0.01 = 13.694046431 with chi^2 511.61853779
Minuit succeeded.
1s under jitter 0.01 = 13.7118836167 with chi^2 517.10836389
eigenvalues: 
-0.0298517
0.638591
0.813575
1
1
1
1
1
1
1
1
1
1.00116
1.04177
2.53476
matrix forced pos-def by adding 0.0323864 to diagonal
MnHesse: matrix is invalid!
MnHesse: matrix is not pos. def.!
MnHesse: matrix was forced pos. def.
FunctionMinimum is invalid.
Minuit failed because covariance is not accurate, and covariance is not positive definite.
1s under jitter 0.01 = 13.7090954147 with chi^2 510.928987161
Minuit succeeded.
1s under jitter 0.01 = 13.6973695122 with chi^2 507.743405698
Minuit succeeded.
1s under jitter 0.01 = 13.7041897796 with chi^2 510.082430472
Minuit succeeded.
1s under jitter 0.01 = 13.6992634127 with chi^2 507.79609258
Minuit succeeded.
1s under jitter 0.01 = 13.7114678917 with chi^2 510.677871044
Minuit succeeded.
1s under jitter 0.01 = 13.703691019 with chi^2 510.607680904
eigenvalues: 
-0.0200265
0.642087
0.800195
1
1
1
1
1
1
1
1
1
1.00046
1.02669
2.5506
matrix forced pos-def by adding 0.0225771 to diagonal
MnHesse: matrix is invalid!
MnHesse: matrix is not pos. def.!
MnHesse: matrix was forced pos. def.
FunctionMinimum is invalid.
Minuit failed because covariance is not accurate, and covariance is not positive definite.
1s under jitter 0.01 = 13.6999291516 with chi^2 511.038286198
Minuit succeeded.
1s under jitter 0.01 = 13.7072562307 with chi^2 513.540341014
Minuit succeeded.
1s under jitter 0.01 = 13.7015855591 with chi^2 513.234454763
Minuit succeeded.
1s under jitter 0.01 = 13.694535051 with chi^2 509.703280609
Minuit succeeded.
1s under jitter 0.01 = 13.7001872397 with chi^2 507.974653204
Minuit succeeded.
1s under jitter 0.01 = 13.7077305848 with chi^2 514.856877753
Minuit succeeded.
1s under jitter 0.01 = 13.7027448175 with chi^2 507.396779031
Minuit succeeded.
1s under jitter 0.01 = 13.707304101 with chi^2 508.827520884
Minuit succeeded.
1s under jitter 0.01 = 13.7069776155 with chi^2 511.00371003
Minuit succeeded.
1s under jitter 0.01 = 13.708482534 with chi^2 513.812692337
Minuit succeeded.
1s under jitter 0.01 = 13.7037002173 with chi^2 509.716617578
Minuit succeeded.
1s under jitter 0.01 = 13.6963345484 with chi^2 508.685831817
Minuit succeeded.
1s under jitter 0.01 = 13.7043820642 with chi^2 511.324022391
Minuit succeeded.
1s under jitter 0.01 = 13.6975301795 with chi^2 510.029280922
Minuit succeeded.
1s under jitter 0.01 = 13.7068473197 with chi^2 518.575438739
eigenvalues: 
-0.012439
0.633359
0.802738
1
1
1
1
1
1
1
1
1
1.00051
1.02944
2.5464
matrix forced pos-def by adding 0.0149854 to diagonal
MnHesse: matrix is invalid!
MnHesse: matrix is not pos. def.!
MnHesse: matrix was forced pos. def.
FunctionMinimum is invalid.
Minuit failed because covariance is not accurate, and covariance is not positive definite.
1s under jitter 0.01 = 13.703094065 with chi^2 511.180864206
Minuit succeeded.
1s under jitter 0.01 = 13.7001340447 with chi^2 513.303617329
Minuit succeeded.
1s under jitter 0.01 = 13.7087741431 with chi^2 512.948813779
Minuit succeeded.
1s under jitter 0.01 = 13.7069250015 with chi^2 508.94371199
Minuit succeeded.
1s under jitter 0.01 = 13.7090365112 with chi^2 505.552481398
Minuit succeeded.
1s under jitter 0.01 = 13.7046837926 with chi^2 509.255181881
Minuit succeeded.
1s under jitter 0.01 = 13.7005200363 with chi^2 499.205368464
Minuit succeeded.
1s under jitter 0.01 = 13.6976861093 with chi^2 507.386621034
Minuit succeeded.
1s under jitter 0.01 = 13.7052314648 with chi^2 506.51402991
Minuit succeeded.
1s under jitter 0.01 = 13.6993783153 with chi^2 507.44056329
Minuit succeeded.
1s under jitter 0.01 = 13.7056686551 with chi^2 512.470489396
Minuit succeeded.
1s under jitter 0.01 = 13.7057740536 with chi^2 500.021857817
Minuit succeeded.
1s under jitter 0.01 = 13.7117643958 with chi^2 512.318320664
eigenvalues: 
-0.00385011
0.641563
0.82638
1
1
1
1
1
1
1
1
1
1.00094
1.05466
2.48031
matrix forced pos-def by adding 0.00633042 to diagonal
MnHesse: matrix is invalid!
MnHesse: matrix is not pos. def.!
MnHesse: matrix was forced pos. def.
FunctionMinimum is invalid.
Minuit failed because covariance is not accurate, and covariance is not positive definite.
1s under jitter 0.01 = 13.7022583997 with chi^2 508.567090868
Minuit succeeded.
1s under jitter 0.01 = 13.704957397 with chi^2 516.545995588
Minuit succeeded.
1s under jitter 0.01 = 13.6983965423 with chi^2 505.218524689
Minuit succeeded.
1s under jitter 0.01 = 13.71662823 with chi^2 508.86047082
eigenvalues: 
-0.00967101
0.666459
0.849877
1
1
1
1
1
1
1
1
1
1.00137
1.02616
2.46581
matrix forced pos-def by adding 0.0121368 to diagonal
MnHesse: matrix is invalid!
MnHesse: matrix is not pos. def.!
MnHesse: matrix was forced pos. def.
FunctionMinimum is invalid.
Minuit failed because covariance is not accurate, and covariance is not positive definite.
1s under jitter 0.01 = 13.6984032049 with chi^2 513.316800036
Minuit succeeded.
1s under jitter 0.01 = 13.7063611619 with chi^2 503.12987369
eigenvalues: 
-0.127364
0.619617
0.809371
1
1
1
1
1
1
1
1
1
1.00062
1.03621
2.66155
matrix forced pos-def by adding 0.130025 to diagonal
MnHesse: matrix is invalid!
MnHesse: matrix is not pos. def.!
MnHesse: matrix was forced pos. def.
FunctionMinimum is invalid.
Minuit failed because covariance is not accurate, and covariance is not positive definite.
1s under jitter 0.01 = 13.7035614855 with chi^2 506.178509991
Minuit succeeded.
1s under jitter 0.01 = 13.6983238099 with chi^2 506.5546661
Minuit succeeded.
1s under jitter 0.01 = 13.7050402836 with chi^2 516.626690109
Minuit succeeded.
1s under jitter 0.01 = 13.6972595101 with chi^2 511.345582191
Minuit succeeded.
1s under jitter 0.01 = 13.7043259162 with chi^2 503.647378787
Minuit succeeded.
1s under jitter 0.01 = 13.7087918414 with chi^2 508.600989009
Minuit succeeded.
1s under jitter 0.01 = 13.7169324448 with chi^2 504.984090213
Minuit succeeded.
1s under jitter 0.01 = 13.7057988307 with chi^2 512.522830053
Minuit succeeded.
1s under jitter 0.01 = 13.7069899361 with chi^2 512.033100984
Minuit succeeded.
1s under jitter 0.01 = 13.7096069704 with chi^2 517.519393267
Minuit succeeded.
1s under jitter 0.01 = 13.7180600883 with chi^2 512.434978715
Minuit succeeded.
1s under jitter 0.01 = 13.7082483645 with chi^2 510.657721531
Minuit succeeded.
1s under jitter 0.01 = 13.6997415417 with chi^2 504.711296671
Minuit succeeded.
1s under jitter 0.01 = 13.7082001923 with chi^2 505.223708362
VariableMetricBuilder: no improvement
VariableMetricBuilder: machine accuracy limits further improvement.
Minuit succeeded.
1s under jitter 0.01 = 13.7100494214 with chi^2 517.001942837
eigenvalues: 
-0.0246424
0.633469
0.79155
1
1
1
1
1
1
1
1
1
1.00112
1.0355
2.56301
matrix forced pos-def by adding 0.0272054 to diagonal
MnHesse: matrix is invalid!
MnHesse: matrix is not pos. def.!
MnHesse: matrix was forced pos. def.
FunctionMinimum is invalid.
Minuit failed because covariance is not accurate, and covariance is not positive definite.
1s under jitter 0.01 = 13.702923575 with chi^2 512.16200643
Minuit succeeded.
1s under jitter 0.01 = 13.7060378333 with chi^2 506.955356365
Minuit succeeded.
1s under jitter 0.01 = 13.6948821537 with chi^2 516.065855906
Minuit succeeded.
1s under jitter 0.01 = 13.7010816994 with chi^2 504.178159794
Minuit succeeded.
1s under jitter 0.01 = 13.6973918131 with chi^2 504.331199157
Minuit succeeded.
1s under jitter 0.01 = 13.7041580033 with chi^2 515.579565812
eigenvalues: 
-0.0502591
0.651191
0.85701
1
1
1
1
1
1
1
1
1
1.002
1.06592
2.47414
matrix forced pos-def by adding 0.0527332 to diagonal
MnHesse: matrix is invalid!
MnHesse: matrix is not pos. def.!
MnHesse: matrix was forced pos. def.
FunctionMinimum is invalid.
Minuit failed because covariance is not accurate, and covariance is not positive definite.
1s under jitter 0.01 = 13.6994033767 with chi^2 514.94540631
Minuit succeeded.
1s under jitter 0.01 = 13.6971392559 with chi^2 507.446951128
