Minuit succeeded.
1s under jitter 0.12 = 13.8816109472 with chi^2 545.27603389
Minuit succeeded.
1s under jitter 0.12 = 13.8512070331 with chi^2 556.220713598
Minuit succeeded.
1s under jitter 0.12 = 13.7900418479 with chi^2 599.830281365
Minuit succeeded.
1s under jitter 0.12 = 13.7834433671 with chi^2 596.529933109
Minuit succeeded.
1s under jitter 0.12 = 13.6786722786 with chi^2 567.492884673
eigenvalues: 
-0.0106095
0.564925
0.780931
1
1
1
1
1
1
1
1
1
1.00128
1.04447
2.619
matrix forced pos-def by adding 0.0132285 to diagonal
MnHesse: matrix is invalid!
MnHesse: matrix is not pos. def.!
MnHesse: matrix was forced pos. def.
FunctionMinimum is invalid.
Minuit failed because covariance is not accurate, and covariance is not positive definite.
1s under jitter 0.12 = 13.8915881885 with chi^2 668.16395755
Minuit succeeded.
1s under jitter 0.12 = 13.9173116245 with chi^2 581.675772516
Minuit succeeded.
1s under jitter 0.12 = 13.7461459293 with chi^2 589.004086257
Minuit succeeded.
1s under jitter 0.12 = 13.957584583 with chi^2 689.911470313
Minuit succeeded.
1s under jitter 0.12 = 13.6208071306 with chi^2 607.442704251
eigenvalues: 
-0.0650964
0.614005
0.73531
1
1
1
1
1
1
1
1
1
1.00142
1.03787
2.67649
matrix forced pos-def by adding 0.0677729 to diagonal
MnHesse: matrix is invalid!
MnHesse: matrix is not pos. def.!
MnHesse: matrix was forced pos. def.
FunctionMinimum is invalid.
Minuit failed because covariance is not accurate, and covariance is not positive definite.
1s under jitter 0.12 = 13.6299114254 with chi^2 572.174636897
Minuit succeeded.
1s under jitter 0.12 = 13.8678619161 with chi^2 629.131074692
eigenvalues: 
-0.0360844
0.609411
0.872933
1
1
1
1
1
1
1
1
1
1.00157
1.05413
2.49805
matrix forced pos-def by adding 0.0385824 to diagonal
MnHesse: matrix is invalid!
MnHesse: matrix is not pos. def.!
MnHesse: matrix was forced pos. def.
FunctionMinimum is invalid.
Minuit failed because covariance is not accurate, and covariance is not positive definite.
1s under jitter 0.12 = 13.7979321524 with chi^2 567.692647203
Minuit succeeded.
1s under jitter 0.12 = 13.7535945105 with chi^2 551.043040994
Minuit succeeded.
1s under jitter 0.12 = 13.700390229 with chi^2 595.449474769
Minuit succeeded.
1s under jitter 0.12 = 13.5772814293 with chi^2 658.684803298
Minuit succeeded.
1s under jitter 0.12 = 13.6739047766 with chi^2 615.725337429
Minuit succeeded.
1s under jitter 0.12 = 13.8308610465 with chi^2 517.657247714
eigenvalues: 
-0.00167872
0.617438
0.779785
1
1
1
1
1
1
1
1
1
1.00154
1.04721
2.5557
matrix forced pos-def by adding 0.00423442 to diagonal
MnHesse: matrix is invalid!
MnHesse: matrix is not pos. def.!
MnHesse: matrix was forced pos. def.
FunctionMinimum is invalid.
Minuit failed because covariance is not accurate, and covariance is not positive definite.
1s under jitter 0.12 = 13.6412948065 with chi^2 558.397298155
Minuit succeeded.
1s under jitter 0.12 = 13.8746414992 with chi^2 604.976663563
Minuit succeeded.
1s under jitter 0.12 = 13.7976659045 with chi^2 632.662454013
Minuit succeeded.
1s under jitter 0.12 = 13.6875404081 with chi^2 587.12790828
Minuit succeeded.
1s under jitter 0.12 = 13.9979814464 with chi^2 642.475605327
Minuit succeeded.
1s under jitter 0.12 = 13.7412061571 with chi^2 599.55774149
Minuit succeeded.
1s under jitter 0.12 = 13.8206374292 with chi^2 501.737536123
VariableMetricBuilder: no improvement
VariableMetricBuilder: machine accuracy limits further improvement.
Minuit succeeded.
1s under jitter 0.12 = 13.7784547268 with chi^2 498.220508021
Minuit succeeded.
1s under jitter 0.12 = 13.8538831311 with chi^2 789.333398265
eigenvalues: 
-0.00286184
0.640431
0.785638
1
1
1
1
1
1
1
1
1
1.0004
1.03432
2.54207
matrix forced pos-def by adding 0.00540391 to diagonal
MnHesse: matrix is invalid!
MnHesse: matrix is not pos. def.!
MnHesse: matrix was forced pos. def.
FunctionMinimum is invalid.
Minuit failed because covariance is not accurate, and covariance is not positive definite.
1s under jitter 0.12 = 13.8078939806 with chi^2 568.174621785
VariableMetricBuilder: matrix not pos.def.
gdel > 0: 0.000267117
negative or zero diagonal element 4 in covariance matrix
added 1.00119 to diagonal of error matrix
gdel: 0.000267117
Minuit succeeded.
1s under jitter 0.12 = 14.026438803 with chi^2 634.036436441
Minuit succeeded.
1s under jitter 0.12 = 13.7217530331 with chi^2 550.386403332
Minuit succeeded.
1s under jitter 0.12 = 13.6057315119 with chi^2 652.961687643
VariableMetricBuilder: no improvement
VariableMetricBuilder: machine accuracy limits further improvement.
Minuit succeeded.
1s under jitter 0.12 = 13.9025767103 with chi^2 821.149196136
Minuit succeeded.
1s under jitter 0.12 = 13.5926460617 with chi^2 562.780048642
eigenvalues: 
-0.12126
0.591375
0.885216
1
1
1
1
1
1
1
1
1
1.00378
1.08573
2.55516
matrix forced pos-def by adding 0.123815 to diagonal
MnHesse: matrix is invalid!
MnHesse: matrix is not pos. def.!
MnHesse: matrix was forced pos. def.
FunctionMinimum is invalid.
Minuit failed because covariance is not accurate, and covariance is not positive definite.
1s under jitter 0.12 = 13.7595973514 with chi^2 578.349916213
Minuit succeeded.
1s under jitter 0.12 = 13.8200699631 with chi^2 564.453110164
Minuit succeeded.
1s under jitter 0.12 = 13.7746386852 with chi^2 591.854834472
Minuit succeeded.
1s under jitter 0.12 = 13.7466499489 with chi^2 547.769616775
Minuit succeeded.
1s under jitter 0.12 = 13.7882401713 with chi^2 741.373639596
Minuit succeeded.
1s under jitter 0.12 = 13.6482082188 with chi^2 599.436672187
Minuit succeeded.
1s under jitter 0.12 = 13.6866622695 with chi^2 612.029801918
Minuit succeeded.
1s under jitter 0.12 = 13.7379657875 with chi^2 709.370137497
Minuit succeeded.
1s under jitter 0.12 = 13.7881354083 with chi^2 542.12060543
Minuit succeeded.
1s under jitter 0.12 = 13.4831381943 with chi^2 851.033215881
Minuit succeeded.
1s under jitter 0.12 = 13.7963155776 with chi^2 637.478563324
Minuit succeeded.
1s under jitter 0.12 = 13.6889165014 with chi^2 539.639625098
VariableMetricBuilder: matrix not pos.def.
gdel > 0: 8.10747e-05
negative or zero diagonal element 0 in covariance matrix
negative or zero diagonal element 1 in covariance matrix
negative or zero diagonal element 10 in covariance matrix
added 1.00791 to diagonal of error matrix
gdel: 8.10747e-05
Minuit succeeded.
1s under jitter 0.12 = 13.7511774186 with chi^2 553.909612567
Minuit succeeded.
1s under jitter 0.12 = 13.7726552072 with chi^2 749.684816769
Minuit succeeded.
1s under jitter 0.12 = 13.9079914377 with chi^2 624.47245065
Minuit succeeded.
1s under jitter 0.12 = 13.7674865483 with chi^2 622.037547415
Minuit succeeded.
1s under jitter 0.12 = 13.6506531034 with chi^2 561.480822232
Minuit succeeded.
1s under jitter 0.12 = 13.6990378696 with chi^2 495.885655271
eigenvalues: 
-0.01795
0.570526
0.726646
1
1
1
1
1
1
1
1
1
1.00149
1.0319
2.68739
matrix forced pos-def by adding 0.0206374 to diagonal
MnHesse: matrix is invalid!
MnHesse: matrix is not pos. def.!
MnHesse: matrix was forced pos. def.
FunctionMinimum is invalid.
Minuit failed because covariance is not accurate, and covariance is not positive definite.
1s under jitter 0.12 = 13.8034837124 with chi^2 542.303515231
Minuit succeeded.
1s under jitter 0.12 = 13.719290798 with chi^2 589.805475287
Minuit succeeded.
1s under jitter 0.12 = 13.7826977367 with chi^2 616.61802928
Minuit succeeded.
1s under jitter 0.12 = 13.7512801179 with chi^2 612.786831867
Minuit succeeded.
1s under jitter 0.12 = 13.8878885425 with chi^2 607.605095361
Minuit succeeded.
1s under jitter 0.12 = 13.7596165544 with chi^2 551.966337067
Minuit succeeded.
1s under jitter 0.12 = 13.8053349252 with chi^2 629.951607934
eigenvalues: 
-0.0367157
0.648553
0.823311
1
1
1
1
1
1
1
1
1
1.00133
1.02939
2.53414
matrix forced pos-def by adding 0.0392499 to diagonal
MnHesse: matrix is invalid!
MnHesse: matrix is not pos. def.!
MnHesse: matrix was forced pos. def.
FunctionMinimum is invalid.
Minuit failed because covariance is not accurate, and covariance is not positive definite.
1s under jitter 0.12 = 13.7210572219 with chi^2 528.695999974
Minuit succeeded.
1s under jitter 0.12 = 13.7065494197 with chi^2 902.377025772
Minuit succeeded.
1s under jitter 0.12 = 13.6523702509 with chi^2 559.43793384
Minuit succeeded.
1s under jitter 0.12 = 13.7840878909 with chi^2 561.924794884
Minuit succeeded.
1s under jitter 0.12 = 13.6570437276 with chi^2 702.01983026
Minuit succeeded.
1s under jitter 0.12 = 13.7263434478 with chi^2 593.96307318
Minuit succeeded.
1s under jitter 0.12 = 13.6820579516 with chi^2 544.337226376
Minuit succeeded.
1s under jitter 0.12 = 13.7489258052 with chi^2 637.762788776
Minuit succeeded.
1s under jitter 0.12 = 13.741894611 with chi^2 530.367189873
Minuit succeeded.
1s under jitter 0.12 = 13.672394229 with chi^2 538.000933832
Minuit succeeded.
1s under jitter 0.12 = 13.7606541312 with chi^2 559.284533402
VariableMetricBuilder: matrix not pos.def.
gdel > 0: 0.000490736
negative or zero diagonal element 0 in covariance matrix
negative or zero diagonal element 1 in covariance matrix
negative or zero diagonal element 8 in covariance matrix
negative or zero diagonal element 14 in covariance matrix
added 1.02239 to diagonal of error matrix
gdel: 0.000490736
Minuit succeeded.
1s under jitter 0.12 = 13.6497084893 with chi^2 747.936903652
Minuit succeeded.
1s under jitter 0.12 = 13.6356722009 with chi^2 593.634238376
Minuit succeeded.
1s under jitter 0.12 = 13.9400457002 with chi^2 584.676015075
Minuit succeeded.
1s under jitter 0.12 = 13.8354869242 with chi^2 585.593595503
Minuit succeeded.
1s under jitter 0.12 = 13.7844105638 with chi^2 790.828617463
Minuit succeeded.
1s under jitter 0.12 = 13.7766136659 with chi^2 656.425645561
Minuit succeeded.
1s under jitter 0.12 = 13.7824130178 with chi^2 557.359721433
eigenvalues: 
-0.0596922
0.591994
0.759023
1
1
1
1
1
1
1
1
1
1.00132
1.0504
2.65695
matrix forced pos-def by adding 0.0623491 to diagonal
MnHesse: matrix is invalid!
MnHesse: matrix is not pos. def.!
MnHesse: matrix was forced pos. def.
FunctionMinimum is invalid.
Minuit failed because covariance is not accurate, and covariance is not positive definite.
1s under jitter 0.12 = 13.7370708579 with chi^2 638.627054392
Minuit succeeded.
1s under jitter 0.12 = 13.8196902593 with chi^2 551.403869437
Minuit succeeded.
1s under jitter 0.12 = 13.6740050848 with chi^2 616.959146102
Minuit succeeded.
1s under jitter 0.12 = 13.7362444879 with chi^2 512.329311403
Minuit succeeded.
1s under jitter 0.12 = 13.6734836733 with chi^2 582.710166507
eigenvalues: 
-0.0242729
0.623455
0.757405
1
1
1
1
1
1
1
1
1
1.00045
1.03552
2.60744
matrix forced pos-def by adding 0.0268804 to diagonal
MnHesse: matrix is invalid!
MnHesse: matrix is not pos. def.!
MnHesse: matrix was forced pos. def.
FunctionMinimum is invalid.
Minuit failed because covariance is not accurate, and covariance is not positive definite.
1s under jitter 0.12 = 13.699251531 with chi^2 525.506410346
Minuit succeeded.
1s under jitter 0.12 = 13.7378856042 with chi^2 522.910060588
Minuit succeeded.
1s under jitter 0.12 = 13.9872880985 with chi^2 715.607987548
Minuit succeeded.
1s under jitter 0.12 = 13.7221694242 with chi^2 535.778134345
Minuit succeeded.
1s under jitter 0.12 = 13.7736637091 with chi^2 597.183500575
Minuit succeeded.
1s under jitter 0.12 = 13.717735397 with chi^2 561.364678031
Minuit succeeded.
1s under jitter 0.12 = 13.6855165565 with chi^2 623.698143928
Minuit succeeded.
1s under jitter 0.12 = 13.8850132394 with chi^2 593.034565313
Minuit succeeded.
1s under jitter 0.12 = 13.8840172384 with chi^2 614.212366316
Minuit succeeded.
1s under jitter 0.12 = 13.7460060683 with chi^2 552.554800588
eigenvalues: 
-0.0151993
0.562457
0.757681
1
1
1
1
1
1
1
1
1
1.00073
1.02449
2.66984
matrix forced pos-def by adding 0.0178691 to diagonal
MnHesse: matrix is invalid!
MnHesse: matrix is not pos. def.!
MnHesse: matrix was forced pos. def.
FunctionMinimum is invalid.
Minuit failed because covariance is not accurate, and covariance is not positive definite.
1s under jitter 0.12 = 13.7240302726 with chi^2 601.031651419
VariableMetricBuilder: no improvement
VariableMetricBuilder: machine accuracy limits further improvement.
Minuit succeeded.
1s under jitter 0.12 = 13.8263852934 with chi^2 594.151088572
Minuit succeeded.
1s under jitter 0.12 = 13.7644845729 with chi^2 588.909737892
Minuit succeeded.
1s under jitter 0.12 = 13.647490618 with chi^2 535.711861774
Minuit succeeded.
1s under jitter 0.12 = 13.7446279402 with chi^2 590.638651308
Minuit succeeded.
1s under jitter 0.12 = 13.8421964779 with chi^2 659.063472876
Minuit succeeded.
1s under jitter 0.12 = 13.6509574756 with chi^2 542.40035632
Minuit succeeded.
1s under jitter 0.12 = 13.68468423 with chi^2 488.037971478
Minuit succeeded.
1s under jitter 0.12 = 13.7242777606 with chi^2 669.627156363
