VariableMetricBuilder: no improvement
VariableMetricBuilder: machine accuracy limits further improvement.
Minuit succeeded.
1s under jitter 1.0 = 20.8289484205 with chi^2 29003.9366507
Minuit succeeded.
1s under jitter 1.0 = 17.3139242975 with chi^2 12438.0621188
VariableMetricBuilder: no improvement
VariableMetricBuilder: finishes without convergence.
VariableMetricBuilder: edm= 704084 requested: 1e-05
FunctionMinimum is invalid.
Minuit failed because the function is above maximum EDM.
1s under jitter 1.0 = 15.2969957063 with chi^2 56636.2769453
Minuit succeeded.
1s under jitter 1.0 = 18.2100826491 with chi^2 17431.9523968
Minuit succeeded.
1s under jitter 1.0 = 18.6221534964 with chi^2 16057.8992353
VariableMetricBuilder: no improvement
VariableMetricBuilder: finishes without convergence.
VariableMetricBuilder: edm= 220585 requested: 1e-05
FunctionMinimum is invalid.
Minuit failed because the function is above maximum EDM.
1s under jitter 1.0 = 21.0306730959 with chi^2 22482.5965427
Minuit succeeded.
1s under jitter 1.0 = 21.4523983736 with chi^2 26120.6112434
VariableMetricBuilder: no improvement
VariableMetricBuilder: machine accuracy limits further improvement.
Minuit succeeded.
1s under jitter 1.0 = 17.8725346834 with chi^2 10797.8625741
VariableMetricBuilder: no improvement
VariableMetricBuilder: finishes without convergence.
VariableMetricBuilder: edm= 566577 requested: 1e-05
eigenvalues: 
-0.0638829
0.243947
0.798822
1
1
1
1
1
1
1
1
1
1.01329
1.75706
2.25077
matrix forced pos-def by adding 0.0661336 to diagonal
MnHesse: matrix is invalid!
MnHesse: matrix is not pos. def.!
MnHesse: matrix was forced pos. def.
FunctionMinimum is invalid.
Minuit failed because covariance is not accurate, covariance is not positive definite, and the function is above maximum EDM.
1s under jitter 1.0 = 13.7 with chi^2 53405.4790949
Minuit succeeded.
1s under jitter 1.0 = 20.529598753 with chi^2 21892.2021349
Minuit succeeded.
1s under jitter 1.0 = 19.0745044561 with chi^2 27831.5252119
Minuit succeeded.
1s under jitter 1.0 = 16.9527151799 with chi^2 12590.0998419
Minuit succeeded.
1s under jitter 1.0 = 16.0796334582 with chi^2 6990.61645994
Minuit succeeded.
1s under jitter 1.0 = 19.7155928801 with chi^2 24303.3940907
VariableMetricBuilder: no improvement
VariableMetricBuilder: finishes without convergence.
VariableMetricBuilder: edm= 1.516e+06 requested: 1e-05
eigenvalues: 
-0.525982
0.169504
0.842706
1
1
1
1
1
1
1
1
1
1.04783
1.7191
2.74684
matrix forced pos-def by adding 0.528729 to diagonal
MnHesse: matrix is invalid!
MnHesse: matrix is not pos. def.!
MnHesse: matrix was forced pos. def.
FunctionMinimum is invalid.
Minuit failed because covariance is not accurate, covariance is not positive definite, and the function is above maximum EDM.
1s under jitter 1.0 = 13.7 with chi^2 63299.3558982
VariableMetricBuilder: no improvement
VariableMetricBuilder: machine accuracy limits further improvement.
Minuit succeeded.
1s under jitter 1.0 = 20.4741497092 with chi^2 29321.9013532
Minuit succeeded.
1s under jitter 1.0 = 18.3269709432 with chi^2 17098.2603903
VariableMetricBuilder: no improvement
VariableMetricBuilder: finishes without convergence.
VariableMetricBuilder: edm= 1.37223e+06 requested: 1e-05
eigenvalues: 
-0.693106
0.446254
0.879918
1
1
1
1
1
1
1
1
1
1.04561
1.17499
3.14633
matrix forced pos-def by adding 0.696253 to diagonal
MnHesse: matrix is invalid!
MnHesse: matrix is not pos. def.!
MnHesse: matrix was forced pos. def.
FunctionMinimum is invalid.
Minuit failed because covariance is not accurate, covariance is not positive definite, and the function is above maximum EDM.
1s under jitter 1.0 = 13.7 with chi^2 35860.8080149
Minuit succeeded.
1s under jitter 1.0 = 17.6079289992 with chi^2 8697.31186054
Minuit succeeded.
1s under jitter 1.0 = 20.2267126939 with chi^2 17128.4079888
VariableMetricBuilder: no improvement
VariableMetricBuilder: machine accuracy limits further improvement.
Minuit succeeded.
1s under jitter 1.0 = 19.4074187418 with chi^2 18588.4158511
Minuit succeeded.
1s under jitter 1.0 = 18.51484966 with chi^2 16328.7866157
VariableMetricBuilder: no improvement
VariableMetricBuilder: machine accuracy limits further improvement.
Minuit succeeded.
1s under jitter 1.0 = 18.9036959202 with chi^2 11265.5286944
Minuit succeeded.
1s under jitter 1.0 = 19.6677161795 with chi^2 21042.7112976
Minuit succeeded.
1s under jitter 1.0 = 17.4751918343 with chi^2 12044.253058
VariableMetricBuilder: matrix not pos.def.
gdel > 0: 17740.3
negative or zero diagonal element 10 in covariance matrix
added 1.39005 to diagonal of error matrix
gdel: 17740.3
Minuit succeeded.
1s under jitter 1.0 = 18.4367958451 with chi^2 32349.8768504
Minuit succeeded.
1s under jitter 1.0 = 17.7207283757 with chi^2 12943.5279087
VariableMetricBuilder: no improvement
VariableMetricBuilder: machine accuracy limits further improvement.
Minuit succeeded.
1s under jitter 1.0 = 21.8239086837 with chi^2 27873.0128579
Minuit succeeded.
1s under jitter 1.0 = 18.1520278195 with chi^2 15215.5355704
Minuit succeeded.
1s under jitter 1.0 = 20.1493889585 with chi^2 21102.8923984
Minuit succeeded.
1s under jitter 1.0 = 19.0880669688 with chi^2 15725.6199793
Minuit succeeded.
1s under jitter 1.0 = 18.3229076963 with chi^2 14003.7169008
Minuit succeeded.
1s under jitter 1.0 = 20.2172800661 with chi^2 24584.5915416
VariableMetricBuilder: no improvement
VariableMetricBuilder: machine accuracy limits further improvement.
Minuit succeeded.
1s under jitter 1.0 = 22.3830407322 with chi^2 25665.8715363
Minuit succeeded.
1s under jitter 1.0 = 17.6557887466 with chi^2 15231.1796758
VariableMetricBuilder: no improvement
VariableMetricBuilder: finishes without convergence.
VariableMetricBuilder: edm= 480349 requested: 1e-05
FunctionMinimum is invalid.
Minuit failed because the function is above maximum EDM.
1s under jitter 1.0 = 13.7 with chi^2 50086.612885
Minuit succeeded.
1s under jitter 1.0 = 23.2619066065 with chi^2 27275.8846575
Minuit succeeded.
1s under jitter 1.0 = 21.3561501143 with chi^2 25054.0309986
Minuit succeeded.
1s under jitter 1.0 = 25.3992791739 with chi^2 37978.842616
Minuit succeeded.
1s under jitter 1.0 = 18.8703413358 with chi^2 30305.5481578
Minuit succeeded.
1s under jitter 1.0 = 20.7833615429 with chi^2 22415.7701228
Minuit succeeded.
1s under jitter 1.0 = 20.0910220916 with chi^2 20658.2639777
VariableMetricBuilder: no improvement
VariableMetricBuilder: machine accuracy limits further improvement.
Minuit succeeded.
1s under jitter 1.0 = 20.9146117416 with chi^2 23014.4697498
Minuit succeeded.
1s under jitter 1.0 = 22.0207390717 with chi^2 24339.3775742
Minuit succeeded.
1s under jitter 1.0 = 18.952165318 with chi^2 17810.9957653
Minuit succeeded.
1s under jitter 1.0 = 19.0603032153 with chi^2 15564.3118287
Minuit succeeded.
1s under jitter 1.0 = 25.2796264382 with chi^2 39758.8491188
VariableMetricBuilder: no improvement
VariableMetricBuilder: machine accuracy limits further improvement.
Minuit succeeded.
1s under jitter 1.0 = 19.8855150568 with chi^2 24676.2357566
Minuit succeeded.
1s under jitter 1.0 = 18.2052279766 with chi^2 14268.6734126
Minuit succeeded.
1s under jitter 1.0 = 19.5829111258 with chi^2 22460.4177438
Minuit succeeded.
1s under jitter 1.0 = 18.4291798261 with chi^2 15106.9829812
VariableMetricBuilder: no improvement
VariableMetricBuilder: machine accuracy limits further improvement.
Minuit succeeded.
1s under jitter 1.0 = 20.542375513 with chi^2 22798.4980658
Minuit succeeded.
1s under jitter 1.0 = 18.0575096094 with chi^2 13224.4098441
Minuit succeeded.
1s under jitter 1.0 = 16.9875342582 with chi^2 9617.01790989
VariableMetricBuilder: no improvement
VariableMetricBuilder: machine accuracy limits further improvement.
Minuit succeeded.
1s under jitter 1.0 = 19.5624024251 with chi^2 20870.0679313
Minuit succeeded.
1s under jitter 1.0 = 16.8231916404 with chi^2 6492.43998866
Minuit succeeded.
1s under jitter 1.0 = 19.0899773191 with chi^2 14300.8137308
VariableMetricBuilder: no improvement
VariableMetricBuilder: machine accuracy limits further improvement.
Minuit succeeded.
1s under jitter 1.0 = 19.4771491981 with chi^2 17615.8118732
Minuit succeeded.
1s under jitter 1.0 = 19.2062321502 with chi^2 15525.8528886
Minuit succeeded.
1s under jitter 1.0 = 18.42630983 with chi^2 12821.6486345
Minuit succeeded.
1s under jitter 1.0 = 20.5870095673 with chi^2 18061.3753108
VariableMetricBuilder: no improvement
VariableMetricBuilder: finishes without convergence.
VariableMetricBuilder: edm= 1.04718e+09 requested: 1e-05
eigenvalues: 
-0.037692
0.679172
0.822593
1
1
1
1
1
1
1
1
1
1.06011
1.16248
2.31334
matrix forced pos-def by adding 0.0400053 to diagonal
MnHesse: matrix is invalid!
MnHesse: matrix is not pos. def.!
MnHesse: matrix was forced pos. def.
FunctionMinimum is invalid.
Minuit failed because covariance is not accurate, covariance is not positive definite, and the function is above maximum EDM.
1s under jitter 1.0 = 18.0456567075 with chi^2 41651.6917112
Minuit succeeded.
1s under jitter 1.0 = 18.4125310002 with chi^2 13500.1965026
Minuit succeeded.
1s under jitter 1.0 = 18.2677494663 with chi^2 17050.8291195
Minuit succeeded.
1s under jitter 1.0 = 21.0341122416 with chi^2 24074.7815342
Minuit succeeded.
1s under jitter 1.0 = 17.8185121624 with chi^2 14067.5940597
Minuit succeeded.
1s under jitter 1.0 = 22.1938701504 with chi^2 29899.8513634
Minuit succeeded.
1s under jitter 1.0 = 17.5507924902 with chi^2 10356.638783
Minuit succeeded.
1s under jitter 1.0 = 19.1649243642 with chi^2 16339.3816315
Minuit succeeded.
1s under jitter 1.0 = 20.685468454 with chi^2 22639.5229128
Minuit succeeded.
1s under jitter 1.0 = 20.0674976363 with chi^2 18931.338398
Minuit succeeded.
1s under jitter 1.0 = 18.6609569049 with chi^2 17122.8837358
Minuit succeeded.
1s under jitter 1.0 = 19.1290898701 with chi^2 14190.7900262
VariableMetricBuilder: no improvement
VariableMetricBuilder: finishes without convergence.
VariableMetricBuilder: edm= 548140 requested: 1e-05
eigenvalues: 
-0.144555
0.464542
0.937948
1
1
1
1
1
1
1
1
1
1.22558
1.33529
2.18119
matrix forced pos-def by adding 0.146736 to diagonal
MnHesse: matrix is invalid!
MnHesse: matrix is not pos. def.!
MnHesse: matrix was forced pos. def.
FunctionMinimum is invalid.
Minuit failed because covariance is not accurate, covariance is not positive definite, and the function is above maximum EDM.
1s under jitter 1.0 = 13.7 with chi^2 46110.600196
VariableMetricBuilder: no improvement
VariableMetricBuilder: machine accuracy limits further improvement.
Minuit succeeded.
1s under jitter 1.0 = 21.7715741808 with chi^2 28860.871124
Minuit succeeded.
1s under jitter 1.0 = 18.4149117037 with chi^2 15360.5643341
Minuit succeeded.
1s under jitter 1.0 = 18.5641727502 with chi^2 14648.7843834
Minuit succeeded.
1s under jitter 1.0 = 20.1252268744 with chi^2 25038.0792167
VariableMetricBuilder: no improvement
VariableMetricBuilder: machine accuracy limits further improvement.
Minuit succeeded.
1s under jitter 1.0 = 20.4604773948 with chi^2 29421.6969031
Minuit succeeded.
1s under jitter 1.0 = 17.2414194258 with chi^2 14770.0914396
Minuit succeeded.
1s under jitter 1.0 = 18.7394398697 with chi^2 15113.3762828
VariableMetricBuilder: matrix not pos.def.
gdel > 0: 1779.28
negative or zero diagonal element 13 in covariance matrix
added 1197.98 to diagonal of error matrix
gdel: 1779.28
Minuit succeeded.
1s under jitter 1.0 = 18.7273016079 with chi^2 19385.437386
VariableMetricBuilder: no improvement
VariableMetricBuilder: machine accuracy limits further improvement.
Minuit succeeded.
1s under jitter 1.0 = 20.1400645114 with chi^2 26937.3355745
VariableMetricBuilder: matrix not pos.def.
gdel > 0: 35801.7
negative or zero diagonal element 5 in covariance matrix
added 1.035 to diagonal of error matrix
gdel: 35801.7
Minuit succeeded.
1s under jitter 1.0 = 20.9700998256 with chi^2 23396.9018731
Minuit succeeded.
1s under jitter 1.0 = 20.791151936 with chi^2 18247.0201652
Minuit succeeded.
1s under jitter 1.0 = 19.7016533878 with chi^2 21017.0738631
Minuit succeeded.
1s under jitter 1.0 = 17.8040416153 with chi^2 16519.2766909
Minuit succeeded.
1s under jitter 1.0 = 18.9927667597 with chi^2 15118.4285006
VariableMetricBuilder: no improvement
VariableMetricBuilder: machine accuracy limits further improvement.
Minuit succeeded.
1s under jitter 1.0 = 16.2632060195 with chi^2 16756.1623048
Minuit succeeded.
1s under jitter 1.0 = 21.1077264432 with chi^2 22489.4946398
VariableMetricBuilder: no improvement
VariableMetricBuilder: machine accuracy limits further improvement.
Minuit succeeded.
1s under jitter 1.0 = 18.9952316284 with chi^2 22111.8159957
Minuit succeeded.
1s under jitter 1.0 = 18.5306861674 with chi^2 17122.6331501
VariableMetricBuilder: no improvement
VariableMetricBuilder: machine accuracy limits further improvement.
Minuit succeeded.
1s under jitter 1.0 = 18.1228339229 with chi^2 13216.776152
Minuit succeeded.
1s under jitter 1.0 = 19.5695888616 with chi^2 21813.4918034
Minuit succeeded.
1s under jitter 1.0 = 21.3726996468 with chi^2 27505.1972502
Minuit succeeded.
1s under jitter 1.0 = 22.5877065254 with chi^2 29166.588355
VariableMetricBuilder: no improvement
VariableMetricBuilder: machine accuracy limits further improvement.
Minuit succeeded.
1s under jitter 1.0 = 22.2510791942 with chi^2 28248.3503404
Minuit succeeded.
1s under jitter 1.0 = 19.3926614579 with chi^2 20985.8582326
Minuit succeeded.
1s under jitter 1.0 = 18.0809200047 with chi^2 12952.7707543
Minuit succeeded.
1s under jitter 1.0 = 18.2071189889 with chi^2 12985.3456164
