Minuit succeeded.
1s under jitter 0.16 = 13.8122409714 with chi^2 716.192989847
Minuit succeeded.
1s under jitter 0.16 = 13.9322423061 with chi^2 974.92432519
Minuit succeeded.
1s under jitter 0.16 = 13.770100325 with chi^2 676.258217627
Minuit succeeded.
1s under jitter 0.16 = 13.9957978567 with chi^2 736.612910481
Minuit succeeded.
1s under jitter 0.16 = 13.6781948609 with chi^2 638.535559496
Minuit succeeded.
1s under jitter 0.16 = 13.7666754823 with chi^2 558.381155308
eigenvalues: 
-0.0025728
0.592968
0.756674
1
1
1
1
1
1
1
1
1
1.00113
1.05186
2.59995
matrix forced pos-def by adding 0.00517274 to diagonal
MnHesse: matrix is invalid!
MnHesse: matrix is not pos. def.!
MnHesse: matrix was forced pos. def.
FunctionMinimum is invalid.
Minuit failed because covariance is not accurate, and covariance is not positive definite.
1s under jitter 0.16 = 13.6369296875 with chi^2 771.771300808
Minuit succeeded.
1s under jitter 0.16 = 13.996789299 with chi^2 869.419494155
Minuit succeeded.
1s under jitter 0.16 = 14.1149507181 with chi^2 927.336058104
Minuit succeeded.
1s under jitter 0.16 = 13.7830320761 with chi^2 686.179779028
Minuit succeeded.
1s under jitter 0.16 = 13.7390385919 with chi^2 622.842077976
Minuit succeeded.
1s under jitter 0.16 = 13.949690755 with chi^2 598.918448963
Minuit succeeded.
1s under jitter 0.16 = 13.6956527478 with chi^2 729.026351243
Minuit succeeded.
1s under jitter 0.16 = 14.0018849468 with chi^2 645.967224956
Minuit succeeded.
1s under jitter 0.16 = 13.8322755701 with chi^2 664.201743566
VariableMetricBuilder: no improvement
Minuit succeeded.
1s under jitter 0.16 = 13.9242284755 with chi^2 635.608021573
VariableMetricBuilder: no improvement
VariableMetricBuilder: machine accuracy limits further improvement.
Minuit succeeded.
1s under jitter 0.16 = 13.947728418 with chi^2 880.075689068
Minuit succeeded.
1s under jitter 0.16 = 14.1210159015 with chi^2 766.893356657
Minuit succeeded.
1s under jitter 0.16 = 13.7369209973 with chi^2 583.046086772
VariableMetricBuilder: no improvement
VariableMetricBuilder: machine accuracy limits further improvement.
Minuit succeeded.
1s under jitter 0.16 = 14.1157458778 with chi^2 883.159289744
Minuit succeeded.
1s under jitter 0.16 = 13.5852805055 with chi^2 1124.16826995
Minuit succeeded.
1s under jitter 0.16 = 13.7751734192 with chi^2 643.131966485
VariableMetricBuilder: matrix not pos.def.
edm < 0
negative or zero diagonal element 1 in covariance matrix
added 1.00002 to diagonal of error matrix
Minuit succeeded.
1s under jitter 0.16 = 13.7691256115 with chi^2 620.04319812
Minuit succeeded.
1s under jitter 0.16 = 13.8608819353 with chi^2 581.789981831
Minuit succeeded.
1s under jitter 0.16 = 13.6799818156 with chi^2 525.173820559
Minuit succeeded.
1s under jitter 0.16 = 13.7971386149 with chi^2 692.616027452
Minuit succeeded.
1s under jitter 0.16 = 13.9877809262 with chi^2 907.959176859
Minuit succeeded.
1s under jitter 0.16 = 13.7515129337 with chi^2 1094.99017102
Minuit succeeded.
1s under jitter 0.16 = 13.7915195866 with chi^2 885.968079237
Minuit succeeded.
1s under jitter 0.16 = 13.7559569407 with chi^2 651.120470814
Minuit succeeded.
1s under jitter 0.16 = 13.8616148069 with chi^2 744.712674036
Minuit succeeded.
1s under jitter 0.16 = 13.8079480561 with chi^2 585.636152626
VariableMetricBuilder: matrix not pos.def.
edm < 0
negative or zero diagonal element 1 in covariance matrix
added 1.00005 to diagonal of error matrix
Minuit succeeded.
1s under jitter 0.16 = 13.9332189546 with chi^2 799.86084373
VariableMetricBuilder: no improvement
VariableMetricBuilder: machine accuracy limits further improvement.
Minuit succeeded.
1s under jitter 0.16 = 13.8654444685 with chi^2 659.534002029
Minuit succeeded.
1s under jitter 0.16 = 13.7618794275 with chi^2 993.417069695
Minuit succeeded.
1s under jitter 0.16 = 13.8353557573 with chi^2 702.786835525
eigenvalues: 
-0.0201731
0.601237
0.696331
1
1
1
1
1
1
1
1
1
1.00101
1.01588
2.70571
matrix forced pos-def by adding 0.0228788 to diagonal
MnHesse: matrix is invalid!
MnHesse: matrix is not pos. def.!
MnHesse: matrix was forced pos. def.
FunctionMinimum is invalid.
Minuit failed because covariance is not accurate, and covariance is not positive definite.
1s under jitter 0.16 = 13.8577240542 with chi^2 1113.90475347
Minuit succeeded.
1s under jitter 0.16 = 13.8038281256 with chi^2 807.623522815
Minuit succeeded.
1s under jitter 0.16 = 13.930353618 with chi^2 671.165913983
Minuit succeeded.
1s under jitter 0.16 = 13.7509020379 with chi^2 682.991217566
eigenvalues: 
-0.0525874
0.614985
0.799292
1
1
1
1
1
1
1
1
1
1.00243
1.08529
2.55059
matrix forced pos-def by adding 0.055138 to diagonal
MnHesse: matrix is invalid!
MnHesse: matrix is not pos. def.!
MnHesse: matrix was forced pos. def.
FunctionMinimum is invalid.
Minuit failed because covariance is not accurate, and covariance is not positive definite.
1s under jitter 0.16 = 14.1034048794 with chi^2 870.077946981
Minuit succeeded.
1s under jitter 0.16 = 13.8651993952 with chi^2 709.989638566
Minuit succeeded.
1s under jitter 0.16 = 14.0460781849 with chi^2 677.930599938
Minuit succeeded.
1s under jitter 0.16 = 13.8811017557 with chi^2 544.140687723
Minuit succeeded.
1s under jitter 0.16 = 13.8999014394 with chi^2 570.818646862
Minuit succeeded.
1s under jitter 0.16 = 13.6676347743 with chi^2 915.56412877
eigenvalues: 
-0.0144643
0.647402
0.792411
1
1
1
1
1
1
1
1
1
1.00311
1.03762
2.53392
matrix forced pos-def by adding 0.0169982 to diagonal
MnHesse: matrix is invalid!
MnHesse: matrix is not pos. def.!
MnHesse: matrix was forced pos. def.
FunctionMinimum is invalid.
Minuit failed because covariance is not accurate, and covariance is not positive definite.
1s under jitter 0.16 = 13.8080018132 with chi^2 618.228544088
Minuit succeeded.
1s under jitter 0.16 = 14.0059809545 with chi^2 728.637494436
Minuit succeeded.
1s under jitter 0.16 = 13.768843384 with chi^2 659.967393713
Minuit succeeded.
1s under jitter 0.16 = 13.9279361736 with chi^2 696.673663202
Minuit succeeded.
1s under jitter 0.16 = 13.7550509793 with chi^2 748.812673302
Minuit succeeded.
1s under jitter 0.16 = 13.8778109828 with chi^2 746.297367297
Minuit succeeded.
1s under jitter 0.16 = 13.7083982541 with chi^2 679.710996392
Minuit succeeded.
1s under jitter 0.16 = 13.8576918604 with chi^2 813.740625529
Minuit succeeded.
1s under jitter 0.16 = 13.769995068 with chi^2 607.841176013
VariableMetricBuilder: no improvement
VariableMetricBuilder: machine accuracy limits further improvement.
Minuit succeeded.
1s under jitter 0.16 = 13.882419264 with chi^2 789.810545791
Minuit succeeded.
1s under jitter 0.16 = 13.9504048195 with chi^2 716.560161668
VariableMetricBuilder: no improvement
VariableMetricBuilder: machine accuracy limits further improvement.
Minuit succeeded.
1s under jitter 0.16 = 13.7494895937 with chi^2 523.936781677
Minuit succeeded.
1s under jitter 0.16 = 13.8009957984 with chi^2 767.190380289
Minuit succeeded.
1s under jitter 0.16 = 13.6335331526 with chi^2 964.427864394
Minuit succeeded.
1s under jitter 0.16 = 13.9137996772 with chi^2 600.816087367
Minuit succeeded.
1s under jitter 0.16 = 13.7468991724 with chi^2 560.189811602
Minuit succeeded.
1s under jitter 0.16 = 13.8069081937 with chi^2 605.214115866
Minuit succeeded.
1s under jitter 0.16 = 13.7815727345 with chi^2 658.215177254
VariableMetricBuilder: no improvement
VariableMetricBuilder: machine accuracy limits further improvement.
Minuit succeeded.
1s under jitter 0.16 = 14.1978438119 with chi^2 1134.1820703
Minuit succeeded.
1s under jitter 0.16 = 13.9919815816 with chi^2 757.584632896
VariableMetricBuilder: no improvement
VariableMetricBuilder: machine accuracy limits further improvement.
Minuit succeeded.
1s under jitter 0.16 = 13.769671056 with chi^2 667.171498174
Minuit succeeded.
1s under jitter 0.16 = 13.7560554299 with chi^2 603.521648353
Minuit succeeded.
1s under jitter 0.16 = 13.9911390566 with chi^2 678.65601068
Minuit succeeded.
1s under jitter 0.16 = 13.7166789619 with chi^2 611.455061415
Minuit succeeded.
1s under jitter 0.16 = 14.0445626933 with chi^2 736.718687965
Minuit succeeded.
1s under jitter 0.16 = 13.8960609113 with chi^2 631.468591416
Minuit succeeded.
1s under jitter 0.16 = 13.753312956 with chi^2 570.473493306
eigenvalues: 
-0.010799
0.619059
0.739056
1
1
1
1
1
1
1
1
1
1.00235
1.02448
2.62585
matrix forced pos-def by adding 0.0134248 to diagonal
MnHesse: matrix is invalid!
MnHesse: matrix is not pos. def.!
MnHesse: matrix was forced pos. def.
FunctionMinimum is invalid.
Minuit failed because covariance is not accurate, and covariance is not positive definite.
1s under jitter 0.16 = 13.8181303171 with chi^2 706.087586973
VariableMetricBuilder: no improvement
VariableMetricBuilder: machine accuracy limits further improvement.
Minuit succeeded.
1s under jitter 0.16 = 14.0117263767 with chi^2 745.553053628
Minuit succeeded.
1s under jitter 0.16 = 13.815060155 with chi^2 708.657354756
eigenvalues: 
-0.00015312
0.665608
0.720875
1
1
1
1
1
1
1
1
1
1.00085
1.02136
2.59146
matrix forced pos-def by adding 0.00274458 to diagonal
MnHesse: matrix is invalid!
MnHesse: matrix is not pos. def.!
MnHesse: matrix was forced pos. def.
FunctionMinimum is invalid.
Minuit failed because covariance is not accurate, and covariance is not positive definite.
1s under jitter 0.16 = 13.5863912748 with chi^2 649.439871435
Minuit succeeded.
1s under jitter 0.16 = 13.8964947887 with chi^2 856.293532869
Minuit succeeded.
1s under jitter 0.16 = 13.6638706384 with chi^2 932.518346435
VariableMetricBuilder: no improvement
VariableMetricBuilder: machine accuracy limits further improvement.
Minuit succeeded.
1s under jitter 0.16 = 13.9836629083 with chi^2 711.428214915
Minuit succeeded.
1s under jitter 0.16 = 13.848741074 with chi^2 633.070646413
Minuit succeeded.
1s under jitter 0.16 = 14.0850970964 with chi^2 864.113407082
Minuit succeeded.
1s under jitter 0.16 = 13.8025462614 with chi^2 670.657748305
Minuit succeeded.
1s under jitter 0.16 = 13.6521238079 with chi^2 600.996698725
Minuit succeeded.
1s under jitter 0.16 = 13.8704989776 with chi^2 746.660694992
Minuit succeeded.
1s under jitter 0.16 = 13.8772491543 with chi^2 686.115961498
Minuit succeeded.
1s under jitter 0.16 = 13.8935304907 with chi^2 628.102617945
VariableMetricBuilder: no improvement
Minuit succeeded.
1s under jitter 0.16 = 13.8940055468 with chi^2 598.774442774
Minuit succeeded.
1s under jitter 0.16 = 13.7535450254 with chi^2 785.316667151
Minuit succeeded.
1s under jitter 0.16 = 13.7246052296 with chi^2 646.585148064
Minuit succeeded.
1s under jitter 0.16 = 13.9318176614 with chi^2 792.430836101
Minuit succeeded.
1s under jitter 0.16 = 14.1732722118 with chi^2 993.101826853
Minuit succeeded.
1s under jitter 0.16 = 14.1765229218 with chi^2 863.016705742
Minuit succeeded.
1s under jitter 0.16 = 13.9814958793 with chi^2 758.658747282
VariableMetricBuilder: no improvement
VariableMetricBuilder: machine accuracy limits further improvement.
Minuit succeeded.
1s under jitter 0.16 = 13.8399483134 with chi^2 694.849240177
Minuit succeeded.
1s under jitter 0.16 = 13.7230420128 with chi^2 803.564594885
Minuit succeeded.
1s under jitter 0.16 = 13.7858892287 with chi^2 669.914098372
Minuit succeeded.
1s under jitter 0.16 = 13.7512453678 with chi^2 660.982284348
Minuit succeeded.
1s under jitter 0.16 = 13.999061787 with chi^2 766.861290717
Minuit succeeded.
1s under jitter 0.16 = 13.9377158477 with chi^2 600.80981377
