Minuit succeeded.
1s under jitter 0.5 = 16.277585561 with chi^2 7369.59046212
Minuit succeeded.
1s under jitter 0.5 = 15.8965161451 with chi^2 5820.36435869
Minuit succeeded.
1s under jitter 0.5 = 14.1891655148 with chi^2 1427.22568194
Minuit succeeded.
1s under jitter 0.5 = 15.2766805139 with chi^2 5187.22801055
Minuit succeeded.
1s under jitter 0.5 = 13.8902751275 with chi^2 2695.591087
VariableMetricBuilder: no improvement
VariableMetricBuilder: machine accuracy limits further improvement.
Minuit succeeded.
1s under jitter 0.5 = 14.9583154777 with chi^2 5651.01478624
Minuit succeeded.
1s under jitter 0.5 = 14.7295775504 with chi^2 2489.01841247
Minuit succeeded.
1s under jitter 0.5 = 15.8551924557 with chi^2 4414.17584847
Minuit succeeded.
1s under jitter 0.5 = 15.6240287285 with chi^2 4812.87273866
Minuit succeeded.
1s under jitter 0.5 = 16.5339767636 with chi^2 9873.96842279
Minuit succeeded.
1s under jitter 0.5 = 16.3701983844 with chi^2 4469.56808182
VariableMetricBuilder: no improvement
VariableMetricBuilder: machine accuracy limits further improvement.
Minuit succeeded.
1s under jitter 0.5 = 15.2882570161 with chi^2 3330.56442987
Minuit succeeded.
1s under jitter 0.5 = 15.2774192281 with chi^2 5762.96650636
Minuit succeeded.
1s under jitter 0.5 = 15.9505161451 with chi^2 7757.37333022
Minuit succeeded.
1s under jitter 0.5 = 16.5580531993 with chi^2 6716.40071762
Minuit succeeded.
1s under jitter 0.5 = 15.360115709 with chi^2 6358.12021751
VariableMetricBuilder: no improvement
VariableMetricBuilder: machine accuracy limits further improvement.
Minuit succeeded.
1s under jitter 0.5 = 16.7171348338 with chi^2 6534.52533103
VariableMetricBuilder: no improvement
VariableMetricBuilder: machine accuracy limits further improvement.
Minuit succeeded.
1s under jitter 0.5 = 16.759614598 with chi^2 8465.27235919
Minuit succeeded.
1s under jitter 0.5 = 14.904816892 with chi^2 4382.70284483
Minuit succeeded.
1s under jitter 0.5 = 15.1796998564 with chi^2 4839.29722409
VariableMetricBuilder: no improvement
VariableMetricBuilder: machine accuracy limits further improvement.
Minuit succeeded.
1s under jitter 0.5 = 14.815279246 with chi^2 6467.57109172
Minuit succeeded.
1s under jitter 0.5 = 14.7297175036 with chi^2 4347.59264881
Minuit succeeded.
1s under jitter 0.5 = 15.0501039676 with chi^2 4271.40085012
Minuit succeeded.
1s under jitter 0.5 = 15.6066141375 with chi^2 4199.34476277
VariableMetricBuilder: no improvement
VariableMetricBuilder: machine accuracy limits further improvement.
Minuit succeeded.
1s under jitter 0.5 = 15.2792203182 with chi^2 3434.52490321
Minuit succeeded.
1s under jitter 0.5 = 15.8939677526 with chi^2 4178.31068535
VariableMetricBuilder: no improvement
VariableMetricBuilder: machine accuracy limits further improvement.
Minuit succeeded.
1s under jitter 0.5 = 15.5761566775 with chi^2 7745.16359596
Minuit succeeded.
1s under jitter 0.5 = 15.2874432885 with chi^2 5805.72544086
VariableMetricBuilder: no improvement
VariableMetricBuilder: finishes without convergence.
VariableMetricBuilder: edm= 2.57984e+06 requested: 1e-05
eigenvalues: 
-1.15126
0.124829
0.771268
1
1
1
1
1
1
1
1
1
1.04169
1.99078
3.2227
matrix forced pos-def by adding 1.15449 to diagonal
MnHesse: matrix is invalid!
MnHesse: matrix is not pos. def.!
MnHesse: matrix was forced pos. def.
FunctionMinimum is invalid.
Minuit failed because covariance is not accurate, covariance is not positive definite, and the function is above maximum EDM.
1s under jitter 0.5 = 13.7 with chi^2 48218.476247
Minuit succeeded.
1s under jitter 0.5 = 14.5446895111 with chi^2 2232.84389376
Minuit succeeded.
1s under jitter 0.5 = 15.8460178833 with chi^2 4674.56022307
eigenvalues: 
-0.0491763
0.665848
0.936967
1
1
1
1
1
1
1
1
1
1.00102
1.04924
2.39611
matrix forced pos-def by adding 0.0515724 to diagonal
MnHesse: matrix is invalid!
MnHesse: matrix is not pos. def.!
MnHesse: matrix was forced pos. def.
FunctionMinimum is invalid.
Minuit failed because covariance is not accurate, and covariance is not positive definite.
1s under jitter 0.5 = 15.0846365024 with chi^2 2080.65450465
Minuit succeeded.
1s under jitter 0.5 = 15.1932147932 with chi^2 2267.03682092
Minuit succeeded.
1s under jitter 0.5 = 15.4996253942 with chi^2 2697.16555114
VariableMetricBuilder: no improvement
VariableMetricBuilder: machine accuracy limits further improvement.
Minuit succeeded.
1s under jitter 0.5 = 16.0633338896 with chi^2 6849.66446711
VariableMetricBuilder: no improvement
VariableMetricBuilder: machine accuracy limits further improvement.
Minuit succeeded.
1s under jitter 0.5 = 15.7834603473 with chi^2 6455.21041998
Minuit succeeded.
1s under jitter 0.5 = 16.1388556711 with chi^2 7367.2904997
Minuit succeeded.
1s under jitter 0.5 = 15.5477503524 with chi^2 3162.90031772
Minuit succeeded.
1s under jitter 0.5 = 17.9124092329 with chi^2 15473.2849728
Minuit succeeded.
1s under jitter 0.5 = 16.0712480449 with chi^2 5897.8283291
Minuit succeeded.
1s under jitter 0.5 = 15.8028457238 with chi^2 7481.40633963
Minuit succeeded.
1s under jitter 0.5 = 15.6542843382 with chi^2 8422.73320905
VariableMetricBuilder: no improvement
VariableMetricBuilder: machine accuracy limits further improvement.
Minuit succeeded.
1s under jitter 0.5 = 14.5143881901 with chi^2 3636.34172796
Minuit succeeded.
1s under jitter 0.5 = 15.9072359034 with chi^2 8832.90142272
Minuit succeeded.
1s under jitter 0.5 = 15.0063082705 with chi^2 3597.17282833
Minuit succeeded.
1s under jitter 0.5 = 15.073419081 with chi^2 2461.22217674
Minuit succeeded.
1s under jitter 0.5 = 14.0588569993 with chi^2 3896.9111061
Minuit succeeded.
1s under jitter 0.5 = 14.933961507 with chi^2 3828.87013372
VariableMetricBuilder: no improvement
VariableMetricBuilder: finishes without convergence.
VariableMetricBuilder: edm= 0.000256795 requested: 1e-05
FunctionMinimum is invalid.
Minuit failed because the function is above maximum EDM.
1s under jitter 0.5 = 14.8298404645 with chi^2 2878.65299693
Minuit succeeded.
1s under jitter 0.5 = 14.0827528589 with chi^2 3229.15189999
Minuit succeeded.
1s under jitter 0.5 = 14.9007061481 with chi^2 3561.38989415
Minuit succeeded.
1s under jitter 0.5 = 15.9937144345 with chi^2 6726.50953418
Minuit succeeded.
1s under jitter 0.5 = 14.8018032617 with chi^2 2817.71508531
Minuit succeeded.
1s under jitter 0.5 = 15.5412772982 with chi^2 4037.18512331
VariableMetricBuilder: no improvement
VariableMetricBuilder: machine accuracy limits further improvement.
Minuit succeeded.
1s under jitter 0.5 = 15.9630444719 with chi^2 5496.1292997
VariableMetricBuilder: no improvement
VariableMetricBuilder: machine accuracy limits further improvement.
Minuit succeeded.
1s under jitter 0.5 = 15.4645409908 with chi^2 3318.12681183
Minuit succeeded.
1s under jitter 0.5 = 16.2621995337 with chi^2 9939.02197942
VariableMetricBuilder: no improvement
VariableMetricBuilder: machine accuracy limits further improvement.
Minuit succeeded.
1s under jitter 0.5 = 15.5203004754 with chi^2 3373.56637969
Minuit succeeded.
1s under jitter 0.5 = 14.5919801095 with chi^2 2847.14906994
Minuit succeeded.
1s under jitter 0.5 = 15.1651312094 with chi^2 3461.87576722
VariableMetricBuilder: no improvement
VariableMetricBuilder: finishes without convergence.
VariableMetricBuilder: edm= 1.23866e+06 requested: 1e-05
eigenvalues: 
-0.428403
0.179527
0.859743
1
1
1
1
1
1
1
1
1
1.03975
1.90264
2.44674
matrix forced pos-def by adding 0.430849 to diagonal
MnHesse: matrix is invalid!
MnHesse: matrix is not pos. def.!
MnHesse: matrix was forced pos. def.
FunctionMinimum is invalid.
Minuit failed because covariance is not accurate, covariance is not positive definite, and the function is above maximum EDM.
1s under jitter 0.5 = 13.7 with chi^2 37188.5197693
Minuit succeeded.
1s under jitter 0.5 = 14.1279998233 with chi^2 1442.40188191
Minuit succeeded.
1s under jitter 0.5 = 14.7799973022 with chi^2 2743.93752745
Minuit succeeded.
1s under jitter 0.5 = 16.1547317036 with chi^2 5868.77309963
Minuit succeeded.
1s under jitter 0.5 = 16.3477329966 with chi^2 6902.83226991
Minuit succeeded.
1s under jitter 0.5 = 15.318292686 with chi^2 3695.53889302
Minuit succeeded.
1s under jitter 0.5 = 14.9971186152 with chi^2 5061.56950946
Minuit succeeded.
1s under jitter 0.5 = 15.2410728658 with chi^2 4619.84787227
Minuit succeeded.
1s under jitter 0.5 = 15.0194591758 with chi^2 4577.59467997
Minuit succeeded.
1s under jitter 0.5 = 15.7426361891 with chi^2 6570.60590978
VariableMetricBuilder: no improvement
VariableMetricBuilder: machine accuracy limits further improvement.
Minuit succeeded.
1s under jitter 0.5 = 15.5108987296 with chi^2 4406.52638553
Minuit succeeded.
1s under jitter 0.5 = 15.5458415193 with chi^2 5313.92264719
Minuit succeeded.
1s under jitter 0.5 = 14.8270696529 with chi^2 2172.75780539
Minuit succeeded.
1s under jitter 0.5 = 16.7193737362 with chi^2 5674.10810127
Minuit succeeded.
1s under jitter 0.5 = 14.8192972652 with chi^2 5015.84700607
Minuit succeeded.
1s under jitter 0.5 = 14.4942429585 with chi^2 1481.40266017
Minuit succeeded.
1s under jitter 0.5 = 15.9700049012 with chi^2 5009.9304061
Minuit succeeded.
1s under jitter 0.5 = 14.976079403 with chi^2 3883.45209792
Minuit succeeded.
1s under jitter 0.5 = 14.9418426867 with chi^2 3723.53388834
Minuit succeeded.
1s under jitter 0.5 = 15.5656207762 with chi^2 6208.21255217
Minuit succeeded.
1s under jitter 0.5 = 16.5984144236 with chi^2 6314.40040668
Minuit succeeded.
1s under jitter 0.5 = 16.3875076169 with chi^2 8159.38932243
Minuit succeeded.
1s under jitter 0.5 = 15.9848026394 with chi^2 5011.7406017
VariableMetricBuilder: no improvement
VariableMetricBuilder: machine accuracy limits further improvement.
Minuit succeeded.
1s under jitter 0.5 = 15.4041239668 with chi^2 4256.32417156
Minuit succeeded.
1s under jitter 0.5 = 14.3836064964 with chi^2 2378.98653781
Minuit succeeded.
1s under jitter 0.5 = 16.0540157401 with chi^2 6266.81974073
Minuit succeeded.
1s under jitter 0.5 = 14.9920385358 with chi^2 6332.25842557
Minuit succeeded.
1s under jitter 0.5 = 15.9157214933 with chi^2 3921.72364317
Minuit succeeded.
1s under jitter 0.5 = 14.6821995795 with chi^2 4419.52036291
Minuit succeeded.
1s under jitter 0.5 = 15.7538879538 with chi^2 7009.21377809
Minuit succeeded.
1s under jitter 0.5 = 15.6133688993 with chi^2 4751.03258014
Minuit succeeded.
1s under jitter 0.5 = 14.0689575993 with chi^2 2132.57855951
Minuit succeeded.
1s under jitter 0.5 = 15.0468923067 with chi^2 2587.91544399
Minuit succeeded.
1s under jitter 0.5 = 15.4301490567 with chi^2 4931.3513408
VariableMetricBuilder: matrix not pos.def.
gdel > 0: 0.000188015
eigenvalues: 
-2.89458
0.00388096
0.412453
0.725592
0.90742
0.974018
0.983493
1.00305
1.00597
1.00895
1.25937
1.40476
1.60964
1.87893
4.71707
matrix forced pos-def by adding 2.8993 to diagonal
gdel: -0.000137922
Minuit succeeded.
1s under jitter 0.5 = 14.7523669285 with chi^2 5116.65931776
VariableMetricBuilder: matrix not pos.def.
gdel > 0: 0.000106475
negative or zero diagonal element 0 in covariance matrix
negative or zero diagonal element 1 in covariance matrix
added 1.0005 to diagonal of error matrix
gdel: 0.000106475
Minuit succeeded.
1s under jitter 0.5 = 14.4187714547 with chi^2 2710.8817792
VariableMetricBuilder: no improvement
VariableMetricBuilder: machine accuracy limits further improvement.
Minuit succeeded.
1s under jitter 0.5 = 15.2911409858 with chi^2 5093.51731774
Minuit succeeded.
1s under jitter 0.5 = 15.7769340592 with chi^2 5664.26817417
Minuit succeeded.
1s under jitter 0.5 = 16.4498064185 with chi^2 5920.97262453
Minuit succeeded.
1s under jitter 0.5 = 14.760739472 with chi^2 5556.73405678
