Minuit succeeded.
1s under jitter 0.08 = 13.8201398153 with chi^2 579.133623268
Minuit succeeded.
1s under jitter 0.08 = 13.6879560119 with chi^2 540.933674576
Minuit succeeded.
1s under jitter 0.08 = 13.708742257 with chi^2 569.839977535
Minuit succeeded.
1s under jitter 0.08 = 13.7178900158 with chi^2 500.992754223
Minuit succeeded.
1s under jitter 0.08 = 13.7592411975 with chi^2 531.760715302
eigenvalues: 
-0.140282
0.633511
0.827906
1
1
1
1
1
1
1
1
1
1.00161
1.06995
2.60731
matrix forced pos-def by adding 0.14289 to diagonal
MnHesse: matrix is invalid!
MnHesse: matrix is not pos. def.!
MnHesse: matrix was forced pos. def.
FunctionMinimum is invalid.
Minuit failed because covariance is not accurate, and covariance is not positive definite.
1s under jitter 0.08 = 13.7542845335 with chi^2 514.40065683
eigenvalues: 
-0.00299477
0.647428
0.787888
1
1
1
1
1
1
1
1
1
1.00048
1.03063
2.53657
matrix forced pos-def by adding 0.00553133 to diagonal
MnHesse: matrix is invalid!
MnHesse: matrix is not pos. def.!
MnHesse: matrix was forced pos. def.
FunctionMinimum is invalid.
Minuit failed because covariance is not accurate, and covariance is not positive definite.
1s under jitter 0.08 = 13.6750209239 with chi^2 514.229147568
eigenvalues: 
-0.0366499
0.653573
0.796359
1
1
1
1
1
1
1
1
1
1.0005
1.02492
2.5613
matrix forced pos-def by adding 0.0392112 to diagonal
MnHesse: matrix is invalid!
MnHesse: matrix is not pos. def.!
MnHesse: matrix was forced pos. def.
FunctionMinimum is invalid.
Minuit failed because covariance is not accurate, and covariance is not positive definite.
1s under jitter 0.08 = 13.6964979324 with chi^2 530.126450074
eigenvalues: 
-0.000842327
0.639057
0.766314
1
1
1
1
1
1
1
1
1
1.00036
1.02344
2.57167
matrix forced pos-def by adding 0.003414 to diagonal
MnHesse: matrix is invalid!
MnHesse: matrix is not pos. def.!
MnHesse: matrix was forced pos. def.
FunctionMinimum is invalid.
Minuit failed because covariance is not accurate, and covariance is not positive definite.
1s under jitter 0.08 = 13.717275806 with chi^2 526.940561682
Minuit succeeded.
1s under jitter 0.08 = 13.8099180361 with chi^2 547.183029967
Minuit succeeded.
1s under jitter 0.08 = 13.7684137227 with chi^2 538.152345789
Minuit succeeded.
1s under jitter 0.08 = 13.7458658258 with chi^2 518.898256726
Minuit succeeded.
1s under jitter 0.08 = 13.7705646932 with chi^2 531.933126242
eigenvalues: 
-0.0484024
0.560798
0.737554
1
1
1
1
1
1
1
1
1
1.0007
1.05755
2.6918
matrix forced pos-def by adding 0.0510942 to diagonal
MnHesse: matrix is invalid!
MnHesse: matrix is not pos. def.!
MnHesse: matrix was forced pos. def.
FunctionMinimum is invalid.
Minuit failed because covariance is not accurate, and covariance is not positive definite.
1s under jitter 0.08 = 13.7263520633 with chi^2 562.082861229
Minuit succeeded.
1s under jitter 0.08 = 13.7794370265 with chi^2 548.89362701
Minuit succeeded.
1s under jitter 0.08 = 13.7719966437 with chi^2 595.089165894
Minuit succeeded.
1s under jitter 0.08 = 13.7770288643 with chi^2 531.238154804
eigenvalues: 
-0.00641825
0.621501
0.811433
1
1
1
1
1
1
1
1
1
1.00133
1.03149
2.54066
matrix forced pos-def by adding 0.00895892 to diagonal
MnHesse: matrix is invalid!
MnHesse: matrix is not pos. def.!
MnHesse: matrix was forced pos. def.
FunctionMinimum is invalid.
Minuit failed because covariance is not accurate, and covariance is not positive definite.
1s under jitter 0.08 = 13.7628527262 with chi^2 606.84754555
Minuit succeeded.
1s under jitter 0.08 = 13.6943359053 with chi^2 517.610692716
eigenvalues: 
-0.138586
0.542144
0.735759
1
1
1
1
1
1
1
1
1
1.002
1.08437
2.77431
matrix forced pos-def by adding 0.14136 to diagonal
MnHesse: matrix is invalid!
MnHesse: matrix is not pos. def.!
MnHesse: matrix was forced pos. def.
FunctionMinimum is invalid.
Minuit failed because covariance is not accurate, and covariance is not positive definite.
1s under jitter 0.08 = 13.7048206875 with chi^2 526.194606468
Minuit succeeded.
1s under jitter 0.08 = 13.6157336839 with chi^2 525.832840799
Minuit succeeded.
1s under jitter 0.08 = 13.7768018451 with chi^2 502.789991903
Minuit succeeded.
1s under jitter 0.08 = 13.6563017827 with chi^2 577.925271029
Minuit succeeded.
1s under jitter 0.08 = 13.7934495957 with chi^2 530.202641178
Minuit succeeded.
1s under jitter 0.08 = 13.6785954995 with chi^2 499.069413578
Minuit succeeded.
1s under jitter 0.08 = 13.6705666946 with chi^2 505.394953969
Minuit succeeded.
1s under jitter 0.08 = 13.8252388007 with chi^2 581.147138877
Minuit succeeded.
1s under jitter 0.08 = 13.6897893489 with chi^2 595.727013235
Minuit succeeded.
1s under jitter 0.08 = 13.7390446412 with chi^2 546.867480265
Minuit succeeded.
1s under jitter 0.08 = 13.683333713 with chi^2 513.33676096
Minuit succeeded.
1s under jitter 0.08 = 13.7475778377 with chi^2 567.672807719
Minuit succeeded.
1s under jitter 0.08 = 13.7302987891 with chi^2 637.863350098
Minuit succeeded.
1s under jitter 0.08 = 13.6728472675 with chi^2 493.65368657
Minuit succeeded.
1s under jitter 0.08 = 13.7308689035 with chi^2 512.692616729
Minuit succeeded.
1s under jitter 0.08 = 13.7451223772 with chi^2 545.474134475
Minuit succeeded.
1s under jitter 0.08 = 13.7277283257 with chi^2 487.720080062
Minuit succeeded.
1s under jitter 0.08 = 13.7857107403 with chi^2 547.325851832
Minuit succeeded.
1s under jitter 0.08 = 13.7330565093 with chi^2 513.096778369
Minuit succeeded.
1s under jitter 0.08 = 13.7556606155 with chi^2 556.969431587
Minuit succeeded.
1s under jitter 0.08 = 13.6732129859 with chi^2 524.701893786
Minuit succeeded.
1s under jitter 0.08 = 13.7425138207 with chi^2 510.62856336
Minuit succeeded.
1s under jitter 0.08 = 13.7995406514 with chi^2 526.732516313
Minuit succeeded.
1s under jitter 0.08 = 13.7082311964 with chi^2 514.942763631
Minuit succeeded.
1s under jitter 0.08 = 13.7000898875 with chi^2 493.553048224
Minuit succeeded.
1s under jitter 0.08 = 13.6928021299 with chi^2 522.146379607
Minuit succeeded.
1s under jitter 0.08 = 13.7533832734 with chi^2 551.030462828
Minuit succeeded.
1s under jitter 0.08 = 13.6823331524 with chi^2 518.18173877
eigenvalues: 
-0.000544956
0.640158
0.787168
1
1
1
1
1
1
1
1
1
1.00076
1.03704
2.53541
matrix forced pos-def by adding 0.00308037 to diagonal
MnHesse: matrix is invalid!
MnHesse: matrix is not pos. def.!
MnHesse: matrix was forced pos. def.
FunctionMinimum is invalid.
Minuit failed because covariance is not accurate, and covariance is not positive definite.
1s under jitter 0.08 = 13.7314964648 with chi^2 524.357572735
Minuit succeeded.
1s under jitter 0.08 = 13.6964522905 with chi^2 557.995455949
eigenvalues: 
-0.00139605
0.613632
0.745749
1
1
1
1
1
1
1
1
1
1.00101
1.04156
2.59944
matrix forced pos-def by adding 0.00399549 to diagonal
MnHesse: matrix is invalid!
MnHesse: matrix is not pos. def.!
MnHesse: matrix was forced pos. def.
FunctionMinimum is invalid.
Minuit failed because covariance is not accurate, and covariance is not positive definite.
1s under jitter 0.08 = 13.6719827227 with chi^2 544.384466771
Minuit succeeded.
1s under jitter 0.08 = 13.7086918031 with chi^2 532.557428334
VariableMetricBuilder: no improvement
VariableMetricBuilder: machine accuracy limits further improvement.
Minuit succeeded.
1s under jitter 0.08 = 13.8116365741 with chi^2 528.657421147
Minuit succeeded.
1s under jitter 0.08 = 13.7380384824 with chi^2 509.020538946
Minuit succeeded.
1s under jitter 0.08 = 13.7690564413 with chi^2 522.811427294
Minuit succeeded.
1s under jitter 0.08 = 13.7923393907 with chi^2 611.690371627
Minuit succeeded.
1s under jitter 0.08 = 13.7766574094 with chi^2 580.266166082
Minuit succeeded.
1s under jitter 0.08 = 13.7014393459 with chi^2 528.696003224
Minuit succeeded.
1s under jitter 0.08 = 13.7647255106 with chi^2 544.988293636
Minuit succeeded.
1s under jitter 0.08 = 13.7300307581 with chi^2 541.616048642
Minuit succeeded.
1s under jitter 0.08 = 13.7664521775 with chi^2 602.784465695
Minuit succeeded.
1s under jitter 0.08 = 13.7917434641 with chi^2 594.036717905
VariableMetricBuilder: matrix not pos.def.
edm < 0
negative or zero diagonal element 1 in covariance matrix
added 1.00003 to diagonal of error matrix
Minuit succeeded.
1s under jitter 0.08 = 13.7212964789 with chi^2 528.315478423
Minuit succeeded.
1s under jitter 0.08 = 13.7630010348 with chi^2 551.50354951
Minuit succeeded.
1s under jitter 0.08 = 13.6747497737 with chi^2 505.390319736
Minuit succeeded.
1s under jitter 0.08 = 13.7986476504 with chi^2 510.107061006
Minuit succeeded.
1s under jitter 0.08 = 13.7693293434 with chi^2 535.626714527
Minuit succeeded.
1s under jitter 0.08 = 13.7337493912 with chi^2 555.4193587
Minuit succeeded.
1s under jitter 0.08 = 13.7271304358 with chi^2 526.108387784
Minuit succeeded.
1s under jitter 0.08 = 13.7380757248 with chi^2 553.960108059
Minuit succeeded.
1s under jitter 0.08 = 13.6181868462 with chi^2 533.991881077
Minuit succeeded.
1s under jitter 0.08 = 13.7937027083 with chi^2 518.244992888
Minuit succeeded.
1s under jitter 0.08 = 13.7578935745 with chi^2 519.29173458
VariableMetricBuilder: matrix not pos.def.
gdel > 0: 5.23187e-06
negative or zero diagonal element 0 in covariance matrix
negative or zero diagonal element 1 in covariance matrix
added 1.0002 to diagonal of error matrix
gdel: 5.23187e-06
Minuit succeeded.
1s under jitter 0.08 = 13.7369436422 with chi^2 520.421045867
eigenvalues: 
-0.0525381
0.659433
0.849907
1
1
1
1
1
1
1
1
1
1.00205
1.0374
2.50375
matrix forced pos-def by adding 0.0550419 to diagonal
MnHesse: matrix is invalid!
MnHesse: matrix is not pos. def.!
MnHesse: matrix was forced pos. def.
FunctionMinimum is invalid.
Minuit failed because covariance is not accurate, and covariance is not positive definite.
1s under jitter 0.08 = 13.759979345 with chi^2 714.426463711
Minuit succeeded.
1s under jitter 0.08 = 13.7381608515 with chi^2 542.434316971
Minuit succeeded.
1s under jitter 0.08 = 13.7021897463 with chi^2 530.315717175
Minuit succeeded.
1s under jitter 0.08 = 13.6601925699 with chi^2 536.512577183
Minuit succeeded.
1s under jitter 0.08 = 13.6749767183 with chi^2 541.603552106
VariableMetricBuilder: no improvement
VariableMetricBuilder: machine accuracy limits further improvement.
Minuit succeeded.
1s under jitter 0.08 = 13.7231659722 with chi^2 585.460336031
eigenvalues: 
-0.12908
0.630718
0.737598
1
1
1
1
1
1
1
1
1
1.0014
1.04415
2.71522
matrix forced pos-def by adding 0.131795 to diagonal
MnHesse: matrix is invalid!
MnHesse: matrix is not pos. def.!
MnHesse: matrix was forced pos. def.
FunctionMinimum is invalid.
Minuit failed because covariance is not accurate, and covariance is not positive definite.
1s under jitter 0.08 = 13.703197262 with chi^2 529.179197939
Minuit succeeded.
1s under jitter 0.08 = 13.751734283 with chi^2 521.947651604
Minuit succeeded.
1s under jitter 0.08 = 13.7672683329 with chi^2 525.989962878
Minuit succeeded.
1s under jitter 0.08 = 13.7508293793 with chi^2 535.359099224
Minuit succeeded.
1s under jitter 0.08 = 13.6512851528 with chi^2 519.292834602
Minuit succeeded.
1s under jitter 0.08 = 13.7055837483 with chi^2 559.02125527
Minuit succeeded.
1s under jitter 0.08 = 13.7255335019 with chi^2 517.518154856
Minuit succeeded.
1s under jitter 0.08 = 13.7652499045 with chi^2 568.211429168
Minuit succeeded.
1s under jitter 0.08 = 13.846334218 with chi^2 569.189414387
Minuit succeeded.
1s under jitter 0.08 = 13.8029555041 with chi^2 585.138388343
VariableMetricBuilder: matrix not pos.def.
gdel > 0: 3.33839e-05
negative or zero diagonal element 0 in covariance matrix
negative or zero diagonal element 1 in covariance matrix
negative or zero diagonal element 6 in covariance matrix
negative or zero diagonal element 8 in covariance matrix
added 1.00027 to diagonal of error matrix
gdel: 3.33839e-05
Minuit succeeded.
1s under jitter 0.08 = 13.6878924249 with chi^2 534.93494774
Minuit succeeded.
1s under jitter 0.08 = 13.7445568491 with chi^2 557.474067681
Minuit succeeded.
1s under jitter 0.08 = 13.761900734 with chi^2 526.823987078
Minuit succeeded.
1s under jitter 0.08 = 13.7160933846 with chi^2 591.637424668
Minuit succeeded.
1s under jitter 0.08 = 13.6620833011 with chi^2 643.60982364
Minuit succeeded.
1s under jitter 0.08 = 13.8007598238 with chi^2 520.239272059
Minuit succeeded.
1s under jitter 0.08 = 13.7048229798 with chi^2 527.36489247
Minuit succeeded.
1s under jitter 0.08 = 13.7410636844 with chi^2 539.73257268
Minuit succeeded.
1s under jitter 0.08 = 13.7070058454 with chi^2 554.590431723
VariableMetricBuilder: matrix not pos.def.
gdel > 0: 5.50357e-05
negative or zero diagonal element 0 in covariance matrix
negative or zero diagonal element 1 in covariance matrix
added 1.00357 to diagonal of error matrix
gdel: 5.50357e-05
Minuit succeeded.
1s under jitter 0.08 = 13.7184054969 with chi^2 561.75434082
Minuit succeeded.
1s under jitter 0.08 = 13.6811908511 with chi^2 525.013146337
