Minuit succeeded.
1s under jitter 0.04 = 13.7156006956 with chi^2 509.500322834
Minuit succeeded.
1s under jitter 0.04 = 13.7454937142 with chi^2 528.413472501
Minuit succeeded.
1s under jitter 0.04 = 13.7175009101 with chi^2 505.470009189
Minuit succeeded.
1s under jitter 0.04 = 13.6988844309 with chi^2 499.461611816
Minuit succeeded.
1s under jitter 0.04 = 13.6985000346 with chi^2 510.069255448
VariableMetricBuilder: matrix not pos.def.
gdel > 0: 2.49e-06
negative or zero diagonal element 1 in covariance matrix
added 1.00001 to diagonal of error matrix
gdel: 2.49e-06
Minuit succeeded.
1s under jitter 0.04 = 13.7164275341 with chi^2 510.423475035
Minuit succeeded.
1s under jitter 0.04 = 13.6744388762 with chi^2 515.003258391
Minuit succeeded.
1s under jitter 0.04 = 13.7305732033 with chi^2 530.4235338
Minuit succeeded.
1s under jitter 0.04 = 13.7359470961 with chi^2 550.140716674
Minuit succeeded.
1s under jitter 0.04 = 13.7025599432 with chi^2 525.660177699
Minuit succeeded.
1s under jitter 0.04 = 13.7150806926 with chi^2 502.097045543
eigenvalues: 
-0.00281632
0.645174
0.818568
1
1
1
1
1
1
1
1
1
1.00093
1.03673
2.50141
matrix forced pos-def by adding 0.00531773 to diagonal
MnHesse: matrix is invalid!
MnHesse: matrix is not pos. def.!
MnHesse: matrix was forced pos. def.
FunctionMinimum is invalid.
Minuit failed because covariance is not accurate, and covariance is not positive definite.
1s under jitter 0.04 = 13.7221964484 with chi^2 516.827219324
Minuit succeeded.
1s under jitter 0.04 = 13.6981994019 with chi^2 501.504003052
Minuit succeeded.
1s under jitter 0.04 = 13.7068527775 with chi^2 501.734430763
Minuit succeeded.
1s under jitter 0.04 = 13.6789412435 with chi^2 495.553441056
Minuit succeeded.
1s under jitter 0.04 = 13.7804979811 with chi^2 541.334554347
Minuit succeeded.
1s under jitter 0.04 = 13.755479585 with chi^2 527.265215152
Minuit succeeded.
1s under jitter 0.04 = 13.7283739177 with chi^2 503.305687228
Minuit succeeded.
1s under jitter 0.04 = 13.6960860227 with chi^2 525.68481267
Minuit succeeded.
1s under jitter 0.04 = 13.6878832056 with chi^2 514.900400276
Minuit succeeded.
1s under jitter 0.04 = 13.7143502183 with chi^2 524.194754296
Minuit succeeded.
1s under jitter 0.04 = 13.7204553855 with chi^2 516.14121595
Minuit succeeded.
1s under jitter 0.04 = 13.6994551062 with chi^2 503.374958534
Minuit succeeded.
1s under jitter 0.04 = 13.7014299151 with chi^2 511.900906622
Minuit succeeded.
1s under jitter 0.04 = 13.7315015934 with chi^2 508.441720566
Minuit succeeded.
1s under jitter 0.04 = 13.7093107492 with chi^2 509.413168206
Minuit succeeded.
1s under jitter 0.04 = 13.6782123372 with chi^2 488.110421209
VariableMetricBuilder: no improvement
VariableMetricBuilder: machine accuracy limits further improvement.
Minuit succeeded.
1s under jitter 0.04 = 13.7145595292 with chi^2 541.394106518
Minuit succeeded.
1s under jitter 0.04 = 13.7176584282 with chi^2 523.982037503
Minuit succeeded.
1s under jitter 0.04 = 13.7167286063 with chi^2 541.066724238
Minuit succeeded.
1s under jitter 0.04 = 13.7036604001 with chi^2 528.709171785
Minuit succeeded.
1s under jitter 0.04 = 13.7510324036 with chi^2 525.979624235
Minuit succeeded.
1s under jitter 0.04 = 13.7184825798 with chi^2 495.009685529
Minuit succeeded.
1s under jitter 0.04 = 13.7045514847 with chi^2 486.525490932
Minuit succeeded.
1s under jitter 0.04 = 13.7813890618 with chi^2 546.935017458
Minuit succeeded.
1s under jitter 0.04 = 13.7056776855 with chi^2 499.614041488
Minuit succeeded.
1s under jitter 0.04 = 13.7235110392 with chi^2 494.495372785
Minuit succeeded.
1s under jitter 0.04 = 13.7078142073 with chi^2 526.576376976
eigenvalues: 
-0.0128417
0.62646
0.784963
1
1
1
1
1
1
1
1
1
1.00253
1.03807
2.56082
matrix forced pos-def by adding 0.0154025 to diagonal
MnHesse: matrix is invalid!
MnHesse: matrix is not pos. def.!
MnHesse: matrix was forced pos. def.
FunctionMinimum is invalid.
Minuit failed because covariance is not accurate, and covariance is not positive definite.
1s under jitter 0.04 = 13.7364873904 with chi^2 514.216629806
Minuit succeeded.
1s under jitter 0.04 = 13.7154566744 with chi^2 482.027443298
Minuit succeeded.
1s under jitter 0.04 = 13.7145474554 with chi^2 513.334622232
Minuit succeeded.
1s under jitter 0.04 = 13.7004043412 with chi^2 505.576099433
Minuit succeeded.
1s under jitter 0.04 = 13.6917130845 with chi^2 499.799866612
Minuit succeeded.
1s under jitter 0.04 = 13.7091103967 with chi^2 501.41249085
Minuit succeeded.
1s under jitter 0.04 = 13.7297527079 with chi^2 532.198643725
Minuit succeeded.
1s under jitter 0.04 = 13.7468365339 with chi^2 519.887008481
Minuit succeeded.
1s under jitter 0.04 = 13.7307335955 with chi^2 488.415208916
eigenvalues: 
-0.0359966
0.647625
0.79701
1
1
1
1
1
1
1
1
1
1.00116
1.02961
2.56058
matrix forced pos-def by adding 0.0385572 to diagonal
MnHesse: matrix is invalid!
MnHesse: matrix is not pos. def.!
MnHesse: matrix was forced pos. def.
FunctionMinimum is invalid.
Minuit failed because covariance is not accurate, and covariance is not positive definite.
1s under jitter 0.04 = 13.7390098537 with chi^2 535.958890485
Minuit succeeded.
1s under jitter 0.04 = 13.7234079094 with chi^2 507.445083932
eigenvalues: 
-0.0603846
0.615952
0.780449
1
1
1
1
1
1
1
1
1
1.0011
1.04127
2.62161
matrix forced pos-def by adding 0.0630062 to diagonal
MnHesse: matrix is invalid!
MnHesse: matrix is not pos. def.!
MnHesse: matrix was forced pos. def.
FunctionMinimum is invalid.
Minuit failed because covariance is not accurate, and covariance is not positive definite.
1s under jitter 0.04 = 13.6956794111 with chi^2 510.341807509
Minuit succeeded.
1s under jitter 0.04 = 13.7413654575 with chi^2 514.441666238
Minuit succeeded.
1s under jitter 0.04 = 13.6697807844 with chi^2 531.233885468
VariableMetricBuilder: matrix not pos.def.
gdel > 0: 6.1886e-05
negative or zero diagonal element 0 in covariance matrix
negative or zero diagonal element 1 in covariance matrix
added 1.00751 to diagonal of error matrix
gdel: 6.1886e-05
Minuit succeeded.
1s under jitter 0.04 = 13.6959632383 with chi^2 527.900807609
Minuit succeeded.
1s under jitter 0.04 = 13.681210485 with chi^2 484.651232157
Minuit succeeded.
1s under jitter 0.04 = 13.7219627023 with chi^2 548.550889581
Minuit succeeded.
1s under jitter 0.04 = 13.7020652441 with chi^2 523.301645465
Minuit succeeded.
1s under jitter 0.04 = 13.7090552049 with chi^2 511.963836676
Minuit succeeded.
1s under jitter 0.04 = 13.7067979476 with chi^2 538.479948727
Minuit succeeded.
1s under jitter 0.04 = 13.719666069 with chi^2 517.219812212
Minuit succeeded.
1s under jitter 0.04 = 13.689689738 with chi^2 500.526403157
Minuit succeeded.
1s under jitter 0.04 = 13.7090702076 with chi^2 525.123009966
Minuit succeeded.
1s under jitter 0.04 = 13.7143399492 with chi^2 522.447640014
Minuit succeeded.
1s under jitter 0.04 = 13.6840332338 with chi^2 514.249237408
Minuit succeeded.
1s under jitter 0.04 = 13.7043477349 with chi^2 501.893333664
Minuit succeeded.
1s under jitter 0.04 = 13.6821852231 with chi^2 492.617500641
Minuit succeeded.
1s under jitter 0.04 = 13.693333478 with chi^2 525.747867574
Minuit succeeded.
1s under jitter 0.04 = 13.7434869046 with chi^2 496.700314179
Minuit succeeded.
1s under jitter 0.04 = 13.7004645845 with chi^2 509.209782757
Minuit succeeded.
1s under jitter 0.04 = 13.6964324791 with chi^2 503.728099787
Minuit succeeded.
1s under jitter 0.04 = 13.6908507497 with chi^2 527.364203685
Minuit succeeded.
1s under jitter 0.04 = 13.7176299162 with chi^2 501.864265868
Minuit succeeded.
1s under jitter 0.04 = 13.7257688912 with chi^2 508.513075817
VariableMetricBuilder: matrix not pos.def.
gdel > 0: 4.62168e-05
negative or zero diagonal element 0 in covariance matrix
negative or zero diagonal element 1 in covariance matrix
added 1.00208 to diagonal of error matrix
gdel: 4.62168e-05
Minuit succeeded.
1s under jitter 0.04 = 13.6894383047 with chi^2 536.131995359
Minuit succeeded.
1s under jitter 0.04 = 13.7433853917 with chi^2 511.473726775
Minuit succeeded.
1s under jitter 0.04 = 13.708775608 with chi^2 546.738687048
Minuit succeeded.
1s under jitter 0.04 = 13.7513716177 with chi^2 505.060211942
Minuit succeeded.
1s under jitter 0.04 = 13.720402417 with chi^2 508.339007825
Minuit succeeded.
1s under jitter 0.04 = 13.6986208631 with chi^2 511.738856592
Minuit succeeded.
1s under jitter 0.04 = 13.6918773095 with chi^2 523.442561948
Minuit succeeded.
1s under jitter 0.04 = 13.7791735809 with chi^2 527.666037294
eigenvalues: 
-0.00667136
0.656491
0.898095
1
1
1
1
1
1
1
1
1
1.00187
1.05153
2.39869
matrix forced pos-def by adding 0.00907004 to diagonal
MnHesse: matrix is invalid!
MnHesse: matrix is not pos. def.!
MnHesse: matrix was forced pos. def.
FunctionMinimum is invalid.
Minuit failed because covariance is not accurate, and covariance is not positive definite.
1s under jitter 0.04 = 13.7049067612 with chi^2 532.126193795
Minuit succeeded.
1s under jitter 0.04 = 13.6880089928 with chi^2 503.410512871
Minuit succeeded.
1s under jitter 0.04 = 13.7102144956 with chi^2 514.755754889
Minuit succeeded.
1s under jitter 0.04 = 13.7342484436 with chi^2 497.75260701
Minuit succeeded.
1s under jitter 0.04 = 13.7136775083 with chi^2 509.28929886
Minuit succeeded.
1s under jitter 0.04 = 13.7134387017 with chi^2 528.19082272
Minuit succeeded.
1s under jitter 0.04 = 13.6976568879 with chi^2 530.724651421
Minuit succeeded.
1s under jitter 0.04 = 13.6824099904 with chi^2 497.164535916
Minuit succeeded.
1s under jitter 0.04 = 13.7277038168 with chi^2 506.295497489
Minuit succeeded.
1s under jitter 0.04 = 13.727550174 with chi^2 512.80689993
Minuit succeeded.
1s under jitter 0.04 = 13.7021612531 with chi^2 529.325792191
Minuit succeeded.
1s under jitter 0.04 = 13.7074127322 with chi^2 505.793917818
Minuit succeeded.
1s under jitter 0.04 = 13.7111928528 with chi^2 503.676104932
eigenvalues: 
-0.0320463
0.641012
0.824725
1
1
1
1
1
1
1
1
1
1.00073
1.0557
2.50987
matrix forced pos-def by adding 0.0345562 to diagonal
MnHesse: matrix is invalid!
MnHesse: matrix is not pos. def.!
MnHesse: matrix was forced pos. def.
FunctionMinimum is invalid.
Minuit failed because covariance is not accurate, and covariance is not positive definite.
1s under jitter 0.04 = 13.6892292854 with chi^2 496.333075502
Minuit succeeded.
1s under jitter 0.04 = 13.7389694785 with chi^2 525.294382743
Minuit succeeded.
1s under jitter 0.04 = 13.7082235222 with chi^2 515.679644838
Minuit succeeded.
1s under jitter 0.04 = 13.7263673299 with chi^2 509.863653322
Minuit succeeded.
1s under jitter 0.04 = 13.7165159237 with chi^2 527.014865308
Minuit succeeded.
1s under jitter 0.04 = 13.7670429854 with chi^2 520.643449261
eigenvalues: 
-0.0085967
0.646802
0.780686
1
1
1
1
1
1
1
1
1
1.00034
1.02389
2.55687
matrix forced pos-def by adding 0.0111536 to diagonal
MnHesse: matrix is invalid!
MnHesse: matrix is not pos. def.!
MnHesse: matrix was forced pos. def.
FunctionMinimum is invalid.
Minuit failed because covariance is not accurate, and covariance is not positive definite.
1s under jitter 0.04 = 13.705191839 with chi^2 517.623237286
