Minuit succeeded.
1s under jitter 0.03 = 13.70003716 with chi^2 510.479686104
Minuit succeeded.
1s under jitter 0.03 = 13.6919478497 with chi^2 518.853045466
Minuit succeeded.
1s under jitter 0.03 = 13.7304599867 with chi^2 533.178638136
Minuit succeeded.
1s under jitter 0.03 = 13.7111672237 with chi^2 497.336031214
Minuit succeeded.
1s under jitter 0.03 = 13.673748153 with chi^2 533.226372788
Minuit succeeded.
1s under jitter 0.03 = 13.7190595195 with chi^2 531.995137609
VariableMetricBuilder: no improvement
VariableMetricBuilder: machine accuracy limits further improvement.
Minuit succeeded.
1s under jitter 0.03 = 13.6890950791 with chi^2 515.74753063
Minuit succeeded.
1s under jitter 0.03 = 13.6892262664 with chi^2 500.882138463
Minuit succeeded.
1s under jitter 0.03 = 13.6991932984 with chi^2 503.541619995
Minuit succeeded.
1s under jitter 0.03 = 13.7290159847 with chi^2 508.977897929
eigenvalues: 
-0.0193661
0.660316
0.896055
1
1
1
1
1
1
1
1
1
1.00054
1.03464
2.42782
matrix forced pos-def by adding 0.0217939 to diagonal
MnHesse: matrix is invalid!
MnHesse: matrix is not pos. def.!
MnHesse: matrix was forced pos. def.
FunctionMinimum is invalid.
Minuit failed because covariance is not accurate, and covariance is not positive definite.
1s under jitter 0.03 = 13.7005307771 with chi^2 534.342795724
eigenvalues: 
-0.0181129
0.643982
0.79047
1
1
1
1
1
1
1
1
1
1.00295
1.04663
2.53408
matrix forced pos-def by adding 0.0206469 to diagonal
MnHesse: matrix is invalid!
MnHesse: matrix is not pos. def.!
MnHesse: matrix was forced pos. def.
FunctionMinimum is invalid.
Minuit failed because covariance is not accurate, and covariance is not positive definite.
1s under jitter 0.03 = 13.7262709326 with chi^2 505.202353726
Minuit succeeded.
1s under jitter 0.03 = 13.7061751659 with chi^2 488.971316105
Minuit succeeded.
1s under jitter 0.03 = 13.7303266422 with chi^2 526.597783842
Minuit succeeded.
1s under jitter 0.03 = 13.6752184537 with chi^2 528.614401779
Minuit succeeded.
1s under jitter 0.03 = 13.7029169079 with chi^2 514.454933306
Minuit succeeded.
1s under jitter 0.03 = 13.6920661473 with chi^2 499.545645261
Minuit succeeded.
1s under jitter 0.03 = 13.6983368206 with chi^2 504.118952726
eigenvalues: 
-0.0487102
0.629185
0.746653
1
1
1
1
1
1
1
1
1
1.00121
1.03326
2.6384
matrix forced pos-def by adding 0.0513486 to diagonal
MnHesse: matrix is invalid!
MnHesse: matrix is not pos. def.!
MnHesse: matrix was forced pos. def.
FunctionMinimum is invalid.
Minuit failed because covariance is not accurate, and covariance is not positive definite.
1s under jitter 0.03 = 13.7474908507 with chi^2 518.985745575
Minuit succeeded.
1s under jitter 0.03 = 13.7354589448 with chi^2 515.340245282
Minuit succeeded.
1s under jitter 0.03 = 13.696441007 with chi^2 516.627058086
eigenvalues: 
-0.00640148
0.600952
0.777858
1
1
1
1
1
1
1
1
1
1.00132
1.05102
2.57525
matrix forced pos-def by adding 0.00897674 to diagonal
MnHesse: matrix is invalid!
MnHesse: matrix is not pos. def.!
MnHesse: matrix was forced pos. def.
FunctionMinimum is invalid.
Minuit failed because covariance is not accurate, and covariance is not positive definite.
1s under jitter 0.03 = 13.6985299957 with chi^2 526.354560442
Minuit succeeded.
1s under jitter 0.03 = 13.716065899 with chi^2 523.677975267
eigenvalues: 
-0.0231503
0.637279
0.814992
1
1
1
1
1
1
1
1
1
1.00175
1.03937
2.52976
matrix forced pos-def by adding 0.02568 to diagonal
MnHesse: matrix is invalid!
MnHesse: matrix is not pos. def.!
MnHesse: matrix was forced pos. def.
FunctionMinimum is invalid.
Minuit failed because covariance is not accurate, and covariance is not positive definite.
1s under jitter 0.03 = 13.6764974024 with chi^2 515.08007918
Minuit succeeded.
1s under jitter 0.03 = 13.7124556351 with chi^2 496.628022485
Minuit succeeded.
1s under jitter 0.03 = 13.7010600951 with chi^2 518.009635573
Minuit succeeded.
1s under jitter 0.03 = 13.7157230699 with chi^2 527.256689717
Minuit succeeded.
1s under jitter 0.03 = 13.6849142071 with chi^2 514.519364444
VariableMetricBuilder: no improvement
VariableMetricBuilder: machine accuracy limits further improvement.
eigenvalues: 
-0.00124699
0.649137
0.860637
1
1
1
1
1
1
1
1
1
1.00214
1.05665
2.43268
matrix forced pos-def by adding 0.00367966 to diagonal
MnHesse: matrix is invalid!
MnHesse: matrix is not pos. def.!
MnHesse: matrix was forced pos. def.
FunctionMinimum is invalid.
Minuit failed because covariance is not accurate, and covariance is not positive definite.
1s under jitter 0.03 = 13.6987054254 with chi^2 494.975664038
Minuit succeeded.
1s under jitter 0.03 = 13.6955824412 with chi^2 511.248255207
Minuit succeeded.
1s under jitter 0.03 = 13.736188292 with chi^2 516.599446902
eigenvalues: 
-0.0670838
0.573663
0.787291
1
1
1
1
1
1
1
1
1
1.00123
1.05492
2.64998
matrix forced pos-def by adding 0.0697337 to diagonal
MnHesse: matrix is invalid!
MnHesse: matrix is not pos. def.!
MnHesse: matrix was forced pos. def.
FunctionMinimum is invalid.
Minuit failed because covariance is not accurate, and covariance is not positive definite.
1s under jitter 0.03 = 13.7295783326 with chi^2 514.14937677
Minuit succeeded.
1s under jitter 0.03 = 13.7272167609 with chi^2 520.543776124
Minuit succeeded.
1s under jitter 0.03 = 13.66344236 with chi^2 519.464848443
Minuit succeeded.
1s under jitter 0.03 = 13.7100365789 with chi^2 519.019859366
Minuit succeeded.
1s under jitter 0.03 = 13.7083925709 with chi^2 503.241736721
Minuit succeeded.
1s under jitter 0.03 = 13.7084027379 with chi^2 501.772495429
Minuit succeeded.
1s under jitter 0.03 = 13.6987417203 with chi^2 519.014702792
eigenvalues: 
-0.050338
0.609249
0.795767
1
1
1
1
1
1
1
1
1
1.00208
1.08024
2.56301
matrix forced pos-def by adding 0.0529011 to diagonal
MnHesse: matrix is invalid!
MnHesse: matrix is not pos. def.!
MnHesse: matrix was forced pos. def.
FunctionMinimum is invalid.
Minuit failed because covariance is not accurate, and covariance is not positive definite.
1s under jitter 0.03 = 13.7050316028 with chi^2 493.819963535
Minuit succeeded.
1s under jitter 0.03 = 13.7041340281 with chi^2 491.807991577
Minuit succeeded.
1s under jitter 0.03 = 13.6943716836 with chi^2 503.851079237
Minuit succeeded.
1s under jitter 0.03 = 13.7118910683 with chi^2 504.043648542
Minuit succeeded.
1s under jitter 0.03 = 13.7023160586 with chi^2 512.000161746
Minuit succeeded.
1s under jitter 0.03 = 13.6940420787 with chi^2 511.451358271
Minuit succeeded.
1s under jitter 0.03 = 13.7414111684 with chi^2 509.626248819
Minuit succeeded.
1s under jitter 0.03 = 13.7030576014 with chi^2 504.124397076
Minuit succeeded.
1s under jitter 0.03 = 13.7484479958 with chi^2 534.816557565
eigenvalues: 
-0.026393
0.660753
0.903173
1
1
1
1
1
1
1
1
1
1.0029
1.05011
2.40946
matrix forced pos-def by adding 0.0288025 to diagonal
MnHesse: matrix is invalid!
MnHesse: matrix is not pos. def.!
MnHesse: matrix was forced pos. def.
FunctionMinimum is invalid.
Minuit failed because covariance is not accurate, and covariance is not positive definite.
1s under jitter 0.03 = 13.6905864181 with chi^2 493.645661149
Minuit succeeded.
1s under jitter 0.03 = 13.7376887732 with chi^2 516.529189525
Minuit succeeded.
1s under jitter 0.03 = 13.7075183062 with chi^2 496.943307439
VariableMetricBuilder: no improvement
Minuit succeeded.
1s under jitter 0.03 = 13.7079667493 with chi^2 538.073573084
Minuit succeeded.
1s under jitter 0.03 = 13.6872848168 with chi^2 515.689430453
Minuit succeeded.
1s under jitter 0.03 = 13.6947372822 with chi^2 512.201317558
Minuit succeeded.
1s under jitter 0.03 = 13.7432721019 with chi^2 513.886492943
Minuit succeeded.
1s under jitter 0.03 = 13.7033903221 with chi^2 500.595042029
Minuit succeeded.
1s under jitter 0.03 = 13.7057475404 with chi^2 507.425963441
Minuit succeeded.
1s under jitter 0.03 = 13.6975287843 with chi^2 511.836512124
Minuit succeeded.
1s under jitter 0.03 = 13.71466208 with chi^2 507.146911366
Minuit succeeded.
1s under jitter 0.03 = 13.7331498478 with chi^2 524.958752594
Minuit succeeded.
1s under jitter 0.03 = 13.7030173722 with chi^2 516.832294547
Minuit succeeded.
1s under jitter 0.03 = 13.7101181847 with chi^2 509.445035215
eigenvalues: 
-0.0357962
0.624854
0.785487
1
1
1
1
1
1
1
1
1
1.00129
1.05753
2.56663
matrix forced pos-def by adding 0.0383628 to diagonal
MnHesse: matrix is invalid!
MnHesse: matrix is not pos. def.!
MnHesse: matrix was forced pos. def.
FunctionMinimum is invalid.
Minuit failed because covariance is not accurate, and covariance is not positive definite.
1s under jitter 0.03 = 13.7096928451 with chi^2 504.209657793
Minuit succeeded.
1s under jitter 0.03 = 13.7067442778 with chi^2 504.013728264
Minuit succeeded.
1s under jitter 0.03 = 13.7040525927 with chi^2 502.162527578
Minuit succeeded.
1s under jitter 0.03 = 13.7506570381 with chi^2 515.533470657
eigenvalues: 
-0.00699337
0.641318
0.772123
1
1
1
1
1
1
1
1
1
1.00121
1.03386
2.55849
matrix forced pos-def by adding 0.00955186 to diagonal
MnHesse: matrix is invalid!
MnHesse: matrix is not pos. def.!
MnHesse: matrix was forced pos. def.
FunctionMinimum is invalid.
Minuit failed because covariance is not accurate, and covariance is not positive definite.
1s under jitter 0.03 = 13.6935498602 with chi^2 507.127647814
Minuit succeeded.
1s under jitter 0.03 = 13.6970572032 with chi^2 514.970007272
Minuit succeeded.
1s under jitter 0.03 = 13.7043338619 with chi^2 503.803840553
Minuit succeeded.
1s under jitter 0.03 = 13.7059475731 with chi^2 531.88763243
Minuit succeeded.
1s under jitter 0.03 = 13.725897676 with chi^2 518.562755949
Minuit succeeded.
1s under jitter 0.03 = 13.6833027049 with chi^2 517.495564802
Minuit succeeded.
1s under jitter 0.03 = 13.6931331736 with chi^2 501.605306474
Minuit succeeded.
1s under jitter 0.03 = 13.7116277587 with chi^2 523.39241094
Minuit succeeded.
1s under jitter 0.03 = 13.7127355879 with chi^2 520.197405555
Minuit succeeded.
1s under jitter 0.03 = 13.6774653669 with chi^2 509.040574482
Minuit succeeded.
1s under jitter 0.03 = 13.7151328791 with chi^2 508.981581364
eigenvalues: 
-0.0628764
0.628693
0.808081
1
1
1
1
1
1
1
1
1
1.00027
1.03488
2.59095
matrix forced pos-def by adding 0.0654673 to diagonal
MnHesse: matrix is invalid!
MnHesse: matrix is not pos. def.!
MnHesse: matrix was forced pos. def.
FunctionMinimum is invalid.
Minuit failed because covariance is not accurate, and covariance is not positive definite.
1s under jitter 0.03 = 13.7175209014 with chi^2 499.693870188
Minuit succeeded.
1s under jitter 0.03 = 13.723149508 with chi^2 518.453072982
Minuit succeeded.
1s under jitter 0.03 = 13.7067959304 with chi^2 529.236344443
Minuit succeeded.
1s under jitter 0.03 = 13.7099649458 with chi^2 522.373814181
Minuit succeeded.
1s under jitter 0.03 = 13.7199601318 with chi^2 518.992265683
eigenvalues: 
-0.00197447
0.6223
0.751932
1
1
1
1
1
1
1
1
1
1.00073
1.05662
2.57039
matrix forced pos-def by adding 0.00454486 to diagonal
MnHesse: matrix is invalid!
MnHesse: matrix is not pos. def.!
MnHesse: matrix was forced pos. def.
FunctionMinimum is invalid.
Minuit failed because covariance is not accurate, and covariance is not positive definite.
1s under jitter 0.03 = 13.6891253103 with chi^2 509.139948205
Minuit succeeded.
1s under jitter 0.03 = 13.693771656 with chi^2 512.56269557
Minuit succeeded.
1s under jitter 0.03 = 13.710975071 with chi^2 510.838970036
Minuit succeeded.
1s under jitter 0.03 = 13.7324910622 with chi^2 507.417804959
VariableMetricBuilder: no improvement
VariableMetricBuilder: machine accuracy limits further improvement.
Minuit succeeded.
1s under jitter 0.03 = 13.7383238259 with chi^2 509.396491225
Minuit succeeded.
1s under jitter 0.03 = 13.6921407241 with chi^2 509.034819906
eigenvalues: 
-0.196646
0.616781
0.794082
1
1
1
1
1
1
1
1
1
1.00197
1.07861
2.7052
matrix forced pos-def by adding 0.199351 to diagonal
MnHesse: matrix is invalid!
MnHesse: matrix is not pos. def.!
MnHesse: matrix was forced pos. def.
FunctionMinimum is invalid.
Minuit failed because covariance is not accurate, and covariance is not positive definite.
1s under jitter 0.03 = 13.7014921207 with chi^2 515.351856684
Minuit succeeded.
1s under jitter 0.03 = 13.7121818411 with chi^2 511.992886559
Minuit succeeded.
1s under jitter 0.03 = 13.707628758 with chi^2 515.434574358
Minuit succeeded.
1s under jitter 0.03 = 13.6962484596 with chi^2 506.662991852
VariableMetricBuilder: matrix not pos.def.
gdel > 0: 1.42246e-05
eigenvalues: 
-2.53196
0.221951
0.475269
0.95431
0.999663
1.02961
1.04622
1.06406
1.08132
1.12146
1.1701
1.2771
1.45427
2.02017
3.61645
matrix forced pos-def by adding 2.53558 to diagonal
gdel: -1.8508e-05
VariableMetricBuilder: no improvement
VariableMetricBuilder: machine accuracy limits further improvement.
Minuit succeeded.
1s under jitter 0.03 = 13.7149364835 with chi^2 496.042120846
Minuit succeeded.
1s under jitter 0.03 = 13.6920552498 with chi^2 498.443569005
Minuit succeeded.
1s under jitter 0.03 = 13.7283902785 with chi^2 518.426755862
Minuit succeeded.
1s under jitter 0.03 = 13.714955155 with chi^2 509.040203753
Minuit succeeded.
1s under jitter 0.03 = 13.7314190817 with chi^2 528.939203262
Minuit succeeded.
1s under jitter 0.03 = 13.7040533116 with chi^2 510.19022501
Minuit succeeded.
1s under jitter 0.03 = 13.6815456526 with chi^2 512.082210726
Minuit succeeded.
1s under jitter 0.03 = 13.6808301006 with chi^2 508.440575932
Minuit succeeded.
1s under jitter 0.03 = 13.7085209734 with chi^2 514.930117329
