Minuit succeeded.
1s under jitter 0.14 = 13.807541136 with chi^2 670.40104622
Minuit succeeded.
1s under jitter 0.14 = 13.657061428 with chi^2 629.962656924
Minuit succeeded.
1s under jitter 0.14 = 13.7584711931 with chi^2 808.310085043
Minuit succeeded.
1s under jitter 0.14 = 13.5920952256 with chi^2 570.838890696
Minuit succeeded.
1s under jitter 0.14 = 14.0281349538 with chi^2 724.406878894
Minuit succeeded.
1s under jitter 0.14 = 13.7742536621 with chi^2 631.092681899
Minuit succeeded.
1s under jitter 0.14 = 13.8237483971 with chi^2 578.850527293
VariableMetricBuilder: no improvement
VariableMetricBuilder: finishes without convergence.
VariableMetricBuilder: edm= 0.000503626 requested: 1e-05
FunctionMinimum is invalid.
Minuit failed because the function is above maximum EDM.
1s under jitter 0.14 = 14.0348892719 with chi^2 873.367152486
Minuit succeeded.
1s under jitter 0.14 = 13.7996269648 with chi^2 539.184097172
Minuit succeeded.
1s under jitter 0.14 = 13.8507351692 with chi^2 627.835523156
Minuit succeeded.
1s under jitter 0.14 = 13.9241633647 with chi^2 882.108865314
Minuit succeeded.
1s under jitter 0.14 = 13.8996701921 with chi^2 543.57657065
eigenvalues: 
-0.020569
0.567066
0.710105
1
1
1
1
1
1
1
1
1
1.00034
1.02099
2.72207
matrix forced pos-def by adding 0.0232911 to diagonal
MnHesse: matrix is invalid!
MnHesse: matrix is not pos. def.!
MnHesse: matrix was forced pos. def.
FunctionMinimum is invalid.
Minuit failed because covariance is not accurate, and covariance is not positive definite.
1s under jitter 0.14 = 13.7741550385 with chi^2 557.481484852
Minuit succeeded.
1s under jitter 0.14 = 13.5900613383 with chi^2 489.400530184
Minuit succeeded.
1s under jitter 0.14 = 13.8590245094 with chi^2 804.176005721
VariableMetricBuilder: no improvement
VariableMetricBuilder: machine accuracy limits further improvement.
Minuit succeeded.
1s under jitter 0.14 = 13.9363735304 with chi^2 624.595340703
Minuit succeeded.
1s under jitter 0.14 = 13.6754076733 with chi^2 628.467616426
Minuit succeeded.
1s under jitter 0.14 = 13.7436002731 with chi^2 857.531476741
eigenvalues: 
-0.0231757
0.50257
0.72551
1
1
1
1
1
1
1
1
1
1.00082
1.0345
2.75977
matrix forced pos-def by adding 0.0259355 to diagonal
MnHesse: matrix is invalid!
MnHesse: matrix is not pos. def.!
MnHesse: matrix was forced pos. def.
FunctionMinimum is invalid.
Minuit failed because covariance is not accurate, and covariance is not positive definite.
1s under jitter 0.14 = 13.7152832408 with chi^2 553.924802195
Minuit succeeded.
1s under jitter 0.14 = 13.747234193 with chi^2 573.419505513
Minuit succeeded.
1s under jitter 0.14 = 13.8418729161 with chi^2 547.131723486
Minuit succeeded.
1s under jitter 0.14 = 13.7843240966 with chi^2 687.625293922
Minuit succeeded.
1s under jitter 0.14 = 13.7915286176 with chi^2 673.996965913
Minuit succeeded.
1s under jitter 0.14 = 13.8391474416 with chi^2 606.493273004
Minuit succeeded.
1s under jitter 0.14 = 13.6612820802 with chi^2 526.907585698
Minuit succeeded.
1s under jitter 0.14 = 13.6895189172 with chi^2 754.470762638
Minuit succeeded.
1s under jitter 0.14 = 13.8309768559 with chi^2 635.462449394
Minuit succeeded.
1s under jitter 0.14 = 13.7896195019 with chi^2 551.489732152
Minuit succeeded.
1s under jitter 0.14 = 13.7336757849 with chi^2 604.779214911
Minuit succeeded.
1s under jitter 0.14 = 13.7100292462 with chi^2 646.195515666
Minuit succeeded.
1s under jitter 0.14 = 13.9858197371 with chi^2 597.791571079
eigenvalues: 
-0.00808526
0.640777
0.890587
1
1
1
1
1
1
1
1
1
1.00199
1.04128
2.43345
matrix forced pos-def by adding 0.0105187 to diagonal
MnHesse: matrix is invalid!
MnHesse: matrix is not pos. def.!
MnHesse: matrix was forced pos. def.
FunctionMinimum is invalid.
Minuit failed because covariance is not accurate, and covariance is not positive definite.
1s under jitter 0.14 = 13.6889447775 with chi^2 585.221113176
Minuit succeeded.
1s under jitter 0.14 = 13.7185422959 with chi^2 573.187668178
eigenvalues: 
-0.0315644
0.654365
0.825064
1
1
1
1
1
1
1
1
1
1.00067
1.0438
2.50767
matrix forced pos-def by adding 0.0340721 to diagonal
MnHesse: matrix is invalid!
MnHesse: matrix is not pos. def.!
MnHesse: matrix was forced pos. def.
FunctionMinimum is invalid.
Minuit failed because covariance is not accurate, and covariance is not positive definite.
1s under jitter 0.14 = 13.5702288891 with chi^2 903.944118684
eigenvalues: 
-0.068305
0.635365
0.84892
1
1
1
1
1
1
1
1
1
1.00131
1.05323
2.52948
matrix forced pos-def by adding 0.0708345 to diagonal
MnHesse: matrix is invalid!
MnHesse: matrix is not pos. def.!
MnHesse: matrix was forced pos. def.
FunctionMinimum is invalid.
Minuit failed because covariance is not accurate, and covariance is not positive definite.
1s under jitter 0.14 = 13.6207472492 with chi^2 567.18959521
Minuit succeeded.
1s under jitter 0.14 = 13.6969674428 with chi^2 591.175622826
Minuit succeeded.
1s under jitter 0.14 = 13.859209488 with chi^2 937.255085357
eigenvalues: 
-0.0195278
0.617103
0.805044
1
1
1
1
1
1
1
1
1
1.00119
1.06316
2.53303
matrix forced pos-def by adding 0.0220608 to diagonal
MnHesse: matrix is invalid!
MnHesse: matrix is not pos. def.!
MnHesse: matrix was forced pos. def.
FunctionMinimum is invalid.
Minuit failed because covariance is not accurate, and covariance is not positive definite.
1s under jitter 0.14 = 13.7079160684 with chi^2 521.733950106
VariableMetricBuilder: no improvement
eigenvalues: 
-0.177937
0.547366
0.822868
1
1
1
1
1
1
1
1
1
1.0042
1.24088
2.56263
matrix forced pos-def by adding 0.1805 to diagonal
MnHesse: matrix is invalid!
MnHesse: matrix is not pos. def.!
MnHesse: matrix was forced pos. def.
FunctionMinimum is invalid.
Minuit failed because covariance is not accurate, and covariance is not positive definite.
1s under jitter 0.14 = 13.9416682115 with chi^2 691.56370807
Minuit succeeded.
1s under jitter 0.14 = 13.7635105045 with chi^2 741.351810169
Minuit succeeded.
1s under jitter 0.14 = 13.8070862349 with chi^2 751.013824623
Minuit succeeded.
1s under jitter 0.14 = 13.7159441782 with chi^2 647.692975482
Minuit succeeded.
1s under jitter 0.14 = 13.8081141843 with chi^2 546.855982504
Minuit succeeded.
1s under jitter 0.14 = 13.9204625786 with chi^2 872.884602904
eigenvalues: 
-0.000130345
0.577121
0.754574
1
1
1
1
1
1
1
1
1
1.00173
1.03133
2.63537
matrix forced pos-def by adding 0.00276572 to diagonal
MnHesse: matrix is invalid!
MnHesse: matrix is not pos. def.!
MnHesse: matrix was forced pos. def.
FunctionMinimum is invalid.
Minuit failed because covariance is not accurate, and covariance is not positive definite.
1s under jitter 0.14 = 13.7463921684 with chi^2 623.378062298
Minuit succeeded.
1s under jitter 0.14 = 13.7803268511 with chi^2 833.073155538
Minuit succeeded.
1s under jitter 0.14 = 13.8209803988 with chi^2 690.328962941
Minuit succeeded.
1s under jitter 0.14 = 13.7954166051 with chi^2 554.108979889
Minuit succeeded.
1s under jitter 0.14 = 13.7315195611 with chi^2 775.224387226
Minuit succeeded.
1s under jitter 0.14 = 13.8270495552 with chi^2 684.3458106
Minuit succeeded.
1s under jitter 0.14 = 13.7102248504 with chi^2 653.420089086
Minuit succeeded.
1s under jitter 0.14 = 13.9442566089 with chi^2 782.751056124
Minuit succeeded.
1s under jitter 0.14 = 13.7964247715 with chi^2 541.004282166
Minuit succeeded.
1s under jitter 0.14 = 13.7449512829 with chi^2 560.95869468
Minuit succeeded.
1s under jitter 0.14 = 13.7273964116 with chi^2 513.864102625
Minuit succeeded.
1s under jitter 0.14 = 13.7711773543 with chi^2 684.550174422
Minuit succeeded.
1s under jitter 0.14 = 14.0993786015 with chi^2 780.810023868
Minuit succeeded.
1s under jitter 0.14 = 13.6918415384 with chi^2 595.143207582
Minuit succeeded.
1s under jitter 0.14 = 13.8675008238 with chi^2 574.768055086
VariableMetricBuilder: no improvement
Minuit succeeded.
1s under jitter 0.14 = 13.9330337383 with chi^2 781.852699614
Minuit succeeded.
1s under jitter 0.14 = 13.5639063034 with chi^2 584.351315152
Minuit succeeded.
1s under jitter 0.14 = 13.6943677895 with chi^2 613.594584584
Minuit succeeded.
1s under jitter 0.14 = 13.6956163146 with chi^2 568.389210286
Minuit succeeded.
1s under jitter 0.14 = 13.6541615802 with chi^2 637.00155835
eigenvalues: 
-0.0175008
0.610825
0.716257
1
1
1
1
1
1
1
1
1
1.0024
1.05904
2.62899
matrix forced pos-def by adding 0.0201298 to diagonal
MnHesse: matrix is invalid!
MnHesse: matrix is not pos. def.!
MnHesse: matrix was forced pos. def.
FunctionMinimum is invalid.
Minuit failed because covariance is not accurate, and covariance is not positive definite.
1s under jitter 0.14 = 13.7216968651 with chi^2 625.929660093
Minuit succeeded.
1s under jitter 0.14 = 13.6037156057 with chi^2 717.133304683
Minuit succeeded.
1s under jitter 0.14 = 13.8229857718 with chi^2 816.589167077
VariableMetricBuilder: no improvement
eigenvalues: 
-0.0630787
0.574801
0.753392
1
1
1
1
1
1
1
1
1
1.00091
1.02671
2.70726
matrix forced pos-def by adding 0.065786 to diagonal
MnHesse: matrix is invalid!
MnHesse: matrix is not pos. def.!
MnHesse: matrix was forced pos. def.
FunctionMinimum is invalid.
Minuit failed because covariance is not accurate, and covariance is not positive definite.
1s under jitter 0.14 = 13.7397690034 with chi^2 682.216821348
Minuit succeeded.
1s under jitter 0.14 = 13.670844936 with chi^2 548.105475974
VariableMetricBuilder: no improvement
VariableMetricBuilder: machine accuracy limits further improvement.
Minuit succeeded.
1s under jitter 0.14 = 13.8244320436 with chi^2 515.324719994
Minuit succeeded.
1s under jitter 0.14 = 13.9005477101 with chi^2 759.925877072
Minuit succeeded.
1s under jitter 0.14 = 13.674260786 with chi^2 925.739864026
VariableMetricBuilder: no improvement
VariableMetricBuilder: machine accuracy limits further improvement.
Minuit succeeded.
1s under jitter 0.14 = 13.5852123908 with chi^2 679.274967817
Minuit succeeded.
1s under jitter 0.14 = 13.8822500909 with chi^2 619.907634739
Minuit succeeded.
1s under jitter 0.14 = 13.946447972 with chi^2 696.494589265
eigenvalues: 
-0.196071
0.491916
0.729924
1
1
1
1
1
1
1
1
1
1.00129
1.03646
2.93648
matrix forced pos-def by adding 0.199008 to diagonal
MnHesse: matrix is invalid!
MnHesse: matrix is not pos. def.!
MnHesse: matrix was forced pos. def.
FunctionMinimum is invalid.
Minuit failed because covariance is not accurate, and covariance is not positive definite.
1s under jitter 0.14 = 14.0136543699 with chi^2 707.999990252
Minuit succeeded.
1s under jitter 0.14 = 13.7437865238 with chi^2 576.28309723
Minuit succeeded.
1s under jitter 0.14 = 13.8664636294 with chi^2 725.221437587
Minuit succeeded.
1s under jitter 0.14 = 13.6904124692 with chi^2 563.739525703
Minuit succeeded.
1s under jitter 0.14 = 13.6829732185 with chi^2 859.35236603
eigenvalues: 
-0.0415814
0.523932
0.72035
1
1
1
1
1
1
1
1
1
1.00127
1.04715
2.74889
matrix forced pos-def by adding 0.0443303 to diagonal
MnHesse: matrix is invalid!
MnHesse: matrix is not pos. def.!
MnHesse: matrix was forced pos. def.
FunctionMinimum is invalid.
Minuit failed because covariance is not accurate, and covariance is not positive definite.
1s under jitter 0.14 = 13.9755324145 with chi^2 636.426464988
Minuit succeeded.
1s under jitter 0.14 = 13.8159194831 with chi^2 598.544491474
Minuit succeeded.
1s under jitter 0.14 = 13.6308055452 with chi^2 594.569595574
Minuit succeeded.
1s under jitter 0.14 = 13.7992775126 with chi^2 593.839602277
Minuit succeeded.
1s under jitter 0.14 = 14.0365967345 with chi^2 784.648786112
Minuit succeeded.
1s under jitter 0.14 = 13.7690210597 with chi^2 1033.58077164
VariableMetricBuilder: no improvement
Minuit succeeded.
1s under jitter 0.14 = 13.8812960282 with chi^2 547.651324007
Minuit succeeded.
1s under jitter 0.14 = 13.8804157602 with chi^2 590.763503456
Minuit succeeded.
1s under jitter 0.14 = 13.766667969 with chi^2 622.454635927
Minuit succeeded.
1s under jitter 0.14 = 13.8040367042 with chi^2 644.050731975
Minuit succeeded.
1s under jitter 0.14 = 13.8336337442 with chi^2 531.656389232
Minuit succeeded.
1s under jitter 0.14 = 13.7585994767 with chi^2 563.045831229
Minuit succeeded.
1s under jitter 0.14 = 13.6932595657 with chi^2 618.391252901
eigenvalues: 
-0.020009
0.624112
0.824752
1
1
1
1
1
1
1
1
1
1.00211
1.08796
2.48108
matrix forced pos-def by adding 0.0224901 to diagonal
MnHesse: matrix is invalid!
MnHesse: matrix is not pos. def.!
MnHesse: matrix was forced pos. def.
FunctionMinimum is invalid.
Minuit failed because covariance is not accurate, and covariance is not positive definite.
1s under jitter 0.14 = 13.7636743624 with chi^2 587.481688423
Minuit succeeded.
1s under jitter 0.14 = 13.7676790121 with chi^2 660.548757677
Minuit succeeded.
1s under jitter 0.14 = 13.8641461549 with chi^2 624.710523825
Minuit succeeded.
1s under jitter 0.14 = 13.7886937519 with chi^2 614.694810316
Minuit succeeded.
1s under jitter 0.14 = 13.9461756346 with chi^2 619.512837488
eigenvalues: 
-0.0155907
0.611197
0.812275
1
1
1
1
1
1
1
1
1
1.00026
1.03463
2.55723
matrix forced pos-def by adding 0.0181479 to diagonal
MnHesse: matrix is invalid!
MnHesse: matrix is not pos. def.!
MnHesse: matrix was forced pos. def.
FunctionMinimum is invalid.
Minuit failed because covariance is not accurate, and covariance is not positive definite.
1s under jitter 0.14 = 13.7663392965 with chi^2 728.476212897
Minuit succeeded.
1s under jitter 0.14 = 13.7039957632 with chi^2 557.043990979
