Minuit succeeded.
1s under jitter 0.05 = 13.7021537217 with chi^2 530.533350417
eigenvalues: 
-0.0687711
0.605181
0.745823
1
1
1
1
1
1
1
1
1
1.00094
1.0556
2.66122
matrix forced pos-def by adding 0.0714323 to diagonal
MnHesse: matrix is invalid!
MnHesse: matrix is not pos. def.!
MnHesse: matrix was forced pos. def.
FunctionMinimum is invalid.
Minuit failed because covariance is not accurate, and covariance is not positive definite.
1s under jitter 0.05 = 13.7315138786 with chi^2 524.73729201
Minuit succeeded.
1s under jitter 0.05 = 13.7500491676 with chi^2 532.687439182
Minuit succeeded.
1s under jitter 0.05 = 13.7571624931 with chi^2 534.10691765
eigenvalues: 
-0.103763
0.582232
0.791155
1
1
1
1
1
1
1
1
1
1.0017
1.07681
2.65187
matrix forced pos-def by adding 0.106415 to diagonal
MnHesse: matrix is invalid!
MnHesse: matrix is not pos. def.!
MnHesse: matrix was forced pos. def.
FunctionMinimum is invalid.
Minuit failed because covariance is not accurate, and covariance is not positive definite.
1s under jitter 0.05 = 13.6902087466 with chi^2 503.688907375
Minuit succeeded.
1s under jitter 0.05 = 13.7034641441 with chi^2 584.928011289
eigenvalues: 
-0.0249354
0.666008
0.858857
1
1
1
1
1
1
1
1
1
1.00266
1.0243
2.47311
matrix forced pos-def by adding 0.0274085 to diagonal
MnHesse: matrix is invalid!
MnHesse: matrix is not pos. def.!
MnHesse: matrix was forced pos. def.
FunctionMinimum is invalid.
Minuit failed because covariance is not accurate, and covariance is not positive definite.
1s under jitter 0.05 = 13.6745218823 with chi^2 557.784262613
eigenvalues: 
-0.0260724
0.638349
0.798315
1
1
1
1
1
1
1
1
1
1.00041
1.0347
2.55429
matrix forced pos-def by adding 0.0286267 to diagonal
MnHesse: matrix is invalid!
MnHesse: matrix is not pos. def.!
MnHesse: matrix was forced pos. def.
FunctionMinimum is invalid.
Minuit failed because covariance is not accurate, and covariance is not positive definite.
1s under jitter 0.05 = 13.7056698145 with chi^2 527.811890512
Minuit succeeded.
1s under jitter 0.05 = 13.7278789606 with chi^2 531.886897291
Minuit succeeded.
1s under jitter 0.05 = 13.733201725 with chi^2 511.616310759
Minuit succeeded.
1s under jitter 0.05 = 13.7803230783 with chi^2 529.680276143
Minuit succeeded.
1s under jitter 0.05 = 13.7015315718 with chi^2 509.163483492
Minuit succeeded.
1s under jitter 0.05 = 13.7609031823 with chi^2 508.377547657
Minuit succeeded.
1s under jitter 0.05 = 13.7172940446 with chi^2 516.840343742
Minuit succeeded.
1s under jitter 0.05 = 13.7268179285 with chi^2 523.769930977
Minuit succeeded.
1s under jitter 0.05 = 13.7130936539 with chi^2 539.572178288
VariableMetricBuilder: no improvement
VariableMetricBuilder: machine accuracy limits further improvement.
Minuit succeeded.
1s under jitter 0.05 = 13.6986456284 with chi^2 482.235351694
Minuit succeeded.
1s under jitter 0.05 = 13.7365215221 with chi^2 541.707267831
Minuit succeeded.
1s under jitter 0.05 = 13.7105000679 with chi^2 533.249691768
Minuit succeeded.
1s under jitter 0.05 = 13.7290613763 with chi^2 528.780774383
Minuit succeeded.
1s under jitter 0.05 = 13.7084679405 with chi^2 532.893578233
Minuit succeeded.
1s under jitter 0.05 = 13.789134986 with chi^2 531.648024197
Minuit succeeded.
1s under jitter 0.05 = 13.7029111629 with chi^2 520.249334041
Minuit succeeded.
1s under jitter 0.05 = 13.7485083082 with chi^2 519.748781146
Minuit succeeded.
1s under jitter 0.05 = 13.6758748155 with chi^2 523.277133732
Minuit succeeded.
1s under jitter 0.05 = 13.708596652 with chi^2 521.159184594
Minuit succeeded.
1s under jitter 0.05 = 13.7348533463 with chi^2 546.247772896
Minuit succeeded.
1s under jitter 0.05 = 13.7134771251 with chi^2 534.079694412
Minuit succeeded.
1s under jitter 0.05 = 13.7392854497 with chi^2 508.293984341
Minuit succeeded.
1s under jitter 0.05 = 13.6985718254 with chi^2 536.15064429
Minuit succeeded.
1s under jitter 0.05 = 13.6980801442 with chi^2 490.662095062
Minuit succeeded.
1s under jitter 0.05 = 13.7458073346 with chi^2 518.041750392
Minuit succeeded.
1s under jitter 0.05 = 13.7009041806 with chi^2 531.273543631
Minuit succeeded.
1s under jitter 0.05 = 13.6997957467 with chi^2 503.862850535
Minuit succeeded.
1s under jitter 0.05 = 13.7627481657 with chi^2 521.642737156
Minuit succeeded.
1s under jitter 0.05 = 13.7120747635 with chi^2 503.030099874
Minuit succeeded.
1s under jitter 0.05 = 13.6621534386 with chi^2 534.275979173
Minuit succeeded.
1s under jitter 0.05 = 13.7231506783 with chi^2 540.488075053
Minuit succeeded.
1s under jitter 0.05 = 13.6873235339 with chi^2 509.339144385
Minuit succeeded.
1s under jitter 0.05 = 13.7184377649 with chi^2 504.858616898
Minuit succeeded.
1s under jitter 0.05 = 13.7608856463 with chi^2 554.483551297
eigenvalues: 
-0.015867
0.631112
0.804449
1
1
1
1
1
1
1
1
1
1.00035
1.03473
2.54522
matrix forced pos-def by adding 0.0184122 to diagonal
MnHesse: matrix is invalid!
MnHesse: matrix is not pos. def.!
MnHesse: matrix was forced pos. def.
FunctionMinimum is invalid.
Minuit failed because covariance is not accurate, and covariance is not positive definite.
1s under jitter 0.05 = 13.7017137821 with chi^2 521.911841347
Minuit succeeded.
1s under jitter 0.05 = 13.6182961816 with chi^2 513.142850809
Minuit succeeded.
1s under jitter 0.05 = 13.6288499631 with chi^2 523.242742428
Minuit succeeded.
1s under jitter 0.05 = 13.7637010534 with chi^2 518.302116379
Minuit succeeded.
1s under jitter 0.05 = 13.7176549167 with chi^2 485.603027478
Minuit succeeded.
1s under jitter 0.05 = 13.7356718358 with chi^2 535.264020437
Minuit succeeded.
1s under jitter 0.05 = 13.6831497145 with chi^2 507.600052799
Minuit succeeded.
1s under jitter 0.05 = 13.7016552787 with chi^2 521.37299646
Minuit succeeded.
1s under jitter 0.05 = 13.6571185298 with chi^2 523.154870857
eigenvalues: 
-0.00549915
0.653968
0.765075
1
1
1
1
1
1
1
1
1
1.0013
1.03097
2.55418
matrix forced pos-def by adding 0.00805333 to diagonal
MnHesse: matrix is invalid!
MnHesse: matrix is not pos. def.!
MnHesse: matrix was forced pos. def.
FunctionMinimum is invalid.
Minuit failed because covariance is not accurate, and covariance is not positive definite.
1s under jitter 0.05 = 13.7201438598 with chi^2 520.232650726
eigenvalues: 
-0.0207762
0.636025
0.822559
1
1
1
1
1
1
1
1
1
1.00034
1.04505
2.5168
matrix forced pos-def by adding 0.023293 to diagonal
MnHesse: matrix is invalid!
MnHesse: matrix is not pos. def.!
MnHesse: matrix was forced pos. def.
FunctionMinimum is invalid.
Minuit failed because covariance is not accurate, and covariance is not positive definite.
1s under jitter 0.05 = 13.7160405129 with chi^2 512.290264906
Minuit succeeded.
1s under jitter 0.05 = 13.714130417 with chi^2 542.145955945
Minuit succeeded.
1s under jitter 0.05 = 13.7283560956 with chi^2 494.101224212
Minuit succeeded.
1s under jitter 0.05 = 13.7080308778 with chi^2 520.24093149
Minuit succeeded.
1s under jitter 0.05 = 13.6944436788 with chi^2 496.063430625
Minuit succeeded.
1s under jitter 0.05 = 13.7017526782 with chi^2 506.308386971
Minuit succeeded.
1s under jitter 0.05 = 13.7316009399 with chi^2 517.279627679
Minuit succeeded.
1s under jitter 0.05 = 13.772641971 with chi^2 536.01927131
Minuit succeeded.
1s under jitter 0.05 = 13.7318400198 with chi^2 525.93794367
Minuit succeeded.
1s under jitter 0.05 = 13.7296488053 with chi^2 510.92934031
Minuit succeeded.
1s under jitter 0.05 = 13.6870563875 with chi^2 537.10251727
Minuit succeeded.
1s under jitter 0.05 = 13.7279247457 with chi^2 528.939484091
Minuit succeeded.
1s under jitter 0.05 = 13.7458013796 with chi^2 547.708117598
Minuit succeeded.
1s under jitter 0.05 = 13.6704201406 with chi^2 512.945004198
eigenvalues: 
-0.0281068
0.603035
0.778347
1
1
1
1
1
1
1
1
1
1.0014
1.05426
2.59106
matrix forced pos-def by adding 0.0306978 to diagonal
MnHesse: matrix is invalid!
MnHesse: matrix is not pos. def.!
MnHesse: matrix was forced pos. def.
FunctionMinimum is invalid.
Minuit failed because covariance is not accurate, and covariance is not positive definite.
1s under jitter 0.05 = 13.7148968403 with chi^2 520.697879063
Minuit succeeded.
1s under jitter 0.05 = 13.7241359518 with chi^2 511.589727565
Minuit succeeded.
1s under jitter 0.05 = 13.707267204 with chi^2 512.439011816
eigenvalues: 
-0.0682778
0.621454
0.790962
1
1
1
1
1
1
1
1
1
1.00228
1.03327
2.6203
matrix forced pos-def by adding 0.0708981 to diagonal
MnHesse: matrix is invalid!
MnHesse: matrix is not pos. def.!
MnHesse: matrix was forced pos. def.
FunctionMinimum is invalid.
Minuit failed because covariance is not accurate, and covariance is not positive definite.
1s under jitter 0.05 = 13.755132746 with chi^2 508.936784061
Minuit succeeded.
1s under jitter 0.05 = 13.6945135894 with chi^2 504.728204368
Minuit succeeded.
1s under jitter 0.05 = 13.7396498039 with chi^2 549.658703777
Minuit succeeded.
1s under jitter 0.05 = 13.6789221395 with chi^2 543.048739104
eigenvalues: 
-0.00165379
0.662361
0.838547
1
1
1
1
1
1
1
1
1
1.00144
1.02512
2.47419
matrix forced pos-def by adding 0.00412798 to diagonal
MnHesse: matrix is invalid!
MnHesse: matrix is not pos. def.!
MnHesse: matrix was forced pos. def.
FunctionMinimum is invalid.
Minuit failed because covariance is not accurate, and covariance is not positive definite.
1s under jitter 0.05 = 13.7599044383 with chi^2 540.938716423
eigenvalues: 
-0.0646923
0.656078
0.819155
1
1
1
1
1
1
1
1
1
1.00274
1.04972
2.537
matrix forced pos-def by adding 0.0672293 to diagonal
MnHesse: matrix is invalid!
MnHesse: matrix is not pos. def.!
MnHesse: matrix was forced pos. def.
FunctionMinimum is invalid.
Minuit failed because covariance is not accurate, and covariance is not positive definite.
1s under jitter 0.05 = 13.7036562412 with chi^2 495.981578472
Minuit succeeded.
1s under jitter 0.05 = 13.7394098602 with chi^2 500.050271304
VariableMetricBuilder: no improvement
VariableMetricBuilder: machine accuracy limits further improvement.
Minuit succeeded.
1s under jitter 0.05 = 13.7411551077 with chi^2 553.715942947
Minuit succeeded.
1s under jitter 0.05 = 13.7028091434 with chi^2 517.240077678
Minuit succeeded.
1s under jitter 0.05 = 13.6089118971 with chi^2 541.252824086
Minuit succeeded.
1s under jitter 0.05 = 13.6900715286 with chi^2 506.778097462
Minuit succeeded.
1s under jitter 0.05 = 13.683587804 with chi^2 506.098239633
Minuit succeeded.
1s under jitter 0.05 = 13.6986973986 with chi^2 500.288935493
Minuit succeeded.
1s under jitter 0.05 = 13.7117120272 with chi^2 531.503883054
Minuit succeeded.
1s under jitter 0.05 = 13.7264063346 with chi^2 546.722459004
Minuit succeeded.
1s under jitter 0.05 = 13.7156303722 with chi^2 518.47048045
Minuit succeeded.
1s under jitter 0.05 = 13.6917599875 with chi^2 533.108093857
Minuit succeeded.
1s under jitter 0.05 = 13.7071903374 with chi^2 496.128408361
eigenvalues: 
-0.00290447
0.66959
0.888141
1
1
1
1
1
1
1
1
1
1.00024
1.02122
2.42371
matrix forced pos-def by adding 0.00532818 to diagonal
MnHesse: matrix is invalid!
MnHesse: matrix is not pos. def.!
MnHesse: matrix was forced pos. def.
FunctionMinimum is invalid.
Minuit failed because covariance is not accurate, and covariance is not positive definite.
1s under jitter 0.05 = 13.6518615239 with chi^2 524.354580993
Minuit succeeded.
1s under jitter 0.05 = 13.7520659683 with chi^2 496.362296073
Minuit succeeded.
1s under jitter 0.05 = 13.7534521342 with chi^2 505.660707895
Minuit succeeded.
1s under jitter 0.05 = 13.6718416806 with chi^2 521.245247259
eigenvalues: 
-0.00369014
0.62913
0.812501
1
1
1
1
1
1
1
1
1
1.0014
1.05648
2.50418
matrix forced pos-def by adding 0.00619432 to diagonal
MnHesse: matrix is invalid!
MnHesse: matrix is not pos. def.!
MnHesse: matrix was forced pos. def.
FunctionMinimum is invalid.
Minuit failed because covariance is not accurate, and covariance is not positive definite.
1s under jitter 0.05 = 13.6631270885 with chi^2 502.394898925
Minuit succeeded.
1s under jitter 0.05 = 13.7281825565 with chi^2 528.41437437
Minuit succeeded.
1s under jitter 0.05 = 13.7471572067 with chi^2 519.534824251
Minuit succeeded.
1s under jitter 0.05 = 13.7191416072 with chi^2 513.812700063
Minuit succeeded.
1s under jitter 0.05 = 13.7133147233 with chi^2 518.956081817
Minuit succeeded.
1s under jitter 0.05 = 13.7137853467 with chi^2 544.326307502
Minuit succeeded.
1s under jitter 0.05 = 13.7600108095 with chi^2 538.693092645
eigenvalues: 
-0.00436278
0.637523
0.748449
1
1
1
1
1
1
1
1
1
1.00052
1.01822
2.59966
matrix forced pos-def by adding 0.00696244 to diagonal
MnHesse: matrix is invalid!
MnHesse: matrix is not pos. def.!
MnHesse: matrix was forced pos. def.
FunctionMinimum is invalid.
Minuit failed because covariance is not accurate, and covariance is not positive definite.
1s under jitter 0.05 = 13.6897301417 with chi^2 536.528064608
VariableMetricBuilder: matrix not pos.def.
gdel > 0: 3.23792e-07
negative or zero diagonal element 1 in covariance matrix
added 1.00001 to diagonal of error matrix
gdel: 3.23792e-07
eigenvalues: 
-0.0368623
0.594525
0.754828
1
1
1
1
1
1
1
1
1
1.00117
1.06295
2.62339
matrix forced pos-def by adding 0.0394856 to diagonal
MnHesse: matrix is invalid!
MnHesse: matrix is not pos. def.!
MnHesse: matrix was forced pos. def.
FunctionMinimum is invalid.
Minuit failed because covariance is not accurate, and covariance is not positive definite.
1s under jitter 0.05 = 13.7409224866 with chi^2 519.110012805
Minuit succeeded.
1s under jitter 0.05 = 13.6648811021 with chi^2 507.233637854
