VariableMetricBuilder: no improvement
VariableMetricBuilder: finishes without convergence.
VariableMetricBuilder: edm= 0.000115895 requested: 1e-05
eigenvalues: 
-0.201723
0.50925
0.81649
1
1
1
1
1
1
1
1
1
1.00243
1.3929
2.48065
matrix forced pos-def by adding 0.204204 to diagonal
MnHesse: matrix is invalid!
MnHesse: matrix is not pos. def.!
MnHesse: matrix was forced pos. def.
FunctionMinimum is invalid.
Minuit failed because covariance is not accurate, covariance is not positive definite, and the function is above maximum EDM.
1s under jitter 0.18 = 13.9351263618 with chi^2 661.459112941
Minuit succeeded.
1s under jitter 0.18 = 14.1327065224 with chi^2 1091.46028844
Minuit succeeded.
1s under jitter 0.18 = 13.821773233 with chi^2 689.288814379
Minuit succeeded.
1s under jitter 0.18 = 13.727162559 with chi^2 736.479217383
eigenvalues: 
-0.0938106
0.58808
0.772461
1
1
1
1
1
1
1
1
1
1.00148
1.03024
2.70155
matrix forced pos-def by adding 0.0965122 to diagonal
MnHesse: matrix is invalid!
MnHesse: matrix is not pos. def.!
MnHesse: matrix was forced pos. def.
FunctionMinimum is invalid.
Minuit failed because covariance is not accurate, and covariance is not positive definite.
1s under jitter 0.18 = 14.2744990102 with chi^2 1163.12747495
Minuit succeeded.
1s under jitter 0.18 = 13.5338849575 with chi^2 1104.30451686
Minuit succeeded.
1s under jitter 0.18 = 13.9825934905 with chi^2 788.669869389
VariableMetricBuilder: no improvement
VariableMetricBuilder: machine accuracy limits further improvement.
Minuit succeeded.
1s under jitter 0.18 = 14.0538236692 with chi^2 911.806835585
Minuit succeeded.
1s under jitter 0.18 = 14.0963778634 with chi^2 796.801403204
Minuit succeeded.
1s under jitter 0.18 = 13.6335030005 with chi^2 801.961761907
Minuit succeeded.
1s under jitter 0.18 = 13.7589588904 with chi^2 774.968875296
Minuit succeeded.
1s under jitter 0.18 = 13.7896160112 with chi^2 836.057217879
Minuit succeeded.
1s under jitter 0.18 = 13.8976527759 with chi^2 792.447353704
Minuit succeeded.
1s under jitter 0.18 = 13.9237149593 with chi^2 866.485199521
Minuit succeeded.
1s under jitter 0.18 = 14.0628152083 with chi^2 841.844947787
Minuit succeeded.
1s under jitter 0.18 = 13.686371914 with chi^2 676.624431257
Minuit succeeded.
1s under jitter 0.18 = 13.8627752683 with chi^2 785.406660446
Minuit succeeded.
1s under jitter 0.18 = 13.7564532627 with chi^2 698.741108128
Minuit succeeded.
1s under jitter 0.18 = 13.8952785273 with chi^2 783.170376244
Minuit succeeded.
1s under jitter 0.18 = 13.6461185139 with chi^2 648.575197681
VariableMetricBuilder: no improvement
VariableMetricBuilder: finishes without convergence.
VariableMetricBuilder: edm= 0.000155994 requested: 1e-05
FunctionMinimum is invalid.
Minuit failed because the function is above maximum EDM.
1s under jitter 0.18 = 14.0233430459 with chi^2 723.006670016
Minuit succeeded.
1s under jitter 0.18 = 13.8539673896 with chi^2 731.003763433
Minuit succeeded.
1s under jitter 0.18 = 14.0225334277 with chi^2 959.112125871
VariableMetricBuilder: matrix not pos.def.
gdel > 0: 9.92317e-06
negative or zero diagonal element 1 in covariance matrix
added 1.00002 to diagonal of error matrix
gdel: 9.92317e-06
Minuit succeeded.
1s under jitter 0.18 = 13.7972714813 with chi^2 559.591810405
Minuit succeeded.
1s under jitter 0.18 = 13.9382390433 with chi^2 691.84553603
Minuit succeeded.
1s under jitter 0.18 = 13.7836978302 with chi^2 765.565661411
Minuit succeeded.
1s under jitter 0.18 = 14.1223700692 with chi^2 788.654360467
Minuit succeeded.
1s under jitter 0.18 = 13.8991490727 with chi^2 672.877576167
Minuit succeeded.
1s under jitter 0.18 = 13.7269837666 with chi^2 680.41601645
eigenvalues: 
-0.0234757
0.629419
0.829029
1
1
1
1
1
1
1
1
1
1.00102
1.0269
2.5371
matrix forced pos-def by adding 0.0260128 to diagonal
MnHesse: matrix is invalid!
MnHesse: matrix is not pos. def.!
MnHesse: matrix was forced pos. def.
FunctionMinimum is invalid.
Minuit failed because covariance is not accurate, and covariance is not positive definite.
1s under jitter 0.18 = 13.6506869322 with chi^2 614.861066296
Minuit succeeded.
1s under jitter 0.18 = 13.8164145608 with chi^2 566.217263196
eigenvalues: 
-0.0037077
0.632302
0.739237
1
1
1
1
1
1
1
1
1
1.00093
1.03363
2.59761
matrix forced pos-def by adding 0.00630531 to diagonal
MnHesse: matrix is invalid!
MnHesse: matrix is not pos. def.!
MnHesse: matrix was forced pos. def.
FunctionMinimum is invalid.
Minuit failed because covariance is not accurate, and covariance is not positive definite.
1s under jitter 0.18 = 13.7210614685 with chi^2 910.417899274
Minuit succeeded.
1s under jitter 0.18 = 13.6720610022 with chi^2 696.355300136
Minuit succeeded.
1s under jitter 0.18 = 13.8640053747 with chi^2 668.873294858
Minuit succeeded.
1s under jitter 0.18 = 13.6074680222 with chi^2 672.553790946
Minuit succeeded.
1s under jitter 0.18 = 14.0546442458 with chi^2 851.037960684
eigenvalues: 
-0.0106362
0.52164
0.725738
1
1
1
1
1
1
1
1
1
1.00169
1.03547
2.7261
matrix forced pos-def by adding 0.0133623 to diagonal
MnHesse: matrix is invalid!
MnHesse: matrix is not pos. def.!
MnHesse: matrix was forced pos. def.
FunctionMinimum is invalid.
Minuit failed because covariance is not accurate, and covariance is not positive definite.
1s under jitter 0.18 = 13.9767831472 with chi^2 875.083243044
Minuit succeeded.
1s under jitter 0.18 = 13.7363006426 with chi^2 1013.95894402
Minuit succeeded.
1s under jitter 0.18 = 13.7135548551 with chi^2 775.680489
Minuit succeeded.
1s under jitter 0.18 = 13.9479488266 with chi^2 675.188549903
Minuit succeeded.
1s under jitter 0.18 = 13.648707215 with chi^2 654.076327121
Minuit succeeded.
1s under jitter 0.18 = 13.8688047629 with chi^2 705.678518439
Minuit succeeded.
1s under jitter 0.18 = 13.9466819545 with chi^2 749.480173914
VariableMetricBuilder: no improvement
Minuit succeeded.
1s under jitter 0.18 = 13.8033468285 with chi^2 620.125786762
Minuit succeeded.
1s under jitter 0.18 = 14.1859279105 with chi^2 1008.77477701
Minuit succeeded.
1s under jitter 0.18 = 13.7662134575 with chi^2 881.009497291
Minuit succeeded.
1s under jitter 0.18 = 13.8981772155 with chi^2 1061.20341952
Minuit succeeded.
1s under jitter 0.18 = 13.8705060759 with chi^2 917.654133857
Minuit succeeded.
1s under jitter 0.18 = 14.1297730628 with chi^2 883.343330566
Minuit succeeded.
1s under jitter 0.18 = 13.7357205778 with chi^2 982.836302628
Minuit succeeded.
1s under jitter 0.18 = 14.0650378406 with chi^2 1214.42738318
Minuit succeeded.
1s under jitter 0.18 = 13.8311933808 with chi^2 642.526875539
Minuit succeeded.
1s under jitter 0.18 = 13.8724924287 with chi^2 930.942497052
Minuit succeeded.
1s under jitter 0.18 = 14.0000179949 with chi^2 681.013513027
Minuit succeeded.
1s under jitter 0.18 = 13.6524653078 with chi^2 855.669675679
VariableMetricBuilder: matrix not pos.def.
gdel > 0: 0.000133734
negative or zero diagonal element 0 in covariance matrix
negative or zero diagonal element 1 in covariance matrix
negative or zero diagonal element 4 in covariance matrix
negative or zero diagonal element 7 in covariance matrix
negative or zero diagonal element 9 in covariance matrix
negative or zero diagonal element 10 in covariance matrix
added 1.00638 to diagonal of error matrix
gdel: 0.000133734
Minuit succeeded.
1s under jitter 0.18 = 14.0788990822 with chi^2 726.33909407
Minuit succeeded.
1s under jitter 0.18 = 13.9275421168 with chi^2 822.964869862
VariableMetricBuilder: no improvement
VariableMetricBuilder: machine accuracy limits further improvement.
Minuit succeeded.
1s under jitter 0.18 = 13.9831724747 with chi^2 739.161465982
eigenvalues: 
-0.0040601
0.583321
0.77693
1
1
1
1
1
1
1
1
1
1.00199
1.03889
2.60292
matrix forced pos-def by adding 0.00666302 to diagonal
MnHesse: matrix is invalid!
MnHesse: matrix is not pos. def.!
MnHesse: matrix was forced pos. def.
FunctionMinimum is invalid.
Minuit failed because covariance is not accurate, and covariance is not positive definite.
1s under jitter 0.18 = 14.0943210158 with chi^2 978.873422468
Minuit succeeded.
1s under jitter 0.18 = 13.8400381089 with chi^2 761.228320293
VariableMetricBuilder: no improvement
VariableMetricBuilder: machine accuracy limits further improvement.
Minuit succeeded.
1s under jitter 0.18 = 13.7851355451 with chi^2 636.145769279
Minuit succeeded.
1s under jitter 0.18 = 13.6870595151 with chi^2 721.225530921
Minuit succeeded.
1s under jitter 0.18 = 13.8081509013 with chi^2 682.175773079
eigenvalues: 
-0.0860343
0.582083
0.756637
1
1
1
1
1
1
1
1
1
1.00062
1.06295
2.68374
matrix forced pos-def by adding 0.088718 to diagonal
MnHesse: matrix is invalid!
MnHesse: matrix is not pos. def.!
MnHesse: matrix was forced pos. def.
FunctionMinimum is invalid.
Minuit failed because covariance is not accurate, and covariance is not positive definite.
1s under jitter 0.18 = 13.9549938754 with chi^2 1014.4536481
Minuit succeeded.
1s under jitter 0.18 = 13.7546959235 with chi^2 677.094036575
Minuit succeeded.
1s under jitter 0.18 = 13.8725594263 with chi^2 1346.19998262
Minuit succeeded.
1s under jitter 0.18 = 13.718156697 with chi^2 736.627821706
Minuit succeeded.
1s under jitter 0.18 = 13.8458407991 with chi^2 866.909941511
VariableMetricBuilder: matrix not pos.def.
gdel > 0: 0.000297561
negative or zero diagonal element 0 in covariance matrix
negative or zero diagonal element 4 in covariance matrix
negative or zero diagonal element 11 in covariance matrix
negative or zero diagonal element 12 in covariance matrix
added 1.01292 to diagonal of error matrix
gdel: 0.000297561
Minuit succeeded.
1s under jitter 0.18 = 13.4226255728 with chi^2 935.64725346
VariableMetricBuilder: matrix not pos.def.
gdel > 0: 1.10551e-05
negative or zero diagonal element 1 in covariance matrix
negative or zero diagonal element 3 in covariance matrix
added 1.00013 to diagonal of error matrix
gdel: 1.10551e-05
Minuit succeeded.
1s under jitter 0.18 = 13.8346277427 with chi^2 569.470554579
Minuit succeeded.
1s under jitter 0.18 = 13.7523752284 with chi^2 822.70497782
Minuit succeeded.
1s under jitter 0.18 = 13.8469228309 with chi^2 977.076049139
Minuit succeeded.
1s under jitter 0.18 = 13.6370486017 with chi^2 631.996148746
Minuit succeeded.
1s under jitter 0.18 = 13.6786718482 with chi^2 586.241433186
Minuit succeeded.
1s under jitter 0.18 = 13.9161848291 with chi^2 565.26734523
Minuit succeeded.
1s under jitter 0.18 = 13.8593700665 with chi^2 693.009471223
Minuit succeeded.
1s under jitter 0.18 = 13.8633542179 with chi^2 757.638593513
Minuit succeeded.
1s under jitter 0.18 = 13.7878378875 with chi^2 794.447521839
Minuit succeeded.
1s under jitter 0.18 = 13.6300275417 with chi^2 1091.23921566
VariableMetricBuilder: no improvement
Minuit succeeded.
1s under jitter 0.18 = 13.9336346755 with chi^2 565.375474059
VariableMetricBuilder: no improvement
VariableMetricBuilder: machine accuracy limits further improvement.
Minuit succeeded.
1s under jitter 0.18 = 14.0326823989 with chi^2 1021.44654164
Minuit succeeded.
1s under jitter 0.18 = 13.9581861697 with chi^2 918.675057187
Minuit succeeded.
1s under jitter 0.18 = 13.6997800342 with chi^2 880.101284191
eigenvalues: 
-0.0359571
0.640961
0.754186
1
1
1
1
1
1
1
1
1
1.00168
1.04337
2.59576
matrix forced pos-def by adding 0.0385528 to diagonal
MnHesse: matrix is invalid!
MnHesse: matrix is not pos. def.!
MnHesse: matrix was forced pos. def.
FunctionMinimum is invalid.
Minuit failed because covariance is not accurate, and covariance is not positive definite.
1s under jitter 0.18 = 13.8489251561 with chi^2 859.687266861
Minuit succeeded.
1s under jitter 0.18 = 13.7855190698 with chi^2 893.851074507
Minuit succeeded.
1s under jitter 0.18 = 14.006163236 with chi^2 1301.55721541
Minuit succeeded.
1s under jitter 0.18 = 13.9842755349 with chi^2 875.281080826
Minuit succeeded.
1s under jitter 0.18 = 13.7085796289 with chi^2 666.518844832
Minuit succeeded.
1s under jitter 0.18 = 13.909185559 with chi^2 701.296727243
Minuit succeeded.
1s under jitter 0.18 = 13.8098803625 with chi^2 676.488849326
eigenvalues: 
-0.0132601
0.62702
0.852208
1
1
1
1
1
1
1
1
1
1.00226
1.03185
2.49992
matrix forced pos-def by adding 0.01576 to diagonal
MnHesse: matrix is invalid!
MnHesse: matrix is not pos. def.!
MnHesse: matrix was forced pos. def.
FunctionMinimum is invalid.
Minuit failed because covariance is not accurate, and covariance is not positive definite.
1s under jitter 0.18 = 13.931780716 with chi^2 707.536199656
Minuit succeeded.
1s under jitter 0.18 = 13.5581989191 with chi^2 1598.2954249
Minuit succeeded.
1s under jitter 0.18 = 13.80474785 with chi^2 701.385547041
Minuit succeeded.
1s under jitter 0.18 = 13.836286357 with chi^2 690.071383469
Minuit succeeded.
1s under jitter 0.18 = 13.9410737636 with chi^2 686.934960284
Minuit succeeded.
1s under jitter 0.18 = 14.1602784718 with chi^2 722.618105619
VariableMetricBuilder: no improvement
VariableMetricBuilder: machine accuracy limits further improvement.
Minuit succeeded.
1s under jitter 0.18 = 13.7212192767 with chi^2 652.786669971
eigenvalues: 
-0.0194099
0.650941
0.752304
1
1
1
1
1
1
1
1
1
1.00117
1.01742
2.59757
matrix forced pos-def by adding 0.0220075 to diagonal
MnHesse: matrix is invalid!
MnHesse: matrix is not pos. def.!
MnHesse: matrix was forced pos. def.
FunctionMinimum is invalid.
Minuit failed because covariance is not accurate, and covariance is not positive definite.
1s under jitter 0.18 = 13.7620109769 with chi^2 796.394763551
Minuit succeeded.
1s under jitter 0.18 = 13.8763816643 with chi^2 654.03063698
Minuit succeeded.
1s under jitter 0.18 = 13.811272729 with chi^2 863.180606867
