VariableMetricBuilder: no improvement
VariableMetricBuilder: finishes without convergence.
VariableMetricBuilder: edm= 0.000108972 requested: 1e-05
FunctionMinimum is invalid.
Minuit failed because the function is above maximum EDM.
2s under jitter 0.04 = 5.57494606434 with chi^2 78.9459123874
Minuit succeeded.
2s under jitter 0.04 = 5.58081985805 with chi^2 79.4937219574
VariableMetricBuilder: no improvement
Minuit succeeded.
2s under jitter 0.04 = 5.60111568324 with chi^2 77.0396582676
VariableMetricBuilder: matrix not pos.def.
gdel > 0: 5.71003e-05
negative or zero diagonal element 3 in covariance matrix
added 1.00653 to diagonal of error matrix
gdel: 5.71003e-05
eigenvalues: 
-1.46346
0.734654
0.9289
1
1
1
1.00174
1.41324
3.38493
matrix forced pos-def by adding 1.46685 to diagonal
MnHesse: matrix is invalid!
MnHesse: matrix is not pos. def.!
MnHesse: matrix was forced pos. def.
FunctionMinimum is invalid.
Minuit failed because covariance is not accurate, and covariance is not positive definite.
2s under jitter 0.04 = 5.56457381334 with chi^2 79.1090179962
VariableMetricBuilder: matrix not pos.def.
gdel > 0: 0.011408
eigenvalues: 
-0.601994
0.718542
0.8827
0.986174
1.00469
1.02575
1.10765
1.24317
2.63331
matrix forced pos-def by adding 0.604627 to diagonal
gdel: -0.00056431
VariableMetricBuilder: no improvement
VariableMetricBuilder: finishes without convergence.
VariableMetricBuilder: edm= 0.00101127 requested: 1e-05
FunctionMinimum is invalid.
Minuit failed because the function is above maximum EDM.
2s under jitter 0.04 = 5.58104726403 with chi^2 77.7941958994
Minuit succeeded.
2s under jitter 0.04 = 5.57947502562 with chi^2 78.9398136072
VariableMetricBuilder: matrix not pos.def.
gdel > 0: 2.05975e-05
negative or zero diagonal element 0 in covariance matrix
negative or zero diagonal element 1 in covariance matrix
added 1.00162 to diagonal of error matrix
gdel: 2.05975e-05
Minuit succeeded.
2s under jitter 0.04 = 5.56777615618 with chi^2 74.9903388018
eigenvalues: 
-2.27248
0.528323
0.91858
1
1
1
1.00086
1.17932
4.64541
matrix forced pos-def by adding 2.27713 to diagonal
MnHesse: matrix is invalid!
MnHesse: matrix is not pos. def.!
MnHesse: matrix was forced pos. def.
FunctionMinimum is invalid.
Minuit failed because covariance is not accurate, and covariance is not positive definite.
2s under jitter 0.04 = 5.58721390355 with chi^2 77.588023478
eigenvalues: 
-1.85683
0.583248
0.919599
1
1
1
1.00168
1.21886
4.13343
matrix forced pos-def by adding 1.86096 to diagonal
MnHesse: matrix is invalid!
MnHesse: matrix is not pos. def.!
MnHesse: matrix was forced pos. def.
FunctionMinimum is invalid.
Minuit failed because covariance is not accurate, and covariance is not positive definite.
2s under jitter 0.04 = 5.57249188375 with chi^2 76.9430745285
VariableMetricBuilder: no improvement
Minuit succeeded.
2s under jitter 0.04 = 5.58069170401 with chi^2 78.5282248479
Minuit succeeded.
2s under jitter 0.04 = 5.56557797932 with chi^2 77.6316472347
VariableMetricBuilder: no improvement
VariableMetricBuilder: finishes without convergence.
VariableMetricBuilder: edm= 0.00158298 requested: 1e-05
FunctionMinimum is invalid.
Minuit failed because the function is above maximum EDM.
2s under jitter 0.04 = 5.58338841033 with chi^2 77.5101761605
Minuit succeeded.
2s under jitter 0.04 = 5.60592441866 with chi^2 78.7226604703
Minuit succeeded.
2s under jitter 0.04 = 5.58743891212 with chi^2 78.8979965858
eigenvalues: 
-0.018267
0.789703
0.906453
1
1
1
1.00151
1.07198
2.24862
matrix forced pos-def by adding 0.0205157 to diagonal
MnHesse: matrix is invalid!
MnHesse: matrix is not pos. def.!
MnHesse: matrix was forced pos. def.
FunctionMinimum is invalid.
Minuit failed because covariance is not accurate, and covariance is not positive definite.
2s under jitter 0.04 = 5.58729651357 with chi^2 76.7252009986
VariableMetricBuilder: matrix not pos.def.
gdel > 0: 0.0016539
negative or zero diagonal element 0 in covariance matrix
negative or zero diagonal element 1 in covariance matrix
negative or zero diagonal element 5 in covariance matrix
added 1.01208 to diagonal of error matrix
gdel: 0.0016539
Minuit succeeded.
2s under jitter 0.04 = 5.5887370826 with chi^2 79.7501032175
VariableMetricBuilder: matrix not pos.def.
gdel > 0: 5.80475e-05
negative or zero diagonal element 0 in covariance matrix
negative or zero diagonal element 1 in covariance matrix
negative or zero diagonal element 5 in covariance matrix
added 1.00568 to diagonal of error matrix
gdel: 5.80475e-05
Minuit succeeded.
2s under jitter 0.04 = 5.58415211411 with chi^2 79.5237230277
VariableMetricBuilder: no improvement
VariableMetricBuilder: finishes without convergence.
VariableMetricBuilder: edm= 0.00200385 requested: 1e-05
FunctionMinimum is invalid.
Minuit failed because the function is above maximum EDM.
2s under jitter 0.04 = 5.58766916554 with chi^2 77.8755286159
VariableMetricBuilder: no improvement
Minuit succeeded.
2s under jitter 0.04 = 5.58478445448 with chi^2 78.2343125971
VariableMetricBuilder: no improvement
eigenvalues: 
-0.347144
0.792791
0.943823
1
1
1
1.00186
1.44662
2.16205
matrix forced pos-def by adding 0.349306 to diagonal
MnHesse: matrix is invalid!
MnHesse: matrix is not pos. def.!
MnHesse: matrix was forced pos. def.
FunctionMinimum is invalid.
Minuit failed because covariance is not accurate, and covariance is not positive definite.
2s under jitter 0.04 = 5.59021684799 with chi^2 77.2944132368
VariableMetricBuilder: no improvement
Minuit succeeded.
2s under jitter 0.04 = 5.57238693056 with chi^2 78.4837536442
Minuit succeeded.
2s under jitter 0.04 = 5.60153010672 with chi^2 79.2961018988
eigenvalues: 
-0.250381
0.733776
0.926005
1
1
1
1.00086
1.37854
2.2112
matrix forced pos-def by adding 0.252592 to diagonal
MnHesse: matrix is invalid!
MnHesse: matrix is not pos. def.!
MnHesse: matrix was forced pos. def.
FunctionMinimum is invalid.
Minuit failed because covariance is not accurate, and covariance is not positive definite.
2s under jitter 0.04 = 5.5892135679 with chi^2 78.7385723693
VariableMetricBuilder: matrix not pos.def.
gdel > 0: 5.05567e-05
negative or zero diagonal element 1 in covariance matrix
negative or zero diagonal element 3 in covariance matrix
added 1.00061 to diagonal of error matrix
gdel: 5.05567e-05
Minuit succeeded.
2s under jitter 0.04 = 5.60741105641 with chi^2 78.7418247162
VariableMetricBuilder: no improvement
VariableMetricBuilder: finishes without convergence.
VariableMetricBuilder: edm= 0.000905569 requested: 1e-05
FunctionMinimum is invalid.
Minuit failed because the function is above maximum EDM.
2s under jitter 0.04 = 5.57059177581 with chi^2 77.9279797655
VariableMetricBuilder: no improvement
Minuit succeeded.
2s under jitter 0.04 = 5.57677867123 with chi^2 75.5746085546
Minuit succeeded.
2s under jitter 0.04 = 5.57744099868 with chi^2 78.6062089047
Minuit succeeded.
2s under jitter 0.04 = 5.58769570861 with chi^2 77.5636506486
Minuit succeeded.
2s under jitter 0.04 = 5.58049394397 with chi^2 77.7156636697
VariableMetricBuilder: no improvement
VariableMetricBuilder: finishes without convergence.
VariableMetricBuilder: edm= 0.00047706 requested: 1e-05
FunctionMinimum is invalid.
Minuit failed because the function is above maximum EDM.
2s under jitter 0.04 = 5.60503746034 with chi^2 78.3429473918
Minuit succeeded.
2s under jitter 0.04 = 5.58094116158 with chi^2 78.775021521
VariableMetricBuilder: no improvement
VariableMetricBuilder: finishes without convergence.
VariableMetricBuilder: edm= 0.00171066 requested: 1e-05
eigenvalues: 
-0.103072
0.6751
0.915783
1
1
1
1.00123
1.41274
2.09822
matrix forced pos-def by adding 0.10517 to diagonal
MnHesse: matrix is invalid!
MnHesse: matrix is not pos. def.!
MnHesse: matrix was forced pos. def.
FunctionMinimum is invalid.
Minuit failed because covariance is not accurate, covariance is not positive definite, and the function is above maximum EDM.
2s under jitter 0.04 = 5.56866951809 with chi^2 80.5222556406
VariableMetricBuilder: matrix not pos.def.
gdel > 0: 0.00564307
negative or zero diagonal element 1 in covariance matrix
negative or zero diagonal element 3 in covariance matrix
added 1.0011 to diagonal of error matrix
gdel: 0.00564307
Minuit succeeded.
2s under jitter 0.04 = 5.59528733254 with chi^2 80.1550246141
VariableMetricBuilder: no improvement
VariableMetricBuilder: finishes without convergence.
VariableMetricBuilder: edm= 0.000762699 requested: 1e-05
FunctionMinimum is invalid.
Minuit failed because the function is above maximum EDM.
2s under jitter 0.04 = 5.59958548075 with chi^2 77.0173366987
eigenvalues: 
-0.00134871
0.827768
0.931226
1
1
1
1.00167
1.22295
2.01773
matrix forced pos-def by adding 0.00336644 to diagonal
MnHesse: matrix is invalid!
MnHesse: matrix is not pos. def.!
MnHesse: matrix was forced pos. def.
FunctionMinimum is invalid.
Minuit failed because covariance is not accurate, and covariance is not positive definite.
2s under jitter 0.04 = 5.59239269647 with chi^2 77.2755568633
Minuit succeeded.
2s under jitter 0.04 = 5.59747875713 with chi^2 75.8167501681
VariableMetricBuilder: no improvement
VariableMetricBuilder: finishes without convergence.
VariableMetricBuilder: edm= 0.00531153 requested: 1e-05
eigenvalues: 
-0.029149
0.69672
0.921598
1
1
1
1.00077
1.38419
2.02588
matrix forced pos-def by adding 0.0311749 to diagonal
MnHesse: matrix is invalid!
MnHesse: matrix is not pos. def.!
MnHesse: matrix was forced pos. def.
FunctionMinimum is invalid.
Minuit failed because covariance is not accurate, covariance is not positive definite, and the function is above maximum EDM.
2s under jitter 0.04 = 5.58410271789 with chi^2 80.6668188637
VariableMetricBuilder: matrix not pos.def.
gdel > 0: 9.91179e-05
negative or zero diagonal element 1 in covariance matrix
negative or zero diagonal element 3 in covariance matrix
negative or zero diagonal element 5 in covariance matrix
added 1.00289 to diagonal of error matrix
gdel: 9.91179e-05
Minuit succeeded.
2s under jitter 0.04 = 5.58600770164 with chi^2 81.3766565146
eigenvalues: 
-0.0340665
0.770351
0.917499
1
1
1
1.0008
1.34022
2.0052
matrix forced pos-def by adding 0.0360717 to diagonal
MnHesse: matrix is invalid!
MnHesse: matrix is not pos. def.!
MnHesse: matrix was forced pos. def.
FunctionMinimum is invalid.
Minuit failed because covariance is not accurate, and covariance is not positive definite.
2s under jitter 0.04 = 5.59827595328 with chi^2 77.8830202817
Minuit succeeded.
2s under jitter 0.04 = 5.60222793204 with chi^2 80.6059749993
VariableMetricBuilder: no improvement
eigenvalues: 
-2.419
0.570686
0.917795
1
1
1
1.00235
1.30278
4.62539
matrix forced pos-def by adding 2.42363 to diagonal
MnHesse: matrix is invalid!
MnHesse: matrix is not pos. def.!
MnHesse: matrix was forced pos. def.
FunctionMinimum is invalid.
Minuit failed because covariance is not accurate, and covariance is not positive definite.
2s under jitter 0.04 = 5.59143903761 with chi^2 77.5888376041
VariableMetricBuilder: no improvement
eigenvalues: 
-0.68978
0.703902
0.922717
1
1
1
1.00114
1.37258
2.68944
matrix forced pos-def by adding 0.692469 to diagonal
MnHesse: matrix is invalid!
MnHesse: matrix is not pos. def.!
MnHesse: matrix was forced pos. def.
FunctionMinimum is invalid.
Minuit failed because covariance is not accurate, and covariance is not positive definite.
2s under jitter 0.04 = 5.58128255825 with chi^2 77.5862295042
VariableMetricBuilder: no improvement
VariableMetricBuilder: finishes without convergence.
VariableMetricBuilder: edm= 0.00145079 requested: 1e-05
FunctionMinimum is invalid.
Minuit failed because the function is above maximum EDM.
2s under jitter 0.04 = 5.59245393058 with chi^2 79.2184052457
VariableMetricBuilder: no improvement
Minuit succeeded.
2s under jitter 0.04 = 5.60165756763 with chi^2 79.1555212211
VariableMetricBuilder: matrix not pos.def.
gdel > 0: 0.000578232
negative or zero diagonal element 1 in covariance matrix
negative or zero diagonal element 3 in covariance matrix
added 1.00018 to diagonal of error matrix
gdel: 0.000578232
Minuit succeeded.
2s under jitter 0.04 = 5.58367729118 with chi^2 79.2366283738
VariableMetricBuilder: no improvement
eigenvalues: 
-0.263277
0.783843
0.932437
1
1
1
1.0017
1.28009
2.26521
matrix forced pos-def by adding 0.265543 to diagonal
MnHesse: matrix is invalid!
MnHesse: matrix is not pos. def.!
MnHesse: matrix was forced pos. def.
FunctionMinimum is invalid.
Minuit failed because covariance is not accurate, and covariance is not positive definite.
2s under jitter 0.04 = 5.59452190714 with chi^2 77.4368009024
Minuit succeeded.
2s under jitter 0.04 = 5.60008116042 with chi^2 76.3551284573
VariableMetricBuilder: no improvement
VariableMetricBuilder: finishes without convergence.
VariableMetricBuilder: edm= 0.000158399 requested: 1e-05
eigenvalues: 
-4.44542
0.61101
0.908312
1
1
1
1.00209
1.48661
6.43739
matrix forced pos-def by adding 4.45185 to diagonal
MnHesse: matrix is invalid!
MnHesse: matrix is not pos. def.!
MnHesse: matrix was forced pos. def.
FunctionMinimum is invalid.
Minuit failed because covariance is not accurate, covariance is not positive definite, and the function is above maximum EDM.
2s under jitter 0.04 = 5.60710837508 with chi^2 76.8026807185
VariableMetricBuilder: no improvement
VariableMetricBuilder: finishes without convergence.
VariableMetricBuilder: edm= 0.000294319 requested: 1e-05
FunctionMinimum is invalid.
Minuit failed because the function is above maximum EDM.
2s under jitter 0.04 = 5.57195769071 with chi^2 77.8116653296
Minuit succeeded.
2s under jitter 0.04 = 5.58633369193 with chi^2 78.794301582
VariableMetricBuilder: no improvement
VariableMetricBuilder: finishes without convergence.
VariableMetricBuilder: edm= 0.00108673 requested: 1e-05
FunctionMinimum is invalid.
Minuit failed because the function is above maximum EDM.
2s under jitter 0.04 = 5.57844236363 with chi^2 79.738932535
Minuit succeeded.
2s under jitter 0.04 = 5.59711786273 with chi^2 78.6998652703
VariableMetricBuilder: matrix not pos.def.
gdel > 0: 0.000791629
negative or zero diagonal element 1 in covariance matrix
negative or zero diagonal element 2 in covariance matrix
negative or zero diagonal element 3 in covariance matrix
negative or zero diagonal element 5 in covariance matrix
negative or zero diagonal element 6 in covariance matrix
added 1.08012 to diagonal of error matrix
gdel: 0.000791629
Minuit succeeded.
2s under jitter 0.04 = 5.59366667445 with chi^2 76.891165711
VariableMetricBuilder: no improvement
eigenvalues: 
-1.4722
0.673071
0.919244
1
1
1
1.00146
1.41734
3.46108
matrix forced pos-def by adding 1.47566 to diagonal
MnHesse: matrix is invalid!
MnHesse: matrix is not pos. def.!
MnHesse: matrix was forced pos. def.
FunctionMinimum is invalid.
Minuit failed because covariance is not accurate, and covariance is not positive definite.
2s under jitter 0.04 = 5.58013921102 with chi^2 76.8369186692
Minuit succeeded.
2s under jitter 0.04 = 5.5963909272 with chi^2 81.2224219715
VariableMetricBuilder: no improvement
Minuit succeeded.
2s under jitter 0.04 = 5.55096885303 with chi^2 79.0756243928
Minuit succeeded.
2s under jitter 0.04 = 5.60053463593 with chi^2 78.4670183516
Minuit succeeded.
2s under jitter 0.04 = 5.59529334721 with chi^2 78.1514912614
eigenvalues: 
-0.294748
0.774909
0.913836
1
1
1
1.00141
1.22826
2.37633
matrix forced pos-def by adding 0.297124 to diagonal
MnHesse: matrix is invalid!
MnHesse: matrix is not pos. def.!
MnHesse: matrix was forced pos. def.
FunctionMinimum is invalid.
Minuit failed because covariance is not accurate, and covariance is not positive definite.
2s under jitter 0.04 = 5.5823740107 with chi^2 77.2246755759
Minuit succeeded.
2s under jitter 0.04 = 5.5969195618 with chi^2 78.9593374287
VariableMetricBuilder: matrix not pos.def.
gdel > 0: 6.63261e-05
negative or zero diagonal element 1 in covariance matrix
negative or zero diagonal element 5 in covariance matrix
added 1.0337 to diagonal of error matrix
gdel: 6.63261e-05
Minuit succeeded.
2s under jitter 0.04 = 5.57436838484 with chi^2 78.0999816688
Minuit succeeded.
2s under jitter 0.04 = 5.5784140959 with chi^2 78.3895326362
VariableMetricBuilder: no improvement
VariableMetricBuilder: finishes without convergence.
VariableMetricBuilder: edm= 0.00073877 requested: 1e-05
eigenvalues: 
-10.8617
0.282281
0.89055
1
1
1
1.00274
1.82042
12.8657
matrix forced pos-def by adding 10.8746 to diagonal
MnHesse: matrix is invalid!
MnHesse: matrix is not pos. def.!
MnHesse: matrix was forced pos. def.
FunctionMinimum is invalid.
Minuit failed because covariance is not accurate, covariance is not positive definite, and the function is above maximum EDM.
2s under jitter 0.04 = 5.6040799857 with chi^2 77.9988522922
VariableMetricBuilder: no improvement
VariableMetricBuilder: finishes without convergence.
VariableMetricBuilder: edm= 0.00013975 requested: 1e-05
eigenvalues: 
-0.153733
0.755072
0.929933
1
1
1
1.00282
1.41828
2.04762
matrix forced pos-def by adding 0.155781 to diagonal
MnHesse: matrix is invalid!
MnHesse: matrix is not pos. def.!
MnHesse: matrix was forced pos. def.
FunctionMinimum is invalid.
Minuit failed because covariance is not accurate, covariance is not positive definite, and the function is above maximum EDM.
2s under jitter 0.04 = 5.58640505923 with chi^2 79.8822245995
VariableMetricBuilder: matrix not pos.def.
gdel > 0: 0.000325698
negative or zero diagonal element 1 in covariance matrix
negative or zero diagonal element 3 in covariance matrix
added 1.00076 to diagonal of error matrix
gdel: 0.000325698
Minuit succeeded.
2s under jitter 0.04 = 5.58228207762 with chi^2 79.8369762109
VariableMetricBuilder: no improvement
VariableMetricBuilder: finishes without convergence.
VariableMetricBuilder: edm= 0.000165347 requested: 1e-05
FunctionMinimum is invalid.
Minuit failed because the function is above maximum EDM.
2s under jitter 0.04 = 5.57301926859 with chi^2 78.5576420626
VariableMetricBuilder: no improvement
Minuit succeeded.
2s under jitter 0.04 = 5.57993226411 with chi^2 78.0022955263
eigenvalues: 
-0.127173
0.801545
0.933813
1
1
1
1.00202
1.35719
2.03261
matrix forced pos-def by adding 0.129206 to diagonal
MnHesse: matrix is invalid!
MnHesse: matrix is not pos. def.!
MnHesse: matrix was forced pos. def.
FunctionMinimum is invalid.
Minuit failed because covariance is not accurate, and covariance is not positive definite.
2s under jitter 0.04 = 5.57338072469 with chi^2 76.3676930449
VariableMetricBuilder: matrix not pos.def.
gdel > 0: 0.000477831
negative or zero diagonal element 0 in covariance matrix
negative or zero diagonal element 1 in covariance matrix
added 1.00592 to diagonal of error matrix
gdel: 0.000477831
Minuit succeeded.
2s under jitter 0.04 = 5.59575355176 with chi^2 82.1298210659
VariableMetricBuilder: no improvement
Minuit succeeded.
2s under jitter 0.04 = 5.59949894273 with chi^2 79.6211622675
VariableMetricBuilder: no improvement
Minuit succeeded.
2s under jitter 0.04 = 5.57948255392 with chi^2 78.6868390755
Minuit succeeded.
2s under jitter 0.04 = 5.56802173084 with chi^2 78.3103670434
VariableMetricBuilder: no improvement
Minuit succeeded.
2s under jitter 0.04 = 5.5797300298 with chi^2 78.9174700458
VariableMetricBuilder: no improvement
VariableMetricBuilder: finishes without convergence.
VariableMetricBuilder: edm= 0.000214258 requested: 1e-05
FunctionMinimum is invalid.
Minuit failed because the function is above maximum EDM.
2s under jitter 0.04 = 5.58533439206 with chi^2 78.2177200888
VariableMetricBuilder: matrix not pos.def.
edm < 0
negative or zero diagonal element 3 in covariance matrix
added 1.00287 to diagonal of error matrix
Minuit succeeded.
2s under jitter 0.04 = 5.59700682836 with chi^2 78.7324602309
Minuit succeeded.
2s under jitter 0.04 = 5.60169842378 with chi^2 79.1102927886
Minuit succeeded.
2s under jitter 0.04 = 5.60583306478 with chi^2 78.8775412183
VariableMetricBuilder: no improvement
VariableMetricBuilder: finishes without convergence.
VariableMetricBuilder: edm= 0.00014571 requested: 1e-05
FunctionMinimum is invalid.
Minuit failed because the function is above maximum EDM.
2s under jitter 0.04 = 5.59089991013 with chi^2 81.3682765811
VariableMetricBuilder: matrix not pos.def.
gdel > 0: 0.005926
negative or zero diagonal element 0 in covariance matrix
negative or zero diagonal element 1 in covariance matrix
negative or zero diagonal element 3 in covariance matrix
added 1.04101 to diagonal of error matrix
gdel: 0.005926
Minuit succeeded.
2s under jitter 0.04 = 5.59695957516 with chi^2 79.4392780093
VariableMetricBuilder: no improvement
Minuit succeeded.
2s under jitter 0.04 = 5.60999214893 with chi^2 77.4323756024
VariableMetricBuilder: no improvement
VariableMetricBuilder: finishes without convergence.
VariableMetricBuilder: edm= 0.000433605 requested: 1e-05
eigenvalues: 
-0.0416937
0.716557
0.923243
1
1
1
1.00078
1.38704
2.01407
matrix forced pos-def by adding 0.0437077 to diagonal
MnHesse: matrix is invalid!
MnHesse: matrix is not pos. def.!
MnHesse: matrix was forced pos. def.
FunctionMinimum is invalid.
Minuit failed because covariance is not accurate, covariance is not positive definite, and the function is above maximum EDM.
2s under jitter 0.04 = 5.60002444449 with chi^2 78.4443821719
Minuit succeeded.
2s under jitter 0.04 = 5.59644070178 with chi^2 77.3039400851
eigenvalues: 
-0.258983
0.621796
0.91766
1
1
1
1.00174
1.26278
2.45501
matrix forced pos-def by adding 0.261438 to diagonal
MnHesse: matrix is invalid!
MnHesse: matrix is not pos. def.!
MnHesse: matrix was forced pos. def.
FunctionMinimum is invalid.
Minuit failed because covariance is not accurate, and covariance is not positive definite.
2s under jitter 0.04 = 5.57405855788 with chi^2 79.1328200344
Minuit succeeded.
2s under jitter 0.04 = 5.58320575976 with chi^2 76.9475602316
VariableMetricBuilder: no improvement
eigenvalues: 
-0.18083
0.725846
0.908317
1
1
1
1.00261
1.35747
2.18658
matrix forced pos-def by adding 0.183017 to diagonal
MnHesse: matrix is invalid!
MnHesse: matrix is not pos. def.!
MnHesse: matrix was forced pos. def.
FunctionMinimum is invalid.
Minuit failed because covariance is not accurate, and covariance is not positive definite.
2s under jitter 0.04 = 5.59071653608 with chi^2 78.901093746
Minuit succeeded.
2s under jitter 0.04 = 5.57758987453 with chi^2 78.2104124248
Minuit succeeded.
2s under jitter 0.04 = 5.58931811778 with chi^2 78.9283937674
VariableMetricBuilder: matrix not pos.def.
gdel > 0: 0.00156167
negative or zero diagonal element 1 in covariance matrix
added 1 to diagonal of error matrix
gdel: 0.00156167
Minuit succeeded.
2s under jitter 0.04 = 5.59086438303 with chi^2 80.2045247091
Minuit succeeded.
2s under jitter 0.04 = 5.58991047105 with chi^2 78.0667300671
VariableMetricBuilder: no improvement
VariableMetricBuilder: finishes without convergence.
VariableMetricBuilder: edm= 0.000284633 requested: 1e-05
FunctionMinimum is invalid.
Minuit failed because the function is above maximum EDM.
2s under jitter 0.04 = 5.59021406749 with chi^2 78.4195750379
VariableMetricBuilder: matrix not pos.def.
gdel > 0: 8.74486e-05
eigenvalues: 
-0.100054
0.349612
0.793285
0.97501
0.994296
1.03119
1.12556
1.14037
2.69072
matrix forced pos-def by adding 0.102745 to diagonal
gdel: -2.65046e-05
Minuit succeeded.
2s under jitter 0.04 = 5.58689363024 with chi^2 77.3895501259
VariableMetricBuilder: no improvement
VariableMetricBuilder: finishes without convergence.
VariableMetricBuilder: edm= 0.00394524 requested: 1e-05
FunctionMinimum is invalid.
Minuit failed because the function is above maximum EDM.
2s under jitter 0.04 = 5.59214735301 with chi^2 79.1727490825
eigenvalues: 
-0.354336
0.71134
0.910146
1
1
1
1.00188
1.36284
2.36813
matrix forced pos-def by adding 0.356704 to diagonal
MnHesse: matrix is invalid!
MnHesse: matrix is not pos. def.!
MnHesse: matrix was forced pos. def.
FunctionMinimum is invalid.
Minuit failed because covariance is not accurate, and covariance is not positive definite.
2s under jitter 0.04 = 5.5812312074 with chi^2 78.997712528
Minuit succeeded.
2s under jitter 0.04 = 5.59987681934 with chi^2 79.2167037421
VariableMetricBuilder: no improvement
Minuit succeeded.
2s under jitter 0.04 = 5.59752044589 with chi^2 80.2462036518
VariableMetricBuilder: no improvement
Minuit succeeded.
2s under jitter 0.04 = 5.58158470504 with chi^2 76.0294537793
Minuit succeeded.
2s under jitter 0.04 = 5.58822853068 with chi^2 77.88046394
eigenvalues: 
-0.302682
0.649071
0.910823
1
1
1
1.00196
1.37284
2.36799
matrix forced pos-def by adding 0.30505 to diagonal
MnHesse: matrix is invalid!
MnHesse: matrix is not pos. def.!
MnHesse: matrix was forced pos. def.
FunctionMinimum is invalid.
Minuit failed because covariance is not accurate, and covariance is not positive definite.
2s under jitter 0.04 = 5.57769713042 with chi^2 79.3381018242
eigenvalues: 
-0.42069
0.770554
0.93449
1
1
1
1.00112
1.34955
2.36498
matrix forced pos-def by adding 0.423055 to diagonal
MnHesse: matrix is invalid!
MnHesse: matrix is not pos. def.!
MnHesse: matrix was forced pos. def.
FunctionMinimum is invalid.
Minuit failed because covariance is not accurate, and covariance is not positive definite.
2s under jitter 0.04 = 5.59383531653 with chi^2 79.578529012
VariableMetricBuilder: matrix not pos.def.
gdel > 0: 0.0968053
negative or zero diagonal element 0 in covariance matrix
negative or zero diagonal element 1 in covariance matrix
negative or zero diagonal element 3 in covariance matrix
negative or zero diagonal element 4 in covariance matrix
negative or zero diagonal element 5 in covariance matrix
negative or zero diagonal element 6 in covariance matrix
added 1.11008 to diagonal of error matrix
gdel: 0.0968053
Minuit succeeded.
2s under jitter 0.04 = 5.58560127807 with chi^2 76.8557692424
