eigenvalues: 
-0.427384
0.477356
0.914847
1
1
1
1.00213
1.08909
2.94396
matrix forced pos-def by adding 0.430327 to diagonal
MnHesse: matrix is invalid!
MnHesse: matrix is not pos. def.!
MnHesse: matrix was forced pos. def.
FunctionMinimum is invalid.
Minuit failed because covariance is not accurate, and covariance is not positive definite.
2s under jitter 0.08 = 5.61157392779 with chi^2 80.3006068329
VariableMetricBuilder: no improvement
VariableMetricBuilder: finishes without convergence.
VariableMetricBuilder: edm= 0.000108455 requested: 1e-05
FunctionMinimum is invalid.
Minuit failed because the function is above maximum EDM.
2s under jitter 0.08 = 5.63232482684 with chi^2 82.4341788033
eigenvalues: 
-0.172799
0.774245
0.928968
1
1
1
1.00083
1.29474
2.17402
matrix forced pos-def by adding 0.174973 to diagonal
MnHesse: matrix is invalid!
MnHesse: matrix is not pos. def.!
MnHesse: matrix was forced pos. def.
FunctionMinimum is invalid.
Minuit failed because covariance is not accurate, and covariance is not positive definite.
2s under jitter 0.08 = 5.5657629788 with chi^2 77.6762129131
VariableMetricBuilder: no improvement
eigenvalues: 
-0.0237604
0.683665
0.919602
1
1
1
1.00111
1.29914
2.12024
matrix forced pos-def by adding 0.0258806 to diagonal
MnHesse: matrix is invalid!
MnHesse: matrix is not pos. def.!
MnHesse: matrix was forced pos. def.
FunctionMinimum is invalid.
Minuit failed because covariance is not accurate, and covariance is not positive definite.
2s under jitter 0.08 = 5.60353402414 with chi^2 80.6644194955
eigenvalues: 
-0.463981
0.820541
0.914328
1
1
1
1.00097
1.05082
2.67733
matrix forced pos-def by adding 0.466658 to diagonal
MnHesse: matrix is invalid!
MnHesse: matrix is not pos. def.!
MnHesse: matrix was forced pos. def.
FunctionMinimum is invalid.
Minuit failed because covariance is not accurate, and covariance is not positive definite.
2s under jitter 0.08 = 5.61805234394 with chi^2 81.5049912657
Minuit succeeded.
2s under jitter 0.08 = 5.60739479367 with chi^2 83.3479097436
Minuit succeeded.
2s under jitter 0.08 = 5.60834596243 with chi^2 77.0324580365
VariableMetricBuilder: no improvement
eigenvalues: 
-0.590984
0.778637
0.939841
1
1
1
1.00098
1.43927
2.43226
matrix forced pos-def by adding 0.593417 to diagonal
MnHesse: matrix is invalid!
MnHesse: matrix is not pos. def.!
MnHesse: matrix was forced pos. def.
FunctionMinimum is invalid.
Minuit failed because covariance is not accurate, and covariance is not positive definite.
2s under jitter 0.08 = 5.53749208514 with chi^2 85.3839464247
Minuit succeeded.
2s under jitter 0.08 = 5.63585961131 with chi^2 85.6259794363
VariableMetricBuilder: no improvement
Minuit succeeded.
2s under jitter 0.08 = 5.57177258882 with chi^2 79.9649244507
Minuit succeeded.
2s under jitter 0.08 = 5.57274374332 with chi^2 82.2151811016
VariableMetricBuilder: no improvement
eigenvalues: 
-1.07938
0.742852
0.928482
1
1
1
1.00078
1.39391
3.01336
matrix forced pos-def by adding 1.0824 to diagonal
MnHesse: matrix is invalid!
MnHesse: matrix is not pos. def.!
MnHesse: matrix was forced pos. def.
FunctionMinimum is invalid.
Minuit failed because covariance is not accurate, and covariance is not positive definite.
2s under jitter 0.08 = 5.58992004183 with chi^2 79.4056047152
VariableMetricBuilder: matrix not pos.def.
gdel > 0: 0.00102276
eigenvalues: 
-0.824094
0.543786
0.946629
0.998234
1.00706
1.00772
1.04583
1.13343
3.14141
matrix forced pos-def by adding 0.827235 to diagonal
gdel: -0.00016115
eigenvalues: 
-0.519464
0.753401
0.923727
1
1
1
1.00087
1.47529
2.36618
matrix forced pos-def by adding 0.52183 to diagonal
MnHesse: matrix is invalid!
MnHesse: matrix is not pos. def.!
MnHesse: matrix was forced pos. def.
FunctionMinimum is invalid.
Minuit failed because covariance is not accurate, and covariance is not positive definite.
2s under jitter 0.08 = 5.5937496574 with chi^2 82.8469812303
Minuit succeeded.
2s under jitter 0.08 = 5.58545460703 with chi^2 76.6422926331
VariableMetricBuilder: no improvement
Minuit succeeded.
2s under jitter 0.08 = 5.5888064513 with chi^2 82.8204872189
eigenvalues: 
-0.00433264
0.797882
0.929855
1
1
1
1.00313
1.29591
1.97755
matrix forced pos-def by adding 0.00631018 to diagonal
MnHesse: matrix is invalid!
MnHesse: matrix is not pos. def.!
MnHesse: matrix was forced pos. def.
FunctionMinimum is invalid.
Minuit failed because covariance is not accurate, and covariance is not positive definite.
2s under jitter 0.08 = 5.58312581272 with chi^2 78.9143009746
VariableMetricBuilder: no improvement
VariableMetricBuilder: finishes without convergence.
VariableMetricBuilder: edm= 0.01878 requested: 1e-05
FunctionMinimum is invalid.
Minuit failed because the function is above maximum EDM.
2s under jitter 0.08 = 5.5900145172 with chi^2 79.7696702358
VariableMetricBuilder: no improvement
VariableMetricBuilder: finishes without convergence.
VariableMetricBuilder: edm= 0.00694567 requested: 1e-05
FunctionMinimum is invalid.
Minuit failed because the function is above maximum EDM.
2s under jitter 0.08 = 5.62779413779 with chi^2 81.1900226568
Minuit succeeded.
2s under jitter 0.08 = 5.59081388196 with chi^2 81.6861724742
Minuit succeeded.
2s under jitter 0.08 = 5.66490805582 with chi^2 83.646302539
Minuit succeeded.
2s under jitter 0.08 = 5.58777277163 with chi^2 80.0398946319
VariableMetricBuilder: no improvement
eigenvalues: 
-5.94931
0.730046
0.928643
1
1
1
1.00097
1.43468
7.85496
matrix forced pos-def by adding 5.95716 to diagonal
MnHesse: matrix is invalid!
MnHesse: matrix is not pos. def.!
MnHesse: matrix was forced pos. def.
FunctionMinimum is invalid.
Minuit failed because covariance is not accurate, and covariance is not positive definite.
2s under jitter 0.08 = 5.60403071786 with chi^2 78.7489860334
Minuit succeeded.
2s under jitter 0.08 = 5.64073847727 with chi^2 78.0275966238
VariableMetricBuilder: matrix not pos.def.
gdel > 0: 0.00554548
negative or zero diagonal element 1 in covariance matrix
negative or zero diagonal element 2 in covariance matrix
negative or zero diagonal element 5 in covariance matrix
added 1.01119 to diagonal of error matrix
gdel: 0.00554548
Minuit succeeded.
2s under jitter 0.08 = 5.58340449187 with chi^2 83.3777282368
VariableMetricBuilder: no improvement
VariableMetricBuilder: finishes without convergence.
VariableMetricBuilder: edm= 0.00274521 requested: 1e-05
FunctionMinimum is invalid.
Minuit failed because the function is above maximum EDM.
2s under jitter 0.08 = 5.62070958863 with chi^2 81.0358868523
VariableMetricBuilder: matrix not pos.def.
gdel > 0: 0.00176261
negative or zero diagonal element 0 in covariance matrix
negative or zero diagonal element 1 in covariance matrix
negative or zero diagonal element 5 in covariance matrix
added 1.05378 to diagonal of error matrix
gdel: 0.00176261
Minuit succeeded.
2s under jitter 0.08 = 5.56015727163 with chi^2 78.4636927344
eigenvalues: 
-0.508708
0.687757
0.903675
1
1
1
1.00155
1.30184
2.61388
matrix forced pos-def by adding 0.511321 to diagonal
MnHesse: matrix is invalid!
MnHesse: matrix is not pos. def.!
MnHesse: matrix was forced pos. def.
FunctionMinimum is invalid.
Minuit failed because covariance is not accurate, and covariance is not positive definite.
2s under jitter 0.08 = 5.6378744183 with chi^2 93.9828292676
VariableMetricBuilder: no improvement
Minuit succeeded.
2s under jitter 0.08 = 5.58614160841 with chi^2 80.8260854393
eigenvalues: 
-0.163089
0.857943
0.925205
1
1
1
1.00066
1.04602
2.33326
matrix forced pos-def by adding 0.165422 to diagonal
MnHesse: matrix is invalid!
MnHesse: matrix is not pos. def.!
MnHesse: matrix was forced pos. def.
FunctionMinimum is invalid.
Minuit failed because covariance is not accurate, and covariance is not positive definite.
2s under jitter 0.08 = 5.55212576008 with chi^2 76.8396641801
eigenvalues: 
-0.177805
0.714618
0.926139
1
1
1
1.00191
1.19585
2.33929
matrix forced pos-def by adding 0.180145 to diagonal
MnHesse: matrix is invalid!
MnHesse: matrix is not pos. def.!
MnHesse: matrix was forced pos. def.
FunctionMinimum is invalid.
Minuit failed because covariance is not accurate, and covariance is not positive definite.
2s under jitter 0.08 = 5.58113557173 with chi^2 77.0386877237
eigenvalues: 
-0.129988
0.684318
0.912907
1
1
1
1.00092
1.1865
2.34534
matrix forced pos-def by adding 0.132334 to diagonal
MnHesse: matrix is invalid!
MnHesse: matrix is not pos. def.!
MnHesse: matrix was forced pos. def.
FunctionMinimum is invalid.
Minuit failed because covariance is not accurate, and covariance is not positive definite.
2s under jitter 0.08 = 5.56406165438 with chi^2 79.6668644969
eigenvalues: 
-0.141859
0.650806
0.908875
1
1
1
1.00137
1.16144
2.41937
matrix forced pos-def by adding 0.144278 to diagonal
MnHesse: matrix is invalid!
MnHesse: matrix is not pos. def.!
MnHesse: matrix was forced pos. def.
FunctionMinimum is invalid.
Minuit failed because covariance is not accurate, and covariance is not positive definite.
2s under jitter 0.08 = 5.56497143601 with chi^2 81.3656925314
eigenvalues: 
-0.586071
0.893144
0.956864
1
1
1
1.0009
1.02926
2.7059
matrix forced pos-def by adding 0.588777 to diagonal
MnHesse: matrix is invalid!
MnHesse: matrix is not pos. def.!
MnHesse: matrix was forced pos. def.
FunctionMinimum is invalid.
Minuit failed because covariance is not accurate, and covariance is not positive definite.
2s under jitter 0.08 = 5.58836900465 with chi^2 81.5411768214
Minuit succeeded.
2s under jitter 0.08 = 5.57272046503 with chi^2 79.8489341102
VariableMetricBuilder: no improvement
Minuit succeeded.
2s under jitter 0.08 = 5.56521970989 with chi^2 76.1547147916
eigenvalues: 
-0.400993
0.801824
0.943871
1
1
1
1.00129
1.3573
2.2967
matrix forced pos-def by adding 0.40329 to diagonal
MnHesse: matrix is invalid!
MnHesse: matrix is not pos. def.!
MnHesse: matrix was forced pos. def.
FunctionMinimum is invalid.
Minuit failed because covariance is not accurate, and covariance is not positive definite.
2s under jitter 0.08 = 5.60515271539 with chi^2 80.7415811342
VariableMetricBuilder: matrix not pos.def.
gdel > 0: 4.53276e-05
negative or zero diagonal element 0 in covariance matrix
negative or zero diagonal element 1 in covariance matrix
negative or zero diagonal element 5 in covariance matrix
negative or zero diagonal element 6 in covariance matrix
added 1.01348 to diagonal of error matrix
gdel: 4.53276e-05
eigenvalues: 
-0.29667
0.732414
0.90688
1
1
1
1.00229
1.24971
2.40538
matrix forced pos-def by adding 0.299075 to diagonal
MnHesse: matrix is invalid!
MnHesse: matrix is not pos. def.!
MnHesse: matrix was forced pos. def.
FunctionMinimum is invalid.
Minuit failed because covariance is not accurate, and covariance is not positive definite.
2s under jitter 0.08 = 5.58613921416 with chi^2 78.9461047899
Minuit succeeded.
2s under jitter 0.08 = 5.6116360088 with chi^2 83.3325405901
VariableMetricBuilder: no improvement
VariableMetricBuilder: finishes without convergence.
VariableMetricBuilder: edm= 0.00358373 requested: 1e-05
FunctionMinimum is invalid.
Minuit failed because the function is above maximum EDM.
2s under jitter 0.08 = 5.63866843439 with chi^2 83.1946964229
eigenvalues: 
-1.23316
0.663417
0.919933
1
1
1
1.00221
1.36056
3.28704
matrix forced pos-def by adding 1.23645 to diagonal
MnHesse: matrix is invalid!
MnHesse: matrix is not pos. def.!
MnHesse: matrix was forced pos. def.
FunctionMinimum is invalid.
Minuit failed because covariance is not accurate, and covariance is not positive definite.
2s under jitter 0.08 = 5.62654828361 with chi^2 77.3391836057
VariableMetricBuilder: no improvement
VariableMetricBuilder: finishes without convergence.
VariableMetricBuilder: edm= 0.000233268 requested: 1e-05
FunctionMinimum is invalid.
Minuit failed because the function is above maximum EDM.
2s under jitter 0.08 = 5.64435779953 with chi^2 81.4703434756
Minuit succeeded.
2s under jitter 0.08 = 5.58387372844 with chi^2 76.6110023163
VariableMetricBuilder: matrix not pos.def.
gdel > 0: 0.000489229
negative or zero diagonal element 0 in covariance matrix
negative or zero diagonal element 1 in covariance matrix
negative or zero diagonal element 3 in covariance matrix
added 1.12924 to diagonal of error matrix
gdel: 0.000489229
Minuit succeeded.
2s under jitter 0.08 = 5.56819618108 with chi^2 78.2654564022
VariableMetricBuilder: matrix not pos.def.
gdel > 0: 0.00106672
negative or zero diagonal element 1 in covariance matrix
negative or zero diagonal element 2 in covariance matrix
negative or zero diagonal element 3 in covariance matrix
negative or zero diagonal element 8 in covariance matrix
added 1.02834 to diagonal of error matrix
gdel: 0.00106672
Minuit succeeded.
2s under jitter 0.08 = 5.57975894876 with chi^2 80.6101387015
VariableMetricBuilder: no improvement
Minuit succeeded.
2s under jitter 0.08 = 5.60423154758 with chi^2 79.8877835425
VariableMetricBuilder: no improvement
eigenvalues: 
-1.78262
0.766356
0.930731
1
1
1
1.00157
1.41513
3.66882
matrix forced pos-def by adding 1.78629 to diagonal
MnHesse: matrix is invalid!
MnHesse: matrix is not pos. def.!
MnHesse: matrix was forced pos. def.
FunctionMinimum is invalid.
Minuit failed because covariance is not accurate, and covariance is not positive definite.
2s under jitter 0.08 = 5.60275242862 with chi^2 78.4891070523
VariableMetricBuilder: no improvement
Minuit succeeded.
2s under jitter 0.08 = 5.5442552382 with chi^2 81.7110656289
VariableMetricBuilder: no improvement
eigenvalues: 
-0.0354012
0.745939
0.928838
1
1
1
1.00117
1.37293
1.98653
matrix forced pos-def by adding 0.0373877 to diagonal
MnHesse: matrix is invalid!
MnHesse: matrix is not pos. def.!
MnHesse: matrix was forced pos. def.
FunctionMinimum is invalid.
Minuit failed because covariance is not accurate, and covariance is not positive definite.
2s under jitter 0.08 = 5.62931607738 with chi^2 81.2745190304
VariableMetricBuilder: matrix not pos.def.
gdel > 0: 0.0427779
eigenvalues: 
-0.227882
0.367051
0.931966
0.948816
0.972484
0.98888
0.991155
1.05989
2.96764
matrix forced pos-def by adding 0.23085 to diagonal
gdel: -0.00376059
VariableMetricBuilder: matrix not pos.def.
gdel > 0: 8.6836e-05
negative or zero diagonal element 1 in covariance matrix
negative or zero diagonal element 3 in covariance matrix
added 1 to diagonal of error matrix
gdel: 8.6836e-05
eigenvalues: 
-5.17667e-08
0.69684
0.928241
1
1
1
1.00211
1.3728
2
matrix forced pos-def by adding 0.00200006 to diagonal
MnHesse: matrix is invalid!
MnHesse: matrix is not pos. def.!
MnHesse: matrix was forced pos. def.
FunctionMinimum is invalid.
Minuit failed because covariance is not accurate, and covariance is not positive definite.
2s under jitter 0.08 = 5.53894147126 with chi^2 84.0011961722
Minuit succeeded.
2s under jitter 0.08 = 5.56907123623 with chi^2 81.1324167258
Minuit succeeded.
2s under jitter 0.08 = 5.60814215236 with chi^2 76.8542976123
VariableMetricBuilder: no improvement
VariableMetricBuilder: finishes without convergence.
VariableMetricBuilder: edm= 0.000130223 requested: 1e-05
FunctionMinimum is invalid.
Minuit failed because the function is above maximum EDM.
2s under jitter 0.08 = 5.63433267205 with chi^2 81.310216242
Minuit succeeded.
2s under jitter 0.08 = 5.63491281932 with chi^2 89.1782957426
Minuit succeeded.
2s under jitter 0.08 = 5.59508307104 with chi^2 78.5395198923
eigenvalues: 
-0.521352
0.731975
0.912515
1
1
1
1.00182
1.41926
2.45578
matrix forced pos-def by adding 0.523808 to diagonal
MnHesse: matrix is invalid!
MnHesse: matrix is not pos. def.!
MnHesse: matrix was forced pos. def.
FunctionMinimum is invalid.
Minuit failed because covariance is not accurate, and covariance is not positive definite.
2s under jitter 0.08 = 5.57298122936 with chi^2 77.5043436058
VariableMetricBuilder: no improvement
Minuit succeeded.
2s under jitter 0.08 = 5.56337038077 with chi^2 78.7967444059
Minuit succeeded.
2s under jitter 0.08 = 5.57118299891 with chi^2 84.3409378599
VariableMetricBuilder: no improvement
Minuit succeeded.
2s under jitter 0.08 = 5.61907967017 with chi^2 80.27079194
eigenvalues: 
-0.0615408
0.72131
0.918198
1
1
1
1.00113
1.38146
2.03944
matrix forced pos-def by adding 0.0635802 to diagonal
MnHesse: matrix is invalid!
MnHesse: matrix is not pos. def.!
MnHesse: matrix was forced pos. def.
FunctionMinimum is invalid.
Minuit failed because covariance is not accurate, and covariance is not positive definite.
2s under jitter 0.08 = 5.63009728955 with chi^2 81.7113588564
Minuit succeeded.
2s under jitter 0.08 = 5.6005238207 with chi^2 79.9955821669
Minuit succeeded.
2s under jitter 0.08 = 5.61409515182 with chi^2 82.0199011509
Minuit succeeded.
2s under jitter 0.08 = 5.59724648081 with chi^2 78.7332657366
eigenvalues: 
-0.0276135
0.820854
0.920747
1
1
1
1.00087
1.17468
2.11046
matrix forced pos-def by adding 0.0297239 to diagonal
MnHesse: matrix is invalid!
MnHesse: matrix is not pos. def.!
MnHesse: matrix was forced pos. def.
FunctionMinimum is invalid.
Minuit failed because covariance is not accurate, and covariance is not positive definite.
2s under jitter 0.08 = 5.58038573301 with chi^2 76.858492078
VariableMetricBuilder: no improvement
Minuit succeeded.
2s under jitter 0.08 = 5.59607727797 with chi^2 81.4228562077
Minuit succeeded.
2s under jitter 0.08 = 5.5483779134 with chi^2 75.1884269221
VariableMetricBuilder: matrix not pos.def.
gdel > 0: 8.13887e-05
negative or zero diagonal element 1 in covariance matrix
negative or zero diagonal element 3 in covariance matrix
negative or zero diagonal element 5 in covariance matrix
added 1.00237 to diagonal of error matrix
gdel: 8.13887e-05
Minuit succeeded.
2s under jitter 0.08 = 5.58946807238 with chi^2 77.0351271945
Minuit succeeded.
2s under jitter 0.08 = 5.57136962354 with chi^2 79.0670296725
VariableMetricBuilder: matrix not pos.def.
gdel > 0: 0.00059579
negative or zero diagonal element 1 in covariance matrix
added 1.00125 to diagonal of error matrix
gdel: 0.00059579
Minuit succeeded.
2s under jitter 0.08 = 5.58581331168 with chi^2 81.8025643738
VariableMetricBuilder: no improvement
VariableMetricBuilder: finishes without convergence.
VariableMetricBuilder: edm= 0.000136232 requested: 1e-05
FunctionMinimum is invalid.
Minuit failed because the function is above maximum EDM.
2s under jitter 0.08 = 5.59477186009 with chi^2 78.932950451
VariableMetricBuilder: no improvement
VariableMetricBuilder: finishes without convergence.
VariableMetricBuilder: edm= 0.00019006 requested: 1e-05
FunctionMinimum is invalid.
Minuit failed because the function is above maximum EDM.
2s under jitter 0.08 = 5.5962714846 with chi^2 78.9852856866
Minuit succeeded.
2s under jitter 0.08 = 5.61733809017 with chi^2 80.9885188075
Minuit succeeded.
2s under jitter 0.08 = 5.60128878266 with chi^2 79.8111174803
VariableMetricBuilder: no improvement
Minuit succeeded.
2s under jitter 0.08 = 5.63080671845 with chi^2 80.1138076816
VariableMetricBuilder: no improvement
VariableMetricBuilder: finishes without convergence.
VariableMetricBuilder: edm= 0.000308741 requested: 1e-05
FunctionMinimum is invalid.
Minuit failed because the function is above maximum EDM.
2s under jitter 0.08 = 5.57091534416 with chi^2 83.7137249803
VariableMetricBuilder: matrix not pos.def.
gdel > 0: 0.000119618
negative or zero diagonal element 1 in covariance matrix
added 1.00055 to diagonal of error matrix
gdel: 0.000119618
Minuit succeeded.
2s under jitter 0.08 = 5.59644372656 with chi^2 80.8892247042
VariableMetricBuilder: matrix not pos.def.
gdel > 0: 0.00878517
negative or zero diagonal element 0 in covariance matrix
negative or zero diagonal element 1 in covariance matrix
negative or zero diagonal element 2 in covariance matrix
negative or zero diagonal element 3 in covariance matrix
negative or zero diagonal element 4 in covariance matrix
negative or zero diagonal element 5 in covariance matrix
negative or zero diagonal element 6 in covariance matrix
negative or zero diagonal element 7 in covariance matrix
negative or zero diagonal element 8 in covariance matrix
added 1.25085 to diagonal of error matrix
gdel: 0.00878517
Minuit succeeded.
2s under jitter 0.08 = 5.60432866113 with chi^2 82.3742674327
Minuit succeeded.
2s under jitter 0.08 = 5.59071491643 with chi^2 75.8692604442
VariableMetricBuilder: no improvement
eigenvalues: 
-0.129943
0.776527
0.929102
1
1
1
1.00368
1.38483
2.0358
matrix forced pos-def by adding 0.131979 to diagonal
MnHesse: matrix is invalid!
MnHesse: matrix is not pos. def.!
MnHesse: matrix was forced pos. def.
FunctionMinimum is invalid.
Minuit failed because covariance is not accurate, and covariance is not positive definite.
2s under jitter 0.08 = 5.56785810806 with chi^2 84.1113958415
Minuit succeeded.
2s under jitter 0.08 = 5.63004431376 with chi^2 84.3205261756
VariableMetricBuilder: no improvement
Minuit succeeded.
2s under jitter 0.08 = 5.62634928327 with chi^2 87.8925065179
VariableMetricBuilder: no improvement
eigenvalues: 
-0.162467
0.781468
0.928417
1
1
1
1.00082
1.32963
2.12213
matrix forced pos-def by adding 0.164589 to diagonal
MnHesse: matrix is invalid!
MnHesse: matrix is not pos. def.!
MnHesse: matrix was forced pos. def.
FunctionMinimum is invalid.
Minuit failed because covariance is not accurate, and covariance is not positive definite.
2s under jitter 0.08 = 5.57677138655 with chi^2 81.2473963275
VariableMetricBuilder: no improvement
VariableMetricBuilder: finishes without convergence.
VariableMetricBuilder: edm= 0.000400925 requested: 1e-05
FunctionMinimum is invalid.
Minuit failed because the function is above maximum EDM.
2s under jitter 0.08 = 5.597816664 with chi^2 78.0770612565
VariableMetricBuilder: no improvement
VariableMetricBuilder: finishes without convergence.
VariableMetricBuilder: edm= 0.000125982 requested: 1e-05
FunctionMinimum is invalid.
Minuit failed because the function is above maximum EDM.
2s under jitter 0.08 = 5.59518067598 with chi^2 78.4159419387
Minuit succeeded.
2s under jitter 0.08 = 5.59470979731 with chi^2 79.8605802427
Minuit succeeded.
2s under jitter 0.08 = 5.63468918771 with chi^2 84.8271456537
VariableMetricBuilder: matrix not pos.def.
edm < 0
eigenvalues: 
-0.515063
0.169837
0.553338
0.954207
1.01757
1.04961
1.05505
1.08283
3.63262
matrix forced pos-def by adding 0.518696 to diagonal
Minuit succeeded.
2s under jitter 0.08 = 5.61362365845 with chi^2 80.1635544731
VariableMetricBuilder: no improvement
VariableMetricBuilder: finishes without convergence.
VariableMetricBuilder: edm= 0.00154619 requested: 1e-05
FunctionMinimum is invalid.
Minuit failed because the function is above maximum EDM.
2s under jitter 0.08 = 5.59588725797 with chi^2 75.7704459671
VariableMetricBuilder: matrix not pos.def.
gdel > 0: 0.00354115
negative or zero diagonal element 1 in covariance matrix
added 1.00087 to diagonal of error matrix
gdel: 0.00354115
Minuit succeeded.
2s under jitter 0.08 = 5.62206231625 with chi^2 79.9358214426
Minuit succeeded.
2s under jitter 0.08 = 5.61292670749 with chi^2 81.5045340816
VariableMetricBuilder: no improvement
Minuit succeeded.
2s under jitter 0.08 = 5.57449180929 with chi^2 77.505689498
VariableMetricBuilder: matrix not pos.def.
gdel > 0: 0.000554935
negative or zero diagonal element 0 in covariance matrix
negative or zero diagonal element 1 in covariance matrix
added 1.00098 to diagonal of error matrix
gdel: 0.000554935
Minuit succeeded.
2s under jitter 0.08 = 5.61464062038 with chi^2 80.8465588439
VariableMetricBuilder: no improvement
Minuit succeeded.
2s under jitter 0.08 = 5.57827719225 with chi^2 79.4032373071
VariableMetricBuilder: no improvement
Minuit succeeded.
2s under jitter 0.08 = 5.65507344725 with chi^2 85.4818602703
Minuit succeeded.
2s under jitter 0.08 = 5.58985125881 with chi^2 79.5467082342
VariableMetricBuilder: matrix not pos.def.
gdel > 0: 0.00655837
negative or zero diagonal element 0 in covariance matrix
negative or zero diagonal element 1 in covariance matrix
added 1.00264 to diagonal of error matrix
gdel: 0.00655837
Minuit succeeded.
2s under jitter 0.08 = 5.56640692262 with chi^2 79.0713435182
Minuit succeeded.
2s under jitter 0.08 = 5.57793880764 with chi^2 76.9816894053
VariableMetricBuilder: matrix not pos.def.
gdel > 0: 0.00117313
eigenvalues: 
-0.647285
0.503439
0.879106
0.953294
0.997659
1.00724
1.0404
1.45829
2.80785
matrix forced pos-def by adding 0.650093 to diagonal
gdel: -5.50491e-05
VariableMetricBuilder: no improvement
VariableMetricBuilder: finishes without convergence.
VariableMetricBuilder: edm= 0.000101004 requested: 1e-05
FunctionMinimum is invalid.
Minuit failed because the function is above maximum EDM.
2s under jitter 0.08 = 5.63439602474 with chi^2 79.0792807927
VariableMetricBuilder: no improvement
VariableMetricBuilder: finishes without convergence.
VariableMetricBuilder: edm= 0.000648341 requested: 1e-05
FunctionMinimum is invalid.
Minuit failed because the function is above maximum EDM.
2s under jitter 0.08 = 5.58467711264 with chi^2 78.2253383503
eigenvalues: 
-0.0128153
0.646476
0.90821
1
1
1
1.00047
1.05186
2.4058
matrix forced pos-def by adding 0.0152211 to diagonal
MnHesse: matrix is invalid!
MnHesse: matrix is not pos. def.!
MnHesse: matrix was forced pos. def.
FunctionMinimum is invalid.
Minuit failed because covariance is not accurate, and covariance is not positive definite.
2s under jitter 0.08 = 5.60896838649 with chi^2 87.7853828301
Minuit succeeded.
2s under jitter 0.08 = 5.59418063811 with chi^2 76.9117377548
