VariableMetricBuilder: no improvement
VariableMetricBuilder: finishes without convergence.
VariableMetricBuilder: edm= 0.00192535 requested: 1e-05
eigenvalues: 
-0.00135647
0.579024
0.905027
1
1
1
1.00214
1.47998
2.03519
matrix forced pos-def by adding 0.00339166 to diagonal
MnHesse: matrix is invalid!
MnHesse: matrix is not pos. def.!
MnHesse: matrix was forced pos. def.
FunctionMinimum is invalid.
Minuit failed because covariance is not accurate, covariance is not positive definite, and the function is above maximum EDM.
2s under jitter 0.12 = 5.6236863469 with chi^2 90.3505106003
VariableMetricBuilder: matrix not pos.def.
gdel > 0: 2.76903e-05
eigenvalues: 
-4.83609
0.332981
0.860108
0.929517
0.993013
1.03741
1.07512
1.29016
7.31778
matrix forced pos-def by adding 4.8434 to diagonal
gdel: -8.58666e-05
VariableMetricBuilder: no improvement
VariableMetricBuilder: finishes without convergence.
VariableMetricBuilder: edm= 0.000106392 requested: 1e-05
FunctionMinimum is invalid.
Minuit failed because the function is above maximum EDM.
2s under jitter 0.12 = 5.58869190139 with chi^2 77.9941889453
Minuit succeeded.
2s under jitter 0.12 = 5.58693101856 with chi^2 82.5476669649
eigenvalues: 
-0.310767
0.791146
0.910168
1
1
1
1.0022
1.1318
2.47545
matrix forced pos-def by adding 0.313242 to diagonal
MnHesse: matrix is invalid!
MnHesse: matrix is not pos. def.!
MnHesse: matrix was forced pos. def.
FunctionMinimum is invalid.
Minuit failed because covariance is not accurate, and covariance is not positive definite.
2s under jitter 0.12 = 5.64431677404 with chi^2 79.6447721025
VariableMetricBuilder: matrix not pos.def.
gdel > 0: 3.80957e-06
negative or zero diagonal element 1 in covariance matrix
added 1.00013 to diagonal of error matrix
gdel: 3.80957e-06
Minuit succeeded.
2s under jitter 0.12 = 5.53201619895 with chi^2 81.326991148
Minuit succeeded.
2s under jitter 0.12 = 5.57259531273 with chi^2 76.266178197
Minuit succeeded.
2s under jitter 0.12 = 5.57658604895 with chi^2 78.9201152363
eigenvalues: 
-0.0271405
0.823212
0.918213
1
1
1
1.00113
1.25182
2.03277
matrix forced pos-def by adding 0.0291733 to diagonal
MnHesse: matrix is invalid!
MnHesse: matrix is not pos. def.!
MnHesse: matrix was forced pos. def.
FunctionMinimum is invalid.
Minuit failed because covariance is not accurate, and covariance is not positive definite.
2s under jitter 0.12 = 5.62218536784 with chi^2 83.0775443347
Minuit succeeded.
2s under jitter 0.12 = 5.53761324271 with chi^2 81.2266862102
VariableMetricBuilder: no improvement
VariableMetricBuilder: finishes without convergence.
VariableMetricBuilder: edm= 0.00472328 requested: 1e-05
eigenvalues: 
-0.0106327
0.589466
0.904495
1
1
1
1.00235
1.49984
2.01448
matrix forced pos-def by adding 0.0126472 to diagonal
MnHesse: matrix is invalid!
MnHesse: matrix is not pos. def.!
MnHesse: matrix was forced pos. def.
FunctionMinimum is invalid.
Minuit failed because covariance is not accurate, covariance is not positive definite, and the function is above maximum EDM.
2s under jitter 0.12 = 5.63821970047 with chi^2 85.5624793059
Minuit succeeded.
2s under jitter 0.12 = 5.60797222716 with chi^2 79.2839069968
eigenvalues: 
-0.0852334
0.782662
0.918161
1
1
1
1.00089
1.19637
2.18714
matrix forced pos-def by adding 0.0874205 to diagonal
MnHesse: matrix is invalid!
MnHesse: matrix is not pos. def.!
MnHesse: matrix was forced pos. def.
FunctionMinimum is invalid.
Minuit failed because covariance is not accurate, and covariance is not positive definite.
2s under jitter 0.12 = 5.54552456963 with chi^2 83.6159355343
VariableMetricBuilder: matrix not pos.def.
gdel > 0: 1.31324e-05
eigenvalues: 
-1.01641
0.173473
0.625268
0.983098
1.00002
1.06648
1.14134
1.33107
3.69566
matrix forced pos-def by adding 1.02011 to diagonal
gdel: -1.91248e-06
Minuit succeeded.
2s under jitter 0.12 = 5.66876899002 with chi^2 86.8642389672
VariableMetricBuilder: no improvement
Minuit succeeded.
2s under jitter 0.12 = 5.6006023954 with chi^2 79.7199731701
eigenvalues: 
-0.185838
0.582498
0.906511
1
1
1
1.00054
1.05037
2.64592
matrix forced pos-def by adding 0.188483 to diagonal
MnHesse: matrix is invalid!
MnHesse: matrix is not pos. def.!
MnHesse: matrix was forced pos. def.
FunctionMinimum is invalid.
Minuit failed because covariance is not accurate, and covariance is not positive definite.
2s under jitter 0.12 = 5.65589286084 with chi^2 90.5984036739
Minuit succeeded.
2s under jitter 0.12 = 5.59584795519 with chi^2 85.5650061835
VariableMetricBuilder: matrix not pos.def.
edm < 0
eigenvalues: 
-0.195761
0.362017
0.896565
0.946852
0.966154
1.00027
1.01766
1.50408
2.50216
matrix forced pos-def by adding 0.198263 to diagonal
Minuit succeeded.
2s under jitter 0.12 = 5.55726038166 with chi^2 79.6935382017
VariableMetricBuilder: matrix not pos.def.
gdel > 0: 0.000111397
negative or zero diagonal element 0 in covariance matrix
negative or zero diagonal element 1 in covariance matrix
negative or zero diagonal element 5 in covariance matrix
added 1.06683 to diagonal of error matrix
gdel: 0.000111397
Minuit succeeded.
2s under jitter 0.12 = 5.54876945011 with chi^2 79.003150588
VariableMetricBuilder: matrix not pos.def.
gdel > 0: 6.43865e-05
negative or zero diagonal element 1 in covariance matrix
added 1.00041 to diagonal of error matrix
gdel: 6.43865e-05
Minuit succeeded.
2s under jitter 0.12 = 5.62703684498 with chi^2 80.9328696534
VariableMetricBuilder: no improvement
VariableMetricBuilder: finishes without convergence.
VariableMetricBuilder: edm= 0.00114269 requested: 1e-05
eigenvalues: 
-0.00224016
0.676953
0.915637
1
1
1
1.00159
1.42637
1.98168
matrix forced pos-def by adding 0.00422184 to diagonal
MnHesse: matrix is invalid!
MnHesse: matrix is not pos. def.!
MnHesse: matrix was forced pos. def.
FunctionMinimum is invalid.
Minuit failed because covariance is not accurate, covariance is not positive definite, and the function is above maximum EDM.
2s under jitter 0.12 = 5.6266044835 with chi^2 79.9829579163
Minuit succeeded.
2s under jitter 0.12 = 5.66402491789 with chi^2 81.50809177
Minuit succeeded.
2s under jitter 0.12 = 5.67949752442 with chi^2 83.2328619985
VariableMetricBuilder: no improvement
VariableMetricBuilder: finishes without convergence.
VariableMetricBuilder: edm= 0.00384125 requested: 1e-05
eigenvalues: 
-0.156477
0.617539
0.913154
1
1
1
1.00378
1.41505
2.20695
matrix forced pos-def by adding 0.158683 to diagonal
MnHesse: matrix is invalid!
MnHesse: matrix is not pos. def.!
MnHesse: matrix was forced pos. def.
FunctionMinimum is invalid.
Minuit failed because covariance is not accurate, covariance is not positive definite, and the function is above maximum EDM.
2s under jitter 0.12 = 5.56845747849 with chi^2 81.8370300155
VariableMetricBuilder: no improvement
Minuit succeeded.
2s under jitter 0.12 = 5.63287344555 with chi^2 87.9666208279
eigenvalues: 
-0.922344
0.667765
0.911355
1
1
1
1.00235
1.43992
2.90096
matrix forced pos-def by adding 0.925245 to diagonal
MnHesse: matrix is invalid!
MnHesse: matrix is not pos. def.!
MnHesse: matrix was forced pos. def.
FunctionMinimum is invalid.
Minuit failed because covariance is not accurate, and covariance is not positive definite.
2s under jitter 0.12 = 5.6699735976 with chi^2 80.8578333559
eigenvalues: 
-0.160905
0.456445
0.908332
1
1
1
1.00076
1.07851
2.71686
matrix forced pos-def by adding 0.163622 to diagonal
MnHesse: matrix is invalid!
MnHesse: matrix is not pos. def.!
MnHesse: matrix was forced pos. def.
FunctionMinimum is invalid.
Minuit failed because covariance is not accurate, and covariance is not positive definite.
2s under jitter 0.12 = 5.57200289503 with chi^2 83.0595298555
Minuit succeeded.
2s under jitter 0.12 = 5.63014055335 with chi^2 80.1564255195
Minuit succeeded.
2s under jitter 0.12 = 5.64394090906 with chi^2 81.7650547275
Minuit succeeded.
2s under jitter 0.12 = 5.60940349885 with chi^2 87.4736692145
eigenvalues: 
-0.0361261
0.769828
0.926575
1
1
1
1.00093
1.42957
1.90922
matrix forced pos-def by adding 0.0380354 to diagonal
MnHesse: matrix is invalid!
MnHesse: matrix is not pos. def.!
MnHesse: matrix was forced pos. def.
FunctionMinimum is invalid.
Minuit failed because covariance is not accurate, and covariance is not positive definite.
2s under jitter 0.12 = 5.61425163724 with chi^2 82.576391122
Minuit succeeded.
2s under jitter 0.12 = 5.64215313996 with chi^2 85.026139497
VariableMetricBuilder: no improvement
VariableMetricBuilder: finishes without convergence.
VariableMetricBuilder: edm= 0.00505023 requested: 1e-05
FunctionMinimum is invalid.
Minuit failed because the function is above maximum EDM.
2s under jitter 0.12 = 5.61286672678 with chi^2 81.4923824533
VariableMetricBuilder: matrix not pos.def.
gdel > 0: 8.07623e-05
negative or zero diagonal element 1 in covariance matrix
added 1.00046 to diagonal of error matrix
gdel: 8.07623e-05
Minuit succeeded.
2s under jitter 0.12 = 5.5856594547 with chi^2 79.3347748663
VariableMetricBuilder: no improvement
VariableMetricBuilder: finishes without convergence.
VariableMetricBuilder: edm= 0.00216329 requested: 1e-05
FunctionMinimum is invalid.
Minuit failed because the function is above maximum EDM.
2s under jitter 0.12 = 5.61329247925 with chi^2 80.1264006264
Minuit succeeded.
2s under jitter 0.12 = 5.62094995987 with chi^2 103.887712253
Minuit succeeded.
2s under jitter 0.12 = 5.60095299508 with chi^2 83.1549898061
Minuit succeeded.
2s under jitter 0.12 = 5.58532736861 with chi^2 85.856694116
eigenvalues: 
-0.0074406
0.794615
0.910199
1
1
1
1.00157
1.073
2.22806
matrix forced pos-def by adding 0.00966865 to diagonal
MnHesse: matrix is invalid!
MnHesse: matrix is not pos. def.!
MnHesse: matrix was forced pos. def.
FunctionMinimum is invalid.
Minuit failed because covariance is not accurate, and covariance is not positive definite.
2s under jitter 0.12 = 5.61256982966 with chi^2 85.2411639362
VariableMetricBuilder: no improvement
Minuit succeeded.
2s under jitter 0.12 = 5.54846790921 with chi^2 82.6141741634
VariableMetricBuilder: no improvement
Minuit succeeded.
2s under jitter 0.12 = 5.56794283117 with chi^2 77.9478975397
Minuit succeeded.
2s under jitter 0.12 = 5.66529166884 with chi^2 81.9618209272
Minuit succeeded.
2s under jitter 0.12 = 5.54502993823 with chi^2 78.7026322083
VariableMetricBuilder: no improvement
VariableMetricBuilder: finishes without convergence.
VariableMetricBuilder: edm= 0.00219143 requested: 1e-05
FunctionMinimum is invalid.
Minuit failed because the function is above maximum EDM.
2s under jitter 0.12 = 5.65464912699 with chi^2 84.6280463428
VariableMetricBuilder: no improvement
Minuit succeeded.
2s under jitter 0.12 = 5.55435718554 with chi^2 78.848702969
Minuit succeeded.
2s under jitter 0.12 = 5.64291196063 with chi^2 105.732863463
Minuit succeeded.
2s under jitter 0.12 = 5.60378218072 with chi^2 77.9362123261
VariableMetricBuilder: no improvement
VariableMetricBuilder: finishes without convergence.
VariableMetricBuilder: edm= 0.00229697 requested: 1e-05
FunctionMinimum is invalid.
Minuit failed because the function is above maximum EDM.
2s under jitter 0.12 = 5.64685654474 with chi^2 80.0964622166
VariableMetricBuilder: no improvement
VariableMetricBuilder: finishes without convergence.
VariableMetricBuilder: edm= 0.000841979 requested: 1e-05
eigenvalues: 
-9.21002
0.515484
0.897917
1
1
1
1.00207
1.58387
11.2107
matrix forced pos-def by adding 9.22123 to diagonal
MnHesse: matrix is invalid!
MnHesse: matrix is not pos. def.!
MnHesse: matrix was forced pos. def.
FunctionMinimum is invalid.
Minuit failed because covariance is not accurate, covariance is not positive definite, and the function is above maximum EDM.
2s under jitter 0.12 = 5.60189356334 with chi^2 94.9926259554
VariableMetricBuilder: no improvement
VariableMetricBuilder: finishes without convergence.
VariableMetricBuilder: edm= 0.00191275 requested: 1e-05
FunctionMinimum is invalid.
Minuit failed because the function is above maximum EDM.
2s under jitter 0.12 = 5.56922309357 with chi^2 88.5175993212
eigenvalues: 
-0.0445996
0.691689
0.908925
1
1
1
1.00208
1.05953
2.38237
matrix forced pos-def by adding 0.046982 to diagonal
MnHesse: matrix is invalid!
MnHesse: matrix is not pos. def.!
MnHesse: matrix was forced pos. def.
FunctionMinimum is invalid.
Minuit failed because covariance is not accurate, and covariance is not positive definite.
2s under jitter 0.12 = 5.66985645947 with chi^2 89.4107456291
VariableMetricBuilder: no improvement
VariableMetricBuilder: finishes without convergence.
VariableMetricBuilder: edm= 0.00120481 requested: 1e-05
FunctionMinimum is invalid.
Minuit failed because the function is above maximum EDM.
2s under jitter 0.12 = 5.64588099938 with chi^2 77.9586051835
VariableMetricBuilder: matrix not pos.def.
gdel > 0: 0.000643741
negative or zero diagonal element 0 in covariance matrix
negative or zero diagonal element 1 in covariance matrix
negative or zero diagonal element 3 in covariance matrix
added 1.0082 to diagonal of error matrix
gdel: 0.000643741
Minuit succeeded.
2s under jitter 0.12 = 5.63905950874 with chi^2 86.7411677993
VariableMetricBuilder: matrix not pos.def.
gdel > 0: 1.022e-06
negative or zero diagonal element 3 in covariance matrix
added 1.00001 to diagonal of error matrix
gdel: 1.022e-06
Minuit succeeded.
2s under jitter 0.12 = 5.60589691203 with chi^2 86.9904002792
VariableMetricBuilder: no improvement
VariableMetricBuilder: finishes without convergence.
VariableMetricBuilder: edm= 0.000132174 requested: 1e-05
FunctionMinimum is invalid.
Minuit failed because the function is above maximum EDM.
2s under jitter 0.12 = 5.63491183741 with chi^2 80.4804552202
Minuit succeeded.
2s under jitter 0.12 = 5.55785773089 with chi^2 81.4391963251
VariableMetricBuilder: no improvement
VariableMetricBuilder: finishes without convergence.
VariableMetricBuilder: edm= 0.000193737 requested: 1e-05
eigenvalues: 
-0.165122
0.674119
0.913578
1
1
1
1.00175
1.44001
2.13567
matrix forced pos-def by adding 0.167258 to diagonal
MnHesse: matrix is invalid!
MnHesse: matrix is not pos. def.!
MnHesse: matrix was forced pos. def.
FunctionMinimum is invalid.
Minuit failed because covariance is not accurate, covariance is not positive definite, and the function is above maximum EDM.
2s under jitter 0.12 = 5.60489873255 with chi^2 80.3546185502
VariableMetricBuilder: no improvement
Minuit succeeded.
2s under jitter 0.12 = 5.63236894774 with chi^2 77.9567223838
VariableMetricBuilder: no improvement
Minuit succeeded.
2s under jitter 0.12 = 5.57799624644 with chi^2 77.1507481156
Minuit succeeded.
2s under jitter 0.12 = 5.55317653339 with chi^2 74.9962396897
VariableMetricBuilder: matrix not pos.def.
gdel > 0: 0.000284125
negative or zero diagonal element 0 in covariance matrix
negative or zero diagonal element 1 in covariance matrix
added 1.00216 to diagonal of error matrix
gdel: 0.000284125
eigenvalues: 
-0.23542
0.649494
0.908069
1
1
1
1.0016
1.38064
2.29563
matrix forced pos-def by adding 0.237716 to diagonal
MnHesse: matrix is invalid!
MnHesse: matrix is not pos. def.!
MnHesse: matrix was forced pos. def.
FunctionMinimum is invalid.
Minuit failed because covariance is not accurate, and covariance is not positive definite.
2s under jitter 0.12 = 5.5689902371 with chi^2 79.410136124
VariableMetricBuilder: no improvement
VariableMetricBuilder: finishes without convergence.
VariableMetricBuilder: edm= 0.0015701 requested: 1e-05
FunctionMinimum is invalid.
Minuit failed because the function is above maximum EDM.
2s under jitter 0.12 = 5.57890967176 with chi^2 77.7195541332
Minuit succeeded.
2s under jitter 0.12 = 5.62954201432 with chi^2 87.0617086331
Minuit succeeded.
2s under jitter 0.12 = 5.63427409225 with chi^2 83.0595573857
Minuit succeeded.
2s under jitter 0.12 = 5.59265251236 with chi^2 91.472239455
Minuit succeeded.
2s under jitter 0.12 = 5.59905884584 with chi^2 79.1472786195
eigenvalues: 
-0.0322535
0.849953
0.909699
1
1
1
1.00078
1.03186
2.23996
matrix forced pos-def by adding 0.0344934 to diagonal
MnHesse: matrix is invalid!
MnHesse: matrix is not pos. def.!
MnHesse: matrix was forced pos. def.
FunctionMinimum is invalid.
Minuit failed because covariance is not accurate, and covariance is not positive definite.
2s under jitter 0.12 = 5.60274426713 with chi^2 80.9716280228
VariableMetricBuilder: matrix not pos.def.
gdel > 0: 2.13343e-05
negative or zero diagonal element 1 in covariance matrix
negative or zero diagonal element 3 in covariance matrix
negative or zero diagonal element 5 in covariance matrix
added 1.00281 to diagonal of error matrix
gdel: 2.13343e-05
Minuit succeeded.
2s under jitter 0.12 = 5.63655395346 with chi^2 81.4243764191
Minuit succeeded.
2s under jitter 0.12 = 5.56592598854 with chi^2 83.2226139151
VariableMetricBuilder: no improvement
VariableMetricBuilder: finishes without convergence.
VariableMetricBuilder: edm= 0.0018172 requested: 1e-05
FunctionMinimum is invalid.
Minuit failed because the function is above maximum EDM.
2s under jitter 0.12 = 5.62684361256 with chi^2 83.2749644052
Minuit succeeded.
2s under jitter 0.12 = 5.6085835435 with chi^2 82.3469579385
Minuit succeeded.
2s under jitter 0.12 = 5.57189068029 with chi^2 77.6305872388
eigenvalues: 
-0.181005
0.866166
0.943365
1
1
1
1.00113
1.20293
2.16741
matrix forced pos-def by adding 0.183173 to diagonal
MnHesse: matrix is invalid!
MnHesse: matrix is not pos. def.!
MnHesse: matrix was forced pos. def.
FunctionMinimum is invalid.
Minuit failed because covariance is not accurate, and covariance is not positive definite.
2s under jitter 0.12 = 5.57568751509 with chi^2 76.738633018
eigenvalues: 
-0.432067
0.751244
0.904016
1
1
1
1.00153
1.22665
2.54863
matrix forced pos-def by adding 0.434615 to diagonal
MnHesse: matrix is invalid!
MnHesse: matrix is not pos. def.!
MnHesse: matrix was forced pos. def.
FunctionMinimum is invalid.
Minuit failed because covariance is not accurate, and covariance is not positive definite.
2s under jitter 0.12 = 5.6223212229 with chi^2 80.9861544196
Minuit succeeded.
2s under jitter 0.12 = 5.65666530756 with chi^2 98.3499467108
eigenvalues: 
-0.247857
0.726092
0.918226
1
1
1
1.00091
1.11977
2.48286
matrix forced pos-def by adding 0.25034 to diagonal
MnHesse: matrix is invalid!
MnHesse: matrix is not pos. def.!
MnHesse: matrix was forced pos. def.
FunctionMinimum is invalid.
Minuit failed because covariance is not accurate, and covariance is not positive definite.
2s under jitter 0.12 = 5.61278164657 with chi^2 85.6194161643
eigenvalues: 
-0.229535
0.598317
0.911801
1
1
1
1.00292
1.15465
2.56185
matrix forced pos-def by adding 0.232097 to diagonal
MnHesse: matrix is invalid!
MnHesse: matrix is not pos. def.!
MnHesse: matrix was forced pos. def.
FunctionMinimum is invalid.
Minuit failed because covariance is not accurate, and covariance is not positive definite.
2s under jitter 0.12 = 5.57779473623 with chi^2 84.0549886864
VariableMetricBuilder: matrix not pos.def.
gdel > 0: 1.35127e-05
negative or zero diagonal element 0 in covariance matrix
negative or zero diagonal element 1 in covariance matrix
added 1.00112 to diagonal of error matrix
gdel: 1.35127e-05
Minuit succeeded.
2s under jitter 0.12 = 5.6023847974 with chi^2 77.9293899529
VariableMetricBuilder: no improvement
VariableMetricBuilder: finishes without convergence.
VariableMetricBuilder: edm= 0.000481884 requested: 1e-05
eigenvalues: 
-0.0327661
0.685936
0.927284
1
1
1
1.00147
1.33807
2.08001
matrix forced pos-def by adding 0.0348461 to diagonal
MnHesse: matrix is invalid!
MnHesse: matrix is not pos. def.!
MnHesse: matrix was forced pos. def.
FunctionMinimum is invalid.
Minuit failed because covariance is not accurate, covariance is not positive definite, and the function is above maximum EDM.
2s under jitter 0.12 = 5.57749750487 with chi^2 80.5505470758
eigenvalues: 
-0.000532277
0.609745
0.908722
1
1
1
1.00205
1.47959
2.00043
matrix forced pos-def by adding 0.00253271 to diagonal
MnHesse: matrix is invalid!
MnHesse: matrix is not pos. def.!
MnHesse: matrix was forced pos. def.
FunctionMinimum is invalid.
Minuit failed because covariance is not accurate, and covariance is not positive definite.
2s under jitter 0.12 = 5.57983825093 with chi^2 83.7244044386
eigenvalues: 
-0.0154628
0.750371
0.910191
1
1
1
1.00057
1.08003
2.2743
matrix forced pos-def by adding 0.0177371 to diagonal
MnHesse: matrix is invalid!
MnHesse: matrix is not pos. def.!
MnHesse: matrix was forced pos. def.
FunctionMinimum is invalid.
Minuit failed because covariance is not accurate, and covariance is not positive definite.
2s under jitter 0.12 = 5.62500297215 with chi^2 84.4108033087
Minuit succeeded.
2s under jitter 0.12 = 5.60823183495 with chi^2 82.939346374
Minuit succeeded.
2s under jitter 0.12 = 5.60616581607 with chi^2 80.6653445854
VariableMetricBuilder: no improvement
Minuit succeeded.
2s under jitter 0.12 = 5.60284518476 with chi^2 82.2166336349
VariableMetricBuilder: no improvement
VariableMetricBuilder: finishes without convergence.
VariableMetricBuilder: edm= 0.000359744 requested: 1e-05
FunctionMinimum is invalid.
Minuit failed because the function is above maximum EDM.
2s under jitter 0.12 = 5.62732172992 with chi^2 84.1480441029
Minuit succeeded.
2s under jitter 0.12 = 5.54443268742 with chi^2 81.4772263398
Minuit succeeded.
2s under jitter 0.12 = 5.65737515709 with chi^2 92.6453581793
VariableMetricBuilder: no improvement
Minuit succeeded.
2s under jitter 0.12 = 5.63655581431 with chi^2 78.8197129994
Minuit succeeded.
2s under jitter 0.12 = 5.58864539867 with chi^2 86.4041178597
Minuit succeeded.
2s under jitter 0.12 = 5.68833394811 with chi^2 89.8545214803
VariableMetricBuilder: matrix not pos.def.
gdel > 0: 0.000123007
negative or zero diagonal element 0 in covariance matrix
negative or zero diagonal element 1 in covariance matrix
added 1.00663 to diagonal of error matrix
gdel: 0.000123007
eigenvalues: 
-2.18771
0.698977
0.912849
1
1
1
1.0024
1.54788
4.02561
matrix forced pos-def by adding 2.19174 to diagonal
MnHesse: matrix is invalid!
MnHesse: matrix is not pos. def.!
MnHesse: matrix was forced pos. def.
FunctionMinimum is invalid.
Minuit failed because covariance is not accurate, and covariance is not positive definite.
2s under jitter 0.12 = 5.59654277549 with chi^2 77.4236987943
Minuit succeeded.
2s under jitter 0.12 = 5.61403137757 with chi^2 93.5531533986
eigenvalues: 
-1.3784
0.464451
0.905359
1
1
1
1.00313
1.36401
3.64145
matrix forced pos-def by adding 1.38204 to diagonal
MnHesse: matrix is invalid!
MnHesse: matrix is not pos. def.!
MnHesse: matrix was forced pos. def.
FunctionMinimum is invalid.
Minuit failed because covariance is not accurate, and covariance is not positive definite.
2s under jitter 0.12 = 5.5929084126 with chi^2 81.199332789
eigenvalues: 
-0.0901378
0.748105
0.921722
1
1
1
1.0009
1.36373
2.05568
matrix forced pos-def by adding 0.0921935 to diagonal
MnHesse: matrix is invalid!
MnHesse: matrix is not pos. def.!
MnHesse: matrix was forced pos. def.
FunctionMinimum is invalid.
Minuit failed because covariance is not accurate, and covariance is not positive definite.
2s under jitter 0.12 = 5.55987535224 with chi^2 81.3933523007
Minuit succeeded.
2s under jitter 0.12 = 5.57462490218 with chi^2 81.7198260665
Minuit succeeded.
2s under jitter 0.12 = 5.63188159428 with chi^2 89.350032796
VariableMetricBuilder: no improvement
eigenvalues: 
-0.415395
0.610051
0.911862
1
1
1
1.00226
1.32973
2.56149
matrix forced pos-def by adding 0.417956 to diagonal
MnHesse: matrix is invalid!
MnHesse: matrix is not pos. def.!
MnHesse: matrix was forced pos. def.
FunctionMinimum is invalid.
Minuit failed because covariance is not accurate, and covariance is not positive definite.
2s under jitter 0.12 = 5.65435489566 with chi^2 76.3600145168
eigenvalues: 
-0.267462
0.715836
0.914839
1
1
1
1.00318
1.31349
2.32012
matrix forced pos-def by adding 0.269783 to diagonal
MnHesse: matrix is invalid!
MnHesse: matrix is not pos. def.!
MnHesse: matrix was forced pos. def.
FunctionMinimum is invalid.
Minuit failed because covariance is not accurate, and covariance is not positive definite.
2s under jitter 0.12 = 5.60576410419 with chi^2 77.6380731164
VariableMetricBuilder: no improvement
VariableMetricBuilder: finishes without convergence.
VariableMetricBuilder: edm= 0.000115343 requested: 1e-05
FunctionMinimum is invalid.
Minuit failed because the function is above maximum EDM.
2s under jitter 0.12 = 5.66351294013 with chi^2 78.6164846073
Minuit succeeded.
2s under jitter 0.12 = 5.55759169672 with chi^2 78.545544863
VariableMetricBuilder: matrix not pos.def.
gdel > 0: 8.68242e-05
negative or zero diagonal element 0 in covariance matrix
negative or zero diagonal element 1 in covariance matrix
added 1.00869 to diagonal of error matrix
gdel: 8.68242e-05
Minuit succeeded.
2s under jitter 0.12 = 5.61282366665 with chi^2 78.6165185628
