VariableMetricBuilder: no improvement
Minuit succeeded.
2s under jitter 0.06 = 5.58735412239 with chi^2 80.6703716771
VariableMetricBuilder: matrix not pos.def.
gdel > 0: 0.000979817
negative or zero diagonal element 0 in covariance matrix
negative or zero diagonal element 1 in covariance matrix
negative or zero diagonal element 2 in covariance matrix
negative or zero diagonal element 4 in covariance matrix
negative or zero diagonal element 5 in covariance matrix
negative or zero diagonal element 6 in covariance matrix
negative or zero diagonal element 7 in covariance matrix
negative or zero diagonal element 8 in covariance matrix
added 1.1368 to diagonal of error matrix
gdel: 0.000979817
eigenvalues: 
-0.241278
0.749609
0.930659
1
1
1
1.00085
1.39896
2.16121
matrix forced pos-def by adding 0.24344 to diagonal
MnHesse: matrix is invalid!
MnHesse: matrix is not pos. def.!
MnHesse: matrix was forced pos. def.
FunctionMinimum is invalid.
Minuit failed because covariance is not accurate, and covariance is not positive definite.
2s under jitter 0.06 = 5.60011048732 with chi^2 78.5527725466
VariableMetricBuilder: matrix not pos.def.
gdel > 0: 2.92379e-05
eigenvalues: 
-18.4686
0.806711
0.93266
0.972308
0.988498
1.00095
1.12924
1.66599
19.9722
matrix forced pos-def by adding 18.4886 to diagonal
gdel: -0.000487291
VariableMetricBuilder: no improvement
VariableMetricBuilder: finishes without convergence.
VariableMetricBuilder: edm= 0.000627737 requested: 1e-05
FunctionMinimum is invalid.
Minuit failed because the function is above maximum EDM.
2s under jitter 0.06 = 5.58931240489 with chi^2 77.8685495508
VariableMetricBuilder: matrix not pos.def.
gdel > 0: 4.99221e-05
negative or zero diagonal element 1 in covariance matrix
negative or zero diagonal element 3 in covariance matrix
negative or zero diagonal element 8 in covariance matrix
added 1.01372 to diagonal of error matrix
gdel: 4.99221e-05
Minuit succeeded.
2s under jitter 0.06 = 5.58665142985 with chi^2 80.5824968046
Minuit succeeded.
2s under jitter 0.06 = 5.58569139345 with chi^2 79.6074236057
eigenvalues: 
-0.799382
0.485128
0.915173
1
1
1
1.00189
1.14285
3.25434
matrix forced pos-def by adding 0.802637 to diagonal
MnHesse: matrix is invalid!
MnHesse: matrix is not pos. def.!
MnHesse: matrix was forced pos. def.
FunctionMinimum is invalid.
Minuit failed because covariance is not accurate, and covariance is not positive definite.
2s under jitter 0.06 = 5.62875920479 with chi^2 82.7402633383
VariableMetricBuilder: no improvement
Minuit succeeded.
2s under jitter 0.06 = 5.58355706252 with chi^2 79.7809940368
eigenvalues: 
-0.0282897
0.807856
0.90679
1
1
1
1.00109
1.06622
2.24633
matrix forced pos-def by adding 0.030536 to diagonal
MnHesse: matrix is invalid!
MnHesse: matrix is not pos. def.!
MnHesse: matrix was forced pos. def.
FunctionMinimum is invalid.
Minuit failed because covariance is not accurate, and covariance is not positive definite.
2s under jitter 0.06 = 5.6090394731 with chi^2 78.4573734919
VariableMetricBuilder: no improvement
VariableMetricBuilder: finishes without convergence.
VariableMetricBuilder: edm= 0.000400483 requested: 1e-05
FunctionMinimum is invalid.
Minuit failed because the function is above maximum EDM.
2s under jitter 0.06 = 5.58111918407 with chi^2 76.6380481731
eigenvalues: 
-0.174926
0.677934
0.905896
1
1
1
1.00054
1.03054
2.56002
matrix forced pos-def by adding 0.177486 to diagonal
MnHesse: matrix is invalid!
MnHesse: matrix is not pos. def.!
MnHesse: matrix was forced pos. def.
FunctionMinimum is invalid.
Minuit failed because covariance is not accurate, and covariance is not positive definite.
2s under jitter 0.06 = 5.61259669032 with chi^2 79.7297822211
VariableMetricBuilder: no improvement
VariableMetricBuilder: finishes without convergence.
VariableMetricBuilder: edm= 0.00428271 requested: 1e-05
FunctionMinimum is invalid.
Minuit failed because the function is above maximum EDM.
2s under jitter 0.06 = 5.60177540068 with chi^2 80.0228252632
VariableMetricBuilder: matrix not pos.def.
gdel > 0: 0.000285984
negative or zero diagonal element 0 in covariance matrix
negative or zero diagonal element 1 in covariance matrix
negative or zero diagonal element 3 in covariance matrix
negative or zero diagonal element 5 in covariance matrix
negative or zero diagonal element 6 in covariance matrix
negative or zero diagonal element 7 in covariance matrix
added 1.21567 to diagonal of error matrix
gdel: 0.000285984
Minuit succeeded.
2s under jitter 0.06 = 5.57326300897 with chi^2 78.8554293052
eigenvalues: 
-0.189115
0.825425
0.93641
1
1
1
1.00141
1.27838
2.14749
matrix forced pos-def by adding 0.191262 to diagonal
MnHesse: matrix is invalid!
MnHesse: matrix is not pos. def.!
MnHesse: matrix was forced pos. def.
FunctionMinimum is invalid.
Minuit failed because covariance is not accurate, and covariance is not positive definite.
2s under jitter 0.06 = 5.56967189972 with chi^2 76.1128704276
VariableMetricBuilder: no improvement
Minuit succeeded.
2s under jitter 0.06 = 5.58969628368 with chi^2 77.6374077941
VariableMetricBuilder: no improvement
VariableMetricBuilder: finishes without convergence.
VariableMetricBuilder: edm= 0.000247558 requested: 1e-05
FunctionMinimum is invalid.
Minuit failed because the function is above maximum EDM.
2s under jitter 0.06 = 5.59655162322 with chi^2 82.5786175456
Minuit succeeded.
2s under jitter 0.06 = 5.61318488828 with chi^2 76.6669720708
VariableMetricBuilder: no improvement
Minuit succeeded.
2s under jitter 0.06 = 5.60105868291 with chi^2 79.8266471664
Minuit succeeded.
2s under jitter 0.06 = 5.57781157662 with chi^2 82.9174754835
VariableMetricBuilder: no improvement
VariableMetricBuilder: finishes without convergence.
VariableMetricBuilder: edm= 0.000387473 requested: 1e-05
FunctionMinimum is invalid.
Minuit failed because the function is above maximum EDM.
2s under jitter 0.06 = 5.5971510018 with chi^2 78.5655739373
Minuit succeeded.
2s under jitter 0.06 = 5.59944343176 with chi^2 81.4056161194
VariableMetricBuilder: no improvement
Minuit succeeded.
2s under jitter 0.06 = 5.59789707377 with chi^2 79.3330586902
VariableMetricBuilder: no improvement
Minuit succeeded.
2s under jitter 0.06 = 5.58047614908 with chi^2 75.3623651365
VariableMetricBuilder: no improvement
VariableMetricBuilder: finishes without convergence.
VariableMetricBuilder: edm= 0.000369821 requested: 1e-05
FunctionMinimum is invalid.
Minuit failed because the function is above maximum EDM.
2s under jitter 0.06 = 5.58351453472 with chi^2 76.8241691815
eigenvalues: 
-1.15547
0.489143
0.921745
1
1
1
1.00108
1.13167
3.61184
matrix forced pos-def by adding 1.15909 to diagonal
MnHesse: matrix is invalid!
MnHesse: matrix is not pos. def.!
MnHesse: matrix was forced pos. def.
FunctionMinimum is invalid.
Minuit failed because covariance is not accurate, and covariance is not positive definite.
2s under jitter 0.06 = 5.59199832313 with chi^2 79.0993171275
eigenvalues: 
-0.12829
0.789404
0.910166
1
1
1
1.00189
1.31283
2.114
matrix forced pos-def by adding 0.130404 to diagonal
MnHesse: matrix is invalid!
MnHesse: matrix is not pos. def.!
MnHesse: matrix was forced pos. def.
FunctionMinimum is invalid.
Minuit failed because covariance is not accurate, and covariance is not positive definite.
2s under jitter 0.06 = 5.58765890825 with chi^2 80.7971428405
Minuit succeeded.
2s under jitter 0.06 = 5.59151279695 with chi^2 78.3744341402
Minuit succeeded.
2s under jitter 0.06 = 5.57668825783 with chi^2 77.8236780596
eigenvalues: 
-0.0236935
0.821297
0.905951
1
1
1
1.00103
1.03265
2.26277
matrix forced pos-def by adding 0.0259563 to diagonal
MnHesse: matrix is invalid!
MnHesse: matrix is not pos. def.!
MnHesse: matrix was forced pos. def.
FunctionMinimum is invalid.
Minuit failed because covariance is not accurate, and covariance is not positive definite.
2s under jitter 0.06 = 5.5992409571 with chi^2 81.8325055929
Minuit succeeded.
2s under jitter 0.06 = 5.60126262759 with chi^2 78.9630617062
Minuit succeeded.
2s under jitter 0.06 = 5.59375355376 with chi^2 78.3065831457
VariableMetricBuilder: no improvement
Minuit succeeded.
2s under jitter 0.06 = 5.57286100829 with chi^2 77.7654483562
Minuit succeeded.
2s under jitter 0.06 = 5.60687943701 with chi^2 79.2964397199
VariableMetricBuilder: no improvement
VariableMetricBuilder: finishes without convergence.
VariableMetricBuilder: edm= 0.000526266 requested: 1e-05
FunctionMinimum is invalid.
Minuit failed because the function is above maximum EDM.
2s under jitter 0.06 = 5.58839467196 with chi^2 77.9575414568
eigenvalues: 
-0.190283
0.667707
0.905114
1
1
1
1.00259
1.26346
2.35141
matrix forced pos-def by adding 0.192635 to diagonal
MnHesse: matrix is invalid!
MnHesse: matrix is not pos. def.!
MnHesse: matrix was forced pos. def.
FunctionMinimum is invalid.
Minuit failed because covariance is not accurate, and covariance is not positive definite.
2s under jitter 0.06 = 5.59747548184 with chi^2 81.0483124326
Minuit succeeded.
2s under jitter 0.06 = 5.56787941368 with chi^2 78.0852436725
Minuit succeeded.
2s under jitter 0.06 = 5.57306370016 with chi^2 80.5342756072
Minuit succeeded.
2s under jitter 0.06 = 5.56050721407 with chi^2 79.22558758
Minuit succeeded.
2s under jitter 0.06 = 5.58064507464 with chi^2 75.3850674367
Minuit succeeded.
2s under jitter 0.06 = 5.59472554907 with chi^2 77.3760211947
VariableMetricBuilder: matrix not pos.def.
gdel > 0: 0.000534872
negative or zero diagonal element 0 in covariance matrix
negative or zero diagonal element 1 in covariance matrix
negative or zero diagonal element 3 in covariance matrix
negative or zero diagonal element 5 in covariance matrix
added 1.06844 to diagonal of error matrix
gdel: 0.000534872
eigenvalues: 
-0.948178
0.637013
0.906661
1
1
1
1.00202
1.43911
2.96338
matrix forced pos-def by adding 0.951142 to diagonal
MnHesse: matrix is invalid!
MnHesse: matrix is not pos. def.!
MnHesse: matrix was forced pos. def.
FunctionMinimum is invalid.
Minuit failed because covariance is not accurate, and covariance is not positive definite.
2s under jitter 0.06 = 5.59220472154 with chi^2 78.8816730515
Minuit succeeded.
2s under jitter 0.06 = 5.53437151133 with chi^2 77.2966216149
VariableMetricBuilder: no improvement
eigenvalues: 
-0.0495257
0.67084
0.911257
1
1
1
1.0029
1.11986
2.34467
matrix forced pos-def by adding 0.0518704 to diagonal
MnHesse: matrix is invalid!
MnHesse: matrix is not pos. def.!
MnHesse: matrix was forced pos. def.
FunctionMinimum is invalid.
Minuit failed because covariance is not accurate, and covariance is not positive definite.
2s under jitter 0.06 = 5.58778683327 with chi^2 77.9368530504
Minuit succeeded.
2s under jitter 0.06 = 5.60930654865 with chi^2 78.8296199564
Minuit succeeded.
2s under jitter 0.06 = 5.59584599406 with chi^2 79.7346448373
VariableMetricBuilder: matrix not pos.def.
gdel > 0: 3.63958e-05
negative or zero diagonal element 1 in covariance matrix
added 1.0003 to diagonal of error matrix
gdel: 3.63958e-05
Minuit succeeded.
2s under jitter 0.06 = 5.56914689158 with chi^2 77.5341686709
VariableMetricBuilder: matrix not pos.def.
gdel > 0: 2.75443e-05
negative or zero diagonal element 5 in covariance matrix
added 1.00949 to diagonal of error matrix
gdel: 2.75443e-05
Minuit succeeded.
2s under jitter 0.06 = 5.60753894535 with chi^2 81.1692554449
Minuit succeeded.
2s under jitter 0.06 = 5.57614113825 with chi^2 80.0041805644
Minuit succeeded.
2s under jitter 0.06 = 5.57902304075 with chi^2 78.2240092109
VariableMetricBuilder: no improvement
VariableMetricBuilder: finishes without convergence.
VariableMetricBuilder: edm= 0.000144678 requested: 1e-05
FunctionMinimum is invalid.
Minuit failed because the function is above maximum EDM.
2s under jitter 0.06 = 5.58179938313 with chi^2 78.7272589119
Minuit succeeded.
2s under jitter 0.06 = 5.57963922187 with chi^2 78.0631538368
eigenvalues: 
-0.238723
0.756589
0.933892
1
1
1
1.0025
1.35429
2.19145
matrix forced pos-def by adding 0.240915 to diagonal
MnHesse: matrix is invalid!
MnHesse: matrix is not pos. def.!
MnHesse: matrix was forced pos. def.
FunctionMinimum is invalid.
Minuit failed because covariance is not accurate, and covariance is not positive definite.
2s under jitter 0.06 = 5.58978897305 with chi^2 77.9676320049
eigenvalues: 
-0.22519
0.634393
0.913395
1
1
1
1.00109
1.1687
2.50761
matrix forced pos-def by adding 0.227698 to diagonal
MnHesse: matrix is invalid!
MnHesse: matrix is not pos. def.!
MnHesse: matrix was forced pos. def.
FunctionMinimum is invalid.
Minuit failed because covariance is not accurate, and covariance is not positive definite.
2s under jitter 0.06 = 5.58846952594 with chi^2 76.5685090705
Minuit succeeded.
2s under jitter 0.06 = 5.55113961741 with chi^2 80.102482315
VariableMetricBuilder: matrix not pos.def.
gdel > 0: 0.000364363
eigenvalues: 
-0.210145
0.340153
0.951664
0.976673
0.995357
0.999735
1.00829
1.0736
2.86468
matrix forced pos-def by adding 0.21301 to diagonal
gdel: -6.4434e-05
Minuit succeeded.
2s under jitter 0.06 = 5.57311772328 with chi^2 78.1995599812
VariableMetricBuilder: no improvement
VariableMetricBuilder: finishes without convergence.
VariableMetricBuilder: edm= 0.000424004 requested: 1e-05
FunctionMinimum is invalid.
Minuit failed because the function is above maximum EDM.
2s under jitter 0.06 = 5.60466979397 with chi^2 78.2946721826
eigenvalues: 
-0.0300693
0.711236
0.899168
1
1
1
1.00112
1.21695
2.20159
matrix forced pos-def by adding 0.0322709 to diagonal
MnHesse: matrix is invalid!
MnHesse: matrix is not pos. def.!
MnHesse: matrix was forced pos. def.
FunctionMinimum is invalid.
Minuit failed because covariance is not accurate, and covariance is not positive definite.
2s under jitter 0.06 = 5.60680318158 with chi^2 79.4962044846
VariableMetricBuilder: no improvement
Minuit succeeded.
2s under jitter 0.06 = 5.58072798823 with chi^2 78.6909400986
VariableMetricBuilder: no improvement
VariableMetricBuilder: finishes without convergence.
VariableMetricBuilder: edm= 0.0021174 requested: 1e-05
FunctionMinimum is invalid.
Minuit failed because the function is above maximum EDM.
2s under jitter 0.06 = 5.62652992195 with chi^2 83.1305063412
VariableMetricBuilder: no improvement
VariableMetricBuilder: finishes without convergence.
VariableMetricBuilder: edm= 0.000231154 requested: 1e-05
FunctionMinimum is invalid.
Minuit failed because the function is above maximum EDM.
2s under jitter 0.06 = 5.60864765913 with chi^2 78.6037639307
eigenvalues: 
-0.0132642
0.798445
0.909615
1
1
1
1.00017
1.05202
2.25302
matrix forced pos-def by adding 0.0155172 to diagonal
MnHesse: matrix is invalid!
MnHesse: matrix is not pos. def.!
MnHesse: matrix was forced pos. def.
FunctionMinimum is invalid.
Minuit failed because covariance is not accurate, and covariance is not positive definite.
2s under jitter 0.06 = 5.58699766247 with chi^2 78.7307376083
Minuit succeeded.
2s under jitter 0.06 = 5.57646012306 with chi^2 77.1992736621
Minuit succeeded.
2s under jitter 0.06 = 5.59536860047 with chi^2 78.2862953351
Minuit succeeded.
2s under jitter 0.06 = 5.57801736905 with chi^2 79.593455257
VariableMetricBuilder: no improvement
Minuit succeeded.
2s under jitter 0.06 = 5.59322496067 with chi^2 79.0965762878
VariableMetricBuilder: no improvement
VariableMetricBuilder: finishes without convergence.
VariableMetricBuilder: edm= 0.000106668 requested: 1e-05
FunctionMinimum is invalid.
Minuit failed because the function is above maximum EDM.
2s under jitter 0.06 = 5.58437979549 with chi^2 79.7205033517
Minuit succeeded.
2s under jitter 0.06 = 5.59102811312 with chi^2 80.456723695
VariableMetricBuilder: no improvement
Minuit succeeded.
2s under jitter 0.06 = 5.60274920345 with chi^2 77.292749127
eigenvalues: 
-0.211912
0.732373
0.918608
1
1
1
1.00153
1.4381
2.12131
matrix forced pos-def by adding 0.214033 to diagonal
MnHesse: matrix is invalid!
MnHesse: matrix is not pos. def.!
MnHesse: matrix was forced pos. def.
FunctionMinimum is invalid.
Minuit failed because covariance is not accurate, and covariance is not positive definite.
2s under jitter 0.06 = 5.60804136747 with chi^2 80.2367602992
VariableMetricBuilder: no improvement
Minuit succeeded.
2s under jitter 0.06 = 5.56979029726 with chi^2 76.3800513805
VariableMetricBuilder: matrix not pos.def.
edm < 0
eigenvalues: 
-0.284726
0.305772
0.947826
0.973579
0.975607
0.984539
1.00611
1.01757
3.07373
matrix forced pos-def by adding 0.2878 to diagonal
eigenvalues: 
-0.372063
0.712833
0.926961
1
1
1
1.0008
1.383
2.34847
matrix forced pos-def by adding 0.374412 to diagonal
MnHesse: matrix is invalid!
MnHesse: matrix is not pos. def.!
MnHesse: matrix was forced pos. def.
FunctionMinimum is invalid.
Minuit failed because covariance is not accurate, and covariance is not positive definite.
2s under jitter 0.06 = 5.59154218531 with chi^2 77.2036154642
Minuit succeeded.
2s under jitter 0.06 = 5.5619395474 with chi^2 78.9051018613
VariableMetricBuilder: no improvement
Minuit succeeded.
2s under jitter 0.06 = 5.56819488977 with chi^2 77.5894947162
VariableMetricBuilder: no improvement
Minuit succeeded.
2s under jitter 0.06 = 5.58398961129 with chi^2 79.56696434
Minuit succeeded.
2s under jitter 0.06 = 5.59598659072 with chi^2 77.4589021502
VariableMetricBuilder: no improvement
VariableMetricBuilder: finishes without convergence.
VariableMetricBuilder: edm= 0.000307331 requested: 1e-05
FunctionMinimum is invalid.
Minuit failed because the function is above maximum EDM.
2s under jitter 0.06 = 5.55777499937 with chi^2 75.1198619168
VariableMetricBuilder: matrix not pos.def.
gdel > 0: 0.00649032
negative or zero diagonal element 5 in covariance matrix
added 1.00153 to diagonal of error matrix
gdel: 0.00649032
eigenvalues: 
-0.00503886
0.644448
0.910092
1
1
1
1.00118
1.44563
2.00369
matrix forced pos-def by adding 0.00704255 to diagonal
MnHesse: matrix is invalid!
MnHesse: matrix is not pos. def.!
MnHesse: matrix was forced pos. def.
FunctionMinimum is invalid.
Minuit failed because covariance is not accurate, and covariance is not positive definite.
2s under jitter 0.06 = 5.60038440394 with chi^2 79.012837611
VariableMetricBuilder: no improvement
VariableMetricBuilder: finishes without convergence.
VariableMetricBuilder: edm= 0.00138942 requested: 1e-05
FunctionMinimum is invalid.
Minuit failed because the function is above maximum EDM.
2s under jitter 0.06 = 5.59251701747 with chi^2 79.2119366648
VariableMetricBuilder: no improvement
eigenvalues: 
-0.259206
0.73331
0.925287
1
1
1
1.00084
1.38895
2.21082
matrix forced pos-def by adding 0.261416 to diagonal
MnHesse: matrix is invalid!
MnHesse: matrix is not pos. def.!
MnHesse: matrix was forced pos. def.
FunctionMinimum is invalid.
Minuit failed because covariance is not accurate, and covariance is not positive definite.
2s under jitter 0.06 = 5.58238157231 with chi^2 78.9654184087
VariableMetricBuilder: no improvement
VariableMetricBuilder: finishes without convergence.
VariableMetricBuilder: edm= 0.00685269 requested: 1e-05
eigenvalues: 
-0.00392602
0.619417
0.905188
1
1
1
1.00135
1.47491
2.00306
matrix forced pos-def by adding 0.00592908 to diagonal
MnHesse: matrix is invalid!
MnHesse: matrix is not pos. def.!
MnHesse: matrix was forced pos. def.
FunctionMinimum is invalid.
Minuit failed because covariance is not accurate, covariance is not positive definite, and the function is above maximum EDM.
2s under jitter 0.06 = 5.58493497356 with chi^2 79.9028999712
Minuit succeeded.
2s under jitter 0.06 = 5.57466293232 with chi^2 79.1036722511
VariableMetricBuilder: no improvement
Minuit succeeded.
2s under jitter 0.06 = 5.59948672602 with chi^2 76.6674689529
VariableMetricBuilder: no improvement
eigenvalues: 
-1.0804
0.710007
0.924277
1
1
1
1.00192
1.34192
3.10228
matrix forced pos-def by adding 1.0835 to diagonal
MnHesse: matrix is invalid!
MnHesse: matrix is not pos. def.!
MnHesse: matrix was forced pos. def.
FunctionMinimum is invalid.
Minuit failed because covariance is not accurate, and covariance is not positive definite.
2s under jitter 0.06 = 5.58496705154 with chi^2 80.2228178291
VariableMetricBuilder: no improvement
VariableMetricBuilder: finishes without convergence.
VariableMetricBuilder: edm= 0.000189375 requested: 1e-05
FunctionMinimum is invalid.
Minuit failed because the function is above maximum EDM.
2s under jitter 0.06 = 5.62277043418 with chi^2 80.9607554921
VariableMetricBuilder: no improvement
eigenvalues: 
-0.0759419
0.723033
0.929277
1
1
1
1.00277
1.38257
2.03829
matrix forced pos-def by adding 0.0779802 to diagonal
MnHesse: matrix is invalid!
MnHesse: matrix is not pos. def.!
MnHesse: matrix was forced pos. def.
FunctionMinimum is invalid.
Minuit failed because covariance is not accurate, and covariance is not positive definite.
2s under jitter 0.06 = 5.60258508841 with chi^2 81.2380807103
VariableMetricBuilder: no improvement
Minuit succeeded.
2s under jitter 0.06 = 5.60449206044 with chi^2 76.6119898058
VariableMetricBuilder: no improvement
Minuit succeeded.
2s under jitter 0.06 = 5.64841072554 with chi^2 81.051921983
VariableMetricBuilder: no improvement
VariableMetricBuilder: finishes without convergence.
VariableMetricBuilder: edm= 0.00466431 requested: 1e-05
FunctionMinimum is invalid.
Minuit failed because the function is above maximum EDM.
2s under jitter 0.06 = 5.59399882602 with chi^2 78.6776374359
VariableMetricBuilder: matrix not pos.def.
gdel > 0: 7.11466e-05
negative or zero diagonal element 1 in covariance matrix
negative or zero diagonal element 3 in covariance matrix
added 1.00031 to diagonal of error matrix
gdel: 7.11466e-05
Minuit succeeded.
2s under jitter 0.06 = 5.57148628626 with chi^2 79.1086126231
VariableMetricBuilder: no improvement
VariableMetricBuilder: finishes without convergence.
VariableMetricBuilder: edm= 0.000181284 requested: 1e-05
FunctionMinimum is invalid.
Minuit failed because the function is above maximum EDM.
2s under jitter 0.06 = 5.59322730803 with chi^2 78.7292613678
VariableMetricBuilder: matrix not pos.def.
gdel > 0: 1.22939e-05
negative or zero diagonal element 1 in covariance matrix
added 1.00005 to diagonal of error matrix
gdel: 1.22939e-05
Minuit succeeded.
2s under jitter 0.06 = 5.59732515296 with chi^2 79.8082670616
VariableMetricBuilder: matrix not pos.def.
gdel > 0: 0.00109357
negative or zero diagonal element 0 in covariance matrix
negative or zero diagonal element 1 in covariance matrix
negative or zero diagonal element 2 in covariance matrix
negative or zero diagonal element 3 in covariance matrix
negative or zero diagonal element 4 in covariance matrix
negative or zero diagonal element 5 in covariance matrix
added 1.2346 to diagonal of error matrix
gdel: 0.00109357
Minuit succeeded.
2s under jitter 0.06 = 5.59028759734 with chi^2 79.3891114674
VariableMetricBuilder: no improvement
Minuit succeeded.
2s under jitter 0.06 = 5.59690245191 with chi^2 81.6466164211
Minuit succeeded.
2s under jitter 0.06 = 5.64609798967 with chi^2 77.6839208718
Minuit succeeded.
2s under jitter 0.06 = 5.59952712128 with chi^2 77.5288833714
Minuit succeeded.
2s under jitter 0.06 = 5.59705314416 with chi^2 85.3627867989
VariableMetricBuilder: no improvement
Minuit succeeded.
2s under jitter 0.06 = 5.58640720054 with chi^2 76.5796820277
VariableMetricBuilder: no improvement
eigenvalues: 
-0.154103
0.714795
0.92404
1
1
1
1.00081
1.39313
2.12133
matrix forced pos-def by adding 0.156224 to diagonal
MnHesse: matrix is invalid!
MnHesse: matrix is not pos. def.!
MnHesse: matrix was forced pos. def.
FunctionMinimum is invalid.
Minuit failed because covariance is not accurate, and covariance is not positive definite.
2s under jitter 0.06 = 5.60689580743 with chi^2 79.6051003692
eigenvalues: 
-2.84083
0.467928
0.924987
1
1
1
1.00136
1.11454
5.33201
matrix forced pos-def by adding 2.84616 to diagonal
MnHesse: matrix is invalid!
MnHesse: matrix is not pos. def.!
MnHesse: matrix was forced pos. def.
FunctionMinimum is invalid.
Minuit failed because covariance is not accurate, and covariance is not positive definite.
2s under jitter 0.06 = 5.61133619287 with chi^2 80.9396355903
VariableMetricBuilder: matrix not pos.def.
gdel > 0: 3.99518e-06
eigenvalues: 
-0.684955
0.440717
0.866947
0.990772
1.00136
1.00462
1.04481
1.11168
3.22405
matrix forced pos-def by adding 0.688179 to diagonal
gdel: -1.56855e-05
VariableMetricBuilder: no improvement
Minuit succeeded.
2s under jitter 0.06 = 5.59966514177 with chi^2 79.6472726161
VariableMetricBuilder: no improvement
Minuit succeeded.
2s under jitter 0.06 = 5.56631425666 with chi^2 75.4310366061
