eigenvalues: 
-0.0191516
0.718646
0.911378
1
1
1
1.00098
1.03112
2.35703
matrix forced pos-def by adding 0.0215086 to diagonal
MnHesse: matrix is invalid!
MnHesse: matrix is not pos. def.!
MnHesse: matrix was forced pos. def.
FunctionMinimum is invalid.
Minuit failed because covariance is not accurate, and covariance is not positive definite.
2s under jitter 0.03 = 5.57463028332 with chi^2 76.3654557967
VariableMetricBuilder: no improvement
eigenvalues: 
-1.14643
0.692523
0.921753
1
1
1
1.00129
1.41195
3.11891
matrix forced pos-def by adding 1.14955 to diagonal
MnHesse: matrix is invalid!
MnHesse: matrix is not pos. def.!
MnHesse: matrix was forced pos. def.
FunctionMinimum is invalid.
Minuit failed because covariance is not accurate, and covariance is not positive definite.
2s under jitter 0.03 = 5.58573731919 with chi^2 80.054331806
eigenvalues: 
-0.110615
0.722987
0.923191
1
1
1
1.00128
1.41866
2.0445
matrix forced pos-def by adding 0.112659 to diagonal
MnHesse: matrix is invalid!
MnHesse: matrix is not pos. def.!
MnHesse: matrix was forced pos. def.
FunctionMinimum is invalid.
Minuit failed because covariance is not accurate, and covariance is not positive definite.
2s under jitter 0.03 = 5.57987528515 with chi^2 79.8294034006
Minuit succeeded.
2s under jitter 0.03 = 5.57486167186 with chi^2 78.6056666201
Minuit succeeded.
2s under jitter 0.03 = 5.58741178653 with chi^2 78.8701901719
eigenvalues: 
-0.00147577
0.744075
0.922911
1
1
1
1.00089
1.32545
2.00816
matrix forced pos-def by adding 0.00348392 to diagonal
MnHesse: matrix is invalid!
MnHesse: matrix is not pos. def.!
MnHesse: matrix was forced pos. def.
FunctionMinimum is invalid.
Minuit failed because covariance is not accurate, and covariance is not positive definite.
2s under jitter 0.03 = 5.59030842659 with chi^2 78.4772305033
Minuit succeeded.
2s under jitter 0.03 = 5.60402546595 with chi^2 77.9184438422
Minuit succeeded.
2s under jitter 0.03 = 5.58755443178 with chi^2 79.2906116235
Minuit succeeded.
2s under jitter 0.03 = 5.58764444686 with chi^2 78.558902068
VariableMetricBuilder: no improvement
eigenvalues: 
-0.0471719
0.612118
0.914044
1
1
1
1.00195
1.27596
2.2431
matrix forced pos-def by adding 0.049415 to diagonal
MnHesse: matrix is invalid!
MnHesse: matrix is not pos. def.!
MnHesse: matrix was forced pos. def.
FunctionMinimum is invalid.
Minuit failed because covariance is not accurate, and covariance is not positive definite.
2s under jitter 0.03 = 5.59647806509 with chi^2 78.1523147805
VariableMetricBuilder: matrix not pos.def.
gdel > 0: 6.16407e-05
negative or zero diagonal element 1 in covariance matrix
negative or zero diagonal element 5 in covariance matrix
added 1.00564 to diagonal of error matrix
gdel: 6.16407e-05
Minuit succeeded.
2s under jitter 0.03 = 5.58888996077 with chi^2 77.5258676343
eigenvalues: 
-1.54398
0.63711
0.910829
1
1
1
1.00196
1.44112
3.55296
matrix forced pos-def by adding 1.54754 to diagonal
MnHesse: matrix is invalid!
MnHesse: matrix is not pos. def.!
MnHesse: matrix was forced pos. def.
FunctionMinimum is invalid.
Minuit failed because covariance is not accurate, and covariance is not positive definite.
2s under jitter 0.03 = 5.59043112802 with chi^2 77.2037147803
VariableMetricBuilder: matrix not pos.def.
gdel > 0: 0.000869331
negative or zero diagonal element 1 in covariance matrix
added 1.00118 to diagonal of error matrix
gdel: 0.000869331
Minuit succeeded.
2s under jitter 0.03 = 5.60146966752 with chi^2 79.1257456716
VariableMetricBuilder: no improvement
VariableMetricBuilder: finishes without convergence.
VariableMetricBuilder: edm= 0.000665492 requested: 1e-05
FunctionMinimum is invalid.
Minuit failed because the function is above maximum EDM.
2s under jitter 0.03 = 5.58774729943 with chi^2 77.3581948726
Minuit succeeded.
2s under jitter 0.03 = 5.57974979155 with chi^2 78.7154062708
VariableMetricBuilder: matrix not pos.def.
gdel > 0: 0.00567906
negative or zero diagonal element 1 in covariance matrix
negative or zero diagonal element 5 in covariance matrix
negative or zero diagonal element 8 in covariance matrix
added 1.05749 to diagonal of error matrix
gdel: 0.00567906
Minuit succeeded.
2s under jitter 0.03 = 5.57076653155 with chi^2 78.7613927565
VariableMetricBuilder: no improvement
VariableMetricBuilder: finishes without convergence.
VariableMetricBuilder: edm= 0.000206032 requested: 1e-05
eigenvalues: 
-0.0830145
0.690964
0.91942
1
1
1
1.00134
1.42019
2.0511
matrix forced pos-def by adding 0.0850655 to diagonal
MnHesse: matrix is invalid!
MnHesse: matrix is not pos. def.!
MnHesse: matrix was forced pos. def.
FunctionMinimum is invalid.
Minuit failed because covariance is not accurate, covariance is not positive definite, and the function is above maximum EDM.
2s under jitter 0.03 = 5.59721076372 with chi^2 78.1746811046
eigenvalues: 
-0.428592
0.810042
0.927897
1
1
1
1.0009
1.42423
2.26552
matrix forced pos-def by adding 0.430858 to diagonal
MnHesse: matrix is invalid!
MnHesse: matrix is not pos. def.!
MnHesse: matrix was forced pos. def.
FunctionMinimum is invalid.
Minuit failed because covariance is not accurate, and covariance is not positive definite.
2s under jitter 0.03 = 5.60462321269 with chi^2 79.4474958833
eigenvalues: 
-0.162943
0.82266
0.941855
1
1
1
1.00157
1.3834
2.01346
matrix forced pos-def by adding 0.164957 to diagonal
MnHesse: matrix is invalid!
MnHesse: matrix is not pos. def.!
MnHesse: matrix was forced pos. def.
FunctionMinimum is invalid.
Minuit failed because covariance is not accurate, and covariance is not positive definite.
2s under jitter 0.03 = 5.61091922527 with chi^2 79.5351133081
VariableMetricBuilder: matrix not pos.def.
gdel > 0: 0.060428
negative or zero diagonal element 0 in covariance matrix
negative or zero diagonal element 1 in covariance matrix
negative or zero diagonal element 2 in covariance matrix
negative or zero diagonal element 3 in covariance matrix
negative or zero diagonal element 5 in covariance matrix
negative or zero diagonal element 8 in covariance matrix
added 1.28361 to diagonal of error matrix
gdel: 0.060428
Minuit succeeded.
2s under jitter 0.03 = 5.60284095583 with chi^2 79.9424276217
VariableMetricBuilder: no improvement
VariableMetricBuilder: finishes without convergence.
VariableMetricBuilder: edm= 0.000332795 requested: 1e-05
FunctionMinimum is invalid.
Minuit failed because the function is above maximum EDM.
2s under jitter 0.03 = 5.57558244286 with chi^2 79.5914837085
VariableMetricBuilder: no improvement
VariableMetricBuilder: finishes without convergence.
VariableMetricBuilder: edm= 0.000317258 requested: 1e-05
eigenvalues: 
-0.400216
0.683492
0.913938
1
1
1
1.0016
1.4742
2.32699
matrix forced pos-def by adding 0.402543 to diagonal
MnHesse: matrix is invalid!
MnHesse: matrix is not pos. def.!
MnHesse: matrix was forced pos. def.
FunctionMinimum is invalid.
Minuit failed because covariance is not accurate, covariance is not positive definite, and the function is above maximum EDM.
2s under jitter 0.03 = 5.58674995483 with chi^2 79.9674976129
Minuit succeeded.
2s under jitter 0.03 = 5.57990238779 with chi^2 78.213129421
VariableMetricBuilder: matrix not pos.def.
gdel > 0: 0.000250423
eigenvalues: 
-1.4477
0.780078
0.886388
0.984817
1.00929
1.03075
1.13105
1.20312
3.4222
matrix forced pos-def by adding 1.45112 to diagonal
gdel: -7.6607e-05
VariableMetricBuilder: no improvement
VariableMetricBuilder: finishes without convergence.
VariableMetricBuilder: edm= 0.00037945 requested: 1e-05
FunctionMinimum is invalid.
Minuit failed because the function is above maximum EDM.
2s under jitter 0.03 = 5.58652702768 with chi^2 78.5701015282
eigenvalues: 
-0.294855
0.724821
0.935458
1
1
1
1.00075
1.36557
2.26825
matrix forced pos-def by adding 0.297123 to diagonal
MnHesse: matrix is invalid!
MnHesse: matrix is not pos. def.!
MnHesse: matrix was forced pos. def.
FunctionMinimum is invalid.
Minuit failed because covariance is not accurate, and covariance is not positive definite.
2s under jitter 0.03 = 5.58559448402 with chi^2 76.9838895452
Minuit succeeded.
2s under jitter 0.03 = 5.57831993384 with chi^2 77.5774180236
Minuit succeeded.
2s under jitter 0.03 = 5.60845505268 with chi^2 78.3770440565
VariableMetricBuilder: no improvement
eigenvalues: 
-0.333697
0.579123
0.928302
1
1
1
1.00061
1.13223
2.69343
matrix forced pos-def by adding 0.33639 to diagonal
MnHesse: matrix is invalid!
MnHesse: matrix is not pos. def.!
MnHesse: matrix was forced pos. def.
FunctionMinimum is invalid.
Minuit failed because covariance is not accurate, and covariance is not positive definite.
2s under jitter 0.03 = 5.5819457345 with chi^2 77.2499275263
VariableMetricBuilder: no improvement
Minuit succeeded.
2s under jitter 0.03 = 5.60008031756 with chi^2 78.4316470378
VariableMetricBuilder: no improvement
VariableMetricBuilder: finishes without convergence.
VariableMetricBuilder: edm= 0.000126167 requested: 1e-05
eigenvalues: 
-0.321737
0.724666
0.92763
1
1
1
1.00076
1.37002
2.29866
matrix forced pos-def by adding 0.324036 to diagonal
MnHesse: matrix is invalid!
MnHesse: matrix is not pos. def.!
MnHesse: matrix was forced pos. def.
FunctionMinimum is invalid.
Minuit failed because covariance is not accurate, covariance is not positive definite, and the function is above maximum EDM.
2s under jitter 0.03 = 5.57835509638 with chi^2 78.2250308079
VariableMetricBuilder: no improvement
VariableMetricBuilder: finishes without convergence.
VariableMetricBuilder: edm= 0.00204808 requested: 1e-05
eigenvalues: 
-0.854987
0.00201044
0.885526
1
1
1
1.00302
1.92991
3.03452
matrix forced pos-def by adding 0.858022 to diagonal
MnHesse: matrix is invalid!
MnHesse: matrix is not pos. def.!
MnHesse: matrix was forced pos. def.
FunctionMinimum is invalid.
Minuit failed because covariance is not accurate, covariance is not positive definite, and the function is above maximum EDM.
2s under jitter 0.03 = 5.59502496145 with chi^2 79.3161978038
VariableMetricBuilder: matrix not pos.def.
gdel > 0: 0.000308347
negative or zero diagonal element 1 in covariance matrix
added 1.00089 to diagonal of error matrix
gdel: 0.000308347
Minuit succeeded.
2s under jitter 0.03 = 5.58258522883 with chi^2 77.772674275
VariableMetricBuilder: no improvement
Minuit succeeded.
2s under jitter 0.03 = 5.57714430852 with chi^2 78.7457794479
VariableMetricBuilder: no improvement
VariableMetricBuilder: finishes without convergence.
VariableMetricBuilder: edm= 0.000125227 requested: 1e-05
eigenvalues: 
-0.130999
0.708281
0.923553
1
1
1
1.00103
1.40238
2.09575
matrix forced pos-def by adding 0.133095 to diagonal
MnHesse: matrix is invalid!
MnHesse: matrix is not pos. def.!
MnHesse: matrix was forced pos. def.
FunctionMinimum is invalid.
Minuit failed because covariance is not accurate, covariance is not positive definite, and the function is above maximum EDM.
2s under jitter 0.03 = 5.59063768027 with chi^2 78.5774280456
Minuit succeeded.
2s under jitter 0.03 = 5.58424368393 with chi^2 78.2232017336
VariableMetricBuilder: no improvement
Minuit succeeded.
2s under jitter 0.03 = 5.58243766203 with chi^2 77.6826873961
VariableMetricBuilder: no improvement
eigenvalues: 
-0.242757
0.776858
0.931516
1
1
1
1.00143
1.35069
2.18227
matrix forced pos-def by adding 0.24494 to diagonal
MnHesse: matrix is invalid!
MnHesse: matrix is not pos. def.!
MnHesse: matrix was forced pos. def.
FunctionMinimum is invalid.
Minuit failed because covariance is not accurate, and covariance is not positive definite.
2s under jitter 0.03 = 5.59091274158 with chi^2 79.1867524161
VariableMetricBuilder: no improvement
Minuit succeeded.
2s under jitter 0.03 = 5.58095677629 with chi^2 77.1186624259
VariableMetricBuilder: no improvement
Minuit succeeded.
2s under jitter 0.03 = 5.58951697401 with chi^2 77.7216657172
eigenvalues: 
-0.338692
0.713995
0.925983
1
1
1
1.00082
1.38611
2.31178
matrix forced pos-def by adding 0.341004 to diagonal
MnHesse: matrix is invalid!
MnHesse: matrix is not pos. def.!
MnHesse: matrix was forced pos. def.
FunctionMinimum is invalid.
Minuit failed because covariance is not accurate, and covariance is not positive definite.
2s under jitter 0.03 = 5.57581477858 with chi^2 78.3273547417
VariableMetricBuilder: matrix not pos.def.
gdel > 0: 2.80722e-05
negative or zero diagonal element 1 in covariance matrix
added 1.00075 to diagonal of error matrix
gdel: 2.80722e-05
eigenvalues: 
-0.0442796
0.766441
0.926987
1
1
1
1.00256
1.38449
1.9638
matrix forced pos-def by adding 0.0462434 to diagonal
MnHesse: matrix is invalid!
MnHesse: matrix is not pos. def.!
MnHesse: matrix was forced pos. def.
FunctionMinimum is invalid.
Minuit failed because covariance is not accurate, and covariance is not positive definite.
2s under jitter 0.03 = 5.58930182348 with chi^2 78.8081930281
Minuit succeeded.
2s under jitter 0.03 = 5.59031865439 with chi^2 77.6252012092
Minuit succeeded.
2s under jitter 0.03 = 5.59333356413 with chi^2 76.6775873822
eigenvalues: 
-1.72792
0.493412
0.916039
1
1
1
1.0015
1.16522
4.15174
matrix forced pos-def by adding 1.73207 to diagonal
MnHesse: matrix is invalid!
MnHesse: matrix is not pos. def.!
MnHesse: matrix was forced pos. def.
FunctionMinimum is invalid.
Minuit failed because covariance is not accurate, and covariance is not positive definite.
2s under jitter 0.03 = 5.56917724761 with chi^2 77.8228201196
Minuit succeeded.
2s under jitter 0.03 = 5.57781751495 with chi^2 77.5438031773
VariableMetricBuilder: matrix not pos.def.
gdel > 0: 0.00376114
eigenvalues: 
-0.273928
0.162205
0.855686
0.884127
0.965403
1.00105
1.10623
1.11143
3.1878
matrix forced pos-def by adding 0.277116 to diagonal
gdel: -0.00154507
VariableMetricBuilder: no improvement
VariableMetricBuilder: finishes without convergence.
VariableMetricBuilder: edm= 0.0120754 requested: 1e-05
FunctionMinimum is invalid.
Minuit failed because the function is above maximum EDM.
2s under jitter 0.03 = 5.59908151728 with chi^2 79.5567069762
VariableMetricBuilder: matrix not pos.def.
gdel > 0: 0.00012381
negative or zero diagonal element 3 in covariance matrix
added 1.00092 to diagonal of error matrix
gdel: 0.00012381
Minuit succeeded.
2s under jitter 0.03 = 5.59242158464 with chi^2 78.6455605179
VariableMetricBuilder: no improvement
VariableMetricBuilder: finishes without convergence.
VariableMetricBuilder: edm= 0.0237618 requested: 1e-05
FunctionMinimum is invalid.
Minuit failed because the function is above maximum EDM.
2s under jitter 0.03 = 5.59141173254 with chi^2 80.2114965024
VariableMetricBuilder: no improvement
Minuit succeeded.
2s under jitter 0.03 = 5.59359221269 with chi^2 78.4327652458
VariableMetricBuilder: matrix not pos.def.
gdel > 0: 2.05957e-05
negative or zero diagonal element 1 in covariance matrix
added 1.00001 to diagonal of error matrix
gdel: 2.05957e-05
Minuit succeeded.
2s under jitter 0.03 = 5.58825953814 with chi^2 78.7607394156
eigenvalues: 
-0.248723
0.812264
0.933755
1
1
1
1.00089
1.39421
2.1076
matrix forced pos-def by adding 0.250831 to diagonal
MnHesse: matrix is invalid!
MnHesse: matrix is not pos. def.!
MnHesse: matrix was forced pos. def.
FunctionMinimum is invalid.
Minuit failed because covariance is not accurate, and covariance is not positive definite.
2s under jitter 0.03 = 5.57138874238 with chi^2 79.5831790168
eigenvalues: 
-0.425092
0.82934
0.943113
1
1
1
1.00131
1.35493
2.29641
matrix forced pos-def by adding 0.427388 to diagonal
MnHesse: matrix is invalid!
MnHesse: matrix is not pos. def.!
MnHesse: matrix was forced pos. def.
FunctionMinimum is invalid.
Minuit failed because covariance is not accurate, and covariance is not positive definite.
2s under jitter 0.03 = 5.6018966923 with chi^2 78.0953629863
VariableMetricBuilder: matrix not pos.def.
gdel > 0: 0.00183281
eigenvalues: 
-0.0725357
0.449133
0.756164
0.875148
0.939308
0.988607
1.03817
1.19649
2.82952
matrix forced pos-def by adding 0.0753652 to diagonal
gdel: -0.000121362
VariableMetricBuilder: matrix not pos.def.
gdel > 0: 6.67185e-05
eigenvalues: 
-0.774912
8.00017e-05
0.747996
0.993361
1.06041
1.07294
1.09597
1.22046
3.58368
matrix forced pos-def by adding 0.778496 to diagonal
gdel: -0.042438
VariableMetricBuilder: no improvement
VariableMetricBuilder: finishes without convergence.
VariableMetricBuilder: edm= 0.000311884 requested: 1e-05
FunctionMinimum is invalid.
Minuit failed because the function is above maximum EDM.
2s under jitter 0.03 = 5.5754978889 with chi^2 78.3326561136
eigenvalues: 
-0.202104
0.730061
0.92938
1
1
1
1.00196
1.3571
2.18361
matrix forced pos-def by adding 0.204287 to diagonal
MnHesse: matrix is invalid!
MnHesse: matrix is not pos. def.!
MnHesse: matrix was forced pos. def.
FunctionMinimum is invalid.
Minuit failed because covariance is not accurate, and covariance is not positive definite.
2s under jitter 0.03 = 5.59206137912 with chi^2 78.1966478188
eigenvalues: 
-0.374783
0.710651
0.912283
1
1
1
1.00187
1.21736
2.53262
matrix forced pos-def by adding 0.377315 to diagonal
MnHesse: matrix is invalid!
MnHesse: matrix is not pos. def.!
MnHesse: matrix was forced pos. def.
FunctionMinimum is invalid.
Minuit failed because covariance is not accurate, and covariance is not positive definite.
2s under jitter 0.03 = 5.58886729266 with chi^2 77.8905664956
Minuit succeeded.
2s under jitter 0.03 = 5.57404855991 with chi^2 78.1132693014
VariableMetricBuilder: no improvement
eigenvalues: 
-0.0147438
0.729228
0.922426
1
1
1
1.00156
1.38071
1.98082
matrix forced pos-def by adding 0.0167246 to diagonal
MnHesse: matrix is invalid!
MnHesse: matrix is not pos. def.!
MnHesse: matrix was forced pos. def.
FunctionMinimum is invalid.
Minuit failed because covariance is not accurate, and covariance is not positive definite.
2s under jitter 0.03 = 5.58625441855 with chi^2 76.4996578084
Minuit succeeded.
2s under jitter 0.03 = 5.59510748106 with chi^2 78.0235436008
VariableMetricBuilder: matrix not pos.def.
gdel > 0: 2.85903e-05
eigenvalues: 
-0.356442
0.0539567
0.638058
0.995246
1.07151
1.2564
1.33522
1.41809
2.58796
matrix forced pos-def by adding 0.35903 to diagonal
gdel: -1.05366e-05
eigenvalues: 
-0.206963
0.702962
0.925934
1
1
1
1.00093
1.38323
2.19391
matrix forced pos-def by adding 0.209157 to diagonal
MnHesse: matrix is invalid!
MnHesse: matrix is not pos. def.!
MnHesse: matrix was forced pos. def.
FunctionMinimum is invalid.
Minuit failed because covariance is not accurate, and covariance is not positive definite.
2s under jitter 0.03 = 5.58230516455 with chi^2 78.5392068965
Minuit succeeded.
2s under jitter 0.03 = 5.58259840032 with chi^2 76.7751772865
VariableMetricBuilder: matrix not pos.def.
gdel > 0: 6.61319e-06
negative or zero diagonal element 1 in covariance matrix
added 1.00026 to diagonal of error matrix
gdel: 6.61319e-06
Minuit succeeded.
2s under jitter 0.03 = 5.58686473892 with chi^2 79.0575550933
Minuit succeeded.
2s under jitter 0.03 = 5.56902193134 with chi^2 77.9302839785
VariableMetricBuilder: no improvement
Minuit succeeded.
2s under jitter 0.03 = 5.58160082172 with chi^2 79.101078343
VariableMetricBuilder: no improvement
VariableMetricBuilder: finishes without convergence.
VariableMetricBuilder: edm= 0.0042327 requested: 1e-05
FunctionMinimum is invalid.
Minuit failed because the function is above maximum EDM.
2s under jitter 0.03 = 5.59181960647 with chi^2 79.3967838192
VariableMetricBuilder: no improvement
Minuit succeeded.
2s under jitter 0.03 = 5.58670474395 with chi^2 79.0667027833
Minuit succeeded.
2s under jitter 0.03 = 5.58252191215 with chi^2 80.1801994252
VariableMetricBuilder: matrix not pos.def.
gdel > 0: 0.000181088
negative or zero diagonal element 1 in covariance matrix
added 1.0004 to diagonal of error matrix
gdel: 0.000181088
Minuit succeeded.
2s under jitter 0.03 = 5.60165648185 with chi^2 79.1368485552
VariableMetricBuilder: matrix not pos.def.
gdel > 0: 4.19919e-05
negative or zero diagonal element 1 in covariance matrix
added 1.00052 to diagonal of error matrix
gdel: 4.19919e-05
Minuit succeeded.
2s under jitter 0.03 = 5.60104527039 with chi^2 78.7447960234
Minuit succeeded.
2s under jitter 0.03 = 5.58806811898 with chi^2 79.2018424837
Minuit succeeded.
2s under jitter 0.03 = 5.57483841197 with chi^2 78.4519792768
VariableMetricBuilder: matrix not pos.def.
gdel > 0: 0.0120393
negative or zero diagonal element 3 in covariance matrix
negative or zero diagonal element 5 in covariance matrix
added 1.02839 to diagonal of error matrix
gdel: 0.0120393
Minuit succeeded.
2s under jitter 0.03 = 5.57368885681 with chi^2 77.6788036051
VariableMetricBuilder: no improvement
Minuit succeeded.
2s under jitter 0.03 = 5.59279252468 with chi^2 79.45869832
VariableMetricBuilder: no improvement
Minuit succeeded.
2s under jitter 0.03 = 5.58729078385 with chi^2 76.6716107742
VariableMetricBuilder: no improvement
Minuit succeeded.
2s under jitter 0.03 = 5.5879547421 with chi^2 76.650399849
VariableMetricBuilder: no improvement
VariableMetricBuilder: finishes without convergence.
VariableMetricBuilder: edm= 0.000464136 requested: 1e-05
FunctionMinimum is invalid.
Minuit failed because the function is above maximum EDM.
2s under jitter 0.03 = 5.57880465957 with chi^2 77.0970310736
VariableMetricBuilder: matrix not pos.def.
gdel > 0: 0.000227689
negative or zero diagonal element 1 in covariance matrix
negative or zero diagonal element 3 in covariance matrix
negative or zero diagonal element 5 in covariance matrix
added 1.02298 to diagonal of error matrix
gdel: 0.000227689
Minuit succeeded.
2s under jitter 0.03 = 5.59687587852 with chi^2 79.2651541752
VariableMetricBuilder: no improvement
eigenvalues: 
-0.685217
0.717954
0.928019
1
1
1
1.00134
1.40418
2.63372
matrix forced pos-def by adding 0.68785 to diagonal
MnHesse: matrix is invalid!
MnHesse: matrix is not pos. def.!
MnHesse: matrix was forced pos. def.
FunctionMinimum is invalid.
Minuit failed because covariance is not accurate, and covariance is not positive definite.
2s under jitter 0.03 = 5.59584784808 with chi^2 78.510080994
VariableMetricBuilder: no improvement
Minuit succeeded.
2s under jitter 0.03 = 5.58223571142 with chi^2 78.0153732851
VariableMetricBuilder: no improvement
VariableMetricBuilder: finishes without convergence.
VariableMetricBuilder: edm= 0.00815579 requested: 1e-05
FunctionMinimum is invalid.
Minuit failed because the function is above maximum EDM.
2s under jitter 0.03 = 5.59632522832 with chi^2 78.2251825546
VariableMetricBuilder: no improvement
Minuit succeeded.
2s under jitter 0.03 = 5.58321264622 with chi^2 77.053575222
Minuit succeeded.
2s under jitter 0.03 = 5.5806584811 with chi^2 77.8253388372
VariableMetricBuilder: no improvement
VariableMetricBuilder: finishes without convergence.
VariableMetricBuilder: edm= 0.00512178 requested: 1e-05
FunctionMinimum is invalid.
Minuit failed because the function is above maximum EDM.
2s under jitter 0.03 = 5.60234252561 with chi^2 78.999453779
VariableMetricBuilder: matrix not pos.def.
gdel > 0: 0.000214137
negative or zero diagonal element 0 in covariance matrix
negative or zero diagonal element 1 in covariance matrix
negative or zero diagonal element 2 in covariance matrix
negative or zero diagonal element 6 in covariance matrix
added 1.03866 to diagonal of error matrix
gdel: 0.000214137
Minuit succeeded.
2s under jitter 0.03 = 5.58365141283 with chi^2 77.7864340982
VariableMetricBuilder: no improvement
eigenvalues: 
-0.25472
0.711614
0.923123
1
1
1
1.00101
1.39387
2.22511
matrix forced pos-def by adding 0.256945 to diagonal
MnHesse: matrix is invalid!
MnHesse: matrix is not pos. def.!
MnHesse: matrix was forced pos. def.
FunctionMinimum is invalid.
Minuit failed because covariance is not accurate, and covariance is not positive definite.
2s under jitter 0.03 = 5.58197104538 with chi^2 78.4736621255
Minuit succeeded.
2s under jitter 0.03 = 5.57929497345 with chi^2 77.5042703376
VariableMetricBuilder: no improvement
Minuit succeeded.
2s under jitter 0.03 = 5.58821043369 with chi^2 78.2558439146
eigenvalues: 
-0.0537608
0.733306
0.91041
1
1
1
1.00228
1.11914
2.28863
matrix forced pos-def by adding 0.0560494 to diagonal
MnHesse: matrix is invalid!
MnHesse: matrix is not pos. def.!
MnHesse: matrix was forced pos. def.
FunctionMinimum is invalid.
Minuit failed because covariance is not accurate, and covariance is not positive definite.
2s under jitter 0.03 = 5.56971146386 with chi^2 77.1068219432
eigenvalues: 
-0.667438
0.803878
0.936462
1
1
1
1.0011
1.37192
2.55408
matrix forced pos-def by adding 0.669992 to diagonal
MnHesse: matrix is invalid!
MnHesse: matrix is not pos. def.!
MnHesse: matrix was forced pos. def.
FunctionMinimum is invalid.
Minuit failed because covariance is not accurate, and covariance is not positive definite.
2s under jitter 0.03 = 5.57741509315 with chi^2 78.1085944006
VariableMetricBuilder: no improvement
VariableMetricBuilder: finishes without convergence.
VariableMetricBuilder: edm= 0.000357368 requested: 1e-05
FunctionMinimum is invalid.
Minuit failed because the function is above maximum EDM.
2s under jitter 0.03 = 5.57789198568 with chi^2 77.6032812331
Minuit succeeded.
2s under jitter 0.03 = 5.57298211482 with chi^2 79.3938533351
Minuit succeeded.
2s under jitter 0.03 = 5.5711302932 with chi^2 78.5842420753
Minuit succeeded.
2s under jitter 0.03 = 5.5921644524 with chi^2 78.8229366369
VariableMetricBuilder: matrix not pos.def.
gdel > 0: 0.000457149
negative or zero diagonal element 0 in covariance matrix
negative or zero diagonal element 1 in covariance matrix
negative or zero diagonal element 5 in covariance matrix
added 1.03398 to diagonal of error matrix
gdel: 0.000457149
Minuit succeeded.
2s under jitter 0.03 = 5.57985336806 with chi^2 77.9298974528
eigenvalues: 
-0.367368
0.713857
0.926435
1
1
1
1.00088
1.39385
2.33235
matrix forced pos-def by adding 0.3697 to diagonal
MnHesse: matrix is invalid!
MnHesse: matrix is not pos. def.!
MnHesse: matrix was forced pos. def.
FunctionMinimum is invalid.
Minuit failed because covariance is not accurate, and covariance is not positive definite.
2s under jitter 0.03 = 5.58213603639 with chi^2 79.3703605522
VariableMetricBuilder: no improvement
VariableMetricBuilder: finishes without convergence.
VariableMetricBuilder: edm= 0.000913584 requested: 1e-05
FunctionMinimum is invalid.
Minuit failed because the function is above maximum EDM.
2s under jitter 0.03 = 5.58512258104 with chi^2 77.5684797021
eigenvalues: 
-0.185075
0.73087
0.92712
1
1
1
1.00128
1.38403
2.14178
matrix forced pos-def by adding 0.187217 to diagonal
MnHesse: matrix is invalid!
MnHesse: matrix is not pos. def.!
MnHesse: matrix was forced pos. def.
FunctionMinimum is invalid.
Minuit failed because covariance is not accurate, and covariance is not positive definite.
2s under jitter 0.03 = 5.59406191968 with chi^2 78.6077747704
VariableMetricBuilder: matrix not pos.def.
gdel > 0: 3.07303e-05
negative or zero diagonal element 1 in covariance matrix
added 1.00008 to diagonal of error matrix
gdel: 3.07303e-05
Minuit succeeded.
2s under jitter 0.03 = 5.59448855886 with chi^2 78.2027746782
VariableMetricBuilder: matrix not pos.def.
gdel > 0: 0.000757003
negative or zero diagonal element 1 in covariance matrix
negative or zero diagonal element 5 in covariance matrix
added 1.0026 to diagonal of error matrix
gdel: 0.000757003
Minuit succeeded.
2s under jitter 0.03 = 5.59645657736 with chi^2 77.5761901315
VariableMetricBuilder: matrix not pos.def.
gdel > 0: 0.00159015
eigenvalues: 
-0.0705741
0.0283359
0.49109
0.995101
1.0096
1.03684
1.40193
1.49027
2.6174
matrix forced pos-def by adding 0.0731915 to diagonal
gdel: -0.000810857
VariableMetricBuilder: matrix not pos.def.
gdel > 0: 0.000789969
negative or zero diagonal element 1 in covariance matrix
negative or zero diagonal element 5 in covariance matrix
added 1.00238 to diagonal of error matrix
gdel: 0.000789969
eigenvalues: 
-0.0675335
0.673229
0.918433
1
1
1
1.00143
1.41421
2.06023
matrix forced pos-def by adding 0.0695937 to diagonal
MnHesse: matrix is invalid!
MnHesse: matrix is not pos. def.!
MnHesse: matrix was forced pos. def.
FunctionMinimum is invalid.
Minuit failed because covariance is not accurate, and covariance is not positive definite.
2s under jitter 0.03 = 5.57660904922 with chi^2 78.4172073951
VariableMetricBuilder: no improvement
Minuit succeeded.
2s under jitter 0.03 = 5.5930570564 with chi^2 77.5450837612
