eigenvalues: 
-0.496279
0.61113
0.927314
1
1
1
1.00238
1.15036
2.8051
matrix forced pos-def by adding 0.499084 to diagonal
MnHesse: matrix is invalid!
MnHesse: matrix is not pos. def.!
MnHesse: matrix was forced pos. def.
FunctionMinimum is invalid.
Minuit failed because covariance is not accurate, and covariance is not positive definite.
2s under jitter 0.05 = 5.58376294824 with chi^2 79.0104603515
VariableMetricBuilder: no improvement
VariableMetricBuilder: finishes without convergence.
VariableMetricBuilder: edm= 0.00281339 requested: 1e-05
eigenvalues: 
-16.1085
0.659165
0.911215
1
1
1
1.00133
1.42927
18.1075
matrix forced pos-def by adding 16.1266 to diagonal
MnHesse: matrix is invalid!
MnHesse: matrix is not pos. def.!
MnHesse: matrix was forced pos. def.
FunctionMinimum is invalid.
Minuit failed because covariance is not accurate, covariance is not positive definite, and the function is above maximum EDM.
2s under jitter 0.05 = 5.59592123294 with chi^2 76.3606894736
VariableMetricBuilder: matrix not pos.def.
gdel > 0: 0.000436507
negative or zero diagonal element 0 in covariance matrix
negative or zero diagonal element 1 in covariance matrix
negative or zero diagonal element 3 in covariance matrix
negative or zero diagonal element 4 in covariance matrix
negative or zero diagonal element 5 in covariance matrix
added 1.02175 to diagonal of error matrix
gdel: 0.000436507
Minuit succeeded.
2s under jitter 0.05 = 5.58049562084 with chi^2 79.387923283
VariableMetricBuilder: no improvement
VariableMetricBuilder: finishes without convergence.
VariableMetricBuilder: edm= 0.000371026 requested: 1e-05
FunctionMinimum is invalid.
Minuit failed because the function is above maximum EDM.
2s under jitter 0.05 = 5.59935738159 with chi^2 80.6133890114
VariableMetricBuilder: no improvement
VariableMetricBuilder: finishes without convergence.
VariableMetricBuilder: edm= 0.000219895 requested: 1e-05
FunctionMinimum is invalid.
Minuit failed because the function is above maximum EDM.
2s under jitter 0.05 = 5.60873999848 with chi^2 79.3551880738
VariableMetricBuilder: matrix not pos.def.
edm < 0
eigenvalues: 
-0.0295354
0.411173
0.781922
0.960851
0.991568
1.02031
1.10175
1.22158
2.54038
matrix forced pos-def by adding 0.0320758 to diagonal
Minuit succeeded.
2s under jitter 0.05 = 5.57105360581 with chi^2 78.5041571349
VariableMetricBuilder: no improvement
Minuit succeeded.
2s under jitter 0.05 = 5.56729772293 with chi^2 76.7057881711
VariableMetricBuilder: no improvement
eigenvalues: 
-1.72495
0.591165
0.904133
1
1
1
1.00224
1.47954
3.74788
matrix forced pos-def by adding 1.72869 to diagonal
MnHesse: matrix is invalid!
MnHesse: matrix is not pos. def.!
MnHesse: matrix was forced pos. def.
FunctionMinimum is invalid.
Minuit failed because covariance is not accurate, and covariance is not positive definite.
2s under jitter 0.05 = 5.58206827153 with chi^2 80.8500464144
Minuit succeeded.
2s under jitter 0.05 = 5.61569120394 with chi^2 77.6642125576
Minuit succeeded.
2s under jitter 0.05 = 5.5896252709 with chi^2 82.0422918676
VariableMetricBuilder: no improvement
VariableMetricBuilder: finishes without convergence.
VariableMetricBuilder: edm= 0.00226431 requested: 1e-05
FunctionMinimum is invalid.
Minuit failed because the function is above maximum EDM.
2s under jitter 0.05 = 5.57672414443 with chi^2 77.6752628567
Minuit succeeded.
2s under jitter 0.05 = 5.59914562981 with chi^2 78.7499144169
Minuit succeeded.
2s under jitter 0.05 = 5.58856975745 with chi^2 75.7440387518
Minuit succeeded.
2s under jitter 0.05 = 5.55948813296 with chi^2 76.555902008
eigenvalues: 
-0.198613
0.668694
0.908396
1
1
1
1.00158
1.34525
2.2747
matrix forced pos-def by adding 0.200888 to diagonal
MnHesse: matrix is invalid!
MnHesse: matrix is not pos. def.!
MnHesse: matrix was forced pos. def.
FunctionMinimum is invalid.
Minuit failed because covariance is not accurate, and covariance is not positive definite.
2s under jitter 0.05 = 5.59324293572 with chi^2 78.9823996722
VariableMetricBuilder: no improvement
VariableMetricBuilder: finishes without convergence.
VariableMetricBuilder: edm= 0.00059404 requested: 1e-05
eigenvalues: 
-0.399561
0.520642
0.90255
1
1
1
1.00256
1.45582
2.51799
matrix forced pos-def by adding 0.402079 to diagonal
MnHesse: matrix is invalid!
MnHesse: matrix is not pos. def.!
MnHesse: matrix was forced pos. def.
FunctionMinimum is invalid.
Minuit failed because covariance is not accurate, covariance is not positive definite, and the function is above maximum EDM.
2s under jitter 0.05 = 5.59934843538 with chi^2 80.9308395712
VariableMetricBuilder: no improvement
Minuit succeeded.
2s under jitter 0.05 = 5.59836507081 with chi^2 80.7559202926
Minuit succeeded.
2s under jitter 0.05 = 5.5985463108 with chi^2 75.7394300661
VariableMetricBuilder: no improvement
eigenvalues: 
-0.0384266
0.768842
0.93037
1
1
1
1.00128
1.40692
1.93101
matrix forced pos-def by adding 0.0403576 to diagonal
MnHesse: matrix is invalid!
MnHesse: matrix is not pos. def.!
MnHesse: matrix was forced pos. def.
FunctionMinimum is invalid.
Minuit failed because covariance is not accurate, and covariance is not positive definite.
2s under jitter 0.05 = 5.5709138431 with chi^2 82.7063593273
eigenvalues: 
-0.112943
0.734706
0.920205
1
1
1
1.00118
1.39999
2.05686
matrix forced pos-def by adding 0.115 to diagonal
MnHesse: matrix is invalid!
MnHesse: matrix is not pos. def.!
MnHesse: matrix was forced pos. def.
FunctionMinimum is invalid.
Minuit failed because covariance is not accurate, and covariance is not positive definite.
2s under jitter 0.05 = 5.5871876589 with chi^2 80.0878119986
VariableMetricBuilder: no improvement
VariableMetricBuilder: finishes without convergence.
VariableMetricBuilder: edm= 0.000562466 requested: 1e-05
eigenvalues: 
-0.0763798
0.670472
0.914314
1
1
1
1.0015
1.42817
2.06192
matrix forced pos-def by adding 0.0784417 to diagonal
MnHesse: matrix is invalid!
MnHesse: matrix is not pos. def.!
MnHesse: matrix was forced pos. def.
FunctionMinimum is invalid.
Minuit failed because covariance is not accurate, covariance is not positive definite, and the function is above maximum EDM.
2s under jitter 0.05 = 5.59398832407 with chi^2 80.3757009107
VariableMetricBuilder: matrix not pos.def.
gdel > 0: 9.1544e-05
negative or zero diagonal element 1 in covariance matrix
negative or zero diagonal element 5 in covariance matrix
added 1.02014 to diagonal of error matrix
gdel: 9.1544e-05
Minuit succeeded.
2s under jitter 0.05 = 5.56924077929 with chi^2 76.2458304364
VariableMetricBuilder: no improvement
Minuit succeeded.
2s under jitter 0.05 = 5.58508620771 with chi^2 78.4628284119
VariableMetricBuilder: no improvement
VariableMetricBuilder: finishes without convergence.
VariableMetricBuilder: edm= 0.00225956 requested: 1e-05
eigenvalues: 
-0.000775454
0.70935
0.919445
1
1
1
1.0008
1.37777
1.99341
matrix forced pos-def by adding 0.00276887 to diagonal
MnHesse: matrix is invalid!
MnHesse: matrix is not pos. def.!
MnHesse: matrix was forced pos. def.
FunctionMinimum is invalid.
Minuit failed because covariance is not accurate, covariance is not positive definite, and the function is above maximum EDM.
2s under jitter 0.05 = 5.57454589921 with chi^2 81.3611129783
eigenvalues: 
-0.537374
0.761502
0.92485
1
1
1
1.00252
1.33643
2.51207
matrix forced pos-def by adding 0.539886 to diagonal
MnHesse: matrix is invalid!
MnHesse: matrix is not pos. def.!
MnHesse: matrix was forced pos. def.
FunctionMinimum is invalid.
Minuit failed because covariance is not accurate, and covariance is not positive definite.
2s under jitter 0.05 = 5.5902343876 with chi^2 77.7435625393
Minuit succeeded.
2s under jitter 0.05 = 5.60455978777 with chi^2 78.4643889916
VariableMetricBuilder: no improvement
VariableMetricBuilder: finishes without convergence.
VariableMetricBuilder: edm= 0.000526183 requested: 1e-05
FunctionMinimum is invalid.
Minuit failed because the function is above maximum EDM.
2s under jitter 0.05 = 5.56350974703 with chi^2 78.5491540055
Minuit succeeded.
2s under jitter 0.05 = 5.56318449673 with chi^2 78.1582890024
VariableMetricBuilder: matrix not pos.def.
gdel > 0: 0.00219053
negative or zero diagonal element 0 in covariance matrix
negative or zero diagonal element 1 in covariance matrix
added 1.00179 to diagonal of error matrix
gdel: 0.00219053
Minuit succeeded.
2s under jitter 0.05 = 5.58715752083 with chi^2 77.9193081604
eigenvalues: 
-0.10093
0.712818
0.911514
1
1
1
1.00145
1.23082
2.24433
matrix forced pos-def by adding 0.103174 to diagonal
MnHesse: matrix is invalid!
MnHesse: matrix is not pos. def.!
MnHesse: matrix was forced pos. def.
FunctionMinimum is invalid.
Minuit failed because covariance is not accurate, and covariance is not positive definite.
2s under jitter 0.05 = 5.57407664975 with chi^2 80.5418321888
eigenvalues: 
-0.63882
0.80058
0.932852
1
1
1
1.00076
1.51586
2.38877
matrix forced pos-def by adding 0.641209 to diagonal
MnHesse: matrix is invalid!
MnHesse: matrix is not pos. def.!
MnHesse: matrix was forced pos. def.
FunctionMinimum is invalid.
Minuit failed because covariance is not accurate, and covariance is not positive definite.
2s under jitter 0.05 = 5.58071129784 with chi^2 77.3457830888
Minuit succeeded.
2s under jitter 0.05 = 5.59796635432 with chi^2 80.3443905201
Minuit succeeded.
2s under jitter 0.05 = 5.57920590359 with chi^2 78.690911419
VariableMetricBuilder: matrix not pos.def.
gdel > 0: 0.000275064
negative or zero diagonal element 1 in covariance matrix
added 1.00015 to diagonal of error matrix
gdel: 0.000275064
Minuit succeeded.
2s under jitter 0.05 = 5.60216631079 with chi^2 81.4969930103
VariableMetricBuilder: matrix not pos.def.
gdel > 0: 3.20481e-05
negative or zero diagonal element 1 in covariance matrix
added 1.00073 to diagonal of error matrix
gdel: 3.20481e-05
Minuit succeeded.
2s under jitter 0.05 = 5.55992406665 with chi^2 79.0531714603
VariableMetricBuilder: no improvement
VariableMetricBuilder: finishes without convergence.
VariableMetricBuilder: edm= 0.00237397 requested: 1e-05
FunctionMinimum is invalid.
Minuit failed because the function is above maximum EDM.
2s under jitter 0.05 = 5.6068176099 with chi^2 80.5165404769
VariableMetricBuilder: no improvement
eigenvalues: 
-0.192987
0.714476
0.912088
1
1
1
1.00136
1.36972
2.19535
matrix forced pos-def by adding 0.195183 to diagonal
MnHesse: matrix is invalid!
MnHesse: matrix is not pos. def.!
MnHesse: matrix was forced pos. def.
FunctionMinimum is invalid.
Minuit failed because covariance is not accurate, and covariance is not positive definite.
2s under jitter 0.05 = 5.60043040289 with chi^2 78.5429064206
VariableMetricBuilder: no improvement
Minuit succeeded.
2s under jitter 0.05 = 5.59918709212 with chi^2 78.8845940638
eigenvalues: 
-4.42807
0.56881
0.89494
1
1
1
1.00179
1.68216
6.28037
matrix forced pos-def by adding 4.43435 to diagonal
MnHesse: matrix is invalid!
MnHesse: matrix is not pos. def.!
MnHesse: matrix was forced pos. def.
FunctionMinimum is invalid.
Minuit failed because covariance is not accurate, and covariance is not positive definite.
2s under jitter 0.05 = 5.62836530769 with chi^2 81.4276067489
Minuit succeeded.
2s under jitter 0.05 = 5.61017642521 with chi^2 80.7294203701
VariableMetricBuilder: no improvement
eigenvalues: 
-0.187603
0.691479
0.907367
1
1
1
1.00204
1.18653
2.40018
matrix forced pos-def by adding 0.190003 to diagonal
MnHesse: matrix is invalid!
MnHesse: matrix is not pos. def.!
MnHesse: matrix was forced pos. def.
FunctionMinimum is invalid.
Minuit failed because covariance is not accurate, and covariance is not positive definite.
2s under jitter 0.05 = 5.60178010843 with chi^2 79.7793759283
VariableMetricBuilder: no improvement
VariableMetricBuilder: finishes without convergence.
VariableMetricBuilder: edm= 0.000296132 requested: 1e-05
FunctionMinimum is invalid.
Minuit failed because the function is above maximum EDM.
2s under jitter 0.05 = 5.57182614535 with chi^2 77.6848817824
VariableMetricBuilder: no improvement
VariableMetricBuilder: finishes without convergence.
VariableMetricBuilder: edm= 0.0001283 requested: 1e-05
FunctionMinimum is invalid.
Minuit failed because the function is above maximum EDM.
2s under jitter 0.05 = 5.58511981099 with chi^2 78.654078705
VariableMetricBuilder: no improvement
VariableMetricBuilder: finishes without convergence.
VariableMetricBuilder: edm= 0.0011228 requested: 1e-05
FunctionMinimum is invalid.
Minuit failed because the function is above maximum EDM.
2s under jitter 0.05 = 5.59806320516 with chi^2 79.4786789966
VariableMetricBuilder: matrix not pos.def.
gdel > 0: 0.000598723
eigenvalues: 
-0.57962
0.333603
0.91613
0.964834
0.988393
0.994618
1.02363
1.07265
3.28576
matrix forced pos-def by adding 0.582906 to diagonal
gdel: -4.03311e-05
Minuit succeeded.
2s under jitter 0.05 = 5.55154268875 with chi^2 80.2217673502
Minuit succeeded.
2s under jitter 0.05 = 5.58461029633 with chi^2 78.0836006435
VariableMetricBuilder: no improvement
Minuit succeeded.
2s under jitter 0.05 = 5.608365079 with chi^2 79.2672378063
VariableMetricBuilder: matrix not pos.def.
gdel > 0: 0.000386332
negative or zero diagonal element 0 in covariance matrix
negative or zero diagonal element 1 in covariance matrix
negative or zero diagonal element 2 in covariance matrix
negative or zero diagonal element 3 in covariance matrix
negative or zero diagonal element 5 in covariance matrix
negative or zero diagonal element 6 in covariance matrix
negative or zero diagonal element 7 in covariance matrix
negative or zero diagonal element 8 in covariance matrix
added 1.04672 to diagonal of error matrix
gdel: 0.000386332
eigenvalues: 
-0.374511
0.622541
0.915394
1
1
1
1.00307
1.35139
2.48212
matrix forced pos-def by adding 0.376993 to diagonal
MnHesse: matrix is invalid!
MnHesse: matrix is not pos. def.!
MnHesse: matrix was forced pos. def.
FunctionMinimum is invalid.
Minuit failed because covariance is not accurate, and covariance is not positive definite.
2s under jitter 0.05 = 5.59365368421 with chi^2 78.003439247
Minuit succeeded.
2s under jitter 0.05 = 5.5961999978 with chi^2 79.2052496057
Minuit succeeded.
2s under jitter 0.05 = 5.58061370549 with chi^2 78.0718571232
VariableMetricBuilder: matrix not pos.def.
gdel > 0: 5.3791e-06
eigenvalues: 
-2.61636
0.561934
0.800964
0.973042
0.988405
0.999053
1.12943
1.59929
4.56425
matrix forced pos-def by adding 2.62093 to diagonal
gdel: -7.65698e-06
eigenvalues: 
-0.104235
0.78834
0.91155
1
1
1
1.00022
1.01998
2.38414
matrix forced pos-def by adding 0.106619 to diagonal
MnHesse: matrix is invalid!
MnHesse: matrix is not pos. def.!
MnHesse: matrix was forced pos. def.
FunctionMinimum is invalid.
Minuit failed because covariance is not accurate, and covariance is not positive definite.
2s under jitter 0.05 = 5.58741220261 with chi^2 79.6575571652
VariableMetricBuilder: no improvement
VariableMetricBuilder: finishes without convergence.
VariableMetricBuilder: edm= 0.000174213 requested: 1e-05
eigenvalues: 
-0.00278154
0.645926
0.910783
1
1
1
1.00184
1.39334
2.05089
matrix forced pos-def by adding 0.00483242 to diagonal
MnHesse: matrix is invalid!
MnHesse: matrix is not pos. def.!
MnHesse: matrix was forced pos. def.
FunctionMinimum is invalid.
Minuit failed because covariance is not accurate, covariance is not positive definite, and the function is above maximum EDM.
2s under jitter 0.05 = 5.58961248542 with chi^2 77.9331282565
Minuit succeeded.
2s under jitter 0.05 = 5.59610243417 with chi^2 78.3905838019
VariableMetricBuilder: no improvement
Minuit succeeded.
2s under jitter 0.05 = 5.59742656091 with chi^2 76.2514431838
VariableMetricBuilder: matrix not pos.def.
gdel > 0: 1.31848e-05
negative or zero diagonal element 1 in covariance matrix
negative or zero diagonal element 5 in covariance matrix
added 1.00005 to diagonal of error matrix
gdel: 1.31848e-05
eigenvalues: 
-0.241962
0.703432
0.92315
1
1
1
1.00106
1.40365
2.21067
matrix forced pos-def by adding 0.244172 to diagonal
MnHesse: matrix is invalid!
MnHesse: matrix is not pos. def.!
MnHesse: matrix was forced pos. def.
FunctionMinimum is invalid.
Minuit failed because covariance is not accurate, and covariance is not positive definite.
2s under jitter 0.05 = 5.58052033716 with chi^2 79.3188341339
Minuit succeeded.
2s under jitter 0.05 = 5.57782224392 with chi^2 77.630331032
VariableMetricBuilder: no improvement
VariableMetricBuilder: finishes without convergence.
VariableMetricBuilder: edm= 0.0192474 requested: 1e-05
FunctionMinimum is invalid.
Minuit failed because the function is above maximum EDM.
2s under jitter 0.05 = 5.59591101095 with chi^2 78.6633453573
VariableMetricBuilder: matrix not pos.def.
gdel > 0: 0.00100913
negative or zero diagonal element 1 in covariance matrix
added 1.00021 to diagonal of error matrix
gdel: 0.00100913
Minuit succeeded.
2s under jitter 0.05 = 5.58849061738 with chi^2 77.6332378309
VariableMetricBuilder: matrix not pos.def.
gdel > 0: 0.000951668
eigenvalues: 
-0.384585
0.228218
0.598274
0.945823
0.994637
1.01556
1.01931
1.05859
3.52417
matrix forced pos-def by adding 0.388109 to diagonal
gdel: -0.000820895
VariableMetricBuilder: matrix not pos.def.
gdel > 0: 5.01439e-05
negative or zero diagonal element 1 in covariance matrix
negative or zero diagonal element 3 in covariance matrix
added 1 to diagonal of error matrix
gdel: 5.01439e-05
MnGlobalCorrelationCoeff: inversion of matrix fails.
Minuit succeeded.
2s under jitter 0.05 = 5.62070772646 with chi^2 80.9024669785
VariableMetricBuilder: no improvement
VariableMetricBuilder: finishes without convergence.
VariableMetricBuilder: edm= 0.000827342 requested: 1e-05
FunctionMinimum is invalid.
Minuit failed because the function is above maximum EDM.
2s under jitter 0.05 = 5.62138775165 with chi^2 78.2606110278
Minuit succeeded.
2s under jitter 0.05 = 5.59435855252 with chi^2 78.1677930852
VariableMetricBuilder: matrix not pos.def.
gdel > 0: 2.23371e-05
negative or zero diagonal element 0 in covariance matrix
negative or zero diagonal element 1 in covariance matrix
added 1.0022 to diagonal of error matrix
gdel: 2.23371e-05
Minuit succeeded.
2s under jitter 0.05 = 5.57280341884 with chi^2 78.8114614688
VariableMetricBuilder: no improvement
VariableMetricBuilder: finishes without convergence.
VariableMetricBuilder: edm= 0.000303873 requested: 1e-05
FunctionMinimum is invalid.
Minuit failed because the function is above maximum EDM.
2s under jitter 0.05 = 5.60626993382 with chi^2 81.3449835456
Minuit succeeded.
2s under jitter 0.05 = 5.57215398502 with chi^2 76.4028966841
eigenvalues: 
-0.0826256
0.852923
0.941471
1
1
1
1.00228
1.19391
2.09205
matrix forced pos-def by adding 0.0847177 to diagonal
MnHesse: matrix is invalid!
MnHesse: matrix is not pos. def.!
MnHesse: matrix was forced pos. def.
FunctionMinimum is invalid.
Minuit failed because covariance is not accurate, and covariance is not positive definite.
2s under jitter 0.05 = 5.58550201918 with chi^2 79.1710654348
VariableMetricBuilder: no improvement
eigenvalues: 
-0.0949336
0.704731
0.919704
1
1
1
1.00116
1.38141
2.08793
matrix forced pos-def by adding 0.0970215 to diagonal
MnHesse: matrix is invalid!
MnHesse: matrix is not pos. def.!
MnHesse: matrix was forced pos. def.
FunctionMinimum is invalid.
Minuit failed because covariance is not accurate, and covariance is not positive definite.
2s under jitter 0.05 = 5.58124830717 with chi^2 79.339168755
Minuit succeeded.
2s under jitter 0.05 = 5.59224166699 with chi^2 78.9931551126
eigenvalues: 
-1.40994
0.693707
0.914679
1
1
1
1.00135
1.27836
3.52184
matrix forced pos-def by adding 1.41346 to diagonal
MnHesse: matrix is invalid!
MnHesse: matrix is not pos. def.!
MnHesse: matrix was forced pos. def.
FunctionMinimum is invalid.
Minuit failed because covariance is not accurate, and covariance is not positive definite.
2s under jitter 0.05 = 5.5903435427 with chi^2 76.9177624895
VariableMetricBuilder: no improvement
VariableMetricBuilder: finishes without convergence.
VariableMetricBuilder: edm= 0.000132886 requested: 1e-05
FunctionMinimum is invalid.
Minuit failed because the function is above maximum EDM.
2s under jitter 0.05 = 5.63269118049 with chi^2 77.6495004254
eigenvalues: 
-0.158478
0.758108
0.917336
1
1
1
1.00134
1.25698
2.22471
matrix forced pos-def by adding 0.160702 to diagonal
MnHesse: matrix is invalid!
MnHesse: matrix is not pos. def.!
MnHesse: matrix was forced pos. def.
FunctionMinimum is invalid.
Minuit failed because covariance is not accurate, and covariance is not positive definite.
2s under jitter 0.05 = 5.60119918142 with chi^2 80.1926373823
Minuit succeeded.
2s under jitter 0.05 = 5.59437065193 with chi^2 79.5713454173
Minuit succeeded.
2s under jitter 0.05 = 5.59105110758 with chi^2 79.8115243252
VariableMetricBuilder: no improvement
VariableMetricBuilder: finishes without convergence.
VariableMetricBuilder: edm= 0.000147093 requested: 1e-05
eigenvalues: 
-0.721464
0.731785
0.92883
1
1
1
1.00107
1.40279
2.65699
matrix forced pos-def by adding 0.724121 to diagonal
MnHesse: matrix is invalid!
MnHesse: matrix is not pos. def.!
MnHesse: matrix was forced pos. def.
FunctionMinimum is invalid.
Minuit failed because covariance is not accurate, covariance is not positive definite, and the function is above maximum EDM.
2s under jitter 0.05 = 5.58617348398 with chi^2 78.1232467562
eigenvalues: 
-0.50445
0.688845
0.934483
1
1
1
1.00126
1.22012
2.65975
matrix forced pos-def by adding 0.507109 to diagonal
MnHesse: matrix is invalid!
MnHesse: matrix is not pos. def.!
MnHesse: matrix was forced pos. def.
FunctionMinimum is invalid.
Minuit failed because covariance is not accurate, and covariance is not positive definite.
2s under jitter 0.05 = 5.60931343327 with chi^2 75.6181746991
Minuit succeeded.
2s under jitter 0.05 = 5.58856153672 with chi^2 78.4478770639
Minuit succeeded.
2s under jitter 0.05 = 5.56424742063 with chi^2 77.904815011
VariableMetricBuilder: no improvement
Minuit succeeded.
2s under jitter 0.05 = 5.5945566908 with chi^2 78.112495906
VariableMetricBuilder: no improvement
Minuit succeeded.
2s under jitter 0.05 = 5.56309335466 with chi^2 79.4012822207
VariableMetricBuilder: no improvement
VariableMetricBuilder: finishes without convergence.
VariableMetricBuilder: edm= 0.00821825 requested: 1e-05
FunctionMinimum is invalid.
Minuit failed because the function is above maximum EDM.
2s under jitter 0.05 = 5.58941917355 with chi^2 78.3540857394
Minuit succeeded.
2s under jitter 0.05 = 5.56599116035 with chi^2 77.4985058846
VariableMetricBuilder: no improvement
eigenvalues: 
-0.130226
0.690437
0.910895
1
1
1
1.00122
1.36399
2.16368
matrix forced pos-def by adding 0.13239 to diagonal
MnHesse: matrix is invalid!
MnHesse: matrix is not pos. def.!
MnHesse: matrix was forced pos. def.
FunctionMinimum is invalid.
Minuit failed because covariance is not accurate, and covariance is not positive definite.
2s under jitter 0.05 = 5.59223412252 with chi^2 79.2718300304
eigenvalues: 
-0.192032
0.645184
0.909968
1
1
1
1.00098
1.13378
2.50212
matrix forced pos-def by adding 0.194534 to diagonal
MnHesse: matrix is invalid!
MnHesse: matrix is not pos. def.!
MnHesse: matrix was forced pos. def.
FunctionMinimum is invalid.
Minuit failed because covariance is not accurate, and covariance is not positive definite.
2s under jitter 0.05 = 5.58606718198 with chi^2 77.4271166719
VariableMetricBuilder: no improvement
Minuit succeeded.
2s under jitter 0.05 = 5.5778048703 with chi^2 77.8680285626
VariableMetricBuilder: no improvement
eigenvalues: 
-0.114147
0.713411
0.918238
1
1
1
1.00124
1.43018
2.05107
matrix forced pos-def by adding 0.116198 to diagonal
MnHesse: matrix is invalid!
MnHesse: matrix is not pos. def.!
MnHesse: matrix was forced pos. def.
FunctionMinimum is invalid.
Minuit failed because covariance is not accurate, and covariance is not positive definite.
2s under jitter 0.05 = 5.58259294482 with chi^2 79.2132347239
eigenvalues: 
-0.0331412
0.760722
0.923806
1
1
1
1.00076
1.272
2.07586
matrix forced pos-def by adding 0.0352171 to diagonal
MnHesse: matrix is invalid!
MnHesse: matrix is not pos. def.!
MnHesse: matrix was forced pos. def.
FunctionMinimum is invalid.
Minuit failed because covariance is not accurate, and covariance is not positive definite.
2s under jitter 0.05 = 5.57887568546 with chi^2 77.8930099505
Minuit succeeded.
2s under jitter 0.05 = 5.60214225027 with chi^2 77.4481109294
VariableMetricBuilder: no improvement
VariableMetricBuilder: finishes without convergence.
VariableMetricBuilder: edm= 0.000707244 requested: 1e-05
eigenvalues: 
-0.194631
0.711789
0.929417
1
1
1
1.00112
1.37428
2.17803
matrix forced pos-def by adding 0.196809 to diagonal
MnHesse: matrix is invalid!
MnHesse: matrix is not pos. def.!
MnHesse: matrix was forced pos. def.
FunctionMinimum is invalid.
Minuit failed because covariance is not accurate, covariance is not positive definite, and the function is above maximum EDM.
2s under jitter 0.05 = 5.59315793715 with chi^2 81.5377051553
VariableMetricBuilder: no improvement
eigenvalues: 
-0.0768538
0.856803
0.944207
1
1
1
1.00206
1.21017
2.06362
matrix forced pos-def by adding 0.0789174 to diagonal
MnHesse: matrix is invalid!
MnHesse: matrix is not pos. def.!
MnHesse: matrix was forced pos. def.
FunctionMinimum is invalid.
Minuit failed because covariance is not accurate, and covariance is not positive definite.
2s under jitter 0.05 = 5.61247433473 with chi^2 79.0938111057
VariableMetricBuilder: matrix not pos.def.
gdel > 0: 0.00248946
negative or zero diagonal element 1 in covariance matrix
negative or zero diagonal element 2 in covariance matrix
added 1.00022 to diagonal of error matrix
gdel: 0.00248946
Minuit succeeded.
2s under jitter 0.05 = 5.57923414383 with chi^2 80.6186256697
VariableMetricBuilder: no improvement
VariableMetricBuilder: finishes without convergence.
VariableMetricBuilder: edm= 0.000341346 requested: 1e-05
FunctionMinimum is invalid.
Minuit failed because the function is above maximum EDM.
2s under jitter 0.05 = 5.58084083455 with chi^2 79.9139839672
VariableMetricBuilder: no improvement
eigenvalues: 
-0.00677221
0.763611
0.92735
1
1
1
1.00088
1.33482
1.98011
matrix forced pos-def by adding 0.00875232 to diagonal
MnHesse: matrix is invalid!
MnHesse: matrix is not pos. def.!
MnHesse: matrix was forced pos. def.
FunctionMinimum is invalid.
Minuit failed because covariance is not accurate, and covariance is not positive definite.
2s under jitter 0.05 = 5.56959223573 with chi^2 79.4313309212
VariableMetricBuilder: no improvement
Minuit succeeded.
2s under jitter 0.05 = 5.58519178702 with chi^2 76.1120143166
Minuit succeeded.
2s under jitter 0.05 = 5.56533573487 with chi^2 78.5659187122
VariableMetricBuilder: matrix not pos.def.
gdel > 0: 0.000702152
negative or zero diagonal element 3 in covariance matrix
added 1.00158 to diagonal of error matrix
gdel: 0.000702152
eigenvalues: 
-1.27467
0.679747
0.922345
1
1
1
1.00109
1.39114
3.28035
matrix forced pos-def by adding 1.27795 to diagonal
MnHesse: matrix is invalid!
MnHesse: matrix is not pos. def.!
MnHesse: matrix was forced pos. def.
FunctionMinimum is invalid.
Minuit failed because covariance is not accurate, and covariance is not positive definite.
2s under jitter 0.05 = 5.63092574758 with chi^2 79.9100302921
VariableMetricBuilder: matrix not pos.def.
gdel > 0: 0.000949189
negative or zero diagonal element 1 in covariance matrix
added 1.0007 to diagonal of error matrix
gdel: 0.000949189
Minuit succeeded.
2s under jitter 0.05 = 5.61039771468 with chi^2 80.0792214101
VariableMetricBuilder: no improvement
VariableMetricBuilder: finishes without convergence.
VariableMetricBuilder: edm= 0.000120337 requested: 1e-05
FunctionMinimum is invalid.
Minuit failed because the function is above maximum EDM.
2s under jitter 0.05 = 5.56108864498 with chi^2 77.9503508263
Minuit succeeded.
2s under jitter 0.05 = 5.59337192871 with chi^2 78.8697637704
VariableMetricBuilder: matrix not pos.def.
gdel > 0: 0.00395485
negative or zero diagonal element 1 in covariance matrix
added 1.00013 to diagonal of error matrix
gdel: 0.00395485
Minuit succeeded.
2s under jitter 0.05 = 5.59762640921 with chi^2 79.0985205505
Minuit succeeded.
2s under jitter 0.05 = 5.60642234969 with chi^2 83.2928562939
VariableMetricBuilder: no improvement
Minuit succeeded.
2s under jitter 0.05 = 5.56700883345 with chi^2 79.6378627868
