Minuit succeeded.
2s under jitter 0.4 = 5.64632747517 with chi^2 132.465010653
Minuit succeeded.
2s under jitter 0.4 = 5.81740949374 with chi^2 134.060084648
Minuit succeeded.
2s under jitter 0.4 = 5.94742543367 with chi^2 125.473566853
Minuit succeeded.
2s under jitter 0.4 = 5.57022645732 with chi^2 209.81210837
Minuit succeeded.
2s under jitter 0.4 = 6.17049560833 with chi^2 264.361281046
Minuit succeeded.
2s under jitter 0.4 = 5.88285511132 with chi^2 183.280824783
Minuit succeeded.
2s under jitter 0.4 = 5.72672306255 with chi^2 143.804079162
Minuit succeeded.
2s under jitter 0.4 = 5.92277595352 with chi^2 158.263485298
VariableMetricBuilder: matrix not pos.def.
gdel > 0: 0.00355409
negative or zero diagonal element 0 in covariance matrix
negative or zero diagonal element 1 in covariance matrix
added 1.0047 to diagonal of error matrix
gdel: 0.00355409
eigenvalues: 
-0.0200647
0.478945
0.898486
1
1
1
1.00159
1.59154
2.0495
matrix forced pos-def by adding 0.0221142 to diagonal
MnHesse: matrix is invalid!
MnHesse: matrix is not pos. def.!
MnHesse: matrix was forced pos. def.
FunctionMinimum is invalid.
Minuit failed because covariance is not accurate, and covariance is not positive definite.
2s under jitter 0.4 = 5.84071592185 with chi^2 207.091860318
Minuit succeeded.
2s under jitter 0.4 = 5.69995989767 with chi^2 153.279445386
VariableMetricBuilder: matrix not pos.def.
gdel > 0: 0.0123489
negative or zero diagonal element 1 in covariance matrix
negative or zero diagonal element 3 in covariance matrix
negative or zero diagonal element 6 in covariance matrix
added 1.0193 to diagonal of error matrix
gdel: 0.0123489
Minuit succeeded.
2s under jitter 0.4 = 5.98251304024 with chi^2 156.647750369
Minuit succeeded.
2s under jitter 0.4 = 6.47730806155 with chi^2 430.378475735
Minuit succeeded.
2s under jitter 0.4 = 6.0168120136 with chi^2 160.955923988
Minuit succeeded.
2s under jitter 0.4 = 5.6262506008 with chi^2 130.859754169
Minuit succeeded.
2s under jitter 0.4 = 5.83420461984 with chi^2 191.954049134
VariableMetricBuilder: no improvement
Minuit succeeded.
2s under jitter 0.4 = 5.78476542304 with chi^2 106.3838091
Minuit succeeded.
2s under jitter 0.4 = 5.61694371293 with chi^2 144.181232255
Minuit succeeded.
2s under jitter 0.4 = 6.03780318863 with chi^2 322.436210803
VariableMetricBuilder: matrix not pos.def.
edm < 0
negative or zero diagonal element 1 in covariance matrix
added 1 to diagonal of error matrix
Minuit succeeded.
2s under jitter 0.4 = 5.54915070468 with chi^2 112.605313424
Minuit succeeded.
2s under jitter 0.4 = 5.65117618064 with chi^2 124.451073816
Minuit succeeded.
2s under jitter 0.4 = 5.72023591283 with chi^2 195.062230352
Minuit succeeded.
2s under jitter 0.4 = 5.64416374921 with chi^2 139.388211093
Minuit succeeded.
2s under jitter 0.4 = 5.99786761498 with chi^2 229.554481043
Minuit succeeded.
2s under jitter 0.4 = 5.64919363945 with chi^2 144.377805615
Minuit succeeded.
2s under jitter 0.4 = 6.12323941354 with chi^2 360.424994733
Minuit succeeded.
2s under jitter 0.4 = 5.64419784723 with chi^2 125.447391752
VariableMetricBuilder: no improvement
Minuit succeeded.
2s under jitter 0.4 = 5.77735387121 with chi^2 119.110541317
Minuit succeeded.
2s under jitter 0.4 = 5.47430425367 with chi^2 126.005119416
Minuit succeeded.
2s under jitter 0.4 = 5.9233061405 with chi^2 301.762389567
eigenvalues: 
-0.11672
0.664235
0.899439
1
1
1
1.00163
1.12182
2.42959
matrix forced pos-def by adding 0.119149 to diagonal
MnHesse: matrix is invalid!
MnHesse: matrix is not pos. def.!
MnHesse: matrix was forced pos. def.
FunctionMinimum is invalid.
Minuit failed because covariance is not accurate, and covariance is not positive definite.
2s under jitter 0.4 = 5.79528075046 with chi^2 167.663823927
Minuit succeeded.
2s under jitter 0.4 = 5.87759067767 with chi^2 172.485870743
Minuit succeeded.
2s under jitter 0.4 = 5.70713667079 with chi^2 133.55523422
Minuit succeeded.
2s under jitter 0.4 = 5.98469749653 with chi^2 299.752892411
Minuit succeeded.
2s under jitter 0.4 = 5.74949488636 with chi^2 126.019054007
Minuit succeeded.
2s under jitter 0.4 = 5.82972242387 with chi^2 133.375322996
Minuit succeeded.
2s under jitter 0.4 = 5.53469144134 with chi^2 106.750819526
Minuit succeeded.
2s under jitter 0.4 = 5.92279620291 with chi^2 156.825535733
Minuit succeeded.
2s under jitter 0.4 = 5.83906702845 with chi^2 109.474472223
Minuit succeeded.
2s under jitter 0.4 = 5.67890838398 with chi^2 144.376786131
Minuit succeeded.
2s under jitter 0.4 = 5.72109091018 with chi^2 145.9755655
Minuit succeeded.
2s under jitter 0.4 = 5.45497977521 with chi^2 123.690826935
Minuit succeeded.
2s under jitter 0.4 = 5.79608859402 with chi^2 200.441795223
Minuit succeeded.
2s under jitter 0.4 = 6.03472056932 with chi^2 316.356260358
Minuit succeeded.
2s under jitter 0.4 = 5.94514323029 with chi^2 146.707105174
VariableMetricBuilder: matrix not pos.def.
gdel > 0: 0.00025907
negative or zero diagonal element 0 in covariance matrix
negative or zero diagonal element 1 in covariance matrix
negative or zero diagonal element 3 in covariance matrix
added 1.00822 to diagonal of error matrix
gdel: 0.00025907
Minuit succeeded.
2s under jitter 0.4 = 5.90658738872 with chi^2 138.66824076
Minuit succeeded.
2s under jitter 0.4 = 6.02135036372 with chi^2 329.431304948
Minuit succeeded.
2s under jitter 0.4 = 5.93233447755 with chi^2 149.143508605
Minuit succeeded.
2s under jitter 0.4 = 6.03592456277 with chi^2 217.727916314
VariableMetricBuilder: matrix not pos.def.
gdel > 0: 3.26735e-06
negative or zero diagonal element 1 in covariance matrix
added 1.00049 to diagonal of error matrix
gdel: 3.26735e-06
Minuit succeeded.
2s under jitter 0.4 = 5.90346356542 with chi^2 237.408953013
Minuit succeeded.
2s under jitter 0.4 = 5.84107251932 with chi^2 150.235482573
Minuit succeeded.
2s under jitter 0.4 = 5.70973218607 with chi^2 144.836196614
Minuit succeeded.
2s under jitter 0.4 = 5.6691923729 with chi^2 134.224636868
Minuit succeeded.
2s under jitter 0.4 = 5.95599782441 with chi^2 193.647025244
Minuit succeeded.
2s under jitter 0.4 = 6.00848800564 with chi^2 214.768334116
eigenvalues: 
-0.0538418
0.608306
0.908366
1
1
1
1.00123
1.2975
2.23844
matrix forced pos-def by adding 0.0560802 to diagonal
MnHesse: matrix is invalid!
MnHesse: matrix is not pos. def.!
MnHesse: matrix was forced pos. def.
FunctionMinimum is invalid.
Minuit failed because covariance is not accurate, and covariance is not positive definite.
2s under jitter 0.4 = 5.87610070729 with chi^2 130.004605257
Minuit succeeded.
2s under jitter 0.4 = 5.86411830636 with chi^2 210.661658236
Minuit succeeded.
2s under jitter 0.4 = 5.81318130049 with chi^2 156.726236863
Minuit succeeded.
2s under jitter 0.4 = 5.76216741624 with chi^2 159.459536407
Minuit succeeded.
2s under jitter 0.4 = 5.84924934273 with chi^2 192.767413739
Minuit succeeded.
2s under jitter 0.4 = 5.97198883019 with chi^2 190.572169571
eigenvalues: 
-0.334848
0.789139
0.935143
1
1
1
1.00112
1.14831
2.46114
matrix forced pos-def by adding 0.337309 to diagonal
MnHesse: matrix is invalid!
MnHesse: matrix is not pos. def.!
MnHesse: matrix was forced pos. def.
FunctionMinimum is invalid.
Minuit failed because covariance is not accurate, and covariance is not positive definite.
2s under jitter 0.4 = 5.6126612858 with chi^2 109.66328814
Minuit succeeded.
2s under jitter 0.4 = 5.86135463366 with chi^2 111.706205128
eigenvalues: 
-0.922849
0.510872
0.891139
1
1
1
1.00185
1.44035
3.07864
matrix forced pos-def by adding 0.925928 to diagonal
MnHesse: matrix is invalid!
MnHesse: matrix is not pos. def.!
MnHesse: matrix was forced pos. def.
FunctionMinimum is invalid.
Minuit failed because covariance is not accurate, and covariance is not positive definite.
2s under jitter 0.4 = 5.68347102547 with chi^2 166.312426105
Minuit succeeded.
2s under jitter 0.4 = 5.98748643068 with chi^2 167.935403424
Minuit succeeded.
2s under jitter 0.4 = 6.2330993764 with chi^2 387.519928902
Minuit succeeded.
2s under jitter 0.4 = 6.19001670716 with chi^2 408.113813294
Minuit succeeded.
2s under jitter 0.4 = 5.78022114597 with chi^2 197.282042779
eigenvalues: 
-0.0398391
0.808488
0.912452
1
1
1
1.0015
1.08358
2.23381
matrix forced pos-def by adding 0.0420729 to diagonal
MnHesse: matrix is invalid!
MnHesse: matrix is not pos. def.!
MnHesse: matrix was forced pos. def.
FunctionMinimum is invalid.
Minuit failed because covariance is not accurate, and covariance is not positive definite.
2s under jitter 0.4 = 5.61084874677 with chi^2 103.39474158
Minuit succeeded.
2s under jitter 0.4 = 5.64866116118 with chi^2 170.425862511
Minuit succeeded.
2s under jitter 0.4 = 5.75566924509 with chi^2 139.851557175
Minuit succeeded.
2s under jitter 0.4 = 5.71053301536 with chi^2 161.271544324
Minuit succeeded.
2s under jitter 0.4 = 5.84583749075 with chi^2 175.591454111
Minuit succeeded.
2s under jitter 0.4 = 6.34684184768 with chi^2 229.367506801
Minuit succeeded.
2s under jitter 0.4 = 5.58505812873 with chi^2 82.9290756319
Minuit succeeded.
2s under jitter 0.4 = 5.5269129548 with chi^2 123.144777083
Minuit succeeded.
2s under jitter 0.4 = 5.60312234109 with chi^2 169.770150665
VariableMetricBuilder: no improvement
VariableMetricBuilder: finishes without convergence.
VariableMetricBuilder: edm= 0.0021561 requested: 1e-05
FunctionMinimum is invalid.
Minuit failed because the function is above maximum EDM.
2s under jitter 0.4 = 5.77676884896 with chi^2 139.560610238
eigenvalues: 
-0.218447
0.674341
0.910955
1
1
1
1.00036
1.03145
2.60134
matrix forced pos-def by adding 0.221048 to diagonal
MnHesse: matrix is invalid!
MnHesse: matrix is not pos. def.!
MnHesse: matrix was forced pos. def.
FunctionMinimum is invalid.
Minuit failed because covariance is not accurate, and covariance is not positive definite.
2s under jitter 0.4 = 5.74570599877 with chi^2 104.479752938
VariableMetricBuilder: no improvement
VariableMetricBuilder: finishes without convergence.
VariableMetricBuilder: edm= 0.00219907 requested: 1e-05
FunctionMinimum is invalid.
Minuit failed because the function is above maximum EDM.
2s under jitter 0.4 = 5.63022336664 with chi^2 111.539019874
Minuit succeeded.
2s under jitter 0.4 = 5.66140685265 with chi^2 142.151255833
Minuit succeeded.
2s under jitter 0.4 = 6.44902987256 with chi^2 332.794872134
Minuit succeeded.
2s under jitter 0.4 = 5.80362409634 with chi^2 149.228731675
VariableMetricBuilder: no improvement
VariableMetricBuilder: finishes without convergence.
VariableMetricBuilder: edm= 0.00393277 requested: 1e-05
FunctionMinimum is invalid.
Minuit failed because the function is above maximum EDM.
2s under jitter 0.4 = 5.8145727042 with chi^2 123.779329765
Minuit succeeded.
2s under jitter 0.4 = 5.71972977971 with chi^2 148.292620324
Minuit succeeded.
2s under jitter 0.4 = 5.80602420454 with chi^2 115.338605092
Minuit succeeded.
2s under jitter 0.4 = 5.79244379223 with chi^2 198.375986348
eigenvalues: 
-0.0462888
0.421157
0.913217
1
1
1
1.00131
1.01669
2.69391
matrix forced pos-def by adding 0.0489827 to diagonal
MnHesse: matrix is invalid!
MnHesse: matrix is not pos. def.!
MnHesse: matrix was forced pos. def.
FunctionMinimum is invalid.
Minuit failed because covariance is not accurate, and covariance is not positive definite.
2s under jitter 0.4 = 5.57618471517 with chi^2 151.008335339
Minuit succeeded.
2s under jitter 0.4 = 5.71741219547 with chi^2 244.648812226
Minuit succeeded.
2s under jitter 0.4 = 5.87877980942 with chi^2 219.882695901
VariableMetricBuilder: no improvement
VariableMetricBuilder: finishes without convergence.
VariableMetricBuilder: edm= 0.00018383 requested: 1e-05
FunctionMinimum is invalid.
Minuit failed because the function is above maximum EDM.
2s under jitter 0.4 = 5.79333329513 with chi^2 123.296327072
eigenvalues: 
-0.0188933
0.58895
0.898991
1
1
1
1.00221
1.10597
2.42277
matrix forced pos-def by adding 0.0213161 to diagonal
MnHesse: matrix is invalid!
MnHesse: matrix is not pos. def.!
MnHesse: matrix was forced pos. def.
FunctionMinimum is invalid.
Minuit failed because covariance is not accurate, and covariance is not positive definite.
2s under jitter 0.4 = 5.53494649806 with chi^2 113.260579498
Minuit succeeded.
2s under jitter 0.4 = 5.84927301138 with chi^2 188.731258058
VariableMetricBuilder: matrix not pos.def.
gdel > 0: 0.000220506
negative or zero diagonal element 0 in covariance matrix
negative or zero diagonal element 1 in covariance matrix
added 1.00856 to diagonal of error matrix
gdel: 0.000220506
Minuit succeeded.
2s under jitter 0.4 = 5.75749103085 with chi^2 113.324648792
VariableMetricBuilder: matrix not pos.def.
gdel > 0: 9.65739e-06
eigenvalues: 
-1.46827
0.446879
0.7367
0.941215
0.986169
1.00697
1.11207
1.2996
3.93867
matrix forced pos-def by adding 1.47221 to diagonal
gdel: -2.29285e-05
Minuit succeeded.
2s under jitter 0.4 = 5.58341494999 with chi^2 107.56931414
eigenvalues: 
-0.237602
0.678535
0.896875
1
1
1
1.00128
1.10459
2.55633
matrix forced pos-def by adding 0.240158 to diagonal
MnHesse: matrix is invalid!
MnHesse: matrix is not pos. def.!
MnHesse: matrix was forced pos. def.
FunctionMinimum is invalid.
Minuit failed because covariance is not accurate, and covariance is not positive definite.
2s under jitter 0.4 = 5.88403908298 with chi^2 247.649369665
Minuit succeeded.
2s under jitter 0.4 = 5.78708089739 with chi^2 101.674273897
VariableMetricBuilder: no improvement
Minuit succeeded.
2s under jitter 0.4 = 5.58926637342 with chi^2 85.8152932326
Minuit succeeded.
2s under jitter 0.4 = 5.64008259425 with chi^2 107.50019813
Minuit succeeded.
2s under jitter 0.4 = 5.97439221507 with chi^2 258.750814867
Minuit succeeded.
2s under jitter 0.4 = 6.27913388323 with chi^2 276.892179207
