Minuit succeeded.
2s under jitter 0.14 = 5.58200096113 with chi^2 83.9247554538
Minuit succeeded.
2s under jitter 0.14 = 5.61678773032 with chi^2 74.5153201053
eigenvalues: 
-0.0253075
0.734111
0.920407
1
1
1
1.00039
1.06081
2.30959
matrix forced pos-def by adding 0.0276171 to diagonal
MnHesse: matrix is invalid!
MnHesse: matrix is not pos. def.!
MnHesse: matrix was forced pos. def.
FunctionMinimum is invalid.
Minuit failed because covariance is not accurate, and covariance is not positive definite.
2s under jitter 0.14 = 5.61898452364 with chi^2 81.8370519385
VariableMetricBuilder: no improvement
VariableMetricBuilder: finishes without convergence.
VariableMetricBuilder: edm= 0.000121868 requested: 1e-05
FunctionMinimum is invalid.
Minuit failed because the function is above maximum EDM.
2s under jitter 0.14 = 5.64449371695 with chi^2 86.6459396463
eigenvalues: 
-0.92431
0.710496
0.917707
1
1
1
1.00097
1.42333
2.87181
matrix forced pos-def by adding 0.927182 to diagonal
MnHesse: matrix is invalid!
MnHesse: matrix is not pos. def.!
MnHesse: matrix was forced pos. def.
FunctionMinimum is invalid.
Minuit failed because covariance is not accurate, and covariance is not positive definite.
2s under jitter 0.14 = 5.61291884922 with chi^2 87.9475181389
Minuit succeeded.
2s under jitter 0.14 = 5.55631225895 with chi^2 77.7861046475
Minuit succeeded.
2s under jitter 0.14 = 5.58343055122 with chi^2 82.2182967648
eigenvalues: 
-0.283094
0.828926
0.900529
1
1
1
1.00204
1.15131
2.40029
matrix forced pos-def by adding 0.285494 to diagonal
MnHesse: matrix is invalid!
MnHesse: matrix is not pos. def.!
MnHesse: matrix was forced pos. def.
FunctionMinimum is invalid.
Minuit failed because covariance is not accurate, and covariance is not positive definite.
2s under jitter 0.14 = 5.57506274873 with chi^2 77.2942462327
Minuit succeeded.
2s under jitter 0.14 = 5.60111012077 with chi^2 99.3610403192
Minuit succeeded.
2s under jitter 0.14 = 5.63112748835 with chi^2 99.6402648783
Minuit succeeded.
2s under jitter 0.14 = 5.58370171863 with chi^2 89.1346098467
VariableMetricBuilder: no improvement
Minuit succeeded.
2s under jitter 0.14 = 5.58375223589 with chi^2 83.5171054815
eigenvalues: 
-0.0030591
0.692459
0.907672
1
1
1
1.0014
1.16233
2.2392
matrix forced pos-def by adding 0.0052983 to diagonal
MnHesse: matrix is invalid!
MnHesse: matrix is not pos. def.!
MnHesse: matrix was forced pos. def.
FunctionMinimum is invalid.
Minuit failed because covariance is not accurate, and covariance is not positive definite.
2s under jitter 0.14 = 5.6036693656 with chi^2 88.413394104
Minuit succeeded.
2s under jitter 0.14 = 5.62430555321 with chi^2 81.8745177883
VariableMetricBuilder: matrix not pos.def.
gdel > 0: 5.23463e-06
eigenvalues: 
-0.183724
0.227844
0.872777
0.932607
0.986515
0.997325
1.01565
1.07134
3.07967
matrix forced pos-def by adding 0.186803 to diagonal
gdel: -3.53595e-06
Minuit succeeded.
2s under jitter 0.14 = 5.62465185722 with chi^2 88.9191926469
eigenvalues: 
-0.486259
0.51575
0.893887
1
1
1
1.00157
1.28001
2.79504
matrix forced pos-def by adding 0.489054 to diagonal
MnHesse: matrix is invalid!
MnHesse: matrix is not pos. def.!
MnHesse: matrix was forced pos. def.
FunctionMinimum is invalid.
Minuit failed because covariance is not accurate, and covariance is not positive definite.
2s under jitter 0.14 = 5.61672036268 with chi^2 85.0224357129
VariableMetricBuilder: no improvement
VariableMetricBuilder: finishes without convergence.
VariableMetricBuilder: edm= 0.00165443 requested: 1e-05
FunctionMinimum is invalid.
Minuit failed because the function is above maximum EDM.
2s under jitter 0.14 = 5.66216194058 with chi^2 85.3751865219
Minuit succeeded.
2s under jitter 0.14 = 5.6125006088 with chi^2 83.2461435516
VariableMetricBuilder: matrix not pos.def.
gdel > 0: 0.000445898
negative or zero diagonal element 1 in covariance matrix
added 1.0001 to diagonal of error matrix
gdel: 0.000445898
Minuit succeeded.
2s under jitter 0.14 = 5.5730597349 with chi^2 80.6876988431
Minuit succeeded.
2s under jitter 0.14 = 5.53494246209 with chi^2 79.6549732675
VariableMetricBuilder: no improvement
Minuit succeeded.
2s under jitter 0.14 = 5.50953702149 with chi^2 80.7724275666
VariableMetricBuilder: matrix not pos.def.
gdel > 0: 0.000535528
negative or zero diagonal element 1 in covariance matrix
negative or zero diagonal element 4 in covariance matrix
negative or zero diagonal element 5 in covariance matrix
negative or zero diagonal element 6 in covariance matrix
added 1.17392 to diagonal of error matrix
gdel: 0.000535528
Minuit succeeded.
2s under jitter 0.14 = 5.57992573411 with chi^2 83.9568292682
Minuit succeeded.
2s under jitter 0.14 = 5.67162921766 with chi^2 93.4515733936
Minuit succeeded.
2s under jitter 0.14 = 5.58905645379 with chi^2 85.1518104049
Minuit succeeded.
2s under jitter 0.14 = 5.53362937856 with chi^2 78.7566441829
VariableMetricBuilder: matrix not pos.def.
gdel > 0: 0.000519604
negative or zero diagonal element 0 in covariance matrix
negative or zero diagonal element 1 in covariance matrix
negative or zero diagonal element 2 in covariance matrix
negative or zero diagonal element 5 in covariance matrix
negative or zero diagonal element 7 in covariance matrix
negative or zero diagonal element 8 in covariance matrix
added 1.02705 to diagonal of error matrix
gdel: 0.000519604
Minuit succeeded.
2s under jitter 0.14 = 5.57765843347 with chi^2 81.780279169
Minuit succeeded.
2s under jitter 0.14 = 5.55333244602 with chi^2 83.0697999679
Minuit succeeded.
2s under jitter 0.14 = 5.64886316892 with chi^2 120.618123043
Minuit succeeded.
2s under jitter 0.14 = 5.60960377989 with chi^2 88.1632980371
eigenvalues: 
-0.163541
0.481009
0.918524
1
1
1
1.00222
1.09727
2.66452
matrix forced pos-def by adding 0.166206 to diagonal
MnHesse: matrix is invalid!
MnHesse: matrix is not pos. def.!
MnHesse: matrix was forced pos. def.
FunctionMinimum is invalid.
Minuit failed because covariance is not accurate, and covariance is not positive definite.
2s under jitter 0.14 = 5.65788708308 with chi^2 87.730235407
Minuit succeeded.
2s under jitter 0.14 = 5.6326442234 with chi^2 93.9991628365
eigenvalues: 
-1.53431
0.806708
0.936882
1
1
1
1.00157
1.30202
3.48713
matrix forced pos-def by adding 1.5378 to diagonal
MnHesse: matrix is invalid!
MnHesse: matrix is not pos. def.!
MnHesse: matrix was forced pos. def.
FunctionMinimum is invalid.
Minuit failed because covariance is not accurate, and covariance is not positive definite.
2s under jitter 0.14 = 5.62371613398 with chi^2 79.5970452981
Minuit succeeded.
2s under jitter 0.14 = 5.68468959538 with chi^2 101.829113309
Minuit succeeded.
2s under jitter 0.14 = 5.69263904693 with chi^2 117.824640227
VariableMetricBuilder: no improvement
Minuit succeeded.
2s under jitter 0.14 = 5.57760952599 with chi^2 89.8047475074
VariableMetricBuilder: no improvement
eigenvalues: 
-0.040947
0.782424
0.893894
1
1
1
1.00172
1.28767
2.07524
matrix forced pos-def by adding 0.0430223 to diagonal
MnHesse: matrix is invalid!
MnHesse: matrix is not pos. def.!
MnHesse: matrix was forced pos. def.
FunctionMinimum is invalid.
Minuit failed because covariance is not accurate, and covariance is not positive definite.
2s under jitter 0.14 = 5.58998228396 with chi^2 82.1763698298
Minuit succeeded.
2s under jitter 0.14 = 5.56479058911 with chi^2 87.9576183378
Minuit succeeded.
2s under jitter 0.14 = 5.57393338147 with chi^2 77.5191819601
Minuit succeeded.
2s under jitter 0.14 = 5.7373622955 with chi^2 101.489081052
VariableMetricBuilder: no improvement
Minuit succeeded.
2s under jitter 0.14 = 5.55141267776 with chi^2 86.7217283225
Minuit succeeded.
2s under jitter 0.14 = 5.63716791731 with chi^2 80.5937768952
VariableMetricBuilder: no improvement
VariableMetricBuilder: finishes without convergence.
VariableMetricBuilder: edm= 0.00466685 requested: 1e-05
FunctionMinimum is invalid.
Minuit failed because the function is above maximum EDM.
2s under jitter 0.14 = 5.6444876981 with chi^2 77.2660299573
Minuit succeeded.
2s under jitter 0.14 = 5.63134877457 with chi^2 81.0611332148
VariableMetricBuilder: no improvement
VariableMetricBuilder: finishes without convergence.
VariableMetricBuilder: edm= 0.000116364 requested: 1e-05
FunctionMinimum is invalid.
Minuit failed because the function is above maximum EDM.
2s under jitter 0.14 = 5.58932230894 with chi^2 81.2394793869
VariableMetricBuilder: no improvement
VariableMetricBuilder: finishes without convergence.
VariableMetricBuilder: edm= 0.00378868 requested: 1e-05
FunctionMinimum is invalid.
Minuit failed because the function is above maximum EDM.
2s under jitter 0.14 = 5.61403985982 with chi^2 77.2657186877
Minuit succeeded.
2s under jitter 0.14 = 5.65216741707 with chi^2 80.8516810569
Minuit succeeded.
2s under jitter 0.14 = 5.64221745411 with chi^2 81.1112208396
Minuit succeeded.
2s under jitter 0.14 = 5.59864962982 with chi^2 83.3933877191
Minuit succeeded.
2s under jitter 0.14 = 5.60970242812 with chi^2 78.8575722366
VariableMetricBuilder: matrix not pos.def.
gdel > 0: 2.0601e-05
negative or zero diagonal element 1 in covariance matrix
added 1.00003 to diagonal of error matrix
gdel: 2.0601e-05
Minuit succeeded.
2s under jitter 0.14 = 5.67571969845 with chi^2 82.2286805786
Minuit succeeded.
2s under jitter 0.14 = 5.6159495189 with chi^2 79.0335505903
Minuit succeeded.
2s under jitter 0.14 = 5.59584588056 with chi^2 81.090037211
Minuit succeeded.
2s under jitter 0.14 = 5.66374591182 with chi^2 77.2048022081
VariableMetricBuilder: no improvement
VariableMetricBuilder: finishes without convergence.
VariableMetricBuilder: edm= 0.00517059 requested: 1e-05
FunctionMinimum is invalid.
Minuit failed because the function is above maximum EDM.
2s under jitter 0.14 = 5.60335681476 with chi^2 82.691448836
VariableMetricBuilder: no improvement
VariableMetricBuilder: finishes without convergence.
VariableMetricBuilder: edm= 0.00623611 requested: 1e-05
FunctionMinimum is invalid.
Minuit failed because the function is above maximum EDM.
2s under jitter 0.14 = 5.6737884975 with chi^2 99.0842718156
Minuit succeeded.
2s under jitter 0.14 = 5.63934040749 with chi^2 80.3188568815
VariableMetricBuilder: matrix not pos.def.
gdel > 0: 2.10536e-06
eigenvalues: 
-0.947301
0.331514
0.806732
1.00692
1.02739
1.11112
1.19196
1.24723
3.22445
matrix forced pos-def by adding 0.950525 to diagonal
gdel: -6.15842e-07
Minuit succeeded.
2s under jitter 0.14 = 5.55631079543 with chi^2 82.7891735247
Minuit succeeded.
2s under jitter 0.14 = 5.64510346534 with chi^2 88.0768655214
Minuit succeeded.
2s under jitter 0.14 = 5.69968172431 with chi^2 98.640324058
VariableMetricBuilder: matrix not pos.def.
gdel > 0: 0.000205179
negative or zero diagonal element 1 in covariance matrix
added 1.00002 to diagonal of error matrix
gdel: 0.000205179
Minuit succeeded.
2s under jitter 0.14 = 5.62160526047 with chi^2 79.5397222461
VariableMetricBuilder: no improvement
Minuit succeeded.
2s under jitter 0.14 = 5.62516862054 with chi^2 82.4764820458
VariableMetricBuilder: no improvement
VariableMetricBuilder: finishes without convergence.
VariableMetricBuilder: edm= 0.000357584 requested: 1e-05
FunctionMinimum is invalid.
Minuit failed because the function is above maximum EDM.
2s under jitter 0.14 = 5.64161452033 with chi^2 90.5188385612
VariableMetricBuilder: no improvement
Minuit succeeded.
2s under jitter 0.14 = 5.58742733054 with chi^2 86.0692431801
VariableMetricBuilder: no improvement
VariableMetricBuilder: finishes without convergence.
VariableMetricBuilder: edm= 0.000103708 requested: 1e-05
FunctionMinimum is invalid.
Minuit failed because the function is above maximum EDM.
2s under jitter 0.14 = 5.59020666358 with chi^2 76.5348208512
Minuit succeeded.
2s under jitter 0.14 = 5.60153898924 with chi^2 87.0292287436
VariableMetricBuilder: no improvement
Minuit succeeded.
2s under jitter 0.14 = 5.55657461347 with chi^2 81.1239495598
Minuit succeeded.
2s under jitter 0.14 = 5.57641066831 with chi^2 87.914570604
Minuit succeeded.
2s under jitter 0.14 = 5.77499776122 with chi^2 116.051741299
Minuit succeeded.
2s under jitter 0.14 = 5.62820333313 with chi^2 77.1066785158
Minuit succeeded.
2s under jitter 0.14 = 5.69443611307 with chi^2 97.4924108223
Minuit succeeded.
2s under jitter 0.14 = 5.55272707749 with chi^2 82.0345742619
Minuit succeeded.
2s under jitter 0.14 = 5.63715869541 with chi^2 82.1706346725
VariableMetricBuilder: no improvement
VariableMetricBuilder: finishes without convergence.
VariableMetricBuilder: edm= 0.000304802 requested: 1e-05
eigenvalues: 
-0.102908
0.57537
0.898253
1
1
1
1.00226
1.52185
2.10518
matrix forced pos-def by adding 0.105014 to diagonal
MnHesse: matrix is invalid!
MnHesse: matrix is not pos. def.!
MnHesse: matrix was forced pos. def.
FunctionMinimum is invalid.
Minuit failed because covariance is not accurate, covariance is not positive definite, and the function is above maximum EDM.
2s under jitter 0.14 = 5.69564947033 with chi^2 93.0007538911
eigenvalues: 
-0.133471
0.636478
0.905772
1
1
1
1.00197
1.03788
2.55137
matrix forced pos-def by adding 0.136022 to diagonal
MnHesse: matrix is invalid!
MnHesse: matrix is not pos. def.!
MnHesse: matrix was forced pos. def.
FunctionMinimum is invalid.
Minuit failed because covariance is not accurate, and covariance is not positive definite.
2s under jitter 0.14 = 5.5893023549 with chi^2 108.441771317
VariableMetricBuilder: matrix not pos.def.
edm < 0
negative or zero diagonal element 1 in covariance matrix
added 1.00002 to diagonal of error matrix
Minuit succeeded.
2s under jitter 0.14 = 5.54894941033 with chi^2 77.7195844313
Minuit succeeded.
2s under jitter 0.14 = 5.61522839385 with chi^2 84.114298099
VariableMetricBuilder: matrix not pos.def.
gdel > 0: 2.31699e-05
eigenvalues: 
-1.01726
0.518285
0.923004
0.940764
0.96345
0.987871
1.10791
1.19662
3.37935
matrix forced pos-def by adding 1.02063 to diagonal
gdel: -1.16238e-05
VariableMetricBuilder: no improvement
Minuit succeeded.
2s under jitter 0.14 = 5.62380231276 with chi^2 82.8576808529
eigenvalues: 
-0.123898
0.824394
0.923153
1
1
1
1.00144
1.27085
2.10407
matrix forced pos-def by adding 0.126002 to diagonal
MnHesse: matrix is invalid!
MnHesse: matrix is not pos. def.!
MnHesse: matrix was forced pos. def.
FunctionMinimum is invalid.
Minuit failed because covariance is not accurate, and covariance is not positive definite.
2s under jitter 0.14 = 5.64972038394 with chi^2 83.0004149139
Minuit succeeded.
2s under jitter 0.14 = 5.65716580014 with chi^2 103.175968897
Minuit succeeded.
2s under jitter 0.14 = 5.58831641639 with chi^2 82.5085204336
VariableMetricBuilder: no improvement
VariableMetricBuilder: finishes without convergence.
VariableMetricBuilder: edm= 0.000554425 requested: 1e-05
FunctionMinimum is invalid.
Minuit failed because the function is above maximum EDM.
2s under jitter 0.14 = 5.60176147336 with chi^2 81.1001178703
VariableMetricBuilder: matrix not pos.def.
gdel > 0: 0.000707644
negative or zero diagonal element 0 in covariance matrix
negative or zero diagonal element 1 in covariance matrix
negative or zero diagonal element 3 in covariance matrix
negative or zero diagonal element 5 in covariance matrix
negative or zero diagonal element 7 in covariance matrix
added 1.14803 to diagonal of error matrix
gdel: 0.000707644
Minuit succeeded.
2s under jitter 0.14 = 5.5847739535 with chi^2 88.6927941151
eigenvalues: 
-0.0286771
0.844686
0.925745
1
1
1
1.00109
1.21786
2.0393
matrix forced pos-def by adding 0.0307164 to diagonal
MnHesse: matrix is invalid!
MnHesse: matrix is not pos. def.!
MnHesse: matrix was forced pos. def.
FunctionMinimum is invalid.
Minuit failed because covariance is not accurate, and covariance is not positive definite.
2s under jitter 0.14 = 5.62636561177 with chi^2 80.2486129751
Minuit succeeded.
2s under jitter 0.14 = 5.67639570161 with chi^2 76.6350449182
Minuit succeeded.
2s under jitter 0.14 = 5.61219686112 with chi^2 82.1546044777
Minuit succeeded.
2s under jitter 0.14 = 5.65901849982 with chi^2 83.6372996187
VariableMetricBuilder: no improvement
Minuit succeeded.
2s under jitter 0.14 = 5.6398780977 with chi^2 90.0540483584
eigenvalues: 
-0.163063
0.745338
0.909587
1
1
1
1.00155
1.22519
2.28141
matrix forced pos-def by adding 0.165344 to diagonal
MnHesse: matrix is invalid!
MnHesse: matrix is not pos. def.!
MnHesse: matrix was forced pos. def.
FunctionMinimum is invalid.
Minuit failed because covariance is not accurate, and covariance is not positive definite.
2s under jitter 0.14 = 5.54102169342 with chi^2 82.7471639708
eigenvalues: 
-0.0442297
0.678978
0.90298
1
1
1
1.00183
1.23439
2.22605
matrix forced pos-def by adding 0.0464557 to diagonal
MnHesse: matrix is invalid!
MnHesse: matrix is not pos. def.!
MnHesse: matrix was forced pos. def.
FunctionMinimum is invalid.
Minuit failed because covariance is not accurate, and covariance is not positive definite.
2s under jitter 0.14 = 5.58873513024 with chi^2 80.9302104197
VariableMetricBuilder: no improvement
VariableMetricBuilder: finishes without convergence.
VariableMetricBuilder: edm= 0.000115895 requested: 1e-05
eigenvalues: 
-1.28165
0.697237
0.927244
1
1
1
1.001
1.37066
3.28551
matrix forced pos-def by adding 1.28494 to diagonal
MnHesse: matrix is invalid!
MnHesse: matrix is not pos. def.!
MnHesse: matrix was forced pos. def.
FunctionMinimum is invalid.
Minuit failed because covariance is not accurate, covariance is not positive definite, and the function is above maximum EDM.
2s under jitter 0.14 = 5.56090597665 with chi^2 76.1445981015
Minuit succeeded.
2s under jitter 0.14 = 5.57398497124 with chi^2 80.1588789519
VariableMetricBuilder: no improvement
Minuit succeeded.
2s under jitter 0.14 = 5.58514401959 with chi^2 90.3020650774
VariableMetricBuilder: no improvement
eigenvalues: 
-0.100977
0.397595
0.898845
1
1
1
1.00173
1.19684
2.60597
matrix forced pos-def by adding 0.103583 to diagonal
MnHesse: matrix is invalid!
MnHesse: matrix is not pos. def.!
MnHesse: matrix was forced pos. def.
FunctionMinimum is invalid.
Minuit failed because covariance is not accurate, and covariance is not positive definite.
2s under jitter 0.14 = 5.66824539679 with chi^2 110.809184635
VariableMetricBuilder: no improvement
Minuit succeeded.
2s under jitter 0.14 = 5.59631464047 with chi^2 77.8269410071
eigenvalues: 
-0.104519
0.786687
0.909978
1
1
1
1.00033
1.02045
2.38708
matrix forced pos-def by adding 0.106906 to diagonal
MnHesse: matrix is invalid!
MnHesse: matrix is not pos. def.!
MnHesse: matrix was forced pos. def.
FunctionMinimum is invalid.
Minuit failed because covariance is not accurate, and covariance is not positive definite.
2s under jitter 0.14 = 5.59100018943 with chi^2 79.1397587595
Minuit succeeded.
2s under jitter 0.14 = 5.59440551236 with chi^2 81.5637442543
Minuit succeeded.
2s under jitter 0.14 = 5.62326579568 with chi^2 79.557245656
VariableMetricBuilder: no improvement
Minuit succeeded.
2s under jitter 0.14 = 5.69205045126 with chi^2 95.0447964824
VariableMetricBuilder: no improvement
eigenvalues: 
-0.0274691
0.606322
0.908437
1
1
1
1.00411
1.4877
2.0209
matrix forced pos-def by adding 0.02949 to diagonal
MnHesse: matrix is invalid!
MnHesse: matrix is not pos. def.!
MnHesse: matrix was forced pos. def.
FunctionMinimum is invalid.
Minuit failed because covariance is not accurate, and covariance is not positive definite.
2s under jitter 0.14 = 5.56557602465 with chi^2 85.3521257994
eigenvalues: 
-0.123265
0.890342
0.8942
1
1
1
1.00207
1.06677
2.26988
matrix forced pos-def by adding 0.125535 to diagonal
MnHesse: matrix is invalid!
MnHesse: matrix is not pos. def.!
MnHesse: matrix was forced pos. def.
FunctionMinimum is invalid.
Minuit failed because covariance is not accurate, and covariance is not positive definite.
2s under jitter 0.14 = 5.56740689452 with chi^2 84.4902222839
