eigenvalues: 
-0.108573
0.603513
0.917273
1
1
1
1.00084
1.1633
2.42364
matrix forced pos-def by adding 0.110996 to diagonal
MnHesse: matrix is invalid!
MnHesse: matrix is not pos. def.!
MnHesse: matrix was forced pos. def.
FunctionMinimum is invalid.
Minuit failed because covariance is not accurate, and covariance is not positive definite.
2s under jitter 0.16 = 5.52296920628 with chi^2 82.4659568854
eigenvalues: 
-0.29954
0.486864
0.907223
1
1
1
1.0001
1.01829
2.88706
matrix forced pos-def by adding 0.302427 to diagonal
MnHesse: matrix is invalid!
MnHesse: matrix is not pos. def.!
MnHesse: matrix was forced pos. def.
FunctionMinimum is invalid.
Minuit failed because covariance is not accurate, and covariance is not positive definite.
2s under jitter 0.16 = 5.60866792816 with chi^2 87.1556067466
VariableMetricBuilder: no improvement
Minuit succeeded.
2s under jitter 0.16 = 5.81039723462 with chi^2 160.173625236
eigenvalues: 
-0.386272
0.617807
0.907149
1
1
1
1.00169
1.43106
2.42856
matrix forced pos-def by adding 0.388701 to diagonal
MnHesse: matrix is invalid!
MnHesse: matrix is not pos. def.!
MnHesse: matrix was forced pos. def.
FunctionMinimum is invalid.
Minuit failed because covariance is not accurate, and covariance is not positive definite.
2s under jitter 0.16 = 5.61240489223 with chi^2 87.8575237527
VariableMetricBuilder: no improvement
VariableMetricBuilder: finishes without convergence.
VariableMetricBuilder: edm= 0.00372461 requested: 1e-05
FunctionMinimum is invalid.
Minuit failed because the function is above maximum EDM.
2s under jitter 0.16 = 5.58751683147 with chi^2 83.2270167998
VariableMetricBuilder: no improvement
VariableMetricBuilder: finishes without convergence.
VariableMetricBuilder: edm= 0.000101736 requested: 1e-05
FunctionMinimum is invalid.
Minuit failed because the function is above maximum EDM.
2s under jitter 0.16 = 5.5552342608 with chi^2 84.8300149997
VariableMetricBuilder: no improvement
Minuit succeeded.
2s under jitter 0.16 = 5.63041444886 with chi^2 87.7218603884
VariableMetricBuilder: no improvement
VariableMetricBuilder: finishes without convergence.
VariableMetricBuilder: edm= 0.00479121 requested: 1e-05
FunctionMinimum is invalid.
Minuit failed because the function is above maximum EDM.
2s under jitter 0.16 = 5.6659815144 with chi^2 78.8106730027
Minuit succeeded.
2s under jitter 0.16 = 5.55757637017 with chi^2 83.7249188344
Minuit succeeded.
2s under jitter 0.16 = 5.57190269688 with chi^2 80.950915404
eigenvalues: 
-0.106758
0.732255
0.897431
1
1
1
1.00231
1.20225
2.27251
matrix forced pos-def by adding 0.10903 to diagonal
MnHesse: matrix is invalid!
MnHesse: matrix is not pos. def.!
MnHesse: matrix was forced pos. def.
FunctionMinimum is invalid.
Minuit failed because covariance is not accurate, and covariance is not positive definite.
2s under jitter 0.16 = 5.59416773722 with chi^2 80.0776964855
VariableMetricBuilder: matrix not pos.def.
gdel > 0: 2.92266e-05
eigenvalues: 
-0.810249
0.290065
0.911561
0.970297
0.978354
0.996459
1.05589
1.43494
3.17269
matrix forced pos-def by adding 0.813421 to diagonal
gdel: -6.16808e-05
VariableMetricBuilder: no improvement
Minuit succeeded.
2s under jitter 0.16 = 5.57056818379 with chi^2 86.3723674809
eigenvalues: 
-0.29137
0.69335
0.910045
1
1
1
1.00369
1.18071
2.50357
matrix forced pos-def by adding 0.293873 to diagonal
MnHesse: matrix is invalid!
MnHesse: matrix is not pos. def.!
MnHesse: matrix was forced pos. def.
FunctionMinimum is invalid.
Minuit failed because covariance is not accurate, and covariance is not positive definite.
2s under jitter 0.16 = 5.67001388736 with chi^2 83.5034425784
Minuit succeeded.
2s under jitter 0.16 = 5.6941485689 with chi^2 91.1422017784
VariableMetricBuilder: no improvement
VariableMetricBuilder: finishes without convergence.
VariableMetricBuilder: edm= 0.00109375 requested: 1e-05
FunctionMinimum is invalid.
Minuit failed because the function is above maximum EDM.
2s under jitter 0.16 = 5.73909608898 with chi^2 80.0426249228
Minuit succeeded.
2s under jitter 0.16 = 5.50763280635 with chi^2 80.3540990069
VariableMetricBuilder: matrix not pos.def.
gdel > 0: 6.98194e-05
negative or zero diagonal element 1 in covariance matrix
added 1.00016 to diagonal of error matrix
gdel: 6.98194e-05
Minuit succeeded.
2s under jitter 0.16 = 5.64952761122 with chi^2 85.0338833703
Minuit succeeded.
2s under jitter 0.16 = 5.67389158672 with chi^2 95.9321563986
eigenvalues: 
-0.10996
0.819419
0.921375
1
1
1
1.00278
1.18196
2.18442
matrix forced pos-def by adding 0.112145 to diagonal
MnHesse: matrix is invalid!
MnHesse: matrix is not pos. def.!
MnHesse: matrix was forced pos. def.
FunctionMinimum is invalid.
Minuit failed because covariance is not accurate, and covariance is not positive definite.
2s under jitter 0.16 = 5.67233180178 with chi^2 83.3032958226
VariableMetricBuilder: matrix not pos.def.
gdel > 0: 0.00146846
negative or zero diagonal element 0 in covariance matrix
negative or zero diagonal element 1 in covariance matrix
negative or zero diagonal element 2 in covariance matrix
negative or zero diagonal element 3 in covariance matrix
negative or zero diagonal element 4 in covariance matrix
negative or zero diagonal element 6 in covariance matrix
negative or zero diagonal element 7 in covariance matrix
added 1.46752 to diagonal of error matrix
gdel: 0.00146846
Minuit succeeded.
2s under jitter 0.16 = 5.6466800054 with chi^2 89.0717352943
VariableMetricBuilder: no improvement
Minuit succeeded.
2s under jitter 0.16 = 5.61453268927 with chi^2 83.535014515
Minuit succeeded.
2s under jitter 0.16 = 5.66341263023 with chi^2 75.3063014532
VariableMetricBuilder: no improvement
VariableMetricBuilder: finishes without convergence.
VariableMetricBuilder: edm= 0.000564225 requested: 1e-05
FunctionMinimum is invalid.
Minuit failed because the function is above maximum EDM.
2s under jitter 0.16 = 5.54948178068 with chi^2 83.8319303104
VariableMetricBuilder: matrix not pos.def.
gdel > 0: 0.0663329
negative or zero diagonal element 0 in covariance matrix
negative or zero diagonal element 1 in covariance matrix
added 1.00392 to diagonal of error matrix
gdel: 0.0663329
Minuit succeeded.
2s under jitter 0.16 = 5.63015027916 with chi^2 81.3645048931
Minuit succeeded.
2s under jitter 0.16 = 5.6218208197 with chi^2 78.9236168502
Minuit succeeded.
2s under jitter 0.16 = 5.73627749935 with chi^2 117.905888031
Minuit succeeded.
2s under jitter 0.16 = 5.5839651826 with chi^2 84.8517285388
VariableMetricBuilder: no improvement
VariableMetricBuilder: finishes without convergence.
VariableMetricBuilder: edm= 0.000421855 requested: 1e-05
FunctionMinimum is invalid.
Minuit failed because the function is above maximum EDM.
2s under jitter 0.16 = 5.68376201531 with chi^2 78.1136636679
VariableMetricBuilder: matrix not pos.def.
gdel > 0: 0.000806584
negative or zero diagonal element 0 in covariance matrix
negative or zero diagonal element 1 in covariance matrix
negative or zero diagonal element 2 in covariance matrix
negative or zero diagonal element 3 in covariance matrix
negative or zero diagonal element 6 in covariance matrix
negative or zero diagonal element 7 in covariance matrix
added 1.12949 to diagonal of error matrix
gdel: 0.000806584
Minuit succeeded.
2s under jitter 0.16 = 5.66140685651 with chi^2 90.6632963343
VariableMetricBuilder: no improvement
Minuit succeeded.
2s under jitter 0.16 = 5.668057107 with chi^2 95.9681978743
Minuit succeeded.
2s under jitter 0.16 = 5.64927210417 with chi^2 83.2026714021
Minuit succeeded.
2s under jitter 0.16 = 5.64678282539 with chi^2 87.7349822863
Minuit succeeded.
2s under jitter 0.16 = 5.57924445702 with chi^2 82.566689558
VariableMetricBuilder: no improvement
VariableMetricBuilder: finishes without convergence.
VariableMetricBuilder: edm= 0.000155896 requested: 1e-05
FunctionMinimum is invalid.
Minuit failed because the function is above maximum EDM.
2s under jitter 0.16 = 5.62946744134 with chi^2 85.0199634764
Minuit succeeded.
2s under jitter 0.16 = 5.64915386753 with chi^2 84.7113057091
VariableMetricBuilder: no improvement
VariableMetricBuilder: finishes without convergence.
VariableMetricBuilder: edm= 0.00199353 requested: 1e-05
FunctionMinimum is invalid.
Minuit failed because the function is above maximum EDM.
2s under jitter 0.16 = 5.694690284 with chi^2 90.2435681205
Minuit succeeded.
2s under jitter 0.16 = 5.58323651494 with chi^2 80.4904651539
VariableMetricBuilder: no improvement
VariableMetricBuilder: finishes without convergence.
VariableMetricBuilder: edm= 0.000102684 requested: 1e-05
FunctionMinimum is invalid.
Minuit failed because the function is above maximum EDM.
2s under jitter 0.16 = 5.61673844881 with chi^2 83.0657594643
VariableMetricBuilder: no improvement
VariableMetricBuilder: finishes without convergence.
VariableMetricBuilder: edm= 0.00259756 requested: 1e-05
FunctionMinimum is invalid.
Minuit failed because the function is above maximum EDM.
2s under jitter 0.16 = 5.66409375402 with chi^2 83.5301887436
Minuit succeeded.
2s under jitter 0.16 = 5.56309181418 with chi^2 80.2255450095
eigenvalues: 
-0.0464961
0.52281
0.905252
1
1
1
1.00063
1.05895
2.55885
matrix forced pos-def by adding 0.0490549 to diagonal
MnHesse: matrix is invalid!
MnHesse: matrix is not pos. def.!
MnHesse: matrix was forced pos. def.
FunctionMinimum is invalid.
Minuit failed because covariance is not accurate, and covariance is not positive definite.
2s under jitter 0.16 = 5.68586947812 with chi^2 103.791606051
Minuit succeeded.
2s under jitter 0.16 = 5.52837110665 with chi^2 87.9497325842
Minuit succeeded.
2s under jitter 0.16 = 5.55677327352 with chi^2 77.6590304194
VariableMetricBuilder: no improvement
VariableMetricBuilder: finishes without convergence.
VariableMetricBuilder: edm= 0.0160885 requested: 1e-05
FunctionMinimum is invalid.
Minuit failed because the function is above maximum EDM.
2s under jitter 0.16 = 5.60857570467 with chi^2 93.8445710039
Minuit succeeded.
2s under jitter 0.16 = 5.61285902615 with chi^2 78.8365097563
VariableMetricBuilder: no improvement
VariableMetricBuilder: finishes without convergence.
VariableMetricBuilder: edm= 0.000119342 requested: 1e-05
FunctionMinimum is invalid.
Minuit failed because the function is above maximum EDM.
2s under jitter 0.16 = 5.61648513652 with chi^2 84.2408201081
Minuit succeeded.
2s under jitter 0.16 = 5.68530738116 with chi^2 83.9347767773
Minuit succeeded.
2s under jitter 0.16 = 5.65216989 with chi^2 82.9882963653
Minuit succeeded.
2s under jitter 0.16 = 5.63086334035 with chi^2 90.5540086559
VariableMetricBuilder: no improvement
VariableMetricBuilder: finishes without convergence.
VariableMetricBuilder: edm= 0.0198546 requested: 1e-05
FunctionMinimum is invalid.
Minuit failed because the function is above maximum EDM.
2s under jitter 0.16 = 5.69884617369 with chi^2 87.4178510522
Minuit succeeded.
2s under jitter 0.16 = 5.56704598828 with chi^2 79.7194660349
Minuit succeeded.
2s under jitter 0.16 = 5.54182618296 with chi^2 85.9635767869
Minuit succeeded.
2s under jitter 0.16 = 5.65690267345 with chi^2 78.2742367049
Minuit succeeded.
2s under jitter 0.16 = 5.54931488291 with chi^2 80.6126503291
VariableMetricBuilder: no improvement
VariableMetricBuilder: finishes without convergence.
VariableMetricBuilder: edm= 0.000983849 requested: 1e-05
FunctionMinimum is invalid.
Minuit failed because the function is above maximum EDM.
2s under jitter 0.16 = 5.67327683821 with chi^2 84.8887735989
eigenvalues: 
-0.158214
0.654267
0.897962
1
1
1
1.00174
1.11293
2.49132
matrix forced pos-def by adding 0.160705 to diagonal
MnHesse: matrix is invalid!
MnHesse: matrix is not pos. def.!
MnHesse: matrix was forced pos. def.
FunctionMinimum is invalid.
Minuit failed because covariance is not accurate, and covariance is not positive definite.
2s under jitter 0.16 = 5.68174199103 with chi^2 121.783894845
eigenvalues: 
-0.481579
0.734727
0.907347
1
1
1
1.00125
1.21016
2.62809
matrix forced pos-def by adding 0.484208 to diagonal
MnHesse: matrix is invalid!
MnHesse: matrix is not pos. def.!
MnHesse: matrix was forced pos. def.
FunctionMinimum is invalid.
Minuit failed because covariance is not accurate, and covariance is not positive definite.
2s under jitter 0.16 = 5.59927275339 with chi^2 81.8319678876
VariableMetricBuilder: no improvement
VariableMetricBuilder: finishes without convergence.
VariableMetricBuilder: edm= 0.00321314 requested: 1e-05
FunctionMinimum is invalid.
Minuit failed because the function is above maximum EDM.
2s under jitter 0.16 = 5.51473684833 with chi^2 77.9262093346
eigenvalues: 
-0.303179
0.893392
0.956113
1
1
1
1.00397
1.04632
2.40339
matrix forced pos-def by adding 0.305582 to diagonal
MnHesse: matrix is invalid!
MnHesse: matrix is not pos. def.!
MnHesse: matrix was forced pos. def.
FunctionMinimum is invalid.
Minuit failed because covariance is not accurate, and covariance is not positive definite.
2s under jitter 0.16 = 5.60349195786 with chi^2 87.0063338081
Minuit succeeded.
2s under jitter 0.16 = 5.62567269861 with chi^2 80.6562718515
Minuit succeeded.
2s under jitter 0.16 = 5.54521384665 with chi^2 81.1703993434
VariableMetricBuilder: matrix not pos.def.
gdel > 0: 3.11615e-05
eigenvalues: 
-0.871589
0.259232
0.775882
0.961463
1.00681
1.0144
1.02842
1.14608
3.6793
matrix forced pos-def by adding 0.875268 to diagonal
gdel: -2.48977e-05
VariableMetricBuilder: no improvement
Minuit succeeded.
2s under jitter 0.16 = 5.59269540474 with chi^2 95.425757806
VariableMetricBuilder: matrix not pos.def.
gdel > 0: 0.000460374
negative or zero diagonal element 0 in covariance matrix
negative or zero diagonal element 1 in covariance matrix
negative or zero diagonal element 2 in covariance matrix
negative or zero diagonal element 3 in covariance matrix
negative or zero diagonal element 6 in covariance matrix
added 1.15497 to diagonal of error matrix
gdel: 0.000460374
Minuit succeeded.
2s under jitter 0.16 = 5.59122369654 with chi^2 83.4843936032
VariableMetricBuilder: no improvement
VariableMetricBuilder: finishes without convergence.
VariableMetricBuilder: edm= 0.0352118 requested: 1e-05
FunctionMinimum is invalid.
Minuit failed because the function is above maximum EDM.
2s under jitter 0.16 = 5.63122131839 with chi^2 83.76638593
Minuit succeeded.
2s under jitter 0.16 = 5.61622934361 with chi^2 88.7629260679
VariableMetricBuilder: no improvement
Minuit succeeded.
2s under jitter 0.16 = 5.68808010724 with chi^2 93.0022947653
VariableMetricBuilder: no improvement
Minuit succeeded.
2s under jitter 0.16 = 5.67688451943 with chi^2 97.5786872645
Minuit succeeded.
2s under jitter 0.16 = 5.57580037802 with chi^2 99.8239288118
Minuit succeeded.
2s under jitter 0.16 = 5.49316144739 with chi^2 82.6754214362
VariableMetricBuilder: no improvement
Minuit succeeded.
2s under jitter 0.16 = 5.61836633799 with chi^2 87.9364481719
VariableMetricBuilder: matrix not pos.def.
gdel > 0: 0.000714319
negative or zero diagonal element 2 in covariance matrix
negative or zero diagonal element 4 in covariance matrix
negative or zero diagonal element 5 in covariance matrix
negative or zero diagonal element 6 in covariance matrix
added 1.22046 to diagonal of error matrix
gdel: 0.000714319
Minuit succeeded.
2s under jitter 0.16 = 5.63451638147 with chi^2 86.1712545164
Minuit succeeded.
2s under jitter 0.16 = 5.6035777385 with chi^2 117.020620907
Minuit succeeded.
2s under jitter 0.16 = 5.5496696385 with chi^2 88.6181818485
Minuit succeeded.
2s under jitter 0.16 = 5.58468908853 with chi^2 88.4705198672
Minuit succeeded.
2s under jitter 0.16 = 5.72477017896 with chi^2 97.1618677901
Minuit succeeded.
2s under jitter 0.16 = 5.57319104336 with chi^2 82.5802646735
Minuit succeeded.
2s under jitter 0.16 = 5.62278756204 with chi^2 89.5170438523
VariableMetricBuilder: matrix not pos.def.
gdel > 0: 2.86973e-05
negative or zero diagonal element 1 in covariance matrix
added 1.00166 to diagonal of error matrix
gdel: 2.86973e-05
Minuit succeeded.
2s under jitter 0.16 = 5.5913225161 with chi^2 83.6034348308
Minuit succeeded.
2s under jitter 0.16 = 5.65765801698 with chi^2 85.8486654334
Minuit succeeded.
2s under jitter 0.16 = 5.63213697027 with chi^2 81.3968285297
Minuit succeeded.
2s under jitter 0.16 = 5.66153980951 with chi^2 87.0210103769
Minuit succeeded.
2s under jitter 0.16 = 5.68803619346 with chi^2 96.0760017479
Minuit succeeded.
2s under jitter 0.16 = 5.68861413245 with chi^2 107.703102112
Minuit succeeded.
2s under jitter 0.16 = 5.62608784432 with chi^2 79.1714870333
Minuit succeeded.
2s under jitter 0.16 = 5.71107158376 with chi^2 91.7790195973
eigenvalues: 
-0.267885
0.730987
0.923043
1
1
1
1.00064
1.09831
2.5149
matrix forced pos-def by adding 0.270399 to diagonal
MnHesse: matrix is invalid!
MnHesse: matrix is not pos. def.!
MnHesse: matrix was forced pos. def.
FunctionMinimum is invalid.
Minuit failed because covariance is not accurate, and covariance is not positive definite.
2s under jitter 0.16 = 5.6257059214 with chi^2 86.1405477058
Minuit succeeded.
2s under jitter 0.16 = 5.69466791496 with chi^2 88.5826539652
VariableMetricBuilder: no improvement
Minuit succeeded.
2s under jitter 0.16 = 5.72010493241 with chi^2 88.9700294049
Minuit succeeded.
2s under jitter 0.16 = 5.71541829536 with chi^2 91.9615913567
Minuit succeeded.
2s under jitter 0.16 = 5.73107210465 with chi^2 90.8859016961
Minuit succeeded.
2s under jitter 0.16 = 5.66661621542 with chi^2 88.0983883369
Minuit succeeded.
2s under jitter 0.16 = 5.6442507685 with chi^2 79.7633109503
VariableMetricBuilder: no improvement
eigenvalues: 
-0.108031
0.778482
0.919335
1
1
1
1.0008
1.09515
2.31426
matrix forced pos-def by adding 0.110345 to diagonal
MnHesse: matrix is invalid!
MnHesse: matrix is not pos. def.!
MnHesse: matrix was forced pos. def.
FunctionMinimum is invalid.
Minuit failed because covariance is not accurate, and covariance is not positive definite.
2s under jitter 0.16 = 5.6443326523 with chi^2 94.539292313
Minuit succeeded.
2s under jitter 0.16 = 5.6173646063 with chi^2 104.898998848
eigenvalues: 
-0.336587
0.524312
0.909088
1
1
1
1.00134
1.13067
2.77117
matrix forced pos-def by adding 0.339358 to diagonal
MnHesse: matrix is invalid!
MnHesse: matrix is not pos. def.!
MnHesse: matrix was forced pos. def.
FunctionMinimum is invalid.
Minuit failed because covariance is not accurate, and covariance is not positive definite.
2s under jitter 0.16 = 5.61439995104 with chi^2 83.1529501949
VariableMetricBuilder: matrix not pos.def.
gdel > 0: 0.00756689
negative or zero diagonal element 0 in covariance matrix
negative or zero diagonal element 1 in covariance matrix
negative or zero diagonal element 2 in covariance matrix
negative or zero diagonal element 3 in covariance matrix
negative or zero diagonal element 4 in covariance matrix
negative or zero diagonal element 6 in covariance matrix
negative or zero diagonal element 7 in covariance matrix
added 4.91188 to diagonal of error matrix
eigenvalues: 
-1.31316
1
1.00007
1.00261
1.05493
1.13172
1.22141
1.2945
2.60793
matrix forced pos-def by adding 1.31577 to diagonal
gdel: -13.7038
VariableMetricBuilder: no improvement
VariableMetricBuilder: finishes without convergence.
VariableMetricBuilder: edm= 0.318121 requested: 1e-05
FunctionMinimum is invalid.
Minuit failed because the function is above maximum EDM.
2s under jitter 0.16 = 5.56878913777 with chi^2 80.4346202168
Minuit succeeded.
2s under jitter 0.16 = 5.7071758048 with chi^2 87.2651640026
eigenvalues: 
-1.36389
0.441018
0.909747
1
1
1
1.00088
1.10365
3.9086
matrix forced pos-def by adding 1.3678 to diagonal
MnHesse: matrix is invalid!
MnHesse: matrix is not pos. def.!
MnHesse: matrix was forced pos. def.
FunctionMinimum is invalid.
Minuit failed because covariance is not accurate, and covariance is not positive definite.
2s under jitter 0.16 = 5.62051061502 with chi^2 94.9920841266
Minuit succeeded.
2s under jitter 0.16 = 5.59606248656 with chi^2 82.5496013207
eigenvalues: 
-0.0110386
0.736652
0.912939
1
1
1
1.00038
1.02292
2.33814
matrix forced pos-def by adding 0.0133768 to diagonal
MnHesse: matrix is invalid!
MnHesse: matrix is not pos. def.!
MnHesse: matrix was forced pos. def.
FunctionMinimum is invalid.
Minuit failed because covariance is not accurate, and covariance is not positive definite.
2s under jitter 0.16 = 5.61454711671 with chi^2 81.9747781084
