Minuit succeeded.
2s under jitter 1.0 = 6.8663685472 with chi^2 632.691807055
Minuit succeeded.
2s under jitter 1.0 = 6.88467901337 with chi^2 884.451185329
Minuit succeeded.
2s under jitter 1.0 = 6.91000802187 with chi^2 738.373366105
Minuit succeeded.
2s under jitter 1.0 = 6.91691381696 with chi^2 692.081330645
Minuit succeeded.
2s under jitter 1.0 = 6.59355303011 with chi^2 563.084732654
Minuit succeeded.
2s under jitter 1.0 = 8.12011154311 with chi^2 1492.26296288
Minuit succeeded.
2s under jitter 1.0 = 6.81609615514 with chi^2 695.88007946
Minuit succeeded.
2s under jitter 1.0 = 9.04696551123 with chi^2 1779.40310007
Minuit succeeded.
2s under jitter 1.0 = 6.26614697772 with chi^2 768.952367712
Minuit succeeded.
2s under jitter 1.0 = 7.24179876044 with chi^2 831.903541018
Minuit succeeded.
2s under jitter 1.0 = 7.56756143224 with chi^2 897.904262485
Minuit succeeded.
2s under jitter 1.0 = 7.04954333197 with chi^2 685.54019509
Minuit succeeded.
2s under jitter 1.0 = 6.50864255197 with chi^2 545.152024583
Minuit succeeded.
2s under jitter 1.0 = 7.01237481719 with chi^2 589.694596961
Minuit succeeded.
2s under jitter 1.0 = 6.20226317174 with chi^2 440.655357854
Minuit succeeded.
2s under jitter 1.0 = 6.88001628944 with chi^2 660.981479285
Minuit succeeded.
2s under jitter 1.0 = 6.65640563312 with chi^2 416.720901361
Minuit succeeded.
2s under jitter 1.0 = 7.80002185034 with chi^2 1272.81608758
Minuit succeeded.
2s under jitter 1.0 = 6.17055162672 with chi^2 514.132360041
Minuit succeeded.
2s under jitter 1.0 = 6.44629628548 with chi^2 672.08116593
Minuit succeeded.
2s under jitter 1.0 = 7.48015933675 with chi^2 831.202730881
Minuit succeeded.
2s under jitter 1.0 = 6.58899997321 with chi^2 543.71028446
Minuit succeeded.
2s under jitter 1.0 = 8.16335725748 with chi^2 1527.77835109
Minuit succeeded.
2s under jitter 1.0 = 6.49123019885 with chi^2 597.568473588
Minuit succeeded.
2s under jitter 1.0 = 6.37763393091 with chi^2 400.303069576
Minuit succeeded.
2s under jitter 1.0 = 7.20923297233 with chi^2 732.383881489
Minuit succeeded.
2s under jitter 1.0 = 7.10640867113 with chi^2 628.297459339
Minuit succeeded.
2s under jitter 1.0 = 6.73378922091 with chi^2 558.888768086
Minuit succeeded.
2s under jitter 1.0 = 7.14611708396 with chi^2 857.402412719
Minuit succeeded.
2s under jitter 1.0 = 6.5366200607 with chi^2 563.754032658
Minuit succeeded.
2s under jitter 1.0 = 7.30437251429 with chi^2 778.237248214
Minuit succeeded.
2s under jitter 1.0 = 6.64107295836 with chi^2 668.206318092
Minuit succeeded.
2s under jitter 1.0 = 8.41281418403 with chi^2 1482.43140311
Minuit succeeded.
2s under jitter 1.0 = 6.72001498863 with chi^2 477.479307322
Minuit succeeded.
2s under jitter 1.0 = 7.25961781033 with chi^2 692.433027539
Minuit succeeded.
2s under jitter 1.0 = 6.48512336813 with chi^2 514.116421077
Minuit succeeded.
2s under jitter 1.0 = 6.70894792344 with chi^2 440.510507625
Minuit succeeded.
2s under jitter 1.0 = 6.68290229358 with chi^2 624.168892447
Minuit succeeded.
2s under jitter 1.0 = 7.3719537852 with chi^2 792.913741571
Minuit succeeded.
2s under jitter 1.0 = 6.27131313379 with chi^2 476.456757635
Minuit succeeded.
2s under jitter 1.0 = 6.4789990893 with chi^2 368.790633971
Minuit succeeded.
2s under jitter 1.0 = 7.50000111167 with chi^2 944.90336128
Minuit succeeded.
2s under jitter 1.0 = 6.34230676237 with chi^2 345.331640177
Minuit succeeded.
2s under jitter 1.0 = 6.87387944595 with chi^2 915.147208005
Minuit succeeded.
2s under jitter 1.0 = 6.71884875235 with chi^2 530.774963105
Minuit succeeded.
2s under jitter 1.0 = 6.79831480552 with chi^2 707.212817149
Minuit succeeded.
2s under jitter 1.0 = 7.31254967006 with chi^2 831.956536857
Minuit succeeded.
2s under jitter 1.0 = 7.74473034788 with chi^2 865.076138298
Minuit succeeded.
2s under jitter 1.0 = 5.98116708163 with chi^2 312.105406769
Minuit succeeded.
2s under jitter 1.0 = 6.45679765137 with chi^2 587.446820869
Minuit succeeded.
2s under jitter 1.0 = 7.47846833849 with chi^2 1172.47119023
Minuit succeeded.
2s under jitter 1.0 = 6.89180372445 with chi^2 692.394206516
Minuit succeeded.
2s under jitter 1.0 = 6.32078175578 with chi^2 645.478998419
Minuit succeeded.
2s under jitter 1.0 = 6.19187505927 with chi^2 417.384823148
Minuit succeeded.
2s under jitter 1.0 = 6.74355892882 with chi^2 450.107376427
Minuit succeeded.
2s under jitter 1.0 = 8.48920710719 with chi^2 1657.6922728
VariableMetricBuilder: no improvement
VariableMetricBuilder: finishes without convergence.
VariableMetricBuilder: edm= 31.3135 requested: 1e-05
MnHesse: 2nd derivative zero for parameter 4
MnHesse fails and will return diagonal matrix 
FunctionMinimum is invalid.
Minuit failed because covariance is not accurate, covariance is not positive definite, covariance couldn't be made positive definite, Minuit failed to calculate the Hessian, and the function is above maximum EDM.
2s under jitter 1.0 = 7.50083034621 with chi^2 1673.4517613
Minuit succeeded.
2s under jitter 1.0 = 7.27918688168 with chi^2 1092.0298457
Minuit succeeded.
2s under jitter 1.0 = 6.4125077188 with chi^2 399.376708212
Minuit succeeded.
2s under jitter 1.0 = 7.60070993291 with chi^2 941.141562618
Minuit succeeded.
2s under jitter 1.0 = 7.97798945507 with chi^2 928.612747715
Minuit succeeded.
2s under jitter 1.0 = 6.6415843131 with chi^2 714.335644599
Minuit succeeded.
2s under jitter 1.0 = 7.45782411843 with chi^2 1033.44682258
Minuit succeeded.
2s under jitter 1.0 = 7.04661513665 with chi^2 967.936272504
Minuit succeeded.
2s under jitter 1.0 = 6.14317046829 with chi^2 389.581020839
Minuit succeeded.
2s under jitter 1.0 = 8.27110571665 with chi^2 1514.08878404
Minuit succeeded.
2s under jitter 1.0 = 6.40354064793 with chi^2 546.856012255
Minuit succeeded.
2s under jitter 1.0 = 8.98328063723 with chi^2 1848.88694912
Minuit succeeded.
2s under jitter 1.0 = 6.60626673338 with chi^2 950.669793146
Minuit succeeded.
2s under jitter 1.0 = 6.92362835312 with chi^2 730.821182943
Minuit succeeded.
2s under jitter 1.0 = 6.85577244752 with chi^2 1018.39459356
Minuit succeeded.
2s under jitter 1.0 = 6.95414912069 with chi^2 488.210289552
Minuit succeeded.
2s under jitter 1.0 = 7.03125179516 with chi^2 1028.84358458
Minuit succeeded.
2s under jitter 1.0 = 6.53792117487 with chi^2 710.35349605
Minuit succeeded.
2s under jitter 1.0 = 6.56090914288 with chi^2 446.703857273
Minuit succeeded.
2s under jitter 1.0 = 6.59381704984 with chi^2 474.066078611
Minuit succeeded.
2s under jitter 1.0 = 6.73121316037 with chi^2 626.309768275
Minuit succeeded.
2s under jitter 1.0 = 6.72797063472 with chi^2 551.679501801
eigenvalues: 
-0.00899393
0.838443
0.91422
1
1
1
1.00095
1.04578
2.20959
matrix forced pos-def by adding 0.0112035 to diagonal
MnHesse: matrix is invalid!
MnHesse: matrix is not pos. def.!
MnHesse: matrix was forced pos. def.
FunctionMinimum is invalid.
Minuit failed because covariance is not accurate, and covariance is not positive definite.
2s under jitter 1.0 = 5.34723328744 with chi^2 370.707815003
Minuit succeeded.
2s under jitter 1.0 = 7.77752070503 with chi^2 1137.00874554
Minuit succeeded.
2s under jitter 1.0 = 7.3065148401 with chi^2 632.034036053
Minuit succeeded.
2s under jitter 1.0 = 6.27171333289 with chi^2 573.930147813
Minuit succeeded.
2s under jitter 1.0 = 7.35085158501 with chi^2 1049.97334557
Minuit succeeded.
2s under jitter 1.0 = 5.93094172795 with chi^2 406.08784856
Minuit succeeded.
2s under jitter 1.0 = 6.44199867628 with chi^2 573.395153026
Minuit succeeded.
2s under jitter 1.0 = 7.41828230635 with chi^2 833.92736239
Minuit succeeded.
2s under jitter 1.0 = 6.58303979697 with chi^2 391.242837383
Minuit succeeded.
2s under jitter 1.0 = 8.34126929149 with chi^2 1267.53648108
Minuit succeeded.
2s under jitter 1.0 = 7.41959271063 with chi^2 1464.10091734
VariableMetricBuilder: no improvement
VariableMetricBuilder: machine accuracy limits further improvement.
Minuit succeeded.
2s under jitter 1.0 = 7.00210624726 with chi^2 1131.37977101
Minuit succeeded.
2s under jitter 1.0 = 6.78999107419 with chi^2 661.874177409
Minuit succeeded.
2s under jitter 1.0 = 6.61277909625 with chi^2 508.273514507
Minuit succeeded.
2s under jitter 1.0 = 6.22091241658 with chi^2 303.830435591
Minuit succeeded.
2s under jitter 1.0 = 6.23157530473 with chi^2 338.298518814
Minuit succeeded.
2s under jitter 1.0 = 7.06362382787 with chi^2 954.219194443
Minuit succeeded.
2s under jitter 1.0 = 7.22257078988 with chi^2 857.062227091
Minuit succeeded.
2s under jitter 1.0 = 8.08891812374 with chi^2 1381.5773956
Minuit succeeded.
2s under jitter 1.0 = 6.21337563295 with chi^2 756.919150368
Minuit succeeded.
2s under jitter 1.0 = 7.36669826932 with chi^2 1030.40913514
Minuit succeeded.
2s under jitter 1.0 = 6.42246165255 with chi^2 737.874715497
