Minuit succeeded.
2s under jitter 0.02 = 5.58602764658 with chi^2 77.0277336917
Minuit succeeded.
2s under jitter 0.02 = 5.5810815624 with chi^2 77.5253331309
eigenvalues: 
-2.88841
0.701945
0.927869
1
1
1
1.002
1.40626
4.85034
matrix forced pos-def by adding 2.89326 to diagonal
MnHesse: matrix is invalid!
MnHesse: matrix is not pos. def.!
MnHesse: matrix was forced pos. def.
FunctionMinimum is invalid.
Minuit failed because covariance is not accurate, and covariance is not positive definite.
2s under jitter 0.02 = 5.58688153378 with chi^2 77.6433909741
VariableMetricBuilder: no improvement
Minuit succeeded.
2s under jitter 0.02 = 5.58534381168 with chi^2 77.6808309871
VariableMetricBuilder: no improvement
eigenvalues: 
-0.138825
0.700931
0.925142
1
1
1
1.00099
1.38622
2.12554
matrix forced pos-def by adding 0.14095 to diagonal
MnHesse: matrix is invalid!
MnHesse: matrix is not pos. def.!
MnHesse: matrix was forced pos. def.
FunctionMinimum is invalid.
Minuit failed because covariance is not accurate, and covariance is not positive definite.
2s under jitter 0.02 = 5.58456202727 with chi^2 78.3897933048
Minuit succeeded.
2s under jitter 0.02 = 5.58276238788 with chi^2 77.4043520971
VariableMetricBuilder: matrix not pos.def.
edm < 0
negative or zero diagonal element 1 in covariance matrix
added 1.00005 to diagonal of error matrix
Minuit succeeded.
2s under jitter 0.02 = 5.58801905 with chi^2 78.7084896539
VariableMetricBuilder: no improvement
eigenvalues: 
-1.63008
0.692489
0.922489
1
1
1
1.00149
1.40253
3.61108
matrix forced pos-def by adding 1.63369 to diagonal
MnHesse: matrix is invalid!
MnHesse: matrix is not pos. def.!
MnHesse: matrix was forced pos. def.
FunctionMinimum is invalid.
Minuit failed because covariance is not accurate, and covariance is not positive definite.
2s under jitter 0.02 = 5.58468066869 with chi^2 78.1457544433
Minuit succeeded.
2s under jitter 0.02 = 5.59020509346 with chi^2 78.267883351
VariableMetricBuilder: no improvement
eigenvalues: 
-5.7078
0.486509
0.915416
1
1
1
1.00206
1.21539
8.08843
matrix forced pos-def by adding 5.71589 to diagonal
MnHesse: matrix is invalid!
MnHesse: matrix is not pos. def.!
MnHesse: matrix was forced pos. def.
FunctionMinimum is invalid.
Minuit failed because covariance is not accurate, and covariance is not positive definite.
2s under jitter 0.02 = 5.574744222 with chi^2 77.4046855139
VariableMetricBuilder: matrix not pos.def.
gdel > 0: 8.67004e-05
negative or zero diagonal element 0 in covariance matrix
negative or zero diagonal element 1 in covariance matrix
negative or zero diagonal element 6 in covariance matrix
added 1.00804 to diagonal of error matrix
gdel: 8.67004e-05
Minuit succeeded.
2s under jitter 0.02 = 5.57682773024 with chi^2 77.1674042386
Minuit succeeded.
2s under jitter 0.02 = 5.60161295918 with chi^2 78.7798618827
eigenvalues: 
-0.235544
0.713054
0.927322
1
1
1
1.00101
1.38068
2.21348
matrix forced pos-def by adding 0.237758 to diagonal
MnHesse: matrix is invalid!
MnHesse: matrix is not pos. def.!
MnHesse: matrix was forced pos. def.
FunctionMinimum is invalid.
Minuit failed because covariance is not accurate, and covariance is not positive definite.
2s under jitter 0.02 = 5.58604158161 with chi^2 78.3487282751
eigenvalues: 
-0.196532
0.819868
0.938008
1
1
1
1.00185
1.36486
2.07194
matrix forced pos-def by adding 0.198604 to diagonal
MnHesse: matrix is invalid!
MnHesse: matrix is not pos. def.!
MnHesse: matrix was forced pos. def.
FunctionMinimum is invalid.
Minuit failed because covariance is not accurate, and covariance is not positive definite.
2s under jitter 0.02 = 5.59268010627 with chi^2 77.3692876655
VariableMetricBuilder: matrix not pos.def.
edm < 0
negative or zero diagonal element 1 in covariance matrix
negative or zero diagonal element 5 in covariance matrix
added 1.00005 to diagonal of error matrix
Minuit succeeded.
2s under jitter 0.02 = 5.59089457081 with chi^2 78.2853113786
VariableMetricBuilder: matrix not pos.def.
gdel > 0: 0.00051306
negative or zero diagonal element 0 in covariance matrix
negative or zero diagonal element 1 in covariance matrix
negative or zero diagonal element 3 in covariance matrix
negative or zero diagonal element 5 in covariance matrix
added 1.08461 to diagonal of error matrix
gdel: 0.00051306
Minuit succeeded.
2s under jitter 0.02 = 5.5925707918 with chi^2 78.5003827542
eigenvalues: 
-0.0496655
0.698984
0.909398
1
1
1
1.00204
1.23912
2.20012
matrix forced pos-def by adding 0.0518656 to diagonal
MnHesse: matrix is invalid!
MnHesse: matrix is not pos. def.!
MnHesse: matrix was forced pos. def.
FunctionMinimum is invalid.
Minuit failed because covariance is not accurate, and covariance is not positive definite.
2s under jitter 0.02 = 5.57623104096 with chi^2 77.0672279208
Minuit succeeded.
2s under jitter 0.02 = 5.5828459655 with chi^2 78.8304014803
Minuit succeeded.
2s under jitter 0.02 = 5.59542360084 with chi^2 79.464524712
VariableMetricBuilder: no improvement
VariableMetricBuilder: finishes without convergence.
VariableMetricBuilder: edm= 0.000105661 requested: 1e-05
FunctionMinimum is invalid.
Minuit failed because the function is above maximum EDM.
2s under jitter 0.02 = 5.59056839555 with chi^2 78.1906866368
VariableMetricBuilder: no improvement
VariableMetricBuilder: finishes without convergence.
VariableMetricBuilder: edm= 0.000257304 requested: 1e-05
FunctionMinimum is invalid.
Minuit failed because the function is above maximum EDM.
2s under jitter 0.02 = 5.60069236555 with chi^2 78.2247025159
VariableMetricBuilder: matrix not pos.def.
gdel > 0: 5.49017e-05
negative or zero diagonal element 1 in covariance matrix
negative or zero diagonal element 3 in covariance matrix
added 1.02533 to diagonal of error matrix
gdel: 5.49017e-05
Minuit succeeded.
2s under jitter 0.02 = 5.58629792915 with chi^2 78.0804127294
VariableMetricBuilder: no improvement
Minuit succeeded.
2s under jitter 0.02 = 5.58116224584 with chi^2 76.7315667565
VariableMetricBuilder: no improvement
Minuit succeeded.
2s under jitter 0.02 = 5.59057640729 with chi^2 78.3610908008
VariableMetricBuilder: no improvement
eigenvalues: 
-0.056333
0.709435
0.922424
1
1
1
1.00127
1.36458
2.05862
matrix forced pos-def by adding 0.0583916 to diagonal
MnHesse: matrix is invalid!
MnHesse: matrix is not pos. def.!
MnHesse: matrix was forced pos. def.
FunctionMinimum is invalid.
Minuit failed because covariance is not accurate, and covariance is not positive definite.
2s under jitter 0.02 = 5.58247921246 with chi^2 78.3697829771
VariableMetricBuilder: matrix not pos.def.
gdel > 0: 0.000343459
negative or zero diagonal element 0 in covariance matrix
negative or zero diagonal element 1 in covariance matrix
negative or zero diagonal element 5 in covariance matrix
added 1.00871 to diagonal of error matrix
gdel: 0.000343459
Minuit succeeded.
2s under jitter 0.02 = 5.58534629671 with chi^2 77.9880870937
Minuit succeeded.
2s under jitter 0.02 = 5.58930568702 with chi^2 78.1649701445
VariableMetricBuilder: no improvement
VariableMetricBuilder: finishes without convergence.
VariableMetricBuilder: edm= 0.00165387 requested: 1e-05
FunctionMinimum is invalid.
Minuit failed because the function is above maximum EDM.
2s under jitter 0.02 = 5.58347820278 with chi^2 77.6218473598
Minuit succeeded.
2s under jitter 0.02 = 5.58548172313 with chi^2 77.987744703
VariableMetricBuilder: no improvement
Minuit succeeded.
2s under jitter 0.02 = 5.58430634117 with chi^2 78.3787104547
VariableMetricBuilder: matrix not pos.def.
gdel > 0: 0.00441035
negative or zero diagonal element 0 in covariance matrix
negative or zero diagonal element 1 in covariance matrix
negative or zero diagonal element 2 in covariance matrix
negative or zero diagonal element 3 in covariance matrix
negative or zero diagonal element 4 in covariance matrix
negative or zero diagonal element 5 in covariance matrix
added 1.08116 to diagonal of error matrix
gdel: 0.00441035
Minuit succeeded.
2s under jitter 0.02 = 5.58710711427 with chi^2 78.5680633365
VariableMetricBuilder: no improvement
VariableMetricBuilder: finishes without convergence.
VariableMetricBuilder: edm= 0.00809832 requested: 1e-05
FunctionMinimum is invalid.
Minuit failed because the function is above maximum EDM.
2s under jitter 0.02 = 5.58994151961 with chi^2 78.5128721355
eigenvalues: 
-1.09993
0.723081
0.929558
1
1
1
1.00096
1.39453
3.0518
matrix forced pos-def by adding 1.10298 to diagonal
MnHesse: matrix is invalid!
MnHesse: matrix is not pos. def.!
MnHesse: matrix was forced pos. def.
FunctionMinimum is invalid.
Minuit failed because covariance is not accurate, and covariance is not positive definite.
2s under jitter 0.02 = 5.58844772538 with chi^2 78.3830978412
VariableMetricBuilder: no improvement
Minuit succeeded.
2s under jitter 0.02 = 5.58073267887 with chi^2 78.9992879978
VariableMetricBuilder: no improvement
Minuit succeeded.
2s under jitter 0.02 = 5.57653610784 with chi^2 77.8590390837
VariableMetricBuilder: no improvement
Minuit succeeded.
2s under jitter 0.02 = 5.58397153508 with chi^2 77.5390789025
VariableMetricBuilder: no improvement
eigenvalues: 
-0.390765
0.69749
0.922973
1
1
1
1.00202
1.36252
2.40576
matrix forced pos-def by adding 0.393171 to diagonal
MnHesse: matrix is invalid!
MnHesse: matrix is not pos. def.!
MnHesse: matrix was forced pos. def.
FunctionMinimum is invalid.
Minuit failed because covariance is not accurate, and covariance is not positive definite.
2s under jitter 0.02 = 5.58714425808 with chi^2 77.3374394611
VariableMetricBuilder: no improvement
eigenvalues: 
-4.94848
0.621063
0.910302
1
1
1
1.00192
1.44102
6.97417
matrix forced pos-def by adding 4.95545 to diagonal
MnHesse: matrix is invalid!
MnHesse: matrix is not pos. def.!
MnHesse: matrix was forced pos. def.
FunctionMinimum is invalid.
Minuit failed because covariance is not accurate, and covariance is not positive definite.
2s under jitter 0.02 = 5.58767313262 with chi^2 77.4113326991
VariableMetricBuilder: no improvement
VariableMetricBuilder: finishes without convergence.
VariableMetricBuilder: edm= 0.000130205 requested: 1e-05
eigenvalues: 
-0.114433
0.744936
0.921483
1
1
1
1.00099
1.3765
2.07052
matrix forced pos-def by adding 0.116504 to diagonal
MnHesse: matrix is invalid!
MnHesse: matrix is not pos. def.!
MnHesse: matrix was forced pos. def.
FunctionMinimum is invalid.
Minuit failed because covariance is not accurate, covariance is not positive definite, and the function is above maximum EDM.
2s under jitter 0.02 = 5.58018238607 with chi^2 78.4946974056
eigenvalues: 
-0.432767
0.561235
0.917565
1
1
1
1.00232
1.25826
2.69339
matrix forced pos-def by adding 0.43546 to diagonal
MnHesse: matrix is invalid!
MnHesse: matrix is not pos. def.!
MnHesse: matrix was forced pos. def.
FunctionMinimum is invalid.
Minuit failed because covariance is not accurate, and covariance is not positive definite.
2s under jitter 0.02 = 5.58476192267 with chi^2 77.6463667612
VariableMetricBuilder: no improvement
Minuit succeeded.
2s under jitter 0.02 = 5.58540484756 with chi^2 77.5837153742
Minuit succeeded.
2s under jitter 0.02 = 5.59352955917 with chi^2 78.4971455951
VariableMetricBuilder: matrix not pos.def.
gdel > 0: 0.000271309
negative or zero diagonal element 5 in covariance matrix
added 1.00085 to diagonal of error matrix
gdel: 0.000271309
Minuit succeeded.
2s under jitter 0.02 = 5.5934382064 with chi^2 77.8714256924
VariableMetricBuilder: no improvement
VariableMetricBuilder: finishes without convergence.
VariableMetricBuilder: edm= 0.000413562 requested: 1e-05
FunctionMinimum is invalid.
Minuit failed because the function is above maximum EDM.
2s under jitter 0.02 = 5.582664094 with chi^2 77.7259524362
VariableMetricBuilder: matrix not pos.def.
gdel > 0: 0.00072623
negative or zero diagonal element 5 in covariance matrix
added 1.00048 to diagonal of error matrix
gdel: 0.00072623
Minuit succeeded.
2s under jitter 0.02 = 5.58289332929 with chi^2 76.6302223772
eigenvalues: 
-0.457588
0.501226
0.918123
1
1
1
1.00204
1.11978
2.91642
matrix forced pos-def by adding 0.460505 to diagonal
MnHesse: matrix is invalid!
MnHesse: matrix is not pos. def.!
MnHesse: matrix was forced pos. def.
FunctionMinimum is invalid.
Minuit failed because covariance is not accurate, and covariance is not positive definite.
2s under jitter 0.02 = 5.57993563778 with chi^2 78.7092407897
VariableMetricBuilder: matrix not pos.def.
gdel > 0: 0.000144753
negative or zero diagonal element 1 in covariance matrix
negative or zero diagonal element 8 in covariance matrix
added 1.00005 to diagonal of error matrix
gdel: 0.000144753
Minuit succeeded.
2s under jitter 0.02 = 5.59260779302 with chi^2 79.1550646379
eigenvalues: 
-0.00750015
0.835388
0.926484
1
1
1
1.00096
1.31585
1.92882
matrix forced pos-def by adding 0.00942897 to diagonal
MnHesse: matrix is invalid!
MnHesse: matrix is not pos. def.!
MnHesse: matrix was forced pos. def.
FunctionMinimum is invalid.
Minuit failed because covariance is not accurate, and covariance is not positive definite.
2s under jitter 0.02 = 5.58894852165 with chi^2 79.5515705335
VariableMetricBuilder: no improvement
VariableMetricBuilder: finishes without convergence.
VariableMetricBuilder: edm= 0.0006895 requested: 1e-05
FunctionMinimum is invalid.
Minuit failed because the function is above maximum EDM.
2s under jitter 0.02 = 5.58892016481 with chi^2 77.3035825008
VariableMetricBuilder: no improvement
VariableMetricBuilder: finishes without convergence.
VariableMetricBuilder: edm= 0.00164471 requested: 1e-05
FunctionMinimum is invalid.
Minuit failed because the function is above maximum EDM.
2s under jitter 0.02 = 5.58891822821 with chi^2 77.8648604905
Minuit succeeded.
2s under jitter 0.02 = 5.58179024691 with chi^2 77.1505921739
Minuit succeeded.
2s under jitter 0.02 = 5.58609523189 with chi^2 77.8465590131
VariableMetricBuilder: no improvement
Minuit succeeded.
2s under jitter 0.02 = 5.58864364318 with chi^2 78.6537976022
Minuit succeeded.
2s under jitter 0.02 = 5.5844184539 with chi^2 78.5313002711
VariableMetricBuilder: matrix not pos.def.
gdel > 0: 0.000337411
negative or zero diagonal element 0 in covariance matrix
negative or zero diagonal element 1 in covariance matrix
negative or zero diagonal element 5 in covariance matrix
added 1.04224 to diagonal of error matrix
gdel: 0.000337411
eigenvalues: 
-1.05462
0.531272
0.918976
1
1
1
1.00073
1.16193
3.44171
matrix forced pos-def by adding 1.05806 to diagonal
MnHesse: matrix is invalid!
MnHesse: matrix is not pos. def.!
MnHesse: matrix was forced pos. def.
FunctionMinimum is invalid.
Minuit failed because covariance is not accurate, and covariance is not positive definite.
2s under jitter 0.02 = 5.58122130794 with chi^2 77.7486063248
eigenvalues: 
-0.284804
0.0966598
0.907694
1
1
1
1.00016
1.02241
3.25788
matrix forced pos-def by adding 0.288062 to diagonal
MnHesse: matrix is invalid!
MnHesse: matrix is not pos. def.!
MnHesse: matrix was forced pos. def.
FunctionMinimum is invalid.
Minuit failed because covariance is not accurate, and covariance is not positive definite.
2s under jitter 0.02 = 5.58861896642 with chi^2 77.2697035009
eigenvalues: 
-0.0921873
0.740492
0.924468
1
1
1
1.00238
1.34521
2.07963
matrix forced pos-def by adding 0.094267 to diagonal
MnHesse: matrix is invalid!
MnHesse: matrix is not pos. def.!
MnHesse: matrix was forced pos. def.
FunctionMinimum is invalid.
Minuit failed because covariance is not accurate, and covariance is not positive definite.
2s under jitter 0.02 = 5.59249417141 with chi^2 77.9909604294
VariableMetricBuilder: no improvement
Minuit succeeded.
2s under jitter 0.02 = 5.59142807054 with chi^2 77.8202433274
VariableMetricBuilder: no improvement
Minuit succeeded.
2s under jitter 0.02 = 5.58857163815 with chi^2 77.9040594555
VariableMetricBuilder: no improvement
VariableMetricBuilder: finishes without convergence.
VariableMetricBuilder: edm= 0.00628446 requested: 1e-05
eigenvalues: 
-0.0127147
0.639654
0.913829
1
1
1
1.00171
1.44071
2.01682
matrix forced pos-def by adding 0.0147315 to diagonal
MnHesse: matrix is invalid!
MnHesse: matrix is not pos. def.!
MnHesse: matrix was forced pos. def.
FunctionMinimum is invalid.
Minuit failed because covariance is not accurate, covariance is not positive definite, and the function is above maximum EDM.
2s under jitter 0.02 = 5.59433240059 with chi^2 78.0250670167
VariableMetricBuilder: no improvement
VariableMetricBuilder: finishes without convergence.
VariableMetricBuilder: edm= 0.00582365 requested: 1e-05
FunctionMinimum is invalid.
Minuit failed because the function is above maximum EDM.
2s under jitter 0.02 = 5.5908571442 with chi^2 78.7049846537
Minuit succeeded.
2s under jitter 0.02 = 5.58905246543 with chi^2 79.1051882639
VariableMetricBuilder: no improvement
Minuit succeeded.
2s under jitter 0.02 = 5.58648961589 with chi^2 78.7040461676
VariableMetricBuilder: no improvement
eigenvalues: 
-0.0892503
0.663082
0.905842
1
1
1
1.00248
1.44518
2.07266
matrix forced pos-def by adding 0.0913229 to diagonal
MnHesse: matrix is invalid!
MnHesse: matrix is not pos. def.!
MnHesse: matrix was forced pos. def.
FunctionMinimum is invalid.
Minuit failed because covariance is not accurate, and covariance is not positive definite.
2s under jitter 0.02 = 5.59065927129 with chi^2 78.1461337117
VariableMetricBuilder: no improvement
eigenvalues: 
-0.12054
0.751375
0.923894
1
1
1
1.00089
1.36075
2.08363
matrix forced pos-def by adding 0.122623 to diagonal
MnHesse: matrix is invalid!
MnHesse: matrix is not pos. def.!
MnHesse: matrix was forced pos. def.
FunctionMinimum is invalid.
Minuit failed because covariance is not accurate, and covariance is not positive definite.
2s under jitter 0.02 = 5.58345452106 with chi^2 77.8636689531
Minuit succeeded.
2s under jitter 0.02 = 5.58937436763 with chi^2 77.4230782091
Minuit succeeded.
2s under jitter 0.02 = 5.57823579061 with chi^2 78.1310883532
VariableMetricBuilder: matrix not pos.def.
gdel > 0: 0.000256708
negative or zero diagonal element 0 in covariance matrix
negative or zero diagonal element 1 in covariance matrix
negative or zero diagonal element 5 in covariance matrix
added 1.0036 to diagonal of error matrix
gdel: 0.000256708
eigenvalues: 
-2.82397
0.707148
0.925092
1
1
1
1.00147
1.40585
4.78442
matrix forced pos-def by adding 2.82876 to diagonal
MnHesse: matrix is invalid!
MnHesse: matrix is not pos. def.!
MnHesse: matrix was forced pos. def.
FunctionMinimum is invalid.
Minuit failed because covariance is not accurate, and covariance is not positive definite.
2s under jitter 0.02 = 5.58841225255 with chi^2 78.097370537
VariableMetricBuilder: matrix not pos.def.
gdel > 0: 3.33483e-05
negative or zero diagonal element 1 in covariance matrix
added 1.0001 to diagonal of error matrix
gdel: 3.33483e-05
Minuit succeeded.
2s under jitter 0.02 = 5.59777038688 with chi^2 78.6678268675
eigenvalues: 
-0.0423269
0.749607
0.913857
1
1
1
1.00087
1.02867
2.34932
matrix forced pos-def by adding 0.0446762 to diagonal
MnHesse: matrix is invalid!
MnHesse: matrix is not pos. def.!
MnHesse: matrix was forced pos. def.
FunctionMinimum is invalid.
Minuit failed because covariance is not accurate, and covariance is not positive definite.
2s under jitter 0.02 = 5.58687672252 with chi^2 79.5230201211
VariableMetricBuilder: no improvement
Minuit succeeded.
2s under jitter 0.02 = 5.58098487559 with chi^2 79.003388905
VariableMetricBuilder: matrix not pos.def.
gdel > 0: 0.00157664
eigenvalues: 
-0.144026
0.766197
0.797726
1.001
1.00749
1.02116
1.12349
1.2256
2.20136
matrix forced pos-def by adding 0.146228 to diagonal
gdel: -5.56812e-05
Minuit succeeded.
2s under jitter 0.02 = 5.58127957364 with chi^2 78.6590666385
Minuit succeeded.
2s under jitter 0.02 = 5.59117253054 with chi^2 78.6635307734
VariableMetricBuilder: no improvement
eigenvalues: 
-0.118323
0.748527
0.925149
1
1
1
1.00079
1.34742
2.09643
matrix forced pos-def by adding 0.12042 to diagonal
MnHesse: matrix is invalid!
MnHesse: matrix is not pos. def.!
MnHesse: matrix was forced pos. def.
FunctionMinimum is invalid.
Minuit failed because covariance is not accurate, and covariance is not positive definite.
2s under jitter 0.02 = 5.59715991676 with chi^2 77.8495294911
eigenvalues: 
-0.272079
0.700573
0.905328
1
1
1
1.00238
1.29272
2.37108
matrix forced pos-def by adding 0.27445 to diagonal
MnHesse: matrix is invalid!
MnHesse: matrix is not pos. def.!
MnHesse: matrix was forced pos. def.
FunctionMinimum is invalid.
Minuit failed because covariance is not accurate, and covariance is not positive definite.
2s under jitter 0.02 = 5.57964943414 with chi^2 78.1295296926
Minuit succeeded.
2s under jitter 0.02 = 5.58023341553 with chi^2 77.7852090861
VariableMetricBuilder: no improvement
VariableMetricBuilder: finishes without convergence.
VariableMetricBuilder: edm= 0.000382927 requested: 1e-05
eigenvalues: 
-1.37219
0.658851
0.925473
1
1
1
1.00088
1.25745
3.52954
matrix forced pos-def by adding 1.37572 to diagonal
MnHesse: matrix is invalid!
MnHesse: matrix is not pos. def.!
MnHesse: matrix was forced pos. def.
FunctionMinimum is invalid.
Minuit failed because covariance is not accurate, covariance is not positive definite, and the function is above maximum EDM.
2s under jitter 0.02 = 5.59421556063 with chi^2 79.5828808968
VariableMetricBuilder: no improvement
VariableMetricBuilder: finishes without convergence.
VariableMetricBuilder: edm= 0.000121046 requested: 1e-05
FunctionMinimum is invalid.
Minuit failed because the function is above maximum EDM.
2s under jitter 0.02 = 5.58449968763 with chi^2 79.7910582462
Minuit succeeded.
2s under jitter 0.02 = 5.59235892405 with chi^2 77.9896420371
VariableMetricBuilder: no improvement
Minuit succeeded.
2s under jitter 0.02 = 5.57230021773 with chi^2 77.6083889872
Minuit succeeded.
2s under jitter 0.02 = 5.57767959848 with chi^2 77.8114523934
Minuit succeeded.
2s under jitter 0.02 = 5.58259525448 with chi^2 77.5547303657
VariableMetricBuilder: matrix not pos.def.
gdel > 0: 1.3573e-05
eigenvalues: 
-1.35396
0.477562
0.632648
0.957942
0.971655
1.01328
1.02321
2.35203
2.92564
matrix forced pos-def by adding 1.35689 to diagonal
gdel: -2.79136e-05
eigenvalues: 
-0.190572
0.708082
0.926933
1
1
1
1.00087
1.38059
2.1741
matrix forced pos-def by adding 0.192746 to diagonal
MnHesse: matrix is invalid!
MnHesse: matrix is not pos. def.!
MnHesse: matrix was forced pos. def.
FunctionMinimum is invalid.
Minuit failed because covariance is not accurate, and covariance is not positive definite.
2s under jitter 0.02 = 5.58717454516 with chi^2 77.7029462081
VariableMetricBuilder: matrix not pos.def.
gdel > 0: 0.00179946
negative or zero diagonal element 0 in covariance matrix
negative or zero diagonal element 1 in covariance matrix
negative or zero diagonal element 5 in covariance matrix
added 1.03002 to diagonal of error matrix
gdel: 0.00179946
Minuit succeeded.
2s under jitter 0.02 = 5.59688388396 with chi^2 78.1229093177
Minuit succeeded.
2s under jitter 0.02 = 5.58184427418 with chi^2 77.8602505228
VariableMetricBuilder: no improvement
VariableMetricBuilder: finishes without convergence.
VariableMetricBuilder: edm= 0.00017752 requested: 1e-05
FunctionMinimum is invalid.
Minuit failed because the function is above maximum EDM.
2s under jitter 0.02 = 5.58274045679 with chi^2 78.6426434675
Minuit succeeded.
2s under jitter 0.02 = 5.58598567923 with chi^2 78.1398635072
Minuit succeeded.
2s under jitter 0.02 = 5.57986755176 with chi^2 77.6525646701
VariableMetricBuilder: matrix not pos.def.
gdel > 0: 1.51667e-05
eigenvalues: 
-1.0399
0.180213
0.697447
1.02017
1.26277
1.33019
1.40879
1.4155
2.72481
matrix forced pos-def by adding 1.04262 to diagonal
gdel: -3.16027e-06
VariableMetricBuilder: no improvement
Minuit succeeded.
2s under jitter 0.02 = 5.59105005168 with chi^2 78.2995999402
VariableMetricBuilder: matrix not pos.def.
edm < 0
eigenvalues: 
-0.000931203
0.701796
0.850809
0.987224
0.992294
1.01177
1.08598
1.14402
2.22705
matrix forced pos-def by adding 0.00315825 to diagonal
Minuit succeeded.
2s under jitter 0.02 = 5.59383190356 with chi^2 77.6330161126
Minuit succeeded.
2s under jitter 0.02 = 5.58663429659 with chi^2 77.0968268352
eigenvalues: 
-0.163681
0.790278
0.907135
1
1
1
1.00051
1.01873
2.44702
matrix forced pos-def by adding 0.166128 to diagonal
MnHesse: matrix is invalid!
MnHesse: matrix is not pos. def.!
MnHesse: matrix was forced pos. def.
FunctionMinimum is invalid.
Minuit failed because covariance is not accurate, and covariance is not positive definite.
2s under jitter 0.02 = 5.59378331354 with chi^2 79.5374027032
Minuit succeeded.
2s under jitter 0.02 = 5.59715472776 with chi^2 77.7909429499
eigenvalues: 
-0.693222
0.657893
0.910406
1
1
1
1.0018
1.42537
2.69775
matrix forced pos-def by adding 0.69592 to diagonal
MnHesse: matrix is invalid!
MnHesse: matrix is not pos. def.!
MnHesse: matrix was forced pos. def.
FunctionMinimum is invalid.
Minuit failed because covariance is not accurate, and covariance is not positive definite.
2s under jitter 0.02 = 5.58789135264 with chi^2 79.3101373459
VariableMetricBuilder: matrix not pos.def.
gdel > 0: 0.00811294
negative or zero diagonal element 0 in covariance matrix
negative or zero diagonal element 1 in covariance matrix
negative or zero diagonal element 3 in covariance matrix
negative or zero diagonal element 6 in covariance matrix
added 1.08311 to diagonal of error matrix
gdel: 0.00811294
Minuit succeeded.
2s under jitter 0.02 = 5.58307628052 with chi^2 77.71646701
eigenvalues: 
-0.440289
0.69352
0.908164
1
1
1
1.00187
1.39763
2.4391
matrix forced pos-def by adding 0.442728 to diagonal
MnHesse: matrix is invalid!
MnHesse: matrix is not pos. def.!
MnHesse: matrix was forced pos. def.
FunctionMinimum is invalid.
Minuit failed because covariance is not accurate, and covariance is not positive definite.
2s under jitter 0.02 = 5.60240441597 with chi^2 79.4639113065
VariableMetricBuilder: matrix not pos.def.
gdel > 0: 0.0096645
negative or zero diagonal element 0 in covariance matrix
negative or zero diagonal element 1 in covariance matrix
negative or zero diagonal element 2 in covariance matrix
negative or zero diagonal element 3 in covariance matrix
negative or zero diagonal element 4 in covariance matrix
negative or zero diagonal element 5 in covariance matrix
added 1.04695 to diagonal of error matrix
gdel: 0.0096645
Minuit succeeded.
2s under jitter 0.02 = 5.58168705094 with chi^2 77.8682441409
VariableMetricBuilder: no improvement
Minuit succeeded.
2s under jitter 0.02 = 5.58143915409 with chi^2 77.8888616138
Minuit succeeded.
2s under jitter 0.02 = 5.57975585531 with chi^2 77.814012431
VariableMetricBuilder: no improvement
Minuit succeeded.
2s under jitter 0.02 = 5.57587362437 with chi^2 77.6740292347
