Minuit succeeded.
2s under jitter 0.18 = 5.67618674103 with chi^2 106.389202336
VariableMetricBuilder: no improvement
Minuit succeeded.
2s under jitter 0.18 = 5.63654407938 with chi^2 92.0018120922
eigenvalues: 
-0.855869
0.542488
0.910516
1
1
1
1.00282
1.43196
2.96809
matrix forced pos-def by adding 0.858837 to diagonal
MnHesse: matrix is invalid!
MnHesse: matrix is not pos. def.!
MnHesse: matrix was forced pos. def.
FunctionMinimum is invalid.
Minuit failed because covariance is not accurate, and covariance is not positive definite.
2s under jitter 0.18 = 5.65550899913 with chi^2 83.4163341049
VariableMetricBuilder: no improvement
VariableMetricBuilder: finishes without convergence.
VariableMetricBuilder: edm= 0.000275657 requested: 1e-05
eigenvalues: 
-0.394034
0.699937
0.926779
1
1
1
1.00202
1.38596
2.37934
matrix forced pos-def by adding 0.396414 to diagonal
MnHesse: matrix is invalid!
MnHesse: matrix is not pos. def.!
MnHesse: matrix was forced pos. def.
FunctionMinimum is invalid.
Minuit failed because covariance is not accurate, covariance is not positive definite, and the function is above maximum EDM.
2s under jitter 0.18 = 5.53795120492 with chi^2 84.4712695219
Minuit succeeded.
2s under jitter 0.18 = 5.58448843601 with chi^2 97.6103076037
Minuit succeeded.
2s under jitter 0.18 = 5.57113823407 with chi^2 96.9537390922
Minuit succeeded.
2s under jitter 0.18 = 5.56009844731 with chi^2 78.8310715107
Minuit succeeded.
2s under jitter 0.18 = 5.61188695655 with chi^2 89.7409788763
eigenvalues: 
-0.00903209
0.73823
0.905231
1
1
1
1.00136
1.06194
2.30227
matrix forced pos-def by adding 0.0113344 to diagonal
MnHesse: matrix is invalid!
MnHesse: matrix is not pos. def.!
MnHesse: matrix was forced pos. def.
FunctionMinimum is invalid.
Minuit failed because covariance is not accurate, and covariance is not positive definite.
2s under jitter 0.18 = 5.67783969374 with chi^2 89.6011105771
VariableMetricBuilder: no improvement
VariableMetricBuilder: finishes without convergence.
VariableMetricBuilder: edm= 0.000118161 requested: 1e-05
FunctionMinimum is invalid.
Minuit failed because the function is above maximum EDM.
2s under jitter 0.18 = 5.64901840876 with chi^2 80.2195021251
VariableMetricBuilder: no improvement
VariableMetricBuilder: finishes without convergence.
VariableMetricBuilder: edm= 0.000101064 requested: 1e-05
FunctionMinimum is invalid.
Minuit failed because the function is above maximum EDM.
2s under jitter 0.18 = 5.60987412544 with chi^2 88.8988628252
Minuit succeeded.
2s under jitter 0.18 = 5.67380212283 with chi^2 86.310478715
Minuit succeeded.
2s under jitter 0.18 = 5.58197072611 with chi^2 89.0611132874
VariableMetricBuilder: no improvement
Minuit succeeded.
2s under jitter 0.18 = 5.70904499428 with chi^2 97.2899108479
VariableMetricBuilder: no improvement
eigenvalues: 
-0.169841
0.530823
0.895242
1
1
1
1.00174
1.333
2.40903
matrix forced pos-def by adding 0.17225 to diagonal
MnHesse: matrix is invalid!
MnHesse: matrix is not pos. def.!
MnHesse: matrix was forced pos. def.
FunctionMinimum is invalid.
Minuit failed because covariance is not accurate, and covariance is not positive definite.
2s under jitter 0.18 = 5.60587338297 with chi^2 109.609374925
Minuit succeeded.
2s under jitter 0.18 = 5.59730130375 with chi^2 85.9197296142
Minuit succeeded.
2s under jitter 0.18 = 5.5604164117 with chi^2 85.948466645
Minuit succeeded.
2s under jitter 0.18 = 5.73823916204 with chi^2 92.593856052
eigenvalues: 
-0.692159
0.728188
0.905425
1
1
1
1.00162
1.38894
2.66798
matrix forced pos-def by adding 0.694827 to diagonal
MnHesse: matrix is invalid!
MnHesse: matrix is not pos. def.!
MnHesse: matrix was forced pos. def.
FunctionMinimum is invalid.
Minuit failed because covariance is not accurate, and covariance is not positive definite.
2s under jitter 0.18 = 5.65428593609 with chi^2 104.641505497
VariableMetricBuilder: no improvement
VariableMetricBuilder: finishes without convergence.
VariableMetricBuilder: edm= 0.00140359 requested: 1e-05
FunctionMinimum is invalid.
Minuit failed because the function is above maximum EDM.
2s under jitter 0.18 = 5.59099544166 with chi^2 90.7485681267
VariableMetricBuilder: no improvement
Minuit succeeded.
2s under jitter 0.18 = 5.60176656983 with chi^2 93.4405854028
VariableMetricBuilder: no improvement
eigenvalues: 
-0.363045
0.659177
0.92383
1
1
1
1.00211
1.22338
2.55456
matrix forced pos-def by adding 0.3656 to diagonal
MnHesse: matrix is invalid!
MnHesse: matrix is not pos. def.!
MnHesse: matrix was forced pos. def.
FunctionMinimum is invalid.
Minuit failed because covariance is not accurate, and covariance is not positive definite.
2s under jitter 0.18 = 5.56112512362 with chi^2 83.3878224619
Minuit succeeded.
2s under jitter 0.18 = 5.68202787806 with chi^2 89.8235529118
Minuit succeeded.
2s under jitter 0.18 = 5.56643825176 with chi^2 92.2097567457
VariableMetricBuilder: no improvement
VariableMetricBuilder: finishes without convergence.
VariableMetricBuilder: edm= 0.0236292 requested: 1e-05
FunctionMinimum is invalid.
Minuit failed because the function is above maximum EDM.
2s under jitter 0.18 = 5.47985443836 with chi^2 95.5088060144
VariableMetricBuilder: no improvement
eigenvalues: 
-0.0618079
0.749673
0.931553
1
1
1
1.00081
1.35296
2.02681
matrix forced pos-def by adding 0.0638348 to diagonal
MnHesse: matrix is invalid!
MnHesse: matrix is not pos. def.!
MnHesse: matrix was forced pos. def.
FunctionMinimum is invalid.
Minuit failed because covariance is not accurate, and covariance is not positive definite.
2s under jitter 0.18 = 5.63948243884 with chi^2 109.588068147
Minuit succeeded.
2s under jitter 0.18 = 5.63881651481 with chi^2 83.4746604849
VariableMetricBuilder: matrix not pos.def.
gdel > 0: 3.70577e-05
negative or zero diagonal element 3 in covariance matrix
added 1.01354 to diagonal of error matrix
gdel: 3.70577e-05
Minuit succeeded.
2s under jitter 0.18 = 5.58445051353 with chi^2 94.9343765768
VariableMetricBuilder: no improvement
VariableMetricBuilder: finishes without convergence.
VariableMetricBuilder: edm= 0.000706367 requested: 1e-05
FunctionMinimum is invalid.
Minuit failed because the function is above maximum EDM.
2s under jitter 0.18 = 5.57818846793 with chi^2 91.2413896295
Minuit succeeded.
2s under jitter 0.18 = 5.6411584095 with chi^2 88.6868650491
Minuit succeeded.
2s under jitter 0.18 = 5.58054538035 with chi^2 87.9163314082
VariableMetricBuilder: matrix not pos.def.
gdel > 0: 0.00344601
negative or zero diagonal element 0 in covariance matrix
negative or zero diagonal element 1 in covariance matrix
negative or zero diagonal element 3 in covariance matrix
negative or zero diagonal element 5 in covariance matrix
added 1.04382 to diagonal of error matrix
gdel: 0.00344601
Minuit succeeded.
2s under jitter 0.18 = 5.57868294516 with chi^2 78.597167821
eigenvalues: 
-0.156013
0.783983
0.903514
1
1
1
1.00125
1.02591
2.44136
matrix forced pos-def by adding 0.158455 to diagonal
MnHesse: matrix is invalid!
MnHesse: matrix is not pos. def.!
MnHesse: matrix was forced pos. def.
FunctionMinimum is invalid.
Minuit failed because covariance is not accurate, and covariance is not positive definite.
2s under jitter 0.18 = 5.63436965816 with chi^2 86.2628879648
Minuit succeeded.
2s under jitter 0.18 = 5.70745592141 with chi^2 100.143204497
Minuit succeeded.
2s under jitter 0.18 = 5.6172916678 with chi^2 82.3273397922
Minuit succeeded.
2s under jitter 0.18 = 5.64944762405 with chi^2 81.8315740168
Minuit succeeded.
2s under jitter 0.18 = 5.59219650234 with chi^2 81.7873318772
Minuit succeeded.
2s under jitter 0.18 = 5.59677020205 with chi^2 85.4339226449
VariableMetricBuilder: matrix not pos.def.
gdel > 0: 0.000471746
negative or zero diagonal element 0 in covariance matrix
negative or zero diagonal element 1 in covariance matrix
negative or zero diagonal element 6 in covariance matrix
added 1.00538 to diagonal of error matrix
gdel: 0.000471746
Minuit succeeded.
2s under jitter 0.18 = 5.59252312605 with chi^2 75.5971212554
Minuit succeeded.
2s under jitter 0.18 = 5.60185926292 with chi^2 80.4846796489
Minuit succeeded.
2s under jitter 0.18 = 5.55777292229 with chi^2 91.0748156792
VariableMetricBuilder: no improvement
VariableMetricBuilder: finishes without convergence.
VariableMetricBuilder: edm= 0.000614913 requested: 1e-05
FunctionMinimum is invalid.
Minuit failed because the function is above maximum EDM.
2s under jitter 0.18 = 5.63122948621 with chi^2 85.5591465342
Minuit succeeded.
2s under jitter 0.18 = 5.63036326788 with chi^2 84.619234322
VariableMetricBuilder: no improvement
VariableMetricBuilder: finishes without convergence.
VariableMetricBuilder: edm= 0.000196258 requested: 1e-05
FunctionMinimum is invalid.
Minuit failed because the function is above maximum EDM.
2s under jitter 0.18 = 5.62337804124 with chi^2 100.826798417
Minuit succeeded.
2s under jitter 0.18 = 5.59567338704 with chi^2 83.1666481327
Minuit succeeded.
2s under jitter 0.18 = 5.57349029547 with chi^2 98.9641272772
Minuit succeeded.
2s under jitter 0.18 = 5.65288991703 with chi^2 90.1145355402
VariableMetricBuilder: no improvement
VariableMetricBuilder: finishes without convergence.
VariableMetricBuilder: edm= 0.000377951 requested: 1e-05
FunctionMinimum is invalid.
Minuit failed because the function is above maximum EDM.
2s under jitter 0.18 = 5.58508490826 with chi^2 95.4148553555
Minuit succeeded.
2s under jitter 0.18 = 5.58525073757 with chi^2 87.1355500711
Minuit succeeded.
2s under jitter 0.18 = 5.60303162418 with chi^2 78.3962101324
Minuit succeeded.
2s under jitter 0.18 = 5.66207979092 with chi^2 82.0968897663
Minuit succeeded.
2s under jitter 0.18 = 5.55238658732 with chi^2 96.0473094574
eigenvalues: 
-0.00822935
0.777714
0.905506
1
1
1
1.00151
1.01727
2.30623
matrix forced pos-def by adding 0.0105356 to diagonal
MnHesse: matrix is invalid!
MnHesse: matrix is not pos. def.!
MnHesse: matrix was forced pos. def.
FunctionMinimum is invalid.
Minuit failed because covariance is not accurate, and covariance is not positive definite.
2s under jitter 0.18 = 5.62863230233 with chi^2 94.6212287192
VariableMetricBuilder: matrix not pos.def.
edm < 0
eigenvalues: 
-0.756439
0.57192
0.715353
1.00669
1.01557
1.02
1.09368
1.14983
3.1834
matrix forced pos-def by adding 0.759622 to diagonal
Minuit succeeded.
2s under jitter 0.18 = 5.6134157085 with chi^2 76.5749088196
Minuit succeeded.
2s under jitter 0.18 = 5.76380751379 with chi^2 101.935666132
Minuit succeeded.
2s under jitter 0.18 = 5.65633787122 with chi^2 83.4504229973
Minuit succeeded.
2s under jitter 0.18 = 5.66743807219 with chi^2 89.5595332397
Minuit succeeded.
2s under jitter 0.18 = 5.65718312601 with chi^2 73.537537292
Minuit succeeded.
2s under jitter 0.18 = 5.59400468714 with chi^2 83.9331330162
VariableMetricBuilder: matrix not pos.def.
gdel > 0: 4.33651e-05
negative or zero diagonal element 1 in covariance matrix
added 1.0001 to diagonal of error matrix
gdel: 4.33651e-05
eigenvalues: 
-0.148695
0.798979
0.935798
1
1
1
1.00108
1.47936
1.93347
matrix forced pos-def by adding 0.150629 to diagonal
MnHesse: matrix is invalid!
MnHesse: matrix is not pos. def.!
MnHesse: matrix was forced pos. def.
FunctionMinimum is invalid.
Minuit failed because covariance is not accurate, and covariance is not positive definite.
2s under jitter 0.18 = 5.56749756538 with chi^2 85.8600785132
VariableMetricBuilder: no improvement
Minuit succeeded.
2s under jitter 0.18 = 5.61017433858 with chi^2 87.1228187939
Minuit succeeded.
2s under jitter 0.18 = 5.60786680061 with chi^2 99.0808236386
VariableMetricBuilder: no improvement
VariableMetricBuilder: finishes without convergence.
VariableMetricBuilder: edm= 0.000243646 requested: 1e-05
FunctionMinimum is invalid.
Minuit failed because the function is above maximum EDM.
2s under jitter 0.18 = 5.71879771098 with chi^2 91.1817101234
eigenvalues: 
-0.0732453
0.493024
0.909996
1
1
1
1.00118
1.01557
2.65348
matrix forced pos-def by adding 0.0758988 to diagonal
MnHesse: matrix is invalid!
MnHesse: matrix is not pos. def.!
MnHesse: matrix was forced pos. def.
FunctionMinimum is invalid.
Minuit failed because covariance is not accurate, and covariance is not positive definite.
2s under jitter 0.18 = 5.61874926289 with chi^2 100.34986866
Minuit succeeded.
2s under jitter 0.18 = 5.64310544532 with chi^2 78.0975131142
VariableMetricBuilder: no improvement
VariableMetricBuilder: finishes without convergence.
VariableMetricBuilder: edm= 0.00103874 requested: 1e-05
eigenvalues: 
-4.71093
0.6045
0.912553
1
1
1
1.0033
1.4889
6.70167
matrix forced pos-def by adding 4.71763 to diagonal
MnHesse: matrix is invalid!
MnHesse: matrix is not pos. def.!
MnHesse: matrix was forced pos. def.
FunctionMinimum is invalid.
Minuit failed because covariance is not accurate, covariance is not positive definite, and the function is above maximum EDM.
2s under jitter 0.18 = 5.59837877285 with chi^2 104.132258553
Minuit succeeded.
2s under jitter 0.18 = 5.63925819271 with chi^2 96.5893613254
VariableMetricBuilder: no improvement
Minuit succeeded.
2s under jitter 0.18 = 5.60809029135 with chi^2 88.8338104316
Minuit succeeded.
2s under jitter 0.18 = 5.73021775012 with chi^2 110.972110226
Minuit succeeded.
2s under jitter 0.18 = 5.62807334377 with chi^2 96.4350275336
VariableMetricBuilder: no improvement
eigenvalues: 
-0.35599
0.744478
0.926909
1
1
1
1.00078
1.35618
2.32765
matrix forced pos-def by adding 0.358318 to diagonal
MnHesse: matrix is invalid!
MnHesse: matrix is not pos. def.!
MnHesse: matrix was forced pos. def.
FunctionMinimum is invalid.
Minuit failed because covariance is not accurate, and covariance is not positive definite.
2s under jitter 0.18 = 5.58297104889 with chi^2 78.7628288295
Minuit succeeded.
2s under jitter 0.18 = 5.59898241953 with chi^2 85.9732324133
Minuit succeeded.
2s under jitter 0.18 = 5.59164059974 with chi^2 76.3714045143
VariableMetricBuilder: no improvement
Minuit succeeded.
2s under jitter 0.18 = 5.73670997306 with chi^2 88.5588758842
Minuit succeeded.
2s under jitter 0.18 = 5.67385757181 with chi^2 94.9337698277
Minuit succeeded.
2s under jitter 0.18 = 5.77680297353 with chi^2 141.493384753
Minuit succeeded.
2s under jitter 0.18 = 5.62332401511 with chi^2 93.2957462385
eigenvalues: 
-0.303285
0.773282
0.902672
1
1
1
1.00103
1.03504
2.59127
matrix forced pos-def by adding 0.305876 to diagonal
MnHesse: matrix is invalid!
MnHesse: matrix is not pos. def.!
MnHesse: matrix was forced pos. def.
FunctionMinimum is invalid.
Minuit failed because covariance is not accurate, and covariance is not positive definite.
2s under jitter 0.18 = 5.63932403664 with chi^2 91.1725133531
Minuit succeeded.
2s under jitter 0.18 = 5.70342064482 with chi^2 91.1868933435
Minuit succeeded.
2s under jitter 0.18 = 5.69873952983 with chi^2 87.4149358155
Minuit succeeded.
2s under jitter 0.18 = 5.7279078315 with chi^2 88.6197908754
VariableMetricBuilder: no improvement
VariableMetricBuilder: finishes without convergence.
VariableMetricBuilder: edm= 0.000162381 requested: 1e-05
FunctionMinimum is invalid.
Minuit failed because the function is above maximum EDM.
2s under jitter 0.18 = 5.55006774959 with chi^2 83.4984149709
VariableMetricBuilder: matrix not pos.def.
gdel > 0: 2.16084e-05
negative or zero diagonal element 1 in covariance matrix
added 1.00046 to diagonal of error matrix
gdel: 2.16084e-05
Minuit succeeded.
2s under jitter 0.18 = 5.62100980406 with chi^2 108.829702522
Minuit succeeded.
2s under jitter 0.18 = 5.54154569543 with chi^2 86.6829121422
Minuit succeeded.
2s under jitter 0.18 = 5.78463838139 with chi^2 121.89843272
Minuit succeeded.
2s under jitter 0.18 = 5.55475064438 with chi^2 73.1891885759
VariableMetricBuilder: no improvement
Minuit succeeded.
2s under jitter 0.18 = 5.62927272377 with chi^2 89.5870248656
Minuit succeeded.
2s under jitter 0.18 = 5.48859757305 with chi^2 76.5164937031
VariableMetricBuilder: matrix not pos.def.
gdel > 0: 6.15874e-05
negative or zero diagonal element 0 in covariance matrix
negative or zero diagonal element 1 in covariance matrix
added 1.00138 to diagonal of error matrix
gdel: 6.15874e-05
Minuit succeeded.
2s under jitter 0.18 = 5.52857853587 with chi^2 90.8405555585
VariableMetricBuilder: no improvement
VariableMetricBuilder: finishes without convergence.
VariableMetricBuilder: edm= 0.000229196 requested: 1e-05
FunctionMinimum is invalid.
Minuit failed because the function is above maximum EDM.
2s under jitter 0.18 = 5.63371928816 with chi^2 86.7379575024
Minuit succeeded.
2s under jitter 0.18 = 5.66659670226 with chi^2 81.477171606
Minuit succeeded.
2s under jitter 0.18 = 5.64695928262 with chi^2 91.8854763362
Minuit succeeded.
2s under jitter 0.18 = 5.61083127948 with chi^2 93.7767273514
Minuit succeeded.
2s under jitter 0.18 = 5.58731793981 with chi^2 84.5054383899
eigenvalues: 
-0.212025
0.605471
0.917958
1
1
1
1.00159
1.06099
2.62602
matrix forced pos-def by adding 0.214651 to diagonal
MnHesse: matrix is invalid!
MnHesse: matrix is not pos. def.!
MnHesse: matrix was forced pos. def.
FunctionMinimum is invalid.
Minuit failed because covariance is not accurate, and covariance is not positive definite.
2s under jitter 0.18 = 5.63211502939 with chi^2 85.5618183373
Minuit succeeded.
2s under jitter 0.18 = 5.57038316546 with chi^2 86.7783779921
VariableMetricBuilder: no improvement
Minuit succeeded.
2s under jitter 0.18 = 5.6840411801 with chi^2 110.77265833
VariableMetricBuilder: no improvement
VariableMetricBuilder: finishes without convergence.
VariableMetricBuilder: edm= 0.00242834 requested: 1e-05
eigenvalues: 
-0.00694083
0.703382
0.923293
1
1
1
1.00074
1.39222
1.98731
matrix forced pos-def by adding 0.00892814 to diagonal
MnHesse: matrix is invalid!
MnHesse: matrix is not pos. def.!
MnHesse: matrix was forced pos. def.
FunctionMinimum is invalid.
Minuit failed because covariance is not accurate, covariance is not positive definite, and the function is above maximum EDM.
2s under jitter 0.18 = 5.65287562401 with chi^2 91.0557052558
VariableMetricBuilder: no improvement
Minuit succeeded.
2s under jitter 0.18 = 5.63223580261 with chi^2 80.5006005744
VariableMetricBuilder: no improvement
VariableMetricBuilder: finishes without convergence.
VariableMetricBuilder: edm= 0.00672888 requested: 1e-05
FunctionMinimum is invalid.
Minuit failed because the function is above maximum EDM.
2s under jitter 0.18 = 5.58232434484 with chi^2 83.8684727178
