VariableMetricBuilder: matrix not pos.def.
gdel > 0: 0.000800135
eigenvalues: 
-1.26806
0.623971
0.940944
0.962188
0.97743
1.00042
1.09007
1.40101
3.27202
matrix forced pos-def by adding 1.27133 to diagonal
gdel: -0.000284495
VariableMetricBuilder: no improvement
VariableMetricBuilder: finishes without convergence.
VariableMetricBuilder: edm= 0.0195206 requested: 1e-05
FunctionMinimum is invalid.
Minuit failed because the function is above maximum EDM.
2s under jitter 0.2 = 5.66309670646 with chi^2 89.2069753741
Minuit succeeded.
2s under jitter 0.2 = 5.68299771403 with chi^2 98.8405161477
Minuit succeeded.
2s under jitter 0.2 = 5.63784527888 with chi^2 86.4095364743
VariableMetricBuilder: no improvement
Minuit succeeded.
2s under jitter 0.2 = 5.66350998878 with chi^2 74.7484104965
Minuit succeeded.
2s under jitter 0.2 = 5.54901765314 with chi^2 88.0271562686
Minuit succeeded.
2s under jitter 0.2 = 5.5854750022 with chi^2 92.7272729178
Minuit succeeded.
2s under jitter 0.2 = 5.69217246055 with chi^2 76.929683217
VariableMetricBuilder: no improvement
Minuit succeeded.
2s under jitter 0.2 = 5.6744301026 with chi^2 90.8369169711
Minuit succeeded.
2s under jitter 0.2 = 5.58761804467 with chi^2 97.1860006366
VariableMetricBuilder: no improvement
VariableMetricBuilder: finishes without convergence.
VariableMetricBuilder: edm= 0.00141522 requested: 1e-05
FunctionMinimum is invalid.
Minuit failed because the function is above maximum EDM.
2s under jitter 0.2 = 5.60317482551 with chi^2 83.5213714102
VariableMetricBuilder: no improvement
VariableMetricBuilder: finishes without convergence.
VariableMetricBuilder: edm= 0.000235788 requested: 1e-05
FunctionMinimum is invalid.
Minuit failed because the function is above maximum EDM.
2s under jitter 0.2 = 5.5759403619 with chi^2 88.0638402307
Minuit succeeded.
2s under jitter 0.2 = 5.54178068443 with chi^2 86.0711921461
VariableMetricBuilder: no improvement
Minuit succeeded.
2s under jitter 0.2 = 5.66498929138 with chi^2 87.2163227579
eigenvalues: 
-0.354134
0.758459
0.930889
1
1
1
1.00101
1.28227
2.3815
matrix forced pos-def by adding 0.356516 to diagonal
MnHesse: matrix is invalid!
MnHesse: matrix is not pos. def.!
MnHesse: matrix was forced pos. def.
FunctionMinimum is invalid.
Minuit failed because covariance is not accurate, and covariance is not positive definite.
2s under jitter 0.2 = 5.57634873737 with chi^2 85.6639928635
Minuit succeeded.
2s under jitter 0.2 = 5.66520843581 with chi^2 87.9248483264
Minuit succeeded.
2s under jitter 0.2 = 5.55820913332 with chi^2 94.4426939832
Minuit succeeded.
2s under jitter 0.2 = 5.58970946785 with chi^2 90.0283538013
Minuit succeeded.
2s under jitter 0.2 = 5.72847566489 with chi^2 91.3278941215
Minuit succeeded.
2s under jitter 0.2 = 5.77384936822 with chi^2 81.033612746
eigenvalues: 
-0.154881
0.647699
0.898986
1
1
1
1.00158
1.15905
2.44757
matrix forced pos-def by adding 0.157328 to diagonal
MnHesse: matrix is invalid!
MnHesse: matrix is not pos. def.!
MnHesse: matrix was forced pos. def.
FunctionMinimum is invalid.
Minuit failed because covariance is not accurate, and covariance is not positive definite.
2s under jitter 0.2 = 5.61331647468 with chi^2 108.317426184
eigenvalues: 
-0.184763
0.552724
0.909523
1
1
1
1.00037
1.07559
2.64656
matrix forced pos-def by adding 0.18741 to diagonal
MnHesse: matrix is invalid!
MnHesse: matrix is not pos. def.!
MnHesse: matrix was forced pos. def.
FunctionMinimum is invalid.
Minuit failed because covariance is not accurate, and covariance is not positive definite.
2s under jitter 0.2 = 5.61809317818 with chi^2 82.5611091406
eigenvalues: 
-6.84565
0.406289
0.90407
1
1
1
1.00204
1.279
9.25425
matrix forced pos-def by adding 6.8549 to diagonal
MnHesse: matrix is invalid!
MnHesse: matrix is not pos. def.!
MnHesse: matrix was forced pos. def.
FunctionMinimum is invalid.
Minuit failed because covariance is not accurate, and covariance is not positive definite.
2s under jitter 0.2 = 5.63372454606 with chi^2 91.5015650878
VariableMetricBuilder: no improvement
Minuit succeeded.
2s under jitter 0.2 = 5.57782240829 with chi^2 92.0943669584
Minuit succeeded.
2s under jitter 0.2 = 5.55082383246 with chi^2 98.4773803279
eigenvalues: 
-0.122494
0.61379
0.90511
1
1
1
1.00379
1.13674
2.46307
matrix forced pos-def by adding 0.124957 to diagonal
MnHesse: matrix is invalid!
MnHesse: matrix is not pos. def.!
MnHesse: matrix was forced pos. def.
FunctionMinimum is invalid.
Minuit failed because covariance is not accurate, and covariance is not positive definite.
2s under jitter 0.2 = 5.72886481746 with chi^2 89.5339592368
VariableMetricBuilder: matrix not pos.def.
gdel > 0: 3.92905e-05
negative or zero diagonal element 0 in covariance matrix
negative or zero diagonal element 1 in covariance matrix
added 1.00428 to diagonal of error matrix
gdel: 3.92905e-05
Minuit succeeded.
2s under jitter 0.2 = 5.5919553559 with chi^2 97.5851313856
Minuit succeeded.
2s under jitter 0.2 = 5.60056389483 with chi^2 87.2290964853
Minuit succeeded.
2s under jitter 0.2 = 5.67549505519 with chi^2 86.5063997707
Minuit succeeded.
2s under jitter 0.2 = 5.57876396653 with chi^2 89.2728491277
VariableMetricBuilder: no improvement
Minuit succeeded.
2s under jitter 0.2 = 5.69249536636 with chi^2 78.8836716775
eigenvalues: 
-0.583486
0.73669
0.890884
1
1
1
1.00276
1.19305
2.76011
matrix forced pos-def by adding 0.586247 to diagonal
MnHesse: matrix is invalid!
MnHesse: matrix is not pos. def.!
MnHesse: matrix was forced pos. def.
FunctionMinimum is invalid.
Minuit failed because covariance is not accurate, and covariance is not positive definite.
2s under jitter 0.2 = 5.62823075196 with chi^2 89.5651095694
Minuit succeeded.
2s under jitter 0.2 = 5.72543230404 with chi^2 108.71051735
VariableMetricBuilder: no improvement
Minuit succeeded.
2s under jitter 0.2 = 5.67096435594 with chi^2 111.600013714
Minuit succeeded.
2s under jitter 0.2 = 5.58769379317 with chi^2 83.7451680409
eigenvalues: 
-0.0477812
0.69304
0.900573
1
1
1
1.00248
1.10746
2.34423
matrix forced pos-def by adding 0.0501255 to diagonal
MnHesse: matrix is invalid!
MnHesse: matrix is not pos. def.!
MnHesse: matrix was forced pos. def.
FunctionMinimum is invalid.
Minuit failed because covariance is not accurate, and covariance is not positive definite.
2s under jitter 0.2 = 5.73783912091 with chi^2 108.510258182
Minuit succeeded.
2s under jitter 0.2 = 5.54958091069 with chi^2 90.1008007012
VariableMetricBuilder: matrix not pos.def.
gdel > 0: 0.0011326
negative or zero diagonal element 1 in covariance matrix
negative or zero diagonal element 6 in covariance matrix
added 1.00372 to diagonal of error matrix
gdel: 0.0011326
Minuit succeeded.
2s under jitter 0.2 = 5.67579333927 with chi^2 101.838962984
VariableMetricBuilder: matrix not pos.def.
edm < 0
eigenvalues: 
-0.181902
0.389905
0.659926
0.951553
1.00513
1.04304
1.07423
1.35664
2.70148
matrix forced pos-def by adding 0.184603 to diagonal
Minuit succeeded.
2s under jitter 0.2 = 5.73778869721 with chi^2 138.849233705
Minuit succeeded.
2s under jitter 0.2 = 5.59475461785 with chi^2 82.4876798013
eigenvalues: 
-0.281638
0.588016
0.899287
1
1
1
1.00384
1.11631
2.67419
matrix forced pos-def by adding 0.284313 to diagonal
MnHesse: matrix is invalid!
MnHesse: matrix is not pos. def.!
MnHesse: matrix was forced pos. def.
FunctionMinimum is invalid.
Minuit failed because covariance is not accurate, and covariance is not positive definite.
2s under jitter 0.2 = 5.64062439161 with chi^2 87.9408380186
Minuit succeeded.
2s under jitter 0.2 = 5.58621654299 with chi^2 83.4415280061
Minuit succeeded.
2s under jitter 0.2 = 5.69621729142 with chi^2 85.1190009316
Minuit succeeded.
2s under jitter 0.2 = 5.73028296756 with chi^2 81.101169634
Minuit succeeded.
2s under jitter 0.2 = 5.58419444752 with chi^2 94.909373769
VariableMetricBuilder: matrix not pos.def.
gdel > 0: 0.000154843
negative or zero diagonal element 1 in covariance matrix
negative or zero diagonal element 3 in covariance matrix
negative or zero diagonal element 8 in covariance matrix
added 1.00362 to diagonal of error matrix
gdel: 0.000154843
Minuit succeeded.
2s under jitter 0.2 = 5.73334108128 with chi^2 88.6151029743
eigenvalues: 
-0.0537127
0.815815
0.903898
1
1
1
1.00335
1.12042
2.21023
matrix forced pos-def by adding 0.055923 to diagonal
MnHesse: matrix is invalid!
MnHesse: matrix is not pos. def.!
MnHesse: matrix was forced pos. def.
FunctionMinimum is invalid.
Minuit failed because covariance is not accurate, and covariance is not positive definite.
2s under jitter 0.2 = 5.7712064362 with chi^2 92.6174592534
Minuit succeeded.
2s under jitter 0.2 = 5.69124456178 with chi^2 86.1795123712
Minuit succeeded.
2s under jitter 0.2 = 5.67162409069 with chi^2 95.6436302927
VariableMetricBuilder: no improvement
VariableMetricBuilder: finishes without convergence.
VariableMetricBuilder: edm= 0.00109188 requested: 1e-05
FunctionMinimum is invalid.
Minuit failed because the function is above maximum EDM.
2s under jitter 0.2 = 5.60502494005 with chi^2 78.47596799
Minuit succeeded.
2s under jitter 0.2 = 5.5428756567 with chi^2 90.0055709104
eigenvalues: 
-0.00664341
0.633884
0.919207
1
1
1
1.00164
1.05913
2.39278
matrix forced pos-def by adding 0.0090362 to diagonal
MnHesse: matrix is invalid!
MnHesse: matrix is not pos. def.!
MnHesse: matrix was forced pos. def.
FunctionMinimum is invalid.
Minuit failed because covariance is not accurate, and covariance is not positive definite.
2s under jitter 0.2 = 5.56388065087 with chi^2 99.5145784088
Minuit succeeded.
2s under jitter 0.2 = 5.58659091473 with chi^2 88.3116741841
eigenvalues: 
-0.32733
0.856516
0.935241
1
1
1
1.00246
1.24165
2.29147
matrix forced pos-def by adding 0.329622 to diagonal
MnHesse: matrix is invalid!
MnHesse: matrix is not pos. def.!
MnHesse: matrix was forced pos. def.
FunctionMinimum is invalid.
Minuit failed because covariance is not accurate, and covariance is not positive definite.
2s under jitter 0.2 = 5.538729152 with chi^2 80.5135985936
Minuit succeeded.
2s under jitter 0.2 = 5.72426982805 with chi^2 113.7596998
VariableMetricBuilder: no improvement
VariableMetricBuilder: finishes without convergence.
VariableMetricBuilder: edm= 0.000357452 requested: 1e-05
FunctionMinimum is invalid.
Minuit failed because the function is above maximum EDM.
2s under jitter 0.2 = 5.56889267226 with chi^2 89.847063707
eigenvalues: 
-0.126305
0.697279
0.90549
1
1
1
1.00152
1.08322
2.4388
matrix forced pos-def by adding 0.128743 to diagonal
MnHesse: matrix is invalid!
MnHesse: matrix is not pos. def.!
MnHesse: matrix was forced pos. def.
FunctionMinimum is invalid.
Minuit failed because covariance is not accurate, and covariance is not positive definite.
2s under jitter 0.2 = 5.79522100607 with chi^2 88.7922176766
eigenvalues: 
-0.0992192
0.698917
0.901058
1
1
1
1.00137
1.11079
2.38709
matrix forced pos-def by adding 0.101606 to diagonal
MnHesse: matrix is invalid!
MnHesse: matrix is not pos. def.!
MnHesse: matrix was forced pos. def.
FunctionMinimum is invalid.
Minuit failed because covariance is not accurate, and covariance is not positive definite.
2s under jitter 0.2 = 5.80886468026 with chi^2 122.420462131
VariableMetricBuilder: matrix not pos.def.
gdel > 0: 3.92678e-05
negative or zero diagonal element 0 in covariance matrix
negative or zero diagonal element 1 in covariance matrix
added 1.00233 to diagonal of error matrix
gdel: 3.92678e-05
Minuit succeeded.
2s under jitter 0.2 = 5.55454042809 with chi^2 85.7061142472
Minuit succeeded.
2s under jitter 0.2 = 5.58926226365 with chi^2 86.7086198461
Minuit succeeded.
2s under jitter 0.2 = 5.56593660991 with chi^2 100.016618596
VariableMetricBuilder: no improvement
VariableMetricBuilder: finishes without convergence.
VariableMetricBuilder: edm= 0.00731121 requested: 1e-05
FunctionMinimum is invalid.
Minuit failed because the function is above maximum EDM.
2s under jitter 0.2 = 5.66264740789 with chi^2 77.3599374549
eigenvalues: 
-0.339311
0.805307
0.92718
1
1
1
1.00195
1.16791
2.43696
matrix forced pos-def by adding 0.341748 to diagonal
MnHesse: matrix is invalid!
MnHesse: matrix is not pos. def.!
MnHesse: matrix was forced pos. def.
FunctionMinimum is invalid.
Minuit failed because covariance is not accurate, and covariance is not positive definite.
2s under jitter 0.2 = 5.68769406498 with chi^2 89.8466493142
eigenvalues: 
-0.4434
0.661307
0.904597
1
1
1
1.00138
1.37
2.50611
matrix forced pos-def by adding 0.445907 to diagonal
MnHesse: matrix is invalid!
MnHesse: matrix is not pos. def.!
MnHesse: matrix was forced pos. def.
FunctionMinimum is invalid.
Minuit failed because covariance is not accurate, and covariance is not positive definite.
2s under jitter 0.2 = 5.60118305719 with chi^2 104.631488897
Minuit succeeded.
2s under jitter 0.2 = 5.55425974646 with chi^2 90.8167349202
Minuit succeeded.
2s under jitter 0.2 = 5.77318866067 with chi^2 90.3706020747
VariableMetricBuilder: no improvement
VariableMetricBuilder: finishes without convergence.
VariableMetricBuilder: edm= 0.0002011 requested: 1e-05
FunctionMinimum is invalid.
Minuit failed because the function is above maximum EDM.
2s under jitter 0.2 = 5.68697554348 with chi^2 104.340472213
Minuit succeeded.
2s under jitter 0.2 = 5.66276520521 with chi^2 88.5130694078
eigenvalues: 
-0.185259
0.768421
0.918488
1
1
1
1.00316
1.24762
2.24757
matrix forced pos-def by adding 0.187507 to diagonal
MnHesse: matrix is invalid!
MnHesse: matrix is not pos. def.!
MnHesse: matrix was forced pos. def.
FunctionMinimum is invalid.
Minuit failed because covariance is not accurate, and covariance is not positive definite.
2s under jitter 0.2 = 5.66076830514 with chi^2 97.949032064
Minuit succeeded.
2s under jitter 0.2 = 5.56938797522 with chi^2 91.2773679368
VariableMetricBuilder: no improvement
VariableMetricBuilder: finishes without convergence.
VariableMetricBuilder: edm= 0.000234892 requested: 1e-05
FunctionMinimum is invalid.
Minuit failed because the function is above maximum EDM.
2s under jitter 0.2 = 5.75599053316 with chi^2 97.9699642314
VariableMetricBuilder: no improvement
Minuit succeeded.
2s under jitter 0.2 = 5.70495045682 with chi^2 86.2138745768
VariableMetricBuilder: no improvement
VariableMetricBuilder: finishes without convergence.
VariableMetricBuilder: edm= 0.000653916 requested: 1e-05
FunctionMinimum is invalid.
Minuit failed because the function is above maximum EDM.
2s under jitter 0.2 = 5.77802565847 with chi^2 93.9604315075
VariableMetricBuilder: matrix not pos.def.
gdel > 0: 0.000112522
negative or zero diagonal element 0 in covariance matrix
negative or zero diagonal element 1 in covariance matrix
added 1.00584 to diagonal of error matrix
gdel: 0.000112522
Minuit succeeded.
2s under jitter 0.2 = 5.60123807832 with chi^2 104.462116852
eigenvalues: 
-0.203239
0.795397
0.924143
1
1
1
1.00143
1.11253
2.36974
matrix forced pos-def by adding 0.205609 to diagonal
MnHesse: matrix is invalid!
MnHesse: matrix is not pos. def.!
MnHesse: matrix was forced pos. def.
FunctionMinimum is invalid.
Minuit failed because covariance is not accurate, and covariance is not positive definite.
2s under jitter 0.2 = 5.64639367695 with chi^2 105.177039842
Minuit succeeded.
2s under jitter 0.2 = 5.7052259363 with chi^2 91.6707023198
VariableMetricBuilder: no improvement
VariableMetricBuilder: finishes without convergence.
VariableMetricBuilder: edm= 0.00042754 requested: 1e-05
FunctionMinimum is invalid.
Minuit failed because the function is above maximum EDM.
2s under jitter 0.2 = 5.6049079386 with chi^2 101.726023993
VariableMetricBuilder: no improvement
VariableMetricBuilder: finishes without convergence.
VariableMetricBuilder: edm= 0.00098351 requested: 1e-05
eigenvalues: 
-0.0679201
0.683323
0.921136
1
1
1
1.0025
1.39959
2.06137
matrix forced pos-def by adding 0.0699815 to diagonal
MnHesse: matrix is invalid!
MnHesse: matrix is not pos. def.!
MnHesse: matrix was forced pos. def.
FunctionMinimum is invalid.
Minuit failed because covariance is not accurate, covariance is not positive definite, and the function is above maximum EDM.
2s under jitter 0.2 = 5.70938401521 with chi^2 88.0949721172
Minuit succeeded.
2s under jitter 0.2 = 5.58191410617 with chi^2 83.6670684325
eigenvalues: 
-0.0927328
0.818611
0.933067
1
1
1
1.00074
1.19669
2.14362
matrix forced pos-def by adding 0.0948764 to diagonal
MnHesse: matrix is invalid!
MnHesse: matrix is not pos. def.!
MnHesse: matrix was forced pos. def.
FunctionMinimum is invalid.
Minuit failed because covariance is not accurate, and covariance is not positive definite.
2s under jitter 0.2 = 5.72106242663 with chi^2 88.8360247371
Minuit succeeded.
2s under jitter 0.2 = 5.75976359331 with chi^2 128.528269237
Minuit succeeded.
2s under jitter 0.2 = 5.73594246344 with chi^2 92.5627932052
eigenvalues: 
-0.290634
0.812597
0.92758
1
1
1
1.00193
1.38075
2.16778
matrix forced pos-def by adding 0.292802 to diagonal
MnHesse: matrix is invalid!
MnHesse: matrix is not pos. def.!
MnHesse: matrix was forced pos. def.
FunctionMinimum is invalid.
Minuit failed because covariance is not accurate, and covariance is not positive definite.
2s under jitter 0.2 = 5.52633814507 with chi^2 88.9067292168
Minuit succeeded.
2s under jitter 0.2 = 5.80623252896 with chi^2 106.952214737
eigenvalues: 
-0.0134705
0.716575
0.913694
1
1
1
1.00051
1.03879
2.3439
matrix forced pos-def by adding 0.0158144 to diagonal
MnHesse: matrix is invalid!
MnHesse: matrix is not pos. def.!
MnHesse: matrix was forced pos. def.
FunctionMinimum is invalid.
Minuit failed because covariance is not accurate, and covariance is not positive definite.
2s under jitter 0.2 = 5.59089837453 with chi^2 78.7506741188
Minuit succeeded.
2s under jitter 0.2 = 5.67716867974 with chi^2 113.315790042
VariableMetricBuilder: no improvement
VariableMetricBuilder: finishes without convergence.
VariableMetricBuilder: edm= 0.00145015 requested: 1e-05
FunctionMinimum is invalid.
Minuit failed because the function is above maximum EDM.
2s under jitter 0.2 = 5.56683265602 with chi^2 89.4100350684
Minuit succeeded.
2s under jitter 0.2 = 5.79254291526 with chi^2 106.210853881
VariableMetricBuilder: no improvement
VariableMetricBuilder: finishes without convergence.
VariableMetricBuilder: edm= 0.000272864 requested: 1e-05
FunctionMinimum is invalid.
Minuit failed because the function is above maximum EDM.
2s under jitter 0.2 = 5.60065642934 with chi^2 86.0429769957
Minuit succeeded.
2s under jitter 0.2 = 5.62347174466 with chi^2 105.57783262
eigenvalues: 
-0.692519
0.595077
0.902588
1
1
1
1.00179
1.1425
3.05056
matrix forced pos-def by adding 0.69557 to diagonal
MnHesse: matrix is invalid!
MnHesse: matrix is not pos. def.!
MnHesse: matrix was forced pos. def.
FunctionMinimum is invalid.
Minuit failed because covariance is not accurate, and covariance is not positive definite.
2s under jitter 0.2 = 5.60154923861 with chi^2 96.635355587
Minuit succeeded.
2s under jitter 0.2 = 5.52201757105 with chi^2 108.843865122
Minuit succeeded.
2s under jitter 0.2 = 5.63199963966 with chi^2 88.2348827885
Minuit succeeded.
2s under jitter 0.2 = 5.49976332627 with chi^2 85.3983156606
eigenvalues: 
-0.165718
0.681779
0.928647
1
1
1
1.00111
1.17411
2.38007
matrix forced pos-def by adding 0.168098 to diagonal
MnHesse: matrix is invalid!
MnHesse: matrix is not pos. def.!
MnHesse: matrix was forced pos. def.
FunctionMinimum is invalid.
Minuit failed because covariance is not accurate, and covariance is not positive definite.
2s under jitter 0.2 = 5.67758784388 with chi^2 104.127165726
Minuit succeeded.
2s under jitter 0.2 = 5.6232944678 with chi^2 90.6744971059
Minuit succeeded.
2s under jitter 0.2 = 5.65357215498 with chi^2 109.340216313
Minuit succeeded.
2s under jitter 0.2 = 5.60325410518 with chi^2 75.862215518
Minuit succeeded.
2s under jitter 0.2 = 5.69903610579 with chi^2 119.2927511
Minuit succeeded.
2s under jitter 0.2 = 5.63441666091 with chi^2 91.6831405919
Minuit succeeded.
2s under jitter 0.2 = 5.56813509857 with chi^2 92.0456499274
