Minuit succeeded.
2s under jitter 0.01 = 5.58593258692 with chi^2 78.1445399186
VariableMetricBuilder: matrix not pos.def.
gdel > 0: 5.17391e-06
negative or zero diagonal element 1 in covariance matrix
added 1.00009 to diagonal of error matrix
gdel: 5.17391e-06
Minuit succeeded.
2s under jitter 0.01 = 5.58595814277 with chi^2 78.4435786418
eigenvalues: 
-0.440787
0.677409
0.909821
1
1
1
1.00165
1.3095
2.54241
matrix forced pos-def by adding 0.44333 to diagonal
MnHesse: matrix is invalid!
MnHesse: matrix is not pos. def.!
MnHesse: matrix was forced pos. def.
FunctionMinimum is invalid.
Minuit failed because covariance is not accurate, and covariance is not positive definite.
2s under jitter 0.01 = 5.58020068611 with chi^2 77.8675809944
Minuit succeeded.
2s under jitter 0.01 = 5.58790956827 with chi^2 78.36492067
Minuit succeeded.
2s under jitter 0.01 = 5.58990635958 with chi^2 78.0863128361
Minuit succeeded.
2s under jitter 0.01 = 5.59052061859 with chi^2 78.153427921
VariableMetricBuilder: no improvement
Minuit succeeded.
2s under jitter 0.01 = 5.58194611828 with chi^2 77.8825284377
VariableMetricBuilder: no improvement
Minuit succeeded.
2s under jitter 0.01 = 5.58472261836 with chi^2 78.0834156198
VariableMetricBuilder: no improvement
VariableMetricBuilder: finishes without convergence.
VariableMetricBuilder: edm= 0.000405795 requested: 1e-05
FunctionMinimum is invalid.
Minuit failed because the function is above maximum EDM.
2s under jitter 0.01 = 5.58356684868 with chi^2 78.3689980284
VariableMetricBuilder: no improvement
eigenvalues: 
-0.391759
0.713844
0.920823
1
1
1
1.00182
1.39728
2.358
matrix forced pos-def by adding 0.394117 to diagonal
MnHesse: matrix is invalid!
MnHesse: matrix is not pos. def.!
MnHesse: matrix was forced pos. def.
FunctionMinimum is invalid.
Minuit failed because covariance is not accurate, and covariance is not positive definite.
2s under jitter 0.01 = 5.58614042691 with chi^2 78.0440683607
VariableMetricBuilder: no improvement
Minuit succeeded.
2s under jitter 0.01 = 5.59309277384 with chi^2 78.5354502628
eigenvalues: 
-2.9815
0.620442
0.906151
1
1
1
1.00187
1.49233
4.9607
matrix forced pos-def by adding 2.98646 to diagonal
MnHesse: matrix is invalid!
MnHesse: matrix is not pos. def.!
MnHesse: matrix was forced pos. def.
FunctionMinimum is invalid.
Minuit failed because covariance is not accurate, and covariance is not positive definite.
2s under jitter 0.01 = 5.58755539337 with chi^2 77.9487659141
VariableMetricBuilder: matrix not pos.def.
edm < 0
eigenvalues: 
-1.66081
0.043074
0.425633
0.922504
0.996224
1.01623
1.09222
1.12417
5.04075
matrix forced pos-def by adding 1.66585 to diagonal
Minuit succeeded.
2s under jitter 0.01 = 5.58441885189 with chi^2 78.1552348863
VariableMetricBuilder: no improvement
Minuit succeeded.
2s under jitter 0.01 = 5.58389372141 with chi^2 77.8470009564
VariableMetricBuilder: matrix not pos.def.
gdel > 0: 0.000909663
negative or zero diagonal element 1 in covariance matrix
negative or zero diagonal element 5 in covariance matrix
added 1.00377 to diagonal of error matrix
gdel: 0.000909663
Minuit succeeded.
2s under jitter 0.01 = 5.58879508263 with chi^2 77.5019360253
Minuit succeeded.
2s under jitter 0.01 = 5.58163528656 with chi^2 77.9475590309
VariableMetricBuilder: no improvement
VariableMetricBuilder: finishes without convergence.
VariableMetricBuilder: edm= 0.00225475 requested: 1e-05
eigenvalues: 
-1.68075
0.780687
0.92332
1
1
1
1.00038
1.04056
3.9358
matrix forced pos-def by adding 1.68468 to diagonal
MnHesse: matrix is invalid!
MnHesse: matrix is not pos. def.!
MnHesse: matrix was forced pos. def.
FunctionMinimum is invalid.
Minuit failed because covariance is not accurate, covariance is not positive definite, and the function is above maximum EDM.
2s under jitter 0.01 = 5.59097147413 with chi^2 78.3690549064
VariableMetricBuilder: no improvement
Minuit succeeded.
2s under jitter 0.01 = 5.58561987562 with chi^2 78.4756623668
VariableMetricBuilder: no improvement
eigenvalues: 
-0.363199
0.635733
0.909395
1
1
1
1.00193
1.37221
2.44392
matrix forced pos-def by adding 0.365643 to diagonal
MnHesse: matrix is invalid!
MnHesse: matrix is not pos. def.!
MnHesse: matrix was forced pos. def.
FunctionMinimum is invalid.
Minuit failed because covariance is not accurate, and covariance is not positive definite.
2s under jitter 0.01 = 5.58627953804 with chi^2 77.8322812162
VariableMetricBuilder: no improvement
Minuit succeeded.
2s under jitter 0.01 = 5.58340169019 with chi^2 78.3311837747
eigenvalues: 
-0.174187
0.704252
0.921668
1
1
1
1.00118
1.40974
2.13735
matrix forced pos-def by adding 0.176324 to diagonal
MnHesse: matrix is invalid!
MnHesse: matrix is not pos. def.!
MnHesse: matrix was forced pos. def.
FunctionMinimum is invalid.
Minuit failed because covariance is not accurate, and covariance is not positive definite.
2s under jitter 0.01 = 5.58581367664 with chi^2 78.0540188541
eigenvalues: 
-1.11092
0.539483
0.914852
1
1
1
1.00214
1.22548
3.42897
matrix forced pos-def by adding 1.11435 to diagonal
MnHesse: matrix is invalid!
MnHesse: matrix is not pos. def.!
MnHesse: matrix was forced pos. def.
FunctionMinimum is invalid.
Minuit failed because covariance is not accurate, and covariance is not positive definite.
2s under jitter 0.01 = 5.58623223035 with chi^2 78.0333572216
eigenvalues: 
-0.336131
0.731211
0.928941
1
1
1
1.00211
1.38716
2.2867
matrix forced pos-def by adding 0.338418 to diagonal
MnHesse: matrix is invalid!
MnHesse: matrix is not pos. def.!
MnHesse: matrix was forced pos. def.
FunctionMinimum is invalid.
Minuit failed because covariance is not accurate, and covariance is not positive definite.
2s under jitter 0.01 = 5.58230968475 with chi^2 78.3403514007
Minuit succeeded.
2s under jitter 0.01 = 5.58798362938 with chi^2 78.7792183583
VariableMetricBuilder: matrix not pos.def.
gdel > 0: 0.000652832
negative or zero diagonal element 5 in covariance matrix
added 1.0046 to diagonal of error matrix
gdel: 0.000652832
Minuit succeeded.
2s under jitter 0.01 = 5.58747921635 with chi^2 78.3401538656
VariableMetricBuilder: no improvement
eigenvalues: 
-0.109316
0.780123
0.943786
1
1
1
1.00141
1.4157
1.9683
matrix forced pos-def by adding 0.111285 to diagonal
MnHesse: matrix is invalid!
MnHesse: matrix is not pos. def.!
MnHesse: matrix was forced pos. def.
FunctionMinimum is invalid.
Minuit failed because covariance is not accurate, and covariance is not positive definite.
2s under jitter 0.01 = 5.5837050932 with chi^2 77.8116910084
eigenvalues: 
-0.133478
0.715236
0.919668
1
1
1
1.00122
1.40442
2.09293
matrix forced pos-def by adding 0.135571 to diagonal
MnHesse: matrix is invalid!
MnHesse: matrix is not pos. def.!
MnHesse: matrix was forced pos. def.
FunctionMinimum is invalid.
Minuit failed because covariance is not accurate, and covariance is not positive definite.
2s under jitter 0.01 = 5.5875823843 with chi^2 78.0779198515
Minuit succeeded.
2s under jitter 0.01 = 5.58818413482 with chi^2 78.6256525289
VariableMetricBuilder: matrix not pos.def.
edm < 0
eigenvalues: 
-0.286747
0.0185348
0.700864
1.01412
1.02891
1.0806
1.28457
1.33166
2.8275
matrix forced pos-def by adding 0.289575 to diagonal
VariableMetricBuilder: no improvement
Minuit succeeded.
2s under jitter 0.01 = 5.58191248338 with chi^2 77.962169345
VariableMetricBuilder: no improvement
Minuit succeeded.
2s under jitter 0.01 = 5.58343557021 with chi^2 77.86576914
VariableMetricBuilder: no improvement
VariableMetricBuilder: finishes without convergence.
VariableMetricBuilder: edm= 0.000181013 requested: 1e-05
FunctionMinimum is invalid.
Minuit failed because the function is above maximum EDM.
2s under jitter 0.01 = 5.58280043661 with chi^2 78.086148488
VariableMetricBuilder: no improvement
Minuit succeeded.
2s under jitter 0.01 = 5.59088321596 with chi^2 77.9948833232
VariableMetricBuilder: no improvement
Minuit succeeded.
2s under jitter 0.01 = 5.58796344577 with chi^2 77.9038406835
Minuit succeeded.
2s under jitter 0.01 = 5.58725140598 with chi^2 77.7719245013
VariableMetricBuilder: no improvement
eigenvalues: 
-1.71594
0.646237
0.90982
1
1
1
1.00181
1.42308
3.73499
matrix forced pos-def by adding 1.71967 to diagonal
MnHesse: matrix is invalid!
MnHesse: matrix is not pos. def.!
MnHesse: matrix was forced pos. def.
FunctionMinimum is invalid.
Minuit failed because covariance is not accurate, and covariance is not positive definite.
2s under jitter 0.01 = 5.58515808993 with chi^2 77.8021590984
VariableMetricBuilder: matrix not pos.def.
gdel > 0: 0.000466067
eigenvalues: 
-0.511481
0.560909
0.913089
0.941337
0.991583
1.02754
1.05686
1.40503
2.61514
matrix forced pos-def by adding 0.514096 to diagonal
gdel: -9.92651e-05
VariableMetricBuilder: no improvement
VariableMetricBuilder: finishes without convergence.
VariableMetricBuilder: edm= 0.00972091 requested: 1e-05
FunctionMinimum is invalid.
Minuit failed because the function is above maximum EDM.
2s under jitter 0.01 = 5.59022548957 with chi^2 78.0254314102
VariableMetricBuilder: matrix not pos.def.
gdel > 0: 4.32173e-05
negative or zero diagonal element 0 in covariance matrix
negative or zero diagonal element 1 in covariance matrix
added 1.00141 to diagonal of error matrix
gdel: 4.32173e-05
Minuit succeeded.
2s under jitter 0.01 = 5.58137226739 with chi^2 77.7149389007
Minuit succeeded.
2s under jitter 0.01 = 5.58420677934 with chi^2 77.9073983471
VariableMetricBuilder: no improvement
Minuit succeeded.
2s under jitter 0.01 = 5.58310717606 with chi^2 77.8928357929
VariableMetricBuilder: no improvement
Minuit succeeded.
2s under jitter 0.01 = 5.58962388117 with chi^2 79.1741704122
VariableMetricBuilder: no improvement
Minuit succeeded.
2s under jitter 0.01 = 5.58606464167 with chi^2 78.1604805203
VariableMetricBuilder: no improvement
eigenvalues: 
-0.25683
0.667435
0.912396
1
1
1
1.00182
1.37098
2.3042
matrix forced pos-def by adding 0.259134 to diagonal
MnHesse: matrix is invalid!
MnHesse: matrix is not pos. def.!
MnHesse: matrix was forced pos. def.
FunctionMinimum is invalid.
Minuit failed because covariance is not accurate, and covariance is not positive definite.
2s under jitter 0.01 = 5.58050912613 with chi^2 77.9116185891
eigenvalues: 
-0.640155
0.800761
0.936943
1
1
1
1.00082
1.35822
2.54342
matrix forced pos-def by adding 0.642698 to diagonal
MnHesse: matrix is invalid!
MnHesse: matrix is not pos. def.!
MnHesse: matrix was forced pos. def.
FunctionMinimum is invalid.
Minuit failed because covariance is not accurate, and covariance is not positive definite.
2s under jitter 0.01 = 5.584088312 with chi^2 77.8497436039
eigenvalues: 
-0.335763
0.829305
0.934693
1
1
1
1.0011
1.29813
2.27253
matrix forced pos-def by adding 0.338036 to diagonal
MnHesse: matrix is invalid!
MnHesse: matrix is not pos. def.!
MnHesse: matrix was forced pos. def.
FunctionMinimum is invalid.
Minuit failed because covariance is not accurate, and covariance is not positive definite.
2s under jitter 0.01 = 5.58657678984 with chi^2 77.9987454313
eigenvalues: 
-0.464527
0.77431
0.908485
1
1
1
1.00085
1.05105
2.72983
matrix forced pos-def by adding 0.467257 to diagonal
MnHesse: matrix is invalid!
MnHesse: matrix is not pos. def.!
MnHesse: matrix was forced pos. def.
FunctionMinimum is invalid.
Minuit failed because covariance is not accurate, and covariance is not positive definite.
2s under jitter 0.01 = 5.58417512239 with chi^2 77.362410185
VariableMetricBuilder: no improvement
Minuit succeeded.
2s under jitter 0.01 = 5.58546090142 with chi^2 77.8804162584
VariableMetricBuilder: no improvement
eigenvalues: 
-0.237494
0.637974
0.931417
1
1
1
1.00108
1.18272
2.4843
matrix forced pos-def by adding 0.239979 to diagonal
MnHesse: matrix is invalid!
MnHesse: matrix is not pos. def.!
MnHesse: matrix was forced pos. def.
FunctionMinimum is invalid.
Minuit failed because covariance is not accurate, and covariance is not positive definite.
2s under jitter 0.01 = 5.58606642165 with chi^2 78.3004669442
VariableMetricBuilder: no improvement
Minuit succeeded.
2s under jitter 0.01 = 5.58563075844 with chi^2 78.4359166008
eigenvalues: 
-0.122416
0.736268
0.913505
1
1
1
1.0004
1.03315
2.4391
matrix forced pos-def by adding 0.124855 to diagonal
MnHesse: matrix is invalid!
MnHesse: matrix is not pos. def.!
MnHesse: matrix was forced pos. def.
FunctionMinimum is invalid.
Minuit failed because covariance is not accurate, and covariance is not positive definite.
2s under jitter 0.01 = 5.58785815639 with chi^2 78.0462296331
VariableMetricBuilder: no improvement
Minuit succeeded.
2s under jitter 0.01 = 5.59025352052 with chi^2 77.9625281956
VariableMetricBuilder: matrix not pos.def.
gdel > 0: 0.000170796
eigenvalues: 
-2.78135
0.541763
0.79911
0.97512
0.990367
1.00861
1.0722
1.23768
5.15649
matrix forced pos-def by adding 2.7865 to diagonal
gdel: -0.000488614
VariableMetricBuilder: no improvement
VariableMetricBuilder: finishes without convergence.
VariableMetricBuilder: edm= 0.00145112 requested: 1e-05
FunctionMinimum is invalid.
Minuit failed because the function is above maximum EDM.
2s under jitter 0.01 = 5.58566309693 with chi^2 78.3689721763
eigenvalues: 
-0.00533634
0.805957
0.907496
1
1
1
1.00029
1.02788
2.26371
matrix forced pos-def by adding 0.00760005 to diagonal
MnHesse: matrix is invalid!
MnHesse: matrix is not pos. def.!
MnHesse: matrix was forced pos. def.
FunctionMinimum is invalid.
Minuit failed because covariance is not accurate, and covariance is not positive definite.
2s under jitter 0.01 = 5.58644343924 with chi^2 78.2980501333
VariableMetricBuilder: no improvement
Minuit succeeded.
2s under jitter 0.01 = 5.58365295305 with chi^2 77.5311884938
VariableMetricBuilder: matrix not pos.def.
gdel > 0: 8.16047e-06
negative or zero diagonal element 1 in covariance matrix
added 1.00011 to diagonal of error matrix
gdel: 8.16047e-06
Minuit succeeded.
2s under jitter 0.01 = 5.582844884 with chi^2 77.703785977
VariableMetricBuilder: matrix not pos.def.
gdel > 0: 0.000668286
negative or zero diagonal element 0 in covariance matrix
negative or zero diagonal element 1 in covariance matrix
added 1.00453 to diagonal of error matrix
gdel: 0.000668286
Minuit succeeded.
2s under jitter 0.01 = 5.58992281675 with chi^2 78.4889631841
Minuit succeeded.
2s under jitter 0.01 = 5.58552648347 with chi^2 78.5738219791
VariableMetricBuilder: matrix not pos.def.
gdel > 0: 0.000168003
negative or zero diagonal element 1 in covariance matrix
negative or zero diagonal element 5 in covariance matrix
added 1.06243 to diagonal of error matrix
gdel: 0.000168003
eigenvalues: 
-3.20299
0.677969
0.909045
1
1
1
1.00184
1.33128
5.28285
matrix forced pos-def by adding 3.20827 to diagonal
MnHesse: matrix is invalid!
MnHesse: matrix is not pos. def.!
MnHesse: matrix was forced pos. def.
FunctionMinimum is invalid.
Minuit failed because covariance is not accurate, and covariance is not positive definite.
2s under jitter 0.01 = 5.58956994293 with chi^2 77.9636996721
Minuit succeeded.
2s under jitter 0.01 = 5.584864655 with chi^2 78.1449130363
VariableMetricBuilder: matrix not pos.def.
gdel > 0: 2.92136e-05
negative or zero diagonal element 1 in covariance matrix
added 1.00016 to diagonal of error matrix
gdel: 2.92136e-05
Minuit succeeded.
2s under jitter 0.01 = 5.58894063156 with chi^2 78.3783833557
Minuit succeeded.
2s under jitter 0.01 = 5.58763932443 with chi^2 78.1306713667
VariableMetricBuilder: no improvement
VariableMetricBuilder: finishes without convergence.
VariableMetricBuilder: edm= 0.000499725 requested: 1e-05
FunctionMinimum is invalid.
Minuit failed because the function is above maximum EDM.
2s under jitter 0.01 = 5.5917010176 with chi^2 77.9746194329
VariableMetricBuilder: no improvement
eigenvalues: 
-0.12663
0.640479
0.910861
1
1
1
1.00189
1.39353
2.17987
matrix forced pos-def by adding 0.12881 to diagonal
MnHesse: matrix is invalid!
MnHesse: matrix is not pos. def.!
MnHesse: matrix was forced pos. def.
FunctionMinimum is invalid.
Minuit failed because covariance is not accurate, and covariance is not positive definite.
2s under jitter 0.01 = 5.5862611287 with chi^2 77.8480056274
VariableMetricBuilder: no improvement
VariableMetricBuilder: finishes without convergence.
VariableMetricBuilder: edm= 0.000778166 requested: 1e-05
FunctionMinimum is invalid.
Minuit failed because the function is above maximum EDM.
2s under jitter 0.01 = 5.58902385523 with chi^2 78.1915331128
VariableMetricBuilder: matrix not pos.def.
gdel > 0: 0.00455094
negative or zero diagonal element 0 in covariance matrix
negative or zero diagonal element 1 in covariance matrix
negative or zero diagonal element 2 in covariance matrix
negative or zero diagonal element 3 in covariance matrix
negative or zero diagonal element 4 in covariance matrix
negative or zero diagonal element 6 in covariance matrix
added 1.01831 to diagonal of error matrix
gdel: 0.00455094
eigenvalues: 
-0.111777
0.0943421
0.90139
1
1
1
1.00016
1.03511
3.08077
matrix forced pos-def by adding 0.114858 to diagonal
MnHesse: matrix is invalid!
MnHesse: matrix is not pos. def.!
MnHesse: matrix was forced pos. def.
FunctionMinimum is invalid.
Minuit failed because covariance is not accurate, and covariance is not positive definite.
2s under jitter 0.01 = 5.58754808065 with chi^2 78.0963544393
VariableMetricBuilder: no improvement
VariableMetricBuilder: finishes without convergence.
VariableMetricBuilder: edm= 0.000461867 requested: 1e-05
FunctionMinimum is invalid.
Minuit failed because the function is above maximum EDM.
2s under jitter 0.01 = 5.59067298649 with chi^2 78.2337030607
Minuit succeeded.
2s under jitter 0.01 = 5.59044329038 with chi^2 78.6977037916
VariableMetricBuilder: no improvement
VariableMetricBuilder: finishes without convergence.
VariableMetricBuilder: edm= 0.00034235 requested: 1e-05
FunctionMinimum is invalid.
Minuit failed because the function is above maximum EDM.
2s under jitter 0.01 = 5.58610235839 with chi^2 78.1030783445
VariableMetricBuilder: matrix not pos.def.
gdel > 0: 0.000794074
negative or zero diagonal element 0 in covariance matrix
negative or zero diagonal element 1 in covariance matrix
negative or zero diagonal element 2 in covariance matrix
negative or zero diagonal element 4 in covariance matrix
added 1.01731 to diagonal of error matrix
gdel: 0.000794074
Minuit succeeded.
2s under jitter 0.01 = 5.5893843382 with chi^2 77.5065443794
Minuit succeeded.
2s under jitter 0.01 = 5.58042295007 with chi^2 77.9991516539
VariableMetricBuilder: no improvement
Minuit succeeded.
2s under jitter 0.01 = 5.58597364922 with chi^2 78.1998517759
VariableMetricBuilder: no improvement
eigenvalues: 
-0.165924
0.707751
0.926684
1
1
1
1.00104
1.38547
2.14498
matrix forced pos-def by adding 0.168069 to diagonal
MnHesse: matrix is invalid!
MnHesse: matrix is not pos. def.!
MnHesse: matrix was forced pos. def.
FunctionMinimum is invalid.
Minuit failed because covariance is not accurate, and covariance is not positive definite.
2s under jitter 0.01 = 5.58478670758 with chi^2 78.3267422553
VariableMetricBuilder: matrix not pos.def.
edm < 0
negative or zero diagonal element 1 in covariance matrix
added 1.00007 to diagonal of error matrix
Minuit succeeded.
2s under jitter 0.01 = 5.58671895641 with chi^2 78.3978446655
VariableMetricBuilder: no improvement
VariableMetricBuilder: finishes without convergence.
VariableMetricBuilder: edm= 0.000264371 requested: 1e-05
eigenvalues: 
-0.107319
0.725265
0.923095
1
1
1
1.00098
1.38499
2.07299
matrix forced pos-def by adding 0.109392 to diagonal
MnHesse: matrix is invalid!
MnHesse: matrix is not pos. def.!
MnHesse: matrix was forced pos. def.
FunctionMinimum is invalid.
Minuit failed because covariance is not accurate, covariance is not positive definite, and the function is above maximum EDM.
2s under jitter 0.01 = 5.59081657682 with chi^2 78.1939234937
VariableMetricBuilder: matrix not pos.def.
gdel > 0: 0.00280664
negative or zero diagonal element 1 in covariance matrix
negative or zero diagonal element 2 in covariance matrix
negative or zero diagonal element 3 in covariance matrix
negative or zero diagonal element 5 in covariance matrix
negative or zero diagonal element 6 in covariance matrix
negative or zero diagonal element 8 in covariance matrix
added 1.17569 to diagonal of error matrix
gdel: 0.00280664
Minuit succeeded.
2s under jitter 0.01 = 5.58642835467 with chi^2 78.398000142
eigenvalues: 
-0.173424
0.624752
0.913805
1
1
1
1.00208
1.19073
2.44205
matrix forced pos-def by adding 0.175866 to diagonal
MnHesse: matrix is invalid!
MnHesse: matrix is not pos. def.!
MnHesse: matrix was forced pos. def.
FunctionMinimum is invalid.
Minuit failed because covariance is not accurate, and covariance is not positive definite.
2s under jitter 0.01 = 5.58416136766 with chi^2 77.8062840293
VariableMetricBuilder: matrix not pos.def.
gdel > 0: 0.000151849
eigenvalues: 
-0.0395064
0.785061
0.830659
0.992668
1.00556
1.02476
1.03678
1.29116
2.07286
matrix forced pos-def by adding 0.0415793 to diagonal
gdel: -3.10719e-05
Minuit succeeded.
2s under jitter 0.01 = 5.58853175135 with chi^2 77.7137536992
VariableMetricBuilder: no improvement
Minuit succeeded.
2s under jitter 0.01 = 5.58443717518 with chi^2 78.3445890566
VariableMetricBuilder: no improvement
eigenvalues: 
-0.176749
0.697605
0.918807
1
1
1
1.0012
1.41832
2.14081
matrix forced pos-def by adding 0.178889 to diagonal
MnHesse: matrix is invalid!
MnHesse: matrix is not pos. def.!
MnHesse: matrix was forced pos. def.
FunctionMinimum is invalid.
Minuit failed because covariance is not accurate, and covariance is not positive definite.
2s under jitter 0.01 = 5.59039354471 with chi^2 77.9773398128
VariableMetricBuilder: matrix not pos.def.
gdel > 0: 0.00109523
negative or zero diagonal element 1 in covariance matrix
negative or zero diagonal element 2 in covariance matrix
negative or zero diagonal element 5 in covariance matrix
added 1.02642 to diagonal of error matrix
gdel: 0.00109523
Minuit succeeded.
2s under jitter 0.01 = 5.58614450753 with chi^2 78.1295464299
eigenvalues: 
-0.118503
0.694011
0.921428
1
1
1
1.00113
1.40323
2.0987
matrix forced pos-def by adding 0.120601 to diagonal
MnHesse: matrix is invalid!
MnHesse: matrix is not pos. def.!
MnHesse: matrix was forced pos. def.
FunctionMinimum is invalid.
Minuit failed because covariance is not accurate, and covariance is not positive definite.
2s under jitter 0.01 = 5.5873309339 with chi^2 77.5771996156
Minuit succeeded.
2s under jitter 0.01 = 5.58747870957 with chi^2 78.046112755
VariableMetricBuilder: no improvement
VariableMetricBuilder: finishes without convergence.
VariableMetricBuilder: edm= 0.000135421 requested: 1e-05
FunctionMinimum is invalid.
Minuit failed because the function is above maximum EDM.
2s under jitter 0.01 = 5.581627591 with chi^2 78.2938771062
VariableMetricBuilder: no improvement
Minuit succeeded.
2s under jitter 0.01 = 5.59229373945 with chi^2 78.303742509
VariableMetricBuilder: no improvement
eigenvalues: 
-3.19241
0.711655
0.927278
1
1
1
1.00128
1.39643
5.15577
matrix forced pos-def by adding 3.19756 to diagonal
MnHesse: matrix is invalid!
MnHesse: matrix is not pos. def.!
MnHesse: matrix was forced pos. def.
FunctionMinimum is invalid.
Minuit failed because covariance is not accurate, and covariance is not positive definite.
2s under jitter 0.01 = 5.58922700426 with chi^2 78.0115227715
VariableMetricBuilder: no improvement
eigenvalues: 
-3.71212
0.51461
0.920456
1
1
1
1.00188
1.19491
6.08026
matrix forced pos-def by adding 3.7182 to diagonal
MnHesse: matrix is invalid!
MnHesse: matrix is not pos. def.!
MnHesse: matrix was forced pos. def.
FunctionMinimum is invalid.
Minuit failed because covariance is not accurate, and covariance is not positive definite.
2s under jitter 0.01 = 5.59030179865 with chi^2 78.0603161947
VariableMetricBuilder: no improvement
eigenvalues: 
-2.42689
0.761361
0.930231
1
1
1
1.0007
1.39097
4.34362
matrix forced pos-def by adding 2.43124 to diagonal
MnHesse: matrix is invalid!
MnHesse: matrix is not pos. def.!
MnHesse: matrix was forced pos. def.
FunctionMinimum is invalid.
Minuit failed because covariance is not accurate, and covariance is not positive definite.
2s under jitter 0.01 = 5.59066373719 with chi^2 77.9706439222
eigenvalues: 
-0.235961
0.827233
0.929894
1
1
1
1.00161
1.28423
2.193
matrix forced pos-def by adding 0.238154 to diagonal
MnHesse: matrix is invalid!
MnHesse: matrix is not pos. def.!
MnHesse: matrix was forced pos. def.
FunctionMinimum is invalid.
Minuit failed because covariance is not accurate, and covariance is not positive definite.
2s under jitter 0.01 = 5.58568160026 with chi^2 78.0268815617
eigenvalues: 
-0.240093
0.813432
0.934605
1
1
1
1.00156
1.28871
2.20179
matrix forced pos-def by adding 0.242295 to diagonal
MnHesse: matrix is invalid!
MnHesse: matrix is not pos. def.!
MnHesse: matrix was forced pos. def.
FunctionMinimum is invalid.
Minuit failed because covariance is not accurate, and covariance is not positive definite.
2s under jitter 0.01 = 5.58684059455 with chi^2 78.3643714547
Minuit succeeded.
2s under jitter 0.01 = 5.58357019189 with chi^2 78.3852967256
VariableMetricBuilder: no improvement
eigenvalues: 
-0.121871
0.715154
0.926156
1
1
1
1.00103
1.39139
2.08814
matrix forced pos-def by adding 0.123959 to diagonal
MnHesse: matrix is invalid!
MnHesse: matrix is not pos. def.!
MnHesse: matrix was forced pos. def.
FunctionMinimum is invalid.
Minuit failed because covariance is not accurate, and covariance is not positive definite.
2s under jitter 0.01 = 5.58898946968 with chi^2 78.467502
Minuit succeeded.
2s under jitter 0.01 = 5.58461055225 with chi^2 77.8059355296
Minuit succeeded.
2s under jitter 0.01 = 5.58381983494 with chi^2 77.7899832451
VariableMetricBuilder: no improvement
VariableMetricBuilder: finishes without convergence.
VariableMetricBuilder: edm= 0.000236153 requested: 1e-05
FunctionMinimum is invalid.
Minuit failed because the function is above maximum EDM.
2s under jitter 0.01 = 5.58528387292 with chi^2 77.7590065563
VariableMetricBuilder: no improvement
Minuit succeeded.
2s under jitter 0.01 = 5.58982908127 with chi^2 78.1580932916
VariableMetricBuilder: matrix not pos.def.
gdel > 0: 7.30818e-05
negative or zero diagonal element 1 in covariance matrix
added 1.00087 to diagonal of error matrix
gdel: 7.30818e-05
eigenvalues: 
-0.29209
0.718535
0.923604
1
1
1
1.0018
1.37404
2.2741
matrix forced pos-def by adding 0.294364 to diagonal
MnHesse: matrix is invalid!
MnHesse: matrix is not pos. def.!
MnHesse: matrix was forced pos. def.
FunctionMinimum is invalid.
Minuit failed because covariance is not accurate, and covariance is not positive definite.
2s under jitter 0.01 = 5.58168171461 with chi^2 78.2190737789
VariableMetricBuilder: matrix not pos.def.
gdel > 0: 0.000751038
negative or zero diagonal element 1 in covariance matrix
added 1.00007 to diagonal of error matrix
gdel: 0.000751038
Minuit succeeded.
2s under jitter 0.01 = 5.58667459171 with chi^2 78.0582939504
VariableMetricBuilder: no improvement
eigenvalues: 
-0.0461471
0.131256
0.889589
1
1
1
1.00255
1.60157
2.42118
matrix forced pos-def by adding 0.0485683 to diagonal
MnHesse: matrix is invalid!
MnHesse: matrix is not pos. def.!
MnHesse: matrix was forced pos. def.
FunctionMinimum is invalid.
Minuit failed because covariance is not accurate, and covariance is not positive definite.
2s under jitter 0.01 = 5.58441520702 with chi^2 78.3573098666
Minuit succeeded.
2s under jitter 0.01 = 5.58770210916 with chi^2 77.7386736513
eigenvalues: 
-0.800949
0.643034
0.908411
1
1
1
1.00189
1.40955
2.83806
matrix forced pos-def by adding 0.803787 to diagonal
MnHesse: matrix is invalid!
MnHesse: matrix is not pos. def.!
MnHesse: matrix was forced pos. def.
FunctionMinimum is invalid.
Minuit failed because covariance is not accurate, and covariance is not positive definite.
2s under jitter 0.01 = 5.58279703248 with chi^2 78.0834319714
Minuit succeeded.
2s under jitter 0.01 = 5.5880645523 with chi^2 77.7866892062
