eigenvalues: 
-0.0212433
0.317747
0.738571
1
1
1
1
1.00046
1.00431
2.96015
matrix forced pos-def by adding 0.0242034 to diagonal
MnHesse: matrix is invalid!
MnHesse: matrix is not pos. def.!
MnHesse: matrix was forced pos. def.
FunctionMinimum is invalid.
Minuit failed because covariance is not accurate, and covariance is not positive definite.
3s under jitter 0.1 = 3.61027565668 with chi^2 424.349216034
eigenvalues: 
-0.0308173
0.319215
0.633252
1
1
1
1
1.00018
1.00257
3.0756
matrix forced pos-def by adding 0.0338929 to diagonal
MnHesse: matrix is invalid!
MnHesse: matrix is not pos. def.!
MnHesse: matrix was forced pos. def.
FunctionMinimum is invalid.
Minuit failed because covariance is not accurate, and covariance is not positive definite.
3s under jitter 0.1 = 3.60078445047 with chi^2 427.03641223
Minuit succeeded.
3s under jitter 0.1 = 3.62956309362 with chi^2 406.592212476
eigenvalues: 
-0.0988936
0.298796
0.680852
1
1
1
1
1.00077
1.02182
3.09666
matrix forced pos-def by adding 0.10199 to diagonal
MnHesse: matrix is invalid!
MnHesse: matrix is not pos. def.!
MnHesse: matrix was forced pos. def.
FunctionMinimum is invalid.
Minuit failed because covariance is not accurate, and covariance is not positive definite.
3s under jitter 0.1 = 3.58319575062 with chi^2 421.39099046
Minuit succeeded.
3s under jitter 0.1 = 3.6103086117 with chi^2 430.973937723
Minuit succeeded.
3s under jitter 0.1 = 3.57522878972 with chi^2 433.428694125
Minuit succeeded.
3s under jitter 0.1 = 3.616090021 with chi^2 426.167111917
Minuit succeeded.
3s under jitter 0.1 = 3.59898704562 with chi^2 409.808129733
Minuit succeeded.
3s under jitter 0.1 = 3.61853361198 with chi^2 426.054057248
Minuit succeeded.
3s under jitter 0.1 = 3.5674478369 with chi^2 407.018878
Minuit succeeded.
3s under jitter 0.1 = 3.57406079899 with chi^2 426.052989043
Minuit succeeded.
3s under jitter 0.1 = 3.6092317672 with chi^2 412.20666686
VariableMetricBuilder: no improvement
VariableMetricBuilder: machine accuracy limits further improvement.
Minuit succeeded.
3s under jitter 0.1 = 3.62567778963 with chi^2 466.964759399
eigenvalues: 
-0.00191127
0.323552
0.654964
1
1
1
1
1.00099
1.01491
3.0075
matrix forced pos-def by adding 0.00491877 to diagonal
MnHesse: matrix is invalid!
MnHesse: matrix is not pos. def.!
MnHesse: matrix was forced pos. def.
FunctionMinimum is invalid.
Minuit failed because covariance is not accurate, and covariance is not positive definite.
3s under jitter 0.1 = 3.60523328165 with chi^2 411.549444722
eigenvalues: 
-0.000101592
0.328118
0.708326
1
1
1
1
1.00017
1.00097
2.96252
matrix forced pos-def by adding 0.00306411 to diagonal
MnHesse: matrix is invalid!
MnHesse: matrix is not pos. def.!
MnHesse: matrix was forced pos. def.
FunctionMinimum is invalid.
Minuit failed because covariance is not accurate, and covariance is not positive definite.
3s under jitter 0.1 = 3.59388119397 with chi^2 407.51885205
Minuit succeeded.
3s under jitter 0.1 = 3.60306034299 with chi^2 412.353497142
VariableMetricBuilder: no improvement
VariableMetricBuilder: machine accuracy limits further improvement.
Minuit succeeded.
3s under jitter 0.1 = 3.66373132464 with chi^2 458.132663026
Minuit succeeded.
3s under jitter 0.1 = 3.62410330778 with chi^2 443.066963524
VariableMetricBuilder: no improvement
VariableMetricBuilder: machine accuracy limits further improvement.
Minuit succeeded.
3s under jitter 0.1 = 3.61467966634 with chi^2 421.106690932
Minuit succeeded.
3s under jitter 0.1 = 3.59131872116 with chi^2 419.643333197
Minuit succeeded.
3s under jitter 0.1 = 3.59086278662 with chi^2 417.983468074
Minuit succeeded.
3s under jitter 0.1 = 3.62900124056 with chi^2 427.402313254
Minuit succeeded.
3s under jitter 0.1 = 3.60926154977 with chi^2 430.34264273
Minuit succeeded.
3s under jitter 0.1 = 3.64548909566 with chi^2 418.547933232
Minuit succeeded.
3s under jitter 0.1 = 3.59645850248 with chi^2 425.840360206
Minuit succeeded.
3s under jitter 0.1 = 3.63344786526 with chi^2 425.208717964
Minuit succeeded.
3s under jitter 0.1 = 3.63206338624 with chi^2 410.944868007
Minuit succeeded.
3s under jitter 0.1 = 3.60819134089 with chi^2 449.133410325
Minuit succeeded.
3s under jitter 0.1 = 3.60861384887 with chi^2 446.604895105
Minuit succeeded.
3s under jitter 0.1 = 3.64543787077 with chi^2 437.750286971
VariableMetricBuilder: no improvement
eigenvalues: 
-0.0520967
0.308391
0.666197
1
1
1
1
1.0001
1.00432
3.07308
matrix forced pos-def by adding 0.0551697 to diagonal
MnHesse: matrix is invalid!
MnHesse: matrix is not pos. def.!
MnHesse: matrix was forced pos. def.
FunctionMinimum is invalid.
Minuit failed because covariance is not accurate, and covariance is not positive definite.
3s under jitter 0.1 = 3.59365229036 with chi^2 409.707289226
Minuit succeeded.
3s under jitter 0.1 = 3.55211128552 with chi^2 421.3569572
Minuit succeeded.
3s under jitter 0.1 = 3.63864955588 with chi^2 417.005761276
eigenvalues: 
-0.01798
0.313997
0.653527
1
1
1
1
1.00052
1.00822
3.04172
matrix forced pos-def by adding 0.0210217 to diagonal
MnHesse: matrix is invalid!
MnHesse: matrix is not pos. def.!
MnHesse: matrix was forced pos. def.
FunctionMinimum is invalid.
Minuit failed because covariance is not accurate, and covariance is not positive definite.
3s under jitter 0.1 = 3.59407117275 with chi^2 407.043379259
eigenvalues: 
-0.00955621
0.322866
0.606936
1
1
1
1
1.00059
1.03017
3.049
matrix forced pos-def by adding 0.0126052 to diagonal
MnHesse: matrix is invalid!
MnHesse: matrix is not pos. def.!
MnHesse: matrix was forced pos. def.
FunctionMinimum is invalid.
Minuit failed because covariance is not accurate, and covariance is not positive definite.
3s under jitter 0.1 = 3.61832144589 with chi^2 423.983415419
Minuit succeeded.
3s under jitter 0.1 = 3.59382575805 with chi^2 439.943364237
VariableMetricBuilder: matrix not pos.def.
gdel > 0: 2.34863e-05
negative or zero diagonal element 0 in covariance matrix
negative or zero diagonal element 1 in covariance matrix
added 1.00127 to diagonal of error matrix
gdel: 2.34863e-05
Minuit succeeded.
3s under jitter 0.1 = 3.62563867744 with chi^2 407.77587382
Minuit succeeded.
3s under jitter 0.1 = 3.62852226851 with chi^2 421.703139507
Minuit succeeded.
3s under jitter 0.1 = 3.58470822911 with chi^2 421.267383381
Minuit succeeded.
3s under jitter 0.1 = 3.61917116595 with chi^2 418.630918001
Minuit succeeded.
3s under jitter 0.1 = 3.59764359428 with chi^2 429.192875758
Minuit succeeded.
3s under jitter 0.1 = 3.68054887338 with chi^2 467.416956498
Minuit succeeded.
3s under jitter 0.1 = 3.57488103466 with chi^2 423.962015247
Minuit succeeded.
3s under jitter 0.1 = 3.61200519066 with chi^2 437.766591496
Minuit succeeded.
3s under jitter 0.1 = 3.59210829197 with chi^2 413.624989548
eigenvalues: 
-0.0190666
0.314117
0.684901
1
1
1
1
1.00019
1.00583
3.01403
matrix forced pos-def by adding 0.0220806 to diagonal
MnHesse: matrix is invalid!
MnHesse: matrix is not pos. def.!
MnHesse: matrix was forced pos. def.
FunctionMinimum is invalid.
Minuit failed because covariance is not accurate, and covariance is not positive definite.
3s under jitter 0.1 = 3.59791039822 with chi^2 412.407447233
Minuit succeeded.
3s under jitter 0.1 = 3.61345068407 with chi^2 453.169495546
Minuit succeeded.
3s under jitter 0.1 = 3.59070379218 with chi^2 420.198128301
eigenvalues: 
-0.0447685
0.301914
0.612119
1
1
1
1
1.0004
1.00514
3.12519
matrix forced pos-def by adding 0.0478937 to diagonal
MnHesse: matrix is invalid!
MnHesse: matrix is not pos. def.!
MnHesse: matrix was forced pos. def.
FunctionMinimum is invalid.
Minuit failed because covariance is not accurate, and covariance is not positive definite.
3s under jitter 0.1 = 3.6146575169 with chi^2 436.960456073
Minuit succeeded.
3s under jitter 0.1 = 3.61219352826 with chi^2 431.355772087
Minuit succeeded.
3s under jitter 0.1 = 3.59598623107 with chi^2 416.154841693
VariableMetricBuilder: no improvement
Minuit succeeded.
3s under jitter 0.1 = 3.67477417559 with chi^2 429.038840434
Minuit succeeded.
3s under jitter 0.1 = 3.5842439362 with chi^2 411.722628881
Minuit succeeded.
3s under jitter 0.1 = 3.60653311713 with chi^2 417.367986328
Minuit succeeded.
3s under jitter 0.1 = 3.61496035377 with chi^2 413.87145772
Minuit succeeded.
3s under jitter 0.1 = 3.62473701832 with chi^2 420.317937333
VariableMetricBuilder: no improvement
VariableMetricBuilder: finishes without convergence.
VariableMetricBuilder: edm= 0.000472422 requested: 1e-05
FunctionMinimum is invalid.
Minuit failed because the function is above maximum EDM.
3s under jitter 0.1 = 3.61974980179 with chi^2 435.77125312
VariableMetricBuilder: no improvement
VariableMetricBuilder: machine accuracy limits further improvement.
Minuit succeeded.
3s under jitter 0.1 = 3.58919350308 with chi^2 417.358829499
Minuit succeeded.
3s under jitter 0.1 = 3.60021730163 with chi^2 419.401127592
Minuit succeeded.
3s under jitter 0.1 = 3.6011039422 with chi^2 424.303465313
Minuit succeeded.
3s under jitter 0.1 = 3.61853238933 with chi^2 432.551436701
Minuit succeeded.
3s under jitter 0.1 = 3.56322992966 with chi^2 415.290091685
Minuit succeeded.
3s under jitter 0.1 = 3.59011204913 with chi^2 422.256609056
Minuit succeeded.
3s under jitter 0.1 = 3.59105819667 with chi^2 416.245022468
Minuit succeeded.
3s under jitter 0.1 = 3.60580505915 with chi^2 412.369343429
Minuit succeeded.
3s under jitter 0.1 = 3.58697077051 with chi^2 426.829304705
eigenvalues: 
-0.070554
0.312796
0.627194
1
1
1
1
1.00021
1.00334
3.12702
matrix forced pos-def by adding 0.0736811 to diagonal
MnHesse: matrix is invalid!
MnHesse: matrix is not pos. def.!
MnHesse: matrix was forced pos. def.
FunctionMinimum is invalid.
Minuit failed because covariance is not accurate, and covariance is not positive definite.
3s under jitter 0.1 = 3.61084908583 with chi^2 427.442789766
Minuit succeeded.
3s under jitter 0.1 = 3.60535345617 with chi^2 459.540538238
Minuit succeeded.
3s under jitter 0.1 = 3.6146684718 with chi^2 413.841956584
eigenvalues: 
-0.0217976
0.315717
0.680929
1
1
1
1
1.0001
1.00846
3.01659
matrix forced pos-def by adding 0.0248142 to diagonal
MnHesse: matrix is invalid!
MnHesse: matrix is not pos. def.!
MnHesse: matrix was forced pos. def.
FunctionMinimum is invalid.
Minuit failed because covariance is not accurate, and covariance is not positive definite.
3s under jitter 0.1 = 3.59317258451 with chi^2 416.603877063
VariableMetricBuilder: no improvement
VariableMetricBuilder: machine accuracy limits further improvement.
Minuit succeeded.
3s under jitter 0.1 = 3.58687290061 with chi^2 413.649005779
eigenvalues: 
-0.080507
0.313091
0.805578
1
1
1
1
1.00036
1.01008
2.95139
matrix forced pos-def by adding 0.0834583 to diagonal
MnHesse: matrix is invalid!
MnHesse: matrix is not pos. def.!
MnHesse: matrix was forced pos. def.
FunctionMinimum is invalid.
Minuit failed because covariance is not accurate, and covariance is not positive definite.
3s under jitter 0.1 = 3.6228407085 with chi^2 423.130267052
Minuit succeeded.
3s under jitter 0.1 = 3.67354239847 with chi^2 427.515262659
Minuit succeeded.
3s under jitter 0.1 = 3.5877268116 with chi^2 436.169716569
Minuit succeeded.
3s under jitter 0.1 = 3.58141461505 with chi^2 413.765489806
Minuit succeeded.
3s under jitter 0.1 = 3.59269274911 with chi^2 416.457168751
Minuit succeeded.
3s under jitter 0.1 = 3.60275323391 with chi^2 414.60387807
Minuit succeeded.
3s under jitter 0.1 = 3.61092831489 with chi^2 427.016213825
Minuit succeeded.
3s under jitter 0.1 = 3.58068886471 with chi^2 426.163815151
Minuit succeeded.
3s under jitter 0.1 = 3.61472126696 with chi^2 440.173287961
Minuit succeeded.
3s under jitter 0.1 = 3.58200465633 with chi^2 419.56948231
Minuit succeeded.
3s under jitter 0.1 = 3.62573348819 with chi^2 413.657705853
Minuit succeeded.
3s under jitter 0.1 = 3.56364962632 with chi^2 415.576999667
Minuit succeeded.
3s under jitter 0.1 = 3.65885074106 with chi^2 427.024858854
Minuit succeeded.
3s under jitter 0.1 = 3.63097990947 with chi^2 430.02366973
Minuit succeeded.
3s under jitter 0.1 = 3.58800127058 with chi^2 419.701838287
Minuit succeeded.
3s under jitter 0.1 = 3.60862664623 with chi^2 421.617963989
eigenvalues: 
-0.0209108
0.291788
0.590579
1
1
1
1
1.00033
1.00615
3.13207
matrix forced pos-def by adding 0.0240429 to diagonal
MnHesse: matrix is invalid!
MnHesse: matrix is not pos. def.!
MnHesse: matrix was forced pos. def.
FunctionMinimum is invalid.
Minuit failed because covariance is not accurate, and covariance is not positive definite.
3s under jitter 0.1 = 3.58596380002 with chi^2 405.791283947
VariableMetricBuilder: no improvement
VariableMetricBuilder: machine accuracy limits further improvement.
Minuit succeeded.
3s under jitter 0.1 = 3.61016444302 with chi^2 421.328430005
Minuit succeeded.
3s under jitter 0.1 = 3.60484192733 with chi^2 420.442411134
Minuit succeeded.
3s under jitter 0.1 = 3.61689893741 with chi^2 428.559264049
Minuit succeeded.
3s under jitter 0.1 = 3.604962425 with chi^2 425.983133637
Minuit succeeded.
3s under jitter 0.1 = 3.61289418573 with chi^2 415.192459837
Minuit succeeded.
3s under jitter 0.1 = 3.621918343 with chi^2 433.022991063
Minuit succeeded.
3s under jitter 0.1 = 3.62977009057 with chi^2 427.922310121
Minuit succeeded.
3s under jitter 0.1 = 3.61512608864 with chi^2 418.122438824
Minuit succeeded.
3s under jitter 0.1 = 3.58148627056 with chi^2 411.544419722
VariableMetricBuilder: no improvement
VariableMetricBuilder: machine accuracy limits further improvement.
eigenvalues: 
-0.0239429
0.311949
0.614059
1
1
1
1
1.00015
1.00386
3.09392
matrix forced pos-def by adding 0.0270368 to diagonal
MnHesse: matrix is invalid!
MnHesse: matrix is not pos. def.!
MnHesse: matrix was forced pos. def.
FunctionMinimum is invalid.
Minuit failed because covariance is not accurate, and covariance is not positive definite.
3s under jitter 0.1 = 3.60451878466 with chi^2 419.847429008
Minuit succeeded.
3s under jitter 0.1 = 3.6077963052 with chi^2 420.236799569
Minuit succeeded.
3s under jitter 0.1 = 3.60650914956 with chi^2 427.976883811
