Minuit succeeded.
3s under jitter 0.02 = 3.5867032508 with chi^2 413.344735364
Minuit succeeded.
3s under jitter 0.02 = 3.58033727908 with chi^2 414.367895367
Minuit succeeded.
3s under jitter 0.02 = 3.57719328719 with chi^2 412.03942336
eigenvalues: 
-0.00869912
0.320343
0.631889
1
1
1
1
1.00037
1.00611
3.04999
matrix forced pos-def by adding 0.0117491 to diagonal
MnHesse: matrix is invalid!
MnHesse: matrix is not pos. def.!
MnHesse: matrix was forced pos. def.
FunctionMinimum is invalid.
Minuit failed because covariance is not accurate, and covariance is not positive definite.
3s under jitter 0.02 = 3.58235690437 with chi^2 413.937539415
VariableMetricBuilder: no improvement
VariableMetricBuilder: machine accuracy limits further improvement.
Minuit succeeded.
3s under jitter 0.02 = 3.57943918953 with chi^2 413.818931293
eigenvalues: 
-0.00914666
0.321003
0.656204
1
1
1
1
1.00018
1.00566
3.0261
matrix forced pos-def by adding 0.0121728 to diagonal
MnHesse: matrix is invalid!
MnHesse: matrix is not pos. def.!
MnHesse: matrix was forced pos. def.
FunctionMinimum is invalid.
Minuit failed because covariance is not accurate, and covariance is not positive definite.
3s under jitter 0.02 = 3.58379848673 with chi^2 413.837559501
eigenvalues: 
-0.0282928
0.31879
0.721756
1
1
1
1
1.00077
1.00135
2.98563
matrix forced pos-def by adding 0.0312784 to diagonal
MnHesse: matrix is invalid!
MnHesse: matrix is not pos. def.!
MnHesse: matrix was forced pos. def.
FunctionMinimum is invalid.
Minuit failed because covariance is not accurate, and covariance is not positive definite.
3s under jitter 0.02 = 3.58109674121 with chi^2 413.766412466
Minuit succeeded.
3s under jitter 0.02 = 3.58978618651 with chi^2 412.247972599
eigenvalues: 
-0.0291993
0.302276
0.649337
1
1
1
1
1.00067
1.01322
3.0637
matrix forced pos-def by adding 0.032263 to diagonal
MnHesse: matrix is invalid!
MnHesse: matrix is not pos. def.!
MnHesse: matrix was forced pos. def.
FunctionMinimum is invalid.
Minuit failed because covariance is not accurate, and covariance is not positive definite.
3s under jitter 0.02 = 3.58422541367 with chi^2 410.978545284
Minuit succeeded.
3s under jitter 0.02 = 3.58263936714 with chi^2 412.441132526
Minuit succeeded.
3s under jitter 0.02 = 3.58169753425 with chi^2 411.623144158
Minuit succeeded.
3s under jitter 0.02 = 3.58747633484 with chi^2 409.198649148
Minuit succeeded.
3s under jitter 0.02 = 3.57988689987 with chi^2 410.445953454
VariableMetricBuilder: matrix not pos.def.
gdel > 0: 3.01306e-06
eigenvalues: 
-0.702277
0.0762661
0.795521
0.876026
0.93454
0.97533
1.00398
1.16694
1.23587
3.6378
matrix forced pos-def by adding 0.705915 to diagonal
gdel: -1.59132e-05
Minuit succeeded.
3s under jitter 0.02 = 3.57710778689 with chi^2 413.733437055
Minuit succeeded.
3s under jitter 0.02 = 3.57239199429 with chi^2 410.982234241
eigenvalues: 
-0.0322799
0.294713
0.558939
1
1
1
1
1.00063
1.01078
3.16722
matrix forced pos-def by adding 0.0354471 to diagonal
MnHesse: matrix is invalid!
MnHesse: matrix is not pos. def.!
MnHesse: matrix was forced pos. def.
FunctionMinimum is invalid.
Minuit failed because covariance is not accurate, and covariance is not positive definite.
3s under jitter 0.02 = 3.5863275005 with chi^2 411.069170777
VariableMetricBuilder: no improvement
VariableMetricBuilder: machine accuracy limits further improvement.
Minuit succeeded.
3s under jitter 0.02 = 3.58173247904 with chi^2 412.395513977
Minuit succeeded.
3s under jitter 0.02 = 3.58443893566 with chi^2 413.413660783
Minuit succeeded.
3s under jitter 0.02 = 3.57851685391 with chi^2 412.430509767
Minuit succeeded.
3s under jitter 0.02 = 3.57965130703 with chi^2 411.297130703
eigenvalues: 
-0.0490981
0.306905
0.626242
1
1
1
1
1.00035
1.00934
3.10626
matrix forced pos-def by adding 0.0522044 to diagonal
MnHesse: matrix is invalid!
MnHesse: matrix is not pos. def.!
MnHesse: matrix was forced pos. def.
FunctionMinimum is invalid.
Minuit failed because covariance is not accurate, and covariance is not positive definite.
3s under jitter 0.02 = 3.57818186249 with chi^2 413.658242235
Minuit succeeded.
3s under jitter 0.02 = 3.58068611802 with chi^2 411.209797551
VariableMetricBuilder: no improvement
Minuit succeeded.
3s under jitter 0.02 = 3.58101915184 with chi^2 412.336491086
Minuit succeeded.
3s under jitter 0.02 = 3.58553086076 with chi^2 412.916490777
Minuit succeeded.
3s under jitter 0.02 = 3.58039519399 with chi^2 416.992402291
Minuit succeeded.
3s under jitter 0.02 = 3.58307052614 with chi^2 411.625524813
Minuit succeeded.
3s under jitter 0.02 = 3.57993751558 with chi^2 413.169348266
Minuit succeeded.
3s under jitter 0.02 = 3.58139147045 with chi^2 415.710799705
VariableMetricBuilder: no improvement
Minuit succeeded.
3s under jitter 0.02 = 3.58386258927 with chi^2 412.716699447
Minuit succeeded.
3s under jitter 0.02 = 3.58331254346 with chi^2 411.335583251
Minuit succeeded.
3s under jitter 0.02 = 3.58416584173 with chi^2 412.007580663
Minuit succeeded.
3s under jitter 0.02 = 3.59071162861 with chi^2 409.783571298
Minuit succeeded.
3s under jitter 0.02 = 3.58229226038 with chi^2 414.930824932
Minuit succeeded.
3s under jitter 0.02 = 3.58370881699 with chi^2 410.768775169
eigenvalues: 
-0.148075
0.297549
0.659631
1
1
1
1
1.00008
1.00592
3.18489
matrix forced pos-def by adding 0.15126 to diagonal
MnHesse: matrix is invalid!
MnHesse: matrix is not pos. def.!
MnHesse: matrix was forced pos. def.
FunctionMinimum is invalid.
Minuit failed because covariance is not accurate, and covariance is not positive definite.
3s under jitter 0.02 = 3.58198317766 with chi^2 412.668406297
Minuit succeeded.
3s under jitter 0.02 = 3.5811786505 with chi^2 413.318744826
Minuit succeeded.
3s under jitter 0.02 = 3.58841944853 with chi^2 411.561078887
VariableMetricBuilder: no improvement
VariableMetricBuilder: finishes without convergence.
VariableMetricBuilder: edm= 0.000243341 requested: 1e-05
FunctionMinimum is invalid.
Minuit failed because the function is above maximum EDM.
3s under jitter 0.02 = 3.5856825735 with chi^2 412.02301968
VariableMetricBuilder: matrix not pos.def.
edm < 0
negative or zero diagonal element 1 in covariance matrix
added 1.00001 to diagonal of error matrix
Minuit succeeded.
3s under jitter 0.02 = 3.57834894445 with chi^2 413.43394952
Minuit succeeded.
3s under jitter 0.02 = 3.58154196065 with chi^2 412.095726266
VariableMetricBuilder: no improvement
VariableMetricBuilder: machine accuracy limits further improvement.
Minuit succeeded.
3s under jitter 0.02 = 3.5775022717 with chi^2 410.106744641
Minuit succeeded.
3s under jitter 0.02 = 3.58458326306 with chi^2 412.068547849
eigenvalues: 
-0.036077
0.312444
0.652162
1
1
1
1
1.00011
1.01229
3.05906
matrix forced pos-def by adding 0.039136 to diagonal
MnHesse: matrix is invalid!
MnHesse: matrix is not pos. def.!
MnHesse: matrix was forced pos. def.
FunctionMinimum is invalid.
Minuit failed because covariance is not accurate, and covariance is not positive definite.
3s under jitter 0.02 = 3.58414178265 with chi^2 413.987040202
Minuit succeeded.
3s under jitter 0.02 = 3.57595764879 with chi^2 411.469661079
Minuit succeeded.
3s under jitter 0.02 = 3.57960215843 with chi^2 411.616209113
VariableMetricBuilder: no improvement
VariableMetricBuilder: machine accuracy limits further improvement.
Minuit succeeded.
3s under jitter 0.02 = 3.57626794712 with chi^2 414.662677151
Minuit succeeded.
3s under jitter 0.02 = 3.57760182789 with chi^2 413.415597673
Minuit succeeded.
3s under jitter 0.02 = 3.58574913096 with chi^2 414.701821348
Minuit succeeded.
3s under jitter 0.02 = 3.58726837937 with chi^2 413.412781548
Minuit succeeded.
3s under jitter 0.02 = 3.58814803124 with chi^2 412.151560046
VariableMetricBuilder: no improvement
VariableMetricBuilder: machine accuracy limits further improvement.
Minuit succeeded.
3s under jitter 0.02 = 3.58334367956 with chi^2 413.147312508
eigenvalues: 
-0.0436166
0.314603
0.710248
1
1
1
1
1.00014
1.00683
3.0118
matrix forced pos-def by adding 0.0466284 to diagonal
MnHesse: matrix is invalid!
MnHesse: matrix is not pos. def.!
MnHesse: matrix was forced pos. def.
FunctionMinimum is invalid.
Minuit failed because covariance is not accurate, and covariance is not positive definite.
3s under jitter 0.02 = 3.58313399923 with chi^2 411.677598205
Minuit succeeded.
3s under jitter 0.02 = 3.58412681932 with chi^2 411.438404336
VariableMetricBuilder: matrix not pos.def.
gdel > 0: 0.000406538
negative or zero diagonal element 0 in covariance matrix
negative or zero diagonal element 1 in covariance matrix
negative or zero diagonal element 2 in covariance matrix
negative or zero diagonal element 9 in covariance matrix
added 1.13301 to diagonal of error matrix
gdel: 0.000406538
Minuit succeeded.
3s under jitter 0.02 = 3.58159832861 with chi^2 411.027293647
eigenvalues: 
-0.0240027
0.316103
0.621159
1
1
1
1
1.00024
1.00708
3.07943
matrix forced pos-def by adding 0.0270821 to diagonal
MnHesse: matrix is invalid!
MnHesse: matrix is not pos. def.!
MnHesse: matrix was forced pos. def.
FunctionMinimum is invalid.
Minuit failed because covariance is not accurate, and covariance is not positive definite.
3s under jitter 0.02 = 3.58232325925 with chi^2 411.749189878
Minuit succeeded.
3s under jitter 0.02 = 3.58618870173 with chi^2 414.883772215
Minuit succeeded.
3s under jitter 0.02 = 3.58697145819 with chi^2 410.67971126
Minuit succeeded.
3s under jitter 0.02 = 3.58449085412 with chi^2 414.762537151
Minuit succeeded.
3s under jitter 0.02 = 3.57961060631 with chi^2 412.530712892
VariableMetricBuilder: no improvement
VariableMetricBuilder: machine accuracy limits further improvement.
Minuit succeeded.
3s under jitter 0.02 = 3.58587048709 with chi^2 412.689370486
Minuit succeeded.
3s under jitter 0.02 = 3.57765714404 with chi^2 410.288282766
eigenvalues: 
-0.140658
0.263489
0.593535
1
1
1
1
1.00057
1.03498
3.24809
matrix forced pos-def by adding 0.143906 to diagonal
MnHesse: matrix is invalid!
MnHesse: matrix is not pos. def.!
MnHesse: matrix was forced pos. def.
FunctionMinimum is invalid.
Minuit failed because covariance is not accurate, and covariance is not positive definite.
3s under jitter 0.02 = 3.58598219261 with chi^2 414.659884898
Minuit succeeded.
3s under jitter 0.02 = 3.58065474969 with chi^2 413.578987998
Minuit succeeded.
3s under jitter 0.02 = 3.57845833137 with chi^2 413.00901729
Minuit succeeded.
3s under jitter 0.02 = 3.56790283084 with chi^2 412.778180234
Minuit succeeded.
3s under jitter 0.02 = 3.58165008354 with chi^2 412.748017779
Minuit succeeded.
3s under jitter 0.02 = 3.58682436037 with chi^2 411.914101817
Minuit succeeded.
3s under jitter 0.02 = 3.58278005601 with chi^2 409.004371345
VariableMetricBuilder: no improvement
Minuit succeeded.
3s under jitter 0.02 = 3.58216221174 with chi^2 416.190974268
VariableMetricBuilder: no improvement
Minuit succeeded.
3s under jitter 0.02 = 3.5758598922 with chi^2 415.906113379
VariableMetricBuilder: no improvement
Minuit succeeded.
3s under jitter 0.02 = 3.58346779009 with chi^2 409.684513902
Minuit succeeded.
3s under jitter 0.02 = 3.5846255645 with chi^2 410.443201187
Minuit succeeded.
3s under jitter 0.02 = 3.58465140648 with chi^2 408.587830153
Minuit succeeded.
3s under jitter 0.02 = 3.58072101628 with chi^2 412.682579169
VariableMetricBuilder: no improvement
VariableMetricBuilder: machine accuracy limits further improvement.
Minuit succeeded.
3s under jitter 0.02 = 3.58261156403 with chi^2 410.4798308
VariableMetricBuilder: no improvement
VariableMetricBuilder: machine accuracy limits further improvement.
Minuit succeeded.
3s under jitter 0.02 = 3.58382768068 with chi^2 413.054789218
Minuit succeeded.
3s under jitter 0.02 = 3.58150273453 with chi^2 415.666712428
Minuit succeeded.
3s under jitter 0.02 = 3.57925183574 with chi^2 416.508002122
eigenvalues: 
-0.106405
0.276967
0.619393
1
1
1
1
1.00077
1.03359
3.17569
matrix forced pos-def by adding 0.109581 to diagonal
MnHesse: matrix is invalid!
MnHesse: matrix is not pos. def.!
MnHesse: matrix was forced pos. def.
FunctionMinimum is invalid.
Minuit failed because covariance is not accurate, and covariance is not positive definite.
3s under jitter 0.02 = 3.58268083935 with chi^2 416.169644993
eigenvalues: 
-0.0312678
0.31746
0.646479
1
1
1
1
1.0003
1.00366
3.06336
matrix forced pos-def by adding 0.0343311 to diagonal
MnHesse: matrix is invalid!
MnHesse: matrix is not pos. def.!
MnHesse: matrix was forced pos. def.
FunctionMinimum is invalid.
Minuit failed because covariance is not accurate, and covariance is not positive definite.
3s under jitter 0.02 = 3.58409247569 with chi^2 411.61405161
Minuit succeeded.
3s under jitter 0.02 = 3.58715142406 with chi^2 412.713178792
Minuit succeeded.
3s under jitter 0.02 = 3.58470608111 with chi^2 412.781128606
Minuit succeeded.
3s under jitter 0.02 = 3.58257501906 with chi^2 410.960745112
Minuit succeeded.
3s under jitter 0.02 = 3.58079405641 with chi^2 411.935298868
VariableMetricBuilder: no improvement
VariableMetricBuilder: machine accuracy limits further improvement.
Minuit succeeded.
3s under jitter 0.02 = 3.58258549174 with chi^2 410.18762174
Minuit succeeded.
3s under jitter 0.02 = 3.58395034989 with chi^2 412.840752665
Minuit succeeded.
3s under jitter 0.02 = 3.58334425028 with chi^2 411.78862242
Minuit succeeded.
3s under jitter 0.02 = 3.57617194304 with chi^2 411.964299263
Minuit succeeded.
3s under jitter 0.02 = 3.57942747774 with chi^2 412.265825913
Minuit succeeded.
3s under jitter 0.02 = 3.5758526374 with chi^2 411.874129063
VariableMetricBuilder: no improvement
VariableMetricBuilder: machine accuracy limits further improvement.
Minuit succeeded.
3s under jitter 0.02 = 3.57753761 with chi^2 414.227829463
VariableMetricBuilder: no improvement
Minuit succeeded.
3s under jitter 0.02 = 3.58318555307 with chi^2 411.359455432
eigenvalues: 
-0.0940523
0.29834
0.632606
1
1
1
1
1.00014
1.00518
3.15778
matrix forced pos-def by adding 0.0972101 to diagonal
MnHesse: matrix is invalid!
MnHesse: matrix is not pos. def.!
MnHesse: matrix was forced pos. def.
FunctionMinimum is invalid.
Minuit failed because covariance is not accurate, and covariance is not positive definite.
3s under jitter 0.02 = 3.57762606715 with chi^2 412.252649325
Minuit succeeded.
3s under jitter 0.02 = 3.58350552908 with chi^2 413.28622713
Minuit succeeded.
3s under jitter 0.02 = 3.5903410604 with chi^2 412.028043866
VariableMetricBuilder: no improvement
VariableMetricBuilder: machine accuracy limits further improvement.
Minuit succeeded.
3s under jitter 0.02 = 3.58013683742 with chi^2 412.195176074
Minuit succeeded.
3s under jitter 0.02 = 3.58063609714 with chi^2 410.670305009
Minuit succeeded.
3s under jitter 0.02 = 3.57887833619 with chi^2 413.800740295
Minuit succeeded.
3s under jitter 0.02 = 3.57917763439 with chi^2 411.249419185
eigenvalues: 
-0.00729471
0.315072
0.627577
1
1
1
1
1.00032
1.00651
3.05781
matrix forced pos-def by adding 0.0103525 to diagonal
MnHesse: matrix is invalid!
MnHesse: matrix is not pos. def.!
MnHesse: matrix was forced pos. def.
FunctionMinimum is invalid.
Minuit failed because covariance is not accurate, and covariance is not positive definite.
3s under jitter 0.02 = 3.58102312432 with chi^2 411.969472193
