VariableMetricBuilder: no improvement
VariableMetricBuilder: finishes without convergence.
VariableMetricBuilder: edm= 1.40863e+06 requested: 1e-05
eigenvalues: 
-2.51785
0.0864649
0.855105
1
1
1
1
1.07575
2.26785
4.23269
matrix forced pos-def by adding 2.52208 to diagonal
MnHesse: matrix is invalid!
MnHesse: matrix is not pos. def.!
MnHesse: matrix was forced pos. def.
FunctionMinimum is invalid.
Minuit failed because covariance is not accurate, covariance is not positive definite, and the function is above maximum EDM.
3s under jitter 1.0 = 3.58 with chi^2 18106.5318227
Minuit succeeded.
3s under jitter 1.0 = 5.97914713359 with chi^2 3944.72137413
Minuit succeeded.
3s under jitter 1.0 = 5.86927217391 with chi^2 2880.61345936
VariableMetricBuilder: no improvement
VariableMetricBuilder: machine accuracy limits further improvement.
Minuit succeeded.
3s under jitter 1.0 = 5.42174814488 with chi^2 2424.4621831
Minuit succeeded.
3s under jitter 1.0 = 5.29543000361 with chi^2 3019.90303538
Minuit succeeded.
3s under jitter 1.0 = 6.1224668628 with chi^2 3419.97831703
VariableMetricBuilder: matrix not pos.def.
gdel > 0: 6.60552e-05
negative or zero diagonal element 0 in covariance matrix
negative or zero diagonal element 1 in covariance matrix
added 1.00312 to diagonal of error matrix
gdel: 6.60552e-05
Minuit succeeded.
3s under jitter 1.0 = 5.48472423937 with chi^2 2456.36805225
Minuit succeeded.
3s under jitter 1.0 = 5.727083288 with chi^2 2897.73153732
Minuit succeeded.
3s under jitter 1.0 = 6.11231513854 with chi^2 3431.0218075
VariableMetricBuilder: no improvement
VariableMetricBuilder: machine accuracy limits further improvement.
Minuit succeeded.
3s under jitter 1.0 = 5.40025766636 with chi^2 2193.74606785
Minuit succeeded.
3s under jitter 1.0 = 5.43242879271 with chi^2 2216.60329723
VariableMetricBuilder: no improvement
VariableMetricBuilder: machine accuracy limits further improvement.
Minuit succeeded.
3s under jitter 1.0 = 5.37977983245 with chi^2 1967.60206687
Minuit succeeded.
3s under jitter 1.0 = 5.5382748651 with chi^2 2420.94871605
VariableMetricBuilder: no improvement
VariableMetricBuilder: finishes without convergence.
VariableMetricBuilder: edm= 416519 requested: 1e-05
eigenvalues: 
-1.33075
0.132403
0.819174
1
1
1
1
1.00659
2.33374
3.03884
matrix forced pos-def by adding 1.33378 to diagonal
MnHesse: matrix is invalid!
MnHesse: matrix is not pos. def.!
MnHesse: matrix was forced pos. def.
FunctionMinimum is invalid.
Minuit failed because covariance is not accurate, covariance is not positive definite, and the function is above maximum EDM.
3s under jitter 1.0 = 3.58 with chi^2 11115.8416743
VariableMetricBuilder: no improvement
VariableMetricBuilder: machine accuracy limits further improvement.
Minuit succeeded.
3s under jitter 1.0 = 8.07049390472 with chi^2 5399.7097069
Minuit succeeded.
3s under jitter 1.0 = 6.39857949846 with chi^2 3378.77034606
VariableMetricBuilder: no improvement
VariableMetricBuilder: finishes without convergence.
VariableMetricBuilder: edm= 3.48698e+06 requested: 1e-05
eigenvalues: 
-4.18044
0.0911918
0.872105
1
1
1
1
1.23938
1.97832
5.99945
matrix forced pos-def by adding 4.18644 to diagonal
MnHesse: matrix is invalid!
MnHesse: matrix is not pos. def.!
MnHesse: matrix was forced pos. def.
FunctionMinimum is invalid.
Minuit failed because covariance is not accurate, covariance is not positive definite, and the function is above maximum EDM.
3s under jitter 1.0 = 3.58 with chi^2 16883.7626102
Minuit succeeded.
3s under jitter 1.0 = 4.86317168956 with chi^2 1924.12620613
VariableMetricBuilder: no improvement
VariableMetricBuilder: finishes without convergence.
VariableMetricBuilder: edm= 4.44534e+06 requested: 1e-05
eigenvalues: 
-5.9014
0.134276
0.938824
1
1
1
1
1.02724
2.11017
7.6909
matrix forced pos-def by adding 5.9091 to diagonal
MnHesse: matrix is invalid!
MnHesse: matrix is not pos. def.!
MnHesse: matrix was forced pos. def.
FunctionMinimum is invalid.
Minuit failed because covariance is not accurate, covariance is not positive definite, and the function is above maximum EDM.
3s under jitter 1.0 = 3.58 with chi^2 16739.1755559
VariableMetricBuilder: no improvement
VariableMetricBuilder: finishes without convergence.
VariableMetricBuilder: edm= 244661 requested: 1e-05
eigenvalues: 
-0.546014
0.0828388
0.937279
1
1
1
1
1.11247
1.65128
2.76214
matrix forced pos-def by adding 0.548776 to diagonal
MnHesse: matrix is invalid!
MnHesse: matrix is not pos. def.!
MnHesse: matrix was forced pos. def.
FunctionMinimum is invalid.
Minuit failed because covariance is not accurate, covariance is not positive definite, and the function is above maximum EDM.
3s under jitter 1.0 = 3.58 with chi^2 11847.2916888
Minuit succeeded.
3s under jitter 1.0 = 6.45816298709 with chi^2 3293.39465199
Minuit succeeded.
3s under jitter 1.0 = 6.17852304018 with chi^2 4447.97369058
Minuit succeeded.
3s under jitter 1.0 = 5.09512212328 with chi^2 2220.77944547
Minuit succeeded.
3s under jitter 1.0 = 5.83904720268 with chi^2 3768.25742211
Minuit succeeded.
3s under jitter 1.0 = 5.66993704836 with chi^2 2536.22680875
Minuit succeeded.
3s under jitter 1.0 = 5.55460359297 with chi^2 3103.77706272
Minuit succeeded.
3s under jitter 1.0 = 6.05134336481 with chi^2 4273.41892886
Minuit succeeded.
3s under jitter 1.0 = 4.99489891453 with chi^2 1765.28800826
Minuit succeeded.
3s under jitter 1.0 = 5.48451485597 with chi^2 2880.1462293
Minuit succeeded.
3s under jitter 1.0 = 6.29592201504 with chi^2 3342.55470095
Minuit succeeded.
3s under jitter 1.0 = 6.41049964373 with chi^2 4331.54441376
Minuit succeeded.
3s under jitter 1.0 = 6.58795885814 with chi^2 4145.76600778
Minuit succeeded.
3s under jitter 1.0 = 5.30972962278 with chi^2 2692.32016927
VariableMetricBuilder: no improvement
VariableMetricBuilder: machine accuracy limits further improvement.
Minuit succeeded.
3s under jitter 1.0 = 5.27444062087 with chi^2 1857.50118757
Minuit succeeded.
3s under jitter 1.0 = 4.98670227555 with chi^2 2158.2682164
Minuit succeeded.
3s under jitter 1.0 = 5.73456946138 with chi^2 3039.18113756
Minuit succeeded.
3s under jitter 1.0 = 5.63830794849 with chi^2 3609.64722286
Minuit succeeded.
3s under jitter 1.0 = 5.6593614543 with chi^2 2648.34304906
Minuit succeeded.
3s under jitter 1.0 = 6.35941655074 with chi^2 3172.62778626
VariableMetricBuilder: no improvement
VariableMetricBuilder: machine accuracy limits further improvement.
Minuit succeeded.
3s under jitter 1.0 = 5.27562663507 with chi^2 2007.58116109
VariableMetricBuilder: no improvement
VariableMetricBuilder: finishes without convergence.
VariableMetricBuilder: edm= 0.000484624 requested: 1e-05
FunctionMinimum is invalid.
Minuit failed because the function is above maximum EDM.
3s under jitter 1.0 = 5.17924795721 with chi^2 2334.63923391
VariableMetricBuilder: no improvement
VariableMetricBuilder: machine accuracy limits further improvement.
Minuit succeeded.
3s under jitter 1.0 = 5.80443040788 with chi^2 3955.55608667
Minuit succeeded.
3s under jitter 1.0 = 6.35197565825 with chi^2 4061.59975813
Minuit succeeded.
3s under jitter 1.0 = 4.98985205307 with chi^2 2141.29956978
Minuit succeeded.
3s under jitter 1.0 = 7.44273150985 with chi^2 4874.39338327
Minuit succeeded.
3s under jitter 1.0 = 5.87143572133 with chi^2 3313.44100665
Minuit succeeded, but covariance is not accurate.
3s under jitter 1.0 = 4.76050998122 with chi^2 10490.0267321
Minuit succeeded.
3s under jitter 1.0 = 5.93300941637 with chi^2 3050.67062599
Minuit succeeded.
3s under jitter 1.0 = 4.95438859212 with chi^2 1592.41781817
Minuit succeeded.
3s under jitter 1.0 = 5.07068952613 with chi^2 1965.01955201
Minuit succeeded.
3s under jitter 1.0 = 5.9641398775 with chi^2 3041.85482196
VariableMetricBuilder: no improvement
VariableMetricBuilder: finishes without convergence.
VariableMetricBuilder: edm= 161.789 requested: 1e-05
MnHesse: 2nd derivative zero for parameter 3
MnHesse fails and will return diagonal matrix 
FunctionMinimum is invalid.
Minuit failed because covariance is not accurate, covariance is not positive definite, covariance couldn't be made positive definite, Minuit failed to calculate the Hessian, and the function is above maximum EDM.
3s under jitter 1.0 = 5.71668756208 with chi^2 11238.945495
Minuit succeeded.
3s under jitter 1.0 = 6.45958864111 with chi^2 3988.21428792
Minuit succeeded.
3s under jitter 1.0 = 5.35353319606 with chi^2 2429.83820047
Minuit succeeded.
3s under jitter 1.0 = 6.78065417153 with chi^2 4829.44993327
Minuit succeeded.
3s under jitter 1.0 = 6.78681829318 with chi^2 4204.23374179
Minuit succeeded.
3s under jitter 1.0 = 5.63247922002 with chi^2 3631.14565803
Minuit succeeded.
3s under jitter 1.0 = 7.02281825935 with chi^2 4615.48364705
Minuit succeeded.
3s under jitter 1.0 = 5.80747889208 with chi^2 2453.53591371
Minuit succeeded.
3s under jitter 1.0 = 6.18305479174 with chi^2 3117.26268192
VariableMetricBuilder: no improvement
VariableMetricBuilder: machine accuracy limits further improvement.
Minuit succeeded.
3s under jitter 1.0 = 8.21486084074 with chi^2 5287.58986651
VariableMetricBuilder: matrix not pos.def.
edm < 0
negative or zero diagonal element 1 in covariance matrix
added 1.00024 to diagonal of error matrix
Minuit succeeded.
3s under jitter 1.0 = 5.4449891822 with chi^2 2042.29538474
Minuit succeeded.
3s under jitter 1.0 = 5.91861815829 with chi^2 2860.74297567
Minuit succeeded.
3s under jitter 1.0 = 6.37253614537 with chi^2 3983.05157825
Minuit succeeded.
3s under jitter 1.0 = 7.26174025873 with chi^2 5087.08390907
Minuit succeeded.
3s under jitter 1.0 = 6.02002815896 with chi^2 2805.10669867
VariableMetricBuilder: no improvement
VariableMetricBuilder: finishes without convergence.
VariableMetricBuilder: edm= 0.000327411 requested: 1e-05
FunctionMinimum is invalid.
Minuit failed because the function is above maximum EDM.
3s under jitter 1.0 = 5.2347491269 with chi^2 1833.77929804
VariableMetricBuilder: no improvement
VariableMetricBuilder: finishes without convergence.
VariableMetricBuilder: edm= 218823 requested: 1e-05
eigenvalues: 
-0.457028
0.116569
0.899102
1
1
1
1
1.10544
1.92233
2.41359
matrix forced pos-def by adding 0.459442 to diagonal
MnHesse: matrix is invalid!
MnHesse: matrix is not pos. def.!
MnHesse: matrix was forced pos. def.
FunctionMinimum is invalid.
Minuit failed because covariance is not accurate, covariance is not positive definite, and the function is above maximum EDM.
3s under jitter 1.0 = 3.58 with chi^2 14644.1043251
VariableMetricBuilder: no improvement
VariableMetricBuilder: finishes without convergence.
VariableMetricBuilder: edm= 348946 requested: 1e-05
eigenvalues: 
-0.999023
0.114814
0.928067
1
1
1
1
1.02084
2.2734
2.66189
matrix forced pos-def by adding 1.00168 to diagonal
MnHesse: matrix is invalid!
MnHesse: matrix is not pos. def.!
MnHesse: matrix was forced pos. def.
FunctionMinimum is invalid.
Minuit failed because covariance is not accurate, covariance is not positive definite, and the function is above maximum EDM.
3s under jitter 1.0 = 3.58 with chi^2 13040.7024967
Minuit succeeded.
3s under jitter 1.0 = 4.83312269485 with chi^2 1613.15896863
VariableMetricBuilder: matrix not pos.def.
gdel > 0: 0.000324138
negative or zero diagonal element 0 in covariance matrix
negative or zero diagonal element 1 in covariance matrix
negative or zero diagonal element 5 in covariance matrix
negative or zero diagonal element 8 in covariance matrix
added 1.01525 to diagonal of error matrix
gdel: 0.000324138
/nfs/sge/root/default/spool/lnx187/job_scripts/814414: line 7: 27198 CPU time limit exceeded /nfs/cleo3/Offline/rel/current/other_sources/python/bin/python2.4 jitter/jitter3s.py 1.00
