Minuit succeeded.
3s under jitter 0.04 = 3.61230737788 with chi^2 415.610019816
VariableMetricBuilder: matrix not pos.def.
gdel > 0: 8.41406e-06
negative or zero diagonal element 0 in covariance matrix
negative or zero diagonal element 1 in covariance matrix
added 1.00124 to diagonal of error matrix
gdel: 8.41406e-06
Minuit succeeded.
3s under jitter 0.04 = 3.59231609508 with chi^2 409.913278302
VariableMetricBuilder: no improvement
Minuit succeeded.
3s under jitter 0.04 = 3.58831220102 with chi^2 412.987667472
Minuit succeeded.
3s under jitter 0.04 = 3.59442385338 with chi^2 411.998477645
Minuit succeeded.
3s under jitter 0.04 = 3.57685539395 with chi^2 412.247552179
Minuit succeeded.
3s under jitter 0.04 = 3.57259638197 with chi^2 413.820612362
Minuit succeeded.
3s under jitter 0.04 = 3.59364354153 with chi^2 410.996828386
Minuit succeeded.
3s under jitter 0.04 = 3.59623797192 with chi^2 411.134845249
Minuit succeeded.
3s under jitter 0.04 = 3.58633950727 with chi^2 410.703534425
Minuit succeeded.
3s under jitter 0.04 = 3.59086537724 with chi^2 417.321722769
VariableMetricBuilder: matrix not pos.def.
gdel > 0: 0.226808
negative or zero diagonal element 0 in covariance matrix
negative or zero diagonal element 1 in covariance matrix
negative or zero diagonal element 2 in covariance matrix
negative or zero diagonal element 3 in covariance matrix
negative or zero diagonal element 4 in covariance matrix
negative or zero diagonal element 5 in covariance matrix
negative or zero diagonal element 6 in covariance matrix
negative or zero diagonal element 7 in covariance matrix
negative or zero diagonal element 8 in covariance matrix
negative or zero diagonal element 9 in covariance matrix
added 304.843 to diagonal of error matrix
eigenvalues: 
-3.84128
1
1.00046
1.00094
1.0044
1.00705
1.01005
1.01756
1.01995
5.78087
matrix forced pos-def by adding 3.84706 to diagonal
gdel: -694.354
VariableMetricBuilder: no improvement
VariableMetricBuilder: finishes without convergence.
VariableMetricBuilder: edm= 0.00070513 requested: 1e-05
FunctionMinimum is invalid.
Minuit failed because the function is above maximum EDM.
3s under jitter 0.04 = 3.5893462727 with chi^2 412.225035472
Minuit succeeded.
3s under jitter 0.04 = 3.59146863014 with chi^2 409.59648468
Minuit succeeded.
3s under jitter 0.04 = 3.58312689553 with chi^2 409.046971818
VariableMetricBuilder: matrix not pos.def.
gdel > 0: 8.69591e-06
negative or zero diagonal element 0 in covariance matrix
negative or zero diagonal element 1 in covariance matrix
added 1.00091 to diagonal of error matrix
gdel: 8.69591e-06
Minuit succeeded.
3s under jitter 0.04 = 3.58756392867 with chi^2 410.699177414
Minuit succeeded.
3s under jitter 0.04 = 3.58659185406 with chi^2 411.569869213
eigenvalues: 
-0.0127423
0.319588
0.658804
1
1
1
1
1.00011
1.00436
3.02988
matrix forced pos-def by adding 0.0157722 to diagonal
MnHesse: matrix is invalid!
MnHesse: matrix is not pos. def.!
MnHesse: matrix was forced pos. def.
FunctionMinimum is invalid.
Minuit failed because covariance is not accurate, and covariance is not positive definite.
3s under jitter 0.04 = 3.60106816283 with chi^2 415.435432517
Minuit succeeded.
3s under jitter 0.04 = 3.58869652381 with chi^2 411.888289192
eigenvalues: 
-0.0198927
0.315503
0.71283
1
1
1
1
1.00033
1.00679
2.98444
matrix forced pos-def by adding 0.0228772 to diagonal
MnHesse: matrix is invalid!
MnHesse: matrix is not pos. def.!
MnHesse: matrix was forced pos. def.
FunctionMinimum is invalid.
Minuit failed because covariance is not accurate, and covariance is not positive definite.
3s under jitter 0.04 = 3.57498729678 with chi^2 416.557290772
Minuit succeeded.
3s under jitter 0.04 = 3.58087075058 with chi^2 413.250883553
eigenvalues: 
-0.0096774
0.319045
0.610166
1
1
1
1
1.00005
1.00847
3.07195
matrix forced pos-def by adding 0.0127493 to diagonal
MnHesse: matrix is invalid!
MnHesse: matrix is not pos. def.!
MnHesse: matrix was forced pos. def.
FunctionMinimum is invalid.
Minuit failed because covariance is not accurate, and covariance is not positive definite.
3s under jitter 0.04 = 3.5741328142 with chi^2 414.779973349
Minuit succeeded.
3s under jitter 0.04 = 3.57863215511 with chi^2 415.93432915
Minuit succeeded.
3s under jitter 0.04 = 3.58960664679 with chi^2 410.019644985
Minuit succeeded.
3s under jitter 0.04 = 3.575150505 with chi^2 413.080240363
eigenvalues: 
-0.104379
0.298921
0.61724
1
1
1
1
1.00032
1.01164
3.17625
matrix forced pos-def by adding 0.107556 to diagonal
MnHesse: matrix is invalid!
MnHesse: matrix is not pos. def.!
MnHesse: matrix was forced pos. def.
FunctionMinimum is invalid.
Minuit failed because covariance is not accurate, and covariance is not positive definite.
3s under jitter 0.04 = 3.57727868152 with chi^2 411.736114886
VariableMetricBuilder: no improvement
VariableMetricBuilder: machine accuracy limits further improvement.
Minuit succeeded.
3s under jitter 0.04 = 3.58233431981 with chi^2 414.094499448
eigenvalues: 
-0.0157705
0.319312
0.713553
1
1
1
1
1.00031
1.00777
2.97483
matrix forced pos-def by adding 0.0187454 to diagonal
MnHesse: matrix is invalid!
MnHesse: matrix is not pos. def.!
MnHesse: matrix was forced pos. def.
FunctionMinimum is invalid.
Minuit failed because covariance is not accurate, and covariance is not positive definite.
3s under jitter 0.04 = 3.58605305137 with chi^2 421.074957045
Minuit succeeded.
3s under jitter 0.04 = 3.5846101771 with chi^2 421.438798844
eigenvalues: 
-0.0697879
0.290874
0.587595
1
1
1
1
1.0004
1.0142
3.17672
matrix forced pos-def by adding 0.0729646 to diagonal
MnHesse: matrix is invalid!
MnHesse: matrix is not pos. def.!
MnHesse: matrix was forced pos. def.
FunctionMinimum is invalid.
Minuit failed because covariance is not accurate, and covariance is not positive definite.
3s under jitter 0.04 = 3.5911707066 with chi^2 408.370460506
Minuit succeeded.
3s under jitter 0.04 = 3.58315449614 with chi^2 409.627793499
Minuit succeeded.
3s under jitter 0.04 = 3.59979080988 with chi^2 427.098657016
VariableMetricBuilder: no improvement
Minuit succeeded.
3s under jitter 0.04 = 3.58030939405 with chi^2 408.262123313
VariableMetricBuilder: no improvement
VariableMetricBuilder: machine accuracy limits further improvement.
eigenvalues: 
-0.00907183
0.324665
0.69849
1
1
1
1
1.00017
1.00582
2.97993
matrix forced pos-def by adding 0.0120518 to diagonal
MnHesse: matrix is invalid!
MnHesse: matrix is not pos. def.!
MnHesse: matrix was forced pos. def.
FunctionMinimum is invalid.
Minuit failed because covariance is not accurate, and covariance is not positive definite.
3s under jitter 0.04 = 3.58953542993 with chi^2 413.033066173
VariableMetricBuilder: no improvement
VariableMetricBuilder: machine accuracy limits further improvement.
Minuit succeeded.
3s under jitter 0.04 = 3.56324918108 with chi^2 417.530242919
Minuit succeeded.
3s under jitter 0.04 = 3.59773733398 with chi^2 413.639119392
eigenvalues: 
-0.131187
0.297483
0.73551
1
1
1
1
1.00014
1.01561
3.08245
matrix forced pos-def by adding 0.13427 to diagonal
MnHesse: matrix is invalid!
MnHesse: matrix is not pos. def.!
MnHesse: matrix was forced pos. def.
FunctionMinimum is invalid.
Minuit failed because covariance is not accurate, and covariance is not positive definite.
3s under jitter 0.04 = 3.58029965391 with chi^2 411.586626354
Minuit succeeded.
3s under jitter 0.04 = 3.59584820757 with chi^2 412.325777155
Minuit succeeded.
3s under jitter 0.04 = 3.59962153785 with chi^2 411.630151411
eigenvalues: 
-0.0809074
0.307553
0.731161
1
1
1
1
1.00013
1.01075
3.03131
matrix forced pos-def by adding 0.0839387 to diagonal
MnHesse: matrix is invalid!
MnHesse: matrix is not pos. def.!
MnHesse: matrix was forced pos. def.
FunctionMinimum is invalid.
Minuit failed because covariance is not accurate, and covariance is not positive definite.
3s under jitter 0.04 = 3.58277312482 with chi^2 415.975468343
eigenvalues: 
-0.0101504
0.324468
0.653379
1
1
1
1
1.00023
1.00602
3.02605
matrix forced pos-def by adding 0.0131765 to diagonal
MnHesse: matrix is invalid!
MnHesse: matrix is not pos. def.!
MnHesse: matrix was forced pos. def.
FunctionMinimum is invalid.
Minuit failed because covariance is not accurate, and covariance is not positive definite.
3s under jitter 0.04 = 3.58654264423 with chi^2 416.60298457
Minuit succeeded.
3s under jitter 0.04 = 3.59073222206 with chi^2 408.185521489
Minuit succeeded.
3s under jitter 0.04 = 3.57726969488 with chi^2 413.056217161
eigenvalues: 
-0.0346937
0.318128
0.6898
1
1
1
1
1.00031
1.00751
3.01895
matrix forced pos-def by adding 0.0377126 to diagonal
MnHesse: matrix is invalid!
MnHesse: matrix is not pos. def.!
MnHesse: matrix was forced pos. def.
FunctionMinimum is invalid.
Minuit failed because covariance is not accurate, and covariance is not positive definite.
3s under jitter 0.04 = 3.57461867043 with chi^2 411.401125435
Minuit succeeded.
3s under jitter 0.04 = 3.58402248365 with chi^2 412.650725283
Minuit succeeded.
3s under jitter 0.04 = 3.56985817953 with chi^2 414.474632677
Minuit succeeded.
3s under jitter 0.04 = 3.59731140203 with chi^2 417.67204596
Minuit succeeded.
3s under jitter 0.04 = 3.58984150174 with chi^2 410.981426727
Minuit succeeded.
3s under jitter 0.04 = 3.58413172317 with chi^2 415.457062031
Minuit succeeded.
3s under jitter 0.04 = 3.58269252825 with chi^2 414.388217286
Minuit succeeded.
3s under jitter 0.04 = 3.58224743426 with chi^2 412.320872061
VariableMetricBuilder: no improvement
VariableMetricBuilder: machine accuracy limits further improvement.
Minuit succeeded.
3s under jitter 0.04 = 3.58057890862 with chi^2 415.271706216
Minuit succeeded.
3s under jitter 0.04 = 3.59299551126 with chi^2 418.435837581
eigenvalues: 
-0.51474
0.245076
0.541084
1
1
1
1
1.00032
1.05301
3.67525
matrix forced pos-def by adding 0.518415 to diagonal
MnHesse: matrix is invalid!
MnHesse: matrix is not pos. def.!
MnHesse: matrix was forced pos. def.
FunctionMinimum is invalid.
Minuit failed because covariance is not accurate, and covariance is not positive definite.
3s under jitter 0.04 = 3.59895001496 with chi^2 410.856168565
Minuit succeeded.
3s under jitter 0.04 = 3.58240289781 with chi^2 414.917587509
Minuit succeeded.
3s under jitter 0.04 = 3.58802298947 with chi^2 417.762370476
Minuit succeeded.
3s under jitter 0.04 = 3.57641117531 with chi^2 412.392760908
Minuit succeeded.
3s under jitter 0.04 = 3.59198067059 with chi^2 413.826031721
Minuit succeeded.
3s under jitter 0.04 = 3.57974956357 with chi^2 412.697379439
Minuit succeeded.
3s under jitter 0.04 = 3.57276196755 with chi^2 417.242679312
Minuit succeeded.
3s under jitter 0.04 = 3.58171468879 with chi^2 412.318293133
Minuit succeeded.
3s under jitter 0.04 = 3.59104332453 with chi^2 424.298496374
Minuit succeeded.
3s under jitter 0.04 = 3.59290374859 with chi^2 420.195842911
Minuit succeeded.
3s under jitter 0.04 = 3.56610877149 with chi^2 412.189169856
Minuit succeeded.
3s under jitter 0.04 = 3.58800783511 with chi^2 410.160703701
VariableMetricBuilder: no improvement
VariableMetricBuilder: machine accuracy limits further improvement.
Minuit succeeded.
3s under jitter 0.04 = 3.58403307538 with chi^2 409.574871201
Minuit succeeded.
3s under jitter 0.04 = 3.58628302899 with chi^2 411.906357991
Minuit succeeded.
3s under jitter 0.04 = 3.58446597338 with chi^2 413.916342801
Minuit succeeded.
3s under jitter 0.04 = 3.579908094 with chi^2 411.454298835
Minuit succeeded.
3s under jitter 0.04 = 3.58884481303 with chi^2 417.62931566
eigenvalues: 
-0.0187368
0.317219
0.597785
1
1
1
1
1.00016
1.00547
3.0981
matrix forced pos-def by adding 0.0218349 to diagonal
MnHesse: matrix is invalid!
MnHesse: matrix is not pos. def.!
MnHesse: matrix was forced pos. def.
FunctionMinimum is invalid.
Minuit failed because covariance is not accurate, and covariance is not positive definite.
3s under jitter 0.04 = 3.60642555107 with chi^2 414.331985033
Minuit succeeded.
3s under jitter 0.04 = 3.57919653252 with chi^2 409.873269161
Minuit succeeded.
3s under jitter 0.04 = 3.57443295513 with chi^2 410.995025238
Minuit succeeded.
3s under jitter 0.04 = 3.5759562905 with chi^2 410.863921278
Minuit succeeded.
3s under jitter 0.04 = 3.55462725877 with chi^2 418.612696888
Minuit succeeded.
3s under jitter 0.04 = 3.59253868877 with chi^2 410.968880016
Minuit succeeded.
3s under jitter 0.04 = 3.59174767539 with chi^2 411.902444397
Minuit succeeded.
3s under jitter 0.04 = 3.58125869038 with chi^2 419.036501137
Minuit succeeded.
3s under jitter 0.04 = 3.58992547948 with chi^2 414.367145814
VariableMetricBuilder: no improvement
Minuit succeeded.
3s under jitter 0.04 = 3.59746548277 with chi^2 408.681416913
VariableMetricBuilder: matrix not pos.def.
gdel > 0: 0.000124835
negative or zero diagonal element 0 in covariance matrix
negative or zero diagonal element 1 in covariance matrix
negative or zero diagonal element 6 in covariance matrix
added 1.04257 to diagonal of error matrix
gdel: 0.000124835
Minuit succeeded.
3s under jitter 0.04 = 3.58611765461 with chi^2 412.508508741
Minuit succeeded.
3s under jitter 0.04 = 3.59051363824 with chi^2 412.367185987
Minuit succeeded.
3s under jitter 0.04 = 3.60235811377 with chi^2 414.543725979
Minuit succeeded.
3s under jitter 0.04 = 3.59473577549 with chi^2 420.667809864
Minuit succeeded.
3s under jitter 0.04 = 3.58507332801 with chi^2 415.554444463
eigenvalues: 
-0.0420455
0.311362
0.616758
1
1
1
1
1.00022
1.00508
3.10862
matrix forced pos-def by adding 0.0451541 to diagonal
MnHesse: matrix is invalid!
MnHesse: matrix is not pos. def.!
MnHesse: matrix was forced pos. def.
FunctionMinimum is invalid.
Minuit failed because covariance is not accurate, and covariance is not positive definite.
3s under jitter 0.04 = 3.5962103768 with chi^2 414.37187456
Minuit succeeded.
3s under jitter 0.04 = 3.59464004003 with chi^2 420.888986015
Minuit succeeded.
3s under jitter 0.04 = 3.59213425894 with chi^2 414.403949589
Minuit succeeded.
3s under jitter 0.04 = 3.59780542453 with chi^2 420.937711764
eigenvalues: 
-0.0102281
0.318608
0.695785
1
1
1
1
1.00048
1.0071
2.98825
matrix forced pos-def by adding 0.0132164 to diagonal
MnHesse: matrix is invalid!
MnHesse: matrix is not pos. def.!
MnHesse: matrix was forced pos. def.
FunctionMinimum is invalid.
Minuit failed because covariance is not accurate, and covariance is not positive definite.
3s under jitter 0.04 = 3.57932798395 with chi^2 414.416944464
Minuit succeeded.
3s under jitter 0.04 = 3.58310082754 with chi^2 408.320444191
Minuit succeeded.
3s under jitter 0.04 = 3.57355107033 with chi^2 415.012989746
Minuit succeeded.
3s under jitter 0.04 = 3.57753149895 with chi^2 411.497709049
Minuit succeeded.
3s under jitter 0.04 = 3.61610375375 with chi^2 429.213661408
VariableMetricBuilder: no improvement
VariableMetricBuilder: machine accuracy limits further improvement.
Minuit succeeded.
3s under jitter 0.04 = 3.57868985475 with chi^2 411.932208868
Minuit succeeded.
3s under jitter 0.04 = 3.59157458613 with chi^2 411.645873038
Minuit succeeded.
3s under jitter 0.04 = 3.57898752984 with chi^2 419.821208032
Minuit succeeded.
3s under jitter 0.04 = 3.58457371843 with chi^2 419.274109314
Minuit succeeded.
3s under jitter 0.04 = 3.58312345844 with chi^2 410.96556638
Minuit succeeded.
3s under jitter 0.04 = 3.61273657902 with chi^2 414.64591432
Minuit succeeded.
3s under jitter 0.04 = 3.58159615057 with chi^2 413.410283398
Minuit succeeded.
3s under jitter 0.04 = 3.5799432334 with chi^2 412.218893038
