Minuit succeeded.
3s under jitter 0.18 = 3.65799716279 with chi^2 455.474374763
Minuit succeeded.
3s under jitter 0.18 = 3.6519053512 with chi^2 444.63150501
Minuit succeeded.
3s under jitter 0.18 = 3.66412300478 with chi^2 486.768578051
eigenvalues: 
-0.00576458
0.32712
0.614611
1
1
1
1
1.00033
1.00887
3.05483
matrix forced pos-def by adding 0.00881941 to diagonal
MnHesse: matrix is invalid!
MnHesse: matrix is not pos. def.!
MnHesse: matrix was forced pos. def.
FunctionMinimum is invalid.
Minuit failed because covariance is not accurate, and covariance is not positive definite.
3s under jitter 0.18 = 3.6754184719 with chi^2 457.824231765
Minuit succeeded.
3s under jitter 0.18 = 3.6184435927 with chi^2 425.903069949
eigenvalues: 
-0.00553188
0.285935
0.460104
1
1
1
1
1.00012
1.0043
3.25507
matrix forced pos-def by adding 0.00878695 to diagonal
MnHesse: matrix is invalid!
MnHesse: matrix is not pos. def.!
MnHesse: matrix was forced pos. def.
FunctionMinimum is invalid.
Minuit failed because covariance is not accurate, and covariance is not positive definite.
3s under jitter 0.18 = 3.62925384858 with chi^2 491.753327134
Minuit succeeded.
3s under jitter 0.18 = 3.70461574903 with chi^2 467.29143221
eigenvalues: 
-0.0142205
0.313574
0.630946
1
1
1
1
1.00018
1.01467
3.05485
matrix forced pos-def by adding 0.0172754 to diagonal
MnHesse: matrix is invalid!
MnHesse: matrix is not pos. def.!
MnHesse: matrix was forced pos. def.
FunctionMinimum is invalid.
Minuit failed because covariance is not accurate, and covariance is not positive definite.
3s under jitter 0.18 = 3.66635556577 with chi^2 482.862718302
Minuit succeeded.
3s under jitter 0.18 = 3.70323392657 with chi^2 570.618683963
Minuit succeeded.
3s under jitter 0.18 = 3.64686976047 with chi^2 425.43571352
Minuit succeeded.
3s under jitter 0.18 = 3.66642539831 with chi^2 447.540349686
Minuit succeeded.
3s under jitter 0.18 = 3.68437448271 with chi^2 433.245711146
Minuit succeeded.
3s under jitter 0.18 = 3.540903286 with chi^2 499.882400442
Minuit succeeded.
3s under jitter 0.18 = 3.72564606492 with chi^2 442.864010848
Minuit succeeded.
3s under jitter 0.18 = 3.59914140431 with chi^2 439.580601483
Minuit succeeded.
3s under jitter 0.18 = 3.79892412001 with chi^2 504.322527034
eigenvalues: 
-0.39169
0.201572
0.463407
1
1
1
1
1.00025
1.0676
3.65885
matrix forced pos-def by adding 0.395348 to diagonal
MnHesse: matrix is invalid!
MnHesse: matrix is not pos. def.!
MnHesse: matrix was forced pos. def.
FunctionMinimum is invalid.
Minuit failed because covariance is not accurate, and covariance is not positive definite.
3s under jitter 0.18 = 3.68386588062 with chi^2 437.878492766
Minuit succeeded.
3s under jitter 0.18 = 3.61223263434 with chi^2 449.490034313
Minuit succeeded.
3s under jitter 0.18 = 3.66304552683 with chi^2 465.748915826
Minuit succeeded.
3s under jitter 0.18 = 3.69431681086 with chi^2 464.752159829
Minuit succeeded.
3s under jitter 0.18 = 3.60645787523 with chi^2 437.714729377
Minuit succeeded.
3s under jitter 0.18 = 3.87871518657 with chi^2 611.659519075
Minuit succeeded.
3s under jitter 0.18 = 3.58231571491 with chi^2 422.566344354
Minuit succeeded.
3s under jitter 0.18 = 3.59598013487 with chi^2 503.262515196
Minuit succeeded.
3s under jitter 0.18 = 3.63393446888 with chi^2 436.938574724
Minuit succeeded.
3s under jitter 0.18 = 3.59658427347 with chi^2 431.489156064
Minuit succeeded.
3s under jitter 0.18 = 3.80106639233 with chi^2 727.186436243
Minuit succeeded.
3s under jitter 0.18 = 3.67994778228 with chi^2 428.469486107
eigenvalues: 
-0.0264015
0.302996
0.600014
1
1
1
1
1.00039
1.01101
3.11199
matrix forced pos-def by adding 0.0295135 to diagonal
MnHesse: matrix is invalid!
MnHesse: matrix is not pos. def.!
MnHesse: matrix was forced pos. def.
FunctionMinimum is invalid.
Minuit failed because covariance is not accurate, and covariance is not positive definite.
3s under jitter 0.18 = 3.6020521957 with chi^2 430.228415507
Minuit succeeded.
3s under jitter 0.18 = 3.62307832704 with chi^2 455.851223423
Minuit succeeded.
3s under jitter 0.18 = 3.58992065408 with chi^2 422.011733553
Minuit succeeded.
3s under jitter 0.18 = 3.73200498561 with chi^2 546.395738954
Minuit succeeded.
3s under jitter 0.18 = 3.75062836794 with chi^2 459.661490695
Minuit succeeded.
3s under jitter 0.18 = 3.63017904745 with chi^2 442.494313441
Minuit succeeded.
3s under jitter 0.18 = 3.68528663867 with chi^2 443.316935724
Minuit succeeded.
3s under jitter 0.18 = 3.70918653563 with chi^2 473.521996616
Minuit succeeded.
3s under jitter 0.18 = 3.57710199578 with chi^2 436.900740303
Minuit succeeded.
3s under jitter 0.18 = 3.63671158254 with chi^2 502.751189634
Minuit succeeded.
3s under jitter 0.18 = 3.63557645536 with chi^2 447.290596277
Minuit succeeded.
3s under jitter 0.18 = 3.69340776021 with chi^2 541.601391382
Minuit succeeded.
3s under jitter 0.18 = 3.63376675756 with chi^2 480.63793439
Minuit succeeded.
3s under jitter 0.18 = 3.70033021214 with chi^2 455.725096181
Minuit succeeded.
3s under jitter 0.18 = 3.64852364809 with chi^2 435.971039955
Minuit succeeded.
3s under jitter 0.18 = 3.6224737626 with chi^2 431.925769149
eigenvalues: 
-0.013033
0.326026
0.672743
1
1
1
1
1.00047
1.00249
3.01131
matrix forced pos-def by adding 0.0160443 to diagonal
MnHesse: matrix is invalid!
MnHesse: matrix is not pos. def.!
MnHesse: matrix was forced pos. def.
FunctionMinimum is invalid.
Minuit failed because covariance is not accurate, and covariance is not positive definite.
3s under jitter 0.18 = 3.65239992091 with chi^2 437.805007881
Minuit succeeded.
3s under jitter 0.18 = 3.62329907563 with chi^2 425.756080963
Minuit succeeded.
3s under jitter 0.18 = 3.64569200704 with chi^2 425.088087065
eigenvalues: 
-0.0183017
0.325142
0.625991
1
1
1
1
1.00021
1.00519
3.06177
matrix forced pos-def by adding 0.0213635 to diagonal
MnHesse: matrix is invalid!
MnHesse: matrix is not pos. def.!
MnHesse: matrix was forced pos. def.
FunctionMinimum is invalid.
Minuit failed because covariance is not accurate, and covariance is not positive definite.
3s under jitter 0.18 = 3.59304513983 with chi^2 419.819771313
Minuit succeeded.
3s under jitter 0.18 = 3.66561339702 with chi^2 473.373204379
Minuit succeeded.
3s under jitter 0.18 = 3.67180847325 with chi^2 480.894385862
VariableMetricBuilder: matrix not pos.def.
gdel > 0: 3.54177e-05
negative or zero diagonal element 0 in covariance matrix
negative or zero diagonal element 1 in covariance matrix
negative or zero diagonal element 6 in covariance matrix
added 1.10257 to diagonal of error matrix
gdel: 3.54177e-05
Minuit succeeded.
3s under jitter 0.18 = 3.58203868415 with chi^2 419.351458123
Minuit succeeded.
3s under jitter 0.18 = 3.61911506301 with chi^2 436.512340284
Minuit succeeded.
3s under jitter 0.18 = 3.63814817072 with chi^2 429.648317184
Minuit succeeded.
3s under jitter 0.18 = 3.63732321216 with chi^2 432.318386899
Minuit succeeded.
3s under jitter 0.18 = 3.65397457053 with chi^2 438.80490797
Minuit succeeded.
3s under jitter 0.18 = 3.6503440009 with chi^2 499.467059385
eigenvalues: 
-0.00322644
0.320907
0.513613
1
1
1
1
1.00027
1.00312
3.16531
matrix forced pos-def by adding 0.00639174 to diagonal
MnHesse: matrix is invalid!
MnHesse: matrix is not pos. def.!
MnHesse: matrix was forced pos. def.
FunctionMinimum is invalid.
Minuit failed because covariance is not accurate, and covariance is not positive definite.
3s under jitter 0.18 = 3.72038136125 with chi^2 497.064067576
Minuit succeeded.
3s under jitter 0.18 = 3.60677068657 with chi^2 418.334713376
Minuit succeeded.
3s under jitter 0.18 = 3.62373023304 with chi^2 469.143746444
eigenvalues: 
-0.000295271
0.317955
0.595575
1
1
1
1
1.00024
1.00722
3.07931
matrix forced pos-def by adding 0.00337458 to diagonal
MnHesse: matrix is invalid!
MnHesse: matrix is not pos. def.!
MnHesse: matrix was forced pos. def.
FunctionMinimum is invalid.
Minuit failed because covariance is not accurate, and covariance is not positive definite.
3s under jitter 0.18 = 3.67807279143 with chi^2 477.366918028
Minuit succeeded.
3s under jitter 0.18 = 3.67429519374 with chi^2 439.189525803
Minuit succeeded.
3s under jitter 0.18 = 3.61914989504 with chi^2 434.835519316
Minuit succeeded.
3s under jitter 0.18 = 3.61124673857 with chi^2 419.701863897
Minuit succeeded.
3s under jitter 0.18 = 3.65017784232 with chi^2 454.483889
Minuit succeeded.
3s under jitter 0.18 = 3.5995428077 with chi^2 434.481364205
Minuit succeeded.
3s under jitter 0.18 = 3.65985361834 with chi^2 501.602299169
Minuit succeeded.
3s under jitter 0.18 = 3.73354729206 with chi^2 458.335047805
Minuit succeeded.
3s under jitter 0.18 = 3.65526506804 with chi^2 441.493405356
Minuit succeeded.
3s under jitter 0.18 = 3.69549525279 with chi^2 447.459033507
Minuit succeeded.
3s under jitter 0.18 = 3.70275344239 with chi^2 511.865725464
Minuit succeeded.
3s under jitter 0.18 = 3.61518807477 with chi^2 432.021753459
eigenvalues: 
-0.0153639
0.326636
0.719232
1
1
1
1
1.00028
1.00329
2.96592
matrix forced pos-def by adding 0.0183298 to diagonal
MnHesse: matrix is invalid!
MnHesse: matrix is not pos. def.!
MnHesse: matrix was forced pos. def.
FunctionMinimum is invalid.
Minuit failed because covariance is not accurate, and covariance is not positive definite.
3s under jitter 0.18 = 3.63320920463 with chi^2 462.115375743
Minuit succeeded.
3s under jitter 0.18 = 3.62488799493 with chi^2 459.256516279
Minuit succeeded.
3s under jitter 0.18 = 3.5605203975 with chi^2 428.289872778
eigenvalues: 
-0.0166358
0.321255
0.566078
1
1
1
1
1.00013
1.01113
3.11804
matrix forced pos-def by adding 0.0197539 to diagonal
MnHesse: matrix is invalid!
MnHesse: matrix is not pos. def.!
MnHesse: matrix was forced pos. def.
FunctionMinimum is invalid.
Minuit failed because covariance is not accurate, and covariance is not positive definite.
3s under jitter 0.18 = 3.73370842491 with chi^2 463.627585798
VariableMetricBuilder: no improvement
VariableMetricBuilder: machine accuracy limits further improvement.
Minuit succeeded.
3s under jitter 0.18 = 3.65361791991 with chi^2 459.772778107
Minuit succeeded.
3s under jitter 0.18 = 3.97750495984 with chi^2 726.401577239
Minuit succeeded.
3s under jitter 0.18 = 3.74195875608 with chi^2 474.694287196
Minuit succeeded.
3s under jitter 0.18 = 3.73558749357 with chi^2 445.005127583
VariableMetricBuilder: no improvement
VariableMetricBuilder: machine accuracy limits further improvement.
Minuit succeeded.
3s under jitter 0.18 = 3.73975165315 with chi^2 474.074598114
eigenvalues: 
-0.0053713
0.329643
0.687108
1
1
1
1
1.00009
1.00197
2.98656
matrix forced pos-def by adding 0.00835786 to diagonal
MnHesse: matrix is invalid!
MnHesse: matrix is not pos. def.!
MnHesse: matrix was forced pos. def.
FunctionMinimum is invalid.
Minuit failed because covariance is not accurate, and covariance is not positive definite.
3s under jitter 0.18 = 3.64020280743 with chi^2 456.489732438
Minuit succeeded.
3s under jitter 0.18 = 3.62601998734 with chi^2 446.608673216
Minuit succeeded.
3s under jitter 0.18 = 3.66023575559 with chi^2 469.403253991
Minuit succeeded.
3s under jitter 0.18 = 3.65115458633 with chi^2 435.862031167
Minuit succeeded.
3s under jitter 0.18 = 3.66574487703 with chi^2 428.281149772
Minuit succeeded.
3s under jitter 0.18 = 3.59642755114 with chi^2 433.009152736
Minuit succeeded.
3s under jitter 0.18 = 3.61090711338 with chi^2 440.866274706
Minuit succeeded.
3s under jitter 0.18 = 3.69393941549 with chi^2 456.730011511
Minuit succeeded.
3s under jitter 0.18 = 3.66374170626 with chi^2 456.308193734
Minuit succeeded.
3s under jitter 0.18 = 3.66856980656 with chi^2 467.07279458
Minuit succeeded.
3s under jitter 0.18 = 3.65203590057 with chi^2 489.392012336
Minuit succeeded.
3s under jitter 0.18 = 3.64015319222 with chi^2 438.895020256
Minuit succeeded.
3s under jitter 0.18 = 3.68320357688 with chi^2 435.507090116
Minuit succeeded.
3s under jitter 0.18 = 3.71056541845 with chi^2 535.632577403
Minuit succeeded.
3s under jitter 0.18 = 3.61413721098 with chi^2 419.855757707
Minuit succeeded.
3s under jitter 0.18 = 3.7270886636 with chi^2 503.031877502
Minuit succeeded.
3s under jitter 0.18 = 3.6028119697 with chi^2 505.671608068
eigenvalues: 
-0.0160201
0.313157
0.642979
1
1
1
1
1.00034
1.00614
3.0534
matrix forced pos-def by adding 0.0190735 to diagonal
MnHesse: matrix is invalid!
MnHesse: matrix is not pos. def.!
MnHesse: matrix was forced pos. def.
FunctionMinimum is invalid.
Minuit failed because covariance is not accurate, and covariance is not positive definite.
3s under jitter 0.18 = 3.62559534989 with chi^2 419.759285509
Minuit succeeded.
3s under jitter 0.18 = 3.66421344526 with chi^2 468.938862363
eigenvalues: 
-0.0410814
0.318362
0.820335
1
1
1
1
1.0001
1.01146
2.89083
matrix forced pos-def by adding 0.0439722 to diagonal
MnHesse: matrix is invalid!
MnHesse: matrix is not pos. def.!
MnHesse: matrix was forced pos. def.
FunctionMinimum is invalid.
Minuit failed because covariance is not accurate, and covariance is not positive definite.
3s under jitter 0.18 = 3.64775009557 with chi^2 480.362522323
