Minuit succeeded.
3s under jitter 0.01 = 3.58219386224 with chi^2 411.097109635
VariableMetricBuilder: matrix not pos.def.
gdel > 0: 0.000516931
negative or zero diagonal element 0 in covariance matrix
negative or zero diagonal element 2 in covariance matrix
negative or zero diagonal element 3 in covariance matrix
negative or zero diagonal element 9 in covariance matrix
added 1.36951 to diagonal of error matrix
gdel: 0.000516931
Minuit succeeded.
3s under jitter 0.01 = 3.58179309168 with chi^2 412.808455686
Minuit succeeded.
3s under jitter 0.01 = 3.58182233251 with chi^2 412.272530186
VariableMetricBuilder: no improvement
Minuit succeeded.
3s under jitter 0.01 = 3.5817421071 with chi^2 411.891285392
Minuit succeeded.
3s under jitter 0.01 = 3.58167361166 with chi^2 411.56545327
Minuit succeeded.
3s under jitter 0.01 = 3.58200743281 with chi^2 412.258787389
Minuit succeeded.
3s under jitter 0.01 = 3.58401428767 with chi^2 412.512483758
Minuit succeeded.
3s under jitter 0.01 = 3.58133610681 with chi^2 411.826442568
VariableMetricBuilder: no improvement
Minuit succeeded.
3s under jitter 0.01 = 3.58268094867 with chi^2 412.775672537
Minuit succeeded.
3s under jitter 0.01 = 3.58128843183 with chi^2 411.44804932
Minuit succeeded.
3s under jitter 0.01 = 3.5861625679 with chi^2 412.572105684
Minuit succeeded.
3s under jitter 0.01 = 3.58405933891 with chi^2 412.139627605
VariableMetricBuilder: no improvement
Minuit succeeded.
3s under jitter 0.01 = 3.58208698041 with chi^2 410.504858672
Minuit succeeded.
3s under jitter 0.01 = 3.58247790324 with chi^2 412.381711842
Minuit succeeded.
3s under jitter 0.01 = 3.58209882774 with chi^2 411.27459043
VariableMetricBuilder: no improvement
Minuit succeeded.
3s under jitter 0.01 = 3.58136768271 with chi^2 410.840088948
Minuit succeeded.
3s under jitter 0.01 = 3.58153287226 with chi^2 412.344558015
Minuit succeeded.
3s under jitter 0.01 = 3.58218917664 with chi^2 412.824183535
eigenvalues: 
-0.0844639
0.309892
0.709751
1
1
1
1
1.00086
1.05481
3.00915
matrix forced pos-def by adding 0.0874731 to diagonal
MnHesse: matrix is invalid!
MnHesse: matrix is not pos. def.!
MnHesse: matrix was forced pos. def.
FunctionMinimum is invalid.
Minuit failed because covariance is not accurate, and covariance is not positive definite.
3s under jitter 0.01 = 3.58194525853 with chi^2 412.295191708
Minuit succeeded.
3s under jitter 0.01 = 3.58238209225 with chi^2 413.081191174
eigenvalues: 
-0.174501
0.278547
0.728004
1
1
1
1
1.00086
1.31001
2.85708
matrix forced pos-def by adding 0.177358 to diagonal
MnHesse: matrix is invalid!
MnHesse: matrix is not pos. def.!
MnHesse: matrix was forced pos. def.
FunctionMinimum is invalid.
Minuit failed because covariance is not accurate, and covariance is not positive definite.
3s under jitter 0.01 = 3.58137382159 with chi^2 411.650541826
VariableMetricBuilder: no improvement
Minuit succeeded.
3s under jitter 0.01 = 3.58225110797 with chi^2 414.100224237
Minuit succeeded.
3s under jitter 0.01 = 3.58123361803 with chi^2 413.768604011
Minuit succeeded.
3s under jitter 0.01 = 3.5837677034 with chi^2 411.991276746
eigenvalues: 
-0.15753
0.275289
0.692503
1
1
1
1
1.00072
1.27961
2.9094
matrix forced pos-def by adding 0.16044 to diagonal
MnHesse: matrix is invalid!
MnHesse: matrix is not pos. def.!
MnHesse: matrix was forced pos. def.
FunctionMinimum is invalid.
Minuit failed because covariance is not accurate, and covariance is not positive definite.
3s under jitter 0.01 = 3.58242526398 with chi^2 411.607451604
Minuit succeeded.
3s under jitter 0.01 = 3.58165339144 with chi^2 413.304580367
eigenvalues: 
-0.0736668
0.292111
0.612845
1
1
1
1
1.00064
1.01368
3.15439
matrix forced pos-def by adding 0.0768212 to diagonal
MnHesse: matrix is invalid!
MnHesse: matrix is not pos. def.!
MnHesse: matrix was forced pos. def.
FunctionMinimum is invalid.
Minuit failed because covariance is not accurate, and covariance is not positive definite.
3s under jitter 0.01 = 3.58225000478 with chi^2 412.548905633
Minuit succeeded.
3s under jitter 0.01 = 3.58324995648 with chi^2 411.993594836
VariableMetricBuilder: no improvement
VariableMetricBuilder: machine accuracy limits further improvement.
Minuit succeeded.
3s under jitter 0.01 = 3.58126514974 with chi^2 411.954256921
Minuit succeeded.
3s under jitter 0.01 = 3.58125331149 with chi^2 411.645376519
Minuit succeeded.
3s under jitter 0.01 = 3.58196601357 with chi^2 412.024437955
Minuit succeeded.
3s under jitter 0.01 = 3.58217151448 with chi^2 413.914293739
VariableMetricBuilder: no improvement
VariableMetricBuilder: machine accuracy limits further improvement.
Minuit succeeded.
3s under jitter 0.01 = 3.58620568988 with chi^2 412.500335732
Minuit succeeded.
3s under jitter 0.01 = 3.5823720771 with chi^2 411.766634203
Minuit succeeded.
3s under jitter 0.01 = 3.58004648374 with chi^2 410.815495607
VariableMetricBuilder: matrix not pos.def.
edm < 0
negative or zero diagonal element 6 in covariance matrix
added 1.00056 to diagonal of error matrix
Minuit succeeded.
3s under jitter 0.01 = 3.58167184337 with chi^2 412.333030682
VariableMetricBuilder: matrix not pos.def.
gdel > 0: 2.91651e-05
negative or zero diagonal element 6 in covariance matrix
added 1.01027 to diagonal of error matrix
gdel: 2.91651e-05
Minuit succeeded.
3s under jitter 0.01 = 3.58233607305 with chi^2 412.845843969
Minuit succeeded.
3s under jitter 0.01 = 3.58180114099 with chi^2 413.134411508
Minuit succeeded.
3s under jitter 0.01 = 3.58217135381 with chi^2 411.233465522
Minuit succeeded.
3s under jitter 0.01 = 3.58105564376 with chi^2 410.374195595
VariableMetricBuilder: no improvement
VariableMetricBuilder: machine accuracy limits further improvement.
Minuit succeeded.
3s under jitter 0.01 = 3.58096223633 with chi^2 412.223804469
Minuit succeeded.
3s under jitter 0.01 = 3.58106096335 with chi^2 413.282528224
Minuit succeeded.
3s under jitter 0.01 = 3.5817140796 with chi^2 413.295618884
Minuit succeeded.
3s under jitter 0.01 = 3.58335602463 with chi^2 410.962055357
Minuit succeeded.
3s under jitter 0.01 = 3.58141549421 with chi^2 410.824613216
Minuit succeeded.
3s under jitter 0.01 = 3.58366969787 with chi^2 413.099171184
VariableMetricBuilder: no improvement
Minuit succeeded.
3s under jitter 0.01 = 3.5853142942 with chi^2 411.837007026
Minuit succeeded.
3s under jitter 0.01 = 3.58213572736 with chi^2 412.010424609
VariableMetricBuilder: no improvement
Minuit succeeded.
3s under jitter 0.01 = 3.58441204179 with chi^2 412.606229643
Minuit succeeded.
3s under jitter 0.01 = 3.57844888092 with chi^2 412.352571823
Minuit succeeded.
3s under jitter 0.01 = 3.57904454436 with chi^2 410.920627686
Minuit succeeded.
3s under jitter 0.01 = 3.58202725375 with chi^2 412.437355761
Minuit succeeded.
3s under jitter 0.01 = 3.58119270939 with chi^2 411.759623411
VariableMetricBuilder: no improvement
VariableMetricBuilder: machine accuracy limits further improvement.
Minuit succeeded.
3s under jitter 0.01 = 3.58183456696 with chi^2 412.728373007
VariableMetricBuilder: matrix not pos.def.
gdel > 0: 4.06912e-06
negative or zero diagonal element 6 in covariance matrix
added 1.00014 to diagonal of error matrix
gdel: 4.06912e-06
Minuit succeeded.
3s under jitter 0.01 = 3.58159715697 with chi^2 413.400838387
VariableMetricBuilder: no improvement
Minuit succeeded.
3s under jitter 0.01 = 3.58181859918 with chi^2 413.048433348
VariableMetricBuilder: no improvement
Minuit succeeded.
3s under jitter 0.01 = 3.58132262786 with chi^2 413.008051699
Minuit succeeded.
3s under jitter 0.01 = 3.58161089359 with chi^2 412.92010092
Minuit succeeded.
3s under jitter 0.01 = 3.57782923323 with chi^2 410.966386833
VariableMetricBuilder: no improvement
VariableMetricBuilder: machine accuracy limits further improvement.
Minuit succeeded.
3s under jitter 0.01 = 3.57938080154 with chi^2 411.524625255
VariableMetricBuilder: matrix not pos.def.
gdel > 0: 3.27884e-07
negative or zero diagonal element 6 in covariance matrix
added 1.00014 to diagonal of error matrix
gdel: 3.27884e-07
Minuit succeeded.
3s under jitter 0.01 = 3.5765606771 with chi^2 411.953564746
Minuit succeeded.
3s under jitter 0.01 = 3.58156030332 with chi^2 412.060464137
VariableMetricBuilder: no improvement
VariableMetricBuilder: machine accuracy limits further improvement.
Minuit succeeded.
3s under jitter 0.01 = 3.5850445181 with chi^2 412.066979747
Minuit succeeded.
3s under jitter 0.01 = 3.58128404971 with chi^2 411.496368516
Minuit succeeded.
3s under jitter 0.01 = 3.58239382786 with chi^2 412.063794357
Minuit succeeded.
3s under jitter 0.01 = 3.58209781048 with chi^2 413.704657713
Minuit succeeded.
3s under jitter 0.01 = 3.5821707651 with chi^2 414.454806419
VariableMetricBuilder: no improvement
Minuit succeeded.
3s under jitter 0.01 = 3.58276991815 with chi^2 412.078724728
Minuit succeeded.
3s under jitter 0.01 = 3.58177579996 with chi^2 414.098411931
VariableMetricBuilder: no improvement
VariableMetricBuilder: machine accuracy limits further improvement.
Minuit succeeded.
3s under jitter 0.01 = 3.58079327588 with chi^2 412.108186045
Minuit succeeded.
3s under jitter 0.01 = 3.57702067249 with chi^2 412.221580045
Minuit succeeded.
3s under jitter 0.01 = 3.58237419682 with chi^2 410.910089055
VariableMetricBuilder: no improvement
VariableMetricBuilder: machine accuracy limits further improvement.
Minuit succeeded.
3s under jitter 0.01 = 3.58072117382 with chi^2 411.712884182
Minuit succeeded.
3s under jitter 0.01 = 3.58041033041 with chi^2 413.036464311
Minuit succeeded.
3s under jitter 0.01 = 3.58324320993 with chi^2 412.115775714
Minuit succeeded.
3s under jitter 0.01 = 3.58097533125 with chi^2 412.472392682
VariableMetricBuilder: matrix not pos.def.
gdel > 0: 0.000316587
negative or zero diagonal element 0 in covariance matrix
negative or zero diagonal element 1 in covariance matrix
added 1.00126 to diagonal of error matrix
gdel: 0.000316587
Minuit succeeded.
3s under jitter 0.01 = 3.57845938742 with chi^2 410.681076228
Minuit succeeded.
3s under jitter 0.01 = 3.5821552671 with chi^2 411.66130615
VariableMetricBuilder: no improvement
Minuit succeeded.
3s under jitter 0.01 = 3.57611950406 with chi^2 411.934625613
VariableMetricBuilder: no improvement
VariableMetricBuilder: finishes without convergence.
VariableMetricBuilder: edm= 0.000208308 requested: 1e-05
FunctionMinimum is invalid.
Minuit failed because the function is above maximum EDM.
3s under jitter 0.01 = 3.58094465763 with chi^2 410.755620784
Minuit succeeded.
3s under jitter 0.01 = 3.58197471018 with chi^2 413.025532443
VariableMetricBuilder: no improvement
Minuit succeeded.
3s under jitter 0.01 = 3.58296735047 with chi^2 412.817695973
VariableMetricBuilder: no improvement
VariableMetricBuilder: machine accuracy limits further improvement.
eigenvalues: 
-0.049816
0.310406
0.625355
1
1
1
1
1.00013
1.00954
3.10438
matrix forced pos-def by adding 0.0529204 to diagonal
MnHesse: matrix is invalid!
MnHesse: matrix is not pos. def.!
MnHesse: matrix was forced pos. def.
FunctionMinimum is invalid.
Minuit failed because covariance is not accurate, and covariance is not positive definite.
3s under jitter 0.01 = 3.58296408764 with chi^2 412.978816144
Minuit succeeded.
3s under jitter 0.01 = 3.58205218414 with chi^2 410.766148172
Minuit succeeded.
3s under jitter 0.01 = 3.58133708926 with chi^2 413.212780112
Minuit succeeded.
3s under jitter 0.01 = 3.58123650735 with chi^2 412.11925422
Minuit succeeded.
3s under jitter 0.01 = 3.58096129578 with chi^2 411.576563716
VariableMetricBuilder: no improvement
VariableMetricBuilder: machine accuracy limits further improvement.
Minuit succeeded.
3s under jitter 0.01 = 3.58109033562 with chi^2 412.488347668
Minuit succeeded.
3s under jitter 0.01 = 3.58792868662 with chi^2 411.466347783
VariableMetricBuilder: no improvement
VariableMetricBuilder: machine accuracy limits further improvement.
Minuit succeeded.
3s under jitter 0.01 = 3.57932892214 with chi^2 412.276470507
eigenvalues: 
-0.054839
0.299346
0.63007
1
1
1
1
1.00041
1.01772
3.1073
matrix forced pos-def by adding 0.0579463 to diagonal
MnHesse: matrix is invalid!
MnHesse: matrix is not pos. def.!
MnHesse: matrix was forced pos. def.
FunctionMinimum is invalid.
Minuit failed because covariance is not accurate, and covariance is not positive definite.
3s under jitter 0.01 = 3.58446314615 with chi^2 413.535626899
eigenvalues: 
-0.041415
0.308681
0.713167
1
1
1
1
1.00079
1.13595
2.88282
matrix forced pos-def by adding 0.0442978 to diagonal
MnHesse: matrix is invalid!
MnHesse: matrix is not pos. def.!
MnHesse: matrix was forced pos. def.
FunctionMinimum is invalid.
Minuit failed because covariance is not accurate, and covariance is not positive definite.
3s under jitter 0.01 = 3.57811533082 with chi^2 413.244745786
eigenvalues: 
-0.0976365
0.298828
0.627562
1
1
1
1
1.00014
1.01327
3.15784
matrix forced pos-def by adding 0.100794 to diagonal
MnHesse: matrix is invalid!
MnHesse: matrix is not pos. def.!
MnHesse: matrix was forced pos. def.
FunctionMinimum is invalid.
Minuit failed because covariance is not accurate, and covariance is not positive definite.
3s under jitter 0.01 = 3.58521308776 with chi^2 411.141939302
Minuit succeeded.
3s under jitter 0.01 = 3.58113784893 with chi^2 412.770821146
Minuit succeeded.
3s under jitter 0.01 = 3.58174397043 with chi^2 410.902378015
Minuit succeeded.
3s under jitter 0.01 = 3.58322994781 with chi^2 410.573526407
Minuit succeeded.
3s under jitter 0.01 = 3.58074257229 with chi^2 411.679459271
VariableMetricBuilder: matrix not pos.def.
gdel > 0: 0.000231131
negative or zero diagonal element 0 in covariance matrix
negative or zero diagonal element 1 in covariance matrix
added 1.00699 to diagonal of error matrix
gdel: 0.000231131
Minuit succeeded.
3s under jitter 0.01 = 3.58258503861 with chi^2 413.266610258
eigenvalues: 
-0.207275
0.286487
0.634646
1
1
1
1
1.00043
1.00737
3.27834
matrix forced pos-def by adding 0.210553 to diagonal
MnHesse: matrix is invalid!
MnHesse: matrix is not pos. def.!
MnHesse: matrix was forced pos. def.
FunctionMinimum is invalid.
Minuit failed because covariance is not accurate, and covariance is not positive definite.
3s under jitter 0.01 = 3.58184744887 with chi^2 411.524735508
VariableMetricBuilder: matrix not pos.def.
edm < 0
negative or zero diagonal element 1 in covariance matrix
negative or zero diagonal element 6 in covariance matrix
added 1.00049 to diagonal of error matrix
Minuit succeeded.
3s under jitter 0.01 = 3.58170297872 with chi^2 412.62658592
