eigenvalues: 
-0.000454464
0.32785
0.670705
1
1
1
1
1.00007
1.00989
2.99194
matrix forced pos-def by adding 0.00344641 to diagonal
MnHesse: matrix is invalid!
MnHesse: matrix is not pos. def.!
MnHesse: matrix was forced pos. def.
FunctionMinimum is invalid.
Minuit failed because covariance is not accurate, and covariance is not positive definite.
3s under jitter 0.2 = 3.93632008676 with chi^2 661.661911488
Minuit succeeded.
3s under jitter 0.2 = 3.63898625868 with chi^2 487.046847003
Minuit succeeded.
3s under jitter 0.2 = 3.66276550258 with chi^2 456.137588919
Minuit succeeded.
3s under jitter 0.2 = 3.61835010838 with chi^2 436.775472757
eigenvalues: 
-0.00379205
0.328316
0.790259
1
1
1
1
1.00046
1.00436
2.8804
matrix forced pos-def by adding 0.00667245 to diagonal
MnHesse: matrix is invalid!
MnHesse: matrix is not pos. def.!
MnHesse: matrix was forced pos. def.
FunctionMinimum is invalid.
Minuit failed because covariance is not accurate, and covariance is not positive definite.
3s under jitter 0.2 = 3.68114112955 with chi^2 471.666630992
Minuit succeeded.
3s under jitter 0.2 = 3.773228417 with chi^2 546.483741492
Minuit succeeded.
3s under jitter 0.2 = 3.71822027182 with chi^2 446.619041958
Minuit succeeded.
3s under jitter 0.2 = 3.65015235813 with chi^2 443.47700985
Minuit succeeded.
3s under jitter 0.2 = 3.66846666104 with chi^2 491.094771834
Minuit succeeded.
3s under jitter 0.2 = 3.76315722183 with chi^2 505.954038356
Minuit succeeded.
3s under jitter 0.2 = 3.66865570585 with chi^2 483.883905866
Minuit succeeded.
3s under jitter 0.2 = 3.80004489187 with chi^2 624.253500571
Minuit succeeded.
3s under jitter 0.2 = 3.68446013117 with chi^2 481.640562962
eigenvalues: 
-0.0236053
0.319151
0.799751
1
1
1
1
1.00013
1.01254
2.89203
matrix forced pos-def by adding 0.0264973 to diagonal
MnHesse: matrix is invalid!
MnHesse: matrix is not pos. def.!
MnHesse: matrix was forced pos. def.
FunctionMinimum is invalid.
Minuit failed because covariance is not accurate, and covariance is not positive definite.
3s under jitter 0.2 = 3.59865917328 with chi^2 452.197866741
Minuit succeeded.
3s under jitter 0.2 = 3.66746219742 with chi^2 454.420618505
Minuit succeeded.
3s under jitter 0.2 = 3.63981111068 with chi^2 448.045318731
Minuit succeeded.
3s under jitter 0.2 = 3.71951029417 with chi^2 498.547415719
Minuit succeeded.
3s under jitter 0.2 = 3.75782543332 with chi^2 468.34511697
VariableMetricBuilder: matrix not pos.def.
gdel > 0: 2.73363e-05
negative or zero diagonal element 1 in covariance matrix
added 1.00003 to diagonal of error matrix
gdel: 2.73363e-05
Minuit succeeded.
3s under jitter 0.2 = 3.75376844492 with chi^2 526.511543199
Minuit succeeded.
3s under jitter 0.2 = 3.70553014407 with chi^2 423.922626538
Minuit succeeded.
3s under jitter 0.2 = 3.80125823219 with chi^2 500.063189569
Minuit succeeded.
3s under jitter 0.2 = 3.67675810468 with chi^2 451.206110568
Minuit succeeded.
3s under jitter 0.2 = 3.72781228373 with chi^2 473.869908899
Minuit succeeded.
3s under jitter 0.2 = 3.82063688703 with chi^2 511.340720827
Minuit succeeded.
3s under jitter 0.2 = 3.67446274999 with chi^2 432.244121192
Minuit succeeded.
3s under jitter 0.2 = 3.64853528917 with chi^2 505.309830587
Minuit succeeded.
3s under jitter 0.2 = 3.72633531984 with chi^2 479.485457782
eigenvalues: 
-0.0276172
0.324431
0.540608
1
1
1
1
1.00018
1.00119
3.16121
matrix forced pos-def by adding 0.0307784 to diagonal
MnHesse: matrix is invalid!
MnHesse: matrix is not pos. def.!
MnHesse: matrix was forced pos. def.
FunctionMinimum is invalid.
Minuit failed because covariance is not accurate, and covariance is not positive definite.
3s under jitter 0.2 = 3.65468165429 with chi^2 545.800939044
Minuit succeeded.
3s under jitter 0.2 = 3.71613467558 with chi^2 478.729971345
eigenvalues: 
-0.0351168
0.316543
0.782351
1
1
1
1
1.00052
1.01154
2.92416
matrix forced pos-def by adding 0.0380409 to diagonal
MnHesse: matrix is invalid!
MnHesse: matrix is not pos. def.!
MnHesse: matrix was forced pos. def.
FunctionMinimum is invalid.
Minuit failed because covariance is not accurate, and covariance is not positive definite.
3s under jitter 0.2 = 3.64599634819 with chi^2 522.459758563
Minuit succeeded.
3s under jitter 0.2 = 3.56173507834 with chi^2 455.533390531
Minuit succeeded.
3s under jitter 0.2 = 3.71366045517 with chi^2 512.749882264
Minuit succeeded.
3s under jitter 0.2 = 3.62916743736 with chi^2 450.523822439
VariableMetricBuilder: no improvement
Minuit succeeded.
3s under jitter 0.2 = 3.59397253426 with chi^2 432.641414145
eigenvalues: 
-0.0134637
0.329518
0.745723
1
1
1
1
1.0004
1.00386
2.93396
matrix forced pos-def by adding 0.0163976 to diagonal
MnHesse: matrix is invalid!
MnHesse: matrix is not pos. def.!
MnHesse: matrix was forced pos. def.
FunctionMinimum is invalid.
Minuit failed because covariance is not accurate, and covariance is not positive definite.
3s under jitter 0.2 = 3.75643023264 with chi^2 563.593446944
Minuit succeeded.
3s under jitter 0.2 = 3.65953973562 with chi^2 516.297910406
eigenvalues: 
-0.0271587
0.322174
0.885564
1
1
1
1
1.00026
1.00388
2.81528
matrix forced pos-def by adding 0.0299739 to diagonal
MnHesse: matrix is invalid!
MnHesse: matrix is not pos. def.!
MnHesse: matrix was forced pos. def.
FunctionMinimum is invalid.
Minuit failed because covariance is not accurate, and covariance is not positive definite.
3s under jitter 0.2 = 3.62691873602 with chi^2 429.543723349
Minuit succeeded.
3s under jitter 0.2 = 3.60319794674 with chi^2 440.74004589
Minuit succeeded.
3s under jitter 0.2 = 3.66164054759 with chi^2 493.044229849
Minuit succeeded.
3s under jitter 0.2 = 3.76750792052 with chi^2 459.122739414
eigenvalues: 
-0.0404306
0.319598
0.819687
1
1
1
1
1.0004
1.00595
2.89479
matrix forced pos-def by adding 0.0433254 to diagonal
MnHesse: matrix is invalid!
MnHesse: matrix is not pos. def.!
MnHesse: matrix was forced pos. def.
FunctionMinimum is invalid.
Minuit failed because covariance is not accurate, and covariance is not positive definite.
3s under jitter 0.2 = 3.67669213881 with chi^2 442.470963079
eigenvalues: 
-0.0279457
0.317254
0.599588
1
1
1
1
1.00027
1.00897
3.10186
matrix forced pos-def by adding 0.0310476 to diagonal
MnHesse: matrix is invalid!
MnHesse: matrix is not pos. def.!
MnHesse: matrix was forced pos. def.
FunctionMinimum is invalid.
Minuit failed because covariance is not accurate, and covariance is not positive definite.
3s under jitter 0.2 = 3.77055088083 with chi^2 469.143389388
Minuit succeeded.
3s under jitter 0.2 = 3.67935601216 with chi^2 445.558713222
Minuit succeeded.
3s under jitter 0.2 = 3.54101984492 with chi^2 483.807260596
Minuit succeeded.
3s under jitter 0.2 = 3.64268443419 with chi^2 638.00873472
Minuit succeeded.
3s under jitter 0.2 = 3.65742101496 with chi^2 484.447985873
Minuit succeeded.
3s under jitter 0.2 = 3.68078241949 with chi^2 447.734876171
Minuit succeeded.
3s under jitter 0.2 = 3.68868455966 with chi^2 511.967357706
Minuit succeeded.
3s under jitter 0.2 = 3.66121436734 with chi^2 471.835582076
VariableMetricBuilder: no improvement
VariableMetricBuilder: finishes without convergence.
VariableMetricBuilder: edm= 0.000420056 requested: 1e-05
FunctionMinimum is invalid.
Minuit failed because the function is above maximum EDM.
3s under jitter 0.2 = 3.71877886886 with chi^2 457.183380643
Minuit succeeded.
3s under jitter 0.2 = 3.78988072387 with chi^2 732.041903536
Minuit succeeded.
3s under jitter 0.2 = 3.7225405109 with chi^2 497.591979786
Minuit succeeded.
3s under jitter 0.2 = 3.75590103893 with chi^2 478.167616976
Minuit succeeded.
3s under jitter 0.2 = 3.65844764687 with chi^2 452.796567401
Minuit succeeded.
3s under jitter 0.2 = 3.71674717167 with chi^2 461.880607425
Minuit succeeded.
3s under jitter 0.2 = 4.03258747999 with chi^2 728.162614423
Minuit succeeded.
3s under jitter 0.2 = 3.67810636634 with chi^2 457.587544122
Minuit succeeded.
3s under jitter 0.2 = 3.63264162695 with chi^2 457.735808963
Minuit succeeded.
3s under jitter 0.2 = 3.68411747061 with chi^2 460.679204704
Minuit succeeded.
3s under jitter 0.2 = 3.6881451958 with chi^2 453.042667059
Minuit succeeded.
3s under jitter 0.2 = 3.69062669993 with chi^2 490.009924613
Minuit succeeded.
3s under jitter 0.2 = 3.62384666189 with chi^2 445.786150583
Minuit succeeded.
3s under jitter 0.2 = 3.60731004701 with chi^2 516.141353255
Minuit succeeded.
3s under jitter 0.2 = 3.68824646916 with chi^2 447.562723641
Minuit succeeded.
3s under jitter 0.2 = 3.84387719176 with chi^2 599.543912947
Minuit succeeded.
3s under jitter 0.2 = 3.763824749 with chi^2 605.608737001
Minuit succeeded.
3s under jitter 0.2 = 3.7246392026 with chi^2 500.755760104
eigenvalues: 
-0.0133019
0.319852
0.605147
1
1
1
1
1.00014
1.00675
3.08141
matrix forced pos-def by adding 0.0163833 to diagonal
MnHesse: matrix is invalid!
MnHesse: matrix is not pos. def.!
MnHesse: matrix was forced pos. def.
FunctionMinimum is invalid.
Minuit failed because covariance is not accurate, and covariance is not positive definite.
3s under jitter 0.2 = 3.77192488761 with chi^2 572.249061961
Minuit succeeded.
3s under jitter 0.2 = 3.66424011154 with chi^2 488.656676513
VariableMetricBuilder: no improvement
VariableMetricBuilder: machine accuracy limits further improvement.
Minuit succeeded.
3s under jitter 0.2 = 3.60532494308 with chi^2 475.228039516
Minuit succeeded.
3s under jitter 0.2 = 3.67461283997 with chi^2 449.564373678
eigenvalues: 
-0.0142297
0.325913
0.777178
1
1
1
1
1.00015
1.01357
2.89742
matrix forced pos-def by adding 0.0171271 to diagonal
MnHesse: matrix is invalid!
MnHesse: matrix is not pos. def.!
MnHesse: matrix was forced pos. def.
FunctionMinimum is invalid.
Minuit failed because covariance is not accurate, and covariance is not positive definite.
3s under jitter 0.2 = 3.71042997829 with chi^2 536.203757163
Minuit succeeded.
3s under jitter 0.2 = 3.64665601559 with chi^2 453.667518908
Minuit succeeded.
3s under jitter 0.2 = 3.75655617306 with chi^2 474.088056683
Minuit succeeded.
3s under jitter 0.2 = 3.76182576465 with chi^2 477.163190366
Minuit succeeded.
3s under jitter 0.2 = 3.64302779831 with chi^2 466.123462509
Minuit succeeded.
3s under jitter 0.2 = 3.70326325909 with chi^2 489.091566656
Minuit succeeded.
3s under jitter 0.2 = 3.70853908264 with chi^2 478.269072499
eigenvalues: 
-0.0100034
0.305685
0.450284
1
1
1
1
1.00015
1.00429
3.24959
matrix forced pos-def by adding 0.013253 to diagonal
MnHesse: matrix is invalid!
MnHesse: matrix is not pos. def.!
MnHesse: matrix was forced pos. def.
FunctionMinimum is invalid.
Minuit failed because covariance is not accurate, and covariance is not positive definite.
3s under jitter 0.2 = 4.04729206015 with chi^2 704.066402458
Minuit succeeded.
3s under jitter 0.2 = 3.68246922971 with chi^2 519.833373917
VariableMetricBuilder: matrix not pos.def.
gdel > 0: 0.00169491
negative or zero diagonal element 0 in covariance matrix
negative or zero diagonal element 1 in covariance matrix
negative or zero diagonal element 2 in covariance matrix
negative or zero diagonal element 3 in covariance matrix
negative or zero diagonal element 6 in covariance matrix
added 1.03961 to diagonal of error matrix
gdel: 0.00169491
Minuit succeeded.
3s under jitter 0.2 = 3.57198143331 with chi^2 497.56097791
VariableMetricBuilder: no improvement
VariableMetricBuilder: machine accuracy limits further improvement.
Minuit succeeded.
3s under jitter 0.2 = 3.62672735033 with chi^2 513.267367095
Minuit succeeded.
3s under jitter 0.2 = 3.65735431262 with chi^2 461.483536422
eigenvalues: 
-0.0130725
0.317876
0.670583
1
1
1
1
1.00033
1.00385
3.02043
matrix forced pos-def by adding 0.0160929 to diagonal
MnHesse: matrix is invalid!
MnHesse: matrix is not pos. def.!
MnHesse: matrix was forced pos. def.
FunctionMinimum is invalid.
Minuit failed because covariance is not accurate, and covariance is not positive definite.
3s under jitter 0.2 = 3.68400850991 with chi^2 463.763404826
Minuit succeeded.
3s under jitter 0.2 = 3.69388181298 with chi^2 506.33949103
Minuit succeeded.
3s under jitter 0.2 = 3.73658148231 with chi^2 477.162219724
Minuit succeeded.
3s under jitter 0.2 = 3.64841483179 with chi^2 499.605944523
Minuit succeeded.
3s under jitter 0.2 = 3.7248634613 with chi^2 578.413819848
Minuit succeeded.
3s under jitter 0.2 = 3.65165938899 with chi^2 556.114321932
Minuit succeeded.
3s under jitter 0.2 = 3.75366623074 with chi^2 532.732562054
Minuit succeeded.
3s under jitter 0.2 = 3.71956480624 with chi^2 479.988591244
VariableMetricBuilder: no improvement
Minuit succeeded.
3s under jitter 0.2 = 3.67364584603 with chi^2 458.219878332
Minuit succeeded.
3s under jitter 0.2 = 3.79134553803 with chi^2 537.406200608
Minuit succeeded.
3s under jitter 0.2 = 3.68573372853 with chi^2 442.575742681
Minuit succeeded.
3s under jitter 0.2 = 3.69464533947 with chi^2 468.895053182
Minuit succeeded.
3s under jitter 0.2 = 3.67544175217 with chi^2 459.766791704
VariableMetricBuilder: no improvement
VariableMetricBuilder: machine accuracy limits further improvement.
Minuit succeeded.
3s under jitter 0.2 = 3.69829385805 with chi^2 456.570137067
Minuit succeeded.
3s under jitter 0.2 = 3.70963149546 with chi^2 457.929272396
eigenvalues: 
-0.00624191
0.316146
0.62886
1
1
1
1
1.00028
1.01363
3.04732
matrix forced pos-def by adding 0.00928923 to diagonal
MnHesse: matrix is invalid!
MnHesse: matrix is not pos. def.!
MnHesse: matrix was forced pos. def.
FunctionMinimum is invalid.
Minuit failed because covariance is not accurate, and covariance is not positive definite.
3s under jitter 0.2 = 3.68929520888 with chi^2 582.437424915
Minuit succeeded.
3s under jitter 0.2 = 3.68441395734 with chi^2 485.149534722
