Minuit succeeded.
3s under jitter 0.03 = 3.59289464972 with chi^2 411.981861573
Minuit succeeded.
3s under jitter 0.03 = 3.57374327822 with chi^2 408.490629459
Minuit succeeded.
3s under jitter 0.03 = 3.57450181459 with chi^2 409.200437301
Minuit succeeded.
3s under jitter 0.03 = 3.58881396349 with chi^2 414.274085626
Minuit succeeded.
3s under jitter 0.03 = 3.58518258306 with chi^2 411.581925158
eigenvalues: 
-0.061696
0.307361
0.617522
1
1
1
1
1.00032
1.00726
3.12923
matrix forced pos-def by adding 0.0648253 to diagonal
MnHesse: matrix is invalid!
MnHesse: matrix is not pos. def.!
MnHesse: matrix was forced pos. def.
FunctionMinimum is invalid.
Minuit failed because covariance is not accurate, and covariance is not positive definite.
3s under jitter 0.03 = 3.59061223581 with chi^2 418.645595863
Minuit succeeded.
3s under jitter 0.03 = 3.58812145332 with chi^2 407.625359416
eigenvalues: 
-0.00358625
0.328961
0.73132
1
1
1
1
1.00035
1.00353
2.93942
matrix forced pos-def by adding 0.00652567 to diagonal
MnHesse: matrix is invalid!
MnHesse: matrix is not pos. def.!
MnHesse: matrix was forced pos. def.
FunctionMinimum is invalid.
Minuit failed because covariance is not accurate, and covariance is not positive definite.
3s under jitter 0.03 = 3.58852961679 with chi^2 413.645052077
Minuit succeeded.
3s under jitter 0.03 = 3.5795859092 with chi^2 409.931073401
Minuit succeeded.
3s under jitter 0.03 = 3.58815733862 with chi^2 416.166015096
VariableMetricBuilder: no improvement
VariableMetricBuilder: finishes without convergence.
VariableMetricBuilder: edm= 0.00010623 requested: 1e-05
FunctionMinimum is invalid.
Minuit failed because the function is above maximum EDM.
3s under jitter 0.03 = 3.58120276087 with chi^2 412.499631735
Minuit succeeded.
3s under jitter 0.03 = 3.58683610428 with chi^2 417.260112739
Minuit succeeded.
3s under jitter 0.03 = 3.58538290255 with chi^2 412.195231477
VariableMetricBuilder: no improvement
VariableMetricBuilder: machine accuracy limits further improvement.
Minuit succeeded.
3s under jitter 0.03 = 3.5747314794 with chi^2 413.454572294
Minuit succeeded.
3s under jitter 0.03 = 3.57850832709 with chi^2 412.302109936
eigenvalues: 
-9.51376e-05
0.312491
0.654263
1
1
1
1
1.00043
1.01454
3.01837
matrix forced pos-def by adding 0.00311351 to diagonal
MnHesse: matrix is invalid!
MnHesse: matrix is not pos. def.!
MnHesse: matrix was forced pos. def.
FunctionMinimum is invalid.
Minuit failed because covariance is not accurate, and covariance is not positive definite.
3s under jitter 0.03 = 3.58023028702 with chi^2 410.76204527
Minuit succeeded.
3s under jitter 0.03 = 3.57915978408 with chi^2 412.981892275
Minuit succeeded.
3s under jitter 0.03 = 3.59123831405 with chi^2 411.113335501
Minuit succeeded.
3s under jitter 0.03 = 3.59231131139 with chi^2 414.100371684
Minuit succeeded.
3s under jitter 0.03 = 3.5792967917 with chi^2 408.578034418
Minuit succeeded.
3s under jitter 0.03 = 3.58806347447 with chi^2 415.083203864
Minuit succeeded.
3s under jitter 0.03 = 3.58562744612 with chi^2 410.109701699
Minuit succeeded.
3s under jitter 0.03 = 3.57788374402 with chi^2 414.147823288
Minuit succeeded.
3s under jitter 0.03 = 3.57769406505 with chi^2 411.347425796
Minuit succeeded.
3s under jitter 0.03 = 3.5910111061 with chi^2 414.508666962
Minuit succeeded.
3s under jitter 0.03 = 3.57183204815 with chi^2 415.621380991
Minuit succeeded.
3s under jitter 0.03 = 3.58658286433 with chi^2 412.203321029
Minuit succeeded.
3s under jitter 0.03 = 3.58329904363 with chi^2 412.961086588
Minuit succeeded.
3s under jitter 0.03 = 3.58579380773 with chi^2 411.486388918
VariableMetricBuilder: no improvement
Minuit succeeded.
3s under jitter 0.03 = 3.58045557502 with chi^2 410.669507517
Minuit succeeded.
3s under jitter 0.03 = 3.58342805894 with chi^2 412.031790701
Minuit succeeded.
3s under jitter 0.03 = 3.59814893145 with chi^2 414.597957913
VariableMetricBuilder: matrix not pos.def.
gdel > 0: 0.000112272
negative or zero diagonal element 0 in covariance matrix
negative or zero diagonal element 1 in covariance matrix
added 1.00189 to diagonal of error matrix
gdel: 0.000112272
eigenvalues: 
-0.129908
0.282274
0.716508
1
1
1
1
1.00089
1.19468
2.93555
matrix forced pos-def by adding 0.132843 to diagonal
MnHesse: matrix is invalid!
MnHesse: matrix is not pos. def.!
MnHesse: matrix was forced pos. def.
FunctionMinimum is invalid.
Minuit failed because covariance is not accurate, and covariance is not positive definite.
3s under jitter 0.03 = 3.56771997125 with chi^2 413.408632092
Minuit succeeded.
3s under jitter 0.03 = 3.58295529847 with chi^2 412.659744987
VariableMetricBuilder: no improvement
VariableMetricBuilder: machine accuracy limits further improvement.
Minuit succeeded.
3s under jitter 0.03 = 3.58449859824 with chi^2 412.710900473
VariableMetricBuilder: matrix not pos.def.
gdel > 0: 0.00161317
negative or zero diagonal element 0 in covariance matrix
negative or zero diagonal element 1 in covariance matrix
negative or zero diagonal element 2 in covariance matrix
negative or zero diagonal element 3 in covariance matrix
negative or zero diagonal element 4 in covariance matrix
negative or zero diagonal element 8 in covariance matrix
negative or zero diagonal element 9 in covariance matrix
added 1.14176 to diagonal of error matrix
gdel: 0.00161317
Minuit succeeded.
3s under jitter 0.03 = 3.59025136644 with chi^2 411.626627898
Minuit succeeded.
3s under jitter 0.03 = 3.57746642179 with chi^2 412.002824254
Minuit succeeded.
3s under jitter 0.03 = 3.58049925518 with chi^2 411.188207735
Minuit succeeded.
3s under jitter 0.03 = 3.58225435704 with chi^2 410.365164739
Minuit succeeded.
3s under jitter 0.03 = 3.57980070812 with chi^2 413.107775831
Minuit succeeded.
3s under jitter 0.03 = 3.58788543099 with chi^2 416.699620529
VariableMetricBuilder: no improvement
VariableMetricBuilder: machine accuracy limits further improvement.
Minuit succeeded.
3s under jitter 0.03 = 3.57508183979 with chi^2 414.369432699
Minuit succeeded.
3s under jitter 0.03 = 3.58214533875 with chi^2 419.248433676
Minuit succeeded.
3s under jitter 0.03 = 3.5816349382 with chi^2 413.484372492
eigenvalues: 
-0.00774788
0.322773
0.692525
1
1
1
1
1.00035
1.00599
2.98612
matrix forced pos-def by adding 0.010734 to diagonal
MnHesse: matrix is invalid!
MnHesse: matrix is not pos. def.!
MnHesse: matrix was forced pos. def.
FunctionMinimum is invalid.
Minuit failed because covariance is not accurate, and covariance is not positive definite.
3s under jitter 0.03 = 3.57936410348 with chi^2 416.781712008
eigenvalues: 
-0.00358003
0.318365
0.690804
1
1
1
1
1.00049
1.00795
2.98597
matrix forced pos-def by adding 0.006566 to diagonal
MnHesse: matrix is invalid!
MnHesse: matrix is not pos. def.!
MnHesse: matrix was forced pos. def.
FunctionMinimum is invalid.
Minuit failed because covariance is not accurate, and covariance is not positive definite.
3s under jitter 0.03 = 3.58945215207 with chi^2 414.905768888
Minuit succeeded.
3s under jitter 0.03 = 3.59179166259 with chi^2 413.392284832
Minuit succeeded.
3s under jitter 0.03 = 3.58850077776 with chi^2 413.062458818
Minuit succeeded.
3s under jitter 0.03 = 3.58489787512 with chi^2 416.704658081
VariableMetricBuilder: matrix not pos.def.
gdel > 0: 0.000106031
negative or zero diagonal element 6 in covariance matrix
added 1.00112 to diagonal of error matrix
gdel: 0.000106031
Minuit succeeded.
3s under jitter 0.03 = 3.57957188872 with chi^2 412.626357724
Minuit succeeded.
3s under jitter 0.03 = 3.59047677791 with chi^2 410.383612883
eigenvalues: 
-0.0245217
0.318419
0.70565
1
1
1
1
1.00006
1.00722
2.99317
matrix forced pos-def by adding 0.0275148 to diagonal
MnHesse: matrix is invalid!
MnHesse: matrix is not pos. def.!
MnHesse: matrix was forced pos. def.
FunctionMinimum is invalid.
Minuit failed because covariance is not accurate, and covariance is not positive definite.
3s under jitter 0.03 = 3.58421626138 with chi^2 413.744530207
Minuit succeeded.
3s under jitter 0.03 = 3.58059271056 with chi^2 417.16155717
eigenvalues: 
-0.0251955
0.319177
0.700184
1
1
1
1
1.00016
1.00818
2.99749
matrix forced pos-def by adding 0.028193 to diagonal
MnHesse: matrix is invalid!
MnHesse: matrix is not pos. def.!
MnHesse: matrix was forced pos. def.
FunctionMinimum is invalid.
Minuit failed because covariance is not accurate, and covariance is not positive definite.
3s under jitter 0.03 = 3.58703359671 with chi^2 414.650671106
Minuit succeeded.
3s under jitter 0.03 = 3.57111536698 with chi^2 413.372885947
Minuit succeeded.
3s under jitter 0.03 = 3.58882060151 with chi^2 412.773978705
Minuit succeeded.
3s under jitter 0.03 = 3.58284395371 with chi^2 410.632310633
Minuit succeeded.
3s under jitter 0.03 = 3.5808954873 with chi^2 412.166369977
Minuit succeeded.
3s under jitter 0.03 = 3.58875358347 with chi^2 415.121003757
eigenvalues: 
-0.00349398
0.321209
0.611443
1
1
1
1
1.00036
1.00636
3.06413
matrix forced pos-def by adding 0.00655811 to diagonal
MnHesse: matrix is invalid!
MnHesse: matrix is not pos. def.!
MnHesse: matrix was forced pos. def.
FunctionMinimum is invalid.
Minuit failed because covariance is not accurate, and covariance is not positive definite.
3s under jitter 0.03 = 3.59155376126 with chi^2 410.840925049
Minuit succeeded.
3s under jitter 0.03 = 3.58526656626 with chi^2 409.913117484
Minuit succeeded.
3s under jitter 0.03 = 3.59137720756 with chi^2 412.605820178
Minuit succeeded.
3s under jitter 0.03 = 3.58598309509 with chi^2 411.959856818
VariableMetricBuilder: no improvement
Minuit succeeded.
3s under jitter 0.03 = 3.58939860379 with chi^2 412.147258619
Minuit succeeded.
3s under jitter 0.03 = 3.58745859212 with chi^2 413.007090902
VariableMetricBuilder: matrix not pos.def.
gdel > 0: 0.000351109
negative or zero diagonal element 0 in covariance matrix
negative or zero diagonal element 1 in covariance matrix
negative or zero diagonal element 3 in covariance matrix
negative or zero diagonal element 6 in covariance matrix
negative or zero diagonal element 9 in covariance matrix
added 1.32904 to diagonal of error matrix
gdel: 0.000351109
Minuit succeeded.
3s under jitter 0.03 = 3.57136933325 with chi^2 415.069573391
Minuit succeeded.
3s under jitter 0.03 = 3.5942618279 with chi^2 415.847178701
Minuit succeeded.
3s under jitter 0.03 = 3.58082576207 with chi^2 409.379057257
Minuit succeeded.
3s under jitter 0.03 = 3.58927048378 with chi^2 414.762881095
Minuit succeeded.
3s under jitter 0.03 = 3.57961473429 with chi^2 412.195185726
Minuit succeeded.
3s under jitter 0.03 = 3.57703058537 with chi^2 411.907758451
Minuit succeeded.
3s under jitter 0.03 = 3.57700187808 with chi^2 414.029492165
eigenvalues: 
-0.0949437
0.304212
0.654215
1
1
1
1
1.00031
1.00438
3.13183
matrix forced pos-def by adding 0.0980755 to diagonal
MnHesse: matrix is invalid!
MnHesse: matrix is not pos. def.!
MnHesse: matrix was forced pos. def.
FunctionMinimum is invalid.
Minuit failed because covariance is not accurate, and covariance is not positive definite.
3s under jitter 0.03 = 3.583784139 with chi^2 409.307985574
VariableMetricBuilder: no improvement
Minuit succeeded.
3s under jitter 0.03 = 3.58831457418 with chi^2 416.649434091
Minuit succeeded.
3s under jitter 0.03 = 3.58310945115 with chi^2 419.238644561
Minuit succeeded.
3s under jitter 0.03 = 3.58361103501 with chi^2 413.876051609
Minuit succeeded.
3s under jitter 0.03 = 3.5848852803 with chi^2 408.887751766
eigenvalues: 
-0.0171126
0.32048
0.675768
1
1
1
1
1.00115
1.00389
3.01583
matrix forced pos-def by adding 0.0201285 to diagonal
MnHesse: matrix is invalid!
MnHesse: matrix is not pos. def.!
MnHesse: matrix was forced pos. def.
FunctionMinimum is invalid.
Minuit failed because covariance is not accurate, and covariance is not positive definite.
3s under jitter 0.03 = 3.58831860928 with chi^2 410.65053644
Minuit succeeded.
3s under jitter 0.03 = 3.56756135522 with chi^2 408.461785762
Minuit succeeded.
3s under jitter 0.03 = 3.58464199028 with chi^2 409.431520315
Minuit succeeded.
3s under jitter 0.03 = 3.59322585723 with chi^2 420.75110299
Minuit succeeded.
3s under jitter 0.03 = 3.58252194614 with chi^2 410.289023868
eigenvalues: 
-0.0458096
0.301014
0.615825
1
1
1
1
1.00045
1.01484
3.11368
matrix forced pos-def by adding 0.0489233 to diagonal
MnHesse: matrix is invalid!
MnHesse: matrix is not pos. def.!
MnHesse: matrix was forced pos. def.
FunctionMinimum is invalid.
Minuit failed because covariance is not accurate, and covariance is not positive definite.
3s under jitter 0.03 = 3.58879515886 with chi^2 422.649035488
Minuit succeeded.
3s under jitter 0.03 = 3.58689162787 with chi^2 410.238415623
Minuit succeeded.
3s under jitter 0.03 = 3.57104654415 with chi^2 408.557405756
eigenvalues: 
-0.0129026
0.317412
0.604776
1
1
1
1
1.00024
1.01195
3.07852
matrix forced pos-def by adding 0.0159811 to diagonal
MnHesse: matrix is invalid!
MnHesse: matrix is not pos. def.!
MnHesse: matrix was forced pos. def.
FunctionMinimum is invalid.
Minuit failed because covariance is not accurate, and covariance is not positive definite.
3s under jitter 0.03 = 3.58394182373 with chi^2 413.111899249
VariableMetricBuilder: no improvement
VariableMetricBuilder: machine accuracy limits further improvement.
Minuit succeeded.
3s under jitter 0.03 = 3.57590993994 with chi^2 412.275955896
Minuit succeeded.
3s under jitter 0.03 = 3.57890035162 with chi^2 416.015790196
Minuit succeeded.
3s under jitter 0.03 = 3.59060081722 with chi^2 409.477198441
eigenvalues: 
-0.00193415
0.320571
0.721864
1
1
1
1
1.0003
1.01095
2.94825
matrix forced pos-def by adding 0.0048824 to diagonal
MnHesse: matrix is invalid!
MnHesse: matrix is not pos. def.!
MnHesse: matrix was forced pos. def.
FunctionMinimum is invalid.
Minuit failed because covariance is not accurate, and covariance is not positive definite.
3s under jitter 0.03 = 3.58199057913 with chi^2 413.233509329
Minuit succeeded.
3s under jitter 0.03 = 3.59616055198 with chi^2 411.715161459
eigenvalues: 
-0.124039
0.278825
0.641218
1
1
1
1
1.00059
1.03472
3.16868
matrix forced pos-def by adding 0.127208 to diagonal
MnHesse: matrix is invalid!
MnHesse: matrix is not pos. def.!
MnHesse: matrix was forced pos. def.
FunctionMinimum is invalid.
Minuit failed because covariance is not accurate, and covariance is not positive definite.
3s under jitter 0.03 = 3.58102367841 with chi^2 414.306380048
Minuit succeeded.
3s under jitter 0.03 = 3.58764492788 with chi^2 413.348483471
VariableMetricBuilder: no improvement
VariableMetricBuilder: machine accuracy limits further improvement.
Minuit succeeded.
3s under jitter 0.03 = 3.58780841107 with chi^2 413.744430391
Minuit succeeded.
3s under jitter 0.03 = 3.57387583755 with chi^2 410.560633343
Minuit succeeded.
3s under jitter 0.03 = 3.58659559552 with chi^2 414.200648094
VariableMetricBuilder: no improvement
VariableMetricBuilder: finishes without convergence.
VariableMetricBuilder: edm= 0.000191969 requested: 1e-05
FunctionMinimum is invalid.
Minuit failed because the function is above maximum EDM.
3s under jitter 0.03 = 3.59152993817 with chi^2 413.344662511
Minuit succeeded.
3s under jitter 0.03 = 3.58405509707 with chi^2 420.519581814
VariableMetricBuilder: matrix not pos.def.
gdel > 0: 0.000696893
negative or zero diagonal element 0 in covariance matrix
negative or zero diagonal element 1 in covariance matrix
added 1.02368 to diagonal of error matrix
gdel: 0.000696893
Minuit succeeded.
3s under jitter 0.03 = 3.57513874326 with chi^2 415.279922755
VariableMetricBuilder: no improvement
Minuit succeeded.
3s under jitter 0.03 = 3.58764642351 with chi^2 411.258567793
