Minuit succeeded.
3s under jitter 0.3 = 3.66295823645 with chi^2 588.677803117
Minuit succeeded.
3s under jitter 0.3 = 3.79942944378 with chi^2 483.619345766
Minuit succeeded.
3s under jitter 0.3 = 3.73754918294 with chi^2 432.014320943
Minuit succeeded.
3s under jitter 0.3 = 3.70905546905 with chi^2 486.17263088
Minuit succeeded.
3s under jitter 0.3 = 3.79278290813 with chi^2 529.97696511
Minuit succeeded.
3s under jitter 0.3 = 3.62713055148 with chi^2 499.624968095
Minuit succeeded.
3s under jitter 0.3 = 3.9135749737 with chi^2 599.900428458
Minuit succeeded.
3s under jitter 0.3 = 3.87198322099 with chi^2 607.352035577
Minuit succeeded.
3s under jitter 0.3 = 3.73071686554 with chi^2 488.953046121
Minuit succeeded.
3s under jitter 0.3 = 3.89925851787 with chi^2 640.936684194
Minuit succeeded.
3s under jitter 0.3 = 3.69672291608 with chi^2 617.987046678
Minuit succeeded.
3s under jitter 0.3 = 3.72842775124 with chi^2 656.949945101
Minuit succeeded.
3s under jitter 0.3 = 3.70250704371 with chi^2 505.882499536
Minuit succeeded.
3s under jitter 0.3 = 3.77867296432 with chi^2 498.401793197
Minuit succeeded.
3s under jitter 0.3 = 3.79518595492 with chi^2 610.991732663
Minuit succeeded.
3s under jitter 0.3 = 3.88863598419 with chi^2 617.128645297
VariableMetricBuilder: no improvement
VariableMetricBuilder: machine accuracy limits further improvement.
Minuit succeeded.
3s under jitter 0.3 = 3.84068344886 with chi^2 567.535550824
Minuit succeeded.
3s under jitter 0.3 = 3.9533387695 with chi^2 645.92249823
Minuit succeeded.
3s under jitter 0.3 = 3.61393407793 with chi^2 562.443062796
Minuit succeeded.
3s under jitter 0.3 = 3.80760695636 with chi^2 582.15157977
Minuit succeeded.
3s under jitter 0.3 = 3.80237244548 with chi^2 535.182927553
Minuit succeeded.
3s under jitter 0.3 = 3.84651116125 with chi^2 557.757597703
eigenvalues: 
-0.0069082
0.324387
0.683703
1
1
1
1
1.00037
1.00528
2.99317
matrix forced pos-def by adding 0.00990137 to diagonal
MnHesse: matrix is invalid!
MnHesse: matrix is not pos. def.!
MnHesse: matrix was forced pos. def.
FunctionMinimum is invalid.
Minuit failed because covariance is not accurate, and covariance is not positive definite.
3s under jitter 0.3 = 3.62253229518 with chi^2 494.558610436
Minuit succeeded.
3s under jitter 0.3 = 3.75447114172 with chi^2 496.275508457
eigenvalues: 
-0.0104818
0.330078
0.638865
1
1
1
1
1.00024
1.00232
3.03898
matrix forced pos-def by adding 0.0135208 to diagonal
MnHesse: matrix is invalid!
MnHesse: matrix is not pos. def.!
MnHesse: matrix was forced pos. def.
FunctionMinimum is invalid.
Minuit failed because covariance is not accurate, and covariance is not positive definite.
3s under jitter 0.3 = 3.89105866152 with chi^2 646.751244272
Minuit succeeded.
3s under jitter 0.3 = 3.6724419864 with chi^2 713.376315398
Minuit succeeded.
3s under jitter 0.3 = 4.20460191482 with chi^2 927.598523452
Minuit succeeded.
3s under jitter 0.3 = 3.72064534312 with chi^2 522.862929211
Minuit succeeded.
3s under jitter 0.3 = 4.03423936823 with chi^2 693.060089582
Minuit succeeded.
3s under jitter 0.3 = 3.78582182094 with chi^2 495.611335705
Minuit succeeded.
3s under jitter 0.3 = 4.10529778905 with chi^2 963.956682002
Minuit succeeded.
3s under jitter 0.3 = 3.98879987424 with chi^2 699.627684889
Minuit succeeded.
3s under jitter 0.3 = 4.07389356097 with chi^2 699.073376422
Minuit succeeded.
3s under jitter 0.3 = 3.66539235632 with chi^2 473.807810825
Minuit succeeded.
3s under jitter 0.3 = 3.87998871643 with chi^2 723.919207936
Minuit succeeded.
3s under jitter 0.3 = 3.66203981749 with chi^2 505.502818179
Minuit succeeded.
3s under jitter 0.3 = 3.8575080934 with chi^2 568.666953883
Minuit succeeded.
3s under jitter 0.3 = 3.79021531792 with chi^2 821.892025482
Minuit succeeded.
3s under jitter 0.3 = 3.8115159726 with chi^2 549.085874612
Minuit succeeded.
3s under jitter 0.3 = 3.66997762052 with chi^2 498.179737703
Minuit succeeded.
3s under jitter 0.3 = 3.72087672205 with chi^2 966.712575974
Minuit succeeded.
3s under jitter 0.3 = 4.24959976831 with chi^2 967.226036119
Minuit succeeded.
3s under jitter 0.3 = 3.79853678809 with chi^2 532.100834279
Minuit succeeded.
3s under jitter 0.3 = 4.16631860083 with chi^2 803.109920704
Minuit succeeded.
3s under jitter 0.3 = 3.77745056406 with chi^2 481.767105938
eigenvalues: 
-0.0143617
0.328596
0.784527
1
1
1
1
1.00028
1.00309
2.89786
matrix forced pos-def by adding 0.0172596 to diagonal
MnHesse: matrix is invalid!
MnHesse: matrix is not pos. def.!
MnHesse: matrix was forced pos. def.
FunctionMinimum is invalid.
Minuit failed because covariance is not accurate, and covariance is not positive definite.
3s under jitter 0.3 = 3.82266264238 with chi^2 551.227451509
Minuit succeeded.
3s under jitter 0.3 = 3.96819848543 with chi^2 666.425577325
eigenvalues: 
-0.00295544
0.320289
0.637635
1
1
1
1
1.00028
1.00662
3.03813
matrix forced pos-def by adding 0.00599357 to diagonal
MnHesse: matrix is invalid!
MnHesse: matrix is not pos. def.!
MnHesse: matrix was forced pos. def.
FunctionMinimum is invalid.
Minuit failed because covariance is not accurate, and covariance is not positive definite.
3s under jitter 0.3 = 3.83662268659 with chi^2 618.989391808
eigenvalues: 
-0.00372872
0.331107
0.866418
1
1
1
1
1.00002
1.00757
2.79861
matrix forced pos-def by adding 0.00652733 to diagonal
MnHesse: matrix is invalid!
MnHesse: matrix is not pos. def.!
MnHesse: matrix was forced pos. def.
FunctionMinimum is invalid.
Minuit failed because covariance is not accurate, and covariance is not positive definite.
3s under jitter 0.3 = 3.82425459478 with chi^2 796.74641566
eigenvalues: 
-0.00146751
0.331546
0.750565
1
1
1
1
1.00029
1.00378
2.91529
matrix forced pos-def by adding 0.0043828 to diagonal
MnHesse: matrix is invalid!
MnHesse: matrix is not pos. def.!
MnHesse: matrix was forced pos. def.
FunctionMinimum is invalid.
Minuit failed because covariance is not accurate, and covariance is not positive definite.
3s under jitter 0.3 = 3.76304795054 with chi^2 499.804805879
Minuit succeeded.
3s under jitter 0.3 = 3.90053096395 with chi^2 545.775686897
eigenvalues: 
-0.0349838
0.324057
0.784961
1
1
1
1
1.00026
1.00084
2.92487
matrix forced pos-def by adding 0.0379087 to diagonal
MnHesse: matrix is invalid!
MnHesse: matrix is not pos. def.!
MnHesse: matrix was forced pos. def.
FunctionMinimum is invalid.
Minuit failed because covariance is not accurate, and covariance is not positive definite.
3s under jitter 0.3 = 3.82457543847 with chi^2 522.844063815
VariableMetricBuilder: no improvement
VariableMetricBuilder: machine accuracy limits further improvement.
Minuit succeeded.
3s under jitter 0.3 = 3.83874856322 with chi^2 508.119029386
VariableMetricBuilder: no improvement
Minuit succeeded.
3s under jitter 0.3 = 3.8720320176 with chi^2 561.135441259
Minuit succeeded.
3s under jitter 0.3 = 3.80792534623 with chi^2 479.926343113
Minuit succeeded.
3s under jitter 0.3 = 3.61106217185 with chi^2 545.434429013
Minuit succeeded.
3s under jitter 0.3 = 3.79384656749 with chi^2 524.701346028
Minuit succeeded.
3s under jitter 0.3 = 3.79742286385 with chi^2 614.955257562
Minuit succeeded.
3s under jitter 0.3 = 3.86770391296 with chi^2 691.206268623
eigenvalues: 
-0.0359022
0.323797
0.869846
1
1
1
1
1.00017
1.00239
2.8397
matrix forced pos-def by adding 0.0387419 to diagonal
MnHesse: matrix is invalid!
MnHesse: matrix is not pos. def.!
MnHesse: matrix was forced pos. def.
FunctionMinimum is invalid.
Minuit failed because covariance is not accurate, and covariance is not positive definite.
3s under jitter 0.3 = 3.87881217575 with chi^2 557.755930778
Minuit succeeded.
3s under jitter 0.3 = 3.83780349842 with chi^2 596.049821498
Minuit succeeded.
3s under jitter 0.3 = 3.77844074449 with chi^2 615.052858824
VariableMetricBuilder: no improvement
VariableMetricBuilder: machine accuracy limits further improvement.
Minuit succeeded.
3s under jitter 0.3 = 3.58366903412 with chi^2 580.739424533
Minuit succeeded.
3s under jitter 0.3 = 3.90284675691 with chi^2 556.931418341
eigenvalues: 
-0.0797948
0.307019
0.742976
1
1
1
1
1.00074
1.0102
3.01886
matrix forced pos-def by adding 0.0828136 to diagonal
MnHesse: matrix is invalid!
MnHesse: matrix is not pos. def.!
MnHesse: matrix was forced pos. def.
FunctionMinimum is invalid.
Minuit failed because covariance is not accurate, and covariance is not positive definite.
3s under jitter 0.3 = 3.66555110397 with chi^2 498.627906102
Minuit succeeded.
3s under jitter 0.3 = 3.72136123922 with chi^2 525.048030972
Minuit succeeded.
3s under jitter 0.3 = 3.83657326326 with chi^2 770.917992896
Minuit succeeded.
3s under jitter 0.3 = 3.93005188481 with chi^2 684.201204284
Minuit succeeded.
3s under jitter 0.3 = 3.78206900025 with chi^2 571.105084097
Minuit succeeded.
3s under jitter 0.3 = 4.03187963965 with chi^2 593.373957877
Minuit succeeded.
3s under jitter 0.3 = 3.74988781162 with chi^2 552.823559049
Minuit succeeded.
3s under jitter 0.3 = 3.71385837235 with chi^2 584.917272675
Minuit succeeded.
3s under jitter 0.3 = 3.86741042326 with chi^2 642.90464258
Minuit succeeded.
3s under jitter 0.3 = 3.8536605802 with chi^2 681.732704799
Minuit succeeded.
3s under jitter 0.3 = 3.98637322096 with chi^2 686.157040449
Minuit succeeded.
3s under jitter 0.3 = 3.63502513416 with chi^2 464.154846269
Minuit succeeded.
3s under jitter 0.3 = 3.77800499099 with chi^2 563.164425854
eigenvalues: 
-0.0331917
0.323296
0.829214
1
1
1
1
1.00025
1.00358
2.87685
matrix forced pos-def by adding 0.0360686 to diagonal
MnHesse: matrix is invalid!
MnHesse: matrix is not pos. def.!
MnHesse: matrix was forced pos. def.
FunctionMinimum is invalid.
Minuit failed because covariance is not accurate, and covariance is not positive definite.
3s under jitter 0.3 = 3.75890205875 with chi^2 544.945276572
Minuit succeeded.
3s under jitter 0.3 = 3.85996265697 with chi^2 537.306231859
Minuit succeeded.
3s under jitter 0.3 = 3.68964620171 with chi^2 700.463454646
Minuit succeeded.
3s under jitter 0.3 = 3.97750205542 with chi^2 797.514685923
Minuit succeeded.
3s under jitter 0.3 = 4.01221925391 with chi^2 659.441275373
Minuit succeeded.
3s under jitter 0.3 = 3.88320436419 with chi^2 674.541432767
Minuit succeeded.
3s under jitter 0.3 = 3.91276870619 with chi^2 1136.79070087
Minuit succeeded.
3s under jitter 0.3 = 3.80221746692 with chi^2 493.719694238
Minuit succeeded.
3s under jitter 0.3 = 3.91375232214 with chi^2 689.587811315
Minuit succeeded.
3s under jitter 0.3 = 3.66516163114 with chi^2 496.216424543
Minuit succeeded.
3s under jitter 0.3 = 3.72670098274 with chi^2 455.605580653
Minuit succeeded.
3s under jitter 0.3 = 3.68083815634 with chi^2 462.834390938
Minuit succeeded.
3s under jitter 0.3 = 3.93720401439 with chi^2 727.725345526
VariableMetricBuilder: matrix not pos.def.
gdel > 0: 0.000281288
negative or zero diagonal element 0 in covariance matrix
negative or zero diagonal element 1 in covariance matrix
negative or zero diagonal element 2 in covariance matrix
negative or zero diagonal element 5 in covariance matrix
negative or zero diagonal element 6 in covariance matrix
negative or zero diagonal element 7 in covariance matrix
negative or zero diagonal element 9 in covariance matrix
added 1.02099 to diagonal of error matrix
gdel: 0.000281288
Minuit succeeded.
3s under jitter 0.3 = 3.86928728644 with chi^2 630.370060484
Minuit succeeded.
3s under jitter 0.3 = 3.97806808563 with chi^2 672.983524243
eigenvalues: 
-0.00713226
0.32251
0.611878
1
1
1
1
1.00035
1.00378
3.06862
matrix forced pos-def by adding 0.0102009 to diagonal
MnHesse: matrix is invalid!
MnHesse: matrix is not pos. def.!
MnHesse: matrix was forced pos. def.
FunctionMinimum is invalid.
Minuit failed because covariance is not accurate, and covariance is not positive definite.
3s under jitter 0.3 = 3.74543766487 with chi^2 486.051463472
Minuit succeeded.
3s under jitter 0.3 = 3.8967007615 with chi^2 500.529111926
Minuit succeeded.
3s under jitter 0.3 = 3.82557471598 with chi^2 583.798243118
Minuit succeeded.
3s under jitter 0.3 = 3.698146581 with chi^2 454.778896988
Minuit succeeded.
3s under jitter 0.3 = 3.84232077805 with chi^2 594.078537139
Minuit succeeded.
3s under jitter 0.3 = 3.82376780533 with chi^2 540.015729434
Minuit succeeded.
3s under jitter 0.3 = 3.89924793209 with chi^2 597.237807894
Minuit succeeded.
3s under jitter 0.3 = 3.57660656613 with chi^2 503.452395526
