Minuit succeeded.
3s under jitter 0.12 = 3.59735148009 with chi^2 417.793629781
Minuit succeeded.
3s under jitter 0.12 = 3.59476239781 with chi^2 407.623841362
Minuit succeeded.
3s under jitter 0.12 = 3.6173437058 with chi^2 419.33906173
Minuit succeeded.
3s under jitter 0.12 = 3.6418672288 with chi^2 427.710229959
VariableMetricBuilder: no improvement
Minuit succeeded.
3s under jitter 0.12 = 3.62929443135 with chi^2 427.464180274
Minuit succeeded.
3s under jitter 0.12 = 3.6033512178 with chi^2 426.128470524
Minuit succeeded.
3s under jitter 0.12 = 3.63961431626 with chi^2 427.195797742
Minuit succeeded.
3s under jitter 0.12 = 3.59894611064 with chi^2 428.254393549
Minuit succeeded.
3s under jitter 0.12 = 3.61351480974 with chi^2 426.124558384
VariableMetricBuilder: no improvement
VariableMetricBuilder: machine accuracy limits further improvement.
Minuit succeeded.
3s under jitter 0.12 = 3.5668443184 with chi^2 446.111749142
Minuit succeeded.
3s under jitter 0.12 = 3.70670361389 with chi^2 452.468238359
Minuit succeeded.
3s under jitter 0.12 = 3.61294667931 with chi^2 433.808382822
Minuit succeeded.
3s under jitter 0.12 = 3.59708481768 with chi^2 431.79671028
Minuit succeeded.
3s under jitter 0.12 = 3.62129116735 with chi^2 428.817271134
Minuit succeeded.
3s under jitter 0.12 = 3.59236331317 with chi^2 408.506041102
Minuit succeeded.
3s under jitter 0.12 = 3.61622532174 with chi^2 443.281051749
VariableMetricBuilder: matrix not pos.def.
edm < 0
negative or zero diagonal element 1 in covariance matrix
added 1.00032 to diagonal of error matrix
Minuit succeeded.
3s under jitter 0.12 = 3.59590361681 with chi^2 428.23177372
Minuit succeeded.
3s under jitter 0.12 = 3.60243752846 with chi^2 419.940795181
Minuit succeeded.
3s under jitter 0.12 = 3.58348047479 with chi^2 419.063597396
Minuit succeeded.
3s under jitter 0.12 = 3.62192870392 with chi^2 436.619546432
Minuit succeeded.
3s under jitter 0.12 = 3.62503636644 with chi^2 418.855509082
Minuit succeeded.
3s under jitter 0.12 = 3.6317295084 with chi^2 425.092104156
Minuit succeeded.
3s under jitter 0.12 = 3.65077771139 with chi^2 425.607423739
eigenvalues: 
-0.0365065
0.319892
0.641762
1
1
1
1
1.00005
1.00381
3.07099
matrix forced pos-def by adding 0.0395775 to diagonal
MnHesse: matrix is invalid!
MnHesse: matrix is not pos. def.!
MnHesse: matrix was forced pos. def.
FunctionMinimum is invalid.
Minuit failed because covariance is not accurate, and covariance is not positive definite.
3s under jitter 0.12 = 3.6110593076 with chi^2 441.285725855
Minuit succeeded.
3s under jitter 0.12 = 3.63371877373 with chi^2 448.729680549
Minuit succeeded.
3s under jitter 0.12 = 3.6028150913 with chi^2 413.035817513
Minuit succeeded.
3s under jitter 0.12 = 3.62814349246 with chi^2 412.51386577
Minuit succeeded.
3s under jitter 0.12 = 3.57649931952 with chi^2 425.302799303
Minuit succeeded.
3s under jitter 0.12 = 3.61475217427 with chi^2 471.728137124
eigenvalues: 
-0.0252334
0.301268
0.57187
1
1
1
1
1.00015
1.0049
3.14704
matrix forced pos-def by adding 0.0283805 to diagonal
MnHesse: matrix is invalid!
MnHesse: matrix is not pos. def.!
MnHesse: matrix was forced pos. def.
FunctionMinimum is invalid.
Minuit failed because covariance is not accurate, and covariance is not positive definite.
3s under jitter 0.12 = 3.56216209889 with chi^2 416.704666329
Minuit succeeded.
3s under jitter 0.12 = 3.5973949269 with chi^2 413.321557012
Minuit succeeded.
3s under jitter 0.12 = 3.62501893009 with chi^2 425.510672116
Minuit succeeded.
3s under jitter 0.12 = 3.59597776659 with chi^2 426.096202861
eigenvalues: 
-3.55876e-05
0.330354
0.735609
1
1
1
1
1.00042
1.00533
2.92832
matrix forced pos-def by adding 0.00296391 to diagonal
MnHesse: matrix is invalid!
MnHesse: matrix is not pos. def.!
MnHesse: matrix was forced pos. def.
FunctionMinimum is invalid.
Minuit failed because covariance is not accurate, and covariance is not positive definite.
3s under jitter 0.12 = 3.59416820338 with chi^2 426.70973983
Minuit succeeded.
3s under jitter 0.12 = 3.5906526054 with chi^2 455.575073346
Minuit succeeded.
3s under jitter 0.12 = 3.62436239257 with chi^2 425.335584605
Minuit succeeded.
3s under jitter 0.12 = 3.62288242452 with chi^2 421.001611926
Minuit succeeded.
3s under jitter 0.12 = 3.64688788987 with chi^2 454.911767519
Minuit succeeded.
3s under jitter 0.12 = 3.59406926643 with chi^2 443.711146131
Minuit succeeded.
3s under jitter 0.12 = 3.64484646712 with chi^2 436.184343338
Minuit succeeded.
3s under jitter 0.12 = 3.62873766246 with chi^2 425.720099394
Minuit succeeded.
3s under jitter 0.12 = 3.7147977305 with chi^2 486.146993603
eigenvalues: 
-0.0245311
0.316797
0.623341
1
1
1
1
1.00054
1.00422
3.07963
matrix forced pos-def by adding 0.0276108 to diagonal
MnHesse: matrix is invalid!
MnHesse: matrix is not pos. def.!
MnHesse: matrix was forced pos. def.
FunctionMinimum is invalid.
Minuit failed because covariance is not accurate, and covariance is not positive definite.
3s under jitter 0.12 = 3.67405546877 with chi^2 424.442619254
Minuit succeeded.
3s under jitter 0.12 = 3.63015320699 with chi^2 426.757349016
Minuit succeeded.
3s under jitter 0.12 = 3.6279117901 with chi^2 419.327003869
Minuit succeeded.
3s under jitter 0.12 = 3.59270314058 with chi^2 417.133070757
Minuit succeeded.
3s under jitter 0.12 = 3.6106460137 with chi^2 427.745526757
Minuit succeeded.
3s under jitter 0.12 = 3.57632722013 with chi^2 417.965432357
Minuit succeeded.
3s under jitter 0.12 = 3.63191885875 with chi^2 436.163267642
Minuit succeeded.
3s under jitter 0.12 = 3.57318400288 with chi^2 422.371959798
Minuit succeeded.
3s under jitter 0.12 = 3.66178174241 with chi^2 430.277889861
Minuit succeeded.
3s under jitter 0.12 = 3.61583412803 with chi^2 451.670776766
VariableMetricBuilder: matrix not pos.def.
gdel > 0: 0.000492518
negative or zero diagonal element 1 in covariance matrix
negative or zero diagonal element 3 in covariance matrix
negative or zero diagonal element 5 in covariance matrix
negative or zero diagonal element 6 in covariance matrix
negative or zero diagonal element 7 in covariance matrix
negative or zero diagonal element 8 in covariance matrix
negative or zero diagonal element 9 in covariance matrix
added 2.67297 to diagonal of error matrix
gdel: 0.000492518
Minuit succeeded.
3s under jitter 0.12 = 3.67059645492 with chi^2 439.106486586
Minuit succeeded.
3s under jitter 0.12 = 3.59020318797 with chi^2 433.918775388
Minuit succeeded.
3s under jitter 0.12 = 3.62174509517 with chi^2 424.138157067
eigenvalues: 
-0.000990119
0.327368
0.735282
1
1
1
1
1.00056
1.00441
2.93337
matrix forced pos-def by adding 0.00392349 to diagonal
MnHesse: matrix is invalid!
MnHesse: matrix is not pos. def.!
MnHesse: matrix was forced pos. def.
FunctionMinimum is invalid.
Minuit failed because covariance is not accurate, and covariance is not positive definite.
3s under jitter 0.12 = 3.58935844549 with chi^2 422.859615627
eigenvalues: 
-0.0286952
0.307672
0.638963
1
1
1
1
1.00032
1.01979
3.06194
matrix forced pos-def by adding 0.0317572 to diagonal
MnHesse: matrix is invalid!
MnHesse: matrix is not pos. def.!
MnHesse: matrix was forced pos. def.
FunctionMinimum is invalid.
Minuit failed because covariance is not accurate, and covariance is not positive definite.
3s under jitter 0.12 = 3.62160443184 with chi^2 414.756918051
Minuit succeeded.
3s under jitter 0.12 = 3.61028874078 with chi^2 428.222831321
VariableMetricBuilder: no improvement
VariableMetricBuilder: finishes without convergence.
VariableMetricBuilder: edm= 0.00502412 requested: 1e-05
FunctionMinimum is invalid.
Minuit failed because the function is above maximum EDM.
3s under jitter 0.12 = 3.64265578037 with chi^2 432.843012808
eigenvalues: 
-0.0101129
0.32422
0.785679
1
1
1
1
1.00036
1.00659
2.89326
matrix forced pos-def by adding 0.0130062 to diagonal
MnHesse: matrix is invalid!
MnHesse: matrix is not pos. def.!
MnHesse: matrix was forced pos. def.
FunctionMinimum is invalid.
Minuit failed because covariance is not accurate, and covariance is not positive definite.
3s under jitter 0.12 = 3.58829243021 with chi^2 435.657117168
Minuit succeeded.
3s under jitter 0.12 = 3.63812903961 with chi^2 448.368589103
Minuit succeeded.
3s under jitter 0.12 = 3.59316522346 with chi^2 445.812096905
Minuit succeeded.
3s under jitter 0.12 = 3.60899020867 with chi^2 405.013911224
Minuit succeeded.
3s under jitter 0.12 = 3.62864089835 with chi^2 433.090763018
Minuit succeeded.
3s under jitter 0.12 = 3.56946466907 with chi^2 425.882068298
Minuit succeeded.
3s under jitter 0.12 = 3.62952202215 with chi^2 436.540393417
Minuit succeeded.
3s under jitter 0.12 = 3.64789672084 with chi^2 443.762104776
Minuit succeeded.
3s under jitter 0.12 = 3.58714376634 with chi^2 415.577294259
Minuit succeeded.
3s under jitter 0.12 = 3.63293121585 with chi^2 441.346227341
Minuit succeeded.
3s under jitter 0.12 = 3.62715482503 with chi^2 429.369792135
Minuit succeeded.
3s under jitter 0.12 = 3.68664863301 with chi^2 458.573568004
Minuit succeeded.
3s under jitter 0.12 = 3.59387757665 with chi^2 418.958677453
Minuit succeeded.
3s under jitter 0.12 = 3.58995115823 with chi^2 417.27529698
Minuit succeeded.
3s under jitter 0.12 = 3.60039467398 with chi^2 423.647071335
Minuit succeeded.
3s under jitter 0.12 = 3.58255054571 with chi^2 426.336906086
Minuit succeeded.
3s under jitter 0.12 = 3.63002334709 with chi^2 466.886199342
VariableMetricBuilder: no improvement
Minuit succeeded.
3s under jitter 0.12 = 3.60252449334 with chi^2 435.758506739
VariableMetricBuilder: matrix not pos.def.
gdel > 0: 2.12343e-05
negative or zero diagonal element 0 in covariance matrix
negative or zero diagonal element 1 in covariance matrix
added 1.00308 to diagonal of error matrix
gdel: 2.12343e-05
Minuit succeeded.
3s under jitter 0.12 = 3.58271898769 with chi^2 414.734270114
Minuit succeeded.
3s under jitter 0.12 = 3.60970725762 with chi^2 426.292624123
Minuit succeeded.
3s under jitter 0.12 = 3.63865203915 with chi^2 443.492312763
eigenvalues: 
-0.00168235
0.297268
0.519841
1
1
1
1
1.00037
1.00588
3.17833
matrix forced pos-def by adding 0.00486068 to diagonal
MnHesse: matrix is invalid!
MnHesse: matrix is not pos. def.!
MnHesse: matrix was forced pos. def.
FunctionMinimum is invalid.
Minuit failed because covariance is not accurate, and covariance is not positive definite.
3s under jitter 0.12 = 3.64695888404 with chi^2 425.273968061
eigenvalues: 
-0.0102944
0.316153
0.61447
1
1
1
1
1.00014
1.00707
3.07247
matrix forced pos-def by adding 0.0133668 to diagonal
MnHesse: matrix is invalid!
MnHesse: matrix is not pos. def.!
MnHesse: matrix was forced pos. def.
FunctionMinimum is invalid.
Minuit failed because covariance is not accurate, and covariance is not positive definite.
3s under jitter 0.12 = 3.61728066937 with chi^2 434.514004052
VariableMetricBuilder: no improvement
Minuit succeeded.
3s under jitter 0.12 = 3.58115414284 with chi^2 421.24662423
Minuit succeeded.
3s under jitter 0.12 = 3.58864950491 with chi^2 416.174206423
eigenvalues: 
-0.0210317
0.32638
0.586876
1
1
1
1
1.00029
1.00484
3.10265
matrix forced pos-def by adding 0.0241343 to diagonal
MnHesse: matrix is invalid!
MnHesse: matrix is not pos. def.!
MnHesse: matrix was forced pos. def.
FunctionMinimum is invalid.
Minuit failed because covariance is not accurate, and covariance is not positive definite.
3s under jitter 0.12 = 3.60574094739 with chi^2 418.820219889
Minuit succeeded.
3s under jitter 0.12 = 3.63956261713 with chi^2 437.869128545
Minuit succeeded.
3s under jitter 0.12 = 3.62577623048 with chi^2 433.003719319
Minuit succeeded.
3s under jitter 0.12 = 3.71170413159 with chi^2 441.414414747
eigenvalues: 
-0.020999
0.324936
0.810482
1
1
1
1
1.00036
1.0057
2.87952
matrix forced pos-def by adding 0.0238786 to diagonal
MnHesse: matrix is invalid!
MnHesse: matrix is not pos. def.!
MnHesse: matrix was forced pos. def.
FunctionMinimum is invalid.
Minuit failed because covariance is not accurate, and covariance is not positive definite.
3s under jitter 0.12 = 3.61595224405 with chi^2 420.054814736
Minuit succeeded.
3s under jitter 0.12 = 3.63546796762 with chi^2 423.437206914
Minuit succeeded.
3s under jitter 0.12 = 3.65776185483 with chi^2 468.912202758
eigenvalues: 
-0.0187683
0.325678
0.684013
1
1
1
1
1.00076
1.00866
2.99966
matrix forced pos-def by adding 0.0217679 to diagonal
MnHesse: matrix is invalid!
MnHesse: matrix is not pos. def.!
MnHesse: matrix was forced pos. def.
FunctionMinimum is invalid.
Minuit failed because covariance is not accurate, and covariance is not positive definite.
3s under jitter 0.12 = 3.62180498571 with chi^2 451.655528483
Minuit succeeded.
3s under jitter 0.12 = 3.61500898859 with chi^2 412.138046175
Minuit succeeded.
3s under jitter 0.12 = 3.59921320089 with chi^2 443.336763929
Minuit succeeded.
3s under jitter 0.12 = 3.64634596598 with chi^2 450.691228845
eigenvalues: 
-0.0273022
0.277138
0.486351
1
1
1
1
1.00023
1.00911
3.25447
matrix forced pos-def by adding 0.0305567 to diagonal
MnHesse: matrix is invalid!
MnHesse: matrix is not pos. def.!
MnHesse: matrix was forced pos. def.
FunctionMinimum is invalid.
Minuit failed because covariance is not accurate, and covariance is not positive definite.
3s under jitter 0.12 = 3.65401512522 with chi^2 459.410511361
Minuit succeeded.
3s under jitter 0.12 = 3.59497994957 with chi^2 415.387285176
eigenvalues: 
-0.0798561
0.283305
0.56591
1
1
1
1
1.00066
1.02015
3.20983
matrix forced pos-def by adding 0.083066 to diagonal
MnHesse: matrix is invalid!
MnHesse: matrix is not pos. def.!
MnHesse: matrix was forced pos. def.
FunctionMinimum is invalid.
Minuit failed because covariance is not accurate, and covariance is not positive definite.
3s under jitter 0.12 = 3.68280691172 with chi^2 491.485931565
Minuit succeeded.
3s under jitter 0.12 = 3.59282114318 with chi^2 415.063906857
Minuit succeeded.
3s under jitter 0.12 = 3.60988624222 with chi^2 425.758170162
