eigenvalues: 
-0.036011
0.318388
0.698164
1
1
1
1
1.00033
1.00417
3.01496
matrix forced pos-def by adding 0.039026 to diagonal
MnHesse: matrix is invalid!
MnHesse: matrix is not pos. def.!
MnHesse: matrix was forced pos. def.
FunctionMinimum is invalid.
Minuit failed because covariance is not accurate, and covariance is not positive definite.
3s under jitter 0.14 = 3.5917039232 with chi^2 428.430007993
Minuit succeeded.
3s under jitter 0.14 = 3.67231693792 with chi^2 468.425459834
Minuit succeeded.
3s under jitter 0.14 = 3.6200388587 with chi^2 480.700593559
Minuit succeeded.
3s under jitter 0.14 = 3.62704056145 with chi^2 443.122240585
Minuit succeeded.
3s under jitter 0.14 = 3.66109926555 with chi^2 461.919439459
Minuit succeeded.
3s under jitter 0.14 = 3.61612945581 with chi^2 428.066009473
Minuit succeeded.
3s under jitter 0.14 = 3.63387403073 with chi^2 438.693995833
Minuit succeeded.
3s under jitter 0.14 = 3.64380086468 with chi^2 429.896173083
Minuit succeeded.
3s under jitter 0.14 = 3.62677457406 with chi^2 428.377474924
Minuit succeeded.
3s under jitter 0.14 = 3.66280821424 with chi^2 418.880994661
VariableMetricBuilder: matrix not pos.def.
gdel > 0: 4.61165e-05
negative or zero diagonal element 0 in covariance matrix
negative or zero diagonal element 1 in covariance matrix
added 1.00425 to diagonal of error matrix
gdel: 4.61165e-05
Minuit succeeded.
3s under jitter 0.14 = 3.60331126166 with chi^2 415.53984951
eigenvalues: 
-0.0147025
0.322208
0.737738
1
1
1
1
1.00032
1.00798
2.94646
matrix forced pos-def by adding 0.017649 to diagonal
MnHesse: matrix is invalid!
MnHesse: matrix is not pos. def.!
MnHesse: matrix was forced pos. def.
FunctionMinimum is invalid.
Minuit failed because covariance is not accurate, and covariance is not positive definite.
3s under jitter 0.14 = 3.68173519165 with chi^2 557.484388659
Minuit succeeded.
3s under jitter 0.14 = 3.58874046001 with chi^2 431.599528312
Minuit succeeded.
3s under jitter 0.14 = 3.6136572703 with chi^2 412.243673328
Minuit succeeded.
3s under jitter 0.14 = 3.64061911433 with chi^2 428.796779574
Minuit succeeded.
3s under jitter 0.14 = 3.61554489062 with chi^2 424.293571625
Minuit succeeded.
3s under jitter 0.14 = 3.7692253189 with chi^2 489.345443401
Minuit succeeded.
3s under jitter 0.14 = 3.68442401529 with chi^2 448.12974659
VariableMetricBuilder: no improvement
Minuit succeeded.
3s under jitter 0.14 = 3.63569940352 with chi^2 413.45914589
Minuit succeeded.
3s under jitter 0.14 = 3.61979634038 with chi^2 430.861580698
Minuit succeeded.
3s under jitter 0.14 = 3.65476578369 with chi^2 417.723123424
Minuit succeeded.
3s under jitter 0.14 = 3.64296808491 with chi^2 496.513864489
Minuit succeeded.
3s under jitter 0.14 = 3.639941621 with chi^2 473.137345246
Minuit succeeded.
3s under jitter 0.14 = 3.7261745907 with chi^2 459.321588915
Minuit succeeded.
3s under jitter 0.14 = 3.65316777948 with chi^2 419.019373352
Minuit succeeded.
3s under jitter 0.14 = 3.66664776761 with chi^2 444.46308252
eigenvalues: 
-0.066241
0.31041
0.664258
1
1
1
1
1.0002
1.00422
3.08715
matrix forced pos-def by adding 0.0693282 to diagonal
MnHesse: matrix is invalid!
MnHesse: matrix is not pos. def.!
MnHesse: matrix was forced pos. def.
FunctionMinimum is invalid.
Minuit failed because covariance is not accurate, and covariance is not positive definite.
3s under jitter 0.14 = 3.60343168961 with chi^2 429.092484069
VariableMetricBuilder: no improvement
VariableMetricBuilder: machine accuracy limits further improvement.
Minuit succeeded.
3s under jitter 0.14 = 3.62317351592 with chi^2 445.152776978
Minuit succeeded.
3s under jitter 0.14 = 3.59932934383 with chi^2 420.69577218
Minuit succeeded.
3s under jitter 0.14 = 3.63671703792 with chi^2 421.234952661
Minuit succeeded.
3s under jitter 0.14 = 3.68829324726 with chi^2 437.853123788
Minuit succeeded.
3s under jitter 0.14 = 3.61524349712 with chi^2 432.349532012
VariableMetricBuilder: no improvement
VariableMetricBuilder: finishes without convergence.
VariableMetricBuilder: edm= 0.00016549 requested: 1e-05
FunctionMinimum is invalid.
Minuit failed because the function is above maximum EDM.
3s under jitter 0.14 = 3.60484462578 with chi^2 439.3726551
Minuit succeeded.
3s under jitter 0.14 = 3.65195062369 with chi^2 438.353356985
Minuit succeeded.
3s under jitter 0.14 = 3.72502150176 with chi^2 575.381775652
Minuit succeeded.
3s under jitter 0.14 = 3.63786267321 with chi^2 458.18550422
Minuit succeeded.
3s under jitter 0.14 = 3.60120882139 with chi^2 423.026655736
Minuit succeeded.
3s under jitter 0.14 = 3.63747555639 with chi^2 416.699106187
Minuit succeeded.
3s under jitter 0.14 = 3.59062154604 with chi^2 423.293107387
Minuit succeeded.
3s under jitter 0.14 = 3.66339896655 with chi^2 445.484029311
VariableMetricBuilder: no improvement
Minuit succeeded.
3s under jitter 0.14 = 3.66166007476 with chi^2 468.874308654
Minuit succeeded.
3s under jitter 0.14 = 3.5948548648 with chi^2 446.080461696
Minuit succeeded.
3s under jitter 0.14 = 3.55129589449 with chi^2 454.890812434
Minuit succeeded.
3s under jitter 0.14 = 3.62619262996 with chi^2 420.253595577
Minuit succeeded.
3s under jitter 0.14 = 3.62860412125 with chi^2 452.722826181
Minuit succeeded.
3s under jitter 0.14 = 3.67113155816 with chi^2 437.205291996
Minuit succeeded.
3s under jitter 0.14 = 3.61168048599 with chi^2 456.004018455
eigenvalues: 
-0.00171586
0.326463
0.708855
1
1
1
1
1.00057
1.00124
2.96458
matrix forced pos-def by adding 0.00468044 to diagonal
MnHesse: matrix is invalid!
MnHesse: matrix is not pos. def.!
MnHesse: matrix was forced pos. def.
FunctionMinimum is invalid.
Minuit failed because covariance is not accurate, and covariance is not positive definite.
3s under jitter 0.14 = 3.61897204617 with chi^2 411.371440882
Minuit succeeded.
3s under jitter 0.14 = 3.75390216762 with chi^2 504.786401506
Minuit succeeded.
3s under jitter 0.14 = 3.67592472746 with chi^2 449.017166974
Minuit succeeded.
3s under jitter 0.14 = 3.57159118572 with chi^2 442.409083611
VariableMetricBuilder: matrix not pos.def.
edm < 0
negative or zero diagonal element 1 in covariance matrix
added 1.00026 to diagonal of error matrix
Minuit succeeded.
3s under jitter 0.14 = 3.59960455217 with chi^2 418.733170631
Minuit succeeded.
3s under jitter 0.14 = 3.62348870935 with chi^2 439.359546294
Minuit succeeded.
3s under jitter 0.14 = 3.61789648843 with chi^2 431.832057929
eigenvalues: 
-0.0193051
0.322521
0.702432
1
1
1
1
1.00025
1.0084
2.9857
matrix forced pos-def by adding 0.0222908 to diagonal
MnHesse: matrix is invalid!
MnHesse: matrix is not pos. def.!
MnHesse: matrix was forced pos. def.
FunctionMinimum is invalid.
Minuit failed because covariance is not accurate, and covariance is not positive definite.
3s under jitter 0.14 = 3.57213321177 with chi^2 416.853764661
Minuit succeeded.
3s under jitter 0.14 = 3.68956185587 with chi^2 467.968840062
Minuit succeeded.
3s under jitter 0.14 = 3.65741661878 with chi^2 439.888321626
Minuit succeeded.
3s under jitter 0.14 = 3.57925256327 with chi^2 418.219560648
Minuit succeeded.
3s under jitter 0.14 = 3.66758051134 with chi^2 427.684470663
Minuit succeeded.
3s under jitter 0.14 = 3.5932151713 with chi^2 434.358339808
eigenvalues: 
-0.0165801
0.313731
0.680228
1
1
1
1
1.00014
1.00245
3.02003
matrix forced pos-def by adding 0.0196002 to diagonal
MnHesse: matrix is invalid!
MnHesse: matrix is not pos. def.!
MnHesse: matrix was forced pos. def.
FunctionMinimum is invalid.
Minuit failed because covariance is not accurate, and covariance is not positive definite.
3s under jitter 0.14 = 3.66438759167 with chi^2 423.428971602
Minuit succeeded.
3s under jitter 0.14 = 3.63307980952 with chi^2 454.607263367
VariableMetricBuilder: no improvement
VariableMetricBuilder: finishes without convergence.
VariableMetricBuilder: edm= 0.0002194 requested: 1e-05
FunctionMinimum is invalid.
Minuit failed because the function is above maximum EDM.
3s under jitter 0.14 = 3.62922377477 with chi^2 432.929912379
Minuit succeeded.
3s under jitter 0.14 = 3.71888731608 with chi^2 594.808686725
Minuit succeeded.
3s under jitter 0.14 = 3.63162763975 with chi^2 409.982113712
Minuit succeeded.
3s under jitter 0.14 = 3.6795810903 with chi^2 426.934326404
VariableMetricBuilder: no improvement
Minuit succeeded.
3s under jitter 0.14 = 3.57480922805 with chi^2 432.379352173
Minuit succeeded.
3s under jitter 0.14 = 3.67658269949 with chi^2 452.862057427
VariableMetricBuilder: matrix not pos.def.
gdel > 0: 0.000301739
negative or zero diagonal element 0 in covariance matrix
negative or zero diagonal element 1 in covariance matrix
negative or zero diagonal element 6 in covariance matrix
added 1.0083 to diagonal of error matrix
gdel: 0.000301739
Minuit succeeded.
3s under jitter 0.14 = 3.63540964416 with chi^2 418.728778347
Minuit succeeded.
3s under jitter 0.14 = 3.63583697096 with chi^2 438.59404097
Minuit succeeded.
3s under jitter 0.14 = 3.61424078797 with chi^2 434.876626913
VariableMetricBuilder: no improvement
Minuit succeeded.
3s under jitter 0.14 = 3.62816675385 with chi^2 432.434677481
Minuit succeeded.
3s under jitter 0.14 = 3.67062286256 with chi^2 469.611570711
Minuit succeeded.
3s under jitter 0.14 = 3.65615162282 with chi^2 424.417674886
Minuit succeeded.
3s under jitter 0.14 = 3.61838542145 with chi^2 442.604441825
eigenvalues: 
-0.00546622
0.324591
0.686966
1
1
1
1
1.00022
1.00477
2.98893
matrix forced pos-def by adding 0.00845514 to diagonal
MnHesse: matrix is invalid!
MnHesse: matrix is not pos. def.!
MnHesse: matrix was forced pos. def.
FunctionMinimum is invalid.
Minuit failed because covariance is not accurate, and covariance is not positive definite.
3s under jitter 0.14 = 3.67103992652 with chi^2 447.162434233
Minuit succeeded.
3s under jitter 0.14 = 3.60490088795 with chi^2 411.714204652
Minuit succeeded.
3s under jitter 0.14 = 3.63110966248 with chi^2 462.387504021
Minuit succeeded.
3s under jitter 0.14 = 3.72509623134 with chi^2 459.233454107
Minuit succeeded.
3s under jitter 0.14 = 3.64702599921 with chi^2 414.769041262
Minuit succeeded.
3s under jitter 0.14 = 3.59806411476 with chi^2 469.554910497
Minuit succeeded.
3s under jitter 0.14 = 3.59448795085 with chi^2 415.234170893
eigenvalues: 
-0.0110782
0.318164
0.655581
1
1
1
1
1.0003
1.00319
3.03384
matrix forced pos-def by adding 0.0141121 to diagonal
MnHesse: matrix is invalid!
MnHesse: matrix is not pos. def.!
MnHesse: matrix was forced pos. def.
FunctionMinimum is invalid.
Minuit failed because covariance is not accurate, and covariance is not positive definite.
3s under jitter 0.14 = 3.58123853333 with chi^2 436.646513974
eigenvalues: 
-0.00340543
0.30631
0.628147
1
1
1
1
1.00015
1.00449
3.0643
matrix forced pos-def by adding 0.00646974 to diagonal
MnHesse: matrix is invalid!
MnHesse: matrix is not pos. def.!
MnHesse: matrix was forced pos. def.
FunctionMinimum is invalid.
Minuit failed because covariance is not accurate, and covariance is not positive definite.
3s under jitter 0.14 = 3.62283297278 with chi^2 427.555797959
Minuit succeeded.
3s under jitter 0.14 = 3.62165496846 with chi^2 418.179317595
Minuit succeeded.
3s under jitter 0.14 = 3.6153706613 with chi^2 428.127389762
Minuit succeeded.
3s under jitter 0.14 = 3.63008303372 with chi^2 431.557184035
Minuit succeeded.
3s under jitter 0.14 = 3.68359187633 with chi^2 439.66014966
Minuit succeeded.
3s under jitter 0.14 = 3.66978670288 with chi^2 428.768758032
Minuit succeeded.
3s under jitter 0.14 = 3.62679767947 with chi^2 412.883822483
Minuit succeeded.
3s under jitter 0.14 = 3.7329022179 with chi^2 475.375192717
Minuit succeeded.
3s under jitter 0.14 = 3.65516651352 with chi^2 432.91229213
Minuit succeeded.
3s under jitter 0.14 = 3.64614256256 with chi^2 448.547442001
Minuit succeeded.
3s under jitter 0.14 = 3.60305624097 with chi^2 416.64494856
Minuit succeeded.
3s under jitter 0.14 = 3.6111736914 with chi^2 419.978935438
Minuit succeeded.
3s under jitter 0.14 = 3.66155218519 with chi^2 428.401291606
Minuit succeeded.
3s under jitter 0.14 = 3.65851788531 with chi^2 463.68435224
eigenvalues: 
-0.0302117
0.316411
0.605256
1
1
1
1
1.00055
1.01401
3.09399
matrix forced pos-def by adding 0.0333057 to diagonal
MnHesse: matrix is invalid!
MnHesse: matrix is not pos. def.!
MnHesse: matrix was forced pos. def.
FunctionMinimum is invalid.
Minuit failed because covariance is not accurate, and covariance is not positive definite.
3s under jitter 0.14 = 3.62933226294 with chi^2 462.571880479
Minuit succeeded.
3s under jitter 0.14 = 3.63858382191 with chi^2 472.438235593
Minuit succeeded.
3s under jitter 0.14 = 3.62353573528 with chi^2 415.480222441
