Minuit succeeded.
3s under jitter 0.06 = 3.5838516669 with chi^2 417.825999698
VariableMetricBuilder: no improvement
VariableMetricBuilder: finishes without convergence.
VariableMetricBuilder: edm= 0.000166035 requested: 1e-05
FunctionMinimum is invalid.
Minuit failed because the function is above maximum EDM.
3s under jitter 0.06 = 3.57307063097 with chi^2 421.223271113
eigenvalues: 
-0.0325827
0.317805
0.58472
1
1
1
1
1.00012
1.00202
3.12792
matrix forced pos-def by adding 0.0357106 to diagonal
MnHesse: matrix is invalid!
MnHesse: matrix is not pos. def.!
MnHesse: matrix was forced pos. def.
FunctionMinimum is invalid.
Minuit failed because covariance is not accurate, and covariance is not positive definite.
3s under jitter 0.06 = 3.59890151487 with chi^2 416.94891759
Minuit succeeded.
3s under jitter 0.06 = 3.59959475669 with chi^2 415.880156142
VariableMetricBuilder: matrix not pos.def.
gdel > 0: 3.30423e-05
negative or zero diagonal element 0 in covariance matrix
negative or zero diagonal element 1 in covariance matrix
negative or zero diagonal element 6 in covariance matrix
added 1.00191 to diagonal of error matrix
gdel: 3.30423e-05
Minuit succeeded.
3s under jitter 0.06 = 3.58908892215 with chi^2 422.925000719
Minuit succeeded.
3s under jitter 0.06 = 3.60440301711 with chi^2 410.301624662
Minuit succeeded.
3s under jitter 0.06 = 3.60865423103 with chi^2 414.298359569
eigenvalues: 
-0.0185261
0.314353
0.608039
1
1
1
1
1.0002
1.01158
3.08436
matrix forced pos-def by adding 0.0216104 to diagonal
MnHesse: matrix is invalid!
MnHesse: matrix is not pos. def.!
MnHesse: matrix was forced pos. def.
FunctionMinimum is invalid.
Minuit failed because covariance is not accurate, and covariance is not positive definite.
3s under jitter 0.06 = 3.59287484474 with chi^2 423.919684694
Minuit succeeded.
3s under jitter 0.06 = 3.60137752044 with chi^2 408.057118661
Minuit succeeded.
3s under jitter 0.06 = 3.61302952093 with chi^2 411.109631838
Minuit succeeded.
3s under jitter 0.06 = 3.59160071749 with chi^2 414.930305075
eigenvalues: 
-0.251363
0.286768
0.743453
1
1
1
1
1.00066
1.00564
3.21483
matrix forced pos-def by adding 0.254578 to diagonal
MnHesse: matrix is invalid!
MnHesse: matrix is not pos. def.!
MnHesse: matrix was forced pos. def.
FunctionMinimum is invalid.
Minuit failed because covariance is not accurate, and covariance is not positive definite.
3s under jitter 0.06 = 3.57144775666 with chi^2 418.628232457
Minuit succeeded.
3s under jitter 0.06 = 3.59465891715 with chi^2 412.976318042
Minuit succeeded.
3s under jitter 0.06 = 3.58394971007 with chi^2 412.695810027
Minuit succeeded.
3s under jitter 0.06 = 3.59272598038 with chi^2 415.121895486
Minuit succeeded.
3s under jitter 0.06 = 3.59400407212 with chi^2 422.682869708
Minuit succeeded.
3s under jitter 0.06 = 3.59231263626 with chi^2 419.840281773
eigenvalues: 
-0.0106943
0.30562
0.621096
1
1
1
1
1.00013
1.01269
3.07116
matrix forced pos-def by adding 0.0137655 to diagonal
MnHesse: matrix is invalid!
MnHesse: matrix is not pos. def.!
MnHesse: matrix was forced pos. def.
FunctionMinimum is invalid.
Minuit failed because covariance is not accurate, and covariance is not positive definite.
3s under jitter 0.06 = 3.58502750565 with chi^2 411.666691127
Minuit succeeded.
3s under jitter 0.06 = 3.58777316587 with chi^2 415.524547825
Minuit succeeded.
3s under jitter 0.06 = 3.57432845853 with chi^2 420.868933787
Minuit succeeded.
3s under jitter 0.06 = 3.60478188238 with chi^2 420.48908329
Minuit succeeded.
3s under jitter 0.06 = 3.57708378775 with chi^2 418.0054169
Minuit succeeded.
3s under jitter 0.06 = 3.58852544692 with chi^2 410.587079979
Minuit succeeded.
3s under jitter 0.06 = 3.58862904924 with chi^2 413.012677626
Minuit succeeded.
3s under jitter 0.06 = 3.6195427024 with chi^2 411.147265289
Minuit succeeded.
3s under jitter 0.06 = 3.60267182733 with chi^2 430.383804021
Minuit succeeded.
3s under jitter 0.06 = 3.56060669699 with chi^2 415.33889025
Minuit succeeded.
3s under jitter 0.06 = 3.5909331418 with chi^2 413.131958423
Minuit succeeded.
3s under jitter 0.06 = 3.59565350952 with chi^2 412.008244744
Minuit succeeded.
3s under jitter 0.06 = 3.61040829809 with chi^2 412.304458784
Minuit succeeded.
3s under jitter 0.06 = 3.57690044754 with chi^2 419.44008165
Minuit succeeded.
3s under jitter 0.06 = 3.57138706231 with chi^2 410.13036967
Minuit succeeded.
3s under jitter 0.06 = 3.59412205093 with chi^2 412.351671848
Minuit succeeded.
3s under jitter 0.06 = 3.61708110398 with chi^2 416.538783292
Minuit succeeded.
3s under jitter 0.06 = 3.59305264836 with chi^2 409.007889176
Minuit succeeded.
3s under jitter 0.06 = 3.61412875116 with chi^2 425.262876421
Minuit succeeded.
3s under jitter 0.06 = 3.59055346841 with chi^2 413.38829928
Minuit succeeded.
3s under jitter 0.06 = 3.60990821289 with chi^2 408.760547209
Minuit succeeded.
3s under jitter 0.06 = 3.58914862957 with chi^2 411.401366897
eigenvalues: 
-0.0192137
0.321042
0.657162
1
1
1
1
1.00028
1.00358
3.03715
matrix forced pos-def by adding 0.0222509 to diagonal
MnHesse: matrix is invalid!
MnHesse: matrix is not pos. def.!
MnHesse: matrix was forced pos. def.
FunctionMinimum is invalid.
Minuit failed because covariance is not accurate, and covariance is not positive definite.
3s under jitter 0.06 = 3.59042041814 with chi^2 407.114712545
Minuit succeeded.
3s under jitter 0.06 = 3.57399082851 with chi^2 415.579972027
Minuit succeeded.
3s under jitter 0.06 = 3.59248231061 with chi^2 422.967735179
Minuit succeeded.
3s under jitter 0.06 = 3.59032713172 with chi^2 423.921087565
Minuit succeeded.
3s under jitter 0.06 = 3.58801302171 with chi^2 413.785146539
VariableMetricBuilder: matrix not pos.def.
gdel > 0: 0.000110283
negative or zero diagonal element 1 in covariance matrix
added 1.00025 to diagonal of error matrix
gdel: 0.000110283
eigenvalues: 
-0.0372694
0.316154
0.652944
1
1
1
1
1.00037
1.00751
3.06029
matrix forced pos-def by adding 0.0403297 to diagonal
MnHesse: matrix is invalid!
MnHesse: matrix is not pos. def.!
MnHesse: matrix was forced pos. def.
FunctionMinimum is invalid.
Minuit failed because covariance is not accurate, and covariance is not positive definite.
3s under jitter 0.06 = 3.58321203895 with chi^2 414.491810862
Minuit succeeded.
3s under jitter 0.06 = 3.56539834155 with chi^2 413.647357736
VariableMetricBuilder: matrix not pos.def.
gdel > 0: 1.13193e-05
negative or zero diagonal element 0 in covariance matrix
negative or zero diagonal element 1 in covariance matrix
added 1.00274 to diagonal of error matrix
gdel: 1.13193e-05
Minuit succeeded.
3s under jitter 0.06 = 3.58945700954 with chi^2 410.460719043
Minuit succeeded.
3s under jitter 0.06 = 3.58139598212 with chi^2 411.439298769
Minuit succeeded.
3s under jitter 0.06 = 3.57516214492 with chi^2 409.941745745
Minuit succeeded.
3s under jitter 0.06 = 3.60463165663 with chi^2 419.871202589
eigenvalues: 
-0.0184429
0.327385
0.608598
1
1
1
1
1.0003
1.00275
3.07941
matrix forced pos-def by adding 0.0215223 to diagonal
MnHesse: matrix is invalid!
MnHesse: matrix is not pos. def.!
MnHesse: matrix was forced pos. def.
FunctionMinimum is invalid.
Minuit failed because covariance is not accurate, and covariance is not positive definite.
3s under jitter 0.06 = 3.6038037822 with chi^2 423.36268806
Minuit succeeded.
3s under jitter 0.06 = 3.59987789932 with chi^2 419.627190595
Minuit succeeded.
3s under jitter 0.06 = 3.58997617565 with chi^2 430.64996756
Minuit succeeded.
3s under jitter 0.06 = 3.59867005583 with chi^2 417.331377935
eigenvalues: 
-0.0867148
0.301112
0.611425
1
1
1
1
1.00038
1.01399
3.15981
matrix forced pos-def by adding 0.0898746 to diagonal
MnHesse: matrix is invalid!
MnHesse: matrix is not pos. def.!
MnHesse: matrix was forced pos. def.
FunctionMinimum is invalid.
Minuit failed because covariance is not accurate, and covariance is not positive definite.
3s under jitter 0.06 = 3.60271437728 with chi^2 414.846667219
Minuit succeeded.
3s under jitter 0.06 = 3.58696478654 with chi^2 413.729586496
Minuit succeeded.
3s under jitter 0.06 = 3.5747659165 with chi^2 415.673608095
Minuit succeeded.
3s under jitter 0.06 = 3.60646168006 with chi^2 412.537411836
Minuit succeeded.
3s under jitter 0.06 = 3.58588275274 with chi^2 413.254595336
Minuit succeeded.
3s under jitter 0.06 = 3.59260456298 with chi^2 417.194270588
Minuit succeeded.
3s under jitter 0.06 = 3.59904435548 with chi^2 417.044769074
eigenvalues: 
-0.012522
0.309285
0.662712
1
1
1
1
1.00007
1.0046
3.03586
matrix forced pos-def by adding 0.0155578 to diagonal
MnHesse: matrix is invalid!
MnHesse: matrix is not pos. def.!
MnHesse: matrix was forced pos. def.
FunctionMinimum is invalid.
Minuit failed because covariance is not accurate, and covariance is not positive definite.
3s under jitter 0.06 = 3.58391852563 with chi^2 419.606655599
Minuit succeeded.
3s under jitter 0.06 = 3.57888820715 with chi^2 411.497609101
Minuit succeeded.
3s under jitter 0.06 = 3.58155307546 with chi^2 410.37794742
eigenvalues: 
-0.0392221
0.297032
0.632786
1
1
1
1
1.00061
1.00838
3.10041
matrix forced pos-def by adding 0.0423225 to diagonal
MnHesse: matrix is invalid!
MnHesse: matrix is not pos. def.!
MnHesse: matrix was forced pos. def.
FunctionMinimum is invalid.
Minuit failed because covariance is not accurate, and covariance is not positive definite.
3s under jitter 0.06 = 3.5852398148 with chi^2 408.184716564
Minuit succeeded.
3s under jitter 0.06 = 3.57029158582 with chi^2 405.988416674
Minuit succeeded.
3s under jitter 0.06 = 3.60395785581 with chi^2 426.650481678
VariableMetricBuilder: no improvement
VariableMetricBuilder: machine accuracy limits further improvement.
Minuit succeeded.
3s under jitter 0.06 = 3.60214165228 with chi^2 412.767815003
Minuit succeeded.
3s under jitter 0.06 = 3.60132341398 with chi^2 411.965661844
Minuit succeeded.
3s under jitter 0.06 = 3.57151299044 with chi^2 412.749616193
Minuit succeeded.
3s under jitter 0.06 = 3.57380746419 with chi^2 411.198415737
Minuit succeeded.
3s under jitter 0.06 = 3.60405793852 with chi^2 433.34444342
Minuit succeeded.
3s under jitter 0.06 = 3.58939229958 with chi^2 407.011660449
Minuit succeeded.
3s under jitter 0.06 = 3.60407854058 with chi^2 416.384235359
Minuit succeeded.
3s under jitter 0.06 = 3.57122092479 with chi^2 414.933145542
VariableMetricBuilder: no improvement
VariableMetricBuilder: finishes without convergence.
VariableMetricBuilder: edm= 0.000819548 requested: 1e-05
FunctionMinimum is invalid.
Minuit failed because the function is above maximum EDM.
3s under jitter 0.06 = 3.60441895424 with chi^2 410.832043818
Minuit succeeded.
3s under jitter 0.06 = 3.58332450643 with chi^2 416.295084277
Minuit succeeded.
3s under jitter 0.06 = 3.60633907578 with chi^2 418.177851008
Minuit succeeded.
3s under jitter 0.06 = 3.60091818288 with chi^2 413.60058767
Minuit succeeded.
3s under jitter 0.06 = 3.58233784557 with chi^2 410.59138423
Minuit succeeded.
3s under jitter 0.06 = 3.57376458006 with chi^2 412.791939885
Minuit succeeded.
3s under jitter 0.06 = 3.60165762075 with chi^2 412.135999542
Minuit succeeded.
3s under jitter 0.06 = 3.59697567228 with chi^2 443.82073625
Minuit succeeded.
3s under jitter 0.06 = 3.60626207771 with chi^2 418.282973427
Minuit succeeded.
3s under jitter 0.06 = 3.60186037518 with chi^2 421.171357177
Minuit succeeded.
3s under jitter 0.06 = 3.58407815665 with chi^2 416.419163138
eigenvalues: 
-0.0396553
0.298085
0.590685
1
1
1
1
1.00049
1.00878
3.14162
matrix forced pos-def by adding 0.042797 to diagonal
MnHesse: matrix is invalid!
MnHesse: matrix is not pos. def.!
MnHesse: matrix was forced pos. def.
FunctionMinimum is invalid.
Minuit failed because covariance is not accurate, and covariance is not positive definite.
3s under jitter 0.06 = 3.61274170455 with chi^2 433.372389371
Minuit succeeded.
3s under jitter 0.06 = 3.59191180197 with chi^2 413.470592739
Minuit succeeded.
3s under jitter 0.06 = 3.58876775847 with chi^2 421.503696726
Minuit succeeded.
3s under jitter 0.06 = 3.58978836504 with chi^2 413.738412439
Minuit succeeded.
3s under jitter 0.06 = 3.58867847242 with chi^2 419.527778099
Minuit succeeded.
3s under jitter 0.06 = 3.59958598413 with chi^2 418.904038494
VariableMetricBuilder: no improvement
eigenvalues: 
-0.0378328
0.308648
0.613277
1
1
1
1
1.00031
1.01213
3.10346
matrix forced pos-def by adding 0.0409363 to diagonal
MnHesse: matrix is invalid!
MnHesse: matrix is not pos. def.!
MnHesse: matrix was forced pos. def.
FunctionMinimum is invalid.
Minuit failed because covariance is not accurate, and covariance is not positive definite.
3s under jitter 0.06 = 3.5825347513 with chi^2 409.551066075
Minuit succeeded.
3s under jitter 0.06 = 3.59119822575 with chi^2 410.733350621
eigenvalues: 
-0.000160336
0.324817
0.69024
1
1
1
1
1.00014
1.00709
2.97788
matrix forced pos-def by adding 0.00313821 to diagonal
MnHesse: matrix is invalid!
MnHesse: matrix is not pos. def.!
MnHesse: matrix was forced pos. def.
FunctionMinimum is invalid.
Minuit failed because covariance is not accurate, and covariance is not positive definite.
3s under jitter 0.06 = 3.58169550467 with chi^2 412.576258157
Minuit succeeded.
3s under jitter 0.06 = 3.59106091867 with chi^2 420.142680321
Minuit succeeded.
3s under jitter 0.06 = 3.5846303021 with chi^2 411.251051879
Minuit succeeded.
3s under jitter 0.06 = 3.58792143938 with chi^2 416.71308816
Minuit succeeded.
3s under jitter 0.06 = 3.59783313138 with chi^2 427.266687245
Minuit succeeded.
3s under jitter 0.06 = 3.5742923143 with chi^2 410.126482376
