Minuit succeeded.
3s under jitter 0.5 = 4.40534128278 with chi^2 1135.13978881
Minuit succeeded.
3s under jitter 0.5 = 4.28756868639 with chi^2 748.609473172
Minuit succeeded.
3s under jitter 0.5 = 4.74165330145 with chi^2 1277.10994913
Minuit succeeded.
3s under jitter 0.5 = 4.69351671608 with chi^2 1717.00159659
Minuit succeeded.
3s under jitter 0.5 = 4.23285524116 with chi^2 1018.49505763
Minuit succeeded.
3s under jitter 0.5 = 4.20055906957 with chi^2 925.303752471
Minuit succeeded.
3s under jitter 0.5 = 4.36081569684 with chi^2 1111.32156196
Minuit succeeded.
3s under jitter 0.5 = 4.07197451615 with chi^2 993.259721702
Minuit succeeded.
3s under jitter 0.5 = 4.45441196293 with chi^2 1277.23186476
Minuit succeeded.
3s under jitter 0.5 = 4.2390331272 with chi^2 931.430987411
Minuit succeeded.
3s under jitter 0.5 = 4.09534374231 with chi^2 736.772839508
Minuit succeeded.
3s under jitter 0.5 = 4.50550994644 with chi^2 1162.25162142
Minuit succeeded.
3s under jitter 0.5 = 3.99055081834 with chi^2 679.231134417
Minuit succeeded.
3s under jitter 0.5 = 4.19848998057 with chi^2 927.605947554
Minuit succeeded.
3s under jitter 0.5 = 4.8533833456 with chi^2 1664.04071062
Minuit succeeded.
3s under jitter 0.5 = 4.3935537709 with chi^2 1142.06306247
VariableMetricBuilder: no improvement
VariableMetricBuilder: machine accuracy limits further improvement.
Minuit succeeded.
3s under jitter 0.5 = 4.12180713699 with chi^2 847.72755854
Minuit succeeded.
3s under jitter 0.5 = 4.01094504486 with chi^2 1005.64896788
Minuit succeeded.
3s under jitter 0.5 = 4.33198458496 with chi^2 1113.04354052
VariableMetricBuilder: no improvement
VariableMetricBuilder: machine accuracy limits further improvement.
Minuit succeeded.
3s under jitter 0.5 = 4.6357468288 with chi^2 1664.72700995
Minuit succeeded.
3s under jitter 0.5 = 4.45976357459 with chi^2 996.130350974
Minuit succeeded.
3s under jitter 0.5 = 4.24675379384 with chi^2 1019.4574188
VariableMetricBuilder: no improvement
VariableMetricBuilder: machine accuracy limits further improvement.
Minuit succeeded.
3s under jitter 0.5 = 4.08963714439 with chi^2 724.20203225
VariableMetricBuilder: no improvement
VariableMetricBuilder: machine accuracy limits further improvement.
Minuit succeeded.
3s under jitter 0.5 = 3.96758734837 with chi^2 782.672529284
Minuit succeeded.
3s under jitter 0.5 = 4.47989350367 with chi^2 1752.21051387
Minuit succeeded.
3s under jitter 0.5 = 4.10199279681 with chi^2 735.621935679
Minuit succeeded.
3s under jitter 0.5 = 3.90087486902 with chi^2 1424.99109175
Minuit succeeded.
3s under jitter 0.5 = 4.41537168847 with chi^2 1045.78933517
Minuit succeeded.
3s under jitter 0.5 = 4.62409023141 with chi^2 1359.05714163
Minuit succeeded.
3s under jitter 0.5 = 5.08778077284 with chi^2 2089.03317869
Minuit succeeded.
3s under jitter 0.5 = 4.53761046776 with chi^2 1206.56032587
Minuit succeeded.
3s under jitter 0.5 = 3.80686036317 with chi^2 782.681501659
Minuit succeeded.
3s under jitter 0.5 = 3.96285800778 with chi^2 600.617161167
Minuit succeeded.
3s under jitter 0.5 = 4.49011024704 with chi^2 1079.50127311
Minuit succeeded.
3s under jitter 0.5 = 3.97621359111 with chi^2 897.448458588
VariableMetricBuilder: no improvement
VariableMetricBuilder: machine accuracy limits further improvement.
Minuit succeeded.
3s under jitter 0.5 = 5.15218274431 with chi^2 2343.89935711
Minuit succeeded.
3s under jitter 0.5 = 4.67822851637 with chi^2 1899.39515791
Minuit succeeded.
3s under jitter 0.5 = 4.27501809751 with chi^2 989.183250645
Minuit succeeded.
3s under jitter 0.5 = 4.67447998599 with chi^2 1388.54505653
Minuit succeeded.
3s under jitter 0.5 = 4.44949073271 with chi^2 1552.25536807
Minuit succeeded.
3s under jitter 0.5 = 4.26960160076 with chi^2 1243.73216566
Minuit succeeded.
3s under jitter 0.5 = 4.46641513379 with chi^2 1122.7060068
Minuit succeeded.
3s under jitter 0.5 = 4.19497250807 with chi^2 903.892282855
Minuit succeeded.
3s under jitter 0.5 = 4.13328489991 with chi^2 791.443676553
Minuit succeeded.
3s under jitter 0.5 = 4.16373988474 with chi^2 845.438862412
Minuit succeeded.
3s under jitter 0.5 = 4.06837599419 with chi^2 686.982415149
Minuit succeeded.
3s under jitter 0.5 = 3.79797522591 with chi^2 622.788196469
VariableMetricBuilder: matrix not pos.def.
gdel > 0: 0.00547024
negative or zero diagonal element 0 in covariance matrix
negative or zero diagonal element 1 in covariance matrix
negative or zero diagonal element 2 in covariance matrix
negative or zero diagonal element 5 in covariance matrix
negative or zero diagonal element 6 in covariance matrix
negative or zero diagonal element 8 in covariance matrix
negative or zero diagonal element 9 in covariance matrix
added 1.807 to diagonal of error matrix
gdel: 0.00547024
Minuit succeeded.
3s under jitter 0.5 = 4.38744723918 with chi^2 1031.75488963
Minuit succeeded.
3s under jitter 0.5 = 4.34012354039 with chi^2 829.602808034
Minuit succeeded.
3s under jitter 0.5 = 4.57834569425 with chi^2 1076.42298949
VariableMetricBuilder: no improvement
VariableMetricBuilder: machine accuracy limits further improvement.
Minuit succeeded.
3s under jitter 0.5 = 4.29938518085 with chi^2 850.104817696
Minuit succeeded.
3s under jitter 0.5 = 5.25032779529 with chi^2 1869.77481689
Minuit succeeded.
3s under jitter 0.5 = 4.37574536364 with chi^2 810.650755295
Minuit succeeded.
3s under jitter 0.5 = 4.11851683061 with chi^2 840.201484525
Minuit succeeded.
3s under jitter 0.5 = 4.14249646518 with chi^2 869.863068605
eigenvalues: 
-0.015951
0.324042
0.627294
1
1
1
1
1.00025
1.01718
3.04719
matrix forced pos-def by adding 0.0189982 to diagonal
MnHesse: matrix is invalid!
MnHesse: matrix is not pos. def.!
MnHesse: matrix was forced pos. def.
FunctionMinimum is invalid.
Minuit failed because covariance is not accurate, and covariance is not positive definite.
3s under jitter 0.5 = 4.27156039646 with chi^2 1257.10165511
Minuit succeeded.
3s under jitter 0.5 = 4.12476332922 with chi^2 911.700868276
Minuit succeeded.
3s under jitter 0.5 = 4.20963495695 with chi^2 1112.34638963
Minuit succeeded.
3s under jitter 0.5 = 4.56184221612 with chi^2 1659.17778188
Minuit succeeded.
3s under jitter 0.5 = 4.12842692037 with chi^2 1059.72250722
Minuit succeeded.
3s under jitter 0.5 = 4.48058833991 with chi^2 1110.11245461
VariableMetricBuilder: no improvement
Minuit succeeded.
3s under jitter 0.5 = 4.18254177676 with chi^2 850.89441409
Minuit succeeded.
3s under jitter 0.5 = 5.1033212269 with chi^2 1855.05191946
Minuit succeeded.
3s under jitter 0.5 = 4.68604522766 with chi^2 1635.35399183
Minuit succeeded.
3s under jitter 0.5 = 4.39455695161 with chi^2 1090.97867588
Minuit succeeded.
3s under jitter 0.5 = 4.57012885286 with chi^2 1246.29836911
VariableMetricBuilder: no improvement
VariableMetricBuilder: finishes without convergence.
VariableMetricBuilder: edm= 417178 requested: 1e-05
eigenvalues: 
-1.56272
0.091907
0.745749
1
1
1
1
1.00796
2.52056
3.19654
matrix forced pos-def by adding 1.56592 to diagonal
MnHesse: matrix is invalid!
MnHesse: matrix is not pos. def.!
MnHesse: matrix was forced pos. def.
FunctionMinimum is invalid.
Minuit failed because covariance is not accurate, covariance is not positive definite, and the function is above maximum EDM.
3s under jitter 0.5 = 3.58 with chi^2 6034.75071685
Minuit succeeded.
3s under jitter 0.5 = 4.64377355425 with chi^2 1352.59977321
eigenvalues: 
-0.0209428
0.323087
0.841274
1
1
1
1
1.00027
1.00546
2.85085
matrix forced pos-def by adding 0.0237937 to diagonal
MnHesse: matrix is invalid!
MnHesse: matrix is not pos. def.!
MnHesse: matrix was forced pos. def.
FunctionMinimum is invalid.
Minuit failed because covariance is not accurate, and covariance is not positive definite.
3s under jitter 0.5 = 4.28480944288 with chi^2 795.480852901
VariableMetricBuilder: no improvement
VariableMetricBuilder: machine accuracy limits further improvement.
Minuit succeeded.
3s under jitter 0.5 = 4.53561544135 with chi^2 1825.35597819
Minuit succeeded.
3s under jitter 0.5 = 3.95958360774 with chi^2 791.494733369
Minuit succeeded.
3s under jitter 0.5 = 4.51598126019 with chi^2 1328.77796481
Minuit succeeded.
3s under jitter 0.5 = 4.33730922214 with chi^2 1028.20906585
Minuit succeeded.
3s under jitter 0.5 = 4.70884873383 with chi^2 2251.71569626
Minuit succeeded.
3s under jitter 0.5 = 4.43034018012 with chi^2 1144.47421046
Minuit succeeded.
3s under jitter 0.5 = 4.01400791674 with chi^2 831.322327032
Minuit succeeded.
3s under jitter 0.5 = 4.46736552192 with chi^2 1413.92301489
Minuit succeeded.
3s under jitter 0.5 = 4.64054952142 with chi^2 1213.50037375
Minuit succeeded.
3s under jitter 0.5 = 4.01799651746 with chi^2 885.121008308
Minuit succeeded.
3s under jitter 0.5 = 4.15321420082 with chi^2 801.943809402
Minuit succeeded.
3s under jitter 0.5 = 4.49518728349 with chi^2 990.869295585
Minuit succeeded.
3s under jitter 0.5 = 4.29827236208 with chi^2 850.993671037
Minuit succeeded.
3s under jitter 0.5 = 4.37290102619 with chi^2 916.021725131
Minuit succeeded.
3s under jitter 0.5 = 4.63435248123 with chi^2 1636.19620983
Minuit succeeded.
3s under jitter 0.5 = 4.54262343341 with chi^2 1786.62275411
Minuit succeeded.
3s under jitter 0.5 = 4.26963018044 with chi^2 1379.8153187
Minuit succeeded.
3s under jitter 0.5 = 4.94028573638 with chi^2 1509.61557195
Minuit succeeded.
3s under jitter 0.5 = 6.71855947016 with chi^2 4024.57887548
VariableMetricBuilder: matrix not pos.def.
gdel > 0: 2.5532e-05
negative or zero diagonal element 3 in covariance matrix
added 1.02626 to diagonal of error matrix
gdel: 2.5532e-05
Minuit succeeded.
3s under jitter 0.5 = 4.36491777551 with chi^2 1109.07188824
VariableMetricBuilder: no improvement
VariableMetricBuilder: machine accuracy limits further improvement.
Minuit succeeded.
3s under jitter 0.5 = 4.53022655236 with chi^2 1205.16807244
Minuit succeeded.
3s under jitter 0.5 = 4.25800540765 with chi^2 1498.67860768
Minuit succeeded.
3s under jitter 0.5 = 4.58164748429 with chi^2 1194.85989185
Minuit succeeded.
3s under jitter 0.5 = 4.51209568179 with chi^2 2180.47464755
VariableMetricBuilder: no improvement
VariableMetricBuilder: finishes without convergence.
VariableMetricBuilder: edm= 0.000172027 requested: 1e-05
FunctionMinimum is invalid.
Minuit failed because the function is above maximum EDM.
3s under jitter 0.5 = 5.17102715309 with chi^2 2359.47217894
Minuit succeeded.
3s under jitter 0.5 = 4.38743895334 with chi^2 978.542050418
eigenvalues: 
-0.029663
0.322306
0.860022
1
1
1
1
1.00025
1.01573
2.83136
matrix forced pos-def by adding 0.0324944 to diagonal
MnHesse: matrix is invalid!
MnHesse: matrix is not pos. def.!
MnHesse: matrix was forced pos. def.
FunctionMinimum is invalid.
Minuit failed because covariance is not accurate, and covariance is not positive definite.
3s under jitter 0.5 = 4.00532881544 with chi^2 699.663410384
eigenvalues: 
-0.026476
0.328967
0.761048
1
1
1
1
1.00018
1.00705
2.92923
matrix forced pos-def by adding 0.0294052 to diagonal
MnHesse: matrix is invalid!
MnHesse: matrix is not pos. def.!
MnHesse: matrix was forced pos. def.
FunctionMinimum is invalid.
Minuit failed because covariance is not accurate, and covariance is not positive definite.
3s under jitter 0.5 = 4.38035500185 with chi^2 1101.34857255
Minuit succeeded.
3s under jitter 0.5 = 4.19651080612 with chi^2 791.178457105
Minuit succeeded.
3s under jitter 0.5 = 4.34342314593 with chi^2 810.053211346
Minuit succeeded.
3s under jitter 0.5 = 4.61355915304 with chi^2 1187.64232196
