here in event()
isHadron? yes isRadTau? yes isElTrack? yes
L4decision 2
eBeam 5.18941
p2 0.300583 e1 0.250992 visen 0.896923 ccen 0.576366 ntracks 6
d0close 5.9227e-05 z0close -0.0085202 wz -0.00862566
passed and counted!
here in event()
isHadron? yes isRadTau? yes isElTrack? yes
L4decision 3
eBeam 5.18941
p2 0.486703 e1 0.351967 visen 0.908388 ccen 0.280282 ntracks 6
d0close 4.1892e-05 z0close 0.0110473 wz 0.0160717
passed and counted!
here in event()
isHadron? yes isRadTau? yes isElTrack? no
L4decision 2
eBeam 5.18941
p2 0.27137 e1 0.124918 visen 0.959888 ccen 0.446486 ntracks 12
d0close 9.6075e-05 z0close -0.00161827 wz -0.00430027
passed and counted!
here in event()
isHadron? yes isRadTau? yes isElTrack? no
L4decision 2
eBeam 5.18941
p2 0.207297 e1 0.14862 visen 0.929489 ccen 0.597563 ntracks 9
d0close 3.24992e-05 z0close -0.00569341 wz -0.00579761
passed and counted!
here in event()
isHadron? yes isRadTau? yes isElTrack? no
L4decision 2
eBeam 5.18941
p2 0.199184 e1 0.129254 visen 0.887866 ccen 0.504682 ntracks 10
d0close -4.85893e-05 z0close 0.00294545 wz 0.00843882
passed and counted!
here in event()
isHadron? yes isRadTau? yes isElTrack? yes
L4decision 2
eBeam 5.18941
p2 0.183638 e1 0.170299 visen 0.682448 ccen 0.466912 ntracks 7
d0close 6.76729e-05 z0close 0.000555216 wz -0.00332646
passed and counted!
here in event()
isHadron? yes isRadTau? yes isElTrack? no
L4decision 2
eBeam 5.18941
p2 0.128757 e1 0.0740691 visen 0.669236 ccen 0.324603 ntracks 12
d0close 0.000108363 z0close -0.002995 wz 0.00605361
passed and counted!
here in event()
isHadron? no isRadTau? no isElTrack? yes
L4decision 2
eBeam 5.18941
p2 0.385535 e1 0.67657 visen 0.544312 ccen 0.531274 ntracks 2
d0close 5.54564e-05 z0close 0.00413918 wz 1000
passed and counted!
here in event()
isHadron? no isRadTau? no isElTrack? yes
L4decision 3
eBeam 5.18941
p2 0.0399431 e1 0.182246 visen 0.236419 ccen 0.214186 ntracks 2
d0close 0.000370132 z0close 0.00549155 wz 0.0127833
passed and counted!
here in event()
isHadron? yes isRadTau? yes isElTrack? yes
L4decision 2
eBeam 5.18941
p2 0.15562 e1 0.276043 visen 0.83892 ccen 0.633405 ntracks 12
d0close 3.32427e-05 z0close 0.00137116 wz 0.00226504
passed and counted!
here in event()
isHadron? yes isRadTau? yes isElTrack? no
L4decision 2
eBeam 5.18941
p2 0.227588 e1 0.127038 visen 0.508391 ccen 0.411415 ntracks 4
d0close -9.28075e-05 z0close -0.0156666 wz -0.0159633
passed and counted!
here in event()
isHadron? yes isRadTau? no isElTrack? no
L4decision 2
eBeam 5.18941
p2 0.113833 e1 0.241935 visen 0.390073 ccen 0.250414 ntracks 4
d0close 0.000260453 z0close 0.00582877 wz 0.150343
here in event()
isHadron? yes isRadTau? yes isElTrack? yes
L4decision 2
eBeam 5.18941
p2 0.237243 e1 0.338285 visen 0.946447 ccen 0.723204 ntracks 8
d0close 7.34234e-05 z0close -0.00330658 wz -0.00727808
passed and counted!
here in event()
isHadron? yes isRadTau? yes isElTrack? no
L4decision 3
eBeam 5.18941
p2 0.0634393 e1 0.0418761 visen 0.202115 ccen 0.0710341 ntracks 4
d0close 0.000126675 z0close -0.00436155 wz -0.00453278
passed and counted!
here in event()
isHadron? yes isRadTau? no isElTrack? yes
L4decision 2
eBeam 5.18941
p2 0.224409 e1 0.506223 visen 0.397575 ccen 0.514702 ntracks 3
d0close -0.000413196 z0close -0.00409849 wz -0.125836
here in event()
isHadron? yes isRadTau? yes isElTrack? yes
L4decision 2
eBeam 5.18941
p2 0.143557 e1 0.227675 visen 0.896923 ccen 0.703548 ntracks 5
d0close -5.77702e-05 z0close -0.00371078 wz -0.00376223
passed and counted!
here in event()
isHadron? yes isRadTau? yes isElTrack? no
L4decision 2
eBeam 5.18941
p2 0.177058 e1 0.141105 visen 0.933439 ccen 0.737849 ntracks 8
d0close 3.25153e-06 z0close 0.00151502 wz 0.00376263
passed and counted!
here in event()
isHadron? no isRadTau? no isElTrack? yes
L4decision 2
eBeam 5.18941
p2 0.421724 e1 0.754806 visen 0.597563 ccen 0.582532 ntracks 2
d0close 0.000617543 z0close 5.96583e-05 wz 1000
passed and counted!
here in event()
isHadron? no isRadTau? yes isElTrack? yes
L4decision 2
eBeam 5.18941
p2 0.520656 e1 0.727828 visen 0.64737 ccen 0.631093 ntracks 2
d0close -7.41801e-06 z0close -0.00550193 wz 1000
passed and counted!
here in event()
isHadron? yes isRadTau? yes isElTrack? yes
L4decision 2
eBeam 5.18941
p2 0.113833 e1 0.203973 visen 0.93739 ccen 0.706246 ntracks 8
d0close -0.000118949 z0close 0.00399739 wz 0.00431314
passed and counted!
here in event()
isHadron? yes isRadTau? yes isElTrack? yes
L4decision 2
eBeam 5.18941
p2 0.152941 e1 0.468839 visen 0.907618 ccen 0.705475 ntracks 4
d0close 0.000109897 z0close -0.000365073 wz 0.00488662
passed and counted!
here in event()
isHadron? no isRadTau? yes isElTrack? yes
L4decision 2
eBeam 5.18941
p2 0.29962 e1 0.746328 visen 0.995874 ccen 0.446872 ntracks 2
d0close 4.51622e-05 z0close 0.0187779 wz 0.0187382
passed and counted!
here in event()
isHadron? no isRadTau? yes isElTrack? no
L4decision 3
eBeam 5.18941
p2 0.377933 e1 0.0378294 visen 0.385625 ccen 0.0427433 ntracks 2
d0close -0.0110625 z0close -0.103026 wz 1000
here in event()
isHadron? no isRadTau? yes isElTrack? no
L4decision 3
eBeam 5.18941
p2 0.060833 e1 0.0889552 visen 0.244344 ccen 0.18321 ntracks 2
d0close -4.16713e-05 z0close 0.0399402 wz 1000
passed and counted!
here in event()
isHadron? yes isRadTau? yes isElTrack? yes
L4decision 3
eBeam 5.18941
p2 0.157075 e1 0.170877 visen 0.554206 ccen 0.347535 ntracks 3
d0close 0.000317447 z0close 0.00548926 wz 0.00583585
passed and counted!
here in event()
isHadron? yes isRadTau? yes isElTrack? yes
L4decision 2
eBeam 5.18941
p2 0.207605 e1 0.291652 visen 0.95955 ccen 0.608354 ntracks 8
d0close -0.000120597 z0close -0.00729774 wz -0.00773609
passed and counted!
here in event()
isHadron? yes isRadTau? no isElTrack? no
L4decision 3
eBeam 5.18941
p2 0.0943628 e1 0.0442126 visen 0.202239 ccen 0.0221063 ntracks 5
d0close 0.000113697 z0close -0.00297811 wz -0.00372845
passed and counted!
here in event()
isHadron? no isRadTau? yes isElTrack? yes
L4decision 3
eBeam 5.18941
p2 0.0685651 e1 0.35505 visen 0.321954 ccen 0.259663 ntracks 2
d0close -0.000107539 z0close 0.0119599 wz 0.012055
passed and counted!
here in event()
isHadron? yes isRadTau? yes isElTrack? yes
L4decision 2
eBeam 5.18941
p2 0.22518 e1 0.190629 visen 0.746279 ccen 0.490422 ntracks 6
d0close 0.00018017 z0close -0.000351871 wz -0.00238506
passed and counted!
here in event()
isHadron? no isRadTau? yes isElTrack? no
L4decision 3
eBeam 5.18941
p2 0.438142 e1 0.0405513 visen 0.445928 ccen 0.0437791 ntracks 2
d0close 0.0212141 z0close -0.0284081 wz 1000
here in event()
isHadron? yes isRadTau? yes isElTrack? no
L4decision 2
eBeam 5.18941
p2 0.184322 e1 0.17791 visen 0.719301 ccen 0.502369 ntracks 9
d0close -2.84878e-05 z0close -0.00288425 wz 0.00899758
passed and counted!
here in event()
isHadron? yes isRadTau? yes isElTrack? yes
L4decision 2
eBeam 5.18941
p2 0.215988 e1 0.259085 visen 0.949144 ccen 0.636489 ntracks 8
d0close -0.000205165 z0close -0.00890486 wz -0.00902655
passed and counted!
here in event()
isHadron? no isRadTau? no isElTrack? no
here in event()
isHadron? no isRadTau? no isElTrack? yes
L4decision 2
eBeam 5.18941
p2 0.0394325 e1 0.721662 visen 0.610378 ccen 0.591397 ntracks 2
d0close 1.70669e-05 z0close 0.00161443 wz 0.00143675
passed and counted!
here in event()
isHadron? no isRadTau? yes isElTrack? yes
L4decision 3
eBeam 5.18941
p2 0.212269 e1 0.208791 visen 0.325687 ccen 0.241357 ntracks 2
d0close -5.22251e-05 z0close -4.16867e-05 wz -9.55959e-05
passed and counted!
here in event()
isHadron? yes isRadTau? yes isElTrack? no
L4decision 2
eBeam 5.18941
p2 0.312242 e1 0.148716 visen 0.834825 ccen 0.359675 ntracks 6
d0close 6.3535e-06 z0close 0.00118915 wz 0.00386348
passed and counted!
here in event()
isHadron? no isRadTau? yes isElTrack? no
L4decision 3
eBeam 5.18941
p2 0.49576 e1 0.0389134 visen 0.504162 ccen 0.0441645 ntracks 2
d0close -0.011482 z0close -0.104193 wz 1000
here in event()
isHadron? no isRadTau? yes isElTrack? yes
L4decision 2
eBeam 5.18941
p2 0.546555 e1 0.667706 visen 0.74109 ccen 0.719735 ntracks 2
d0close -0.00011508 z0close 0.00536316 wz 0.00587326
passed and counted!
here in event()
isHadron? yes isRadTau? yes isElTrack? no
L4decision 2
eBeam 5.18941
p2 0.273875 e1 0.166348 visen 1.04415 ccen 0.520483 ntracks 8
d0close 0.000180875 z0close -0.000155902 wz 0.000146011
passed and counted!
here in event()
isHadron? no isRadTau? no isElTrack? no
here in event()
isHadron? no isRadTau? yes isElTrack? yes
L4decision 2
eBeam 5.18941
p2 0.405807 e1 0.560179 visen 0.716652 ccen 0.685049 ntracks 3
d0close 0.000259208 z0close -0.00178442 wz -0.00135372
passed and counted!
here in event()
isHadron? yes isRadTau? yes isElTrack? yes
L4decision 2
eBeam 5.18941
p2 0.147526 e1 0.33366 visen 0.90492 ccen 0.77504 ntracks 8
d0close -6.31883e-05 z0close 0.000892253 wz -0.00226575
passed and counted!
here in event()
isHadron? no isRadTau? yes isElTrack? no
L4decision 3
eBeam 5.18941
p2 0.301778 e1 0.104684 visen 0.372321 ccen 0.175405 ntracks 2
d0close 0.0113771 z0close -0.0241332 wz -0.710477
here in event()
isHadron? no isRadTau? yes isElTrack? yes
L4decision 3
eBeam 5.18941
p2 0.0653615 e1 0.288376 visen 0.281053 ccen 0.269298 ntracks 2
d0close -0.000144966 z0close -0.00220539 wz -0.00940218
passed and counted!
here in event()
isHadron? no isRadTau? yes isElTrack? no
L4decision 3
eBeam 5.18941
p2 0.10888 e1 0.039347 visen 0.216848 ccen 0.0795611 ntracks 3
d0close -0.00915371 z0close 0.128815 wz 0.13613
here in event()
isHadron? no isRadTau? no isElTrack? no
here in event()
isHadron? yes isRadTau? yes isElTrack? no
L4decision 3
eBeam 5.18941
p2 0.108283 e1 0.0917012 visen 0.414474 ccen 0.211488 ntracks 8
d0close -3.92902e-06 z0close 0.00612058 wz -0.01186
passed and counted!
here in event()
isHadron? yes isRadTau? no isElTrack? no
L4decision 3
eBeam 5.18941
p2 0.274588 e1 0.09688 visen 0.482268 ccen 0.153245 ntracks 4
d0close -1.65349e-05 z0close 0.0033677 wz 0.00875808
passed and counted!
here in event()
isHadron? no isRadTau? yes isElTrack? no
L4decision 3
eBeam 5.18941
p2 0.0878737 e1 0.117981 visen 0.277006 ccen 0.183113 ntracks 4
d0close -0.00971398 z0close -0.0164116 wz -0.15966
here in event()
isHadron? no isRadTau? yes isElTrack? no
L4decision 3
eBeam 5.18941
p2 0.558426 e1 0.0416112 visen 0.560179 ccen 0.0415871 ntracks 2
d0close -0.0180177 z0close 0.137226 wz 1000
here in event()
isHadron? no isRadTau? yes isElTrack? no
L4decision 3
eBeam 5.18941
p2 0.392858 e1 0.154497 visen 0.443752 ccen 0.228831 ntracks 2
d0close 0.000181318 z0close -0.00800486 wz -0.00729696
passed and counted!
here in event()
isHadron? yes isRadTau? yes isElTrack? no
L4decision 2
eBeam 5.18941
p2 0.407118 e1 0.13937 visen 1.02314 ccen 0.427602 ntracks 8
d0close -4.85173e-05 z0close -0.00198014 wz -0.00273503
passed and counted!
here in event()
isHadron? yes isRadTau? yes isElTrack? no
L4decision 2
eBeam 5.18941
p2 0.193847 e1 0.119426 visen 0.804957 ccen 0.452653 ntracks 10
d0close -2.18762e-07 z0close 0.00373967 wz 0.00436587
passed and counted!
here in event()
isHadron? yes isRadTau? yes isElTrack? yes
L4decision 2
eBeam 5.18941
p2 0.281795 e1 0.185522 visen 0.979591 ccen 0.59949 ntracks 8
d0close -5.17806e-05 z0close 0.0086838 wz 0.00920762
passed and counted!
here in event()
isHadron? yes isRadTau? yes isElTrack? no
L4decision 3
eBeam 5.18941
p2 0.118506 e1 0.0476812 visen 0.250721 ccen 0.114994 ntracks 4
d0close -0.0032704 z0close 0.132622 wz 0.144875
here in event()
isHadron? no isRadTau? no isElTrack? yes
L4decision 2
eBeam 5.18941
p2 0.688151 e1 0.790456 visen 0.821375 ccen 0.81358 ntracks 2
d0close -1.76125e-05 z0close -0.00693122 wz 1000
passed and counted!
here in event()
isHadron? yes isRadTau? yes isElTrack? yes
L4decision 2
eBeam 5.18941
p2 0.145715 e1 0.335587 visen 0.846628 ccen 0.713569 ntracks 8
d0close 0.000278651 z0close -0.00258372 wz 0.0164617
passed and counted!
here in event()
isHadron? yes isRadTau? yes isElTrack? no
L4decision 2
eBeam 5.18941
p2 0.282643 e1 0.112681 visen 0.98436 ccen 0.444945 ntracks 10
d0close 2.29145e-05 z0close 0.0054984 wz -0.00671798
passed and counted!
here in event()
isHadron? no isRadTau? yes isElTrack? no
L4decision 3
eBeam 5.18941
p2 0.18915 e1 0.09688 visen 0.354038 ccen 0.172129 ntracks 2
d0close 0.00010466 z0close 0.00044637 wz 1000
passed and counted!
here in event()
isHadron? no isRadTau? yes isElTrack? yes
L4decision 2
eBeam 5.18941
p2 0.758333 e1 0.835162 visen 0.833621 ccen 0.792768 ntracks 2
d0close 0.00045519 z0close -0.0157869 wz -0.0104934
passed and counted!
here in event()
isHadron? no isRadTau? no isElTrack? yes
L4decision 2
eBeam 5.18941
p2 0.353711 e1 0.781206 visen 0.595748 ccen 0.584459 ntracks 2
d0close 0.000147185 z0close 0.00334133 wz 0.00346198
passed and counted!
here in event()
isHadron? yes isRadTau? yes isElTrack? yes
L4decision 3
eBeam 5.18941
p2 0.271813 e1 0.179356 visen 0.81124 ccen 0.331348 ntracks 6
d0close -2.67238e-05 z0close 0.012827 wz 0.0130047
passed and counted!
here in event()
isHadron? yes isRadTau? yes isElTrack? no
L4decision 2
eBeam 5.18941
p2 0.132255 e1 0.151607 visen 0.73255 ccen 0.446101 ntracks 9
d0close -8.2713e-05 z0close -0.00108434 wz 0.0066821
passed and counted!
here in event()
isHadron? no isRadTau? no isElTrack? yes
L4decision 2
eBeam 5.18941
p2 0.379571 e1 0.437622 visen 0.559297 ccen 0.533201 ntracks 2
d0close 9.99646e-05 z0close -0.0123881 wz 1000
passed and counted!
here in event()
isHadron? no isRadTau? no isElTrack? no
here in event()
isHadron? yes isRadTau? yes isElTrack? no
L4decision 2
eBeam 5.18941
p2 0.181336 e1 0.186678 visen 0.873534 ccen 0.457663 ntracks 15
d0close -4.14706e-05 z0close 0.000555175 wz -0.0150497
passed and counted!
here in event()
isHadron? no isRadTau? yes isElTrack? yes
L4decision 2
eBeam 5.18941
p2 0.808223 e1 0.829767 visen 0.89066 ccen 0.828225 ntracks 2
d0close 0.000338083 z0close -0.00296936 wz 1000
passed and counted!
here in event()
isHadron? yes isRadTau? yes isElTrack? no
L4decision 2
eBeam 5.18941
p2 0.192589 e1 0.139756 visen 0.865994 ccen 0.662696 ntracks 6
d0close 1.51166e-05 z0close 0.00592187 wz 0.00607982
passed and counted!
here in event()
isHadron? yes isRadTau? yes isElTrack? no
L4decision 2
eBeam 5.18941
p2 0.0703042 e1 0.295698 visen 0.39742 ccen 0.387905 ntracks 2
d0close 0.000461406 z0close 0.000129532 wz 0.00168777
passed and counted!
here in event()
isHadron? no isRadTau? yes isElTrack? yes
L4decision 2
eBeam 5.18941
p2 0.824101 e1 0.745171 visen 0.857516 ccen 0.739776 ntracks 2
d0close -3.40227e-05 z0close -0.0146347 wz 1000
passed and counted!
here in event()
isHadron? yes isRadTau? yes isElTrack? no
L4decision 3
eBeam 5.18941
p2 0.0665562 e1 0.0962778 visen 0.47438 ccen 0.245982 ntracks 5
d0close 0.000184682 z0close 0.00289137 wz 0.00322695
passed and counted!
here in event()
isHadron? no isRadTau? no isElTrack? yes
L4decision 2
eBeam 5.18941
p2 0.329623 e1 0.526649 visen 0.445818 ccen 0.423748 ntracks 2
d0close -0.000112031 z0close -0.00245386 wz -0.00525721
passed and counted!
here in event()
isHadron? yes isRadTau? no isElTrack? no
L4decision 3
eBeam 5.18941
p2 0.0336876 e1 0.0530648 visen 0.214632 ccen 0.049548 ntracks 4
d0close -0.00260052 z0close -0.0131151 wz 0.0423671
passed and counted!
here in event()
isHadron? yes isRadTau? no isElTrack? yes
L4decision 3
eBeam 5.18941
p2 0.215776 e1 0.198963 visen 0.311114 ccen 0.172129 ntracks 3
d0close -5.37759e-05 z0close 0.0118387 wz 0.0119295
passed and counted!
here in event()
isHadron? no isRadTau? yes isElTrack? no
L4decision 3
eBeam 5.18941
p2 0.668188 e1 0.0430805 visen 0.680158 ccen 0.0458988 ntracks 2
d0close 0.0127621 z0close -0.115036 wz 1000
here in event()
isHadron? no isRadTau? yes isElTrack? yes
L4decision 2
eBeam 5.18941
p2 0.620051 e1 0.846724 visen 0.743244 ccen 0.733224 ntracks 2
d0close 0.000127652 z0close 0.00360649 wz 0.00160029
passed and counted!
here in event()
isHadron? yes isRadTau? yes isElTrack? no
L4decision 3
eBeam 5.18941
p2 0.141447 e1 0.0488736 visen 0.310551 ccen 0.11721 ntracks 5
d0close -0.00017701 z0close -0.0031888 wz 0.0590645
passed and counted!
here in event()
isHadron? no isRadTau? no isElTrack? no
here in event()
isHadron? yes isRadTau? yes isElTrack? yes
L4decision 3
eBeam 5.18941
p2 0.173127 e1 0.228061 visen 0.307586 ccen 0.259471 ntracks 3
d0close -4.97928e-06 z0close 0.00990857 wz 0.0142825
passed and counted!
here in event()
isHadron? yes isRadTau? yes isElTrack? yes
L4decision 2
eBeam 5.18941
p2 0.361014 e1 0.22016 visen 1.0626 ccen 0.506994 ntracks 11
d0close 0.000100076 z0close -0.00256069 wz -0.00317115
passed and counted!
here in event()
isHadron? yes isRadTau? yes isElTrack? no
L4decision 3
eBeam 5.18941
p2 0.131243 e1 0.111911 visen 0.342416 ccen 0.155172 ntracks 6
d0close -7.96153e-05 z0close -0.0686589 wz -0.0835335
here in event()
isHadron? yes isRadTau? yes isElTrack? no
L4decision 3
eBeam 5.18941
p2 0.307463 e1 0.0969763 visen 0.61864 ccen 0.201275 ntracks 4
d0close 6.63192e-05 z0close -0.00375101 wz 0.00480121
passed and counted!
here in event()
isHadron? yes isRadTau? yes isElTrack? yes
L4decision 2
eBeam 5.18941
p2 0.361592 e1 0.271996 visen 0.697478 ccen 0.513931 ntracks 3
d0close 0.000241829 z0close -0.00221238 wz -0.00487017
passed and counted!
here in event()
isHadron? yes isRadTau? no isElTrack? yes
L4decision 2
eBeam 5.18941
p2 0.482926 e1 0.820517 visen 0.543607 ccen 0.79431 ntracks 2
d0close 0.000141313 z0close 0.000925435 wz 0.00197676
passed and counted!
here in event()
isHadron? yes isRadTau? yes isElTrack? yes
L4decision 2
eBeam 5.18941
p2 0.228417 e1 0.166637 visen 0.674017 ccen 0.368154 ntracks 7
d0close -8.19345e-05 z0close -0.00229465 wz -0.00284627
passed and counted!
here in event()
isHadron? no isRadTau? no isElTrack? yes
L4decision 2
eBeam 5.18941
p2 0.431976 e1 0.664237 visen 0.563076 ccen 0.559794 ntracks 2
d0close 6.09021e-05 z0close -0.0125611 wz 1000
passed and counted!
here in event()
isHadron? yes isRadTau? yes isElTrack? yes
L4decision 2
eBeam 5.18941
p2 0.123121 e1 0.409873 visen 0.760298 ccen 0.540138 ntracks 7
d0close 1.00474e-05 z0close 0.000142832 wz 2.6201e-05
passed and counted!
here in event()
isHadron? yes isRadTau? yes isElTrack? yes
L4decision 2
eBeam 5.18941
p2 0.167269 e1 0.307068 visen 1.0402 ccen 0.586772 ntracks 7
d0close -3.33871e-05 z0close 0.00728103 wz 0.00774319
passed and counted!
here in event()
isHadron? yes isRadTau? no isElTrack? yes
L4decision 2
eBeam 5.18941
p2 0.661867 e1 0.689674 visen 0.825317 ccen 0.835933 ntracks 3
d0close -0.000266575 z0close -0.00154028 wz 1000
passed and counted!
here in event()
isHadron? no isRadTau? yes isElTrack? yes
L4decision 2
eBeam 5.18941
p2 0.779241 e1 0.778894 visen 0.882952 ccen 0.669633 ntracks 2
d0close 0.000124768 z0close -0.00646703 wz -0.00170067
passed and counted!
here in event()
isHadron? no isRadTau? yes isElTrack? yes
L4decision 2
eBeam 5.18941
p2 0.319834 e1 0.598719 visen 0.417967 ccen 0.45959 ntracks 2
d0close -8.06299e-06 z0close 0.00978177 wz 0.00992985
passed and counted!
here in event()
isHadron? yes isRadTau? yes isElTrack? no
L4decision 3
eBeam 5.18941
p2 0.130318 e1 0.0928574 visen 0.283534 ccen 0.123569 ntracks 4
d0close 0.000727562 z0close 0.00133141 wz 0.0373617
passed and counted!
here in event()
isHadron? yes isRadTau? yes isElTrack? no
L4decision 2
eBeam 5.18941
p2 0.168839 e1 0.138792 visen 0.899621 ccen 0.481943 ntracks 8
d0close 9.81664e-05 z0close 0.012716 wz 0.0142533
passed and counted!
here in event()
isHadron? yes isRadTau? no isElTrack? no
L4decision 3
eBeam 5.18941
p2 0.155417 e1 0.116824 visen 0.262289 ccen 0.12935 ntracks 2
d0close 0.000463345 z0close -0.020745 wz -0.0216492
passed and counted!
here in event()
isHadron? yes isRadTau? yes isElTrack? no
L4decision 3
eBeam 5.18941
p2 0.102348 e1 0.0726239 visen 0.268552 ccen 0.140141 ntracks 5
d0close -0.000475347 z0close 0.0335146 wz 0.0609635
passed and counted!
here in event()
isHadron? no isRadTau? yes isElTrack? no
L4decision 3
eBeam 5.18941
p2 0.29908 e1 0.0442126 visen 0.404092 ccen 0.0407199 ntracks 2
d0close -0.000407584 z0close 0.00218697 wz 0.0024409
passed and counted!
here in event()
isHadron? no isRadTau? yes isElTrack? yes
L4decision 2
eBeam 5.18941
p2 0.228937 e1 0.263132 visen 0.261012 ccen 0.243477 ntracks 2
d0close -0.000401127 z0close 0.00905143 wz 1000
passed and counted!
here in event()
isHadron? yes isRadTau? yes isElTrack? no
L4decision 3
eBeam 5.18941
p2 0.188051 e1 0.0653013 visen 0.423365 ccen 0.128868 ntracks 6
d0close -0.000110161 z0close 0.00136609 wz 0.00120706
passed and counted!
here in event()
isHadron? yes isRadTau? yes isElTrack? yes
L4decision 2
eBeam 5.18941
p2 0.253314 e1 0.183402 visen 0.697478 ccen 0.392145 ntracks 6
d0close -0.000170039 z0close 0.00443344 wz -0.0075928
passed and counted!
here in event()
isHadron? yes isRadTau? yes isElTrack? no
L4decision 3
eBeam 5.18941
p2 0.114382 e1 0.0476331 visen 0.245271 ccen 0.130024 ntracks 4
d0close -7.24434e-05 z0close -0.0028252 wz -0.00304964
passed and counted!
