THESE ARE THE 2S CORRECTIONS!!!!

 trigger only
 nominal MC: 99.6126 +/- 0.024015 %
 +bmm: 0.00160217 %
 -bmm: -0.00158691 %
 +arr: 0.000770569 %
 -arr: -0.000770569 %
 +gag: 0.00270844 %
 -gag: -0.00270081 %
 +bca: 0.00205994 %
 -bca: -0.00205231 %
 +bcm: 0.0091629 %
 -bcm: 0.0091629 %
 nominal data: 96.9918 +/- 0.660187 %
 +ptoc: -0.399353 %
 -ptoc: 0.38221 %
 +bge: 0.00202942 %
 -bge: -0.00201416 %
 +bgp: 0.0891876 %
 -bgp: -0.0898895 %
 +cos: -0.349022 %
 -cos: 0.340118 %
 +ptomc: -0.00720978 %
 -ptomc: 0.00719452 %
 +bmm: -0.0381699 %
 -bmm: 0.0379562 %

 d0close given previous wiggled up to 2 mm
 nominal MC: 99.9372 +/- 0.00801364 %
 +bmm: 0.00012207 %
 -bmm: -0.00012207 %
 +arr: 0.00012207 %
 -arr: -0.00012207 %
 +gag: 0.00130463 %
 -gag: -0.001297 %
 +bca: -0.000335693 %
 -bca: 0.000328064 %
 +bcm: -5.34058E-05 %
 -bcm: -5.34058E-05 %
 nominal data: 99.8363 +/- 0.676151 %
 +ptoc: -0.00826263 %
 -ptoc: 0.00809479 %
 +bge: -0.0170059 %
 -bge: 0.0170517 %
 +bgp: 0.227417 %
 -bgp: -0.228745 %
 +cos: -0.906334 %
 -cos: 0.889511 %
 +ptomc: 7.62939E-06 %
 -ptomc: -2.28882E-05 %
 +bmm: -0.121155 %
 -bmm: 0.120712 %

 d0close given previous
 nominal MC: 99.9729 +/- 0.005299 %
 +bmm: 6.86646E-05 %
 -bmm: -6.10352E-05 %
 +arr: 6.10352E-05 %
 -arr: -6.10352E-05 %
 +gag: 0.000579834 %
 -gag: -0.000579834 %
 +bca: -8.39233E-05 %
 -bca: 9.15527E-05 %
 +bcm: -1.52588E-05 %
 -bcm: -1.52588E-05 %
 nominal data: 100.116 +/- 0.634297 %
 +ptoc: -0.0149155 %
 -ptoc: 0.0144958 %
 +bge: -0.011528 %
 -bge: 0.0115738 %
 +bgp: 0.151016 %
 -bgp: -0.151894 %
 +cos: -0.863159 %
 -cos: 0.847145 %
 +ptomc: -6.10352E-05 %
 -ptomc: 6.10352E-05 %
 +bmm: -0.114807 %
 -bmm: 0.114418 %

 e1 given previous
 nominal MC: 98.7009 +/- 0.0427978 %
 +bmm: 0.00102997 %
 -bmm: -0.00102997 %
 +arr: -0.00088501 %
 -arr: 0.000900269 %
 +gag: 0.0277634 %
 -gag: -0.0277176 %
 +bca: 0.000976563 %
 -bca: -0.000968933 %
 +bcm: 0.03685 %
 -bcm: 0.03685 %
 nominal data: 99.6406 +/- 0.772875 %
 +ptoc: -0.943481 %
 -ptoc: 0.910408 %
 +bge: 3.05176E-05 %
 -bge: -3.8147E-05 %
 +bgp: -0.000495911 %
 -bgp: 0.000495911 %
 +cos: -0.000213623 %
 -cos: 0.000213623 %
 +ptomc: -0.0131073 %
 -ptomc: 0.0130768 %
 +bmm: 0.0458908 %
 -bmm: -0.0460434 %

 p2 given previous
 nominal MC: 99.3092 +/- 0.0360481 %
 +bmm: 0.00215149 %
 -bmm: -0.0021286 %
 +arr: 0.000137329 %
 -arr: -0.0001297 %
 +gag: -0.00262451 %
 -gag: 0.00262451 %
 +bca: 0.00144958 %
 -bca: -0.00143433 %
 +bcm: 0.0338821 %
 -bcm: 0.0338821 %
 nominal data: 98.9703 +/- 0.167343 %
 +ptoc: -0.0287094 %
 -ptoc: 0.0282288 %
 +bge: 2.28882E-05 %
 -bge: -7.62939E-06 %
 +bgp: -0.00139618 %
 -bgp: 0.00141907 %
 +cos: -0.00248718 %
 -cos: 0.00250244 %
 +ptomc: -0.00852203 %
 -ptomc: 0.0085144 %
 +bmm: -0.0502243 %
 -bmm: 0.0501556 %

 wz given previous wiggled up to 5 cm
 nominal MC: 99.806 +/- 0.0155139 %
 +bmm: 0.000999451 %
 -bmm: -0.000984192 %
 +arr: 0.000747681 %
 -arr: -0.000747681 %
 +gag: 0.000839233 %
 -gag: -0.000823975 %
 +bca: 0.00106049 %
 -bca: -0.00106049 %
 +bcm: 3.8147E-05 %
 -bcm: 3.8147E-05 %
 nominal data: 99.5593 +/- 0.326323 %
 +ptoc: -0.0130157 %
 -ptoc: 0.0128479 %
 +bge: -0.0102768 %
 -bge: 0.0102768 %
 +bgp: 0.134056 %
 -bgp: -0.134438 %
 +cos: -0.059021 %
 -cos: 0.0589371 %
 +ptomc: -0.000221252 %
 -ptomc: 0.000221252 %
 +bmm: -0.00771332 %
 -bmm: 0.00769806 %

 visen given previous wiggled up to 0.4
 nominal MC: 99.3039 +/- 0.0302237 %
 +bmm: 0.0022583 %
 -bmm: -0.00224304 %
 +arr: 0.00154114 %
 -arr: -0.00154877 %
 +gag: 0.000595093 %
 -gag: -0.000595093 %
 +bca: 0.00470734 %
 -bca: -0.00470734 %
 +bcm: 0.000328064 %
 -bcm: 0.000328064 %
 nominal data: 97.2512 +/- 0.573226 %
 +ptoc: -0.485542 %
 -ptoc: 0.477715 %
 +bge: -0.001091 %
 -bge: 0.00110626 %
 +bgp: 0.0125046 %
 -bgp: -0.0125046 %
 +cos: -0.0232849 %
 -cos: 0.0232773 %
 +ptomc: -0.00185394 %
 -ptomc: 0.0018692 %
 +bmm: 0.0519333 %
 -bmm: -0.0519867 %

 wz given previous
 nominal MC: 99.8777 +/- 0.0121215 %
 +bmm: 0.000816345 %
 -bmm: -0.000816345 %
 +arr: 0.00062561 %
 -arr: -0.00063324 %
 +gag: 0.00062561 %
 -gag: -0.00063324 %
 +bca: 0.000602722 %
 -bca: -0.000602722 %
 +bcm: 2.28882E-05 %
 -bcm: 2.28882E-05 %
 nominal data: 99.7108 +/- 0.31525 %
 +ptoc: -0.00985718 %
 -ptoc: 0.00974274 %
 +bge: -0.0101089 %
 -bge: 0.0101166 %
 +bgp: 0.131439 %
 -bgp: -0.131813 %
 +cos: -0.0510254 %
 -cos: 0.0509567 %
 +ptomc: -0.000190735 %
 -ptomc: 0.000205994 %
 +bmm: -0.00692749 %
 -bmm: 0.00691986 %

 visen given previous
 nominal MC: 99.667 +/- 0.021337 %
 +bmm: 0.00118256 %
 -bmm: -0.00118256 %
 +arr: 0.000732422 %
 -arr: -0.000740051 %
 +gag: 0.000366211 %
 -gag: -0.000366211 %
 +bca: 0.00351715 %
 -bca: -0.00351715 %
 +bcm: 0.000289917 %
 -bcm: 0.000289917 %
 nominal data: 97.7798 +/- 0.566855 %
 +ptoc: -0.473969 %
 -ptoc: 0.466339 %
 +bge: -0.0010376 %
 -bge: 0.00104523 %
 +bgp: 0.0124283 %
 -bgp: -0.0124283 %
 +cos: -0.0227661 %
 -cos: 0.0227585 %
 +ptomc: -0.001297 %
 -ptomc: 0.00130463 %
 +bmm: 0.0539474 %
 -bmm: -0.0540085 % 

 1 through 6 dont believe data
 nominal MC: 97.1688 +/- 0.06442 %
 +bmm: 0.00668335 %
 -bmm: -0.00666046 %
 +arr: 0.00139618 %
 -arr: -0.00140381 %
 +gag: 0.028923 %
 -gag: -0.0289001 %
 +bca: 0.00830078 %
 -bca: -0.00830078 %
 +bcm: 0.0786209 %
 -bcm: 0.0786209 %
 nominal data: 93.362 +/- 1.26388 %
 +ptoc: -1.78194 %
 -ptoc: 1.70545 %
 +bge: -0.0192032 %
 -bge: 0.0192719 %
 +bgp: 0.35936 %
 -bgp: -0.362129 %
 +cos: -1.21677 %
 -cos: 1.18574 %
 +ptomc: -0.0287323 %
 -ptomc: 0.0286789 %
 +bmm: -0.103111 %
 -bmm: 0.10231 %

 2 through 6 compare data and MC for fun
 nominal MC: 97.5466 +/- 0.0602831 %
 +bmm: 0.00514221 %
 -bmm: -0.00512695 %
 +arr: 0.000648499 %
 -arr: -0.000648499 %
 +gag: 0.0263901 %
 -gag: -0.0263596 %
 +bca: 0.00632477 %
 -bca: -0.00631714 %
 +bcm: 0.0699615 %
 -bcm: 0.0699615 %
 nominal data: 96.2576 +/- 1.16158 %
 +ptoc: -1.43503 %
 -ptoc: 1.38448 %
 +bge: -0.0218124 %
 -bge: 0.0218582 %
 +bgp: 0.282242 %
 -bgp: -0.283897 %
 +cos: -0.904869 %
 -cos: 0.888084 %
 +ptomc: -0.0224686 %
 -ptomc: 0.022438 %
 +bmm: -0.0684052 %
 -bmm: 0.0678558 %

 5 and 6 compare data and MC for systematic error on wz and visen together
 nominal MC: 99.5451 +/- 0.0244957 %
 +bmm: 0.0019989 %
 -bmm: -0.00198364 %
 +arr: 0.00137329 %
 -arr: -0.00136566 %
 +gag: 0.000991821 %
 -gag: -0.000991821 %
 +bca: 0.00411987 %
 -bca: -0.00410461 %
 +bcm: 0.000312805 %
 -bcm: 0.000312805 %
 nominal data: 97.497 +/- 0.642399 %
 +ptoc: -0.482292 %
 -ptoc: 0.474457 %
 +bge: -0.0109253 %
 -bge: 0.0109177 %
 +bgp: 0.140884 %
 -bgp: -0.141312 %
 +cos: -0.0726166 %
 -cos: 0.0724869 %
 +ptomc: -0.00149536 %
 -ptomc: 0.0014801 %
 +bmm: 0.0470123 %
 -bmm: -0.047081 %

 tracks given previous only believe data
 nominal MC: 99.9412 +/- 0.00811339 %
 +bmm: 0.000549316 %
 -bmm: -0.000534058 %
 +arr: 0.000434875 %
 -arr: -0.000427246 %
 +gag: 0.000778198 %
 -gag: -0.000778198 %
 +bca: 0.000244141 %
 -bca: -0.000244141 %
 +bcm: 0.000114441 %
 -bcm: 0.000114441 %
 nominal data: 100.087 +/- 0.234578 %
 +ptoc: -0.0819092 %
 -ptoc: 0.0813599 %
 +bge: -8.39233E-05 %
 -bge: 7.62939E-05 %
 +bgp: 6.10352E-05 %
 -bgp: -5.34058E-05 %
 +cos: -0.00157928 %
 -cos: 0.00158691 %
 +ptomc: -0.000213623 %
 -ptomc: 0.000205994 %
 +bmm: 0.00980377 %
 -bmm: -0.0098114 %

 l4dec given previous only believe data
 nominal MC: 99.999 +/- 0.000983929 %
 +bmm: -1.52588E-05 %
 -bmm: 7.62939E-06 %
 +arr: -7.62939E-06 %
 -arr: 7.62939E-06 %
 +gag: 0 %
 -gag: 0 %
 +bca: -3.8147E-05 %
 -bca: 3.05176E-05 %
 +bcm: 0 %
 -bcm: 0 %
 nominal data: 100.011 +/- 0.0109169 %
 +ptoc: -0.000198364 %
 -ptoc: 0.000190735 %
 +bge: 3.05176E-05 %
 -bge: -2.28882E-05 %
 +bgp: -3.05176E-05 %
 -bgp: 3.8147E-05 %
 +cos: -0.000198364 %
 -cos: 0.000205994 %
 +ptomc: 0 %
 -ptomc: 0 %
 +bmm: -7.62939E-06 %
 -bmm: 0 %

 ccen given previous only believe data
 nominal MC: 99.1508 +/- 0.0339575 %
 +bmm: 0.00160217 %
 -bmm: -0.00158691 %
 +arr: 0.000724792 %
 -arr: -0.000717163 %
 +gag: 0.00501251 %
 -gag: -0.00499725 %
 +bca: 0.00881958 %
 -bca: -0.00879669 %
 +bcm: 0.000495911 %
 -bcm: 0.000495911 %
 nominal data: 99.6466 +/- 0.107661 %
 +ptoc: -0.0162125 %
 -ptoc: 0.0161285 %
 +bge: 0 %
 -bge: 0 %
 +bgp: 0 %
 -bgp: 0 %
 +cos: 7.62939E-06 %
 -cos: -7.62939E-06 %
 +ptomc: -9.15527E-05 %
 -ptomc: 9.15527E-05 %
 +bmm: 0.00164795 %
 -bmm: -0.00164032 %

 just the data ones all together
 nominal MC: 99.0916 +/- 0.03489 %
 +bmm: 0.00213623 %
 -bmm: -0.00212097 %
 +arr: 0.00113678 %
 -arr: -0.00113678 %
 +gag: 0.00578308 %
 -gag: -0.00577545 %
 +bca: 0.00902557 %
 -bca: -0.00901031 %
 +bcm: 0.000595093 %
 -bcm: 0.000595093 %
 nominal data: 99.7439 +/- 0.257689 %
 +ptoc: -0.0980606 %
 -ptoc: 0.0973969 %
 +bge: -5.34058E-05 %
 -bge: 4.57764E-05 %
 +bgp: 1.52588E-05 %
 -bgp: -2.28882E-05 %
 +cos: -0.00178528 %
 -cos: 0.00177002 %
 +ptomc: -0.000312805 %
 -ptomc: 0.000297546 %
 +bmm: 0.0113983 %
 -bmm: -0.0114136 %

 cuts 5 through 9 for the 2s
 nominal MC: 98.6408 +/- 0.0423668 %
 +bmm: 0.00410461 %
 -bmm: -0.0040741 %
 +arr: 0.00248718 %
 -arr: -0.00247955 %
 +gag: 0.00675201 %
 -gag: -0.00672913 %
 +bca: 0.0130692 %
 -bca: -0.013031 %
 +bcm: 0.000907898 %
 -bcm: 0.000907898 %
 nominal data: 97.2473 +/- 0.685971 %
 +ptoc: -0.577164 %
 -ptoc: 0.567726 %
 +bge: -0.0109482 %
 -bge: 0.0109406 %
 +bgp: 0.140549 %
 -bgp: -0.140968 %
 +cos: -0.0741653 %
 -cos: 0.0740356 %
 +ptomc: -0.00178528 %
 -ptomc: 0.00177765 %
 +bmm: 0.0580063 %
 -bmm: -0.0581131 %

 the backgrounds after 1 - 6
 bge: 74.4624 pm 2.73914
 bgp: -203.991 pm 18.173
 cos: 42.5645 pm 2.0819
 ee: 29.887 pm 6.85655
 mumu: 106.732 pm 12.757
 tautau: 1697.88 pm 48.8309
 data with backgrounds still in it: 128651 pm 699.635 but statistically independent of control samples

 the backgrounds after EVERYTHING
 bge: 46.1485 pm 2.15638
 bgp: -134.375 pm 14.7496
 cos: 25.7627 pm 1.61969
 ee: 7.865 pm 3.51733
 mumu: 97.584 pm 12.198
 tautau: 1669.8 pm 48.4253
 data with backgrounds still in it: 128291 pm 618.229 but statistically independent of control samples

 e1 given previous no PHOTOS look at central value only
 nominal MC: 98.4654 +/- 0.0534499 %
 +bmm: 0.00175476 %
 -bmm: -0.00175476 %
 +arr: -0.000846863 %
 -arr: 0.000846863 %
 +gag: 0.0268021 %
 -gag: -0.0267792 %
 +bca: 0.00891113 %
 -bca: -0.00889587 %
 +bcm: 0.0374603 %
 -bcm: 0.0374603 %
 nominal data: 99.6538 +/- 0.773424 %
 +ptoc: -0.943214 %
 -ptoc: 0.910172 %
 +bge: 3.8147E-05 %
 -bge: -3.05176E-05 %
 +bgp: -0.000488281 %
 -bgp: 0.000480652 %
 +cos: -0.000228882 %
 -cos: 0.000228882 %
 +ptomc: -0.0131912 %
 -ptomc: 0.0131912 %
 +bmm: 0.0452957 %
 -bmm: -0.0454254 %

 p2 given previous no PHOTOS look at central value only
 nominal MC: 99.1701 +/- 0.0435376 %
 +bmm: 0.00258636 %
 -bmm: -0.00256348 %
 +arr: 0.000160217 %
 -arr: -0.000160217 %
 +gag: -0.0031662 %
 -gag: 0.00315857 %
 +bca: 0.0050354 %
 -bca: -0.0050354 %
 +bcm: 0.0359955 %
 -bcm: 0.0359955 %
 nominal data: 99.0065 +/- 0.168512 %
 +ptoc: -0.029007 %
 -ptoc: 0.0285263 %
 +bge: 2.28882E-05 %
 -bge: 0 %
 +bgp: -0.00134277 %
 -bgp: 0.00135803 %
 +cos: -0.0025177 %
 -cos: 0.00252533 %
 +ptomc: -0.0087738 %
 -ptomc: 0.00878143 %
 +bmm: -0.0518112 %
 -bmm: 0.0517426 %

 1 through 6 no PHOTOS look at central value only dont believe data
 nominal MC: 96.7594 +/- 0.0763907 %
 +bmm: 0.00793457 %
 -bmm: -0.00791168 %
 +arr: 0.0014801 %
 -arr: -0.00147247 %
 +gag: 0.0272369 %
 -gag: -0.0272064 %
 +bca: 0.0209961 %
 -bca: -0.0209656 %
 +bcm: 0.0812225 %
 -bcm: 0.0812225 %
 nominal data: 93.457 +/- 1.26587 %
 +ptoc: -1.78408 %
 -ptoc: 1.70748 %
 +bge: -0.0192337 %
 -bge: 0.0192871 %
 +bgp: 0.359718 %
 -bgp: -0.362503 %
 +cos: -1.21803 %
 -cos: 1.18694 %
 +ptomc: -0.0294418 %
 -ptomc: 0.0294113 %
 +bmm: -0.107513 %
 -bmm: 0.106674 %
