PAW > exec i_cant_believe_im_making_these_plots_again 1

ONLY 1 - 6

 non-beam-beam/surviving signal: -0.0491895 +- 0.00654583 %
 +ptoc: -0.00252668
 -ptoc: 0.00252304
 +bge: 0.000214408
 -bge: -0.00021439
 +bgp: 1.55298E-05
 -bgp: -1.6077E-05
 +cos: 0.00351641
 -cos: -0.00351614
 +ptomc: 0
 -ptomc: 0
 +bmm: 0.000407975
 -bmm: -0.000407844

 ee/surviving signal: 0.0203116 +- 0.004544 %
 +ptoc: 0
 -ptoc: 0
 +bge: 0
 -bge: 0
 +bgp: 0
 -bgp: 0
 +cos: 0
 -cos: 0
 +ptomc: 0.000150014
 -ptomc: -0.000150014
 +bmm: 0.000576585
 -bmm: -0.000576294

 mumu/surviving signal: 0.0897989 +- 0.00948595 %
 +ptoc: 0
 -ptoc: 0
 +bge: 0
 -bge: 0
 +bgp: 0
 -bgp: 0
 +cos: 0
 -cos: 0
 +ptomc: 0.000663608
 -ptomc: -0.000663713
 +bmm: 0.00255091
 -bmm: -0.00254959

 tautau/surviving signal: 1.53563 +- 0.0381558 %
 +ptoc: 0
 -ptoc: 0
 +bge: 0
 -bge: 0
 +bgp: 0
 -bgp: 0
 +cos: 0
 -cos: 0
 +ptomc: 0.0115141
 -ptomc: -0.0115114
 +bmm: 0.0442735
 -bmm: -0.0442093

ALL THE CUTS

 non-beam-beam/surviving signal: -0.0285062 +- 0.00509749 %
 +ptoc: -0.00161688
 -ptoc: 0.00161465
 +bge: 0.000159789
 -bge: -0.000159786
 +bgp: 1.6563E-05
 -bgp: -1.6889E-05
 +cos: 0.00212706
 -cos: -0.00212697
 +ptomc: 0
 -ptomc: 0
 +bmm: 0.000255229
 -bmm: -0.000255147

 ee/surviving signal: 0.00913001 +- 0.00304394 %
 +ptoc: 0
 -ptoc: 0
 +bge: 0
 -bge: 0
 +bgp: 0
 -bgp: 0
 +cos: 0
 -cos: 0
 +ptomc: 6.74234E-05
 -ptomc: -6.74227E-05
 +bmm: 0.000259143
 -bmm: -0.000259014

 mumu/surviving signal: 0.0797329 +- 0.00892985 %
 +ptoc: 0
 -ptoc: 0
 +bge: 0
 -bge: 0
 +bgp: 0
 -bgp: 0
 +cos: 0
 -cos: 0
 +ptomc: 0.000589155
 -ptomc: -0.000589254
 +bmm: 0.00226473
 -bmm: -0.00226358

 tautau/surviving signal: 1.49316 +- 0.0374251 %
 +ptoc: 0
 -ptoc: 0
 +bge: 0
 -bge: 0
 +bgp: 0
 -bgp: 0
 +cos: 0
 -cos: 0
 +ptomc: 0.011191
 -ptomc: -0.0111884
 +bmm: 0.0430306
 -bmm: -0.042969
