	 ******************************************************
	 *                                                    *
	 *            W E L C O M E    to   P A W             *
	 *                                                    *
	 *       Version 2.09/18      19 March 1998           *
	 *                                                    *
	 ******************************************************

	 Macro search order is Command
	PAW > exec i_cant_believe_im_making_these_plots_again 1
	 cuts 5 through 9 for the 1s
	 one
	 two
	 three
	 four
	 five
	 six
	 seven
	 eight
	 nine
	 ten
	 eleven
	 twelve
	 nominal MC: 98.8834 +/- 0.0415923 %
	 +bmm: 0.00243378 %
	 -bmm: -0.00241852 %
	 +arr: 0.00314331 %
	 -arr: -0.00314331 %
	 +gag: 0.0184021 %
	 -gag: -0.0185089 %
	 +bca: 0 %
	 -bca: 0 %
	 +bcm: 0 %
	 -bcm: 0 %
	 nominal data: 98.5539 +/- 0.528286 %
	 +ptoc: -0.442932 %
	 -ptoc: 0.436562 %
	 +bge: -0.0130615 %
	 -bge: 0.0130539 %
	 +bgp: -0.0039978 %
	 -bgp: 0.00401306 %
	 +cos: -0.0599289 %
	 -cos: 0.059845 %
	 +ptomc: -0.00255585 %
	 -ptomc: 0.00256348 %
	 +bmm: 0.0293808 %
	 -bmm: -0.0294037 %
	PAW >  Exiting from PAW.
	 ******************************************************
	 *                                                    *
	 *            W E L C O M E    to   P A W             *
	 *                                                    *
	 *       Version 2.09/18      19 March 1998           *
	 *                                                    *
	 ******************************************************

	 Macro search order is Command
	PAW > exec i_cant_believe_im_making_these_plots_again 2
	 cuts 5 through 9 for the 2s
	 one
	 two
	 three
	 four
	 five
	 six
	 six and a half
	 six and three quarters
	 six and nine tenths
	 seven
	 eight
	 nine
	 ten
	 eleven
	 twelve
	 nominal MC: 98.6408 +/- 0.0423668 %
	 +bmm: 0.00410461 %
	 -bmm: -0.0040741 %
	 +arr: 0.00248718 %
	 -arr: -0.00247955 %
	 +gag: 0.00675201 %
	 -gag: -0.00672913 %
	 +bca: 0.0130615 %
	 -bca: -0.013031 %
	 +bcm: 0.000915527 %
	 -bcm: 0.000915527 %
	 nominal data: 97.3837 +/- 0.726266 %
	 +ptoc: -0.605988 %
	 -ptoc: 0.597816 %
	 +bge: -0.00971985 %
	 -bge: 0.00971985 %
	 +bgp: 0.208504 %
	 -bgp: -0.209427 %
	 +cos: -0.0813141 %
	 -cos: 0.0811615 %
	 +ptomc: -0.00198364 %
	 -ptomc: 0.00196838 %
	 +bmm: 0.0591049 %
	 -bmm: -0.0568466 %
	PAW >  Exiting from PAW.
	 ******************************************************
	 *                                                    *
	 *            W E L C O M E    to   P A W             *
	 *                                                    *
	 *       Version 2.09/18      19 March 1998           *
	 *                                                    *
	 ******************************************************

	 Macro search order is Command
	PAW > exec i_cant_believe_im_making_these_plots_again 3
	 cuts 5 through 9 for the 3s
	 one
	 two
	 three
	 four
	 five
	 six
	 six and a half
	 six and three quarters
	 six and nine tenths
	 seven
	 eight
	 nine
	 ten
	 eleven
	 twelve
	 nominal MC: 98.6089 +/- 0.0401859 %
	 +bmm: 0.0056076 %
	 -bmm: -0.00556183 %
	 +arr: 0.00326538 %
	 -arr: -0.00325775 %
	 +gag: 0.00752258 %
	 -gag: -0.00750732 %
	 +bca: 0.00932312 %
	 -bca: -0.00930786 %
	 +bcm: 0.00182343 %
	 -bcm: 0.00182343 %
	 nominal data: 97.5765 +/- 1.00448 %
	 +ptoc: -0.89537 %
	 -ptoc: 0.873642 %
	 +bge: -0.0429153 %
	 -bge: 0.0428925 %
	 +bgp: 0.00889587 %
	 -bgp: -0.00882721 %
	 +cos: -0.115547 %
	 -cos: 0.115257 %
	 +ptomc: -0.0030365 %
	 -ptomc: 0.0030365 %
	 +bmm: 0.0732422 %
	 -bmm: -0.0733566 %
	PAW >  Exiting from PAW.
