 ******************************************************
 *                                                    *
 *            W E L C O M E    to   P A W             *
 *                                                    *
 *       Version 2.09/18      19 March 1998           *
 *                                                    *
 ******************************************************
 Workstation type (?=HELP) <CR>=1 :  Version 1.23/09 of HIGZ started
 *** Using default PAWLOGON file "/home/mccann/.pawlogon.kumac"

 Macro search order is Command
PAW > exec i_cant_believe_im_making_these_plots_again 2
 one
 two
 three
 four
 five
 six
 six and a half
 six and three quarters
 six and nine tenths
 seven
 eight
 nine
 ten
 eleven
 twelve
 one
 two
 three
 four
 five
 six
 six and a half
 six and three quarters
 six and nine tenths
 seven
 eight
 nine
 ten
 eleven
 twelve
 one
 two
 three
 four
 five
 six
 six and a half
 six and three quarters
 six and nine tenths
 seven
 eight
 nine
 ten
 eleven
 twelve
 one
 two
 three
 four
 five
 six
 six and a half
 six and three quarters
 six and nine tenths
 seven
 eight
 nine
 ten
 eleven
 twelve
 one
 two
 three
 four
 five
 six
 six and a half
 six and three quarters
 six and nine tenths
 seven
 eight
 nine
 ten
 eleven
 twelve
 one
 two
 three
 four
 five
 six
 six and a half
 six and three quarters
 six and nine tenths
 seven
 eight
 nine
 ten
 eleven
 twelve
 one
 two
 three
 four
 five
 six
 six and a half
 six and three quarters
 six and nine tenths
 seven
 eight
 nine
 ten
 eleven
 twelve
 one
 two
 three
 four
 five
 six
 six and a half
 six and three quarters
 six and nine tenths
 seven
 eight
 nine
 ten
 eleven
 twelve
 one
 two
 three
 four
 five
 six
 six and a half
 six and three quarters
 six and nine tenths
 seven
 eight
 nine
 ten
 eleven
 twelve
 one
 two
 three
 four
 five
 six
 six and a half
 six and three quarters
 six and nine tenths
 seven
 eight
 nine
 ten
 eleven
 twelve
 one
 two
 three
 four
 five
 six
 six and a half
 six and three quarters
 six and nine tenths
 seven
 eight
 nine
 ten
 eleven
 twelve
 trigger only
 one
 two
 three
 four
 five
 six
 six and a half
 six and three quarters
 six and nine tenths
 seven
 eight
 nine
 ten
 eleven
 twelve
 nominal MC: 99.6126 +/- 0.024015 %
 +bmm: 0.00159454 %
 -bmm: -0.00158691 %
 +arr: 0.000770569 %
 -arr: -0.000770569 %
 +gag: 0.00271606 %
 -gag: -0.00270081 %
 +bca: 0.00205994 %
 -bca: -0.00205231 %
 +bcm: 0.0091629 %
 -bcm: 0.0091629 %
 nominal data: 97.1078 +/- 0.713164 %
 +ptoc: -0.424492 %
 -ptoc: 0.407646 %
 +bge: 0.00297546 %
 -bge: -0.00294495 %
 +bgp: 0.134491 %
 -bgp: -0.136116 %
 +cos: -0.388062 %
 -cos: 0.377136 %
 +ptomc: -0.00801086 %
 -ptomc: 0.00801086 %
 +bmm: -0.0382309 %
 -bmm: 0.0401077 %
 d0close given previous
 one
 two
 three
 four
 five
 six
 six and a half
 six and three quarters
 six and nine tenths
 seven
 eight
 nine
 ten
 eleven
 twelve
 *** VECTOR/CREATE MCVEC(2): existing vector MCVEC(2) replaced
 *** VECTOR/CREATE MCERR(2): existing vector MCERR(2) replaced
 nominal MC: 99.9729 +/- 0.005299 %
 +bmm: 7.62939E-05 %
 -bmm: -6.10352E-05 %
 +arr: 6.86646E-05 %
 -arr: -6.10352E-05 %
 +gag: 0.000587463 %
 -gag: -0.000579834 %
 +bca: -8.39233E-05 %
 -bca: 9.91821E-05 %
 +bcm: -2.28882E-05 %
 -bcm: -2.28882E-05 %
 *** VECTOR/CREATE DAVEC(2): existing vector DAVEC(2) replaced
 *** VECTOR/CREATE DAERR(2): existing vector DAERR(2) replaced
 nominal data: 100.748 +/- 0.70686 %
 +ptoc: -0.0250244 %
 -ptoc: 0.027504 %
 +bge: -0.00789642 %
 -bge: 0.0079422 %
 +bgp: 0.229683 %
 -bgp: -0.231873 %
 +cos: -0.96064 %
 -cos: 0.940979 %
 +ptomc: -0.000297546 %
 -ptomc: 0.000297546 %
 +bmm: -0.116692 %
 -bmm: 0.118347 %
 e1 given previous
 one
 two
 three
 four
 five
 six
 six and a half
 six and three quarters
 six and nine tenths
 seven
 eight
 nine
 ten
 eleven
 twelve
 *** VECTOR/CREATE MCVEC(2): existing vector MCVEC(2) replaced
 *** VECTOR/CREATE MCERR(2): existing vector MCERR(2) replaced
 nominal MC: 98.7009 +/- 0.0427977 %
 +bmm: 0.00102997 %
 -bmm: -0.00101471 %
 +arr: -0.00088501 %
 -arr: 0.000892639 %
 +gag: 0.0277634 %
 -gag: -0.0277252 %
 +bca: 0.000976563 %
 -bca: -0.000961304 %
 +bcm: 0.0368576 %
 -bcm: 0.0368576 %
 *** VECTOR/CREATE DAVEC(2): existing vector DAVEC(2) replaced
 *** VECTOR/CREATE DAERR(2): existing vector DAERR(2) replaced
 nominal data: 99.917 +/- 0.813842 %
 +ptoc: -0.997635 %
 -ptoc: 0.963539 %
 +bge: 0 %
 -bge: 0 %
 +bgp: -0.000160217 %
 -bgp: 0.000152588 %
 +cos: -0.000488281 %
 -cos: 0.000480652 %
 +ptomc: -0.0144882 %
 -ptomc: 0.0144653 %
 +bmm: 0.0476074 %
 -bmm: -0.0447235 %
 p2 given previous
 one
 two
 three
 four
 five
 six
 six and a half
 six and three quarters
 six and nine tenths
 seven
 eight
 nine
 ten
 eleven
 twelve
 *** VECTOR/CREATE MCVEC(2): existing vector MCVEC(2) replaced
 *** VECTOR/CREATE MCERR(2): existing vector MCERR(2) replaced
 nominal MC: 99.3092 +/- 0.036048 %
 +bmm: 0.00215149 %
 -bmm: -0.00212097 %
 +arr: 0.000137329 %
 -arr: -0.0001297 %
 +gag: -0.00261688 %
 -gag: 0.00262451 %
 +bca: 0.00144958 %
 -bca: -0.00144196 %
 +bcm: 0.0338821 %
 -bcm: 0.0338821 %
 *** VECTOR/CREATE DAVEC(2): existing vector DAVEC(2) replaced
 *** VECTOR/CREATE DAERR(2): existing vector DAERR(2) replaced
 nominal data: 98.9281 +/- 0.175773 %
 +ptoc: -0.0297852 %
 -ptoc: 0.0293579 %
 +bge: 3.05176E-05 %
 -bge: -2.28882E-05 %
 +bgp: -0.00215912 %
 -bgp: 0.00217438 %
 +cos: -0.00269318 %
 -cos: 0.00270081 %
 +ptomc: -0.00931549 %
 -ptomc: 0.00932312 %
 +bmm: -0.0501938 %
 -bmm: 0.0502243 %
 wz given previous
 one
 two
 three
 four
 five
 six
 six and a half
 six and three quarters
 six and nine tenths
 seven
 eight
 nine
 ten
 eleven
 twelve
 *** VECTOR/CREATE MCVEC(2): existing vector MCVEC(2) replaced
 *** VECTOR/CREATE MCERR(2): existing vector MCERR(2) replaced
 nominal MC: 99.8777 +/- 0.0121215 %
 +bmm: 0.000823975 %
 -bmm: -0.000801086 %
 +arr: 0.000640869 %
 -arr: -0.00062561 %
 +gag: 0.00063324 %
 -gag: -0.00062561 %
 +bca: 0.000610352 %
 -bca: -0.000595093 %
 +bcm: 3.05176E-05 %
 -bcm: 3.05176E-05 %
 *** VECTOR/CREATE DAVEC(2): existing vector DAVEC(2) replaced
 *** VECTOR/CREATE DAERR(2): existing vector DAERR(2) replaced
 nominal data: 99.939 +/- 0.343244 %
 +ptoc: -0.0124435 %
 -ptoc: 0.0127945 %
 +bge: -0.00904083 %
 -bge: 0.00904846 %
 +bgp: 0.195168 %
 -bgp: -0.196007 %
 +cos: -0.0560608 %
 -cos: 0.0559769 %
 +ptomc: -0.000244141 %
 -ptomc: 0.00025177 %
 +bmm: -0.00668335 %
 -bmm: 0.00715637 %
 visen given previous
 one
 two
 three
 four
 five
 six
 six and a half
 six and three quarters
 six and nine tenths
 seven
 eight
 nine
 ten
 eleven
 twelve
 *** VECTOR/CREATE MCVEC(2): existing vector MCVEC(2) replaced
 *** VECTOR/CREATE MCERR(2): existing vector MCERR(2) replaced
 nominal MC: 99.667 +/- 0.021337 %
 +bmm: 0.00119019 %
 -bmm: -0.00118256 %
 +arr: 0.000732422 %
 -arr: -0.000740051 %
 +gag: 0.000358582 %
 -gag: -0.00037384 %
 +bca: 0.00350952 %
 -bca: -0.00351715 %
 +bcm: 0.000282288 %
 -bcm: 0.000282288 %
 *** VECTOR/CREATE DAVEC(2): existing vector DAVEC(2) replaced
 *** VECTOR/CREATE DAERR(2): existing vector DAERR(2) replaced
 nominal data: 97.6677 +/- 0.593241 %
 +ptoc: -0.494385 %
 -ptoc: 0.487473 %
 +bge: -0.000862122 %
 -bge: 0.000869751 %
 +bgp: 0.0183945 %
 -bgp: -0.0184021 %
 +cos: -0.0248413 %
 -cos: 0.024826 %
 +ptomc: -0.00141144 %
 -ptomc: 0.00140381 %
 +bmm: 0.054512 %
 -bmm: -0.0529938 %
 1 through 6 dont believe data
 one
 two
 three
 four
 five
 six
 six and a half
 six and three quarters
 six and nine tenths
 seven
 eight
 nine
 ten
 eleven
 twelve
 *** VECTOR/CREATE MCVEC(2): existing vector MCVEC(2) replaced
 *** VECTOR/CREATE MCERR(2): existing vector MCERR(2) replaced
 nominal MC: 97.1688 +/- 0.06442 %
 +bmm: 0.00669098 %
 -bmm: -0.00663757 %
 +arr: 0.00139618 %
 -arr: -0.00140381 %
 +gag: 0.0289307 %
 -gag: -0.0288925 %
 +bca: 0.00830078 %
 -bca: -0.00829315 %
 +bcm: 0.0786285 %
 -bcm: 0.0786285 %
 *** VECTOR/CREATE DAVEC(2): existing vector DAVEC(2) replaced
 *** VECTOR/CREATE DAERR(2): existing vector DAERR(2) replaced
 nominal data: 94.3918 +/- 1.37524 %
 +ptoc: -1.90881 %
 -ptoc: 1.83186 %
 +bge: -0.0138474 %
 -bge: 0.0139389 %
 +bgp: 0.544754 %
 -bgp: -0.551331 %
 +cos: -1.36192 %
 -cos: 1.32359 %
 +ptomc: -0.0322342 %
 -ptomc: 0.0322037 %
 +bmm: -0.102982 %
 -bmm: 0.111153 %
 2 through 6 compare data and MC for fun
 one
 two
 three
 four
 five
 six
 six and a half
 six and three quarters
 six and nine tenths
 seven
 eight
 nine
 ten
 eleven
 twelve
 *** VECTOR/CREATE MCVEC(2): existing vector MCVEC(2) replaced
 *** VECTOR/CREATE MCERR(2): existing vector MCERR(2) replaced
 nominal MC: 97.5466 +/- 0.0602831 %
 +bmm: 0.00515747 %
 -bmm: -0.00510406 %
 +arr: 0.000648499 %
 -arr: -0.000648499 %
 +gag: 0.0263977 %
 -gag: -0.0263596 %
 +bca: 0.00632477 %
 -bca: -0.00630188 %
 +bcm: 0.0699692 %
 -bcm: 0.0699692 %
 *** VECTOR/CREATE DAVEC(2): existing vector DAVEC(2) replaced
 *** VECTOR/CREATE DAERR(2): existing vector DAERR(2) replaced
 nominal data: 97.2031 +/- 1.25989 %
 +ptoc: -1.534 %
 -ptoc: 1.48466 %
 +bge: -0.0172348 %
 -bge: 0.0173035 %
 +bgp: 0.426956 %
 -bgp: -0.430908 %
 +cos: -1.01001 %
 -cos: 0.989349 %
 +ptomc: -0.0251694 %
 -ptomc: 0.0251541 %
 +bmm: -0.0677567 %
 -bmm: 0.0743103 %
 5 and 6 compare data and MC for systematic error on wz and visen together
 one
 two
 three
 four
 five
 six
 six and a half
 six and three quarters
 six and nine tenths
 seven
 eight
 nine
 ten
 eleven
 twelve
 *** VECTOR/CREATE MCVEC(2): existing vector MCVEC(2) replaced
 *** VECTOR/CREATE MCERR(2): existing vector MCERR(2) replaced
 nominal MC: 99.5451 +/- 0.0244957 %
 +bmm: 0.0019989 %
 -bmm: -0.00198364 %
 +arr: 0.00137329 %
 -arr: -0.00136566 %
 +gag: 0.000999451 %
 -gag: -0.000991821 %
 +bca: 0.00411987 %
 -bca: -0.00411224 %
 +bcm: 0.000312805 %
 -bcm: 0.000312805 %
 *** VECTOR/CREATE DAVEC(2): existing vector DAVEC(2) replaced
 *** VECTOR/CREATE DAERR(2): existing vector DAERR(2) replaced
 nominal data: 97.6081 +/- 0.680787 %
 +ptoc: -0.506294 %
 -ptoc: 0.499603 %
 +bge: -0.00970459 %
 -bge: 0.00969696 %
 +bgp: 0.208946 %
 -bgp: -0.209885 %
 +cos: -0.0795975 %
 -cos: 0.0794449 %
 +ptomc: -0.00165558 %
 -ptomc: 0.00164032 %
 +bmm: 0.0479431 %
 -bmm: -0.04599 %
 tracks given previous only believe data
 one
 two
 three
 four
 five
 six
 six and a half
 six and three quarters
 six and nine tenths
 seven
 eight
 nine
 ten
 eleven
 twelve
 *** VECTOR/CREATE MCVEC(2): existing vector MCVEC(2) replaced
 *** VECTOR/CREATE MCERR(2): existing vector MCERR(2) replaced
 nominal MC: 99.9412 +/- 0.00811339 %
 +bmm: 0.000541687 %
 -bmm: -0.000549316 %
 +arr: 0.000427246 %
 -arr: -0.000434875 %
 +gag: 0.000778198 %
 -gag: -0.000785828 %
 +bca: 0.000236511 %
 -bca: -0.00025177 %
 +bcm: 0.000106812 %
 -bcm: 0.000106812 %
 *** VECTOR/CREATE DAVEC(2): existing vector DAVEC(2) replaced
 *** VECTOR/CREATE DAERR(2): existing vector DAERR(2) replaced
 nominal data: 100.137 +/- 0.245737 %
 +ptoc: -0.0859909 %
 -ptoc: 0.0856094 %
 +bge: -6.10352E-05 %
 -bge: 5.34058E-05 %
 +bgp: 9.15527E-05 %
 -bgp: -9.91821E-05 %
 +cos: -0.00173187 %
 -cos: 0.0017395 %
 +ptomc: -0.000244141 %
 -ptomc: 0.000236511 %
 +bmm: 0.00991821 %
 -bmm: -0.00965881 %
 l4dec given previous only believe data
 one
 two
 three
 four
 five
 six
 six and a half
 six and three quarters
 six and nine tenths
 seven
 eight
 nine
 ten
 eleven
 twelve
 *** VECTOR/CREATE MCVEC(2): existing vector MCVEC(2) replaced
 *** VECTOR/CREATE MCERR(2): existing vector MCERR(2) replaced
 nominal MC: 99.999 +/- 0.000983929 %
 +bmm: -1.52588E-05 %
 -bmm: 7.62939E-06 %
 +arr: -7.62939E-06 %
 -arr: 7.62939E-06 %
 +gag: 7.62939E-06 %
 -gag: 0 %
 +bca: -3.05176E-05 %
 -bca: 3.8147E-05 %
 +bcm: 0 %
 -bcm: 0 %
 *** VECTOR/CREATE DAVEC(2): existing vector DAVEC(2) replaced
 *** VECTOR/CREATE DAERR(2): existing vector DAERR(2) replaced
 nominal data: 100.011 +/- 0.0116925 %
 +ptoc: -0.000190735 %
 -ptoc: 0.000213623 %
 +bge: 3.8147E-05 %
 -bge: -7.62939E-06 %
 +bgp: -3.05176E-05 %
 -bgp: 4.57764E-05 %
 +cos: -0.000213623 %
 -cos: 0.000244141 %
 +ptomc: 0 %
 -ptomc: 1.52588E-05 %
 +bmm: 0 %
 -bmm: 1.52588E-05 %
 ccen given previous only believe data
 one
 two
 three
 four
 five
 six
 six and a half
 six and three quarters
 six and nine tenths
 seven
 eight
 nine
 ten
 eleven
 twelve
 *** VECTOR/CREATE MCVEC(2): existing vector MCVEC(2) replaced
 *** VECTOR/CREATE MCERR(2): existing vector MCERR(2) replaced
 nominal MC: 99.1508 +/- 0.0339575 %
 +bmm: 0.0016098 %
 -bmm: -0.00159454 %
 +arr: 0.000724792 %
 -arr: -0.000717163 %
 +gag: 0.00501251 %
 -gag: -0.00499725 %
 +bca: 0.00881958 %
 -bca: -0.00879669 %
 +bcm: 0.000495911 %
 -bcm: 0.000495911 %
 *** VECTOR/CREATE DAVEC(2): existing vector DAVEC(2) replaced
 *** VECTOR/CREATE DAERR(2): existing vector DAERR(2) replaced
 nominal data: 99.6227 +/- 0.112704 %
 +ptoc: -0.016861 %
 -ptoc: 0.0168076 %
 +bge: -7.62939E-06 %
 -bge: 0 %
 +bgp: -7.62939E-06 %
 -bgp: 0 %
 +cos: 7.62939E-06 %
 -cos: -1.52588E-05 %
 +ptomc: -0.000106812 %
 -ptomc: 9.15527E-05 %
 +bmm: 0.00166321 %
 -bmm: -0.00162506 %
 just the data ones all together
 one
 two
 three
 four
 five
 six
 six and a half
 six and three quarters
 six and nine tenths
 seven
 eight
 nine
 ten
 eleven
 twelve
 *** VECTOR/CREATE MCVEC(2): existing vector MCVEC(2) replaced
 *** VECTOR/CREATE MCERR(2): existing vector MCERR(2) replaced
 nominal MC: 99.0915 +/- 0.0348901 %
 +bmm: 0.00212097 %
 -bmm: -0.0021286 %
 +arr: 0.00112915 %
 -arr: -0.00114441 %
 +gag: 0.00577545 %
 -gag: -0.00578308 %
 +bca: 0.00901031 %
 -bca: -0.00901794 %
 +bcm: 0.000595093 %
 -bcm: 0.000595093 %
 *** VECTOR/CREATE DAVEC(2): existing vector DAVEC(2) replaced
 *** VECTOR/CREATE DAERR(2): existing vector DAERR(2) replaced
 nominal data: 99.7701 +/- 0.269918 %
 +ptoc: -0.102753 %
 -ptoc: 0.102325 %
 +bge: -3.8147E-05 %
 -bge: 4.57764E-05 %
 +bgp: 3.8147E-05 %
 -bgp: -3.05176E-05 %
 +cos: -0.00193787 %
 -cos: 0.0019455 %
 +ptomc: -0.000328064 %
 -ptomc: 0.000335693 %
 +bmm: 0.0115509 %
 -bmm: -0.0112305 %
 the backgrounds after 1 - 6
 one
 two
 three
 four
 five
 six
 six and a half
 six and three quarters
 six and nine tenths
 seven
 eight
 nine
 ten
 eleven
 twelve
 bge: 61.8069 pm 2.2736
 *** VECTOR/CREATE BKVEC(1): existing vector BKVEC(1) replaced
 *** VECTOR/CREATE BKERR(1): existing vector BKERR(1) replaced
 bgp: -276.072 pm 24.5945
 *** VECTOR/CREATE BKVEC(1): existing vector BKVEC(1) replaced
 *** VECTOR/CREATE BKERR(1): existing vector BKERR(1) replaced
 cos: 80.4215 pm 3.93355
 *** VECTOR/CREATE BKVEC(1): existing vector BKVEC(1) replaced
 *** VECTOR/CREATE BKERR(1): existing vector BKERR(1) replaced
 ee: 27.3203 pm 6.2677
 *** VECTOR/CREATE BKVEC(1): existing vector BKVEC(1) replaced
 *** VECTOR/CREATE BKERR(1): existing vector BKERR(1) replaced
 mumu: 97.566 pm 11.6614
 *** VECTOR/CREATE BKVEC(1): existing vector BKVEC(1) replaced
 *** VECTOR/CREATE BKERR(1): existing vector BKERR(1) replaced
 tautau: 1552.05 pm 44.6369
 *** VECTOR/CREATE BKVEC(1): existing vector BKVEC(1) replaced
 *** VECTOR/CREATE BKERR(1): existing vector BKERR(1) replaced
 data with backgrounds still in it: 117601 pm 679.236 but statistically independent of control samples
 the backgrounds after EVERYTHING
 one
 two
 three
 four
 five
 six
 six and a half
 six and three quarters
 six and nine tenths
 seven
 eight
 nine
 ten
 eleven
 twelve
 *** VECTOR/CREATE BKVEC(1): existing vector BKVEC(1) replaced
 *** VECTOR/CREATE BKERR(1): existing vector BKERR(1) replaced
 bge: 38.3052 pm 1.78988
 *** VECTOR/CREATE BKVEC(1): existing vector BKVEC(1) replaced
 *** VECTOR/CREATE BKERR(1): existing vector BKERR(1) replaced
 bgp: -181.857 pm 19.9614
 *** VECTOR/CREATE BKVEC(1): existing vector BKVEC(1) replaced
 *** VECTOR/CREATE BKERR(1): existing vector BKERR(1) replaced
 cos: 48.6762 pm 3.06025
 *** VECTOR/CREATE BKVEC(1): existing vector BKVEC(1) replaced
 *** VECTOR/CREATE BKERR(1): existing vector BKERR(1) replaced
 ee: 7.18955 pm 3.21526
 *** VECTOR/CREATE BKVEC(1): existing vector BKVEC(1) replaced
 *** VECTOR/CREATE BKERR(1): existing vector BKERR(1) replaced
 mumu: 89.2032 pm 11.1504
 *** VECTOR/CREATE BKVEC(1): existing vector BKVEC(1) replaced
 *** VECTOR/CREATE BKERR(1): existing vector BKERR(1) replaced
 tautau: 1526.38 pm 44.2661
 *** VECTOR/CREATE BKVEC(1): existing vector BKVEC(1) replaced
 *** VECTOR/CREATE BKERR(1): existing vector BKERR(1) replaced
 data with backgrounds still in it: 117319 pm 602.55 but statistically independent of control samples
/NTUPLE/CUTS: Replacing cut $10
/NTUPLE/CUTS: Replacing cut $11
/NTUPLE/CUTS: Replacing cut $12
/NTUPLE/CUTS: Replacing cut $13
/NTUPLE/CUTS: Replacing cut $21
/NTUPLE/CUTS: Replacing cut $22
/NTUPLE/CUTS: Replacing cut $23
 e1 given previous no PHOTOS look at central value only
 one
 two
 three
 four
 five
 six
 six and a half
 six and three quarters
 six and nine tenths
 seven
 eight
 nine
 ten
 eleven
 twelve
 *** VECTOR/CREATE MCVEC(2): existing vector MCVEC(2) replaced
 *** VECTOR/CREATE MCERR(2): existing vector MCERR(2) replaced
 nominal MC: 98.4654 +/- 0.0534497 %
 +bmm: 0.00176239 %
 -bmm: -0.00174713 %
 +arr: -0.000846863 %
 -arr: 0.000839233 %
 +gag: 0.0268097 %
 -gag: -0.0267792 %
 +bca: 0.00891113 %
 -bca: -0.00889587 %
 +bcm: 0.0374603 %
 -bcm: 0.0374603 %
 *** VECTOR/CREATE DAVEC(2): existing vector DAVEC(2) replaced
 *** VECTOR/CREATE DAERR(2): existing vector DAERR(2) replaced
 nominal data: 99.93 +/- 0.81434 %
 +ptoc: -0.99736 %
 -ptoc: 0.96328 %
 +bge: 0 %
 -bge: 0 %
 +bgp: -0.0001297 %
 -bgp: 0.00012207 %
 +cos: -0.000495911 %
 -cos: 0.000488281 %
 +ptomc: -0.0145798 %
 -ptomc: 0.0145645 %
 +bmm: 0.0469971 %
 -bmm: -0.0441284 %
 p2 given previous no PHOTOS look at central value only
 one
 two
 three
 four
 five
 six
 six and a half
 six and three quarters
 six and nine tenths
 seven
 eight
 nine
 ten
 eleven
 twelve
 *** VECTOR/CREATE MCVEC(2): existing vector MCVEC(2) replaced
 *** VECTOR/CREATE MCERR(2): existing vector MCERR(2) replaced
 nominal MC: 99.1701 +/- 0.0435376 %
 +bmm: 0.00258636 %
 -bmm: -0.00256348 %
 +arr: 0.000160217 %
 -arr: -0.000160217 %
 +gag: -0.0031662 %
 -gag: 0.00315857 %
 +bca: 0.00504303 %
 -bca: -0.00502777 %
 +bcm: 0.0359955 %
 -bcm: 0.0359955 %
 *** VECTOR/CREATE DAVEC(2): existing vector DAVEC(2) replaced
 *** VECTOR/CREATE DAERR(2): existing vector DAERR(2) replaced
 nominal data: 98.9643 +/- 0.176878 %
 +ptoc: -0.030098 %
 -ptoc: 0.0296555 %
 +bge: 2.28882E-05 %
 -bge: -2.28882E-05 %
 +bgp: -0.00208282 %
 -bgp: 0.00209045 %
 +cos: -0.00272369 %
 -cos: 0.00272369 %
 +ptomc: -0.00960541 %
 -ptomc: 0.00959015 %
 +bmm: -0.0517883 %
 -bmm: 0.0518112 %
 1 through 6 no PHOTOS look at central value only dont believe data
 one
 two
 three
 four
 five
 six
 six and a half
 six and three quarters
 six and nine tenths
 seven
 eight
 nine
 ten
 eleven
 twelve
 *** VECTOR/CREATE MCVEC(2): existing vector MCVEC(2) replaced
 *** VECTOR/CREATE MCERR(2): existing vector MCERR(2) replaced
 nominal MC: 96.7594 +/- 0.0763906 %
 +bmm: 0.00794983 %
 -bmm: -0.00788879 %
 +arr: 0.0014801 %
 -arr: -0.00147247 %
 +gag: 0.0272446 %
 -gag: -0.0272141 %
 +bca: 0.0210037 %
 -bca: -0.0209503 %
 +bcm: 0.0812225 %
 -bcm: 0.0812225 %
 *** VECTOR/CREATE DAVEC(2): existing vector DAVEC(2) replaced
 *** VECTOR/CREATE DAERR(2): existing vector DAERR(2) replaced
 nominal data: 94.4877 +/- 1.37732 %
 +ptoc: -1.91111 %
 -ptoc: 1.83408 %
 +bge: -0.013855 %
 -bge: 0.0139542 %
 +bgp: 0.545311 %
 -bgp: -0.551888 %
 +cos: -1.3633 %
 -cos: 1.32495 %
 +ptomc: -0.0330124 %
 -ptomc: 0.0329819 %
 +bmm: -0.107414 %
 -bmm: 0.115562 %
PAW >  Exiting from PAW.
