PAW > exec i_cant_believe_im_making_these_plots_again 2

ONLY 1 - 6

 non-beam-beam/surviving signal: -0.113683 +- 0.0212292 %
 +ptoc: -0.00352507
 -ptoc: 0.00351754
 +bge: 0.000164879
 -bge: -0.000165228
 +bgp: -0.00104806
 -bgp: 0.00104877
 +cos: 0.00487607
 -cos: -0.0048756
 +ptomc: 0
 -ptomc: 0
 +bmm: 0.00107887
 -bmm: -0.00107822

 ee/surviving signal: 0.0232368 +- 0.00533381 %
 +ptoc: 0
 -ptoc: 0
 +bge: 0
 -bge: 0
 +bgp: 0
 -bgp: 0
 +cos: 0
 -cos: 0
 +ptomc: 0.000180388
 -ptomc: -0.000180388
 +bmm: 0.00104209
 -bmm: -0.00104127

 mumu/surviving signal: 0.0830325 +- 0.00994412 %
 +ptoc: 0
 -ptoc: 0
 +bge: 0
 -bge: 0
 +bgp: 0
 -bgp: 0
 +cos: 0
 -cos: 0
 +ptomc: 0.000645121
 -ptomc: -0.000645104
 +bmm: 0.00372653
 -bmm: -0.00372267

 tautau/surviving signal: 1.33741 +- 0.0397565 %
 +ptoc: 0
 -ptoc: 0
 +bge: 0
 -bge: 0
 +bgp: 0
 -bgp: 0
 +cos: 0
 -cos: 0
 +ptomc: 0.0105267
 -ptomc: -0.0105142
 +bmm: 0.0608151
 -bmm: -0.0606686

ALL THE CUTS

 non-beam-beam/surviving signal: -0.0808046 +- 0.017258 %
 +ptoc: -0.00238027
 -ptoc: 0.00237566
 +bge: 0.000122975
 -bge: -0.000123179
 +bgp: -0.00101312
 -bgp: 0.00101358
 +cos: 0.00296029
 -cos: -0.00296012
 +ptomc: 0
 -ptomc: 0
 +bmm: 0.000687124
 -bmm: -0.000686705

 ee/surviving signal: 0.00612858 +- 0.00274113 %
 +ptoc: 0
 -ptoc: 0
 +bge: 0
 -bge: 0
 +bgp: 0
 -bgp: 0
 +cos: 0
 -cos: 0
 +ptomc: 4.7568E-05
 -ptomc: -4.75688E-05
 +bmm: 0.000274798
 -bmm: -0.000274584

 mumu/surviving signal: 0.0760926 +- 0.00952685 %
 +ptoc: 0
 -ptoc: 0
 +bge: 0
 -bge: 0
 +bgp: 0
 -bgp: 0
 +cos: 0
 -cos: 0
 +ptomc: 0.000591163
 -ptomc: -0.000591151
 +bmm: 0.00341482
 -bmm: -0.00341131

 tautau/surviving signal: 1.3182 +- 0.0393355 %
 +ptoc: 0
 -ptoc: 0
 +bge: 0
 -bge: 0
 +bgp: 0
 -bgp: 0
 +cos: 0
 -cos: 0
 +ptomc: 0.0103735
 -ptomc: -0.0103611
 +bmm: 0.0599297
 -bmm: -0.0597861
