 ******************************************************
 *                                                    *
 *            W E L C O M E    to   P A W             *
 *                                                    *
 *       Version 2.09/18      19 March 1998           *
 *                                                    *
 ******************************************************
 Workstation type (?=HELP) <CR>=1 :  Version 1.23/09 of HIGZ started
 *** Using default PAWLOGON file "/home/mccann/.pawlogon.kumac"

 Macro search order is Command
PAW > exec i_cant_believe_im_making_these_plots_again 3
 one
 two
 three
 four
 five
 six
 six and a half
 six and three quarters
 six and nine tenths
 seven
 eight
 nine
 ten
 eleven
 twelve
 one
 two
 three
 four
 five
 six
 six and a half
 six and three quarters
 six and nine tenths
 seven
 eight
 nine
 ten
 eleven
 twelve
 one
 two
 three
 four
 five
 six
 six and a half
 six and three quarters
 six and nine tenths
 seven
 eight
 nine
 ten
 eleven
 twelve
 one
 two
 three
 four
 five
 six
 six and a half
 six and three quarters
 six and nine tenths
 seven
 eight
 nine
 ten
 eleven
 twelve
 one
 two
 three
 four
 five
 six
 six and a half
 six and three quarters
 six and nine tenths
 seven
 eight
 nine
 ten
 eleven
 twelve
 one
 two
 three
 four
 five
 six
 six and a half
 six and three quarters
 six and nine tenths
 seven
 eight
 nine
 ten
 eleven
 twelve
 one
 two
 three
 four
 five
 six
 six and a half
 six and three quarters
 six and nine tenths
 seven
 eight
 nine
 ten
 eleven
 twelve
 one
 two
 three
 four
 five
 six
 six and a half
 six and three quarters
 six and nine tenths
 seven
 eight
 nine
 ten
 eleven
 twelve
 one
 two
 three
 four
 five
 six
 six and a half
 six and three quarters
 six and nine tenths
 seven
 eight
 nine
 ten
 eleven
 twelve
 one
 two
 three
 four
 five
 six
 six and a half
 six and three quarters
 six and nine tenths
 seven
 eight
 nine
 ten
 eleven
 twelve
 one
 two
 three
 four
 five
 six
 six and a half
 six and three quarters
 six and nine tenths
 seven
 eight
 nine
 ten
 eleven
 twelve
 trigger only
 one
 two
 three
 four
 five
 six
 six and a half
 six and three quarters
 six and nine tenths
 seven
 eight
 nine
 ten
 eleven
 twelve
 nominal MC: 99.6617 +/- 0.0190825 %
 +bmm: 0.00226593 %
 -bmm: -0.00226593 %
 +arr: 0.00114441 %
 -arr: -0.00115967 %
 +gag: 0.00314331 %
 -gag: -0.00315094 %
 +bca: 0.00271606 %
 -bca: -0.00273132 %
 +bcm: 0.011795 %
 -bcm: 0.011795 %
 nominal data: 102.032 +/- 1.04811 %
 +ptoc: -0.836731 %
 -ptoc: 0.784569 %
 +bge: 0.00700378 %
 -bge: -0.00695038 %
 +bgp: 0.00788879 %
 -bgp: -0.00749969 %
 +cos: -0.660065 %
 -cos: 0.633675 %
 +ptomc: -0.0174408 %
 -ptomc: 0.0174103 %
 +bmm: -0.0998917 %
 -bmm: 0.0989532 %
 d0close given previous
 one
 two
 three
 four
 five
 six
 six and a half
 six and three quarters
 six and nine tenths
 seven
 eight
 nine
 ten
 eleven
 twelve
 *** VECTOR/CREATE MCVEC(2): existing vector MCVEC(2) replaced
 *** VECTOR/CREATE MCERR(2): existing vector MCERR(2) replaced
 nominal MC: 99.9757 +/- 0.0050577 %
 +bmm: 0.000213623 %
 -bmm: -0.000221252 %
 +arr: 0.0001297 %
 -arr: -0.000137329 %
 +gag: 0.00062561 %
 -gag: -0.00063324 %
 +bca: 0.000267029 %
 -bca: -0.000274658 %
 +bcm: -7.62939E-06 %
 -bcm: -7.62939E-06 %
 *** VECTOR/CREATE DAVEC(2): existing vector DAVEC(2) replaced
 *** VECTOR/CREATE DAERR(2): existing vector DAERR(2) replaced
 nominal data: 96.8473 +/- 0.910245 %
 +ptoc: 0.0664444 %
 -ptoc: -0.0600815 %
 +bge: -0.035408 %
 -bge: 0.0354767 %
 +bgp: 0.0104752 %
 -bgp: -0.00970459 %
 +cos: -1.25494 %
 -cos: 1.22018 %
 +ptomc: 0.00153351 %
 -ptomc: -0.00152588 %
 +bmm: -0.200554 %
 -bmm: 0.199371 %
 e1 given previous
 one
 two
 three
 four
 five
 six
 six and a half
 six and three quarters
 six and nine tenths
 seven
 eight
 nine
 ten
 eleven
 twelve
 *** VECTOR/CREATE MCVEC(2): existing vector MCVEC(2) replaced
 *** VECTOR/CREATE MCERR(2): existing vector MCERR(2) replaced
 nominal MC: 99.1887 +/- 0.0268944 %
 +bmm: -0.000839233 %
 -bmm: 0.000823975 %
 +arr: -0.00127411 %
 -arr: 0.00125885 %
 +gag: 0.0288544 %
 -gag: -0.0288086 %
 +bca: -0.00201416 %
 -bca: 0.00200653 %
 +bcm: 0.0362244 %
 -bcm: 0.0362244 %
 *** VECTOR/CREATE DAVEC(2): existing vector DAVEC(2) replaced
 *** VECTOR/CREATE DAERR(2): existing vector DAERR(2) replaced
 nominal data: 99.5013 +/- 1.07777 %
 +ptoc: -1.32795 %
 -ptoc: 1.26089 %
 +bge: 0.000183105 %
 -bge: -0.000198364 %
 +bgp: -4.57764E-05 %
 -bgp: 3.8147E-05 %
 +cos: -0.000160217 %
 -cos: 0.000152588 %
 +ptomc: -0.0198746 %
 -ptomc: 0.0198441 %
 +bmm: 0.0515366 %
 -bmm: -0.0516891 %
 p2 given previous
 one
 two
 three
 four
 five
 six
 six and a half
 six and three quarters
 six and nine tenths
 seven
 eight
 nine
 ten
 eleven
 twelve
 *** VECTOR/CREATE MCVEC(2): existing vector MCVEC(2) replaced
 *** VECTOR/CREATE MCERR(2): existing vector MCERR(2) replaced
 nominal MC: 99.7333 +/- 0.0163546 %
 +bmm: 0.001091 %
 -bmm: -0.001091 %
 +arr: 5.34058E-05 %
 -arr: -5.34058E-05 %
 +gag: -0.000953674 %
 -gag: 0.000953674 %
 +bca: 0.000511169 %
 -bca: -0.00050354 %
 +bcm: 0.0305023 %
 -bcm: 0.0305023 %
 *** VECTOR/CREATE DAVEC(2): existing vector DAVEC(2) replaced
 *** VECTOR/CREATE DAERR(2): existing vector DAERR(2) replaced
 nominal data: 99.0728 +/- 0.236374 %
 +ptoc: -0.0420303 %
 -ptoc: 0.0409622 %
 +bge: 3.8147E-05 %
 -bge: -4.57764E-05 %
 +bgp: -6.86646E-05 %
 -bgp: 7.62939E-05 %
 +cos: -0.00401306 %
 -cos: 0.0039978 %
 +ptomc: -0.012825 %
 -ptomc: 0.0128098 %
 +bmm: -0.0648041 %
 -bmm: 0.0646896 %
 wz given previous
 one
 two
 three
 four
 five
 six
 six and a half
 six and three quarters
 six and nine tenths
 seven
 eight
 nine
 ten
 eleven
 twelve
 *** VECTOR/CREATE MCVEC(2): existing vector MCVEC(2) replaced
 *** VECTOR/CREATE MCERR(2): existing vector MCERR(2) replaced
 nominal MC: 99.8849 +/- 0.0110205 %
 +bmm: 0.000564575 %
 -bmm: -0.000549316 %
 +arr: 0.000419617 %
 -arr: -0.000411987 %
 +gag: 0.000732422 %
 -gag: -0.000732422 %
 +bca: -0.000190735 %
 -bca: 0.000198364 %
 +bcm: 0.000114441 %
 -bcm: 0.000114441 %
 *** VECTOR/CREATE DAVEC(2): existing vector DAVEC(2) replaced
 *** VECTOR/CREATE DAERR(2): existing vector DAERR(2) replaced
 nominal data: 99.518 +/- 0.44883 %
 +ptoc: -0.00727081 %
 -ptoc: 0.00727844 %
 +bge: -0.0395508 %
 -bge: 0.0395279 %
 +bgp: 0.00822449 %
 -bgp: -0.00818634 %
 +cos: -0.0789948 %
 -cos: 0.078804 %
 +ptomc: -0.000267029 %
 -ptomc: 0.000267029 %
 +bmm: -0.0135727 %
 -bmm: 0.013504 %
 visen given previous
 one
 two
 three
 four
 five
 six
 six and a half
 six and three quarters
 six and nine tenths
 seven
 eight
 nine
 ten
 eleven
 twelve
 *** VECTOR/CREATE MCVEC(2): existing vector MCVEC(2) replaced
 *** VECTOR/CREATE MCERR(2): existing vector MCERR(2) replaced
 nominal MC: 99.6936 +/- 0.0190657 %
 +bmm: 0.00258636 %
 -bmm: -0.00256348 %
 +arr: 0.0016098 %
 -arr: -0.00161743 %
 +gag: 0.000320435 %
 -gag: -0.000328064 %
 +bca: 0.00299835 %
 -bca: -0.00299835 %
 +bcm: 0.000572205 %
 -bcm: 0.000572205 %
 *** VECTOR/CREATE DAVEC(2): existing vector DAVEC(2) replaced
 *** VECTOR/CREATE DAERR(2): existing vector DAERR(2) replaced
 nominal data: 99.4194 +/- 0.851464 %
 +ptoc: -0.767693 %
 -ptoc: 0.749016 %
 +bge: -0.00402832 %
 -bge: 0.00402832 %
 +bgp: 0.000839233 %
 -bgp: -0.000823975 %
 +cos: -0.0361252 %
 -cos: 0.036087 %
 +ptomc: -0.00258636 %
 -ptomc: 0.00258636 %
 +bmm: 0.0732498 %
 -bmm: -0.0733566 %
 1 through 6 dont believe data
 one
 two
 three
 four
 five
 six
 six and a half
 six and three quarters
 six and nine tenths
 seven
 eight
 nine
 ten
 eleven
 twelve
 *** VECTOR/CREATE MCVEC(2): existing vector MCVEC(2) replaced
 *** VECTOR/CREATE MCERR(2): existing vector MCERR(2) replaced
 nominal MC: 98.1505 +/- 0.0426314 %
 +bmm: 0.00580597 %
 -bmm: -0.00575256 %
 +arr: 0.00205994 %
 -arr: -0.00205994 %
 +gag: 0.0323715 %
 -gag: -0.0323257 %
 +bca: 0.00422668 %
 -bca: -0.00421143 %
 +bcm: 0.0781479 %
 -bcm: 0.0781479 %
 *** VECTOR/CREATE DAVEC(2): existing vector DAVEC(2) replaced
 *** VECTOR/CREATE DAERR(2): existing vector DAERR(2) replaced
 nominal data: 96.3786 +/- 1.94058 %
 +ptoc: -2.8287 %
 -ptoc: 2.65197 %
 +bge: -0.0706024 %
 -bge: 0.070694 %
 +bgp: 0.0265427 %
 -bgp: -0.0253525 %
 +cos: -1.9983 %
 -cos: 1.91846 %
 +ptomc: -0.0494385 %
 -ptomc: 0.0493774 %
 +bmm: -0.24913 %
 -bmm: 0.246666 %
 2 through 6 compare data and MC for fun
 one
 two
 three
 four
 five
 six
 six and a half
 six and three quarters
 six and nine tenths
 seven
 eight
 nine
 ten
 eleven
 twelve
 *** VECTOR/CREATE MCVEC(2): existing vector MCVEC(2) replaced
 *** VECTOR/CREATE MCERR(2): existing vector MCERR(2) replaced
 nominal MC: 98.4836 +/- 0.0383727 %
 +bmm: 0.00357056 %
 -bmm: -0.0035553 %
 +arr: 0.000923157 %
 -arr: -0.000930786 %
 +gag: 0.0293655 %
 -gag: -0.029335 %
 +bca: 0.00154114 %
 -bca: -0.00154877 %
 +bcm: 0.0667496 %
 -bcm: 0.0667496 %
 *** VECTOR/CREATE DAVEC(2): existing vector DAVEC(2) replaced
 *** VECTOR/CREATE DAERR(2): existing vector DAERR(2) replaced
 nominal data: 94.4591 +/- 1.60387 %
 +ptoc: -1.98156 %
 -ptoc: 1.88731 %
 +bge: -0.0757141 %
 -bge: 0.0756912 %
 +bgp: 0.0187149 %
 -bgp: -0.0179062 %
 +cos: -1.33878 %
 -cos: 1.30168 %
 +ptomc: -0.0323105 %
 -ptomc: 0.0322647 %
 +bmm: -0.151535 %
 -bmm: 0.150352 %
 5 and 6 compare data and MC for systematic error on wz and visen together
 one
 two
 three
 four
 five
 six
 six and a half
 six and three quarters
 six and nine tenths
 seven
 eight
 nine
 ten
 eleven
 twelve
 *** VECTOR/CREATE MCVEC(2): existing vector MCVEC(2) replaced
 *** VECTOR/CREATE MCERR(2): existing vector MCERR(2) replaced
 nominal MC: 99.5789 +/- 0.0219854 %
 +bmm: 0.00313568 %
 -bmm: -0.00312042 %
 +arr: 0.00202942 %
 -arr: -0.00202942 %
 +gag: 0.00105286 %
 -gag: -0.00106049 %
 +bca: 0.00280762 %
 -bca: -0.00279999 %
 +bcm: 0.000694275 %
 -bcm: 0.000694275 %
 *** VECTOR/CREATE DAVEC(2): existing vector DAVEC(2) replaced
 *** VECTOR/CREATE DAERR(2): existing vector DAERR(2) replaced
 nominal data: 98.9402 +/- 0.954067 %
 +ptoc: -0.771278 %
 -ptoc: 0.752602 %
 +bge: -0.0433273 %
 -bge: 0.0433121 %
 +bgp: 0.00902557 %
 -bgp: -0.00894165 %
 +cos: -0.114502 %
 -cos: 0.114227 %
 +ptomc: -0.00283813 %
 -ptomc: 0.00284576 %
 +bmm: 0.0594254 %
 -bmm: -0.0595322 %
 tracks given previous only believe data
 one
 two
 three
 four
 five
 six
 six and a half
 six and three quarters
 six and nine tenths
 seven
 eight
 nine
 ten
 eleven
 twelve
 *** VECTOR/CREATE MCVEC(2): existing vector MCVEC(2) replaced
 *** VECTOR/CREATE MCERR(2): existing vector MCERR(2) replaced
 nominal MC: 99.9376 +/- 0.00816698 %
 +bmm: 3.05176E-05 %
 -bmm: -2.28882E-05 %
 +arr: 2.28882E-05 %
 -arr: -2.28882E-05 %
 +gag: 0.000709534 %
 -gag: -0.000701904 %
 +bca: -0.000144958 %
 -bca: 0.000152588 %
 +bcm: 0.000358582 %
 -bcm: 0.000358582 %
 *** VECTOR/CREATE DAVEC(2): existing vector DAVEC(2) replaced
 *** VECTOR/CREATE DAERR(2): existing vector DAERR(2) replaced
 nominal data: 99.2102 +/- 0.324837 %
 +ptoc: -0.110817 %
 -ptoc: 0.109756 %
 +bge: -0.000289917 %
 -bge: 0.000274658 %
 +bgp: 0 %
 -bgp: -7.62939E-06 %
 +cos: -0.00237274 %
 -cos: 0.00234985 %
 +ptomc: -0.000267029 %
 -ptomc: 0.00025177 %
 +bmm: 0.0117416 %
 -bmm: -0.0117493 %
 l4dec given previous only believe data
 one
 two
 three
 four
 five
 six
 six and a half
 six and three quarters
 six and nine tenths
 seven
 eight
 nine
 ten
 eleven
 twelve
 *** VECTOR/CREATE MCVEC(2): existing vector MCVEC(2) replaced
 *** VECTOR/CREATE MCERR(2): existing vector MCERR(2) replaced
 nominal MC: 99.9999 +/- 8.61992E-05 %
 +bmm: 0 %
 -bmm: 0 %
 +arr: 0 %
 -arr: 0 %
 +gag: 0 %
 -gag: -2.28882E-05 %
 +bca: -1.52588E-05 %
 -bca: 0 %
 +bcm: 0 %
 -bcm: 0 %
 *** VECTOR/CREATE DAVEC(2): existing vector DAVEC(2) replaced
 *** VECTOR/CREATE DAERR(2): existing vector DAERR(2) replaced
 nominal data: 99.9775 +/- 0.015221 %
 +ptoc: -0.0001297 %
 -ptoc: 0.000144958 %
 +bge: 0.000106812 %
 -bge: -9.91821E-05 %
 +bgp: 0 %
 -bgp: 0 %
 +cos: -0.000312805 %
 -cos: 0.000320435 %
 +ptomc: 7.62939E-06 %
 -ptomc: 0 %
 +bmm: -1.52588E-05 %
 -bmm: 1.52588E-05 %
 ccen given previous only believe data
 one
 two
 three
 four
 five
 six
 six and a half
 six and three quarters
 six and nine tenths
 seven
 eight
 nine
 ten
 eleven
 twelve
 *** VECTOR/CREATE MCVEC(2): existing vector MCVEC(2) replaced
 *** VECTOR/CREATE MCERR(2): existing vector MCERR(2) replaced
 nominal MC: 99.0878 +/- 0.0329637 %
 +bmm: 0.00248718 %
 -bmm: -0.00245667 %
 +arr: 0.00124359 %
 -arr: -0.00122833 %
 +gag: 0.00580597 %
 -gag: -0.00577545 %
 +bca: 0.00673676 %
 -bca: -0.00671387 %
 +bcm: 0.000785828 %
 -bcm: 0.000785828 %
 *** VECTOR/CREATE DAVEC(2): existing vector DAVEC(2) replaced
 *** VECTOR/CREATE DAERR(2): existing vector DAERR(2) replaced
 nominal data: 99.4292 +/- 0.15876 %
 +ptoc: -0.0249786 %
 -ptoc: 0.0247955 %
 +bge: -7.62939E-06 %
 -bge: 7.62939E-06 %
 +bgp: 0 %
 -bgp: 0 %
 +cos: 2.28882E-05 %
 -cos: -2.28882E-05 %
 +ptomc: 1.52588E-05 %
 -ptomc: -1.52588E-05 %
 +bmm: 0.00317383 %
 -bmm: -0.00318146 %
 just the data ones all together
 one
 two
 three
 four
 five
 six
 six and a half
 six and three quarters
 six and nine tenths
 seven
 eight
 nine
 ten
 eleven
 twelve
 *** VECTOR/CREATE MCVEC(2): existing vector MCVEC(2) replaced
 *** VECTOR/CREATE MCERR(2): existing vector MCERR(2) replaced
 nominal MC: 99.0259 +/- 0.0339222 %
 +bmm: 0.00251007 %
 -bmm: -0.00249481 %
 +arr: 0.00125885 %
 -arr: -0.00126648 %
 +gag: 0.00650024 %
 -gag: -0.00649261 %
 +bca: 0.00657654 %
 -bca: -0.00656128 %
 +bcm: 0.00112915 %
 -bcm: 0.00112915 %
 *** VECTOR/CREATE DAVEC(2): existing vector DAVEC(2) replaced
 *** VECTOR/CREATE DAERR(2): existing vector DAERR(2) replaced
 nominal data: 98.6217 +/- 0.359064 %
 +ptoc: -0.135101 %
 -ptoc: 0.13382 %
 +bge: -0.000190735 %
 -bge: 0.000175476 %
 +bgp: 0 %
 -bgp: -7.62939E-06 %
 +cos: -0.00263977 %
 -cos: 0.00263214 %
 +ptomc: -0.000236511 %
 -ptomc: 0.000228882 %
 +bmm: 0.0148087 %
 -bmm: -0.0148163 %
 the backgrounds after 1 - 6
 one
 two
 three
 four
 five
 six
 six and a half
 six and three quarters
 six and nine tenths
 seven
 eight
 nine
 ten
 eleven
 twelve
 bge: 224.463 pm 8.25701
 *** VECTOR/CREATE BKVEC(1): existing vector BKVEC(1) replaced
 *** VECTOR/CREATE BKERR(1): existing vector BKERR(1) replaced
 bgp: -9.58972 pm 0.85432
 *** VECTOR/CREATE BKVEC(1): existing vector BKVEC(1) replaced
 *** VECTOR/CREATE BKERR(1): existing vector BKERR(1) replaced
 cos: -488.939 pm 23.9148
 *** VECTOR/CREATE BKVEC(1): existing vector BKVEC(1) replaced
 *** VECTOR/CREATE BKERR(1): existing vector BKERR(1) replaced
 ee: 12.8702 pm 5.25425
 *** VECTOR/CREATE BKVEC(1): existing vector BKVEC(1) replaced
 *** VECTOR/CREATE BKERR(1): existing vector BKERR(1) replaced
 mumu: 61.4127 pm 11.4041
 *** VECTOR/CREATE BKVEC(1): existing vector BKVEC(1) replaced
 *** VECTOR/CREATE BKERR(1): existing vector BKERR(1) replaced
 tautau: 1495.5 pm 59.5347
 *** VECTOR/CREATE BKVEC(1): existing vector BKVEC(1) replaced
 *** VECTOR/CREATE BKERR(1): existing vector BKERR(1) replaced
 data with backgrounds still in it: 99433.8 pm 722.274 but statistically independent of control samples
 the backgrounds after EVERYTHING
 one
 two
 three
 four
 five
 six
 six and a half
 six and three quarters
 six and nine tenths
 seven
 eight
 nine
 ten
 eleven
 twelve
 *** VECTOR/CREATE BKVEC(1): existing vector BKVEC(1) replaced
 *** VECTOR/CREATE BKERR(1): existing vector BKERR(1) replaced
 bge: 139.112 pm 6.5003
 *** VECTOR/CREATE BKVEC(1): existing vector BKVEC(1) replaced
 *** VECTOR/CREATE BKERR(1): existing vector BKERR(1) replaced
 bgp: -6.31704 pm 0.693385
 *** VECTOR/CREATE BKVEC(1): existing vector BKVEC(1) replaced
 *** VECTOR/CREATE BKERR(1): existing vector BKERR(1) replaced
 cos: -295.937 pm 18.6054
 *** VECTOR/CREATE BKVEC(1): existing vector BKVEC(1) replaced
 *** VECTOR/CREATE BKERR(1): existing vector BKERR(1) replaced
 ee: 6.43512 pm 3.71532
 *** VECTOR/CREATE BKVEC(1): existing vector BKVEC(1) replaced
 *** VECTOR/CREATE BKERR(1): existing vector BKERR(1) replaced
 mumu: 57.1774 pm 11.0038
 *** VECTOR/CREATE BKVEC(1): existing vector BKVEC(1) replaced
 *** VECTOR/CREATE BKERR(1): existing vector BKERR(1) replaced
 tautau: 1459.94 pm 58.8228
 *** VECTOR/CREATE BKVEC(1): existing vector BKVEC(1) replaced
 *** VECTOR/CREATE BKERR(1): existing vector BKERR(1) replaced
 data with backgrounds still in it: 98145.9 pm 628.054 but statistically independent of control samples
/NTUPLE/CUTS: Replacing cut $10
/NTUPLE/CUTS: Replacing cut $11
/NTUPLE/CUTS: Replacing cut $12
/NTUPLE/CUTS: Replacing cut $13
/NTUPLE/CUTS: Replacing cut $21
/NTUPLE/CUTS: Replacing cut $22
/NTUPLE/CUTS: Replacing cut $23
 e1 given previous no PHOTOS look at central value only
 one
 two
 three
 four
 five
 six
 six and a half
 six and three quarters
 six and nine tenths
 seven
 eight
 nine
 ten
 eleven
 twelve
 *** VECTOR/CREATE MCVEC(2): existing vector MCVEC(2) replaced
 *** VECTOR/CREATE MCERR(2): existing vector MCERR(2) replaced
 nominal MC: 99.0395 +/- 0.0331304 %
 +bmm: -0.000205994 %
 -bmm: 0.000205994 %
 +arr: -0.00123596 %
 -arr: 0.00123596 %
 +gag: 0.0282822 %
 -gag: -0.0282364 %
 +bca: 0.00288391 %
 -bca: -0.00287628 %
 +bcm: 0.0371399 %
 -bcm: 0.0371399 %
 *** VECTOR/CREATE DAVEC(2): existing vector DAVEC(2) replaced
 *** VECTOR/CREATE DAERR(2): existing vector DAERR(2) replaced
 nominal data: 99.4678 +/- 1.0776 %
 +ptoc: -1.326 %
 -ptoc: 1.25909 %
 +bge: 0.000213623 %
 -bge: -0.000205994 %
 +bgp: -4.57764E-05 %
 -bgp: 4.57764E-05 %
 +cos: -0.000114441 %
 -cos: 0.00012207 %
 +ptomc: -0.019516 %
 -ptomc: 0.0195007 %
 +bmm: 0.0531845 %
 -bmm: -0.0533371 %
 p2 given previous no PHOTOS look at central value only
 one
 two
 three
 four
 five
 six
 six and a half
 six and three quarters
 six and nine tenths
 seven
 eight
 nine
 ten
 eleven
 twelve
 *** VECTOR/CREATE MCVEC(2): existing vector MCVEC(2) replaced
 *** VECTOR/CREATE MCERR(2): existing vector MCERR(2) replaced
 nominal MC: 99.6575 +/- 0.021038 %
 +bmm: 0.00141144 %
 -bmm: -0.00141144 %
 +arr: 6.86646E-05 %
 -arr: -7.62939E-05 %
 +gag: -0.00123596 %
 -gag: 0.00121307 %
 +bca: 0.00279999 %
 -bca: -0.00280762 %
 +bcm: 0.031723 %
 -bcm: 0.031723 %
 *** VECTOR/CREATE DAVEC(2): existing vector DAVEC(2) replaced
 *** VECTOR/CREATE DAERR(2): existing vector DAERR(2) replaced
 nominal data: 99.1058 +/- 0.23798 %
 +ptoc: -0.0424347 %
 -ptoc: 0.0413742 %
 +bge: 2.28882E-05 %
 -bge: -3.05176E-05 %
 +bgp: -6.86646E-05 %
 -bgp: 6.86646E-05 %
 +cos: -0.00405121 %
 -cos: 0.00405121 %
 +ptomc: -0.0131302 %
 -ptomc: 0.0131226 %
 +bmm: -0.0664597 %
 -bmm: 0.0663376 %
 1 through 6 no PHOTOS look at central value only dont believe data
 one
 two
 three
 four
 five
 six
 six and a half
 six and three quarters
 six and nine tenths
 seven
 eight
 nine
 ten
 eleven
 twelve
 *** VECTOR/CREATE MCVEC(2): existing vector MCVEC(2) replaced
 *** VECTOR/CREATE MCERR(2): existing vector MCERR(2) replaced
 nominal MC: 97.8918 +/- 0.0492581 %
 +bmm: 0.00688171 %
 -bmm: -0.00682831 %
 +arr: 0.00212097 %
 -arr: -0.00212097 %
 +gag: 0.0313568 %
 -gag: -0.031311 %
 +bca: 0.0125885 %
 -bca: -0.0125656 %
 +bcm: 0.0801086 %
 -bcm: 0.0801086 %
 *** VECTOR/CREATE DAVEC(2): existing vector DAVEC(2) replaced
 *** VECTOR/CREATE DAERR(2): existing vector DAERR(2) replaced
 nominal data: 96.4567 +/- 1.94315 %
 +ptoc: -2.83138 %
 -ptoc: 2.65447 %
 +bge: -0.0706558 %
 -bge: 0.0707474 %
 +bgp: 0.0265579 %
 -bgp: -0.0253754 %
 +cos: -1.99992 %
 -cos: 1.92002 %
 +ptomc: -0.0502167 %
 -ptomc: 0.0501709 %
 +bmm: -0.253334 %
 -bmm: 0.250824 %
PAW >  Exiting from PAW.
