 ******************************************************
 *                                                    *
 *            W E L C O M E    to   P A W             *
 *                                                    *
 *       Version 2.09/18      19 March 1998           *
 *                                                    *
 ******************************************************
 Workstation type (?=HELP) <CR>=1 :  Version 1.23/09 of HIGZ started
 *** Using default PAWLOGON file "/home/mccann/.pawlogon.kumac"

 Macro search order is Command
PAW > exec i_cant_believe_im_making_these_plots_again 1
 one
 two
 three
 four
 five
 six
 seven
 eight
 nine
 ten
 eleven
 twelve
 one
 two
 three
 four
 five
 six
 seven
 eight
 nine
 ten
 eleven
 twelve
 one
 two
 three
 four
 five
 six
 seven
 eight
 nine
 ten
 eleven
 twelve
 one
 two
 three
 four
 five
 six
 seven
 eight
 nine
 ten
 eleven
 twelve
 one
 two
 three
 four
 five
 six
 seven
 eight
 nine
 ten
 eleven
 twelve
 one
 two
 three
 four
 five
 six
 seven
 eight
 nine
 ten
 eleven
 twelve
 one
 two
 three
 four
 five
 six
 seven
 eight
 nine
 ten
 eleven
 twelve
 one
 two
 three
 four
 five
 six
 seven
 eight
 nine
 ten
 eleven
 twelve
 one
 two
 three
 four
 five
 six
 seven
 eight
 nine
 ten
 eleven
 twelve
 one
 two
 three
 four
 five
 six
 seven
 eight
 nine
 ten
 eleven
 twelve
 one
 two
 three
 four
 five
 six
 seven
 eight
 nine
 ten
 eleven
 twelve
 trigger only
 one
 two
 three
 four
 five
 six
 seven
 eight
 nine
 ten
 eleven
 twelve
 nominal MC: 99.8245 +/- 0.0138558 %
 +bmm: 0.000671387 %
 -bmm: -0.000663757 %
 +arr: 0.000862122 %
 -arr: -0.000869751 %
 +gag: 0.00797272 %
 -gag: -0.00801849 %
 +bca: 0 %
 -bca: 0 %
 +bcm: 0 %
 -bcm: 0 %
 nominal data: 99.8272 +/- 0.547031 %
 +ptoc: -0.378685 %
 -ptoc: 0.364662 %
 +bge: 0.00377655 %
 -bge: -0.00377655 %
 +bgp: -0.00256348 %
 -bgp: 0.00260925 %
 +cos: -0.315033 %
 -cos: 0.308434 %
 +ptomc: -0.0113602 %
 -ptomc: 0.0113449 %
 +bmm: -0.0229111 %
 -bmm: 0.02285 %
 d0close given previous
 one
 two
 three
 four
 five
 six
 seven
 eight
 nine
 ten
 eleven
 twelve
 *** VECTOR/CREATE MCVEC(2): existing vector MCVEC(2) replaced
 *** VECTOR/CREATE MCERR(2): existing vector MCERR(2) replaced
 nominal MC: 99.9678 +/- 0.00643686 %
 +bmm: 7.62939E-06 %
 -bmm: -7.62939E-06 %
 +arr: 7.62939E-06 %
 -arr: -7.62939E-06 %
 +gag: 0.00138092 %
 -gag: -0.00139618 %
 +bca: 0 %
 -bca: 0 %
 +bcm: 0 %
 -bcm: 0 %
 *** VECTOR/CREATE DAVEC(2): existing vector DAVEC(2) replaced
 *** VECTOR/CREATE DAERR(2): existing vector DAERR(2) replaced
 nominal data: 98.2863 +/- 0.47101 %
 +ptoc: 0.0205078 %
 -ptoc: -0.0198364 %
 +bge: -0.00917053 %
 -bge: 0.0091629 %
 +bgp: -0.0033493 %
 -bgp: 0.00344086 %
 +cos: -0.67086 %
 -cos: 0.660957 %
 +ptomc: 0.000656128 %
 -ptomc: -0.000663757 %
 +bmm: -0.0309601 %
 -bmm: 0.0309067 %
 e1 given previous
 one
 two
 three
 four
 five
 six
 seven
 eight
 nine
 ten
 eleven
 twelve
 *** VECTOR/CREATE MCVEC(2): existing vector MCVEC(2) replaced
 *** VECTOR/CREATE MCERR(2): existing vector MCERR(2) replaced
 nominal MC: 99.4651 +/- 0.0161662 %
 +bmm: -0.000801086 %
 -bmm: 0.000801086 %
 +arr: -0.00102234 %
 -arr: 0.00102234 %
 +gag: 0.059021 %
 -gag: -0.0594254 %
 +bca: 0 %
 -bca: 0 %
 +bcm: 0 %
 -bcm: 0 %
 *** VECTOR/CREATE DAVEC(2): existing vector DAVEC(2) replaced
 *** VECTOR/CREATE DAERR(2): existing vector DAERR(2) replaced
 nominal data: 100.105 +/- 0.65524 %
 +ptoc: -0.799431 %
 -ptoc: 0.775215 %
 +bge: -2.28882E-05 %
 -bge: 2.28882E-05 %
 +bgp: -7.62939E-06 %
 -bgp: 0 %
 +cos: -0.000488281 %
 -cos: 0.000488281 %
 +ptomc: -0.0162506 %
 -ptomc: 0.0162277 %
 +bmm: 0.0128174 %
 -bmm: -0.0128479 %
 p2 given previous
 one
 two
 three
 four
 five
 six
 seven
 eight
 nine
 ten
 eleven
 twelve
 *** VECTOR/CREATE MCVEC(2): existing vector MCVEC(2) replaced
 *** VECTOR/CREATE MCERR(2): existing vector MCERR(2) replaced
 nominal MC: 99.9981 +/- 0.00109773 %
 +bmm: 5.34058E-05 %
 -bmm: -5.34058E-05 %
 +arr: 7.62939E-05 %
 -arr: -6.86646E-05 %
 +gag: -1.52588E-05 %
 -gag: 1.52588E-05 %
 +bca: 0 %
 -bca: 0 %
 +bcm: 0 %
 -bcm: 0 %
 *** VECTOR/CREATE DAVEC(2): existing vector DAVEC(2) replaced
 *** VECTOR/CREATE DAERR(2): existing vector DAERR(2) replaced
 nominal data: 100.04 +/- 0.148963 %
 +ptoc: -0.0337448 %
 -ptoc: 0.0332489 %
 +bge: -0.000106812 %
 -bge: 0.000114441 %
 +bgp: 0 %
 -bgp: 1.52588E-05 %
 +cos: -0.00270081 %
 -cos: 0.00272369 %
 +ptomc: -0.0109634 %
 -ptomc: 0.0109863 %
 +bmm: -0.0391083 %
 -bmm: 0.0390778 %
 wz given previous
 one
 two
 three
 four
 five
 six
 seven
 eight
 nine
 ten
 eleven
 twelve
 *** VECTOR/CREATE MCVEC(2): existing vector MCVEC(2) replaced
 *** VECTOR/CREATE MCERR(2): existing vector MCERR(2) replaced
 nominal MC: 99.8581 +/- 0.0146397 %
 +bmm: 0.000816345 %
 -bmm: -0.000816345 %
 +arr: 0.00106049 %
 -arr: -0.00106049 %
 +gag: 0.00118256 %
 -gag: -0.00119019 %
 +bca: 0 %
 -bca: 0 %
 +bcm: 0 %
 -bcm: 0 %
 *** VECTOR/CREATE DAVEC(2): existing vector DAVEC(2) replaced
 *** VECTOR/CREATE DAERR(2): existing vector DAERR(2) replaced
 nominal data: 99.3015 +/- 0.200967 %
 +ptoc: -0.00540924 %
 -ptoc: 0.00528717 %
 +bge: -0.0119324 %
 -bge: 0.01194 %
 +bgp: -0.00369263 %
 -bgp: 0.00370026 %
 +cos: -0.0404053 %
 -cos: 0.0403595 %
 +ptomc: -8.39233E-05 %
 -ptomc: 9.15527E-05 %
 +bmm: -0.0017395 %
 -bmm: 0.00174713 %
 visen given previous
 one
 two
 three
 four
 five
 six
 seven
 eight
 nine
 ten
 eleven
 twelve
 *** VECTOR/CREATE MCVEC(2): existing vector MCVEC(2) replaced
 *** VECTOR/CREATE MCERR(2): existing vector MCERR(2) replaced
 nominal MC: 99.7888 +/- 0.0180984 %
 +bmm: 0.000953674 %
 -bmm: -0.000953674 %
 +arr: 0.00123596 %
 -arr: -0.00123596 %
 +gag: 0.00201416 %
 -gag: -0.00202179 %
 +bca: 0 %
 -bca: 0 %
 +bcm: 0 %
 -bcm: 0 %
 *** VECTOR/CREATE DAVEC(2): existing vector DAVEC(2) replaced
 *** VECTOR/CREATE DAERR(2): existing vector DAERR(2) replaced
 nominal data: 99.1052 +/- 0.449755 %
 +ptoc: -0.358917 %
 -ptoc: 0.353836 %
 +bge: -0.00115967 %
 -bge: 0.00117493 %
 +bgp: -0.000335693 %
 -bgp: 0.000343323 %
 +cos: -0.0185089 %
 -cos: 0.0185165 %
 +ptomc: -0.0019989 %
 -ptomc: 0.00202179 %
 +bmm: 0.0254669 %
 -bmm: -0.0254669 %
 1 through 6 dont believe data
 one
 two
 three
 four
 five
 six
 seven
 eight
 nine
 ten
 eleven
 twelve
 *** VECTOR/CREATE MCVEC(2): existing vector MCVEC(2) replaced
 *** VECTOR/CREATE MCERR(2): existing vector MCERR(2) replaced
 nominal MC: 98.9064 +/- 0.0320266 %
 +bmm: 0.00169373 %
 -bmm: -0.00169373 %
 +arr: 0.00218964 %
 -arr: -0.00221252 %
 +gag: 0.0710831 %
 -gag: -0.0716095 %
 +bca: 0 %
 -bca: 0 %
 +bcm: 0 %
 -bcm: 0 %
 *** VECTOR/CREATE DAVEC(2): existing vector DAVEC(2) replaced
 *** VECTOR/CREATE DAERR(2): existing vector DAERR(2) replaced
 nominal data: 96.6996 +/- 1.05866 %
 +ptoc: -1.51427 %
 -ptoc: 1.45819 %
 +bge: -0.0182495 %
 -bge: 0.0182495 %
 +bgp: -0.00970459 %
 -bgp: 0.00985718 %
 +cos: -1.02839 %
 -cos: 1.00691 %
 +ptomc: -0.0386963 %
 -ptomc: 0.0386734 %
 +bmm: -0.054924 %
 -bmm: 0.0547333 %
 2 through 6 compare data and MC for fun
 one
 two
 three
 four
 five
 six
 seven
 eight
 nine
 ten
 eleven
 twelve
 *** VECTOR/CREATE MCVEC(2): existing vector MCVEC(2) replaced
 *** VECTOR/CREATE MCERR(2): existing vector MCERR(2) replaced
 nominal MC: 99.0803 +/- 0.0289336 %
 +bmm: 0.0010376 %
 -bmm: -0.00102997 %
 +arr: 0.00133514 %
 -arr: -0.0013504 %
 +gag: 0.0633087 %
 -gag: -0.0637665 %
 +bca: 0 %
 -bca: 0 %
 +bcm: 0 %
 -bcm: 0 %
 *** VECTOR/CREATE DAVEC(2): existing vector DAVEC(2) replaced
 *** VECTOR/CREATE DAERR(2): existing vector DAERR(2) replaced
 nominal data: 96.867 +/- 0.919667 %
 +ptoc: -1.14514 %
 -ptoc: 1.11092 %
 +bge: -0.0219498 %
 -bge: 0.0219421 %
 +bgp: -0.00722504 %
 -bgp: 0.00734711 %
 +cos: -0.722206 %
 -cos: 0.711555 %
 +ptomc: -0.0277405 %
 -ptomc: 0.0277328 %
 +bmm: -0.0327759 %
 -bmm: 0.0326767 %
 5 and 6 compare data and MC for systematic error on wz and visen together
 one
 two
 three
 four
 five
 six
 seven
 eight
 nine
 ten
 eleven
 twelve
 *** VECTOR/CREATE MCVEC(2): existing vector MCVEC(2) replaced
 *** VECTOR/CREATE MCERR(2): existing vector MCERR(2) replaced
 nominal MC: 99.6471 +/- 0.0232429 %
 +bmm: 0.00177002 %
 -bmm: -0.00177765 %
 +arr: 0.00228882 %
 -arr: -0.00229645 %
 +gag: 0.00318909 %
 -gag: -0.00321198 %
 +bca: 0 %
 -bca: 0 %
 +bcm: 0 %
 -bcm: 0 %
 *** VECTOR/CREATE DAVEC(2): existing vector DAVEC(2) replaced
 *** VECTOR/CREATE DAERR(2): existing vector DAERR(2) replaced
 nominal data: 98.4129 +/- 0.486189 %
 +ptoc: -0.361801 %
 -ptoc: 0.356575 %
 +bge: -0.0129852 %
 -bge: 0.0129852 %
 +bgp: -0.0039978 %
 -bgp: 0.00400543 %
 +cos: -0.0584412 %
 -cos: 0.0583725 %
 +ptomc: -0.00208282 %
 -ptomc: 0.00208282 %
 +bmm: 0.0235519 %
 -bmm: -0.0235672 %
 tracks given previous only believe data
 one
 two
 three
 four
 five
 six
 seven
 eight
 nine
 ten
 eleven
 twelve
 *** VECTOR/CREATE MCVEC(2): existing vector MCVEC(2) replaced
 *** VECTOR/CREATE MCERR(2): existing vector MCERR(2) replaced
 nominal MC: 99.912 +/- 0.0114001 %
 +bmm: 0.000183105 %
 -bmm: -0.000183105 %
 +arr: 0.000236511 %
 -arr: -0.000236511 %
 +gag: 0.00209808 %
 -gag: -0.00210571 %
 +bca: 0 %
 -bca: 0 %
 +bcm: 0 %
 -bcm: 0 %
 *** VECTOR/CREATE DAVEC(2): existing vector DAVEC(2) replaced
 *** VECTOR/CREATE DAERR(2): existing vector DAERR(2) replaced
 nominal data: 100.299 +/- 0.190889 %
 +ptoc: -0.0669403 %
 -ptoc: 0.0664825 %
 +bge: -8.39233E-05 %
 -bge: 8.39233E-05 %
 +bgp: 0 %
 -bgp: 0 %
 +cos: -0.00125122 %
 -cos: 0.00125885 %
 +ptomc: -0.000411987 %
 -ptomc: 0.000404358 %
 +bmm: 0.00474548 %
 -bmm: -0.00473785 %
 l4dec given previous only believe data
 one
 two
 three
 four
 five
 six
 seven
 eight
 nine
 ten
 eleven
 twelve
 *** VECTOR/CREATE MCVEC(2): existing vector MCVEC(2) replaced
 *** VECTOR/CREATE MCERR(2): existing vector MCERR(2) replaced
 nominal MC: 100 +/- 0 %
 +bmm: 0 %
 -bmm: 0 %
 +arr: 0 %
 -arr: 0 %
 +gag: 0 %
 -gag: 0 %
 +bca: 0 %
 -bca: 0 %
 +bcm: 0 %
 -bcm: 0 %
 *** VECTOR/CREATE DAVEC(2): existing vector DAVEC(2) replaced
 *** VECTOR/CREATE DAERR(2): existing vector DAERR(2) replaced
 nominal data: 99.9915 +/- 0.00769921 %
 +ptoc: -4.57764E-05 %
 -ptoc: 3.05176E-05 %
 +bge: 3.05176E-05 %
 -bge: -3.05176E-05 %
 +bgp: 0 %
 -bgp: 0 %
 +cos: -0.000167847 %
 -cos: 0.000160217 %
 +ptomc: 0 %
 -ptomc: 0 %
 +bmm: 0 %
 -bmm: -7.62939E-06 %
 ccen given previous only believe data
 one
 two
 three
 four
 five
 six
 seven
 eight
 nine
 ten
 eleven
 twelve
 *** VECTOR/CREATE MCVEC(2): existing vector MCVEC(2) replaced
 *** VECTOR/CREATE MCERR(2): existing vector MCERR(2) replaced
 nominal MC: 99.3209 +/- 0.0328355 %
 +bmm: 0.000495911 %
 -bmm: -0.000488281 %
 +arr: 0.000640869 %
 -arr: -0.00062561 %
 +gag: 0.0132217 %
 -gag: -0.0132904 %
 +bca: 0 %
 -bca: 0 %
 +bcm: 0 %
 -bcm: 0 %
 *** VECTOR/CREATE DAVEC(2): existing vector DAVEC(2) replaced
 *** VECTOR/CREATE DAERR(2): existing vector DAERR(2) replaced
 nominal data: 99.8536 +/- 0.0913702 %
 +ptoc: -0.014679 %
 -ptoc: 0.0146027 %
 +bge: 0 %
 -bge: 7.62939E-06 %
 +bgp: 0 %
 -bgp: 0 %
 +cos: 0 %
 -cos: 0 %
 +ptomc: -6.10352E-05 %
 -ptomc: 6.10352E-05 %
 +bmm: 0.00115967 %
 -bmm: -0.00114441 %
 just the data ones all together
 one
 two
 three
 four
 five
 six
 seven
 eight
 nine
 ten
 eleven
 twelve
 *** VECTOR/CREATE MCVEC(2): existing vector MCVEC(2) replaced
 *** VECTOR/CREATE MCERR(2): existing vector MCERR(2) replaced
 nominal MC: 99.2335 +/- 0.0347105 %
 +bmm: 0.000679016 %
 -bmm: -0.000671387 %
 +arr: 0.000869751 %
 -arr: -0.000862122 %
 +gag: 0.0152893 %
 -gag: -0.0153809 %
 +bca: 0 %
 -bca: 0 %
 +bcm: 0 %
 -bcm: 0 %
 *** VECTOR/CREATE DAVEC(2): existing vector DAVEC(2) replaced
 *** VECTOR/CREATE DAERR(2): existing vector DAERR(2) replaced
 nominal data: 100.143 +/- 0.211729 %
 +ptoc: -0.0816193 %
 -ptoc: 0.0810547 %
 +bge: -6.10352E-05 %
 -bge: 4.57764E-05 %
 +bgp: 0 %
 -bgp: 0 %
 +cos: -0.00141907 %
 -cos: 0.00141907 %
 +ptomc: -0.000473022 %
 -ptomc: 0.000465393 %
 +bmm: 0.00587463 %
 -bmm: -0.00588989 %
 the backgrounds after 1 - 6
 one
 two
 three
 four
 five
 six
 seven
 eight
 nine
 ten
 eleven
 twelve
 bge: 53.414 pm 1.96487
 *** VECTOR/CREATE BKVEC(1): existing vector BKVEC(1) replaced
 *** VECTOR/CREATE BKERR(1): existing vector BKERR(1) replaced
 bgp: 3.4509 pm 0.307431
 *** VECTOR/CREATE BKVEC(1): existing vector BKVEC(1) replaced
 *** VECTOR/CREATE BKERR(1): existing vector BKERR(1) replaced
 cos: -94.7844 pm 4.63606
 *** VECTOR/CREATE BKVEC(1): existing vector BKVEC(1) replaced
 *** VECTOR/CREATE BKERR(1): existing vector BKERR(1) replaced
 ee: 15.6471 pm 3.49879
 *** VECTOR/CREATE BKVEC(1): existing vector BKVEC(1) replaced
 *** VECTOR/CREATE BKERR(1): existing vector BKERR(1) replaced
 mumu: 69.1286 pm 7.2868
 *** VECTOR/CREATE BKVEC(1): existing vector BKVEC(1) replaced
 *** VECTOR/CREATE BKERR(1): existing vector BKERR(1) replaced
 tautau: 1165.32 pm 27.8486
 *** VECTOR/CREATE BKVEC(1): existing vector BKVEC(1) replaced
 *** VECTOR/CREATE BKERR(1): existing vector BKERR(1) replaced
 data with backgrounds still in it: 77050.7 pm 405.767 but statistically independent of control samples
 the backgrounds after EVERYTHING
 one
 two
 three
 four
 five
 six
 seven
 eight
 nine
 ten
 eleven
 twelve
 *** VECTOR/CREATE BKVEC(1): existing vector BKVEC(1) replaced
 *** VECTOR/CREATE BKERR(1): existing vector BKERR(1) replaced
 bge: 33.1037 pm 1.54683
 *** VECTOR/CREATE BKVEC(1): existing vector BKVEC(1) replaced
 *** VECTOR/CREATE BKERR(1): existing vector BKERR(1) replaced
 bgp: 2.27321 pm 0.249517
 *** VECTOR/CREATE BKVEC(1): existing vector BKVEC(1) replaced
 *** VECTOR/CREATE BKERR(1): existing vector BKERR(1) replaced
 cos: -57.3695 pm 3.60679
 *** VECTOR/CREATE BKVEC(1): existing vector BKVEC(1) replaced
 *** VECTOR/CREATE BKERR(1): existing vector BKERR(1) replaced
 ee: 7.04119 pm 2.34706
 *** VECTOR/CREATE BKVEC(1): existing vector BKVEC(1) replaced
 *** VECTOR/CREATE BKERR(1): existing vector BKERR(1) replaced
 mumu: 61.4477 pm 6.87006
 *** VECTOR/CREATE BKVEC(1): existing vector BKVEC(1) replaced
 *** VECTOR/CREATE BKERR(1): existing vector BKERR(1) replaced
 tautau: 1134.71 pm 27.4803
 *** VECTOR/CREATE BKVEC(1): existing vector BKVEC(1) replaced
 *** VECTOR/CREATE BKERR(1): existing vector BKERR(1) replaced
 data with backgrounds still in it: 77128.3 pm 372.801 but statistically independent of control samples
/NTUPLE/CUTS: Replacing cut $10
/NTUPLE/CUTS: Replacing cut $11
/NTUPLE/CUTS: Replacing cut $12
/NTUPLE/CUTS: Replacing cut $13
/NTUPLE/CUTS: Replacing cut $21
/NTUPLE/CUTS: Replacing cut $22
/NTUPLE/CUTS: Replacing cut $23
 e1 given previous no PHOTOS look at central value only
 one
 two
 three
 four
 five
 six
 seven
 eight
 nine
 ten
 eleven
 twelve
 *** VECTOR/CREATE MCVEC(2): existing vector MCVEC(2) replaced
 *** VECTOR/CREATE MCERR(2): existing vector MCERR(2) replaced
 nominal MC: 99.4651 +/- 0.0161662 %
 +bmm: -0.000801086 %
 -bmm: 0.000801086 %
 +arr: -0.00102234 %
 -arr: 0.00102234 %
 +gag: 0.059021 %
 -gag: -0.0594254 %
 +bca: 0 %
 -bca: 0 %
 +bcm: 0 %
 -bcm: 0 %
 *** VECTOR/CREATE DAVEC(2): existing vector DAVEC(2) replaced
 *** VECTOR/CREATE DAERR(2): existing vector DAERR(2) replaced
 nominal data: 100.12 +/- 0.65591 %
 +ptoc: -0.799225 %
 -ptoc: 0.775032 %
 +bge: -2.28882E-05 %
 -bge: 2.28882E-05 %
 +bgp: -7.62939E-06 %
 -bgp: 0 %
 +cos: -0.000488281 %
 -cos: 0.000488281 %
 +ptomc: -0.0163422 %
 -ptomc: 0.0163345 %
 +bmm: 0.0123749 %
 -bmm: -0.0124054 %
 p2 given previous no PHOTOS look at central value only
 one
 two
 three
 four
 five
 six
 seven
 eight
 nine
 ten
 eleven
 twelve
 *** VECTOR/CREATE MCVEC(2): existing vector MCVEC(2) replaced
 *** VECTOR/CREATE MCERR(2): existing vector MCERR(2) replaced
 nominal MC: 99.9981 +/- 0.00109773 %
 +bmm: 5.34058E-05 %
 -bmm: -5.34058E-05 %
 +arr: 7.62939E-05 %
 -arr: -6.86646E-05 %
 +gag: -1.52588E-05 %
 -gag: 1.52588E-05 %
 +bca: 0 %
 -bca: 0 %
 +bcm: 0 %
 -bcm: 0 %
 *** VECTOR/CREATE DAVEC(2): existing vector DAVEC(2) replaced
 *** VECTOR/CREATE DAERR(2): existing vector DAERR(2) replaced
 nominal data: 100.076 +/- 0.150431 %
 +ptoc: -0.0339737 %
 -ptoc: 0.0334625 %
 +bge: -0.00012207 %
 -bge: 0.00012207 %
 +bgp: 0 %
 -bgp: 0 %
 +cos: -0.00273132 %
 -cos: 0.00273895 %
 +ptomc: -0.0112381 %
 -ptomc: 0.0112381 %
 +bmm: -0.0401154 %
 -bmm: 0.0400696 %
 1 through 6 no PHOTOS look at central value only dont believe data
 one
 two
 three
 four
 five
 six
 seven
 eight
 nine
 ten
 eleven
 twelve
 *** VECTOR/CREATE MCVEC(2): existing vector MCVEC(2) replaced
 *** VECTOR/CREATE MCERR(2): existing vector MCERR(2) replaced
 nominal MC: 98.9064 +/- 0.0320266 %
 +bmm: 0.00169373 %
 -bmm: -0.00169373 %
 +arr: 0.00218964 %
 -arr: -0.00221252 %
 +gag: 0.0710831 %
 -gag: -0.0716095 %
 +bca: 0 %
 -bca: 0 %
 +bcm: 0 %
 -bcm: 0 %
 *** VECTOR/CREATE DAVEC(2): existing vector DAVEC(2) replaced
 *** VECTOR/CREATE DAERR(2): existing vector DAERR(2) replaced
 nominal data: 96.8032 +/- 1.06072 %
 +ptoc: -1.51619 %
 -ptoc: 1.46004 %
 +bge: -0.0182648 %
 -bge: 0.0182495 %
 +bgp: -0.00970459 %
 -bgp: 0.00986481 %
 +cos: -1.0295 %
 -cos: 1.00799 %
 +ptomc: -0.0395203 %
 -ptomc: 0.0394821 %
 +bmm: -0.0579605 %
 -bmm: 0.0577469 %
PAW >  Exiting from PAW.
