Minuit succeeded.
1s under jitter 0.17 = 13.7122868522 with chi^2 510.263580043
Minuit succeeded.
1s under jitter 0.17 = 13.6288024632 with chi^2 719.579564764
Minuit succeeded.
1s under jitter 0.17 = 13.7922038215 with chi^2 837.061148903
Minuit succeeded.
1s under jitter 0.17 = 13.7278286904 with chi^2 576.831857466
Minuit succeeded.
1s under jitter 0.17 = 13.6625139175 with chi^2 623.991366476
Minuit succeeded.
1s under jitter 0.17 = 13.7591933107 with chi^2 624.20502959
Minuit succeeded.
1s under jitter 0.17 = 13.6312723677 with chi^2 857.742549145
Minuit succeeded.
1s under jitter 0.17 = 13.7022802309 with chi^2 508.576863465
Minuit succeeded.
1s under jitter 0.17 = 13.5983317353 with chi^2 639.644402686
Minuit succeeded.
1s under jitter 0.17 = 13.6152569546 with chi^2 536.944819262
Minuit succeeded.
1s under jitter 0.17 = 13.7919152019 with chi^2 667.10858799
Minuit succeeded.
1s under jitter 0.17 = 13.6340962361 with chi^2 915.482531315
Minuit succeeded.
1s under jitter 0.17 = 14.0611603126 with chi^2 969.587654926
Minuit succeeded.
1s under jitter 0.17 = 13.9044327324 with chi^2 621.17614829
VariableMetricBuilder: matrix not pos.def.
edm < 0
negative or zero diagonal element 1 in covariance matrix
added 1 to diagonal of error matrix
Minuit succeeded.
1s under jitter 0.17 = 13.5968890419 with chi^2 646.337611684
eigenvalues: 
-0.123546
0.554403
0.768683
1
1
1
1
1
1
1
1
1
1.00208
1.19174
2.60664
matrix forced pos-def by adding 0.126152 to diagonal
MnHesse: matrix is invalid!
MnHesse: matrix is not pos. def.!
MnHesse: matrix was forced pos. def.
FunctionMinimum is invalid.
Minuit failed because covariance is not accurate, and covariance is not positive definite.
1s under jitter 0.17 = 13.6662130146 with chi^2 576.498765806
Minuit succeeded.
1s under jitter 0.17 = 13.6323376111 with chi^2 728.764991295
Minuit succeeded.
1s under jitter 0.17 = 13.5371413145 with chi^2 558.400903257
Minuit succeeded.
1s under jitter 0.17 = 13.6872207887 with chi^2 549.772777912
Minuit succeeded.
1s under jitter 0.17 = 13.4928734187 with chi^2 743.417812733
VariableMetricBuilder: no improvement
VariableMetricBuilder: finishes without convergence.
VariableMetricBuilder: edm= 0.000362431 requested: 1e-05
FunctionMinimum is invalid.
Minuit failed because the function is above maximum EDM.
1s under jitter 0.17 = 13.9309601788 with chi^2 814.953022618
Minuit succeeded.
1s under jitter 0.17 = 13.7874106969 with chi^2 972.397746995
VariableMetricBuilder: no improvement
VariableMetricBuilder: finishes without convergence.
VariableMetricBuilder: edm= 0.000244368 requested: 1e-05
FunctionMinimum is invalid.
Minuit failed because the function is above maximum EDM.
1s under jitter 0.17 = 13.6855231321 with chi^2 835.004492022
VariableMetricBuilder: no improvement
Minuit succeeded.
1s under jitter 0.17 = 13.703850731 with chi^2 653.758811391
Minuit succeeded.
1s under jitter 0.17 = 13.6515241395 with chi^2 652.780781455
Minuit succeeded.
1s under jitter 0.17 = 13.8657558789 with chi^2 670.47470863
Minuit succeeded.
1s under jitter 0.17 = 13.7993657706 with chi^2 720.526986138
Minuit succeeded.
1s under jitter 0.17 = 13.7003281796 with chi^2 608.955897752
VariableMetricBuilder: matrix not pos.def.
gdel > 0: 0.000381932
negative or zero diagonal element 1 in covariance matrix
added 1.00001 to diagonal of error matrix
gdel: 0.000381932
Minuit succeeded.
1s under jitter 0.17 = 13.9165345899 with chi^2 577.768179235
eigenvalues: 
-0.0537884
0.525442
0.828952
1
1
1
1
1
1
1
1
1
1.00147
1.14004
2.55789
matrix forced pos-def by adding 0.0563463 to diagonal
MnHesse: matrix is invalid!
MnHesse: matrix is not pos. def.!
MnHesse: matrix was forced pos. def.
FunctionMinimum is invalid.
Minuit failed because covariance is not accurate, and covariance is not positive definite.
1s under jitter 0.17 = 13.6639777115 with chi^2 480.421025452
Minuit succeeded.
1s under jitter 0.17 = 13.8956486176 with chi^2 675.69295103
VariableMetricBuilder: matrix not pos.def.
gdel > 0: 4.90173e-05
eigenvalues: 
-0.709511
0.223708
0.425161
0.892225
0.992753
1.00855
1.01499
1.03203
1.03484
1.05574
1.06024
1.13351
1.17118
1.69998
2.9646
matrix forced pos-def by adding 0.712475 to diagonal
gdel: -1.86027e-05
VariableMetricBuilder: matrix not pos.def.
gdel > 0: 0.00777093
negative or zero diagonal element 0 in covariance matrix
negative or zero diagonal element 1 in covariance matrix
negative or zero diagonal element 2 in covariance matrix
negative or zero diagonal element 3 in covariance matrix
negative or zero diagonal element 5 in covariance matrix
negative or zero diagonal element 6 in covariance matrix
negative or zero diagonal element 7 in covariance matrix
negative or zero diagonal element 8 in covariance matrix
negative or zero diagonal element 9 in covariance matrix
negative or zero diagonal element 10 in covariance matrix
negative or zero diagonal element 11 in covariance matrix
negative or zero diagonal element 12 in covariance matrix
negative or zero diagonal element 13 in covariance matrix
negative or zero diagonal element 14 in covariance matrix
added 1.8729 to diagonal of error matrix
eigenvalues: 
-1.2988
1
1.00063
1.0008
1.0235
1.02711
1.04285
1.07339
1.11856
1.16982
1.18817
1.20411
1.24125
1.44997
1.75866
matrix forced pos-def by adding 1.30056 to diagonal
gdel: -50.0932
VariableMetricBuilder: no improvement
VariableMetricBuilder: finishes without convergence.
VariableMetricBuilder: edm= 0.0593856 requested: 1e-05
eigenvalues: 
-0.106109
0.492478
0.912984
1
1
1
1
1
1
1
1
1
1.00205
1.56336
2.13523
matrix forced pos-def by adding 0.108245 to diagonal
MnHesse: matrix is invalid!
MnHesse: matrix is not pos. def.!
MnHesse: matrix was forced pos. def.
FunctionMinimum is invalid.
Minuit failed because covariance is not accurate, covariance is not positive definite, and the function is above maximum EDM.
1s under jitter 0.17 = 13.7748969684 with chi^2 555.40334508
Minuit succeeded.
1s under jitter 0.17 = 14.0084978448 with chi^2 1099.8142336
Minuit succeeded.
1s under jitter 0.17 = 13.6258712556 with chi^2 495.11174011
VariableMetricBuilder: no improvement
Minuit succeeded.
1s under jitter 0.17 = 13.9601691557 with chi^2 554.984773344
eigenvalues: 
-0.00628222
0.549975
0.727333
1
1
1
1
1
1
1
1
1
1.00088
1.02069
2.7074
matrix forced pos-def by adding 0.00898962 to diagonal
MnHesse: matrix is invalid!
MnHesse: matrix is not pos. def.!
MnHesse: matrix was forced pos. def.
FunctionMinimum is invalid.
Minuit failed because covariance is not accurate, and covariance is not positive definite.
1s under jitter 0.17 = 13.789962932 with chi^2 651.104388888
Minuit succeeded.
1s under jitter 0.17 = 13.7171582232 with chi^2 636.485976339
Minuit succeeded.
1s under jitter 0.17 = 13.7252330776 with chi^2 679.896502759
VariableMetricBuilder: no improvement
VariableMetricBuilder: finishes without convergence.
VariableMetricBuilder: edm= 0.00177831 requested: 1e-05
FunctionMinimum is invalid.
Minuit failed because the function is above maximum EDM.
1s under jitter 0.17 = 13.753489143 with chi^2 496.991291801
VariableMetricBuilder: no improvement
VariableMetricBuilder: finishes without convergence.
VariableMetricBuilder: edm= 0.000377873 requested: 1e-05
FunctionMinimum is invalid.
Minuit failed because the function is above maximum EDM.
1s under jitter 0.17 = 13.7555418557 with chi^2 563.735966621
Minuit succeeded.
1s under jitter 0.17 = 13.8726762467 with chi^2 652.696031667
VariableMetricBuilder: matrix not pos.def.
gdel > 0: 0.000469766
negative or zero diagonal element 0 in covariance matrix
negative or zero diagonal element 1 in covariance matrix
added 1.00269 to diagonal of error matrix
gdel: 0.000469766
Minuit succeeded.
1s under jitter 0.17 = 13.9825222571 with chi^2 867.684449048
Minuit succeeded.
1s under jitter 0.17 = 13.6242304433 with chi^2 877.122038773
Minuit succeeded.
1s under jitter 0.17 = 13.9687548339 with chi^2 760.843214206
VariableMetricBuilder: no improvement
VariableMetricBuilder: machine accuracy limits further improvement.
Minuit succeeded.
1s under jitter 0.17 = 13.7303978952 with chi^2 810.310471258
VariableMetricBuilder: matrix not pos.def.
gdel > 0: 2.06255e-06
negative or zero diagonal element 0 in covariance matrix
negative or zero diagonal element 1 in covariance matrix
added 1.00011 to diagonal of error matrix
gdel: 2.06255e-06
Minuit succeeded.
1s under jitter 0.17 = 13.8011652156 with chi^2 644.988367483
Minuit succeeded.
1s under jitter 0.17 = 13.6590794412 with chi^2 551.603584049
Minuit succeeded.
1s under jitter 0.17 = 13.6472801133 with chi^2 892.075671944
VariableMetricBuilder: no improvement
VariableMetricBuilder: machine accuracy limits further improvement.
Minuit succeeded.
1s under jitter 0.17 = 13.7335565489 with chi^2 708.702667699
VariableMetricBuilder: no improvement
VariableMetricBuilder: machine accuracy limits further improvement.
Minuit succeeded.
1s under jitter 0.17 = 13.7505451146 with chi^2 796.904607875
Minuit succeeded.
1s under jitter 0.17 = 13.755920907 with chi^2 734.198243224
Minuit succeeded.
1s under jitter 0.17 = 13.7379642393 with chi^2 705.111868345
Minuit succeeded.
1s under jitter 0.17 = 13.949336356 with chi^2 901.910651815
Minuit succeeded.
1s under jitter 0.17 = 13.8344255558 with chi^2 672.35528779
Minuit succeeded.
1s under jitter 0.17 = 13.9170422718 with chi^2 532.45832587
VariableMetricBuilder: no improvement
VariableMetricBuilder: machine accuracy limits further improvement.
Minuit succeeded.
1s under jitter 0.17 = 13.6950278377 with chi^2 560.736033948
VariableMetricBuilder: no improvement
VariableMetricBuilder: machine accuracy limits further improvement.
Minuit succeeded.
1s under jitter 0.17 = 13.6688289362 with chi^2 1175.08152116
Minuit succeeded.
1s under jitter 0.17 = 13.7451254232 with chi^2 887.615253198
Minuit succeeded.
1s under jitter 0.17 = 13.6375592256 with chi^2 588.587474292
Minuit succeeded.
1s under jitter 0.17 = 13.7109098931 with chi^2 711.635622148
Minuit succeeded.
1s under jitter 0.17 = 13.5275698939 with chi^2 703.447391069
Minuit succeeded.
1s under jitter 0.17 = 13.6477470599 with chi^2 529.200328998
Minuit succeeded.
1s under jitter 0.17 = 13.6285531374 with chi^2 570.80642361
eigenvalues: 
-0.00888348
0.546551
0.778606
1
1
1
1
1
1
1
1
1
1.00163
1.0848
2.5973
matrix forced pos-def by adding 0.0114808 to diagonal
MnHesse: matrix is invalid!
MnHesse: matrix is not pos. def.!
MnHesse: matrix was forced pos. def.
FunctionMinimum is invalid.
Minuit failed because covariance is not accurate, and covariance is not positive definite.
1s under jitter 0.17 = 13.4933989508 with chi^2 558.348857567
Minuit succeeded.
1s under jitter 0.17 = 13.7294115333 with chi^2 767.588232657
Minuit succeeded.
1s under jitter 0.17 = 13.7629403582 with chi^2 716.965362031
Minuit succeeded.
1s under jitter 0.17 = 13.6665180815 with chi^2 673.876774821
Minuit succeeded.
1s under jitter 0.17 = 13.7583662292 with chi^2 707.73705036
Minuit succeeded.
1s under jitter 0.17 = 13.7467849521 with chi^2 523.320543206
Minuit succeeded.
1s under jitter 0.17 = 13.8507775615 with chi^2 688.465748401
Minuit succeeded.
1s under jitter 0.17 = 13.7093258211 with chi^2 870.558560946
Minuit succeeded.
1s under jitter 0.17 = 13.7902326987 with chi^2 636.190857448
VariableMetricBuilder: no improvement
VariableMetricBuilder: machine accuracy limits further improvement.
Minuit succeeded.
1s under jitter 0.17 = 13.6244779932 with chi^2 784.183469595
Minuit succeeded.
1s under jitter 0.17 = 13.7678222532 with chi^2 534.238530088
Minuit succeeded.
1s under jitter 0.17 = 13.6829365217 with chi^2 627.925718772
Minuit succeeded.
1s under jitter 0.17 = 13.7847977698 with chi^2 1116.12293014
Minuit succeeded.
1s under jitter 0.17 = 13.7071950671 with chi^2 715.694880101
Minuit succeeded.
1s under jitter 0.17 = 13.853750202 with chi^2 808.848799701
VariableMetricBuilder: matrix not pos.def.
gdel > 0: 0.000101315
negative or zero diagonal element 0 in covariance matrix
negative or zero diagonal element 1 in covariance matrix
added 1.00103 to diagonal of error matrix
gdel: 0.000101315
Minuit succeeded.
1s under jitter 0.17 = 13.6581873327 with chi^2 1006.99335642
eigenvalues: 
-0.387895
0.470792
0.724747
1
1
1
1
1
1
1
1
1
1.0019
1.19299
2.99748
matrix forced pos-def by adding 0.390893 to diagonal
MnHesse: matrix is invalid!
MnHesse: matrix is not pos. def.!
MnHesse: matrix was forced pos. def.
FunctionMinimum is invalid.
Minuit failed because covariance is not accurate, and covariance is not positive definite.
1s under jitter 0.17 = 13.8786926127 with chi^2 564.935362925
eigenvalues: 
-0.0332337
0.630795
0.737919
1
1
1
1
1
1
1
1
1
1.0004
1.01205
2.65207
matrix forced pos-def by adding 0.0358858 to diagonal
MnHesse: matrix is invalid!
MnHesse: matrix is not pos. def.!
MnHesse: matrix was forced pos. def.
FunctionMinimum is invalid.
Minuit failed because covariance is not accurate, and covariance is not positive definite.
1s under jitter 0.17 = 13.6431331379 with chi^2 623.854702446
VariableMetricBuilder: matrix not pos.def.
gdel > 0: 0.000900901
negative or zero diagonal element 0 in covariance matrix
negative or zero diagonal element 1 in covariance matrix
negative or zero diagonal element 3 in covariance matrix
negative or zero diagonal element 5 in covariance matrix
negative or zero diagonal element 6 in covariance matrix
added 1.07388 to diagonal of error matrix
gdel: 0.000900901
Minuit succeeded.
1s under jitter 0.17 = 13.7575252599 with chi^2 854.365065309
Minuit succeeded.
1s under jitter 0.17 = 13.658214876 with chi^2 1019.73101668
Minuit succeeded.
1s under jitter 0.17 = 13.7962067942 with chi^2 594.746558933
VariableMetricBuilder: no improvement
VariableMetricBuilder: machine accuracy limits further improvement.
Minuit succeeded.
1s under jitter 0.17 = 13.7828763136 with chi^2 770.73058996
Minuit succeeded.
1s under jitter 0.17 = 13.614752296 with chi^2 912.531216612
Minuit succeeded.
1s under jitter 0.17 = 13.5675678688 with chi^2 942.476085501
Minuit succeeded.
1s under jitter 0.17 = 13.6884767232 with chi^2 630.464966258
Minuit succeeded.
1s under jitter 0.17 = 13.7714401176 with chi^2 644.756984235
VariableMetricBuilder: no improvement
VariableMetricBuilder: machine accuracy limits further improvement.
eigenvalues: 
-0.0503705
0.673389
0.869609
1
1
1
1
1
1
1
1
1
1.00074
1.01572
2.49092
matrix forced pos-def by adding 0.0528614 to diagonal
MnHesse: matrix is invalid!
MnHesse: matrix is not pos. def.!
MnHesse: matrix was forced pos. def.
FunctionMinimum is invalid.
Minuit failed because covariance is not accurate, and covariance is not positive definite.
1s under jitter 0.17 = 13.7110101861 with chi^2 577.659203046
Minuit succeeded.
1s under jitter 0.17 = 13.6568257435 with chi^2 713.092642453
Minuit succeeded.
1s under jitter 0.17 = 13.8275932251 with chi^2 712.375464841
Minuit succeeded.
1s under jitter 0.17 = 13.6927810884 with chi^2 799.276707124
Minuit succeeded.
1s under jitter 0.17 = 13.4042510778 with chi^2 777.119097365
Minuit succeeded.
1s under jitter 0.17 = 14.0620507716 with chi^2 1093.39715197
Minuit succeeded.
1s under jitter 0.17 = 13.7999017062 with chi^2 553.004411396
Minuit succeeded.
1s under jitter 0.17 = 13.8144295184 with chi^2 622.793095827
Minuit succeeded.
1s under jitter 0.17 = 13.806459971 with chi^2 588.732434317
Minuit succeeded.
1s under jitter 0.17 = 13.6795156094 with chi^2 695.156983021
Minuit succeeded.
1s under jitter 0.17 = 13.5749032987 with chi^2 664.220713177
