Minuit succeeded.
1s under jitter 0.26 = 13.8076760901 with chi^2 1398.00801218
VariableMetricBuilder: no improvement
VariableMetricBuilder: machine accuracy limits further improvement.
Minuit succeeded.
1s under jitter 0.26 = 13.9815397695 with chi^2 958.006092642
Minuit succeeded.
1s under jitter 0.26 = 13.6265944755 with chi^2 1282.48747209
Minuit succeeded.
1s under jitter 0.26 = 13.8173748599 with chi^2 1461.32635587
VariableMetricBuilder: no improvement
VariableMetricBuilder: machine accuracy limits further improvement.
Minuit succeeded.
1s under jitter 0.26 = 14.2193158682 with chi^2 1501.88935595
VariableMetricBuilder: matrix not pos.def.
gdel > 0: 1.24079e-05
negative or zero diagonal element 1 in covariance matrix
added 1.00002 to diagonal of error matrix
gdel: 1.24079e-05
Minuit succeeded.
1s under jitter 0.26 = 14.3771048203 with chi^2 1205.37943568
Minuit succeeded.
1s under jitter 0.26 = 14.2507924625 with chi^2 2294.10448644
Minuit succeeded.
1s under jitter 0.26 = 13.8466298869 with chi^2 865.457543843
Minuit succeeded.
1s under jitter 0.26 = 14.3349796848 with chi^2 1221.47074357
Minuit succeeded.
1s under jitter 0.26 = 14.2081497967 with chi^2 1819.33219864
VariableMetricBuilder: no improvement
VariableMetricBuilder: machine accuracy limits further improvement.
Minuit succeeded.
1s under jitter 0.26 = 14.0201678553 with chi^2 899.097429099
VariableMetricBuilder: no improvement
VariableMetricBuilder: machine accuracy limits further improvement.
Minuit succeeded.
1s under jitter 0.26 = 13.6050031217 with chi^2 1299.85464985
Minuit succeeded.
1s under jitter 0.26 = 14.1689847199 with chi^2 1362.83286829
Minuit succeeded.
1s under jitter 0.26 = 13.5997331799 with chi^2 1072.02372088
Minuit succeeded.
1s under jitter 0.26 = 14.4792289523 with chi^2 1813.96993964
Minuit succeeded.
1s under jitter 0.26 = 13.8494046362 with chi^2 927.761733984
VariableMetricBuilder: no improvement
VariableMetricBuilder: machine accuracy limits further improvement.
Minuit succeeded.
1s under jitter 0.26 = 13.9218967055 with chi^2 1059.07884761
Minuit succeeded.
1s under jitter 0.26 = 13.7646613024 with chi^2 882.583940289
Minuit succeeded.
1s under jitter 0.26 = 14.4102626876 with chi^2 1139.95207948
VariableMetricBuilder: no improvement
Minuit succeeded.
1s under jitter 0.26 = 14.0603650576 with chi^2 989.098802896
Minuit succeeded.
1s under jitter 0.26 = 14.0833555926 with chi^2 2103.3496051
VariableMetricBuilder: no improvement
VariableMetricBuilder: machine accuracy limits further improvement.
Minuit succeeded.
1s under jitter 0.26 = 13.6440182798 with chi^2 932.616364968
Minuit succeeded.
1s under jitter 0.26 = 13.897782059 with chi^2 2573.85550828
Minuit succeeded.
1s under jitter 0.26 = 13.8426580478 with chi^2 1153.14500121
Minuit succeeded.
1s under jitter 0.26 = 14.092759501 with chi^2 875.866568097
Minuit succeeded.
1s under jitter 0.26 = 14.8647397279 with chi^2 2007.20045135
Minuit succeeded.
1s under jitter 0.26 = 13.7363127072 with chi^2 963.347875933
Minuit succeeded.
1s under jitter 0.26 = 13.7102467484 with chi^2 961.421434326
Minuit succeeded.
1s under jitter 0.26 = 13.9080511369 with chi^2 810.627885193
eigenvalues: 
-0.0139579
0.564147
0.745858
1
1
1
1
1
1
1
1
1
1.00067
1.04801
2.65528
matrix forced pos-def by adding 0.0166132 to diagonal
MnHesse: matrix is invalid!
MnHesse: matrix is not pos. def.!
MnHesse: matrix was forced pos. def.
FunctionMinimum is invalid.
Minuit failed because covariance is not accurate, and covariance is not positive definite.
1s under jitter 0.26 = 14.1023433732 with chi^2 2083.18626415
Minuit succeeded.
1s under jitter 0.26 = 13.7278926602 with chi^2 750.680172209
Minuit succeeded.
1s under jitter 0.26 = 14.199281673 with chi^2 1189.30746083
Minuit succeeded.
1s under jitter 0.26 = 13.8942687928 with chi^2 1084.05854125
Minuit succeeded.
1s under jitter 0.26 = 14.0293878894 with chi^2 1350.28365185
VariableMetricBuilder: matrix not pos.def.
edm < 0
negative or zero diagonal element 0 in covariance matrix
negative or zero diagonal element 1 in covariance matrix
added 1.00018 to diagonal of error matrix
Minuit succeeded.
1s under jitter 0.26 = 13.7778967216 with chi^2 1056.65194389
Minuit succeeded.
1s under jitter 0.26 = 13.9741984473 with chi^2 1208.34876776
Minuit succeeded.
1s under jitter 0.26 = 13.5599622741 with chi^2 1721.85436654
Minuit succeeded.
1s under jitter 0.26 = 13.5627543357 with chi^2 826.163355061
VariableMetricBuilder: no improvement
VariableMetricBuilder: machine accuracy limits further improvement.
Minuit succeeded.
1s under jitter 0.26 = 14.0858877756 with chi^2 1096.82423928
Minuit succeeded.
1s under jitter 0.26 = 13.869078143 with chi^2 1130.81885539
Minuit succeeded.
1s under jitter 0.26 = 14.1385758253 with chi^2 2385.70017203
VariableMetricBuilder: matrix not pos.def.
gdel > 0: 0.000339036
negative or zero diagonal element 1 in covariance matrix
added 1.00004 to diagonal of error matrix
gdel: 0.000339036
Minuit succeeded.
1s under jitter 0.26 = 13.7655443286 with chi^2 665.01647369
Minuit succeeded.
1s under jitter 0.26 = 13.5894707056 with chi^2 1130.24742697
eigenvalues: 
-0.0321099
0.655425
0.853472
1
1
1
1
1
1
1
1
1
1.00057
1.03636
2.48628
matrix forced pos-def by adding 0.0345962 to diagonal
MnHesse: matrix is invalid!
MnHesse: matrix is not pos. def.!
MnHesse: matrix was forced pos. def.
FunctionMinimum is invalid.
Minuit failed because covariance is not accurate, and covariance is not positive definite.
1s under jitter 0.26 = 13.4554450118 with chi^2 741.999549724
Minuit succeeded.
1s under jitter 0.26 = 13.4498673277 with chi^2 1404.07891369
Minuit succeeded.
1s under jitter 0.26 = 14.0260099333 with chi^2 986.244017541
Minuit succeeded.
1s under jitter 0.26 = 13.8032031587 with chi^2 988.426469441
VariableMetricBuilder: no improvement
VariableMetricBuilder: finishes without convergence.
VariableMetricBuilder: edm= 0.00107303 requested: 1e-05
FunctionMinimum is invalid.
Minuit failed because the function is above maximum EDM.
1s under jitter 0.26 = 13.9549620837 with chi^2 974.254191945
Minuit succeeded.
1s under jitter 0.26 = 13.6806611091 with chi^2 994.245810699
Minuit succeeded.
1s under jitter 0.26 = 14.0439844468 with chi^2 1203.68276817
VariableMetricBuilder: no improvement
VariableMetricBuilder: machine accuracy limits further improvement.
Minuit succeeded.
1s under jitter 0.26 = 13.9487600038 with chi^2 1102.44757622
Minuit succeeded.
1s under jitter 0.26 = 14.185114741 with chi^2 1226.9713214
Minuit succeeded.
1s under jitter 0.26 = 14.2859371065 with chi^2 1212.77419609
Minuit succeeded.
1s under jitter 0.26 = 13.847239924 with chi^2 1187.36321413
Minuit succeeded.
1s under jitter 0.26 = 13.9531620887 with chi^2 1060.34978421
Minuit succeeded.
1s under jitter 0.26 = 14.3591112635 with chi^2 1495.44188846
Minuit succeeded.
1s under jitter 0.26 = 13.9588741227 with chi^2 1280.08408364
Minuit succeeded.
1s under jitter 0.26 = 13.8848934187 with chi^2 1532.79023117
Minuit succeeded.
1s under jitter 0.26 = 13.5963622299 with chi^2 1097.23859031
Minuit succeeded.
1s under jitter 0.26 = 13.8536942472 with chi^2 928.562564591
Minuit succeeded.
1s under jitter 0.26 = 13.7575526391 with chi^2 1122.43007043
Minuit succeeded.
1s under jitter 0.26 = 13.6474465082 with chi^2 1173.36929394
VariableMetricBuilder: no improvement
VariableMetricBuilder: machine accuracy limits further improvement.
Minuit succeeded.
1s under jitter 0.26 = 13.9819076509 with chi^2 1720.69205623
Minuit succeeded.
1s under jitter 0.26 = 14.2562026471 with chi^2 1845.92053931
Minuit succeeded.
1s under jitter 0.26 = 13.8762951312 with chi^2 1449.3795048
VariableMetricBuilder: matrix not pos.def.
gdel > 0: 1.68305e-05
negative or zero diagonal element 1 in covariance matrix
added 1.00004 to diagonal of error matrix
gdel: 1.68305e-05
Minuit succeeded.
1s under jitter 0.26 = 13.7544193357 with chi^2 1485.05703983
VariableMetricBuilder: no improvement
VariableMetricBuilder: machine accuracy limits further improvement.
Minuit succeeded.
1s under jitter 0.26 = 13.8790983044 with chi^2 827.958687333
VariableMetricBuilder: no improvement
VariableMetricBuilder: machine accuracy limits further improvement.
eigenvalues: 
-0.00926462
0.489242
0.77849
1
1
1
1
1
1
1
1
1
1.00264
1.31939
2.41951
matrix forced pos-def by adding 0.0116841 to diagonal
MnHesse: matrix is invalid!
MnHesse: matrix is not pos. def.!
MnHesse: matrix was forced pos. def.
FunctionMinimum is invalid.
Minuit failed because covariance is not accurate, and covariance is not positive definite.
1s under jitter 0.26 = 13.8071874685 with chi^2 1179.4178765
Minuit succeeded.
1s under jitter 0.26 = 13.7258671277 with chi^2 869.813981746
Minuit succeeded.
1s under jitter 0.26 = 14.0034751965 with chi^2 743.69936655
VariableMetricBuilder: matrix not pos.def.
gdel > 0: 0.00311229
negative or zero diagonal element 0 in covariance matrix
negative or zero diagonal element 1 in covariance matrix
negative or zero diagonal element 2 in covariance matrix
negative or zero diagonal element 3 in covariance matrix
negative or zero diagonal element 4 in covariance matrix
negative or zero diagonal element 6 in covariance matrix
negative or zero diagonal element 11 in covariance matrix
added 1.10149 to diagonal of error matrix
gdel: 0.00311229
Minuit succeeded.
1s under jitter 0.26 = 13.8141829089 with chi^2 852.798022592
Minuit succeeded.
1s under jitter 0.26 = 13.9277337826 with chi^2 761.825645148
VariableMetricBuilder: no improvement
VariableMetricBuilder: machine accuracy limits further improvement.
eigenvalues: 
-0.350992
0.54063
0.796263
1
1
1
1
1
1
1
1
1
1.00325
1.31881
2.69204
matrix forced pos-def by adding 0.353684 to diagonal
MnHesse: matrix is invalid!
MnHesse: matrix is not pos. def.!
MnHesse: matrix was forced pos. def.
FunctionMinimum is invalid.
Minuit failed because covariance is not accurate, and covariance is not positive definite.
1s under jitter 0.26 = 13.8353850771 with chi^2 692.765067019
Minuit succeeded.
1s under jitter 0.26 = 14.0228679132 with chi^2 1048.55277636
Minuit succeeded.
1s under jitter 0.26 = 13.8418609069 with chi^2 2212.08283535
VariableMetricBuilder: no improvement
VariableMetricBuilder: finishes without convergence.
VariableMetricBuilder: edm= 0.000341319 requested: 1e-05
FunctionMinimum is invalid.
Minuit failed because the function is above maximum EDM.
1s under jitter 0.26 = 13.9497381792 with chi^2 711.738942234
eigenvalues: 
-0.0232394
0.636718
0.704153
1
1
1
1
1
1
1
1
1
1.00069
1.02461
2.65707
matrix forced pos-def by adding 0.0258964 to diagonal
MnHesse: matrix is invalid!
MnHesse: matrix is not pos. def.!
MnHesse: matrix was forced pos. def.
FunctionMinimum is invalid.
Minuit failed because covariance is not accurate, and covariance is not positive definite.
1s under jitter 0.26 = 13.791487997 with chi^2 2245.67901458
Minuit succeeded.
1s under jitter 0.26 = 13.6471428564 with chi^2 935.272084836
VariableMetricBuilder: no improvement
VariableMetricBuilder: finishes without convergence.
VariableMetricBuilder: edm= 0.00053614 requested: 1e-05
FunctionMinimum is invalid.
Minuit failed because the function is above maximum EDM.
1s under jitter 0.26 = 14.0849625246 with chi^2 1102.76301463
Minuit succeeded.
1s under jitter 0.26 = 13.4880255577 with chi^2 868.548725854
VariableMetricBuilder: no improvement
VariableMetricBuilder: finishes without convergence.
VariableMetricBuilder: edm= 0.000445526 requested: 1e-05
FunctionMinimum is invalid.
Minuit failed because the function is above maximum EDM.
1s under jitter 0.26 = 14.2347914066 with chi^2 1972.25689726
Minuit succeeded.
1s under jitter 0.26 = 13.7340518837 with chi^2 861.465798602
Minuit succeeded.
1s under jitter 0.26 = 14.2484876134 with chi^2 2577.09917757
VariableMetricBuilder: no improvement
VariableMetricBuilder: finishes without convergence.
VariableMetricBuilder: edm= 0.000144459 requested: 1e-05
FunctionMinimum is invalid.
Minuit failed because the function is above maximum EDM.
1s under jitter 0.26 = 13.5806736992 with chi^2 1141.50246255
VariableMetricBuilder: matrix not pos.def.
gdel > 0: 2.90159e-05
negative or zero diagonal element 0 in covariance matrix
negative or zero diagonal element 1 in covariance matrix
added 1.00349 to diagonal of error matrix
gdel: 2.90159e-05
Minuit succeeded.
1s under jitter 0.26 = 13.7994155962 with chi^2 961.181816565
Minuit succeeded.
1s under jitter 0.26 = 13.9783192856 with chi^2 1391.95103113
VariableMetricBuilder: matrix not pos.def.
gdel > 0: 7.29494e-05
negative or zero diagonal element 1 in covariance matrix
added 1.00001 to diagonal of error matrix
gdel: 7.29494e-05
Minuit succeeded.
1s under jitter 0.26 = 13.8476478991 with chi^2 1120.79286073
Minuit succeeded.
1s under jitter 0.26 = 13.9249825033 with chi^2 1319.84516118
Minuit succeeded.
1s under jitter 0.26 = 13.8361697821 with chi^2 1241.26943004
Minuit succeeded.
1s under jitter 0.26 = 13.7980476455 with chi^2 1204.9714735
Minuit succeeded.
1s under jitter 0.26 = 13.6625618647 with chi^2 1126.97288651
Minuit succeeded.
1s under jitter 0.26 = 13.3986181866 with chi^2 685.510787195
Minuit succeeded.
1s under jitter 0.26 = 13.7714337103 with chi^2 1169.89877781
Minuit succeeded.
1s under jitter 0.26 = 13.4604821592 with chi^2 1842.26209797
VariableMetricBuilder: matrix not pos.def.
gdel > 0: 0.00136532
negative or zero diagonal element 0 in covariance matrix
negative or zero diagonal element 1 in covariance matrix
negative or zero diagonal element 3 in covariance matrix
negative or zero diagonal element 5 in covariance matrix
negative or zero diagonal element 6 in covariance matrix
added 1.00967 to diagonal of error matrix
gdel: 0.00136532
Minuit succeeded.
1s under jitter 0.26 = 13.8712807358 with chi^2 1028.79419484
VariableMetricBuilder: no improvement
VariableMetricBuilder: machine accuracy limits further improvement.
eigenvalues: 
-0.0144224
0.464989
0.727396
1
1
1
1
1
1
1
1
1
1.00108
1.01451
2.80644
matrix forced pos-def by adding 0.0172289 to diagonal
MnHesse: matrix is invalid!
MnHesse: matrix is not pos. def.!
MnHesse: matrix was forced pos. def.
FunctionMinimum is invalid.
Minuit failed because covariance is not accurate, and covariance is not positive definite.
1s under jitter 0.26 = 14.0359249684 with chi^2 784.904769534
Minuit succeeded.
1s under jitter 0.26 = 13.7741619172 with chi^2 932.198221289
Minuit succeeded.
1s under jitter 0.26 = 14.1081455315 with chi^2 1006.91354708
VariableMetricBuilder: no improvement
VariableMetricBuilder: finishes without convergence.
VariableMetricBuilder: edm= 0.0177421 requested: 1e-05
FunctionMinimum is invalid.
Minuit failed because the function is above maximum EDM.
1s under jitter 0.26 = 13.8428607312 with chi^2 684.816410114
VariableMetricBuilder: no improvement
VariableMetricBuilder: machine accuracy limits further improvement.
Minuit succeeded.
1s under jitter 0.26 = 14.0396945329 with chi^2 1117.69403896
