Minuit succeeded.
2s under jitter 0.17 = 29.7168706978 with chi^2 2981.36598535
Minuit succeeded.
2s under jitter 0.17 = 29.1511309526 with chi^2 2743.66413387
Minuit succeeded.
2s under jitter 0.17 = 28.8691826814 with chi^2 2765.83309723
Minuit succeeded.
2s under jitter 0.17 = 29.2830597738 with chi^2 2935.85000174
VariableMetricBuilder: no improvement
VariableMetricBuilder: finishes without convergence.
VariableMetricBuilder: edm= 2.01355e+06 requested: 1e-05
eigenvalues: 
-7.19447
0.540832
0.988432
1
1
1
1.01032
1.2368
9.41809
matrix forced pos-def by adding 7.20388 to diagonal
MnHesse: matrix is invalid!
MnHesse: matrix is not pos. def.!
MnHesse: matrix was forced pos. def.
FunctionMinimum is invalid.
Minuit failed because covariance is not accurate, covariance is not positive definite, and the function is above maximum EDM.
2s under jitter 0.17 = 5.59 with chi^2 75209.7572518
Minuit succeeded.
2s under jitter 0.17 = 29.1186779246 with chi^2 3051.41724433
VariableMetricBuilder: no improvement
VariableMetricBuilder: finishes without convergence.
VariableMetricBuilder: edm= 0.000312289 requested: 1e-05
FunctionMinimum is invalid.
Minuit failed because the function is above maximum EDM.
2s under jitter 0.17 = 29.6002344466 with chi^2 3004.59990383
VariableMetricBuilder: matrix not pos.def.
gdel > 0: 1.62331e+06
negative or zero diagonal element 0 in covariance matrix
negative or zero diagonal element 1 in covariance matrix
added 1.00088 to diagonal of error matrix
gdel: 1.62331e+06
eigenvalues: 
-1.01313
0.793618
0.996013
1
1
1
1.00136
1.30504
2.9171
matrix forced pos-def by adding 1.01604 to diagonal
MnHesse: matrix is invalid!
MnHesse: matrix is not pos. def.!
MnHesse: matrix was forced pos. def.
FunctionMinimum is invalid.
Minuit failed because covariance is not accurate, and covariance is not positive definite.
2s under jitter 0.17 = 6.29961552554 with chi^2 115403.933641
Minuit succeeded.
2s under jitter 0.17 = 29.3694846942 with chi^2 2811.80937413
Minuit succeeded.
2s under jitter 0.17 = 29.2333569834 with chi^2 2956.98687893
Minuit succeeded.
2s under jitter 0.17 = 29.1787532225 with chi^2 2684.97774189
VariableMetricBuilder: no improvement
VariableMetricBuilder: machine accuracy limits further improvement.
Minuit succeeded.
2s under jitter 0.17 = 29.545506381 with chi^2 3029.16906552
VariableMetricBuilder: no improvement
VariableMetricBuilder: finishes without convergence.
VariableMetricBuilder: edm= 1.6733e+06 requested: 1e-05
eigenvalues: 
-2.07315
0.477881
0.987798
1
1
1
1.02804
1.37423
4.20521
matrix forced pos-def by adding 2.07736 to diagonal
MnHesse: matrix is invalid!
MnHesse: matrix is not pos. def.!
MnHesse: matrix was forced pos. def.
FunctionMinimum is invalid.
Minuit failed because covariance is not accurate, covariance is not positive definite, and the function is above maximum EDM.
2s under jitter 0.17 = 5.59 with chi^2 107029.006172
Minuit succeeded.
2s under jitter 0.17 = 28.8653117618 with chi^2 2645.55022177
Minuit succeeded.
2s under jitter 0.17 = 29.4946690951 with chi^2 2786.15830988
Minuit succeeded.
2s under jitter 0.17 = 29.9525404187 with chi^2 2994.30904503
Minuit succeeded.
2s under jitter 0.17 = 29.1544313127 with chi^2 2604.74986363
VariableMetricBuilder: no improvement
VariableMetricBuilder: finishes without convergence.
VariableMetricBuilder: edm= 0.00254576 requested: 1e-05
FunctionMinimum is invalid.
Minuit failed because the function is above maximum EDM.
2s under jitter 0.17 = 29.2156807455 with chi^2 2838.73747447
VariableMetricBuilder: no improvement
VariableMetricBuilder: machine accuracy limits further improvement.
Minuit succeeded.
2s under jitter 0.17 = 29.6213052877 with chi^2 2873.96221047
VariableMetricBuilder: no improvement
VariableMetricBuilder: machine accuracy limits further improvement.
Minuit succeeded.
2s under jitter 0.17 = 29.1578480427 with chi^2 2712.13169232
VariableMetricBuilder: no improvement
VariableMetricBuilder: finishes without convergence.
VariableMetricBuilder: edm= 1.44266e+06 requested: 1e-05
eigenvalues: 
-2.35009
0.479887
0.985926
1
1
1
1.06004
1.4044
4.41984
matrix forced pos-def by adding 2.35451 to diagonal
MnHesse: matrix is invalid!
MnHesse: matrix is not pos. def.!
MnHesse: matrix was forced pos. def.
FunctionMinimum is invalid.
Minuit failed because covariance is not accurate, covariance is not positive definite, and the function is above maximum EDM.
2s under jitter 0.17 = 5.59 with chi^2 111282.363191
Minuit succeeded.
2s under jitter 0.17 = 28.9665629409 with chi^2 2704.51262495
VariableMetricBuilder: no improvement
VariableMetricBuilder: machine accuracy limits further improvement.
Minuit succeeded.
2s under jitter 0.17 = 29.4066723665 with chi^2 3143.89318847
VariableMetricBuilder: no improvement
VariableMetricBuilder: machine accuracy limits further improvement.
Minuit succeeded.
2s under jitter 0.17 = 28.9982282152 with chi^2 3106.59198433
Minuit succeeded.
2s under jitter 0.17 = 29.0485596172 with chi^2 2797.97271836
Minuit succeeded.
2s under jitter 0.17 = 28.9859958331 with chi^2 2815.00176829
Minuit succeeded.
2s under jitter 0.17 = 29.1860819985 with chi^2 2834.98349348
Minuit succeeded.
2s under jitter 0.17 = 29.0840651669 with chi^2 2879.81338637
Minuit succeeded.
2s under jitter 0.17 = 29.2229727885 with chi^2 2680.49164282
Minuit succeeded.
2s under jitter 0.17 = 29.2607338043 with chi^2 2807.31787275
Minuit succeeded.
2s under jitter 0.17 = 29.4917384228 with chi^2 2885.93448037
Minuit succeeded.
2s under jitter 0.17 = 29.1534766313 with chi^2 2832.37026811
VariableMetricBuilder: no improvement
VariableMetricBuilder: machine accuracy limits further improvement.
Minuit succeeded.
2s under jitter 0.17 = 29.1601792185 with chi^2 3051.73040642
VariableMetricBuilder: no improvement
VariableMetricBuilder: finishes without convergence.
VariableMetricBuilder: edm= 3.47541e+07 requested: 1e-05
eigenvalues: 
-32.9469
0.89928
0.996986
1
1
1
1.0046
1.43613
34.6099
matrix forced pos-def by adding 32.9815 to diagonal
MnHesse: matrix is invalid!
MnHesse: matrix is not pos. def.!
MnHesse: matrix was forced pos. def.
FunctionMinimum is invalid.
Minuit failed because covariance is not accurate, covariance is not positive definite, and the function is above maximum EDM.
2s under jitter 0.17 = 5.59 with chi^2 139050.539091
Minuit succeeded.
2s under jitter 0.17 = 29.423486025 with chi^2 2702.91496063
Minuit succeeded.
2s under jitter 0.17 = 29.3265578249 with chi^2 2912.03128691
Minuit succeeded.
2s under jitter 0.17 = 29.3315169448 with chi^2 2826.63066158
Minuit succeeded.
2s under jitter 0.17 = 29.5473767537 with chi^2 2795.77638641
Minuit succeeded.
2s under jitter 0.17 = 29.2514198256 with chi^2 2855.44619037
VariableMetricBuilder: matrix not pos.def.
gdel > 0: 5.06098e-05
negative or zero diagonal element 0 in covariance matrix
negative or zero diagonal element 1 in covariance matrix
added 1.01989 to diagonal of error matrix
gdel: 5.06098e-05
Minuit succeeded.
2s under jitter 0.17 = 29.3034124394 with chi^2 2856.71546254
VariableMetricBuilder: no improvement
VariableMetricBuilder: finishes without convergence.
VariableMetricBuilder: edm= 1.9516e+06 requested: 1e-05
eigenvalues: 
-2.54899
0.387799
0.988865
1
1
1
1.03891
1.47738
4.65604
matrix forced pos-def by adding 2.55365 to diagonal
MnHesse: matrix is invalid!
MnHesse: matrix is not pos. def.!
MnHesse: matrix was forced pos. def.
FunctionMinimum is invalid.
Minuit failed because covariance is not accurate, covariance is not positive definite, and the function is above maximum EDM.
2s under jitter 0.17 = 5.59 with chi^2 117202.819675
VariableMetricBuilder: matrix not pos.def.
gdel > 0: 0.0023973
negative or zero diagonal element 0 in covariance matrix
negative or zero diagonal element 1 in covariance matrix
negative or zero diagonal element 2 in covariance matrix
negative or zero diagonal element 5 in covariance matrix
added 1.0908 to diagonal of error matrix
gdel: 0.0023973
Minuit succeeded.
2s under jitter 0.17 = 29.3089693668 with chi^2 3121.24781479
eigenvalues: 
-0.0702587
0.775798
0.927508
1
1
1
1.00013
1.01599
2.35083
matrix forced pos-def by adding 0.0726095 to diagonal
MnHesse: matrix is invalid!
MnHesse: matrix is not pos. def.!
MnHesse: matrix was forced pos. def.
FunctionMinimum is invalid.
Minuit failed because covariance is not accurate, and covariance is not positive definite.
2s under jitter 0.17 = 29.2357696225 with chi^2 3271.88357189
Minuit succeeded.
2s under jitter 0.17 = 29.4382393624 with chi^2 2996.27960572
VariableMetricBuilder: no improvement
VariableMetricBuilder: finishes without convergence.
VariableMetricBuilder: edm= 0.000490838 requested: 1e-05
FunctionMinimum is invalid.
Minuit failed because the function is above maximum EDM.
2s under jitter 0.17 = 29.3648383308 with chi^2 2533.42149526
VariableMetricBuilder: matrix not pos.def.
gdel > 0: 230566
eigenvalues: 
-1.54363
0.494293
1.00618
1.00899
1.0274
1.07326
1.22896
2.21655
2.488
matrix forced pos-def by adding 1.54612 to diagonal
gdel: -30397.6
Minuit succeeded.
2s under jitter 0.17 = 29.5421689939 with chi^2 3119.51945118
VariableMetricBuilder: no improvement
VariableMetricBuilder: machine accuracy limits further improvement.
Minuit succeeded.
2s under jitter 0.17 = 28.6975383232 with chi^2 2734.5498949
Minuit succeeded.
2s under jitter 0.17 = 29.3338799878 with chi^2 2844.00113693
VariableMetricBuilder: matrix not pos.def.
gdel > 0: 1.31381e-06
negative or zero diagonal element 1 in covariance matrix
added 1.00007 to diagonal of error matrix
gdel: 1.31381e-06
Minuit succeeded.
2s under jitter 0.17 = 29.3990180604 with chi^2 3062.42232228
Minuit succeeded.
2s under jitter 0.17 = 29.2758044414 with chi^2 3191.25311223
VariableMetricBuilder: no improvement
VariableMetricBuilder: machine accuracy limits further improvement.
Minuit succeeded.
2s under jitter 0.17 = 29.5272963436 with chi^2 2893.7807936
VariableMetricBuilder: no improvement
VariableMetricBuilder: machine accuracy limits further improvement.
Minuit succeeded.
2s under jitter 0.17 = 28.548073393 with chi^2 2874.19155873
VariableMetricBuilder: matrix not pos.def.
edm < 0
negative or zero diagonal element 1 in covariance matrix
added 1.00006 to diagonal of error matrix
Minuit succeeded.
2s under jitter 0.17 = 29.1665369484 with chi^2 3020.72671038
Minuit succeeded.
2s under jitter 0.17 = 29.1443507503 with chi^2 2743.94004952
Minuit succeeded.
2s under jitter 0.17 = 29.1776908385 with chi^2 2772.51699993
Minuit succeeded.
2s under jitter 0.17 = 29.2531432126 with chi^2 3036.46246957
Minuit succeeded.
2s under jitter 0.17 = 29.3235477874 with chi^2 2674.68247718
VariableMetricBuilder: no improvement
VariableMetricBuilder: machine accuracy limits further improvement.
Minuit succeeded.
2s under jitter 0.17 = 28.9709542914 with chi^2 2792.94215754
Minuit succeeded.
2s under jitter 0.17 = 29.4645081802 with chi^2 2624.71187946
Minuit succeeded.
2s under jitter 0.17 = 29.2113563568 with chi^2 3157.15064425
Minuit succeeded.
2s under jitter 0.17 = 29.575918197 with chi^2 2939.03360983
Minuit succeeded.
2s under jitter 0.17 = 29.3079463828 with chi^2 2752.84486083
VariableMetricBuilder: matrix not pos.def.
gdel > 0: 100999
eigenvalues: 
-0.791239
0.643366
1.0045
1.01867
1.02991
1.08105
1.16539
1.64088
2.20747
matrix forced pos-def by adding 0.793447 to diagonal
gdel: -102101
Minuit succeeded.
2s under jitter 0.17 = 29.6890417465 with chi^2 3106.40882454
Minuit succeeded.
2s under jitter 0.17 = 29.5784852358 with chi^2 3039.656561
Minuit succeeded.
2s under jitter 0.17 = 28.927420536 with chi^2 2810.37010827
Minuit succeeded.
2s under jitter 0.17 = 29.2720226152 with chi^2 2648.57925609
Minuit succeeded.
2s under jitter 0.17 = 29.3531799907 with chi^2 2811.30768133
Minuit succeeded.
2s under jitter 0.17 = 29.6816506436 with chi^2 3051.89505112
VariableMetricBuilder: no improvement
VariableMetricBuilder: machine accuracy limits further improvement.
Minuit succeeded.
2s under jitter 0.17 = 29.7444963525 with chi^2 2798.39708928
VariableMetricBuilder: no improvement
VariableMetricBuilder: finishes without convergence.
VariableMetricBuilder: edm= 3.65613e+06 requested: 1e-05
eigenvalues: 
-9.87256
0.890029
0.996601
1
1
1
1.00822
1.44427
11.5334
matrix forced pos-def by adding 9.8841 to diagonal
MnHesse: matrix is invalid!
MnHesse: matrix is not pos. def.!
MnHesse: matrix was forced pos. def.
FunctionMinimum is invalid.
Minuit failed because covariance is not accurate, covariance is not positive definite, and the function is above maximum EDM.
2s under jitter 0.17 = 5.59 with chi^2 139309.848982
VariableMetricBuilder: no improvement
VariableMetricBuilder: finishes without convergence.
VariableMetricBuilder: edm= 1.70422e+06 requested: 1e-05
eigenvalues: 
-2.09776
0.513756
0.991996
1
1
1
1.01818
1.28884
4.28499
matrix forced pos-def by adding 2.10204 to diagonal
MnHesse: matrix is invalid!
MnHesse: matrix is not pos. def.!
MnHesse: matrix was forced pos. def.
FunctionMinimum is invalid.
Minuit failed because covariance is not accurate, covariance is not positive definite, and the function is above maximum EDM.
2s under jitter 0.17 = 5.59 with chi^2 96409.2676237
Minuit succeeded.
2s under jitter 0.17 = 28.8616446639 with chi^2 2911.5522186
Minuit succeeded.
2s under jitter 0.17 = 29.3124277352 with chi^2 2756.19289016
Minuit succeeded.
2s under jitter 0.17 = 29.3524227054 with chi^2 2884.59821427
Minuit succeeded.
2s under jitter 0.17 = 29.1960179296 with chi^2 2959.93617392
Minuit succeeded.
2s under jitter 0.17 = 29.0244713963 with chi^2 2757.72818381
VariableMetricBuilder: matrix not pos.def.
edm < 0
negative or zero diagonal element 1 in covariance matrix
added 1.00016 to diagonal of error matrix
Minuit succeeded.
2s under jitter 0.17 = 29.5056594797 with chi^2 2866.54533066
Minuit succeeded.
2s under jitter 0.17 = 29.3457878787 with chi^2 3430.30192319
VariableMetricBuilder: no improvement
VariableMetricBuilder: machine accuracy limits further improvement.
Minuit succeeded.
2s under jitter 0.17 = 29.1994854923 with chi^2 2805.30008575
Minuit succeeded.
2s under jitter 0.17 = 29.0930854316 with chi^2 2848.7237091
VariableMetricBuilder: matrix not pos.def.
gdel > 0: 829846
negative or zero diagonal element 0 in covariance matrix
added 1.0006 to diagonal of error matrix
gdel: 829846
eigenvalues: 
-1.29576
0.812534
0.993519
1
1
1
1.0027
1.32964
3.15737
matrix forced pos-def by adding 1.29891 to diagonal
MnHesse: matrix is invalid!
MnHesse: matrix is not pos. def.!
MnHesse: matrix was forced pos. def.
FunctionMinimum is invalid.
Minuit failed because covariance is not accurate, and covariance is not positive definite.
2s under jitter 0.17 = 6.30772069763 with chi^2 120533.268199
Minuit succeeded.
2s under jitter 0.17 = 29.1623300498 with chi^2 2929.35063351
VariableMetricBuilder: no improvement
VariableMetricBuilder: finishes without convergence.
VariableMetricBuilder: edm= 1.25547e+07 requested: 1e-05
eigenvalues: 
-7.35073
0.486315
0.989514
1
1
1
1.04623
1.35975
9.46893
matrix forced pos-def by adding 7.3602 to diagonal
MnHesse: matrix is invalid!
MnHesse: matrix is not pos. def.!
MnHesse: matrix was forced pos. def.
FunctionMinimum is invalid.
Minuit failed because covariance is not accurate, covariance is not positive definite, and the function is above maximum EDM.
2s under jitter 0.17 = 5.59 with chi^2 112537.666533
Minuit succeeded.
2s under jitter 0.17 = 28.8803870987 with chi^2 2793.17775134
Minuit succeeded.
2s under jitter 0.17 = 29.5795867521 with chi^2 2985.12470545
Minuit succeeded.
2s under jitter 0.17 = 28.4812398844 with chi^2 2937.27954725
VariableMetricBuilder: no improvement
VariableMetricBuilder: machine accuracy limits further improvement.
Minuit succeeded.
2s under jitter 0.17 = 29.3683603106 with chi^2 2742.91021974
VariableMetricBuilder: matrix not pos.def.
gdel > 0: 0.000143988
negative or zero diagonal element 1 in covariance matrix
added 1.00019 to diagonal of error matrix
gdel: 0.000143988
Minuit succeeded.
2s under jitter 0.17 = 28.9209158964 with chi^2 2960.22979893
VariableMetricBuilder: no improvement
VariableMetricBuilder: finishes without convergence.
VariableMetricBuilder: edm= 1.26512e+06 requested: 1e-05
eigenvalues: 
-4.20154
0.887625
0.996046
1
1
1
1.00626
1.44446
5.86715
matrix forced pos-def by adding 4.2074 to diagonal
MnHesse: matrix is invalid!
MnHesse: matrix is not pos. def.!
MnHesse: matrix was forced pos. def.
FunctionMinimum is invalid.
Minuit failed because covariance is not accurate, covariance is not positive definite, and the function is above maximum EDM.
2s under jitter 0.17 = 5.59 with chi^2 141663.438367
Minuit succeeded.
2s under jitter 0.17 = 29.1210494912 with chi^2 2921.40047298
Minuit succeeded.
2s under jitter 0.17 = 29.122486851 with chi^2 2775.12389945
Minuit succeeded.
2s under jitter 0.17 = 29.5879211822 with chi^2 2901.49879623
VariableMetricBuilder: matrix not pos.def.
gdel > 0: 4.97523e+07
negative or zero diagonal element 0 in covariance matrix
negative or zero diagonal element 1 in covariance matrix
negative or zero diagonal element 2 in covariance matrix
negative or zero diagonal element 3 in covariance matrix
negative or zero diagonal element 5 in covariance matrix
added 1.07365 to diagonal of error matrix
gdel: 4.97523e+07
eigenvalues: 
-1.46753
0.825833
0.993098
1
1
1
1.00113
1.34215
3.30532
matrix forced pos-def by adding 1.47084 to diagonal
MnHesse: matrix is invalid!
MnHesse: matrix is not pos. def.!
MnHesse: matrix was forced pos. def.
FunctionMinimum is invalid.
Minuit failed because covariance is not accurate, and covariance is not positive definite.
2s under jitter 0.17 = 6.32093354708 with chi^2 124849.336725
Minuit succeeded.
2s under jitter 0.17 = 29.2669450706 with chi^2 2890.4401096
Minuit succeeded.
2s under jitter 0.17 = 29.29987928 with chi^2 2909.87254452
Minuit succeeded.
2s under jitter 0.17 = 29.3164317914 with chi^2 2841.54763908
Minuit succeeded.
2s under jitter 0.17 = 29.5338873676 with chi^2 2655.89523216
Minuit succeeded.
2s under jitter 0.17 = 29.2655272633 with chi^2 3181.14786513
Minuit succeeded.
2s under jitter 0.17 = 29.1697459459 with chi^2 2932.89220319
VariableMetricBuilder: no improvement
VariableMetricBuilder: finishes without convergence.
VariableMetricBuilder: edm= 822780 requested: 1e-05
eigenvalues: 
-0.927217
0.744711
0.991936
1
1
1
1.00771
1.31963
2.86323
matrix forced pos-def by adding 0.93008 to diagonal
MnHesse: matrix is invalid!
MnHesse: matrix is not pos. def.!
MnHesse: matrix was forced pos. def.
FunctionMinimum is invalid.
Minuit failed because covariance is not accurate, covariance is not positive definite, and the function is above maximum EDM.
2s under jitter 0.17 = 6.30084699747 with chi^2 114145.085041
