Minuit succeeded.
3s under jitter 0.17 = 3.65198675668 with chi^2 615.756209975
Minuit succeeded.
3s under jitter 0.17 = 3.5281685348 with chi^2 642.779648266
Minuit succeeded.
3s under jitter 0.17 = 3.72725498296 with chi^2 684.89965538
Minuit succeeded.
3s under jitter 0.17 = 3.75526194038 with chi^2 641.346328436
Minuit succeeded.
3s under jitter 0.17 = 3.77379580747 with chi^2 593.217131415
Minuit succeeded.
3s under jitter 0.17 = 3.93287598561 with chi^2 743.87374269
Minuit succeeded.
3s under jitter 0.17 = 3.61089742853 with chi^2 723.139344882
Minuit succeeded.
3s under jitter 0.17 = 3.96060140852 with chi^2 683.280952651
Minuit succeeded.
3s under jitter 0.17 = 3.97658856269 with chi^2 695.280026698
Minuit succeeded.
3s under jitter 0.17 = 3.93357514349 with chi^2 640.784279506
Minuit succeeded.
3s under jitter 0.17 = 4.03259859797 with chi^2 704.650423626
Minuit succeeded.
3s under jitter 0.17 = 3.76122870071 with chi^2 574.651332597
Minuit succeeded.
3s under jitter 0.17 = 3.97014571205 with chi^2 664.089487565
Minuit succeeded.
3s under jitter 0.17 = 3.97989794448 with chi^2 664.42867138
Minuit succeeded.
3s under jitter 0.17 = 3.9849772662 with chi^2 713.969510024
Minuit succeeded.
3s under jitter 0.17 = 3.5483298175 with chi^2 603.223773645
eigenvalues: 
-0.00541253
0.13225
0.398613
1
1
1
1
1.00014
1.02033
3.45408
matrix forced pos-def by adding 0.00886661 to diagonal
MnHesse: matrix is invalid!
MnHesse: matrix is not pos. def.!
MnHesse: matrix was forced pos. def.
FunctionMinimum is invalid.
Minuit failed because covariance is not accurate, and covariance is not positive definite.
3s under jitter 0.17 = 3.6784099539 with chi^2 539.779232794
Minuit succeeded.
3s under jitter 0.17 = 3.95136059646 with chi^2 735.931038644
Minuit succeeded.
3s under jitter 0.17 = 3.78646489714 with chi^2 532.729419858
Minuit succeeded.
3s under jitter 0.17 = 3.99067080385 with chi^2 639.284156635
Minuit succeeded.
3s under jitter 0.17 = 3.80990550479 with chi^2 556.061578962
Minuit succeeded.
3s under jitter 0.17 = 3.74600203203 with chi^2 642.105089559
Minuit succeeded.
3s under jitter 0.17 = 3.72952373498 with chi^2 649.250462204
Minuit succeeded.
3s under jitter 0.17 = 3.55825531393 with chi^2 651.178093592
Minuit succeeded.
3s under jitter 0.17 = 3.73844772426 with chi^2 629.960865927
Minuit succeeded.
3s under jitter 0.17 = 3.78885330885 with chi^2 557.598826879
Minuit succeeded.
3s under jitter 0.17 = 3.83789376238 with chi^2 618.789886973
Minuit succeeded.
3s under jitter 0.17 = 3.6968730341 with chi^2 672.89664159
Minuit succeeded.
3s under jitter 0.17 = 3.66734106003 with chi^2 554.676137253
Minuit succeeded.
3s under jitter 0.17 = 3.81047088273 with chi^2 641.890105848
Minuit succeeded.
3s under jitter 0.17 = 3.67589537262 with chi^2 634.47377798
Minuit succeeded.
3s under jitter 0.17 = 3.75810011964 with chi^2 584.686514663
Minuit succeeded.
3s under jitter 0.17 = 3.78743745512 with chi^2 659.809302867
Minuit succeeded.
3s under jitter 0.17 = 3.81956435127 with chi^2 604.856517693
Minuit succeeded.
3s under jitter 0.17 = 3.8879207912 with chi^2 739.265555874
Minuit succeeded.
3s under jitter 0.17 = 3.81490544262 with chi^2 634.561046252
Minuit succeeded.
3s under jitter 0.17 = 3.60614262591 with chi^2 612.072291221
Minuit succeeded.
3s under jitter 0.17 = 3.81812983909 with chi^2 532.058788982
Minuit succeeded.
3s under jitter 0.17 = 3.91252236258 with chi^2 644.237575387
Minuit succeeded.
3s under jitter 0.17 = 3.76372930946 with chi^2 615.761710726
Minuit succeeded.
3s under jitter 0.17 = 3.72385694418 with chi^2 507.524700751
Minuit succeeded.
3s under jitter 0.17 = 3.80137081417 with chi^2 672.18716142
Minuit succeeded.
3s under jitter 0.17 = 3.62341169907 with chi^2 499.964307539
Minuit succeeded.
3s under jitter 0.17 = 3.69046949801 with chi^2 558.616819741
Minuit succeeded.
3s under jitter 0.17 = 3.67938054954 with chi^2 586.213605414
Minuit succeeded.
3s under jitter 0.17 = 3.62625326202 with chi^2 617.253730414
Minuit succeeded.
3s under jitter 0.17 = 3.86782456523 with chi^2 667.045208404
eigenvalues: 
-0.021857
0.186078
0.426548
1
1
1
1
1.00025
1.01062
3.39836
matrix forced pos-def by adding 0.0252553 to diagonal
MnHesse: matrix is invalid!
MnHesse: matrix is not pos. def.!
MnHesse: matrix was forced pos. def.
FunctionMinimum is invalid.
Minuit failed because covariance is not accurate, and covariance is not positive definite.
3s under jitter 0.17 = 3.57377035982 with chi^2 644.863354272
Minuit succeeded.
3s under jitter 0.17 = 3.76736424903 with chi^2 569.706679965
VariableMetricBuilder: no improvement
VariableMetricBuilder: machine accuracy limits further improvement.
Minuit succeeded.
3s under jitter 0.17 = 3.92068079364 with chi^2 606.940391527
Minuit succeeded.
3s under jitter 0.17 = 3.85693213398 with chi^2 688.066169982
Minuit succeeded.
3s under jitter 0.17 = 3.69076273974 with chi^2 566.177287817
eigenvalues: 
-0.0148026
0.194818
0.400318
1
1
1
1
1.00014
1.01801
3.40151
matrix forced pos-def by adding 0.0182041 to diagonal
MnHesse: matrix is invalid!
MnHesse: matrix is not pos. def.!
MnHesse: matrix was forced pos. def.
FunctionMinimum is invalid.
Minuit failed because covariance is not accurate, and covariance is not positive definite.
3s under jitter 0.17 = 3.8105320298 with chi^2 694.018334772
Minuit succeeded.
3s under jitter 0.17 = 3.97217949967 with chi^2 578.638573643
Minuit succeeded.
3s under jitter 0.17 = 3.74591179545 with chi^2 605.251569591
Minuit succeeded.
3s under jitter 0.17 = 3.82124837839 with chi^2 695.532852389
Minuit succeeded.
3s under jitter 0.17 = 3.72332656241 with chi^2 632.842566472
Minuit succeeded.
3s under jitter 0.17 = 3.72873407805 with chi^2 578.249633462
Minuit succeeded.
3s under jitter 0.17 = 3.79100092649 with chi^2 617.476233249
Minuit succeeded.
3s under jitter 0.17 = 3.70110319536 with chi^2 690.489338031
VariableMetricBuilder: no improvement
VariableMetricBuilder: machine accuracy limits further improvement.
Minuit succeeded.
3s under jitter 0.17 = 3.66404106723 with chi^2 621.509010092
eigenvalues: 
-0.00537605
0.170633
0.399637
1
1
1
1
1.00014
1.02007
3.4149
matrix forced pos-def by adding 0.00879095 to diagonal
MnHesse: matrix is invalid!
MnHesse: matrix is not pos. def.!
MnHesse: matrix was forced pos. def.
FunctionMinimum is invalid.
Minuit failed because covariance is not accurate, and covariance is not positive definite.
3s under jitter 0.17 = 3.65656503628 with chi^2 585.770112005
Minuit succeeded.
3s under jitter 0.17 = 3.81622858154 with chi^2 638.761401126
Minuit succeeded.
3s under jitter 0.17 = 3.76084326811 with chi^2 591.579981278
Minuit succeeded.
3s under jitter 0.17 = 3.95959521013 with chi^2 810.37227564
Minuit succeeded.
3s under jitter 0.17 = 3.95161770889 with chi^2 685.41722599
Minuit succeeded.
3s under jitter 0.17 = 3.979300753 with chi^2 654.859589218
Minuit succeeded.
3s under jitter 0.17 = 3.77113767673 with chi^2 552.441447291
Minuit succeeded.
3s under jitter 0.17 = 3.67179751282 with chi^2 607.790355115
Minuit succeeded.
3s under jitter 0.17 = 3.77265483249 with chi^2 720.919156025
eigenvalues: 
-0.0140318
0.169868
0.402898
1
1
1
1
1.00023
1.0219
3.41914
matrix forced pos-def by adding 0.0174509 to diagonal
MnHesse: matrix is invalid!
MnHesse: matrix is not pos. def.!
MnHesse: matrix was forced pos. def.
FunctionMinimum is invalid.
Minuit failed because covariance is not accurate, and covariance is not positive definite.
3s under jitter 0.17 = 3.68874761248 with chi^2 528.329917333
Minuit succeeded.
3s under jitter 0.17 = 3.8640552325 with chi^2 644.986610878
Minuit succeeded.
3s under jitter 0.17 = 3.86655855357 with chi^2 546.802178946
Minuit succeeded.
3s under jitter 0.17 = 3.76897786022 with chi^2 630.108890711
Minuit succeeded.
3s under jitter 0.17 = 3.69219954994 with chi^2 630.480787569
Minuit succeeded.
3s under jitter 0.17 = 3.56741421401 with chi^2 552.616226127
Minuit succeeded.
3s under jitter 0.17 = 4.17258021432 with chi^2 921.193200753
Minuit succeeded.
3s under jitter 0.17 = 3.80524206767 with chi^2 739.190716122
Minuit succeeded.
3s under jitter 0.17 = 3.64890006503 with chi^2 548.524613822
Minuit succeeded.
3s under jitter 0.17 = 3.65335652636 with chi^2 719.461627192
Minuit succeeded.
3s under jitter 0.17 = 3.89702794143 with chi^2 639.087299567
Minuit succeeded.
3s under jitter 0.17 = 3.58527604551 with chi^2 532.635866266
Minuit succeeded.
3s under jitter 0.17 = 4.21880888554 with chi^2 1196.12789999
Minuit succeeded.
3s under jitter 0.17 = 3.91980557501 with chi^2 547.799621539
Minuit succeeded.
3s under jitter 0.17 = 3.80788387348 with chi^2 592.664134643
Minuit succeeded.
3s under jitter 0.17 = 3.73539503341 with chi^2 657.191518422
Minuit succeeded.
3s under jitter 0.17 = 4.01489937507 with chi^2 696.705903419
Minuit succeeded.
3s under jitter 0.17 = 3.91837982969 with chi^2 680.676053087
Minuit succeeded.
3s under jitter 0.17 = 3.6330033872 with chi^2 542.780377832
Minuit succeeded.
3s under jitter 0.17 = 3.87222038246 with chi^2 664.82001499
Minuit succeeded.
3s under jitter 0.17 = 3.81338195965 with chi^2 718.680414407
Minuit succeeded.
3s under jitter 0.17 = 3.85929116314 with chi^2 682.652924525
Minuit succeeded.
3s under jitter 0.17 = 3.75494626181 with chi^2 586.060087695
Minuit succeeded.
3s under jitter 0.17 = 3.59431600289 with chi^2 562.148219133
Minuit succeeded.
3s under jitter 0.17 = 3.62432718138 with chi^2 479.910533162
Minuit succeeded.
3s under jitter 0.17 = 3.91913622503 with chi^2 587.793864753
Minuit succeeded.
3s under jitter 0.17 = 3.77273568706 with chi^2 627.087318888
Minuit succeeded.
3s under jitter 0.17 = 3.9104389541 with chi^2 584.189924656
eigenvalues: 
-0.00281445
0.142072
0.394471
1
1
1
1
1.00027
1.01674
3.44926
matrix forced pos-def by adding 0.00626371 to diagonal
MnHesse: matrix is invalid!
MnHesse: matrix is not pos. def.!
MnHesse: matrix was forced pos. def.
FunctionMinimum is invalid.
Minuit failed because covariance is not accurate, and covariance is not positive definite.
3s under jitter 0.17 = 3.85816075778 with chi^2 508.182543008
Minuit succeeded.
3s under jitter 0.17 = 3.92655442176 with chi^2 698.988697732
