Minuit succeeded.
3s under jitter 0.26 = 4.37697000959 with chi^2 907.426793999
Minuit succeeded.
3s under jitter 0.26 = 4.10338262855 with chi^2 966.852878121
Minuit succeeded.
3s under jitter 0.26 = 3.82472625651 with chi^2 829.002016558
Minuit succeeded.
3s under jitter 0.26 = 3.83830987505 with chi^2 635.847168423
Minuit succeeded.
3s under jitter 0.26 = 3.97662427035 with chi^2 766.906633407
Minuit succeeded.
3s under jitter 0.26 = 3.77408489636 with chi^2 656.776482034
Minuit succeeded.
3s under jitter 0.26 = 3.8594163048 with chi^2 697.813527442
Minuit succeeded.
3s under jitter 0.26 = 3.76163975435 with chi^2 619.67544138
Minuit succeeded.
3s under jitter 0.26 = 3.89032923652 with chi^2 843.825183072
Minuit succeeded.
3s under jitter 0.26 = 3.60273829558 with chi^2 547.278720558
Minuit succeeded.
3s under jitter 0.26 = 3.90620340063 with chi^2 795.090302879
Minuit succeeded.
3s under jitter 0.26 = 3.883576732 with chi^2 715.019168484
Minuit succeeded.
3s under jitter 0.26 = 3.68460091098 with chi^2 624.457172642
Minuit succeeded.
3s under jitter 0.26 = 3.61435269869 with chi^2 691.206826446
Minuit succeeded.
3s under jitter 0.26 = 3.83280013665 with chi^2 677.641694748
Minuit succeeded.
3s under jitter 0.26 = 3.83007877765 with chi^2 657.571525091
Minuit succeeded.
3s under jitter 0.26 = 3.82770822209 with chi^2 790.322454322
Minuit succeeded.
3s under jitter 0.26 = 4.20938028669 with chi^2 1016.84506806
Minuit succeeded.
3s under jitter 0.26 = 3.7266592024 with chi^2 601.353454464
Minuit succeeded.
3s under jitter 0.26 = 3.79690104828 with chi^2 588.398297295
Minuit succeeded.
3s under jitter 0.26 = 3.94491053084 with chi^2 815.919922557
Minuit succeeded.
3s under jitter 0.26 = 4.09252403768 with chi^2 796.688575705
Minuit succeeded.
3s under jitter 0.26 = 3.7868524474 with chi^2 827.543668429
Minuit succeeded.
3s under jitter 0.26 = 4.10552784485 with chi^2 809.922645181
Minuit succeeded.
3s under jitter 0.26 = 3.70015584449 with chi^2 696.153604287
Minuit succeeded.
3s under jitter 0.26 = 3.63460449135 with chi^2 676.479760139
Minuit succeeded.
3s under jitter 0.26 = 3.5896077605 with chi^2 676.393350181
Minuit succeeded.
3s under jitter 0.26 = 3.72277670607 with chi^2 757.223638556
Minuit succeeded.
3s under jitter 0.26 = 4.12785549493 with chi^2 876.986877571
Minuit succeeded.
3s under jitter 0.26 = 3.87205140344 with chi^2 719.968331293
Minuit succeeded.
3s under jitter 0.26 = 3.65839024334 with chi^2 695.725763521
Minuit succeeded.
3s under jitter 0.26 = 3.98784712398 with chi^2 683.23234997
Minuit succeeded.
3s under jitter 0.26 = 3.9472709075 with chi^2 826.443065244
Minuit succeeded.
3s under jitter 0.26 = 3.93106850485 with chi^2 719.564291998
Minuit succeeded.
3s under jitter 0.26 = 3.70189891727 with chi^2 720.468315556
Minuit succeeded.
3s under jitter 0.26 = 3.73884633312 with chi^2 708.790354724
Minuit succeeded.
3s under jitter 0.26 = 3.8957401719 with chi^2 835.777745995
Minuit succeeded.
3s under jitter 0.26 = 4.29033879735 with chi^2 1069.3096187
Minuit succeeded.
3s under jitter 0.26 = 3.98244514636 with chi^2 624.344439703
Minuit succeeded.
3s under jitter 0.26 = 4.10474017783 with chi^2 672.659867821
Minuit succeeded.
3s under jitter 0.26 = 3.84806006857 with chi^2 758.426846761
Minuit succeeded.
3s under jitter 0.26 = 3.67942153301 with chi^2 783.717555367
Minuit succeeded.
3s under jitter 0.26 = 3.88971879346 with chi^2 767.639943773
Minuit succeeded.
3s under jitter 0.26 = 4.01458149271 with chi^2 777.678716567
Minuit succeeded.
3s under jitter 0.26 = 4.03271646014 with chi^2 771.54884543
Minuit succeeded.
3s under jitter 0.26 = 3.73073704611 with chi^2 615.463043743
Minuit succeeded.
3s under jitter 0.26 = 3.84901948892 with chi^2 703.193813889
Minuit succeeded.
3s under jitter 0.26 = 3.84449985261 with chi^2 635.96700676
Minuit succeeded.
3s under jitter 0.26 = 3.9079726231 with chi^2 624.161643393
Minuit succeeded.
3s under jitter 0.26 = 4.06337506778 with chi^2 702.533079781
Minuit succeeded.
3s under jitter 0.26 = 3.97535824155 with chi^2 758.687055943
Minuit succeeded.
3s under jitter 0.26 = 3.87778208662 with chi^2 743.852891992
Minuit succeeded.
3s under jitter 0.26 = 3.67345341595 with chi^2 627.225170437
Minuit succeeded.
3s under jitter 0.26 = 3.76511997243 with chi^2 631.054848926
Minuit succeeded.
3s under jitter 0.26 = 3.89993737852 with chi^2 736.089382558
Minuit succeeded.
3s under jitter 0.26 = 3.67678111103 with chi^2 617.03514682
Minuit succeeded.
3s under jitter 0.26 = 4.03837330392 with chi^2 768.358030418
Minuit succeeded.
3s under jitter 0.26 = 3.57468598082 with chi^2 596.829186226
VariableMetricBuilder: matrix not pos.def.
gdel > 0: 1.30925e-05
negative or zero diagonal element 0 in covariance matrix
negative or zero diagonal element 1 in covariance matrix
added 1.00078 to diagonal of error matrix
gdel: 1.30925e-05
Minuit succeeded.
3s under jitter 0.26 = 4.16581744169 with chi^2 911.685665377
Minuit succeeded.
3s under jitter 0.26 = 4.1159572461 with chi^2 892.320381122
Minuit succeeded.
3s under jitter 0.26 = 3.65106851436 with chi^2 657.88437637
Minuit succeeded.
3s under jitter 0.26 = 3.67073947535 with chi^2 661.15984337
Minuit succeeded.
3s under jitter 0.26 = 3.8574940223 with chi^2 742.816641124
VariableMetricBuilder: no improvement
VariableMetricBuilder: machine accuracy limits further improvement.
Minuit succeeded.
3s under jitter 0.26 = 4.00749983037 with chi^2 685.471046208
Minuit succeeded.
3s under jitter 0.26 = 3.72720269207 with chi^2 651.430247945
Minuit succeeded.
3s under jitter 0.26 = 3.81933966979 with chi^2 641.014959551
eigenvalues: 
-0.00584284
0.288873
0.484513
1
1
1
1
1.00018
1.00817
3.2241
matrix forced pos-def by adding 0.00906694 to diagonal
MnHesse: matrix is invalid!
MnHesse: matrix is not pos. def.!
MnHesse: matrix was forced pos. def.
FunctionMinimum is invalid.
Minuit failed because covariance is not accurate, and covariance is not positive definite.
3s under jitter 0.26 = 3.88212333962 with chi^2 665.011947391
Minuit succeeded.
3s under jitter 0.26 = 3.88048797927 with chi^2 674.674253253
Minuit succeeded.
3s under jitter 0.26 = 3.85463541264 with chi^2 679.649171944
Minuit succeeded.
3s under jitter 0.26 = 3.78742404079 with chi^2 640.705109823
Minuit succeeded.
3s under jitter 0.26 = 4.03367454277 with chi^2 904.011775736
Minuit succeeded.
3s under jitter 0.26 = 3.92282731254 with chi^2 561.068433071
Minuit succeeded.
3s under jitter 0.26 = 3.93322328412 with chi^2 776.589742863
Minuit succeeded.
3s under jitter 0.26 = 4.01298902692 with chi^2 676.617233229
Minuit succeeded.
3s under jitter 0.26 = 3.78787386784 with chi^2 633.818137275
Minuit succeeded.
3s under jitter 0.26 = 3.79881435674 with chi^2 684.622819356
VariableMetricBuilder: no improvement
VariableMetricBuilder: machine accuracy limits further improvement.
Minuit succeeded.
3s under jitter 0.26 = 3.9319196298 with chi^2 645.466960218
Minuit succeeded.
3s under jitter 0.26 = 3.87590924958 with chi^2 613.608163616
Minuit succeeded.
3s under jitter 0.26 = 3.66611633385 with chi^2 604.428646209
Minuit succeeded.
3s under jitter 0.26 = 3.90894278769 with chi^2 626.629175254
Minuit succeeded.
3s under jitter 0.26 = 3.88703603181 with chi^2 699.727011178
Minuit succeeded.
3s under jitter 0.26 = 3.91618713342 with chi^2 604.543043682
Minuit succeeded.
3s under jitter 0.26 = 3.99655600503 with chi^2 812.585238046
Minuit succeeded.
3s under jitter 0.26 = 3.68486661884 with chi^2 695.286990291
Minuit succeeded.
3s under jitter 0.26 = 3.77529084802 with chi^2 667.852383538
Minuit succeeded.
3s under jitter 0.26 = 3.98538119385 with chi^2 934.942719519
Minuit succeeded.
3s under jitter 0.26 = 3.83147441057 with chi^2 674.706607718
Minuit succeeded.
3s under jitter 0.26 = 3.58644147136 with chi^2 604.890336564
Minuit succeeded.
3s under jitter 0.26 = 3.79310355123 with chi^2 701.086430528
Minuit succeeded.
3s under jitter 0.26 = 4.15208390252 with chi^2 865.35443139
Minuit succeeded.
3s under jitter 0.26 = 3.7117595246 with chi^2 588.530220213
Minuit succeeded.
3s under jitter 0.26 = 3.99285301284 with chi^2 748.69745109
Minuit succeeded.
3s under jitter 0.26 = 4.03874675762 with chi^2 757.634582597
Minuit succeeded.
3s under jitter 0.26 = 4.04701213469 with chi^2 756.992310137
VariableMetricBuilder: matrix not pos.def.
gdel > 0: 6.3044e-07
eigenvalues: 
-1.50924
0.0721451
0.499442
0.53719
0.637287
0.899271
1.08988
1.36642
2.38631
4.02129
matrix forced pos-def by adding 1.51326 to diagonal
gdel: -3.71451e-05
VariableMetricBuilder: no improvement
VariableMetricBuilder: machine accuracy limits further improvement.
Minuit succeeded.
3s under jitter 0.26 = 3.72191891903 with chi^2 599.262014188
Minuit succeeded.
3s under jitter 0.26 = 3.86297761191 with chi^2 692.611410135
Minuit succeeded.
3s under jitter 0.26 = 3.82828553051 with chi^2 904.389151404
Minuit succeeded.
3s under jitter 0.26 = 4.13829922492 with chi^2 911.067783657
Minuit succeeded.
3s under jitter 0.26 = 4.00050443484 with chi^2 823.41584084
Minuit succeeded.
3s under jitter 0.26 = 4.03184921401 with chi^2 899.731741611
