This is pdfTeX, Version 3.14159-14h-released-20010417 (Web2C 7.3.3.1) (format=pdflatex 2003.2.18)  21 OCT 2005 02:37
**talk.tex
(./talk.tex{/usr/share/texmf/pdftex/config/pdftex.cfg}
LaTeX2e <2001/06/01>
Babel <v3.7h> and hyphenation patterns for american, french, german, ngerman, i
talian, nohyphenation, loaded.
(/usr/share/texmf/tex/latex/base/article.cls
Document Class: article 2001/04/21 v1.4e Standard LaTeX document class
(/usr/share/texmf/tex/latex/base/size10.clo
File: size10.clo 2001/04/21 v1.4e Standard LaTeX file (size option)
)
\c@part=\count79
\c@section=\count80
\c@subsection=\count81
\c@subsubsection=\count82
\c@paragraph=\count83
\c@subparagraph=\count84
\c@figure=\count85
\c@table=\count86
\abovecaptionskip=\skip41
\belowcaptionskip=\skip42
\bibindent=\dimen102
)
(/usr/share/texmf/tex/latex/graphics/graphicx.sty
Package: graphicx 1999/02/16 v1.0f Enhanced LaTeX Graphics (DPC,SPQR)

(/usr/share/texmf/tex/latex/graphics/keyval.sty
Package: keyval 1999/03/16 v1.13 key=value parser (DPC)
\KV@toks@=\toks14
)
(/usr/share/texmf/tex/latex/graphics/graphics.sty
Package: graphics 2001/07/07 v1.0n Standard LaTeX Graphics (DPC,SPQR)

(/usr/share/texmf/tex/latex/graphics/trig.sty
Package: trig 1999/03/16 v1.09 sin cos tan (DPC)
)
(/usr/share/texmf/tex/latex/config/graphics.cfg)
Package graphics Info: Driver file: pdftex.def on input line 80.

(/usr/share/texmf/tex/latex/graphics/pdftex.def
File: pdftex.def 2001/11/29 v0.03i graphics/color for pdftex
\Gread@gobject=\count87
))
\Gin@req@height=\dimen103
\Gin@req@width=\dimen104
)
(/usr/share/texmf/tex/latex/amsfonts/amssymb.sty
Package: amssymb 2002/01/22 v2.2d

(/usr/share/texmf/tex/latex/amsfonts/amsfonts.sty
Package: amsfonts 2001/10/25 v2.2f
\@emptytoks=\toks15
\symAMSa=\mathgroup4
\symAMSb=\mathgroup5
LaTeX Font Info:    Overwriting math alphabet `\mathfrak' in version `bold'
(Font)                  U/euf/m/n --> U/euf/b/n on input line 132.
))
(/usr/share/texmf/tex/latex/graphics/color.sty
Package: color 1999/02/16 v1.0i Standard LaTeX Color (DPC)

(/usr/share/texmf/tex/latex/config/color.cfg)
Package color Info: Driver file: pdftex.def on input line 125.
) (./talk.aux)
\openout1 = `talk.aux'.

LaTeX Font Info:    Checking defaults for OML/cmm/m/it on input line 11.
LaTeX Font Info:    ... okay on input line 11.
LaTeX Font Info:    Checking defaults for T1/cmr/m/n on input line 11.
LaTeX Font Info:    ... okay on input line 11.
LaTeX Font Info:    Checking defaults for OT1/cmr/m/n on input line 11.
LaTeX Font Info:    ... okay on input line 11.
LaTeX Font Info:    Checking defaults for OMS/cmsy/m/n on input line 11.
LaTeX Font Info:    ... okay on input line 11.
LaTeX Font Info:    Checking defaults for OMX/cmex/m/n on input line 11.
LaTeX Font Info:    ... okay on input line 11.
LaTeX Font Info:    Checking defaults for U/cmr/m/n on input line 11.
LaTeX Font Info:    ... okay on input line 11.

(/usr/share/texmf/tex/context/base/supp-pdf.tex
(/usr/share/texmf/tex/context/base/supp-mis.tex
loading : Context Support Macros / Missing
\protectiondepth=\count88
\scratchcounter=\count89
\scratchtoks=\toks16
\scratchdimen=\dimen105
\scratchskip=\skip43
\scratchmuskip=\muskip10
\scratchbox=\box26
\scratchread=\read1
\scratchwrite=\write3
\zeropoint=\dimen106
\nextbox=\box27
\nextdepth=\dimen107
\everyline=\toks17
\!!counta=\count90
\!!countb=\count91
\recursecounter=\count92
)
loading : Context Support Macros / PDF
\nofMPsegments=\count93
\nofMParguments=\count94
\everyMPtoPDFconversion=\toks18
)
LaTeX Font Info:    Try loading font information for U+msa on input line 17.
 (/usr/share/texmf/tex/latex/amsfonts/umsa.fd
File: umsa.fd 2002/01/19 v2.2g AMS font definitions
)
LaTeX Font Info:    Try loading font information for U+msb on input line 17.

(/usr/share/texmf/tex/latex/amsfonts/umsb.fd
File: umsb.fd 2002/01/19 v2.2g AMS font definitions
) [1

{/usr/share/texmf/dvips/config/pdftex.map}]
<../panic05/xfiged_three_resonances_inset_squat2.pdf, id=14, 481.8pt x 327.2225
pt>
File: ../panic05/xfiged_three_resonances_inset_squat2.pdf Graphic file (type pd
f)
 <use ../panic05/xfiged_three_resonances_inset_squat2.pdf> [2 <../panic05/xfige
d_three_resonances_inset_squat2.pdf>]
Overfull \hbox (21.46976pt too wide) in paragraph at lines 62--63
[]/cmss17@20.74pt/Luminosity cal-i-bra-tion and most of ef-fi-ciency sys-tem-at
-ics can-cel in ra-tios of $/cmr17@20.74pt/^^@[](/cmmi12@20.74pt/nS/cmr17@20.74
pt/)/cmmi12@20.74pt/=/cmr17@20.74pt/^^@[](/cmmi12@20.74pt/mS/cmr17@20.74pt/)$ 
 []

[3] [4]
</home/mccann/antithesis/plots/draw_innerbb.pdf, id=48, 471.7625pt x 285.065pt>
File: /home/mccann/antithesis/plots/draw_innerbb.pdf Graphic file (type pdf)
<use /home/mccann/antithesis/plots/draw_innerbb.pdf>
</home/mccann/antithesis/plots/draw_outerbb.pdf, id=49, 471.7625pt x 285.065pt>
File: /home/mccann/antithesis/plots/draw_outerbb.pdf Graphic file (type pdf)
<use /home/mccann/antithesis/plots/draw_outerbb.pdf>
Overfull \hbox (17.50568pt too wide) in paragraph at lines 115--122
 [] 
 []

<equation.pdf, id=50, 266.9975pt x 60.225pt>
File: equation.pdf Graphic file (type pdf)
 <use equation.pdf> [5 </home/mccann/antithesis/plots/draw_innerbb.pdf> </home/
mccann/antithesis/plots/draw_outerbb.pdf> <./equation.pdf>]
</home/mccann/antithesis/plots/bbout_effective_crosssection.pdf, id=107, 476.78
125pt x 374.39874pt>
File: /home/mccann/antithesis/plots/bbout_effective_crosssection.pdf Graphic fi
le (type pdf)

<use /home/mccann/antithesis/plots/bbout_effective_crosssection.pdf> [6 </home/
mccann/antithesis/plots/bbout_effective_crosssection.pdf>]
<octoberfits_fixen_summaryplot.pdf, id=113, 489.83pt x 245.91875pt>
File: octoberfits_fixen_summaryplot.pdf Graphic file (type pdf)

<use octoberfits_fixen_summaryplot.pdf> [7 <./octoberfits_fixen_summaryplot.pdf
>] [8]
</home/mccann/antithesis/plots/stability4_48hour.pdf, id=123, 471.7625pt x 354.
32375pt>
File: /home/mccann/antithesis/plots/stability4_48hour.pdf Graphic file (type pd
f)
 <use /home/mccann/antithesis/plots/stability4_48hour.pdf> [9 </home/mccann/ant
ithesis/plots/stability4_48hour.pdf>]
</home/mccann/antithesis/plots/stability4_unlimited.pdf, id=129, 471.7625pt x 3
54.32375pt>
File: /home/mccann/antithesis/plots/stability4_unlimited.pdf Graphic file (type
 pdf)
 <use /home/mccann/antithesis/plots/stability4_unlimited.pdf>
[10 </home/mccann/antithesis/plots/stability4_unlimited.pdf>]
</cdat/daf9/mccann/synthesis/rootstab_home/rootstab9_tracks.pdf, id=135, 488.82
625pt x 485.815pt>
File: /cdat/daf9/mccann/synthesis/rootstab_home/rootstab9_tracks.pdf Graphic fi
le (type pdf)

<use /cdat/daf9/mccann/synthesis/rootstab_home/rootstab9_tracks.pdf> [11 </cdat
/daf9/mccann/synthesis/rootstab_home/rootstab9_tracks.pdf>]
</home/mccann/antithesis/plots/cesrv_correlation.pdf, id=141, 472.76625pt x 363
.3575pt>
File: /home/mccann/antithesis/plots/cesrv_correlation.pdf Graphic file (type pd
f)
 <use /home/mccann/antithesis/plots/cesrv_correlation.pdf> [12 </home/mccann/an
tithesis/plots/cesrv_correlation.pdf>]
<piecewise_constant_beamspread.pdf, id=147, 466.74374pt x 313.17pt>
File: piecewise_constant_beamspread.pdf Graphic file (type pdf)

<use piecewise_constant_beamspread.pdf> [13 <./piecewise_constant_beamspread.pd
f>] [14]
<octoberfits_fixen_2_10_three_resonances_inset_squat2.pdf, id=157, 481.8pt x 32
7.2225pt>
File: octoberfits_fixen_2_10_three_resonances_inset_squat2.pdf Graphic file (ty
pe pdf)
 <use octoberfits_fixen_2_10_three_resonances_inset_squat2.pdf>
[15 <./octoberfits_fixen_2_10_three_resonances_inset_squat2.pdf>]
<octoberfits_fixen_2_10_pulls1.pdf, id=163, 474.77374pt x 380.42125pt>
File: octoberfits_fixen_2_10_pulls1.pdf Graphic file (type pdf)

<use octoberfits_fixen_2_10_pulls1.pdf> [16 <./octoberfits_fixen_2_10_pulls1.pd
f>] <octoberfits_fixen_2_10_pulls2.pdf, id=169, 476.78125pt x 380.42125pt>
File: octoberfits_fixen_2_10_pulls2.pdf Graphic file (type pdf)

<use octoberfits_fixen_2_10_pulls2.pdf> [17 <./octoberfits_fixen_2_10_pulls2.pd
f>]
Overfull \hbox (9.5921pt too wide) in paragraph at lines 310--310
[][] 
 []

<octoberfits_fixen_2_10_pulls3.pdf, id=175, 476.78125pt x 380.42125pt>
File: octoberfits_fixen_2_10_pulls3.pdf Graphic file (type pdf)

<use octoberfits_fixen_2_10_pulls3.pdf> [18 <./octoberfits_fixen_2_10_pulls3.pd
f>] <justaline.pdf, id=181, 144.54pt x 6.0225pt>
File: justaline.pdf Graphic file (type pdf)
 <use justaline.pdf>
File: justaline.pdf Graphic file (type pdf)

<use justaline.pdf>
File: justaline.pdf Graphic file (type pdf)
 <use justaline.pdf> [19 <./justaline.pdf>] (./talk.aux) ) 
Here is how much of TeX's memory you used:
 1299 strings out of 50453
 17985 string characters out of 688420
 58914 words of memory out of 1500001
 4308 multiletter control sequences out of 10000+25000
 16685 words of font info for 62 fonts, out of 400000 for 1000
 14 hyphenation exceptions out of 10000
 25i,10n,24p,233b,287s stack positions out of 3000i,500n,3000p,50000b,5000s
</usr/share/texmf/fon
ts/type1/bluesky/cm/cmr7.pfb></usr/share/texmf/fonts/type1/bluesky/cm/cmmi10.pf
b></usr/share/texmf/fonts/type1/bluesky/cm/cmss10.pfb></usr/share/texmf/fonts/t
ype1/bluesky/cm/cmmi7.pfb></usr/share/texmf/fonts/type1/bluesky/cm/cmr10.pfb></
usr/share/texmf/fonts/type1/bluesky/cm/cmsy7.pfb></usr/share/texmf/fonts/type1/
bluesky/cm/cmbsy10.pfb></usr/share/texmf/fonts/type1/bluesky/symbols/msam10.pfb
></usr/share/texmf/fonts/type1/bluesky/cm/cmsy10.pfb></usr/share/texmf/fonts/ty
pe1/bluesky/cm/cmex10.pfb></usr/share/texmf/fonts/type1/bluesky/cm/cmr12.pfb></
usr/share/texmf/fonts/type1/bluesky/cm/cmmi12.pfb></usr/share/texmf/fonts/type1
/bluesky/cm/cmr17.pfb></usr/share/texmf/fonts/type1/bluesky/cm/cmmib10.pfb></us
r/share/texmf/fonts/type1/bluesky/cm/cmbx12.pfb></usr/share/texmf/fonts/type1/b
luesky/cm/cmss17.pfb>
Output written on talk.pdf (19 pages, 310862 bytes).
