  121339 is BEFORE
  121340 is BEFORE
  121343 is BEFORE
  121344 is BEFORE
  121346 is BEFORE
  121347 is BEFORE
  121348 is BEFORE
  121349 is BEFORE
  121361 is BEFORE
  121362 is BEFORE
  121365 is BEFORE
  121369 is BEFORE
  121370 is BEFORE
  121373 is BEFORE
  121374 is BEFORE
  121375 is BEFORE
  121378 is BEFORE
  121379 is BEFORE
  121381 is BEFORE
  121382 is BEFORE
  121384 is BEFORE
  121385 is BEFORE
  121387 is BEFORE
  121390 is BEFORE
  121391 is BEFORE
  121394 is BEFORE
  121395 is BEFORE
  121396 is BEFORE
  121397 is BEFORE
  121398 is BEFORE
  121399 is BEFORE
  121400 is BEFORE
  121401 is BEFORE
  121402 is BEFORE
  121406 is BEFORE
  121407 is BEFORE
  121408 is BEFORE
  121409 is BEFORE
  121414 is BEFORE
  121416 is BEFORE
  121418 is BEFORE
  121419 is BEFORE
  121420 is BEFORE
  121421 is BEFORE
  121422 is BEFORE
  121424 is BEFORE
  121425 is BEFORE
  121426 is BEFORE
  121427 is BEFORE
  121428 is BEFORE
  121429 is BEFORE
  121430 is BEFORE
  121432 is BEFORE
  121433 is BEFORE
  121434 is BEFORE
  121435 is BEFORE
  121436 is BEFORE
  121437 is BEFORE
  121441 is BEFORE
  121442 is BEFORE
  121446 is BEFORE
  121448 is BEFORE
  121449 is BEFORE
  121454 is BEFORE
  121456 is BEFORE
  121458 is BEFORE
  121459 is BEFORE
  121474 is BEFORE
  121476 is BEFORE
  121477 is BEFORE
  121479 is BEFORE
  121480 is BEFORE
  121519 is BEFORE
  121523 is BEFORE
  121525 is BEFORE
  121526 is BEFORE
  121527 is BEFORE
  121528 is BEFORE
  121529 is BEFORE
  121530 is BEFORE
  121531 is BEFORE
  121534 is BEFORE
  121535 is BEFORE
  121536 is BEFORE
  121539 is BEFORE
  121540 is BEFORE
  121542 is BEFORE
  121543 is BEFORE
  121544 is BEFORE
  121545 is BEFORE
  121547 is BEFORE
  121548 is BEFORE
  121549 is BEFORE
  121550 is BEFORE
  121551 is BEFORE
  121552 is BEFORE
  121553 is BEFORE
  121554 is BEFORE
  121555 is BEFORE
  121556 is BEFORE
  121557 is BEFORE
  121558 is BEFORE
  121559 is BEFORE
  121560 is BEFORE
  121561 is BEFORE
  121563 is BEFORE
  121565 is BEFORE
  121567 is BEFORE
  121568 is BEFORE
  121569 is BEFORE
  121574 is BEFORE
  121576 is BEFORE
  121579 is BEFORE
  121580 is BEFORE
  121581 is BEFORE
  121582 is BEFORE
  121585 is BEFORE
  121588 is BEFORE
  121590 is BEFORE
  121592 is BEFORE
  121593 is BEFORE
  121595 is BEFORE
  121608 is BEFORE
  121609 is BEFORE
  121623 is BEFORE
  121624 is BEFORE
  121626 is BEFORE
  121628 is BEFORE
  121631 is BEFORE
  121633 is BEFORE
  121636 is BEFORE
  121637 is BEFORE
  121638 is BEFORE
  121639 is BEFORE
  121640 is BEFORE
  121641 is BEFORE
  121649 is BEFORE
  121650 is BEFORE
  121651 is BEFORE
  121652 is BEFORE
  121653 is BEFORE
  121656 is BEFORE
  121678 is BEFORE
  121681 is BEFORE
  121683 is BEFORE
  121684 is BEFORE
  121687 is BEFORE
  121688 is BEFORE
  121689 is BEFORE
  121694 is BEFORE
  121698 is BEFORE
  121704 is BEFORE
  121705 is BEFORE
  121706 is BEFORE
  121707 is BEFORE
  121708 is BEFORE
  121710 is BEFORE
  121711 is BEFORE
  121713 is BEFORE
  121714 is BEFORE
  121715 is BEFORE
  121716 is BEFORE
  121718 is BEFORE
  121721 is BEFORE
  121722 is BEFORE
  121723 is BEFORE
  121724 is BEFORE
  121725 is BEFORE
  121727 is BEFORE
  121728 is BEFORE
  121729 is BEFORE
  121732 is BEFORE
  121734 is BEFORE
  121748 is BEFORE
  121750 is BEFORE
  121751 is BEFORE
  121752 is BEFORE
  121753 is BEFORE
  121754 is BEFORE
  121756 is BEFORE
  121758 is BEFORE
  121760 is BEFORE
  121764 is BEFORE
  121765 is BEFORE
  121766 is BEFORE
  121767 is BEFORE
  121768 is BEFORE
  121769 is BEFORE
  121771 is BEFORE
  121772 is BEFORE
  121774 is BEFORE
  121778 is BEFORE
  121779 is BEFORE
  121780 is BEFORE
  121781 is BEFORE
  121783 is BEFORE
  121784 is BEFORE
  121785 is BEFORE
  121787 is BEFORE
  121788 is BEFORE
  121789 is BEFORE
  121790 is BEFORE
  121792 is BEFORE
  121794 is BEFORE
  121795 is BEFORE
  121799 is BEFORE
  121800 is BEFORE
  121801 is BEFORE
  121802 is BEFORE
  121803 is BEFORE
  121804 is BEFORE
  121808 is BEFORE
  121811 is BEFORE
  121812 is BEFORE
  121813 is BEFORE
  121814 is BEFORE
  121815 is BEFORE
  121816 is BEFORE
  121817 is BEFORE
  121819 is BEFORE
  121820 is BEFORE
  121822 is BEFORE
  121823 is BEFORE
  121824 is BEFORE
  121826 is BEFORE
  121827 is BEFORE
  121841 is BEFORE
  121842 is BEFORE
  121843 is BEFORE
  121844 is BEFORE
  121846 is BEFORE
  121847 is BEFORE
  121868 is BEFORE
  121869 is BEFORE
  121870 is BEFORE
  121872 is BEFORE
  121873 is BEFORE
  121874 is BEFORE
  121875 is BEFORE
  121876 is BEFORE
  121877 is BEFORE
  121884 is BEFORE
  121885 is BEFORE
S 121887 is BEFORE
S 121889 is BEFORE
S 121890 is BEFORE
S 121892 is BEFORE
S 121897 is BEFORE
S 121898 is BEFORE
  121899 is BEFORE
  121901 is BEFORE
  121902 is BEFORE
  121903 is BEFORE
  121904 is BEFORE
  121905 is BEFORE
  121906 is BEFORE
  121911 is BEFORE
  121912 is BEFORE
  121914 is BEFORE
  121915 is BEFORE
P 121916 is BEFORE
P 121917 is BEFORE
P 121918 is BEFORE
P 121920 is BEFORE
P 121924 is BEFORE
P 121925 is BEFORE
  121926 is BEFORE
P 121927 is BEFORE
P 121928 is BEFORE
P 121929 is BEFORE
P 121930 is BEFORE
P 121932 is BEFORE
P 121933 is BEFORE
P 121936 is BEFORE
P 121939 is BEFORE
P 121940 is BEFORE
P 121943 is BEFORE
P 121944 is BEFORE
P 121946 is BEFORE
P 121948 is BEFORE
P 121949 is BEFORE
P 121950 is BEFORE
P 121951 is BEFORE
P 121952 is BEFORE
P 121953 is BEFORE
  121954 is BEFORE
P 121962 is BEFORE
P 121963 is BEFORE
P 121965 is BEFORE
P 121966 is BEFORE
  121967 is BEFORE
P 121968 is BEFORE
P 121969 is BEFORE
P 121970 is BEFORE
P 121972 is BEFORE
P 121973 is BEFORE
P 121974 is BEFORE
  121975 is BEFORE
  121976 is BEFORE
  121985 is BEFORE
  121986 is BEFORE
  121987 is BEFORE
  121989 is BEFORE
  121992 is BEFORE
  121994 is BEFORE
  121995 is BEFORE
  121996 is BEFORE
  121997 is BEFORE
  121999 is BEFORE
  122001 is BEFORE
  122003 is BEFORE
  122006 is BEFORE
  122007 is BEFORE
S 122064 is BEFORE
S 122066 is BEFORE
S 122069 is BEFORE
S 122070 is BEFORE
S 122071 is BEFORE
S 122072 is BEFORE
S 122073 is BEFORE
S 122074 is BEFORE
S 122076 is BEFORE
S 122077 is BEFORE
P 122079 is BEFORE
  122080 is BEFORE
  122081 is BEFORE
  122083 is BEFORE
  122085 is BEFORE
  122089 is BEFORE
  122091 is BEFORE
P 122092 is BEFORE
P 122093 is BEFORE
P 122094 is BEFORE
P 122097 is BEFORE
P 122098 is BEFORE
P 122099 is BEFORE
P 122101 is BEFORE
P 122102 is BEFORE
P 122105 is BEFORE
P 122108 is BEFORE
P 122109 is BEFORE
  122111 is BEFORE
  122112 is BEFORE
  122114 is BEFORE
  122116 is BEFORE
P 122117 is BEFORE
  122118 is BEFORE
P 122123 is BEFORE
P 122124 is BEFORE
P 122125 is BEFORE
P 122126 is BEFORE
P 122127 is BEFORE
P 122129 is BEFORE
P 122132 is BEFORE
P 122133 is BEFORE
P 122134 is BEFORE
P 122136 is BEFORE
P 122137 is BEFORE
P 122138 is BEFORE
P 122139 is BEFORE
P 122141 is BEFORE
P 122142 is BEFORE
P 122143 is BEFORE
P 122146 is BEFORE
P 122147 is BEFORE
  122148 is BEFORE
  122152 is BEFORE
  122153 is BEFORE
  122154 is BEFORE
  122156 is BEFORE
  122158 is BEFORE
  122159 is BEFORE
  122160 is BEFORE
  122164 is BEFORE
  122166 is BEFORE
  122167 is BEFORE
  122168 is BEFORE
  122169 is BEFORE
  122170 is BEFORE
  122172 is BEFORE
  122173 is BEFORE
  122174 is BEFORE
  122176 is BEFORE
  122178 is BEFORE
  123705( 33906327)    -1.11( 33905555):i:c 
  123771( 36117670)    -1.45( 36116666):i:c 
  123796( 37532906)    -1.39( 37531944):i:c 
  123828( 38580662)    -1.15( 38579861):i:c 
  123832( 38767013)    -1.50( 38765972):i:c 
S 124281( 57970804)   -40.96( 57942361):c:c    15.04( 57981250):c:c 
  124301( 58524614)    -1.44( 58523611):i:c 
  124312( 58768221)    -1.24( 58767361):i:c 
  124747( 76808523)    -1.27( 76807638):i:c 
  124767( 77162413)    -0.88( 77161805):i:c 
  124785( 77550418)  -516.60( 77191666):i:c   191.40( 77683333):c:c 
  124925( 83858576)    -1.35( 83857638):i:c 
  124927( 83940224)    -0.92( 83939583):i:c 
  124930( 83981166)    -0.88( 83980555):i:c 
  124932( 84013229)    -1.05( 84012500):i:c 
  124934( 84078639)    -1.24( 84077777):i:c 
  124935( 84255171)    -1.45( 84254166):i:c 
  124936( 84272923)    -1.01( 84272222):i:c 
  125015( 87577568)    -0.70( 87577083):c:c 
  125094( 90973694)    -1.12( 90972916):i:c 
  125095( 91003971)    -1.72( 91002777):i:c 
  125097( 91124925)    -1.89( 91123611):i:c 
  125098( 91246696)    -1.24( 91245833):i:c 
P 125335(100920663)    -1.76(100919444):i:c 
  126956(167987163)    -1.51(167986111):i:c 
  126957(168004108)    -0.92(168003472):i:c 
  126958(168037632)    -1.19(168036805):i:c 
  126992(168901656)    -1.39(168900694):c:i 
  126994(168947878)    -0.94(168947222):c:i 
  126995(168967271)    -0.87(168966666):c:i 
  126998(169068634)    -0.83(169068055):c:i 
  126999(169099955)    -0.94(169099305):c:i 
  127001(169195150)    -1.02(169194444):c:i 
  127002(169211906)    -1.14(169211111):c:i 
  127004(169256635)    -1.56(169255555):c:i 
  127017(169714232)    -1.49(169713194):c:i 
  127023(169815688)    -1.59(169814583):c:i 
  127025(169872774)    -0.79(169872222):c:i 
  127026(169942874)    -1.74(169941666):c:i 
  127028(170017262)    -0.86(170016666):c:i 
  127029(170071842)    -1.45(170070833):c:i 
  127031(170118842)    -1.13(170118055):c:i 
  127032(170171458)    -0.90(170170833):c:i 
  127033(170200133)    -1.19(170199305):c:i 
  127034(170221993)    -1.67(170220833):c:i 
  127061(171845121)    -0.97(171844444):c:i 
  127062(171902915)    -1.20(171902083):c:i 
  127064(171960616)    -1.29(171959722):c:i 
  127065(172022161)    -0.91(172021527):c:i 
  127066(172078638)    -1.24(172077777):c:i 
  127067(172136288)    -1.26(172135416):c:i 
  127068(172192985)    -0.90(172192361):c:i 
  127070(172249716)    -1.59(172248611):c:i 
  127071(172315192)    -0.88(172314583):c:i 
  127072(172365489)    -1.30(172364583):c:i 
  127073(172432776)    -1.20(172431944):c:i 
  127525(187546772)    -1.35(187545833):c:i 
  127527(187574925)    -0.89(187574305):c:i 
  127539(188114908)    -1.47(188113888):c:i 
  127540(188155812)    -1.37(188154861):c:i 
  127542(188190377)    -1.14(188189583):c:i 
S 127601(191194752)    -1.44(191193750):c:i 
S 127602(191246459)    -0.90(191245833):c:i 
S 127606(191378621)    -1.22(191377777):c:i 
S 127611(191514647)    -1.09(191513888):c:i 
S 127613(191651374)    -0.98(191650694):c:i 
  127619(191801178)    -1.70(191800000):c:i 
  127620(191843598)    -0.78(191843055):c:i 
  127729(195716930)    -1.38(195715972):i:c 
  127731(195910107)    -1.56(195909027):i:c 
  127735(195948590)    -0.97(195947916):i:c 
  127737(195978940)    -1.67(195977777):i:c 
  127739(196130318)    -1.66(196129166):i:c 
  127740(196155425)    -0.81(196154861):i:c 
  127902(202807410)    -1.67(202806250):i:c 
  127904(202855551)    -0.99(202854861):i:c 
  127905(202908567)    -1.34(202907638):i:c 
  128068(209891320)    -1.50(209890277):i:c 
  128069(209924722)    -1.60(209923611):i:c 
  128264(217012576)    -1.11(217011805):c:i 
  128266(217124482)    -1.25(217123611):c:i 
  128285(217824471)    -1.24(217823611):c:i 
  128288(217896856)    -1.47(217895833):c:i 
  128291(218039633)    -1.07(218038888):c:i 
  128294(218140327)    -1.07(218139583):c:i 
  128295(218194419)    -0.96(218193750):c:i 
