qsub -l nodlt -N feb20_1.559 y1s/feb20-02/scanyint_0.01559.run
your job 50046 has been submitted
qsub -l nodlt -N feb20_1.5712 y1s/feb20-02/scanyint_0.015712.run
your job 50047 has been submitted
qsub -l nodlt -N feb20_1.5834 y1s/feb20-02/scanyint_0.015834.run
your job 50048 has been submitted
qsub -l nodlt -N feb20_1.5956 y1s/feb20-02/scanyint_0.015956.run
your job 50049 has been submitted
qsub -l nodlt -N feb20_1.6078 y1s/feb20-02/scanyint_0.016078.run
your job 50050 has been submitted
qsub -l nodlt -N feb20_1.62 y1s/feb20-02/scanyint_0.0162.run
your job 50051 has been submitted
qsub -l nodlt -N feb20_1.6322 y1s/feb20-02/scanyint_0.016322.run
your job 50052 has been submitted
qsub -l nodlt -N feb20_1.6444 y1s/feb20-02/scanyint_0.016444.run
your job 50053 has been submitted
qsub -l nodlt -N feb20_1.6566 y1s/feb20-02/scanyint_0.016566.run
your job 50054 has been submitted
qsub -l nodlt -N feb20_1.6688 y1s/feb20-02/scanyint_0.016688.run
your job 50055 has been submitted
qsub -l nodlt -N feb20_1.681 y1s/feb20-02/scanyint_0.01681.run
your job 50056 has been submitted
qsub -l nodlt -N feb20_1.6932 y1s/feb20-02/scanyint_0.016932.run
your job 50057 has been submitted
qsub -l nodlt -N feb20_1.7054 y1s/feb20-02/scanyint_0.017054.run
your job 50058 has been submitted
qsub -l nodlt -N feb20_1.7176 y1s/feb20-02/scanyint_0.017176.run
your job 50059 has been submitted
qsub -l nodlt -N feb20_1.7298 y1s/feb20-02/scanyint_0.017298.run
your job 50060 has been submitted
qsub -l nodlt -N feb20_1.742 y1s/feb20-02/scanyint_0.01742.run
your job 50061 has been submitted
qsub -l nodlt -N feb20_1.7542 y1s/feb20-02/scanyint_0.017542.run
your job 50062 has been submitted
qsub -l nodlt -N feb20_1.7664 y1s/feb20-02/scanyint_0.017664.run
your job 50063 has been submitted
qsub -l nodlt -N feb20_1.7786 y1s/feb20-02/scanyint_0.017786.run
your job 50064 has been submitted
qsub -l nodlt -N feb20_1.7908 y1s/feb20-02/scanyint_0.017908.run
your job 50065 has been submitted
qsub -l nodlt -N feb20_1.803 y1s/feb20-02/scanyint_0.01803.run
your job 50066 has been submitted
qsub -l nodlt -N feb20_1.8152 y1s/feb20-02/scanyint_0.018152.run
your job 50067 has been submitted
qsub -l nodlt -N feb20_1.8274 y1s/feb20-02/scanyint_0.018274.run
your job 50068 has been submitted
qsub -l nodlt -N feb20_1.8396 y1s/feb20-02/scanyint_0.018396.run
your job 50069 has been submitted
qsub -l nodlt -N feb20_1.8518 y1s/feb20-02/scanyint_0.018518.run
your job 50070 has been submitted
qsub -l nodlt -N feb20_1.864 y1s/feb20-02/scanyint_0.01864.run
your job 50071 has been submitted
qsub -l nodlt -N feb20_1.8762 y1s/feb20-02/scanyint_0.018762.run
your job 50072 has been submitted
qsub -l nodlt -N feb20_1.8884 y1s/feb20-02/scanyint_0.018884.run
your job 50073 has been submitted
qsub -l nodlt -N feb20_1.9006 y1s/feb20-02/scanyint_0.019006.run
your job 50074 has been submitted
qsub -l nodlt -N feb20_1.9128 y1s/feb20-02/scanyint_0.019128.run
your job 50075 has been submitted
qsub -l nodlt -N feb20_1.925 y1s/feb20-02/scanyint_0.01925.run
your job 50076 has been submitted
qsub -l nodlt -N feb20_1.9372 y1s/feb20-02/scanyint_0.019372.run
your job 50077 has been submitted
qsub -l nodlt -N feb20_1.9494 y1s/feb20-02/scanyint_0.019494.run
your job 50078 has been submitted
qsub -l nodlt -N feb20_1.9616 y1s/feb20-02/scanyint_0.019616.run
your job 50079 has been submitted
qsub -l nodlt -N feb20_1.9738 y1s/feb20-02/scanyint_0.019738.run
your job 50080 has been submitted
qsub -l nodlt -N feb20_1.986 y1s/feb20-02/scanyint_0.01986.run
your job 50081 has been submitted
qsub -l nodlt -N feb20_1.9982 y1s/feb20-02/scanyint_0.019982.run
your job 50082 has been submitted
qsub -l nodlt -N feb20_2.0104 y1s/feb20-02/scanyint_0.020104.run
your job 50083 has been submitted
qsub -l nodlt -N feb20_2.0226 y1s/feb20-02/scanyint_0.020226.run
your job 50084 has been submitted
qsub -l nodlt -N feb20_2.0348 y1s/feb20-02/scanyint_0.020348.run
your job 50085 has been submitted
qsub -l nodlt -N feb20_2.047 y1s/feb20-02/scanyint_0.02047.run
your job 50086 has been submitted
qsub -l nodlt -N feb20_2.0592 y1s/feb20-02/scanyint_0.020592.run
your job 50087 has been submitted
qsub -l nodlt -N feb20_2.0714 y1s/feb20-02/scanyint_0.020714.run
your job 50088 has been submitted
qsub -l nodlt -N feb20_2.0836 y1s/feb20-02/scanyint_0.020836.run
your job 50089 has been submitted
qsub -l nodlt -N feb20_2.0958 y1s/feb20-02/scanyint_0.020958.run
your job 50090 has been submitted
qsub -l nodlt -N feb20_2.108 y1s/feb20-02/scanyint_0.02108.run
your job 50091 has been submitted
qsub -l nodlt -N feb20_2.1202 y1s/feb20-02/scanyint_0.021202.run
your job 50092 has been submitted
qsub -l nodlt -N feb20_2.1324 y1s/feb20-02/scanyint_0.021324.run
your job 50093 has been submitted
qsub -l nodlt -N feb20_2.1446 y1s/feb20-02/scanyint_0.021446.run
your job 50094 has been submitted
qsub -l nodlt -N feb20_2.1568 y1s/feb20-02/scanyint_0.021568.run
your job 50095 has been submitted
qsub -l nodlt -N may28_1.492 y2s/may28-02/scanyint_0.01492.run
your job 50096 has been submitted
qsub -l nodlt -N may28_1.507 y2s/may28-02/scanyint_0.01507.run
your job 50097 has been submitted
qsub -l nodlt -N may28_1.522 y2s/may28-02/scanyint_0.01522.run
your job 50098 has been submitted
qsub -l nodlt -N may28_1.537 y2s/may28-02/scanyint_0.01537.run
your job 50099 has been submitted
qsub -l nodlt -N may28_1.552 y2s/may28-02/scanyint_0.01552.run
your job 50100 has been submitted
qsub -l nodlt -N may28_1.567 y2s/may28-02/scanyint_0.01567.run
your job 50101 has been submitted
qsub -l nodlt -N may28_1.582 y2s/may28-02/scanyint_0.01582.run
your job 50102 has been submitted
qsub -l nodlt -N may28_1.597 y2s/may28-02/scanyint_0.01597.run
your job 50103 has been submitted
qsub -l nodlt -N may28_1.612 y2s/may28-02/scanyint_0.01612.run
your job 50104 has been submitted
qsub -l nodlt -N may28_1.627 y2s/may28-02/scanyint_0.01627.run
your job 50105 has been submitted
qsub -l nodlt -N may28_1.642 y2s/may28-02/scanyint_0.01642.run
your job 50106 has been submitted
qsub -l nodlt -N may28_1.657 y2s/may28-02/scanyint_0.01657.run
your job 50107 has been submitted
qsub -l nodlt -N may28_1.672 y2s/may28-02/scanyint_0.01672.run
your job 50108 has been submitted
qsub -l nodlt -N may28_1.687 y2s/may28-02/scanyint_0.01687.run
your job 50109 has been submitted
qsub -l nodlt -N may28_1.702 y2s/may28-02/scanyint_0.01702.run
your job 50110 has been submitted
qsub -l nodlt -N may28_1.717 y2s/may28-02/scanyint_0.01717.run
your job 50111 has been submitted
qsub -l nodlt -N may28_1.732 y2s/may28-02/scanyint_0.01732.run
your job 50112 has been submitted
qsub -l nodlt -N may28_1.747 y2s/may28-02/scanyint_0.01747.run
your job 50113 has been submitted
qsub -l nodlt -N may28_1.762 y2s/may28-02/scanyint_0.01762.run
your job 50114 has been submitted
qsub -l nodlt -N may28_1.777 y2s/may28-02/scanyint_0.01777.run
your job 50115 has been submitted
qsub -l nodlt -N may28_1.792 y2s/may28-02/scanyint_0.01792.run
your job 50116 has been submitted
qsub -l nodlt -N may28_1.807 y2s/may28-02/scanyint_0.01807.run
your job 50117 has been submitted
qsub -l nodlt -N may28_1.822 y2s/may28-02/scanyint_0.01822.run
your job 50118 has been submitted
qsub -l nodlt -N may28_1.837 y2s/may28-02/scanyint_0.01837.run
your job 50119 has been submitted
qsub -l nodlt -N may28_1.852 y2s/may28-02/scanyint_0.01852.run
your job 50120 has been submitted
qsub -l nodlt -N may28_1.867 y2s/may28-02/scanyint_0.01867.run
your job 50121 has been submitted
qsub -l nodlt -N may28_1.882 y2s/may28-02/scanyint_0.01882.run
your job 50122 has been submitted
qsub -l nodlt -N may28_1.897 y2s/may28-02/scanyint_0.01897.run
your job 50123 has been submitted
qsub -l nodlt -N may28_1.912 y2s/may28-02/scanyint_0.01912.run
your job 50124 has been submitted
qsub -l nodlt -N may28_1.927 y2s/may28-02/scanyint_0.01927.run
your job 50125 has been submitted
qsub -l nodlt -N may28_1.942 y2s/may28-02/scanyint_0.01942.run
your job 50126 has been submitted
qsub -l nodlt -N may28_1.957 y2s/may28-02/scanyint_0.01957.run
your job 50127 has been submitted
qsub -l nodlt -N may28_1.972 y2s/may28-02/scanyint_0.01972.run
your job 50128 has been submitted
qsub -l nodlt -N may28_1.987 y2s/may28-02/scanyint_0.01987.run
your job 50129 has been submitted
qsub -l nodlt -N may28_2.002 y2s/may28-02/scanyint_0.02002.run
your job 50130 has been submitted
qsub -l nodlt -N may28_2.017 y2s/may28-02/scanyint_0.02017.run
your job 50131 has been submitted
qsub -l nodlt -N may28_2.032 y2s/may28-02/scanyint_0.02032.run
your job 50132 has been submitted
qsub -l nodlt -N may28_2.047 y2s/may28-02/scanyint_0.02047.run
your job 50133 has been submitted
qsub -l nodlt -N may28_2.062 y2s/may28-02/scanyint_0.02062.run
your job 50134 has been submitted
qsub -l nodlt -N may28_2.077 y2s/may28-02/scanyint_0.02077.run
your job 50135 has been submitted
qsub -l nodlt -N dec25_1.523 y3s/dec25-01/scanyint_0.01523.run
your job 50136 has been submitted
qsub -l nodlt -N dec25_1.538 y3s/dec25-01/scanyint_0.01538.run
your job 50137 has been submitted
qsub -l nodlt -N dec25_1.553 y3s/dec25-01/scanyint_0.01553.run
your job 50138 has been submitted
qsub -l nodlt -N dec25_1.568 y3s/dec25-01/scanyint_0.01568.run
your job 50139 has been submitted
qsub -l nodlt -N dec25_1.583 y3s/dec25-01/scanyint_0.01583.run
your job 50140 has been submitted
qsub -l nodlt -N dec25_1.598 y3s/dec25-01/scanyint_0.01598.run
your job 50141 has been submitted
qsub -l nodlt -N dec25_1.613 y3s/dec25-01/scanyint_0.01613.run
your job 50142 has been submitted
qsub -l nodlt -N dec25_1.628 y3s/dec25-01/scanyint_0.01628.run
your job 50143 has been submitted
qsub -l nodlt -N dec25_1.643 y3s/dec25-01/scanyint_0.01643.run
your job 50144 has been submitted
qsub -l nodlt -N dec25_1.658 y3s/dec25-01/scanyint_0.01658.run
your job 50145 has been submitted
qsub -l nodlt -N dec25_1.673 y3s/dec25-01/scanyint_0.01673.run
your job 50146 has been submitted
qsub -l nodlt -N dec25_1.688 y3s/dec25-01/scanyint_0.01688.run
your job 50147 has been submitted
qsub -l nodlt -N dec25_1.703 y3s/dec25-01/scanyint_0.01703.run
your job 50148 has been submitted
qsub -l nodlt -N dec25_1.718 y3s/dec25-01/scanyint_0.01718.run
your job 50149 has been submitted
qsub -l nodlt -N dec25_1.733 y3s/dec25-01/scanyint_0.01733.run
your job 50150 has been submitted
qsub -l nodlt -N dec25_1.748 y3s/dec25-01/scanyint_0.01748.run
your job 50151 has been submitted
qsub -l nodlt -N dec25_1.763 y3s/dec25-01/scanyint_0.01763.run
your job 50152 has been submitted
qsub -l nodlt -N dec25_1.778 y3s/dec25-01/scanyint_0.01778.run
your job 50153 has been submitted
qsub -l nodlt -N dec25_1.793 y3s/dec25-01/scanyint_0.01793.run
your job 50154 has been submitted
qsub -l nodlt -N dec25_1.808 y3s/dec25-01/scanyint_0.01808.run
your job 50155 has been submitted
qsub -l nodlt -N dec25_1.823 y3s/dec25-01/scanyint_0.01823.run
your job 50156 has been submitted
qsub -l nodlt -N dec25_1.838 y3s/dec25-01/scanyint_0.01838.run
your job 50157 has been submitted
qsub -l nodlt -N dec25_1.853 y3s/dec25-01/scanyint_0.01853.run
your job 50158 has been submitted
qsub -l nodlt -N dec25_1.868 y3s/dec25-01/scanyint_0.01868.run
your job 50159 has been submitted
qsub -l nodlt -N dec25_1.883 y3s/dec25-01/scanyint_0.01883.run
your job 50160 has been submitted
qsub -l nodlt -N dec25_1.898 y3s/dec25-01/scanyint_0.01898.run
your job 50161 has been submitted
qsub -l nodlt -N dec25_1.913 y3s/dec25-01/scanyint_0.01913.run
your job 50162 has been submitted
qsub -l nodlt -N dec25_1.928 y3s/dec25-01/scanyint_0.01928.run
your job 50163 has been submitted
qsub -l nodlt -N dec25_1.943 y3s/dec25-01/scanyint_0.01943.run
your job 50164 has been submitted
qsub -l nodlt -N dec25_1.958 y3s/dec25-01/scanyint_0.01958.run
your job 50165 has been submitted
qsub -l nodlt -N dec25_1.973 y3s/dec25-01/scanyint_0.01973.run
your job 50166 has been submitted
qsub -l nodlt -N dec25_1.988 y3s/dec25-01/scanyint_0.01988.run
your job 50167 has been submitted
qsub -l nodlt -N dec25_2.003 y3s/dec25-01/scanyint_0.02003.run
your job 50168 has been submitted
qsub -l nodlt -N dec25_2.018 y3s/dec25-01/scanyint_0.02018.run
your job 50169 has been submitted
qsub -l nodlt -N dec25_2.033 y3s/dec25-01/scanyint_0.02033.run
your job 50170 has been submitted
qsub -l nodlt -N dec25_2.048 y3s/dec25-01/scanyint_0.02048.run
your job 50171 has been submitted
qsub -l nodlt -N dec25_2.063 y3s/dec25-01/scanyint_0.02063.run
your job 50172 has been submitted
qsub -l nodlt -N dec25_2.078 y3s/dec25-01/scanyint_0.02078.run
your job 50173 has been submitted
qsub -l nodlt -N dec25_2.093 y3s/dec25-01/scanyint_0.02093.run
your job 50174 has been submitted
qsub -l nodlt -N dec25_2.108 y3s/dec25-01/scanyint_0.02108.run
your job 50175 has been submitted
qsub -l nodlt -N feb06_1.559 y1s/feb06-02/scanyint_0.01559.run
your job 50176 has been submitted
qsub -l nodlt -N feb06_1.5712 y1s/feb06-02/scanyint_0.015712.run
your job 50177 has been submitted
qsub -l nodlt -N feb06_1.5834 y1s/feb06-02/scanyint_0.015834.run
your job 50178 has been submitted
qsub -l nodlt -N feb06_1.5956 y1s/feb06-02/scanyint_0.015956.run
your job 50179 has been submitted
qsub -l nodlt -N feb06_1.6078 y1s/feb06-02/scanyint_0.016078.run
your job 50180 has been submitted
qsub -l nodlt -N feb06_1.62 y1s/feb06-02/scanyint_0.0162.run
your job 50181 has been submitted
qsub -l nodlt -N feb06_1.6322 y1s/feb06-02/scanyint_0.016322.run
your job 50182 has been submitted
qsub -l nodlt -N feb06_1.6444 y1s/feb06-02/scanyint_0.016444.run
your job 50183 has been submitted
qsub -l nodlt -N feb06_1.6566 y1s/feb06-02/scanyint_0.016566.run
your job 50184 has been submitted
qsub -l nodlt -N feb06_1.6688 y1s/feb06-02/scanyint_0.016688.run
your job 50185 has been submitted
qsub -l nodlt -N feb06_1.681 y1s/feb06-02/scanyint_0.01681.run
your job 50186 has been submitted
qsub -l nodlt -N feb06_1.6932 y1s/feb06-02/scanyint_0.016932.run
your job 50187 has been submitted
qsub -l nodlt -N feb06_1.7054 y1s/feb06-02/scanyint_0.017054.run
your job 50188 has been submitted
qsub -l nodlt -N feb06_1.7176 y1s/feb06-02/scanyint_0.017176.run
your job 50189 has been submitted
qsub -l nodlt -N feb06_1.7298 y1s/feb06-02/scanyint_0.017298.run
your job 50190 has been submitted
qsub -l nodlt -N feb06_1.742 y1s/feb06-02/scanyint_0.01742.run
your job 50191 has been submitted
qsub -l nodlt -N feb06_1.7542 y1s/feb06-02/scanyint_0.017542.run
your job 50192 has been submitted
qsub -l nodlt -N feb06_1.7664 y1s/feb06-02/scanyint_0.017664.run
your job 50193 has been submitted
qsub -l nodlt -N feb06_1.7786 y1s/feb06-02/scanyint_0.017786.run
your job 50194 has been submitted
qsub -l nodlt -N feb06_1.7908 y1s/feb06-02/scanyint_0.017908.run
your job 50195 has been submitted
qsub -l nodlt -N feb06_1.803 y1s/feb06-02/scanyint_0.01803.run
your job 50196 has been submitted
qsub -l nodlt -N feb06_1.8152 y1s/feb06-02/scanyint_0.018152.run
your job 50197 has been submitted
qsub -l nodlt -N feb06_1.8274 y1s/feb06-02/scanyint_0.018274.run
your job 50198 has been submitted
qsub -l nodlt -N feb06_1.8396 y1s/feb06-02/scanyint_0.018396.run
your job 50199 has been submitted
qsub -l nodlt -N feb06_1.8518 y1s/feb06-02/scanyint_0.018518.run
your job 50200 has been submitted
qsub -l nodlt -N feb06_1.864 y1s/feb06-02/scanyint_0.01864.run
your job 50201 has been submitted
qsub -l nodlt -N feb06_1.8762 y1s/feb06-02/scanyint_0.018762.run
your job 50202 has been submitted
qsub -l nodlt -N feb06_1.8884 y1s/feb06-02/scanyint_0.018884.run
your job 50203 has been submitted
qsub -l nodlt -N feb06_1.9006 y1s/feb06-02/scanyint_0.019006.run
your job 50204 has been submitted
qsub -l nodlt -N feb06_1.9128 y1s/feb06-02/scanyint_0.019128.run
your job 50205 has been submitted
qsub -l nodlt -N feb06_1.925 y1s/feb06-02/scanyint_0.01925.run
your job 50206 has been submitted
qsub -l nodlt -N feb06_1.9372 y1s/feb06-02/scanyint_0.019372.run
your job 50207 has been submitted
qsub -l nodlt -N feb06_1.9494 y1s/feb06-02/scanyint_0.019494.run
your job 50208 has been submitted
qsub -l nodlt -N feb06_1.9616 y1s/feb06-02/scanyint_0.019616.run
your job 50209 has been submitted
qsub -l nodlt -N feb06_1.9738 y1s/feb06-02/scanyint_0.019738.run
your job 50210 has been submitted
qsub -l nodlt -N feb06_1.986 y1s/feb06-02/scanyint_0.01986.run
your job 50211 has been submitted
qsub -l nodlt -N feb06_1.9982 y1s/feb06-02/scanyint_0.019982.run
your job 50212 has been submitted
qsub -l nodlt -N feb06_2.0104 y1s/feb06-02/scanyint_0.020104.run
your job 50213 has been submitted
qsub -l nodlt -N feb06_2.0226 y1s/feb06-02/scanyint_0.020226.run
your job 50214 has been submitted
qsub -l nodlt -N feb06_2.0348 y1s/feb06-02/scanyint_0.020348.run
your job 50215 has been submitted
qsub -l nodlt -N feb06_2.047 y1s/feb06-02/scanyint_0.02047.run
your job 50216 has been submitted
qsub -l nodlt -N feb06_2.0592 y1s/feb06-02/scanyint_0.020592.run
your job 50217 has been submitted
qsub -l nodlt -N feb06_2.0714 y1s/feb06-02/scanyint_0.020714.run
your job 50218 has been submitted
qsub -l nodlt -N feb06_2.0836 y1s/feb06-02/scanyint_0.020836.run
your job 50219 has been submitted
qsub -l nodlt -N feb06_2.0958 y1s/feb06-02/scanyint_0.020958.run
your job 50220 has been submitted
qsub -l nodlt -N feb06_2.108 y1s/feb06-02/scanyint_0.02108.run
your job 50221 has been submitted
qsub -l nodlt -N feb06_2.1202 y1s/feb06-02/scanyint_0.021202.run
your job 50222 has been submitted
qsub -l nodlt -N feb06_2.1324 y1s/feb06-02/scanyint_0.021324.run
your job 50223 has been submitted
qsub -l nodlt -N feb06_2.1446 y1s/feb06-02/scanyint_0.021446.run
your job 50224 has been submitted
qsub -l nodlt -N feb06_2.1568 y1s/feb06-02/scanyint_0.021568.run
your job 50225 has been submitted
qsub -l nodlt -N jun11_1.492 y2s/jun11-02/scanyint_0.01492.run
your job 50226 has been submitted
qsub -l nodlt -N jun11_1.507 y2s/jun11-02/scanyint_0.01507.run
your job 50227 has been submitted
qsub -l nodlt -N jun11_1.522 y2s/jun11-02/scanyint_0.01522.run
your job 50228 has been submitted
qsub -l nodlt -N jun11_1.537 y2s/jun11-02/scanyint_0.01537.run
your job 50229 has been submitted
qsub -l nodlt -N jun11_1.552 y2s/jun11-02/scanyint_0.01552.run
your job 50230 has been submitted
qsub -l nodlt -N jun11_1.567 y2s/jun11-02/scanyint_0.01567.run
your job 50231 has been submitted
qsub -l nodlt -N jun11_1.582 y2s/jun11-02/scanyint_0.01582.run
your job 50232 has been submitted
qsub -l nodlt -N jun11_1.597 y2s/jun11-02/scanyint_0.01597.run
your job 50233 has been submitted
qsub -l nodlt -N jun11_1.612 y2s/jun11-02/scanyint_0.01612.run
your job 50234 has been submitted
qsub -l nodlt -N jun11_1.627 y2s/jun11-02/scanyint_0.01627.run
your job 50235 has been submitted
qsub -l nodlt -N jun11_1.642 y2s/jun11-02/scanyint_0.01642.run
your job 50236 has been submitted
qsub -l nodlt -N jun11_1.657 y2s/jun11-02/scanyint_0.01657.run
your job 50237 has been submitted
qsub -l nodlt -N jun11_1.672 y2s/jun11-02/scanyint_0.01672.run
your job 50238 has been submitted
qsub -l nodlt -N jun11_1.687 y2s/jun11-02/scanyint_0.01687.run
your job 50239 has been submitted
qsub -l nodlt -N jun11_1.702 y2s/jun11-02/scanyint_0.01702.run
your job 50240 has been submitted
qsub -l nodlt -N jun11_1.717 y2s/jun11-02/scanyint_0.01717.run
your job 50241 has been submitted
qsub -l nodlt -N jun11_1.732 y2s/jun11-02/scanyint_0.01732.run
your job 50242 has been submitted
qsub -l nodlt -N jun11_1.747 y2s/jun11-02/scanyint_0.01747.run
your job 50243 has been submitted
qsub -l nodlt -N jun11_1.762 y2s/jun11-02/scanyint_0.01762.run
your job 50244 has been submitted
qsub -l nodlt -N jun11_1.777 y2s/jun11-02/scanyint_0.01777.run
your job 50245 has been submitted
qsub -l nodlt -N jun11_1.792 y2s/jun11-02/scanyint_0.01792.run
your job 50246 has been submitted
qsub -l nodlt -N jun11_1.807 y2s/jun11-02/scanyint_0.01807.run
your job 50247 has been submitted
qsub -l nodlt -N jun11_1.822 y2s/jun11-02/scanyint_0.01822.run
your job 50248 has been submitted
qsub -l nodlt -N jun11_1.837 y2s/jun11-02/scanyint_0.01837.run
your job 50249 has been submitted
qsub -l nodlt -N jun11_1.852 y2s/jun11-02/scanyint_0.01852.run
your job 50250 has been submitted
qsub -l nodlt -N jun11_1.867 y2s/jun11-02/scanyint_0.01867.run
your job 50251 has been submitted
qsub -l nodlt -N jun11_1.882 y2s/jun11-02/scanyint_0.01882.run
your job 50252 has been submitted
qsub -l nodlt -N jun11_1.897 y2s/jun11-02/scanyint_0.01897.run
your job 50253 has been submitted
qsub -l nodlt -N jun11_1.912 y2s/jun11-02/scanyint_0.01912.run
your job 50254 has been submitted
qsub -l nodlt -N jun11_1.927 y2s/jun11-02/scanyint_0.01927.run
your job 50255 has been submitted
qsub -l nodlt -N jun11_1.942 y2s/jun11-02/scanyint_0.01942.run
your job 50256 has been submitted
qsub -l nodlt -N jun11_1.957 y2s/jun11-02/scanyint_0.01957.run
your job 50257 has been submitted
qsub -l nodlt -N jun11_1.972 y2s/jun11-02/scanyint_0.01972.run
your job 50258 has been submitted
qsub -l nodlt -N jun11_1.987 y2s/jun11-02/scanyint_0.01987.run
your job 50259 has been submitted
qsub -l nodlt -N jun11_2.002 y2s/jun11-02/scanyint_0.02002.run
your job 50260 has been submitted
qsub -l nodlt -N jun11_2.017 y2s/jun11-02/scanyint_0.02017.run
your job 50261 has been submitted
qsub -l nodlt -N jun11_2.032 y2s/jun11-02/scanyint_0.02032.run
your job 50262 has been submitted
qsub -l nodlt -N jun11_2.047 y2s/jun11-02/scanyint_0.02047.run
your job 50263 has been submitted
qsub -l nodlt -N jun11_2.062 y2s/jun11-02/scanyint_0.02062.run
your job 50264 has been submitted
qsub -l nodlt -N jun11_2.077 y2s/jun11-02/scanyint_0.02077.run
your job 50265 has been submitted
qsub -l nodlt -N dec06_1.523 y3s/dec06-01/scanyint_0.01523.run
your job 50266 has been submitted
qsub -l nodlt -N dec06_1.538 y3s/dec06-01/scanyint_0.01538.run
your job 50267 has been submitted
qsub -l nodlt -N dec06_1.553 y3s/dec06-01/scanyint_0.01553.run
your job 50268 has been submitted
qsub -l nodlt -N dec06_1.568 y3s/dec06-01/scanyint_0.01568.run
your job 50269 has been submitted
qsub -l nodlt -N dec06_1.583 y3s/dec06-01/scanyint_0.01583.run
your job 50270 has been submitted
qsub -l nodlt -N dec06_1.598 y3s/dec06-01/scanyint_0.01598.run
your job 50271 has been submitted
qsub -l nodlt -N dec06_1.613 y3s/dec06-01/scanyint_0.01613.run
your job 50272 has been submitted
qsub -l nodlt -N dec06_1.628 y3s/dec06-01/scanyint_0.01628.run
your job 50273 has been submitted
qsub -l nodlt -N dec06_1.643 y3s/dec06-01/scanyint_0.01643.run
your job 50274 has been submitted
qsub -l nodlt -N dec06_1.658 y3s/dec06-01/scanyint_0.01658.run
your job 50275 has been submitted
qsub -l nodlt -N dec06_1.673 y3s/dec06-01/scanyint_0.01673.run
your job 50276 has been submitted
qsub -l nodlt -N dec06_1.688 y3s/dec06-01/scanyint_0.01688.run
your job 50277 has been submitted
qsub -l nodlt -N dec06_1.703 y3s/dec06-01/scanyint_0.01703.run
your job 50278 has been submitted
qsub -l nodlt -N dec06_1.718 y3s/dec06-01/scanyint_0.01718.run
your job 50279 has been submitted
qsub -l nodlt -N dec06_1.733 y3s/dec06-01/scanyint_0.01733.run
your job 50280 has been submitted
qsub -l nodlt -N dec06_1.748 y3s/dec06-01/scanyint_0.01748.run
your job 50281 has been submitted
qsub -l nodlt -N dec06_1.763 y3s/dec06-01/scanyint_0.01763.run
your job 50282 has been submitted
qsub -l nodlt -N dec06_1.778 y3s/dec06-01/scanyint_0.01778.run
your job 50283 has been submitted
qsub -l nodlt -N dec06_1.793 y3s/dec06-01/scanyint_0.01793.run
your job 50284 has been submitted
qsub -l nodlt -N dec06_1.808 y3s/dec06-01/scanyint_0.01808.run
your job 50285 has been submitted
qsub -l nodlt -N dec06_1.823 y3s/dec06-01/scanyint_0.01823.run
your job 50286 has been submitted
qsub -l nodlt -N dec06_1.838 y3s/dec06-01/scanyint_0.01838.run
your job 50287 has been submitted
qsub -l nodlt -N dec06_1.853 y3s/dec06-01/scanyint_0.01853.run
your job 50288 has been submitted
qsub -l nodlt -N dec06_1.868 y3s/dec06-01/scanyint_0.01868.run
your job 50289 has been submitted
qsub -l nodlt -N dec06_1.883 y3s/dec06-01/scanyint_0.01883.run
your job 50290 has been submitted
qsub -l nodlt -N dec06_1.898 y3s/dec06-01/scanyint_0.01898.run
your job 50291 has been submitted
qsub -l nodlt -N dec06_1.913 y3s/dec06-01/scanyint_0.01913.run
your job 50292 has been submitted
qsub -l nodlt -N dec06_1.928 y3s/dec06-01/scanyint_0.01928.run
your job 50293 has been submitted
qsub -l nodlt -N dec06_1.943 y3s/dec06-01/scanyint_0.01943.run
your job 50294 has been submitted
qsub -l nodlt -N dec06_1.958 y3s/dec06-01/scanyint_0.01958.run
your job 50295 has been submitted
qsub -l nodlt -N dec06_1.973 y3s/dec06-01/scanyint_0.01973.run
your job 50296 has been submitted
qsub -l nodlt -N dec06_1.988 y3s/dec06-01/scanyint_0.01988.run
your job 50297 has been submitted
qsub -l nodlt -N dec06_2.003 y3s/dec06-01/scanyint_0.02003.run
your job 50298 has been submitted
qsub -l nodlt -N dec06_2.018 y3s/dec06-01/scanyint_0.02018.run
your job 50299 has been submitted
qsub -l nodlt -N dec06_2.033 y3s/dec06-01/scanyint_0.02033.run
your job 50300 has been submitted
qsub -l nodlt -N dec06_2.048 y3s/dec06-01/scanyint_0.02048.run
your job 50301 has been submitted
qsub -l nodlt -N dec06_2.063 y3s/dec06-01/scanyint_0.02063.run
your job 50302 has been submitted
qsub -l nodlt -N dec06_2.078 y3s/dec06-01/scanyint_0.02078.run
your job 50303 has been submitted
qsub -l nodlt -N dec06_2.093 y3s/dec06-01/scanyint_0.02093.run
your job 50304 has been submitted
qsub -l nodlt -N dec06_2.108 y3s/dec06-01/scanyint_0.02108.run
your job 50305 has been submitted
qsub -l nodlt -N feb28_1.559 y1s/feb28-02/scanyint_0.01559.run
your job 50306 has been submitted
qsub -l nodlt -N feb28_1.5712 y1s/feb28-02/scanyint_0.015712.run
your job 50307 has been submitted
qsub -l nodlt -N feb28_1.5834 y1s/feb28-02/scanyint_0.015834.run
your job 50308 has been submitted
qsub -l nodlt -N feb28_1.5956 y1s/feb28-02/scanyint_0.015956.run
your job 50309 has been submitted
qsub -l nodlt -N feb28_1.6078 y1s/feb28-02/scanyint_0.016078.run
your job 50310 has been submitted
qsub -l nodlt -N feb28_1.62 y1s/feb28-02/scanyint_0.0162.run
your job 50311 has been submitted
qsub -l nodlt -N feb28_1.6322 y1s/feb28-02/scanyint_0.016322.run
your job 50312 has been submitted
qsub -l nodlt -N feb28_1.6444 y1s/feb28-02/scanyint_0.016444.run
your job 50313 has been submitted
qsub -l nodlt -N feb28_1.6566 y1s/feb28-02/scanyint_0.016566.run
your job 50314 has been submitted
qsub -l nodlt -N feb28_1.6688 y1s/feb28-02/scanyint_0.016688.run
your job 50315 has been submitted
qsub -l nodlt -N feb28_1.681 y1s/feb28-02/scanyint_0.01681.run
your job 50316 has been submitted
qsub -l nodlt -N feb28_1.6932 y1s/feb28-02/scanyint_0.016932.run
your job 50317 has been submitted
qsub -l nodlt -N feb28_1.7054 y1s/feb28-02/scanyint_0.017054.run
your job 50318 has been submitted
qsub -l nodlt -N feb28_1.7176 y1s/feb28-02/scanyint_0.017176.run
your job 50319 has been submitted
qsub -l nodlt -N feb28_1.7298 y1s/feb28-02/scanyint_0.017298.run
your job 50320 has been submitted
qsub -l nodlt -N feb28_1.742 y1s/feb28-02/scanyint_0.01742.run
your job 50321 has been submitted
qsub -l nodlt -N feb28_1.7542 y1s/feb28-02/scanyint_0.017542.run
your job 50322 has been submitted
qsub -l nodlt -N feb28_1.7664 y1s/feb28-02/scanyint_0.017664.run
your job 50323 has been submitted
qsub -l nodlt -N feb28_1.7786 y1s/feb28-02/scanyint_0.017786.run
your job 50324 has been submitted
qsub -l nodlt -N feb28_1.7908 y1s/feb28-02/scanyint_0.017908.run
your job 50325 has been submitted
qsub -l nodlt -N feb28_1.803 y1s/feb28-02/scanyint_0.01803.run
your job 50326 has been submitted
qsub -l nodlt -N feb28_1.8152 y1s/feb28-02/scanyint_0.018152.run
your job 50327 has been submitted
qsub -l nodlt -N feb28_1.8274 y1s/feb28-02/scanyint_0.018274.run
your job 50328 has been submitted
qsub -l nodlt -N feb28_1.8396 y1s/feb28-02/scanyint_0.018396.run
your job 50329 has been submitted
qsub -l nodlt -N feb28_1.8518 y1s/feb28-02/scanyint_0.018518.run
your job 50330 has been submitted
qsub -l nodlt -N feb28_1.864 y1s/feb28-02/scanyint_0.01864.run
your job 50331 has been submitted
qsub -l nodlt -N feb28_1.8762 y1s/feb28-02/scanyint_0.018762.run
your job 50332 has been submitted
qsub -l nodlt -N feb28_1.8884 y1s/feb28-02/scanyint_0.018884.run
your job 50333 has been submitted
qsub -l nodlt -N feb28_1.9006 y1s/feb28-02/scanyint_0.019006.run
your job 50334 has been submitted
qsub -l nodlt -N feb28_1.9128 y1s/feb28-02/scanyint_0.019128.run
your job 50335 has been submitted
qsub -l nodlt -N feb28_1.925 y1s/feb28-02/scanyint_0.01925.run
your job 50336 has been submitted
qsub -l nodlt -N feb28_1.9372 y1s/feb28-02/scanyint_0.019372.run
your job 50337 has been submitted
qsub -l nodlt -N feb28_1.9494 y1s/feb28-02/scanyint_0.019494.run
your job 50338 has been submitted
qsub -l nodlt -N feb28_1.9616 y1s/feb28-02/scanyint_0.019616.run
your job 50339 has been submitted
qsub -l nodlt -N feb28_1.9738 y1s/feb28-02/scanyint_0.019738.run
your job 50340 has been submitted
qsub -l nodlt -N feb28_1.986 y1s/feb28-02/scanyint_0.01986.run
your job 50341 has been submitted
qsub -l nodlt -N feb28_1.9982 y1s/feb28-02/scanyint_0.019982.run
your job 50342 has been submitted
qsub -l nodlt -N feb28_2.0104 y1s/feb28-02/scanyint_0.020104.run
your job 50343 has been submitted
qsub -l nodlt -N feb28_2.0226 y1s/feb28-02/scanyint_0.020226.run
your job 50344 has been submitted
qsub -l nodlt -N feb28_2.0348 y1s/feb28-02/scanyint_0.020348.run
your job 50345 has been submitted
qsub -l nodlt -N feb28_2.047 y1s/feb28-02/scanyint_0.02047.run
your job 50346 has been submitted
qsub -l nodlt -N feb28_2.0592 y1s/feb28-02/scanyint_0.020592.run
your job 50347 has been submitted
qsub -l nodlt -N feb28_2.0714 y1s/feb28-02/scanyint_0.020714.run
your job 50348 has been submitted
qsub -l nodlt -N feb28_2.0836 y1s/feb28-02/scanyint_0.020836.run
your job 50349 has been submitted
qsub -l nodlt -N feb28_2.0958 y1s/feb28-02/scanyint_0.020958.run
your job 50350 has been submitted
qsub -l nodlt -N feb28_2.108 y1s/feb28-02/scanyint_0.02108.run
your job 50351 has been submitted
qsub -l nodlt -N feb28_2.1202 y1s/feb28-02/scanyint_0.021202.run
your job 50352 has been submitted
qsub -l nodlt -N feb28_2.1324 y1s/feb28-02/scanyint_0.021324.run
your job 50353 has been submitted
qsub -l nodlt -N feb28_2.1446 y1s/feb28-02/scanyint_0.021446.run
your job 50354 has been submitted
qsub -l nodlt -N feb28_2.1568 y1s/feb28-02/scanyint_0.021568.run
your job 50355 has been submitted
qsub -l nodlt -N dec13_1.523 y3s/dec13-01/scanyint_0.01523.run
your job 50356 has been submitted
qsub -l nodlt -N dec13_1.538 y3s/dec13-01/scanyint_0.01538.run
your job 50357 has been submitted
qsub -l nodlt -N dec13_1.553 y3s/dec13-01/scanyint_0.01553.run
your job 50358 has been submitted
qsub -l nodlt -N dec13_1.568 y3s/dec13-01/scanyint_0.01568.run
your job 50359 has been submitted
qsub -l nodlt -N dec13_1.583 y3s/dec13-01/scanyint_0.01583.run
your job 50360 has been submitted
qsub -l nodlt -N dec13_1.598 y3s/dec13-01/scanyint_0.01598.run
your job 50361 has been submitted
qsub -l nodlt -N dec13_1.613 y3s/dec13-01/scanyint_0.01613.run
your job 50362 has been submitted
qsub -l nodlt -N dec13_1.628 y3s/dec13-01/scanyint_0.01628.run
your job 50363 has been submitted
qsub -l nodlt -N dec13_1.643 y3s/dec13-01/scanyint_0.01643.run
your job 50364 has been submitted
qsub -l nodlt -N dec13_1.658 y3s/dec13-01/scanyint_0.01658.run
your job 50365 has been submitted
qsub -l nodlt -N dec13_1.673 y3s/dec13-01/scanyint_0.01673.run
your job 50366 has been submitted
qsub -l nodlt -N dec13_1.688 y3s/dec13-01/scanyint_0.01688.run
your job 50367 has been submitted
qsub -l nodlt -N dec13_1.703 y3s/dec13-01/scanyint_0.01703.run
your job 50368 has been submitted
qsub -l nodlt -N dec13_1.718 y3s/dec13-01/scanyint_0.01718.run
your job 50369 has been submitted
qsub -l nodlt -N dec13_1.733 y3s/dec13-01/scanyint_0.01733.run
your job 50370 has been submitted
qsub -l nodlt -N dec13_1.748 y3s/dec13-01/scanyint_0.01748.run
your job 50371 has been submitted
qsub -l nodlt -N dec13_1.763 y3s/dec13-01/scanyint_0.01763.run
your job 50372 has been submitted
qsub -l nodlt -N dec13_1.778 y3s/dec13-01/scanyint_0.01778.run
your job 50373 has been submitted
qsub -l nodlt -N dec13_1.793 y3s/dec13-01/scanyint_0.01793.run
your job 50374 has been submitted
qsub -l nodlt -N dec13_1.808 y3s/dec13-01/scanyint_0.01808.run
your job 50375 has been submitted
qsub -l nodlt -N dec13_1.823 y3s/dec13-01/scanyint_0.01823.run
your job 50376 has been submitted
qsub -l nodlt -N dec13_1.838 y3s/dec13-01/scanyint_0.01838.run
your job 50377 has been submitted
qsub -l nodlt -N dec13_1.853 y3s/dec13-01/scanyint_0.01853.run
your job 50378 has been submitted
qsub -l nodlt -N dec13_1.868 y3s/dec13-01/scanyint_0.01868.run
your job 50379 has been submitted
qsub -l nodlt -N dec13_1.883 y3s/dec13-01/scanyint_0.01883.run
your job 50380 has been submitted
qsub -l nodlt -N dec13_1.898 y3s/dec13-01/scanyint_0.01898.run
your job 50381 has been submitted
qsub -l nodlt -N dec13_1.913 y3s/dec13-01/scanyint_0.01913.run
your job 50382 has been submitted
qsub -l nodlt -N dec13_1.928 y3s/dec13-01/scanyint_0.01928.run
your job 50383 has been submitted
qsub -l nodlt -N dec13_1.943 y3s/dec13-01/scanyint_0.01943.run
your job 50384 has been submitted
qsub -l nodlt -N dec13_1.958 y3s/dec13-01/scanyint_0.01958.run
your job 50385 has been submitted
qsub -l nodlt -N dec13_1.973 y3s/dec13-01/scanyint_0.01973.run
your job 50386 has been submitted
qsub -l nodlt -N dec13_1.988 y3s/dec13-01/scanyint_0.01988.run
your job 50387 has been submitted
qsub -l nodlt -N dec13_2.003 y3s/dec13-01/scanyint_0.02003.run
your job 50388 has been submitted
qsub -l nodlt -N dec13_2.018 y3s/dec13-01/scanyint_0.02018.run
your job 50389 has been submitted
qsub -l nodlt -N dec13_2.033 y3s/dec13-01/scanyint_0.02033.run
your job 50390 has been submitted
qsub -l nodlt -N dec13_2.048 y3s/dec13-01/scanyint_0.02048.run
your job 50391 has been submitted
qsub -l nodlt -N dec13_2.063 y3s/dec13-01/scanyint_0.02063.run
your job 50392 has been submitted
qsub -l nodlt -N dec13_2.078 y3s/dec13-01/scanyint_0.02078.run
your job 50393 has been submitted
qsub -l nodlt -N dec13_2.093 y3s/dec13-01/scanyint_0.02093.run
your job 50394 has been submitted
qsub -l nodlt -N dec13_2.108 y3s/dec13-01/scanyint_0.02108.run
your job 50395 has been submitted
qsub -l nodlt -N jan16_1.559 y1s/jan16-02/scanyint_0.01559.run
your job 50396 has been submitted
qsub -l nodlt -N jan16_1.5712 y1s/jan16-02/scanyint_0.015712.run
your job 50397 has been submitted
qsub -l nodlt -N jan16_1.5834 y1s/jan16-02/scanyint_0.015834.run
your job 50398 has been submitted
qsub -l nodlt -N jan16_1.5956 y1s/jan16-02/scanyint_0.015956.run
your job 50399 has been submitted
qsub -l nodlt -N jan16_1.6078 y1s/jan16-02/scanyint_0.016078.run
your job 50400 has been submitted
qsub -l nodlt -N jan16_1.62 y1s/jan16-02/scanyint_0.0162.run
your job 50401 has been submitted
qsub -l nodlt -N jan16_1.6322 y1s/jan16-02/scanyint_0.016322.run
your job 50402 has been submitted
qsub -l nodlt -N jan16_1.6444 y1s/jan16-02/scanyint_0.016444.run
your job 50403 has been submitted
qsub -l nodlt -N jan16_1.6566 y1s/jan16-02/scanyint_0.016566.run
your job 50404 has been submitted
qsub -l nodlt -N jan16_1.6688 y1s/jan16-02/scanyint_0.016688.run
your job 50405 has been submitted
qsub -l nodlt -N jan16_1.681 y1s/jan16-02/scanyint_0.01681.run
your job 50406 has been submitted
qsub -l nodlt -N jan16_1.6932 y1s/jan16-02/scanyint_0.016932.run
your job 50407 has been submitted
qsub -l nodlt -N jan16_1.7054 y1s/jan16-02/scanyint_0.017054.run
your job 50408 has been submitted
qsub -l nodlt -N jan16_1.7176 y1s/jan16-02/scanyint_0.017176.run
your job 50409 has been submitted
qsub -l nodlt -N jan16_1.7298 y1s/jan16-02/scanyint_0.017298.run
your job 50410 has been submitted
qsub -l nodlt -N jan16_1.742 y1s/jan16-02/scanyint_0.01742.run
your job 50411 has been submitted
qsub -l nodlt -N jan16_1.7542 y1s/jan16-02/scanyint_0.017542.run
your job 50412 has been submitted
qsub -l nodlt -N jan16_1.7664 y1s/jan16-02/scanyint_0.017664.run
your job 50413 has been submitted
qsub -l nodlt -N jan16_1.7786 y1s/jan16-02/scanyint_0.017786.run
your job 50414 has been submitted
qsub -l nodlt -N jan16_1.7908 y1s/jan16-02/scanyint_0.017908.run
your job 50415 has been submitted
qsub -l nodlt -N jan16_1.803 y1s/jan16-02/scanyint_0.01803.run
your job 50416 has been submitted
qsub -l nodlt -N jan16_1.8152 y1s/jan16-02/scanyint_0.018152.run
your job 50417 has been submitted
qsub -l nodlt -N jan16_1.8274 y1s/jan16-02/scanyint_0.018274.run
your job 50418 has been submitted
qsub -l nodlt -N jan16_1.8396 y1s/jan16-02/scanyint_0.018396.run
your job 50419 has been submitted
qsub -l nodlt -N jan16_1.8518 y1s/jan16-02/scanyint_0.018518.run
your job 50420 has been submitted
qsub -l nodlt -N jan16_1.864 y1s/jan16-02/scanyint_0.01864.run
your job 50421 has been submitted
qsub -l nodlt -N jan16_1.8762 y1s/jan16-02/scanyint_0.018762.run
your job 50422 has been submitted
qsub -l nodlt -N jan16_1.8884 y1s/jan16-02/scanyint_0.018884.run
your job 50423 has been submitted
qsub -l nodlt -N jan16_1.9006 y1s/jan16-02/scanyint_0.019006.run
your job 50424 has been submitted
qsub -l nodlt -N jan16_1.9128 y1s/jan16-02/scanyint_0.019128.run
your job 50425 has been submitted
qsub -l nodlt -N jan16_1.925 y1s/jan16-02/scanyint_0.01925.run
your job 50426 has been submitted
qsub -l nodlt -N jan16_1.9372 y1s/jan16-02/scanyint_0.019372.run
your job 50427 has been submitted
qsub -l nodlt -N jan16_1.9494 y1s/jan16-02/scanyint_0.019494.run
your job 50428 has been submitted
qsub -l nodlt -N jan16_1.9616 y1s/jan16-02/scanyint_0.019616.run
your job 50429 has been submitted
qsub -l nodlt -N jan16_1.9738 y1s/jan16-02/scanyint_0.019738.run
your job 50430 has been submitted
qsub -l nodlt -N jan16_1.986 y1s/jan16-02/scanyint_0.01986.run
your job 50431 has been submitted
qsub -l nodlt -N jan16_1.9982 y1s/jan16-02/scanyint_0.019982.run
your job 50432 has been submitted
qsub -l nodlt -N jan16_2.0104 y1s/jan16-02/scanyint_0.020104.run
your job 50433 has been submitted
qsub -l nodlt -N jan16_2.0226 y1s/jan16-02/scanyint_0.020226.run
your job 50434 has been submitted
qsub -l nodlt -N jan16_2.0348 y1s/jan16-02/scanyint_0.020348.run
your job 50435 has been submitted
qsub -l nodlt -N jan16_2.047 y1s/jan16-02/scanyint_0.02047.run
your job 50436 has been submitted
qsub -l nodlt -N jan16_2.0592 y1s/jan16-02/scanyint_0.020592.run
your job 50437 has been submitted
qsub -l nodlt -N jan16_2.0714 y1s/jan16-02/scanyint_0.020714.run
your job 50438 has been submitted
qsub -l nodlt -N jan16_2.0836 y1s/jan16-02/scanyint_0.020836.run
your job 50439 has been submitted
qsub -l nodlt -N jan16_2.0958 y1s/jan16-02/scanyint_0.020958.run
your job 50440 has been submitted
qsub -l nodlt -N jan16_2.108 y1s/jan16-02/scanyint_0.02108.run
your job 50441 has been submitted
qsub -l nodlt -N jan16_2.1202 y1s/jan16-02/scanyint_0.021202.run
your job 50442 has been submitted
qsub -l nodlt -N jan16_2.1324 y1s/jan16-02/scanyint_0.021324.run
your job 50443 has been submitted
qsub -l nodlt -N jan16_2.1446 y1s/jan16-02/scanyint_0.021446.run
your job 50444 has been submitted
qsub -l nodlt -N jan16_2.1568 y1s/jan16-02/scanyint_0.021568.run
your job 50445 has been submitted
qsub -l nodlt -N dec20_1.523 y3s/dec20-01/scanyint_0.01523.run
your job 50446 has been submitted
qsub -l nodlt -N dec20_1.538 y3s/dec20-01/scanyint_0.01538.run
your job 50447 has been submitted
qsub -l nodlt -N dec20_1.553 y3s/dec20-01/scanyint_0.01553.run
your job 50448 has been submitted
qsub -l nodlt -N dec20_1.568 y3s/dec20-01/scanyint_0.01568.run
your job 50449 has been submitted
qsub -l nodlt -N dec20_1.583 y3s/dec20-01/scanyint_0.01583.run
your job 50450 has been submitted
qsub -l nodlt -N dec20_1.598 y3s/dec20-01/scanyint_0.01598.run
your job 50451 has been submitted
qsub -l nodlt -N dec20_1.613 y3s/dec20-01/scanyint_0.01613.run
your job 50452 has been submitted
qsub -l nodlt -N dec20_1.628 y3s/dec20-01/scanyint_0.01628.run
your job 50453 has been submitted
qsub -l nodlt -N dec20_1.643 y3s/dec20-01/scanyint_0.01643.run
your job 50454 has been submitted
qsub -l nodlt -N dec20_1.658 y3s/dec20-01/scanyint_0.01658.run
your job 50455 has been submitted
qsub -l nodlt -N dec20_1.673 y3s/dec20-01/scanyint_0.01673.run
your job 50456 has been submitted
qsub -l nodlt -N dec20_1.688 y3s/dec20-01/scanyint_0.01688.run
your job 50457 has been submitted
qsub -l nodlt -N dec20_1.703 y3s/dec20-01/scanyint_0.01703.run
your job 50458 has been submitted
qsub -l nodlt -N dec20_1.718 y3s/dec20-01/scanyint_0.01718.run
your job 50459 has been submitted
qsub -l nodlt -N dec20_1.733 y3s/dec20-01/scanyint_0.01733.run
your job 50460 has been submitted
qsub -l nodlt -N dec20_1.748 y3s/dec20-01/scanyint_0.01748.run
your job 50461 has been submitted
qsub -l nodlt -N dec20_1.763 y3s/dec20-01/scanyint_0.01763.run
your job 50462 has been submitted
qsub -l nodlt -N dec20_1.778 y3s/dec20-01/scanyint_0.01778.run
your job 50463 has been submitted
qsub -l nodlt -N dec20_1.793 y3s/dec20-01/scanyint_0.01793.run
your job 50464 has been submitted
qsub -l nodlt -N dec20_1.808 y3s/dec20-01/scanyint_0.01808.run
your job 50465 has been submitted
qsub -l nodlt -N dec20_1.823 y3s/dec20-01/scanyint_0.01823.run
your job 50466 has been submitted
qsub -l nodlt -N dec20_1.838 y3s/dec20-01/scanyint_0.01838.run
your job 50467 has been submitted
qsub -l nodlt -N dec20_1.853 y3s/dec20-01/scanyint_0.01853.run
your job 50468 has been submitted
qsub -l nodlt -N dec20_1.868 y3s/dec20-01/scanyint_0.01868.run
your job 50469 has been submitted
qsub -l nodlt -N dec20_1.883 y3s/dec20-01/scanyint_0.01883.run
your job 50470 has been submitted
qsub -l nodlt -N dec20_1.898 y3s/dec20-01/scanyint_0.01898.run
your job 50471 has been submitted
qsub -l nodlt -N dec20_1.913 y3s/dec20-01/scanyint_0.01913.run
your job 50472 has been submitted
qsub -l nodlt -N dec20_1.928 y3s/dec20-01/scanyint_0.01928.run
your job 50473 has been submitted
qsub -l nodlt -N dec20_1.943 y3s/dec20-01/scanyint_0.01943.run
your job 50474 has been submitted
qsub -l nodlt -N dec20_1.958 y3s/dec20-01/scanyint_0.01958.run
your job 50475 has been submitted
qsub -l nodlt -N dec20_1.973 y3s/dec20-01/scanyint_0.01973.run
your job 50476 has been submitted
qsub -l nodlt -N dec20_1.988 y3s/dec20-01/scanyint_0.01988.run
your job 50477 has been submitted
qsub -l nodlt -N dec20_2.003 y3s/dec20-01/scanyint_0.02003.run
your job 50478 has been submitted
qsub -l nodlt -N dec20_2.018 y3s/dec20-01/scanyint_0.02018.run
your job 50479 has been submitted
qsub -l nodlt -N dec20_2.033 y3s/dec20-01/scanyint_0.02033.run
your job 50480 has been submitted
qsub -l nodlt -N dec20_2.048 y3s/dec20-01/scanyint_0.02048.run
your job 50481 has been submitted
qsub -l nodlt -N dec20_2.063 y3s/dec20-01/scanyint_0.02063.run
your job 50482 has been submitted
qsub -l nodlt -N dec20_2.078 y3s/dec20-01/scanyint_0.02078.run
your job 50483 has been submitted
qsub -l nodlt -N dec20_2.093 y3s/dec20-01/scanyint_0.02093.run
your job 50484 has been submitted
qsub -l nodlt -N dec20_2.108 y3s/dec20-01/scanyint_0.02108.run
your job 50485 has been submitted
qsub -l nodlt -N jan30_1.559 y1s/jan30-02/scanyint_0.01559.run
your job 50486 has been submitted
qsub -l nodlt -N jan30_1.5712 y1s/jan30-02/scanyint_0.015712.run
your job 50487 has been submitted
qsub -l nodlt -N jan30_1.5834 y1s/jan30-02/scanyint_0.015834.run
your job 50488 has been submitted
qsub -l nodlt -N jan30_1.5956 y1s/jan30-02/scanyint_0.015956.run
your job 50489 has been submitted
qsub -l nodlt -N jan30_1.6078 y1s/jan30-02/scanyint_0.016078.run
your job 50490 has been submitted
qsub -l nodlt -N jan30_1.62 y1s/jan30-02/scanyint_0.0162.run
your job 50491 has been submitted
qsub -l nodlt -N jan30_1.6322 y1s/jan30-02/scanyint_0.016322.run
your job 50492 has been submitted
qsub -l nodlt -N jan30_1.6444 y1s/jan30-02/scanyint_0.016444.run
your job 50493 has been submitted
qsub -l nodlt -N jan30_1.6566 y1s/jan30-02/scanyint_0.016566.run
your job 50494 has been submitted
qsub -l nodlt -N jan30_1.6688 y1s/jan30-02/scanyint_0.016688.run
your job 50495 has been submitted
qsub -l nodlt -N jan30_1.681 y1s/jan30-02/scanyint_0.01681.run
your job 50496 has been submitted
qsub -l nodlt -N jan30_1.6932 y1s/jan30-02/scanyint_0.016932.run
your job 50497 has been submitted
qsub -l nodlt -N jan30_1.7054 y1s/jan30-02/scanyint_0.017054.run
your job 50498 has been submitted
qsub -l nodlt -N jan30_1.7176 y1s/jan30-02/scanyint_0.017176.run
your job 50499 has been submitted
qsub -l nodlt -N jan30_1.7298 y1s/jan30-02/scanyint_0.017298.run
your job 50500 has been submitted
qsub -l nodlt -N jan30_1.742 y1s/jan30-02/scanyint_0.01742.run
your job 50501 has been submitted
qsub -l nodlt -N jan30_1.7542 y1s/jan30-02/scanyint_0.017542.run
your job 50502 has been submitted
qsub -l nodlt -N jan30_1.7664 y1s/jan30-02/scanyint_0.017664.run
your job 50503 has been submitted
qsub -l nodlt -N jan30_1.7786 y1s/jan30-02/scanyint_0.017786.run
your job 50504 has been submitted
qsub -l nodlt -N jan30_1.7908 y1s/jan30-02/scanyint_0.017908.run
your job 50505 has been submitted
qsub -l nodlt -N jan30_1.803 y1s/jan30-02/scanyint_0.01803.run
your job 50506 has been submitted
qsub -l nodlt -N jan30_1.8152 y1s/jan30-02/scanyint_0.018152.run
your job 50507 has been submitted
qsub -l nodlt -N jan30_1.8274 y1s/jan30-02/scanyint_0.018274.run
your job 50508 has been submitted
qsub -l nodlt -N jan30_1.8396 y1s/jan30-02/scanyint_0.018396.run
your job 50509 has been submitted
qsub -l nodlt -N jan30_1.8518 y1s/jan30-02/scanyint_0.018518.run
your job 50510 has been submitted
qsub -l nodlt -N jan30_1.864 y1s/jan30-02/scanyint_0.01864.run
your job 50511 has been submitted
qsub -l nodlt -N jan30_1.8762 y1s/jan30-02/scanyint_0.018762.run
your job 50512 has been submitted
qsub -l nodlt -N jan30_1.8884 y1s/jan30-02/scanyint_0.018884.run
your job 50513 has been submitted
qsub -l nodlt -N jan30_1.9006 y1s/jan30-02/scanyint_0.019006.run
your job 50514 has been submitted
qsub -l nodlt -N jan30_1.9128 y1s/jan30-02/scanyint_0.019128.run
your job 50515 has been submitted
qsub -l nodlt -N jan30_1.925 y1s/jan30-02/scanyint_0.01925.run
your job 50516 has been submitted
qsub -l nodlt -N jan30_1.9372 y1s/jan30-02/scanyint_0.019372.run
your job 50517 has been submitted
qsub -l nodlt -N jan30_1.9494 y1s/jan30-02/scanyint_0.019494.run
your job 50518 has been submitted
qsub -l nodlt -N jan30_1.9616 y1s/jan30-02/scanyint_0.019616.run
your job 50519 has been submitted
qsub -l nodlt -N jan30_1.9738 y1s/jan30-02/scanyint_0.019738.run
your job 50520 has been submitted
qsub -l nodlt -N jan30_1.986 y1s/jan30-02/scanyint_0.01986.run
your job 50521 has been submitted
qsub -l nodlt -N jan30_1.9982 y1s/jan30-02/scanyint_0.019982.run
your job 50522 has been submitted
qsub -l nodlt -N jan30_2.0104 y1s/jan30-02/scanyint_0.020104.run
your job 50523 has been submitted
qsub -l nodlt -N jan30_2.0226 y1s/jan30-02/scanyint_0.020226.run
your job 50524 has been submitted
qsub -l nodlt -N jan30_2.0348 y1s/jan30-02/scanyint_0.020348.run
your job 50525 has been submitted
qsub -l nodlt -N jan30_2.047 y1s/jan30-02/scanyint_0.02047.run
your job 50526 has been submitted
qsub -l nodlt -N jan30_2.0592 y1s/jan30-02/scanyint_0.020592.run
your job 50527 has been submitted
qsub -l nodlt -N jan30_2.0714 y1s/jan30-02/scanyint_0.020714.run
your job 50528 has been submitted
qsub -l nodlt -N jan30_2.0836 y1s/jan30-02/scanyint_0.020836.run
your job 50529 has been submitted
qsub -l nodlt -N jan30_2.0958 y1s/jan30-02/scanyint_0.020958.run
your job 50530 has been submitted
qsub -l nodlt -N jan30_2.108 y1s/jan30-02/scanyint_0.02108.run
your job 50531 has been submitted
qsub -l nodlt -N jan30_2.1202 y1s/jan30-02/scanyint_0.021202.run
your job 50532 has been submitted
qsub -l nodlt -N jan30_2.1324 y1s/jan30-02/scanyint_0.021324.run
your job 50533 has been submitted
qsub -l nodlt -N jan30_2.1446 y1s/jan30-02/scanyint_0.021446.run
your job 50534 has been submitted
qsub -l nodlt -N jan30_2.1568 y1s/jan30-02/scanyint_0.021568.run
your job 50535 has been submitted
qsub -l nodlt -N jan03_1.523 y3s/jan03-02/scanyint_0.01523.run
your job 50536 has been submitted
qsub -l nodlt -N jan03_1.538 y3s/jan03-02/scanyint_0.01538.run
your job 50537 has been submitted
qsub -l nodlt -N jan03_1.553 y3s/jan03-02/scanyint_0.01553.run
your job 50538 has been submitted
qsub -l nodlt -N jan03_1.568 y3s/jan03-02/scanyint_0.01568.run
your job 50539 has been submitted
qsub -l nodlt -N jan03_1.583 y3s/jan03-02/scanyint_0.01583.run
your job 50540 has been submitted
qsub -l nodlt -N jan03_1.598 y3s/jan03-02/scanyint_0.01598.run
your job 50541 has been submitted
qsub -l nodlt -N jan03_1.613 y3s/jan03-02/scanyint_0.01613.run
your job 50542 has been submitted
qsub -l nodlt -N jan03_1.628 y3s/jan03-02/scanyint_0.01628.run
your job 50543 has been submitted
qsub -l nodlt -N jan03_1.643 y3s/jan03-02/scanyint_0.01643.run
your job 50544 has been submitted
qsub -l nodlt -N jan03_1.658 y3s/jan03-02/scanyint_0.01658.run
your job 50545 has been submitted
qsub -l nodlt -N jan03_1.673 y3s/jan03-02/scanyint_0.01673.run
your job 50546 has been submitted
qsub -l nodlt -N jan03_1.688 y3s/jan03-02/scanyint_0.01688.run
your job 50547 has been submitted
qsub -l nodlt -N jan03_1.703 y3s/jan03-02/scanyint_0.01703.run
your job 50548 has been submitted
qsub -l nodlt -N jan03_1.718 y3s/jan03-02/scanyint_0.01718.run
your job 50549 has been submitted
qsub -l nodlt -N jan03_1.733 y3s/jan03-02/scanyint_0.01733.run
your job 50550 has been submitted
qsub -l nodlt -N jan03_1.748 y3s/jan03-02/scanyint_0.01748.run
your job 50551 has been submitted
qsub -l nodlt -N jan03_1.763 y3s/jan03-02/scanyint_0.01763.run
your job 50552 has been submitted
qsub -l nodlt -N jan03_1.778 y3s/jan03-02/scanyint_0.01778.run
your job 50553 has been submitted
qsub -l nodlt -N jan03_1.793 y3s/jan03-02/scanyint_0.01793.run
your job 50554 has been submitted
qsub -l nodlt -N jan03_1.808 y3s/jan03-02/scanyint_0.01808.run
your job 50555 has been submitted
qsub -l nodlt -N jan03_1.823 y3s/jan03-02/scanyint_0.01823.run
your job 50556 has been submitted
qsub -l nodlt -N jan03_1.838 y3s/jan03-02/scanyint_0.01838.run
your job 50557 has been submitted
qsub -l nodlt -N jan03_1.853 y3s/jan03-02/scanyint_0.01853.run
your job 50558 has been submitted
qsub -l nodlt -N jan03_1.868 y3s/jan03-02/scanyint_0.01868.run
your job 50559 has been submitted
qsub -l nodlt -N jan03_1.883 y3s/jan03-02/scanyint_0.01883.run
your job 50560 has been submitted
qsub -l nodlt -N jan03_1.898 y3s/jan03-02/scanyint_0.01898.run
your job 50561 has been submitted
qsub -l nodlt -N jan03_1.913 y3s/jan03-02/scanyint_0.01913.run
your job 50562 has been submitted
qsub -l nodlt -N jan03_1.928 y3s/jan03-02/scanyint_0.01928.run
your job 50563 has been submitted
qsub -l nodlt -N jan03_1.943 y3s/jan03-02/scanyint_0.01943.run
your job 50564 has been submitted
qsub -l nodlt -N jan03_1.958 y3s/jan03-02/scanyint_0.01958.run
your job 50565 has been submitted
qsub -l nodlt -N jan03_1.973 y3s/jan03-02/scanyint_0.01973.run
your job 50566 has been submitted
qsub -l nodlt -N jan03_1.988 y3s/jan03-02/scanyint_0.01988.run
your job 50567 has been submitted
qsub -l nodlt -N jan03_2.003 y3s/jan03-02/scanyint_0.02003.run
your job 50568 has been submitted
qsub -l nodlt -N jan03_2.018 y3s/jan03-02/scanyint_0.02018.run
your job 50569 has been submitted
qsub -l nodlt -N jan03_2.033 y3s/jan03-02/scanyint_0.02033.run
your job 50570 has been submitted
qsub -l nodlt -N jan03_2.048 y3s/jan03-02/scanyint_0.02048.run
your job 50571 has been submitted
qsub -l nodlt -N jan03_2.063 y3s/jan03-02/scanyint_0.02063.run
your job 50572 has been submitted
qsub -l nodlt -N jan03_2.078 y3s/jan03-02/scanyint_0.02078.run
your job 50573 has been submitted
qsub -l nodlt -N jan03_2.093 y3s/jan03-02/scanyint_0.02093.run
your job 50574 has been submitted
qsub -l nodlt -N jan03_2.108 y3s/jan03-02/scanyint_0.02108.run
your job 50575 has been submitted
qsub -l nodlt -N mar06_1.559 y1s/mar06-02/scanyint_0.01559.run
your job 50576 has been submitted
qsub -l nodlt -N mar06_1.5712 y1s/mar06-02/scanyint_0.015712.run
your job 50577 has been submitted
qsub -l nodlt -N mar06_1.5834 y1s/mar06-02/scanyint_0.015834.run
your job 50578 has been submitted
qsub -l nodlt -N mar06_1.5956 y1s/mar06-02/scanyint_0.015956.run
your job 50579 has been submitted
qsub -l nodlt -N mar06_1.6078 y1s/mar06-02/scanyint_0.016078.run
your job 50580 has been submitted
qsub -l nodlt -N mar06_1.62 y1s/mar06-02/scanyint_0.0162.run
your job 50581 has been submitted
qsub -l nodlt -N mar06_1.6322 y1s/mar06-02/scanyint_0.016322.run
your job 50582 has been submitted
qsub -l nodlt -N mar06_1.6444 y1s/mar06-02/scanyint_0.016444.run
your job 50583 has been submitted
qsub -l nodlt -N mar06_1.6566 y1s/mar06-02/scanyint_0.016566.run
your job 50584 has been submitted
qsub -l nodlt -N mar06_1.6688 y1s/mar06-02/scanyint_0.016688.run
your job 50585 has been submitted
qsub -l nodlt -N mar06_1.681 y1s/mar06-02/scanyint_0.01681.run
your job 50586 has been submitted
qsub -l nodlt -N mar06_1.6932 y1s/mar06-02/scanyint_0.016932.run
your job 50587 has been submitted
qsub -l nodlt -N mar06_1.7054 y1s/mar06-02/scanyint_0.017054.run
your job 50588 has been submitted
qsub -l nodlt -N mar06_1.7176 y1s/mar06-02/scanyint_0.017176.run
your job 50589 has been submitted
qsub -l nodlt -N mar06_1.7298 y1s/mar06-02/scanyint_0.017298.run
your job 50590 has been submitted
qsub -l nodlt -N mar06_1.742 y1s/mar06-02/scanyint_0.01742.run
your job 50591 has been submitted
qsub -l nodlt -N mar06_1.7542 y1s/mar06-02/scanyint_0.017542.run
your job 50592 has been submitted
qsub -l nodlt -N mar06_1.7664 y1s/mar06-02/scanyint_0.017664.run
your job 50593 has been submitted
qsub -l nodlt -N mar06_1.7786 y1s/mar06-02/scanyint_0.017786.run
your job 50594 has been submitted
qsub -l nodlt -N mar06_1.7908 y1s/mar06-02/scanyint_0.017908.run
your job 50595 has been submitted
qsub -l nodlt -N mar06_1.803 y1s/mar06-02/scanyint_0.01803.run
your job 50596 has been submitted
qsub -l nodlt -N mar06_1.8152 y1s/mar06-02/scanyint_0.018152.run
your job 50597 has been submitted
qsub -l nodlt -N mar06_1.8274 y1s/mar06-02/scanyint_0.018274.run
your job 50598 has been submitted
qsub -l nodlt -N mar06_1.8396 y1s/mar06-02/scanyint_0.018396.run
your job 50599 has been submitted
qsub -l nodlt -N mar06_1.8518 y1s/mar06-02/scanyint_0.018518.run
your job 50600 has been submitted
qsub -l nodlt -N mar06_1.864 y1s/mar06-02/scanyint_0.01864.run
your job 50601 has been submitted
qsub -l nodlt -N mar06_1.8762 y1s/mar06-02/scanyint_0.018762.run
your job 50602 has been submitted
qsub -l nodlt -N mar06_1.8884 y1s/mar06-02/scanyint_0.018884.run
your job 50603 has been submitted
qsub -l nodlt -N mar06_1.9006 y1s/mar06-02/scanyint_0.019006.run
your job 50604 has been submitted
qsub -l nodlt -N mar06_1.9128 y1s/mar06-02/scanyint_0.019128.run
your job 50605 has been submitted
qsub -l nodlt -N mar06_1.925 y1s/mar06-02/scanyint_0.01925.run
your job 50606 has been submitted
qsub -l nodlt -N mar06_1.9372 y1s/mar06-02/scanyint_0.019372.run
your job 50607 has been submitted
qsub -l nodlt -N mar06_1.9494 y1s/mar06-02/scanyint_0.019494.run
your job 50608 has been submitted
qsub -l nodlt -N mar06_1.9616 y1s/mar06-02/scanyint_0.019616.run
your job 50609 has been submitted
qsub -l nodlt -N mar06_1.9738 y1s/mar06-02/scanyint_0.019738.run
your job 50610 has been submitted
qsub -l nodlt -N mar06_1.986 y1s/mar06-02/scanyint_0.01986.run
your job 50611 has been submitted
qsub -l nodlt -N mar06_1.9982 y1s/mar06-02/scanyint_0.019982.run
your job 50612 has been submitted
qsub -l nodlt -N mar06_2.0104 y1s/mar06-02/scanyint_0.020104.run
your job 50613 has been submitted
qsub -l nodlt -N mar06_2.0226 y1s/mar06-02/scanyint_0.020226.run
your job 50614 has been submitted
qsub -l nodlt -N mar06_2.0348 y1s/mar06-02/scanyint_0.020348.run
your job 50615 has been submitted
qsub -l nodlt -N mar06_2.047 y1s/mar06-02/scanyint_0.02047.run
your job 50616 has been submitted
qsub -l nodlt -N mar06_2.0592 y1s/mar06-02/scanyint_0.020592.run
your job 50617 has been submitted
qsub -l nodlt -N mar06_2.0714 y1s/mar06-02/scanyint_0.020714.run
your job 50618 has been submitted
qsub -l nodlt -N mar06_2.0836 y1s/mar06-02/scanyint_0.020836.run
your job 50619 has been submitted
qsub -l nodlt -N mar06_2.0958 y1s/mar06-02/scanyint_0.020958.run
your job 50620 has been submitted
qsub -l nodlt -N mar06_2.108 y1s/mar06-02/scanyint_0.02108.run
your job 50621 has been submitted
qsub -l nodlt -N mar06_2.1202 y1s/mar06-02/scanyint_0.021202.run
your job 50622 has been submitted
qsub -l nodlt -N mar06_2.1324 y1s/mar06-02/scanyint_0.021324.run
your job 50623 has been submitted
qsub -l nodlt -N mar06_2.1446 y1s/mar06-02/scanyint_0.021446.run
your job 50624 has been submitted
qsub -l nodlt -N mar06_2.1568 y1s/mar06-02/scanyint_0.021568.run
your job 50625 has been submitted
qsub -l nodlt -N jan10_1.523 y3s/jan10-02/scanyint_0.01523.run
your job 50626 has been submitted
qsub -l nodlt -N jan10_1.538 y3s/jan10-02/scanyint_0.01538.run
your job 50627 has been submitted
qsub -l nodlt -N jan10_1.553 y3s/jan10-02/scanyint_0.01553.run
your job 50628 has been submitted
qsub -l nodlt -N jan10_1.568 y3s/jan10-02/scanyint_0.01568.run
your job 50629 has been submitted
qsub -l nodlt -N jan10_1.583 y3s/jan10-02/scanyint_0.01583.run
your job 50630 has been submitted
qsub -l nodlt -N jan10_1.598 y3s/jan10-02/scanyint_0.01598.run
your job 50631 has been submitted
qsub -l nodlt -N jan10_1.613 y3s/jan10-02/scanyint_0.01613.run
your job 50632 has been submitted
qsub -l nodlt -N jan10_1.628 y3s/jan10-02/scanyint_0.01628.run
your job 50633 has been submitted
qsub -l nodlt -N jan10_1.643 y3s/jan10-02/scanyint_0.01643.run
your job 50634 has been submitted
qsub -l nodlt -N jan10_1.658 y3s/jan10-02/scanyint_0.01658.run
your job 50635 has been submitted
qsub -l nodlt -N jan10_1.673 y3s/jan10-02/scanyint_0.01673.run
your job 50636 has been submitted
qsub -l nodlt -N jan10_1.688 y3s/jan10-02/scanyint_0.01688.run
your job 50637 has been submitted
qsub -l nodlt -N jan10_1.703 y3s/jan10-02/scanyint_0.01703.run
your job 50638 has been submitted
qsub -l nodlt -N jan10_1.718 y3s/jan10-02/scanyint_0.01718.run
your job 50639 has been submitted
qsub -l nodlt -N jan10_1.733 y3s/jan10-02/scanyint_0.01733.run
your job 50640 has been submitted
qsub -l nodlt -N jan10_1.748 y3s/jan10-02/scanyint_0.01748.run
your job 50641 has been submitted
qsub -l nodlt -N jan10_1.763 y3s/jan10-02/scanyint_0.01763.run
your job 50642 has been submitted
qsub -l nodlt -N jan10_1.778 y3s/jan10-02/scanyint_0.01778.run
your job 50643 has been submitted
qsub -l nodlt -N jan10_1.793 y3s/jan10-02/scanyint_0.01793.run
your job 50644 has been submitted
qsub -l nodlt -N jan10_1.808 y3s/jan10-02/scanyint_0.01808.run
your job 50645 has been submitted
qsub -l nodlt -N jan10_1.823 y3s/jan10-02/scanyint_0.01823.run
your job 50646 has been submitted
qsub -l nodlt -N jan10_1.838 y3s/jan10-02/scanyint_0.01838.run
your job 50647 has been submitted
qsub -l nodlt -N jan10_1.853 y3s/jan10-02/scanyint_0.01853.run
your job 50648 has been submitted
qsub -l nodlt -N jan10_1.868 y3s/jan10-02/scanyint_0.01868.run
your job 50649 has been submitted
qsub -l nodlt -N jan10_1.883 y3s/jan10-02/scanyint_0.01883.run
your job 50650 has been submitted
qsub -l nodlt -N jan10_1.898 y3s/jan10-02/scanyint_0.01898.run
your job 50651 has been submitted
qsub -l nodlt -N jan10_1.913 y3s/jan10-02/scanyint_0.01913.run
your job 50652 has been submitted
qsub -l nodlt -N jan10_1.928 y3s/jan10-02/scanyint_0.01928.run
your job 50653 has been submitted
qsub -l nodlt -N jan10_1.943 y3s/jan10-02/scanyint_0.01943.run
your job 50654 has been submitted
qsub -l nodlt -N jan10_1.958 y3s/jan10-02/scanyint_0.01958.run
your job 50655 has been submitted
qsub -l nodlt -N jan10_1.973 y3s/jan10-02/scanyint_0.01973.run
your job 50656 has been submitted
qsub -l nodlt -N jan10_1.988 y3s/jan10-02/scanyint_0.01988.run
your job 50657 has been submitted
qsub -l nodlt -N jan10_2.003 y3s/jan10-02/scanyint_0.02003.run
your job 50658 has been submitted
qsub -l nodlt -N jan10_2.018 y3s/jan10-02/scanyint_0.02018.run
your job 50659 has been submitted
qsub -l nodlt -N jan10_2.033 y3s/jan10-02/scanyint_0.02033.run
your job 50660 has been submitted
qsub -l nodlt -N jan10_2.048 y3s/jan10-02/scanyint_0.02048.run
your job 50661 has been submitted
qsub -l nodlt -N jan10_2.063 y3s/jan10-02/scanyint_0.02063.run
your job 50662 has been submitted
qsub -l nodlt -N jan10_2.078 y3s/jan10-02/scanyint_0.02078.run
your job 50663 has been submitted
qsub -l nodlt -N jan10_2.093 y3s/jan10-02/scanyint_0.02093.run
your job 50664 has been submitted
qsub -l nodlt -N jan10_2.108 y3s/jan10-02/scanyint_0.02108.run
your job 50665 has been submitted
qsub -l nodlt -N nov29_1.523 y3s/nov29-01/scanyint_0.01523.run
your job 50666 has been submitted
qsub -l nodlt -N nov29_1.538 y3s/nov29-01/scanyint_0.01538.run
your job 50667 has been submitted
qsub -l nodlt -N nov29_1.553 y3s/nov29-01/scanyint_0.01553.run
your job 50668 has been submitted
qsub -l nodlt -N nov29_1.568 y3s/nov29-01/scanyint_0.01568.run
your job 50669 has been submitted
qsub -l nodlt -N nov29_1.583 y3s/nov29-01/scanyint_0.01583.run
your job 50670 has been submitted
qsub -l nodlt -N nov29_1.598 y3s/nov29-01/scanyint_0.01598.run
your job 50671 has been submitted
qsub -l nodlt -N nov29_1.613 y3s/nov29-01/scanyint_0.01613.run
your job 50672 has been submitted
qsub -l nodlt -N nov29_1.628 y3s/nov29-01/scanyint_0.01628.run
your job 50673 has been submitted
qsub -l nodlt -N nov29_1.643 y3s/nov29-01/scanyint_0.01643.run
your job 50674 has been submitted
qsub -l nodlt -N nov29_1.658 y3s/nov29-01/scanyint_0.01658.run
your job 50675 has been submitted
qsub -l nodlt -N nov29_1.673 y3s/nov29-01/scanyint_0.01673.run
your job 50676 has been submitted
qsub -l nodlt -N nov29_1.688 y3s/nov29-01/scanyint_0.01688.run
your job 50677 has been submitted
qsub -l nodlt -N nov29_1.703 y3s/nov29-01/scanyint_0.01703.run
your job 50678 has been submitted
qsub -l nodlt -N nov29_1.718 y3s/nov29-01/scanyint_0.01718.run
your job 50679 has been submitted
qsub -l nodlt -N nov29_1.733 y3s/nov29-01/scanyint_0.01733.run
your job 50680 has been submitted
qsub -l nodlt -N nov29_1.748 y3s/nov29-01/scanyint_0.01748.run
your job 50681 has been submitted
qsub -l nodlt -N nov29_1.763 y3s/nov29-01/scanyint_0.01763.run
your job 50682 has been submitted
qsub -l nodlt -N nov29_1.778 y3s/nov29-01/scanyint_0.01778.run
your job 50683 has been submitted
qsub -l nodlt -N nov29_1.793 y3s/nov29-01/scanyint_0.01793.run
your job 50684 has been submitted
qsub -l nodlt -N nov29_1.808 y3s/nov29-01/scanyint_0.01808.run
your job 50685 has been submitted
qsub -l nodlt -N nov29_1.823 y3s/nov29-01/scanyint_0.01823.run
your job 50686 has been submitted
qsub -l nodlt -N nov29_1.838 y3s/nov29-01/scanyint_0.01838.run
your job 50687 has been submitted
qsub -l nodlt -N nov29_1.853 y3s/nov29-01/scanyint_0.01853.run
your job 50688 has been submitted
qsub -l nodlt -N nov29_1.868 y3s/nov29-01/scanyint_0.01868.run
your job 50689 has been submitted
qsub -l nodlt -N nov29_1.883 y3s/nov29-01/scanyint_0.01883.run
your job 50690 has been submitted
qsub -l nodlt -N nov29_1.898 y3s/nov29-01/scanyint_0.01898.run
your job 50691 has been submitted
qsub -l nodlt -N nov29_1.913 y3s/nov29-01/scanyint_0.01913.run
your job 50692 has been submitted
qsub -l nodlt -N nov29_1.928 y3s/nov29-01/scanyint_0.01928.run
your job 50693 has been submitted
qsub -l nodlt -N nov29_1.943 y3s/nov29-01/scanyint_0.01943.run
your job 50694 has been submitted
qsub -l nodlt -N nov29_1.958 y3s/nov29-01/scanyint_0.01958.run
your job 50695 has been submitted
qsub -l nodlt -N nov29_1.973 y3s/nov29-01/scanyint_0.01973.run
your job 50696 has been submitted
qsub -l nodlt -N nov29_1.988 y3s/nov29-01/scanyint_0.01988.run
your job 50697 has been submitted
qsub -l nodlt -N nov29_2.003 y3s/nov29-01/scanyint_0.02003.run
your job 50698 has been submitted
qsub -l nodlt -N nov29_2.018 y3s/nov29-01/scanyint_0.02018.run
your job 50699 has been submitted
qsub -l nodlt -N nov29_2.033 y3s/nov29-01/scanyint_0.02033.run
your job 50700 has been submitted
qsub -l nodlt -N nov29_2.048 y3s/nov29-01/scanyint_0.02048.run
your job 50701 has been submitted
qsub -l nodlt -N nov29_2.063 y3s/nov29-01/scanyint_0.02063.run
your job 50702 has been submitted
qsub -l nodlt -N nov29_2.078 y3s/nov29-01/scanyint_0.02078.run
your job 50703 has been submitted
qsub -l nodlt -N nov29_2.093 y3s/nov29-01/scanyint_0.02093.run
your job 50704 has been submitted
qsub -l nodlt -N nov29_2.108 y3s/nov29-01/scanyint_0.02108.run
your job 50705 has been submitted
