your job 678095 ("y3ggg_121920.run") has been submitted
your job 678096 ("y3ggg_121933.run") has been submitted
your job 678097 ("y2gggam_129607.run") has been submitted
your job 678098 ("y2gggam_129580.run") has been submitted
your job 678099 ("y3gggam_121963.run") has been submitted
your job 678100 ("y3qq_121968.run") has been submitted
your job 678101 ("y3ggg_121939.run") has been submitted
your job 678102 ("y2ggg_129574.run") has been submitted
your job 678103 ("y2ggg_129567.run") has been submitted
your job 678104 ("y1ggg_123618.run") has been submitted
your job 678105 ("y2ggg_129568.run") has been submitted
your job 678106 ("y3qq_121974.run") has been submitted
your job 678107 ("y1ggg_123635.run") has been submitted
your job 678108 ("y3ggg_121943.run") has been submitted
your job 678109 ("y3ggg_121944.run") has been submitted
your job 678110 ("y3gggam_121951.run") has been submitted
your job 678111 ("y2gggam_129591.run") has been submitted
your job 678244 ("y1ggg_123619.run") has been submitted
your job 678422 ("y2ggg_129573.run") has been submitted
your job 678430 ("y3gggam_121952.run") has been submitted
your job 678442 ("y1qq_123654.run") has been submitted
your job 678453 ("y1ggg_123611.run") has been submitted
your job 678482 ("y3qq_121973.run") has been submitted
your job 678487 ("y1ggg_123638.run") has been submitted
your job 678488 ("y1qq_123652.run") has been submitted
your job 678490 ("y2gggam_129617.run") has been submitted
your job 678510 ("y3ggg_121927.run") has been submitted
your job 678516 ("y2ggg_129539.run") has been submitted
your job 678576 ("y2gggam_129579.run") has been submitted
your job 678610 ("y3ggg_121949.run") has been submitted
your job 678724 ("y2qq_129619.run") has been submitted
your job 678726 ("y1ggg_123624.run") has been submitted
your job 678727 ("y2ggg_129553.run") has been submitted
your job 678728 ("y3ggg_121946.run") has been submitted
your job 678737 ("y3ggg_121932.run") has been submitted
your job 678758 ("y1ggg_123640.run") has been submitted
your job 678792 ("y3qq_121972.run") has been submitted
your job 678795 ("y3gggam_121962.run") has been submitted
your job 678854 ("y1qq_123650.run") has been submitted
Submitting y3ggg_121920.run.
Submitting y3ggg_121933.run.
Submitting y2gggam_129607.run.
Submitting y2gggam_129580.run.
Submitting y3gggam_121963.run.
Submitting y3qq_121968.run.
Submitting y3ggg_121939.run.
Submitting y2ggg_129574.run.
Submitting y2ggg_129567.run.
Submitting y1ggg_123618.run.
Submitting y2ggg_129568.run.
Submitting y3qq_121974.run.
Submitting y1ggg_123635.run.
Submitting y3ggg_121943.run.
Submitting y3ggg_121944.run.
Submitting y3gggam_121951.run.
Submitting y2gggam_129591.run.
Waiting five minutes...
Waiting five minutes...
Waiting five minutes...
Waiting five minutes...
Waiting five minutes...
Waiting five minutes...
Waiting five minutes...
Waiting five minutes...
Waiting five minutes...
Waiting five minutes...
Waiting five minutes...
Waiting five minutes...
Waiting five minutes...
Waiting five minutes...
Waiting five minutes...
Waiting five minutes...
Waiting five minutes...
Waiting five minutes...
Waiting five minutes...
Waiting five minutes...
Waiting five minutes...
Waiting five minutes...
Waiting five minutes...
Waiting five minutes...
Waiting five minutes...
Waiting five minutes...
Waiting five minutes...
Waiting five minutes...
Waiting five minutes...
Waiting five minutes...
Waiting five minutes...
Waiting five minutes...
Waiting five minutes...
Waiting five minutes...
Waiting five minutes...
Waiting five minutes...
Waiting five minutes...
Waiting five minutes...
Waiting five minutes...
Waiting five minutes...
Waiting five minutes...
Waiting five minutes...
Waiting five minutes...
Waiting five minutes...
Waiting five minutes...
Waiting five minutes...
Waiting five minutes...
Waiting five minutes...
Waiting five minutes...
Waiting five minutes...
Submitting y1ggg_123619.run.
Waiting five minutes...
Waiting five minutes...
Waiting five minutes...
Waiting five minutes...
Waiting five minutes...
Waiting five minutes...
Waiting five minutes...
Waiting five minutes...
Waiting five minutes...
Waiting five minutes...
Waiting five minutes...
Waiting five minutes...
Waiting five minutes...
Waiting five minutes...
Waiting five minutes...
Waiting five minutes...
Waiting five minutes...
Waiting five minutes...
Waiting five minutes...
Waiting five minutes...
Waiting five minutes...
Waiting five minutes...
Waiting five minutes...
Waiting five minutes...
Waiting five minutes...
Waiting five minutes...
Waiting five minutes...
Waiting five minutes...
Waiting five minutes...
Waiting five minutes...
Waiting five minutes...
Waiting five minutes...
Waiting five minutes...
Waiting five minutes...
Waiting five minutes...
Waiting five minutes...
Waiting five minutes...
Waiting five minutes...
Waiting five minutes...
Waiting five minutes...
Waiting five minutes...
Waiting five minutes...
Waiting five minutes...
Waiting five minutes...
Waiting five minutes...
Waiting five minutes...
Waiting five minutes...
Submitting y2ggg_129573.run.
Waiting five minutes...
Waiting five minutes...
Waiting five minutes...
Submitting y3gggam_121952.run.
Waiting five minutes...
Waiting five minutes...
Waiting five minutes...
Waiting five minutes...
Waiting five minutes...
Submitting y1qq_123654.run.
Waiting five minutes...
Waiting five minutes...
Waiting five minutes...
Waiting five minutes...
Waiting five minutes...
Submitting y1ggg_123611.run.
Waiting five minutes...
Waiting five minutes...
Waiting five minutes...
Waiting five minutes...
Waiting five minutes...
Waiting five minutes...
Waiting five minutes...
Waiting five minutes...
Waiting five minutes...
Waiting five minutes...
Waiting five minutes...
Waiting five minutes...
Waiting five minutes...
Waiting five minutes...
Waiting five minutes...
Waiting five minutes...
Waiting five minutes...
Waiting five minutes...
Submitting y3qq_121973.run.
Waiting five minutes...
Waiting five minutes...
Submitting y1ggg_123638.run.
Submitting y1qq_123652.run.
Waiting five minutes...
Submitting y2gggam_129617.run.
Waiting five minutes...
Waiting five minutes...
Waiting five minutes...
Waiting five minutes...
Waiting five minutes...
Waiting five minutes...
Waiting five minutes...
Waiting five minutes...
Waiting five minutes...
Waiting five minutes...
Waiting five minutes...
Waiting five minutes...
Waiting five minutes...
Submitting y3ggg_121927.run.
Waiting five minutes...
Waiting five minutes...
Submitting y2ggg_129539.run.
Waiting five minutes...
Waiting five minutes...
Waiting five minutes...
Waiting five minutes...
Waiting five minutes...
Waiting five minutes...
Waiting five minutes...
Waiting five minutes...
Waiting five minutes...
Waiting five minutes...
Waiting five minutes...
Waiting five minutes...
Waiting five minutes...
Waiting five minutes...
Waiting five minutes...
Waiting five minutes...
Waiting five minutes...
Waiting five minutes...
Waiting five minutes...
Waiting five minutes...
Waiting five minutes...
Waiting five minutes...
Waiting five minutes...
Waiting five minutes...
Waiting five minutes...
Waiting five minutes...
Waiting five minutes...
Waiting five minutes...
Waiting five minutes...
Waiting five minutes...
Waiting five minutes...
Submitting y2gggam_129579.run.
Waiting five minutes...
Waiting five minutes...
Waiting five minutes...
Waiting five minutes...
Waiting five minutes...
Waiting five minutes...
Waiting five minutes...
Waiting five minutes...
Waiting five minutes...
Submitting y3ggg_121949.run.
Waiting five minutes...
Waiting five minutes...
Waiting five minutes...
Waiting five minutes...
Waiting five minutes...
Waiting five minutes...
Waiting five minutes...
Waiting five minutes...
Waiting five minutes...
Waiting five minutes...
Waiting five minutes...
Waiting five minutes...
Waiting five minutes...
Waiting five minutes...
Waiting five minutes...
Waiting five minutes...
Waiting five minutes...
Waiting five minutes...
Waiting five minutes...
Waiting five minutes...
Waiting five minutes...
Waiting five minutes...
Waiting five minutes...
Waiting five minutes...
Waiting five minutes...
Waiting five minutes...
Waiting five minutes...
Waiting five minutes...
Waiting five minutes...
Waiting five minutes...
Waiting five minutes...
Waiting five minutes...
Waiting five minutes...
Waiting five minutes...
Waiting five minutes...
Waiting five minutes...
Waiting five minutes...
Waiting five minutes...
Waiting five minutes...
Submitting y2qq_129619.run.
Waiting five minutes...
Waiting five minutes...
Waiting five minutes...
Waiting five minutes...
Waiting five minutes...
Submitting y1ggg_123624.run.
Waiting five minutes...
Waiting five minutes...
Waiting five minutes...
Submitting y2ggg_129553.run.
Waiting five minutes...
Waiting five minutes...
Submitting y3ggg_121946.run.
Waiting five minutes...
Waiting five minutes...
Waiting five minutes...
Waiting five minutes...
Waiting five minutes...
Waiting five minutes...
Waiting five minutes...
Waiting five minutes...
Waiting five minutes...
Waiting five minutes...
Waiting five minutes...
Waiting five minutes...
Waiting five minutes...
Submitting y3ggg_121932.run.
Waiting five minutes...
Waiting five minutes...
Waiting five minutes...
Submitting y1ggg_123640.run.
Waiting five minutes...
Waiting five minutes...
Waiting five minutes...
Waiting five minutes...
Waiting five minutes...
Waiting five minutes...
Waiting five minutes...
Waiting five minutes...
Waiting five minutes...
Waiting five minutes...
Waiting five minutes...
Waiting five minutes...
Waiting five minutes...
Waiting five minutes...
Waiting five minutes...
Waiting five minutes...
Waiting five minutes...
Waiting five minutes...
Waiting five minutes...
Waiting five minutes...
Waiting five minutes...
Waiting five minutes...
Waiting five minutes...
Submitting y3qq_121972.run.
Waiting five minutes...
Waiting five minutes...
Waiting five minutes...
Waiting five minutes...
Waiting five minutes...
Waiting five minutes...
Waiting five minutes...
Waiting five minutes...
Waiting five minutes...
Waiting five minutes...
Waiting five minutes...
Waiting five minutes...
Waiting five minutes...
Submitting y3gggam_121962.run.
Waiting five minutes...
Waiting five minutes...
Waiting five minutes...
Waiting five minutes...
Waiting five minutes...
Submitting y1qq_123650.run.
Waiting five minutes...
Waiting five minuteyour job 678898 ("y1qq_123656.run") has been submitted
your job 678915 ("y2gggam_129611.run") has been submitted
your job 678938 ("y3ggg_121929.run") has been submitted
your job 678939 ("y1ggg_123632.run") has been submitted
your job 678943 ("y1gggam_123643.run") has been submitted
your job 678961 ("y2ggg_129538.run") has been submitted
your job 678968 ("y1qq_123651.run") has been submitted
your job 678971 ("y2qq_129626.run") has been submitted
your job 678973 ("y1ggg_123631.run") has been submitted
your job 678974 ("y1gggam_123648.run") has been submitted
your job 678975 ("y3ggg_121940.run") has been submitted
your job 678976 ("y2qq_129629.run") has been submitted
your job 678979 ("y1ggg_123637.run") has been submitted
your job 678980 ("y1gggam_123644.run") has been submitted
your job 678987 ("y2qq_129630.run") has been submitted
your job 678989 ("y2ggg_129535.run") has been submitted
your job 678991 ("y1qq_123653.run") has been submitted
your job 678996 ("y1ggg_123633.run") has been submitted
your job 678997 ("y3ggg_121930.run") has been submitted
your job 678998 ("y2ggg_129576.run") has been submitted
your job 679000 ("y1gggam_123641.run") has been submitted
your job 679008 ("y2ggg_129551.run") has been submitted
your job 679017 ("y1ggg_123639.run") has been submitted
your job 679019 ("y2qq_129620.run") has been submitted
your job 679044 ("y1ggg_123620.run") has been submitted
your job 679059 ("y3ggg_121948.run") has been submitted
your job 679071 ("y1ggg_123612.run") has been submitted
your job 679072 ("y2ggg_129549.run") has been submitted
your job 679102 ("y2gggam_129582.run") has been submitted
s...
Waiting five minutes...
Waiting five minutes...
Waiting five minutes...
Waiting five minutes...
Waiting five minutes...
Waiting five minutes...
Waiting five minutes...
Waiting five minutes...
Waiting five minutes...
Waiting five minutes...
Submitting y1qq_123656.run.
Waiting five minutes...
Waiting five minutes...
Waiting five minutes...
Waiting five minutes...
Waiting five minutes...
Waiting five minutes...
Waiting five minutes...
Waiting five minutes...
Waiting five minutes...
Waiting five minutes...
Submitting y2gggam_129611.run.
Waiting five minutes...
Waiting five minutes...
Waiting five minutes...
Waiting five minutes...
Waiting five minutes...
Waiting five minutes...
Waiting five minutes...
Waiting five minutes...
Waiting five minutes...
Waiting five minutes...
Waiting five minutes...
Waiting five minutes...
Waiting five minutes...
Submitting y3ggg_121929.run.
Waiting five minutes...
Waiting five minutes...
Waiting five minutes...
Waiting five minutes...
Waiting five minutes...
Waiting five minutes...
Waiting five minutes...
Submitting y1ggg_123632.run.
Waiting five minutes...
Waiting five minutes...
Waiting five minutes...
Waiting five minutes...
Waiting five minutes...
Waiting five minutes...
Waiting five minutes...
Waiting five minutes...
Waiting five minutes...
Waiting five minutes...
Waiting five minutes...
Waiting five minutes...
Waiting five minutes...
Waiting five minutes...
Waiting five minutes...
Waiting five minutes...
Waiting five minutes...
Waiting five minutes...
Waiting five minutes...
Waiting five minutes...
Submitting y1gggam_123643.run.
Waiting five minutes...
Waiting five minutes...
Waiting five minutes...
Waiting five minutes...
Waiting five minutes...
Submitting y2ggg_129538.run.
Waiting five minutes...
Waiting five minutes...
Waiting five minutes...
Submitting y1qq_123651.run.
Waiting five minutes...
Waiting five minutes...
Waiting five minutes...
Waiting five minutes...
Waiting five minutes...
Waiting five minutes...
Waiting five minutes...
Waiting five minutes...
Waiting five minutes...
Submitting y2qq_129626.run.
Waiting five minutes...
Waiting five minutes...
Waiting five minutes...
Submitting y1ggg_123631.run.
Waiting five minutes...
Waiting five minutes...
Waiting five minutes...
Submitting y1gggam_123648.run.
Waiting five minutes...
Waiting five minutes...
Submitting y3ggg_121940.run.
Waiting five minutes...
Waiting five minutes...
Waiting five minutes...
Waiting five minutes...
Submitting y2qq_129629.run.
Waiting five minutes...
Waiting five minutes...
Waiting five minutes...
Waiting five minutes...
Waiting five minutes...
Waiting five minutes...
Waiting five minutes...
Waiting five minutes...
Submitting y1ggg_123637.run.
Submitting y1gggam_123644.run.
Waiting five minutes...
Waiting five minutes...
Waiting five minutes...
Waiting five minutes...
Waiting five minutes...
Waiting five minutes...
Waiting five minutes...
Waiting five minutes...
Waiting five minutes...
Waiting five minutes...
Waiting five minutes...
Submitting y2qq_129630.run.
Waiting five minutes...
Waiting five minutes...
Waiting five minutes...
Waiting five minutes...
Waiting five minutes...
Waiting five minutes...
Waiting five minutes...
Waiting five minutes...
Waiting five minutes...
Waiting five minutes...
Waiting five minutes...
Submitting y2ggg_129535.run.
Waiting five minutes...
Waiting five minutes...
Waiting five minutes...
Waiting five minutes...
Waiting five minutes...
Waiting five minutes...
Waiting five minutes...
Waiting five minutes...
Waiting five minutes...
Waiting five minutes...
Waiting five minutes...
Waiting five minutes...
Waiting five minutes...
Waiting five minutes...
Waiting five minutes...
Waiting five minutes...
Waiting five minutes...
Waiting five minutes...
Waiting five minutes...
Waiting five minutes...
Waiting five minutes...
Waiting five minutes...
Waiting five minutes...
Waiting five minutes...
Waiting five minutes...
Waiting five minutes...
Waiting five minutes...
Waiting five minutes...
Waiting five minutes...
Waiting five minutes...
Waiting five minutes...
Waiting five minutes...
Waiting five minutes...
Waiting five minutes...
Waiting five minutes...
Waiting five minutes...
Waiting five minutes...
Waiting five minutes...
Waiting five minutes...
Waiting five minutes...
Waiting five minutes...
Waiting five minutes...
Submitting y1qq_123653.run.
Waiting five minutes...
Waiting five minutes...
Waiting five minutes...
Waiting five minutes...
Waiting five minutes...
Waiting five minutes...
Waiting five minutes...
Waiting five minutes...
Waiting five minutes...
Waiting five minutes...
Waiting five minutes...
Waiting five minutes...
Waiting five minutes...
Waiting five minutes...
Waiting five minutes...
Waiting five minutes...
Waiting five minutes...
Waiting five minutes...
Waiting five minutes...
Waiting five minutes...
Waiting five minutes...
Waiting five minutes...
Waiting five minutes...
Waiting five minutes...
Waiting five minutes...
Waiting five minutes...
Submitting y1ggg_123633.run.
Waiting five minutes...
Waiting five minutes...
Submitting y3ggg_121930.run.
Waiting five minutes...
Waiting five minutes...
Waiting five minutes...
Waiting five minutes...
Waiting five minutes...
Waiting five minutes...
Waiting five minutes...
Waiting five minutes...
Waiting five minutes...
Waiting five minutes...
Waiting five minutes...
Submitting y2ggg_129576.run.
Waiting five minutes...
Waiting five minutes...
Waiting five minutes...
Waiting five minutes...
Waiting five minutes...
Waiting five minutes...
Waiting five minutes...
Waiting five minutes...
Waiting five minutes...
Waiting five minutes...
Waiting five minutes...
Waiting five minutes...
Waiting five minutes...
Submitting y1gggam_123641.run.
Waiting five minutes...
Waiting five minutes...
Waiting five minutes...
Waiting five minutes...
Waiting five minutes...
Waiting five minutes...
Waiting five minutes...
Waiting five minutes...
Waiting five minutes...
Waiting five minutes...
Waiting five minutes...
Waiting five minutes...
Waiting five minutes...
Waiting five minutes...
Waiting five minutes...
Waiting five minutes...
Submitting y2ggg_129551.run.
Waiting five minutes...
Waiting five minutes...
Waiting five minutes...
Waiting five minutes...
Waiting five minutes...
Waiting five minutes...
Waiting five minutes...
Waiting five minutes...
Waiting five minutes...
Submitting y1ggg_123639.run.
Waiting five minutes...
Waiting five minutes...
Waiting five minutes...
Waiting five minutes...
Waiting five minutes...
Waiting five minutes...
Submitting y2qq_129620.run.
Waiting five minutes...
Waiting five minutes...
Waiting five minutes...
Waiting five minutes...
Waiting five minutes...
Waiting five minutes...
Waiting five minutes...
Waiting five minutes...
Waiting five minutes...
Waiting five minutes...
Waiting five minutes...
Waiting five minutes...
Waiting five minutes...
Waiting five minutes...
Submitting y1ggg_123620.run.
Waiting five minutes...
Waiting five minutes...
Waiting five minutes...
Waiting five minutes...
Waiting five minutes...
Waiting five minutes...
Waiting five minutes...
Waiting five minutes...
Submitting y3ggg_121948.run.
Waiting five minutes...
Waiting five minutes...
Waiting five minutes...
Waiting five minutes...
Waiting five minutes...
Waiting five minutes...
Waiting five minutes...
Submitting y1ggg_123612.run.
Waiting five minutes...
Submitting y2ggg_129549.run.
Waiting five minutes...
Waiting five minutes...
Waiting five minutes...
Waiting five minutes...
Waiting five minutes...
Waiting five minutes...
Waiting five minutes...
Waiting five minutes...
Waiting five minutes...
Waiting five minutes...
Waiting five minutes...
Waiting five minutes...
Waiting five minutes...
Waiting five minutes...
Waiting five minutes...
Waiting five minutes...
Submitting y2gggam_129582.run.
Waiting five minutes...
Waiting five minutes...
Waiting five minutes...
Waiting five minutes...
Waiting five minutes...
Waiting five minutes...
Waiting five minutes...
Waiting five minutes...
Waiting five minutes...
Waiting five minutes...
Waiting five minutes...
Waiting five minutes...
Waiting five minutes...
Waiting five minutes...
Waiting five minutes...
Waiting five minutes.your job 679106 ("y2ggg_129541.run") has been submitted
your job 679109 ("y3gggam_121966.run") has been submitted
your job 679150 ("y2ggg_129536.run") has been submitted
your job 679152 ("y2ggg_129550.run") has been submitted
your job 679153 ("y1gggam_123647.run") has been submitted
your job 679173 ("y2ggg_129572.run") has been submitted
your job 679217 ("y2ggg_129545.run") has been submitted
your job 679218 ("y2qq_129618.run") has been submitted
your job 679220 ("y1ggg_123621.run") has been submitted
your job 679224 ("y3ggg_121917.run") has been submitted
your job 679225 ("y1gggam_123646.run") has been submitted
your job 679229 ("y3gggam_121953.run") has been submitted
your job 679230 ("y1ggg_123615.run") has been submitted
your job 679262 ("y2ggg_129552.run") has been submitted
your job 679263 ("y3ggg_121928.run") has been submitted
your job 679270 ("y3qq_121970.run") has been submitted
your job 679271 ("y1ggg_123617.run") has been submitted
your job 679273 ("y2ggg_129575.run") has been submitted
your job 679317 ("y3ggg_121918.run") has been submitted
your job 679323 ("y2qq_129623.run") has been submitted
your job 679324 ("y3ggg_121936.run") has been submitted
your job 679328 ("y1ggg_123636.run") has been submitted
your job 679331 ("y2ggg_129540.run") has been submitted
your job 679338 ("y3ggg_121916.run") has been submitted
your job 679352 ("y2ggg_129566.run") has been submitted
your job 679353 ("y3qq_121975.run") has been submitted
your job 679355 ("y1qq_123658.run") has been submitted
your job 679376 ("y1ggg_123616.run") has been submitted
your job 679377 ("y3gggam_121965.run") has been submitted
..
Waiting five minutes...
Waiting five minutes...
Submitting y2ggg_129541.run.
Waiting five minutes...
Waiting five minutes...
Submitting y3gggam_121966.run.
Waiting five minutes...
Waiting five minutes...
Waiting five minutes...
Waiting five minutes...
Waiting five minutes...
Waiting five minutes...
Submitting y2ggg_129536.run.
Waiting five minutes...
Waiting five minutes...
Waiting five minutes...
Waiting five minutes...
Waiting five minutes...
Waiting five minutes...
Waiting five minutes...
Submitting y2ggg_129550.run.
Waiting five minutes...
Waiting five minutes...
Waiting five minutes...
Waiting five minutes...
Waiting five minutes...
Waiting five minutes...
Waiting five minutes...
Waiting five minutes...
Waiting five minutes...
Submitting y1gggam_123647.run.
Waiting five minutes...
Waiting five minutes...
Waiting five minutes...
Waiting five minutes...
Waiting five minutes...
Waiting five minutes...
Waiting five minutes...
Waiting five minutes...
Waiting five minutes...
Waiting five minutes...
Waiting five minutes...
Waiting five minutes...
Waiting five minutes...
Waiting five minutes...
Waiting five minutes...
Waiting five minutes...
Waiting five minutes...
Waiting five minutes...
Waiting five minutes...
Waiting five minutes...
Waiting five minutes...
Waiting five minutes...
Waiting five minutes...
Waiting five minutes...
Waiting five minutes...
Waiting five minutes...
Waiting five minutes...
Waiting five minutes...
Submitting y2ggg_129572.run.
Waiting five minutes...
Waiting five minutes...
Waiting five minutes...
Waiting five minutes...
Waiting five minutes...
Waiting five minutes...
Waiting five minutes...
Waiting five minutes...
Waiting five minutes...
Waiting five minutes...
Waiting five minutes...
Waiting five minutes...
Waiting five minutes...
Waiting five minutes...
Waiting five minutes...
Waiting five minutes...
Waiting five minutes...
Waiting five minutes...
Waiting five minutes...
Waiting five minutes...
Waiting five minutes...
Waiting five minutes...
Waiting five minutes...
Waiting five minutes...
Waiting five minutes...
Waiting five minutes...
Waiting five minutes...
Waiting five minutes...
Submitting y2ggg_129545.run.
Waiting five minutes...
Waiting five minutes...
Waiting five minutes...
Waiting five minutes...
Waiting five minutes...
Waiting five minutes...
Submitting y2qq_129618.run.
Waiting five minutes...
Waiting five minutes...
Waiting five minutes...
Waiting five minutes...
Waiting five minutes...
Submitting y1ggg_123621.run.
Waiting five minutes...
Waiting five minutes...
Waiting five minutes...
Waiting five minutes...
Waiting five minutes...
Waiting five minutes...
Waiting five minutes...
Waiting five minutes...
Waiting five minutes...
Waiting five minutes...
Waiting five minutes...
Waiting five minutes...
Waiting five minutes...
Waiting five minutes...
Waiting five minutes...
Waiting five minutes...
Waiting five minutes...
Waiting five minutes...
Waiting five minutes...
Waiting five minutes...
Waiting five minutes...
Waiting five minutes...
Waiting five minutes...
Waiting five minutes...
Waiting five minutes...
Waiting five minutes...
Waiting five minutes...
Waiting five minutes...
Waiting five minutes...
Waiting five minutes...
Submitting y3ggg_121917.run.
Waiting five minutes...
Waiting five minutes...
Waiting five minutes...
Waiting five minutes...
Submitting y1gggam_123646.run.
Waiting five minutes...
Waiting five minutes...
Waiting five minutes...
Waiting five minutes...
Waiting five minutes...
Waiting five minutes...
Waiting five minutes...
Waiting five minutes...
Waiting five minutes...
Waiting five minutes...
Waiting five minutes...
Waiting five minutes...
Waiting five minutes...
Waiting five minutes...
Submitting y3gggam_121953.run.
Waiting five minutes...
Submitting y1ggg_123615.run.
Waiting five minutes...
Waiting five minutes...
Waiting five minutes...
Waiting five minutes...
Waiting five minutes...
Waiting five minutes...
Waiting five minutes...
Waiting five minutes...
Waiting five minutes...
Waiting five minutes...
Waiting five minutes...
Waiting five minutes...
Waiting five minutes...
Waiting five minutes...
Waiting five minutes...
Waiting five minutes...
Waiting five minutes...
Waiting five minutes...
Submitting y2ggg_129552.run.
Waiting five minutes...
Waiting five minutes...
Waiting five minutes...
Waiting five minutes...
Waiting five minutes...
Waiting five minutes...
Waiting five minutes...
Waiting five minutes...
Waiting five minutes...
Waiting five minutes...
Waiting five minutes...
Waiting five minutes...
Waiting five minutes...
Waiting five minutes...
Submitting y3ggg_121928.run.
Waiting five minutes...
Waiting five minutes...
Waiting five minutes...
Waiting five minutes...
Waiting five minutes...
Waiting five minutes...
Waiting five minutes...
Waiting five minutes...
Waiting five minutes...
Waiting five minutes...
Waiting five minutes...
Waiting five minutes...
Waiting five minutes...
Waiting five minutes...
Waiting five minutes...
Waiting five minutes...
Waiting five minutes...
Waiting five minutes...
Waiting five minutes...
Waiting five minutes...
Waiting five minutes...
Waiting five minutes...
Waiting five minutes...
Waiting five minutes...
Waiting five minutes...
Waiting five minutes...
Waiting five minutes...
Waiting five minutes...
Waiting five minutes...
Waiting five minutes...
Waiting five minutes...
Submitting y3qq_121970.run.
Submitting y1ggg_123617.run.
Waiting five minutes...
Waiting five minutes...
Waiting five minutes...
Waiting five minutes...
Waiting five minutes...
Waiting five minutes...
Waiting five minutes...
Waiting five minutes...
Submitting y2ggg_129575.run.
Waiting five minutes...
Waiting five minutes...
Waiting five minutes...
Waiting five minutes...
Waiting five minutes...
Waiting five minutes...
Waiting five minutes...
Waiting five minutes...
Waiting five minutes...
Waiting five minutes...
Waiting five minutes...
Waiting five minutes...
Waiting five minutes...
Waiting five minutes...
Waiting five minutes...
Submitting y3ggg_121918.run.
Waiting five minutes...
Waiting five minutes...
Waiting five minutes...
Waiting five minutes...
Waiting five minutes...
Waiting five minutes...
Waiting five minutes...
Submitting y2qq_129623.run.
Waiting five minutes...
Submitting y3ggg_121936.run.
Waiting five minutes...
Waiting five minutes...
Waiting five minutes...
Waiting five minutes...
Waiting five minutes...
Waiting five minutes...
Waiting five minutes...
Waiting five minutes...
Waiting five minutes...
Submitting y1ggg_123636.run.
Waiting five minutes...
Waiting five minutes...
Waiting five minutes...
Waiting five minutes...
Submitting y2ggg_129540.run.
Waiting five minutes...
Waiting five minutes...
Waiting five minutes...
Waiting five minutes...
Waiting five minutes...
Waiting five minutes...
Submitting y3ggg_121916.run.
Waiting five minutes...
Waiting five minutes...
Waiting five minutes...
Waiting five minutes...
Waiting five minutes...
Waiting five minutes...
Waiting five minutes...
Waiting five minutes...
Waiting five minutes...
Waiting five minutes...
Waiting five minutes...
Waiting five minutes...
Waiting five minutes...
Submitting y2ggg_129566.run.
Waiting five minutes...
Waiting five minutes...
Waiting five minutes...
Waiting five minutes...
Waiting five minutes...
Waiting five minutes...
Waiting five minutes...
Waiting five minutes...
Waiting five minutes...
Waiting five minutes...
Waiting five minutes...
Waiting five minutes...
Waiting five minutes...
Waiting five minutes...
Waiting five minutes...
Submitting y3qq_121975.run.
Waiting five minutes...
Waiting five minutes...
Waiting five minutes...
Waiting five minutes...
Waiting five minutes...
Waiting five minutes...
Submitting y1qq_123658.run.
Waiting five minutes...
Waiting five minutes...
Waiting five minutes...
Waiting five minutes...
Waiting five minutes...
Waiting five minutes...
Waiting five minutes...
Waiting five minutes...
Waiting five minutes...
Waiting five minutes...
Waiting five minutes...
Waiting five minutes...
Submitting y1ggg_123616.run.
Waiting five minutes...
Waiting five minutes...
Submitting y3gggam_121965.run.
Waiting five minutes...
Waiting five minutes...
Waiting five minutes...your job 679378 ("y1ggg_123623.run") has been submitted
your job 679382 ("y1gggam_123645.run") has been submitted
your job 679383 ("y3ggg_121925.run") has been submitted
your job 679386 ("y3ggg_121924.run") has been submitted
your job 679390 ("y2ggg_129564.run") has been submitted
your job 679391 ("y3qq_121969.run") has been submitted
your job 679405 ("y3ggg_121950.run") has been submitted

Waiting five minutes...
Submitting y1ggg_123623.run.
Waiting five minutes...
Waiting five minutes...
Waiting five minutes...
Waiting five minutes...
Waiting five minutes...
Waiting five minutes...
Waiting five minutes...
Waiting five minutes...
Waiting five minutes...
Waiting five minutes...
Waiting five minutes...
Waiting five minutes...
Waiting five minutes...
Waiting five minutes...
Submitting y1gggam_123645.run.
Waiting five minutes...
Waiting five minutes...
Waiting five minutes...
Waiting five minutes...
Waiting five minutes...
Waiting five minutes...
Waiting five minutes...
Waiting five minutes...
Waiting five minutes...
Waiting five minutes...
Waiting five minutes...
Submitting y3ggg_121925.run.
Waiting five minutes...
Waiting five minutes...
Waiting five minutes...
Waiting five minutes...
Waiting five minutes...
Waiting five minutes...
Waiting five minutes...
Waiting five minutes...
Waiting five minutes...
Waiting five minutes...
Waiting five minutes...
Waiting five minutes...
Waiting five minutes...
Submitting y3ggg_121924.run.
Waiting five minutes...
Waiting five minutes...
Waiting five minutes...
Waiting five minutes...
Waiting five minutes...
Waiting five minutes...
Waiting five minutes...
Waiting five minutes...
Waiting five minutes...
Waiting five minutes...
Waiting five minutes...
Waiting five minutes...
Waiting five minutes...
Waiting five minutes...
Waiting five minutes...
Waiting five minutes...
Waiting five minutes...
Waiting five minutes...
Submitting y2ggg_129564.run.
Submitting y3qq_121969.run.
Waiting five minutes...
Waiting five minutes...
Submitting y3ggg_121950.run.
your job 997070 ("y2scas_129535.run") has been submitted
your job 997071 ("y2scas_129536.run") has been submitted
your job 997072 ("y2scas_129538.run") has been submitted
your job 997073 ("y2scas_129539.run") has been submitted
your job 997074 ("y2scas_129540.run") has been submitted
your job 997075 ("y2scas_129541.run") has been submitted
your job 997076 ("y2scas_129545.run") has been submitted
your job 997077 ("y2scas_129549.run") has been submitted
your job 997078 ("y2scas_129550.run") has been submitted
your job 997079 ("y2scas_129551.run") has been submitted
your job 997080 ("y2scas_129552.run") has been submitted
your job 997081 ("y2scas_129553.run") has been submitted
your job 997082 ("y2scas_129564.run") has been submitted
your job 997083 ("y2scas_129566.run") has been submitted
your job 997084 ("y2scas_129567.run") has been submitted
your job 997085 ("y2scas_129568.run") has been submitted
your job 997086 ("y2scas_129572.run") has been submitted
your job 997087 ("y2scas_129573.run") has been submitted
your job 997088 ("y2scas_129574.run") has been submitted
your job 997089 ("y2scas_129575.run") has been submitted
your job 997090 ("y2scas_129576.run") has been submitted
your job 997091 ("y3scas_121916.run") has been submitted
your job 997092 ("y3scas_121917.run") has been submitted
your job 997093 ("y3scas_121918.run") has been submitted
your job 997094 ("y3scas_121920.run") has been submitted
your job 997095 ("y3scas_121924.run") has been submitted
your job 997096 ("y3scas_121925.run") has been submitted
your job 997097 ("y3scas_121927.run") has been submitted
your job 997098 ("y3scas_121928.run") has been submitted
your job 997099 ("y3scas_121929.run") has been submitted
your job 997100 ("y3scas_121930.run") has been submitted
your job 997101 ("y3scas_121932.run") has been submitted
your job 997244 ("y3scas_121933.run") has been submitted
your job 997281 ("y3scas_121936.run") has been submitted
your job 997353 ("y3scas_121939.run") has been submitted
your job 997371 ("y2pho3_129535.run") has been submitted
your job 997386 ("y3scas_121940.run") has been submitted
your job 997420 ("y2pho3_129536.run") has been submitted
your job 997424 ("y2pho3_129538.run") has been submitted
your job 997428 ("y3scas_121943.run") has been submitted
your job 997432 ("y3scas_121944.run") has been submitted
your job 997440 ("y2pho3_129539.run") has been submitted
your job 997442 ("y3scas_121946.run") has been submitted
your job 997466 ("y2pho3_129540.run") has been submitted
your job 997595 ("y2pho3_129541.run") has been submitted
Submitting y2scas_129535.run.
Submitting y2scas_129536.run.
Submitting y2scas_129538.run.
Submitting y2scas_129539.run.
Submitting y2scas_129540.run.
Submitting y2scas_129541.run.
Submitting y2scas_129545.run.
Submitting y2scas_129549.run.
Submitting y2scas_129550.run.
Submitting y2scas_129551.run.
Submitting y2scas_129552.run.
Submitting y2scas_129553.run.
Submitting y2scas_129564.run.
Submitting y2scas_129566.run.
Submitting y2scas_129567.run.
Submitting y2scas_129568.run.
Submitting y2scas_129572.run.
Submitting y2scas_129573.run.
Submitting y2scas_129574.run.
Submitting y2scas_129575.run.
Submitting y2scas_129576.run.
Submitting y3scas_121916.run.
Submitting y3scas_121917.run.
Submitting y3scas_121918.run.
Submitting y3scas_121920.run.
Submitting y3scas_121924.run.
Submitting y3scas_121925.run.
Submitting y3scas_121927.run.
Submitting y3scas_121928.run.
Submitting y3scas_121929.run.
Submitting y3scas_121930.run.
Submitting y3scas_121932.run.
Waiting five minutes...
Waiting five minutes...
Waiting five minutes...
Waiting five minutes...
Waiting five minutes...
Waiting five minutes...
Waiting five minutes...
Waiting five minutes...
Waiting five minutes...
Waiting five minutes...
Waiting five minutes...
Waiting five minutes...
Waiting five minutes...
Waiting five minutes...
Waiting five minutes...
Waiting five minutes...
Waiting five minutes...
Waiting five minutes...
Waiting five minutes...
Waiting five minutes...
Waiting five minutes...
Waiting five minutes...
Waiting five minutes...
Waiting five minutes...
Waiting five minutes...
Waiting five minutes...
Waiting five minutes...
Waiting five minutes...
Waiting five minutes...
Waiting five minutes...
Waiting five minutes...
Waiting five minutes...
Waiting five minutes...
Waiting five minutes...
Waiting five minutes...
Waiting five minutes...
Waiting five minutes...
Waiting five minutes...
Waiting five minutes...
Waiting five minutes...
Waiting five minutes...
Waiting five minutes...
Waiting five minutes...
Waiting five minutes...
Waiting five minutes...
Waiting five minutes...
Waiting five minutes...
Waiting five minutes...
Waiting five minutes...
Waiting five minutes...
Waiting five minutes...
Waiting five minutes...
Waiting five minutes...
Waiting five minutes...
Waiting five minutes...
Waiting five minutes...
Waiting five minutes...
Waiting five minutes...
Waiting five minutes...
Waiting five minutes...
Waiting five minutes...
Waiting five minutes...
Waiting five minutes...
Waiting five minutes...
Waiting five minutes...
Waiting five minutes...
Waiting five minutes...
Waiting five minutes...
Waiting five minutes...
Waiting five minutes...
Waiting five minutes...
Waiting five minutes...
Waiting five minutes...
Waiting five minutes...
Waiting five minutes...
Waiting five minutes...
Waiting five minutes...
Waiting five minutes...
Waiting five minutes...
Waiting five minutes...
Waiting five minutes...
Waiting five minutes...
Waiting five minutes...
Waiting five minutes...
Waiting five minutes...
Waiting five minutes...
Waiting five minutes...
Waiting five minutes...
Waiting five minutes...
Waiting five minutes...
Waiting five minutes...
Waiting five minutes...
Waiting five minutes...
Waiting five minutes...
Waiting five minutes...
Waiting five minutes...
Waiting five minutes...
Waiting five minutes...
Waiting five minutes...
Waiting five minutes...
Waiting five minutes...
Waiting five minutes...
Waiting five minutes...
Waiting five minutes...
Waiting five minutes...
Waiting five minutes...
Waiting five minutes...
Waiting five minutes...
Waiting five minutes...
Waiting five minutes...
Waiting five minutes...
Waiting five minutes...
Waiting five minutes...
Waiting five minutes...
Waiting five minutes...
Waiting five minutes...
Waiting five minutes...
Waiting five minutes...
Waiting five minutes...
Waiting five minutes...
Waiting five minutes...
Waiting five minutes...
Waiting five minutes...
Waiting five minutes...
Waiting five minutes...
Waiting five minutes...
Waiting five minutes...
Waiting five minutes...
Waiting five minutes...
Waiting five minutes...
Waiting five minutes...
Waiting five minutes...
Waiting five minutes...
Waiting five minutes...
Waiting five minutes...
Waiting five minutes...
Waiting five minutes...
Waiting five minutes...
Waiting five minutes...
Submitting y3scas_121933.run.
Waiting five minutes...
Waiting five minutes...
Waiting five minutes...
Waiting five minutes...
Waiting five minutes...
Waiting five minutes...
Waiting five minutes...
Waiting five minutes...
Waiting five minutes...
Waiting five minutes...
Waiting five minutes...
Waiting five minutes...
Waiting five minutes...
Waiting five minutes...
Waiting five minutes...
Waiting five minutes...
Waiting five minutes...
Waiting five minutes...
Waiting five minutes...
Waiting five minutes...
Waiting five minutes...
Waiting five minutes...
Waiting five minutes...
Waiting five minutes...
Waiting five minutes...
Waiting five minutes...
Submitting y3scas_121936.run.
Waiting five minutes...
Waiting five minutes...
Waiting five minutes...
Waiting five minutes...
Waiting five minutes...
Waiting five minutes...
Waiting five minutes...
Waiting five minutes...
Waiting five minutes...
Waiting five minutes...
Waiting five minutes...
Waiting five minutes...
Waiting five minutes...
Waiting five minutes...
Waiting five minutes...
Waiting five minutes...
Waiting five minutes...
Waiting five minutes...
Waiting five minutes...
Waiting five minutes...
Waiting five minutes...
Waiting five minutes...
Waiting five minutes...
Waiting five minutes...
Waiting five minutes...
Waiting five minutes...
Waiting five minutes...
Waiting five minutes...
Waiting five minutes...
Waiting five minutes...
Waiting five minutes...
Waiting five minutes...
Waiting five minutes...
Waiting five minutes...
Waiting five minutes...
Waiting five minutes...
Waiting five minutes...
Waiting five minutes...
Waiting five minutes...
Waiting five minutes...
Waiting five minutes...
Waiting five minutes...
Submitting y3scas_121939.run.
Waiting five minutes...
Waiting five minutes...
Waiting five minutes...
Submitting y3scas_121940.run.
Waiting five minutes...
Waiting five minutes...
Waiting five minutes...
Waiting five minutes...
Waiting five minutes...
Waiting five minutes...
Waiting five minutes...
Waiting five minutes...
Waiting five minutes...
Waiting five minutes...
Waiting five minutes...
Waiting five minutes...
Waiting five minutes...
Waiting five minutes...
Waiting five minutes...
Waiting five minutes...
Waiting five minutes...
Submitting y3scas_121943.run.
Waiting five minutes...
Waiting five minutes...
Waiting five minutes...
Waiting five minutes...
Waiting five minutes...
Waiting five minutes...
Waiting five minutes...
Waiting five minutes...
Waiting five minutes...
Waiting five minutes...
Submitting y3scas_121944.run.
Waiting five minutes...
Waiting five minutes...
Waiting five minutes...
Waiting five minutes...
Waiting five minutes...
Waiting five minutes...
Submitting y3scas_121946.run.
Waiting five minutes...
Waiting five minutes...
Waiting five minutes...
Waiting five minutes...
Waiting five minutes...
Waiting five minutes...
Waiting five minutes...
Waiting five minutes...
Waiting five minutes...
Waiting five minutes...
Waiting five minutes...
Waiting five minutes...
Waiting five minutes...
Waiting five minutes...
Waiting five minutes...
Waiting five minutes...
Waiting five minutes...
Waiting five minutes...
Waiting five minutes...
Waiting five minutes...
Waiting five minutes...
Waiting five minutes...
Waiting five minutes...
Waiting five minutes...
Waiting five minutes...
Waiting five minutes...
Waiting five minutes...
Waiting five minutes...
Waiting five minutes...
Waiting five minutes...
Waiting five minutes...
Waiting five minutes...
Waiting five minutes...
Waiting five minutes...
Waiting five minutes...
Waiting five minutes...
Waiting five minutes...
Waiting five minutes...
Waiting five minutes...
Waiting five minutes...
Waiting five minutes...
Waiting five minutes...
Waiting five minutes...
Waiting five minutes...
Waiting five minutes...
Waiting five minutes...
Waiting five minutes...
Waiting five minutes...
Waiting five minutes...
Waiting five myour job 997597 ("y3scas_121948.run") has been submitted
your job 997615 ("y2pho3_129545.run") has been submitted
your job 997638 ("y3scas_121949.run") has been submitted
your job 997639 ("y3scas_121950.run") has been submitted
your job 997641 ("y1tautau_123650.run") has been submitted
your job 997722 ("y1tautau_123651.run") has been submitted
your job 997723 ("y1tautau_123652.run") has been submitted
your job 997726 ("y1tautau_123653.run") has been submitted
your job 997727 ("y1tautau_123654.run") has been submitted
your job 997732 ("y1tautau_123656.run") has been submitted
your job 997733 ("y3pho3_121916.run") has been submitted
your job 997751 ("y1tautau_123658.run") has been submitted
your job 997773 ("y1ee_123633.run") has been submitted
your job 997780 ("y3pho3_121917.run") has been submitted
your job 997783 ("y1ee_123635.run") has been submitted
your job 997880 ("y1ee_123636.run") has been submitted
your job 997889 ("y3pho3_121918.run") has been submitted
your job 997905 ("y1ee_123637.run") has been submitted
your job 997910 ("y1ee_123638.run") has been submitted
your job 997913 ("y3pho3_121920.run") has been submitted
your job 997970 ("y1ee_123639.run") has been submitted
your job 997977 ("y1ee_123640.run") has been submitted
your job 997986 ("y1mumu_123641.run") has been submitted
your job 997994 ("y3pho3_121924.run") has been submitted
your job 997996 ("y1mumu_123643.run") has been submitted
your job 998004 ("y1mumu_123644.run") has been submitted
your job 998005 ("y1mumu_123645.run") has been submitted
your job 998006 ("y1mumu_123646.run") has been submitted
Waiting five minutes...
Waiting five minutes...
Waiting five minutes...
Waiting five minutes...
Waiting five minutes...
Waiting five minutes...
Waiting five minutes...
Waiting five minutes...
Waiting five minutes...
Waiting five minutes...
Waiting five minutes...
Waiting five minutes...
Waiting five minutes...
Waiting five minutes...
Waiting five minutes...
Waiting five minutes...
Waiting five minutes...
Waiting five minutes...
Waiting five minutes...
Waiting five minutes...
Waiting five minutes...
Waiting five minutes...
Waiting five minutes...
Waiting five minutes...
Waiting five minutes...
Waiting five minutes...
Waiting five minutes...
Waiting five minutes...
Waiting five minutes...
Submitting y2pho3_129535.run.
Waiting five minutes...
Waiting five minutes...
Waiting five minutes...
Waiting five minutes...
Waiting five minutes...
Waiting five minutes...
Waiting five minutes...
Waiting five minutes...
Waiting five minutes...
Waiting five minutes...
Waiting five minutes...
Waiting five minutes...
Waiting five minutes...
Waiting five minutes...
Waiting five minutes...
Waiting five minutes...
Submitting y2pho3_129536.run.
Waiting five minutes...
Waiting five minutes...
Submitting y2pho3_129538.run.
Waiting five minutes...
Waiting five minutes...
Waiting five minutes...
Waiting five minutes...
Waiting five minutes...
Waiting five minutes...
Waiting five minutes...
Waiting five minutes...
Waiting five minutes...
Waiting five minutes...
Waiting five minutes...
Waiting five minutes...
Waiting five minutes...
Waiting five minutes...
Waiting five minutes...
Waiting five minutes...
Submitting y2pho3_129539.run.
Waiting five minutes...
Waiting five minutes...
Waiting five minutes...
Waiting five minutes...
Waiting five minutes...
Waiting five minutes...
Waiting five minutes...
Waiting five minutes...
Waiting five minutes...
Waiting five minutes...
Waiting five minutes...
Waiting five minutes...
Waiting five minutes...
Submitting y2pho3_129540.run.
Waiting five minutes...
Waiting five minutes...
Waiting five minutes...
Waiting five minutes...
Waiting five minutes...
Waiting five minutes...
Waiting five minutes...
Waiting five minutes...
Waiting five minutes...
Waiting five minutes...
Waiting five minutes...
Waiting five minutes...
Waiting five minutes...
Waiting five minutes...
Waiting five minutes...
Waiting five minutes...
Waiting five minutes...
Waiting five minutes...
Waiting five minutes...
Waiting five minutes...
Waiting five minutes...
Waiting five minutes...
Waiting five minutes...
Waiting five minutes...
Waiting five minutes...
Waiting five minutes...
Waiting five minutes...
Waiting five minutes...
Waiting five minutes...
Waiting five minutes...
Waiting five minutes...
Waiting five minutes...
Waiting five minutes...
Waiting five minutes...
Submitting y2pho3_129541.run.
Waiting five minutes...
Waiting five minutes...
Waiting five minutes...
Waiting five minutes...
Waiting five minutes...
Waiting five minutes...
Waiting five minutes...
Waiting five minutes...
Waiting five minutes...
Waiting five minutes...
Waiting five minutes...
Waiting five minutes...
Waiting five minutes...
Waiting five minutes...
Waiting five minutes...
Waiting five minutes...
Waiting five minutes...
Waiting five minutes...
Waiting five minutes...
Waiting five minutes...
Waiting five minutes...
Waiting five minutes...
Submitting y2pho3_129545.run.
Waiting five minutes...
Waiting five minutes...
Waiting five minutes...
Waiting five minutes...
Waiting five minutes...
Waiting five minutes...
Waiting five minutes...
Waiting five minutes...
Waiting five minutes...
Waiting five minutes...
Waiting five minutes...
Waiting five minutes...
Waiting five minutes...
Waiting five minutes...
Waiting five minutes...
Waiting five minutes...
Waiting five minutes...
Waiting five minutes...
Waiting five minutes...
Waiting five minutes...
Waiting five minutes...
Waiting five minutes...
Waiting five minutes...
Waiting five minutes...
Waiting five minutes...
Waiting five minutes...
Waiting five minutes...
Waiting five minutes...
Waiting five minutes...
Waiting five minutes...
Waiting five minutes...
Waiting five minutes...
Waiting five minutes...
Waiting five minutes...
Waiting five minutes...
Waiting five minutes...
Waiting five minutes...
Waiting five minutes...
Submitting y3pho3_121916.run.
Waiting five minutes...
Waiting five minutes...
Waiting five minutes...
Waiting five minutes...
Waiting five minutes...
Waiting five minutes...
Waiting five minutes...
Waiting five minutes...
Waiting five minutes...
Waiting five minutes...
Waiting five minutes...
Waiting five minutes...
Waiting five minutes...
Waiting five minutes...
Waiting five minutes...
Waiting five minutes...
Waiting five minutes...
Waiting five minutes...
Waiting five minutes...
Waiting five minutes...
Waiting five minutes...
Waiting five minutes...
Waiting five minutes...
Waiting five minutes...
Waiting five minutes...
Waiting five minutes...
Waiting five minutes...
Waiting five minutes...
Waiting five minutes...
Waiting five minutes...
Waiting five minutes...
Submitting y3pho3_121917.run.
Waiting five minutes...
Waiting five minutes...
Waiting five minutes...
Waiting five minutes...
Waiting five minutes...
Waiting five minutes...
Waiting five minutes...
Waiting five minutes...
Waiting five minutes...
Waiting five minutes...
Waiting five minutes...
Waiting five minutes...
Waiting five minutes...
Waiting five minutes...
Submitting y3pho3_121918.run.
Waiting five minutes...
Waiting five minutes...
Waiting five minutes...
Waiting five minutes...
Waiting five minutes...
Waiting five minutes...
Waiting five minutes...
Waiting five minutes...
Waiting five minutes...
Waiting five minutes...
Waiting five minutes...
Waiting five minutes...
Waiting five minutes...
Waiting five minutes...
Waiting five minutes...
Waiting five minutes...
Waiting five minutes...
Waiting five minutes...
Waiting five minutes...
Submitting y3pho3_121920.run.
Waiting five minutes...
Waiting five minutes...
Waiting five minutes...
Waiting five minutes...
Waiting five minutes...
Waiting five minutes...
Waiting five minutes...
Waiting five minutes...
Waiting five minutes...
Waiting five minutes...
Waiting five minutes...
Waiting five minutes...
Waiting five minutes...
Waiting five minutes...
Waiting five minutes...
Waiting five minutes...
Waiting five minutes...
Waiting five minutes...
Waiting five minutes...
Waiting five minutes...
Waiting five minutes...
Waiting five minutes...
Waiting five minutes...
Waiting five minutes...
Waiting five minutes...
Waiting five minutes...
Waiting five minutes...
Waiting five minutes...
Waiting five minutes...
Waiting five minutes...
Waiting five minutes...
Waiting five minutes...
Waiting five minutes...
Waiting five minutes...
Waiting five minutes...
Waiting five minutes...
Waiting five minutes...
Waiting five minutes...
Waiting five minutes...
Waiting five minutes...
Waiting five minutes...
Waiting five minutes...
Waiting five minutes...
Waiting five minutes...
Waiting five minutes...
Waiting five minutes...
Waiting five minutes...
Waiting five minutes...
Waiting five minutes...
Waiting five minutes...
Waiting five minutes...
Waiting five minutes...
Waiting five minutes...
Submitting y3pho3_121924.run.
Waiting five minutes...
Waiting five minutes...
Waiting five minutes...
Waiting five minutes...
Waiting five minutes...
Waiting five minutes...
Waiting five minutes...
Waiting five minutes...
Waiting five minutes...
Waiting five minutes...
Waiting five minutes...
Waiting five minutes...
Waiting five minutes...
Waiting five minutes...
Waiting five minutes...
Waiting five minutes...
Waiting five minutes...
Waiting five minutes...
Waiting five minutes...
Waiting five minutes...
Waiting five minutes...
Waiting five minutes...
Waiting five minutes...
Waiting five minutes...
Waiting five minutes...
Waiting five minutes...
Waiting five minutes...
Waiting five minutes...
Waiting five minutes...
Waiting five minutes...
Waiting five minutes...
Waiting five minutes...
Waiting five minutes...
Waiting five minutes...
Waiting five minutes...
Waiting five minutes...
Waiting five minutes...
Waiting five minutes...
Waiting five minutes...
Waiting your job 998088 ("y3pho3_121925.run") has been submitted
your job 998114 ("y1mumu_123647.run") has been submitted
your job 998116 ("y1mumu_123648.run") has been submitted
your job 998118 ("y2tautau_129618.run") has been submitted
your job 998141 ("y2tautau_129619.run") has been submitted
your job 998147 ("y2tautau_129620.run") has been submitted
your job 998162 ("y2tautau_129623.run") has been submitted
your job 998166 ("y2tautau_129626.run") has been submitted
your job 998241 ("y2tautau_129629.run") has been submitted
your job 998266 ("y3pho3_121927.run") has been submitted
five minutes...
Waiting five minutes...
Waiting five minutes...
Waiting five minutes...
Waiting five minutes...
Waiting five minutes...
Waiting five minutes...
Waiting five minutes...
Submitting y3pho3_121925.run.
Waiting five minutes...
Waiting five minutes...
Waiting five minutes...
Waiting five minutes...
Waiting five minutes...
Waiting five minutes...
Waiting five minutes...
Waiting five minutes...
Waiting five minutes...
Waiting five minutes...
Waiting five minutes...
Waiting five minutes...
Waiting five minutes...
Waiting five minutes...
Waiting five minutes...
Waiting five minutes...
Waiting five minutes...
Waiting five minutes...
Waiting five minutes...
Waiting five minutes...
Waiting five minutes...
Waiting five minutes...
Waiting five minutes...
Waiting five minutes...
Waiting five minutes...
Waiting five minutes...
Waiting five minutes...
Waiting five minutes...
Waiting five minutes...
Waiting five minutes...
Waiting five minutes...
Waiting five minutes...
Waiting five minutes...
Waiting five minutes...
Waiting five minutes...
Waiting five minutes...
Waiting five minutes...
Waiting five minutes...
Waiting five minutes...
Waiting five minutes...
Waiting five minutes...
Waiting five minutes...
Waiting five minutes...
Waiting five minutes...
Waiting five minutes...
Waiting five minutes...
Waiting five minutes...
Waiting five minutes...
Waiting five minutes...
Waiting five minutes...
Waiting five minutes...
Waiting five minutes...
Waiting five minutes...
Waiting five minutes...
Waiting five minutes...
Waiting five minutes...
Waiting five minutes...
Waiting five minutes...
Waiting five minutes...
Waiting five minutes...
Waiting five minutes...
Waiting five minutes...
Waiting five minutes...
Waiting five minutes...
Waiting five minutes...
Waiting five minutes...
Submitting y3pho3_121927.run.
your job 998267 ("y2tautau_129630.run") has been submitted
inutes...
Waiting five minutes...
Submitting y3scas_121948.run.
Waiting five minutes...
Waiting five minutes...
Waiting five minutes...
Waiting five minutes...
Waiting five minutes...
Waiting five minutes...
Waiting five minutes...
Waiting five minutes...
Waiting five minutes...
Waiting five minutes...
Waiting five minutes...
Waiting five minutes...
Waiting five minutes...
Waiting five minutes...
Waiting five minutes...
Waiting five minutes...
Waiting five minutes...
Waiting five minutes...
Waiting five minutes...
Waiting five minutes...
Waiting five minutes...
Waiting five minutes...
Submitting y3scas_121949.run.
Submitting y3scas_121950.run.
Waiting five minutes...
Waiting five minutes...
Waiting five minutes...
Submitting y1tautau_123650.run.
Waiting five minutes...
Waiting five minutes...
Waiting five minutes...
Waiting five minutes...
Waiting five minutes...
Waiting five minutes...
Waiting five minutes...
Waiting five minutes...
Waiting five minutes...
Waiting five minutes...
Waiting five minutes...
Waiting five minutes...
Waiting five minutes...
Waiting five minutes...
Waiting five minutes...
Waiting five minutes...
Waiting five minutes...
Waiting five minutes...
Waiting five minutes...
Waiting five minutes...
Waiting five minutes...
Waiting five minutes...
Waiting five minutes...
Waiting five minutes...
Waiting five minutes...
Submitting y1tautau_123651.run.
Waiting five minutes...
Submitting y1tautau_123652.run.
Waiting five minutes...
Submitting y1tautau_123653.run.
Submitting y1tautau_123654.run.
Waiting five minutes...
Waiting five minutes...
Waiting five minutes...
Submitting y1tautau_123656.run.
Waiting five minutes...
Waiting five minutes...
Waiting five minutes...
Waiting five minutes...
Waiting five minutes...
Waiting five minutes...
Waiting five minutes...
Waiting five minutes...
Waiting five minutes...
Waiting five minutes...
Waiting five minutes...
Waiting five minutes...
Waiting five minutes...
Submitting y1tautau_123658.run.
Waiting five minutes...
Waiting five minutes...
Waiting five minutes...
Waiting five minutes...
Waiting five minutes...
Waiting five minutes...
Waiting five minutes...
Waiting five minutes...
Waiting five minutes...
Waiting five minutes...
Waiting five minutes...
Waiting five minutes...
Waiting five minutes...
Submitting y1ee_123633.run.
Waiting five minutes...
Waiting five minutes...
Waiting five minutes...
Waiting five minutes...
Waiting five minutes...
Waiting five minutes...
Waiting five minutes...
Submitting y1ee_123635.run.
Waiting five minutes...
Waiting five minutes...
Waiting five minutes...
Waiting five minutes...
Waiting five minutes...
Waiting five minutes...
Waiting five minutes...
Waiting five minutes...
Waiting five minutes...
Waiting five minutes...
Submitting y1ee_123636.run.
Waiting five minutes...
Waiting five minutes...
Waiting five minutes...
Waiting five minutes...
Waiting five minutes...
Waiting five minutes...
Waiting five minutes...
Waiting five minutes...
Waiting five minutes...
Waiting five minutes...
Waiting five minutes...
Waiting five minutes...
Waiting five minutes...
Waiting five minutes...
Submitting y1ee_123637.run.
Waiting five minutes...
Submitting y1ee_123638.run.
Waiting five minutes...
Waiting five minutes...
Waiting five minutes...
Waiting five minutes...
Waiting five minutes...
Waiting five minutes...
Waiting five minutes...
Waiting five minutes...
Waiting five minutes...
Waiting five minutes...
Waiting five minutes...
Waiting five minutes...
Waiting five minutes...
Waiting five minutes...
Waiting five minutes...
Waiting five minutes...
Waiting five minutes...
Waiting five minutes...
Waiting five minutes...
Waiting five minutes...
Waiting five minutes...
Waiting five minutes...
Waiting five minutes...
Waiting five minutes...
Waiting five minutes...
Waiting five minutes...
Waiting five minutes...
Waiting five minutes...
Waiting five minutes...
Waiting five minutes...
Waiting five minutes...
Waiting five minutes...
Waiting five minutes...
Waiting five minutes...
Waiting five minutes...
Waiting five minutes...
Waiting five minutes...
Waiting five minutes...
Waiting five minutes...
Waiting five minutes...
Waiting five minutes...
Waiting five minutes...
Submitting y1ee_123639.run.
Waiting five minutes...
Waiting five minutes...
Waiting five minutes...
Waiting five minutes...
Submitting y1ee_123640.run.
Waiting five minutes...
Waiting five minutes...
Waiting five minutes...
Waiting five minutes...
Waiting five minutes...
Waiting five minutes...
Waiting five minutes...
Waiting five minutes...
Submitting y1mumu_123641.run.
Waiting five minutes...
Waiting five minutes...
Waiting five minutes...
Waiting five minutes...
Waiting five minutes...
Waiting five minutes...
Submitting y1mumu_123643.run.
Waiting five minutes...
Waiting five minutes...
Waiting five minutes...
Waiting five minutes...
Waiting five minutes...
Waiting five minutes...
Waiting five minutes...
Waiting five minutes...
Waiting five minutes...
Waiting five minutes...
Waiting five minutes...
Submitting y1mumu_123644.run.
Submitting y1mumu_123645.run.
Waiting five minutes...
Submitting y1mumu_123646.run.
Waiting five minutes...
Waiting five minutes...
Waiting five minutes...
Waiting five minutes...
Waiting five minutes...
Waiting five minutes...
Waiting five minutes...
Waiting five minutes...
Waiting five minutes...
Waiting five minutes...
Waiting five minutes...
Waiting five minutes...
Waiting five minutes...
Waiting five minutes...
Waiting five minutes...
Waiting five minutes...
Waiting five minutes...
Waiting five minutes...
Waiting five minutes...
Waiting five minutes...
Waiting five minutes...
Waiting five minutes...
Waiting five minutes...
Waiting five minutes...
Waiting five minutes...
Waiting five minutes...
Waiting five minutes...
Waiting five minutes...
Waiting five minutes...
Waiting five minutes...
Waiting five minutes...
Waiting five minutes...
Waiting five minutes...
Waiting five minutes...
Waiting five minutes...
Waiting five minutes...
Waiting five minutes...
Waiting five minutes...
Waiting five minutes...
Waiting five minutes...
Waiting five minutes...
Waiting five minutes...
Waiting five minutes...
Waiting five minutes...
Waiting five minutes...
Waiting five minutes...
Waiting five minutes...
Submitting y1mumu_123647.run.
Waiting five minutes...
Waiting five minutes...
Waiting five minutes...
Waiting five minutes...
Waiting five minutes...
Submitting y1mumu_123648.run.
Waiting five minutes...
Submitting y2tautau_129618.run.
Waiting five minutes...
Waiting five minutes...
Waiting five minutes...
Waiting five minutes...
Waiting five minutes...
Waiting five minutes...
Waiting five minutes...
Waiting five minutes...
Waiting five minutes...
Waiting five minutes...
Waiting five minutes...
Waiting five minutes...
Waiting five minutes...
Submitting y2tautau_129619.run.
Waiting five minutes...
Waiting five minutes...
Waiting five minutes...
Waiting five minutes...
Waiting five minutes...
Waiting five minutes...
Submitting y2tautau_129620.run.
Waiting five minutes...
Waiting five minutes...
Waiting five minutes...
Waiting five minutes...
Waiting five minutes...
Waiting five minutes...
Waiting five minutes...
Waiting five minutes...
Waiting five minutes...
Waiting five minutes...
Waiting five minutes...
Waiting five minutes...
Submitting y2tautau_129623.run.
Waiting five minutes...
Submitting y2tautau_129626.run.
Waiting five minutes...
Waiting five minutes...
Waiting five minutes...
Submitting y2tautau_129629.run.
Waiting five minutes...
Waiting five minutes...
Waiting five minutes...
Waiting five minutes...
Waiting five minutes...
Waiting five minutes...
Waiting five minutes...
Waiting five minutes...
Waiting five minutes...
Waiting five minutes...
Waiting five minutes...
Waiting five minutes...
Waiting five minutes...
Waiting five minutes...
Submitting y2tautau_129630.run.
Waiting five minutes...
Waiting five minutes...
Waiting five minutes...
Waiting five minutes...
Waiting five minutes...
Waiting five minutes...
Waiting five minutes...
Waiting five minutes...
Waiting five minutes...
Waiting five minutes...
Waiting five minutes...
Waiting five minutes...
Waiting five minutes...
Waiting five myour job 998285 ("y2ee_129567.run") has been submitted
your job 998308 ("y2ee_129568.run") has been submitted
your job 998313 ("y2ee_129572.run") has been submitted
your job 998345 ("y2ee_129573.run") has been submitted
your job 998382 ("y2ee_129574.run") has been submitted
your job 998383 ("y2ee_129575.run") has been submitted
your job 998531 ("y2ee_129576.run") has been submitted
your job 998551 ("y2mumu_129579.run") has been submitted
your job 998597 ("y2mumu_129580.run") has been submitted
your job 998600 ("y2mumu_129582.run") has been submitted
your job 998611 ("y2mumu_129591.run") has been submitted
your job 998628 ("y2mumu_129607.run") has been submitted
your job 998637 ("y2mumu_129611.run") has been submitted
your job 998648 ("y2mumu_129617.run") has been submitted
your job 998673 ("y3tautau_121968.run") has been submitted
your job 998740 ("y3tautau_121969.run") has been submitted
your job 998756 ("y3tautau_121970.run") has been submitted
your job 998791 ("y3tautau_121972.run") has been submitted
your job 998798 ("y3tautau_121973.run") has been submitted
your job 998852 ("y3tautau_121974.run") has been submitted
your job 998884 ("y3tautau_121975.run") has been submitted
your job 998913 ("y3ee_121940.run") has been submitted
your job 998924 ("y3ee_121943.run") has been submitted
your job 998925 ("y3ee_121944.run") has been submitted
your job 998926 ("y3ee_121946.run") has been submitted
your job 1000001 ("y2pipi_123610.run") has been submitted
your job 1000008 ("y2pipi_123611.run") has been submitted
your job 1000453 ("y2pipi_123612.run") has been submitted
Waiting five minutes...
Waiting five minutes...
Waiting five minutes...
Waiting five minutes...
Waiting five minutes...
Waiting five minutes...
Waiting five minutes...
Waiting five minutes...
Waiting five minutes...
Waiting five minutes...
Waiting five minutes...
Waiting five minutes...
Waiting five minutes...
Waiting five minutes...
Waiting five minutes...
Waiting five minutes...
Waiting five minutes...
Waiting five minutes...
Waiting five minutes...
Waiting five minutes...
Waiting five minutes...
Waiting five minutes...
Waiting five minutes...
Waiting five minutes...
Waiting five minutes...
Waiting five minutes...
Waiting five minutes...
Waiting five minutes...
Waiting five minutes...
Waiting five minutes...
Waiting five minutes...
Waiting five minutes...
Waiting five minutes...
Waiting five minutes...
Waiting five minutes...
Waiting five minutes...
Waiting five minutes...
Waiting five minutes...
Waiting five minutes...
Waiting five minutes...
Waiting five minutes...
Waiting five minutes...
Waiting five minutes...
Waiting five minutes...
Waiting five minutes...
Waiting five minutes...
Waiting five minutes...
Waiting five minutes...
Waiting five minutes...
Waiting five minutes...
Waiting five minutes...
Waiting five minutes...
Waiting five minutes...
Waiting five minutes...
Waiting five minutes...
Waiting five minutes...
Waiting five minutes...
Waiting five minutes...
Waiting five minutes...
Waiting five minutes...
Waiting five minutes...
Waiting five minutes...
Waiting five minutes...
Waiting five minutes...
Waiting five minutes...
Waiting five minutes...
Waiting five minutes...
Waiting five minutes...
Waiting five minutes...
Waiting five minutes...
Waiting five minutes...
Waiting five minutes...
Waiting five minutes...
Waiting five minutes...
Waiting five minutes...
Waiting five minutes...
Waiting five minutes...
Waiting five minutes...
Waiting five minutes...
Waiting five minutes...
Waiting five minutes...
Waiting five minutes...
Waiting five minutes...
Waiting five minutes...
Waiting five minutes...
Waiting five minutes...
Waiting five minutes...
Waiting five minutes...
Waiting five minutes...
Waiting five minutes...
Waiting five minutes...
Waiting five minutes...
Waiting five minutes...
Waiting five minutes...
Waiting five minutes...
Waiting five minutes...
Waiting five minutes...
Waiting five minutes...
Waiting five minutes...
Waiting five minutes...
Waiting five minutes...
Waiting five minutes...
Waiting five minutes...
Waiting five minutes...
Waiting five minutes...
Waiting five minutes...
Waiting five minutes...
Waiting five minutes...
Waiting five minutes...
Waiting five minutes...
Waiting five minutes...
Waiting five minutes...
Waiting five minutes...
Waiting five minutes...
Waiting five minutes...
Waiting five minutes...
Waiting five minutes...
Waiting five minutes...
Waiting five minutes...
Waiting five minutes...
Waiting five minutes...
Waiting five minutes...
Waiting five minutes...
Waiting five minutes...
Waiting five minutes...
Waiting five minutes...
Waiting five minutes...
Waiting five minutes...
Waiting five minutes...
Waiting five minutes...
Waiting five minutes...
Waiting five minutes...
Waiting five minutes...
Waiting five minutes...
Waiting five minutes...
Waiting five minutes...
Waiting five minutes...
Waiting five minutes...
Waiting five minutes...
Waiting five minutes...
Waiting five minutes...
Waiting five minutes...
Waiting five minutes...
Waiting five minutes...
Waiting five minutes...
Waiting five minutes...
Waiting five minutes...
Waiting five minutes...
Waiting five minutes...
Waiting five minutes...
Waiting five minutes...
Waiting five minutes...
Waiting five minutes...
Waiting five minutes...
Waiting five minutes...
Waiting five minutes...
Waiting five minutes...
Waiting five minutes...
Waiting five minutes...
Waiting five minutes...
Waiting five minutes...
Waiting five minutes...
Waiting five minutes...
Waiting five minutes...
Waiting five minutes...
Waiting five minutes...
Waiting five minutes...
Waiting five minutes...
Waiting five minutes...
Waiting five minutes...
Waiting five minutes...
Waiting five minutes...
Waiting five minutes...
Waiting five minutes...
Waiting five minutes...
Waiting five minutes...
Waiting five minutes...
Waiting five minutes...
Waiting five minutes...
Waiting five minutes...
Waiting five minutes...
Waiting five minutes...
Waiting five minutes...
Waiting five minutes...
Waiting five minutes...
Waiting five minutes...
Waiting five minutes...
Waiting five minutes...
Waiting five minutes...
Waiting five minutes...
Waiting five minutes...
Waiting five minutes...
Waiting five minutes...
Waiting five minutes...
Waiting five minutes...
Waiting five minutes...
Waiting five minutes...
Waiting five minutes...
Waiting five minutes...
Waiting five minutes...
Waiting five minutes...
Waiting five minutes...
Waiting five minutes...
Waiting five minutes...
Waiting five minutes...
Waiting five minutes...
Waiting five minutes...
Waiting five minutes...
Waiting five minutes...
Waiting five minutes...
Waiting five minutes...
Waiting five minutes...
Waiting five minutes...
Waiting five minutes...
Waiting five minutes...
Waiting five minutes...
Waiting five minutes...
Waiting five minutes...
Waiting five minutes...
Waiting five minutes...
Submitting y2pipi_123610.run.
Waiting five minutes...
Waiting five minutes...
Submitting y2pipi_123611.run.
Waiting five minutes...
Waiting five minutes...
Waiting five minutes...
Waiting five minutes...
Waiting five minutes...
Waiting five minutes...
Waiting five minutes...
Waiting five minutes...
Waiting five minutes...
Waiting five minutes...
Waiting five minutes...
Waiting five minutes...
Waiting five minutes...
Waiting five minutes...
Waiting five minutes...
Waiting five minutes...
Waiting five minutes...
Waiting five minutes...
Waiting five minutes...
Waiting five minutes...
Waiting five minutes...
Waiting five minutes...
Waiting five minutes...
Waiting five minutes...
Waiting five minutes...
Waiting five minutes...
Waiting five minutes...
Waiting five minutes...
Waiting five minutes...
Waiting five minutes...
Waiting five minutes...
Waiting five minutes...
Waiting five minutes...
Waiting five minutes...
Waiting five minutes...
Waiting five minutes...
Waiting five minutes...
Waiting five minutes...
Waiting five minutes...
Waiting five minutes...
Waiting five minutes...
Waiting five minutes...
Waiting five minutes...
Waiting five minutes...
Waiting five minutes...
Waiting five minutes...
Waiting five minutes...
Waiting five minutes...
Waiting five minutes...
Waiting five minutes...
Waiting five minutes...
Waiting five minutes...
Waiting five minutes...
Waiting five minutes...
Waiting five minutes...
Waiting five minutes...
Waiting five minutes...
Waiting five minutes...
Waiting five minutes...
Waiting five minutes...
Waiting five minutes...
Waiting five minutes...
Waiting five minutes...
Waiting five minutes...
Waiting five minutes...
Waiting five minutes...
Waiting five minutes...
Waiting five minutes...
Waiting five minutes...
Waiting five minutes...
Waiting five minutes...
Waiting five minutes...
Waiting five minutes...
Waiting five minutes...
Waiting five minutes...
Waiting five minutes...
Waiting five minutes...
Waiting five minutes...
Waiting five minutes...
Waiting five minutes...
Waiting five minutes...
Waiting five minutes...
Waiting five minutes...
Waiting five minutes...
Waiting five minutes...
Waiting five minutes...
Waiting five minutes...
Waiting five minutes...
Waiting five minutes...
Waiting five minutes...
Waiting five minutes...
Waiting five minutes...
Waiting five minutes...
Waiting five minutes...
Waiting five minutes...
Waiting five minutes...
Waiting five minutes...
Waiting five minutes...
Waiting five minutes...
Waiting five minutes...
Waiting five minutes...
Waiting five minutes...
Waiting five minutes...
Waiting five minutes...
Waiting five minutes...
Waiting five minutes...
Waiting five minutes...
Waiting five minutes...
Waiting five minutes...
Waiting five minutes...
Waiting five minutes...
Submitting y2pipi_123612.run.
Waiting five minutes...
Waiting five minutes...
Waiting five minutes...
Waiting five minutes...
Waiting five myour job 1002290 ("y2pipi_123615.run") has been submitted
your job 1002291 ("y2pipi_123616.run") has been submitted
your job 1002292 ("y2pipi_123617.run") has been submitted
your job 1023660 ("y2pipi_123615.run") has been submitted
your job 1023661 ("y2pipi_123616.run") has been submitted
your job 1023662 ("y2pipi_123617.run") has been submitted
your job 1023663 ("y2pipi_123618.run") has been submitted
your job 1023664 ("y2pipi_123619.run") has been submitted
your job 1023665 ("y2pipi_123620.run") has been submitted
your job 1023666 ("y2pipi_123621.run") has been submitted
your job 1023667 ("y2pipi_123623.run") has been submitted
your job 1023706 ("y2pipi_123624.run") has been submitted
your job 1024170 ("y2pipi_123631.run") has been submitted
your job 1024591 ("y2pipi_123632.run") has been submitted
your job 1024592 ("y2pipi_123633.run") has been submitted
your job 1024607 ("y2pipi_123635.run") has been submitted
your job 1024614 ("y2pipi_123636.run") has been submitted
your job 1024615 ("y2pipi_123637.run") has been submitted
your job 1024623 ("y2pipi_123638.run") has been submitted
Submitting y2pipi_123615.run.
Submitting y2pipi_123616.run.
Submitting y2pipi_123617.run.
Submitting y2pipi_123618.run.
Submitting y2pipi_123619.run.
Submitting y2pipi_123620.run.
Submitting y2pipi_123621.run.
Submitting y2pipi_123623.run.
Waiting five minutes...
Waiting five minutes...
Waiting five minutes...
Waiting five minutes...
Waiting five minutes...
Waiting five minutes...
Waiting five minutes...
Waiting five minutes...
Waiting five minutes...
Waiting five minutes...
Waiting five minutes...
Waiting five minutes...
Waiting five minutes...
Waiting five minutes...
Waiting five minutes...
Waiting five minutes...
Waiting five minutes...
Waiting five minutes...
Waiting five minutes...
Waiting five minutes...
Waiting five minutes...
Waiting five minutes...
Waiting five minutes...
Waiting five minutes...
Waiting five minutes...
Waiting five minutes...
Waiting five minutes...
Waiting five minutes...
Waiting five minutes...
Waiting five minutes...
Waiting five minutes...
Waiting five minutes...
Waiting five minutes...
Waiting five minutes...
Waiting five minutes...
Waiting five minutes...
Waiting five minutes...
Waiting five minutes...
Waiting five minutes...
Waiting five minutes...
Waiting five minutes...
Waiting five minutes...
Waiting five minutes...
Waiting five minutes...
Waiting five minutes...
Waiting five minutes...
Waiting five minutes...
Waiting five minutes...
Waiting five minutes...
Waiting five minutes...
Waiting five minutes...
Waiting five minutes...
Waiting five minutes...
Submitting y2pipi_123624.run.
Waiting five minutes...
Waiting five minutes...
Waiting five minutes...
Waiting five minutes...
Waiting five minutes...
Waiting five minutes...
Waiting five minutes...
Waiting five minutes...
Waiting five minutes...
Waiting five minutes...
Waiting five minutes...
Waiting five minutes...
Waiting five minutes...
Waiting five minutes...
Waiting five minutes...
Waiting five minutes...
Waiting five minutes...
Waiting five minutes...
Waiting five minutes...
Waiting five minutes...
Waiting five minutes...
Waiting five minutes...
Waiting five minutes...
Waiting five minutes...
Waiting five minutes...
Waiting five minutes...
Waiting five minutes...
Waiting five minutes...
Waiting five minutes...
Waiting five minutes...
Waiting five minutes...
Waiting five minutes...
Waiting five minutes...
Waiting five minutes...
Waiting five minutes...
Waiting five minutes...
Waiting five minutes...
Waiting five minutes...
Waiting five minutes...
Waiting five minutes...
Waiting five minutes...
Waiting five minutes...
Waiting five minutes...
Waiting five minutes...
Waiting five minutes...
Waiting five minutes...
Waiting five minutes...
Waiting five minutes...
Waiting five minutes...
Waiting five minutes...
Waiting five minutes...
Waiting five minutes...
Waiting five minutes...
Waiting five minutes...
Waiting five minutes...
Waiting five minutes...
Waiting five minutes...
Waiting five minutes...
Waiting five minutes...
Waiting five minutes...
Waiting five minutes...
Waiting five minutes...
Waiting five minutes...
Waiting five minutes...
Waiting five minutes...
Waiting five minutes...
Waiting five minutes...
Submitting y2pipi_123631.run.
Waiting five minutes...
Waiting five minutes...
Waiting five minutes...
Waiting five minutes...
Waiting five minutes...
Waiting five minutes...
Waiting five minutes...
Waiting five minutes...
Waiting five minutes...
Waiting five minutes...
Waiting five minutes...
Waiting five minutes...
Waiting five minutes...
Waiting five minutes...
Waiting five minutes...
Waiting five minutes...
Waiting five minutes...
Waiting five minutes...
Waiting five minutes...
Waiting five minutes...
Waiting five minutes...
Waiting five minutes...
Waiting five minutes...
Waiting five minutes...
Waiting five minutes...
Waiting five minutes...
Waiting five minutes...
Waiting five minutes...
Waiting five minutes...
Waiting five minutes...
Waiting five minutes...
Waiting five minutes...
Waiting five minutes...
Waiting five minutes...
Waiting five minutes...
Waiting five minutes...
Waiting five minutes...
Waiting five minutes...
Waiting five minutes...
Waiting five minutes...
Waiting five minutes...
Waiting five minutes...
Waiting five minutes...
Waiting five minutes...
Waiting five minutes...
Waiting five minutes...
Waiting five minutes...
Waiting five minutes...
Waiting five minutes...
Waiting five minutes...
Waiting five minutes...
Waiting five minutes...
Waiting five minutes...
Waiting five minutes...
Waiting five minutes...
Waiting five minutes...
Waiting five minutes...
Waiting five minutes...
Waiting five minutes...
Waiting five minutes...
Waiting five minutes...
Waiting five minutes...
Waiting five minutes...
Waiting five minutes...
Waiting five minutes...
Waiting five minutes...
Waiting five minutes...
Waiting five minutes...
Waiting five minutes...
Waiting five minutes...
Waiting five minutes...
Waiting five minutes...
Waiting five minutes...
Waiting five minutes...
Waiting five minutes...
Waiting five minutes...
Waiting five minutes...
Waiting five minutes...
Waiting five minutes...
Waiting five minutes...
Waiting five minutes...
Waiting five minutes...
Waiting five minutes...
Waiting five minutes...
Waiting five minutes...
Waiting five minutes...
Waiting five minutes...
Waiting five minutes...
Waiting five minutes...
Waiting five minutes...
Waiting five minutes...
Waiting five minutes...
Waiting five minutes...
Waiting five minutes...
Waiting five minutes...
Waiting five minutes...
Waiting five minutes...
Waiting five minutes...
Waiting five minutes...
Waiting five minutes...
Waiting five minutes...
Waiting five minutes...
Waiting five minutes...
Waiting five minutes...
Waiting five minutes...
Waiting five minutes...
Waiting five minutes...
Waiting five minutes...
Waiting five minutes...
Waiting five minutes...
Waiting five minutes...
Waiting five minutes...
Waiting five minutes...
Waiting five minutes...
Waiting five minutes...
Waiting five minutes...
Waiting five minutes...
Waiting five minutes...
Waiting five minutes...
Waiting five minutes...
Waiting five minutes...
Waiting five minutes...
Waiting five minutes...
Waiting five minutes...
Waiting five minutes...
Waiting five minutes...
Waiting five minutes...
Waiting five minutes...
Waiting five minutes...
Waiting five minutes...
Waiting five minutes...
Submitting y2pipi_123632.run.
Waiting five minutes...
Waiting five minutes...
Waiting five minutes...
Waiting five minutes...
Waiting five minutes...
Waiting five minutes...
Waiting five minutes...
Submitting y2pipi_123633.run.
Waiting five minutes...
Waiting five minutes...
Waiting five minutes...
Waiting five minutes...
Waiting five minutes...
Waiting five minutes...
Waiting five minutes...
Waiting five minutes...
Waiting five minutes...
Waiting five minutes...
Waiting five minutes...
Waiting five minutes...
Waiting five minutes...
Waiting five minutes...
Waiting five minutes...
Waiting five minutes...
Waiting five minutes...
Waiting five minutes...
Waiting five minutes...
Waiting five minutes...
Waiting five minutes...
Waiting five minutes...
Waiting five minutes...
Waiting five minutes...
Waiting five minutes...
Waiting five minutes...
Waiting five minutes...
Waiting five minutes...
Waiting five minutes...
Waiting five minutes...
Waiting five minutes...
Waiting five minutes...
Waiting five minutes...
Waiting five minutes...
Waiting five minutes...
Waiting five minutes...
Waiting five minutes...
Waiting five minutes...
Waiting five minutes...
Waiting five minutes...
Submitting y2pipi_123635.run.
Waiting five minutes...
Waiting five minutes...
Waiting five minutes...
Waiting five minutes...
Waiting five minutes...
Waiting five minutes...
Waiting five minutes...
Waiting five minutes...
Waiting five minutes...
Waiting five minutes...
Waiting five minutes...
Waiting five minutes...
Submitting y2pipi_123636.run.
Submitting y2pipi_123637.run.
Waiting five minutes...
Waiting five minutes...
Waiting five minutes...
Waiting five minutes...
Waiting five minutes...
Waiting five minutes...
Waiting five minutes...
Waiting five minutes...
Submitting y2pipi_123638.run.
Waiting five minutes...
Waiting five minutes...
Waiting five minutes...
Waiting your job 1024678 ("y2pipi_123639.run") has been submitted
your job 1024679 ("y2pipi_123640.run") has been submitted
your job 1026104 ("y2pipi_123641.run") has been submitted
your job 1026105 ("y2pipi_123643.run") has been submitted
your job 1026133 ("y2pipi_123644.run") has been submitted
your job 1026134 ("y2pipi_123645.run") has been submitted
your job 1026135 ("y2pipi_123646.run") has been submitted
your job 1026168 ("y2pipi_123647.run") has been submitted
five minutes...
Waiting five minutes...
Waiting five minutes...
Waiting five minutes...
Waiting five minutes...
Waiting five minutes...
Waiting five minutes...
Waiting five minutes...
Waiting five minutes...
Waiting five minutes...
Waiting five minutes...
Waiting five minutes...
Waiting five minutes...
Waiting five minutes...
Waiting five minutes...
Waiting five minutes...
Waiting five minutes...
Waiting five minutes...
Waiting five minutes...
Waiting five minutes...
Waiting five minutes...
Waiting five minutes...
Waiting five minutes...
Waiting five minutes...
Waiting five minutes...
Waiting five minutes...
Waiting five minutes...
Waiting five minutes...
Waiting five minutes...
Waiting five minutes...
Waiting five minutes...
Waiting five minutes...
Waiting five minutes...
Waiting five minutes...
Waiting five minutes...
Waiting five minutes...
Waiting five minutes...
Waiting five minutes...
Waiting five minutes...
Waiting five minutes...
Waiting five minutes...
Submitting y2pipi_123639.run.
Waiting five minutes...
Waiting five minutes...
Waiting five minutes...
Waiting five minutes...
Waiting five minutes...
Waiting five minutes...
Submitting y2pipi_123640.run.
Waiting five minutes...
Waiting five minutes...
Waiting five minutes...
Waiting five minutes...
Waiting five minutes...
Waiting five minutes...
Waiting five minutes...
Waiting five minutes...
Waiting five minutes...
Waiting five minutes...
Waiting five minutes...
Waiting five minutes...
Waiting five minutes...
Waiting five minutes...
Waiting five minutes...
Waiting five minutes...
Waiting five minutes...
Waiting five minutes...
Waiting five minutes...
Waiting five minutes...
Waiting five minutes...
Waiting five minutes...
Waiting five minutes...
Waiting five minutes...
Waiting five minutes...
Waiting five minutes...
Waiting five minutes...
Waiting five minutes...
Waiting five minutes...
Waiting five minutes...
Waiting five minutes...
Waiting five minutes...
Waiting five minutes...
Waiting five minutes...
Waiting five minutes...
Waiting five minutes...
Waiting five minutes...
Waiting five minutes...
Waiting five minutes...
Waiting five minutes...
Waiting five minutes...
Waiting five minutes...
Waiting five minutes...
Waiting five minutes...
Waiting five minutes...
Waiting five minutes...
Waiting five minutes...
Waiting five minutes...
Waiting five minutes...
Waiting five minutes...
Waiting five minutes...
Waiting five minutes...
Waiting five minutes...
Waiting five minutes...
Waiting five minutes...
Waiting five minutes...
Waiting five minutes...
Waiting five minutes...
Waiting five minutes...
Waiting five minutes...
Waiting five minutes...
Waiting five minutes...
Waiting five minutes...
Waiting five minutes...
Waiting five minutes...
Waiting five minutes...
Waiting five minutes...
Waiting five minutes...
Waiting five minutes...
Waiting five minutes...
Waiting five minutes...
Waiting five minutes...
Waiting five minutes...
Waiting five minutes...
Waiting five minutes...
Waiting five minutes...
Waiting five minutes...
Waiting five minutes...
Waiting five minutes...
Waiting five minutes...
Waiting five minutes...
Waiting five minutes...
Waiting five minutes...
Waiting five minutes...
Waiting five minutes...
Waiting five minutes...
Waiting five minutes...
Waiting five minutes...
Waiting five minutes...
Waiting five minutes...
Waiting five minutes...
Waiting five minutes...
Waiting five minutes...
Waiting five minutes...
Waiting five minutes...
Waiting five minutes...
Waiting five minutes...
Waiting five minutes...
Waiting five minutes...
Waiting five minutes...
Waiting five minutes...
Waiting five minutes...
Waiting five minutes...
Waiting five minutes...
Waiting five minutes...
Waiting five minutes...
Waiting five minutes...
Waiting five minutes...
Waiting five minutes...
Waiting five minutes...
Waiting five minutes...
Waiting five minutes...
Waiting five minutes...
Waiting five minutes...
Waiting five minutes...
Waiting five minutes...
Waiting five minutes...
Waiting five minutes...
Waiting five minutes...
Waiting five minutes...
Waiting five minutes...
Waiting five minutes...
Waiting five minutes...
Waiting five minutes...
Waiting five minutes...
Waiting five minutes...
Waiting five minutes...
Waiting five minutes...
Waiting five minutes...
Waiting five minutes...
Waiting five minutes...
Waiting five minutes...
Waiting five minutes...
Waiting five minutes...
Waiting five minutes...
Waiting five minutes...
Waiting five minutes...
Waiting five minutes...
Waiting five minutes...
Waiting five minutes...
Waiting five minutes...
Waiting five minutes...
Waiting five minutes...
Waiting five minutes...
Waiting five minutes...
Waiting five minutes...
Waiting five minutes...
Waiting five minutes...
Waiting five minutes...
Waiting five minutes...
Waiting five minutes...
Waiting five minutes...
Waiting five minutes...
Waiting five minutes...
Waiting five minutes...
Waiting five minutes...
Waiting five minutes...
Waiting five minutes...
Waiting five minutes...
Waiting five minutes...
Waiting five minutes...
Waiting five minutes...
Waiting five minutes...
Waiting five minutes...
Waiting five minutes...
Waiting five minutes...
Waiting five minutes...
Waiting five minutes...
Waiting five minutes...
Waiting five minutes...
Waiting five minutes...
Waiting five minutes...
Waiting five minutes...
Waiting five minutes...
Waiting five minutes...
Waiting five minutes...
Waiting five minutes...
Waiting five minutes...
Waiting five minutes...
Waiting five minutes...
Waiting five minutes...
Waiting five minutes...
Waiting five minutes...
Waiting five minutes...
Waiting five minutes...
Waiting five minutes...
Waiting five minutes...
Waiting five minutes...
Waiting five minutes...
Waiting five minutes...
Waiting five minutes...
Waiting five minutes...
Waiting five minutes...
Waiting five minutes...
Waiting five minutes...
Waiting five minutes...
Waiting five minutes...
Waiting five minutes...
Waiting five minutes...
Waiting five minutes...
Waiting five minutes...
Waiting five minutes...
Waiting five minutes...
Waiting five minutes...
Waiting five minutes...
Waiting five minutes...
Waiting five minutes...
Waiting five minutes...
Waiting five minutes...
Waiting five minutes...
Waiting five minutes...
Waiting five minutes...
Waiting five minutes...
Waiting five minutes...
Waiting five minutes...
Waiting five minutes...
Waiting five minutes...
Waiting five minutes...
Waiting five minutes...
Waiting five minutes...
Waiting five minutes...
Waiting five minutes...
Waiting five minutes...
Waiting five minutes...
Waiting five minutes...
Waiting five minutes...
Waiting five minutes...
Waiting five minutes...
Waiting five minutes...
Waiting five minutes...
Waiting five minutes...
Waiting five minutes...
Waiting five minutes...
Waiting five minutes...
Waiting five minutes...
Waiting five minutes...
Waiting five minutes...
Waiting five minutes...
Waiting five minutes...
Waiting five minutes...
Waiting five minutes...
Waiting five minutes...
Waiting five minutes...
Waiting five minutes...
Waiting five minutes...
Waiting five minutes...
Waiting five minutes...
Waiting five minutes...
Waiting five minutes...
Waiting five minutes...
Waiting five minutes...
Waiting five minutes...
Waiting five minutes...
Waiting five minutes...
Waiting five minutes...
Waiting five minutes...
Waiting five minutes...
Waiting five minutes...
Waiting five minutes...
Waiting five minutes...
Waiting five minutes...
Waiting five minutes...
Waiting five minutes...
Waiting five minutes...
Waiting five minutes...
Waiting five minutes...
Waiting five minutes...
Waiting five minutes...
Waiting five minutes...
Waiting five minutes...
Waiting five minutes...
Waiting five minutes...
Waiting five minutes...
Waiting five minutes...
Waiting five minutes...
Waiting five minutes...
Waiting five minutes...
Waiting five minutes...
Waiting five minutes...
Waiting five minutes...
Waiting five minutes...
Waiting five minutes...
Submitting y2pipi_123641.run.
Submitting y2pipi_123643.run.
Waiting five minutes...
Submitting y2pipi_123644.run.
Submitting y2pipi_123645.run.
Submitting y2pipi_123646.run.
Waiting five minutes...
Submitting y2pipi_123647.run.
Submitting y2pipyour job 1026169 ("y2pipi_123648.run") has been submitted
your job 1026170 ("y2pipi_123650.run") has been submitted
your job 1026171 ("y2pipi_123651.run") has been submitted
your job 1026172 ("y2pipi_123652.run") has been submitted
your job 1026173 ("y2pipi_123653.run") has been submitted
your job 1026204 ("y2pipi_123654.run") has been submitted
your job 1026205 ("y2pipi_123656.run") has been submitted
your job 1026206 ("y2pipi_123658.run") has been submitted
i_123648.run.
Submitting y2pipi_123650.run.
Submitting y2pipi_123651.run.
Submitting y2pipi_123652.run.
Submitting y2pipi_123653.run.
Waiting five minutes...
Submitting y2pipi_123654.run.
Submitting y2pipi_123656.run.
Submitting y2pipi_123658.run.
