This is pdfTeX, Version 3.14159-14h-released-20010417 (Web2C 7.3.3.1) (format=pdflatex 2003.2.18)  15 FEB 2005 13:03
**grbmeet1.tex
(./grbmeet1.tex{/usr/share/texmf/pdftex/config/pdftex.cfg}
LaTeX2e <2001/06/01>
Babel <v3.7h> and hyphenation patterns for american, french, german, ngerman, i
talian, nohyphenation, loaded.
(/usr/share/texmf/tex/latex/base/article.cls
Document Class: article 2001/04/21 v1.4e Standard LaTeX document class
(/usr/share/texmf/tex/latex/base/size10.clo
File: size10.clo 2001/04/21 v1.4e Standard LaTeX file (size option)
)
\c@part=\count79
\c@section=\count80
\c@subsection=\count81
\c@subsubsection=\count82
\c@paragraph=\count83
\c@subparagraph=\count84
\c@figure=\count85
\c@table=\count86
\abovecaptionskip=\skip41
\belowcaptionskip=\skip42
\bibindent=\dimen102
)
(/usr/share/texmf/tex/latex/graphics/graphicx.sty
Package: graphicx 1999/02/16 v1.0f Enhanced LaTeX Graphics (DPC,SPQR)

(/usr/share/texmf/tex/latex/graphics/keyval.sty
Package: keyval 1999/03/16 v1.13 key=value parser (DPC)
\KV@toks@=\toks14
)
(/usr/share/texmf/tex/latex/graphics/graphics.sty
Package: graphics 2001/07/07 v1.0n Standard LaTeX Graphics (DPC,SPQR)

(/usr/share/texmf/tex/latex/graphics/trig.sty
Package: trig 1999/03/16 v1.09 sin cos tan (DPC)
)
(/usr/share/texmf/tex/latex/config/graphics.cfg)
Package graphics Info: Driver file: pdftex.def on input line 80.

(/usr/share/texmf/tex/latex/graphics/pdftex.def
File: pdftex.def 2001/11/29 v0.03i graphics/color for pdftex
\Gread@gobject=\count87
))
\Gin@req@height=\dimen103
\Gin@req@width=\dimen104
) (./grbmeet1.aux)
\openout1 = `grbmeet1.aux'.

LaTeX Font Info:    Checking defaults for OML/cmm/m/it on input line 10.
LaTeX Font Info:    ... okay on input line 10.
LaTeX Font Info:    Checking defaults for T1/cmr/m/n on input line 10.
LaTeX Font Info:    ... okay on input line 10.
LaTeX Font Info:    Checking defaults for OT1/cmr/m/n on input line 10.
LaTeX Font Info:    ... okay on input line 10.
LaTeX Font Info:    Checking defaults for OMS/cmsy/m/n on input line 10.
LaTeX Font Info:    ... okay on input line 10.
LaTeX Font Info:    Checking defaults for OMX/cmex/m/n on input line 10.
LaTeX Font Info:    ... okay on input line 10.
LaTeX Font Info:    Checking defaults for U/cmr/m/n on input line 10.
LaTeX Font Info:    ... okay on input line 10.

(/usr/share/texmf/tex/context/base/supp-pdf.tex
(/usr/share/texmf/tex/context/base/supp-mis.tex
loading : Context Support Macros / Missing
\protectiondepth=\count88
\scratchcounter=\count89
\scratchtoks=\toks15
\scratchdimen=\dimen105
\scratchskip=\skip43
\scratchmuskip=\muskip10
\scratchbox=\box26
\scratchread=\read1
\scratchwrite=\write3
\zeropoint=\dimen106
\nextbox=\box27
\nextdepth=\dimen107
\everyline=\toks16
\!!counta=\count90
\!!countb=\count91
\recursecounter=\count92
)
loading : Context Support Macros / PDF
\nofMPsegments=\count93
\nofMParguments=\count94
\everyMPtoPDFconversion=\toks17
) <twophoton_leakage.pdf, id=1, 528.97626pt x 508.90125pt>
File: twophoton_leakage.pdf Graphic file (type pdf)

<use twophoton_leakage.pdf>
LaTeX Font Info:    External font `cmex10' loaded for size
(Font)              <20.74> on input line 17.
LaTeX Font Info:    External font `cmex10' loaded for size
(Font)              <14.4> on input line 17.
LaTeX Font Info:    External font `cmex10' loaded for size
(Font)              <12> on input line 17.
 [1

{/usr/share/texmf/dvips/config/pdftex.map} <./twophoton_leakage.pdf>] [2] <non-
beam-beam.pdf, id=20, 361.35pt x 252.945pt>
File: non-beam-beam.pdf Graphic file (type pdf)

<use non-beam-beam.pdf> [3 <./non-beam-beam.pdf>]
<hist_nbb.pdf, id=30, 569.12625pt x 569.12625pt>
File: hist_nbb.pdf Graphic file (type pdf)
 <use hist_nbb.pdf> [4 <./hist_nbb.pdf>] [5] <lookatmc1.pdf, id=39, 569.12625pt
 x 569.12625pt>
File: lookatmc1.pdf Graphic file (type pdf)

<use lookatmc1.pdf> [6 <./lookatmc1.pdf>]
<lookatmc2.pdf, id=45, 569.12625pt x 569.12625pt>
File: lookatmc2.pdf Graphic file (type pdf)
 <use lookatmc2.pdf> [7 <./lookatmc2.pdf>] (./grbmeet1.aux) ) 
Here is how much of TeX's memory you used:
 877 strings out of 50453
 10703 string characters out of 688420
 55658 words of memory out of 1500001
 3924 multiletter control sequences out of 10000+25000
 6380 words of font info for 23 fonts, out of 400000 for 1000
 14 hyphenation exceptions out of 10000
 25i,4n,21p,203b,151s stack positions out of 3000i,500n,3000p,50000b,5000s
</usr/share/texmf/
fonts/type1/bluesky/cm/cmsy10.pfb></usr/share/texmf/fonts/type1/bluesky/cm/cmr1
2.pfb></usr/share/texmf/fonts/type1/bluesky/cm/cmmi12.pfb></usr/share/texmf/fon
ts/type1/bluesky/cm/cmr17.pfb>
Output written on grbmeet1.pdf (7 pages, 89740 bytes).
