This is TeX, Version 3.14159 (Web2C 7.3.1) (format=latex 2002.8.29)  28 MAY 2003 18:17
**list
(list.tex
LaTeX2e <2000/06/01>
Babel <v3.7h> and hyphenation patterns for american, french, german, ngerman, i
talian, nohyphenation, loaded.
(/usr/share/texmf/tex/latex/base/article.cls
Document Class: article 2000/05/19 v1.4b Standard LaTeX document class
(/usr/share/texmf/tex/latex/base/size12.clo
File: size12.clo 2000/05/19 v1.4b Standard LaTeX file (size option)
)
\c@part=\count79
\c@section=\count80
\c@subsection=\count81
\c@subsubsection=\count82
\c@paragraph=\count83
\c@subparagraph=\count84
\c@figure=\count85
\c@table=\count86
\abovecaptionskip=\skip41
\belowcaptionskip=\skip42
\bibindent=\dimen102
) (list.aux)
\openout1 = `list.aux'.

LaTeX Font Info:    Checking defaults for OML/cmm/m/it on input line 4.
LaTeX Font Info:    ... okay on input line 4.
LaTeX Font Info:    Checking defaults for T1/cmr/m/n on input line 4.
LaTeX Font Info:    ... okay on input line 4.
LaTeX Font Info:    Checking defaults for OT1/cmr/m/n on input line 4.
LaTeX Font Info:    ... okay on input line 4.
LaTeX Font Info:    Checking defaults for OMS/cmsy/m/n on input line 4.
LaTeX Font Info:    ... okay on input line 4.
LaTeX Font Info:    Checking defaults for OMX/cmex/m/n on input line 4.
LaTeX Font Info:    ... okay on input line 4.
LaTeX Font Info:    Checking defaults for U/cmr/m/n on input line 4.
LaTeX Font Info:    ... okay on input line 4.
LaTeX Font Info:    External font `cmex10' loaded for size
(Font)              <12> on input line 6.
LaTeX Font Info:    External font `cmex10' loaded for size
(Font)              <8> on input line 6.
LaTeX Font Info:    External font `cmex10' loaded for size
(Font)              <6> on input line 6.


LaTeX Font Warning: Command \small invalid in math mode on input line 14.


LaTeX Font Warning: Command \small invalid in math mode on input line 16.


LaTeX Font Warning: Command \small invalid in math mode on input line 17.


Overfull \hbox (71.54768pt too wide) in paragraph at lines 5--47
[]  [] 
 []

[1

]
Overfull \vbox (11.7994pt too high) has occurred while \output is active []


[2]

LaTeX Font Warning: Command \small invalid in math mode on input line 52.


LaTeX Font Warning: Command \small invalid in math mode on input line 53.


LaTeX Font Warning: Command \small invalid in math mode on input line 54.


LaTeX Font Warning: Command \small invalid in math mode on input line 75.


LaTeX Font Warning: Command \small invalid in math mode on input line 76.


LaTeX Font Warning: Command \small invalid in math mode on input line 77.


LaTeX Font Warning: Command \small invalid in math mode on input line 79.


LaTeX Font Warning: Command \small invalid in math mode on input line 82.


LaTeX Font Warning: Command \small invalid in math mode on input line 85.


LaTeX Font Warning: Command \small invalid in math mode on input line 87.


LaTeX Font Warning: Command \small invalid in math mode on input line 88.


Overfull \hbox (71.54768pt too wide) in paragraph at lines 48--90
[]  [] 
 []


Overfull \vbox (11.3994pt too high) has occurred while \output is active []


[3]

LaTeX Font Warning: Command \small invalid in math mode on input line 94.


LaTeX Font Warning: Command \small invalid in math mode on input line 98.


LaTeX Font Warning: Command \small invalid in math mode on input line 99.


LaTeX Font Warning: Command \small invalid in math mode on input line 101.


LaTeX Font Warning: Command \small invalid in math mode on input line 124.


LaTeX Font Warning: Command \small invalid in math mode on input line 130.


Overfull \hbox (71.54768pt too wide) in paragraph at lines 91--133
[]  [] 
 []


Overfull \vbox (11.3994pt too high) has occurred while \output is active []


[4]

LaTeX Font Warning: Command \small invalid in math mode on input line 143.


Overfull \hbox (71.54768pt too wide) in paragraph at lines 134--176
[]  [] 
 []


Overfull \vbox (11.3994pt too high) has occurred while \output is active []


[5]
Overfull \hbox (71.54768pt too wide) in paragraph at lines 177--219
[]  [] 
 []


Overfull \vbox (11.3994pt too high) has occurred while \output is active []


[6]
Overfull \hbox (71.54768pt too wide) in paragraph at lines 220--262
[]  [] 
 []


Overfull \vbox (11.3994pt too high) has occurred while \output is active []


[7]
Overfull \hbox (71.54768pt too wide) in paragraph at lines 263--275
[]  [] 
 []

[8] (list.aux) ) 
Here is how much of TeX's memory you used:
 219 strings out of 20887
 2158 string characters out of 196241
 56377 words of memory out of 350001
 3226 multiletter control sequences out of 10000+15000
 7181 words of font info for 27 fonts, out of 400000 for 1000
 14 hyphenation exceptions out of 10000
 22i,11n,19p,217b,211s stack positions out of 3000i,100n,1500p,50000b,4000s

Output written on list.dvi (8 pages, 42044 bytes).
