 ******************************************************
 *                                                    *
 *            W E L C O M E    to   P A W             *
 *                                                    *
 *       Version 2.09/18      19 March 1998           *
 *                                                    *
 ******************************************************
 Workstation type (?=HELP) <CR>=1 :  Version 1.23/09 of HIGZ started
 *** Using default PAWLOGON file "/home/mccann/.pawlogon.kumac"

 Macro search order is Command
PAW > exec look.kumac
 trigger 2*(0.985503 - 0.986589)/(0.985503 + 0.986589) = -0.00110149
 d0close 2*(0.981171 - 0.978874)/(0.981171 + 0.978874) = 0.00234387
 e1 2*(0.78794 - 0.793693)/(0.78794 + 0.793693) = -0.00727466
 p2 2*(0.894657 - 0.892278)/(0.894657 + 0.892278) = 0.00266173
 wz 2*(0.968081 - 0.969082)/(0.968081 + 0.969082) = -0.0010331
 visen 2*(0.570919 - 0.572476)/(0.570919 + 0.572476) = -0.00272304
 tracks 2*(0.763435 - 0.771512)/(0.763435 + 0.771512) = -0.0105243
 l4dec 2*(1 - 1)/(1 + 1) = 0
 ccen 2*(0.925566 - 0.929165)/(0.925566 + 0.929165) = -0.00388075
 t1bb 2*(1 - 1)/(1 + 1) = 0
 l4dec 2*(1 - 1)/(1 + 1) = 0
 etwo 2*(0.923588 - 0.938728)/(0.923588 + 0.938728) = -0.0162589
 tracks 2*(0.990464 - 0.990179)/(0.990464 + 0.990179) = 0.000288297
 excludeblockA 2*(0.930865 - 0.930899)/(0.930865 + 0.930899) = -3.67534E-05
 excludeblockBC 2*(0.844532 - 0.849848)/(0.844532 + 0.849848) = -0.00627474
 cotthetadiff 2*(0.973831 - 0.967496)/(0.973831 + 0.967496) = 0.00652581
 sinphidiff 2*(0.973831 - 0.967077)/(0.973831 + 0.967077) = 0.00695906
 cott 2*(0.838538 - 0.839665)/(0.838538 + 0.839665) = -0.00134275
PAW > exit
 Exiting from PAW.
