           1   9453.67968750000        7.38999986648560     
  2.890000119805336E-002
           2   9453.70019531250        7.48000001907349     
  4.839999973773956E-002
           3   9475.93945312500        4.78999996185303     
  8.100000210106373E-003
           4   9449.78027343750        3.91000008583069     
  8.100000210106373E-003
           5   9463.70019531250        15.6099996566772     
  3.610000014305115E-002
           6   9444.47949218750        3.50999999046326     
  4.900000058114529E-003
           7   9467.78027343750        7.65000009536743     
  2.250000089406967E-002
           8   9471.98046875000        5.13000011444092     
  1.000000070780516E-002
           9   9453.66015625000        7.44999980926514     
  1.439999975264072E-002
          10   9457.67968750000        14.7500000000000     
  7.840000092983246E-002
          11   9460.26074218750        17.0200004577637     
  3.610000014305115E-002
          12   9460.28027343750        17.2199993133545     
  2.890000119805336E-002
          13   9460.37988281250        19.8400001525879     
  4.000000283122063E-002
          14   9460.33984375000        17.0400009155273     
  2.890000119805336E-002
          15   9460.39941406250        19.5100002288818     
  0.136900007724762     
          16   9460.33984375000        19.7399997711182     
  3.610000014305115E-002
          17   9460.24023437500        20.3400001525879     
  9.000000357627869E-002
          18   9433.48046875000        3.06999993324280     
  2.500000176951289E-003
          19   9433.41992187500        3.17000007629395     
  1.599999959580600E-003
          20   9433.40039062500        2.96000003814697     
  2.500000176951289E-003
          21   9433.40039062500        3.11999988555908     
  2.559999935328960E-002
          22   9433.32031250000        3.50000000000000     
  2.500000176951289E-003
          23   9433.37988281250        3.66000008583069     
  3.599999938160181E-003
  MINUIT RELEASE 96.03  INITIALIZED.   DIMENSIONS 100/ 50  EPSMAC=  0.89E-15

 PARAMETER DEFINITIONS:
    NO.   NAME         VALUE      STEP SIZE      LIMITS
     1 'area      '    261.08       1.0000         no limits
     2 'mass      '    9.4603      0.20000E-03     no limits
     3 'wide      '    3.7873      0.20000E-01     no limits
     4 'back      '    3.6179      0.10000E-01     no limits
 Writing out experimental points.
 Writing out theoretical curve.
 **********
 **    1 **SET STRATEGY   1.000    
 **********

 NOW USING STRATEGY  1: TRY TO BALANCE SPEED AGAINST RELIABILITY

 **********
 **    2 **MINIMIZE   2000.      0.3000E-01
 **********

 FIRST CALL TO USER FUNCTION AT NEW START POINT, WITH IFLAG=4.
testat       261.0800000000         9.4603000000         3.7873000000         3.6179000000 =      1362.3565403212 /         23
 START MIGRAD MINIMIZATION.  STRATEGY 1.  CONVERGENCE WHEN EDM .LT. 0.30E-04
testat       261.0980291292         9.4603000000         3.7873000000         3.6179000000 =      1363.0620214910 /         23
testat       261.0619708708         9.4603000000         3.7873000000         3.6179000000 =      1361.6515772815 /         23
testat       261.0800000000         9.4603045110         3.7873000000         3.6179000000 =      1264.1957414047 /         23
testat       261.0800000000         9.4602954890         3.7873000000         3.6179000000 =      1263.9688557785 /         23
testat       261.0800000000         9.4603000000         3.7876605826         3.6179000000 =      1263.1959411283 /         23
testat       261.0800000000         9.4603000000         3.7869394174         3.6179000000 =      1264.9581255478 /         23
testat       261.0800000000         9.4603000000         3.7873360583         3.6179000000 =      1263.9887135944 /         23
testat       261.0800000000         9.4603000000         3.7872639417         3.6179000000 =      1264.1648817431 /         23
testat       261.0800000000         9.4603000000         3.7873000000         3.6180802913 =      1264.4522782048 /         23
testat       261.0800000000         9.4603000000         3.7873000000         3.6177197087 =      1263.7015059881 /         23
testat       261.0800000000         9.4603000000         3.7873000000         3.6179180291 =      1264.1143323551 /         23
testat       261.0800000000         9.4603000000         3.7873000000         3.6178819709 =      1264.0392551334 /         23
testat       261.0800000000         9.4602954890         3.7873000000         3.6179000000 =      1263.9688557785 /         23
testat       261.0800000000         9.4602774449         3.7873000000         3.6179000000 =      1263.6548777939 /         23
testat       261.0800000000         9.4602864579         3.7873000000         3.6179000000 =      1263.7882318452 /         23
testat       261.0800000000         9.4602563037         3.7873000000         3.6179000000 =      1263.5213233622 /         23
testat       261.0994492628         9.4602563037         3.7873000000         3.6179000000 =      1264.2005811925 /         23
testat       261.0605507372         9.4602563037         3.7873000000         3.6179000000 =      1262.8426574098 /         23
testat       261.0800000000         9.4602608147         3.7873000000         3.6179000000 =      1263.5285467211 /         23
testat       261.0800000000         9.4602517927         3.7873000000         3.6179000000 =      1263.5260991246 /         23
testat       261.0800000000         9.4602563037         3.7873036058         3.6179000000 =      1263.5125025185 /         23
testat       261.0800000000         9.4602563037         3.7872963942         3.6179000000 =      1263.5301443047 /         23
testat       261.0800000000         9.4602563037         3.7873000000         3.6179018029 =      1263.5251024315 /         23
testat       261.0800000000         9.4602563037         3.7873000000         3.6178981971 =      1263.5175443128 /         23

 FCN=   1263.521     FROM MIGRAD    STATUS=INITIATE      24 CALLS       25 TOTAL
                     EDM= unknown      STRATEGY= 1      NO ERROR MATRIX       

  EXT PARAMETER               CURRENT GUESS       STEP         FIRST   
  NO.   NAME        VALUE          ERROR          SIZE      DERIVATIVE 
   1     area       261.08        1.0000       0.00000E+00    34.909    
   2     mass       9.4603       0.20000E-03  -0.43696E-04    271.29    
   3     wide       3.7873       0.20000E-01   0.00000E+00   -2446.3    
   4     back       3.6179       0.10000E-01   0.00000E+00    2096.1    
testat       238.7691358289         9.4602558436         4.1091025648         3.2749615313 =       854.4003618630 /         23
testat       247.4914994766         9.4602560235         3.9832948430         3.4090322696 =       594.2397335251 /         23
testat       247.5049679315         9.4602560235         3.9832948430         3.4090322696 =       594.1473179321 /         23
testat       247.4780310218         9.4602560235         3.9832948430         3.4090322696 =       594.3324133003 /         23
testat       247.4914994766         9.4602605345         3.9832948430         3.4090322696 =       594.9267497766 /         23
testat       247.4914994766         9.4602515125         3.9832948430         3.4090322696 =       593.5736248956 /         23
testat       247.4914994766         9.4602560235         3.9833309012         3.4090322696 =       594.2357511270 /         23
testat       247.4914994766         9.4602560235         3.9832587847         3.4090322696 =       594.2437223070 /         23
testat       247.4914994766         9.4602560235         3.9835352771         3.4090322696 =       594.2132997706 /         23
testat       247.4914994766         9.4602560235         3.9830544088         3.4090322696 =       594.2664511117 /         23
testat       247.4914994766         9.4602560235         3.9832948430         3.4090502988 =       594.2450438142 /         23
testat       247.4914994766         9.4602560235         3.9832948430         3.4090142405 =       594.2344252229 /         23
testat       247.4914994766         9.4602560235         3.9832948430         3.4092125609 =       594.2929258275 /         23
testat       247.4914994766         9.4602560235         3.9832948430         3.4088519783 =       594.1867399141 /         23
testat       250.8611887267         9.4600123283         4.0093067270         3.3499982139 =       554.9204876107 /         23
testat       250.8746801348         9.4600123283         4.0093067270         3.3499982139 =       554.8638092220 /         23
testat       250.8476973186         9.4600123283         4.0093067270         3.3499982139 =       554.9774305671 /         23
testat       250.8611887267         9.4600168392         4.0093067270         3.3499982139 =       554.4652662059 /         23
testat       250.8611887267         9.4600078175         4.0093067270         3.3499982139 =       555.3972585078 /         23
testat       250.8611887267         9.4600123283         4.0095390846         3.3499982139 =       554.8921347969 /         23
testat       250.8611887267         9.4600123283         4.0090743695         3.3499982139 =       554.9491088848 /         23
testat       250.8611887267         9.4600123283         4.0093067270         3.3502064599 =       554.9412758497 /         23
testat       250.8611887267         9.4600123283         4.0093067270         3.3497899679 =       554.8999644552 /         23
testat       253.6098467875         9.4600695321         4.0282777849         3.3220205747 =       536.7115608713 /         23
testat       257.9546304550         9.4601599538         4.0582651972         3.2777965254 =       525.5589469885 /         23
testat       257.9677735390         9.4601599538         4.0582651972         3.2777965254 =       525.5573500170 /         23
testat       257.9414873710         9.4601599538         4.0582651972         3.2777965254 =       525.5607898940 /         23
testat       257.9546304550         9.4601644647         4.0582651972         3.2777965254 =       525.6659192729 /         23
testat       257.9546304550         9.4601554428         4.0582651972         3.2777965254 =       525.4722125870 /         23
testat       257.9546304550         9.4601599538         4.0584899086         3.2777965254 =       525.4839301286 /         23
testat       257.9546304550         9.4601599538         4.0580404857         3.2777965254 =       525.6340887718 /         23
testat       257.9546304550         9.4601599538         4.0582651972         3.2779991974 =       525.5218551119 /         23
testat       257.9546304550         9.4601599538         4.0582651972         3.2775938534 =       525.5962899480 /         23
testat       261.0240182046         9.4601798828         4.1205439508         3.2812589084 =       508.3771849202 /         23
testat       265.7141612072         9.4602103350         4.2157082911         3.2865495633 =       498.3517904275 /         23
testat       265.7270935247         9.4602103350         4.2157082911         3.2865495633 =       498.3652244068 /         23
testat       265.7012288897         9.4602103350         4.2157082911         3.2865495633 =       498.3385820987 /         23
testat       265.7141612072         9.4602148460         4.2157082911         3.2865495633 =       498.3432878807 /         23
testat       265.7141612072         9.4602058241         4.2157082911         3.2865495633 =       498.3818000878 /         23
testat       265.7141612072         9.4602103350         4.2160185267         3.2865495633 =       498.3351583264 /         23
testat       265.7141612072         9.4602103350         4.2153980554         3.2865495633 =       498.3688660993 /         23
testat       265.7141612072         9.4602103350         4.2159355907         3.2865495633 =       498.3395611958 /         23
testat       265.7141612072         9.4602103350         4.2154809915         3.2865495633 =       498.3642577687 /         23
testat       265.7141612072         9.4602103350         4.2157082911         3.2867469299 =       498.3585125745 /         23
testat       265.7141612072         9.4602103350         4.2157082911         3.2863521967 =       498.3453063901 /         23
testat       265.3597664498         9.4602126221         4.2211220940         3.2839617858 =       497.9197115774 /         23
testat       265.3002347387         9.4602130063         4.2220315119         3.2835270874 =       497.9101498954 /         23
testat       265.3135134066         9.4602130063         4.2220315119         3.2835270874 =       497.9102465251 /         23
testat       265.2869560709         9.4602130063         4.2220315119         3.2835270874 =       497.9102906605 /         23
testat       265.3002347387         9.4602175172         4.2220315119         3.2835270874 =       497.9269247244 /         23
testat       265.3002347387         9.4602084953         4.2220315119         3.2835270874 =       497.9161059472 /         23
testat       265.3002347387         9.4602130063         4.2222587110         3.2835270874 =       497.9100478438 /         23
testat       265.3002347387         9.4602130063         4.2218043128         3.2835270874 =       497.9104848433 /         23
testat       265.3002347387         9.4602130063         4.2220315119         3.2837243667 =       497.9100737484 /         23
testat       265.3002347387         9.4602130063         4.2220315119         3.2833298081 =       497.9104639414 /         23
testat       265.3035804193         9.4602119345         4.2222515635         3.2836208537 =       497.9094437557 /         23
testat       265.3032363166         9.4602120447         4.2222289312         3.2836112098 =       497.9094402454 /         23
testat       265.3165290691         9.4602120447         4.2222289312         3.2836112098 =       497.9095583431 /         23
testat       265.2899435641         9.4602120447         4.2222289312         3.2836112098 =       497.9095600394 /         23
testat       265.3032363166         9.4602165557         4.2222289312         3.2836112098 =       497.9211224707 /         23
testat       265.3032363166         9.4602075337         4.2222289312         3.2836112098 =       497.9204876473 /         23
testat       265.3032363166         9.4602120447         4.2224585574         3.2836112098 =       497.9095343679 /         23
testat       265.3032363166         9.4602120447         4.2219993051         3.2836112098 =       497.9095858281 /         23
testat       265.3032363166         9.4602120447         4.2222289312         3.2838084890 =       497.9095303703 /         23
testat       265.3032363166         9.4602120447         4.2222289312         3.2834139307 =       497.9095880189 /         23
testat       265.3041379754         9.4602119966         4.2222647451         3.2836302592 =       497.9094379820 /         23
testat       265.3038150526         9.4602120138         4.2222519186         3.2836234368 =       497.9094376108 /         23
testat       265.3038856159         9.4602120101         4.2222547214         3.2836249276 =       497.9094375791 /         23
testat       265.3171785560         9.4602120101         4.2222547214         3.2836249276 =       497.9095563448 /         23
testat       265.2905926758         9.4602120101         4.2222547214         3.2836249276 =       497.9095567102 /         23
testat       265.3038856159         9.4602165210         4.2222547214         3.2836249276 =       497.9208909368 /         23
testat       265.3038856159         9.4602074991         4.2222547214         3.2836249276 =       497.9209244412 /         23
testat       265.3038856159         9.4602120101         4.2224834805         3.2836249276 =       497.9095494354 /         23
testat       265.3038856159         9.4602120101         4.2220259623         3.2836249276 =       497.9095636160 /         23
testat       265.3038856159         9.4602120101         4.2222547214         3.2838222067 =       497.9095485413 /         23
testat       265.3038856159         9.4602120101         4.2222547214         3.2834276485 =       497.9095645154 /         23

 MIGRAD MINIMIZATION HAS CONVERGED.

 MIGRAD WILL VERIFY CONVERGENCE AND ERROR MATRIX.
testat       265.3038856159         9.4602120101         4.2222547214         3.2836249276 =       497.9094375791 /         23
testat       265.3171785560         9.4602120101         4.2222547214         3.2836249276 =       497.9095563448 /         23
testat       265.2905926758         9.4602120101         4.2222547214         3.2836249276 =       497.9095567102 /         23
testat       265.3038856159         9.4602165210         4.2222547214         3.2836249276 =       497.9208909368 /         23
testat       265.3038856159         9.4602074991         4.2222547214         3.2836249276 =       497.9209244412 /         23
testat       265.3038856159         9.4602120101         4.2224834805         3.2836249276 =       497.9095494354 /         23
testat       265.3038856159         9.4602120101         4.2220259623         3.2836249276 =       497.9095636160 /         23
testat       265.3038856159         9.4602120101         4.2222547214         3.2838222067 =       497.9095485413 /         23
testat       265.3038856159         9.4602120101         4.2222547214         3.2834276485 =       497.9095645154 /         23
testat       265.3065442039         9.4602120101         4.2222547214         3.2836249276 =       497.9094423005 /         23
testat       265.3012270279         9.4602120101         4.2222547214         3.2836249276 =       497.9094423735 /         23
testat       265.3038856159         9.4602142655         4.2222547214         3.2836249276 =       497.9121216925 /         23
testat       265.3038856159         9.4602097546         4.2222547214         3.2836249276 =       497.9123009000 /         23
testat       265.3038856159         9.4602124612         4.2222547214         3.2836249276 =       497.9095308340 /         23
testat       265.3038856159         9.4602115590         4.2222547214         3.2836249276 =       497.9095662809 /         23
testat       265.3038856159         9.4602120101         4.2223004732         3.2836249276 =       497.9094409211 /         23
testat       265.3038856159         9.4602120101         4.2222089696         3.2836249276 =       497.9094437528 /         23
testat       265.3038856159         9.4602120101         4.2222547214         3.2836643834 =       497.9094407396 /         23
testat       265.3038856159         9.4602120101         4.2222547214         3.2835854718 =       497.9094439345 /         23
testat       265.3171785560         9.4602165210         4.2222547214         3.2836249276 =       497.9206206387 /         23
testat       265.3171785560         9.4602120101         4.2224834805         3.2836249276 =       497.9094945215 /         23
testat       265.3038856159         9.4602165210         4.2224834805         3.2836249276 =       497.9202901654 /         23
testat       265.3171785560         9.4602120101         4.2222547214         3.2838222067 =       497.9097484624 /         23
testat       265.3038856159         9.4602165210         4.2222547214         3.2838222067 =       497.9207171538 /         23
testat       265.3038856159         9.4602120101         4.2224834805         3.2838222067 =       497.9096439819 /         23
 COVARIANCE MATRIX CALCULATED SUCCESSFULLY

 FCN=   497.9094     FROM MIGRAD    STATUS=CONVERGED    125 CALLS      126 TOTAL
                     EDM=  0.49E-05    STRATEGY= 1      ERROR MATRIX ACCURATE 

  EXT PARAMETER                                   STEP         FIRST   
  NO.   NAME        VALUE          ERROR          SIZE      DERIVATIVE 
   1     area       265.30        2.4582       0.13293E-01  -0.13746E-04
   2     mass       9.4602       0.55772E-04   0.45110E-05   -39.290    
   3     wide       4.2223       0.41644E-01   0.22876E-03  -0.30947E-01
   4     back       3.2836       0.20258E-01   0.19728E-03  -0.40486E-01

 EXTERNAL ERROR MATRIX.    NDIM=  50    NPAR=  4    ERR DEF=  1.00    
  0.604E+01 0.819E-04 0.867E-01-0.212E-01
  0.819E-04 0.311E-08 0.149E-05-0.163E-06
  0.867E-01 0.149E-05 0.173E-02-0.258E-03
 -0.212E-01-0.163E-06-0.258E-03 0.410E-03

 PARAMETER  CORRELATION COEFFICIENTS
       NO.  GLOBAL     1     2     3     4
        1  0.86843  1.000 0.597 0.847-0.425
        2  0.65547  0.597 1.000 0.641-0.144
        3  0.86390  0.847 0.641 1.000-0.305
        4  0.45029 -0.425-0.144-0.305 1.000
 **********
 **    3 **SAVE
 **********
 CURRENT VALUES WILL BE SAVED ON UNIT  6: stdout                                                          

SET TITLE 
Real Kuraev-Fadin Fit                             
PARAMETERS
     1'area      '  0.26530E+03  0.24582E+01
     2'mass      '  0.94602E+01  0.55772E-04
     3'wide      '  0.42223E+01  0.41644E-01
     4'back      '  0.32836E+01  0.20258E-01
 
SET COVARIANCE     4
 0.6043E+01 0.8187E-04 0.3110E-08 0.8667E-01 0.1488E-05 0.1734E-02-0.2115E-01
-0.1631E-06-0.2577E-03 0.4104E-03
    11 RECORDS WRITTEN TO UNIT   6:stdout                                       
 INCLUDING    3 RECORDS FOR THE COVARIANCE MATRIX.

 **********
 **    4 **SHOW CORRELATIONS
 **********

 PARAMETER  CORRELATION COEFFICIENTS
       NO.  GLOBAL     1     2     3     4
        1  0.86843  1.000 0.597 0.847-0.425
        2  0.65547  0.597 1.000 0.641-0.144
        3  0.86390  0.847 0.641 1.000-0.305
        4  0.45029 -0.425-0.144-0.305 1.000
 **********
 **    5 **SHOW COVARIANCE
 **********

 EXTERNAL ERROR MATRIX.    NDIM=  50    NPAR=  4    ERR DEF=  1.00    
  0.604E+01 0.819E-04 0.867E-01-0.212E-01
  0.819E-04 0.311E-08 0.149E-05-0.163E-06
  0.867E-01 0.149E-05 0.173E-02-0.258E-03
 -0.212E-01-0.163E-06-0.258E-03 0.410E-03

 PARAMETER  CORRELATION COEFFICIENTS
       NO.  GLOBAL     1     2     3     4
        1  0.86843  1.000 0.597 0.847-0.425
        2  0.65547  0.597 1.000 0.641-0.144
        3  0.86390  0.847 0.641 1.000-0.305
        4  0.45029 -0.425-0.144-0.305 1.000
 **********
 **    6 **SHOW EIGENVALUES
 **********
 EIGENVALUES OF SECOND-DERIVATIVE MATRIX:
         0.1426E+00  0.4015E+00  0.8903E+00  0.2566E+01
 **********
 **    7 **SHOW FCNVALUE
 **********

 FCN=   497.9094     FROM SAVe      STATUS=CONVERGED      0 CALLS      126 TOTAL
                     EDM=  0.49E-05    STRATEGY= 1      ERROR MATRIX ACCURATE 
 Writing out experimental points.
 Writing out theoretical curve.
 param	area =    265.303885615892      +/-    2.45823321534513      MeV nb
 param	mass =    9.46021201005741      +/-   5.577162818351759E-005 GeV
 param	wide =    4.22225472138345      +/-   4.164424578252261E-002 MeV
 param	back =    3.28362492759683      +/-   2.025838364726984E-002 nb
