0.835126493422
Now with jitter = 0.0
VariableMetricBuilder: no improvement
Minuit succeeded.
area = 13.6730545135 with chi^2 457.538800771
areas mean, stdev = 13.6730545135 0.0 chi^2 mean, stdev = 457.538800771 0.0
Now with jitter = 0.05
Minuit succeeded.
area = 13.6749474923 with chi^2 464.509888485
VariableMetricBuilder: matrix not pos.def.
gdel > 0: 0.000381297
negative or zero diagonal element 0 in covariance matrix
negative or zero diagonal element 1 in covariance matrix
negative or zero diagonal element 2 in covariance matrix
negative or zero diagonal element 14 in covariance matrix
added 1.01535 to diagonal of error matrix
gdel: 0.000381297
Minuit succeeded.
area = 13.66530039 with chi^2 459.642380628
Minuit succeeded.
area = 13.6931906684 with chi^2 460.908690031
Minuit succeeded.
area = 13.6678898892 with chi^2 455.563017457
eigenvalues: 
-0.0868232
0.548549
0.723384
1
1
1
1
1
1
1
1
1
1.00186
1.10309
2.70994
matrix forced pos-def by adding 0.0895332 to diagonal
MnHesse: matrix is invalid!
MnHesse: matrix is not pos. def.!
MnHesse: matrix was forced pos. def.
FunctionMinimum is invalid.
Minuit failed because covariance is not accurate, and covariance is not positive definite.
Minuit succeeded.
area = 13.6809378141 with chi^2 459.248485493
Minuit succeeded.
area = 13.6615314738 with chi^2 458.989497454
Minuit succeeded.
area = 13.6852525842 with chi^2 462.099927029
Minuit succeeded.
area = 13.6678883415 with chi^2 462.744121588
Minuit succeeded.
area = 13.6712824298 with chi^2 460.130470501
Minuit succeeded.
area = 13.6794809003 with chi^2 461.285893307
Minuit succeeded.
area = 13.6740935957 with chi^2 453.610504314
Minuit succeeded.
area = 13.6663819088 with chi^2 459.065978804
Minuit succeeded.
area = 13.664807018 with chi^2 456.708892277
Minuit succeeded.
area = 13.6923285149 with chi^2 459.02101853
Minuit succeeded.
area = 13.6729948754 with chi^2 458.237951858
VariableMetricBuilder: matrix not pos.def.
gdel > 0: 0.000289055
negative or zero diagonal element 0 in covariance matrix
negative or zero diagonal element 1 in covariance matrix
negative or zero diagonal element 6 in covariance matrix
added 1.01372 to diagonal of error matrix
gdel: 0.000289055
Minuit succeeded.
area = 13.6572776779 with chi^2 459.89243483
Minuit succeeded.
area = 13.6794741555 with chi^2 467.865555925
Minuit succeeded.
area = 13.6595225132 with chi^2 451.710831497
VariableMetricBuilder: no improvement
VariableMetricBuilder: machine accuracy limits further improvement.
Minuit succeeded.
area = 13.6711078189 with chi^2 455.933153344
Minuit succeeded.
area = 13.6532146573 with chi^2 465.329364645
VariableMetricBuilder: matrix not pos.def.
gdel > 0: 1.44825e-06
negative or zero diagonal element 1 in covariance matrix
added 1.00001 to diagonal of error matrix
gdel: 1.44825e-06
Minuit succeeded.
area = 13.6874066012 with chi^2 460.81999106
eigenvalues: 
-0.0473766
0.569795
0.725712
1
1
1
1
1
1
1
1
1
1.00088
1.05001
2.70099
matrix forced pos-def by adding 0.0500776 to diagonal
MnHesse: matrix is invalid!
MnHesse: matrix is not pos. def.!
MnHesse: matrix was forced pos. def.
FunctionMinimum is invalid.
Minuit failed because covariance is not accurate, and covariance is not positive definite.
Minuit succeeded.
area = 13.6585926553 with chi^2 452.141222291
Minuit succeeded.
area = 13.6760026211 with chi^2 456.710409492
VariableMetricBuilder: no improvement
Minuit succeeded.
area = 13.6633626343 with chi^2 458.715229366
Minuit succeeded.
area = 13.6832148084 with chi^2 456.091710679
VariableMetricBuilder: no improvement
Minuit succeeded.
area = 13.6466784652 with chi^2 458.930953777
Minuit succeeded.
area = 13.6704357971 with chi^2 461.031706093
Minuit succeeded.
area = 13.6693634101 with chi^2 453.391232185
VariableMetricBuilder: no improvement
Minuit succeeded.
area = 13.6757918193 with chi^2 461.702864954
Minuit succeeded.
area = 13.6729805805 with chi^2 455.385209453
Minuit succeeded.
area = 13.6483788513 with chi^2 462.715735812
Minuit succeeded.
area = 13.6956245802 with chi^2 457.955691331
Minuit succeeded.
area = 13.6772518306 with chi^2 460.911309516
Minuit succeeded.
area = 13.6679256298 with chi^2 457.121579571
Minuit succeeded.
area = 13.6421748009 with chi^2 459.995751153
eigenvalues: 
-0.0199492
0.570614
0.733221
1
1
1
1
1
1
1
1
1
1.00113
1.02779
2.68719
matrix forced pos-def by adding 0.0226364 to diagonal
MnHesse: matrix is invalid!
MnHesse: matrix is not pos. def.!
MnHesse: matrix was forced pos. def.
FunctionMinimum is invalid.
Minuit failed because covariance is not accurate, and covariance is not positive definite.
Minuit succeeded.
area = 13.6709876261 with chi^2 462.135447138
Minuit succeeded.
area = 13.6721540656 with chi^2 464.580721943
Minuit succeeded.
area = 13.6664191193 with chi^2 463.276863349
Minuit succeeded.
area = 13.6846766269 with chi^2 457.753712806
Minuit succeeded.
area = 13.6664324782 with chi^2 461.828720835
Minuit succeeded.
area = 13.6704532641 with chi^2 457.727210789
Minuit succeeded.
area = 13.6760269003 with chi^2 455.589493905
Minuit succeeded.
area = 13.6747437432 with chi^2 458.324048695
Minuit succeeded.
area = 13.6708684023 with chi^2 454.509306159
Minuit succeeded.
area = 13.6549375613 with chi^2 453.810168683
Minuit succeeded.
area = 13.6548012824 with chi^2 460.524666659
Minuit succeeded.
area = 13.670394197 with chi^2 458.030359904
Minuit succeeded.
area = 13.6608333049 with chi^2 461.940623212
Minuit succeeded.
area = 13.6803337836 with chi^2 461.077106424
Minuit succeeded.
area = 13.6638703412 with chi^2 462.424279691
VariableMetricBuilder: no improvement
VariableMetricBuilder: machine accuracy limits further improvement.
Minuit succeeded.
area = 13.6845460161 with chi^2 459.961175896
Minuit succeeded.
area = 13.6878053484 with chi^2 458.185057762
Minuit succeeded.
area = 13.6716762653 with chi^2 461.696374076
Minuit succeeded.
area = 13.6891171929 with chi^2 461.398942474
VariableMetricBuilder: matrix not pos.def.
gdel > 0: 1.02366e-06
negative or zero diagonal element 1 in covariance matrix
added 1.00003 to diagonal of error matrix
gdel: 1.02366e-06
Minuit succeeded.
area = 13.6600819738 with chi^2 457.109777593
Minuit succeeded.
area = 13.6759918911 with chi^2 464.748480378
Minuit succeeded.
area = 13.6821273517 with chi^2 460.631859045
Minuit succeeded.
area = 13.6735779638 with chi^2 453.278869937
Minuit succeeded.
area = 13.6704798574 with chi^2 461.827226313
VariableMetricBuilder: no improvement
Minuit succeeded.
area = 13.6456475934 with chi^2 458.671182344
Minuit succeeded.
area = 13.6709348841 with chi^2 462.665734986
Minuit succeeded.
area = 13.670476621 with chi^2 463.988090487
Minuit succeeded.
area = 13.6755692974 with chi^2 457.421260204
Minuit succeeded.
area = 13.666917828 with chi^2 459.569422493
Minuit succeeded.
area = 13.670435676 with chi^2 448.215261873
Minuit succeeded.
area = 13.6892029502 with chi^2 459.216649429
Minuit succeeded.
area = 13.676446155 with chi^2 461.735027444
Minuit succeeded.
area = 13.6824241604 with chi^2 458.721118786
Minuit succeeded.
area = 13.6782346009 with chi^2 464.014562688
Minuit succeeded.
area = 13.6656271733 with chi^2 449.071326062
Minuit succeeded.
area = 13.6375025198 with chi^2 455.785412568
Minuit succeeded.
area = 13.6787199694 with chi^2 462.86430439
Minuit succeeded.
area = 13.6574871729 with chi^2 459.726078213
VariableMetricBuilder: no improvement
VariableMetricBuilder: machine accuracy limits further improvement.
Minuit succeeded.
area = 13.6798675966 with chi^2 462.897931004
Minuit succeeded.
area = 13.6592579895 with chi^2 455.49008074
VariableMetricBuilder: no improvement
Minuit succeeded.
area = 13.6654024928 with chi^2 458.45823774
Minuit succeeded.
area = 13.6388508553 with chi^2 457.927766717
Minuit succeeded.
area = 13.6690778293 with chi^2 461.137260306
Minuit succeeded.
area = 13.66945849 with chi^2 455.462396881
eigenvalues: 
-0.0363706
0.605135
0.72359
1
1
1
1
1
1
1
1
1
1.00035
1.01645
2.69084
matrix forced pos-def by adding 0.0390614 to diagonal
MnHesse: matrix is invalid!
MnHesse: matrix is not pos. def.!
MnHesse: matrix was forced pos. def.
FunctionMinimum is invalid.
Minuit failed because covariance is not accurate, and covariance is not positive definite.
Minuit succeeded.
area = 13.6509704254 with chi^2 457.017630183
Minuit succeeded.
area = 13.6825781261 with chi^2 457.376201436
Minuit succeeded.
area = 13.6900458995 with chi^2 454.587444481
eigenvalues: 
-0.036148
0.579343
0.727259
1
1
1
1
1
1
1
1
1
1.00097
1.02528
2.70329
matrix forced pos-def by adding 0.0388513 to diagonal
MnHesse: matrix is invalid!
MnHesse: matrix is not pos. def.!
MnHesse: matrix was forced pos. def.
FunctionMinimum is invalid.
Minuit failed because covariance is not accurate, and covariance is not positive definite.
Minuit succeeded.
area = 13.665798329 with chi^2 465.135539615
eigenvalues: 
-0.0271978
0.657096
0.732586
1
1
1
1
1
1
1
1
1
1.00147
1.06072
2.57532
matrix forced pos-def by adding 0.0297731 to diagonal
MnHesse: matrix is invalid!
MnHesse: matrix is not pos. def.!
MnHesse: matrix was forced pos. def.
FunctionMinimum is invalid.
Minuit failed because covariance is not accurate, and covariance is not positive definite.
Minuit succeeded.
area = 13.6586334857 with chi^2 463.470733933
Minuit succeeded.
area = 13.6746368121 with chi^2 464.826100823
VariableMetricBuilder: matrix not pos.def.
gdel > 0: 0.000447178
negative or zero diagonal element 0 in covariance matrix
negative or zero diagonal element 1 in covariance matrix
negative or zero diagonal element 13 in covariance matrix
added 1.01009 to diagonal of error matrix
gdel: 0.000447178
Minuit succeeded.
area = 13.6775833448 with chi^2 463.536354228
Minuit succeeded.
area = 13.6843307053 with chi^2 461.568021309
Minuit succeeded.
area = 13.6513990298 with chi^2 464.607121605
eigenvalues: 
-0.0115029
0.605621
0.737595
1
1
1
1
1
1
1
1
1
1.00166
1.08688
2.57974
matrix forced pos-def by adding 0.0140826 to diagonal
MnHesse: matrix is invalid!
MnHesse: matrix is not pos. def.!
MnHesse: matrix was forced pos. def.
FunctionMinimum is invalid.
Minuit failed because covariance is not accurate, and covariance is not positive definite.
VariableMetricBuilder: no improvement
VariableMetricBuilder: machine accuracy limits further improvement.
Minuit succeeded.
area = 13.6728836502 with chi^2 463.88075136
Minuit succeeded.
area = 13.6535260523 with chi^2 464.516226037
eigenvalues: 
-0.000423868
0.616707
0.725132
1
1
1
1
1
1
1
1
1
1.0008
1.01588
2.64191
matrix forced pos-def by adding 0.00306578 to diagonal
MnHesse: matrix is invalid!
MnHesse: matrix is not pos. def.!
MnHesse: matrix was forced pos. def.
FunctionMinimum is invalid.
Minuit failed because covariance is not accurate, and covariance is not positive definite.
Minuit succeeded.
area = 13.6767110031 with chi^2 455.550380664
Minuit succeeded.
area = 13.6709657183 with chi^2 458.241609649
areas mean, stdev = 13.6702720739 0.0121271618017 chi^2 mean, stdev = 459.411330099 3.72530852803
Now with jitter = 0.07
Minuit succeeded.
area = 13.6784228792 with chi^2 461.053656882
Minuit succeeded.
area = 13.6604475531 with chi^2 459.942162028
eigenvalues: 
-0.0374309
0.556771
0.728587
1
1
1
1
1
1
1
1
1
1.00073
1.0396
2.71174
matrix forced pos-def by adding 0.0401427 to diagonal
MnHesse: matrix is invalid!
MnHesse: matrix is not pos. def.!
MnHesse: matrix was forced pos. def.
FunctionMinimum is invalid.
Minuit failed because covariance is not accurate, and covariance is not positive definite.
Minuit succeeded.
area = 13.6825150155 with chi^2 464.984675278
Minuit succeeded.
area = 13.6543554849 with chi^2 453.987188892
Minuit succeeded.
area = 13.6611235983 with chi^2 466.223946719
Minuit succeeded.
area = 13.6847231444 with chi^2 466.352042594
Minuit succeeded.
area = 13.6760662898 with chi^2 464.14712487
eigenvalues: 
-0.00542841
0.625682
0.731334
1
1
1
1
1
1
1
1
1
1.00158
1.1272
2.51963
matrix forced pos-def by adding 0.00794804 to diagonal
MnHesse: matrix is invalid!
MnHesse: matrix is not pos. def.!
MnHesse: matrix was forced pos. def.
FunctionMinimum is invalid.
Minuit failed because covariance is not accurate, and covariance is not positive definite.
VariableMetricBuilder: no improvement
VariableMetricBuilder: machine accuracy limits further improvement.
Minuit succeeded.
area = 13.6814727106 with chi^2 472.651463956
Minuit succeeded.
area = 13.6468744334 with chi^2 465.755830631
Minuit succeeded.
area = 13.6551152125 with chi^2 466.233767772
Minuit succeeded.
area = 13.6982728016 with chi^2 456.690706515
VariableMetricBuilder: matrix not pos.def.
gdel > 0: 2.84521e-05
negative or zero diagonal element 0 in covariance matrix
negative or zero diagonal element 1 in covariance matrix
added 1.00062 to diagonal of error matrix
gdel: 2.84521e-05
Minuit succeeded.
area = 13.7194926674 with chi^2 463.694028803
Minuit succeeded.
area = 13.701777518 with chi^2 464.940168749
Minuit succeeded.
area = 13.6528544227 with chi^2 463.629095391
VariableMetricBuilder: no improvement
VariableMetricBuilder: machine accuracy limits further improvement.
Minuit succeeded.
area = 13.6810822181 with chi^2 467.3601205
VariableMetricBuilder: no improvement
VariableMetricBuilder: machine accuracy limits further improvement.
Minuit succeeded.
area = 13.6708597318 with chi^2 463.597823161
Minuit succeeded.
area = 13.6617631934 with chi^2 469.754284143
Minuit succeeded.
area = 13.6851197946 with chi^2 465.384947203
Minuit succeeded.
area = 13.6243465862 with chi^2 459.626678617
Minuit succeeded.
area = 13.6461471569 with chi^2 460.473511322
Minuit succeeded.
area = 13.6600264909 with chi^2 454.212424623
Minuit succeeded.
area = 13.6891040765 with chi^2 471.48178388
Minuit succeeded.
area = 13.6880502741 with chi^2 470.440120245
VariableMetricBuilder: matrix not pos.def.
edm < 0
eigenvalues: 
-0.0921918
0.452214
0.847772
0.919675
0.970089
0.990414
0.997972
0.999636
1.00237
1.01021
1.0226
1.08116
1.1793
1.41369
2.20509
matrix forced pos-def by adding 0.0943969 to diagonal
Minuit succeeded.
area = 13.6931745048 with chi^2 471.779902529
Minuit succeeded.
area = 13.6882698007 with chi^2 455.188749937
Minuit succeeded.
area = 13.673050893 with chi^2 473.900583933
Minuit succeeded.
area = 13.6909654649 with chi^2 462.104539201
Minuit succeeded.
area = 13.6919110966 with chi^2 457.292733524
Minuit succeeded.
area = 13.676378295 with chi^2 455.563355978
Minuit succeeded.
area = 13.6979537635 with chi^2 454.968092383
eigenvalues: 
-0.151546
0.603801
0.722443
1
1
1
1
1
1
1
1
1
1.00103
1.02546
2.79882
matrix forced pos-def by adding 0.154345 to diagonal
MnHesse: matrix is invalid!
MnHesse: matrix is not pos. def.!
MnHesse: matrix was forced pos. def.
FunctionMinimum is invalid.
Minuit failed because covariance is not accurate, and covariance is not positive definite.
Minuit succeeded.
area = 13.6844677508 with chi^2 460.991023591
Minuit succeeded.
area = 13.672348972 with chi^2 460.455942239
Minuit succeeded.
area = 13.6960317526 with chi^2 466.251305751
VariableMetricBuilder: no improvement
VariableMetricBuilder: machine accuracy limits further improvement.
Minuit succeeded.
area = 13.6816830403 with chi^2 464.645081247
Minuit succeeded.
area = 13.6619656453 with chi^2 464.952209456
Minuit succeeded.
area = 13.6539067605 with chi^2 465.217293336
eigenvalues: 
-0.0911459
0.559261
0.729581
1
1
1
1
1
1
1
1
1
1.00147
1.03951
2.76133
matrix forced pos-def by adding 0.0939073 to diagonal
MnHesse: matrix is invalid!
MnHesse: matrix is not pos. def.!
MnHesse: matrix was forced pos. def.
FunctionMinimum is invalid.
Minuit failed because covariance is not accurate, and covariance is not positive definite.
Minuit succeeded.
area = 13.6937150086 with chi^2 465.048867704
VariableMetricBuilder: matrix not pos.def.
gdel > 0: 7.60716e-05
negative or zero diagonal element 0 in covariance matrix
negative or zero diagonal element 1 in covariance matrix
added 1.0033 to diagonal of error matrix
gdel: 7.60716e-05
Minuit succeeded.
area = 13.6634351429 with chi^2 469.377781484
Minuit succeeded.
area = 13.6777081012 with chi^2 463.220459376
Minuit succeeded.
area = 13.680124639 with chi^2 461.341268248
Minuit succeeded.
area = 13.6688683131 with chi^2 457.197319888
Minuit succeeded.
area = 13.6639939146 with chi^2 459.872567446
Minuit succeeded.
area = 13.6948662632 with chi^2 464.831705579
Minuit succeeded.
area = 13.6559299002 with chi^2 464.623868319
Minuit succeeded.
area = 13.6711688033 with chi^2 466.930662136
VariableMetricBuilder: no improvement
VariableMetricBuilder: machine accuracy limits further improvement.
Minuit succeeded.
area = 13.6525688201 with chi^2 460.031237972
Minuit succeeded.
area = 13.657195148 with chi^2 458.991543528
Minuit succeeded.
area = 13.6553215126 with chi^2 465.368513604
Minuit succeeded.
area = 13.6786163714 with chi^2 465.224937883
VariableMetricBuilder: no improvement
VariableMetricBuilder: machine accuracy limits further improvement.
Minuit succeeded.
area = 13.6786927064 with chi^2 452.373292583
eigenvalues: 
-0.0756437
0.539118
0.731355
1
1
1
1
1
1
1
1
1
1.00106
1.01029
2.79383
matrix forced pos-def by adding 0.0784375 to diagonal
MnHesse: matrix is invalid!
MnHesse: matrix is not pos. def.!
MnHesse: matrix was forced pos. def.
FunctionMinimum is invalid.
Minuit failed because covariance is not accurate, and covariance is not positive definite.
Minuit succeeded.
area = 13.6481644139 with chi^2 456.636499119
Minuit succeeded.
area = 13.6839110933 with chi^2 460.107071122
Minuit succeeded.
area = 13.660738771 with chi^2 463.274813374
eigenvalues: 
-0.0113378
0.616736
0.725024
1
1
1
1
1
1
1
1
1
1.00044
1.01714
2.65199
matrix forced pos-def by adding 0.0139898 to diagonal
MnHesse: matrix is invalid!
MnHesse: matrix is not pos. def.!
MnHesse: matrix was forced pos. def.
FunctionMinimum is invalid.
Minuit failed because covariance is not accurate, and covariance is not positive definite.
Minuit succeeded.
area = 13.6834614055 with chi^2 458.01505778
eigenvalues: 
-0.0512074
0.569912
0.722692
1
1
1
1
1
1
1
1
1
1.00047
1.0148
2.74333
matrix forced pos-def by adding 0.0539507 to diagonal
MnHesse: matrix is invalid!
MnHesse: matrix is not pos. def.!
MnHesse: matrix was forced pos. def.
FunctionMinimum is invalid.
Minuit failed because covariance is not accurate, and covariance is not positive definite.
Minuit succeeded.
area = 13.695546472 with chi^2 461.929532785
Minuit succeeded.
area = 13.6568262624 with chi^2 462.018393213
Minuit succeeded.
area = 13.6772219808 with chi^2 469.085946824
Minuit succeeded.
area = 13.6520103814 with chi^2 469.041588767
Minuit succeeded.
area = 13.6681085635 with chi^2 453.39285201
Minuit succeeded.
area = 13.6911860442 with chi^2 469.65518414
Minuit succeeded.
area = 13.6474683685 with chi^2 463.988250495
Minuit succeeded.
area = 13.666577569 with chi^2 459.887500082
Minuit succeeded.
area = 13.6644716408 with chi^2 463.968911989
Minuit succeeded.
area = 13.6754380096 with chi^2 462.704289335
Minuit succeeded.
area = 13.6573283697 with chi^2 470.921891322
Minuit succeeded.
area = 13.6780779742 with chi^2 461.074905488
Minuit succeeded.
area = 13.7116979598 with chi^2 468.072794077
eigenvalues: 
-0.03872
0.609933
0.721344
1
1
1
1
1
1
1
1
1
1.0015
1.03145
2.6745
matrix forced pos-def by adding 0.0413945 to diagonal
MnHesse: matrix is invalid!
MnHesse: matrix is not pos. def.!
MnHesse: matrix was forced pos. def.
FunctionMinimum is invalid.
Minuit failed because covariance is not accurate, and covariance is not positive definite.
Minuit succeeded.
area = 13.6890218698 with chi^2 467.072082937
Minuit succeeded.
area = 13.6759706093 with chi^2 452.883158918
Minuit succeeded.
area = 13.69513366 with chi^2 464.830442428
Minuit succeeded.
area = 13.6601746046 with chi^2 467.891258157
eigenvalues: 
-0.0187553
0.6097
0.721183
1
1
1
1
1
1
1
1
1
1.00036
1.02878
2.65873
matrix forced pos-def by adding 0.021414 to diagonal
MnHesse: matrix is invalid!
MnHesse: matrix is not pos. def.!
MnHesse: matrix was forced pos. def.
FunctionMinimum is invalid.
Minuit failed because covariance is not accurate, and covariance is not positive definite.
eigenvalues: 
-0.00520463
0.631345
0.74173
1
1
1
1
1
1
1
1
1
1.00068
1.01805
2.6134
matrix forced pos-def by adding 0.00781803 to diagonal
MnHesse: matrix is invalid!
MnHesse: matrix is not pos. def.!
MnHesse: matrix was forced pos. def.
FunctionMinimum is invalid.
Minuit failed because covariance is not accurate, and covariance is not positive definite.
Minuit succeeded.
area = 13.6693799649 with chi^2 463.714004635
eigenvalues: 
-0.0542393
0.547465
0.720281
1
1
1
1
1
1
1
1
1
1.0016
1.08422
2.70067
matrix forced pos-def by adding 0.05694 to diagonal
MnHesse: matrix is invalid!
MnHesse: matrix is not pos. def.!
MnHesse: matrix was forced pos. def.
FunctionMinimum is invalid.
Minuit failed because covariance is not accurate, and covariance is not positive definite.
Minuit succeeded.
area = 13.6653253819 with chi^2 459.206996033
Minuit succeeded.
area = 13.6561816399 with chi^2 456.989481959
eigenvalues: 
-0.0512265
0.571851
0.736432
1
1
1
1
1
1
1
1
1
1.00153
1.04882
2.69259
matrix forced pos-def by adding 0.0539191 to diagonal
MnHesse: matrix is invalid!
MnHesse: matrix is not pos. def.!
MnHesse: matrix was forced pos. def.
FunctionMinimum is invalid.
Minuit failed because covariance is not accurate, and covariance is not positive definite.
Minuit succeeded.
area = 13.6978048616 with chi^2 459.987689918
Minuit succeeded.
area = 13.6582795612 with chi^2 464.170166248
Minuit succeeded.
area = 13.6635646206 with chi^2 456.613688418
eigenvalues: 
-0.0590876
0.486831
0.746228
1
1
1
1
1
1
1
1
1
1.00175
1.12464
2.69964
matrix forced pos-def by adding 0.0617872 to diagonal
MnHesse: matrix is invalid!
MnHesse: matrix is not pos. def.!
MnHesse: matrix was forced pos. def.
FunctionMinimum is invalid.
Minuit failed because covariance is not accurate, and covariance is not positive definite.
VariableMetricBuilder: no improvement
Minuit succeeded.
area = 13.6764027463 with chi^2 460.357624468
Minuit succeeded.
area = 13.6893021928 with chi^2 460.368705475
Minuit succeeded.
area = 13.6869911297 with chi^2 465.83472757
Minuit succeeded.
area = 13.6883239312 with chi^2 466.859949556
eigenvalues: 
-0.0371974
0.575012
0.721044
1
1
1
1
1
1
1
1
1
1.00155
1.04171
2.69788
matrix forced pos-def by adding 0.0398953 to diagonal
MnHesse: matrix is invalid!
MnHesse: matrix is not pos. def.!
MnHesse: matrix was forced pos. def.
FunctionMinimum is invalid.
Minuit failed because covariance is not accurate, and covariance is not positive definite.
Minuit succeeded.
area = 13.6925053367 with chi^2 459.492274712
Minuit succeeded.
area = 13.6755229753 with chi^2 462.719008778
VariableMetricBuilder: no improvement
VariableMetricBuilder: machine accuracy limits further improvement.
Minuit succeeded.
area = 13.6715011804 with chi^2 476.420697414
Minuit succeeded.
area = 13.6927251243 with chi^2 460.246101931
Minuit succeeded.
area = 13.6766446847 with chi^2 454.603356152
areas mean, stdev = 13.6745734534 0.0168424710252 chi^2 mean, stdev = 462.95813127 5.07968264451
