0.624192138015
Now with jitter = 0.0
Minuit succeeded.
area = 13.575470531 with chi^2 395.724509403
areas mean, stdev = 13.575470531 0.0 chi^2 mean, stdev = 395.724509403 0.0
Now with jitter = 0.05
VariableMetricBuilder: no improvement
VariableMetricBuilder: machine accuracy limits further improvement.
Minuit succeeded.
area = 13.5780029687 with chi^2 398.252151034
eigenvalues: 
-0.0150061
0.570981
0.729921
1
1
1
1
1
1
1
1
1
1.0018
1.07861
2.6337
matrix forced pos-def by adding 0.0176398 to diagonal
MnHesse: matrix is invalid!
MnHesse: matrix is not pos. def.!
MnHesse: matrix was forced pos. def.
FunctionMinimum is invalid.
Minuit failed because covariance is not accurate, and covariance is not positive definite.
VariableMetricBuilder: no improvement
VariableMetricBuilder: machine accuracy limits further improvement.
Minuit succeeded.
area = 13.5784778247 with chi^2 399.906598878
VariableMetricBuilder: matrix not pos.def.
gdel > 0: 4.98326e-05
negative or zero diagonal element 0 in covariance matrix
negative or zero diagonal element 1 in covariance matrix
added 1.00281 to diagonal of error matrix
gdel: 4.98326e-05
Minuit succeeded.
area = 13.5747258218 with chi^2 398.247877161
Minuit succeeded.
area = 13.5729511457 with chi^2 397.038371541
Minuit succeeded.
area = 13.5803103305 with chi^2 397.259024399
eigenvalues: 
-0.183066
0.606372
0.710899
1
1
1
1
1
1
1
1
1
1.00214
1.09504
2.76862
matrix forced pos-def by adding 0.185834 to diagonal
MnHesse: matrix is invalid!
MnHesse: matrix is not pos. def.!
MnHesse: matrix was forced pos. def.
FunctionMinimum is invalid.
Minuit failed because covariance is not accurate, and covariance is not positive definite.
Minuit succeeded.
area = 13.5853943434 with chi^2 397.02197822
VariableMetricBuilder: no improvement
Minuit succeeded.
area = 13.5710788359 with chi^2 392.188384968
eigenvalues: 
-0.000616273
0.638833
0.731083
1
1
1
1
1
1
1
1
1
1.00083
1.02303
2.60684
matrix forced pos-def by adding 0.00322311 to diagonal
MnHesse: matrix is invalid!
MnHesse: matrix is not pos. def.!
MnHesse: matrix was forced pos. def.
FunctionMinimum is invalid.
Minuit failed because covariance is not accurate, and covariance is not positive definite.
VariableMetricBuilder: no improvement
VariableMetricBuilder: machine accuracy limits further improvement.
Minuit succeeded.
area = 13.5696934794 with chi^2 397.41132203
Minuit succeeded.
area = 13.5712642469 with chi^2 399.556456763
Minuit succeeded.
area = 13.5720750654 with chi^2 401.304541798
Minuit succeeded.
area = 13.5701124521 with chi^2 396.1795766
Minuit succeeded.
area = 13.5809367141 with chi^2 397.142929458
Minuit succeeded.
area = 13.5733760554 with chi^2 396.943724334
Minuit succeeded.
area = 13.5873639864 with chi^2 395.7384566
Minuit succeeded.
area = 13.5894308506 with chi^2 397.15603592
Minuit succeeded.
area = 13.5832686033 with chi^2 406.170492019
Minuit succeeded.
area = 13.5745382712 with chi^2 397.452680676
VariableMetricBuilder: no improvement
Minuit succeeded.
area = 13.5715099975 with chi^2 401.243038328
Minuit succeeded.
area = 13.5623054208 with chi^2 399.090368074
Minuit succeeded.
area = 13.5651583625 with chi^2 396.961658048
Minuit succeeded.
area = 13.5988131028 with chi^2 393.068463443
Minuit succeeded.
area = 13.5524853392 with chi^2 403.069156164
Minuit succeeded.
area = 13.5725281241 with chi^2 400.268956699
Minuit succeeded.
area = 13.5661375138 with chi^2 401.108489815
Minuit succeeded.
area = 13.5720377479 with chi^2 395.946491079
Minuit succeeded.
area = 13.5689825413 with chi^2 401.94207146
Minuit succeeded.
area = 13.595335893 with chi^2 393.077786649
Minuit succeeded.
area = 13.5783626375 with chi^2 399.527228064
Minuit succeeded.
area = 13.5852777299 with chi^2 395.046695898
Minuit succeeded.
area = 13.568962639 with chi^2 399.077083488
eigenvalues: 
-0.0376517
0.526753
0.733895
1
1
1
1
1
1
1
1
1
1.00178
1.08304
2.69218
matrix forced pos-def by adding 0.0403439 to diagonal
MnHesse: matrix is invalid!
MnHesse: matrix is not pos. def.!
MnHesse: matrix was forced pos. def.
FunctionMinimum is invalid.
Minuit failed because covariance is not accurate, and covariance is not positive definite.
Minuit succeeded.
area = 13.5657986807 with chi^2 397.658161198
Minuit succeeded.
area = 13.5599450857 with chi^2 400.01540205
Minuit succeeded.
area = 13.6044162621 with chi^2 402.304312193
Minuit succeeded.
area = 13.5776221471 with chi^2 397.27194977
Minuit succeeded.
area = 13.5587786629 with chi^2 398.448563714
VariableMetricBuilder: matrix not pos.def.
gdel > 0: 0.000102233
negative or zero diagonal element 0 in covariance matrix
negative or zero diagonal element 1 in covariance matrix
added 1.0034 to diagonal of error matrix
gdel: 0.000102233
Minuit succeeded.
area = 13.6167998167 with chi^2 398.633271912
Minuit succeeded.
area = 13.5718543847 with chi^2 399.237220137
Minuit succeeded.
area = 13.5691998518 with chi^2 398.172562149
Minuit succeeded.
area = 13.5566971743 with chi^2 396.264351978
eigenvalues: 
-0.0146918
0.601136
0.729576
1
1
1
1
1
1
1
1
1
1.00184
1.06713
2.61501
matrix forced pos-def by adding 0.0173069 to diagonal
MnHesse: matrix is invalid!
MnHesse: matrix is not pos. def.!
MnHesse: matrix was forced pos. def.
FunctionMinimum is invalid.
Minuit failed because covariance is not accurate, and covariance is not positive definite.
Minuit succeeded.
area = 13.5856876663 with chi^2 398.305260494
Minuit succeeded.
area = 13.5609644198 with chi^2 398.496402871
Minuit succeeded.
area = 13.5645626194 with chi^2 405.894374433
Minuit succeeded.
area = 13.574493109 with chi^2 399.277280865
Minuit succeeded.
area = 13.5605633892 with chi^2 395.954367446
Minuit succeeded.
area = 13.5568237188 with chi^2 402.857384547
Minuit succeeded.
area = 13.5877123734 with chi^2 399.199913539
Minuit succeeded.
area = 13.5716064304 with chi^2 398.961155528
Minuit succeeded.
area = 13.5792471778 with chi^2 396.165705313
Minuit succeeded.
area = 13.5694584963 with chi^2 398.218329474
eigenvalues: 
-0.00276272
0.624315
0.721395
1
1
1
1
1
1
1
1
1
1.0008
1.01741
2.63884
matrix forced pos-def by adding 0.00540156 to diagonal
MnHesse: matrix is invalid!
MnHesse: matrix is not pos. def.!
MnHesse: matrix was forced pos. def.
FunctionMinimum is invalid.
Minuit failed because covariance is not accurate, and covariance is not positive definite.
Minuit succeeded.
area = 13.5759577956 with chi^2 400.932307189
VariableMetricBuilder: no improvement
VariableMetricBuilder: machine accuracy limits further improvement.
Minuit succeeded.
area = 13.5999988227 with chi^2 397.602183033
eigenvalues: 
-0.0150011
0.495111
0.742642
1
1
1
1
1
1
1
1
1
1.00154
1.03898
2.73673
matrix forced pos-def by adding 0.0177378 to diagonal
MnHesse: matrix is invalid!
MnHesse: matrix is not pos. def.!
MnHesse: matrix was forced pos. def.
FunctionMinimum is invalid.
Minuit failed because covariance is not accurate, and covariance is not positive definite.
Minuit succeeded.
area = 13.5704551899 with chi^2 397.830725887
Minuit succeeded.
area = 13.5787943698 with chi^2 397.016184782
Minuit succeeded.
area = 13.5943065008 with chi^2 396.198241251
Minuit succeeded.
area = 13.560652668 with chi^2 398.702556519
Minuit succeeded.
area = 13.5650340561 with chi^2 400.209039374
VariableMetricBuilder: no improvement
Minuit succeeded.
area = 13.5684412176 with chi^2 399.013976116
Minuit succeeded.
area = 13.5665653137 with chi^2 396.922880024
Minuit succeeded.
area = 13.5903209672 with chi^2 401.147417137
Minuit succeeded.
area = 13.5818666093 with chi^2 400.887206439
Minuit succeeded.
area = 13.5652340843 with chi^2 399.766223587
Minuit succeeded.
area = 13.5930486475 with chi^2 395.692730109
Minuit succeeded.
area = 13.5834072178 with chi^2 398.818368446
Minuit succeeded.
area = 13.5927436186 with chi^2 397.89921266
Minuit succeeded.
area = 13.5995263308 with chi^2 398.771478318
Minuit succeeded.
area = 13.5877491019 with chi^2 394.767856875
VariableMetricBuilder: no improvement
Minuit succeeded.
area = 13.5662776497 with chi^2 397.801683675
Minuit succeeded.
area = 13.5621411871 with chi^2 401.952244085
VariableMetricBuilder: no improvement
Minuit succeeded.
area = 13.5935137708 with chi^2 390.488344408
eigenvalues: 
-0.0124221
0.588636
0.726835
1
1
1
1
1
1
1
1
1
1.00107
1.03778
2.6581
matrix forced pos-def by adding 0.0150802 to diagonal
MnHesse: matrix is invalid!
MnHesse: matrix is not pos. def.!
MnHesse: matrix was forced pos. def.
FunctionMinimum is invalid.
Minuit failed because covariance is not accurate, and covariance is not positive definite.
Minuit succeeded.
area = 13.5966577954 with chi^2 396.676874863
Minuit succeeded.
area = 13.5787418325 with chi^2 404.268578872
Minuit succeeded.
area = 13.6079802211 with chi^2 400.805312954
eigenvalues: 
-0.0164161
0.497547
0.762838
1
1
1
1
1
1
1
1
1
1.00153
1.06183
2.69267
matrix forced pos-def by adding 0.0191088 to diagonal
MnHesse: matrix is invalid!
MnHesse: matrix is not pos. def.!
MnHesse: matrix was forced pos. def.
FunctionMinimum is invalid.
Minuit failed because covariance is not accurate, and covariance is not positive definite.
eigenvalues: 
-0.0711807
0.606383
0.724098
1
1
1
1
1
1
1
1
1
1.00052
1.02526
2.71492
matrix forced pos-def by adding 0.0738956 to diagonal
MnHesse: matrix is invalid!
MnHesse: matrix is not pos. def.!
MnHesse: matrix was forced pos. def.
FunctionMinimum is invalid.
Minuit failed because covariance is not accurate, and covariance is not positive definite.
Minuit succeeded.
area = 13.5798687087 with chi^2 393.447934958
Minuit succeeded.
area = 13.5494964418 with chi^2 403.743142386
eigenvalues: 
-0.0106758
0.645551
0.729887
1
1
1
1
1
1
1
1
1
1.00121
1.0236
2.61042
matrix forced pos-def by adding 0.0132862 to diagonal
MnHesse: matrix is invalid!
MnHesse: matrix is not pos. def.!
MnHesse: matrix was forced pos. def.
FunctionMinimum is invalid.
Minuit failed because covariance is not accurate, and covariance is not positive definite.
Minuit succeeded.
area = 13.5913820963 with chi^2 393.838012195
Minuit succeeded.
area = 13.5895141982 with chi^2 399.604682412
Minuit succeeded.
area = 13.5671998964 with chi^2 396.045667813
Minuit succeeded.
area = 13.5812641469 with chi^2 399.391049903
Minuit succeeded.
area = 13.5767368011 with chi^2 394.627659081
Minuit succeeded.
area = 13.5823493368 with chi^2 398.326500543
eigenvalues: 
-0.0803213
0.519879
0.729474
1
1
1
1
1
1
1
1
1
1.00193
1.10325
2.72579
matrix forced pos-def by adding 0.083047 to diagonal
MnHesse: matrix is invalid!
MnHesse: matrix is not pos. def.!
MnHesse: matrix was forced pos. def.
FunctionMinimum is invalid.
Minuit failed because covariance is not accurate, and covariance is not positive definite.
eigenvalues: 
-0.0212845
0.55085
0.721477
1
1
1
1
1
1
1
1
1
1.00124
1.15975
2.58797
matrix forced pos-def by adding 0.0238724 to diagonal
MnHesse: matrix is invalid!
MnHesse: matrix is not pos. def.!
MnHesse: matrix was forced pos. def.
FunctionMinimum is invalid.
Minuit failed because covariance is not accurate, and covariance is not positive definite.
Minuit succeeded.
area = 13.5785730051 with chi^2 396.849445038
Minuit succeeded.
area = 13.5741160535 with chi^2 401.092288301
Minuit succeeded.
area = 13.5781759818 with chi^2 400.607288109
Minuit succeeded.
area = 13.5671885327 with chi^2 405.430197482
eigenvalues: 
-0.0246326
0.502369
0.737277
1
1
1
1
1
1
1
1
1
1.00227
1.10709
2.67563
matrix forced pos-def by adding 0.0273082 to diagonal
MnHesse: matrix is invalid!
MnHesse: matrix is not pos. def.!
MnHesse: matrix was forced pos. def.
FunctionMinimum is invalid.
Minuit failed because covariance is not accurate, and covariance is not positive definite.
Minuit succeeded.
area = 13.5628246682 with chi^2 393.801552043
Minuit succeeded.
area = 13.5785529699 with chi^2 396.047714681
areas mean, stdev = 13.576741713 0.012880849054 chi^2 mean, stdev = 398.404172334 2.93902584729
Now with jitter = 0.07
Minuit succeeded.
area = 13.5643258941 with chi^2 400.981895396
Minuit succeeded.
area = 13.5264644583 with chi^2 398.001990095
VariableMetricBuilder: no improvement
VariableMetricBuilder: machine accuracy limits further improvement.
Minuit succeeded.
area = 13.5364878274 with chi^2 403.104693689
Minuit succeeded.
area = 13.5922606281 with chi^2 398.576798101
Minuit succeeded.
area = 13.5859968616 with chi^2 409.576851507
Minuit succeeded.
area = 13.5632452807 with chi^2 405.354110352
Minuit succeeded.
area = 13.5871227066 with chi^2 403.587675472
Minuit succeeded.
area = 13.5589896243 with chi^2 407.224983702
eigenvalues: 
-0.0521918
0.591754
0.722566
1
1
1
1
1
1
1
1
1
1.00176
1.02366
2.71246
matrix forced pos-def by adding 0.0549042 to diagonal
MnHesse: matrix is invalid!
MnHesse: matrix is not pos. def.!
MnHesse: matrix was forced pos. def.
FunctionMinimum is invalid.
Minuit failed because covariance is not accurate, and covariance is not positive definite.
Minuit succeeded.
area = 13.5771786925 with chi^2 405.183235164
Minuit succeeded.
area = 13.5476181243 with chi^2 402.182089267
Minuit succeeded.
area = 13.5802548686 with chi^2 402.163468431
Minuit succeeded.
area = 13.5998318951 with chi^2 397.601241042
VariableMetricBuilder: no improvement
Minuit succeeded.
area = 13.5557148063 with chi^2 400.447021995
Minuit succeeded.
area = 13.5978069923 with chi^2 394.606184046
Minuit succeeded.
area = 13.6149108166 with chi^2 406.130733555
Minuit succeeded.
area = 13.5622317918 with chi^2 407.998453119
eigenvalues: 
-0.0310975
0.639987
0.733961
1
1
1
1
1
1
1
1
1
1.00064
1.02978
2.62673
matrix forced pos-def by adding 0.0337243 to diagonal
MnHesse: matrix is invalid!
MnHesse: matrix is not pos. def.!
MnHesse: matrix was forced pos. def.
FunctionMinimum is invalid.
Minuit failed because covariance is not accurate, and covariance is not positive definite.
Minuit succeeded.
area = 13.5704107097 with chi^2 406.831056937
Minuit succeeded.
area = 13.6047075363 with chi^2 405.174367713
Minuit succeeded.
area = 13.5846765593 with chi^2 404.752292492
Minuit succeeded.
area = 13.584382688 with chi^2 402.674244997
Minuit succeeded.
area = 13.5547161031 with chi^2 409.770196152
Minuit succeeded.
area = 13.5391468716 with chi^2 395.32439985
Minuit succeeded.
area = 13.5738827833 with chi^2 402.331829236
Minuit succeeded.
area = 13.5959390447 with chi^2 398.018736222
Minuit succeeded.
area = 13.5885030217 with chi^2 405.723253983
Minuit succeeded.
area = 13.5929819678 with chi^2 398.575233252
VariableMetricBuilder: no improvement
VariableMetricBuilder: machine accuracy limits further improvement.
Minuit succeeded.
area = 13.5585560932 with chi^2 397.229964775
Minuit succeeded.
area = 13.5373967803 with chi^2 406.538403576
Minuit succeeded.
area = 13.5832823145 with chi^2 398.680591057
Minuit succeeded.
area = 13.5911984604 with chi^2 394.45591815
Minuit succeeded.
area = 13.586622402 with chi^2 399.32455961
Minuit succeeded.
area = 13.5693131785 with chi^2 399.520749331
Minuit succeeded.
area = 13.5748885024 with chi^2 393.77870416
Minuit succeeded.
area = 13.5684170695 with chi^2 398.826624061
eigenvalues: 
-0.0477459
0.644425
0.731444
1
1
1
1
1
1
1
1
1
1.00125
1.05099
2.61963
matrix forced pos-def by adding 0.0503655 to diagonal
MnHesse: matrix is invalid!
MnHesse: matrix is not pos. def.!
MnHesse: matrix was forced pos. def.
FunctionMinimum is invalid.
Minuit failed because covariance is not accurate, and covariance is not positive definite.
VariableMetricBuilder: matrix not pos.def.
gdel > 0: 1.76673e-05
negative or zero diagonal element 1 in covariance matrix
added 1.00005 to diagonal of error matrix
gdel: 1.76673e-05
Minuit succeeded.
area = 13.6039190745 with chi^2 401.279393082
Minuit succeeded.
area = 13.5760264278 with chi^2 407.766651264
Minuit succeeded.
area = 13.5950700121 with chi^2 395.241891537
Minuit succeeded.
area = 13.5695833757 with chi^2 404.210480879
Minuit succeeded.
area = 13.5831615142 with chi^2 396.526129319
eigenvalues: 
-0.0215224
0.491132
0.747981
1
1
1
1
1
1
1
1
1
1.00214
1.12558
2.65469
matrix forced pos-def by adding 0.0241771 to diagonal
MnHesse: matrix is invalid!
MnHesse: matrix is not pos. def.!
MnHesse: matrix was forced pos. def.
FunctionMinimum is invalid.
Minuit failed because covariance is not accurate, and covariance is not positive definite.
Minuit succeeded.
area = 13.5332221172 with chi^2 403.225019752
Minuit succeeded.
area = 13.5851740959 with chi^2 404.037180129
Minuit succeeded.
area = 13.5579441335 with chi^2 401.596318243
Minuit succeeded.
area = 13.6222496523 with chi^2 396.770923313
Minuit succeeded.
area = 13.558519376 with chi^2 400.615052861
Minuit succeeded.
area = 13.5818007381 with chi^2 398.061706568
Minuit succeeded.
area = 13.5818369803 with chi^2 406.202577082
Minuit succeeded.
area = 13.5700776332 with chi^2 398.299620757
Minuit succeeded.
area = 13.5758439412 with chi^2 402.39887545
VariableMetricBuilder: no improvement
Minuit succeeded.
area = 13.5711509248 with chi^2 405.337953049
Minuit succeeded.
area = 13.5748945826 with chi^2 397.053986519
Minuit succeeded.
area = 13.5581460933 with chi^2 399.411372333
Minuit succeeded.
area = 13.6306370999 with chi^2 406.487461735
Minuit succeeded.
area = 13.5323112323 with chi^2 403.116323158
eigenvalues: 
-0.00619876
0.629453
0.729468
1
1
1
1
1
1
1
1
1
1.0005
1.02024
2.62654
matrix forced pos-def by adding 0.0088253 to diagonal
MnHesse: matrix is invalid!
MnHesse: matrix is not pos. def.!
MnHesse: matrix was forced pos. def.
FunctionMinimum is invalid.
Minuit failed because covariance is not accurate, and covariance is not positive definite.
eigenvalues: 
-0.0379947
0.540997
0.739177
1
1
1
1
1
1
1
1
1
1.00176
1.13293
2.62313
matrix forced pos-def by adding 0.0406179 to diagonal
MnHesse: matrix is invalid!
MnHesse: matrix is not pos. def.!
MnHesse: matrix was forced pos. def.
FunctionMinimum is invalid.
Minuit failed because covariance is not accurate, and covariance is not positive definite.
Minuit succeeded.
area = 13.5988148893 with chi^2 406.443689957
Minuit succeeded.
area = 13.5742198293 with chi^2 401.425440511
Minuit succeeded.
area = 13.5729266632 with chi^2 397.35325454
Minuit succeeded.
area = 13.5968992117 with chi^2 400.921408793
Minuit succeeded.
area = 13.5596604259 with chi^2 410.246806607
Minuit succeeded.
area = 13.5567135377 with chi^2 402.432854545
Minuit succeeded.
area = 13.5409044789 with chi^2 398.189066359
Minuit succeeded.
area = 13.564353724 with chi^2 400.864687923
Minuit succeeded.
area = 13.5862972546 with chi^2 399.902610291
eigenvalues: 
-0.0285012
0.474638
0.760653
1
1
1
1
1
1
1
1
1
1.00183
1.13133
2.66004
matrix forced pos-def by adding 0.0311612 to diagonal
MnHesse: matrix is invalid!
MnHesse: matrix is not pos. def.!
MnHesse: matrix was forced pos. def.
FunctionMinimum is invalid.
Minuit failed because covariance is not accurate, and covariance is not positive definite.
VariableMetricBuilder: no improvement
VariableMetricBuilder: machine accuracy limits further improvement.
Minuit succeeded.
area = 13.5751059109 with chi^2 401.274930749
Minuit succeeded.
area = 13.6022097343 with chi^2 399.821138133
Minuit succeeded.
area = 13.550379632 with chi^2 401.357728533
Minuit succeeded.
area = 13.5774519076 with chi^2 404.092802894
Minuit succeeded.
area = 13.5844309581 with chi^2 401.273956775
Minuit succeeded.
area = 13.5689540684 with chi^2 404.558652655
Minuit succeeded.
area = 13.5161531539 with chi^2 404.121440246
Minuit succeeded.
area = 13.5740256192 with chi^2 397.269582836
Minuit succeeded.
area = 13.5865907273 with chi^2 397.07100561
Minuit succeeded.
area = 13.5615355327 with chi^2 403.207076735
Minuit succeeded.
area = 13.5589813926 with chi^2 401.745076986
Minuit succeeded.
area = 13.5568213521 with chi^2 399.871888834
Minuit succeeded.
area = 13.559159273 with chi^2 397.051459955
eigenvalues: 
-0.0134498
0.587766
0.73123
1
1
1
1
1
1
1
1
1
1.00034
1.01951
2.6746
matrix forced pos-def by adding 0.0161244 to diagonal
MnHesse: matrix is invalid!
MnHesse: matrix is not pos. def.!
MnHesse: matrix was forced pos. def.
FunctionMinimum is invalid.
Minuit failed because covariance is not accurate, and covariance is not positive definite.
Minuit succeeded.
area = 13.5701963787 with chi^2 400.030225999
Minuit succeeded.
area = 13.5665743335 with chi^2 400.000133274
Minuit succeeded.
area = 13.5914307623 with chi^2 397.017592313
Minuit succeeded.
area = 13.595564768 with chi^2 396.550196971
Minuit succeeded.
area = 13.5585591063 with chi^2 396.855213871
VariableMetricBuilder: no improvement
Minuit succeeded.
area = 13.5830546209 with chi^2 402.859371726
VariableMetricBuilder: no improvement
Minuit succeeded.
area = 13.5672469802 with chi^2 399.446834682
Minuit succeeded.
area = 13.6128760324 with chi^2 400.918370292
Minuit succeeded.
area = 13.5911177329 with chi^2 402.494934541
Minuit succeeded.
area = 13.5435311379 with chi^2 392.933618957
Minuit succeeded.
area = 13.5753138025 with chi^2 396.615969642
VariableMetricBuilder: no improvement
VariableMetricBuilder: machine accuracy limits further improvement.
Minuit succeeded.
area = 13.5575740237 with chi^2 403.642169227
eigenvalues: 
-0.0229527
0.62547
0.720126
1
1
1
1
1
1
1
1
1
1.00056
1.02292
2.65388
matrix forced pos-def by adding 0.0256066 to diagonal
MnHesse: matrix is invalid!
MnHesse: matrix is not pos. def.!
MnHesse: matrix was forced pos. def.
FunctionMinimum is invalid.
Minuit failed because covariance is not accurate, and covariance is not positive definite.
eigenvalues: 
-0.00677708
0.492808
0.766948
1
1
1
1
1
1
1
1
1
1.00186
1.10919
2.63598
matrix forced pos-def by adding 0.00941306 to diagonal
MnHesse: matrix is invalid!
MnHesse: matrix is not pos. def.!
MnHesse: matrix was forced pos. def.
FunctionMinimum is invalid.
Minuit failed because covariance is not accurate, and covariance is not positive definite.
Minuit succeeded.
area = 13.5404994101 with chi^2 399.535082054
Minuit succeeded.
area = 13.5966066262 with chi^2 404.562056147
Minuit succeeded.
area = 13.6024502912 with chi^2 399.554693288
areas mean, stdev = 13.5738468627 0.0215536260716 chi^2 mean, stdev = 401.237827677 3.83873652144
