0.469171364839
Now with jitter = 0.0
VariableMetricBuilder: no improvement
VariableMetricBuilder: machine accuracy limits further improvement.
Minuit succeeded.
area = 13.6851377217 with chi^2 448.534557357
areas mean, stdev = 13.6851377217 0.0 chi^2 mean, stdev = 448.534557357 0.0
Now with jitter = 0.05
Minuit succeeded.
area = 13.667678955 with chi^2 450.385628903
VariableMetricBuilder: no improvement
VariableMetricBuilder: machine accuracy limits further improvement.
Minuit succeeded.
area = 13.6889997402 with chi^2 448.362843962
Minuit succeeded.
area = 13.6704816839 with chi^2 451.569007627
Minuit succeeded.
area = 13.6890998339 with chi^2 450.236137422
eigenvalues: 
-0.0330146
0.457379
0.742722
1
1
1
1
1
1
1
1
1
1.00165
1.04313
2.78813
matrix forced pos-def by adding 0.0358027 to diagonal
MnHesse: matrix is invalid!
MnHesse: matrix is not pos. def.!
MnHesse: matrix was forced pos. def.
FunctionMinimum is invalid.
Minuit failed because covariance is not accurate, and covariance is not positive definite.
Minuit succeeded.
area = 13.6759317791 with chi^2 446.636002589
Minuit succeeded.
area = 13.6701413687 with chi^2 452.760031536
Minuit succeeded.
area = 13.6944572382 with chi^2 449.716475996
Minuit succeeded.
area = 13.6821368283 with chi^2 451.168121296
eigenvalues: 
-0.0107078
0.421773
0.768299
1
1
1
1
1
1
1
1
1
1.00177
1.05991
2.75895
matrix forced pos-def by adding 0.0134668 to diagonal
MnHesse: matrix is invalid!
MnHesse: matrix is not pos. def.!
MnHesse: matrix was forced pos. def.
FunctionMinimum is invalid.
Minuit failed because covariance is not accurate, and covariance is not positive definite.
VariableMetricBuilder: no improvement
VariableMetricBuilder: finishes without convergence.
VariableMetricBuilder: edm= 0.000229687 requested: 1e-05
FunctionMinimum is invalid.
Minuit failed because the function is above maximum EDM.
Minuit succeeded.
area = 13.6705120152 with chi^2 446.947121676
VariableMetricBuilder: no improvement
VariableMetricBuilder: machine accuracy limits further improvement.
Minuit succeeded.
area = 13.6824927805 with chi^2 454.223808902
eigenvalues: 
-0.0423913
0.555295
0.706074
1
1
1
1
1
1
1
1
1
1.00201
1.12791
2.65111
matrix forced pos-def by adding 0.0450424 to diagonal
MnHesse: matrix is invalid!
MnHesse: matrix is not pos. def.!
MnHesse: matrix was forced pos. def.
FunctionMinimum is invalid.
Minuit failed because covariance is not accurate, and covariance is not positive definite.
Minuit succeeded.
area = 13.6748098947 with chi^2 445.037215382
Minuit succeeded.
area = 13.6872950787 with chi^2 453.54337586
eigenvalues: 
-0.00188873
0.504792
0.725422
1
1
1
1
1
1
1
1
1
1.00175
1.23502
2.5349
matrix forced pos-def by adding 0.00442363 to diagonal
MnHesse: matrix is invalid!
MnHesse: matrix is not pos. def.!
MnHesse: matrix was forced pos. def.
FunctionMinimum is invalid.
Minuit failed because covariance is not accurate, and covariance is not positive definite.
Minuit succeeded.
area = 13.6737025637 with chi^2 456.161799536
VariableMetricBuilder: no improvement
VariableMetricBuilder: machine accuracy limits further improvement.
Minuit succeeded.
area = 13.6617668634 with chi^2 452.457481925
eigenvalues: 
-0.0150726
0.531491
0.716819
1
1
1
1
1
1
1
1
1
1.00063
1.02388
2.74225
matrix forced pos-def by adding 0.0178148 to diagonal
MnHesse: matrix is invalid!
MnHesse: matrix is not pos. def.!
MnHesse: matrix was forced pos. def.
FunctionMinimum is invalid.
Minuit failed because covariance is not accurate, and covariance is not positive definite.
Minuit succeeded.
area = 13.668880383 with chi^2 450.303523836
Minuit succeeded.
area = 13.6958744486 with chi^2 448.50689329
Minuit succeeded.
area = 13.6909269523 with chi^2 447.364448407
Minuit succeeded.
area = 13.7040440566 with chi^2 447.939934503
eigenvalues: 
-0.0098991
0.466993
0.721797
1
1
1
1
1
1
1
1
1
1.00119
1.04102
2.7789
matrix forced pos-def by adding 0.012678 to diagonal
MnHesse: matrix is invalid!
MnHesse: matrix is not pos. def.!
MnHesse: matrix was forced pos. def.
FunctionMinimum is invalid.
Minuit failed because covariance is not accurate, and covariance is not positive definite.
Minuit succeeded.
area = 13.6898302392 with chi^2 451.175496037
VariableMetricBuilder: no improvement
VariableMetricBuilder: machine accuracy limits further improvement.
Minuit succeeded.
area = 13.7067327502 with chi^2 451.44925851
Minuit succeeded.
area = 13.6635877917 with chi^2 452.42031835
VariableMetricBuilder: matrix not pos.def.
gdel > 0: 3.47509e-05
negative or zero diagonal element 0 in covariance matrix
negative or zero diagonal element 1 in covariance matrix
added 1.00398 to diagonal of error matrix
gdel: 3.47509e-05
Minuit succeeded.
area = 13.6776271989 with chi^2 450.852923667
Minuit succeeded.
area = 13.7146740845 with chi^2 445.5823038
Minuit succeeded.
area = 13.691677425 with chi^2 456.240206437
Minuit succeeded.
area = 13.6834162432 with chi^2 451.539998698
Minuit succeeded.
area = 13.6720227965 with chi^2 446.537453355
Minuit succeeded.
area = 13.7054746232 with chi^2 448.557266675
Minuit succeeded.
area = 13.6942151494 with chi^2 452.574730473
Minuit succeeded.
area = 13.6828738086 with chi^2 454.387803648
eigenvalues: 
-0.111137
0.593102
0.706053
1
1
1
1
1
1
1
1
1
1.00129
1.03242
2.77827
matrix forced pos-def by adding 0.113915 to diagonal
MnHesse: matrix is invalid!
MnHesse: matrix is not pos. def.!
MnHesse: matrix was forced pos. def.
FunctionMinimum is invalid.
Minuit failed because covariance is not accurate, and covariance is not positive definite.
Minuit succeeded.
area = 13.6893369685 with chi^2 452.270516328
Minuit succeeded.
area = 13.6833251644 with chi^2 453.573723911
Minuit succeeded.
area = 13.6880263883 with chi^2 448.779547737
Minuit succeeded.
area = 13.6698810219 with chi^2 444.669356665
VariableMetricBuilder: no improvement
VariableMetricBuilder: machine accuracy limits further improvement.
Minuit succeeded.
area = 13.6777717835 with chi^2 448.519597373
eigenvalues: 
-0.00889611
0.53063
0.714726
1
1
1
1
1
1
1
1
1
1.00043
1.01901
2.74411
matrix forced pos-def by adding 0.0116402 to diagonal
MnHesse: matrix is invalid!
MnHesse: matrix is not pos. def.!
MnHesse: matrix was forced pos. def.
FunctionMinimum is invalid.
Minuit failed because covariance is not accurate, and covariance is not positive definite.
Minuit succeeded.
area = 13.6460856549 with chi^2 449.029450707
Minuit succeeded.
area = 13.686199403 with chi^2 450.998831647
Minuit succeeded.
area = 13.6603644635 with chi^2 449.091067233
VariableMetricBuilder: matrix not pos.def.
gdel > 0: 1.13275e-05
negative or zero diagonal element 1 in covariance matrix
added 1 to diagonal of error matrix
gdel: 1.13275e-05
Minuit succeeded.
area = 13.7090567667 with chi^2 450.777602285
eigenvalues: 
-0.0257445
0.537071
0.716798
1
1
1
1
1
1
1
1
1
1.00073
1.01706
2.75408
matrix forced pos-def by adding 0.0284986 to diagonal
MnHesse: matrix is invalid!
MnHesse: matrix is not pos. def.!
MnHesse: matrix was forced pos. def.
FunctionMinimum is invalid.
Minuit failed because covariance is not accurate, and covariance is not positive definite.
Minuit succeeded.
area = 13.6691222393 with chi^2 453.026283794
Minuit succeeded.
area = 13.6819976739 with chi^2 450.433586046
Minuit succeeded.
area = 13.6956174983 with chi^2 443.368937173
Minuit succeeded.
area = 13.6940371739 with chi^2 445.952628806
VariableMetricBuilder: matrix not pos.def.
gdel > 0: 0.000534093
negative or zero diagonal element 0 in covariance matrix
negative or zero diagonal element 1 in covariance matrix
added 1.0203 to diagonal of error matrix
gdel: 0.000534093
Minuit succeeded.
area = 13.7036598052 with chi^2 449.405758045
Minuit succeeded.
area = 13.7080588871 with chi^2 453.834715735
eigenvalues: 
-0.0126688
0.506543
0.710501
1
1
1
1
1
1
1
1
1
1.00174
1.13702
2.65686
matrix forced pos-def by adding 0.0153256 to diagonal
MnHesse: matrix is invalid!
MnHesse: matrix is not pos. def.!
MnHesse: matrix was forced pos. def.
FunctionMinimum is invalid.
Minuit failed because covariance is not accurate, and covariance is not positive definite.
eigenvalues: 
-0.036016
0.543413
0.718004
1
1
1
1
1
1
1
1
1
1.00034
1.01604
2.75822
matrix forced pos-def by adding 0.0387742 to diagonal
MnHesse: matrix is invalid!
MnHesse: matrix is not pos. def.!
MnHesse: matrix was forced pos. def.
FunctionMinimum is invalid.
Minuit failed because covariance is not accurate, and covariance is not positive definite.
Minuit succeeded.
area = 13.6727394197 with chi^2 453.771681778
Minuit succeeded.
area = 13.6847506424 with chi^2 447.76137649
Minuit succeeded.
area = 13.6785966036 with chi^2 449.241120725
Minuit succeeded.
area = 13.6797183883 with chi^2 453.68723535
Minuit succeeded.
area = 13.6830693215 with chi^2 456.474321132
Minuit succeeded.
area = 13.6636663977 with chi^2 452.461256513
Minuit succeeded.
area = 13.6975708312 with chi^2 458.352872504
Minuit succeeded.
area = 13.6751118075 with chi^2 444.784632553
eigenvalues: 
-0.0321347
0.510028
0.717346
1
1
1
1
1
1
1
1
1
1.00168
1.0838
2.71929
matrix forced pos-def by adding 0.034854 to diagonal
MnHesse: matrix is invalid!
MnHesse: matrix is not pos. def.!
MnHesse: matrix was forced pos. def.
FunctionMinimum is invalid.
Minuit failed because covariance is not accurate, and covariance is not positive definite.
VariableMetricBuilder: matrix not pos.def.
gdel > 0: 4.72344e-05
negative or zero diagonal element 9 in covariance matrix
negative or zero diagonal element 12 in covariance matrix
added 1.00316 to diagonal of error matrix
gdel: 4.72344e-05
Minuit succeeded.
area = 13.6833882701 with chi^2 457.09497552
VariableMetricBuilder: matrix not pos.def.
gdel > 0: 3.29609e-05
negative or zero diagonal element 0 in covariance matrix
negative or zero diagonal element 1 in covariance matrix
added 1.0026 to diagonal of error matrix
gdel: 3.29609e-05
Minuit succeeded.
area = 13.6809610007 with chi^2 447.043022299
VariableMetricBuilder: no improvement
Minuit succeeded.
area = 13.6899249473 with chi^2 452.574630614
Minuit succeeded.
area = 13.6627993403 with chi^2 452.45156613
Minuit succeeded.
area = 13.6905200026 with chi^2 453.558857619
Minuit succeeded.
area = 13.6710907108 with chi^2 456.52310157
VariableMetricBuilder: no improvement
VariableMetricBuilder: machine accuracy limits further improvement.
Minuit succeeded.
area = 13.6983794956 with chi^2 442.846700991
Minuit succeeded.
area = 13.6727395773 with chi^2 451.748083367
VariableMetricBuilder: no improvement
VariableMetricBuilder: machine accuracy limits further improvement.
Minuit succeeded.
area = 13.698834256 with chi^2 453.194585051
Minuit succeeded.
area = 13.7041271857 with chi^2 451.330989039
Minuit succeeded.
area = 13.6811938118 with chi^2 454.765742311
Minuit succeeded.
area = 13.6966026191 with chi^2 448.785435705
eigenvalues: 
-0.0369243
0.510999
0.719384
1
1
1
1
1
1
1
1
1
1.00034
1.02311
2.78309
matrix forced pos-def by adding 0.0397074 to diagonal
MnHesse: matrix is invalid!
MnHesse: matrix is not pos. def.!
MnHesse: matrix was forced pos. def.
FunctionMinimum is invalid.
Minuit failed because covariance is not accurate, and covariance is not positive definite.
Minuit succeeded.
area = 13.7004927797 with chi^2 453.347489032
Minuit succeeded.
area = 13.6965508322 with chi^2 449.732801806
Minuit succeeded.
area = 13.6759698027 with chi^2 455.036586353
Minuit succeeded.
area = 13.7187198122 with chi^2 452.486404943
VariableMetricBuilder: no improvement
Minuit succeeded.
area = 13.7173284404 with chi^2 450.412296286
Minuit succeeded.
area = 13.6496173196 with chi^2 446.557471961
Minuit succeeded.
area = 13.6854852412 with chi^2 455.277081802
Minuit succeeded.
area = 13.6998723494 with chi^2 450.651866077
Minuit succeeded.
area = 13.6654194349 with chi^2 451.525191268
Minuit succeeded.
area = 13.6866227634 with chi^2 451.512058625
Minuit succeeded.
area = 13.6857953783 with chi^2 453.992454939
VariableMetricBuilder: no improvement
Minuit succeeded.
area = 13.6727816864 with chi^2 450.296882999
eigenvalues: 
-0.285007
0.421308
0.718175
1
1
1
1
1
1
1
1
1
1.00139
1.11901
3.02513
matrix forced pos-def by adding 0.288032 to diagonal
MnHesse: matrix is invalid!
MnHesse: matrix is not pos. def.!
MnHesse: matrix was forced pos. def.
FunctionMinimum is invalid.
Minuit failed because covariance is not accurate, and covariance is not positive definite.
eigenvalues: 
-0.00610231
0.563623
0.711914
1
1
1
1
1
1
1
1
1
1.00078
1.0211
2.70869
matrix forced pos-def by adding 0.008811 to diagonal
MnHesse: matrix is invalid!
MnHesse: matrix is not pos. def.!
MnHesse: matrix was forced pos. def.
FunctionMinimum is invalid.
Minuit failed because covariance is not accurate, and covariance is not positive definite.
Minuit succeeded.
area = 13.6909464849 with chi^2 453.189315662
Minuit succeeded.
area = 13.6773276653 with chi^2 451.48383924
Minuit succeeded.
area = 13.6976214453 with chi^2 452.943218842
Minuit succeeded.
area = 13.6700817838 with chi^2 451.05096949
Minuit succeeded.
area = 13.6978673121 with chi^2 452.158806331
VariableMetricBuilder: no improvement
VariableMetricBuilder: machine accuracy limits further improvement.
Minuit succeeded.
area = 13.6662448096 with chi^2 447.128854166
eigenvalues: 
-0.0572435
0.451178
0.742532
1
1
1
1
1
1
1
1
1
1.00179
1.08155
2.78019
matrix forced pos-def by adding 0.0600237 to diagonal
MnHesse: matrix is invalid!
MnHesse: matrix is not pos. def.!
MnHesse: matrix was forced pos. def.
FunctionMinimum is invalid.
Minuit failed because covariance is not accurate, and covariance is not positive definite.
Minuit succeeded.
area = 13.6614328685 with chi^2 449.098952921
areas mean, stdev = 13.6840466061 0.0149391870162 chi^2 mean, stdev = 450.90004754 3.22760944117
Now with jitter = 0.07
Minuit succeeded.
area = 13.6858668945 with chi^2 454.856956672
Minuit succeeded.
area = 13.677467075 with chi^2 455.376597639
eigenvalues: 
-0.386551
0.565501
0.698701
1
1
1
1
1
1
1
1
1
1.00157
1.09338
3.0274
matrix forced pos-def by adding 0.389579 to diagonal
MnHesse: matrix is invalid!
MnHesse: matrix is not pos. def.!
MnHesse: matrix was forced pos. def.
FunctionMinimum is invalid.
Minuit failed because covariance is not accurate, and covariance is not positive definite.
eigenvalues: 
-0.0083637
0.488819
0.730037
1
1
1
1
1
1
1
1
1
1.00185
1.07023
2.71743
matrix forced pos-def by adding 0.0110811 to diagonal
MnHesse: matrix is invalid!
MnHesse: matrix is not pos. def.!
MnHesse: matrix was forced pos. def.
FunctionMinimum is invalid.
Minuit failed because covariance is not accurate, and covariance is not positive definite.
Minuit succeeded.
area = 13.6892679931 with chi^2 454.638812804
Minuit succeeded.
area = 13.6939573881 with chi^2 462.517754441
Minuit succeeded.
area = 13.6571942542 with chi^2 465.110862431
VariableMetricBuilder: no improvement
VariableMetricBuilder: machine accuracy limits further improvement.
Minuit succeeded.
area = 13.705065622 with chi^2 454.870329168
Minuit succeeded.
area = 13.6921858677 with chi^2 451.261890196
Minuit succeeded.
area = 13.6705050097 with chi^2 451.195161256
Minuit succeeded.
area = 13.6583812211 with chi^2 445.018585952
Minuit succeeded.
area = 13.7033898091 with chi^2 457.806471159
VariableMetricBuilder: no improvement
VariableMetricBuilder: machine accuracy limits further improvement.
Minuit succeeded.
area = 13.6956403629 with chi^2 443.129210675
VariableMetricBuilder: matrix not pos.def.
gdel > 0: 7.36843e-06
negative or zero diagonal element 0 in covariance matrix
negative or zero diagonal element 1 in covariance matrix
added 1.00005 to diagonal of error matrix
gdel: 7.36843e-06
Minuit succeeded.
area = 13.6906434621 with chi^2 454.693197367
Minuit succeeded.
area = 13.6611459581 with chi^2 459.444235882
Minuit succeeded.
area = 13.6813467164 with chi^2 453.458307411
Minuit succeeded.
area = 13.6832556732 with chi^2 447.400060297
VariableMetricBuilder: no improvement
VariableMetricBuilder: machine accuracy limits further improvement.
Minuit succeeded.
area = 13.6819584461 with chi^2 454.249905488
VariableMetricBuilder: no improvement
VariableMetricBuilder: machine accuracy limits further improvement.
Minuit succeeded.
area = 13.7069998563 with chi^2 463.713513589
Minuit succeeded.
area = 13.6995741241 with chi^2 456.33891971
Minuit succeeded.
area = 13.6751010233 with chi^2 451.745042495
Minuit succeeded.
area = 13.6740333597 with chi^2 455.775666927
Minuit succeeded.
area = 13.7041483634 with chi^2 456.445126486
Minuit succeeded.
area = 13.6676250788 with chi^2 453.453472375
eigenvalues: 
-0.0535075
0.516468
0.716435
1
1
1
1
1
1
1
1
1
1.00086
1.03117
2.78858
matrix forced pos-def by adding 0.0562961 to diagonal
MnHesse: matrix is invalid!
MnHesse: matrix is not pos. def.!
MnHesse: matrix was forced pos. def.
FunctionMinimum is invalid.
Minuit failed because covariance is not accurate, and covariance is not positive definite.
Minuit succeeded.
area = 13.6881336345 with chi^2 454.755332028
eigenvalues: 
-0.0168509
0.475159
0.736604
1
1
1
1
1
1
1
1
1
1.00172
1.07024
2.73312
matrix forced pos-def by adding 0.0195841 to diagonal
MnHesse: matrix is invalid!
MnHesse: matrix is not pos. def.!
MnHesse: matrix was forced pos. def.
FunctionMinimum is invalid.
Minuit failed because covariance is not accurate, and covariance is not positive definite.
Minuit succeeded.
area = 13.7123189401 with chi^2 453.05082949
Minuit succeeded.
area = 13.6647216726 with chi^2 456.139926038
Minuit succeeded.
area = 13.6864160394 with chi^2 451.525772513
VariableMetricBuilder: no improvement
VariableMetricBuilder: machine accuracy limits further improvement.
Minuit succeeded.
area = 13.6764253337 with chi^2 456.087483676
VariableMetricBuilder: no improvement
VariableMetricBuilder: finishes without convergence.
VariableMetricBuilder: edm= 0.00011705 requested: 1e-05
FunctionMinimum is invalid.
Minuit failed because the function is above maximum EDM.
Minuit succeeded.
area = 13.6945135758 with chi^2 448.936448314
Minuit succeeded.
area = 13.6817543288 with chi^2 453.471176347
Minuit succeeded.
area = 13.6851600291 with chi^2 452.699479179
Minuit succeeded.
area = 13.702077794 with chi^2 450.204926364
Minuit succeeded.
area = 13.6903699752 with chi^2 463.084056153
Minuit succeeded.
area = 13.673639747 with chi^2 451.69758938
Minuit succeeded.
area = 13.6716242593 with chi^2 452.183674362
VariableMetricBuilder: no improvement
Minuit succeeded.
area = 13.7180491359 with chi^2 452.370086362
eigenvalues: 
-0.00182308
0.47953
0.742731
1
1
1
1
1
1
1
1
1
1.0018
1.05498
2.72279
matrix forced pos-def by adding 0.00454587 to diagonal
MnHesse: matrix is invalid!
MnHesse: matrix is not pos. def.!
MnHesse: matrix was forced pos. def.
FunctionMinimum is invalid.
Minuit failed because covariance is not accurate, and covariance is not positive definite.
Minuit succeeded.
area = 13.6673778372 with chi^2 459.933108224
Minuit succeeded.
area = 13.7013764978 with chi^2 453.876395028
VariableMetricBuilder: matrix not pos.def.
gdel > 0: 0.000424119
negative or zero diagonal element 0 in covariance matrix
negative or zero diagonal element 1 in covariance matrix
added 1.01401 to diagonal of error matrix
gdel: 0.000424119
Minuit succeeded.
area = 13.6877091676 with chi^2 448.495412057
Minuit succeeded.
area = 13.6588092042 with chi^2 453.232233214
Minuit succeeded.
area = 13.6618006334 with chi^2 451.628118522
Minuit succeeded.
area = 13.6804291422 with chi^2 466.336272427
Minuit succeeded.
area = 13.6759805908 with chi^2 448.164743993
Minuit succeeded.
area = 13.6936489904 with chi^2 450.199495436
VariableMetricBuilder: no improvement
Minuit succeeded.
area = 13.6775014443 with chi^2 463.987330193
Minuit succeeded.
area = 13.6468352643 with chi^2 462.391533747
VariableMetricBuilder: matrix not pos.def.
gdel > 0: 3.98232e-05
eigenvalues: 
-3.22108
0.0855172
0.435068
0.958795
0.991367
1.0033
1.01136
1.01739
1.05536
1.07541
1.17786
1.2657
1.59035
1.97257
4.58103
matrix forced pos-def by adding 3.22566 to diagonal
gdel: -1.44201e-05
Minuit succeeded.
area = 13.6725089475 with chi^2 456.575220293
Minuit succeeded.
area = 13.6949786949 with chi^2 456.123443909
Minuit succeeded.
area = 13.6866840653 with chi^2 463.026640879
Minuit succeeded.
area = 13.6756045057 with chi^2 455.803614733
Minuit succeeded.
area = 13.6814324388 with chi^2 456.186779702
Minuit succeeded.
area = 13.7224247706 with chi^2 456.339747537
Minuit succeeded.
area = 13.6569177709 with chi^2 452.428193653
Minuit succeeded.
area = 13.6634437326 with chi^2 453.045392956
VariableMetricBuilder: no improvement
VariableMetricBuilder: machine accuracy limits further improvement.
eigenvalues: 
-0.206416
0.571168
0.698338
1
1
1
1
1
1
1
1
1
1.00177
1.06618
2.86895
matrix forced pos-def by adding 0.209285 to diagonal
MnHesse: matrix is invalid!
MnHesse: matrix is not pos. def.!
MnHesse: matrix was forced pos. def.
FunctionMinimum is invalid.
Minuit failed because covariance is not accurate, and covariance is not positive definite.
Minuit succeeded.
area = 13.6907593042 with chi^2 453.438039833
Minuit succeeded.
area = 13.6354387793 with chi^2 457.709909981
Minuit succeeded.
area = 13.7188690771 with chi^2 453.269817745
Minuit succeeded.
area = 13.6964907221 with chi^2 453.287939319
Minuit succeeded.
area = 13.6880972516 with chi^2 455.987066551
Minuit succeeded.
area = 13.6465438171 with chi^2 458.286352573
Minuit succeeded.
area = 13.6365083441 with chi^2 452.126686588
Minuit succeeded.
area = 13.6811173968 with chi^2 458.542825512
Minuit succeeded.
area = 13.680560314 with chi^2 453.57312811
Minuit succeeded.
area = 13.6674720322 with chi^2 458.239591032
Minuit succeeded.
area = 13.6354008131 with chi^2 463.687393025
Minuit succeeded.
area = 13.718247996 with chi^2 451.786269662
Minuit succeeded.
area = 13.6758253055 with chi^2 455.520864252
Minuit succeeded.
area = 13.6864793803 with chi^2 452.353073512
Minuit succeeded.
area = 13.7135607464 with chi^2 453.488179788
VariableMetricBuilder: no improvement
VariableMetricBuilder: machine accuracy limits further improvement.
Minuit succeeded.
area = 13.6946921984 with chi^2 453.130819313
VariableMetricBuilder: no improvement
Minuit succeeded.
area = 13.6635137917 with chi^2 452.047293978
VariableMetricBuilder: no improvement
VariableMetricBuilder: machine accuracy limits further improvement.
Minuit succeeded.
area = 13.7028219063 with chi^2 451.762111979
Minuit succeeded.
area = 13.7025708661 with chi^2 450.662831922
eigenvalues: 
-0.000818624
0.460294
0.742507
1
1
1
1
1
1
1
1
1
1.00183
1.06324
2.73295
matrix forced pos-def by adding 0.00355157 to diagonal
MnHesse: matrix is invalid!
MnHesse: matrix is not pos. def.!
MnHesse: matrix was forced pos. def.
FunctionMinimum is invalid.
Minuit failed because covariance is not accurate, and covariance is not positive definite.
eigenvalues: 
-0.0346797
0.567939
0.706932
1
1
1
1
1
1
1
1
1
1.00096
1.05054
2.70831
matrix forced pos-def by adding 0.037388 to diagonal
MnHesse: matrix is invalid!
MnHesse: matrix is not pos. def.!
MnHesse: matrix was forced pos. def.
FunctionMinimum is invalid.
Minuit failed because covariance is not accurate, and covariance is not positive definite.
Minuit succeeded.
area = 13.6926808277 with chi^2 454.817930542
Minuit succeeded.
area = 13.7045598486 with chi^2 446.474586824
Minuit succeeded.
area = 13.6907548038 with chi^2 452.499485578
Minuit succeeded.
area = 13.6798088954 with chi^2 455.837467359
Minuit succeeded.
area = 13.6516757308 with chi^2 446.973958695
Minuit succeeded.
area = 13.6924336928 with chi^2 449.754264861
Minuit succeeded.
area = 13.6825686703 with chi^2 460.728362847
Minuit succeeded.
area = 13.680458346 with chi^2 451.04392974
Minuit succeeded.
area = 13.6958229217 with chi^2 457.02231659
Minuit succeeded.
area = 13.6654124152 with chi^2 447.768939548
Minuit succeeded.
area = 13.7176951622 with chi^2 457.979600894
VariableMetricBuilder: matrix not pos.def.
gdel > 0: 4.47219e-05
negative or zero diagonal element 0 in covariance matrix
negative or zero diagonal element 1 in covariance matrix
added 1.00103 to diagonal of error matrix
gdel: 4.47219e-05
Minuit succeeded.
area = 13.6875003447 with chi^2 455.696304317
Minuit succeeded.
area = 13.6890597499 with chi^2 446.647555298
Minuit succeeded.
area = 13.6866993679 with chi^2 444.811269561
Minuit succeeded.
area = 13.6751189698 with chi^2 450.093576591
Minuit succeeded.
area = 13.6791001047 with chi^2 455.883843421
VariableMetricBuilder: no improvement
VariableMetricBuilder: machine accuracy limits further improvement.
Minuit succeeded.
area = 13.6940559253 with chi^2 451.204469137
Minuit succeeded.
area = 13.6756461867 with chi^2 454.076507137
Minuit succeeded.
area = 13.7050464722 with chi^2 455.307217003
areas mean, stdev = 13.6833680242 0.0187206471294 chi^2 mean, stdev = 454.285739756 4.6126531537
