0.694775657464
Now with jitter = 0.0
Minuit succeeded.
area = 13.6811621143 with chi^2 410.386921864
areas mean, stdev = 13.6811621143 0.0 chi^2 mean, stdev = 410.386921864 0.0
Now with jitter = 0.05
VariableMetricBuilder: no improvement
VariableMetricBuilder: machine accuracy limits further improvement.
Minuit succeeded.
area = 13.6736223801 with chi^2 414.556300017
Minuit succeeded.
area = 13.6828158131 with chi^2 410.043947272
VariableMetricBuilder: no improvement
VariableMetricBuilder: machine accuracy limits further improvement.
eigenvalues: 
-0.0844725
0.62791
0.773459
1
1
1
1
1
1
1
1
1
1.00176
1.22418
2.45717
matrix forced pos-def by adding 0.0869297 to diagonal
MnHesse: matrix is invalid!
MnHesse: matrix is not pos. def.!
MnHesse: matrix was forced pos. def.
FunctionMinimum is invalid.
Minuit failed because covariance is not accurate, and covariance is not positive definite.
Minuit succeeded.
area = 13.6751026798 with chi^2 414.672126605
Minuit succeeded.
area = 13.6802527155 with chi^2 413.404495968
Minuit succeeded.
area = 13.6723911728 with chi^2 414.980130673
eigenvalues: 
-0.0970531
0.523837
0.726672
1
1
1
1
1
1
1
1
1
1.00168
1.23024
2.61463
matrix forced pos-def by adding 0.0996677 to diagonal
MnHesse: matrix is invalid!
MnHesse: matrix is not pos. def.!
MnHesse: matrix was forced pos. def.
FunctionMinimum is invalid.
Minuit failed because covariance is not accurate, and covariance is not positive definite.
eigenvalues: 
-0.077937
0.494045
0.732811
1
1
1
1
1
1
1
1
1
1.00179
1.15542
2.69387
matrix forced pos-def by adding 0.0806309 to diagonal
MnHesse: matrix is invalid!
MnHesse: matrix is not pos. def.!
MnHesse: matrix was forced pos. def.
FunctionMinimum is invalid.
Minuit failed because covariance is not accurate, and covariance is not positive definite.
Minuit succeeded.
area = 13.6864123629 with chi^2 410.737329875
VariableMetricBuilder: no improvement
eigenvalues: 
-0.212971
0.447606
0.749883
1
1
1
1
1
1
1
1
1
1.00179
1.35916
2.65453
matrix forced pos-def by adding 0.215626 to diagonal
MnHesse: matrix is invalid!
MnHesse: matrix is not pos. def.!
MnHesse: matrix was forced pos. def.
FunctionMinimum is invalid.
Minuit failed because covariance is not accurate, and covariance is not positive definite.
VariableMetricBuilder: matrix not pos.def.
gdel > 0: 1.62848e-05
negative or zero diagonal element 1 in covariance matrix
added 1 to diagonal of error matrix
gdel: 1.62848e-05
Minuit succeeded.
area = 13.6733441693 with chi^2 414.798320671
Minuit succeeded.
area = 13.6867553 with chi^2 410.59201549
Minuit succeeded.
area = 13.6719223424 with chi^2 410.202831106
Minuit succeeded.
area = 13.6641069052 with chi^2 413.127018041
VariableMetricBuilder: no improvement
VariableMetricBuilder: machine accuracy limits further improvement.
eigenvalues: 
-0.13772
0.503104
0.751897
1
1
1
1
1
1
1
1
1
1.00199
1.23465
2.64607
matrix forced pos-def by adding 0.140366 to diagonal
MnHesse: matrix is invalid!
MnHesse: matrix is not pos. def.!
MnHesse: matrix was forced pos. def.
FunctionMinimum is invalid.
Minuit failed because covariance is not accurate, and covariance is not positive definite.
Minuit succeeded.
area = 13.6849420408 with chi^2 413.492241961
Minuit succeeded.
area = 13.6670890955 with chi^2 413.446598277
Minuit succeeded.
area = 13.6782295651 with chi^2 414.590323761
Minuit succeeded.
area = 13.7071225697 with chi^2 414.139386582
Minuit succeeded.
area = 13.6841703655 with chi^2 416.049456213
VariableMetricBuilder: no improvement
VariableMetricBuilder: machine accuracy limits further improvement.
eigenvalues: 
-0.0768202
0.479913
0.728354
1
1
1
1
1
1
1
1
1
1.00191
1.24291
2.62374
matrix forced pos-def by adding 0.0794439 to diagonal
MnHesse: matrix is invalid!
MnHesse: matrix is not pos. def.!
MnHesse: matrix was forced pos. def.
FunctionMinimum is invalid.
Minuit failed because covariance is not accurate, and covariance is not positive definite.
VariableMetricBuilder: matrix not pos.def.
gdel > 0: 0.000154859
negative or zero diagonal element 0 in covariance matrix
negative or zero diagonal element 1 in covariance matrix
added 1.00059 to diagonal of error matrix
gdel: 0.000154859
Minuit succeeded.
area = 13.6832411939 with chi^2 414.195455486
Minuit succeeded.
area = 13.6753158617 with chi^2 413.502229682
Minuit succeeded.
area = 13.6734020703 with chi^2 414.454803316
Minuit succeeded.
area = 13.7025366427 with chi^2 414.914148272
eigenvalues: 
-0.0916017
0.633011
0.759281
1
1
1
1
1
1
1
1
1
1.00188
1.1837
2.51373
matrix forced pos-def by adding 0.0941154 to diagonal
MnHesse: matrix is invalid!
MnHesse: matrix is not pos. def.!
MnHesse: matrix was forced pos. def.
FunctionMinimum is invalid.
Minuit failed because covariance is not accurate, and covariance is not positive definite.
Minuit succeeded.
area = 13.6866702174 with chi^2 414.328056267
Minuit succeeded.
area = 13.6667306987 with chi^2 412.661143869
Minuit succeeded.
area = 13.6638459039 with chi^2 414.774953671
Minuit succeeded.
area = 13.6573685474 with chi^2 411.303914885
eigenvalues: 
-0.152367
0.48492
0.765777
1
1
1
1
1
1
1
1
1
1.00177
1.21196
2.68795
matrix forced pos-def by adding 0.155055 to diagonal
MnHesse: matrix is invalid!
MnHesse: matrix is not pos. def.!
MnHesse: matrix was forced pos. def.
FunctionMinimum is invalid.
Minuit failed because covariance is not accurate, and covariance is not positive definite.
Minuit succeeded.
area = 13.6995516248 with chi^2 415.596504936
VariableMetricBuilder: no improvement
VariableMetricBuilder: finishes without convergence.
VariableMetricBuilder: edm= 0.000342639 requested: 1e-05
FunctionMinimum is invalid.
Minuit failed because the function is above maximum EDM.
VariableMetricBuilder: no improvement
Minuit succeeded.
area = 13.6866910402 with chi^2 413.441806571
VariableMetricBuilder: matrix not pos.def.
gdel > 0: 8.97101e-06
negative or zero diagonal element 0 in covariance matrix
negative or zero diagonal element 1 in covariance matrix
added 1.0005 to diagonal of error matrix
gdel: 8.97101e-06
Minuit succeeded.
area = 13.6802631097 with chi^2 416.283174783
Minuit succeeded.
area = 13.666068078 with chi^2 414.644320615
Minuit succeeded.
area = 13.6846385893 with chi^2 410.876113197
eigenvalues: 
-0.101933
0.474817
0.72658
1
1
1
1
1
1
1
1
1
1.0018
1.2076
2.69114
matrix forced pos-def by adding 0.104625 to diagonal
MnHesse: matrix is invalid!
MnHesse: matrix is not pos. def.!
MnHesse: matrix was forced pos. def.
FunctionMinimum is invalid.
Minuit failed because covariance is not accurate, and covariance is not positive definite.
Minuit succeeded.
area = 13.6496895078 with chi^2 416.79174869
Minuit succeeded.
area = 13.6598752356 with chi^2 411.888660785
VariableMetricBuilder: no improvement
VariableMetricBuilder: machine accuracy limits further improvement.
Minuit succeeded.
area = 13.6840262 with chi^2 410.37084407
Minuit succeeded.
area = 13.6951264113 with chi^2 411.834699746
VariableMetricBuilder: no improvement
VariableMetricBuilder: machine accuracy limits further improvement.
Minuit succeeded.
area = 13.6757281955 with chi^2 414.69991963
Minuit succeeded.
area = 13.6972200996 with chi^2 414.737588695
Minuit succeeded.
area = 13.6772833615 with chi^2 411.999869371
eigenvalues: 
-0.185903
0.474837
0.734016
1
1
1
1
1
1
1
1
1
1.0018
1.2142
2.76105
matrix forced pos-def by adding 0.188664 to diagonal
MnHesse: matrix is invalid!
MnHesse: matrix is not pos. def.!
MnHesse: matrix was forced pos. def.
FunctionMinimum is invalid.
Minuit failed because covariance is not accurate, and covariance is not positive definite.
Minuit succeeded.
area = 13.6807989888 with chi^2 410.293169955
Minuit succeeded.
area = 13.7024940387 with chi^2 415.762546246
VariableMetricBuilder: no improvement
VariableMetricBuilder: finishes without convergence.
VariableMetricBuilder: edm= 0.000208013 requested: 1e-05
FunctionMinimum is invalid.
Minuit failed because the function is above maximum EDM.
Minuit succeeded.
area = 13.6840531194 with chi^2 413.385811588
VariableMetricBuilder: no improvement
VariableMetricBuilder: finishes without convergence.
VariableMetricBuilder: edm= 0.00024028 requested: 1e-05
FunctionMinimum is invalid.
Minuit failed because the function is above maximum EDM.
VariableMetricBuilder: no improvement
Minuit succeeded.
area = 13.7031593419 with chi^2 408.64609025
Minuit succeeded.
area = 13.665115578 with chi^2 415.93917836
Minuit succeeded.
area = 13.6658929433 with chi^2 415.772850426
eigenvalues: 
-0.0351746
0.605101
0.726711
1
1
1
1
1
1
1
1
1
1.00036
1.01799
2.68501
matrix forced pos-def by adding 0.0378596 to diagonal
MnHesse: matrix is invalid!
MnHesse: matrix is not pos. def.!
MnHesse: matrix was forced pos. def.
FunctionMinimum is invalid.
Minuit failed because covariance is not accurate, and covariance is not positive definite.
VariableMetricBuilder: matrix not pos.def.
gdel > 0: 0.000122754
negative or zero diagonal element 0 in covariance matrix
negative or zero diagonal element 1 in covariance matrix
added 1.00034 to diagonal of error matrix
gdel: 0.000122754
Minuit succeeded.
area = 13.6922040421 with chi^2 416.436042948
Minuit succeeded.
area = 13.6663497968 with chi^2 411.134394153
eigenvalues: 
-0.0531117
0.622265
0.752297
1
1
1
1
1
1
1
1
1
1.00198
1.23054
2.44603
matrix forced pos-def by adding 0.0555577 to diagonal
MnHesse: matrix is invalid!
MnHesse: matrix is not pos. def.!
MnHesse: matrix was forced pos. def.
FunctionMinimum is invalid.
Minuit failed because covariance is not accurate, and covariance is not positive definite.
Minuit succeeded.
area = 13.6730771148 with chi^2 412.370616944
VariableMetricBuilder: matrix not pos.def.
gdel > 0: 9.09398e-05
negative or zero diagonal element 0 in covariance matrix
negative or zero diagonal element 1 in covariance matrix
added 1.00006 to diagonal of error matrix
gdel: 9.09398e-05
Minuit succeeded.
area = 13.7043134312 with chi^2 411.261735965
Minuit succeeded.
area = 13.6905085953 with chi^2 413.074786924
Minuit succeeded.
area = 13.6972431882 with chi^2 411.989450636
eigenvalues: 
-0.017788
0.580009
0.720764
1
1
1
1
1
1
1
1
1
1.00046
1.04103
2.67552
matrix forced pos-def by adding 0.0204635 to diagonal
MnHesse: matrix is invalid!
MnHesse: matrix is not pos. def.!
MnHesse: matrix was forced pos. def.
FunctionMinimum is invalid.
Minuit failed because covariance is not accurate, and covariance is not positive definite.
Minuit succeeded.
area = 13.686864152 with chi^2 414.299508441
Minuit succeeded.
area = 13.6827338777 with chi^2 410.291568101
eigenvalues: 
-0.164784
0.467705
0.736765
1
1
1
1
1
1
1
1
1
1.00177
1.23633
2.72222
matrix forced pos-def by adding 0.167506 to diagonal
MnHesse: matrix is invalid!
MnHesse: matrix is not pos. def.!
MnHesse: matrix was forced pos. def.
FunctionMinimum is invalid.
Minuit failed because covariance is not accurate, and covariance is not positive definite.
eigenvalues: 
-0.0798526
0.507139
0.735449
1
1
1
1
1
1
1
1
1
1.00157
1.17464
2.66106
matrix forced pos-def by adding 0.0825136 to diagonal
MnHesse: matrix is invalid!
MnHesse: matrix is not pos. def.!
MnHesse: matrix was forced pos. def.
FunctionMinimum is invalid.
Minuit failed because covariance is not accurate, and covariance is not positive definite.
Minuit succeeded.
area = 13.6741954193 with chi^2 411.245646501
Minuit succeeded.
area = 13.6858571708 with chi^2 412.697790532
Minuit succeeded.
area = 13.6857290044 with chi^2 411.405049638
VariableMetricBuilder: no improvement
VariableMetricBuilder: finishes without convergence.
VariableMetricBuilder: edm= 0.000306372 requested: 1e-05
FunctionMinimum is invalid.
Minuit failed because the function is above maximum EDM.
Minuit succeeded.
area = 13.6677665923 with chi^2 413.103776185
Minuit succeeded.
area = 13.6676439025 with chi^2 411.564204222
VariableMetricBuilder: no improvement
Minuit succeeded.
area = 13.6860968667 with chi^2 405.493968507
VariableMetricBuilder: matrix not pos.def.
gdel > 0: 1.55849e-05
negative or zero diagonal element 7 in covariance matrix
added 1.00011 to diagonal of error matrix
gdel: 1.55849e-05
Minuit succeeded.
area = 13.6849601943 with chi^2 414.54376312
Minuit succeeded.
area = 13.6757986622 with chi^2 414.471137995
VariableMetricBuilder: matrix not pos.def.
edm < 0
negative or zero diagonal element 7 in covariance matrix
added 1.00026 to diagonal of error matrix
eigenvalues: 
-0.11456
0.495897
0.731854
1
1
1
1
1
1
1
1
1
1.00185
1.18296
2.702
matrix forced pos-def by adding 0.117262 to diagonal
MnHesse: matrix is invalid!
MnHesse: matrix is not pos. def.!
MnHesse: matrix was forced pos. def.
FunctionMinimum is invalid.
Minuit failed because covariance is not accurate, and covariance is not positive definite.
VariableMetricBuilder: matrix not pos.def.
gdel > 0: 1.99041e-05
negative or zero diagonal element 7 in covariance matrix
added 1.00366 to diagonal of error matrix
gdel: 1.99041e-05
eigenvalues: 
-0.0532825
0.524036
0.738053
1
1
1
1
1
1
1
1
1
1.00162
1.15909
2.63048
matrix forced pos-def by adding 0.0559129 to diagonal
MnHesse: matrix is invalid!
MnHesse: matrix is not pos. def.!
MnHesse: matrix was forced pos. def.
FunctionMinimum is invalid.
Minuit failed because covariance is not accurate, and covariance is not positive definite.
VariableMetricBuilder: no improvement
Minuit succeeded.
area = 13.6631981476 with chi^2 416.128955578
Minuit succeeded.
area = 13.6531162311 with chi^2 415.919513511
Minuit succeeded.
area = 13.6978650843 with chi^2 413.741525236
VariableMetricBuilder: matrix not pos.def.
gdel > 0: 0.00015019
negative or zero diagonal element 0 in covariance matrix
negative or zero diagonal element 1 in covariance matrix
added 1.0065 to diagonal of error matrix
gdel: 0.00015019
Minuit succeeded.
area = 13.6711753412 with chi^2 412.422925892
eigenvalues: 
-0.0986135
0.503006
0.7353
1
1
1
1
1
1
1
1
1
1.00175
1.18611
2.67245
matrix forced pos-def by adding 0.101286 to diagonal
MnHesse: matrix is invalid!
MnHesse: matrix is not pos. def.!
MnHesse: matrix was forced pos. def.
FunctionMinimum is invalid.
Minuit failed because covariance is not accurate, and covariance is not positive definite.
Minuit succeeded.
area = 13.6889733743 with chi^2 413.113242907
eigenvalues: 
-0.0289317
0.476293
0.730358
1
1
1
1
1
1
1
1
1
1.00167
1.29837
2.52224
matrix forced pos-def by adding 0.0314539 to diagonal
MnHesse: matrix is invalid!
MnHesse: matrix is not pos. def.!
MnHesse: matrix was forced pos. def.
FunctionMinimum is invalid.
Minuit failed because covariance is not accurate, and covariance is not positive definite.
VariableMetricBuilder: no improvement
VariableMetricBuilder: machine accuracy limits further improvement.
Minuit succeeded.
area = 13.6812418126 with chi^2 413.260700008
VariableMetricBuilder: matrix not pos.def.
gdel > 0: 0.00013589
negative or zero diagonal element 2 in covariance matrix
negative or zero diagonal element 7 in covariance matrix
added 1.0108 to diagonal of error matrix
gdel: 0.00013589
Minuit succeeded.
area = 13.6835190902 with chi^2 414.507679842
Minuit succeeded.
area = 13.7056509188 with chi^2 415.226802307
VariableMetricBuilder: no improvement
VariableMetricBuilder: finishes without convergence.
VariableMetricBuilder: edm= 0.000122912 requested: 1e-05
FunctionMinimum is invalid.
Minuit failed because the function is above maximum EDM.
Minuit succeeded.
area = 13.676614841 with chi^2 417.543857515
VariableMetricBuilder: no improvement
eigenvalues: 
-0.173501
0.490484
0.739997
1
1
1
1
1
1
1
1
1
1.00185
1.22276
2.71841
matrix forced pos-def by adding 0.17622 to diagonal
MnHesse: matrix is invalid!
MnHesse: matrix is not pos. def.!
MnHesse: matrix was forced pos. def.
FunctionMinimum is invalid.
Minuit failed because covariance is not accurate, and covariance is not positive definite.
VariableMetricBuilder: no improvement
VariableMetricBuilder: finishes without convergence.
VariableMetricBuilder: edm= 0.000134729 requested: 1e-05
eigenvalues: 
-0.618381
0.436022
0.749157
1
1
1
1
1
1
1
1
1
1.00172
1.40468
3.02681
matrix forced pos-def by adding 0.621408 to diagonal
MnHesse: matrix is invalid!
MnHesse: matrix is not pos. def.!
MnHesse: matrix was forced pos. def.
FunctionMinimum is invalid.
Minuit failed because covariance is not accurate, covariance is not positive definite, and the function is above maximum EDM.
VariableMetricBuilder: no improvement
VariableMetricBuilder: machine accuracy limits further improvement.
eigenvalues: 
-0.115951
0.478049
0.733679
1
1
1
1
1
1
1
1
1
1.00185
1.18985
2.71252
matrix forced pos-def by adding 0.118663 to diagonal
MnHesse: matrix is invalid!
MnHesse: matrix is not pos. def.!
MnHesse: matrix was forced pos. def.
FunctionMinimum is invalid.
Minuit failed because covariance is not accurate, and covariance is not positive definite.
Minuit succeeded.
area = 13.6800544911 with chi^2 408.740860457
VariableMetricBuilder: no improvement
VariableMetricBuilder: machine accuracy limits further improvement.
Minuit succeeded.
area = 13.6579002081 with chi^2 412.585837315
Minuit succeeded.
area = 13.6977519447 with chi^2 413.703112839
VariableMetricBuilder: no improvement
Minuit succeeded.
area = 13.6883126652 with chi^2 411.410052119
VariableMetricBuilder: no improvement
Minuit succeeded.
area = 13.690380483 with chi^2 417.759957896
VariableMetricBuilder: no improvement
VariableMetricBuilder: machine accuracy limits further improvement.
Minuit succeeded.
area = 13.7061890258 with chi^2 414.365535805
VariableMetricBuilder: no improvement
VariableMetricBuilder: finishes without convergence.
VariableMetricBuilder: edm= 0.00180125 requested: 1e-05
FunctionMinimum is invalid.
Minuit failed because the function is above maximum EDM.
areas mean, stdev = 13.6808104409 0.0133448190204 chi^2 mean, stdev = 413.302029527 2.23282397972
Now with jitter = 0.07
Minuit succeeded.
area = 13.6995839592 with chi^2 414.105694676
eigenvalues: 
-0.00299397
0.545111
0.74554
1
1
1
1
1
1
1
1
1
1.00162
1.04796
2.66276
matrix forced pos-def by adding 0.00565673 to diagonal
MnHesse: matrix is invalid!
MnHesse: matrix is not pos. def.!
MnHesse: matrix was forced pos. def.
FunctionMinimum is invalid.
Minuit failed because covariance is not accurate, and covariance is not positive definite.
VariableMetricBuilder: no improvement
Minuit succeeded.
area = 13.6915360703 with chi^2 416.494686178
eigenvalues: 
-0.0425179
0.601293
0.732947
1
1
1
1
1
1
1
1
1
1.00148
1.02508
2.68172
matrix forced pos-def by adding 0.0451996 to diagonal
MnHesse: matrix is invalid!
MnHesse: matrix is not pos. def.!
MnHesse: matrix was forced pos. def.
FunctionMinimum is invalid.
Minuit failed because covariance is not accurate, and covariance is not positive definite.
VariableMetricBuilder: no improvement
Minuit succeeded.
area = 13.6925318291 with chi^2 415.802748663
Minuit succeeded.
area = 13.6272333695 with chi^2 411.543041567
VariableMetricBuilder: matrix not pos.def.
gdel > 0: 4.0794e-05
negative or zero diagonal element 1 in covariance matrix
added 1 to diagonal of error matrix
gdel: 4.0794e-05
Minuit succeeded.
area = 13.7000882922 with chi^2 415.476888819
eigenvalues: 
-0.0602081
0.541952
0.735713
1
1
1
1
1
1
1
1
1
1.00139
1.04303
2.73812
matrix forced pos-def by adding 0.0629462 to diagonal
MnHesse: matrix is invalid!
MnHesse: matrix is not pos. def.!
MnHesse: matrix was forced pos. def.
FunctionMinimum is invalid.
Minuit failed because covariance is not accurate, and covariance is not positive definite.
Minuit succeeded.
area = 13.6816134184 with chi^2 414.19541071
Minuit succeeded.
area = 13.673320401 with chi^2 414.535829611
Minuit succeeded.
area = 13.6848176214 with chi^2 417.733335334
eigenvalues: 
-0.0498391
0.506769
0.740877
1
1
1
1
1
1
1
1
1
1.00195
1.13269
2.66755
matrix forced pos-def by adding 0.0525067 to diagonal
MnHesse: matrix is invalid!
MnHesse: matrix is not pos. def.!
MnHesse: matrix was forced pos. def.
FunctionMinimum is invalid.
Minuit failed because covariance is not accurate, and covariance is not positive definite.
Minuit succeeded.
area = 13.63729971 with chi^2 419.733000299
eigenvalues: 
-0.0770949
0.451272
0.736711
1
1
1
1
1
1
1
1
1
1.0018
1.24746
2.63985
matrix forced pos-def by adding 0.0797348 to diagonal
MnHesse: matrix is invalid!
MnHesse: matrix is not pos. def.!
MnHesse: matrix was forced pos. def.
FunctionMinimum is invalid.
Minuit failed because covariance is not accurate, and covariance is not positive definite.
Minuit succeeded.
area = 13.6630010306 with chi^2 414.039108088
Minuit succeeded.
area = 13.6789515955 with chi^2 421.275047272
VariableMetricBuilder: no improvement
eigenvalues: 
-0.131807
0.472809
0.73348
1
1
1
1
1
1
1
1
1
1.00169
1.21679
2.70704
matrix forced pos-def by adding 0.134514 to diagonal
MnHesse: matrix is invalid!
MnHesse: matrix is not pos. def.!
MnHesse: matrix was forced pos. def.
FunctionMinimum is invalid.
Minuit failed because covariance is not accurate, and covariance is not positive definite.
VariableMetricBuilder: no improvement
Minuit succeeded.
area = 13.649476171 with chi^2 413.952691197
Minuit succeeded.
area = 13.6696137273 with chi^2 411.803864032
Minuit succeeded.
area = 13.6670571973 with chi^2 414.957512659
VariableMetricBuilder: matrix not pos.def.
edm < 0
negative or zero diagonal element 1 in covariance matrix
negative or zero diagonal element 7 in covariance matrix
added 1.00005 to diagonal of error matrix
Minuit succeeded.
area = 13.636083562 with chi^2 416.327857376
eigenvalues: 
-0.00746198
0.643787
0.719948
1
1
1
1
1
1
1
1
1
1.00149
1.03063
2.61161
matrix forced pos-def by adding 0.0100736 to diagonal
MnHesse: matrix is invalid!
MnHesse: matrix is not pos. def.!
MnHesse: matrix was forced pos. def.
FunctionMinimum is invalid.
Minuit failed because covariance is not accurate, and covariance is not positive definite.
Minuit succeeded.
area = 13.6615694041 with chi^2 415.713324891
Minuit succeeded.
area = 13.6814679624 with chi^2 412.019756577
VariableMetricBuilder: no improvement
Minuit succeeded.
area = 13.6664130617 with chi^2 410.002034589
VariableMetricBuilder: no improvement
Minuit succeeded.
area = 13.6899215446 with chi^2 418.644116779
VariableMetricBuilder: matrix not pos.def.
gdel > 0: 5.14077e-05
negative or zero diagonal element 0 in covariance matrix
negative or zero diagonal element 1 in covariance matrix
added 1.00078 to diagonal of error matrix
gdel: 5.14077e-05
Minuit succeeded.
area = 13.6963460228 with chi^2 414.201388742
Minuit succeeded.
area = 13.6687125265 with chi^2 414.289309739
Minuit succeeded.
area = 13.7062221124 with chi^2 413.733864424
VariableMetricBuilder: no improvement
VariableMetricBuilder: machine accuracy limits further improvement.
Minuit succeeded.
area = 13.6891426149 with chi^2 413.308130805
VariableMetricBuilder: no improvement
eigenvalues: 
-0.100394
0.436797
0.743479
1
1
1
1
1
1
1
1
1
1.00181
1.25785
2.66046
matrix forced pos-def by adding 0.103054 to diagonal
MnHesse: matrix is invalid!
MnHesse: matrix is not pos. def.!
MnHesse: matrix was forced pos. def.
FunctionMinimum is invalid.
Minuit failed because covariance is not accurate, and covariance is not positive definite.
VariableMetricBuilder: matrix not pos.def.
gdel > 0: 9.27361e-05
negative or zero diagonal element 0 in covariance matrix
negative or zero diagonal element 1 in covariance matrix
added 1.00015 to diagonal of error matrix
gdel: 9.27361e-05
Minuit succeeded.
area = 13.6867684675 with chi^2 416.857296441
Minuit succeeded.
area = 13.6747158205 with chi^2 409.606295745
VariableMetricBuilder: no improvement
VariableMetricBuilder: finishes without convergence.
VariableMetricBuilder: edm= 0.000883778 requested: 1e-05
FunctionMinimum is invalid.
Minuit failed because the function is above maximum EDM.
Minuit succeeded.
area = 13.6439335552 with chi^2 418.548859562
Minuit succeeded.
area = 13.6853596829 with chi^2 422.201345918
Minuit succeeded.
area = 13.6797871082 with chi^2 417.351013984
Minuit succeeded.
area = 13.670092636 with chi^2 411.426594622
Minuit succeeded.
area = 13.6878567112 with chi^2 412.098091035
Minuit succeeded.
area = 13.6930249396 with chi^2 416.971773602
Minuit succeeded.
area = 13.6756554626 with chi^2 418.812013796
Minuit succeeded.
area = 13.6819374371 with chi^2 407.621103996
VariableMetricBuilder: no improvement
VariableMetricBuilder: finishes without convergence.
VariableMetricBuilder: edm= 0.000429956 requested: 1e-05
FunctionMinimum is invalid.
Minuit failed because the function is above maximum EDM.
VariableMetricBuilder: no improvement
VariableMetricBuilder: finishes without convergence.
VariableMetricBuilder: edm= 0.000158335 requested: 1e-05
FunctionMinimum is invalid.
Minuit failed because the function is above maximum EDM.
VariableMetricBuilder: no improvement
eigenvalues: 
-0.0459461
0.500779
0.736376
1
1
1
1
1
1
1
1
1
1.00173
1.18869
2.61837
matrix forced pos-def by adding 0.0485645 to diagonal
MnHesse: matrix is invalid!
MnHesse: matrix is not pos. def.!
MnHesse: matrix was forced pos. def.
FunctionMinimum is invalid.
Minuit failed because covariance is not accurate, and covariance is not positive definite.
VariableMetricBuilder: matrix not pos.def.
gdel > 0: 0.000392259
negative or zero diagonal element 0 in covariance matrix
negative or zero diagonal element 1 in covariance matrix
added 1.00025 to diagonal of error matrix
gdel: 0.000392259
Minuit succeeded.
area = 13.6750667876 with chi^2 411.956579831
Minuit succeeded.
area = 13.7072108168 with chi^2 417.415617019
Minuit succeeded.
area = 13.6428007092 with chi^2 407.161166684
Minuit succeeded.
area = 13.6649329564 with chi^2 414.485069231
VariableMetricBuilder: no improvement
VariableMetricBuilder: finishes without convergence.
VariableMetricBuilder: edm= 0.00103713 requested: 1e-05
eigenvalues: 
-2.78054
0.398215
0.734006
1
1
1
1
1
1
1
1
1
1.00177
1.72361
4.92294
matrix forced pos-def by adding 2.78546 to diagonal
MnHesse: matrix is invalid!
MnHesse: matrix is not pos. def.!
MnHesse: matrix was forced pos. def.
FunctionMinimum is invalid.
Minuit failed because covariance is not accurate, covariance is not positive definite, and the function is above maximum EDM.
Minuit succeeded.
area = 13.7064049721 with chi^2 411.484210012
VariableMetricBuilder: no improvement
VariableMetricBuilder: finishes without convergence.
VariableMetricBuilder: edm= 0.000496983 requested: 1e-05
FunctionMinimum is invalid.
Minuit failed because the function is above maximum EDM.
Minuit succeeded.
area = 13.6769471276 with chi^2 416.418667123
VariableMetricBuilder: no improvement
Minuit succeeded.
area = 13.6741043999 with chi^2 418.638153222
VariableMetricBuilder: matrix not pos.def.
gdel > 0: 4.78952e-05
negative or zero diagonal element 0 in covariance matrix
negative or zero diagonal element 1 in covariance matrix
added 1.00029 to diagonal of error matrix
gdel: 4.78952e-05
Minuit succeeded.
area = 13.6855496856 with chi^2 417.672346319
Minuit succeeded.
area = 13.6890546473 with chi^2 412.901662
VariableMetricBuilder: matrix not pos.def.
gdel > 0: 0.000200809
negative or zero diagonal element 0 in covariance matrix
negative or zero diagonal element 1 in covariance matrix
added 1.00211 to diagonal of error matrix
gdel: 0.000200809
Minuit succeeded.
area = 13.7010209293 with chi^2 421.125123664
Minuit succeeded.
area = 13.6743002793 with chi^2 412.959086405
VariableMetricBuilder: no improvement
VariableMetricBuilder: machine accuracy limits further improvement.
eigenvalues: 
-0.240509
0.598331
0.77812
1
1
1
1
1
1
1
1
1
1.00166
1.38326
2.47914
matrix forced pos-def by adding 0.242989 to diagonal
MnHesse: matrix is invalid!
MnHesse: matrix is not pos. def.!
MnHesse: matrix was forced pos. def.
FunctionMinimum is invalid.
Minuit failed because covariance is not accurate, and covariance is not positive definite.
Minuit succeeded.
area = 13.6304583385 with chi^2 408.961672355
Minuit succeeded.
area = 13.6646465988 with chi^2 414.330896585
VariableMetricBuilder: no improvement
VariableMetricBuilder: machine accuracy limits further improvement.
eigenvalues: 
-0.254075
0.448298
0.730132
1
1
1
1
1
1
1
1
1
1.002
1.30755
2.76609
matrix forced pos-def by adding 0.256841 to diagonal
MnHesse: matrix is invalid!
MnHesse: matrix is not pos. def.!
MnHesse: matrix was forced pos. def.
FunctionMinimum is invalid.
Minuit failed because covariance is not accurate, and covariance is not positive definite.
Minuit succeeded.
area = 13.6515613988 with chi^2 416.551817507
eigenvalues: 
-0.00839861
0.620438
0.719738
1
1
1
1
1
1
1
1
1
1.0019
1.02652
2.6398
matrix forced pos-def by adding 0.0110384 to diagonal
MnHesse: matrix is invalid!
MnHesse: matrix is not pos. def.!
MnHesse: matrix was forced pos. def.
FunctionMinimum is invalid.
Minuit failed because covariance is not accurate, and covariance is not positive definite.
Minuit succeeded.
area = 13.6915463237 with chi^2 417.969262158
Minuit succeeded.
area = 13.6478139994 with chi^2 411.447475211
Minuit succeeded.
area = 13.6974828497 with chi^2 414.482741555
Minuit succeeded.
area = 13.6726716794 with chi^2 418.994520866
Minuit succeeded.
area = 13.6887769569 with chi^2 413.09391503
VariableMetricBuilder: no improvement
VariableMetricBuilder: finishes without convergence.
VariableMetricBuilder: edm= 0.000147989 requested: 1e-05
FunctionMinimum is invalid.
Minuit failed because the function is above maximum EDM.
eigenvalues: 
-0.0899342
0.472874
0.738701
1
1
1
1
1
1
1
1
1
1.00177
1.26922
2.60737
matrix forced pos-def by adding 0.0925415 to diagonal
MnHesse: matrix is invalid!
MnHesse: matrix is not pos. def.!
MnHesse: matrix was forced pos. def.
FunctionMinimum is invalid.
Minuit failed because covariance is not accurate, and covariance is not positive definite.
Minuit succeeded.
area = 13.6993254762 with chi^2 417.027465814
Minuit succeeded.
area = 13.7206549169 with chi^2 415.792862886
eigenvalues: 
-0.273158
0.456706
0.742863
1
1
1
1
1
1
1
1
1
1.00179
1.29688
2.77492
matrix forced pos-def by adding 0.275933 to diagonal
MnHesse: matrix is invalid!
MnHesse: matrix is not pos. def.!
MnHesse: matrix was forced pos. def.
FunctionMinimum is invalid.
Minuit failed because covariance is not accurate, and covariance is not positive definite.
VariableMetricBuilder: no improvement
VariableMetricBuilder: machine accuracy limits further improvement.
Minuit succeeded.
area = 13.6680520278 with chi^2 416.73688491
VariableMetricBuilder: no improvement
VariableMetricBuilder: finishes without convergence.
VariableMetricBuilder: edm= 0.00105775 requested: 1e-05
FunctionMinimum is invalid.
Minuit failed because the function is above maximum EDM.
VariableMetricBuilder: no improvement
VariableMetricBuilder: machine accuracy limits further improvement.
Minuit succeeded.
area = 13.6451524939 with chi^2 412.129137197
eigenvalues: 
-0.00643502
0.595878
0.720612
1
1
1
1
1
1
1
1
1
1.00069
1.02295
2.66631
matrix forced pos-def by adding 0.00910133 to diagonal
MnHesse: matrix is invalid!
MnHesse: matrix is not pos. def.!
MnHesse: matrix was forced pos. def.
FunctionMinimum is invalid.
Minuit failed because covariance is not accurate, and covariance is not positive definite.
Minuit succeeded.
area = 13.670124025 with chi^2 419.121136239
Minuit succeeded.
area = 13.6724135267 with chi^2 412.908192591
Minuit succeeded.
area = 13.6646989458 with chi^2 415.822006794
Minuit succeeded.
area = 13.7323963028 with chi^2 418.608596861
Minuit succeeded.
area = 13.6919808868 with chi^2 411.085856246
Minuit succeeded.
area = 13.6913418257 with chi^2 411.975068613
Minuit succeeded.
area = 13.7018388804 with chi^2 413.229088377
VariableMetricBuilder: no improvement
VariableMetricBuilder: machine accuracy limits further improvement.
eigenvalues: 
-0.0512897
0.477092
0.754484
1
1
1
1
1
1
1
1
1
1.00178
1.21386
2.60408
matrix forced pos-def by adding 0.0538938 to diagonal
MnHesse: matrix is invalid!
MnHesse: matrix is not pos. def.!
MnHesse: matrix was forced pos. def.
FunctionMinimum is invalid.
Minuit failed because covariance is not accurate, and covariance is not positive definite.
eigenvalues: 
-0.127415
0.471552
0.736935
1
1
1
1
1
1
1
1
1
1.00179
1.18097
2.73616
matrix forced pos-def by adding 0.130151 to diagonal
MnHesse: matrix is invalid!
MnHesse: matrix is not pos. def.!
MnHesse: matrix was forced pos. def.
FunctionMinimum is invalid.
Minuit failed because covariance is not accurate, and covariance is not positive definite.
Minuit succeeded.
area = 13.6845214092 with chi^2 415.946640205
Minuit succeeded.
area = 13.660924802 with chi^2 415.871432746
Minuit succeeded.
area = 13.6856511663 with chi^2 412.152965682
VariableMetricBuilder: matrix not pos.def.
gdel > 0: 6.54395e-06
negative or zero diagonal element 5 in covariance matrix
added 1.00017 to diagonal of error matrix
gdel: 6.54395e-06
Minuit succeeded.
area = 13.712733845 with chi^2 409.430416364
Minuit succeeded.
area = 13.6658818373 with chi^2 413.457525747
Minuit succeeded.
area = 13.6591113589 with chi^2 422.477135833
eigenvalues: 
-0.167528
0.589382
0.736567
1
1
1
1
1
1
1
1
1
1.00191
1.29023
2.54944
matrix forced pos-def by adding 0.170078 to diagonal
MnHesse: matrix is invalid!
MnHesse: matrix is not pos. def.!
MnHesse: matrix was forced pos. def.
FunctionMinimum is invalid.
Minuit failed because covariance is not accurate, and covariance is not positive definite.
Minuit succeeded.
area = 13.64999337 with chi^2 411.859278365
VariableMetricBuilder: no improvement
Minuit succeeded.
area = 13.6654349868 with chi^2 410.260134179
VariableMetricBuilder: no improvement
eigenvalues: 
-0.152045
0.529197
0.747528
1
1
1
1
1
1
1
1
1
1.00193
1.17183
2.70157
matrix forced pos-def by adding 0.154747 to diagonal
MnHesse: matrix is invalid!
MnHesse: matrix is not pos. def.!
MnHesse: matrix was forced pos. def.
FunctionMinimum is invalid.
Minuit failed because covariance is not accurate, and covariance is not positive definite.
VariableMetricBuilder: no improvement
VariableMetricBuilder: machine accuracy limits further improvement.
Minuit succeeded.
area = 13.6519232492 with chi^2 421.004264735
Minuit succeeded.
area = 13.7043942563 with chi^2 414.758628371
Minuit succeeded.
area = 13.6649724547 with chi^2 414.177128533
areas mean, stdev = 13.6769866017 0.0211097555227 chi^2 mean, stdev = 414.854930565 3.35582233779
