0.837215420409
Now with jitter = 0.0
Minuit succeeded.
area = 5.62255782273 with chi^2 101.222506172
areas mean, stdev = 5.62255782273 0.0 chi^2 mean, stdev = 101.222506172 0.0
Now with jitter = 0.05
Minuit succeeded.
area = 5.615398903 with chi^2 103.232775733
Minuit succeeded.
area = 5.60733434376 with chi^2 100.675712384
Minuit succeeded.
area = 5.62409786735 with chi^2 101.211009319
eigenvalues: 
-0.0844058
0.268711
0.893299
1
1
1
1.00098
1.02138
2.90004
matrix forced pos-def by adding 0.0873058 to diagonal
MnHesse: matrix is invalid!
MnHesse: matrix is not pos. def.!
MnHesse: matrix was forced pos. def.
FunctionMinimum is invalid.
Minuit failed because covariance is not accurate, and covariance is not positive definite.
Minuit succeeded.
area = 5.62794526479 with chi^2 101.26632006
Minuit succeeded.
area = 5.62622169147 with chi^2 102.911281535
Minuit succeeded.
area = 5.62248411418 with chi^2 102.430818508
Minuit succeeded.
area = 5.60410208882 with chi^2 98.9797016802
eigenvalues: 
-0.015668
0.355586
0.886215
1
1
1
1.00027
1.01955
2.75404
matrix forced pos-def by adding 0.018422 to diagonal
MnHesse: matrix is invalid!
MnHesse: matrix is not pos. def.!
MnHesse: matrix was forced pos. def.
FunctionMinimum is invalid.
Minuit failed because covariance is not accurate, and covariance is not positive definite.
Minuit succeeded.
area = 5.61971440715 with chi^2 100.311530699
Minuit succeeded.
area = 5.63524599 with chi^2 101.176563216
Minuit succeeded.
area = 5.63558840162 with chi^2 102.748040441
Minuit succeeded.
area = 5.61876125475 with chi^2 101.950408202
Minuit succeeded.
area = 5.62377274412 with chi^2 101.957656499
Minuit succeeded.
area = 5.62467051848 with chi^2 100.364657389
Minuit succeeded.
area = 5.62971142072 with chi^2 102.742133718
Minuit succeeded.
area = 5.60267811294 with chi^2 98.5870144843
Minuit succeeded.
area = 5.63055815092 with chi^2 99.9103017022
Minuit succeeded.
area = 5.64043659254 with chi^2 99.4005440068
Minuit succeeded.
area = 5.61867599987 with chi^2 100.957295141
Minuit succeeded.
area = 5.62434637217 with chi^2 103.232306028
Minuit succeeded.
area = 5.62766117544 with chi^2 102.729516936
Minuit succeeded.
area = 5.62301491499 with chi^2 104.398118048
Minuit succeeded.
area = 5.61499861492 with chi^2 103.501087649
Minuit succeeded.
area = 5.62269808467 with chi^2 102.624076056
eigenvalues: 
-0.0709731
0.276997
0.90246
1
1
1
1.00102
1.01284
2.87766
matrix forced pos-def by adding 0.0738507 to diagonal
MnHesse: matrix is invalid!
MnHesse: matrix is not pos. def.!
MnHesse: matrix was forced pos. def.
FunctionMinimum is invalid.
Minuit failed because covariance is not accurate, and covariance is not positive definite.
Minuit succeeded.
area = 5.61441316923 with chi^2 99.786827948
eigenvalues: 
-0.480889
0.357323
0.875707
1
1
1
1.00087
1.06344
3.18355
matrix forced pos-def by adding 0.484073 to diagonal
MnHesse: matrix is invalid!
MnHesse: matrix is not pos. def.!
MnHesse: matrix was forced pos. def.
FunctionMinimum is invalid.
Minuit failed because covariance is not accurate, and covariance is not positive definite.
Minuit succeeded.
area = 5.62420395925 with chi^2 102.310076933
Minuit succeeded.
area = 5.6342216682 with chi^2 99.2712790035
Minuit succeeded.
area = 5.60725722228 with chi^2 100.018549994
Minuit succeeded.
area = 5.64581303937 with chi^2 101.079584469
Minuit succeeded.
area = 5.63290022127 with chi^2 102.259015732
Minuit succeeded.
area = 5.64220027591 with chi^2 104.197735346
Minuit succeeded.
area = 5.62219684044 with chi^2 102.908931142
eigenvalues: 
-0.0491568
0.32345
0.893193
1
1
1
1.00006
1.01297
2.81948
matrix forced pos-def by adding 0.0519763 to diagonal
MnHesse: matrix is invalid!
MnHesse: matrix is not pos. def.!
MnHesse: matrix was forced pos. def.
FunctionMinimum is invalid.
Minuit failed because covariance is not accurate, and covariance is not positive definite.
Minuit succeeded.
area = 5.61963058194 with chi^2 101.10971119
Minuit succeeded.
area = 5.62704528792 with chi^2 103.838814927
Minuit succeeded.
area = 5.62329528259 with chi^2 101.212212421
Minuit succeeded.
area = 5.61160049182 with chi^2 100.371857025
Minuit succeeded.
area = 5.63017713072 with chi^2 100.937788981
Minuit succeeded.
area = 5.60704154518 with chi^2 99.4119519311
Minuit succeeded.
area = 5.61909709986 with chi^2 104.508205165
Minuit succeeded.
area = 5.6173295743 with chi^2 100.595603737
Minuit succeeded.
area = 5.60777373354 with chi^2 99.209603341
Minuit succeeded.
area = 5.62627760878 with chi^2 102.512409119
Minuit succeeded.
area = 5.63177356989 with chi^2 100.728225888
Minuit succeeded.
area = 5.62996965918 with chi^2 98.305249547
Minuit succeeded.
area = 5.61387206445 with chi^2 100.036577328
Minuit succeeded.
area = 5.60868218855 with chi^2 97.5179827082
Minuit succeeded.
area = 5.61635284382 with chi^2 103.531330664
Minuit succeeded.
area = 5.62879162977 with chi^2 102.671664729
Minuit succeeded.
area = 5.63049249394 with chi^2 101.245283131
Minuit succeeded.
area = 5.62164988112 with chi^2 102.35501974
eigenvalues: 
-0.0318867
0.420348
0.872214
1
1
1
1.00025
1.06765
2.67142
matrix forced pos-def by adding 0.0345581 to diagonal
MnHesse: matrix is invalid!
MnHesse: matrix is not pos. def.!
MnHesse: matrix was forced pos. def.
FunctionMinimum is invalid.
Minuit failed because covariance is not accurate, and covariance is not positive definite.
Minuit succeeded.
area = 5.60947734001 with chi^2 103.226816868
Minuit succeeded.
area = 5.62769047637 with chi^2 102.032680876
Minuit succeeded.
area = 5.61007321909 with chi^2 101.4427149
Minuit succeeded.
area = 5.60509398922 with chi^2 100.928635616
Minuit succeeded.
area = 5.61206300141 with chi^2 99.8603375969
Minuit succeeded.
area = 5.63332373138 with chi^2 101.222355494
Minuit succeeded.
area = 5.62908278298 with chi^2 103.995607617
Minuit succeeded.
area = 5.62612001399 with chi^2 103.37721315
Minuit succeeded.
area = 5.63408153616 with chi^2 103.623039851
Minuit succeeded.
area = 5.61913127193 with chi^2 100.563358684
Minuit succeeded.
area = 5.62732712664 with chi^2 103.017941303
Minuit succeeded.
area = 5.62998028187 with chi^2 100.499286828
Minuit succeeded.
area = 5.6146355253 with chi^2 104.406289937
Minuit succeeded.
area = 5.62526349134 with chi^2 104.531005566
Minuit succeeded.
area = 5.62740483055 with chi^2 102.415868022
eigenvalues: 
-0.0726644
0.385458
0.880737
1
1
1
1.00075
1.03904
2.76667
matrix forced pos-def by adding 0.0754311 to diagonal
MnHesse: matrix is invalid!
MnHesse: matrix is not pos. def.!
MnHesse: matrix was forced pos. def.
FunctionMinimum is invalid.
Minuit failed because covariance is not accurate, and covariance is not positive definite.
Minuit succeeded.
area = 5.62603032095 with chi^2 98.8849985482
Minuit succeeded.
area = 5.60904802521 with chi^2 101.260487602
Minuit succeeded.
area = 5.63091088629 with chi^2 102.368185521
Minuit succeeded.
area = 5.61987861282 with chi^2 102.004547801
Minuit succeeded.
area = 5.63291744468 with chi^2 100.685584618
Minuit succeeded.
area = 5.63426149467 with chi^2 103.164242403
Minuit succeeded.
area = 5.63964215027 with chi^2 104.085502696
Minuit succeeded.
area = 5.62328852441 with chi^2 101.334850904
Minuit succeeded.
area = 5.60501549718 with chi^2 99.9291154627
Minuit succeeded.
area = 5.63579425113 with chi^2 101.615935652
Minuit succeeded.
area = 5.62514925198 with chi^2 101.054851413
Minuit succeeded.
area = 5.6276135517 with chi^2 101.744643218
Minuit succeeded.
area = 5.63199714324 with chi^2 103.589006883
Minuit succeeded.
area = 5.61142512597 with chi^2 103.864415508
Minuit succeeded.
area = 5.61232795268 with chi^2 101.260888424
Minuit succeeded.
area = 5.63352017374 with chi^2 104.193802864
Minuit succeeded.
area = 5.61503254459 with chi^2 101.585099271
eigenvalues: 
-0.081879
0.380953
0.881314
1
1
1
1.00043
1.0146
2.80458
matrix forced pos-def by adding 0.0846836 to diagonal
MnHesse: matrix is invalid!
MnHesse: matrix is not pos. def.!
MnHesse: matrix was forced pos. def.
FunctionMinimum is invalid.
Minuit failed because covariance is not accurate, and covariance is not positive definite.
Minuit succeeded.
area = 5.63213697261 with chi^2 99.6790085199
Minuit succeeded.
area = 5.61924977601 with chi^2 99.9651157915
eigenvalues: 
-0.0486022
0.274063
0.893343
1
1
1
1.00093
1.01985
2.86042
matrix forced pos-def by adding 0.0514626 to diagonal
MnHesse: matrix is invalid!
MnHesse: matrix is not pos. def.!
MnHesse: matrix was forced pos. def.
FunctionMinimum is invalid.
Minuit failed because covariance is not accurate, and covariance is not positive definite.
Minuit succeeded.
area = 5.62348922693 with chi^2 103.297852782
Minuit succeeded.
area = 5.63554054327 with chi^2 100.90027956
Minuit succeeded.
area = 5.61331230279 with chi^2 101.608013096
Minuit succeeded.
area = 5.65075283747 with chi^2 105.027922758
Minuit succeeded.
area = 5.62762544617 with chi^2 104.139778126
Minuit succeeded.
area = 5.61294885983 with chi^2 101.870182946
Minuit succeeded.
area = 5.62227926599 with chi^2 101.734561805
Minuit succeeded.
area = 5.61725618908 with chi^2 101.682574557
areas mean, stdev = 5.62322383606 0.00996312857536 chi^2 mean, stdev = 101.724230358 1.63269676257
Now with jitter = 0.07
eigenvalues: 
-0.00514822
0.516184
0.873923
1
1
1
1.00073
1.03628
2.57804
matrix forced pos-def by adding 0.00772626 to diagonal
MnHesse: matrix is invalid!
MnHesse: matrix is not pos. def.!
MnHesse: matrix was forced pos. def.
FunctionMinimum is invalid.
Minuit failed because covariance is not accurate, and covariance is not positive definite.
Minuit succeeded.
area = 5.6087709688 with chi^2 100.085424495
Minuit succeeded.
area = 5.62655423937 with chi^2 103.702986123
Minuit succeeded.
area = 5.62553225139 with chi^2 102.552921253
Minuit succeeded.
area = 5.62432602174 with chi^2 102.900764526
Minuit succeeded.
area = 5.62246199171 with chi^2 104.361065129
Minuit succeeded.
area = 5.61629775315 with chi^2 103.066118519
Minuit succeeded.
area = 5.619692973 with chi^2 103.284754386
Minuit succeeded.
area = 5.6253333493 with chi^2 99.8746302351
Minuit succeeded.
area = 5.63159888963 with chi^2 104.892798521
Minuit succeeded.
area = 5.60847799834 with chi^2 104.117005989
eigenvalues: 
-0.132658
0.424289
0.871117
1
1
1
1.00097
1.08921
2.74708
matrix forced pos-def by adding 0.135405 to diagonal
MnHesse: matrix is invalid!
MnHesse: matrix is not pos. def.!
MnHesse: matrix was forced pos. def.
FunctionMinimum is invalid.
Minuit failed because covariance is not accurate, and covariance is not positive definite.
Minuit succeeded.
area = 5.63390417649 with chi^2 100.935747352
Minuit succeeded.
area = 5.60768434723 with chi^2 104.280397454
Minuit succeeded.
area = 5.641499875 with chi^2 101.713304014
eigenvalues: 
-0.105296
0.376672
0.88142
1
1
1
1.00082
1.0307
2.81567
matrix forced pos-def by adding 0.108112 to diagonal
MnHesse: matrix is invalid!
MnHesse: matrix is not pos. def.!
MnHesse: matrix was forced pos. def.
FunctionMinimum is invalid.
Minuit failed because covariance is not accurate, and covariance is not positive definite.
Minuit succeeded.
area = 5.6379833182 with chi^2 102.214775213
Minuit succeeded.
area = 5.6051792195 with chi^2 101.28024131
Minuit succeeded.
area = 5.62841982086 with chi^2 107.048340038
eigenvalues: 
-0.0302095
0.357303
0.890994
1
1
1
1.00061
1.00935
2.77195
matrix forced pos-def by adding 0.0329815 to diagonal
MnHesse: matrix is invalid!
MnHesse: matrix is not pos. def.!
MnHesse: matrix was forced pos. def.
FunctionMinimum is invalid.
Minuit failed because covariance is not accurate, and covariance is not positive definite.
Minuit succeeded.
area = 5.60191910998 with chi^2 102.961947113
Minuit succeeded.
area = 5.62464225759 with chi^2 102.247255163
Minuit succeeded.
area = 5.60680495816 with chi^2 103.721484033
Minuit succeeded.
area = 5.64171920001 with chi^2 104.910301364
Minuit succeeded.
area = 5.60147059262 with chi^2 102.545711078
Minuit succeeded.
area = 5.64016522203 with chi^2 103.918901883
Minuit succeeded.
area = 5.63083030144 with chi^2 105.144388989
Minuit succeeded.
area = 5.62532104414 with chi^2 102.069006335
Minuit succeeded.
area = 5.62296565997 with chi^2 103.718626098
Minuit succeeded.
area = 5.62473858675 with chi^2 97.8820835473
Minuit succeeded.
area = 5.63748973286 with chi^2 101.371248101
eigenvalues: 
-0.110743
0.38316
0.883668
1
1
1
1.00053
1.02032
2.82306
matrix forced pos-def by adding 0.113566 to diagonal
MnHesse: matrix is invalid!
MnHesse: matrix is not pos. def.!
MnHesse: matrix was forced pos. def.
FunctionMinimum is invalid.
Minuit failed because covariance is not accurate, and covariance is not positive definite.
Minuit succeeded.
area = 5.62483041778 with chi^2 104.2334595
Minuit succeeded.
area = 5.62243939126 with chi^2 102.147400493
Minuit succeeded.
area = 5.63510064634 with chi^2 102.890841377
Minuit succeeded.
area = 5.61554102429 with chi^2 101.257680232
Minuit succeeded.
area = 5.61060432962 with chi^2 99.0186063778
Minuit succeeded.
area = 5.62470943263 with chi^2 102.167006139
eigenvalues: 
-0.0174433
0.272196
0.898631
1
1
1
1.00102
1.01283
2.83276
matrix forced pos-def by adding 0.020276 to diagonal
MnHesse: matrix is invalid!
MnHesse: matrix is not pos. def.!
MnHesse: matrix was forced pos. def.
FunctionMinimum is invalid.
Minuit failed because covariance is not accurate, and covariance is not positive definite.
Minuit succeeded.
area = 5.64662363942 with chi^2 101.572903498
Minuit succeeded.
area = 5.62360369835 with chi^2 106.264700463
Minuit succeeded.
area = 5.62039405609 with chi^2 99.9595152808
Minuit succeeded.
area = 5.64782896638 with chi^2 99.8285246017
Minuit succeeded.
area = 5.62755684587 with chi^2 101.146517467
Minuit succeeded.
area = 5.61473175007 with chi^2 101.487988189
Minuit succeeded.
area = 5.64798060686 with chi^2 103.731536876
eigenvalues: 
-0.0269146
0.344272
0.893049
1
1
1
1.00041
1.0166
2.77258
matrix forced pos-def by adding 0.0296872 to diagonal
MnHesse: matrix is invalid!
MnHesse: matrix is not pos. def.!
MnHesse: matrix was forced pos. def.
FunctionMinimum is invalid.
Minuit failed because covariance is not accurate, and covariance is not positive definite.
eigenvalues: 
-0.00460383
0.342705
0.890918
1
1
1
1.00036
1.01044
2.76017
matrix forced pos-def by adding 0.007364 to diagonal
MnHesse: matrix is invalid!
MnHesse: matrix is not pos. def.!
MnHesse: matrix was forced pos. def.
FunctionMinimum is invalid.
Minuit failed because covariance is not accurate, and covariance is not positive definite.
Minuit succeeded.
area = 5.62856623428 with chi^2 100.998902305
Minuit succeeded.
area = 5.61074771931 with chi^2 103.380876164
Minuit succeeded.
area = 5.60393385692 with chi^2 103.816956692
Minuit succeeded.
area = 5.64031937454 with chi^2 101.423607591
Minuit succeeded.
area = 5.63350540274 with chi^2 103.120830898
Minuit succeeded.
area = 5.62496204538 with chi^2 101.081326557
Minuit succeeded.
area = 5.63066365998 with chi^2 104.24706047
Minuit succeeded.
area = 5.62330668624 with chi^2 100.41294902
Minuit succeeded.
area = 5.63508785441 with chi^2 103.610507997
Minuit succeeded.
area = 5.63802908895 with chi^2 102.745796125
Minuit succeeded.
area = 5.61697193957 with chi^2 99.8325672865
Minuit succeeded.
area = 5.60930395748 with chi^2 104.182849067
Minuit succeeded.
area = 5.63249242078 with chi^2 101.361606931
eigenvalues: 
-0.0344398
0.40728
0.886431
1
1
1
1.0002
1.00999
2.73055
matrix forced pos-def by adding 0.0371703 to diagonal
MnHesse: matrix is invalid!
MnHesse: matrix is not pos. def.!
MnHesse: matrix was forced pos. def.
FunctionMinimum is invalid.
Minuit failed because covariance is not accurate, and covariance is not positive definite.
Minuit succeeded.
area = 5.61090173386 with chi^2 98.588654558
eigenvalues: 
-0.0341687
0.355998
0.885095
1
1
1
1.00032
1.0219
2.77085
matrix forced pos-def by adding 0.0369395 to diagonal
MnHesse: matrix is invalid!
MnHesse: matrix is not pos. def.!
MnHesse: matrix was forced pos. def.
FunctionMinimum is invalid.
Minuit failed because covariance is not accurate, and covariance is not positive definite.
Minuit succeeded.
area = 5.6320389451 with chi^2 102.715821597
Minuit succeeded.
area = 5.63022054322 with chi^2 102.874023473
Minuit succeeded.
area = 5.6042917545 with chi^2 106.168116618
Minuit succeeded.
area = 5.60759950703 with chi^2 99.857968778
Minuit succeeded.
area = 5.62934304721 with chi^2 100.065216949
Minuit succeeded.
area = 5.5957784741 with chi^2 103.752276777
Minuit succeeded.
area = 5.63090137819 with chi^2 98.532400848
Minuit succeeded.
area = 5.61605740896 with chi^2 100.926430879
Minuit succeeded.
area = 5.65175771215 with chi^2 98.6938074439
Minuit succeeded.
area = 5.62766154649 with chi^2 105.086053016
eigenvalues: 
-0.118182
0.279746
0.894335
1
1
1
1.00078
1.01449
2.92884
matrix forced pos-def by adding 0.121111 to diagonal
MnHesse: matrix is invalid!
MnHesse: matrix is not pos. def.!
MnHesse: matrix was forced pos. def.
FunctionMinimum is invalid.
Minuit failed because covariance is not accurate, and covariance is not positive definite.
Minuit succeeded.
area = 5.61767834581 with chi^2 106.052753461
Minuit succeeded.
area = 5.60879791419 with chi^2 102.471247715
Minuit succeeded.
area = 5.61218689106 with chi^2 101.319048117
Minuit succeeded.
area = 5.6348614616 with chi^2 102.419257449
Minuit succeeded.
area = 5.62990167377 with chi^2 104.575211284
Minuit succeeded.
area = 5.63858509936 with chi^2 102.854932561
Minuit succeeded.
area = 5.64827872754 with chi^2 102.582604868
Minuit succeeded.
area = 5.62275310205 with chi^2 100.000954478
Minuit succeeded.
area = 5.61365129202 with chi^2 103.337164059
Minuit succeeded.
area = 5.63397189479 with chi^2 100.686370023
Minuit succeeded.
area = 5.63714155439 with chi^2 105.07017839
Minuit succeeded.
area = 5.60555448343 with chi^2 101.792842579
Minuit succeeded.
area = 5.6184338548 with chi^2 102.81482624
Minuit succeeded.
area = 5.62557696405 with chi^2 100.30185353
eigenvalues: 
-0.0711045
0.297571
0.891962
1
1
1
1.00102
1.03384
2.84671
matrix forced pos-def by adding 0.0739512 to diagonal
MnHesse: matrix is invalid!
MnHesse: matrix is not pos. def.!
MnHesse: matrix was forced pos. def.
FunctionMinimum is invalid.
Minuit failed because covariance is not accurate, and covariance is not positive definite.
Minuit succeeded.
area = 5.61562582016 with chi^2 102.86153329
Minuit succeeded.
area = 5.64740167028 with chi^2 106.833447062
eigenvalues: 
-0.010478
0.415118
0.88755
1
1
1
1.00014
1.0096
2.69806
matrix forced pos-def by adding 0.0131761 to diagonal
MnHesse: matrix is invalid!
MnHesse: matrix is not pos. def.!
MnHesse: matrix was forced pos. def.
FunctionMinimum is invalid.
Minuit failed because covariance is not accurate, and covariance is not positive definite.
Minuit succeeded.
area = 5.6368967556 with chi^2 105.381363577
Minuit succeeded.
area = 5.61234321529 with chi^2 103.958638104
Minuit succeeded.
area = 5.62287317102 with chi^2 101.490152385
Minuit succeeded.
area = 5.59512508971 with chi^2 104.173121495
Minuit succeeded.
area = 5.61199192949 with chi^2 104.149368284
Minuit succeeded.
area = 5.62394396797 with chi^2 105.136151736
Minuit succeeded.
area = 5.63196727517 with chi^2 98.8940305128
areas mean, stdev = 5.62406566792 0.012908758646 chi^2 mean, stdev = 102.518880092 2.01741102993
