0.798649857404
Now with jitter = 0.0
Minuit succeeded.
area = 5.80830063445 with chi^2 105.121327062
areas mean, stdev = 5.80830063445 0.0 chi^2 mean, stdev = 105.121327062 0.0
Now with jitter = 0.05
eigenvalues: 
-0.0391675
0.407683
0.886075
1
1
1
1.00032
1.00705
2.73805
matrix forced pos-def by adding 0.0419056 to diagonal
MnHesse: matrix is invalid!
MnHesse: matrix is not pos. def.!
MnHesse: matrix was forced pos. def.
FunctionMinimum is invalid.
Minuit failed because covariance is not accurate, and covariance is not positive definite.
Minuit succeeded.
area = 5.81146136046 with chi^2 105.267971516
Minuit succeeded.
area = 5.81019657059 with chi^2 104.865245196
Minuit succeeded.
area = 5.81900774895 with chi^2 105.272972129
Minuit succeeded.
area = 5.81874330994 with chi^2 108.162917931
eigenvalues: 
-0.288557
0.263184
0.894079
1
1
1
1.00084
1.02559
3.10487
matrix forced pos-def by adding 0.291662 to diagonal
MnHesse: matrix is invalid!
MnHesse: matrix is not pos. def.!
MnHesse: matrix was forced pos. def.
FunctionMinimum is invalid.
Minuit failed because covariance is not accurate, and covariance is not positive definite.
Minuit succeeded.
area = 5.81144349482 with chi^2 105.085526312
Minuit succeeded.
area = 5.81815132995 with chi^2 107.45842179
eigenvalues: 
-0.0687852
0.351654
0.884751
1
1
1
1.00045
1.024
2.80794
matrix forced pos-def by adding 0.0715931 to diagonal
MnHesse: matrix is invalid!
MnHesse: matrix is not pos. def.!
MnHesse: matrix was forced pos. def.
FunctionMinimum is invalid.
Minuit failed because covariance is not accurate, and covariance is not positive definite.
Minuit succeeded.
area = 5.81161805165 with chi^2 105.180612608
Minuit succeeded.
area = 5.80487582383 with chi^2 106.403308261
Minuit succeeded.
area = 5.81311661853 with chi^2 104.391026833
Minuit succeeded.
area = 5.82197585094 with chi^2 107.572145191
eigenvalues: 
-0.0165125
0.41542
0.884999
1
1
1
1.00091
1.00943
2.70575
matrix forced pos-def by adding 0.0192183 to diagonal
MnHesse: matrix is invalid!
MnHesse: matrix is not pos. def.!
MnHesse: matrix was forced pos. def.
FunctionMinimum is invalid.
Minuit failed because covariance is not accurate, and covariance is not positive definite.
Minuit succeeded.
area = 5.80350342916 with chi^2 107.187567377
Minuit succeeded.
area = 5.81390442558 with chi^2 103.832371352
Minuit succeeded.
area = 5.80906930967 with chi^2 103.731754464
Minuit succeeded.
area = 5.80895206195 with chi^2 105.277914909
Minuit succeeded.
area = 5.79981468551 with chi^2 105.308328459
Minuit succeeded.
area = 5.80005521677 with chi^2 106.951427725
Minuit succeeded.
area = 5.81513433799 with chi^2 106.259462436
Minuit succeeded.
area = 5.81167064683 with chi^2 103.889814934
eigenvalues: 
-0.0708195
0.377081
0.881504
1
1
1
1.00018
1.02231
2.78974
matrix forced pos-def by adding 0.0736093 to diagonal
MnHesse: matrix is invalid!
MnHesse: matrix is not pos. def.!
MnHesse: matrix was forced pos. def.
FunctionMinimum is invalid.
Minuit failed because covariance is not accurate, and covariance is not positive definite.
Minuit succeeded.
area = 5.82299015761 with chi^2 106.301781979
Minuit succeeded.
area = 5.79474754672 with chi^2 102.805576231
Minuit succeeded.
area = 5.80437844576 with chi^2 104.588527348
eigenvalues: 
-0.304524
0.282741
0.884247
1
1
1
1.00074
1.04152
3.09528
matrix forced pos-def by adding 0.307619 to diagonal
MnHesse: matrix is invalid!
MnHesse: matrix is not pos. def.!
MnHesse: matrix was forced pos. def.
FunctionMinimum is invalid.
Minuit failed because covariance is not accurate, and covariance is not positive definite.
Minuit succeeded.
area = 5.80896167691 with chi^2 106.362077186
Minuit succeeded.
area = 5.80176220228 with chi^2 105.381871927
Minuit succeeded.
area = 5.82436154122 with chi^2 105.145519981
Minuit succeeded.
area = 5.82206879415 with chi^2 109.174663399
Minuit succeeded.
area = 5.82488268801 with chi^2 107.938245242
Minuit succeeded.
area = 5.79656145664 with chi^2 103.833353351
eigenvalues: 
-0.257348
0.317148
0.880879
1
1
1
1.00083
1.0797
2.97879
matrix forced pos-def by adding 0.260327 to diagonal
MnHesse: matrix is invalid!
MnHesse: matrix is not pos. def.!
MnHesse: matrix was forced pos. def.
FunctionMinimum is invalid.
Minuit failed because covariance is not accurate, and covariance is not positive definite.
Minuit succeeded.
area = 5.80032035728 with chi^2 104.640302909
eigenvalues: 
-0.203875
0.404421
0.868629
1
1
1
1.00065
1.09162
2.83855
matrix forced pos-def by adding 0.206713 to diagonal
MnHesse: matrix is invalid!
MnHesse: matrix is not pos. def.!
MnHesse: matrix was forced pos. def.
FunctionMinimum is invalid.
Minuit failed because covariance is not accurate, and covariance is not positive definite.
Minuit succeeded.
area = 5.82273970167 with chi^2 103.853050489
Minuit succeeded.
area = 5.81268193172 with chi^2 105.315600114
Minuit succeeded.
area = 5.8045944406 with chi^2 107.296434703
Minuit succeeded.
area = 5.80198718556 with chi^2 106.615973772
Minuit succeeded.
area = 5.80128446826 with chi^2 105.845951086
Minuit succeeded.
area = 5.80844978302 with chi^2 105.228332482
Minuit succeeded.
area = 5.78800502755 with chi^2 104.634866992
Minuit succeeded.
area = 5.80202951713 with chi^2 102.618855186
eigenvalues: 
-0.230919
0.392307
0.883755
1
1
1
1.00023
1.00935
2.94527
matrix forced pos-def by adding 0.233865 to diagonal
MnHesse: matrix is invalid!
MnHesse: matrix is not pos. def.!
MnHesse: matrix was forced pos. def.
FunctionMinimum is invalid.
Minuit failed because covariance is not accurate, and covariance is not positive definite.
eigenvalues: 
-0.267861
0.28435
0.88193
1
1
1
1.0004
1.07148
3.0297
matrix forced pos-def by adding 0.27089 to diagonal
MnHesse: matrix is invalid!
MnHesse: matrix is not pos. def.!
MnHesse: matrix was forced pos. def.
FunctionMinimum is invalid.
Minuit failed because covariance is not accurate, and covariance is not positive definite.
eigenvalues: 
-0.185424
0.316522
0.878088
1
1
1
1.00026
1.04707
2.94348
matrix forced pos-def by adding 0.188367 to diagonal
MnHesse: matrix is invalid!
MnHesse: matrix is not pos. def.!
MnHesse: matrix was forced pos. def.
FunctionMinimum is invalid.
Minuit failed because covariance is not accurate, and covariance is not positive definite.
Minuit succeeded.
area = 5.80058976826 with chi^2 106.357352498
Minuit succeeded.
area = 5.8171557959 with chi^2 103.850018764
Minuit succeeded.
area = 5.80095374823 with chi^2 105.056000078
Minuit succeeded.
area = 5.78947906209 with chi^2 104.613016193
Minuit succeeded.
area = 5.81354287362 with chi^2 107.780297565
Minuit succeeded.
area = 5.80007799791 with chi^2 106.759472733
Minuit succeeded.
area = 5.79932586278 with chi^2 105.549371644
Minuit succeeded.
area = 5.80463427067 with chi^2 104.066052382
Minuit succeeded.
area = 5.81053682296 with chi^2 104.11174578
eigenvalues: 
-0.0835993
0.405822
0.884139
1
1
1
1.00058
1.0102
2.78285
matrix forced pos-def by adding 0.0863822 to diagonal
MnHesse: matrix is invalid!
MnHesse: matrix is not pos. def.!
MnHesse: matrix was forced pos. def.
FunctionMinimum is invalid.
Minuit failed because covariance is not accurate, and covariance is not positive definite.
Minuit succeeded.
area = 5.79547185234 with chi^2 104.780778148
eigenvalues: 
-0.103196
0.380154
0.878893
1
1
1
1.00096
1.0367
2.80649
matrix forced pos-def by adding 0.106003 to diagonal
MnHesse: matrix is invalid!
MnHesse: matrix is not pos. def.!
MnHesse: matrix was forced pos. def.
FunctionMinimum is invalid.
Minuit failed because covariance is not accurate, and covariance is not positive definite.
Minuit succeeded.
area = 5.79929776513 with chi^2 107.580725737
eigenvalues: 
-0.0582228
0.487628
0.865209
1
1
1
1.00062
1.12155
2.58321
matrix forced pos-def by adding 0.0608061 to diagonal
MnHesse: matrix is invalid!
MnHesse: matrix is not pos. def.!
MnHesse: matrix was forced pos. def.
FunctionMinimum is invalid.
Minuit failed because covariance is not accurate, and covariance is not positive definite.
Minuit succeeded.
area = 5.80283110854 with chi^2 104.349199774
Minuit succeeded.
area = 5.79996352299 with chi^2 104.636880439
VariableMetricBuilder: no improvement
Minuit succeeded.
area = 5.81139067495 with chi^2 102.513792924
Minuit succeeded.
area = 5.79126207431 with chi^2 104.643253883
Minuit succeeded.
area = 5.79464178549 with chi^2 106.924252709
Minuit succeeded.
area = 5.81967020442 with chi^2 104.769162531
Minuit succeeded.
area = 5.79118537777 with chi^2 103.985898
Minuit succeeded.
area = 5.81164136697 with chi^2 105.037370861
Minuit succeeded.
area = 5.81956957973 with chi^2 106.095002857
Minuit succeeded.
area = 5.81166732746 with chi^2 106.904234855
eigenvalues: 
-0.0906449
0.469862
0.867918
1
1
1
1.00077
1.10661
2.64549
matrix forced pos-def by adding 0.0932904 to diagonal
MnHesse: matrix is invalid!
MnHesse: matrix is not pos. def.!
MnHesse: matrix was forced pos. def.
FunctionMinimum is invalid.
Minuit failed because covariance is not accurate, and covariance is not positive definite.
eigenvalues: 
-0.136517
0.298407
0.886977
1
1
1
1.00029
1.02995
2.9209
matrix forced pos-def by adding 0.139438 to diagonal
MnHesse: matrix is invalid!
MnHesse: matrix is not pos. def.!
MnHesse: matrix was forced pos. def.
FunctionMinimum is invalid.
Minuit failed because covariance is not accurate, and covariance is not positive definite.
VariableMetricBuilder: matrix not pos.def.
gdel > 0: 2.79068e-05
negative or zero diagonal element 0 in covariance matrix
negative or zero diagonal element 1 in covariance matrix
added 1.00316 to diagonal of error matrix
gdel: 2.79068e-05
Minuit succeeded.
area = 5.82355719508 with chi^2 106.66124323
eigenvalues: 
-0.0280251
0.410074
0.877561
1
1
1
1.00049
1.03864
2.70126
matrix forced pos-def by adding 0.0307263 to diagonal
MnHesse: matrix is invalid!
MnHesse: matrix is not pos. def.!
MnHesse: matrix was forced pos. def.
FunctionMinimum is invalid.
Minuit failed because covariance is not accurate, and covariance is not positive definite.
Minuit succeeded.
area = 5.82105672832 with chi^2 104.719307114
Minuit succeeded.
area = 5.82600417856 with chi^2 106.752367522
Minuit succeeded.
area = 5.81946524581 with chi^2 108.022488037
Minuit succeeded.
area = 5.8016758435 with chi^2 107.827361631
eigenvalues: 
-0.250891
0.285963
0.884929
1
1
1
1.0006
1.0495
3.0299
matrix forced pos-def by adding 0.253921 to diagonal
MnHesse: matrix is invalid!
MnHesse: matrix is not pos. def.!
MnHesse: matrix was forced pos. def.
FunctionMinimum is invalid.
Minuit failed because covariance is not accurate, and covariance is not positive definite.
Minuit succeeded.
area = 5.83005413942 with chi^2 107.923155911
Minuit succeeded.
area = 5.82112139516 with chi^2 107.666356484
Minuit succeeded.
area = 5.80822098751 with chi^2 104.846489441
Minuit succeeded.
area = 5.79919142564 with chi^2 107.22532695
Minuit succeeded.
area = 5.81787597755 with chi^2 106.172131428
Minuit succeeded.
area = 5.8185705559 with chi^2 106.549345232
eigenvalues: 
-0.0354575
0.359299
0.878233
1
1
1
1.00014
1.04289
2.7549
matrix forced pos-def by adding 0.0382124 to diagonal
MnHesse: matrix is invalid!
MnHesse: matrix is not pos. def.!
MnHesse: matrix was forced pos. def.
FunctionMinimum is invalid.
Minuit failed because covariance is not accurate, and covariance is not positive definite.
Minuit succeeded.
area = 5.82873741694 with chi^2 104.176956878
eigenvalues: 
-0.217561
0.371849
0.870682
1
1
1
1.00059
1.08804
2.88641
matrix forced pos-def by adding 0.220447 to diagonal
MnHesse: matrix is invalid!
MnHesse: matrix is not pos. def.!
MnHesse: matrix was forced pos. def.
FunctionMinimum is invalid.
Minuit failed because covariance is not accurate, and covariance is not positive definite.
Minuit succeeded.
area = 5.80414943422 with chi^2 106.936569312
Minuit succeeded.
area = 5.79937548475 with chi^2 103.694015868
Minuit succeeded.
area = 5.82704757506 with chi^2 106.078988499
Minuit succeeded.
area = 5.78672220993 with chi^2 105.879128971
Minuit succeeded.
area = 5.78005142812 with chi^2 104.071602442
eigenvalues: 
-0.351596
0.372423
0.871419
1
1
1
1.00066
1.0818
3.02529
matrix forced pos-def by adding 0.354622 to diagonal
MnHesse: matrix is invalid!
MnHesse: matrix is not pos. def.!
MnHesse: matrix was forced pos. def.
FunctionMinimum is invalid.
Minuit failed because covariance is not accurate, and covariance is not positive definite.
Minuit succeeded.
area = 5.80061271146 with chi^2 105.007399979
eigenvalues: 
-0.266868
0.258059
0.878979
1
1
1
1.00034
1.08263
3.04686
matrix forced pos-def by adding 0.269915 to diagonal
MnHesse: matrix is invalid!
MnHesse: matrix is not pos. def.!
MnHesse: matrix was forced pos. def.
FunctionMinimum is invalid.
Minuit failed because covariance is not accurate, and covariance is not positive definite.
Minuit succeeded.
area = 5.80992010594 with chi^2 106.7037142
Minuit succeeded.
area = 5.82857798831 with chi^2 106.18411721
Minuit succeeded.
area = 5.79800780202 with chi^2 104.367019045
areas mean, stdev = 5.80872289573 0.0111098693146 chi^2 mean, stdev = 105.609086404 1.44702429558
Now with jitter = 0.07
Minuit succeeded.
area = 5.81096141912 with chi^2 111.056841917
eigenvalues: 
-0.0200204
0.475449
0.879882
1
1
1
1.00072
1.01574
2.64823
matrix forced pos-def by adding 0.0226687 to diagonal
MnHesse: matrix is invalid!
MnHesse: matrix is not pos. def.!
MnHesse: matrix was forced pos. def.
FunctionMinimum is invalid.
Minuit failed because covariance is not accurate, and covariance is not positive definite.
Minuit succeeded.
area = 5.81179900576 with chi^2 109.549113101
Minuit succeeded.
area = 5.80659830805 with chi^2 106.837170061
eigenvalues: 
-0.174483
0.282544
0.88569
1
1
1
1.00062
1.05062
2.95501
matrix forced pos-def by adding 0.177438 to diagonal
MnHesse: matrix is invalid!
MnHesse: matrix is not pos. def.!
MnHesse: matrix was forced pos. def.
FunctionMinimum is invalid.
Minuit failed because covariance is not accurate, and covariance is not positive definite.
Minuit succeeded.
area = 5.80634077264 with chi^2 104.239865974
Minuit succeeded.
area = 5.82911662981 with chi^2 106.28800648
eigenvalues: 
-0.135369
0.37892
0.873647
1
1
1
1.0006
1.05775
2.82445
matrix forced pos-def by adding 0.138193 to diagonal
MnHesse: matrix is invalid!
MnHesse: matrix is not pos. def.!
MnHesse: matrix was forced pos. def.
FunctionMinimum is invalid.
Minuit failed because covariance is not accurate, and covariance is not positive definite.
Minuit succeeded.
area = 5.79615644977 with chi^2 109.925614335
Minuit succeeded.
area = 5.80306889705 with chi^2 105.122923385
eigenvalues: 
-0.0562927
0.46861
0.880449
1
1
1
1.00061
1.01337
2.69325
matrix forced pos-def by adding 0.0589859 to diagonal
MnHesse: matrix is invalid!
MnHesse: matrix is not pos. def.!
MnHesse: matrix was forced pos. def.
FunctionMinimum is invalid.
Minuit failed because covariance is not accurate, and covariance is not positive definite.
Minuit succeeded.
area = 5.81716705188 with chi^2 106.869349612
Minuit succeeded.
area = 5.81195302599 with chi^2 107.931886361
Minuit succeeded.
area = 5.82060852386 with chi^2 107.474012856
eigenvalues: 
-0.0494993
0.350235
0.890017
1
1
1
1.00037
1.01023
2.79865
matrix forced pos-def by adding 0.0522979 to diagonal
MnHesse: matrix is invalid!
MnHesse: matrix is not pos. def.!
MnHesse: matrix was forced pos. def.
FunctionMinimum is invalid.
Minuit failed because covariance is not accurate, and covariance is not positive definite.
Minuit succeeded.
area = 5.83857738843 with chi^2 107.36104914
eigenvalues: 
-0.216095
0.369636
0.870634
1
1
1
1.00055
1.08551
2.88976
matrix forced pos-def by adding 0.218984 to diagonal
MnHesse: matrix is invalid!
MnHesse: matrix is not pos. def.!
MnHesse: matrix was forced pos. def.
FunctionMinimum is invalid.
Minuit failed because covariance is not accurate, and covariance is not positive definite.
Minuit succeeded.
area = 5.81194189682 with chi^2 106.481062691
eigenvalues: 
-0.0533618
0.404432
0.884701
1
1
1
1.0004
1.00839
2.75543
matrix forced pos-def by adding 0.0561172 to diagonal
MnHesse: matrix is invalid!
MnHesse: matrix is not pos. def.!
MnHesse: matrix was forced pos. def.
FunctionMinimum is invalid.
Minuit failed because covariance is not accurate, and covariance is not positive definite.
eigenvalues: 
-0.165874
0.394459
0.868868
1
1
1
1.00068
1.10364
2.79822
matrix forced pos-def by adding 0.168673 to diagonal
MnHesse: matrix is invalid!
MnHesse: matrix is not pos. def.!
MnHesse: matrix was forced pos. def.
FunctionMinimum is invalid.
Minuit failed because covariance is not accurate, and covariance is not positive definite.
Minuit succeeded.
area = 5.81227837036 with chi^2 105.985915904
Minuit succeeded.
area = 5.82350761441 with chi^2 108.262058665
Minuit succeeded.
area = 5.80189350736 with chi^2 106.071114166
Minuit succeeded.
area = 5.79542693686 with chi^2 102.155558906
Minuit succeeded.
area = 5.81847703436 with chi^2 107.388127994
Minuit succeeded.
area = 5.78489489169 with chi^2 106.154584279
Minuit succeeded.
area = 5.82318019764 with chi^2 106.090306161
eigenvalues: 
-0.0210613
0.360094
0.887491
1
1
1
1.00029
1.01748
2.7557
matrix forced pos-def by adding 0.0238169 to diagonal
MnHesse: matrix is invalid!
MnHesse: matrix is not pos. def.!
MnHesse: matrix was forced pos. def.
FunctionMinimum is invalid.
Minuit failed because covariance is not accurate, and covariance is not positive definite.
Minuit succeeded.
area = 5.82631643788 with chi^2 108.88103774
Minuit succeeded.
area = 5.81437345726 with chi^2 105.572937549
eigenvalues: 
-0.296429
0.355812
0.874775
1
1
1
1.0005
1.06568
2.99966
matrix forced pos-def by adding 0.299428 to diagonal
MnHesse: matrix is invalid!
MnHesse: matrix is not pos. def.!
MnHesse: matrix was forced pos. def.
FunctionMinimum is invalid.
Minuit failed because covariance is not accurate, and covariance is not positive definite.
Minuit succeeded.
area = 5.8123440864 with chi^2 104.053378648
Minuit succeeded.
area = 5.82859869126 with chi^2 108.962270965
Minuit succeeded.
area = 5.79841287557 with chi^2 103.881632419
eigenvalues: 
-0.1352
0.547007
0.86019
1
1
1
1.0007
1.23802
2.48928
matrix forced pos-def by adding 0.137689 to diagonal
MnHesse: matrix is invalid!
MnHesse: matrix is not pos. def.!
MnHesse: matrix was forced pos. def.
FunctionMinimum is invalid.
Minuit failed because covariance is not accurate, and covariance is not positive definite.
Minuit succeeded.
area = 5.81898602234 with chi^2 105.408188915
Minuit succeeded.
area = 5.82161598618 with chi^2 108.671155965
Minuit succeeded.
area = 5.82165982915 with chi^2 108.040645311
Minuit succeeded.
area = 5.7926390019 with chi^2 106.805846745
Minuit succeeded.
area = 5.83334884129 with chi^2 108.3940985
Minuit succeeded.
area = 5.80968121948 with chi^2 104.26080419
Minuit succeeded.
area = 5.79213568397 with chi^2 107.800006865
Minuit succeeded.
area = 5.81345849763 with chi^2 108.644966207
Minuit succeeded.
area = 5.80305407187 with chi^2 110.306220115
eigenvalues: 
-0.214896
0.39258
0.871359
1
1
1
1.00064
1.07098
2.87934
matrix forced pos-def by adding 0.217776 to diagonal
MnHesse: matrix is invalid!
MnHesse: matrix is not pos. def.!
MnHesse: matrix was forced pos. def.
FunctionMinimum is invalid.
Minuit failed because covariance is not accurate, and covariance is not positive definite.
Minuit succeeded.
area = 5.80324195629 with chi^2 106.33234048
Minuit succeeded.
area = 5.79733967413 with chi^2 106.452484108
Minuit succeeded.
area = 5.81826263903 with chi^2 113.709104059
Minuit succeeded.
area = 5.8162323835 with chi^2 107.113105427
eigenvalues: 
-0.0337424
0.374189
0.883284
1
1
1
1.00048
1.03049
2.7453
matrix forced pos-def by adding 0.0364877 to diagonal
MnHesse: matrix is invalid!
MnHesse: matrix is not pos. def.!
MnHesse: matrix was forced pos. def.
FunctionMinimum is invalid.
Minuit failed because covariance is not accurate, and covariance is not positive definite.
Minuit succeeded.
area = 5.81115859055 with chi^2 106.024370964
Minuit succeeded.
area = 5.82141393071 with chi^2 106.27057339
Minuit succeeded.
area = 5.82183035067 with chi^2 107.850380722
Minuit succeeded.
area = 5.79041901829 with chi^2 107.631351604
Minuit succeeded.
area = 5.81947297853 with chi^2 106.009570032
Minuit succeeded.
area = 5.79453401782 with chi^2 107.703483164
Minuit succeeded.
area = 5.81079726388 with chi^2 106.10426688
Minuit succeeded.
area = 5.79977318793 with chi^2 107.723523147
Minuit succeeded.
area = 5.85132832162 with chi^2 110.40071491
Minuit succeeded.
area = 5.80296604956 with chi^2 108.944223087
Minuit succeeded.
area = 5.79973588495 with chi^2 106.431964303
eigenvalues: 
-0.236905
0.266141
0.889819
1
1
1
1.00085
1.05117
3.02892
matrix forced pos-def by adding 0.239934 to diagonal
MnHesse: matrix is invalid!
MnHesse: matrix is not pos. def.!
MnHesse: matrix was forced pos. def.
FunctionMinimum is invalid.
Minuit failed because covariance is not accurate, and covariance is not positive definite.
Minuit succeeded.
area = 5.8135834419 with chi^2 111.681588119
Minuit succeeded.
area = 5.81639409868 with chi^2 102.458873973
Minuit succeeded.
area = 5.78501548072 with chi^2 106.42600192
Minuit succeeded.
area = 5.81081486226 with chi^2 106.0661844
Minuit succeeded.
area = 5.81334737349 with chi^2 105.450900905
Minuit succeeded.
area = 5.80930537827 with chi^2 102.772833733
Minuit succeeded.
area = 5.81741308816 with chi^2 102.685382995
eigenvalues: 
-0.400506
0.313186
0.882138
1
1
1
1.00013
1.03743
3.16762
matrix forced pos-def by adding 0.403673 to diagonal
MnHesse: matrix is invalid!
MnHesse: matrix is not pos. def.!
MnHesse: matrix was forced pos. def.
FunctionMinimum is invalid.
Minuit failed because covariance is not accurate, and covariance is not positive definite.
Minuit succeeded.
area = 5.7973496089 with chi^2 105.28619207
eigenvalues: 
-0.11231
0.263318
0.893969
1
1
1
1.00087
1.02829
2.92587
matrix forced pos-def by adding 0.115236 to diagonal
MnHesse: matrix is invalid!
MnHesse: matrix is not pos. def.!
MnHesse: matrix was forced pos. def.
FunctionMinimum is invalid.
Minuit failed because covariance is not accurate, and covariance is not positive definite.
Minuit succeeded.
area = 5.82738259485 with chi^2 103.139284244
Minuit succeeded.
area = 5.81917168672 with chi^2 105.718291242
Minuit succeeded.
area = 5.82433508387 with chi^2 105.48896593
Minuit succeeded.
area = 5.80466182162 with chi^2 109.158442981
Minuit succeeded.
area = 5.78771152756 with chi^2 104.652674062
Minuit succeeded.
area = 5.8214143091 with chi^2 105.608710357
Minuit succeeded.
area = 5.81296198274 with chi^2 104.587507751
Minuit succeeded.
area = 5.81208301047 with chi^2 103.646840662
Minuit succeeded.
area = 5.8087480318 with chi^2 101.954540021
Minuit succeeded.
area = 5.80719039715 with chi^2 106.805343168
Minuit succeeded.
area = 5.78549371242 with chi^2 104.533904273
Minuit succeeded.
area = 5.81186940998 with chi^2 103.763653366
Minuit succeeded.
area = 5.80183773974 with chi^2 105.145040108
Minuit succeeded.
area = 5.83540648436 with chi^2 105.59763739
Minuit succeeded.
area = 5.79641909291 with chi^2 106.250760605
Minuit succeeded.
area = 5.78425401013 with chi^2 107.809311787
Minuit succeeded.
area = 5.81438481857 with chi^2 106.89377415
Minuit succeeded.
area = 5.81299090629 with chi^2 110.726606324
eigenvalues: 
-0.0921434
0.428979
0.879038
1
1
1
1.0005
1.02456
2.75907
matrix forced pos-def by adding 0.0949025 to diagonal
MnHesse: matrix is invalid!
MnHesse: matrix is not pos. def.!
MnHesse: matrix was forced pos. def.
FunctionMinimum is invalid.
Minuit failed because covariance is not accurate, and covariance is not positive definite.
Minuit succeeded.
area = 5.80319204068 with chi^2 104.957047761
Minuit succeeded.
area = 5.78845504385 with chi^2 106.441499522
eigenvalues: 
-0.467087
0.260307
0.892481
1
1
1
1.00088
1.05293
3.26049
matrix forced pos-def by adding 0.470348 to diagonal
MnHesse: matrix is invalid!
MnHesse: matrix is not pos. def.!
MnHesse: matrix was forced pos. def.
FunctionMinimum is invalid.
Minuit failed because covariance is not accurate, and covariance is not positive definite.
eigenvalues: 
-0.141737
0.297188
0.872786
1
1
1
1.00053
1.09975
2.87148
matrix forced pos-def by adding 0.144609 to diagonal
MnHesse: matrix is invalid!
MnHesse: matrix is not pos. def.!
MnHesse: matrix was forced pos. def.
FunctionMinimum is invalid.
Minuit failed because covariance is not accurate, and covariance is not positive definite.
Minuit succeeded.
area = 5.81465172112 with chi^2 106.10500772
Minuit succeeded.
area = 5.79493858128 with chi^2 107.173048564
eigenvalues: 
-0.201154
0.392333
0.871857
1
1
1
1.00065
1.0677
2.86861
matrix forced pos-def by adding 0.204023 to diagonal
MnHesse: matrix is invalid!
MnHesse: matrix is not pos. def.!
MnHesse: matrix was forced pos. def.
FunctionMinimum is invalid.
Minuit failed because covariance is not accurate, and covariance is not positive definite.
Minuit succeeded.
area = 5.80936695809 with chi^2 105.579665534
Minuit succeeded.
area = 5.77968106276 with chi^2 107.659280651
areas mean, stdev = 5.8098863029 0.0135195152978 chi^2 mean, stdev = 106.598175059 2.20561808974
