0.0746776132363
Now with jitter = 0.0
Minuit succeeded.
area = 5.67538711267 with chi^2 120.541081217
areas mean, stdev = 5.67538711267 0.0 chi^2 mean, stdev = 120.541081217 0.0
Now with jitter = 0.05
Minuit succeeded.
area = 5.69207359496 with chi^2 120.315847958
Minuit succeeded.
area = 5.68237929926 with chi^2 121.367169181
Minuit succeeded.
area = 5.65339941533 with chi^2 117.374062697
Minuit succeeded.
area = 5.6863397022 with chi^2 120.07187623
eigenvalues: 
-0.042097
0.378668
0.886624
1
1
1
1.00021
1.00455
2.77205
matrix forced pos-def by adding 0.044869 to diagonal
MnHesse: matrix is invalid!
MnHesse: matrix is not pos. def.!
MnHesse: matrix was forced pos. def.
FunctionMinimum is invalid.
Minuit failed because covariance is not accurate, and covariance is not positive definite.
eigenvalues: 
-0.158448
0.427494
0.870592
1
1
1
1.00061
1.08519
2.77456
matrix forced pos-def by adding 0.161222 to diagonal
MnHesse: matrix is invalid!
MnHesse: matrix is not pos. def.!
MnHesse: matrix was forced pos. def.
FunctionMinimum is invalid.
Minuit failed because covariance is not accurate, and covariance is not positive definite.
Minuit succeeded.
area = 5.66301073568 with chi^2 123.129281123
Minuit succeeded.
area = 5.68332146519 with chi^2 122.104889447
eigenvalues: 
-0.0466558
0.37546
0.875321
1
1
1
1.00059
1.07234
2.72295
matrix forced pos-def by adding 0.0493787 to diagonal
MnHesse: matrix is invalid!
MnHesse: matrix is not pos. def.!
MnHesse: matrix was forced pos. def.
FunctionMinimum is invalid.
Minuit failed because covariance is not accurate, and covariance is not positive definite.
Minuit succeeded.
area = 5.66916447143 with chi^2 121.893266048
Minuit succeeded.
area = 5.67887753002 with chi^2 123.037525233
Minuit succeeded.
area = 5.65472687365 with chi^2 120.342704714
Minuit succeeded.
area = 5.66813860779 with chi^2 119.645216171
Minuit succeeded.
area = 5.68740757098 with chi^2 120.20417257
Minuit succeeded.
area = 5.66988014769 with chi^2 123.388544493
Minuit succeeded.
area = 5.66626627844 with chi^2 121.179132794
Minuit succeeded.
area = 5.6490725148 with chi^2 117.622536014
Minuit succeeded.
area = 5.67211058537 with chi^2 120.717344106
Minuit succeeded.
area = 5.67476105797 with chi^2 120.138992982
Minuit succeeded.
area = 5.68806854266 with chi^2 120.410893691
Minuit succeeded.
area = 5.68759492 with chi^2 123.845671602
Minuit succeeded.
area = 5.68129200769 with chi^2 121.835165148
Minuit succeeded.
area = 5.68405532327 with chi^2 121.199318356
eigenvalues: 
-0.0873014
0.346575
0.880562
1
1
1
1.00058
1.0384
2.82119
matrix forced pos-def by adding 0.0901226 to diagonal
MnHesse: matrix is invalid!
MnHesse: matrix is not pos. def.!
MnHesse: matrix was forced pos. def.
FunctionMinimum is invalid.
Minuit failed because covariance is not accurate, and covariance is not positive definite.
Minuit succeeded.
area = 5.67639729386 with chi^2 121.480426382
Minuit succeeded.
area = 5.67415985884 with chi^2 123.042498795
Minuit succeeded.
area = 5.67919547984 with chi^2 120.494498894
Minuit succeeded.
area = 5.65052745472 with chi^2 121.634927998
Minuit succeeded.
area = 5.68803451709 with chi^2 122.377663805
Minuit succeeded.
area = 5.66699860114 with chi^2 121.763157454
Minuit succeeded.
area = 5.67996556666 with chi^2 119.839439833
Minuit succeeded.
area = 5.68668081338 with chi^2 121.547659912
Minuit succeeded.
area = 5.66962417271 with chi^2 120.013292412
Minuit succeeded.
area = 5.67877629671 with chi^2 120.317804423
Minuit succeeded.
area = 5.67867706963 with chi^2 121.121123449
Minuit succeeded.
area = 5.68519232464 with chi^2 123.41056151
Minuit succeeded.
area = 5.680497316 with chi^2 119.285022468
eigenvalues: 
-0.14338
0.367343
0.879271
1
1
1
1.00013
1.02052
2.87612
matrix forced pos-def by adding 0.146256 to diagonal
MnHesse: matrix is invalid!
MnHesse: matrix is not pos. def.!
MnHesse: matrix was forced pos. def.
FunctionMinimum is invalid.
Minuit failed because covariance is not accurate, and covariance is not positive definite.
Minuit succeeded.
area = 5.68999299625 with chi^2 121.091166117
Minuit succeeded.
area = 5.67378191507 with chi^2 121.115412148
Minuit succeeded.
area = 5.67988175053 with chi^2 122.133691917
eigenvalues: 
-0.0578508
0.374071
0.881327
1
1
1
1.00056
1.024
2.77789
matrix forced pos-def by adding 0.0606287 to diagonal
MnHesse: matrix is invalid!
MnHesse: matrix is not pos. def.!
MnHesse: matrix was forced pos. def.
FunctionMinimum is invalid.
Minuit failed because covariance is not accurate, and covariance is not positive definite.
Minuit succeeded.
area = 5.67370284758 with chi^2 120.90269211
Minuit succeeded.
area = 5.67141449208 with chi^2 122.101267406
Minuit succeeded.
area = 5.68075384261 with chi^2 120.605717298
Minuit succeeded.
area = 5.68437123872 with chi^2 122.036015769
eigenvalues: 
-0.131265
0.357724
0.874167
1
1
1
1.00053
1.05354
2.8453
matrix forced pos-def by adding 0.13411 to diagonal
MnHesse: matrix is invalid!
MnHesse: matrix is not pos. def.!
MnHesse: matrix was forced pos. def.
FunctionMinimum is invalid.
Minuit failed because covariance is not accurate, and covariance is not positive definite.
Minuit succeeded.
area = 5.67519396521 with chi^2 122.657239897
Minuit succeeded.
area = 5.67595727489 with chi^2 120.409350335
Minuit succeeded.
area = 5.66338617458 with chi^2 119.277019186
Minuit succeeded.
area = 5.67012620261 with chi^2 119.296046581
Minuit succeeded.
area = 5.68090774112 with chi^2 121.001513081
Minuit succeeded.
area = 5.66841540026 with chi^2 119.945054074
Minuit succeeded.
area = 5.66071557827 with chi^2 120.233170131
Minuit succeeded.
area = 5.66550621376 with chi^2 121.809236439
Minuit succeeded.
area = 5.68050832075 with chi^2 119.733711254
Minuit succeeded.
area = 5.67476458028 with chi^2 123.219973193
eigenvalues: 
-0.246694
0.3419
0.866988
1
1
1
1.00054
1.14808
2.88919
matrix forced pos-def by adding 0.249584 to diagonal
MnHesse: matrix is invalid!
MnHesse: matrix is not pos. def.!
MnHesse: matrix was forced pos. def.
FunctionMinimum is invalid.
Minuit failed because covariance is not accurate, and covariance is not positive definite.
Minuit succeeded.
area = 5.67838261767 with chi^2 122.572431703
eigenvalues: 
-0.0769243
0.400765
0.874904
1
1
1
1.00062
1.0627
2.73794
matrix forced pos-def by adding 0.0796623 to diagonal
MnHesse: matrix is invalid!
MnHesse: matrix is not pos. def.!
MnHesse: matrix was forced pos. def.
FunctionMinimum is invalid.
Minuit failed because covariance is not accurate, and covariance is not positive definite.
Minuit succeeded.
area = 5.67038444144 with chi^2 123.611918106
Minuit succeeded.
area = 5.67106299947 with chi^2 120.831898999
Minuit succeeded.
area = 5.66151636373 with chi^2 121.818973147
Minuit succeeded.
area = 5.69028953847 with chi^2 118.745412262
Minuit succeeded.
area = 5.66576491885 with chi^2 117.470393072
Minuit succeeded.
area = 5.68111893473 with chi^2 122.971520205
Minuit succeeded.
area = 5.68253656014 with chi^2 121.945026025
Minuit succeeded.
area = 5.67890205237 with chi^2 121.839401595
Minuit succeeded.
area = 5.67389744044 with chi^2 121.02513899
Minuit succeeded.
area = 5.68757779655 with chi^2 120.763213108
Minuit succeeded.
area = 5.68757075459 with chi^2 122.367308356
Minuit succeeded.
area = 5.68695764418 with chi^2 120.993233089
Minuit succeeded.
area = 5.69640414149 with chi^2 123.804011994
eigenvalues: 
-0.0498255
0.293169
0.880609
1
1
1
1.00061
1.0592
2.81624
matrix forced pos-def by adding 0.0526418 to diagonal
MnHesse: matrix is invalid!
MnHesse: matrix is not pos. def.!
MnHesse: matrix was forced pos. def.
FunctionMinimum is invalid.
Minuit failed because covariance is not accurate, and covariance is not positive definite.
Minuit succeeded.
area = 5.66046938906 with chi^2 124.671704402
Minuit succeeded.
area = 5.67739506133 with chi^2 118.956926515
Minuit succeeded.
area = 5.68321943533 with chi^2 119.050267402
Minuit succeeded.
area = 5.68252661325 with chi^2 123.147368677
Minuit succeeded.
area = 5.65415055874 with chi^2 120.482155357
Minuit succeeded.
area = 5.66681501736 with chi^2 119.350628696
Minuit succeeded.
area = 5.68981579083 with chi^2 117.941617206
eigenvalues: 
-0.135997
0.384264
0.869906
1
1
1
1.00055
1.0912
2.79008
matrix forced pos-def by adding 0.138788 to diagonal
MnHesse: matrix is invalid!
MnHesse: matrix is not pos. def.!
MnHesse: matrix was forced pos. def.
FunctionMinimum is invalid.
Minuit failed because covariance is not accurate, and covariance is not positive definite.
Minuit succeeded.
area = 5.68791325926 with chi^2 123.997942175
Minuit succeeded.
area = 5.67405487703 with chi^2 121.055007845
Minuit succeeded.
area = 5.68149584921 with chi^2 121.082739876
Minuit succeeded.
area = 5.69230161915 with chi^2 121.272052689
Minuit succeeded.
area = 5.67393524553 with chi^2 120.343408638
Minuit succeeded.
area = 5.66836936976 with chi^2 123.31827101
Minuit succeeded.
area = 5.68114717022 with chi^2 121.04708605
Minuit succeeded.
area = 5.66459907209 with chi^2 122.020573264
Minuit succeeded.
area = 5.66547903084 with chi^2 123.216389597
Minuit succeeded.
area = 5.68506929859 with chi^2 117.70960225
Minuit succeeded.
area = 5.69017425006 with chi^2 121.708273805
Minuit succeeded.
area = 5.69051268547 with chi^2 122.50891082
Minuit succeeded.
area = 5.68707550941 with chi^2 120.45946249
Minuit succeeded.
area = 5.66467305417 with chi^2 122.653401531
eigenvalues: 
-0.0320896
0.464735
0.873473
1
1
1
1.00051
1.03515
2.65822
matrix forced pos-def by adding 0.0347479 to diagonal
MnHesse: matrix is invalid!
MnHesse: matrix is not pos. def.!
MnHesse: matrix was forced pos. def.
FunctionMinimum is invalid.
Minuit failed because covariance is not accurate, and covariance is not positive definite.
Minuit succeeded.
area = 5.67574337915 with chi^2 118.213096667
Minuit succeeded.
area = 5.68663961889 with chi^2 123.021243559
Minuit succeeded.
area = 5.67440907083 with chi^2 123.434247644
areas mean, stdev = 5.67643634516 0.0103420224652 chi^2 mean, stdev = 121.194797996 1.61489181225
Now with jitter = 0.07
eigenvalues: 
-0.00578912
0.390473
0.885662
1
1
1
1.00047
1.00357
2.72562
matrix forced pos-def by adding 0.00851473 to diagonal
MnHesse: matrix is invalid!
MnHesse: matrix is not pos. def.!
MnHesse: matrix was forced pos. def.
FunctionMinimum is invalid.
Minuit failed because covariance is not accurate, and covariance is not positive definite.
eigenvalues: 
-0.0550348
0.362157
0.886094
1
1
1
1.00028
1.00909
2.79742
matrix forced pos-def by adding 0.0578322 to diagonal
MnHesse: matrix is invalid!
MnHesse: matrix is not pos. def.!
MnHesse: matrix was forced pos. def.
FunctionMinimum is invalid.
Minuit failed because covariance is not accurate, and covariance is not positive definite.
Minuit succeeded.
area = 5.67697745259 with chi^2 125.38464104
Minuit succeeded.
area = 5.68522273907 with chi^2 122.92201808
Minuit succeeded.
area = 5.64775912563 with chi^2 118.957170141
Minuit succeeded.
area = 5.67709640745 with chi^2 120.665908163
Minuit succeeded.
area = 5.65658564932 with chi^2 119.394141321
Minuit succeeded.
area = 5.69100389742 with chi^2 123.598285754
Minuit succeeded.
area = 5.62384677974 with chi^2 123.769322274
Minuit succeeded.
area = 5.67852493953 with chi^2 118.222806737
Minuit succeeded.
area = 5.693339066 with chi^2 121.333765064
Minuit succeeded.
area = 5.69240669273 with chi^2 123.294083271
Minuit succeeded.
area = 5.71171422102 with chi^2 125.266483522
Minuit succeeded.
area = 5.68218724863 with chi^2 120.181818717
Minuit succeeded.
area = 5.67822967775 with chi^2 122.865558887
eigenvalues: 
-0.0488423
0.314067
0.891929
1
1
1
1.00014
1.00243
2.84027
matrix forced pos-def by adding 0.0516826 to diagonal
MnHesse: matrix is invalid!
MnHesse: matrix is not pos. def.!
MnHesse: matrix was forced pos. def.
FunctionMinimum is invalid.
Minuit failed because covariance is not accurate, and covariance is not positive definite.
Minuit succeeded.
area = 5.67651019957 with chi^2 120.816079099
eigenvalues: 
-0.000401879
0.323234
0.887025
1
1
1
1.00053
1.01773
2.77188
matrix forced pos-def by adding 0.00317376 to diagonal
MnHesse: matrix is invalid!
MnHesse: matrix is not pos. def.!
MnHesse: matrix was forced pos. def.
FunctionMinimum is invalid.
Minuit failed because covariance is not accurate, and covariance is not positive definite.
Minuit succeeded.
area = 5.69169020095 with chi^2 122.107557062
Minuit succeeded.
area = 5.66433313786 with chi^2 125.717612018
Minuit succeeded.
area = 5.67180107211 with chi^2 123.588295085
Minuit succeeded.
area = 5.68469614112 with chi^2 124.933046998
Minuit succeeded.
area = 5.67717144457 with chi^2 123.279070717
Minuit succeeded.
area = 5.69298390726 with chi^2 120.146674737
Minuit succeeded.
area = 5.66537477146 with chi^2 119.042343232
Minuit succeeded.
area = 5.69148466566 with chi^2 118.15030936
Minuit succeeded.
area = 5.68042952899 with chi^2 119.697088954
Minuit succeeded.
area = 5.66333896447 with chi^2 117.700553149
Minuit succeeded.
area = 5.68596545186 with chi^2 120.036117828
Minuit succeeded.
area = 5.70364132448 with chi^2 119.949091941
Minuit succeeded.
area = 5.67579853208 with chi^2 122.193599029
Minuit succeeded.
area = 5.69554298883 with chi^2 126.11874998
Minuit succeeded.
area = 5.6541921505 with chi^2 123.408592553
Minuit succeeded.
area = 5.68633150945 with chi^2 121.846492507
eigenvalues: 
-0.0374971
0.277525
0.88902
1
1
1
1.00036
1.01916
2.85144
matrix forced pos-def by adding 0.0403486 to diagonal
MnHesse: matrix is invalid!
MnHesse: matrix is not pos. def.!
MnHesse: matrix was forced pos. def.
FunctionMinimum is invalid.
Minuit failed because covariance is not accurate, and covariance is not positive definite.
Minuit succeeded.
area = 5.68092016863 with chi^2 121.255970191
Minuit succeeded.
area = 5.66901588274 with chi^2 124.376187789
eigenvalues: 
-0.0298017
0.39622
0.880986
1
1
1
1.00048
1.02144
2.73068
matrix forced pos-def by adding 0.0325324 to diagonal
MnHesse: matrix is invalid!
MnHesse: matrix is not pos. def.!
MnHesse: matrix was forced pos. def.
FunctionMinimum is invalid.
Minuit failed because covariance is not accurate, and covariance is not positive definite.
Minuit succeeded.
area = 5.67884420982 with chi^2 121.689729914
Minuit succeeded.
area = 5.68029319932 with chi^2 119.119132634
Minuit succeeded.
area = 5.65808471054 with chi^2 122.361681177
Minuit succeeded.
area = 5.67783717584 with chi^2 123.568263905
eigenvalues: 
-0.0882154
0.383827
0.880087
1
1
1
1.00062
1.02886
2.79483
matrix forced pos-def by adding 0.0910102 to diagonal
MnHesse: matrix is invalid!
MnHesse: matrix is not pos. def.!
MnHesse: matrix was forced pos. def.
FunctionMinimum is invalid.
Minuit failed because covariance is not accurate, and covariance is not positive definite.
eigenvalues: 
-0.457797
0.376811
0.863601
1
1
1
1.00054
1.14174
3.0751
matrix forced pos-def by adding 0.460872 to diagonal
MnHesse: matrix is invalid!
MnHesse: matrix is not pos. def.!
MnHesse: matrix was forced pos. def.
FunctionMinimum is invalid.
Minuit failed because covariance is not accurate, and covariance is not positive definite.
Minuit succeeded.
area = 5.67122298314 with chi^2 121.820237571
Minuit succeeded.
area = 5.70473202637 with chi^2 119.054086139
Minuit succeeded.
area = 5.6839863535 with chi^2 124.161150898
Minuit succeeded.
area = 5.66897648914 with chi^2 121.115502003
Minuit succeeded.
area = 5.69175797616 with chi^2 123.322397766
Minuit succeeded.
area = 5.66503001453 with chi^2 121.059349951
Minuit succeeded.
area = 5.6995236361 with chi^2 125.781110464
Minuit succeeded.
area = 5.68177478399 with chi^2 122.708831792
Minuit succeeded.
area = 5.67197670225 with chi^2 119.407328327
eigenvalues: 
-0.0360566
0.356603
0.887971
1
1
1
1.00026
1.00326
2.78797
matrix forced pos-def by adding 0.0388446 to diagonal
MnHesse: matrix is invalid!
MnHesse: matrix is not pos. def.!
MnHesse: matrix was forced pos. def.
FunctionMinimum is invalid.
Minuit failed because covariance is not accurate, and covariance is not positive definite.
Minuit succeeded.
area = 5.69050130395 with chi^2 122.318795552
Minuit succeeded.
area = 5.70108529186 with chi^2 126.307180954
Minuit succeeded.
area = 5.67641220849 with chi^2 116.685180413
Minuit succeeded.
area = 5.66104638932 with chi^2 119.844921631
Minuit succeeded.
area = 5.67155656336 with chi^2 121.025531626
Minuit succeeded.
area = 5.68564109952 with chi^2 122.306370688
eigenvalues: 
-0.0656884
0.350291
0.887412
1
1
1
1.00021
1.00438
2.8234
matrix forced pos-def by adding 0.0685118 to diagonal
MnHesse: matrix is invalid!
MnHesse: matrix is not pos. def.!
MnHesse: matrix was forced pos. def.
FunctionMinimum is invalid.
Minuit failed because covariance is not accurate, and covariance is not positive definite.
Minuit succeeded.
area = 5.67900375603 with chi^2 124.62331865
eigenvalues: 
-0.164105
0.385333
0.874274
1
1
1
1.00063
1.06123
2.84264
matrix forced pos-def by adding 0.166948 to diagonal
MnHesse: matrix is invalid!
MnHesse: matrix is not pos. def.!
MnHesse: matrix was forced pos. def.
FunctionMinimum is invalid.
Minuit failed because covariance is not accurate, and covariance is not positive definite.
Minuit succeeded.
area = 5.66923758728 with chi^2 122.142596903
Minuit succeeded.
area = 5.68377506423 with chi^2 122.56232881
Minuit succeeded.
area = 5.6554972267 with chi^2 123.79433561
Minuit succeeded.
area = 5.69507596047 with chi^2 121.255401259
Minuit succeeded.
area = 5.68285347231 with chi^2 121.504943203
Minuit succeeded.
area = 5.66986140763 with chi^2 120.480123719
Minuit succeeded.
area = 5.6779594433 with chi^2 120.376104282
Minuit succeeded.
area = 5.68182705196 with chi^2 120.257519834
Minuit succeeded.
area = 5.68287295452 with chi^2 124.063307486
Minuit succeeded.
area = 5.65490029502 with chi^2 119.865978827
Minuit succeeded.
area = 5.69692418011 with chi^2 122.681818956
eigenvalues: 
-0.0944919
0.403029
0.8769
1
1
1
1.00059
1.04073
2.77324
matrix forced pos-def by adding 0.0972651 to diagonal
MnHesse: matrix is invalid!
MnHesse: matrix is not pos. def.!
MnHesse: matrix was forced pos. def.
FunctionMinimum is invalid.
Minuit failed because covariance is not accurate, and covariance is not positive definite.
eigenvalues: 
-0.0965432
0.397415
0.875539
1
1
1
1.00064
1.05504
2.76791
matrix forced pos-def by adding 0.0993111 to diagonal
MnHesse: matrix is invalid!
MnHesse: matrix is not pos. def.!
MnHesse: matrix was forced pos. def.
FunctionMinimum is invalid.
Minuit failed because covariance is not accurate, and covariance is not positive definite.
Minuit succeeded.
area = 5.67797384781 with chi^2 120.705684683
Minuit succeeded.
area = 5.67385183686 with chi^2 122.639051871
Minuit succeeded.
area = 5.68452177681 with chi^2 123.856271581
eigenvalues: 
-0.0440981
0.394068
0.883644
1
1
1
1.0006
1.00709
2.7587
matrix forced pos-def by adding 0.0468568 to diagonal
MnHesse: matrix is invalid!
MnHesse: matrix is not pos. def.!
MnHesse: matrix was forced pos. def.
FunctionMinimum is invalid.
Minuit failed because covariance is not accurate, and covariance is not positive definite.
Minuit succeeded.
area = 5.68999418813 with chi^2 123.329530137
Minuit succeeded.
area = 5.68262936882 with chi^2 120.244042417
Minuit succeeded.
area = 5.67862102965 with chi^2 122.189158191
Minuit succeeded.
area = 5.69160906389 with chi^2 123.104192916
Minuit succeeded.
area = 5.66870201558 with chi^2 124.078260544
Minuit succeeded.
area = 5.68113479113 with chi^2 119.735310705
Minuit succeeded.
area = 5.69360817222 with chi^2 121.757683322
Minuit succeeded.
area = 5.67228381768 with chi^2 123.76698313
Minuit succeeded.
area = 5.67099683254 with chi^2 124.63969045
Minuit succeeded.
area = 5.6870487746 with chi^2 119.403936247
Minuit succeeded.
area = 5.67841848216 with chi^2 117.738497263
Minuit succeeded.
area = 5.71311447875 with chi^2 125.600817073
Minuit succeeded.
area = 5.67479908038 with chi^2 122.50007528
Minuit succeeded.
area = 5.69024430665 with chi^2 123.659483942
Minuit succeeded.
area = 5.71892816275 with chi^2 123.873104818
Minuit succeeded.
area = 5.68211572519 with chi^2 117.341344729
eigenvalues: 
-0.0418644
0.344612
0.887734
1
1
1
1.0004
1.01098
2.79814
matrix forced pos-def by adding 0.0446625 to diagonal
MnHesse: matrix is invalid!
MnHesse: matrix is not pos. def.!
MnHesse: matrix was forced pos. def.
FunctionMinimum is invalid.
Minuit failed because covariance is not accurate, and covariance is not positive definite.
Minuit succeeded.
area = 5.67261625491 with chi^2 119.469653093
Minuit succeeded.
area = 5.68549674577 with chi^2 120.474198581
Minuit succeeded.
area = 5.71719071728 with chi^2 125.15032808
areas mean, stdev = 5.6804951403 0.0151009711424 chi^2 mean, stdev = 121.914603473 2.23535352939
