0.903207134557
Now with jitter = 0.0
Minuit succeeded.
area = 5.87681088933 with chi^2 124.242315758
areas mean, stdev = 5.87681088933 0.0 chi^2 mean, stdev = 124.242315758 0.0
Now with jitter = 0.05
Minuit succeeded.
area = 5.87913309154 with chi^2 125.93473209
Minuit succeeded.
area = 5.87075897953 with chi^2 123.505958997
Minuit succeeded.
area = 5.87837146842 with chi^2 127.08872718
Minuit succeeded.
area = 5.88766595222 with chi^2 126.766758002
eigenvalues: 
-0.0384685
0.47665
0.869682
1
1
1
1.00083
1.07983
2.61147
matrix forced pos-def by adding 0.04108 to diagonal
MnHesse: matrix is invalid!
MnHesse: matrix is not pos. def.!
MnHesse: matrix was forced pos. def.
FunctionMinimum is invalid.
Minuit failed because covariance is not accurate, and covariance is not positive definite.
Minuit succeeded.
area = 5.88344471947 with chi^2 125.864696453
eigenvalues: 
-0.0867675
0.418868
0.865015
1
1
1
1.00078
1.16329
2.63881
matrix forced pos-def by adding 0.0894063 to diagonal
MnHesse: matrix is invalid!
MnHesse: matrix is not pos. def.!
MnHesse: matrix was forced pos. def.
FunctionMinimum is invalid.
Minuit failed because covariance is not accurate, and covariance is not positive definite.
Minuit succeeded.
area = 5.8650593956 with chi^2 124.821431263
Minuit succeeded.
area = 5.8729666192 with chi^2 124.261468204
VariableMetricBuilder: no improvement
Minuit succeeded.
area = 5.87789667517 with chi^2 125.646783805
Minuit succeeded.
area = 5.88916657138 with chi^2 125.787624443
VariableMetricBuilder: no improvement
Minuit succeeded.
area = 5.87399778984 with chi^2 124.99453757
VariableMetricBuilder: no improvement
Minuit succeeded.
area = 5.88021576106 with chi^2 126.280157972
Minuit succeeded.
area = 5.8901169185 with chi^2 128.36723067
Minuit succeeded.
area = 5.87492950179 with chi^2 124.662397336
Minuit succeeded.
area = 5.867110018 with chi^2 124.745273589
eigenvalues: 
-0.0463926
0.366243
0.886121
1
1
1
1.00019
1.00601
2.78782
matrix forced pos-def by adding 0.0491805 to diagonal
MnHesse: matrix is invalid!
MnHesse: matrix is not pos. def.!
MnHesse: matrix was forced pos. def.
FunctionMinimum is invalid.
Minuit failed because covariance is not accurate, and covariance is not positive definite.
Minuit succeeded.
area = 5.88277771635 with chi^2 123.924738411
eigenvalues: 
-0.0064802
0.319659
0.885973
1
1
1
1.00081
1.0509
2.74914
matrix forced pos-def by adding 0.00922934 to diagonal
MnHesse: matrix is invalid!
MnHesse: matrix is not pos. def.!
MnHesse: matrix was forced pos. def.
FunctionMinimum is invalid.
Minuit failed because covariance is not accurate, and covariance is not positive definite.
Minuit succeeded.
area = 5.89488216198 with chi^2 125.168660062
Minuit succeeded.
area = 5.87521329786 with chi^2 125.331731607
Minuit succeeded.
area = 5.8685305744 with chi^2 121.709245845
Minuit succeeded.
area = 5.88278312876 with chi^2 125.672756917
Minuit succeeded.
area = 5.88437502629 with chi^2 124.646296391
Minuit succeeded.
area = 5.87952742981 with chi^2 125.301494299
Minuit succeeded.
area = 5.8779516907 with chi^2 124.491377134
eigenvalues: 
-0.0719256
0.316042
0.893154
1
1
1
1.00067
1.00659
2.85547
matrix forced pos-def by adding 0.0747811 to diagonal
MnHesse: matrix is invalid!
MnHesse: matrix is not pos. def.!
MnHesse: matrix was forced pos. def.
FunctionMinimum is invalid.
Minuit failed because covariance is not accurate, and covariance is not positive definite.
Minuit succeeded.
area = 5.87247004604 with chi^2 125.796318857
VariableMetricBuilder: no improvement
Minuit succeeded.
area = 5.87023667576 with chi^2 124.340962293
VariableMetricBuilder: no improvement
Minuit succeeded.
area = 5.8948807187 with chi^2 124.346640723
Minuit succeeded.
area = 5.88972281582 with chi^2 124.933607679
Minuit succeeded.
area = 5.88454122709 with chi^2 125.75488576
Minuit succeeded.
area = 5.86937050738 with chi^2 124.787631642
Minuit succeeded.
area = 5.8944682922 with chi^2 127.093665559
Minuit succeeded.
area = 5.8786107193 with chi^2 124.495566954
eigenvalues: 
-0.339553
0.345557
0.87896
1
1
1
1.00026
1.02025
3.09452
matrix forced pos-def by adding 0.342647 to diagonal
MnHesse: matrix is invalid!
MnHesse: matrix is not pos. def.!
MnHesse: matrix was forced pos. def.
FunctionMinimum is invalid.
Minuit failed because covariance is not accurate, and covariance is not positive definite.
Minuit succeeded.
area = 5.86165162626 with chi^2 125.304412486
Minuit succeeded.
area = 5.87791341915 with chi^2 123.884116339
Minuit succeeded.
area = 5.87975789735 with chi^2 125.569916337
Minuit succeeded.
area = 5.86584521785 with chi^2 123.822778104
Minuit succeeded.
area = 5.87451593442 with chi^2 126.852666813
Minuit succeeded.
area = 5.89337961758 with chi^2 127.023495701
Minuit succeeded.
area = 5.89359791776 with chi^2 123.302611864
eigenvalues: 
-0.623751
0.340257
0.859368
1
1
1
1.00065
1.20651
3.21697
matrix forced pos-def by adding 0.626968 to diagonal
MnHesse: matrix is invalid!
MnHesse: matrix is not pos. def.!
MnHesse: matrix was forced pos. def.
FunctionMinimum is invalid.
Minuit failed because covariance is not accurate, and covariance is not positive definite.
Minuit succeeded.
area = 5.87589038882 with chi^2 124.987916443
Minuit succeeded.
area = 5.8936225342 with chi^2 126.870792553
Minuit succeeded.
area = 5.88554316797 with chi^2 125.314713672
Minuit succeeded.
area = 5.8865660129 with chi^2 124.237625591
eigenvalues: 
-0.220749
0.412457
0.866337
1
1
1
1.00078
1.1262
2.81498
matrix forced pos-def by adding 0.223564 to diagonal
MnHesse: matrix is invalid!
MnHesse: matrix is not pos. def.!
MnHesse: matrix was forced pos. def.
FunctionMinimum is invalid.
Minuit failed because covariance is not accurate, and covariance is not positive definite.
eigenvalues: 
-0.0541738
0.383959
0.87502
1
1
1
1.00047
1.0479
2.74682
matrix forced pos-def by adding 0.0569206 to diagonal
MnHesse: matrix is invalid!
MnHesse: matrix is not pos. def.!
MnHesse: matrix was forced pos. def.
FunctionMinimum is invalid.
Minuit failed because covariance is not accurate, and covariance is not positive definite.
Minuit succeeded.
area = 5.88138669688 with chi^2 126.432307274
eigenvalues: 
-0.0533626
0.364012
0.873791
1
1
1
1.00089
1.08724
2.72744
matrix forced pos-def by adding 0.05609 to diagonal
MnHesse: matrix is invalid!
MnHesse: matrix is not pos. def.!
MnHesse: matrix was forced pos. def.
FunctionMinimum is invalid.
Minuit failed because covariance is not accurate, and covariance is not positive definite.
Minuit succeeded.
area = 5.885265983 with chi^2 124.019272791
Minuit succeeded.
area = 5.88428970444 with chi^2 126.570549918
Minuit succeeded.
area = 5.89016697856 with chi^2 126.054483631
VariableMetricBuilder: no improvement
Minuit succeeded.
area = 5.89401648684 with chi^2 123.699582717
Minuit succeeded.
area = 5.87373007574 with chi^2 121.370830787
Minuit succeeded.
area = 5.87307833947 with chi^2 125.254329826
Minuit succeeded.
area = 5.86368561363 with chi^2 122.154199698
Minuit succeeded.
area = 5.90427797885 with chi^2 127.053541089
eigenvalues: 
-0.50898
0.287601
0.884874
1
1
1
1.00049
1.10317
3.23284
matrix forced pos-def by adding 0.512212 to diagonal
MnHesse: matrix is invalid!
MnHesse: matrix is not pos. def.!
MnHesse: matrix was forced pos. def.
FunctionMinimum is invalid.
Minuit failed because covariance is not accurate, and covariance is not positive definite.
Minuit succeeded.
area = 5.86056775364 with chi^2 124.277958712
Minuit succeeded.
area = 5.87433368661 with chi^2 121.9028719
Minuit succeeded.
area = 5.86895974227 with chi^2 125.389864206
eigenvalues: 
-0.207059
0.284074
0.869692
1
1
1
1.00085
1.16625
2.88619
matrix forced pos-def by adding 0.209945 to diagonal
MnHesse: matrix is invalid!
MnHesse: matrix is not pos. def.!
MnHesse: matrix was forced pos. def.
FunctionMinimum is invalid.
Minuit failed because covariance is not accurate, and covariance is not positive definite.
eigenvalues: 
-0.0306346
0.262634
0.892157
1
1
1
1.00086
1.02725
2.84773
matrix forced pos-def by adding 0.0334823 to diagonal
MnHesse: matrix is invalid!
MnHesse: matrix is not pos. def.!
MnHesse: matrix was forced pos. def.
FunctionMinimum is invalid.
Minuit failed because covariance is not accurate, and covariance is not positive definite.
eigenvalues: 
-0.0635074
0.445281
0.881713
1
1
1
1.00037
1.00955
2.7266
matrix forced pos-def by adding 0.066234 to diagonal
MnHesse: matrix is invalid!
MnHesse: matrix is not pos. def.!
MnHesse: matrix was forced pos. def.
FunctionMinimum is invalid.
Minuit failed because covariance is not accurate, and covariance is not positive definite.
Minuit succeeded.
area = 5.88212741093 with chi^2 126.207408588
Minuit succeeded.
area = 5.87467621999 with chi^2 124.112083052
Minuit succeeded.
area = 5.87476941813 with chi^2 126.962072439
eigenvalues: 
-0.0351985
0.387674
0.885347
1
1
1
1.00014
1.00539
2.75664
matrix forced pos-def by adding 0.0379551 to diagonal
MnHesse: matrix is invalid!
MnHesse: matrix is not pos. def.!
MnHesse: matrix was forced pos. def.
FunctionMinimum is invalid.
Minuit failed because covariance is not accurate, and covariance is not positive definite.
Minuit succeeded.
area = 5.90481571573 with chi^2 126.061299854
Minuit succeeded.
area = 5.86936222607 with chi^2 124.197615877
Minuit succeeded.
area = 5.8645492494 with chi^2 126.526644919
Minuit succeeded.
area = 5.86747569061 with chi^2 126.795896845
Minuit succeeded.
area = 5.87973011242 with chi^2 125.234497593
Minuit succeeded.
area = 5.87915466592 with chi^2 121.627551309
Minuit succeeded.
area = 5.87933898887 with chi^2 125.357098668
eigenvalues: 
-0.00303318
0.412449
0.875908
1
1
1
1.00075
1.04865
2.66528
matrix forced pos-def by adding 0.00569846 to diagonal
MnHesse: matrix is invalid!
MnHesse: matrix is not pos. def.!
MnHesse: matrix was forced pos. def.
FunctionMinimum is invalid.
Minuit failed because covariance is not accurate, and covariance is not positive definite.
eigenvalues: 
-0.116702
0.417109
0.867259
1
1
1
1.00058
1.0953
2.73645
matrix forced pos-def by adding 0.119438 to diagonal
MnHesse: matrix is invalid!
MnHesse: matrix is not pos. def.!
MnHesse: matrix was forced pos. def.
FunctionMinimum is invalid.
Minuit failed because covariance is not accurate, and covariance is not positive definite.
eigenvalues: 
-0.309757
0.611968
0.859414
1
1
1
1.00065
1.21521
2.62252
matrix forced pos-def by adding 0.31238 to diagonal
MnHesse: matrix is invalid!
MnHesse: matrix is not pos. def.!
MnHesse: matrix was forced pos. def.
FunctionMinimum is invalid.
Minuit failed because covariance is not accurate, and covariance is not positive definite.
Minuit succeeded.
area = 5.87828975403 with chi^2 125.114892289
Minuit succeeded.
area = 5.87342725008 with chi^2 123.364380629
Minuit succeeded.
area = 5.87888728712 with chi^2 124.213216593
Minuit succeeded.
area = 5.88916341289 with chi^2 126.283495764
Minuit succeeded.
area = 5.87505321005 with chi^2 126.906714054
eigenvalues: 
-0.17706
0.475962
0.86497
1
1
1
1.00064
1.10325
2.73224
matrix forced pos-def by adding 0.179792 to diagonal
MnHesse: matrix is invalid!
MnHesse: matrix is not pos. def.!
MnHesse: matrix was forced pos. def.
FunctionMinimum is invalid.
Minuit failed because covariance is not accurate, and covariance is not positive definite.
Minuit succeeded.
area = 5.86323357952 with chi^2 123.548740028
Minuit succeeded.
area = 5.88756220878 with chi^2 122.569263458
eigenvalues: 
-0.0432759
0.407091
0.878193
1
1
1
1.00046
1.0283
2.72923
matrix forced pos-def by adding 0.0460051 to diagonal
MnHesse: matrix is invalid!
MnHesse: matrix is not pos. def.!
MnHesse: matrix was forced pos. def.
FunctionMinimum is invalid.
Minuit failed because covariance is not accurate, and covariance is not positive definite.
eigenvalues: 
-0.0925827
0.448169
0.873512
1
1
1
1.00083
1.05087
2.7192
matrix forced pos-def by adding 0.0953019 to diagonal
MnHesse: matrix is invalid!
MnHesse: matrix is not pos. def.!
MnHesse: matrix was forced pos. def.
FunctionMinimum is invalid.
Minuit failed because covariance is not accurate, and covariance is not positive definite.
eigenvalues: 
-0.0570549
0.325761
0.887113
1
1
1
1.0002
1.01177
2.83221
matrix forced pos-def by adding 0.0598871 to diagonal
MnHesse: matrix is invalid!
MnHesse: matrix is not pos. def.!
MnHesse: matrix was forced pos. def.
FunctionMinimum is invalid.
Minuit failed because covariance is not accurate, and covariance is not positive definite.
eigenvalues: 
-0.186039
0.39913
0.865478
1
1
1
1.00086
1.13327
2.7873
matrix forced pos-def by adding 0.188826 to diagonal
MnHesse: matrix is invalid!
MnHesse: matrix is not pos. def.!
MnHesse: matrix was forced pos. def.
FunctionMinimum is invalid.
Minuit failed because covariance is not accurate, and covariance is not positive definite.
Minuit succeeded.
area = 5.88096784683 with chi^2 126.64776664
Minuit succeeded.
area = 5.86614472796 with chi^2 124.961288626
Minuit succeeded.
area = 5.87790572632 with chi^2 123.404042596
Minuit succeeded.
area = 5.86725978581 with chi^2 125.104137485
Minuit succeeded.
area = 5.88801624606 with chi^2 123.772826666
Minuit succeeded.
area = 5.85167097442 with chi^2 125.09727741
Minuit succeeded.
area = 5.86715075164 with chi^2 126.465719183
areas mean, stdev = 5.87862273667 0.0102172921363 chi^2 mean, stdev = 125.04428736 1.4325534908
Now with jitter = 0.07
Minuit succeeded.
area = 5.89345580939 with chi^2 126.417279072
eigenvalues: 
-0.0485036
0.397378
0.874165
1
1
1
1.00077
1.06301
2.71318
matrix forced pos-def by adding 0.0512168 to diagonal
MnHesse: matrix is invalid!
MnHesse: matrix is not pos. def.!
MnHesse: matrix was forced pos. def.
FunctionMinimum is invalid.
Minuit failed because covariance is not accurate, and covariance is not positive definite.
eigenvalues: 
-0.148841
0.294753
0.878959
1
1
1
1.00051
1.08613
2.88849
matrix forced pos-def by adding 0.15173 to diagonal
MnHesse: matrix is invalid!
MnHesse: matrix is not pos. def.!
MnHesse: matrix was forced pos. def.
FunctionMinimum is invalid.
Minuit failed because covariance is not accurate, and covariance is not positive definite.
Minuit succeeded.
area = 5.89449225391 with chi^2 124.205518963
Minuit succeeded.
area = 5.86778929242 with chi^2 123.393499335
Minuit succeeded.
area = 5.88778506026 with chi^2 128.030156431
eigenvalues: 
-0.099638
0.426569
0.869379
1
1
1
1.00082
1.08991
2.71296
matrix forced pos-def by adding 0.102351 to diagonal
MnHesse: matrix is invalid!
MnHesse: matrix is not pos. def.!
MnHesse: matrix was forced pos. def.
FunctionMinimum is invalid.
Minuit failed because covariance is not accurate, and covariance is not positive definite.
Minuit succeeded.
area = 5.90209731337 with chi^2 126.663980266
Minuit succeeded.
area = 5.88704022691 with chi^2 124.170303831
VariableMetricBuilder: no improvement
Minuit succeeded.
area = 5.88586405775 with chi^2 125.6542935
Minuit succeeded.
area = 5.89471924369 with chi^2 127.22971174
Minuit succeeded.
area = 5.87624188869 with chi^2 120.654463275
Minuit succeeded.
area = 5.88273457093 with chi^2 126.232377475
Minuit succeeded.
area = 5.88391787592 with chi^2 126.702447702
eigenvalues: 
-0.276941
0.357983
0.873503
1
1
1
1.00076
1.07209
2.97261
matrix forced pos-def by adding 0.279913 to diagonal
MnHesse: matrix is invalid!
MnHesse: matrix is not pos. def.!
MnHesse: matrix was forced pos. def.
FunctionMinimum is invalid.
Minuit failed because covariance is not accurate, and covariance is not positive definite.
Minuit succeeded.
area = 5.88778704741 with chi^2 126.202301118
Minuit succeeded.
area = 5.89537896625 with chi^2 123.758520443
Minuit succeeded.
area = 5.85984618095 with chi^2 121.915927277
Minuit succeeded.
area = 5.87739408796 with chi^2 126.868802704
Minuit succeeded.
area = 5.86765278057 with chi^2 123.690095876
eigenvalues: 
-0.00944809
0.357812
0.88695
1
1
1
1.00048
1.01368
2.75052
matrix forced pos-def by adding 0.0121986 to diagonal
MnHesse: matrix is invalid!
MnHesse: matrix is not pos. def.!
MnHesse: matrix was forced pos. def.
FunctionMinimum is invalid.
Minuit failed because covariance is not accurate, and covariance is not positive definite.
Minuit succeeded.
area = 5.85190338869 with chi^2 125.684783616
eigenvalues: 
-0.0515402
0.425501
0.871204
1
1
1
1.00078
1.07891
2.67514
matrix forced pos-def by adding 0.0542153 to diagonal
MnHesse: matrix is invalid!
MnHesse: matrix is not pos. def.!
MnHesse: matrix was forced pos. def.
FunctionMinimum is invalid.
Minuit failed because covariance is not accurate, and covariance is not positive definite.
VariableMetricBuilder: no improvement
Minuit succeeded.
area = 5.90461511211 with chi^2 128.231914076
Minuit succeeded.
area = 5.88914592659 with chi^2 128.871127188
Minuit succeeded.
area = 5.84562302719 with chi^2 120.754513532
Minuit succeeded.
area = 5.91437229676 with chi^2 125.659865857
Minuit succeeded.
area = 5.89203549232 with chi^2 123.481298586
Minuit succeeded.
area = 5.88700239071 with chi^2 124.947641473
eigenvalues: 
-0.122914
0.383627
0.884364
1
1
1
1.00018
1.00579
2.84895
matrix forced pos-def by adding 0.125763 to diagonal
MnHesse: matrix is invalid!
MnHesse: matrix is not pos. def.!
MnHesse: matrix was forced pos. def.
FunctionMinimum is invalid.
Minuit failed because covariance is not accurate, and covariance is not positive definite.
Minuit succeeded.
area = 5.90431664329 with chi^2 124.663381247
Minuit succeeded.
area = 5.88599268782 with chi^2 132.325490074
Minuit succeeded.
area = 5.88166784921 with chi^2 122.92695008
Minuit succeeded.
area = 5.90798355408 with chi^2 127.89437642
Minuit succeeded.
area = 5.8780986296 with chi^2 124.625342503
Minuit succeeded.
area = 5.89890009089 with chi^2 125.164215709
Minuit succeeded.
area = 5.8690902325 with chi^2 122.536144583
Minuit succeeded.
area = 5.88965442525 with chi^2 124.230098241
eigenvalues: 
-0.283085
0.259506
0.893526
1
1
1
1.00074
1.02215
3.10717
matrix forced pos-def by adding 0.286192 to diagonal
MnHesse: matrix is invalid!
MnHesse: matrix is not pos. def.!
MnHesse: matrix was forced pos. def.
FunctionMinimum is invalid.
Minuit failed because covariance is not accurate, and covariance is not positive definite.
Minuit succeeded.
area = 5.8844237128 with chi^2 122.301862361
Minuit succeeded.
area = 5.87688554734 with chi^2 125.117440369
Minuit succeeded.
area = 5.87846896266 with chi^2 127.407548915
eigenvalues: 
-0.326294
0.280173
0.878393
1
1
1
1.00038
1.10471
3.06264
matrix forced pos-def by adding 0.329357 to diagonal
MnHesse: matrix is invalid!
MnHesse: matrix is not pos. def.!
MnHesse: matrix was forced pos. def.
FunctionMinimum is invalid.
Minuit failed because covariance is not accurate, and covariance is not positive definite.
eigenvalues: 
-0.263249
0.40826
0.860248
1
1
1
1.00063
1.20671
2.7874
matrix forced pos-def by adding 0.266037 to diagonal
MnHesse: matrix is invalid!
MnHesse: matrix is not pos. def.!
MnHesse: matrix was forced pos. def.
FunctionMinimum is invalid.
Minuit failed because covariance is not accurate, and covariance is not positive definite.
Minuit succeeded.
area = 5.85635606936 with chi^2 126.288455636
Minuit succeeded.
area = 5.8818513186 with chi^2 125.280081281
Minuit succeeded.
area = 5.88176853006 with chi^2 124.211508077
Minuit succeeded.
area = 5.87551839459 with chi^2 124.768140497
Minuit succeeded.
area = 5.8709065811 with chi^2 123.030626576
eigenvalues: 
-0.163826
0.274915
0.897498
1
1
1
1.00075
1.01431
2.97636
matrix forced pos-def by adding 0.166803 to diagonal
MnHesse: matrix is invalid!
MnHesse: matrix is not pos. def.!
MnHesse: matrix was forced pos. def.
FunctionMinimum is invalid.
Minuit failed because covariance is not accurate, and covariance is not positive definite.
Minuit succeeded.
area = 5.90399294544 with chi^2 129.565915443
Minuit succeeded.
area = 5.88256117696 with chi^2 129.811641715
Minuit succeeded.
area = 5.8651630102 with chi^2 124.12535907
Minuit succeeded.
area = 5.87588674619 with chi^2 125.060095429
eigenvalues: 
-0.66887
0.379325
0.859737
1
1
1
1.00067
1.25597
3.17317
matrix forced pos-def by adding 0.672043 to diagonal
MnHesse: matrix is invalid!
MnHesse: matrix is not pos. def.!
MnHesse: matrix was forced pos. def.
FunctionMinimum is invalid.
Minuit failed because covariance is not accurate, and covariance is not positive definite.
Minuit succeeded.
area = 5.88031169649 with chi^2 124.786995759
Minuit succeeded.
area = 5.87099925375 with chi^2 126.638347476
Minuit succeeded.
area = 5.88636436137 with chi^2 126.89519675
Minuit succeeded.
area = 5.88129056969 with chi^2 122.80995987
Minuit succeeded.
area = 5.86263041422 with chi^2 124.615548323
Minuit succeeded.
area = 5.87944709145 with chi^2 124.612076107
eigenvalues: 
-0.00544201
0.350402
0.878298
1
1
1
1.0003
1.04297
2.73347
matrix forced pos-def by adding 0.00817549 to diagonal
MnHesse: matrix is invalid!
MnHesse: matrix is not pos. def.!
MnHesse: matrix was forced pos. def.
FunctionMinimum is invalid.
Minuit failed because covariance is not accurate, and covariance is not positive definite.
Minuit succeeded.
area = 5.85135509491 with chi^2 124.10846489
Minuit succeeded.
area = 5.87330619824 with chi^2 127.791148658
Minuit succeeded.
area = 5.87575217424 with chi^2 128.642257576
Minuit succeeded.
area = 5.8832015259 with chi^2 126.012142303
eigenvalues: 
-0.361228
0.341401
0.873825
1
1
1
1.00068
1.0832
3.06212
matrix forced pos-def by adding 0.36429 to diagonal
MnHesse: matrix is invalid!
MnHesse: matrix is not pos. def.!
MnHesse: matrix was forced pos. def.
FunctionMinimum is invalid.
Minuit failed because covariance is not accurate, and covariance is not positive definite.
eigenvalues: 
-0.229731
0.396001
0.868579
1
1
1
1.00061
1.09153
2.87301
matrix forced pos-def by adding 0.232604 to diagonal
MnHesse: matrix is invalid!
MnHesse: matrix is not pos. def.!
MnHesse: matrix was forced pos. def.
FunctionMinimum is invalid.
Minuit failed because covariance is not accurate, and covariance is not positive definite.
Minuit succeeded.
area = 5.8788287741 with chi^2 122.309478904
Minuit succeeded.
area = 5.86418327921 with chi^2 122.957589337
Minuit succeeded.
area = 5.9032880259 with chi^2 125.73443256
VariableMetricBuilder: matrix not pos.def.
gdel > 0: 3.72344e-05
negative or zero diagonal element 1 in covariance matrix
added 1.00028 to diagonal of error matrix
gdel: 3.72344e-05
Minuit succeeded.
area = 5.89278072625 with chi^2 126.133370431
eigenvalues: 
-0.211759
0.352149
0.879766
1
1
1
1.00034
1.01982
2.95968
matrix forced pos-def by adding 0.214719 to diagonal
MnHesse: matrix is invalid!
MnHesse: matrix is not pos. def.!
MnHesse: matrix was forced pos. def.
FunctionMinimum is invalid.
Minuit failed because covariance is not accurate, and covariance is not positive definite.
Minuit succeeded.
area = 5.88018801024 with chi^2 127.084079643
Minuit succeeded.
area = 5.88119311615 with chi^2 123.612581534
Minuit succeeded.
area = 5.85489470366 with chi^2 126.934990903
eigenvalues: 
-0.111933
0.382198
0.87296
1
1
1
1.00076
1.07266
2.78335
matrix forced pos-def by adding 0.114717 to diagonal
MnHesse: matrix is invalid!
MnHesse: matrix is not pos. def.!
MnHesse: matrix was forced pos. def.
FunctionMinimum is invalid.
Minuit failed because covariance is not accurate, and covariance is not positive definite.
Minuit succeeded.
area = 5.88049970113 with chi^2 126.499842121
Minuit succeeded.
area = 5.88388828829 with chi^2 123.749146629
eigenvalues: 
-0.0180019
0.343336
0.881778
1
1
1
1.00029
1.03378
2.75882
matrix forced pos-def by adding 0.0207607 to diagonal
MnHesse: matrix is invalid!
MnHesse: matrix is not pos. def.!
MnHesse: matrix was forced pos. def.
FunctionMinimum is invalid.
Minuit failed because covariance is not accurate, and covariance is not positive definite.
Minuit succeeded.
area = 5.88665178048 with chi^2 124.122748451
Minuit succeeded.
area = 5.85827298628 with chi^2 123.675109803
Minuit succeeded.
area = 5.87981123837 with chi^2 125.385477135
eigenvalues: 
-0.217556
0.388702
0.868826
1
1
1
1.0008
1.10739
2.85184
matrix forced pos-def by adding 0.220408 to diagonal
MnHesse: matrix is invalid!
MnHesse: matrix is not pos. def.!
MnHesse: matrix was forced pos. def.
FunctionMinimum is invalid.
Minuit failed because covariance is not accurate, and covariance is not positive definite.
eigenvalues: 
-0.208683
0.437552
0.862141
1
1
1
1.00054
1.14496
2.76349
matrix forced pos-def by adding 0.211446 to diagonal
MnHesse: matrix is invalid!
MnHesse: matrix is not pos. def.!
MnHesse: matrix was forced pos. def.
FunctionMinimum is invalid.
Minuit failed because covariance is not accurate, and covariance is not positive definite.
Minuit succeeded.
area = 5.88029501968 with chi^2 127.250818751
Minuit succeeded.
area = 5.88787449587 with chi^2 124.856392278
Minuit succeeded.
area = 5.84782762549 with chi^2 123.311509224
VariableMetricBuilder: no improvement
Minuit succeeded.
area = 5.86130452383 with chi^2 122.244426949
Minuit succeeded.
area = 5.86801045871 with chi^2 122.791586483
Minuit succeeded.
area = 5.84373617527 with chi^2 123.673395055
Minuit succeeded.
area = 5.87086981046 with chi^2 127.173600077
Minuit succeeded.
area = 5.86944153908 with chi^2 125.936906126
Minuit succeeded.
area = 5.88519054015 with chi^2 124.997783743
Minuit succeeded.
area = 5.85521810542 with chi^2 124.251355307
VariableMetricBuilder: matrix not pos.def.
gdel > 0: 4.03264e-06
negative or zero diagonal element 1 in covariance matrix
added 1.00044 to diagonal of error matrix
gdel: 4.03264e-06
Minuit succeeded.
area = 5.87861803675 with chi^2 127.618581682
Minuit succeeded.
area = 5.85975428708 with chi^2 123.275689071
Minuit succeeded.
area = 5.8732665742 with chi^2 124.791099231
Minuit succeeded.
area = 5.87601612807 with chi^2 122.89191391
Minuit succeeded.
area = 5.88968965555 with chi^2 128.362448006
areas mean, stdev = 5.87893291731 0.0147849168344 chi^2 mean, stdev = 125.241174858 2.12630960993
