0.203815065802
Now with jitter = 0.0
Minuit succeeded.
area = 5.75170436356 with chi^2 116.020895198
areas mean, stdev = 5.75170436356 0.0 chi^2 mean, stdev = 116.020895198 0.0
Now with jitter = 0.05
Minuit succeeded.
area = 5.74296746188 with chi^2 117.492261921
eigenvalues: 
-0.00564475
0.322864
0.890186
1
1
1
1.00018
1.00841
2.784
matrix forced pos-def by adding 0.00842876 to diagonal
MnHesse: matrix is invalid!
MnHesse: matrix is not pos. def.!
MnHesse: matrix was forced pos. def.
FunctionMinimum is invalid.
Minuit failed because covariance is not accurate, and covariance is not positive definite.
Minuit succeeded.
area = 5.75576012853 with chi^2 115.988387054
Minuit succeeded.
area = 5.75265939208 with chi^2 117.730988384
Minuit succeeded.
area = 5.75424188997 with chi^2 117.006741267
Minuit succeeded.
area = 5.72919641072 with chi^2 117.05157565
Minuit succeeded.
area = 5.76494622306 with chi^2 116.018251057
Minuit succeeded.
area = 5.75488278777 with chi^2 118.44265433
Minuit succeeded.
area = 5.75917417812 with chi^2 116.763523497
eigenvalues: 
-0.0367974
0.379749
0.88523
1
1
1
1.00056
1.01624
2.75502
matrix forced pos-def by adding 0.0395524 to diagonal
MnHesse: matrix is invalid!
MnHesse: matrix is not pos. def.!
MnHesse: matrix was forced pos. def.
FunctionMinimum is invalid.
Minuit failed because covariance is not accurate, and covariance is not positive definite.
Minuit succeeded.
area = 5.75311355574 with chi^2 118.535539909
Minuit succeeded.
area = 5.7721664214 with chi^2 115.023678502
Minuit succeeded.
area = 5.75078476345 with chi^2 117.039984591
Minuit succeeded.
area = 5.74837344331 with chi^2 116.353768238
Minuit succeeded.
area = 5.76100848242 with chi^2 119.27449383
Minuit succeeded.
area = 5.76398653922 with chi^2 117.871726559
Minuit succeeded.
area = 5.7649567109 with chi^2 118.341665795
Minuit succeeded.
area = 5.75616208358 with chi^2 116.667653627
Minuit succeeded.
area = 5.75457835639 with chi^2 116.330414166
Minuit succeeded.
area = 5.75369441019 with chi^2 116.613326997
Minuit succeeded.
area = 5.74346001035 with chi^2 117.769019507
Minuit succeeded.
area = 5.75586386787 with chi^2 114.909708171
Minuit succeeded.
area = 5.75388150931 with chi^2 115.593313665
Minuit succeeded.
area = 5.74173777885 with chi^2 117.185281565
Minuit succeeded.
area = 5.73778711024 with chi^2 111.407750632
Minuit succeeded.
area = 5.75094327886 with chi^2 116.061119119
Minuit succeeded.
area = 5.74375009696 with chi^2 117.451249473
Minuit succeeded.
area = 5.7507742066 with chi^2 115.944723513
Minuit succeeded.
area = 5.75654810093 with chi^2 118.397175701
Minuit succeeded.
area = 5.75333875835 with chi^2 117.46870203
Minuit succeeded.
area = 5.75001044552 with chi^2 117.128176771
Minuit succeeded.
area = 5.74211689688 with chi^2 114.717222683
Minuit succeeded.
area = 5.76197977351 with chi^2 116.665436136
Minuit succeeded.
area = 5.74584719283 with chi^2 117.668388752
Minuit succeeded.
area = 5.74109339639 with chi^2 118.146982247
Minuit succeeded.
area = 5.74943426557 with chi^2 116.49316049
Minuit succeeded.
area = 5.76373285405 with chi^2 118.00802153
Minuit succeeded.
area = 5.74728809247 with chi^2 118.261379073
Minuit succeeded.
area = 5.74090468332 with chi^2 115.778905361
Minuit succeeded.
area = 5.7499560693 with chi^2 115.078474195
Minuit succeeded.
area = 5.76630829482 with chi^2 117.995438961
Minuit succeeded.
area = 5.7295254772 with chi^2 116.349724401
Minuit succeeded.
area = 5.76656998879 with chi^2 116.42037668
Minuit succeeded.
area = 5.75532992467 with chi^2 119.320883909
Minuit succeeded.
area = 5.75924835973 with chi^2 116.864525639
eigenvalues: 
-0.0327545
0.411298
0.880629
1
1
1
1.0008
1.03263
2.7074
matrix forced pos-def by adding 0.0354619 to diagonal
MnHesse: matrix is invalid!
MnHesse: matrix is not pos. def.!
MnHesse: matrix was forced pos. def.
FunctionMinimum is invalid.
Minuit failed because covariance is not accurate, and covariance is not positive definite.
Minuit succeeded.
area = 5.75510398481 with chi^2 117.182606532
Minuit succeeded.
area = 5.76357511647 with chi^2 119.600113342
eigenvalues: 
-0.0672754
0.353232
0.885852
1
1
1
1.0003
1.01552
2.81237
matrix forced pos-def by adding 0.0700878 to diagonal
MnHesse: matrix is invalid!
MnHesse: matrix is not pos. def.!
MnHesse: matrix was forced pos. def.
FunctionMinimum is invalid.
Minuit failed because covariance is not accurate, and covariance is not positive definite.
eigenvalues: 
-0.107147
0.310344
0.887632
1
1
1
1.00017
1.01464
2.89436
matrix forced pos-def by adding 0.110041 to diagonal
MnHesse: matrix is invalid!
MnHesse: matrix is not pos. def.!
MnHesse: matrix was forced pos. def.
FunctionMinimum is invalid.
Minuit failed because covariance is not accurate, and covariance is not positive definite.
Minuit succeeded.
area = 5.74036817016 with chi^2 117.449456868
eigenvalues: 
-0.080962
0.442309
0.875006
1
1
1
1.00071
1.04333
2.71961
matrix forced pos-def by adding 0.0836816 to diagonal
MnHesse: matrix is invalid!
MnHesse: matrix is not pos. def.!
MnHesse: matrix was forced pos. def.
FunctionMinimum is invalid.
Minuit failed because covariance is not accurate, and covariance is not positive definite.
Minuit succeeded.
area = 5.74915712927 with chi^2 118.145895661
Minuit succeeded.
area = 5.74213554156 with chi^2 118.314687711
Minuit succeeded.
area = 5.74820489918 with chi^2 118.919934276
eigenvalues: 
-0.322742
0.347349
0.873837
1
1
1
1.00035
1.06208
3.03912
matrix forced pos-def by adding 0.325781 to diagonal
MnHesse: matrix is invalid!
MnHesse: matrix is not pos. def.!
MnHesse: matrix was forced pos. def.
FunctionMinimum is invalid.
Minuit failed because covariance is not accurate, and covariance is not positive definite.
Minuit succeeded.
area = 5.74399623546 with chi^2 113.475428655
Minuit succeeded.
area = 5.76291505546 with chi^2 116.912523241
Minuit succeeded.
area = 5.75593118404 with chi^2 114.471643094
eigenvalues: 
-0.047931
0.302592
0.886578
1
1
1
1.00012
1.02526
2.83338
matrix forced pos-def by adding 0.0507644 to diagonal
MnHesse: matrix is invalid!
MnHesse: matrix is not pos. def.!
MnHesse: matrix was forced pos. def.
FunctionMinimum is invalid.
Minuit failed because covariance is not accurate, and covariance is not positive definite.
Minuit succeeded.
area = 5.75832504317 with chi^2 116.102468921
eigenvalues: 
-0.0410809
0.394821
0.879827
1
1
1
1.00044
1.02963
2.73635
matrix forced pos-def by adding 0.0438172 to diagonal
MnHesse: matrix is invalid!
MnHesse: matrix is not pos. def.!
MnHesse: matrix was forced pos. def.
FunctionMinimum is invalid.
Minuit failed because covariance is not accurate, and covariance is not positive definite.
Minuit succeeded.
area = 5.76175738484 with chi^2 115.837919273
Minuit succeeded.
area = 5.74192473324 with chi^2 115.966298012
Minuit succeeded.
area = 5.7427848471 with chi^2 116.712658366
Minuit succeeded.
area = 5.76238589599 with chi^2 119.272793698
Minuit succeeded.
area = 5.7694209927 with chi^2 119.276167649
Minuit succeeded.
area = 5.76679461284 with chi^2 117.115765677
eigenvalues: 
-0.0453062
0.304999
0.890737
1
1
1
1.00052
1.01168
2.83737
matrix forced pos-def by adding 0.0481436 to diagonal
MnHesse: matrix is invalid!
MnHesse: matrix is not pos. def.!
MnHesse: matrix was forced pos. def.
FunctionMinimum is invalid.
Minuit failed because covariance is not accurate, and covariance is not positive definite.
eigenvalues: 
-0.0668319
0.342179
0.886924
1
1
1
1.00073
1.02391
2.81309
matrix forced pos-def by adding 0.069645 to diagonal
MnHesse: matrix is invalid!
MnHesse: matrix is not pos. def.!
MnHesse: matrix was forced pos. def.
FunctionMinimum is invalid.
Minuit failed because covariance is not accurate, and covariance is not positive definite.
Minuit succeeded.
area = 5.76087919326 with chi^2 116.470927551
Minuit succeeded.
area = 5.75366266812 with chi^2 116.262698803
Minuit succeeded.
area = 5.74140520212 with chi^2 118.535644016
Minuit succeeded.
area = 5.76763698664 with chi^2 116.648995368
Minuit succeeded.
area = 5.74448111572 with chi^2 113.531507232
Minuit succeeded.
area = 5.75538573043 with chi^2 117.332429874
Minuit succeeded.
area = 5.75591356817 with chi^2 115.09708508
Minuit succeeded.
area = 5.75270404604 with chi^2 117.607488607
Minuit succeeded.
area = 5.75106594882 with chi^2 119.287882459
Minuit succeeded.
area = 5.7629884516 with chi^2 118.459940857
Minuit succeeded.
area = 5.75707449107 with chi^2 119.474844289
Minuit succeeded.
area = 5.75586156423 with chi^2 115.74391408
Minuit succeeded.
area = 5.74810116184 with chi^2 119.348973118
Minuit succeeded.
area = 5.74941765272 with chi^2 119.548459257
Minuit succeeded.
area = 5.75640883321 with chi^2 115.641670938
Minuit succeeded.
area = 5.74656508422 with chi^2 116.853574391
Minuit succeeded.
area = 5.75187239152 with chi^2 118.16568168
Minuit succeeded.
area = 5.75766188443 with chi^2 115.935519561
eigenvalues: 
-0.0488282
0.345294
0.880512
1
1
1
1.00055
1.04638
2.77609
matrix forced pos-def by adding 0.0516043 to diagonal
MnHesse: matrix is invalid!
MnHesse: matrix is not pos. def.!
MnHesse: matrix was forced pos. def.
FunctionMinimum is invalid.
Minuit failed because covariance is not accurate, and covariance is not positive definite.
Minuit succeeded.
area = 5.7513319628 with chi^2 119.145058647
Minuit succeeded.
area = 5.76799495038 with chi^2 118.385332381
Minuit succeeded.
area = 5.77390171943 with chi^2 114.149740502
Minuit succeeded.
area = 5.75783755899 with chi^2 119.385401448
Minuit succeeded.
area = 5.73793174047 with chi^2 114.557821381
Minuit succeeded.
area = 5.7508376872 with chi^2 115.263479946
Minuit succeeded.
area = 5.73719042156 with chi^2 113.356459327
Minuit succeeded.
area = 5.72452879282 with chi^2 115.267501629
Minuit succeeded.
area = 5.76920569612 with chi^2 118.073691029
Minuit succeeded.
area = 5.74323918566 with chi^2 118.954671831
Minuit succeeded.
area = 5.74029071385 with chi^2 113.823816031
areas mean, stdev = 5.75270728298 0.00986607224518 chi^2 mean, stdev = 116.939753953 1.65958565704
Now with jitter = 0.07
eigenvalues: 
-0.200005
0.370724
0.866999
1
1
1
1.00025
1.10136
2.86067
matrix forced pos-def by adding 0.202865 to diagonal
MnHesse: matrix is invalid!
MnHesse: matrix is not pos. def.!
MnHesse: matrix was forced pos. def.
FunctionMinimum is invalid.
Minuit failed because covariance is not accurate, and covariance is not positive definite.
Minuit succeeded.
area = 5.75346697112 with chi^2 118.752762725
Minuit succeeded.
area = 5.73212158688 with chi^2 113.730798921
Minuit succeeded.
area = 5.76351526454 with chi^2 117.712460713
Minuit succeeded.
area = 5.7322284614 with chi^2 114.84774743
Minuit succeeded.
area = 5.70780699665 with chi^2 111.608921388
Minuit succeeded.
area = 5.77073224564 with chi^2 116.945052917
Minuit succeeded.
area = 5.75231650228 with chi^2 117.804337774
eigenvalues: 
-0.00620486
0.390557
0.879376
1
1
1
1.00069
1.03887
2.69672
matrix forced pos-def by adding 0.00890158 to diagonal
MnHesse: matrix is invalid!
MnHesse: matrix is not pos. def.!
MnHesse: matrix was forced pos. def.
FunctionMinimum is invalid.
Minuit failed because covariance is not accurate, and covariance is not positive definite.
Minuit succeeded.
area = 5.77134998261 with chi^2 116.259760143
Minuit succeeded.
area = 5.76312896742 with chi^2 117.03896359
Minuit succeeded.
area = 5.75458194656 with chi^2 117.182010196
Minuit succeeded.
area = 5.76138670229 with chi^2 114.335961047
eigenvalues: 
-0.0117872
0.386015
0.881496
1
1
1
1.00054
1.02657
2.71716
matrix forced pos-def by adding 0.0145044 to diagonal
MnHesse: matrix is invalid!
MnHesse: matrix is not pos. def.!
MnHesse: matrix was forced pos. def.
FunctionMinimum is invalid.
Minuit failed because covariance is not accurate, and covariance is not positive definite.
Minuit succeeded.
area = 5.74426869487 with chi^2 116.725457066
Minuit succeeded.
area = 5.76316199825 with chi^2 116.979033368
Minuit succeeded.
area = 5.76583694572 with chi^2 117.372354659
Minuit succeeded.
area = 5.76812702912 with chi^2 120.67498635
Minuit succeeded.
area = 5.77210567711 with chi^2 116.013531491
eigenvalues: 
-0.00432257
0.33779
0.887442
1
1
1
1.00041
1.01732
2.76137
matrix forced pos-def by adding 0.00708393 to diagonal
MnHesse: matrix is invalid!
MnHesse: matrix is not pos. def.!
MnHesse: matrix was forced pos. def.
FunctionMinimum is invalid.
Minuit failed because covariance is not accurate, and covariance is not positive definite.
Minuit succeeded.
area = 5.77298016079 with chi^2 117.10063723
Minuit succeeded.
area = 5.76633853391 with chi^2 116.808787221
Minuit succeeded.
area = 5.73789892016 with chi^2 113.311953295
eigenvalues: 
-0.0561176
0.357729
0.88697
1
1
1
1.00065
1.0211
2.78967
matrix forced pos-def by adding 0.0589073 to diagonal
MnHesse: matrix is invalid!
MnHesse: matrix is not pos. def.!
MnHesse: matrix was forced pos. def.
FunctionMinimum is invalid.
Minuit failed because covariance is not accurate, and covariance is not positive definite.
VariableMetricBuilder: no improvement
Minuit succeeded.
area = 5.74879521415 with chi^2 118.765641786
Minuit succeeded.
area = 5.73489370172 with chi^2 117.329808767
eigenvalues: 
-0.0135789
0.289802
0.882346
1
1
1
1.00082
1.03849
2.80212
matrix forced pos-def by adding 0.016381 to diagonal
MnHesse: matrix is invalid!
MnHesse: matrix is not pos. def.!
MnHesse: matrix was forced pos. def.
FunctionMinimum is invalid.
Minuit failed because covariance is not accurate, and covariance is not positive definite.
Minuit succeeded.
area = 5.77739737709 with chi^2 123.676707154
Minuit succeeded.
area = 5.72894483787 with chi^2 111.826907383
Minuit succeeded.
area = 5.74233692181 with chi^2 119.789358585
Minuit succeeded.
area = 5.75491086549 with chi^2 115.124815971
Minuit succeeded.
area = 5.77404330346 with chi^2 115.713395975
Minuit succeeded.
area = 5.75782169526 with chi^2 116.611067184
Minuit succeeded.
area = 5.76282533789 with chi^2 116.488501478
Minuit succeeded.
area = 5.73980776707 with chi^2 115.623144729
Minuit succeeded.
area = 5.7372312552 with chi^2 114.33588349
eigenvalues: 
-0.102592
0.412188
0.870668
1
1
1
1.00007
1.06114
2.75852
matrix forced pos-def by adding 0.105351 to diagonal
MnHesse: matrix is invalid!
MnHesse: matrix is not pos. def.!
MnHesse: matrix was forced pos. def.
FunctionMinimum is invalid.
Minuit failed because covariance is not accurate, and covariance is not positive definite.
eigenvalues: 
-0.0903167
0.362705
0.881926
1
1
1
1.00073
1.02059
2.82437
matrix forced pos-def by adding 0.0931411 to diagonal
MnHesse: matrix is invalid!
MnHesse: matrix is not pos. def.!
MnHesse: matrix was forced pos. def.
FunctionMinimum is invalid.
Minuit failed because covariance is not accurate, and covariance is not positive definite.
Minuit succeeded.
area = 5.75959930405 with chi^2 120.09113591
Minuit succeeded.
area = 5.7308330959 with chi^2 120.01492737
Minuit succeeded.
area = 5.78159877268 with chi^2 119.143485115
Minuit succeeded.
area = 5.75416798289 with chi^2 114.424202081
Minuit succeeded.
area = 5.75649094991 with chi^2 117.302604209
Minuit succeeded.
area = 5.74049433359 with chi^2 119.051611889
eigenvalues: 
-0.0275843
0.399747
0.882692
1
1
1
1.00031
1.01235
2.73249
matrix forced pos-def by adding 0.0303168 to diagonal
MnHesse: matrix is invalid!
MnHesse: matrix is not pos. def.!
MnHesse: matrix was forced pos. def.
FunctionMinimum is invalid.
Minuit failed because covariance is not accurate, and covariance is not positive definite.
Minuit succeeded.
area = 5.76780420145 with chi^2 117.933563433
Minuit succeeded.
area = 5.77577180335 with chi^2 121.281565361
Minuit succeeded.
area = 5.74236954936 with chi^2 114.19834736
eigenvalues: 
-0.0629607
0.361675
0.886327
1
1
1
1.00013
1.00987
2.80497
matrix forced pos-def by adding 0.0657657 to diagonal
MnHesse: matrix is invalid!
MnHesse: matrix is not pos. def.!
MnHesse: matrix was forced pos. def.
FunctionMinimum is invalid.
Minuit failed because covariance is not accurate, and covariance is not positive definite.
Minuit succeeded.
area = 5.74740509771 with chi^2 118.013861565
Minuit succeeded.
area = 5.74828628511 with chi^2 114.944825616
Minuit succeeded.
area = 5.75992465077 with chi^2 113.878742653
Minuit succeeded.
area = 5.74970104917 with chi^2 117.506176616
Minuit succeeded.
area = 5.75714936642 with chi^2 116.421214002
Minuit succeeded.
area = 5.73903482265 with chi^2 117.454584792
Minuit succeeded.
area = 5.75653043603 with chi^2 114.311995124
eigenvalues: 
-0.195212
0.319573
0.877058
1
1
1
1.00065
1.06282
2.93511
matrix forced pos-def by adding 0.198147 to diagonal
MnHesse: matrix is invalid!
MnHesse: matrix is not pos. def.!
MnHesse: matrix was forced pos. def.
FunctionMinimum is invalid.
Minuit failed because covariance is not accurate, and covariance is not positive definite.
Minuit succeeded.
area = 5.76101451116 with chi^2 118.214556657
Minuit succeeded.
area = 5.74341746257 with chi^2 118.559970645
Minuit succeeded.
area = 5.75163727779 with chi^2 120.69266153
Minuit succeeded.
area = 5.74359485473 with chi^2 117.612405458
Minuit succeeded.
area = 5.76664068091 with chi^2 115.243753084
Minuit succeeded.
area = 5.74561858642 with chi^2 115.425567865
Minuit succeeded.
area = 5.74549903001 with chi^2 118.533109991
Minuit succeeded.
area = 5.76053652506 with chi^2 119.48058754
Minuit succeeded.
area = 5.75099804149 with chi^2 118.325571083
Minuit succeeded.
area = 5.76595231351 with chi^2 118.1694055
Minuit succeeded.
area = 5.76772847043 with chi^2 122.232799819
Minuit succeeded.
area = 5.75915662354 with chi^2 116.64464276
Minuit succeeded.
area = 5.73606884736 with chi^2 117.777126971
Minuit succeeded.
area = 5.74877380521 with chi^2 119.028260604
Minuit succeeded.
area = 5.77200493207 with chi^2 118.989681352
Minuit succeeded.
area = 5.75892030508 with chi^2 116.852069275
Minuit succeeded.
area = 5.73769873474 with chi^2 115.21191399
Minuit succeeded.
area = 5.75814683196 with chi^2 118.386657435
Minuit succeeded.
area = 5.7524705192 with chi^2 114.707246085
Minuit succeeded.
area = 5.73158580323 with chi^2 116.601755105
Minuit succeeded.
area = 5.75295389523 with chi^2 116.728163138
Minuit succeeded.
area = 5.74489399315 with chi^2 110.997555132
eigenvalues: 
-0.00132831
0.368537
0.884101
1
1
1
1.0004
1.0219
2.72639
matrix forced pos-def by adding 0.0040547 to diagonal
MnHesse: matrix is invalid!
MnHesse: matrix is not pos. def.!
MnHesse: matrix was forced pos. def.
FunctionMinimum is invalid.
Minuit failed because covariance is not accurate, and covariance is not positive definite.
Minuit succeeded.
area = 5.74788604082 with chi^2 117.765878014
Minuit succeeded.
area = 5.76024628769 with chi^2 120.465796865
Minuit succeeded.
area = 5.7790905472 with chi^2 116.325206534
Minuit succeeded.
area = 5.76930453117 with chi^2 117.904165298
Minuit succeeded.
area = 5.76345309067 with chi^2 117.572550017
Minuit succeeded.
area = 5.75723399076 with chi^2 118.761277574
Minuit succeeded.
area = 5.75692704393 with chi^2 116.625152765
eigenvalues: 
-0.0480641
0.328935
0.89003
1
1
1
1.0005
1.01061
2.81799
matrix forced pos-def by adding 0.0508821 to diagonal
MnHesse: matrix is invalid!
MnHesse: matrix is not pos. def.!
MnHesse: matrix was forced pos. def.
FunctionMinimum is invalid.
Minuit failed because covariance is not accurate, and covariance is not positive definite.
Minuit succeeded.
area = 5.75218791401 with chi^2 118.200092354
eigenvalues: 
-0.137587
0.346005
0.872126
1
1
1
1.00008
1.07275
2.84662
matrix forced pos-def by adding 0.140434 to diagonal
MnHesse: matrix is invalid!
MnHesse: matrix is not pos. def.!
MnHesse: matrix was forced pos. def.
FunctionMinimum is invalid.
Minuit failed because covariance is not accurate, and covariance is not positive definite.
eigenvalues: 
-0.0134213
0.40766
0.88106
1
1
1
1.00057
1.02335
2.70078
matrix forced pos-def by adding 0.0161221 to diagonal
MnHesse: matrix is invalid!
MnHesse: matrix is not pos. def.!
MnHesse: matrix was forced pos. def.
FunctionMinimum is invalid.
Minuit failed because covariance is not accurate, and covariance is not positive definite.
Minuit succeeded.
area = 5.77943866672 with chi^2 121.308069755
Minuit succeeded.
area = 5.74660158155 with chi^2 113.816442803
Minuit succeeded.
area = 5.76170924471 with chi^2 117.680458865
Minuit succeeded.
area = 5.74820852062 with chi^2 119.37155354
Minuit succeeded.
area = 5.73797816619 with chi^2 117.899471552
Minuit succeeded.
area = 5.763021368 with chi^2 118.834580535
Minuit succeeded.
area = 5.74582354515 with chi^2 119.496147868
Minuit succeeded.
area = 5.74935377805 with chi^2 115.697808032
Minuit succeeded.
area = 5.75131487655 with chi^2 117.613371979
areas mean, stdev = 5.75417193887 0.0135994240043 chi^2 mean, stdev = 117.202553865 2.29170712809
