0.0488961111711
Now with jitter = 0.0
VariableMetricBuilder: matrix not pos.def.
gdel > 0: 2.59789e-05
negative or zero diagonal element 1 in covariance matrix
added 1.00235 to diagonal of error matrix
gdel: 2.59789e-05
Minuit succeeded.
area = 5.68072317163 with chi^2 127.875845802
areas mean, stdev = 5.68072317163 0.0 chi^2 mean, stdev = 127.875845802 0.0
Now with jitter = 0.05
Minuit succeeded.
area = 5.68406366323 with chi^2 128.376788193
Minuit succeeded.
area = 5.66647126278 with chi^2 127.022553594
Minuit succeeded.
area = 5.68288915509 with chi^2 128.346908917
eigenvalues: 
-0.0217789
0.420226
0.881624
1
1
1
1.00042
1.0136
2.70591
matrix forced pos-def by adding 0.0244848 to diagonal
MnHesse: matrix is invalid!
MnHesse: matrix is not pos. def.!
MnHesse: matrix was forced pos. def.
FunctionMinimum is invalid.
Minuit failed because covariance is not accurate, and covariance is not positive definite.
Minuit succeeded.
area = 5.68546232161 with chi^2 127.778463718
Minuit succeeded.
area = 5.68296376902 with chi^2 130.712313979
Minuit succeeded.
area = 5.67808926403 with chi^2 128.357670824
eigenvalues: 
-0.275022
0.262815
0.887867
1
1
1
1.0002
1.03638
3.08776
matrix forced pos-def by adding 0.27811 to diagonal
MnHesse: matrix is invalid!
MnHesse: matrix is not pos. def.!
MnHesse: matrix was forced pos. def.
FunctionMinimum is invalid.
Minuit failed because covariance is not accurate, and covariance is not positive definite.
Minuit succeeded.
area = 5.67587094956 with chi^2 127.658528627
Minuit succeeded.
area = 5.6861678097 with chi^2 126.754791906
Minuit succeeded.
area = 5.67006918685 with chi^2 128.407088491
Minuit succeeded.
area = 5.68893694484 with chi^2 127.307490096
Minuit succeeded.
area = 5.68489863428 with chi^2 126.60418649
Minuit succeeded.
area = 5.68984647647 with chi^2 130.950391278
Minuit succeeded.
area = 5.68454787927 with chi^2 127.218278812
Minuit succeeded.
area = 5.66956356077 with chi^2 127.758543431
Minuit succeeded.
area = 5.68422779245 with chi^2 124.919823436
Minuit succeeded.
area = 5.67266427177 with chi^2 128.069708943
eigenvalues: 
-0.0491364
0.317552
0.885926
1
1
1
1.00027
1.02557
2.81982
matrix forced pos-def by adding 0.0519562 to diagonal
MnHesse: matrix is invalid!
MnHesse: matrix is not pos. def.!
MnHesse: matrix was forced pos. def.
FunctionMinimum is invalid.
Minuit failed because covariance is not accurate, and covariance is not positive definite.
Minuit succeeded.
area = 5.65744901455 with chi^2 130.387953627
eigenvalues: 
-0.112219
0.288966
0.885234
1
1
1
1.00019
1.03611
2.90171
matrix forced pos-def by adding 0.11512 to diagonal
MnHesse: matrix is invalid!
MnHesse: matrix is not pos. def.!
MnHesse: matrix was forced pos. def.
FunctionMinimum is invalid.
Minuit failed because covariance is not accurate, and covariance is not positive definite.
Minuit succeeded.
area = 5.69502597699 with chi^2 129.147033824
Minuit succeeded.
area = 5.67812232073 with chi^2 125.807398494
Minuit succeeded.
area = 5.66225203095 with chi^2 129.983228577
Minuit succeeded.
area = 5.67838144972 with chi^2 130.258677551
Minuit succeeded.
area = 5.69292602307 with chi^2 129.988078673
Minuit succeeded.
area = 5.66717514882 with chi^2 127.640111159
Minuit succeeded.
area = 5.67223827458 with chi^2 129.166969522
Minuit succeeded.
area = 5.68133960453 with chi^2 128.379530736
Minuit succeeded.
area = 5.68116297372 with chi^2 126.553430974
eigenvalues: 
-0.30247
0.18705
0.892819
1
1
1
1.0008
1.03357
3.18823
matrix forced pos-def by adding 0.305658 to diagonal
MnHesse: matrix is invalid!
MnHesse: matrix is not pos. def.!
MnHesse: matrix was forced pos. def.
FunctionMinimum is invalid.
Minuit failed because covariance is not accurate, and covariance is not positive definite.
Minuit succeeded.
area = 5.69289803163 with chi^2 131.346069277
Minuit succeeded.
area = 5.6729633707 with chi^2 128.229379002
eigenvalues: 
-0.0246793
0.28831
0.885866
1
1
1
1.00019
1.04053
2.80978
matrix forced pos-def by adding 0.0274891 to diagonal
MnHesse: matrix is invalid!
MnHesse: matrix is not pos. def.!
MnHesse: matrix was forced pos. def.
FunctionMinimum is invalid.
Minuit failed because covariance is not accurate, and covariance is not positive definite.
Minuit succeeded.
area = 5.66473840982 with chi^2 125.511738804
Minuit succeeded.
area = 5.67177282669 with chi^2 125.068034744
Minuit succeeded.
area = 5.69587354086 with chi^2 127.31859209
Minuit succeeded.
area = 5.67834921452 with chi^2 125.791485822
Minuit succeeded.
area = 5.6689246245 with chi^2 126.844781983
Minuit succeeded.
area = 5.67482791809 with chi^2 131.950708464
Minuit succeeded.
area = 5.67224581482 with chi^2 127.646143306
Minuit succeeded.
area = 5.68635459609 with chi^2 131.439812792
Minuit succeeded.
area = 5.69489015372 with chi^2 129.109528672
eigenvalues: 
-0.0528455
0.337398
0.887513
1
1
1
1.00032
1.01319
2.81443
matrix forced pos-def by adding 0.0556599 to diagonal
MnHesse: matrix is invalid!
MnHesse: matrix is not pos. def.!
MnHesse: matrix was forced pos. def.
FunctionMinimum is invalid.
Minuit failed because covariance is not accurate, and covariance is not positive definite.
eigenvalues: 
-0.0298529
0.334695
0.891469
1
1
1
1.00007
1.00535
2.79827
matrix forced pos-def by adding 0.0326512 to diagonal
MnHesse: matrix is invalid!
MnHesse: matrix is not pos. def.!
MnHesse: matrix was forced pos. def.
FunctionMinimum is invalid.
Minuit failed because covariance is not accurate, and covariance is not positive definite.
eigenvalues: 
-0.164562
0.269094
0.891055
1
1
1
1.00003
1.01133
2.99305
matrix forced pos-def by adding 0.167555 to diagonal
MnHesse: matrix is invalid!
MnHesse: matrix is not pos. def.!
MnHesse: matrix was forced pos. def.
FunctionMinimum is invalid.
Minuit failed because covariance is not accurate, and covariance is not positive definite.
eigenvalues: 
-0.027224
0.312098
0.891068
1
1
1
1.00001
1.01111
2.81294
matrix forced pos-def by adding 0.0300369 to diagonal
MnHesse: matrix is invalid!
MnHesse: matrix is not pos. def.!
MnHesse: matrix was forced pos. def.
FunctionMinimum is invalid.
Minuit failed because covariance is not accurate, and covariance is not positive definite.
eigenvalues: 
-0.0997682
0.32493
0.874055
1
1
1
1.00074
1.10547
2.79457
matrix forced pos-def by adding 0.102563 to diagonal
MnHesse: matrix is invalid!
MnHesse: matrix is not pos. def.!
MnHesse: matrix was forced pos. def.
FunctionMinimum is invalid.
Minuit failed because covariance is not accurate, and covariance is not positive definite.
Minuit succeeded.
area = 5.6885770176 with chi^2 128.29332844
Minuit succeeded.
area = 5.68655717353 with chi^2 128.618776378
Minuit succeeded.
area = 5.68338985762 with chi^2 127.95764395
Minuit succeeded.
area = 5.67134519322 with chi^2 125.73579829
Minuit succeeded.
area = 5.67093962543 with chi^2 125.13928165
Minuit succeeded.
area = 5.68886696353 with chi^2 128.077947588
eigenvalues: 
-0.0217485
0.278941
0.888701
1
1
1
1.00022
1.02279
2.8311
matrix forced pos-def by adding 0.0245796 to diagonal
MnHesse: matrix is invalid!
MnHesse: matrix is not pos. def.!
MnHesse: matrix was forced pos. def.
FunctionMinimum is invalid.
Minuit failed because covariance is not accurate, and covariance is not positive definite.
Minuit succeeded.
area = 5.66884380167 with chi^2 127.989201201
Minuit succeeded.
area = 5.6847940241 with chi^2 126.678714587
Minuit succeeded.
area = 5.68321891098 with chi^2 128.89732917
Minuit succeeded.
area = 5.68303441688 with chi^2 127.481210524
Minuit succeeded.
area = 5.68302267339 with chi^2 131.532376726
Minuit succeeded.
area = 5.6788841463 with chi^2 127.124180187
eigenvalues: 
-0.103414
0.407891
0.874344
1
1
1
1.00066
1.06245
2.75807
matrix forced pos-def by adding 0.106172 to diagonal
MnHesse: matrix is invalid!
MnHesse: matrix is not pos. def.!
MnHesse: matrix was forced pos. def.
FunctionMinimum is invalid.
Minuit failed because covariance is not accurate, and covariance is not positive definite.
Minuit succeeded.
area = 5.70029129651 with chi^2 130.831877446
eigenvalues: 
-0.0637187
0.410902
0.875976
1
1
1
1.00071
1.05005
2.72609
matrix forced pos-def by adding 0.0664448 to diagonal
MnHesse: matrix is invalid!
MnHesse: matrix is not pos. def.!
MnHesse: matrix was forced pos. def.
FunctionMinimum is invalid.
Minuit failed because covariance is not accurate, and covariance is not positive definite.
Minuit succeeded.
area = 5.68258348917 with chi^2 128.747883926
Minuit succeeded.
area = 5.66729089001 with chi^2 125.160271453
Minuit succeeded.
area = 5.67821318848 with chi^2 129.522504729
VariableMetricBuilder: no improvement
Minuit succeeded.
area = 5.6967445811 with chi^2 131.402138915
eigenvalues: 
-0.00354072
0.428885
0.859553
1
1
1
1.00059
1.33665
2.37786
matrix forced pos-def by adding 0.00591858 to diagonal
MnHesse: matrix is invalid!
MnHesse: matrix is not pos. def.!
MnHesse: matrix was forced pos. def.
FunctionMinimum is invalid.
Minuit failed because covariance is not accurate, and covariance is not positive definite.
Minuit succeeded.
area = 5.69404997922 with chi^2 128.138855944
VariableMetricBuilder: matrix not pos.def.
edm < 0
negative or zero diagonal element 1 in covariance matrix
added 1.00021 to diagonal of error matrix
Minuit succeeded.
area = 5.6980707405 with chi^2 127.043157853
Minuit succeeded.
area = 5.70106399172 with chi^2 129.277984763
Minuit succeeded.
area = 5.67774479284 with chi^2 128.813108158
Minuit succeeded.
area = 5.68649162897 with chi^2 127.870039222
Minuit succeeded.
area = 5.68587253813 with chi^2 125.973205851
VariableMetricBuilder: no improvement
Minuit succeeded.
area = 5.67826211813 with chi^2 129.34896672
Minuit succeeded.
area = 5.6915013502 with chi^2 130.898449934
Minuit succeeded.
area = 5.688262969 with chi^2 127.04451431
Minuit succeeded.
area = 5.6729601638 with chi^2 129.309827
Minuit succeeded.
area = 5.69675435708 with chi^2 127.924030921
Minuit succeeded.
area = 5.66839565138 with chi^2 128.544787409
eigenvalues: 
-0.105938
0.43787
0.873922
1
1
1
1.00063
1.06383
2.72968
matrix forced pos-def by adding 0.108667 to diagonal
MnHesse: matrix is invalid!
MnHesse: matrix is not pos. def.!
MnHesse: matrix was forced pos. def.
FunctionMinimum is invalid.
Minuit failed because covariance is not accurate, and covariance is not positive definite.
eigenvalues: 
-0.0197997
0.306365
0.883504
1
1
1
1.0003
1.03629
2.79335
matrix forced pos-def by adding 0.022593 to diagonal
MnHesse: matrix is invalid!
MnHesse: matrix is not pos. def.!
MnHesse: matrix was forced pos. def.
FunctionMinimum is invalid.
Minuit failed because covariance is not accurate, and covariance is not positive definite.
Minuit succeeded.
area = 5.67997541108 with chi^2 128.290903184
Minuit succeeded.
area = 5.69134372984 with chi^2 126.679948072
eigenvalues: 
-0.0356311
0.332596
0.887115
1
1
1
1.00014
1.01107
2.80472
matrix forced pos-def by adding 0.0384358 to diagonal
MnHesse: matrix is invalid!
MnHesse: matrix is not pos. def.!
MnHesse: matrix was forced pos. def.
FunctionMinimum is invalid.
Minuit failed because covariance is not accurate, and covariance is not positive definite.
eigenvalues: 
-0.108456
0.303709
0.889849
1
1
1
1.00002
1.01991
2.89497
matrix forced pos-def by adding 0.111351 to diagonal
MnHesse: matrix is invalid!
MnHesse: matrix is not pos. def.!
MnHesse: matrix was forced pos. def.
FunctionMinimum is invalid.
Minuit failed because covariance is not accurate, and covariance is not positive definite.
Minuit succeeded.
area = 5.66559637404 with chi^2 128.807184914
Minuit succeeded.
area = 5.66534077552 with chi^2 126.635173696
Minuit succeeded.
area = 5.67446916405 with chi^2 130.023896558
Minuit succeeded.
area = 5.68407538386 with chi^2 128.128374722
eigenvalues: 
-0.289067
0.275095
0.89025
1
1
1
1.00067
1.02422
3.09883
matrix forced pos-def by adding 0.292165 to diagonal
MnHesse: matrix is invalid!
MnHesse: matrix is not pos. def.!
MnHesse: matrix was forced pos. def.
FunctionMinimum is invalid.
Minuit failed because covariance is not accurate, and covariance is not positive definite.
Minuit succeeded.
area = 5.67073459809 with chi^2 126.35342098
Minuit succeeded.
area = 5.67581302872 with chi^2 126.973361304
Minuit succeeded.
area = 5.66509453768 with chi^2 129.458744318
Minuit succeeded.
area = 5.67288303241 with chi^2 129.837189542
Minuit succeeded.
area = 5.67638396157 with chi^2 128.950586083
Minuit succeeded.
area = 5.67590216694 with chi^2 128.326933523
Minuit succeeded.
area = 5.69696369489 with chi^2 128.512314447
eigenvalues: 
-0.451316
0.40298
0.869527
1
1
1
1.00059
1.07671
3.1015
matrix forced pos-def by adding 0.454418 to diagonal
MnHesse: matrix is invalid!
MnHesse: matrix is not pos. def.!
MnHesse: matrix was forced pos. def.
FunctionMinimum is invalid.
Minuit failed because covariance is not accurate, and covariance is not positive definite.
areas mean, stdev = 5.68047148924 0.0099975648183 chi^2 mean, stdev = 128.22997017 1.65980036768
Now with jitter = 0.07
Minuit succeeded.
area = 5.68707334262 with chi^2 131.357441415
Minuit succeeded.
area = 5.70628353425 with chi^2 131.144727563
Minuit succeeded.
area = 5.66429277413 with chi^2 131.714413377
Minuit succeeded.
area = 5.67144764345 with chi^2 129.952952879
eigenvalues: 
-0.191272
0.376736
0.873665
1
1
1
1.00064
1.07233
2.86791
matrix forced pos-def by adding 0.19414 to diagonal
MnHesse: matrix is invalid!
MnHesse: matrix is not pos. def.!
MnHesse: matrix was forced pos. def.
FunctionMinimum is invalid.
Minuit failed because covariance is not accurate, and covariance is not positive definite.
Minuit succeeded.
area = 5.66925961904 with chi^2 127.347892446
Minuit succeeded.
area = 5.69728897913 with chi^2 134.723441782
Minuit succeeded.
area = 5.69363373474 with chi^2 127.232914306
Minuit succeeded.
area = 5.67601095732 with chi^2 127.211645271
Minuit succeeded.
area = 5.71288516785 with chi^2 125.601475317
Minuit succeeded.
area = 5.66706494684 with chi^2 127.814355105
Minuit succeeded.
area = 5.70090456924 with chi^2 129.759922579
Minuit succeeded.
area = 5.68131354006 with chi^2 129.000736385
VariableMetricBuilder: no improvement
Minuit succeeded.
area = 5.69342181931 with chi^2 131.548694363
Minuit succeeded.
area = 5.66166301116 with chi^2 126.308619036
Minuit succeeded.
area = 5.68543510284 with chi^2 127.371077433
Minuit succeeded.
area = 5.6722968875 with chi^2 125.618316173
Minuit succeeded.
area = 5.6832005216 with chi^2 130.259517345
Minuit succeeded.
area = 5.68598378486 with chi^2 128.434471871
Minuit succeeded.
area = 5.68845543004 with chi^2 131.512951803
Minuit succeeded.
area = 5.68876520921 with chi^2 128.219565231
Minuit succeeded.
area = 5.69393468765 with chi^2 131.743685194
Minuit succeeded.
area = 5.66730361264 with chi^2 128.41581825
Minuit succeeded.
area = 5.67941833775 with chi^2 130.189830418
Minuit succeeded.
area = 5.68120877572 with chi^2 128.912725016
Minuit succeeded.
area = 5.66657583811 with chi^2 131.119552465
Minuit succeeded.
area = 5.69950361376 with chi^2 130.100363858
eigenvalues: 
-0.199733
0.310935
0.8796
1
1
1
1.00053
1.09259
2.91608
matrix forced pos-def by adding 0.202649 to diagonal
MnHesse: matrix is invalid!
MnHesse: matrix is not pos. def.!
MnHesse: matrix was forced pos. def.
FunctionMinimum is invalid.
Minuit failed because covariance is not accurate, and covariance is not positive definite.
Minuit succeeded.
area = 5.68694827742 with chi^2 129.189346957
Minuit succeeded.
area = 5.69425718876 with chi^2 133.400380148
Minuit succeeded.
area = 5.68439644347 with chi^2 130.25697903
Minuit succeeded.
area = 5.70110584182 with chi^2 130.415105103
Minuit succeeded.
area = 5.69162922535 with chi^2 130.14068062
Minuit succeeded.
area = 5.70227456478 with chi^2 130.115272366
Minuit succeeded.
area = 5.68174192887 with chi^2 129.005183475
Minuit succeeded.
area = 5.69124967284 with chi^2 128.153347801
Minuit succeeded.
area = 5.69414419155 with chi^2 132.689481352
Minuit succeeded.
area = 5.68120611149 with chi^2 128.08163976
Minuit succeeded.
area = 5.66874690311 with chi^2 130.680849851
eigenvalues: 
-0.10263
0.418719
0.878919
1
1
1
1.00055
1.02638
2.77807
matrix forced pos-def by adding 0.105408 to diagonal
MnHesse: matrix is invalid!
MnHesse: matrix is not pos. def.!
MnHesse: matrix was forced pos. def.
FunctionMinimum is invalid.
Minuit failed because covariance is not accurate, and covariance is not positive definite.
Minuit succeeded.
area = 5.68670746538 with chi^2 129.992745013
Minuit succeeded.
area = 5.6850374602 with chi^2 127.468281495
Minuit succeeded.
area = 5.68343108672 with chi^2 124.697991894
VariableMetricBuilder: matrix not pos.def.
gdel > 0: 7.11443e-07
eigenvalues: 
-0.614678
0.177595
0.916984
0.93002
0.964356
1.00623
1.03899
1.20601
3.3745
matrix forced pos-def by adding 0.618053 to diagonal
gdel: -4.78521e-06
Minuit succeeded.
area = 5.68888368384 with chi^2 130.762218537
Minuit succeeded.
area = 5.67165481956 with chi^2 125.517213593
Minuit succeeded.
area = 5.69453759653 with chi^2 129.170830941
Minuit succeeded.
area = 5.70264492462 with chi^2 124.484851124
Minuit succeeded.
area = 5.67214911929 with chi^2 126.434653401
Minuit succeeded.
area = 5.68330727163 with chi^2 130.674158269
Minuit succeeded.
area = 5.68764705703 with chi^2 130.269390253
Minuit succeeded.
area = 5.68503851664 with chi^2 126.595896072
Minuit succeeded.
area = 5.6890482864 with chi^2 125.791570923
Minuit succeeded.
area = 5.66220447515 with chi^2 131.9044403
Minuit succeeded.
area = 5.67474360058 with chi^2 130.323654298
Minuit succeeded.
area = 5.68460875457 with chi^2 129.781238202
Minuit succeeded.
area = 5.676169518 with chi^2 128.090898665
Minuit succeeded.
area = 5.69415404627 with chi^2 126.750174956
Minuit succeeded.
area = 5.67356755286 with chi^2 131.819238138
Minuit succeeded.
area = 5.68759347653 with chi^2 131.087244059
Minuit succeeded.
area = 5.68441446717 with chi^2 130.351297771
eigenvalues: 
-0.0653672
0.313792
0.882152
1
1
1
1.00028
1.0295
2.83964
matrix forced pos-def by adding 0.0682068 to diagonal
MnHesse: matrix is invalid!
MnHesse: matrix is not pos. def.!
MnHesse: matrix was forced pos. def.
FunctionMinimum is invalid.
Minuit failed because covariance is not accurate, and covariance is not positive definite.
Minuit succeeded.
area = 5.68185988583 with chi^2 128.394662025
Minuit succeeded.
area = 5.6779187254 with chi^2 128.785776036
Minuit succeeded.
area = 5.68170547424 with chi^2 127.475994816
Minuit succeeded.
area = 5.68050472071 with chi^2 126.814534554
eigenvalues: 
-0.0724981
0.330795
0.88945
1
1
1
1.00032
1.01115
2.84078
matrix forced pos-def by adding 0.0753389 to diagonal
MnHesse: matrix is invalid!
MnHesse: matrix is not pos. def.!
MnHesse: matrix was forced pos. def.
FunctionMinimum is invalid.
Minuit failed because covariance is not accurate, and covariance is not positive definite.
Minuit succeeded.
area = 5.69511128954 with chi^2 130.08906866
Minuit succeeded.
area = 5.68234879194 with chi^2 132.271682553
Minuit succeeded.
area = 5.68598864525 with chi^2 129.693830179
Minuit succeeded.
area = 5.6655895632 with chi^2 127.156282562
Minuit succeeded.
area = 5.69226032396 with chi^2 130.841409356
Minuit succeeded.
area = 5.65743178576 with chi^2 130.421338704
Minuit succeeded.
area = 5.67470631429 with chi^2 128.117589086
eigenvalues: 
-0.141367
0.380908
0.875719
1
1
1
1.00062
1.05619
2.82792
matrix forced pos-def by adding 0.144195 to diagonal
MnHesse: matrix is invalid!
MnHesse: matrix is not pos. def.!
MnHesse: matrix was forced pos. def.
FunctionMinimum is invalid.
Minuit failed because covariance is not accurate, and covariance is not positive definite.
Minuit succeeded.
area = 5.70456365618 with chi^2 130.215590199
Minuit succeeded.
area = 5.68500784814 with chi^2 128.455098529
Minuit succeeded.
area = 5.67908400149 with chi^2 129.654609454
Minuit succeeded.
area = 5.69556933797 with chi^2 124.388466224
Minuit succeeded.
area = 5.6886180616 with chi^2 130.060315486
Minuit succeeded.
area = 5.67340548276 with chi^2 129.694691014
Minuit succeeded.
area = 5.68776725763 with chi^2 128.465136419
Minuit succeeded.
area = 5.65882421696 with chi^2 129.798717338
eigenvalues: 
-0.204137
0.380178
0.873363
1
1
1
1.0007
1.07795
2.87195
matrix forced pos-def by adding 0.207009 to diagonal
MnHesse: matrix is invalid!
MnHesse: matrix is not pos. def.!
MnHesse: matrix was forced pos. def.
FunctionMinimum is invalid.
Minuit failed because covariance is not accurate, and covariance is not positive definite.
Minuit succeeded.
area = 5.68013898016 with chi^2 127.703039727
Minuit succeeded.
area = 5.70831982042 with chi^2 130.317732434
Minuit succeeded.
area = 5.66053747161 with chi^2 130.591489748
Minuit succeeded.
area = 5.67959639061 with chi^2 126.755935435
Minuit succeeded.
area = 5.68658476022 with chi^2 125.23425808
Minuit succeeded.
area = 5.68321791696 with chi^2 127.392192451
Minuit succeeded.
area = 5.66925519465 with chi^2 126.547292065
VariableMetricBuilder: no improvement
Minuit succeeded.
area = 5.70861165616 with chi^2 131.853904148
Minuit succeeded.
area = 5.70743864697 with chi^2 132.002477108
Minuit succeeded.
area = 5.68626786797 with chi^2 129.888465434
VariableMetricBuilder: matrix not pos.def.
gdel > 0: 2.00765e-06
negative or zero diagonal element 1 in covariance matrix
added 1.00047 to diagonal of error matrix
gdel: 2.00765e-06
Minuit succeeded.
area = 5.64968526744 with chi^2 126.947785454
VariableMetricBuilder: no improvement
Minuit succeeded.
area = 5.6965631401 with chi^2 130.177309311
Minuit succeeded.
area = 5.6685907114 with chi^2 123.797930736
Minuit succeeded.
area = 5.68054950455 with chi^2 130.626506867
Minuit succeeded.
area = 5.68039741383 with chi^2 126.521568456
Minuit succeeded.
area = 5.6925905815 with chi^2 130.962276304
Minuit succeeded.
area = 5.67092376698 with chi^2 130.138402482
areas mean, stdev = 5.68362799402 0.0125959786154 chi^2 mean, stdev = 129.085663663 2.16876777995
