0.0302845170007
Now with jitter = 0.0
Minuit succeeded.
area = 5.72862390644 with chi^2 140.662446309
areas mean, stdev = 5.72862390644 0.0 chi^2 mean, stdev = 140.662446309 0.0
Now with jitter = 0.05
Minuit succeeded.
area = 5.7509317642 with chi^2 142.735818796
Minuit succeeded.
area = 5.72946797709 with chi^2 142.148686747
Minuit succeeded.
area = 5.71399457899 with chi^2 140.680201728
Minuit succeeded.
area = 5.72230520816 with chi^2 138.786291635
Minuit succeeded.
area = 5.72514827204 with chi^2 139.954125598
Minuit succeeded.
area = 5.72946570119 with chi^2 140.260567375
Minuit succeeded.
area = 5.7187490601 with chi^2 138.014151952
Minuit succeeded.
area = 5.72349142116 with chi^2 144.764564369
Minuit succeeded.
area = 5.72716500888 with chi^2 141.550224371
Minuit succeeded.
area = 5.73449432712 with chi^2 140.3899504
Minuit succeeded.
area = 5.73144542736 with chi^2 142.587842014
Minuit succeeded.
area = 5.7251743185 with chi^2 141.487612516
Minuit succeeded.
area = 5.72063774178 with chi^2 141.098138689
Minuit succeeded.
area = 5.75755432896 with chi^2 140.976589479
Minuit succeeded.
area = 5.71702766867 with chi^2 139.811765611
Minuit succeeded.
area = 5.75028258042 with chi^2 139.360074889
Minuit succeeded.
area = 5.7304031982 with chi^2 142.588414612
Minuit succeeded.
area = 5.73277386152 with chi^2 140.349349744
Minuit succeeded.
area = 5.71643586852 with chi^2 139.706895521
Minuit succeeded.
area = 5.7558768637 with chi^2 141.770483559
eigenvalues: 
-0.119679
0.234924
0.883253
1
1
1
1.00072
1.0485
2.95228
matrix forced pos-def by adding 0.122631 to diagonal
MnHesse: matrix is invalid!
MnHesse: matrix is not pos. def.!
MnHesse: matrix was forced pos. def.
FunctionMinimum is invalid.
Minuit failed because covariance is not accurate, and covariance is not positive definite.
Minuit succeeded.
area = 5.73428205337 with chi^2 142.441629271
Minuit succeeded.
area = 5.7154481794 with chi^2 138.063313926
Minuit succeeded.
area = 5.7458086063 with chi^2 141.785318496
eigenvalues: 
-0.123155
0.286988
0.89321
1
1
1
1.00021
1.01618
2.92656
matrix forced pos-def by adding 0.126082 to diagonal
MnHesse: matrix is invalid!
MnHesse: matrix is not pos. def.!
MnHesse: matrix was forced pos. def.
FunctionMinimum is invalid.
Minuit failed because covariance is not accurate, and covariance is not positive definite.
Minuit succeeded.
area = 5.7310409263 with chi^2 138.86589673
Minuit succeeded.
area = 5.7415471058 with chi^2 143.727632422
Minuit succeeded.
area = 5.72366394679 with chi^2 138.617616755
Minuit succeeded.
area = 5.71725585431 with chi^2 142.744330503
eigenvalues: 
-0.15061
0.282794
0.883723
1
1
1
1.00065
1.04882
2.93462
matrix forced pos-def by adding 0.153545 to diagonal
MnHesse: matrix is invalid!
MnHesse: matrix is not pos. def.!
MnHesse: matrix was forced pos. def.
FunctionMinimum is invalid.
Minuit failed because covariance is not accurate, and covariance is not positive definite.
Minuit succeeded.
area = 5.73977710209 with chi^2 143.09871738
Minuit succeeded.
area = 5.72927290676 with chi^2 142.80913248
Minuit succeeded.
area = 5.73651556272 with chi^2 143.968506856
Minuit succeeded.
area = 5.72256079161 with chi^2 140.461807849
Minuit succeeded.
area = 5.74227295939 with chi^2 144.728833956
Minuit succeeded.
area = 5.72790405844 with chi^2 138.310273721
VariableMetricBuilder: matrix not pos.def.
gdel > 0: 4.13189e-06
negative or zero diagonal element 1 in covariance matrix
added 1.00076 to diagonal of error matrix
gdel: 4.13189e-06
Minuit succeeded.
area = 5.73135524878 with chi^2 140.817138742
Minuit succeeded.
area = 5.73363102481 with chi^2 143.628380955
Minuit succeeded.
area = 5.71665391763 with chi^2 141.542949743
Minuit succeeded.
area = 5.74395842107 with chi^2 144.457873854
Minuit succeeded.
area = 5.73307983884 with chi^2 139.93661999
Minuit succeeded.
area = 5.72070735766 with chi^2 140.958464749
Minuit succeeded.
area = 5.71963964521 with chi^2 140.724479587
Minuit succeeded.
area = 5.73393998529 with chi^2 141.718405476
Minuit succeeded.
area = 5.7366410671 with chi^2 140.765258043
Minuit succeeded.
area = 5.72724185875 with chi^2 140.064339103
Minuit succeeded.
area = 5.72415284998 with chi^2 141.409722689
eigenvalues: 
-0.000686696
0.434386
0.879542
1
1
1
1.00056
1.02051
2.66569
matrix forced pos-def by adding 0.00335238 to diagonal
MnHesse: matrix is invalid!
MnHesse: matrix is not pos. def.!
MnHesse: matrix was forced pos. def.
FunctionMinimum is invalid.
Minuit failed because covariance is not accurate, and covariance is not positive definite.
Minuit succeeded.
area = 5.72983791629 with chi^2 141.297149293
Minuit succeeded.
area = 5.75275754754 with chi^2 143.845865925
Minuit succeeded.
area = 5.73864422507 with chi^2 143.837824763
eigenvalues: 
-0.0830445
0.379017
0.876226
1
1
1
1.00064
1.04729
2.77988
matrix forced pos-def by adding 0.0858244 to diagonal
MnHesse: matrix is invalid!
MnHesse: matrix is not pos. def.!
MnHesse: matrix was forced pos. def.
FunctionMinimum is invalid.
Minuit failed because covariance is not accurate, and covariance is not positive definite.
Minuit succeeded.
area = 5.74211669374 with chi^2 145.169976442
Minuit succeeded.
area = 5.7337991168 with chi^2 140.511353418
Minuit succeeded.
area = 5.72962689688 with chi^2 140.883416819
Minuit succeeded.
area = 5.74461084418 with chi^2 139.156191678
Minuit succeeded.
area = 5.74638877799 with chi^2 141.037640533
eigenvalues: 
-0.0267121
0.434567
0.877395
1
1
1
1.00065
1.0261
2.68799
matrix forced pos-def by adding 0.0294001 to diagonal
MnHesse: matrix is invalid!
MnHesse: matrix is not pos. def.!
MnHesse: matrix was forced pos. def.
FunctionMinimum is invalid.
Minuit failed because covariance is not accurate, and covariance is not positive definite.
Minuit succeeded.
area = 5.73666090759 with chi^2 145.728000509
Minuit succeeded.
area = 5.73595033748 with chi^2 141.15367636
eigenvalues: 
-0.0907754
0.398726
0.874862
1
1
1
1.00073
1.05022
2.76623
matrix forced pos-def by adding 0.0935416 to diagonal
MnHesse: matrix is invalid!
MnHesse: matrix is not pos. def.!
MnHesse: matrix was forced pos. def.
FunctionMinimum is invalid.
Minuit failed because covariance is not accurate, and covariance is not positive definite.
Minuit succeeded.
area = 5.74197034236 with chi^2 139.827798649
Minuit succeeded.
area = 5.72509567494 with chi^2 141.688992467
Minuit succeeded.
area = 5.73246856438 with chi^2 140.366210006
Minuit succeeded.
area = 5.72495113394 with chi^2 143.090268381
Minuit succeeded.
area = 5.73441229248 with chi^2 139.512778628
Minuit succeeded.
area = 5.72034756042 with chi^2 140.362494274
Minuit succeeded.
area = 5.72557994046 with chi^2 136.397164053
Minuit succeeded.
area = 5.73886507074 with chi^2 139.327422853
Minuit succeeded.
area = 5.72390605635 with chi^2 143.684829649
Minuit succeeded.
area = 5.73314427658 with chi^2 139.059079941
Minuit succeeded.
area = 5.73563978621 with chi^2 141.383915445
Minuit succeeded.
area = 5.73426746983 with chi^2 144.305398628
Minuit succeeded.
area = 5.74799999819 with chi^2 138.119800786
Minuit succeeded.
area = 5.72734888212 with chi^2 141.887201555
Minuit succeeded.
area = 5.70884387159 with chi^2 139.479900058
Minuit succeeded.
area = 5.74096436604 with chi^2 139.08239887
Minuit succeeded.
area = 5.72665370336 with chi^2 139.081683802
Minuit succeeded.
area = 5.73152703365 with chi^2 138.883933801
Minuit succeeded.
area = 5.72557595472 with chi^2 141.280908773
eigenvalues: 
-0.0458223
0.383784
0.879974
1
1
1
1.00078
1.03105
2.75024
matrix forced pos-def by adding 0.0485726 to diagonal
MnHesse: matrix is invalid!
MnHesse: matrix is not pos. def.!
MnHesse: matrix was forced pos. def.
FunctionMinimum is invalid.
Minuit failed because covariance is not accurate, and covariance is not positive definite.
Minuit succeeded.
area = 5.73037274902 with chi^2 138.085803444
Minuit succeeded.
area = 5.7284847429 with chi^2 142.576820758
Minuit succeeded.
area = 5.72883275129 with chi^2 141.390902098
Minuit succeeded.
area = 5.71834277413 with chi^2 142.677058061
Minuit succeeded.
area = 5.74205221863 with chi^2 140.361862545
Minuit succeeded.
area = 5.73377767924 with chi^2 139.59835938
Minuit succeeded.
area = 5.73076131169 with chi^2 139.455833315
Minuit succeeded.
area = 5.73207454461 with chi^2 142.660869243
Minuit succeeded.
area = 5.7319466333 with chi^2 142.255233479
Minuit succeeded.
area = 5.72351266548 with chi^2 142.23785303
Minuit succeeded.
area = 5.74281396419 with chi^2 140.13927535
Minuit succeeded.
area = 5.7329193597 with chi^2 143.502562071
Minuit succeeded.
area = 5.74001245248 with chi^2 142.744008808
eigenvalues: 
-0.0727101
0.383743
0.880517
1
1
1
1.00071
1.02501
2.78273
matrix forced pos-def by adding 0.0754928 to diagonal
MnHesse: matrix is invalid!
MnHesse: matrix is not pos. def.!
MnHesse: matrix was forced pos. def.
FunctionMinimum is invalid.
Minuit failed because covariance is not accurate, and covariance is not positive definite.
Minuit succeeded.
area = 5.73860637897 with chi^2 144.330283555
eigenvalues: 
-0.000919334
0.416349
0.876642
1
1
1
1.00071
1.04305
2.66417
matrix forced pos-def by adding 0.0035835 to diagonal
MnHesse: matrix is invalid!
MnHesse: matrix is not pos. def.!
MnHesse: matrix was forced pos. def.
FunctionMinimum is invalid.
Minuit failed because covariance is not accurate, and covariance is not positive definite.
Minuit succeeded.
area = 5.73679161945 with chi^2 142.80730969
Minuit succeeded.
area = 5.73662608364 with chi^2 139.136467497
eigenvalues: 
-0.0111476
0.355645
0.886414
1
1
1
1.00029
1.01029
2.75851
matrix forced pos-def by adding 0.0139061 to diagonal
MnHesse: matrix is invalid!
MnHesse: matrix is not pos. def.!
MnHesse: matrix was forced pos. def.
FunctionMinimum is invalid.
Minuit failed because covariance is not accurate, and covariance is not positive definite.
areas mean, stdev = 5.73189954624 0.00969602205345 chi^2 mean, stdev = 141.214294063 1.9120540628
Now with jitter = 0.07
eigenvalues: 
-0.0243086
0.376082
0.878669
1
1
1
1.0008
1.0433
2.72546
matrix forced pos-def by adding 0.0270341 to diagonal
MnHesse: matrix is invalid!
MnHesse: matrix is not pos. def.!
MnHesse: matrix was forced pos. def.
FunctionMinimum is invalid.
Minuit failed because covariance is not accurate, and covariance is not positive definite.
Minuit succeeded.
area = 5.75727991835 with chi^2 143.269082802
Minuit succeeded.
area = 5.70714191554 with chi^2 142.561163158
Minuit succeeded.
area = 5.74672043782 with chi^2 142.90911516
eigenvalues: 
-0.0153772
0.411127
0.879234
1
1
1
1.00076
1.02839
2.69587
matrix forced pos-def by adding 0.0180731 to diagonal
MnHesse: matrix is invalid!
MnHesse: matrix is not pos. def.!
MnHesse: matrix was forced pos. def.
FunctionMinimum is invalid.
Minuit failed because covariance is not accurate, and covariance is not positive definite.
Minuit succeeded.
area = 5.72300074671 with chi^2 141.875382986
Minuit succeeded.
area = 5.71468544359 with chi^2 140.531634724
Minuit succeeded.
area = 5.7473275808 with chi^2 143.303884862
Minuit succeeded.
area = 5.70429781847 with chi^2 138.737604467
eigenvalues: 
-0.0349745
0.315848
0.888031
1
1
1
1.00014
1.01183
2.81912
matrix forced pos-def by adding 0.0377936 to diagonal
MnHesse: matrix is invalid!
MnHesse: matrix is not pos. def.!
MnHesse: matrix was forced pos. def.
FunctionMinimum is invalid.
Minuit failed because covariance is not accurate, and covariance is not positive definite.
Minuit succeeded.
area = 5.74180943441 with chi^2 143.641577823
eigenvalues: 
-0.0274737
0.292126
0.886678
1
1
1
1.00055
1.02987
2.81826
matrix forced pos-def by adding 0.0302919 to diagonal
MnHesse: matrix is invalid!
MnHesse: matrix is not pos. def.!
MnHesse: matrix was forced pos. def.
FunctionMinimum is invalid.
Minuit failed because covariance is not accurate, and covariance is not positive definite.
Minuit succeeded.
area = 5.72693528 with chi^2 144.131000259
Minuit succeeded.
area = 5.72816799922 with chi^2 137.642476113
Minuit succeeded.
area = 5.7203815829 with chi^2 142.329058306
Minuit succeeded.
area = 5.73668477656 with chi^2 139.797825685
Minuit succeeded.
area = 5.72448353697 with chi^2 144.992802891
Minuit succeeded.
area = 5.72629691623 with chi^2 139.845170532
Minuit succeeded.
area = 5.73222293678 with chi^2 142.996335244
Minuit succeeded.
area = 5.71367729792 with chi^2 141.5138664
eigenvalues: 
-0.108896
0.309457
0.881208
1
1
1
1.00066
1.04044
2.87713
matrix forced pos-def by adding 0.111773 to diagonal
MnHesse: matrix is invalid!
MnHesse: matrix is not pos. def.!
MnHesse: matrix was forced pos. def.
FunctionMinimum is invalid.
Minuit failed because covariance is not accurate, and covariance is not positive definite.
eigenvalues: 
-0.194047
0.260727
0.883291
1
1
1
1.00055
1.05447
2.99502
matrix forced pos-def by adding 0.197042 to diagonal
MnHesse: matrix is invalid!
MnHesse: matrix is not pos. def.!
MnHesse: matrix was forced pos. def.
FunctionMinimum is invalid.
Minuit failed because covariance is not accurate, and covariance is not positive definite.
Minuit succeeded.
area = 5.711035191 with chi^2 143.800929517
Minuit succeeded.
area = 5.72921739929 with chi^2 143.161825916
Minuit succeeded.
area = 5.71570125005 with chi^2 140.056360547
Minuit succeeded.
area = 5.71119885378 with chi^2 138.51079336
Minuit succeeded.
area = 5.71219921402 with chi^2 143.273499549
Minuit succeeded.
area = 5.74695698105 with chi^2 139.722016235
eigenvalues: 
-0.0352237
0.446541
0.876525
1
1
1
1.00086
1.03543
2.67586
matrix forced pos-def by adding 0.0378996 to diagonal
MnHesse: matrix is invalid!
MnHesse: matrix is not pos. def.!
MnHesse: matrix was forced pos. def.
FunctionMinimum is invalid.
Minuit failed because covariance is not accurate, and covariance is not positive definite.
Minuit succeeded.
area = 5.73574907515 with chi^2 139.627934225
Minuit succeeded.
area = 5.73542640904 with chi^2 145.902879428
Minuit succeeded.
area = 5.74386677605 with chi^2 138.55217668
eigenvalues: 
-0.0638345
0.346017
0.876433
1
1
1
1.00073
1.05059
2.79007
matrix forced pos-def by adding 0.0666246 to diagonal
MnHesse: matrix is invalid!
MnHesse: matrix is not pos. def.!
MnHesse: matrix was forced pos. def.
FunctionMinimum is invalid.
Minuit failed because covariance is not accurate, and covariance is not positive definite.
Minuit succeeded.
area = 5.73775470978 with chi^2 148.823408156
eigenvalues: 
-0.0198859
0.37038
0.886814
1
1
1
1.00062
1.00432
2.75775
matrix forced pos-def by adding 0.0226437 to diagonal
MnHesse: matrix is invalid!
MnHesse: matrix is not pos. def.!
MnHesse: matrix was forced pos. def.
FunctionMinimum is invalid.
Minuit failed because covariance is not accurate, and covariance is not positive definite.
Minuit succeeded.
area = 5.74119398999 with chi^2 143.316062235
Minuit succeeded.
area = 5.72886030064 with chi^2 141.292510846
eigenvalues: 
-0.0303685
0.440139
0.872013
1
1
1
1.0007
1.05991
2.65761
matrix forced pos-def by adding 0.0330261 to diagonal
MnHesse: matrix is invalid!
MnHesse: matrix is not pos. def.!
MnHesse: matrix was forced pos. def.
FunctionMinimum is invalid.
Minuit failed because covariance is not accurate, and covariance is not positive definite.
Minuit succeeded.
area = 5.72969158452 with chi^2 140.61460959
Minuit succeeded.
area = 5.72897526427 with chi^2 141.624856369
Minuit succeeded.
area = 5.71155062268 with chi^2 137.736104156
Minuit succeeded.
area = 5.72677224703 with chi^2 142.331488542
Minuit succeeded.
area = 5.74136206273 with chi^2 141.867683602
Minuit succeeded.
area = 5.71947684921 with chi^2 141.676811675
Minuit succeeded.
area = 5.73495219497 with chi^2 141.165637997
Minuit succeeded.
area = 5.73554980122 with chi^2 136.027024154
Minuit succeeded.
area = 5.73536410758 with chi^2 143.291551926
Minuit succeeded.
area = 5.71006553366 with chi^2 142.055420525
Minuit succeeded.
area = 5.7567757404 with chi^2 137.507767852
Minuit succeeded.
area = 5.72586689554 with chi^2 144.664508538
Minuit succeeded.
area = 5.73029957437 with chi^2 145.249293568
Minuit succeeded.
area = 5.72585560469 with chi^2 142.68847219
Minuit succeeded.
area = 5.73122900763 with chi^2 145.891003096
Minuit succeeded.
area = 5.74982121961 with chi^2 141.308782774
Minuit succeeded.
area = 5.71145297348 with chi^2 142.701399211
eigenvalues: 
-0.218709
0.266283
0.882232
1
1
1
1.00037
1.05955
3.01027
matrix forced pos-def by adding 0.221719 to diagonal
MnHesse: matrix is invalid!
MnHesse: matrix is not pos. def.!
MnHesse: matrix was forced pos. def.
FunctionMinimum is invalid.
Minuit failed because covariance is not accurate, and covariance is not positive definite.
Minuit succeeded.
area = 5.72981058115 with chi^2 142.433515233
eigenvalues: 
-0.0913467
0.284173
0.894346
1
1
1
1.00064
1.0076
2.90459
matrix forced pos-def by adding 0.0942513 to diagonal
MnHesse: matrix is invalid!
MnHesse: matrix is not pos. def.!
MnHesse: matrix was forced pos. def.
FunctionMinimum is invalid.
Minuit failed because covariance is not accurate, and covariance is not positive definite.
Minuit succeeded.
area = 5.71834761681 with chi^2 141.903883487
Minuit succeeded.
area = 5.71763398358 with chi^2 141.236164713
Minuit succeeded.
area = 5.74212183566 with chi^2 145.60984914
Minuit succeeded.
area = 5.74771429454 with chi^2 143.320920233
Minuit succeeded.
area = 5.72954619572 with chi^2 138.119345359
Minuit succeeded.
area = 5.72652381836 with chi^2 141.956863673
eigenvalues: 
-0.0346759
0.438563
0.877103
1
1
1
1.00084
1.0352
2.68297
matrix forced pos-def by adding 0.0373589 to diagonal
MnHesse: matrix is invalid!
MnHesse: matrix is not pos. def.!
MnHesse: matrix was forced pos. def.
FunctionMinimum is invalid.
Minuit failed because covariance is not accurate, and covariance is not positive definite.
Minuit succeeded.
area = 5.74265279667 with chi^2 141.744869048
Minuit succeeded.
area = 5.71113860514 with chi^2 140.237847736
Minuit succeeded.
area = 5.71383040656 with chi^2 137.161847575
Minuit succeeded.
area = 5.73552693746 with chi^2 141.597243058
Minuit succeeded.
area = 5.74468945738 with chi^2 140.858268177
Minuit succeeded.
area = 5.72325288729 with chi^2 149.683380202
Minuit succeeded.
area = 5.72870195022 with chi^2 141.736485918
Minuit succeeded.
area = 5.71460092511 with chi^2 138.328572759
Minuit succeeded.
area = 5.76454099392 with chi^2 141.456449398
Minuit succeeded.
area = 5.71501223896 with chi^2 142.227532853
Minuit succeeded.
area = 5.73944946116 with chi^2 143.296230689
Minuit succeeded.
area = 5.74909069153 with chi^2 142.995688299
Minuit succeeded.
area = 5.7281841475 with chi^2 137.428768234
Minuit succeeded.
area = 5.73791287596 with chi^2 140.155708439
Minuit succeeded.
area = 5.72737226951 with chi^2 140.911185136
Minuit succeeded.
area = 5.70749831342 with chi^2 137.453532459
Minuit succeeded.
area = 5.74258713209 with chi^2 142.417612783
eigenvalues: 
-0.19577
0.362126
0.872272
1
1
1
1.00085
1.06804
2.89247
matrix forced pos-def by adding 0.198663 to diagonal
MnHesse: matrix is invalid!
MnHesse: matrix is not pos. def.!
MnHesse: matrix was forced pos. def.
FunctionMinimum is invalid.
Minuit failed because covariance is not accurate, and covariance is not positive definite.
Minuit succeeded.
area = 5.75453518694 with chi^2 148.573569179
eigenvalues: 
-0.0551754
0.359931
0.882611
1
1
1
1.0005
1.01442
2.79772
matrix forced pos-def by adding 0.0579732 to diagonal
MnHesse: matrix is invalid!
MnHesse: matrix is not pos. def.!
MnHesse: matrix was forced pos. def.
FunctionMinimum is invalid.
Minuit failed because covariance is not accurate, and covariance is not positive definite.
Minuit succeeded.
area = 5.72499780769 with chi^2 139.879931608
Minuit succeeded.
area = 5.72166415064 with chi^2 141.410834959
eigenvalues: 
-0.158616
0.357563
0.880512
1
1
1
1.0009
1.03706
2.88259
matrix forced pos-def by adding 0.161498 to diagonal
MnHesse: matrix is invalid!
MnHesse: matrix is not pos. def.!
MnHesse: matrix was forced pos. def.
FunctionMinimum is invalid.
Minuit failed because covariance is not accurate, and covariance is not positive definite.
Minuit succeeded.
area = 5.71982639032 with chi^2 145.767317338
Minuit succeeded.
area = 5.72693499787 with chi^2 140.188882756
Minuit succeeded.
area = 5.73018110749 with chi^2 137.96429267
eigenvalues: 
-0.0108891
0.432621
0.872557
1
1
1
1.00035
1.04824
2.65712
matrix forced pos-def by adding 0.0135462 to diagonal
MnHesse: matrix is invalid!
MnHesse: matrix is not pos. def.!
MnHesse: matrix was forced pos. def.
FunctionMinimum is invalid.
Minuit failed because covariance is not accurate, and covariance is not positive definite.
Minuit succeeded.
area = 5.73494763707 with chi^2 144.69253526
Minuit succeeded.
area = 5.72199581489 with chi^2 144.608380795
Minuit succeeded.
area = 5.74262769675 with chi^2 141.982705034
Minuit succeeded.
area = 5.72982903936 with chi^2 141.808669401
Minuit succeeded.
area = 5.71862886014 with chi^2 138.655340744
eigenvalues: 
-0.0167618
0.34129
0.880613
1
1
1
1.00067
1.04685
2.74734
matrix forced pos-def by adding 0.0195091 to diagonal
MnHesse: matrix is invalid!
MnHesse: matrix is not pos. def.!
MnHesse: matrix was forced pos. def.
FunctionMinimum is invalid.
Minuit failed because covariance is not accurate, and covariance is not positive definite.
Minuit succeeded.
area = 5.72972871731 with chi^2 144.812135295
Minuit succeeded.
area = 5.7234025332 with chi^2 140.115710626
areas mean, stdev = 5.72954116355 0.0129795733944 chi^2 mean, stdev = 141.82015688 2.66320588725
