0.523766988604
Now with jitter = 0.0
Minuit succeeded.
area = 3.68735607195 with chi^2 467.22941505
areas mean, stdev = 3.68735607195 0.0 chi^2 mean, stdev = 467.22941505 0.0
Now with jitter = 0.05
Minuit succeeded.
area = 3.68242776801 with chi^2 471.367194292
Minuit succeeded.
area = 3.6826765202 with chi^2 466.380766326
Minuit succeeded.
area = 3.69587940937 with chi^2 467.360720572
Minuit succeeded.
area = 3.68865464768 with chi^2 468.37493243
Minuit succeeded.
area = 3.68574901376 with chi^2 468.185356958
eigenvalues: 
-0.019321
0.0781189
0.394904
1
1
1
1
1.00005
1.03459
3.51166
matrix forced pos-def by adding 0.0228326 to diagonal
MnHesse: matrix is invalid!
MnHesse: matrix is not pos. def.!
MnHesse: matrix was forced pos. def.
FunctionMinimum is invalid.
Minuit failed because covariance is not accurate, and covariance is not positive definite.
Minuit succeeded.
area = 3.68993694993 with chi^2 464.869728388
Minuit succeeded.
area = 3.69453809476 with chi^2 471.074264948
Minuit succeeded.
area = 3.68534560975 with chi^2 464.445741897
Minuit succeeded.
area = 3.69619013932 with chi^2 474.236187447
Minuit succeeded.
area = 3.68917170982 with chi^2 472.74077669
VariableMetricBuilder: matrix not pos.def.
gdel > 0: 0.000192664
negative or zero diagonal element 0 in covariance matrix
negative or zero diagonal element 1 in covariance matrix
negative or zero diagonal element 3 in covariance matrix
negative or zero diagonal element 5 in covariance matrix
added 1.02639 to diagonal of error matrix
gdel: 0.000192664
Minuit succeeded.
area = 3.68598954115 with chi^2 463.886101871
Minuit succeeded.
area = 3.68666609427 with chi^2 468.430179941
VariableMetricBuilder: no improvement
Minuit succeeded.
area = 3.68546284455 with chi^2 467.899424503
Minuit succeeded.
area = 3.69173613362 with chi^2 469.976493702
Minuit succeeded.
area = 3.69651159929 with chi^2 473.606535576
Minuit succeeded.
area = 3.6914677437 with chi^2 467.022625347
Minuit succeeded.
area = 3.68540326905 with chi^2 471.614400107
Minuit succeeded.
area = 3.692442556 with chi^2 472.85503344
Minuit succeeded.
area = 3.68680149303 with chi^2 466.463986603
Minuit succeeded.
area = 3.68706041482 with chi^2 467.473614421
Minuit succeeded.
area = 3.69351834141 with chi^2 469.997627477
Minuit succeeded.
area = 3.69349610296 with chi^2 467.267958095
Minuit succeeded.
area = 3.68643941315 with chi^2 472.053961231
Minuit succeeded.
area = 3.68790669916 with chi^2 465.164741237
Minuit succeeded.
area = 3.68831151611 with chi^2 466.321637732
Minuit succeeded.
area = 3.68335232629 with chi^2 464.567673929
Minuit succeeded.
area = 3.70474519978 with chi^2 475.905554039
Minuit succeeded.
area = 3.69044323482 with chi^2 468.931667216
Minuit succeeded.
area = 3.69052608232 with chi^2 471.200570239
Minuit succeeded.
area = 3.68540736807 with chi^2 470.877291597
Minuit succeeded.
area = 3.69099759368 with chi^2 472.89579692
Minuit succeeded.
area = 3.68650092859 with chi^2 469.812514044
Minuit succeeded.
area = 3.68890324996 with chi^2 471.025772076
Minuit succeeded.
area = 3.69662440391 with chi^2 471.991593914
Minuit succeeded.
area = 3.69446200083 with chi^2 477.918096278
Minuit succeeded.
area = 3.6807469087 with chi^2 468.163862245
Minuit succeeded.
area = 3.69379245827 with chi^2 471.245715643
Minuit succeeded.
area = 3.69515723956 with chi^2 471.527891207
Minuit succeeded.
area = 3.68687200081 with chi^2 464.806320998
Minuit succeeded.
area = 3.69070903848 with chi^2 469.797598745
Minuit succeeded.
area = 3.68328092375 with chi^2 465.82987568
Minuit succeeded.
area = 3.68502226556 with chi^2 471.120290378
Minuit succeeded.
area = 3.6797106442 with chi^2 469.310036324
Minuit succeeded.
area = 3.69743032347 with chi^2 467.72506278
Minuit succeeded.
area = 3.68527708009 with chi^2 470.017638256
Minuit succeeded.
area = 3.6869182437 with chi^2 468.269311618
Minuit succeeded.
area = 3.68713227396 with chi^2 467.912502214
Minuit succeeded.
area = 3.69303141939 with chi^2 469.985213834
Minuit succeeded.
area = 3.68247383785 with chi^2 466.711667746
Minuit succeeded.
area = 3.68251112838 with chi^2 465.901899877
Minuit succeeded.
area = 3.69293768645 with chi^2 472.397186537
Minuit succeeded.
area = 3.68599438744 with chi^2 467.557958854
Minuit succeeded.
area = 3.69405148839 with chi^2 470.872245454
Minuit succeeded.
area = 3.68588189576 with chi^2 465.007252662
Minuit succeeded.
area = 3.68569726003 with chi^2 468.727199418
Minuit succeeded.
area = 3.69248246033 with chi^2 470.874333123
Minuit succeeded.
area = 3.69287133359 with chi^2 469.467164538
Minuit succeeded.
area = 3.68689941662 with chi^2 467.657799158
Minuit succeeded.
area = 3.69235515909 with chi^2 468.387736039
Minuit succeeded.
area = 3.69588445116 with chi^2 468.561407003
Minuit succeeded.
area = 3.68918336137 with chi^2 467.855964544
Minuit succeeded.
area = 3.68449319689 with chi^2 468.170240944
Minuit succeeded.
area = 3.68880861548 with chi^2 466.900601059
Minuit succeeded.
area = 3.68896619215 with chi^2 468.114408186
Minuit succeeded.
area = 3.69419520282 with chi^2 471.115011864
Minuit succeeded.
area = 3.68591631723 with chi^2 470.537380121
Minuit succeeded.
area = 3.69183193291 with chi^2 468.278131892
Minuit succeeded.
area = 3.69406826121 with chi^2 468.447722209
eigenvalues: 
-0.0140778
0.0959657
0.389747
1
1
1
1
1.00014
1.04117
3.48706
matrix forced pos-def by adding 0.0175648 to diagonal
MnHesse: matrix is invalid!
MnHesse: matrix is not pos. def.!
MnHesse: matrix was forced pos. def.
FunctionMinimum is invalid.
Minuit failed because covariance is not accurate, and covariance is not positive definite.
eigenvalues: 
-0.00803069
0.085393
0.392614
1
1
1
1
1.00008
1.04684
3.4831
matrix forced pos-def by adding 0.0115138 to diagonal
MnHesse: matrix is invalid!
MnHesse: matrix is not pos. def.!
MnHesse: matrix was forced pos. def.
FunctionMinimum is invalid.
Minuit failed because covariance is not accurate, and covariance is not positive definite.
Minuit succeeded.
area = 3.69089538978 with chi^2 469.074787265
Minuit succeeded.
area = 3.69349907822 with chi^2 467.838591352
Minuit succeeded.
area = 3.69338114184 with chi^2 464.832629455
Minuit succeeded.
area = 3.68481985557 with chi^2 470.414806546
Minuit succeeded.
area = 3.69590010298 with chi^2 469.925749842
Minuit succeeded.
area = 3.68659736894 with chi^2 464.421297007
Minuit succeeded.
area = 3.68818863479 with chi^2 468.828526925
Minuit succeeded.
area = 3.67906339266 with chi^2 475.492709788
Minuit succeeded.
area = 3.68564097854 with chi^2 464.542634947
Minuit succeeded.
area = 3.6823757129 with chi^2 467.342409932
Minuit succeeded.
area = 3.69060555276 with chi^2 468.749331249
Minuit succeeded.
area = 3.67992013712 with chi^2 457.742253121
Minuit succeeded.
area = 3.68455085582 with chi^2 470.458057476
Minuit succeeded.
area = 3.69696821984 with chi^2 473.093685657
Minuit succeeded.
area = 3.68143649164 with chi^2 464.442894279
Minuit succeeded.
area = 3.69600641315 with chi^2 470.439334012
Minuit succeeded.
area = 3.68721480703 with chi^2 466.393145966
VariableMetricBuilder: no improvement
VariableMetricBuilder: machine accuracy limits further improvement.
Minuit succeeded.
area = 3.68597460089 with chi^2 466.749845815
eigenvalues: 
-0.0274929
0.0896292
0.386307
1
1
1
1
1.00003
1.03842
3.51311
matrix forced pos-def by adding 0.0310061 to diagonal
MnHesse: matrix is invalid!
MnHesse: matrix is not pos. def.!
MnHesse: matrix was forced pos. def.
FunctionMinimum is invalid.
Minuit failed because covariance is not accurate, and covariance is not positive definite.
Minuit succeeded.
area = 3.69774814589 with chi^2 474.555404942
Minuit succeeded.
area = 3.69654649984 with chi^2 468.301924774
Minuit succeeded.
area = 3.69205408761 with chi^2 470.658534908
Minuit succeeded.
area = 3.6877898457 with chi^2 468.509388331
Minuit succeeded.
area = 3.69920099522 with chi^2 470.400834401
Minuit succeeded.
area = 3.69395151224 with chi^2 472.389162775
Minuit succeeded.
area = 3.68813889054 with chi^2 462.092425951
Minuit succeeded.
area = 3.69143890965 with chi^2 469.470868259
eigenvalues: 
-0.0690911
0.0822769
0.388506
1
1
1
1
1.00003
1.04623
3.55205
matrix forced pos-def by adding 0.0726432 to diagonal
MnHesse: matrix is invalid!
MnHesse: matrix is not pos. def.!
MnHesse: matrix was forced pos. def.
FunctionMinimum is invalid.
Minuit failed because covariance is not accurate, and covariance is not positive definite.
Minuit succeeded.
area = 3.68811401571 with chi^2 466.466316645
areas mean, stdev = 3.68939317953 0.00497348081194 chi^2 mean, stdev = 468.895565308 3.09735234333
Now with jitter = 0.07
Minuit succeeded.
area = 3.6994099996 with chi^2 471.009126557
Minuit succeeded.
area = 3.6894677666 with chi^2 473.231673079
Minuit succeeded.
area = 3.68907443069 with chi^2 474.34339159
Minuit succeeded.
area = 3.69926915303 with chi^2 470.510108493
Minuit succeeded.
area = 3.69983993028 with chi^2 474.529907349
Minuit succeeded.
area = 3.68523119718 with chi^2 469.145038064
Minuit succeeded.
area = 3.69326067712 with chi^2 475.186176923
Minuit succeeded.
area = 3.68399848556 with chi^2 468.000021086
Minuit succeeded.
area = 3.6816220695 with chi^2 472.333424038
Minuit succeeded.
area = 3.68334852349 with chi^2 467.916147139
Minuit succeeded.
area = 3.69609606441 with chi^2 475.166735651
Minuit succeeded.
area = 3.68833979103 with chi^2 466.183804426
Minuit succeeded.
area = 3.69186848316 with chi^2 461.261510249
Minuit succeeded.
area = 3.69585433327 with chi^2 464.1738907
Minuit succeeded.
area = 3.6869369918 with chi^2 471.336407331
Minuit succeeded.
area = 3.69152164524 with chi^2 468.788460246
Minuit succeeded.
area = 3.69602457889 with chi^2 471.979836679
Minuit succeeded.
area = 3.68984029117 with chi^2 468.769625799
Minuit succeeded.
area = 3.69320360699 with chi^2 474.03586281
Minuit succeeded.
area = 3.69466503 with chi^2 475.646326083
Minuit succeeded.
area = 3.69859392963 with chi^2 474.023963995
eigenvalues: 
-0.0373007
0.0799828
0.394723
1
1
1
1
1.00005
1.03343
3.52912
matrix forced pos-def by adding 0.0408299 to diagonal
MnHesse: matrix is invalid!
MnHesse: matrix is not pos. def.!
MnHesse: matrix was forced pos. def.
FunctionMinimum is invalid.
Minuit failed because covariance is not accurate, and covariance is not positive definite.
Minuit succeeded.
area = 3.68568799576 with chi^2 464.554432117
Minuit succeeded.
area = 3.68333530387 with chi^2 467.564253177
Minuit succeeded.
area = 3.6898351702 with chi^2 471.214243828
Minuit succeeded.
area = 3.68785118141 with chi^2 462.634766899
Minuit succeeded.
area = 3.6673494491 with chi^2 467.952068585
Minuit succeeded.
area = 3.69384541754 with chi^2 472.090361135
Minuit succeeded.
area = 3.69312622429 with chi^2 474.448556182
Minuit succeeded.
area = 3.70077705693 with chi^2 469.255862493
Minuit succeeded.
area = 3.69661014998 with chi^2 474.366121323
Minuit succeeded.
area = 3.69132072891 with chi^2 468.529492326
Minuit succeeded.
area = 3.69612468092 with chi^2 469.256418336
eigenvalues: 
-0.0127023
0.103825
0.384638
1
1
1
1
1.00005
1.03941
3.48478
matrix forced pos-def by adding 0.0161871 to diagonal
MnHesse: matrix is invalid!
MnHesse: matrix is not pos. def.!
MnHesse: matrix was forced pos. def.
FunctionMinimum is invalid.
Minuit failed because covariance is not accurate, and covariance is not positive definite.
Minuit succeeded.
area = 3.69428146626 with chi^2 477.369169637
Minuit succeeded.
area = 3.70125634323 with chi^2 476.018410438
Minuit succeeded.
area = 3.69451285268 with chi^2 473.930450849
Minuit succeeded.
area = 3.69472621266 with chi^2 467.613710683
Minuit succeeded.
area = 3.69021852228 with chi^2 468.003592847
Minuit succeeded.
area = 3.69137467638 with chi^2 468.334211268
Minuit succeeded.
area = 3.69257376359 with chi^2 470.376700371
Minuit succeeded.
area = 3.69722817086 with chi^2 471.596585888
Minuit succeeded.
area = 3.69089692658 with chi^2 477.323712457
Minuit succeeded.
area = 3.68779633908 with chi^2 476.780340457
Minuit succeeded.
area = 3.69943251448 with chi^2 475.929816633
Minuit succeeded.
area = 3.69759909679 with chi^2 470.487289318
eigenvalues: 
-0.000951231
0.085215
0.395707
1
1
1
1
1.00003
1.0391
3.4809
matrix forced pos-def by adding 0.00443214 to diagonal
MnHesse: matrix is invalid!
MnHesse: matrix is not pos. def.!
MnHesse: matrix was forced pos. def.
FunctionMinimum is invalid.
Minuit failed because covariance is not accurate, and covariance is not positive definite.
Minuit succeeded.
area = 3.6914054691 with chi^2 470.835733556
eigenvalues: 
-0.0114942
0.0758248
0.403334
1
1
1
1
1.00019
1.04447
3.48768
matrix forced pos-def by adding 0.0149818 to diagonal
MnHesse: matrix is invalid!
MnHesse: matrix is not pos. def.!
MnHesse: matrix was forced pos. def.
FunctionMinimum is invalid.
Minuit failed because covariance is not accurate, and covariance is not positive definite.
Minuit succeeded.
area = 3.69501806668 with chi^2 469.151708969
eigenvalues: 
-0.0530723
0.0720271
0.39475
1
1
1
1
1.00005
1.04418
3.54206
matrix forced pos-def by adding 0.0566144 to diagonal
MnHesse: matrix is invalid!
MnHesse: matrix is not pos. def.!
MnHesse: matrix was forced pos. def.
FunctionMinimum is invalid.
Minuit failed because covariance is not accurate, and covariance is not positive definite.
Minuit succeeded.
area = 3.6915025519 with chi^2 475.990585945
Minuit succeeded.
area = 3.69487783531 with chi^2 468.300634846
Minuit succeeded.
area = 3.68198959788 with chi^2 465.321777578
Minuit succeeded.
area = 3.6949466375 with chi^2 467.368708163
Minuit succeeded.
area = 3.69075192431 with chi^2 463.531676749
Minuit succeeded.
area = 3.68637862499 with chi^2 470.305689005
Minuit succeeded.
area = 3.6899448009 with chi^2 465.453908834
Minuit succeeded.
area = 3.69798810147 with chi^2 479.343401809
Minuit succeeded.
area = 3.69540916714 with chi^2 473.76378488
Minuit succeeded.
area = 3.68465525188 with chi^2 474.859840568
Minuit succeeded.
area = 3.69108626444 with chi^2 470.62593425
Minuit succeeded.
area = 3.69781104215 with chi^2 470.494060634
Minuit succeeded.
area = 3.68710242429 with chi^2 477.216334894
Minuit succeeded.
area = 3.68195573552 with chi^2 467.854864885
Minuit succeeded.
area = 3.68684516863 with chi^2 470.890009722
Minuit succeeded.
area = 3.68965782718 with chi^2 471.424614539
eigenvalues: 
-0.00470958
0.103891
0.387284
1
1
1
1
1.00006
1.0407
3.47277
matrix forced pos-def by adding 0.00818235 to diagonal
MnHesse: matrix is invalid!
MnHesse: matrix is not pos. def.!
MnHesse: matrix was forced pos. def.
FunctionMinimum is invalid.
Minuit failed because covariance is not accurate, and covariance is not positive definite.
Minuit succeeded.
area = 3.68564822437 with chi^2 474.638306246
Minuit succeeded.
area = 3.6697082632 with chi^2 464.647800105
Minuit succeeded.
area = 3.68512923019 with chi^2 471.703648547
Minuit succeeded.
area = 3.68746574776 with chi^2 471.775260239
Minuit succeeded.
area = 3.69063131722 with chi^2 468.655255727
Minuit succeeded.
area = 3.69730272263 with chi^2 473.869812798
VariableMetricBuilder: no improvement
VariableMetricBuilder: machine accuracy limits further improvement.
Minuit succeeded.
area = 3.6839357459 with chi^2 468.532771591
Minuit succeeded.
area = 3.69834310837 with chi^2 468.12941581
Minuit succeeded.
area = 3.69794634707 with chi^2 473.395710616
Minuit succeeded.
area = 3.69620168676 with chi^2 470.363292706
Minuit succeeded.
area = 3.68622500819 with chi^2 472.301399039
Minuit succeeded.
area = 3.69978123107 with chi^2 475.741176097
Minuit succeeded.
area = 3.67832718868 with chi^2 471.465416228
Minuit succeeded.
area = 3.6928101721 with chi^2 469.110156881
Minuit succeeded.
area = 3.68510403614 with chi^2 467.158910767
Minuit succeeded.
area = 3.68844427359 with chi^2 475.225272736
Minuit succeeded.
area = 3.69245539404 with chi^2 481.81309104
Minuit succeeded.
area = 3.69113338371 with chi^2 466.013101547
Minuit succeeded.
area = 3.69089600017 with chi^2 472.391221037
Minuit succeeded.
area = 3.68654609811 with chi^2 472.788665655
Minuit succeeded.
area = 3.68177647938 with chi^2 471.421054406
Minuit succeeded.
area = 3.68850592312 with chi^2 472.193643062
Minuit succeeded.
area = 3.69213665178 with chi^2 476.41557641
Minuit succeeded.
area = 3.69723278862 with chi^2 466.52286018
Minuit succeeded.
area = 3.68054756622 with chi^2 471.171690833
eigenvalues: 
-0.0151957
0.0795882
0.400898
1
1
1
1
1.00017
1.03938
3.49516
matrix forced pos-def by adding 0.0186909 to diagonal
MnHesse: matrix is invalid!
MnHesse: matrix is not pos. def.!
MnHesse: matrix was forced pos. def.
FunctionMinimum is invalid.
Minuit failed because covariance is not accurate, and covariance is not positive definite.
Minuit succeeded.
area = 3.696271625 with chi^2 470.668596598
Minuit succeeded.
area = 3.69088176752 with chi^2 468.411845463
Minuit succeeded.
area = 3.69797096295 with chi^2 470.314309395
Minuit succeeded.
area = 3.69160145942 with chi^2 468.437458971
Minuit succeeded.
area = 3.69248881539 with chi^2 471.332590816
Minuit succeeded.
area = 3.6935429555 with chi^2 472.744444285
areas mean, stdev = 3.69098436439 0.00621275749703 chi^2 mean, stdev = 471.024613239 3.8051163049
