0.0967237727471
Now with jitter = 0.0
Minuit succeeded.
area = 3.59037522239 with chi^2 425.894411835
areas mean, stdev = 3.59037522239 0.0 chi^2 mean, stdev = 425.894411835 0.0
Now with jitter = 0.05
Minuit succeeded.
area = 3.5983822363 with chi^2 429.102743781
Minuit succeeded.
area = 3.58804869124 with chi^2 424.062241195
Minuit succeeded.
area = 3.58673233122 with chi^2 424.738754335
Minuit succeeded.
area = 3.59667447657 with chi^2 429.654257693
Minuit succeeded.
area = 3.59579398907 with chi^2 425.056405883
Minuit succeeded.
area = 3.59527091188 with chi^2 428.150586631
Minuit succeeded.
area = 3.58786319023 with chi^2 426.336331749
Minuit succeeded.
area = 3.59660965345 with chi^2 431.141247017
Minuit succeeded.
area = 3.58723853648 with chi^2 429.336161046
Minuit succeeded.
area = 3.59861970205 with chi^2 428.585663537
Minuit succeeded.
area = 3.58399553941 with chi^2 426.027298438
Minuit succeeded.
area = 3.59663562393 with chi^2 427.402834616
Minuit succeeded.
area = 3.59134150464 with chi^2 430.595559144
Minuit succeeded.
area = 3.5899959173 with chi^2 427.013520831
Minuit succeeded.
area = 3.58528620257 with chi^2 425.063398825
Minuit succeeded.
area = 3.58819461287 with chi^2 425.64243172
Minuit succeeded.
area = 3.59333858601 with chi^2 425.873275315
Minuit succeeded.
area = 3.59345766069 with chi^2 433.26682057
Minuit succeeded.
area = 3.58688334286 with chi^2 423.992984034
Minuit succeeded.
area = 3.58182777436 with chi^2 427.277457663
Minuit succeeded.
area = 3.58437089988 with chi^2 426.970397458
Minuit succeeded.
area = 3.58426707223 with chi^2 428.036326934
Minuit succeeded.
area = 3.59374174439 with chi^2 429.738752046
Minuit succeeded.
area = 3.58629653737 with chi^2 428.447858029
Minuit succeeded.
area = 3.59050928836 with chi^2 426.332583128
Minuit succeeded.
area = 3.59236608661 with chi^2 427.52480135
Minuit succeeded.
area = 3.59532898168 with chi^2 424.351236323
Minuit succeeded.
area = 3.59234713551 with chi^2 427.96064763
eigenvalues: 
-0.0172829
0.105861
0.388454
1
1
1
1
1.00004
1.0309
3.49203
matrix forced pos-def by adding 0.0207749 to diagonal
MnHesse: matrix is invalid!
MnHesse: matrix is not pos. def.!
MnHesse: matrix was forced pos. def.
FunctionMinimum is invalid.
Minuit failed because covariance is not accurate, and covariance is not positive definite.
Minuit succeeded.
area = 3.59228147431 with chi^2 425.202278628
Minuit succeeded.
area = 3.59081847979 with chi^2 425.838811185
Minuit succeeded.
area = 3.5845059573 with chi^2 426.372119849
Minuit succeeded.
area = 3.59233181358 with chi^2 428.864465421
Minuit succeeded.
area = 3.59577913994 with chi^2 431.934177597
Minuit succeeded.
area = 3.59240894381 with chi^2 431.413785033
Minuit succeeded.
area = 3.59331151621 with chi^2 426.208917697
Minuit succeeded.
area = 3.5941850671 with chi^2 427.572092875
Minuit succeeded.
area = 3.59524402498 with chi^2 424.703373429
Minuit succeeded.
area = 3.5939914551 with chi^2 428.111362537
Minuit succeeded.
area = 3.59445846109 with chi^2 430.655287727
Minuit succeeded.
area = 3.59357361866 with chi^2 430.014929186
Minuit succeeded.
area = 3.59179273735 with chi^2 428.344658818
Minuit succeeded.
area = 3.58694269962 with chi^2 429.244801097
Minuit succeeded.
area = 3.59095136853 with chi^2 429.267532621
Minuit succeeded.
area = 3.59252710971 with chi^2 427.440253313
Minuit succeeded.
area = 3.58761043753 with chi^2 422.210402783
Minuit succeeded.
area = 3.5890489105 with chi^2 430.98988804
Minuit succeeded.
area = 3.59482287777 with chi^2 427.883613047
Minuit succeeded.
area = 3.59696903813 with chi^2 430.145901732
Minuit succeeded.
area = 3.59751945517 with chi^2 428.066303625
Minuit succeeded.
area = 3.59399095052 with chi^2 427.546512526
Minuit succeeded.
area = 3.5879991103 with chi^2 426.857061172
Minuit succeeded.
area = 3.59326321123 with chi^2 427.350426485
Minuit succeeded.
area = 3.59034681173 with chi^2 423.521226426
Minuit succeeded.
area = 3.5975520214 with chi^2 426.107685345
Minuit succeeded.
area = 3.59635907604 with chi^2 429.961958222
Minuit succeeded.
area = 3.58408162534 with chi^2 425.894911064
eigenvalues: 
-0.0194743
0.0925899
0.394929
1
1
1
1
1.00005
1.0283
3.5036
matrix forced pos-def by adding 0.0229779 to diagonal
MnHesse: matrix is invalid!
MnHesse: matrix is not pos. def.!
MnHesse: matrix was forced pos. def.
FunctionMinimum is invalid.
Minuit failed because covariance is not accurate, and covariance is not positive definite.
Minuit succeeded.
area = 3.59681571459 with chi^2 424.464393849
Minuit succeeded.
area = 3.59212742676 with chi^2 427.259247807
Minuit succeeded.
area = 3.5888735427 with chi^2 426.235885925
Minuit succeeded.
area = 3.59057352782 with chi^2 424.725283438
Minuit succeeded.
area = 3.59135257459 with chi^2 429.493189349
Minuit succeeded.
area = 3.59589010495 with chi^2 427.359737223
Minuit succeeded.
area = 3.5995092859 with chi^2 424.733317123
Minuit succeeded.
area = 3.59132045788 with chi^2 427.971102906
Minuit succeeded.
area = 3.59589910932 with chi^2 430.781514909
Minuit succeeded.
area = 3.60441952218 with chi^2 431.672548511
Minuit succeeded.
area = 3.59601837003 with chi^2 425.100663564
Minuit succeeded.
area = 3.59769700772 with chi^2 427.692320648
Minuit succeeded.
area = 3.58993501812 with chi^2 428.202948781
Minuit succeeded.
area = 3.58592942126 with chi^2 426.388936742
Minuit succeeded.
area = 3.58736849348 with chi^2 426.944419255
Minuit succeeded.
area = 3.59771054766 with chi^2 426.440559445
Minuit succeeded.
area = 3.59146899292 with chi^2 426.215329919
Minuit succeeded.
area = 3.59260741629 with chi^2 426.25846945
Minuit succeeded.
area = 3.59396645838 with chi^2 430.928529584
Minuit succeeded.
area = 3.59549725836 with chi^2 431.863465356
Minuit succeeded.
area = 3.5933953912 with chi^2 424.451920626
Minuit succeeded.
area = 3.58890775784 with chi^2 429.181769926
Minuit succeeded.
area = 3.59460794189 with chi^2 427.541170231
Minuit succeeded.
area = 3.59265819219 with chi^2 426.252410179
Minuit succeeded.
area = 3.58664256612 with chi^2 428.655011969
Minuit succeeded.
area = 3.58974835797 with chi^2 430.078252756
Minuit succeeded.
area = 3.59566547738 with chi^2 430.385062436
Minuit succeeded.
area = 3.59142300111 with chi^2 427.785870385
Minuit succeeded.
area = 3.58938977898 with chi^2 427.390082774
Minuit succeeded.
area = 3.59789620674 with chi^2 430.70769577
Minuit succeeded.
area = 3.59515427333 with chi^2 430.594771256
Minuit succeeded.
area = 3.59351810588 with chi^2 428.01340342
Minuit succeeded.
area = 3.59766024235 with chi^2 428.285051005
Minuit succeeded.
area = 3.58955522612 with chi^2 425.498637957
Minuit succeeded.
area = 3.58865151663 with chi^2 427.815840804
Minuit succeeded.
area = 3.59446741838 with chi^2 426.947630026
Minuit succeeded.
area = 3.58663011901 with chi^2 427.283337254
Minuit succeeded.
area = 3.5975876847 with chi^2 428.461872997
Minuit succeeded.
area = 3.59704456068 with chi^2 427.799076385
Minuit succeeded.
area = 3.59319193367 with chi^2 426.094957901
Minuit succeeded.
area = 3.59841745689 with chi^2 430.540528301
Minuit succeeded.
area = 3.59222500411 with chi^2 425.704495861
areas mean, stdev = 3.5923010621 0.00425571061084 chi^2 mean, stdev = 427.669469678 2.17347968761
Now with jitter = 0.07
Minuit succeeded.
area = 3.58786971429 with chi^2 428.302219875
Minuit succeeded.
area = 3.59392507225 with chi^2 425.179071816
Minuit succeeded.
area = 3.59601901634 with chi^2 427.291270378
Minuit succeeded.
area = 3.59455884414 with chi^2 428.705920528
Minuit succeeded.
area = 3.59550139356 with chi^2 423.405958765
eigenvalues: 
-0.0588013
0.0808151
0.41363
1
1
1
1
1.00045
1.04392
3.51999
matrix forced pos-def by adding 0.0623213 to diagonal
MnHesse: matrix is invalid!
MnHesse: matrix is not pos. def.!
MnHesse: matrix was forced pos. def.
FunctionMinimum is invalid.
Minuit failed because covariance is not accurate, and covariance is not positive definite.
Minuit succeeded.
area = 3.59797399223 with chi^2 432.387866698
Minuit succeeded.
area = 3.59101710511 with chi^2 426.806515092
Minuit succeeded.
area = 3.59936935854 with chi^2 429.892987738
eigenvalues: 
-0.00518617
0.0897483
0.399121
1
1
1
1
1.00004
1.03279
3.48349
matrix forced pos-def by adding 0.00866966 to diagonal
MnHesse: matrix is invalid!
MnHesse: matrix is not pos. def.!
MnHesse: matrix was forced pos. def.
FunctionMinimum is invalid.
Minuit failed because covariance is not accurate, and covariance is not positive definite.
Minuit succeeded.
area = 3.60517757049 with chi^2 440.112142051
Minuit succeeded.
area = 3.58315153633 with chi^2 427.513546675
Minuit succeeded.
area = 3.60312500501 with chi^2 430.505339428
Minuit succeeded.
area = 3.59934627962 with chi^2 435.450151798
Minuit succeeded.
area = 3.59115890194 with chi^2 428.787318388
Minuit succeeded.
area = 3.59633002451 with chi^2 428.247468552
Minuit succeeded.
area = 3.59016277807 with chi^2 422.226746393
Minuit succeeded.
area = 3.59237253267 with chi^2 436.198233567
eigenvalues: 
-0.00999454
0.091983
0.393873
1
1
1
1
1.00003
1.02525
3.49885
matrix forced pos-def by adding 0.0134934 to diagonal
MnHesse: matrix is invalid!
MnHesse: matrix is not pos. def.!
MnHesse: matrix was forced pos. def.
FunctionMinimum is invalid.
Minuit failed because covariance is not accurate, and covariance is not positive definite.
Minuit succeeded.
area = 3.59109389715 with chi^2 426.513232676
Minuit succeeded.
area = 3.58519345646 with chi^2 425.467591377
Minuit succeeded.
area = 3.5876743772 with chi^2 426.512132487
Minuit succeeded.
area = 3.59265013274 with chi^2 430.30025579
Minuit succeeded.
area = 3.59082289453 with chi^2 430.313865417
Minuit succeeded.
area = 3.60051988714 with chi^2 431.792895535
Minuit succeeded.
area = 3.59286270718 with chi^2 429.30008567
Minuit succeeded.
area = 3.59876117353 with chi^2 430.158468752
Minuit succeeded.
area = 3.59414558211 with chi^2 431.867288558
Minuit succeeded.
area = 3.59730444859 with chi^2 435.116464108
Minuit succeeded.
area = 3.60201015737 with chi^2 428.097530978
Minuit succeeded.
area = 3.60007457068 with chi^2 435.12280511
Minuit succeeded.
area = 3.59189918664 with chi^2 428.403578451
Minuit succeeded.
area = 3.59168500397 with chi^2 427.598026186
Minuit succeeded.
area = 3.60553614562 with chi^2 433.007906216
Minuit succeeded.
area = 3.58299217009 with chi^2 425.828868832
Minuit succeeded.
area = 3.60914851076 with chi^2 429.493877125
Minuit succeeded.
area = 3.5854781558 with chi^2 425.075532748
Minuit succeeded.
area = 3.60009039484 with chi^2 433.802105842
Minuit succeeded.
area = 3.59059163733 with chi^2 425.162427085
Minuit succeeded.
area = 3.595125194 with chi^2 430.678032923
Minuit succeeded.
area = 3.59875481007 with chi^2 428.272046429
Minuit succeeded.
area = 3.59693650525 with chi^2 434.280724212
Minuit succeeded.
area = 3.59397556183 with chi^2 426.063729443
Minuit succeeded.
area = 3.59374039655 with chi^2 425.740372649
Minuit succeeded.
area = 3.5983691454 with chi^2 426.069209789
Minuit succeeded.
area = 3.59401069626 with chi^2 429.528883183
Minuit succeeded.
area = 3.60089925736 with chi^2 427.085324943
Minuit succeeded.
area = 3.5998711644 with chi^2 431.892238896
Minuit succeeded.
area = 3.59056848731 with chi^2 432.105176234
Minuit succeeded.
area = 3.59129326118 with chi^2 425.489346645
Minuit succeeded.
area = 3.59431670227 with chi^2 425.943497698
Minuit succeeded.
area = 3.58677503378 with chi^2 430.594346017
Minuit succeeded.
area = 3.59264735132 with chi^2 429.82709911
Minuit succeeded.
area = 3.59226892928 with chi^2 431.041776138
Minuit succeeded.
area = 3.58787332827 with chi^2 426.669976697
eigenvalues: 
-0.0233961
0.0856002
0.391559
1
1
1
1
1.00001
1.03689
3.50934
matrix forced pos-def by adding 0.0269055 to diagonal
MnHesse: matrix is invalid!
MnHesse: matrix is not pos. def.!
MnHesse: matrix was forced pos. def.
FunctionMinimum is invalid.
Minuit failed because covariance is not accurate, and covariance is not positive definite.
eigenvalues: 
-0.0111192
0.0933787
0.394337
1
1
1
1
1.00005
1.0301
3.49325
matrix forced pos-def by adding 0.0146124 to diagonal
MnHesse: matrix is invalid!
MnHesse: matrix is not pos. def.!
MnHesse: matrix was forced pos. def.
FunctionMinimum is invalid.
Minuit failed because covariance is not accurate, and covariance is not positive definite.
Minuit succeeded.
area = 3.59695058777 with chi^2 428.788610156
Minuit succeeded.
area = 3.59876715506 with chi^2 430.457595828
Minuit succeeded.
area = 3.59984630606 with chi^2 422.066782189
Minuit succeeded.
area = 3.59492101623 with chi^2 428.905738456
Minuit succeeded.
area = 3.59415512892 with chi^2 427.063065646
Minuit succeeded.
area = 3.59162561032 with chi^2 427.771764693
Minuit succeeded.
area = 3.59051649566 with chi^2 434.679238921
Minuit succeeded.
area = 3.59479180243 with chi^2 433.48476892
Minuit succeeded.
area = 3.59601700441 with chi^2 430.047159222
Minuit succeeded.
area = 3.59491595839 with chi^2 429.813225205
Minuit succeeded.
area = 3.59979018532 with chi^2 432.57921462
Minuit succeeded.
area = 3.59053907279 with chi^2 430.635710381
eigenvalues: 
-0.00308889
0.0975046
0.391367
1
1
1
1
1.00006
1.02371
3.49045
matrix forced pos-def by adding 0.00657934 to diagonal
MnHesse: matrix is invalid!
MnHesse: matrix is not pos. def.!
MnHesse: matrix was forced pos. def.
FunctionMinimum is invalid.
Minuit failed because covariance is not accurate, and covariance is not positive definite.
Minuit succeeded.
area = 3.58732528589 with chi^2 424.549631471
Minuit succeeded.
area = 3.61212886989 with chi^2 436.15600175
Minuit succeeded.
area = 3.60294201439 with chi^2 434.388533386
Minuit succeeded.
area = 3.59916259871 with chi^2 427.077719976
Minuit succeeded.
area = 3.59502257414 with chi^2 427.534320737
Minuit succeeded.
area = 3.58838810028 with chi^2 426.469320024
Minuit succeeded.
area = 3.59155556542 with chi^2 432.41893183
Minuit succeeded.
area = 3.58456313887 with chi^2 426.279042869
Minuit succeeded.
area = 3.58487505059 with chi^2 430.090158072
Minuit succeeded.
area = 3.59362751621 with chi^2 429.362045011
Minuit succeeded.
area = 3.59055038785 with chi^2 429.705203673
Minuit succeeded.
area = 3.58962900683 with chi^2 425.240005811
Minuit succeeded.
area = 3.59875281254 with chi^2 429.016957411
Minuit succeeded.
area = 3.59052549869 with chi^2 427.348831088
Minuit succeeded.
area = 3.59157495432 with chi^2 427.870157442
Minuit succeeded.
area = 3.59922579503 with chi^2 431.915117841
Minuit succeeded.
area = 3.59575961758 with chi^2 428.144972319
Minuit succeeded.
area = 3.59919407542 with chi^2 429.426252924
Minuit succeeded.
area = 3.59675964421 with chi^2 429.435580941
Minuit succeeded.
area = 3.59370707098 with chi^2 433.760134014
Minuit succeeded.
area = 3.58384396818 with chi^2 421.694450003
Minuit succeeded.
area = 3.59418898462 with chi^2 430.090957558
Minuit succeeded.
area = 3.61139202549 with chi^2 426.719794624
Minuit succeeded.
area = 3.59928178551 with chi^2 430.50501195
Minuit succeeded.
area = 3.58356177616 with chi^2 426.396957726
Minuit succeeded.
area = 3.59185574623 with chi^2 425.597784471
Minuit succeeded.
area = 3.60046965186 with chi^2 432.956394274
Minuit succeeded.
area = 3.59620033126 with chi^2 430.695820922
Minuit succeeded.
area = 3.58735750479 with chi^2 423.935124914
Minuit succeeded.
area = 3.59463256034 with chi^2 423.116752422
areas mean, stdev = 3.59453095399 0.00586767641852 chi^2 mean, stdev = 429.100216164 3.45196549384
