0.311660125917
Now with jitter = 0.0
Minuit succeeded.
area = 3.70464602783 with chi^2 450.211647629
areas mean, stdev = 3.70464602783 0.0 chi^2 mean, stdev = 450.211647629 0.0
Now with jitter = 0.05
Minuit succeeded.
area = 3.70561064836 with chi^2 454.029947133
Minuit succeeded.
area = 3.70955877842 with chi^2 450.545552523
eigenvalues: 
-0.0283686
0.0936116
0.395099
1
1
1
1
1.00003
1.02935
3.51028
matrix forced pos-def by adding 0.0318789 to diagonal
MnHesse: matrix is invalid!
MnHesse: matrix is not pos. def.!
MnHesse: matrix was forced pos. def.
FunctionMinimum is invalid.
Minuit failed because covariance is not accurate, and covariance is not positive definite.
Minuit succeeded.
area = 3.70433493555 with chi^2 450.294195864
Minuit succeeded.
area = 3.70581443111 with chi^2 450.046927365
Minuit succeeded.
area = 3.70905069152 with chi^2 448.132316482
Minuit succeeded.
area = 3.71038094855 with chi^2 447.551129673
Minuit succeeded.
area = 3.70515811323 with chi^2 454.098286293
Minuit succeeded.
area = 3.71280075756 with chi^2 454.890786063
Minuit succeeded.
area = 3.70779494161 with chi^2 452.067402042
Minuit succeeded.
area = 3.71074323641 with chi^2 452.736488163
Minuit succeeded.
area = 3.7134935381 with chi^2 457.36027084
Minuit succeeded.
area = 3.69188152914 with chi^2 449.518842085
Minuit succeeded.
area = 3.70554628443 with chi^2 453.882492423
Minuit succeeded.
area = 3.70842624867 with chi^2 453.222217288
Minuit succeeded.
area = 3.69854144259 with chi^2 446.89061965
Minuit succeeded.
area = 3.70851491583 with chi^2 450.435272277
Minuit succeeded.
area = 3.70496247739 with chi^2 447.734813576
Minuit succeeded.
area = 3.70469943418 with chi^2 451.360697598
Minuit succeeded.
area = 3.71077139868 with chi^2 453.574760657
Minuit succeeded.
area = 3.70745427359 with chi^2 449.112341635
Minuit succeeded.
area = 3.70926591144 with chi^2 452.608392259
Minuit succeeded.
area = 3.71679506473 with chi^2 456.178362597
Minuit succeeded.
area = 3.70710498039 with chi^2 451.378668648
Minuit succeeded.
area = 3.70804169195 with chi^2 452.422464803
Minuit succeeded.
area = 3.70796754933 with chi^2 447.275832391
Minuit succeeded.
area = 3.70016207928 with chi^2 451.557446618
Minuit succeeded.
area = 3.70894294181 with chi^2 453.87579968
eigenvalues: 
-0.0282964
0.0868209
0.398084
1
1
1
1
1.00002
1.01596
3.52741
matrix forced pos-def by adding 0.0318238 to diagonal
MnHesse: matrix is invalid!
MnHesse: matrix is not pos. def.!
MnHesse: matrix was forced pos. def.
FunctionMinimum is invalid.
Minuit failed because covariance is not accurate, and covariance is not positive definite.
Minuit succeeded.
area = 3.71429048042 with chi^2 457.999191679
eigenvalues: 
-0.0467291
0.0833632
0.404654
1
1
1
1
1.00011
1.02239
3.53621
matrix forced pos-def by adding 0.0502653 to diagonal
MnHesse: matrix is invalid!
MnHesse: matrix is not pos. def.!
MnHesse: matrix was forced pos. def.
FunctionMinimum is invalid.
Minuit failed because covariance is not accurate, and covariance is not positive definite.
Minuit succeeded.
area = 3.71216248089 with chi^2 454.563965112
Minuit succeeded.
area = 3.70310606284 with chi^2 450.197245217
Minuit succeeded.
area = 3.70550068281 with chi^2 451.806426262
Minuit succeeded.
area = 3.70526972346 with chi^2 453.08538469
Minuit succeeded.
area = 3.70271496699 with chi^2 450.606723838
Minuit succeeded.
area = 3.70693809357 with chi^2 457.755679256
Minuit succeeded.
area = 3.71034770322 with chi^2 454.850900997
Minuit succeeded.
area = 3.6939636305 with chi^2 450.179611374
Minuit succeeded.
area = 3.71003467458 with chi^2 451.322381168
Minuit succeeded.
area = 3.70341161573 with chi^2 450.472028009
Minuit succeeded.
area = 3.70402896672 with chi^2 448.564263044
Minuit succeeded.
area = 3.709406977 with chi^2 453.669550405
Minuit succeeded.
area = 3.70375986001 with chi^2 449.354644283
eigenvalues: 
-0.0137556
0.0973593
0.39725
1
1
1
1
1.00011
1.02125
3.49779
matrix forced pos-def by adding 0.0172534 to diagonal
MnHesse: matrix is invalid!
MnHesse: matrix is not pos. def.!
MnHesse: matrix was forced pos. def.
FunctionMinimum is invalid.
Minuit failed because covariance is not accurate, and covariance is not positive definite.
Minuit succeeded.
area = 3.71428197171 with chi^2 451.128962735
Minuit succeeded.
area = 3.70894823047 with chi^2 449.295051938
Minuit succeeded.
area = 3.70898286671 with chi^2 452.156916505
Minuit succeeded.
area = 3.70417896226 with chi^2 452.339450512
Minuit succeeded.
area = 3.71150711803 with chi^2 451.735529442
eigenvalues: 
-0.00502494
0.103053
0.392057
1
1
1
1
1.00001
1.02966
3.48024
matrix forced pos-def by adding 0.00850518 to diagonal
MnHesse: matrix is invalid!
MnHesse: matrix is not pos. def.!
MnHesse: matrix was forced pos. def.
FunctionMinimum is invalid.
Minuit failed because covariance is not accurate, and covariance is not positive definite.
eigenvalues: 
-0.0802252
0.0801395
0.400435
1
1
1
1
1.00013
1.01506
3.58446
matrix forced pos-def by adding 0.0838097 to diagonal
MnHesse: matrix is invalid!
MnHesse: matrix is not pos. def.!
MnHesse: matrix was forced pos. def.
FunctionMinimum is invalid.
Minuit failed because covariance is not accurate, and covariance is not positive definite.
Minuit succeeded.
area = 3.69407505417 with chi^2 446.931981716
Minuit succeeded.
area = 3.70085024983 with chi^2 450.717110122
Minuit succeeded.
area = 3.71236574267 with chi^2 452.101193649
Minuit succeeded.
area = 3.70573065885 with chi^2 452.819969527
Minuit succeeded.
area = 3.71003010653 with chi^2 453.349848611
Minuit succeeded.
area = 3.70906244726 with chi^2 452.723880854
Minuit succeeded.
area = 3.7072807848 with chi^2 447.990049261
eigenvalues: 
-0.0396734
0.0891692
0.399746
1
1
1
1
1.00011
1.02507
3.52558
matrix forced pos-def by adding 0.043199 to diagonal
MnHesse: matrix is invalid!
MnHesse: matrix is not pos. def.!
MnHesse: matrix was forced pos. def.
FunctionMinimum is invalid.
Minuit failed because covariance is not accurate, and covariance is not positive definite.
Minuit succeeded.
area = 3.70669055091 with chi^2 450.367152362
Minuit succeeded.
area = 3.70553520202 with chi^2 449.537631673
Minuit succeeded.
area = 3.70998734848 with chi^2 453.493470024
Minuit succeeded.
area = 3.70936686492 with chi^2 456.344648536
Minuit succeeded.
area = 3.69874718821 with chi^2 448.485514752
Minuit succeeded.
area = 3.70664592049 with chi^2 452.159016364
Minuit succeeded.
area = 3.70819597775 with chi^2 449.336965979
Minuit succeeded.
area = 3.70099752685 with chi^2 452.486528577
Minuit succeeded.
area = 3.7036782389 with chi^2 453.267198775
Minuit succeeded.
area = 3.7035345005 with chi^2 450.620978699
Minuit succeeded.
area = 3.72206121182 with chi^2 456.530143101
Minuit succeeded.
area = 3.71399080353 with chi^2 452.614947523
Minuit succeeded.
area = 3.70484512597 with chi^2 451.98230232
Minuit succeeded.
area = 3.70711538803 with chi^2 454.682247727
Minuit succeeded.
area = 3.69534526362 with chi^2 449.63493078
Minuit succeeded.
area = 3.70914934972 with chi^2 451.141322839
Minuit succeeded.
area = 3.70439534778 with chi^2 452.53522127
Minuit succeeded.
area = 3.70845433957 with chi^2 449.074040123
Minuit succeeded.
area = 3.69888864937 with chi^2 454.529567961
Minuit succeeded.
area = 3.70738781936 with chi^2 449.816539493
Minuit succeeded.
area = 3.70890618892 with chi^2 455.360594541
eigenvalues: 
-0.019231
0.0883998
0.405711
1
1
1
1
1.00025
1.01524
3.50962
matrix forced pos-def by adding 0.0227407 to diagonal
MnHesse: matrix is invalid!
MnHesse: matrix is not pos. def.!
MnHesse: matrix was forced pos. def.
FunctionMinimum is invalid.
Minuit failed because covariance is not accurate, and covariance is not positive definite.
Minuit succeeded.
area = 3.71046941212 with chi^2 449.861953669
Minuit succeeded.
area = 3.69963702256 with chi^2 452.111584958
Minuit succeeded.
area = 3.70935687052 with chi^2 452.715540552
Minuit succeeded.
area = 3.70616263194 with chi^2 454.066464834
Minuit succeeded.
area = 3.70036640799 with chi^2 449.216741215
Minuit succeeded.
area = 3.70265149463 with chi^2 451.730247431
Minuit succeeded.
area = 3.71207314836 with chi^2 454.353110971
Minuit succeeded.
area = 3.70368044187 with chi^2 448.924530021
Minuit succeeded.
area = 3.7142253187 with chi^2 454.509803624
Minuit succeeded.
area = 3.7066097068 with chi^2 449.373749159
eigenvalues: 
-0.0268917
0.0916805
0.398683
1
1
1
1
1.00014
1.01438
3.52201
matrix forced pos-def by adding 0.0304137 to diagonal
MnHesse: matrix is invalid!
MnHesse: matrix is not pos. def.!
MnHesse: matrix was forced pos. def.
FunctionMinimum is invalid.
Minuit failed because covariance is not accurate, and covariance is not positive definite.
eigenvalues: 
-0.0490151
0.0874612
0.402329
1
1
1
1
1.00036
1.01588
3.54299
matrix forced pos-def by adding 0.0525581 to diagonal
MnHesse: matrix is invalid!
MnHesse: matrix is not pos. def.!
MnHesse: matrix was forced pos. def.
FunctionMinimum is invalid.
Minuit failed because covariance is not accurate, and covariance is not positive definite.
Minuit succeeded.
area = 3.71419248372 with chi^2 455.070606938
Minuit succeeded.
area = 3.70683453039 with chi^2 453.963397515
Minuit succeeded.
area = 3.70683573315 with chi^2 454.434544298
Minuit succeeded.
area = 3.70443676602 with chi^2 450.917633617
Minuit succeeded.
area = 3.71154576988 with chi^2 452.719277407
Minuit succeeded.
area = 3.69954214308 with chi^2 449.185660168
areas mean, stdev = 3.70676208938 0.00504884908208 chi^2 mean, stdev = 451.862845296 2.51059406526
Now with jitter = 0.07
Minuit succeeded.
area = 3.70385237682 with chi^2 458.135535794
Minuit succeeded.
area = 3.71691686269 with chi^2 463.996624382
Minuit succeeded.
area = 3.71023087435 with chi^2 456.600215182
Minuit succeeded.
area = 3.71459759772 with chi^2 457.163981678
Minuit succeeded.
area = 3.70644549569 with chi^2 451.630629013
Minuit succeeded.
area = 3.70534626254 with chi^2 461.950135188
Minuit succeeded.
area = 3.70922491236 with chi^2 455.098194306
Minuit succeeded.
area = 3.70898609003 with chi^2 446.356014409
Minuit succeeded.
area = 3.7012005391 with chi^2 451.260827771
Minuit succeeded.
area = 3.71210646224 with chi^2 447.922802722
Minuit succeeded.
area = 3.70069590849 with chi^2 452.935362354
eigenvalues: 
-0.157192
0.079804
0.399285
1
1
1
1
1.00017
1.01759
3.66034
matrix forced pos-def by adding 0.160852 to diagonal
MnHesse: matrix is invalid!
MnHesse: matrix is not pos. def.!
MnHesse: matrix was forced pos. def.
FunctionMinimum is invalid.
Minuit failed because covariance is not accurate, and covariance is not positive definite.
Minuit succeeded.
area = 3.7127125312 with chi^2 453.827664039
Minuit succeeded.
area = 3.71633666873 with chi^2 445.960095978
eigenvalues: 
-0.0062738
0.0959404
0.39323
1
1
1
1
1.00006
1.01968
3.49736
matrix forced pos-def by adding 0.00977116 to diagonal
MnHesse: matrix is invalid!
MnHesse: matrix is not pos. def.!
MnHesse: matrix was forced pos. def.
FunctionMinimum is invalid.
Minuit failed because covariance is not accurate, and covariance is not positive definite.
Minuit succeeded.
area = 3.69731655317 with chi^2 451.056909231
Minuit succeeded.
area = 3.71371146284 with chi^2 454.054032615
Minuit succeeded.
area = 3.71609272271 with chi^2 455.894984121
Minuit succeeded.
area = 3.70777601601 with chi^2 450.821677944
Minuit succeeded.
area = 3.72401091046 with chi^2 458.435778089
Minuit succeeded.
area = 3.71088246386 with chi^2 459.068780758
Minuit succeeded.
area = 3.71136944755 with chi^2 454.468370825
Minuit succeeded.
area = 3.71332627799 with chi^2 457.035607137
Minuit succeeded.
area = 3.71434664687 with chi^2 455.780894727
eigenvalues: 
-0.00872052
0.100809
0.396046
1
1
1
1
1.00003
1.0247
3.48713
matrix forced pos-def by adding 0.0122077 to diagonal
MnHesse: matrix is invalid!
MnHesse: matrix is not pos. def.!
MnHesse: matrix was forced pos. def.
FunctionMinimum is invalid.
Minuit failed because covariance is not accurate, and covariance is not positive definite.
Minuit succeeded.
area = 3.70987466818 with chi^2 450.812808014
Minuit succeeded.
area = 3.70386915878 with chi^2 454.101031416
Minuit succeeded.
area = 3.70272650307 with chi^2 454.094538118
Minuit succeeded.
area = 3.71261286413 with chi^2 453.454039542
Minuit succeeded.
area = 3.72628950983 with chi^2 457.127317339
Minuit succeeded.
area = 3.71312531751 with chi^2 456.512064562
Minuit succeeded.
area = 3.70546934935 with chi^2 458.769259581
Minuit succeeded.
area = 3.71138898944 with chi^2 449.377914455
Minuit succeeded.
area = 3.69913253196 with chi^2 456.365275883
Minuit succeeded.
area = 3.71353867903 with chi^2 456.459703538
eigenvalues: 
-0.0254161
0.0866261
0.398507
1
1
1
1
1.00004
1.03329
3.50695
matrix forced pos-def by adding 0.028923 to diagonal
MnHesse: matrix is invalid!
MnHesse: matrix is not pos. def.!
MnHesse: matrix was forced pos. def.
FunctionMinimum is invalid.
Minuit failed because covariance is not accurate, and covariance is not positive definite.
Minuit succeeded.
area = 3.7119925506 with chi^2 455.36731612
Minuit succeeded.
area = 3.71427504854 with chi^2 456.470426424
Minuit succeeded.
area = 3.71216051484 with chi^2 454.408060477
Minuit succeeded.
area = 3.70334253142 with chi^2 454.278819559
Minuit succeeded.
area = 3.69986635493 with chi^2 445.694905277
Minuit succeeded.
area = 3.70275324009 with chi^2 453.418773536
Minuit succeeded.
area = 3.71516633264 with chi^2 450.551366082
Minuit succeeded.
area = 3.71467690379 with chi^2 452.639435668
eigenvalues: 
-0.00116785
0.102653
0.394824
1
1
1
1
1.00002
1.03019
3.47348
matrix forced pos-def by adding 0.00464133 to diagonal
MnHesse: matrix is invalid!
MnHesse: matrix is not pos. def.!
MnHesse: matrix was forced pos. def.
FunctionMinimum is invalid.
Minuit failed because covariance is not accurate, and covariance is not positive definite.
Minuit succeeded.
area = 3.70269930887 with chi^2 458.196199042
Minuit succeeded.
area = 3.7131310028 with chi^2 457.558620021
Minuit succeeded.
area = 3.70352630662 with chi^2 455.442799047
Minuit succeeded.
area = 3.71449489343 with chi^2 455.92795548
Minuit succeeded.
area = 3.72043862941 with chi^2 454.466680421
Minuit succeeded.
area = 3.70780035753 with chi^2 446.0638554
Minuit succeeded.
area = 3.70403992114 with chi^2 451.080770215
eigenvalues: 
-0.00986128
0.111384
0.38687
1
1
1
1
1.00007
1.02416
3.48738
matrix forced pos-def by adding 0.0133487 to diagonal
MnHesse: matrix is invalid!
MnHesse: matrix is not pos. def.!
MnHesse: matrix was forced pos. def.
FunctionMinimum is invalid.
Minuit failed because covariance is not accurate, and covariance is not positive definite.
Minuit succeeded.
area = 3.70277451643 with chi^2 449.978950532
Minuit succeeded.
area = 3.71429282866 with chi^2 452.413935669
Minuit succeeded.
area = 3.72273144519 with chi^2 450.884810052
Minuit succeeded.
area = 3.69781476452 with chi^2 452.518297171
Minuit succeeded.
area = 3.70579248558 with chi^2 451.623842545
Minuit succeeded.
area = 3.70930429373 with chi^2 452.670500443
Minuit succeeded.
area = 3.71316132516 with chi^2 452.903955459
Minuit succeeded.
area = 3.70561600515 with chi^2 446.371620925
Minuit succeeded.
area = 3.69653904969 with chi^2 450.221307459
Minuit succeeded.
area = 3.71421129885 with chi^2 454.673850913
Minuit succeeded.
area = 3.71086770615 with chi^2 453.820590842
Minuit succeeded.
area = 3.70666556859 with chi^2 449.88528424
Minuit succeeded.
area = 3.71149919248 with chi^2 456.665552
Minuit succeeded.
area = 3.71843948765 with chi^2 456.883639302
eigenvalues: 
-0.0111653
0.0931042
0.400447
1
1
1
1
1.00011
1.01676
3.50074
matrix forced pos-def by adding 0.014666 to diagonal
MnHesse: matrix is invalid!
MnHesse: matrix is not pos. def.!
MnHesse: matrix was forced pos. def.
FunctionMinimum is invalid.
Minuit failed because covariance is not accurate, and covariance is not positive definite.
Minuit succeeded.
area = 3.71562517221 with chi^2 456.589008088
Minuit succeeded.
area = 3.68872309859 with chi^2 449.706965224
Minuit succeeded.
area = 3.71077583154 with chi^2 458.899617558
Minuit succeeded.
area = 3.7207207188 with chi^2 453.011081381
Minuit succeeded.
area = 3.71399727441 with chi^2 452.137676713
Minuit succeeded.
area = 3.71740111367 with chi^2 448.550301803
eigenvalues: 
-0.0519267
0.0766231
0.406779
1
1
1
1
1.00025
1.01155
3.55673
matrix forced pos-def by adding 0.0554834 to diagonal
MnHesse: matrix is invalid!
MnHesse: matrix is not pos. def.!
MnHesse: matrix was forced pos. def.
FunctionMinimum is invalid.
Minuit failed because covariance is not accurate, and covariance is not positive definite.
Minuit succeeded.
area = 3.70479473569 with chi^2 449.57716173
eigenvalues: 
-0.0427987
0.0857478
0.406338
1
1
1
1
1.00011
1.01272
3.53788
matrix forced pos-def by adding 0.0463365 to diagonal
MnHesse: matrix is invalid!
MnHesse: matrix is not pos. def.!
MnHesse: matrix was forced pos. def.
FunctionMinimum is invalid.
Minuit failed because covariance is not accurate, and covariance is not positive definite.
Minuit succeeded.
area = 3.71859956435 with chi^2 454.810199746
Minuit succeeded.
area = 3.71059777167 with chi^2 455.606785299
Minuit succeeded.
area = 3.70889974149 with chi^2 452.663111911
Minuit succeeded.
area = 3.70989240533 with chi^2 454.486625391
Minuit succeeded.
area = 3.7020255455 with chi^2 448.954699191
eigenvalues: 
-0.0441717
0.0901245
0.397601
1
1
1
1
1.00019
1.01863
3.53763
matrix forced pos-def by adding 0.0477093 to diagonal
MnHesse: matrix is invalid!
MnHesse: matrix is not pos. def.!
MnHesse: matrix was forced pos. def.
FunctionMinimum is invalid.
Minuit failed because covariance is not accurate, and covariance is not positive definite.
Minuit succeeded.
area = 3.72248016523 with chi^2 457.302520361
Minuit succeeded.
area = 3.71717245518 with chi^2 452.653559341
Minuit succeeded.
area = 3.7163648348 with chi^2 456.448360336
Minuit succeeded.
area = 3.71680053808 with chi^2 452.895560543
Minuit succeeded.
area = 3.7026569839 with chi^2 454.649226272
Minuit succeeded.
area = 3.70419279692 with chi^2 450.191473076
Minuit succeeded.
area = 3.71235620276 with chi^2 454.029168072
Minuit succeeded.
area = 3.71310102299 with chi^2 452.16305531
Minuit succeeded.
area = 3.71018279254 with chi^2 451.903870123
Minuit succeeded.
area = 3.71406151931 with chi^2 459.248993751
Minuit succeeded.
area = 3.70031769465 with chi^2 448.592333444
Minuit succeeded.
area = 3.72033357221 with chi^2 455.557338232
Minuit succeeded.
area = 3.70463684151 with chi^2 455.213880991
Minuit succeeded.
area = 3.70248579773 with chi^2 452.399688573
Minuit succeeded.
area = 3.71898270237 with chi^2 451.122784154
Minuit succeeded.
area = 3.71514169051 with chi^2 450.021644565
Minuit succeeded.
area = 3.71133001491 with chi^2 451.103092655
areas mean, stdev = 3.71022485687 0.00685771270205 chi^2 mean, stdev = 453.556677499 3.54805672977
