0.710937956006
Now with jitter = 0.0
Minuit succeeded.
area = 3.55390426857 with chi^2 462.141621292
areas mean, stdev = 3.55390426857 0.0 chi^2 mean, stdev = 462.141621292 0.0
Now with jitter = 0.05
Minuit succeeded.
area = 3.5586503126 with chi^2 464.796673779
Minuit succeeded.
area = 3.55329055902 with chi^2 465.438016003
Minuit succeeded.
area = 3.56179985448 with chi^2 465.411600031
Minuit succeeded.
area = 3.5627070534 with chi^2 462.881188311
Minuit succeeded.
area = 3.557187055 with chi^2 465.695376806
Minuit succeeded.
area = 3.54773638354 with chi^2 459.475528276
Minuit succeeded.
area = 3.56573684544 with chi^2 467.45929512
Minuit succeeded.
area = 3.55318452123 with chi^2 463.021560739
Minuit succeeded.
area = 3.55095790559 with chi^2 459.529292551
Minuit succeeded.
area = 3.54883456975 with chi^2 465.033234476
Minuit succeeded.
area = 3.55718432687 with chi^2 467.010186656
Minuit succeeded.
area = 3.56097334754 with chi^2 466.683198598
Minuit succeeded.
area = 3.55435149033 with chi^2 463.635764972
Minuit succeeded.
area = 3.55885808689 with chi^2 464.021602115
eigenvalues: 
-0.0713113
0.0776933
0.39672
1
1
1
1
1.00061
1.03842
3.55787
matrix forced pos-def by adding 0.0748691 to diagonal
MnHesse: matrix is invalid!
MnHesse: matrix is not pos. def.!
MnHesse: matrix was forced pos. def.
FunctionMinimum is invalid.
Minuit failed because covariance is not accurate, and covariance is not positive definite.
Minuit succeeded.
area = 3.55409883898 with chi^2 462.616746309
Minuit succeeded.
area = 3.56281132277 with chi^2 465.490341674
Minuit succeeded.
area = 3.56457760509 with chi^2 464.596426011
Minuit succeeded.
area = 3.55409842829 with chi^2 465.418981794
Minuit succeeded.
area = 3.55634356812 with chi^2 465.325633043
Minuit succeeded.
area = 3.55339913396 with chi^2 462.206222423
Minuit succeeded.
area = 3.55585477295 with chi^2 470.167043569
Minuit succeeded.
area = 3.55866629519 with chi^2 469.470243505
Minuit succeeded.
area = 3.55672399451 with chi^2 463.320615997
Minuit succeeded.
area = 3.55636157608 with chi^2 463.536452285
Minuit succeeded.
area = 3.55605899409 with chi^2 464.439377927
Minuit succeeded.
area = 3.56023442947 with chi^2 462.374328717
Minuit succeeded.
area = 3.56258054493 with chi^2 469.186096003
eigenvalues: 
-0.0153884
0.0847022
0.39911
1
1
1
1
1.00009
1.02731
3.50418
matrix forced pos-def by adding 0.0188925 to diagonal
MnHesse: matrix is invalid!
MnHesse: matrix is not pos. def.!
MnHesse: matrix was forced pos. def.
FunctionMinimum is invalid.
Minuit failed because covariance is not accurate, and covariance is not positive definite.
Minuit succeeded.
area = 3.55673048934 with chi^2 469.271745911
Minuit succeeded.
area = 3.55498211536 with chi^2 465.452981414
Minuit succeeded.
area = 3.55390601631 with chi^2 463.845562204
Minuit succeeded.
area = 3.55741843993 with chi^2 458.897556979
Minuit succeeded.
area = 3.55233051139 with chi^2 460.05045771
Minuit succeeded.
area = 3.54959049571 with chi^2 465.31852991
Minuit succeeded.
area = 3.54550663537 with chi^2 462.580354097
Minuit succeeded.
area = 3.55400084473 with chi^2 466.558486447
Minuit succeeded.
area = 3.54186937092 with chi^2 461.811752421
Minuit succeeded.
area = 3.56068247393 with chi^2 463.552240438
Minuit succeeded.
area = 3.55726656765 with chi^2 463.672147462
Minuit succeeded.
area = 3.55658804741 with chi^2 464.418932408
Minuit succeeded.
area = 3.55740828872 with chi^2 464.816215136
Minuit succeeded.
area = 3.55271691441 with chi^2 468.58032478
Minuit succeeded.
area = 3.55886185788 with chi^2 463.958157683
Minuit succeeded.
area = 3.55259108236 with chi^2 463.87063964
Minuit succeeded.
area = 3.55897673385 with chi^2 469.203505779
Minuit succeeded.
area = 3.55250718635 with chi^2 462.735763871
Minuit succeeded.
area = 3.55260364471 with chi^2 462.058576657
Minuit succeeded.
area = 3.5544883078 with chi^2 466.594072187
Minuit succeeded.
area = 3.55980033251 with chi^2 464.889075167
Minuit succeeded.
area = 3.56106650595 with chi^2 463.391011139
Minuit succeeded.
area = 3.55610981946 with chi^2 464.835275228
Minuit succeeded.
area = 3.55702862637 with chi^2 461.732299085
Minuit succeeded.
area = 3.55630781435 with chi^2 460.745984323
Minuit succeeded.
area = 3.55712594112 with chi^2 460.951450475
Minuit succeeded.
area = 3.55685598234 with chi^2 466.667038453
Minuit succeeded.
area = 3.55371252756 with chi^2 468.274651618
Minuit succeeded.
area = 3.55728857019 with chi^2 464.743990816
Minuit succeeded.
area = 3.54658389747 with chi^2 461.53512764
Minuit succeeded.
area = 3.55392810883 with chi^2 459.825464307
Minuit succeeded.
area = 3.55525702788 with chi^2 463.478637084
Minuit succeeded.
area = 3.55423075648 with chi^2 467.207492231
Minuit succeeded.
area = 3.55423807613 with chi^2 467.757038346
Minuit succeeded.
area = 3.55321514272 with chi^2 460.854781831
Minuit succeeded.
area = 3.56175892503 with chi^2 467.084335461
Minuit succeeded.
area = 3.55240253924 with chi^2 462.116721395
Minuit succeeded.
area = 3.5558719614 with chi^2 461.483535473
Minuit succeeded.
area = 3.54827885417 with chi^2 464.254176548
Minuit succeeded.
area = 3.55577135241 with chi^2 463.437951816
Minuit succeeded.
area = 3.55322086788 with chi^2 465.228469194
Minuit succeeded.
area = 3.55874066468 with chi^2 469.020206351
Minuit succeeded.
area = 3.56971519464 with chi^2 470.468316699
Minuit succeeded.
area = 3.56073251265 with chi^2 458.477936574
VariableMetricBuilder: matrix not pos.def.
gdel > 0: 1.96943e-06
negative or zero diagonal element 1 in covariance matrix
added 1.00041 to diagonal of error matrix
gdel: 1.96943e-06
Minuit succeeded.
area = 3.55086984193 with chi^2 467.697335568
Minuit succeeded.
area = 3.5534493759 with chi^2 465.491830522
Minuit succeeded.
area = 3.55839335356 with chi^2 465.260413919
Minuit succeeded.
area = 3.55155024855 with chi^2 463.390062059
Minuit succeeded.
area = 3.55662949326 with chi^2 464.933332856
Minuit succeeded.
area = 3.56146290285 with chi^2 462.950983444
Minuit succeeded.
area = 3.56300570632 with chi^2 464.549417912
eigenvalues: 
-0.0140116
0.09257
0.387189
1
1
1
1
1.00005
1.03106
3.50314
matrix forced pos-def by adding 0.0175148 to diagonal
MnHesse: matrix is invalid!
MnHesse: matrix is not pos. def.!
MnHesse: matrix was forced pos. def.
FunctionMinimum is invalid.
Minuit failed because covariance is not accurate, and covariance is not positive definite.
Minuit succeeded.
area = 3.55163513956 with chi^2 460.152419502
eigenvalues: 
-0.0272502
0.0801331
0.393547
1
1
1
1
1.00001
1.02447
3.52908
matrix forced pos-def by adding 0.0307793 to diagonal
MnHesse: matrix is invalid!
MnHesse: matrix is not pos. def.!
MnHesse: matrix was forced pos. def.
FunctionMinimum is invalid.
Minuit failed because covariance is not accurate, and covariance is not positive definite.
Minuit succeeded.
area = 3.55751281592 with chi^2 460.905953429
Minuit succeeded.
area = 3.54529881725 with chi^2 460.40116461
Minuit succeeded.
area = 3.55915965912 with chi^2 464.41108814
Minuit succeeded.
area = 3.56236103706 with chi^2 460.140372759
Minuit succeeded.
area = 3.56000481886 with chi^2 462.730398389
Minuit succeeded.
area = 3.54939794469 with chi^2 462.745504632
Minuit succeeded.
area = 3.55621359137 with chi^2 464.052033102
Minuit succeeded.
area = 3.55561863794 with chi^2 460.874537464
Minuit succeeded.
area = 3.55586351043 with chi^2 464.24132998
Minuit succeeded.
area = 3.54708623554 with chi^2 461.470879088
Minuit succeeded.
area = 3.55137846169 with chi^2 460.299831504
Minuit succeeded.
area = 3.56405133262 with chi^2 468.983261645
Minuit succeeded.
area = 3.55289479605 with chi^2 464.40333476
Minuit succeeded.
area = 3.56356692915 with chi^2 465.583227923
Minuit succeeded.
area = 3.5468512871 with chi^2 462.893360105
Minuit succeeded.
area = 3.54674691212 with chi^2 458.909221308
Minuit succeeded.
area = 3.54976297694 with chi^2 463.143984037
areas mean, stdev = 3.55566974654 0.0049510428112 chi^2 mean, stdev = 464.110054966 2.75194269686
Now with jitter = 0.07
Minuit succeeded.
area = 3.55122359031 with chi^2 466.970119962
Minuit succeeded.
area = 3.55619733213 with chi^2 465.929161827
Minuit succeeded.
area = 3.56291290544 with chi^2 467.902081977
Minuit succeeded.
area = 3.55352752588 with chi^2 463.051401563
Minuit succeeded.
area = 3.55335976366 with chi^2 467.906665705
Minuit succeeded.
area = 3.56105471353 with chi^2 466.158510537
Minuit succeeded.
area = 3.55044275674 with chi^2 471.60336285
Minuit succeeded.
area = 3.55912286941 with chi^2 461.300295361
Minuit succeeded.
area = 3.55341041974 with chi^2 465.818950129
Minuit succeeded.
area = 3.56035856098 with chi^2 469.018707838
Minuit succeeded.
area = 3.56756755748 with chi^2 471.406754631
Minuit succeeded.
area = 3.55546109869 with chi^2 460.115045287
Minuit succeeded.
area = 3.55697094242 with chi^2 466.490370903
Minuit succeeded.
area = 3.55678049646 with chi^2 462.604954828
Minuit succeeded.
area = 3.55665568055 with chi^2 468.899837049
Minuit succeeded.
area = 3.5662468895 with chi^2 463.107333962
Minuit succeeded.
area = 3.5577198944 with chi^2 472.364656062
Minuit succeeded.
area = 3.54800144398 with chi^2 468.869038839
Minuit succeeded.
area = 3.55624255398 with chi^2 465.670974339
Minuit succeeded.
area = 3.5526907521 with chi^2 457.525962349
Minuit succeeded.
area = 3.56320356824 with chi^2 468.367262005
Minuit succeeded.
area = 3.55030396038 with chi^2 464.98859488
Minuit succeeded.
area = 3.56336949102 with chi^2 467.705044058
Minuit succeeded.
area = 3.55682729055 with chi^2 462.194264741
Minuit succeeded.
area = 3.55522727254 with chi^2 471.1464272
Minuit succeeded.
area = 3.55879431415 with chi^2 464.656523337
Minuit succeeded.
area = 3.56792784269 with chi^2 465.990451023
Minuit succeeded.
area = 3.57479365045 with chi^2 463.688321626
Minuit succeeded.
area = 3.55233510011 with chi^2 464.640273579
Minuit succeeded.
area = 3.5608328378 with chi^2 464.497878583
Minuit succeeded.
area = 3.55053982311 with chi^2 464.696679353
Minuit succeeded.
area = 3.55475295904 with chi^2 458.327956254
Minuit succeeded.
area = 3.54769078065 with chi^2 463.420277279
Minuit succeeded.
area = 3.56177242204 with chi^2 458.849117526
Minuit succeeded.
area = 3.5529396953 with chi^2 463.375968554
Minuit succeeded.
area = 3.55352445638 with chi^2 461.585808922
Minuit succeeded.
area = 3.56034537438 with chi^2 465.395324905
Minuit succeeded.
area = 3.56433501549 with chi^2 470.945309495
Minuit succeeded.
area = 3.55662668412 with chi^2 465.096704954
Minuit succeeded.
area = 3.56214015418 with chi^2 465.568856251
Minuit succeeded.
area = 3.5559246088 with chi^2 466.766179237
Minuit succeeded.
area = 3.55240494999 with chi^2 471.273976607
Minuit succeeded.
area = 3.55032021498 with chi^2 460.784489591
Minuit succeeded.
area = 3.56056235614 with chi^2 466.908957297
Minuit succeeded.
area = 3.54560375634 with chi^2 466.563806964
Minuit succeeded.
area = 3.5519962936 with chi^2 459.972787013
Minuit succeeded.
area = 3.54983482985 with chi^2 462.061283347
Minuit succeeded.
area = 3.55355941985 with chi^2 468.413339909
Minuit succeeded.
area = 3.56026509674 with chi^2 468.545657347
Minuit succeeded.
area = 3.55384640251 with chi^2 464.965571159
eigenvalues: 
-0.020348
0.0927084
0.39406
1
1
1
1
1.0001
1.0275
3.50597
matrix forced pos-def by adding 0.0238539 to diagonal
MnHesse: matrix is invalid!
MnHesse: matrix is not pos. def.!
MnHesse: matrix was forced pos. def.
FunctionMinimum is invalid.
Minuit failed because covariance is not accurate, and covariance is not positive definite.
Minuit succeeded.
area = 3.55693778009 with chi^2 464.735364338
Minuit succeeded.
area = 3.55701754572 with chi^2 454.73424848
Minuit succeeded.
area = 3.55861458064 with chi^2 460.732042554
Minuit succeeded.
area = 3.56357126428 with chi^2 465.289027775
Minuit succeeded.
area = 3.54631780183 with chi^2 465.17767277
Minuit succeeded.
area = 3.55042361422 with chi^2 456.399879067
eigenvalues: 
-0.000644985
0.0860943
0.402464
1
1
1
1
1.00009
1.02862
3.48338
matrix forced pos-def by adding 0.00412836 to diagonal
MnHesse: matrix is invalid!
MnHesse: matrix is not pos. def.!
MnHesse: matrix was forced pos. def.
FunctionMinimum is invalid.
Minuit failed because covariance is not accurate, and covariance is not positive definite.
Minuit succeeded.
area = 3.55465767968 with chi^2 469.705485732
Minuit succeeded.
area = 3.55928732905 with chi^2 465.226848155
Minuit succeeded.
area = 3.55580591157 with chi^2 464.561569421
Minuit succeeded.
area = 3.55945192628 with chi^2 463.241184761
Minuit succeeded.
area = 3.56219797681 with chi^2 466.202098523
Minuit succeeded.
area = 3.55903050489 with chi^2 465.945236382
Minuit succeeded.
area = 3.55099457272 with chi^2 468.950273893
eigenvalues: 
-0.00524156
0.106748
0.385095
1
1
1
1
1.00015
1.02754
3.48571
matrix forced pos-def by adding 0.00872727 to diagonal
MnHesse: matrix is invalid!
MnHesse: matrix is not pos. def.!
MnHesse: matrix was forced pos. def.
FunctionMinimum is invalid.
Minuit failed because covariance is not accurate, and covariance is not positive definite.
Minuit succeeded.
area = 3.55995220289 with chi^2 464.539181448
Minuit succeeded.
area = 3.55644797829 with chi^2 471.19904608
Minuit succeeded.
area = 3.56226685945 with chi^2 459.980437454
Minuit succeeded.
area = 3.55811174376 with chi^2 464.343479619
Minuit succeeded.
area = 3.55976859024 with chi^2 460.858575034
Minuit succeeded.
area = 3.56864233951 with chi^2 462.752854839
Minuit succeeded.
area = 3.55237809179 with chi^2 463.156107001
Minuit succeeded.
area = 3.56297292658 with chi^2 462.231386347
Minuit succeeded.
area = 3.56312812935 with chi^2 462.911905307
Minuit succeeded.
area = 3.56371176439 with chi^2 471.011487894
Minuit succeeded.
area = 3.55827042503 with chi^2 464.355599273
Minuit succeeded.
area = 3.56132063786 with chi^2 466.240252084
Minuit succeeded.
area = 3.55790195452 with chi^2 472.084061077
Minuit succeeded.
area = 3.5452468348 with chi^2 467.917575295
Minuit succeeded.
area = 3.54717531832 with chi^2 469.341378171
Minuit succeeded.
area = 3.55961393734 with chi^2 464.964503454
Minuit succeeded.
area = 3.56319570246 with chi^2 464.865787753
Minuit succeeded.
area = 3.55001725183 with chi^2 461.281947525
Minuit succeeded.
area = 3.5577555998 with chi^2 463.571362912
Minuit succeeded.
area = 3.55957812477 with chi^2 465.047965517
Minuit succeeded.
area = 3.5597697443 with chi^2 467.835026181
Minuit succeeded.
area = 3.56504551352 with chi^2 472.283953229
Minuit succeeded.
area = 3.55147467592 with chi^2 464.848801887
Minuit succeeded.
area = 3.55284461102 with chi^2 463.955979216
Minuit succeeded.
area = 3.54030464963 with chi^2 461.777409119
Minuit succeeded.
area = 3.54568513285 with chi^2 466.656338133
Minuit succeeded.
area = 3.57538800782 with chi^2 472.931529047
Minuit succeeded.
area = 3.55466849109 with chi^2 463.698872865
Minuit succeeded.
area = 3.55597646925 with chi^2 462.598319488
Minuit succeeded.
area = 3.56794657343 with chi^2 468.326092804
Minuit succeeded.
area = 3.55797740837 with chi^2 466.094186358
Minuit succeeded.
area = 3.55288042904 with chi^2 468.202943385
Minuit succeeded.
area = 3.56085061504 with chi^2 464.327079159
Minuit succeeded.
area = 3.56046582633 with chi^2 472.502122047
areas mean, stdev = 3.55712980842 0.00616019575451 chi^2 mean, stdev = 465.398987194 3.7017645218
