0.50729727585
Now with jitter = 0.0
Minuit succeeded.
area = 3.63523317332 with chi^2 402.259077373
areas mean, stdev = 3.63523317332 0.0 chi^2 mean, stdev = 402.259077373 0.0
Now with jitter = 0.05
Minuit succeeded.
area = 3.63532034152 with chi^2 399.208558223
Minuit succeeded.
area = 3.63998913783 with chi^2 404.106490597
Minuit succeeded.
area = 3.63968309583 with chi^2 400.386572923
Minuit succeeded.
area = 3.64577341723 with chi^2 407.1304723
Minuit succeeded.
area = 3.63564038106 with chi^2 403.139014275
Minuit succeeded.
area = 3.63886914925 with chi^2 405.509219925
Minuit succeeded.
area = 3.63834655123 with chi^2 407.796378156
Minuit succeeded.
area = 3.63457607714 with chi^2 402.651949312
Minuit succeeded.
area = 3.63013069277 with chi^2 401.176186818
Minuit succeeded.
area = 3.63051009212 with chi^2 401.5229406
Minuit succeeded.
area = 3.64553271147 with chi^2 405.234941536
Minuit succeeded.
area = 3.6456787799 with chi^2 404.040914873
Minuit succeeded.
area = 3.63865206429 with chi^2 405.743446049
Minuit succeeded.
area = 3.63846184686 with chi^2 404.032639199
eigenvalues: 
-4.5271e-05
0.0956432
0.394542
1
1
1
1
1.00008
1.02408
3.4857
matrix forced pos-def by adding 0.00353097 to diagonal
MnHesse: matrix is invalid!
MnHesse: matrix is not pos. def.!
MnHesse: matrix was forced pos. def.
FunctionMinimum is invalid.
Minuit failed because covariance is not accurate, and covariance is not positive definite.
Minuit succeeded.
area = 3.62719241291 with chi^2 404.081443507
Minuit succeeded.
area = 3.63037575841 with chi^2 405.374642359
eigenvalues: 
-0.023278
0.0962453
0.387695
1
1
1
1
1.00007
1.02379
3.51548
matrix forced pos-def by adding 0.0267934 to diagonal
MnHesse: matrix is invalid!
MnHesse: matrix is not pos. def.!
MnHesse: matrix was forced pos. def.
FunctionMinimum is invalid.
Minuit failed because covariance is not accurate, and covariance is not positive definite.
Minuit succeeded.
area = 3.63381560087 with chi^2 402.617030279
Minuit succeeded.
area = 3.62985997208 with chi^2 402.374357055
Minuit succeeded.
area = 3.63553042386 with chi^2 400.993542852
Minuit succeeded.
area = 3.63545033631 with chi^2 403.056101798
eigenvalues: 
-0.0328979
0.0872326
0.387517
1
1
1
1
1.00009
1.0278
3.53025
matrix forced pos-def by adding 0.0364281 to diagonal
MnHesse: matrix is invalid!
MnHesse: matrix is not pos. def.!
MnHesse: matrix was forced pos. def.
FunctionMinimum is invalid.
Minuit failed because covariance is not accurate, and covariance is not positive definite.
Minuit succeeded.
area = 3.63501942508 with chi^2 407.78925329
Minuit succeeded.
area = 3.63995687929 with chi^2 402.12211033
Minuit succeeded.
area = 3.63977821037 with chi^2 407.061439934
Minuit succeeded.
area = 3.63894423836 with chi^2 402.482546412
Minuit succeeded.
area = 3.64025016341 with chi^2 405.222165739
Minuit succeeded.
area = 3.64995424136 with chi^2 408.421703038
Minuit succeeded.
area = 3.63618875465 with chi^2 400.86961189
Minuit succeeded.
area = 3.63674947566 with chi^2 404.694742316
Minuit succeeded.
area = 3.64423710902 with chi^2 409.667156425
Minuit succeeded.
area = 3.64007404653 with chi^2 406.11121471
Minuit succeeded.
area = 3.63805100532 with chi^2 397.482515609
Minuit succeeded.
area = 3.63442545833 with chi^2 408.571309229
Minuit succeeded.
area = 3.63672920204 with chi^2 405.990154586
Minuit succeeded.
area = 3.63779743052 with chi^2 400.654274791
Minuit succeeded.
area = 3.63799608965 with chi^2 402.138805349
Minuit succeeded.
area = 3.63543232049 with chi^2 403.866501864
Minuit succeeded.
area = 3.63193953468 with chi^2 407.952290924
Minuit succeeded.
area = 3.63407833618 with chi^2 399.136434964
Minuit succeeded.
area = 3.63501980858 with chi^2 404.391621377
Minuit succeeded.
area = 3.63451812436 with chi^2 403.293914293
Minuit succeeded.
area = 3.64023378945 with chi^2 405.486799739
Minuit succeeded.
area = 3.64254702601 with chi^2 408.697998683
Minuit succeeded.
area = 3.63456057227 with chi^2 405.132809777
Minuit succeeded.
area = 3.62642430124 with chi^2 396.827125754
eigenvalues: 
-0.000552823
0.103241
0.388717
1
1
1
1
1.00015
1.03639
3.47206
matrix forced pos-def by adding 0.00402488 to diagonal
MnHesse: matrix is invalid!
MnHesse: matrix is not pos. def.!
MnHesse: matrix was forced pos. def.
FunctionMinimum is invalid.
Minuit failed because covariance is not accurate, and covariance is not positive definite.
Minuit succeeded.
area = 3.63198030214 with chi^2 402.542852439
Minuit succeeded.
area = 3.64260487223 with chi^2 401.443348145
Minuit succeeded.
area = 3.64310999527 with chi^2 405.326132606
Minuit succeeded.
area = 3.63706249875 with chi^2 406.207225438
Minuit succeeded.
area = 3.63165964066 with chi^2 403.664210673
Minuit succeeded.
area = 3.63722176322 with chi^2 405.77931062
Minuit succeeded.
area = 3.62830396772 with chi^2 403.622142419
Minuit succeeded.
area = 3.63816683015 with chi^2 400.772523703
Minuit succeeded.
area = 3.63346235558 with chi^2 399.041648738
Minuit succeeded.
area = 3.64030528142 with chi^2 406.647943635
Minuit succeeded.
area = 3.62996890213 with chi^2 404.500114855
eigenvalues: 
-0.0137052
0.0900645
0.391435
1
1
1
1
1.00011
1.04759
3.48451
matrix forced pos-def by adding 0.0171897 to diagonal
MnHesse: matrix is invalid!
MnHesse: matrix is not pos. def.!
MnHesse: matrix was forced pos. def.
FunctionMinimum is invalid.
Minuit failed because covariance is not accurate, and covariance is not positive definite.
Minuit succeeded.
area = 3.6376696702 with chi^2 405.934372328
eigenvalues: 
-0.0158875
0.089793
0.393532
1
1
1
1
1.00008
1.02668
3.5058
matrix forced pos-def by adding 0.0193933 to diagonal
MnHesse: matrix is invalid!
MnHesse: matrix is not pos. def.!
MnHesse: matrix was forced pos. def.
FunctionMinimum is invalid.
Minuit failed because covariance is not accurate, and covariance is not positive definite.
Minuit succeeded.
area = 3.64554195156 with chi^2 408.875853358
Minuit succeeded.
area = 3.64380906176 with chi^2 405.849550872
Minuit succeeded.
area = 3.63916645735 with chi^2 405.376186228
Minuit succeeded.
area = 3.64328164275 with chi^2 403.330801591
Minuit succeeded.
area = 3.63901028152 with chi^2 406.713147871
Minuit succeeded.
area = 3.6333529771 with chi^2 402.915412354
Minuit succeeded.
area = 3.63482597048 with chi^2 403.374161136
Minuit succeeded.
area = 3.6371962024 with chi^2 402.767808112
Minuit succeeded.
area = 3.63205596503 with chi^2 405.976027785
Minuit succeeded.
area = 3.64227714024 with chi^2 404.025861074
Minuit succeeded.
area = 3.63674368185 with chi^2 400.752548271
Minuit succeeded.
area = 3.63743407185 with chi^2 409.307784528
Minuit succeeded.
area = 3.64007004456 with chi^2 404.092702896
Minuit succeeded.
area = 3.63608988815 with chi^2 402.257501633
Minuit succeeded.
area = 3.638135 with chi^2 404.024406381
Minuit succeeded.
area = 3.63417831035 with chi^2 407.88800444
Minuit succeeded.
area = 3.63341752039 with chi^2 409.676326173
eigenvalues: 
-0.000452938
0.0949375
0.392548
1
1
1
1
1.00003
1.03047
3.48246
matrix forced pos-def by adding 0.0039354 to diagonal
MnHesse: matrix is invalid!
MnHesse: matrix is not pos. def.!
MnHesse: matrix was forced pos. def.
FunctionMinimum is invalid.
Minuit failed because covariance is not accurate, and covariance is not positive definite.
Minuit succeeded.
area = 3.63798249356 with chi^2 407.51274933
Minuit succeeded.
area = 3.64047984536 with chi^2 407.148118888
eigenvalues: 
-0.0182157
0.0889856
0.392514
1
1
1
1
1.00007
1.02893
3.50771
matrix forced pos-def by adding 0.0217234 to diagonal
MnHesse: matrix is invalid!
MnHesse: matrix is not pos. def.!
MnHesse: matrix was forced pos. def.
FunctionMinimum is invalid.
Minuit failed because covariance is not accurate, and covariance is not positive definite.
Minuit succeeded.
area = 3.63662949054 with chi^2 402.581038253
Minuit succeeded.
area = 3.63333129654 with chi^2 404.408714671
eigenvalues: 
-0.0176366
0.0934311
0.38919
1
1
1
1
1.00013
1.0329
3.50199
matrix forced pos-def by adding 0.0211386 to diagonal
MnHesse: matrix is invalid!
MnHesse: matrix is not pos. def.!
MnHesse: matrix was forced pos. def.
FunctionMinimum is invalid.
Minuit failed because covariance is not accurate, and covariance is not positive definite.
Minuit succeeded.
area = 3.63278794173 with chi^2 403.009915069
Minuit succeeded.
area = 3.6352441121 with chi^2 400.616320836
Minuit succeeded.
area = 3.63545124637 with chi^2 408.182968657
Minuit succeeded.
area = 3.64232612558 with chi^2 406.418957361
Minuit succeeded.
area = 3.63564192774 with chi^2 405.870469599
Minuit succeeded.
area = 3.63596228664 with chi^2 404.448184637
Minuit succeeded.
area = 3.64268181841 with chi^2 405.680228009
Minuit succeeded.
area = 3.63493315395 with chi^2 402.59080476
Minuit succeeded.
area = 3.63384194862 with chi^2 406.759535119
Minuit succeeded.
area = 3.64730966365 with chi^2 404.463205199
Minuit succeeded.
area = 3.63840004593 with chi^2 401.522230268
Minuit succeeded.
area = 3.63795627103 with chi^2 404.34425712
Minuit succeeded.
area = 3.63594791743 with chi^2 403.11214476
Minuit succeeded.
area = 3.6433805853 with chi^2 405.020125709
areas mean, stdev = 3.63723829454 0.00451378757375 chi^2 mean, stdev = 404.292496947 2.71565047579
Now with jitter = 0.07
Minuit succeeded.
area = 3.63491497614 with chi^2 408.937802003
Minuit succeeded.
area = 3.64472488953 with chi^2 402.258473975
Minuit succeeded.
area = 3.64350678434 with chi^2 404.649954505
Minuit succeeded.
area = 3.63676128006 with chi^2 407.338057486
Minuit succeeded.
area = 3.63667072864 with chi^2 407.679770989
Minuit succeeded.
area = 3.63141804358 with chi^2 410.864836648
Minuit succeeded.
area = 3.64252593818 with chi^2 401.103447893
Minuit succeeded.
area = 3.64090666295 with chi^2 408.643756191
Minuit succeeded.
area = 3.63933728912 with chi^2 403.698074937
Minuit succeeded.
area = 3.63199719269 with chi^2 399.686241291
Minuit succeeded.
area = 3.63876660119 with chi^2 409.046338855
Minuit succeeded.
area = 3.63614226321 with chi^2 406.47615669
eigenvalues: 
-0.0077071
0.100313
0.389536
1
1
1
1
1.00007
1.0276
3.49019
matrix forced pos-def by adding 0.0111973 to diagonal
MnHesse: matrix is invalid!
MnHesse: matrix is not pos. def.!
MnHesse: matrix was forced pos. def.
FunctionMinimum is invalid.
Minuit failed because covariance is not accurate, and covariance is not positive definite.
Minuit succeeded.
area = 3.63793077101 with chi^2 402.792955328
Minuit succeeded.
area = 3.63584410273 with chi^2 404.08799699
Minuit succeeded.
area = 3.64726439652 with chi^2 400.192293355
Minuit succeeded.
area = 3.64786547528 with chi^2 412.482343166
eigenvalues: 
-0.0621363
0.0807776
0.395406
1
1
1
1
1.00012
1.03092
3.55492
matrix forced pos-def by adding 0.0656912 to diagonal
MnHesse: matrix is invalid!
MnHesse: matrix is not pos. def.!
MnHesse: matrix was forced pos. def.
FunctionMinimum is invalid.
Minuit failed because covariance is not accurate, and covariance is not positive definite.
Minuit succeeded.
area = 3.64056382361 with chi^2 408.326895721
Minuit succeeded.
area = 3.6455962488 with chi^2 403.045156617
Minuit succeeded.
area = 3.62443947559 with chi^2 406.888634351
eigenvalues: 
-0.00526879
0.0778145
0.403231
1
1
1
1
1.0001
1.03355
3.49057
matrix forced pos-def by adding 0.00875936 to diagonal
MnHesse: matrix is invalid!
MnHesse: matrix is not pos. def.!
MnHesse: matrix was forced pos. def.
FunctionMinimum is invalid.
Minuit failed because covariance is not accurate, and covariance is not positive definite.
Minuit succeeded.
area = 3.63201454135 with chi^2 401.574754713
Minuit succeeded.
area = 3.63133948734 with chi^2 400.767137914
Minuit succeeded.
area = 3.63739034173 with chi^2 403.199262308
eigenvalues: 
-0.0292351
0.0842872
0.391208
1
1
1
1
1.00003
1.02973
3.52398
matrix forced pos-def by adding 0.0327591 to diagonal
MnHesse: matrix is invalid!
MnHesse: matrix is not pos. def.!
MnHesse: matrix was forced pos. def.
FunctionMinimum is invalid.
Minuit failed because covariance is not accurate, and covariance is not positive definite.
Minuit succeeded.
area = 3.63190069249 with chi^2 404.961623611
Minuit succeeded.
area = 3.64976090832 with chi^2 407.9115963
Minuit succeeded.
area = 3.64482353806 with chi^2 404.979333261
Minuit succeeded.
area = 3.64834734901 with chi^2 403.576869684
Minuit succeeded.
area = 3.63467054953 with chi^2 404.64718396
Minuit succeeded.
area = 3.64160128766 with chi^2 407.08810209
Minuit succeeded.
area = 3.63824799017 with chi^2 404.744053555
Minuit succeeded.
area = 3.63907747986 with chi^2 406.887153469
Minuit succeeded.
area = 3.64434776561 with chi^2 406.609540561
Minuit succeeded.
area = 3.64291338033 with chi^2 405.772185714
eigenvalues: 
-0.00137293
0.0844876
0.398762
1
1
1
1
1.00001
1.03167
3.48645
matrix forced pos-def by adding 0.00485938 to diagonal
MnHesse: matrix is invalid!
MnHesse: matrix is not pos. def.!
MnHesse: matrix was forced pos. def.
FunctionMinimum is invalid.
Minuit failed because covariance is not accurate, and covariance is not positive definite.
Minuit succeeded.
area = 3.63420694763 with chi^2 406.045859235
Minuit succeeded.
area = 3.63056811802 with chi^2 407.804078279
Minuit succeeded.
area = 3.64441482443 with chi^2 408.33349166
Minuit succeeded.
area = 3.64210671097 with chi^2 406.728901027
Minuit succeeded.
area = 3.63864670359 with chi^2 407.736945559
eigenvalues: 
-0.0205747
0.0880589
0.396027
1
1
1
1
1.0002
1.0212
3.51509
matrix forced pos-def by adding 0.0240898 to diagonal
MnHesse: matrix is invalid!
MnHesse: matrix is not pos. def.!
MnHesse: matrix was forced pos. def.
FunctionMinimum is invalid.
Minuit failed because covariance is not accurate, and covariance is not positive definite.
Minuit succeeded.
area = 3.648283195 with chi^2 412.039947925
Minuit succeeded.
area = 3.63268541194 with chi^2 406.964668393
Minuit succeeded.
area = 3.6423601748 with chi^2 406.638420707
Minuit succeeded.
area = 3.640010566 with chi^2 404.181799264
Minuit succeeded.
area = 3.65109642478 with chi^2 407.360315754
Minuit succeeded.
area = 3.63693350607 with chi^2 403.821988856
Minuit succeeded.
area = 3.62414332062 with chi^2 405.469082857
Minuit succeeded.
area = 3.63680031229 with chi^2 402.951868719
Minuit succeeded.
area = 3.64312953407 with chi^2 399.451766671
Minuit succeeded.
area = 3.63713662099 with chi^2 413.286255283
Minuit succeeded.
area = 3.63765705132 with chi^2 403.438669322
Minuit succeeded.
area = 3.62948176349 with chi^2 402.190321366
Minuit succeeded.
area = 3.64021547726 with chi^2 406.461831638
Minuit succeeded.
area = 3.63409917274 with chi^2 405.9317504
Minuit succeeded.
area = 3.62990859452 with chi^2 401.914100597
Minuit succeeded.
area = 3.63880031618 with chi^2 411.833812328
Minuit succeeded.
area = 3.63692945532 with chi^2 403.327739404
Minuit succeeded.
area = 3.63888893029 with chi^2 406.011895538
Minuit succeeded.
area = 3.63138092029 with chi^2 402.894674786
Minuit succeeded.
area = 3.64115145479 with chi^2 411.013129414
Minuit succeeded.
area = 3.63917771771 with chi^2 404.011879229
Minuit succeeded.
area = 3.63934376556 with chi^2 403.007643446
Minuit succeeded.
area = 3.63549289194 with chi^2 407.010559796
Minuit succeeded.
area = 3.63845295199 with chi^2 406.13659103
Minuit succeeded.
area = 3.63810906875 with chi^2 411.641469489
Minuit succeeded.
area = 3.6531577131 with chi^2 408.960483096
Minuit succeeded.
area = 3.63992058024 with chi^2 403.156333151
Minuit succeeded.
area = 3.64866231376 with chi^2 408.129392412
Minuit succeeded.
area = 3.64626269885 with chi^2 408.437160645
Minuit succeeded.
area = 3.63510579555 with chi^2 405.317871502
Minuit succeeded.
area = 3.64667460128 with chi^2 409.953422323
Minuit succeeded.
area = 3.63891479402 with chi^2 410.358492401
Minuit succeeded.
area = 3.64890629848 with chi^2 410.67244599
Minuit succeeded.
area = 3.64515247723 with chi^2 406.807705908
Minuit succeeded.
area = 3.62635961754 with chi^2 401.992676326
Minuit succeeded.
area = 3.63956525393 with chi^2 404.340023033
eigenvalues: 
-0.167069
0.0729603
0.386324
1
1
1
1
1.00009
1.02805
3.67965
matrix forced pos-def by adding 0.170749 to diagonal
MnHesse: matrix is invalid!
MnHesse: matrix is not pos. def.!
MnHesse: matrix was forced pos. def.
FunctionMinimum is invalid.
Minuit failed because covariance is not accurate, and covariance is not positive definite.
Minuit succeeded.
area = 3.62692184802 with chi^2 401.801292944
Minuit succeeded.
area = 3.65130073108 with chi^2 412.214787411
Minuit succeeded.
area = 3.6294586784 with chi^2 403.469012492
Minuit succeeded.
area = 3.63135189888 with chi^2 407.815806638
Minuit succeeded.
area = 3.63713028122 with chi^2 404.8993639
Minuit succeeded.
area = 3.64792126566 with chi^2 408.330916813
Minuit succeeded.
area = 3.63035009405 with chi^2 404.451517214
Minuit succeeded.
area = 3.62808079862 with chi^2 399.110598712
Minuit succeeded.
area = 3.64237969833 with chi^2 406.392115247
Minuit succeeded.
area = 3.63345467886 with chi^2 408.014048003
Minuit succeeded.
area = 3.63930726187 with chi^2 405.984280601
Minuit succeeded.
area = 3.64036891064 with chi^2 402.61352101
Minuit succeeded.
area = 3.64224448278 with chi^2 407.54290388
Minuit succeeded.
area = 3.62906602339 with chi^2 408.987089362
Minuit succeeded.
area = 3.65012136011 with chi^2 406.273511819
Minuit succeeded.
area = 3.62604799414 with chi^2 405.747833056
eigenvalues: 
-0.0314423
0.0817483
0.392546
1
1
1
1
1.00005
1.02867
3.52843
matrix forced pos-def by adding 0.0349707 to diagonal
MnHesse: matrix is invalid!
MnHesse: matrix is not pos. def.!
MnHesse: matrix was forced pos. def.
FunctionMinimum is invalid.
Minuit failed because covariance is not accurate, and covariance is not positive definite.
Minuit succeeded.
area = 3.64066512689 with chi^2 400.868325367
Minuit succeeded.
area = 3.63630316441 with chi^2 404.207869097
Minuit succeeded.
area = 3.64238333478 with chi^2 407.121445441
areas mean, stdev = 3.63868221668 0.00654613560031 chi^2 mean, stdev = 405.875344434 3.16767002725
