0.728908265857
Now with jitter = 0.0
Minuit succeeded.
area = 3.59620285702 with chi^2 420.716732747
areas mean, stdev = 3.59620285702 0.0 chi^2 mean, stdev = 420.716732747 0.0
Now with jitter = 0.05
Minuit succeeded.
area = 3.6062507587 with chi^2 423.114966474
Minuit succeeded.
area = 3.59348714341 with chi^2 419.325020653
Minuit succeeded.
area = 3.60629235845 with chi^2 422.13435536
eigenvalues: 
-0.0105311
0.100427
0.385141
1
1
1
1
1.00013
1.03885
3.48598
matrix forced pos-def by adding 0.0140171 to diagonal
MnHesse: matrix is invalid!
MnHesse: matrix is not pos. def.!
MnHesse: matrix was forced pos. def.
FunctionMinimum is invalid.
Minuit failed because covariance is not accurate, and covariance is not positive definite.
Minuit succeeded.
area = 3.59803902728 with chi^2 428.136348049
Minuit succeeded.
area = 3.60861890667 with chi^2 426.234024154
Minuit succeeded.
area = 3.60525791375 with chi^2 424.664599936
Minuit succeeded.
area = 3.59427633803 with chi^2 424.451785698
Minuit succeeded.
area = 3.59566789591 with chi^2 424.082296073
Minuit succeeded.
area = 3.60104641987 with chi^2 427.830000853
Minuit succeeded.
area = 3.59760227737 with chi^2 424.131748417
Minuit succeeded.
area = 3.60317089401 with chi^2 422.804500403
Minuit succeeded.
area = 3.60116763903 with chi^2 425.045262044
Minuit succeeded.
area = 3.59684783532 with chi^2 417.626661905
Minuit succeeded.
area = 3.60462375052 with chi^2 425.234957079
Minuit succeeded.
area = 3.59925769669 with chi^2 424.269841056
Minuit succeeded.
area = 3.59654339899 with chi^2 418.847471951
Minuit succeeded.
area = 3.60693439434 with chi^2 421.485807271
Minuit succeeded.
area = 3.60326880259 with chi^2 427.01189759
Minuit succeeded.
area = 3.59080294759 with chi^2 422.152029548
Minuit succeeded.
area = 3.60041381135 with chi^2 424.415705739
Minuit succeeded.
area = 3.59796281274 with chi^2 421.925197444
Minuit succeeded.
area = 3.59612836214 with chi^2 424.334964683
Minuit succeeded.
area = 3.59882257738 with chi^2 421.663876494
Minuit succeeded.
area = 3.60096954232 with chi^2 426.282681271
Minuit succeeded.
area = 3.59758664688 with chi^2 422.774339095
Minuit succeeded.
area = 3.59925350745 with chi^2 418.686506884
Minuit succeeded.
area = 3.60457152096 with chi^2 424.896269297
Minuit succeeded.
area = 3.59652816079 with chi^2 421.930239024
Minuit succeeded.
area = 3.59968811451 with chi^2 425.972860851
eigenvalues: 
-0.00488772
0.10164
0.388624
1
1
1
1
1.00016
1.03429
3.48017
matrix forced pos-def by adding 0.0083679 to diagonal
MnHesse: matrix is invalid!
MnHesse: matrix is not pos. def.!
MnHesse: matrix was forced pos. def.
FunctionMinimum is invalid.
Minuit failed because covariance is not accurate, and covariance is not positive definite.
Minuit succeeded.
area = 3.59910856371 with chi^2 424.511001951
Minuit succeeded.
area = 3.59145771161 with chi^2 417.68944305
Minuit succeeded.
area = 3.5970225873 with chi^2 426.472012631
Minuit succeeded.
area = 3.59553982421 with chi^2 422.719890211
Minuit succeeded.
area = 3.59887150128 with chi^2 424.67856999
Minuit succeeded.
area = 3.59268077502 with chi^2 422.692170986
Minuit succeeded.
area = 3.60014140494 with chi^2 421.769809612
Minuit succeeded.
area = 3.59710885541 with chi^2 421.416295332
VariableMetricBuilder: no improvement
Minuit succeeded.
area = 3.59385371707 with chi^2 418.788671999
Minuit succeeded.
area = 3.59672715074 with chi^2 425.87733542
eigenvalues: 
-0.00234527
0.0959815
0.384605
1
1
1
1
1.00002
1.03142
3.49032
matrix forced pos-def by adding 0.0058356 to diagonal
MnHesse: matrix is invalid!
MnHesse: matrix is not pos. def.!
MnHesse: matrix was forced pos. def.
FunctionMinimum is invalid.
Minuit failed because covariance is not accurate, and covariance is not positive definite.
Minuit succeeded.
area = 3.59968685629 with chi^2 426.133664441
Minuit succeeded.
area = 3.59371220442 with chi^2 421.999898233
Minuit succeeded.
area = 3.59512396279 with chi^2 423.727037404
Minuit succeeded.
area = 3.60035554387 with chi^2 417.114712959
Minuit succeeded.
area = 3.5935660415 with chi^2 418.70566785
Minuit succeeded.
area = 3.60237170841 with chi^2 423.023400256
Minuit succeeded.
area = 3.59221862604 with chi^2 424.695147622
Minuit succeeded.
area = 3.60905952105 with chi^2 424.708773097
eigenvalues: 
-0.00375211
0.0846545
0.401333
1
1
1
1
1.0001
1.02362
3.49405
matrix forced pos-def by adding 0.00724615 to diagonal
MnHesse: matrix is invalid!
MnHesse: matrix is not pos. def.!
MnHesse: matrix was forced pos. def.
FunctionMinimum is invalid.
Minuit failed because covariance is not accurate, and covariance is not positive definite.
Minuit succeeded.
area = 3.60328017848 with chi^2 423.16444769
Minuit succeeded.
area = 3.59873107183 with chi^2 423.772619605
Minuit succeeded.
area = 3.60098390596 with chi^2 422.256836555
Minuit succeeded.
area = 3.60424720702 with chi^2 424.548161712
eigenvalues: 
-0.0207977
0.0716256
0.391858
1
1
1
1
1.00011
1.02139
3.53581
matrix forced pos-def by adding 0.0243335 to diagonal
MnHesse: matrix is invalid!
MnHesse: matrix is not pos. def.!
MnHesse: matrix was forced pos. def.
FunctionMinimum is invalid.
Minuit failed because covariance is not accurate, and covariance is not positive definite.
Minuit succeeded.
area = 3.60513884083 with chi^2 427.028776335
Minuit succeeded.
area = 3.60888643691 with chi^2 420.415098189
Minuit succeeded.
area = 3.60216701099 with chi^2 419.086825602
Minuit succeeded.
area = 3.59879291216 with chi^2 421.158027877
Minuit succeeded.
area = 3.59259565864 with chi^2 424.611901989
Minuit succeeded.
area = 3.59384515713 with chi^2 418.04657328
Minuit succeeded.
area = 3.60389107855 with chi^2 419.695779087
Minuit succeeded.
area = 3.6030805729 with chi^2 430.118554929
Minuit succeeded.
area = 3.60170065079 with chi^2 423.409783466
Minuit succeeded.
area = 3.59390516133 with chi^2 418.952534096
Minuit succeeded.
area = 3.60255752761 with chi^2 424.4443393
Minuit succeeded.
area = 3.5941326619 with chi^2 419.415788803
Minuit succeeded.
area = 3.59221591618 with chi^2 425.850816614
Minuit succeeded.
area = 3.60054298159 with chi^2 423.016190591
Minuit succeeded.
area = 3.593912921 with chi^2 421.671043968
Minuit succeeded.
area = 3.59583382351 with chi^2 420.87192387
Minuit succeeded.
area = 3.59118820548 with chi^2 418.38013854
VariableMetricBuilder: no improvement
VariableMetricBuilder: machine accuracy limits further improvement.
Minuit succeeded.
area = 3.6035199443 with chi^2 421.765958061
Minuit succeeded.
area = 3.59817716548 with chi^2 424.139531773
Minuit succeeded.
area = 3.59839704564 with chi^2 418.22075498
Minuit succeeded.
area = 3.59574037996 with chi^2 419.072340627
Minuit succeeded.
area = 3.60426069058 with chi^2 423.433337581
Minuit succeeded.
area = 3.60039790073 with chi^2 425.427659634
Minuit succeeded.
area = 3.5945236713 with chi^2 418.679015938
Minuit succeeded.
area = 3.59017772199 with chi^2 419.827366185
Minuit succeeded.
area = 3.59611667418 with chi^2 422.839291464
Minuit succeeded.
area = 3.59109030679 with chi^2 418.650918059
Minuit succeeded.
area = 3.59989652866 with chi^2 424.854592719
Minuit succeeded.
area = 3.59804299393 with chi^2 425.614161469
Minuit succeeded.
area = 3.59695276264 with chi^2 425.064398172
Minuit succeeded.
area = 3.60493858144 with chi^2 423.72736604
VariableMetricBuilder: matrix not pos.def.
edm < 0
negative or zero diagonal element 4 in covariance matrix
added 1.00002 to diagonal of error matrix
Minuit succeeded.
area = 3.58969030236 with chi^2 417.459592999
Minuit succeeded.
area = 3.59558786587 with chi^2 423.525603845
Minuit succeeded.
area = 3.60455992 with chi^2 422.217625161
Minuit succeeded.
area = 3.59742175416 with chi^2 424.306084751
Minuit succeeded.
area = 3.59195468552 with chi^2 420.127809919
Minuit succeeded.
area = 3.59598633876 with chi^2 420.386439573
eigenvalues: 
-0.069514
0.0773024
0.383597
1
1
1
1
1.0002
1.03659
3.57182
matrix forced pos-def by adding 0.0730858 to diagonal
MnHesse: matrix is invalid!
MnHesse: matrix is not pos. def.!
MnHesse: matrix was forced pos. def.
FunctionMinimum is invalid.
Minuit failed because covariance is not accurate, and covariance is not positive definite.
eigenvalues: 
-0.0211647
0.0791061
0.398377
1
1
1
1
1.00022
1.02888
3.51458
matrix forced pos-def by adding 0.0246793 to diagonal
MnHesse: matrix is invalid!
MnHesse: matrix is not pos. def.!
MnHesse: matrix was forced pos. def.
FunctionMinimum is invalid.
Minuit failed because covariance is not accurate, and covariance is not positive definite.
Minuit succeeded.
area = 3.59948081999 with chi^2 422.516285309
Minuit succeeded.
area = 3.60026733357 with chi^2 421.176385767
Minuit succeeded.
area = 3.59444836412 with chi^2 427.470042906
Minuit succeeded.
area = 3.59889850728 with chi^2 422.587974977
Minuit succeeded.
area = 3.59555652868 with chi^2 419.391172057
areas mean, stdev = 3.59857422236 0.00458701029982 chi^2 mean, stdev = 422.694490219 2.82242941697
Now with jitter = 0.07
Minuit succeeded.
area = 3.59543873036 with chi^2 424.502315759
Minuit succeeded.
area = 3.60061517903 with chi^2 426.389733418
VariableMetricBuilder: no improvement
Minuit succeeded.
area = 3.59441920236 with chi^2 423.349977924
Minuit succeeded.
area = 3.59890341074 with chi^2 429.203011176
Minuit succeeded.
area = 3.60967974876 with chi^2 421.395111481
Minuit succeeded.
area = 3.59235593151 with chi^2 423.834187935
Minuit succeeded.
area = 3.59887270625 with chi^2 423.490069142
Minuit succeeded.
area = 3.59890190035 with chi^2 421.443551183
Minuit succeeded.
area = 3.61115856644 with chi^2 427.547763588
eigenvalues: 
-0.0846054
0.0789513
0.382813
1
1
1
1
1.00006
1.02967
3.59311
matrix forced pos-def by adding 0.0881985 to diagonal
MnHesse: matrix is invalid!
MnHesse: matrix is not pos. def.!
MnHesse: matrix was forced pos. def.
FunctionMinimum is invalid.
Minuit failed because covariance is not accurate, and covariance is not positive definite.
Minuit succeeded.
area = 3.59093280769 with chi^2 420.746916691
Minuit succeeded.
area = 3.59241521955 with chi^2 422.003471702
Minuit succeeded.
area = 3.59451221173 with chi^2 426.809033771
Minuit succeeded.
area = 3.59816325466 with chi^2 417.717726701
Minuit succeeded.
area = 3.60560213449 with chi^2 428.137512239
Minuit succeeded.
area = 3.60028545024 with chi^2 420.750066533
Minuit succeeded.
area = 3.59464062234 with chi^2 423.893166273
Minuit succeeded.
area = 3.60073979078 with chi^2 428.774336267
Minuit succeeded.
area = 3.60107886095 with chi^2 422.429011965
Minuit succeeded.
area = 3.59560043906 with chi^2 431.300224821
Minuit succeeded.
area = 3.6038736308 with chi^2 429.251332392
Minuit succeeded.
area = 3.60673794382 with chi^2 421.80140614
Minuit succeeded.
area = 3.59908042522 with chi^2 425.726668177
Minuit succeeded.
area = 3.59001893622 with chi^2 422.62778558
Minuit succeeded.
area = 3.5896039928 with chi^2 422.233336744
Minuit succeeded.
area = 3.59900279285 with chi^2 418.157670397
Minuit succeeded.
area = 3.59690750312 with chi^2 424.675651841
eigenvalues: 
-0.0543362
0.0736213
0.400442
1
1
1
1
1.00027
1.02307
3.55694
matrix forced pos-def by adding 0.0578931 to diagonal
MnHesse: matrix is invalid!
MnHesse: matrix is not pos. def.!
MnHesse: matrix was forced pos. def.
FunctionMinimum is invalid.
Minuit failed because covariance is not accurate, and covariance is not positive definite.
Minuit succeeded.
area = 3.59928685891 with chi^2 425.102191771
Minuit succeeded.
area = 3.60142769229 with chi^2 420.427160852
Minuit succeeded.
area = 3.59169004109 with chi^2 428.615246968
Minuit succeeded.
area = 3.59239217697 with chi^2 423.012556008
Minuit succeeded.
area = 3.607548326 with chi^2 432.575532461
Minuit succeeded.
area = 3.59260293116 with chi^2 424.282419661
Minuit succeeded.
area = 3.59728592055 with chi^2 420.741996614
eigenvalues: 
-0.193531
0.0828265
0.395542
1
1
1
1
1.00063
1.0617
3.65283
matrix forced pos-def by adding 0.197184 to diagonal
MnHesse: matrix is invalid!
MnHesse: matrix is not pos. def.!
MnHesse: matrix was forced pos. def.
FunctionMinimum is invalid.
Minuit failed because covariance is not accurate, and covariance is not positive definite.
Minuit succeeded.
area = 3.60680831715 with chi^2 423.461306386
eigenvalues: 
-0.00802956
0.0819567
0.401805
1
1
1
1
1.00018
1.02506
3.49903
matrix forced pos-def by adding 0.0115286 to diagonal
MnHesse: matrix is invalid!
MnHesse: matrix is not pos. def.!
MnHesse: matrix was forced pos. def.
FunctionMinimum is invalid.
Minuit failed because covariance is not accurate, and covariance is not positive definite.
Minuit succeeded.
area = 3.6088739498 with chi^2 428.268254937
Minuit succeeded.
area = 3.60101340737 with chi^2 425.611393824
Minuit succeeded.
area = 3.60028577184 with chi^2 427.954700275
Minuit succeeded.
area = 3.59986421974 with chi^2 421.416628879
eigenvalues: 
-0.0122352
0.086642
0.396858
1
1
1
1
1.00006
1.01469
3.51399
matrix forced pos-def by adding 0.0157491 to diagonal
MnHesse: matrix is invalid!
MnHesse: matrix is not pos. def.!
MnHesse: matrix was forced pos. def.
FunctionMinimum is invalid.
Minuit failed because covariance is not accurate, and covariance is not positive definite.
Minuit succeeded.
area = 3.58439101741 with chi^2 423.330993725
Minuit succeeded.
area = 3.59991700873 with chi^2 423.266519065
Minuit succeeded.
area = 3.59936854251 with chi^2 422.015761037
Minuit succeeded.
area = 3.58920221149 with chi^2 422.655097897
Minuit succeeded.
area = 3.60496947233 with chi^2 427.823614336
Minuit succeeded.
area = 3.60530742511 with chi^2 422.795849799
VariableMetricBuilder: matrix not pos.def.
gdel > 0: 4.75824e-06
negative or zero diagonal element 1 in covariance matrix
added 1.00239 to diagonal of error matrix
gdel: 4.75824e-06
Minuit succeeded.
area = 3.59571691188 with chi^2 426.41885451
Minuit succeeded.
area = 3.59850797201 with chi^2 425.729131311
eigenvalues: 
-0.0269604
0.0793305
0.396183
1
1
1
1
1.00004
1.02475
3.52666
matrix forced pos-def by adding 0.0304871 to diagonal
MnHesse: matrix is invalid!
MnHesse: matrix is not pos. def.!
MnHesse: matrix was forced pos. def.
FunctionMinimum is invalid.
Minuit failed because covariance is not accurate, and covariance is not positive definite.
Minuit succeeded.
area = 3.60257151053 with chi^2 431.003568197
Minuit succeeded.
area = 3.58825850444 with chi^2 423.27551251
Minuit succeeded.
area = 3.60128413981 with chi^2 428.129962594
Minuit succeeded.
area = 3.60120030844 with chi^2 423.307700102
Minuit succeeded.
area = 3.6075604097 with chi^2 426.42406869
Minuit succeeded.
area = 3.60133293036 with chi^2 424.16873906
eigenvalues: 
-0.0442462
0.0844419
0.39251
1
1
1
1
1.00002
1.03209
3.53518
matrix forced pos-def by adding 0.0477813 to diagonal
MnHesse: matrix is invalid!
MnHesse: matrix is not pos. def.!
MnHesse: matrix was forced pos. def.
FunctionMinimum is invalid.
Minuit failed because covariance is not accurate, and covariance is not positive definite.
Minuit succeeded.
area = 3.60001672777 with chi^2 426.149609058
Minuit succeeded.
area = 3.6047342404 with chi^2 431.592662904
Minuit succeeded.
area = 3.6022135763 with chi^2 422.426946974
Minuit succeeded.
area = 3.60806105565 with chi^2 423.980913494
Minuit succeeded.
area = 3.60237770137 with chi^2 430.646381556
Minuit succeeded.
area = 3.60584529122 with chi^2 425.80071879
Minuit succeeded.
area = 3.59982183651 with chi^2 428.629790035
Minuit succeeded.
area = 3.6028111803 with chi^2 421.299229556
Minuit succeeded.
area = 3.60818677252 with chi^2 426.112977376
Minuit succeeded.
area = 3.59497369989 with chi^2 420.838335336
eigenvalues: 
-0.0440096
0.0866363
0.391835
1
1
1
1
1.00014
1.03941
3.52599
matrix forced pos-def by adding 0.0475356 to diagonal
MnHesse: matrix is invalid!
MnHesse: matrix is not pos. def.!
MnHesse: matrix was forced pos. def.
FunctionMinimum is invalid.
Minuit failed because covariance is not accurate, and covariance is not positive definite.
Minuit succeeded.
area = 3.58599111682 with chi^2 428.685429083
eigenvalues: 
-0.0152363
0.0825491
0.39144
1
1
1
1
1.00029
1.02373
3.51722
matrix forced pos-def by adding 0.0187536 to diagonal
MnHesse: matrix is invalid!
MnHesse: matrix is not pos. def.!
MnHesse: matrix was forced pos. def.
FunctionMinimum is invalid.
Minuit failed because covariance is not accurate, and covariance is not positive definite.
Minuit succeeded.
area = 3.60320610056 with chi^2 425.516671253
Minuit succeeded.
area = 3.58954950572 with chi^2 426.322524918
Minuit succeeded.
area = 3.59029608562 with chi^2 422.255281631
eigenvalues: 
-0.0690697
0.0852407
0.387873
1
1
1
1
1.00015
1.02251
3.5733
matrix forced pos-def by adding 0.072643 to diagonal
MnHesse: matrix is invalid!
MnHesse: matrix is not pos. def.!
MnHesse: matrix was forced pos. def.
FunctionMinimum is invalid.
Minuit failed because covariance is not accurate, and covariance is not positive definite.
Minuit succeeded.
area = 3.59910953445 with chi^2 421.962888325
Minuit succeeded.
area = 3.59511763734 with chi^2 420.935076242
Minuit succeeded.
area = 3.59723480868 with chi^2 421.333150663
Minuit succeeded.
area = 3.58911734577 with chi^2 420.997349604
Minuit succeeded.
area = 3.59405844401 with chi^2 426.719580534
Minuit succeeded.
area = 3.6031832463 with chi^2 427.213289289
eigenvalues: 
-0.0462672
0.0814597
0.400635
1
1
1
1
1.00034
1.03511
3.52873
matrix forced pos-def by adding 0.049796 to diagonal
MnHesse: matrix is invalid!
MnHesse: matrix is not pos. def.!
MnHesse: matrix was forced pos. def.
FunctionMinimum is invalid.
Minuit failed because covariance is not accurate, and covariance is not positive definite.
eigenvalues: 
-0.0471123
0.0837386
0.391274
1
1
1
1
1.00009
1.02129
3.55072
matrix forced pos-def by adding 0.050663 to diagonal
MnHesse: matrix is invalid!
MnHesse: matrix is not pos. def.!
MnHesse: matrix was forced pos. def.
FunctionMinimum is invalid.
Minuit failed because covariance is not accurate, and covariance is not positive definite.
Minuit succeeded.
area = 3.60605381063 with chi^2 434.244101142
Minuit succeeded.
area = 3.60246072409 with chi^2 426.87035589
Minuit succeeded.
area = 3.6018793135 with chi^2 426.169779924
eigenvalues: 
-0.012224
0.08388
0.397069
1
1
1
1
1.00003
1.02786
3.50339
matrix forced pos-def by adding 0.0157274 to diagonal
MnHesse: matrix is invalid!
MnHesse: matrix is not pos. def.!
MnHesse: matrix was forced pos. def.
FunctionMinimum is invalid.
Minuit failed because covariance is not accurate, and covariance is not positive definite.
Minuit succeeded.
area = 3.60853293779 with chi^2 429.118485427
Minuit succeeded.
area = 3.59052235814 with chi^2 425.626693951
eigenvalues: 
-0.0488084
0.0800422
0.399044
1
1
1
1
1.00024
1.02702
3.54246
matrix forced pos-def by adding 0.0523508 to diagonal
MnHesse: matrix is invalid!
MnHesse: matrix is not pos. def.!
MnHesse: matrix was forced pos. def.
FunctionMinimum is invalid.
Minuit failed because covariance is not accurate, and covariance is not positive definite.
Minuit succeeded.
area = 3.59678351061 with chi^2 420.498271273
Minuit succeeded.
area = 3.6024627593 with chi^2 428.476245968
Minuit succeeded.
area = 3.60622012517 with chi^2 427.166067993
Minuit succeeded.
area = 3.60773585355 with chi^2 426.863129804
Minuit succeeded.
area = 3.59676366852 with chi^2 419.929985782
Minuit succeeded.
area = 3.60231952286 with chi^2 420.677584524
Minuit succeeded.
area = 3.60670019914 with chi^2 427.921418583
Minuit succeeded.
area = 3.6020402435 with chi^2 421.986927788
Minuit succeeded.
area = 3.6056416323 with chi^2 425.671153323
areas mean, stdev = 3.59942130158 0.00601560958163 chi^2 mean, stdev = 424.891218713 3.38530596706
