0.929605837873
Now with jitter = 0.0
Minuit succeeded.
area = 3.63366478674 with chi^2 521.450207593
areas mean, stdev = 3.63366478674 0.0 chi^2 mean, stdev = 521.450207593 0.0
Now with jitter = 0.05
Minuit succeeded.
area = 3.63741677186 with chi^2 522.773196086
eigenvalues: 
-0.0221841
0.0924884
0.388438
1
1
1
1
1.00002
1.05352
3.48773
matrix forced pos-def by adding 0.0256718 to diagonal
MnHesse: matrix is invalid!
MnHesse: matrix is not pos. def.!
MnHesse: matrix was forced pos. def.
FunctionMinimum is invalid.
Minuit failed because covariance is not accurate, and covariance is not positive definite.
Minuit succeeded.
area = 3.62870983331 with chi^2 520.822550509
Minuit succeeded.
area = 3.64042309319 with chi^2 527.156070999
Minuit succeeded.
area = 3.64061565496 with chi^2 521.726996797
Minuit succeeded.
area = 3.63475012079 with chi^2 523.670124859
Minuit succeeded.
area = 3.64225994783 with chi^2 527.507060073
VariableMetricBuilder: no improvement
VariableMetricBuilder: machine accuracy limits further improvement.
Minuit succeeded.
area = 3.63904729642 with chi^2 523.520882908
Minuit succeeded.
area = 3.64170078687 with chi^2 525.495698385
Minuit succeeded.
area = 3.63164994628 with chi^2 521.481106201
VariableMetricBuilder: no improvement
Minuit succeeded.
area = 3.62878903702 with chi^2 516.194784469
Minuit succeeded.
area = 3.6404958335 with chi^2 521.493302381
Minuit succeeded.
area = 3.63869079719 with chi^2 521.533037231
VariableMetricBuilder: no improvement
VariableMetricBuilder: machine accuracy limits further improvement.
Minuit succeeded.
area = 3.63347468831 with chi^2 522.44286897
Minuit succeeded.
area = 3.63687980876 with chi^2 528.835542702
Minuit succeeded.
area = 3.64506716175 with chi^2 527.515472044
Minuit succeeded.
area = 3.6388860917 with chi^2 525.783765889
Minuit succeeded.
area = 3.63412250002 with chi^2 527.567792808
Minuit succeeded.
area = 3.63719990127 with chi^2 522.846041529
Minuit succeeded.
area = 3.632615081 with chi^2 519.072084183
Minuit succeeded.
area = 3.63777694869 with chi^2 525.095464888
Minuit succeeded.
area = 3.64129648557 with chi^2 525.529584559
Minuit succeeded.
area = 3.63994141949 with chi^2 525.103279362
Minuit succeeded.
area = 3.63135836005 with chi^2 521.799132982
Minuit succeeded.
area = 3.6436531642 with chi^2 523.613758804
Minuit succeeded.
area = 3.63244382401 with chi^2 524.573530642
Minuit succeeded.
area = 3.63983514894 with chi^2 524.691259215
Minuit succeeded.
area = 3.63577454821 with chi^2 528.506579455
Minuit succeeded.
area = 3.6324394985 with chi^2 520.902192779
Minuit succeeded.
area = 3.6307533371 with chi^2 518.423396961
eigenvalues: 
-0.00866159
0.100093
0.388246
1
1
1
1
1.00004
1.04053
3.47976
matrix forced pos-def by adding 0.0121413 to diagonal
MnHesse: matrix is invalid!
MnHesse: matrix is not pos. def.!
MnHesse: matrix was forced pos. def.
FunctionMinimum is invalid.
Minuit failed because covariance is not accurate, and covariance is not positive definite.
Minuit succeeded.
area = 3.63171519539 with chi^2 521.134615361
Minuit succeeded.
area = 3.63406826265 with chi^2 522.623399388
Minuit succeeded.
area = 3.63878704111 with chi^2 520.544596401
Minuit succeeded.
area = 3.63816996614 with chi^2 524.339893732
Minuit succeeded.
area = 3.63510324835 with chi^2 523.530902791
Minuit succeeded.
area = 3.62631443643 with chi^2 517.242680101
Minuit succeeded.
area = 3.64098137257 with chi^2 524.808561156
VariableMetricBuilder: matrix not pos.def.
gdel > 0: 8.42742e-06
negative or zero diagonal element 0 in covariance matrix
added 1.00002 to diagonal of error matrix
gdel: 8.42742e-06
Minuit succeeded.
area = 3.6372114865 with chi^2 526.794090495
Minuit succeeded.
area = 3.6353507253 with chi^2 524.188647499
Minuit succeeded.
area = 3.63571049271 with chi^2 524.185916447
Minuit succeeded.
area = 3.63393042681 with chi^2 519.155714265
Minuit succeeded.
area = 3.63732487737 with chi^2 521.050341511
Minuit succeeded.
area = 3.63338388588 with chi^2 521.355499117
Minuit succeeded.
area = 3.64112362559 with chi^2 525.630297069
Minuit succeeded.
area = 3.63094184988 with chi^2 522.402578191
VariableMetricBuilder: no improvement
Minuit succeeded.
area = 3.63292225035 with chi^2 523.658503375
Minuit succeeded.
area = 3.63965552734 with chi^2 522.59376809
Minuit succeeded.
area = 3.64112359601 with chi^2 523.367551204
Minuit succeeded.
area = 3.63819118898 with chi^2 518.873772397
Minuit succeeded.
area = 3.63000753039 with chi^2 525.593721909
Minuit succeeded.
area = 3.63278079571 with chi^2 522.527108592
Minuit succeeded.
area = 3.63960154552 with chi^2 525.18258385
eigenvalues: 
-0.0875586
0.0728345
0.391488
1
1
1
1
1.00006
1.03547
3.5877
matrix forced pos-def by adding 0.0911463 to diagonal
MnHesse: matrix is invalid!
MnHesse: matrix is not pos. def.!
MnHesse: matrix was forced pos. def.
FunctionMinimum is invalid.
Minuit failed because covariance is not accurate, and covariance is not positive definite.
Minuit succeeded.
area = 3.63176165189 with chi^2 524.952071293
Minuit succeeded.
area = 3.63602284247 with chi^2 522.389089456
Minuit succeeded.
area = 3.63285373119 with chi^2 523.868962331
Minuit succeeded.
area = 3.63663317547 with chi^2 521.016920441
Minuit succeeded.
area = 3.62524612826 with chi^2 524.574978085
Minuit succeeded.
area = 3.63308641391 with chi^2 524.458437657
Minuit succeeded.
area = 3.63586445369 with chi^2 521.676303177
Minuit succeeded.
area = 3.6402306316 with chi^2 525.018509916
Minuit succeeded.
area = 3.63946041468 with chi^2 524.608016259
Minuit succeeded.
area = 3.63424215321 with chi^2 521.990716665
eigenvalues: 
-0.0773398
0.0803284
0.389819
1
1
1
1
1.00013
1.05202
3.55504
matrix forced pos-def by adding 0.0808948 to diagonal
MnHesse: matrix is invalid!
MnHesse: matrix is not pos. def.!
MnHesse: matrix was forced pos. def.
FunctionMinimum is invalid.
Minuit failed because covariance is not accurate, and covariance is not positive definite.
Minuit succeeded.
area = 3.63972638452 with chi^2 521.377346148
Minuit succeeded.
area = 3.63995338507 with chi^2 527.238103076
Minuit succeeded.
area = 3.6411542275 with chi^2 528.355587033
VariableMetricBuilder: no improvement
Minuit succeeded.
area = 3.62893288555 with chi^2 519.427395536
Minuit succeeded.
area = 3.63369808209 with chi^2 524.00374254
Minuit succeeded.
area = 3.64325540947 with chi^2 529.878074963
Minuit succeeded.
area = 3.62719977554 with chi^2 523.601554617
Minuit succeeded.
area = 3.63300685283 with chi^2 523.798810955
Minuit succeeded.
area = 3.63373676075 with chi^2 525.400925278
Minuit succeeded.
area = 3.63910223955 with chi^2 523.611650111
Minuit succeeded.
area = 3.64893246272 with chi^2 528.906161899
eigenvalues: 
-0.010609
0.0867041
0.389644
1
1
1
1
1.0001
1.05196
3.4822
matrix forced pos-def by adding 0.0140912 to diagonal
MnHesse: matrix is invalid!
MnHesse: matrix is not pos. def.!
MnHesse: matrix was forced pos. def.
FunctionMinimum is invalid.
Minuit failed because covariance is not accurate, and covariance is not positive definite.
Minuit succeeded.
area = 3.63381650124 with chi^2 520.473935501
Minuit succeeded.
area = 3.62448294038 with chi^2 516.733707041
Minuit succeeded.
area = 3.63062344999 with chi^2 525.916281127
Minuit succeeded.
area = 3.6385047336 with chi^2 519.588888719
Minuit succeeded.
area = 3.6387529421 with chi^2 522.468693184
Minuit succeeded.
area = 3.6382258087 with chi^2 523.632050973
Minuit succeeded.
area = 3.63719791494 with chi^2 523.804122746
Minuit succeeded.
area = 3.64535130591 with chi^2 525.901548467
Minuit succeeded.
area = 3.63992070374 with chi^2 526.347146887
Minuit succeeded.
area = 3.63111930859 with chi^2 519.075404061
Minuit succeeded.
area = 3.63158582066 with chi^2 523.516484645
Minuit succeeded.
area = 3.63322982668 with chi^2 523.410754093
eigenvalues: 
-0.0181029
0.0912
0.386929
1
1
1
1
1.00005
1.0569
3.48303
matrix forced pos-def by adding 0.021586 to diagonal
MnHesse: matrix is invalid!
MnHesse: matrix is not pos. def.!
MnHesse: matrix was forced pos. def.
FunctionMinimum is invalid.
Minuit failed because covariance is not accurate, and covariance is not positive definite.
VariableMetricBuilder: no improvement
VariableMetricBuilder: machine accuracy limits further improvement.
Minuit succeeded.
area = 3.63611228079 with chi^2 522.704934855
eigenvalues: 
-0.0173521
0.0841683
0.412579
1
1
1
1
1.00083
1.07426
3.44552
matrix forced pos-def by adding 0.0207977 to diagonal
MnHesse: matrix is invalid!
MnHesse: matrix is not pos. def.!
MnHesse: matrix was forced pos. def.
FunctionMinimum is invalid.
Minuit failed because covariance is not accurate, and covariance is not positive definite.
Minuit succeeded.
area = 3.63447315907 with chi^2 525.800907437
Minuit succeeded.
area = 3.63956864934 with chi^2 523.806930276
Minuit succeeded.
area = 3.63786888811 with chi^2 525.577108826
Minuit succeeded.
area = 3.63184244246 with chi^2 517.596607559
Minuit succeeded.
area = 3.63009347334 with chi^2 522.450628267
Minuit succeeded.
area = 3.64093506292 with chi^2 525.004686659
Minuit succeeded.
area = 3.64224974179 with chi^2 522.990996823
Minuit succeeded.
area = 3.63916693509 with chi^2 518.169790984
areas mean, stdev = 3.63614718672 0.00466006968651 chi^2 mean, stdev = 523.35038998 2.82606479763
Now with jitter = 0.07
Minuit succeeded.
area = 3.62760010364 with chi^2 527.660429537
Minuit succeeded.
area = 3.64803214229 with chi^2 531.996698657
Minuit succeeded.
area = 3.63695537307 with chi^2 525.59940216
Minuit succeeded.
area = 3.63292111577 with chi^2 520.390113639
Minuit succeeded.
area = 3.63253821673 with chi^2 530.466660545
Minuit succeeded.
area = 3.64017359597 with chi^2 528.107061055
eigenvalues: 
-0.0163997
0.084509
0.393138
1
1
1
1
1.00017
1.05635
3.48223
matrix forced pos-def by adding 0.0198819 to diagonal
MnHesse: matrix is invalid!
MnHesse: matrix is not pos. def.!
MnHesse: matrix was forced pos. def.
FunctionMinimum is invalid.
Minuit failed because covariance is not accurate, and covariance is not positive definite.
Minuit succeeded.
area = 3.63707605764 with chi^2 531.253474251
Minuit succeeded.
area = 3.63566603185 with chi^2 525.391632531
Minuit succeeded.
area = 3.64498506236 with chi^2 524.183802005
Minuit succeeded.
area = 3.64103774344 with chi^2 529.788876305
Minuit succeeded.
area = 3.63753204065 with chi^2 525.487975761
Minuit succeeded.
area = 3.6430256329 with chi^2 520.580955088
VariableMetricBuilder: no improvement
Minuit succeeded.
area = 3.64873607508 with chi^2 517.572076718
Minuit succeeded.
area = 3.64249626166 with chi^2 529.777102669
Minuit succeeded.
area = 3.64053088328 with chi^2 524.12793326
Minuit succeeded.
area = 3.63488537399 with chi^2 523.659169359
Minuit succeeded.
area = 3.64192908546 with chi^2 520.652244014
Minuit succeeded.
area = 3.63328169893 with chi^2 531.164014724
VariableMetricBuilder: no improvement
VariableMetricBuilder: machine accuracy limits further improvement.
Minuit succeeded.
area = 3.63599202949 with chi^2 520.274525489
Minuit succeeded.
area = 3.6372111808 with chi^2 524.49620236
Minuit succeeded.
area = 3.64226994438 with chi^2 525.291533689
Minuit succeeded.
area = 3.64454393256 with chi^2 523.59767308
Minuit succeeded.
area = 3.63140994397 with chi^2 526.726958786
Minuit succeeded.
area = 3.63048068721 with chi^2 523.660665799
VariableMetricBuilder: no improvement
VariableMetricBuilder: machine accuracy limits further improvement.
Minuit succeeded.
area = 3.63287470984 with chi^2 527.147117852
Minuit succeeded.
area = 3.63999837511 with chi^2 528.818115075
Minuit succeeded.
area = 3.63417494912 with chi^2 527.922658809
Minuit succeeded.
area = 3.63820252054 with chi^2 527.923019023
Minuit succeeded.
area = 3.63927938555 with chi^2 522.657968603
Minuit succeeded.
area = 3.63023121384 with chi^2 524.819369943
Minuit succeeded.
area = 3.6457227959 with chi^2 528.857348325
VariableMetricBuilder: no improvement
eigenvalues: 
-0.0471602
0.0835228
0.410645
1
1
1
1
1.00089
1.10292
3.44919
matrix forced pos-def by adding 0.0506093 to diagonal
MnHesse: matrix is invalid!
MnHesse: matrix is not pos. def.!
MnHesse: matrix was forced pos. def.
FunctionMinimum is invalid.
Minuit failed because covariance is not accurate, and covariance is not positive definite.
Minuit succeeded.
area = 3.63144961169 with chi^2 524.969315697
Minuit succeeded.
area = 3.63872644433 with chi^2 530.109270011
Minuit succeeded.
area = 3.64477074731 with chi^2 523.710803888
Minuit succeeded.
area = 3.63990639484 with chi^2 525.024439205
Minuit succeeded.
area = 3.63251129399 with chi^2 526.787599754
Minuit succeeded.
area = 3.62403708566 with chi^2 516.590597596
Minuit succeeded.
area = 3.63240707247 with chi^2 520.602638708
Minuit succeeded.
area = 3.63080588535 with chi^2 526.697838696
VariableMetricBuilder: no improvement
VariableMetricBuilder: machine accuracy limits further improvement.
Minuit succeeded.
area = 3.64942761734 with chi^2 532.17221859
Minuit succeeded.
area = 3.64025954925 with chi^2 536.882015484
Minuit succeeded.
area = 3.62862922035 with chi^2 528.545233263
Minuit succeeded.
area = 3.64128312862 with chi^2 522.658253335
Minuit succeeded.
area = 3.65093807015 with chi^2 524.803283943
Minuit succeeded.
area = 3.63432822481 with chi^2 524.456561285
Minuit succeeded.
area = 3.6230741755 with chi^2 520.633627573
Minuit succeeded.
area = 3.63636205548 with chi^2 526.727512724
Minuit succeeded.
area = 3.63089950566 with chi^2 525.692419616
Minuit succeeded.
area = 3.6327082992 with chi^2 524.428518963
Minuit succeeded.
area = 3.64246016856 with chi^2 529.146235059
Minuit succeeded.
area = 3.63408215591 with chi^2 522.886927371
Minuit succeeded.
area = 3.62989205097 with chi^2 524.791369153
Minuit succeeded.
area = 3.63750302179 with chi^2 525.840366315
VariableMetricBuilder: matrix not pos.def.
gdel > 0: 1.20919e-05
negative or zero diagonal element 1 in covariance matrix
added 1.0023 to diagonal of error matrix
gdel: 1.20919e-05
Minuit succeeded.
area = 3.63262768333 with chi^2 525.876210921
Minuit succeeded.
area = 3.63765507167 with chi^2 526.942189375
Minuit succeeded.
area = 3.63924566403 with chi^2 520.112852944
Minuit succeeded.
area = 3.6401645984 with chi^2 520.710949197
Minuit succeeded.
area = 3.63985260813 with chi^2 522.646992029
VariableMetricBuilder: no improvement
Minuit succeeded.
area = 3.65711540375 with chi^2 523.755639371
Minuit succeeded.
area = 3.64238321254 with chi^2 527.240141212
Minuit succeeded.
area = 3.63981247597 with chi^2 528.426659458
Minuit succeeded.
area = 3.64736556815 with chi^2 521.730899212
VariableMetricBuilder: no improvement
VariableMetricBuilder: machine accuracy limits further improvement.
Minuit succeeded.
area = 3.6392104048 with chi^2 530.622571663
Minuit succeeded.
area = 3.63942527678 with chi^2 526.947910338
Minuit succeeded.
area = 3.63338719362 with chi^2 521.711299522
Minuit succeeded.
area = 3.64154773695 with chi^2 526.817558246
Minuit succeeded.
area = 3.65632198083 with chi^2 525.699869736
Minuit succeeded.
area = 3.63127318716 with chi^2 527.243018717
Minuit succeeded.
area = 3.64760483508 with chi^2 525.804645483
Minuit succeeded.
area = 3.63870363019 with chi^2 520.25191951
Minuit succeeded.
area = 3.64783717095 with chi^2 526.076065144
Minuit succeeded.
area = 3.62821449328 with chi^2 518.894591311
Minuit succeeded.
area = 3.62877432988 with chi^2 525.842410784
Minuit succeeded.
area = 3.62956905433 with chi^2 522.597119931
eigenvalues: 
-0.00630315
0.0859651
0.391554
1
1
1
1
1.00003
1.05432
3.47443
matrix forced pos-def by adding 0.00977758 to diagonal
MnHesse: matrix is invalid!
MnHesse: matrix is not pos. def.!
MnHesse: matrix was forced pos. def.
FunctionMinimum is invalid.
Minuit failed because covariance is not accurate, and covariance is not positive definite.
Minuit succeeded.
area = 3.63540573396 with chi^2 517.657925082
Minuit succeeded.
area = 3.65111240097 with chi^2 524.269665706
VariableMetricBuilder: no improvement
VariableMetricBuilder: machine accuracy limits further improvement.
Minuit succeeded.
area = 3.63508118228 with chi^2 531.192961418
Minuit succeeded.
area = 3.64099036342 with chi^2 521.983929175
Minuit succeeded.
area = 3.62978686603 with chi^2 531.006525232
Minuit succeeded.
area = 3.64598632002 with chi^2 525.56787906
VariableMetricBuilder: no improvement
VariableMetricBuilder: machine accuracy limits further improvement.
Minuit succeeded.
area = 3.63324594614 with chi^2 523.511640258
Minuit succeeded.
area = 3.63164358895 with chi^2 521.105498835
Minuit succeeded.
area = 3.64580801943 with chi^2 531.952507697
Minuit succeeded.
area = 3.636397895 with chi^2 526.70342406
Minuit succeeded.
area = 3.64947649801 with chi^2 531.645324188
Minuit succeeded.
area = 3.63927314595 with chi^2 525.420802589
Minuit succeeded.
area = 3.63845892788 with chi^2 525.565985753
Minuit succeeded.
area = 3.6369571842 with chi^2 527.393525429
Minuit succeeded.
area = 3.63237783145 with chi^2 530.380302462
Minuit succeeded.
area = 3.63793259368 with chi^2 524.473162585
Minuit succeeded.
area = 3.62570810022 with chi^2 520.934797899
Minuit succeeded.
area = 3.64707184278 with chi^2 527.205625486
Minuit succeeded.
area = 3.64954690633 with chi^2 537.448611135
Minuit succeeded.
area = 3.63457426558 with chi^2 532.027215806
Minuit succeeded.
area = 3.64371886212 with chi^2 526.097847049
Minuit succeeded.
area = 3.63290375177 with chi^2 524.618785341
eigenvalues: 
-0.00643876
0.117792
0.380906
1
1
1
1
1.00012
1.04258
3.46504
matrix forced pos-def by adding 0.0099038 to diagonal
MnHesse: matrix is invalid!
MnHesse: matrix is not pos. def.!
MnHesse: matrix was forced pos. def.
FunctionMinimum is invalid.
Minuit failed because covariance is not accurate, and covariance is not positive definite.
areas mean, stdev = 3.63812297654 0.006871392559 chi^2 mean, stdev = 525.711721684 3.91711753732
