your job 337406 ("y3s-dec06-01-cont.run") has been submitted
your job 337407 ("y3s-dec06-01-peak.run") has been submitted
your job 337408 ("y3s-dec06-01-scan.run") has been submitted
your job 337410 ("y3s-dec13-01-cont.run") has been submitted
your job 337411 ("y3s-dec13-01-peak.run") has been submitted
your job 337412 ("y3s-dec13-01-scan.run") has been submitted
your job 337413 ("y3s-dec20-01-cont.run") has been submitted
your job 337414 ("y3s-dec20-01-peak.run") has been submitted
your job 337415 ("y3s-dec20-01-scan.run") has been submitted
your job 337416 ("y3s-dec25-01-cont.run") has been submitted
your job 337418 ("y3s-dec25-01-high.run") has been submitted
your job 337419 ("y3s-dec25-01-peak.run") has been submitted
your job 337420 ("y3s-dec25-01-scan.run") has been submitted
your job 337421 ("y3s-jan03-02-cont.run") has been submitted
your job 337422 ("y3s-jan03-02-peak.run") has been submitted
your job 337423 ("y3s-jan03-02-scan.run") has been submitted
your job 337425 ("y3s-jan10-02-cont.run") has been submitted
your job 337431 ("y3s-jan10-02-peak.run") has been submitted
your job 337435 ("y3s-jan10-02-scan.run") has been submitted
your job 337442 ("y3s-nov29-01-cont.run") has been submitted
your job 337476 ("y3s-nov29-01-peak.run") has been submitted
your job 337478 ("y3s-nov29-01-scan.run") has been submitted
your job 337488 ("y2s-aug07-02-scan.run") has been submitted
your job 337493 ("y2s-aug07-02-scan.run") has been submitted
your job 337494 ("y2s-jul11-02-cont.run") has been submitted
your job 337504 ("y2s-jul11-02-cont.run") has been submitted
your job 337507 ("y2s-jul11-02-scan.run") has been submitted
your job 337511 ("y2s-jul11-02-scan.run") has been submitted
your job 337580 ("y2s-jul24-02-cont.run") has been submitted
your job 337581 ("y2s-jul24-02-cont.run") has been submitted
your job 337582 ("y2s-jul24-02-scan.run") has been submitted
your job 337583 ("y2s-jul24-02-scan.run") has been submitted
your job 337584 ("y2s-jun11-02-cont.run") has been submitted
your job 337734 ("y2s-jun11-02-cont.run") has been submitted
your job 337735 ("y2s-jun11-02-peak.run") has been submitted
your job 337736 ("y2s-jun11-02-peak.run") has been submitted
your job 337737 ("y2s-jun11-02-scan.run") has been submitted
your job 337738 ("y2s-jun11-02-scan.run") has been submitted
your job 337739 ("y2s-jun28-02-cont.run") has been submitted
your job 337740 ("y2s-jun28-02-cont.run") has been submitted
your job 337741 ("y2s-jun28-02-high.run") has been submitted
Waiting one minute...
Waiting one minute...
Waiting one minute...
Waiting one minute...
Waiting one minute...
Waiting one minute...
Waiting one minute...
Waiting one minute...
Waiting one minute...
Waiting one minute...
Waiting one minute...
Waiting one minute...
Waiting one minute...
Waiting one minute...
Waiting one minute...
Waiting one minute...
Waiting one minute...
Waiting one minute...
Waiting one minute...
Waiting one minute...
Waiting one minute...
Waiting one minute...
Waiting one minute...
Waiting one minute...
Waiting one minute...
Waiting one minute...
Waiting one minute...
Waiting one minute...
Waiting one minute...
Waiting one minute...
Waiting one minute...
Waiting one minute...
Waiting one minute...
Waiting one minute...
Waiting one minute...
Waiting one minute...
Waiting one minute...
Waiting one minute...
Waiting one minute...
Waiting one minute...
Waiting one minute...
Waiting one minute...
Waiting one minute...
Waiting one minute...
Waiting one minute...
Waiting one minute...
Waiting one minute...
Waiting one minute...
Waiting one minute...
Waiting one minute...
Waiting one minute...
Waiting one minute...
Waiting one minute...
Waiting one minute...
Waiting one minute...
Waiting one minute...
Waiting one minute...
Waiting one minute...
Waiting one minute...
Waiting one minute...
Waiting one minute...
Waiting one minute...
Waiting one minute...
Waiting one minute...
Waiting one minute...
Waiting one minute...
Waiting one minute...
Waiting one minute...
Waiting one minute...
Waiting one minute...
Waiting one minute...
Waiting one minute...
Waiting one minute...
Waiting one minute...
Waiting one minute...
Waiting one minute...
Waiting one minute...
Waiting one minute...
Waiting one minute...
Waiting one minute...
Waiting one minute...
Waiting one minute...
Waiting one minute...
Waiting one minute...
Waiting one minute...
Waiting one minute...
Waiting one minute...
Waiting one minute...
Waiting one minute...
Waiting one minute...
Waiting one minute...
Waiting one minute...
Waiting one minute...
Waiting one minute...
Waiting one minute...
Waiting one minute...
Waiting one minute...
Waiting one minute...
Waiting one minute...
Waiting one minute...
Waiting one minute...
Waiting one minute...
Waiting one minute...
Waiting one minute...
Waiting one minute...
Waiting one minute...
Waiting one minute...
Waiting one minute...
Waiting one minute...
Waiting one minute...
Waiting one minute...
Waiting one minute...
Waiting one minute...
Waiting one minute...
Waiting one minute...
Waiting one minute...
Waiting one minute...
Waiting one minute...
Waiting one minute...
Waiting one minute...
Waiting one minute...
Waiting one minute...
Waiting one minute...
Waiting one minute...
Waiting one minute...
Waiting one minute...
Waiting one minute...
Waiting one minute...
Waiting one minute...
Waiting one minute...
Waiting one minute...
Waiting one minute...
Waiting one minute...
Waiting one minute...
Waiting one minute...
Waiting one minute...
Waiting one minute...
Waiting one minute...
Waiting one minute...
Waiting one minute...
Waiting one minute...
Waiting one minute...
Waiting one minute...
Waiting one minute...
Waiting one minute...
Waiting one minute...
Waiting one minute...
Waiting one minute...
Waiting one minute...
Waiting one minute...
Waiting one minute...
Waiting one minute...
Waiting one minute...
Waiting one minute...
Waiting one minute...
Waiting one minute...
Waiting one minute...
Waiting one minute...
Waiting one minute...
Waiting one minute...
Waiting one minute...
Waiting one minute...
Waiting one minute...
Waiting one minute...
Waiting one minute...
Waiting one minute...
Waiting one minute...
Waiting one minute...
Waiting one minute...
Waiting one minute...
Waiting one minute...
Waiting one minute...
Waiting one minute...
Waiting one minute...
Waiting one minute...
Waiting one minute...
Waiting one minute...
Waiting one minute...
Waiting one minute...
Waiting one minute...
Waiting one minute...
Waiting one minute...
Waiting one minute...
Waiting one minute...
Waiting one minute...
Waiting one minute...
Waiting one minute...
Waiting one minute...
Waiting one minute...
Waiting one minute...
Waiting one minute...
Waiting one minute...
Waiting one minute...
Waiting one minute...
Waiting one minute...
Waiting one minute...
Waiting one minute...
Waiting one minute...
Waiting one minute...
Waiting one minute...
Waiting one minute...
Waiting one minute...
Waiting one minute...
Waiting one minute...
Waiting one minute...
Waiting one minute...
Waiting one minute...
Waiting one minute...
Waiting one minute...
Waiting one minute...
Waiting one minute...
Waiting one minute...
Waiting one minute...
Waiting one minute...
Waiting one minute...
Waiting one minute...
Waiting one minute...
Waiting one minute...
Waiting one minute...
Waiting one minute...
Waiting one minute...
Waiting one minute...
Waiting one minute...
Waiting one minute...
Waiting one minute...
Waiting one minute...
Waiting one minute...
Waiting one minute...
Waiting one minute...
Waiting one minute...
Waiting one minute...
Waiting one minute...
Waiting one minute...
Waiting one minute...
Waiting one minute...
Waiting one minute...
Waiting one minute...
Waiting one minute...
Waiting one minute...
Waiting one minute...
Waiting one minute...
Waiting one minute...
Waiting one minute...
Waiting one minute...
Waiting one minute...
Waiting one minute...
Waiting one minute...
Waiting one minute...
Waiting one minute...
Waiting one minute...
Waiting one minute...
Waiting one minute...
Waiting one minute...
Waiting one minute...
Waiting one minute...
Waiting one minute...
Waiting one minute...
Waiting one minute...
Waiting one minute...
Waiting one minute...
Waiting one minute...
Waiting one minute...
Waiting one minute...
Waiting one minute...
Waiting one minute...
Waiting one minute...
Waiting one minute...
Waiting one minute...
Waiting one minute...
Waiting one minute...
Waiting one minute...
Waiting one minute...
Waiting one minute...
Waiting one minute...
Waiting one minute...
Waiting one minute...
Waiting one minute...
Waiting one minute...
Waiting one minute...
Waiting one minute...
Waiting one minute...
Waiting one minute...
Waiting one minute...
Waiting one minute...
Waiting one minute...
Waiting one minute...
Waiting one minute...
Waiting one minute...
Waiting one minute...
Waiting one minute...
Waiting one minute...
Waiting one minute...
Waiting one minute...
Waiting one minute...
Waiting one minute...
Waiting one minute...
Waiting one minute...
Waiting one minute...
Waiting one minute...
Waiting one minute...
Waiting one minute...
Waiting one minute...
Waiting one minute...
Waiting one minute...
Waiting one minute...
Waiting one minute...
Waiting one minute...
Waiting one minute...
Waiting one minute...
Waiting one minute...
Waiting one minute...
Waiting one minute...
Waiting one minute...
Waiting one minute...
Waiting one minute...
Waiting one minute...
Waiting one minute...
Waiting one minute...
Waiting one minute...
Waiting one minute...
Waiting one minute...
Waiting one minute...
Waiting one minute...
Waiting one minute...
Waiting one minute...
Waiting one minute...
Waiting one minute...
Waiting one minute...
Waiting one minute...
Waiting one minute...
Waiting one minute...
Waiting one minute...
Waiting one minute...
Waiting one minute...
Waiting one minute...
Waiting one minute...
Waiting one minute...
Waiting one minute...
Waiting one minute...
Waiting one minute...
Waiting one minute...
Waiting one minute...
Waiting one minute...
Waiting one minute...
Waiting one minute...
Waiting one minute...
Waiting one minute...
Waiting one minute...
Waiting one minute...
Waiting one minute...
Waiting one minute...
Waiting one minute...
Waiting one minute...
Waiting one minute...
Waiting one minute...
Waiting one minute...
Waiting one minute...
Waiting one minute...
Waiting one minute...
Waiting one minute...
Waiting one minute...
Waiting one minute...
Waiting one minute...
Waiting one minute...
Waiting one minute...
Waiting one minute...
Waiting one minute...
Waiting one minute...
Waiting one minute...
Waiting one minute...
Waiting one minute...
Waiting one minute...
Waiting your job 337742 ("y2s-jun28-02-high.run") has been submitted
your job 337743 ("y2s-jun28-02-peak.run") has been submitted
your job 337744 ("y2s-jun28-02-peak.run") has been submitted
your job 337755 ("y2s-may28-02-cont.run") has been submitted
your job 337756 ("y2s-may28-02-cont.run") has been submitted
your job 337757 ("y2s-may28-02-peak.run") has been submitted
your job 337758 ("y2s-may28-02-peak.run") has been submitted
your job 337759 ("y2s-may28-02-scan.run") has been submitted
your job 337760 ("y2s-may28-02-scan.run") has been submitted
your job 337761 ("y1s-apr02-02-cont.run") has been submitted
your job 337762 ("y1s-apr02-02-cont.run") has been submitted
your job 337763 ("y1s-apr02-02-peak.run") has been submitted
your job 337764 ("y1s-apr02-02-peak.run") has been submitted
your job 337770 ("y1s-apr02-02-scan.run") has been submitted
your job 337779 ("y1s-apr02-02-scan.run") has been submitted
critical error: SGE_ROOT directory "/nfs/sge/root" doesn't exist
critical error: SGE_ROOT directory "/nfs/sge/root" doesn't exist
your job 337780 ("y1s-apr08-02-cont.run") has been submitted
your job 337782 ("y1s-apr08-02-peak.run") has been submitted
your job 337787 ("y1s-apr08-02-peak.run") has been submitted
your job 337788 ("y1s-apr08-02-scan.run") has been submitted
your job 337789 ("y1s-apr08-02-scan.run") has been submitted
your job 337790 ("y1s-feb06-02-cont.run") has been submitted
your job 337791 ("y1s-feb06-02-cont.run") has been submitted
your job 337792 ("y1s-feb06-02-peak.run") has been submitted
your job 337796 ("y1s-feb06-02-peak.run") has been submitted
your job 337803 ("y1s-feb06-02-scan.run") has been submitted
your job 337804 ("y1s-feb06-02-scan.run") has been submitted
your job 337805 ("y1s-feb14-02-cont.run") has been submitted
your job 337806 ("y1s-feb14-02-cont.run") has been submitted
your job 337812 ("y1s-feb14-02-peak.run") has been submitted
your job 337813 ("y1s-feb14-02-peak.run") has been submitted
your job 337814 ("y1s-feb20-02-cont.run") has been submitted
one minute...
Waiting one minute...
Waiting one minute...
Waiting one minute...
Waiting one minute...
Waiting one minute...
Waiting one minute...
Waiting one minute...
Waiting one minute...
Waiting one minute...
Waiting one minute...
Waiting one minute...
Waiting one minute...
Waiting one minute...
Waiting one minute...
Waiting one minute...
Waiting one minute...
Waiting one minute...
Waiting one minute...
Waiting one minute...
Waiting one minute...
Waiting one minute...
Waiting one minute...
Waiting one minute...
Waiting one minute...
Waiting one minute...
Waiting one minute...
Waiting one minute...
Waiting one minute...
Waiting one minute...
Waiting one minute...
Waiting one minute...
Waiting one minute...
Waiting one minute...
Waiting one minute...
Waiting one minute...
Waiting one minute...
Waiting one minute...
Waiting one minute...
Waiting one minute...
Waiting one minute...
Waiting one minute...
Waiting one minute...
Waiting one minute...
Waiting one minute...
Waiting one minute...
Waiting one minute...
Waiting one minute...
Waiting one minute...
Waiting one minute...
Waiting one minute...
Waiting one minute...
Waiting one minute...
Waiting one minute...
Waiting one minute...
Waiting one minute...
Waiting one minute...
Waiting one minute...
Waiting one minute...
Waiting one minute...
Waiting one minute...
Waiting one minute...
Waiting one minute...
Waiting one minute...
Waiting one minute...
Waiting one minute...
Waiting one minute...
Waiting one minute...
Waiting one minute...
Waiting one minute...
Waiting one minute...
Waiting one minute...
Waiting one minute...
Waiting one minute...
Waiting one minute...
Waiting one minute...
Waiting one minute...
Waiting one minute...
Waiting one minute...
Waiting one minute...
Waiting one minute...
Waiting one minute...
Waiting one minute...
Waiting one minute...
Waiting one minute...
Waiting one minute...
Waiting one minute...
Waiting one minute...
Waiting one minute...
Waiting one minute...
Waiting one minute...
Waiting one minute...
Waiting one minute...
Waiting one minute...
Waiting one minute...
Waiting one minute...
Waiting one minute...
Waiting one minute...
Waiting one minute...
Waiting one minute...
Waiting one minute...
Waiting one minute...
Waiting one minute...
Waiting one minute...
Waiting one minute...
Waiting one minute...
Waiting one minute...
Waiting one minute...
Waiting one minute...
Waiting one minute...
Waiting one minute...
Waiting one minute...
Waiting one minute...
Waiting one minute...
Waiting one minute...
Waiting one minute...
Waiting one minute...
Waiting one minute...
Waiting one minute...
Waiting one minute...
Waiting one minute...
Waiting one minute...
Waiting one minute...
Waiting one minute...
Waiting one minute...
Waiting one minute...
Waiting one minute...
Waiting one minute...
Waiting one minute...
Waiting one minute...
Waiting one minute...
Waiting one minute...
Waiting one minute...
Waiting one minute...
Waiting one minute...
Waiting one minute...
Waiting one minute...
Waiting one minute...
Waiting one minute...
Waiting one minute...
Waiting one minute...
Waiting one minute...
Waiting one minute...
Waiting one minute...
Waiting one minute...
Waiting one minute...
Waiting one minute...
Waiting one minute...
Waiting one minute...
Waiting one minute...
Waiting one minute...
Waiting one minute...
Waiting one minute...
Waiting one minute...
Waiting one minute...
Waiting one minute...
Waiting one minute...
Waiting one minute...
Waiting one minute...
Waiting one minute...
Waiting one minute...
Waiting one minute...
Waiting one minute...
Waiting one minute...
Waiting one minute...
Waiting one minute...
Waiting one minute...
Waiting one minute...
Waiting one minute...
Waiting one minute...
Waiting one minute...
Waiting one minute...
Waiting one minute...
Waiting one minute...
Waiting one minute...
Waiting one minute...
Waiting one minute...
Waiting one minute...
Waiting one minute...
Waiting one minute...
Waiting one minute...
Waiting one minute...
Waiting one minute...
Waiting one minute...
Waiting one minute...
Waiting one minute...
Waiting one minute...
Waiting one minute...
Waiting one minute...
Waiting one minute...
Waiting one minute...
Waiting one minute...
Waiting one minute...
Waiting one minute...
Waiting one minute...
Waiting one minute...
Waiting one minute...
Waiting one minute...
Waiting one minute...
Waiting one minute...
Waiting one minute...
Waiting one minute...
Waiting one minute...
Waiting one minute...
Waiting one minute...
Waiting one minute...
Waiting one minute...
Waiting one minute...
Waiting one minute...
Waiting one minute...
Waiting one minute...
Waiting one minute...
Waiting one minute...
Waiting one minute...
Waiting one minute...
Waiting one minute...
Waiting one minute...
Waiting one minute...
Waiting one minute...
Waiting one minute...
Waiting one minute...
Waiting one minute...
Waiting one minute...
Waiting one minute...
Waiting one minute...
Waiting one minute...
Waiting one minute...
Waiting one minute...
Waiting one minute...
Waiting one minute...
Waiting one minute...
Waiting one minute...
Waiting one minute...
Waiting one minute...
Waiting one minute...
Waiting one minute...
Waiting one minute...
Waiting one minute...
Waiting one minute...
Waiting one minute...
Waiting one minute...
Waiting one minute...
Waiting one minute...
Waiting one minute...
Waiting one minute...
Waiting one minute...
Waiting one minute...
Waiting one minute...
Waiting one minute...
Waiting one minute...
Waiting one minute...
Waiting one minute...
Waiting one minute...
Waiting one minute...
Waiting one minute...
Waiting one minute...
Waiting one minute...
Waiting one minute...
Waiting one minute...
Waiting one minute...
Waiting one minute...
Waiting one minute...
Waiting one minute...
Waiting one minute...
Waiting one minute...
Waiting one minute...
Waiting one minute...
Waiting one minute...
Waiting one minute...
Waiting one minute...
Waiting one minute...
Waiting one minute...
Waiting one minute...
Waiting one minute...
Waiting one minute...
Waiting one minute...
Waiting one minute...
Waiting one minute...
Waiting one minute...
Waiting one minute...
Waiting one minute...
Waiting one minute...
Waiting one minute...
Waiting one minute...
Waiting one minute...
Waiting one minute...
Waiting one minute...
Waiting one minute...
Waiting one minute...
Waiting one minute...
Waiting one minute...
Waiting one minute...
Waiting one minute...
Waiting one minute...
Waiting one minute...
Waiting one minute...
Waiting one minute...
Waiting one minute...
Waiting one minute...
Waiting one minute...
Waiting one minute...
Waiting one minute...
Waiting one minute...
Waiting one minute...
Waiting one minute...
Waiting one minute...
Waiting one minute...
Waiting one minute...
Waiting one minute...
Waiting one minute...
Waiting one minute...
Waiting one minute...
Waiting one minute...
Waiting one minute...
Waiting one minute...
Waiting one minute...
Waiting one minute...
Waiting one minute...
Waiting one minute...
Waiting one minute...
Waiting one minute...
Waiting one minute...
Waiting one minute...
Waiting one minute...
Waiting one minute...
Waiting one minute...
Waiting one minute...
Waiting one minute...
Waiting one minute...
Waiting one minute...
Waiting one minute...
Waiting one minute...
Waiting one minute...
Waiting one minute...
Waiting one minute...
Waiting one minute...
Waiting one minute...
Waiting one minute...
Waiting one minute...
Waiting one minute...
Waiting one minute...
Waiting one minute...
Waiting one minute...
Waiting one minute...
Waiting one minute...
Waiting one minute...
Waiting one minute...
Waiting one minute...
Waiting one minute...
Waiting one minute...
Waiting one minute...
Waiting one minute...
Waiting one minute...
Waiting one minute...
Waiting one minute...
Waiting one minute...
Waiting one minute...
Waiting one minute...
Waiting one minute...
Waiting one minute...
Waiting one minute...
Waiting one minute...
Waiting one minute...
Waiting one minute...
Waiting one minute...
Waiting one minute...
Waiting one minute...
Waiting one minute...
Waiting one minute...
Waiting one minute...
Waiting one minute...
Waiting one minute...
Waiting one minuyour job 337815 ("y1s-feb20-02-cont.run") has been submitted
your job 337816 ("y1s-feb20-02-peak.run") has been submitted
your job 337817 ("y1s-feb20-02-peak.run") has been submitted
your job 337819 ("y1s-feb20-02-scan.run") has been submitted
your job 337820 ("y1s-feb20-02-scan.run") has been submitted
your job 337821 ("y1s-feb28-02-cont.run") has been submitted
your job 337822 ("y1s-feb28-02-cont.run") has been submitted
your job 337823 ("y1s-feb28-02-peak.run") has been submitted
your job 337824 ("y1s-feb28-02-peak.run") has been submitted
your job 337825 ("y1s-feb28-02-scan.run") has been submitted
your job 337826 ("y1s-feb28-02-scan.run") has been submitted
your job 337827 ("y1s-jan16-02-cont.run") has been submitted
your job 337828 ("y1s-jan16-02-cont.run") has been submitted
your job 337829 ("y1s-jan16-02-peak.run") has been submitted
your job 337830 ("y1s-jan16-02-peak.run") has been submitted
your job 337831 ("y1s-jan16-02-scan.run") has been submitted
your job 337832 ("y1s-jan16-02-scan.run") has been submitted
your job 337833 ("y1s-jan30-02-cont.run") has been submitted
your job 337834 ("y1s-jan30-02-cont.run") has been submitted
your job 337845 ("y1s-jan30-02-peak.run") has been submitted
your job 337846 ("y1s-jan30-02-peak.run") has been submitted
your job 337847 ("y1s-jan30-02-scan.run") has been submitted
your job 337848 ("y1s-jan30-02-scan.run") has been submitted
your job 337849 ("y1s-mar06-02-cont.run") has been submitted
your job 337850 ("y1s-mar06-02-cont.run") has been submitted
te...
Waiting one minute...
Waiting one minute...
Waiting one minute...
Waiting one minute...
Waiting one minute...
Waiting one minute...
Waiting one minute...
Waiting one minute...
Waiting one minute...
Waiting one minute...
Waiting one minute...
Waiting one minute...
Waiting one minute...
Waiting one minute...
Waiting one minute...
Waiting one minute...
Waiting one minute...
Waiting one minute...
Waiting one minute...
Waiting one minute...
Waiting one minute...
Waiting one minute...
Waiting one minute...
Waiting one minute...
Waiting one minute...
Waiting one minute...
Waiting one minute...
Waiting one minute...
Waiting one minute...
Waiting one minute...
Waiting one minute...
Waiting one minute...
Waiting one minute...
Waiting one minute...
Waiting one minute...
Waiting one minute...
Waiting one minute...
Waiting one minute...
Waiting one minute...
Waiting one minute...
Waiting one minute...
Waiting one minute...
Waiting one minute...
Waiting one minute...
Waiting one minute...
Waiting one minute...
Waiting one minute...
Waiting one minute...
Waiting one minute...
Waiting one minute...
Waiting one minute...
Waiting one minute...
Waiting one minute...
Waiting one minute...
Waiting one minute...
Waiting one minute...
Waiting one minute...
Waiting one minute...
Waiting one minute...
Waiting one minute...
Waiting one minute...
Waiting one minute...
Waiting one minute...
Waiting one minute...
Waiting one minute...
Waiting one minute...
Waiting one minute...
Waiting one minute...
Waiting one minute...
Waiting one minute...
Waiting one minute...
Waiting one minute...
Waiting one minute...
Waiting one minute...
Waiting one minute...
Waiting one minute...
Waiting one minute...
Waiting one minute...
Waiting one minute...
Waiting one minute...
Waiting one minute...
Waiting one minute...
Waiting one minute...
Waiting one minute...
Waiting one minute...
Waiting one minute...
Waiting one minute...
Waiting one minute...
Waiting one minute...
Waiting one minute...
Waiting one minute...
Waiting one minute...
Waiting one minute...
Waiting one minute...
Waiting one minute...
Waiting one minute...
Waiting one minute...
Waiting one minute...
Waiting one minute...
Waiting one minute...
Waiting one minute...
Waiting one minute...
Waiting one minute...
Waiting one minute...
Waiting one minute...
Waiting one minute...
Waiting one minute...
Waiting one minute...
Waiting one minute...
Waiting one minute...
Waiting one minute...
Waiting one minute...
Waiting one minute...
Waiting one minute...
Waiting one minute...
Waiting one minute...
Waiting one minute...
Waiting one minute...
Waiting one minute...
Waiting one minute...
Waiting one minute...
Waiting one minute...
Waiting one minute...
Waiting one minute...
Waiting one minute...
Waiting one minute...
Waiting one minute...
Waiting one minute...
Waiting one minute...
Waiting one minute...
Waiting one minute...
Waiting one minute...
Waiting one minute...
Waiting one minute...
Waiting one minute...
Waiting one minute...
Waiting one minute...
Waiting one minute...
Waiting one minute...
Waiting one minute...
Waiting one minute...
Waiting one minute...
Waiting one minute...
Waiting one minute...
Waiting one minute...
Waiting one minute...
Waiting one minute...
Waiting one minute...
Waiting one minute...
Waiting one minute...
Waiting one minute...
Waiting one minute...
Waiting one minute...
Waiting one minute...
Waiting one minute...
Waiting one minute...
Waiting one minute...
Waiting one minute...
Waiting one minute...
Waiting one minute...
Waiting one minute...
Waiting one minute...
Waiting one minute...
Waiting one minute...
Waiting one minute...
Waiting one minute...
Waiting one minute...
Waiting one minute...
Waiting one minute...
Waiting one minute...
Waiting one minute...
Waiting one minute...
Waiting one minute...
Waiting one minute...
Waiting one minute...
Waiting one minute...
Waiting one minute...
Waiting one minute...
Waiting one minute...
Waiting one minute...
Waiting one minute...
Waiting one minute...
Waiting one minute...
Waiting one minute...
Waiting one minute...
Waiting one minute...
Waiting one minute...
Waiting one minute...
Waiting one minute...
Waiting one minute...
Waiting one minute...
Waiting one minute...
Waiting one minute...
Waiting one minute...
Waiting one minute...
Waiting one minute...
Waiting one minute...
Waiting one minute...
Waiting one minute...
Waiting one minute...
Waiting one minute...
Waiting one minute...
Waiting one minute...
Waiting one minute...
Waiting one minute...
Waiting one minute...
Waiting one minute...
Waiting one minute...
Waiting one minute...
Waiting one minute...
Waiting one minute...
Waiting one minute...
Waiting one minute...
Waiting one minute...
Waiting one minute...
Waiting one minute...
Waiting one minute...
Waiting one minute...
Waiting one minute...
Waiting one minute...
Waiting one minute...
Waiting one minute...
Waiting one minute...
Waiting one minute...
Waiting one minute...
Waiting one minute...
Waiting one minute...
Waiting one minute...
Waiting one minute...
Waiting one minute...
Waiting one minute...
Waiting one minute...
Waiting one minute...
Waiting one minute...
Waiting one minute...
Waiting one minute...
Waiting one minute...
Waiting one minute...
Waiting one minute...
Waiting one minute...
Waiting one minute...
Waiting one minute...
Waiting one minute...
Waiting one minute...
Waiting one minute...
Waiting one minute...
Waiting one minute...
Waiting one minute...
Waiting one minute...
Waiting one minute...
Waiting one minute...
Waiting one minute...
Waiting one minute...
Waiting one minute...
Waiting one minute...
Waiting one minute...
Waiting one minute...
Waiting one minute...
Waiting one minute...
Waiting one minute...
Waiting one minute...
Waiting one minute...
Waiting one minute...
Waiting one minute...
Waiting one minute...
Waiting one minute...
Waiting one minute...
Waiting one minute...
Waiting one minute...
Waiting one minute...
Waiting one minute...
Waiting one minute...
Waiting one minute...
Waiting one minute...
Waiting one minute...
Waiting one minute...
Waiting one minute...
Waiting one minute...
Waiting one minute...
Waiting one minute...
Waiting one minute...
Waiting one minute...
Waiting one minute...
Waiting one minute...
Waiting one minute...
Waiting one minute...
Waiting one minute...
Waiting one minute...
Waiting one minute...
Waiting one minute...
Waiting one minute...
Waiting one minute...
Waiting one minute...
Waiting one minute...
Waiting one minute...
Waiting one minute...
Waiting one minute...
Waiting one minute...
Waiting one minute...
Waiting one minute...
Waiting one minute...
Waiting one minute...
Waiting one minute...
Waiting one minute...
Waiting one minute...
Waiting one minute...
Waiting one minute...
Waiting one minute...
Waiting one minute...
Waiting one minute...
Waiting one minute...
Waiting one minute...
Waiting one minute...
Waiting one minute...
Waiting one minute...
Waiting one minute...
Waiting one minute...
Waiting one minute...
Waiting one minute...
Waiting one minute...
Waiting one minute...
Waiting one minute...
Waiting one minute...
Waiting one minute...
Waiting one minute...
Waiting one minute...
Waiting one minute...
Waiting one minute...
Waiting one minute...
Waiting one minute...
Waiting one minute...
Waiting one minute...
Waiting one minute...
Waiting one minute...
Waiting one minute...
Waiting one minute...
Waiting one minute...
Waiting one minute...
Waiting one minute...
Waiting one minute...
Waiting one minute...
Waiting one minute...
Waiting one minute...
Waiting one minute...
Waiting one minute...
Waiting one minute...
Waiting one minute...
Waiting one minute...
Waiting one minute...
Waiting one minute...
Waiting one minute...
Waiting one minute...
Waiting one minute...
Waiting one minute...
Waiting one minute...
Waiting one minute...
Waiting one minute...
Waiting one minute...
Waiting one minute...
Waiting one minute...
Waiting one minute...
Waiting one minute...
Waiting one minute...
Waiting one minute...
Waiting one minute...
Waiting one minute...
Waiting one minute...
Waiting one minute...
Waiting one minute...
Waiting one minute...
Waiting one minute...
Waiting one minute...
Wayour job 337851 ("y1s-mar06-02-peak.run") has been submitted
your job 337852 ("y1s-mar06-02-peak.run") has been submitted
your job 337854 ("y1s-mar06-02-scan.run") has been submitted
your job 337855 ("y1s-mar06-02-scan.run") has been submitted
your job 337856 ("y1s-mar14-02-cont.run") has been submitted
your job 337858 ("y1s-mar14-02-cont.run") has been submitted
your job 337864 ("y1s-mar14-02-peak.run") has been submitted
your job 337869 ("y1s-mar14-02-peak.run") has been submitted
your job 337870 ("y1s-mar14-02-scan.run") has been submitted
your job 337874 ("y1s-mar14-02-scan.run") has been submitted
your job 337875 ("y1s-mar21-02-cont.run") has been submitted
your job 337876 ("y1s-mar21-02-cont.run") has been submitted
your job 337877 ("y1s-mar21-02-high.run") has been submitted
your job 337878 ("y1s-mar21-02-high.run") has been submitted
your job 337886 ("y1s-mar21-02-peak.run") has been submitted
your job 337887 ("y1s-mar21-02-peak.run") has been submitted
iting one minute...
Waiting one minute...
Waiting one minute...
Waiting one minute...
Waiting one minute...
Waiting one minute...
Waiting one minute...
Waiting one minute...
Waiting one minute...
Waiting one minute...
Waiting one minute...
Waiting one minute...
Waiting one minute...
Waiting one minute...
Waiting one minute...
Waiting one minute...
Waiting one minute...
Waiting one minute...
Waiting one minute...
Waiting one minute...
Waiting one minute...
Waiting one minute...
Waiting one minute...
Waiting one minute...
Waiting one minute...
Waiting one minute...
Waiting one minute...
Waiting one minute...
Waiting one minute...
Waiting one minute...
Waiting one minute...
Waiting one minute...
Waiting one minute...
Waiting one minute...
Waiting one minute...
Waiting one minute...
Waiting one minute...
Waiting one minute...
Waiting one minute...
Waiting one minute...
Waiting one minute...
Waiting one minute...
Waiting one minute...
Waiting one minute...
Waiting one minute...
Waiting one minute...
Waiting one minute...
Waiting one minute...
Waiting one minute...
Waiting one minute...
Waiting one minute...
Waiting one minute...
Waiting one minute...
Waiting one minute...
Waiting one minute...
Waiting one minute...
Waiting one minute...
Waiting one minute...
Waiting one minute...
Waiting one minute...
Waiting one minute...
Waiting one minute...
Waiting one minute...
Waiting one minute...
Waiting one minute...
Waiting one minute...
Waiting one minute...
Waiting one minute...
Waiting one minute...
Waiting one minute...
Waiting one minute...
Waiting one minute...
Waiting one minute...
Waiting one minute...
Waiting one minute...
Waiting one minute...
Waiting one minute...
Waiting one minute...
Waiting one minute...
Waiting one minute...
Waiting one minute...
Waiting one minute...
Waiting one minute...
Waiting one minute...
Waiting one minute...
Waiting one minute...
Waiting one minute...
Waiting one minute...
Waiting one minute...
Waiting one minute...
Waiting one minute...
Waiting one minute...
Waiting one minute...
Waiting one minute...
Waiting one minute...
Waiting one minute...
Waiting one minute...
Waiting one minute...
Waiting one minute...
Waiting one minute...
Waiting one minute...
Waiting one minute...
Waiting one minute...
Waiting one minute...
Waiting one minute...
Waiting one minute...
Waiting one minute...
Waiting one minute...
Waiting one minute...
Waiting one minute...
Waiting one minute...
Waiting one minute...
Waiting one minute...
Waiting one minute...
Waiting one minute...
Waiting one minute...
Waiting one minute...
Waiting one minute...
Waiting one minute...
Waiting one minute...
Waiting one minute...
Waiting one minute...
Waiting one minute...
Waiting one minute...
Waiting one minute...
Waiting one minute...
Waiting one minute...
Waiting one minute...
Waiting one minute...
Waiting one minute...
Waiting one minute...
Waiting one minute...
Waiting one minute...
Waiting one minute...
Waiting one minute...
Waiting one minute...
Waiting one minute...
Waiting one minute...
Waiting one minute...
Waiting one minute...
Waiting one minute...
Waiting one minute...
Waiting one minute...
Waiting one minute...
Waiting one minute...
Waiting one minute...
Waiting one minute...
Waiting one minute...
Waiting one minute...
Waiting one minute...
Waiting one minute...
Waiting one minute...
Waiting one minute...
Waiting one minute...
Waiting one minute...
Waiting one minute...
Waiting one minute...
