0.753892451937
Now with jitter = 0.0
Minuit succeeded.
area = 13.6514551146 with chi^2 442.231180007
areas mean, stdev = 13.6514551146 0.0 chi^2 mean, stdev = 442.231180007 0.0
Now with jitter = 0.05
eigenvalues: 
-0.153075
0.613248
0.804868
1
1
1
1
1
1
1
1
1
1.00171
1.06768
2.66557
matrix forced pos-def by adding 0.15574 to diagonal
MnHesse: matrix is invalid!
MnHesse: matrix is not pos. def.!
MnHesse: matrix was forced pos. def.
FunctionMinimum is invalid.
Minuit failed because covariance is not accurate, and covariance is not positive definite.
VariableMetricBuilder: no improvement
Minuit succeeded.
area = 13.6817778348 with chi^2 518.530364573
Minuit succeeded.
area = 13.6752299941 with chi^2 518.012751959
Minuit succeeded.
area = 13.6935600379 with chi^2 514.776696289
VariableMetricBuilder: no improvement
VariableMetricBuilder: machine accuracy limits further improvement.
Minuit succeeded.
area = 13.7017504714 with chi^2 514.848566566
Minuit succeeded.
area = 13.6724092314 with chi^2 514.257132645
eigenvalues: 
-0.0532905
0.623813
0.831825
1
1
1
1
1
1
1
1
1
1.00285
1.10704
2.48776
matrix forced pos-def by adding 0.0557782 to diagonal
MnHesse: matrix is invalid!
MnHesse: matrix is not pos. def.!
MnHesse: matrix was forced pos. def.
FunctionMinimum is invalid.
Minuit failed because covariance is not accurate, and covariance is not positive definite.
Minuit succeeded.
area = 13.6765878782 with chi^2 515.108345868
Minuit succeeded.
area = 13.6745683276 with chi^2 515.104977016
VariableMetricBuilder: no improvement
Minuit succeeded.
area = 13.7128790186 with chi^2 509.165559401
Minuit succeeded.
area = 13.6800991545 with chi^2 512.423020688
Minuit succeeded.
area = 13.677238437 with chi^2 519.728588704
Minuit succeeded.
area = 13.6979199184 with chi^2 520.184737354
Minuit succeeded.
area = 13.68299985 with chi^2 517.684384193
Minuit succeeded.
area = 13.7008853675 with chi^2 520.906637468
Minuit succeeded.
area = 13.6503231234 with chi^2 518.290889501
Minuit succeeded.
area = 13.6617673056 with chi^2 508.623207288
Minuit succeeded.
area = 13.6779967462 with chi^2 513.186557695
Minuit succeeded.
area = 13.6856508509 with chi^2 515.538133466
Minuit succeeded.
area = 13.6780284004 with chi^2 508.592353127
Minuit succeeded.
area = 13.714053074 with chi^2 512.01961299
Minuit succeeded.
area = 13.6671796209 with chi^2 515.847131843
Minuit succeeded.
area = 13.6667816135 with chi^2 513.863317182
Minuit succeeded.
area = 13.6528786103 with chi^2 518.858146393
Minuit succeeded.
area = 13.6959193501 with chi^2 514.122488028
Minuit succeeded.
area = 13.6683966595 with chi^2 511.903722512
Minuit succeeded.
area = 13.676000551 with chi^2 518.175185618
Minuit succeeded.
area = 13.6971399172 with chi^2 512.570083323
Minuit succeeded.
area = 13.6821699168 with chi^2 516.018233088
Minuit succeeded.
area = 13.6937741178 with chi^2 508.507794132
Minuit succeeded.
area = 13.7096244446 with chi^2 517.498675459
Minuit succeeded.
area = 13.7032049035 with chi^2 514.473345707
Minuit succeeded.
area = 13.6963061235 with chi^2 517.109418638
Minuit succeeded.
area = 13.6955306485 with chi^2 515.06978266
Minuit succeeded.
area = 13.6946377392 with chi^2 509.73489691
Minuit succeeded.
area = 13.6662134085 with chi^2 516.199376097
VariableMetricBuilder: no improvement
VariableMetricBuilder: machine accuracy limits further improvement.
Minuit succeeded.
area = 13.6641205974 with chi^2 516.696545829
Minuit succeeded.
area = 13.672453477 with chi^2 517.288788455
Minuit succeeded.
area = 13.686389872 with chi^2 516.494852817
Minuit succeeded.
area = 13.6547961992 with chi^2 516.568038408
Minuit succeeded.
area = 13.6881685382 with chi^2 509.151218046
Minuit succeeded.
area = 13.6566740309 with chi^2 516.560163472
Minuit succeeded.
area = 13.6873367241 with chi^2 509.167587332
Minuit succeeded.
area = 13.6984643989 with chi^2 507.433353893
eigenvalues: 
-0.0166115
0.626683
0.808488
1
1
1
1
1
1
1
1
1
1.00117
1.05632
2.52395
matrix forced pos-def by adding 0.0191355 to diagonal
MnHesse: matrix is invalid!
MnHesse: matrix is not pos. def.!
MnHesse: matrix was forced pos. def.
FunctionMinimum is invalid.
Minuit failed because covariance is not accurate, and covariance is not positive definite.
eigenvalues: 
-0.0296534
0.639268
0.809814
1
1
1
1
1
1
1
1
1
1.00082
1.03882
2.54093
matrix forced pos-def by adding 0.0321943 to diagonal
MnHesse: matrix is invalid!
MnHesse: matrix is not pos. def.!
MnHesse: matrix was forced pos. def.
FunctionMinimum is invalid.
Minuit failed because covariance is not accurate, and covariance is not positive definite.
Minuit succeeded.
area = 13.6812545627 with chi^2 516.398636094
Minuit succeeded.
area = 13.6874818455 with chi^2 514.028016305
Minuit succeeded.
area = 13.6810089752 with chi^2 518.394719637
Minuit succeeded.
area = 13.6840407997 with chi^2 512.751684055
Minuit succeeded.
area = 13.6998646375 with chi^2 517.436608363
Minuit succeeded.
area = 13.6787458914 with chi^2 513.179262392
Minuit succeeded.
area = 13.7008733655 with chi^2 510.794788193
VariableMetricBuilder: no improvement
VariableMetricBuilder: machine accuracy limits further improvement.
Minuit succeeded.
area = 13.6849739133 with chi^2 516.28369599
Minuit succeeded.
area = 13.6799533487 with chi^2 520.287967951
Minuit succeeded.
area = 13.6614835225 with chi^2 510.548784724
Minuit succeeded.
area = 13.675394898 with chi^2 515.184513211
Minuit succeeded.
area = 13.6799883715 with chi^2 517.058144144
Minuit succeeded.
area = 13.6873368077 with chi^2 516.446424797
Minuit succeeded.
area = 13.6892212465 with chi^2 510.144568222
Minuit succeeded.
area = 13.6985643643 with chi^2 513.817028927
Minuit succeeded.
area = 13.6774797906 with chi^2 520.474491821
Minuit succeeded.
area = 13.6793174298 with chi^2 517.997142246
Minuit succeeded.
area = 13.6854965856 with chi^2 505.506145183
Minuit succeeded.
area = 13.6748488439 with chi^2 510.134310904
VariableMetricBuilder: no improvement
VariableMetricBuilder: machine accuracy limits further improvement.
Minuit succeeded.
area = 13.6729905295 with chi^2 517.176833831
eigenvalues: 
-0.0725683
0.645867
0.809584
1
1
1
1
1
1
1
1
1
1.00036
1.03543
2.58133
matrix forced pos-def by adding 0.0751496 to diagonal
MnHesse: matrix is invalid!
MnHesse: matrix is not pos. def.!
MnHesse: matrix was forced pos. def.
FunctionMinimum is invalid.
Minuit failed because covariance is not accurate, and covariance is not positive definite.
Minuit succeeded.
area = 13.6717784018 with chi^2 511.428715318
Minuit succeeded.
area = 13.6882241617 with chi^2 515.814748918
Minuit succeeded.
area = 13.68734125 with chi^2 519.059503455
Minuit succeeded.
area = 13.6739059849 with chi^2 506.620112422
Minuit succeeded.
area = 13.6812839955 with chi^2 508.093479394
Minuit succeeded.
area = 13.6887310693 with chi^2 517.138642324
Minuit succeeded.
area = 13.7013410534 with chi^2 511.2734057
Minuit succeeded.
area = 13.6680076742 with chi^2 522.8498917
Minuit succeeded.
area = 13.6966691791 with chi^2 516.346636235
eigenvalues: 
-0.00206796
0.644341
0.809092
1
1
1
1
1
1
1
1
1
1.00129
1.04113
2.50622
matrix forced pos-def by adding 0.00457418 to diagonal
MnHesse: matrix is invalid!
MnHesse: matrix is not pos. def.!
MnHesse: matrix was forced pos. def.
FunctionMinimum is invalid.
Minuit failed because covariance is not accurate, and covariance is not positive definite.
Minuit succeeded.
area = 13.6436333357 with chi^2 515.937688092
Minuit succeeded.
area = 13.7161377616 with chi^2 518.574930605
VariableMetricBuilder: matrix not pos.def.
gdel > 0: 6.13542e-06
negative or zero diagonal element 0 in covariance matrix
negative or zero diagonal element 1 in covariance matrix
added 1.00037 to diagonal of error matrix
gdel: 6.13542e-06
Minuit succeeded.
area = 13.6954791812 with chi^2 519.577416414
Minuit succeeded.
area = 13.690677365 with chi^2 515.326253782
Minuit succeeded.
area = 13.6891256795 with chi^2 512.476541774
Minuit succeeded.
area = 13.7001453302 with chi^2 517.263607275
VariableMetricBuilder: matrix not pos.def.
gdel > 0: 5.60853e-05
negative or zero diagonal element 1 in covariance matrix
negative or zero diagonal element 2 in covariance matrix
added 1.00001 to diagonal of error matrix
gdel: 5.60853e-05
Minuit succeeded.
area = 13.6738017791 with chi^2 517.088529746
VariableMetricBuilder: matrix not pos.def.
gdel > 0: 2.40649e-05
negative or zero diagonal element 0 in covariance matrix
negative or zero diagonal element 1 in covariance matrix
added 1.00361 to diagonal of error matrix
gdel: 2.40649e-05
Minuit succeeded.
area = 13.6842128038 with chi^2 515.396364629
Minuit succeeded.
area = 13.6555735912 with chi^2 513.957462504
Minuit succeeded.
area = 13.6639285779 with chi^2 520.432353017
eigenvalues: 
-0.0199716
0.628699
0.789727
1
1
1
1
1
1
1
1
1
1.00292
1.02514
2.57349
matrix forced pos-def by adding 0.0225451 to diagonal
MnHesse: matrix is invalid!
MnHesse: matrix is not pos. def.!
MnHesse: matrix was forced pos. def.
FunctionMinimum is invalid.
Minuit failed because covariance is not accurate, and covariance is not positive definite.
Minuit succeeded.
area = 13.6744630616 with chi^2 513.765072348
Minuit succeeded.
area = 13.6986527591 with chi^2 517.34798537
Minuit succeeded.
area = 13.6968115293 with chi^2 512.652470442
eigenvalues: 
-0.0389355
0.606505
0.799267
1
1
1
1
1
1
1
1
1
1.00351
1.04317
2.58649
matrix forced pos-def by adding 0.041522 to diagonal
MnHesse: matrix is invalid!
MnHesse: matrix is not pos. def.!
MnHesse: matrix was forced pos. def.
FunctionMinimum is invalid.
Minuit failed because covariance is not accurate, and covariance is not positive definite.
Minuit succeeded.
area = 13.6758951573 with chi^2 519.696880947
VariableMetricBuilder: no improvement
VariableMetricBuilder: machine accuracy limits further improvement.
Minuit succeeded.
area = 13.6897021302 with chi^2 518.111093661
Minuit succeeded.
area = 13.6790200485 with chi^2 519.516955513
Minuit succeeded.
area = 13.6845556875 with chi^2 514.408422775
eigenvalues: 
-0.0104513
0.659823
0.822547
1
1
1
1
1
1
1
1
1
1.00069
1.03027
2.49711
matrix forced pos-def by adding 0.0129484 to diagonal
MnHesse: matrix is invalid!
MnHesse: matrix is not pos. def.!
MnHesse: matrix was forced pos. def.
FunctionMinimum is invalid.
Minuit failed because covariance is not accurate, and covariance is not positive definite.
eigenvalues: 
-0.02454
0.608504
0.801935
1
1
1
1
1
1
1
1
1
1.00164
1.06048
2.55198
matrix forced pos-def by adding 0.027092 to diagonal
MnHesse: matrix is invalid!
MnHesse: matrix is not pos. def.!
MnHesse: matrix was forced pos. def.
FunctionMinimum is invalid.
Minuit failed because covariance is not accurate, and covariance is not positive definite.
Minuit succeeded.
area = 13.667865153 with chi^2 521.85233203
Minuit succeeded.
area = 13.6653054778 with chi^2 515.024293536
areas mean, stdev = 13.6825830599 0.0146614862636 chi^2 mean, stdev = 515.081891328 3.70226748262
Now with jitter = 0.07
Minuit succeeded.
area = 13.651196241 with chi^2 513.933719726
Minuit succeeded.
area = 13.7027696153 with chi^2 516.840778385
eigenvalues: 
-0.0435706
0.62729
0.801277
1
1
1
1
1
1
1
1
1
1.00035
1.03543
2.57922
matrix forced pos-def by adding 0.0461498 to diagonal
MnHesse: matrix is invalid!
MnHesse: matrix is not pos. def.!
MnHesse: matrix was forced pos. def.
FunctionMinimum is invalid.
Minuit failed because covariance is not accurate, and covariance is not positive definite.
Minuit succeeded.
area = 13.7205727044 with chi^2 508.571143413
Minuit succeeded.
area = 13.67822265 with chi^2 523.739934682
Minuit succeeded.
area = 13.6594402996 with chi^2 522.910474144
Minuit succeeded.
area = 13.6619384278 with chi^2 525.370099481
Minuit succeeded.
area = 13.6820424411 with chi^2 518.43224198
VariableMetricBuilder: no improvement
VariableMetricBuilder: machine accuracy limits further improvement.
Minuit succeeded.
area = 13.6652986698 with chi^2 515.492980707
Minuit succeeded.
area = 13.6981291265 with chi^2 520.019136594
Minuit succeeded.
area = 13.6647433648 with chi^2 520.273436572
Minuit succeeded.
area = 13.671096624 with chi^2 514.446136164
Minuit succeeded.
area = 13.6893141863 with chi^2 526.804329368
Minuit succeeded.
area = 13.6807865359 with chi^2 519.038141584
Minuit succeeded.
area = 13.6757725952 with chi^2 521.556173519
eigenvalues: 
-0.0346464
0.626004
0.790502
1
1
1
1
1
1
1
1
1
1.00056
1.03387
2.58371
matrix forced pos-def by adding 0.0372301 to diagonal
MnHesse: matrix is invalid!
MnHesse: matrix is not pos. def.!
MnHesse: matrix was forced pos. def.
FunctionMinimum is invalid.
Minuit failed because covariance is not accurate, and covariance is not positive definite.
Minuit succeeded.
area = 13.6976052387 with chi^2 518.116870756
eigenvalues: 
-0.00446487
0.638336
0.807862
1
1
1
1
1
1
1
1
1
1.00022
1.03426
2.52378
matrix forced pos-def by adding 0.00698866 to diagonal
MnHesse: matrix is invalid!
MnHesse: matrix is not pos. def.!
MnHesse: matrix was forced pos. def.
FunctionMinimum is invalid.
Minuit failed because covariance is not accurate, and covariance is not positive definite.
Minuit succeeded.
area = 13.6835278851 with chi^2 524.234941489
Minuit succeeded.
area = 13.6648132104 with chi^2 510.628236268
Minuit succeeded.
area = 13.6716824242 with chi^2 512.170028235
Minuit succeeded.
area = 13.7052646975 with chi^2 508.750390531
Minuit succeeded.
area = 13.6733365595 with chi^2 513.382002718
Minuit succeeded.
area = 13.6665665171 with chi^2 504.101126233
Minuit succeeded.
area = 13.6842815216 with chi^2 519.645501483
Minuit succeeded.
area = 13.692053796 with chi^2 522.728232483
Minuit succeeded.
area = 13.6539195461 with chi^2 519.676609649
Minuit succeeded.
area = 13.7064068785 with chi^2 509.471777909
VariableMetricBuilder: no improvement
VariableMetricBuilder: machine accuracy limits further improvement.
Minuit succeeded.
area = 13.6910783834 with chi^2 516.185239207
Minuit succeeded.
area = 13.6830478684 with chi^2 509.216467609
Minuit succeeded.
area = 13.6549362315 with chi^2 524.34013232
Minuit succeeded.
area = 13.6944645931 with chi^2 505.659977763
eigenvalues: 
-0.140684
0.617921
0.825966
1
1
1
1
1
1
1
1
1
1.001
1.07995
2.61585
matrix forced pos-def by adding 0.1433 to diagonal
MnHesse: matrix is invalid!
MnHesse: matrix is not pos. def.!
MnHesse: matrix was forced pos. def.
FunctionMinimum is invalid.
Minuit failed because covariance is not accurate, and covariance is not positive definite.
Minuit succeeded.
area = 13.713077655 with chi^2 518.077692669
Minuit succeeded.
area = 13.6738469577 with chi^2 519.81209752
Minuit succeeded.
area = 13.6658862408 with chi^2 517.751132529
Minuit succeeded.
area = 13.684539375 with chi^2 511.32949677
Minuit succeeded.
area = 13.6614327375 with chi^2 509.848187782
Minuit succeeded.
area = 13.6713889955 with chi^2 516.246903807
Minuit succeeded.
area = 13.6399372572 with chi^2 512.650622177
Minuit succeeded.
area = 13.7080848184 with chi^2 514.747277705
Minuit succeeded.
area = 13.6729743136 with chi^2 510.058401852
Minuit succeeded.
area = 13.6708627906 with chi^2 514.811952178
Minuit succeeded.
area = 13.7045321817 with chi^2 515.079209187
Minuit succeeded.
area = 13.7139731437 with chi^2 521.027678751
Minuit succeeded.
area = 13.6778026959 with chi^2 515.359427335
Minuit succeeded.
area = 13.65687439 with chi^2 526.527953308
eigenvalues: 
-0.0204773
0.644774
0.800014
1
1
1
1
1
1
1
1
1
1.00138
1.03722
2.5371
matrix forced pos-def by adding 0.0230144 to diagonal
MnHesse: matrix is invalid!
MnHesse: matrix is not pos. def.!
MnHesse: matrix was forced pos. def.
FunctionMinimum is invalid.
Minuit failed because covariance is not accurate, and covariance is not positive definite.
Minuit succeeded.
area = 13.686545413 with chi^2 508.225899894
Minuit succeeded.
area = 13.6944806271 with chi^2 503.41842037
Minuit succeeded.
area = 13.6636752276 with chi^2 514.289955274
VariableMetricBuilder: no improvement
Minuit succeeded.
area = 13.6909018956 with chi^2 520.795693677
eigenvalues: 
-0.0433843
0.631149
0.803938
1
1
1
1
1
1
1
1
1
1.00273
1.03335
2.57222
matrix forced pos-def by adding 0.0459566 to diagonal
MnHesse: matrix is invalid!
MnHesse: matrix is not pos. def.!
MnHesse: matrix was forced pos. def.
FunctionMinimum is invalid.
Minuit failed because covariance is not accurate, and covariance is not positive definite.
Minuit succeeded.
area = 13.6787513408 with chi^2 527.981515141
Minuit succeeded.
area = 13.6528849642 with chi^2 518.016117974
Minuit succeeded.
area = 13.6880997048 with chi^2 517.784154927
Minuit succeeded.
area = 13.6468407638 with chi^2 513.299877934
Minuit succeeded.
area = 13.6886079127 with chi^2 520.611657309
VariableMetricBuilder: no improvement
VariableMetricBuilder: machine accuracy limits further improvement.
Minuit succeeded.
area = 13.6908811649 with chi^2 515.020728392
eigenvalues: 
-0.00974144
0.639025
0.818878
1
1
1
1
1
1
1
1
1
1.00055
1.04641
2.50488
matrix forced pos-def by adding 0.0122463 to diagonal
MnHesse: matrix is invalid!
MnHesse: matrix is not pos. def.!
MnHesse: matrix was forced pos. def.
FunctionMinimum is invalid.
Minuit failed because covariance is not accurate, and covariance is not positive definite.
eigenvalues: 
-0.0293097
0.647096
0.818608
1
1
1
1
1
1
1
1
1
1.00064
1.04455
2.51842
matrix forced pos-def by adding 0.0318281 to diagonal
MnHesse: matrix is invalid!
MnHesse: matrix is not pos. def.!
MnHesse: matrix was forced pos. def.
FunctionMinimum is invalid.
Minuit failed because covariance is not accurate, and covariance is not positive definite.
Minuit succeeded.
area = 13.6815575935 with chi^2 514.025904252
Minuit succeeded.
area = 13.6808098703 with chi^2 521.525095689
eigenvalues: 
-0.0278948
0.637818
0.800914
1
1
1
1
1
1
1
1
1
1.0005
1.03201
2.55665
matrix forced pos-def by adding 0.0304515 to diagonal
MnHesse: matrix is invalid!
MnHesse: matrix is not pos. def.!
MnHesse: matrix was forced pos. def.
FunctionMinimum is invalid.
Minuit failed because covariance is not accurate, and covariance is not positive definite.
Minuit succeeded.
area = 13.7121641142 with chi^2 521.024289345
Minuit succeeded.
area = 13.6943766816 with chi^2 520.191821557
Minuit succeeded.
area = 13.6577533349 with chi^2 513.818636075
eigenvalues: 
-0.0215394
0.636001
0.797086
1
1
1
1
1
1
1
1
1
1.0008
1.03421
2.55344
matrix forced pos-def by adding 0.0240929 to diagonal
MnHesse: matrix is invalid!
MnHesse: matrix is not pos. def.!
MnHesse: matrix was forced pos. def.
FunctionMinimum is invalid.
Minuit failed because covariance is not accurate, and covariance is not positive definite.
Minuit succeeded.
area = 13.6892660899 with chi^2 512.59723884
Minuit succeeded.
area = 13.6946790666 with chi^2 517.410453535
Minuit succeeded.
area = 13.6747040935 with chi^2 525.8805109
Minuit succeeded.
area = 13.7317331433 with chi^2 521.028608939
Minuit succeeded.
area = 13.6794967241 with chi^2 518.445438375
Minuit succeeded.
area = 13.6866618647 with chi^2 509.77732794
Minuit succeeded.
area = 13.6728379729 with chi^2 521.35693758
Minuit succeeded.
area = 13.6996573857 with chi^2 517.789035138
Minuit succeeded.
area = 13.7118007814 with chi^2 520.772156254
Minuit succeeded.
area = 13.6802926221 with chi^2 516.525721245
Minuit succeeded.
area = 13.6675825043 with chi^2 523.994705302
eigenvalues: 
-0.0670605
0.621227
0.810512
1
1
1
1
1
1
1
1
1
1.00285
1.09548
2.537
matrix forced pos-def by adding 0.0695975 to diagonal
MnHesse: matrix is invalid!
MnHesse: matrix is not pos. def.!
MnHesse: matrix was forced pos. def.
FunctionMinimum is invalid.
Minuit failed because covariance is not accurate, and covariance is not positive definite.
Minuit succeeded.
area = 13.6502518385 with chi^2 514.617052575
Minuit succeeded.
area = 13.6923715714 with chi^2 511.03318826
eigenvalues: 
-0.0823056
0.634489
0.833429
1
1
1
1
1
1
1
1
1
1.00275
1.0875
2.52413
matrix forced pos-def by adding 0.0848298 to diagonal
MnHesse: matrix is invalid!
MnHesse: matrix is not pos. def.!
MnHesse: matrix was forced pos. def.
FunctionMinimum is invalid.
Minuit failed because covariance is not accurate, and covariance is not positive definite.
Minuit succeeded.
area = 13.7000480667 with chi^2 511.124870398
VariableMetricBuilder: no improvement
VariableMetricBuilder: machine accuracy limits further improvement.
Minuit succeeded.
area = 13.6999995971 with chi^2 522.582069804
Minuit succeeded.
area = 13.6758492728 with chi^2 524.906669031
Minuit succeeded.
area = 13.6814292448 with chi^2 511.940916082
eigenvalues: 
-0.0416915
0.629517
0.818997
1
1
1
1
1
1
1
1
1
1.00357
1.10168
2.48793
matrix forced pos-def by adding 0.0441795 to diagonal
MnHesse: matrix is invalid!
MnHesse: matrix is not pos. def.!
MnHesse: matrix was forced pos. def.
FunctionMinimum is invalid.
Minuit failed because covariance is not accurate, and covariance is not positive definite.
Minuit succeeded.
area = 13.6320179049 with chi^2 520.639793878
eigenvalues: 
-0.00274346
0.629348
0.807869
1
1
1
1
1
1
1
1
1
1.00128
1.04777
2.51648
matrix forced pos-def by adding 0.00525993 to diagonal
MnHesse: matrix is invalid!
MnHesse: matrix is not pos. def.!
MnHesse: matrix was forced pos. def.
FunctionMinimum is invalid.
Minuit failed because covariance is not accurate, and covariance is not positive definite.
Minuit succeeded.
area = 13.6596969552 with chi^2 522.19455019
Minuit succeeded.
area = 13.6788544873 with chi^2 518.982056243
Minuit succeeded.
area = 13.73626153 with chi^2 517.971845461
eigenvalues: 
-0.00385933
0.648812
0.811529
1
1
1
1
1
1
1
1
1
1.00118
1.03232
2.51002
matrix forced pos-def by adding 0.00636935 to diagonal
MnHesse: matrix is invalid!
MnHesse: matrix is not pos. def.!
MnHesse: matrix was forced pos. def.
FunctionMinimum is invalid.
Minuit failed because covariance is not accurate, and covariance is not positive definite.
VariableMetricBuilder: no improvement
Minuit succeeded.
area = 13.715403128 with chi^2 524.303045994
Minuit succeeded.
area = 13.6510068176 with chi^2 513.147184415
VariableMetricBuilder: no improvement
VariableMetricBuilder: machine accuracy limits further improvement.
Minuit succeeded.
area = 13.6656360375 with chi^2 514.967653731
Minuit succeeded.
area = 13.6455155703 with chi^2 512.525980963
Minuit succeeded.
area = 13.6846450099 with chi^2 511.129103493
Minuit succeeded.
area = 13.7024170577 with chi^2 519.81896556
areas mean, stdev = 13.6812702274 0.0205922310539 chi^2 mean, stdev = 516.900672264 5.43058003393
