0.661632816097
Now with jitter = 0.0
Minuit succeeded.
area = 13.6418785376 with chi^2 405.642723469
areas mean, stdev = 13.6418785376 0.0 chi^2 mean, stdev = 405.642723469 0.0
Now with jitter = 0.05
Minuit succeeded.
area = 13.6748930921 with chi^2 512.160281174
Minuit succeeded.
area = 13.6814928118 with chi^2 514.650754442
Minuit succeeded.
area = 13.6947873115 with chi^2 521.783338583
Minuit succeeded.
area = 13.6682898133 with chi^2 515.348229964
Minuit succeeded.
area = 13.6877570112 with chi^2 504.258229758
Minuit succeeded.
area = 13.667795016 with chi^2 518.404482175
Minuit succeeded.
area = 13.7091957408 with chi^2 519.194442627
Minuit succeeded.
area = 13.6960934604 with chi^2 515.083628557
Minuit succeeded.
area = 13.685584769 with chi^2 511.841842072
VariableMetricBuilder: no improvement
VariableMetricBuilder: machine accuracy limits further improvement.
Minuit succeeded.
area = 13.6454798002 with chi^2 516.317920896
Minuit succeeded.
area = 13.6982493523 with chi^2 509.332881685
Minuit succeeded.
area = 13.6986206274 with chi^2 511.887835386
VariableMetricBuilder: no improvement
VariableMetricBuilder: machine accuracy limits further improvement.
Minuit succeeded.
area = 13.7041488171 with chi^2 506.771828185
Minuit succeeded.
area = 13.7051916066 with chi^2 514.6896533
Minuit succeeded.
area = 13.6951490714 with chi^2 512.648122124
Minuit succeeded.
area = 13.6811026425 with chi^2 520.517747772
Minuit succeeded.
area = 13.701069091 with chi^2 515.764070265
Minuit succeeded.
area = 13.6819512222 with chi^2 509.084259708
Minuit succeeded.
area = 13.6868839273 with chi^2 521.241507841
Minuit succeeded.
area = 13.7001629589 with chi^2 510.934332012
Minuit succeeded.
area = 13.7027783235 with chi^2 518.448556118
Minuit succeeded.
area = 13.7075955366 with chi^2 519.106933638
Minuit succeeded.
area = 13.6858751628 with chi^2 511.577296341
Minuit succeeded.
area = 13.669128352 with chi^2 509.61691061
Minuit succeeded.
area = 13.6889681864 with chi^2 513.022463227
Minuit succeeded.
area = 13.6934571263 with chi^2 516.020782011
Minuit succeeded.
area = 13.6960538775 with chi^2 520.319204842
Minuit succeeded.
area = 13.6758585981 with chi^2 510.871830327
Minuit succeeded.
area = 13.6772417748 with chi^2 515.798324491
Minuit succeeded.
area = 13.6872638725 with chi^2 515.652420276
Minuit succeeded.
area = 13.6984791956 with chi^2 518.530184286
Minuit succeeded.
area = 13.6870879398 with chi^2 514.323017353
Minuit succeeded.
area = 13.6734152257 with chi^2 509.803408199
eigenvalues: 
-0.00183915
0.646919
0.809544
1
1
1
1
1
1
1
1
1
1.00058
1.03088
2.51391
matrix forced pos-def by adding 0.00435307 to diagonal
MnHesse: matrix is invalid!
MnHesse: matrix is not pos. def.!
MnHesse: matrix was forced pos. def.
FunctionMinimum is invalid.
Minuit failed because covariance is not accurate, and covariance is not positive definite.
Minuit succeeded.
area = 13.6889711463 with chi^2 518.080431124
Minuit succeeded.
area = 13.6875770286 with chi^2 517.129761172
Minuit succeeded.
area = 13.6718885029 with chi^2 511.372067988
Minuit succeeded.
area = 13.6619480088 with chi^2 518.948357163
Minuit succeeded.
area = 13.6699688074 with chi^2 513.188905785
eigenvalues: 
-0.0246403
0.649965
0.825661
1
1
1
1
1
1
1
1
1
1.00057
1.04356
2.50488
matrix forced pos-def by adding 0.0271451 to diagonal
MnHesse: matrix is invalid!
MnHesse: matrix is not pos. def.!
MnHesse: matrix was forced pos. def.
FunctionMinimum is invalid.
Minuit failed because covariance is not accurate, and covariance is not positive definite.
Minuit succeeded.
area = 13.6917077372 with chi^2 517.473109669
Minuit succeeded.
area = 13.7067048589 with chi^2 517.798848223
Minuit succeeded.
area = 13.6994302467 with chi^2 510.816882845
Minuit succeeded.
area = 13.6995972112 with chi^2 520.377994137
eigenvalues: 
-0.0119652
0.636987
0.802154
1
1
1
1
1
1
1
1
1
1.00283
1.03694
2.53305
matrix forced pos-def by adding 0.0144983 to diagonal
MnHesse: matrix is invalid!
MnHesse: matrix is not pos. def.!
MnHesse: matrix was forced pos. def.
FunctionMinimum is invalid.
Minuit failed because covariance is not accurate, and covariance is not positive definite.
Minuit succeeded.
area = 13.6994790395 with chi^2 514.665024643
Minuit succeeded.
area = 13.6842916978 with chi^2 512.232509904
Minuit succeeded.
area = 13.6950983866 with chi^2 512.54893963
eigenvalues: 
-0.054731
0.63558
0.801527
1
1
1
1
1
1
1
1
1
1.00259
1.06095
2.55408
matrix forced pos-def by adding 0.0572851 to diagonal
MnHesse: matrix is invalid!
MnHesse: matrix is not pos. def.!
MnHesse: matrix was forced pos. def.
FunctionMinimum is invalid.
Minuit failed because covariance is not accurate, and covariance is not positive definite.
Minuit succeeded.
area = 13.7009353798 with chi^2 513.522455239
Minuit succeeded.
area = 13.6722297182 with chi^2 514.477009453
Minuit succeeded.
area = 13.6835755189 with chi^2 519.863803009
Minuit succeeded.
area = 13.6814438145 with chi^2 507.19708172
Minuit succeeded.
area = 13.7059156473 with chi^2 515.206883183
Minuit succeeded.
area = 13.7068160604 with chi^2 512.655860903
Minuit succeeded.
area = 13.7203221398 with chi^2 509.257408166
Minuit succeeded.
area = 13.718055445 with chi^2 514.191225626
Minuit succeeded.
area = 13.6957404854 with chi^2 516.563647321
Minuit succeeded.
area = 13.7023478167 with chi^2 511.702834551
Minuit succeeded.
area = 13.6941161516 with chi^2 524.862319144
Minuit succeeded.
area = 13.6852817645 with chi^2 511.71884892
Minuit succeeded.
area = 13.6740904703 with chi^2 513.561431074
Minuit succeeded.
area = 13.7107450545 with chi^2 513.373833385
Minuit succeeded.
area = 13.684808283 with chi^2 512.304015945
Minuit succeeded.
area = 13.7029701125 with chi^2 515.362161707
Minuit succeeded.
area = 13.6695292356 with chi^2 510.756400227
Minuit succeeded.
area = 13.695630407 with chi^2 502.558004919
Minuit succeeded.
area = 13.6673237733 with chi^2 511.966459574
Minuit succeeded.
area = 13.710785507 with chi^2 508.245012711
Minuit succeeded.
area = 13.6973077651 with chi^2 519.380891465
Minuit succeeded.
area = 13.6992909187 with chi^2 511.166610871
Minuit succeeded.
area = 13.7157068948 with chi^2 509.81149321
eigenvalues: 
-0.0869312
0.626061
0.811389
1
1
1
1
1
1
1
1
1
1.00108
1.06483
2.58357
matrix forced pos-def by adding 0.0895147 to diagonal
MnHesse: matrix is invalid!
MnHesse: matrix is not pos. def.!
MnHesse: matrix was forced pos. def.
FunctionMinimum is invalid.
Minuit failed because covariance is not accurate, and covariance is not positive definite.
eigenvalues: 
-0.0661967
0.636319
0.821973
1
1
1
1
1
1
1
1
1
1.00056
1.05663
2.55071
matrix forced pos-def by adding 0.0687474 to diagonal
MnHesse: matrix is invalid!
MnHesse: matrix is not pos. def.!
MnHesse: matrix was forced pos. def.
FunctionMinimum is invalid.
Minuit failed because covariance is not accurate, and covariance is not positive definite.
Minuit succeeded.
area = 13.6993386532 with chi^2 509.872256077
Minuit succeeded.
area = 13.7148666959 with chi^2 515.035355028
Minuit succeeded.
area = 13.6615139314 with chi^2 516.984020159
Minuit succeeded.
area = 13.6638257626 with chi^2 510.961829607
Minuit succeeded.
area = 13.6763877382 with chi^2 511.777708239
eigenvalues: 
-0.0193696
0.643875
0.812752
1
1
1
1
1
1
1
1
1
1.00024
1.03969
2.52282
matrix forced pos-def by adding 0.0218924 to diagonal
MnHesse: matrix is invalid!
MnHesse: matrix is not pos. def.!
MnHesse: matrix was forced pos. def.
FunctionMinimum is invalid.
Minuit failed because covariance is not accurate, and covariance is not positive definite.
Minuit succeeded.
area = 13.6741854284 with chi^2 522.03056101
Minuit succeeded.
area = 13.6668839363 with chi^2 513.64234652
Minuit succeeded.
area = 13.6836716448 with chi^2 512.850162069
Minuit succeeded.
area = 13.6738285153 with chi^2 513.725957782
Minuit succeeded.
area = 13.6789610965 with chi^2 516.01442057
Minuit succeeded.
area = 13.6788653104 with chi^2 516.967659711
Minuit succeeded.
area = 13.6924272127 with chi^2 518.288098952
Minuit succeeded.
area = 13.6759373927 with chi^2 509.90080804
Minuit succeeded.
area = 13.6927121321 with chi^2 515.286006927
Minuit succeeded.
area = 13.6867889032 with chi^2 514.911829134
Minuit succeeded.
area = 13.6861416362 with chi^2 512.202472495
Minuit succeeded.
area = 13.7004288003 with chi^2 520.992008909
eigenvalues: 
-0.0101931
0.627548
0.805383
1
1
1
1
1
1
1
1
1
1.00122
1.06048
2.51557
matrix forced pos-def by adding 0.0127086 to diagonal
MnHesse: matrix is invalid!
MnHesse: matrix is not pos. def.!
MnHesse: matrix was forced pos. def.
FunctionMinimum is invalid.
Minuit failed because covariance is not accurate, and covariance is not positive definite.
eigenvalues: 
-0.0262084
0.615725
0.792964
1
1
1
1
1
1
1
1
1
1.00041
1.03173
2.58539
matrix forced pos-def by adding 0.0287938 to diagonal
MnHesse: matrix is invalid!
MnHesse: matrix is not pos. def.!
MnHesse: matrix was forced pos. def.
FunctionMinimum is invalid.
Minuit failed because covariance is not accurate, and covariance is not positive definite.
eigenvalues: 
-0.014835
0.635089
0.808539
1
1
1
1
1
1
1
1
1
1.00264
1.07638
2.49219
matrix forced pos-def by adding 0.0173272 to diagonal
MnHesse: matrix is invalid!
MnHesse: matrix is not pos. def.!
MnHesse: matrix was forced pos. def.
FunctionMinimum is invalid.
Minuit failed because covariance is not accurate, and covariance is not positive definite.
Minuit succeeded.
area = 13.6947445226 with chi^2 516.877123609
Minuit succeeded.
area = 13.6716565525 with chi^2 514.949223048
Minuit succeeded.
area = 13.6755414347 with chi^2 520.849718956
eigenvalues: 
-0.0670316
0.63087
0.806845
1
1
1
1
1
1
1
1
1
1.00057
1.03216
2.59659
matrix forced pos-def by adding 0.0696282 to diagonal
MnHesse: matrix is invalid!
MnHesse: matrix is not pos. def.!
MnHesse: matrix was forced pos. def.
FunctionMinimum is invalid.
Minuit failed because covariance is not accurate, and covariance is not positive definite.
Minuit succeeded.
area = 13.6734032966 with chi^2 511.085331485
areas mean, stdev = 13.6885487972 0.0147368010283 chi^2 mean, stdev = 514.320788126 4.08924479128
Now with jitter = 0.07
Minuit succeeded.
area = 13.7255891207 with chi^2 511.582038838
Minuit succeeded.
area = 13.6891032312 with chi^2 518.527916647
Minuit succeeded.
area = 13.6965979579 with chi^2 522.928722313
Minuit succeeded.
area = 13.6657416878 with chi^2 515.987515948
Minuit succeeded.
area = 13.6565917239 with chi^2 510.125543434
Minuit succeeded.
area = 13.663013925 with chi^2 513.595407017
Minuit succeeded.
area = 13.6712591139 with chi^2 523.484457975
Minuit succeeded.
area = 13.7107428573 with chi^2 510.259307338
Minuit succeeded.
area = 13.6967836387 with chi^2 514.79862316
Minuit succeeded.
area = 13.7173132475 with chi^2 511.338829645
Minuit succeeded.
area = 13.7110911674 with chi^2 517.358190929
VariableMetricBuilder: matrix not pos.def.
gdel > 0: 4.55153e-05
negative or zero diagonal element 0 in covariance matrix
negative or zero diagonal element 1 in covariance matrix
added 1.00135 to diagonal of error matrix
gdel: 4.55153e-05
Minuit succeeded.
area = 13.6781831087 with chi^2 520.256979678
eigenvalues: 
-0.120415
0.619107
0.804942
1
1
1
1
1
1
1
1
1
1.00175
1.05821
2.63641
matrix forced pos-def by adding 0.123052 to diagonal
MnHesse: matrix is invalid!
MnHesse: matrix is not pos. def.!
MnHesse: matrix was forced pos. def.
FunctionMinimum is invalid.
Minuit failed because covariance is not accurate, and covariance is not positive definite.
Minuit succeeded.
area = 13.6759225918 with chi^2 513.686716788
Minuit succeeded.
area = 13.6792046933 with chi^2 513.755037331
Minuit succeeded.
area = 13.6895342317 with chi^2 515.849708499
Minuit succeeded.
area = 13.6479789886 with chi^2 514.908344093
VariableMetricBuilder: no improvement
Minuit succeeded.
area = 13.7258272759 with chi^2 517.709380513
Minuit succeeded.
area = 13.696486547 with chi^2 513.575309964
Minuit succeeded.
area = 13.6786791575 with chi^2 513.302432066
Minuit succeeded.
area = 13.693775516 with chi^2 514.690996194
Minuit succeeded.
area = 13.6928120455 with chi^2 517.065919889
Minuit succeeded.
area = 13.6916719709 with chi^2 514.311594924
Minuit succeeded.
area = 13.6841495463 with chi^2 514.064485448
Minuit succeeded.
area = 13.7189616863 with chi^2 513.084162676
Minuit succeeded.
area = 13.6732371341 with chi^2 510.217413874
Minuit succeeded.
area = 13.6665902568 with chi^2 508.918570773
Minuit succeeded.
area = 13.6861103258 with chi^2 512.212691688
Minuit succeeded.
area = 13.7081206366 with chi^2 518.537623012
Minuit succeeded.
area = 13.6781197653 with chi^2 517.025019478
Minuit succeeded.
area = 13.6949378182 with chi^2 524.430702968
Minuit succeeded.
area = 13.6908565246 with chi^2 518.742660581
Minuit succeeded.
area = 13.660128307 with chi^2 516.720116981
Minuit succeeded.
area = 13.6944695514 with chi^2 516.740080996
Minuit succeeded.
area = 13.6498452702 with chi^2 511.831529285
Minuit succeeded.
area = 13.6932221604 with chi^2 524.039211233
Minuit succeeded.
area = 13.70096868 with chi^2 514.863764785
Minuit succeeded.
area = 13.676354266 with chi^2 519.911839652
Minuit succeeded.
area = 13.6676976132 with chi^2 525.219625086
Minuit succeeded.
area = 13.7348495441 with chi^2 521.359112021
eigenvalues: 
-0.047314
0.640703
0.821444
1
1
1
1
1
1
1
1
1
1.00063
1.04425
2.54029
matrix forced pos-def by adding 0.0498543 to diagonal
MnHesse: matrix is invalid!
MnHesse: matrix is not pos. def.!
MnHesse: matrix was forced pos. def.
FunctionMinimum is invalid.
Minuit failed because covariance is not accurate, and covariance is not positive definite.
VariableMetricBuilder: matrix not pos.def.
gdel > 0: 5.0718e-05
negative or zero diagonal element 0 in covariance matrix
negative or zero diagonal element 1 in covariance matrix
added 1.00407 to diagonal of error matrix
gdel: 5.0718e-05
Minuit succeeded.
area = 13.7288925673 with chi^2 518.784981331
Minuit succeeded.
area = 13.6819458346 with chi^2 516.605288888
Minuit succeeded.
area = 13.6783295574 with chi^2 517.635662154
Minuit succeeded.
area = 13.6645303434 with chi^2 516.106184186
Minuit succeeded.
area = 13.7150736102 with chi^2 516.783293842
Minuit succeeded.
area = 13.6956104678 with chi^2 519.050560162
Minuit succeeded.
area = 13.6680145062 with chi^2 514.553750983
Minuit succeeded.
area = 13.676304707 with chi^2 526.067821394
eigenvalues: 
-0.0527534
0.655796
0.815152
1
1
1
1
1
1
1
1
1
1.00142
1.03065
2.54973
matrix forced pos-def by adding 0.0553031 to diagonal
MnHesse: matrix is invalid!
MnHesse: matrix is not pos. def.!
MnHesse: matrix was forced pos. def.
FunctionMinimum is invalid.
Minuit failed because covariance is not accurate, and covariance is not positive definite.
Minuit succeeded.
area = 13.6979657024 with chi^2 514.449993137
Minuit succeeded.
area = 13.7044735103 with chi^2 516.506557802
Minuit succeeded.
area = 13.6928264922 with chi^2 526.455151284
Minuit succeeded.
area = 13.7030407815 with chi^2 514.505831411
Minuit succeeded.
area = 13.696535596 with chi^2 527.336359157
Minuit succeeded.
area = 13.6887496972 with chi^2 518.134104973
VariableMetricBuilder: no improvement
VariableMetricBuilder: machine accuracy limits further improvement.
Minuit succeeded.
area = 13.7173835675 with chi^2 519.683582721
eigenvalues: 
-0.0999066
0.639572
0.827314
1
1
1
1
1
1
1
1
1
1.0018
1.06806
2.56316
matrix forced pos-def by adding 0.10247 to diagonal
MnHesse: matrix is invalid!
MnHesse: matrix is not pos. def.!
MnHesse: matrix was forced pos. def.
FunctionMinimum is invalid.
Minuit failed because covariance is not accurate, and covariance is not positive definite.
Minuit succeeded.
area = 13.6865357289 with chi^2 517.640550985
eigenvalues: 
-0.00656318
0.613048
0.803524
1
1
1
1
1
1
1
1
1
1.00316
1.09663
2.4902
matrix forced pos-def by adding 0.00905339 to diagonal
MnHesse: matrix is invalid!
MnHesse: matrix is not pos. def.!
MnHesse: matrix was forced pos. def.
FunctionMinimum is invalid.
Minuit failed because covariance is not accurate, and covariance is not positive definite.
Minuit succeeded.
area = 13.7019163344 with chi^2 515.583163616
Minuit succeeded.
area = 13.7028692074 with chi^2 512.199098273
Minuit succeeded.
area = 13.6899236632 with chi^2 509.868952804
Minuit succeeded.
area = 13.70159017 with chi^2 512.007620603
Minuit succeeded.
area = 13.7124877303 with chi^2 512.271970788
VariableMetricBuilder: no improvement
VariableMetricBuilder: machine accuracy limits further improvement.
Minuit succeeded.
area = 13.666876073 with chi^2 520.044174224
Minuit succeeded.
area = 13.6888342521 with chi^2 530.584052019
Minuit succeeded.
area = 13.6891872407 with chi^2 515.849010817
Minuit succeeded.
area = 13.6699990422 with chi^2 509.025042192
Minuit succeeded.
area = 13.6641944472 with chi^2 516.925316002
Minuit succeeded.
area = 13.6824093421 with chi^2 527.389537803
Minuit succeeded.
area = 13.7006427902 with chi^2 515.173964208
Minuit succeeded.
area = 13.6969854082 with chi^2 513.771164179
Minuit succeeded.
area = 13.6621678207 with chi^2 521.060114341
eigenvalues: 
-0.0793621
0.620968
0.81473
1
1
1
1
1
1
1
1
1
1.00122
1.06652
2.57592
matrix forced pos-def by adding 0.081938 to diagonal
MnHesse: matrix is invalid!
MnHesse: matrix is not pos. def.!
MnHesse: matrix was forced pos. def.
FunctionMinimum is invalid.
Minuit failed because covariance is not accurate, and covariance is not positive definite.
Minuit succeeded.
area = 13.668416988 with chi^2 513.176256466
Minuit succeeded.
area = 13.7051130112 with chi^2 515.042859539
Minuit succeeded.
area = 13.6975949178 with chi^2 513.411512806
Minuit succeeded.
area = 13.6799586021 with chi^2 507.999216827
Minuit succeeded.
area = 13.7230723907 with chi^2 514.383882045
eigenvalues: 
-0.0389669
0.644176
0.800637
1
1
1
1
1
1
1
1
1
1.00072
1.02812
2.56531
matrix forced pos-def by adding 0.0415322 to diagonal
MnHesse: matrix is invalid!
MnHesse: matrix is not pos. def.!
MnHesse: matrix was forced pos. def.
FunctionMinimum is invalid.
Minuit failed because covariance is not accurate, and covariance is not positive definite.
Minuit succeeded.
area = 13.7185700038 with chi^2 523.30737379
Minuit succeeded.
area = 13.6883033702 with chi^2 504.91222832
VariableMetricBuilder: matrix not pos.def.
gdel > 0: 7.83213e-06
negative or zero diagonal element 0 in covariance matrix
negative or zero diagonal element 1 in covariance matrix
added 1.00023 to diagonal of error matrix
gdel: 7.83213e-06
Minuit succeeded.
area = 13.6858816816 with chi^2 516.174901553
Minuit succeeded.
area = 13.6668846145 with chi^2 519.059065197
Minuit succeeded.
area = 13.688307951 with chi^2 514.686990387
Minuit succeeded.
area = 13.6710332237 with chi^2 502.60265576
Minuit succeeded.
area = 13.697934615 with chi^2 519.685406282
Minuit succeeded.
area = 13.6970096276 with chi^2 517.884716941
Minuit succeeded.
area = 13.6969605998 with chi^2 516.860241547
Minuit succeeded.
area = 13.7101549607 with chi^2 515.617025139
Minuit succeeded.
area = 13.6914559847 with chi^2 511.684772554
Minuit succeeded.
area = 13.7180814099 with chi^2 525.791569868
Minuit succeeded.
area = 13.6891760643 with chi^2 526.807036692
Minuit succeeded.
area = 13.6901979144 with chi^2 521.077867763
Minuit succeeded.
area = 13.7060242224 with chi^2 516.342057769
Minuit succeeded.
area = 13.6784919921 with chi^2 514.130307772
eigenvalues: 
-0.00285754
0.622185
0.797936
1
1
1
1
1
1
1
1
1
1.00089
1.05858
2.52327
matrix forced pos-def by adding 0.00538081 to diagonal
MnHesse: matrix is invalid!
MnHesse: matrix is not pos. def.!
MnHesse: matrix was forced pos. def.
FunctionMinimum is invalid.
