0.946245729036
Now with jitter = 0.0
Minuit succeeded.
area = 13.5305821878 with chi^2 394.085669593
areas mean, stdev = 13.5305821878 0.0 chi^2 mean, stdev = 394.085669593 0.0
Now with jitter = 0.05
Minuit succeeded.
area = 13.6779091931 with chi^2 516.984628277
Minuit succeeded.
area = 13.6829554272 with chi^2 509.318547428
Minuit succeeded.
area = 13.6653950758 with chi^2 516.703929201
Minuit succeeded.
area = 13.6919859657 with chi^2 511.291309418
Minuit succeeded.
area = 13.6914541132 with chi^2 511.346611742
Minuit succeeded.
area = 13.6563773492 with chi^2 508.809707947
Minuit succeeded.
area = 13.6833302013 with chi^2 507.629731745
Minuit succeeded.
area = 13.6841083593 with chi^2 514.266569144
Minuit succeeded.
area = 13.7122257587 with chi^2 512.751824397
Minuit succeeded.
area = 13.6796213527 with chi^2 512.843528404
Minuit succeeded.
area = 13.6753702835 with chi^2 513.387228286
Minuit succeeded.
area = 13.684094585 with chi^2 505.279221217
Minuit succeeded.
area = 13.6815234821 with chi^2 512.906604724
Minuit succeeded.
area = 13.6806175631 with chi^2 511.586042596
Minuit succeeded.
area = 13.6607050944 with chi^2 508.253130879
Minuit succeeded.
area = 13.6722469991 with chi^2 510.53675329
Minuit succeeded.
area = 13.6863403941 with chi^2 515.377508072
VariableMetricBuilder: matrix not pos.def.
edm < 0
negative or zero diagonal element 0 in covariance matrix
negative or zero diagonal element 1 in covariance matrix
added 1.00027 to diagonal of error matrix
Minuit succeeded.
area = 13.6879517883 with chi^2 515.220698361
Minuit succeeded.
area = 13.6785679435 with chi^2 514.368657877
Minuit succeeded.
area = 13.6776855212 with chi^2 515.3229826
eigenvalues: 
-0.000182026
0.648095
0.806716
1
1
1
1
1
1
1
1
1
1.00315
1.04623
2.49599
matrix forced pos-def by adding 0.00267802 to diagonal
MnHesse: matrix is invalid!
MnHesse: matrix is not pos. def.!
MnHesse: matrix was forced pos. def.
FunctionMinimum is invalid.
Minuit failed because covariance is not accurate, and covariance is not positive definite.
eigenvalues: 
-0.079154
0.617696
0.806679
1
1
1
1
1
1
1
1
1
1.00151
1.0607
2.59256
matrix forced pos-def by adding 0.0817466 to diagonal
MnHesse: matrix is invalid!
MnHesse: matrix is not pos. def.!
MnHesse: matrix was forced pos. def.
FunctionMinimum is invalid.
Minuit failed because covariance is not accurate, and covariance is not positive definite.
Minuit succeeded.
area = 13.6657999629 with chi^2 506.869570253
Minuit succeeded.
area = 13.6636352611 with chi^2 511.080547538
Minuit succeeded.
area = 13.6921650395 with chi^2 516.157853035
Minuit succeeded.
area = 13.7012317446 with chi^2 509.469545729
eigenvalues: 
-0.0279149
0.611775
0.811384
1
1
1
1
1
1
1
1
1
1.00073
1.0443
2.55973
matrix forced pos-def by adding 0.0304746 to diagonal
MnHesse: matrix is invalid!
MnHesse: matrix is not pos. def.!
MnHesse: matrix was forced pos. def.
FunctionMinimum is invalid.
Minuit failed because covariance is not accurate, and covariance is not positive definite.
Minuit succeeded.
area = 13.6963401827 with chi^2 505.876619962
Minuit succeeded.
area = 13.6942014716 with chi^2 515.260120618
Minuit succeeded.
area = 13.6856795926 with chi^2 508.673679655
Minuit succeeded.
area = 13.6979332391 with chi^2 517.125858923
Minuit succeeded.
area = 13.658072743 with chi^2 511.011688483
Minuit succeeded.
area = 13.659518558 with chi^2 511.778910409
Minuit succeeded.
area = 13.6721465829 with chi^2 515.587601597
eigenvalues: 
-0.0416284
0.660578
0.838326
1
1
1
1
1
1
1
1
1
1.00095
1.02998
2.5118
matrix forced pos-def by adding 0.0441402 to diagonal
MnHesse: matrix is invalid!
MnHesse: matrix is not pos. def.!
MnHesse: matrix was forced pos. def.
FunctionMinimum is invalid.
Minuit failed because covariance is not accurate, and covariance is not positive definite.
Minuit succeeded.
area = 13.673742862 with chi^2 515.867121589
Minuit succeeded.
area = 13.6835027422 with chi^2 512.94785461
Minuit succeeded.
area = 13.7030477343 with chi^2 512.454977501
Minuit succeeded.
area = 13.6667301788 with chi^2 512.974047196
Minuit succeeded.
area = 13.6634827787 with chi^2 517.038585796
Minuit succeeded.
area = 13.667141508 with chi^2 511.12187432
Minuit succeeded.
area = 13.685215023 with chi^2 513.458594683
Minuit succeeded.
area = 13.6836669404 with chi^2 516.828880077
Minuit succeeded.
area = 13.6839440454 with chi^2 509.969052044
Minuit succeeded.
area = 13.6750286404 with chi^2 513.589433628
Minuit succeeded.
area = 13.6691854696 with chi^2 514.70723325
Minuit succeeded.
area = 13.6618204516 with chi^2 506.967123724
Minuit succeeded.
area = 13.6846807179 with chi^2 512.153626438
Minuit succeeded.
area = 13.6813509156 with chi^2 515.667578327
Minuit succeeded.
area = 13.6964665788 with chi^2 513.885630246
Minuit succeeded.
area = 13.7129688807 with chi^2 508.155423486
eigenvalues: 
-0.0728433
0.595598
0.79834
1
1
1
1
1
1
1
1
1
1.00288
1.0761
2.59992
matrix forced pos-def by adding 0.0754433 to diagonal
MnHesse: matrix is invalid!
MnHesse: matrix is not pos. def.!
MnHesse: matrix was forced pos. def.
FunctionMinimum is invalid.
Minuit failed because covariance is not accurate, and covariance is not positive definite.
Minuit succeeded.
area = 13.6844395782 with chi^2 509.161438967
Minuit succeeded.
area = 13.6839571236 with chi^2 509.782711014
Minuit succeeded.
area = 13.6747917231 with chi^2 512.002891551
Minuit succeeded.
area = 13.6885432182 with chi^2 508.537615229
Minuit succeeded.
area = 13.6830772874 with chi^2 513.049890969
eigenvalues: 
-0.0347425
0.653507
0.826775
1
1
1
1
1
1
1
1
1
1.00113
1.03147
2.52186
matrix forced pos-def by adding 0.0372644 to diagonal
MnHesse: matrix is invalid!
MnHesse: matrix is not pos. def.!
MnHesse: matrix was forced pos. def.
FunctionMinimum is invalid.
Minuit failed because covariance is not accurate, and covariance is not positive definite.
Minuit succeeded.
area = 13.6851096482 with chi^2 518.459280405
Minuit succeeded.
area = 13.7041815877 with chi^2 511.057555984
Minuit succeeded.
area = 13.669454474 with chi^2 514.222290822
Minuit succeeded.
area = 13.662254751 with chi^2 508.293822966
Minuit succeeded.
area = 13.6838535858 with chi^2 509.879118926
eigenvalues: 
-0.0391259
0.61714
0.803341
1
1
1
1
1
1
1
1
1
1.0011
1.0841
2.53345
matrix forced pos-def by adding 0.0416593 to diagonal
MnHesse: matrix is invalid!
MnHesse: matrix is not pos. def.!
MnHesse: matrix was forced pos. def.
FunctionMinimum is invalid.
Minuit failed because covariance is not accurate, and covariance is not positive definite.
Minuit succeeded.
area = 13.6862263476 with chi^2 508.429660266
Minuit succeeded.
area = 13.6708028559 with chi^2 515.690330963
Minuit succeeded.
area = 13.6663399597 with chi^2 513.052057281
Minuit succeeded.
area = 13.6642218005 with chi^2 517.724552767
Minuit succeeded.
area = 13.6729774588 with chi^2 512.370022535
Minuit succeeded.
area = 13.6724831321 with chi^2 506.334381994
Minuit succeeded.
area = 13.6707407872 with chi^2 509.061482663
Minuit succeeded.
area = 13.6694884837 with chi^2 513.283811851
Minuit succeeded.
area = 13.6764307853 with chi^2 508.151864895
Minuit succeeded.
area = 13.6885376993 with chi^2 505.506592635
Minuit succeeded.
area = 13.6540624344 with chi^2 511.910788615
VariableMetricBuilder: matrix not pos.def.
gdel > 0: 1.20173e-05
negative or zero diagonal element 0 in covariance matrix
negative or zero diagonal element 1 in covariance matrix
added 1.00036 to diagonal of error matrix
gdel: 1.20173e-05
Minuit succeeded.
area = 13.6827727442 with chi^2 512.905827492
VariableMetricBuilder: no improvement
VariableMetricBuilder: machine accuracy limits further improvement.
Minuit succeeded.
area = 13.6810241439 with chi^2 511.520568519
Minuit succeeded.
area = 13.7107771481 with chi^2 513.136888758
eigenvalues: 
-0.00605431
0.64337
0.798577
1
1
1
1
1
1
1
1
1
1.00035
1.02498
2.53878
matrix forced pos-def by adding 0.00859309 to diagonal
MnHesse: matrix is invalid!
MnHesse: matrix is not pos. def.!
MnHesse: matrix was forced pos. def.
FunctionMinimum is invalid.
Minuit failed because covariance is not accurate, and covariance is not positive definite.
eigenvalues: 
-0.0215213
0.624876
0.797762
1
1
1
1
1
1
1
1
1
1.00078
1.04187
2.55624
matrix forced pos-def by adding 0.0240775 to diagonal
MnHesse: matrix is invalid!
MnHesse: matrix is not pos. def.!
MnHesse: matrix was forced pos. def.
FunctionMinimum is invalid.
Minuit failed because covariance is not accurate, and covariance is not positive definite.
Minuit succeeded.
area = 13.7016529978 with chi^2 513.13841083
Minuit succeeded.
area = 13.6799049633 with chi^2 511.529575595
Minuit succeeded.
area = 13.6860845971 with chi^2 506.338786051
Minuit succeeded.
area = 13.6717055022 with chi^2 512.430324388
Minuit succeeded.
area = 13.646447063 with chi^2 511.296182544
Minuit succeeded.
area = 13.6701634237 with chi^2 511.492674792
Minuit succeeded.
area = 13.6906318224 with chi^2 513.39063965
Minuit succeeded.
area = 13.6913728886 with chi^2 512.614631957
Minuit succeeded.
area = 13.6803014329 with chi^2 513.533350162
Minuit succeeded.
area = 13.6898910244 with chi^2 505.625718848
Minuit succeeded.
area = 13.6601214778 with chi^2 511.036182254
Minuit succeeded.
area = 13.6612799317 with chi^2 510.56088586
Minuit succeeded.
area = 13.6890427839 with chi^2 515.141084948
Minuit succeeded.
area = 13.6761522917 with chi^2 504.257583185
Minuit succeeded.
area = 13.6867323493 with chi^2 513.044586503
Minuit succeeded.
area = 13.6910255418 with chi^2 510.852628793
Minuit succeeded.
area = 13.6770451289 with chi^2 510.807778096
Minuit succeeded.
area = 13.6965875442 with chi^2 508.518760275
Minuit succeeded.
area = 13.6511634627 with chi^2 512.15253505
Minuit succeeded.
area = 13.6600267997 with chi^2 511.410597062
areas mean, stdev = 13.6794840448 0.0136995403973 chi^2 mean, stdev = 511.797391359 3.14932652255
Now with jitter = 0.07
eigenvalues: 
-0.00941376
0.626101
0.792993
1
1
1
1
1
1
1
1
1
1.0019
1.03924
2.54918
matrix forced pos-def by adding 0.0119629 to diagonal
MnHesse: matrix is invalid!
MnHesse: matrix is not pos. def.!
MnHesse: matrix was forced pos. def.
FunctionMinimum is invalid.
Minuit failed because covariance is not accurate, and covariance is not positive definite.
eigenvalues: 
-0.0391742
0.62085
0.79901
1
1
1
1
1
1
1
1
1
1.0021
1.05444
2.56277
matrix forced pos-def by adding 0.0417369 to diagonal
MnHesse: matrix is invalid!
MnHesse: matrix is not pos. def.!
MnHesse: matrix was forced pos. def.
FunctionMinimum is invalid.
Minuit failed because covariance is not accurate, and covariance is not positive definite.
Minuit succeeded.
area = 13.672354704 with chi^2 509.083670575
Minuit succeeded.
area = 13.6958767706 with chi^2 515.105952846
eigenvalues: 
-0.062187
0.627465
0.806325
1
1
1
1
1
1
1
1
1
1.00101
1.06344
2.56394
matrix forced pos-def by adding 0.0647509 to diagonal
MnHesse: matrix is invalid!
MnHesse: matrix is not pos. def.!
MnHesse: matrix was forced pos. def.
FunctionMinimum is invalid.
Minuit failed because covariance is not accurate, and covariance is not positive definite.
eigenvalues: 
-0.000175714
0.637956
0.80191
1
1
1
1
1
1
1
1
1
1.00077
1.03326
2.52628
matrix forced pos-def by adding 0.00270199 to diagonal
MnHesse: matrix is invalid!
MnHesse: matrix is not pos. def.!
MnHesse: matrix was forced pos. def.
FunctionMinimum is invalid.
Minuit failed because covariance is not accurate, and covariance is not positive definite.
Minuit succeeded.
area = 13.7025814922 with chi^2 515.564985614
Minuit succeeded.
area = 13.6694725159 with chi^2 507.650076673
Minuit succeeded.
area = 13.6671893557 with chi^2 517.657535377
Minuit succeeded.
area = 13.6682937803 with chi^2 516.12431619
Minuit succeeded.
area = 13.6375377252 with chi^2 507.954209472
Minuit succeeded.
area = 13.694445689 with chi^2 514.407611397
Minuit succeeded.
area = 13.6889062411 with chi^2 512.512727874
Minuit succeeded.
area = 13.7094499794 with chi^2 516.430868606
Minuit succeeded.
area = 13.6931114647 with chi^2 522.819195577
Minuit succeeded.
area = 13.6658076366 with chi^2 515.583615468
Minuit succeeded.
area = 13.6687017734 with chi^2 517.863028653
Minuit succeeded.
area = 13.6634918162 with chi^2 512.591215118
Minuit succeeded.
area = 13.6863198836 with chi^2 505.569460599
Minuit succeeded.
area = 13.7241939626 with chi^2 510.85973363
Minuit succeeded.
area = 13.682095569 with chi^2 530.565570451
Minuit succeeded.
area = 13.6266258465 with chi^2 513.84633207
Minuit succeeded.
area = 13.7097275208 with chi^2 521.928057906
VariableMetricBuilder: no improvement
VariableMetricBuilder: machine accuracy limits further improvement.
Minuit succeeded.
area = 13.685509279 with chi^2 517.828810226
Minuit succeeded.
area = 13.7132414389 with chi^2 510.433802027
Minuit succeeded.
area = 13.6831754898 with chi^2 510.999496874
Minuit succeeded.
area = 13.6760209926 with chi^2 523.340990904
Minuit succeeded.
area = 13.6792070242 with chi^2 501.807364531
VariableMetricBuilder: no improvement
VariableMetricBuilder: machine accuracy limits further improvement.
Minuit succeeded.
area = 13.665903752 with chi^2 510.305773194
VariableMetricBuilder: no improvement
VariableMetricBuilder: machine accuracy limits further improvement.
Minuit succeeded.
area = 13.6649160374 with chi^2 513.977017301
Minuit succeeded.
area = 13.6650322675 with chi^2 514.540838612
Minuit succeeded.
area = 13.6545476972 with chi^2 514.868307408
Minuit succeeded.
area = 13.6667473079 with chi^2 521.940859743
Minuit succeeded.
area = 13.6636215136 with chi^2 505.737287453
Minuit succeeded.
area = 13.6643338773 with chi^2 515.331668356
Minuit succeeded.
area = 13.6663851182 with chi^2 503.499195192
Minuit succeeded.
area = 13.7125678812 with chi^2 515.046484506
eigenvalues: 
-0.00538955
0.647007
0.802927
1
1
1
1
1
1
1
1
1
1.00023
1.02648
2.52875
matrix forced pos-def by adding 0.0079183 to diagonal
MnHesse: matrix is invalid!
MnHesse: matrix is not pos. def.!
MnHesse: matrix was forced pos. def.
FunctionMinimum is invalid.
Minuit failed because covariance is not accurate, and covariance is not positive definite.
Minuit succeeded.
area = 13.691829501 with chi^2 508.390535117
Minuit succeeded.
area = 13.6622664108 with chi^2 517.183679485
Minuit succeeded.
area = 13.6661939995 with chi^2 518.04638487
Minuit succeeded.
area = 13.698265514 with chi^2 508.387312191
Minuit succeeded.
area = 13.6892620549 with chi^2 516.371377766
Minuit succeeded.
area = 13.6912497004 with chi^2 512.050152982
Minuit succeeded.
area = 13.6603660319 with chi^2 511.464868737
Minuit succeeded.
area = 13.6641970411 with chi^2 510.028616053
Minuit succeeded.
area = 13.680548786 with chi^2 515.824958492
eigenvalues: 
-0.0111035
0.63634
0.804455
1
1
1
1
1
1
1
1
1
1.00236
1.03375
2.5342
matrix forced pos-def by adding 0.0136377 to diagonal
MnHesse: matrix is invalid!
MnHesse: matrix is not pos. def.!
MnHesse: matrix was forced pos. def.
FunctionMinimum is invalid.
Minuit failed because covariance is not accurate, and covariance is not positive definite.
eigenvalues: 
-0.0757146
0.633773
0.817025
1
1
1
1
1
1
1
1
1
1.00196
1.05856
2.5644
matrix forced pos-def by adding 0.078279 to diagonal
MnHesse: matrix is invalid!
MnHesse: matrix is not pos. def.!
MnHesse: matrix was forced pos. def.
FunctionMinimum is invalid.
Minuit failed because covariance is not accurate, and covariance is not positive definite.
Minuit succeeded.
area = 13.6689156432 with chi^2 518.173024001
Minuit succeeded.
area = 13.6806431136 with chi^2 508.717399731
Minuit succeeded.
area = 13.6855314011 with chi^2 512.718904449
Minuit succeeded.
area = 13.6730368335 with chi^2 504.20648507
Minuit succeeded.
area = 13.6656432374 with chi^2 515.126566727
Minuit succeeded.
area = 13.6845673258 with chi^2 515.439747408
eigenvalues: 
-0.0745132
0.597745
0.808558
1
1
1
1
1
1
1
1
1
1.0019
1.07563
2.59068
matrix forced pos-def by adding 0.0771039 to diagonal
MnHesse: matrix is invalid!
MnHesse: matrix is not pos. def.!
MnHesse: matrix was forced pos. def.
FunctionMinimum is invalid.
Minuit failed because covariance is not accurate, and covariance is not positive definite.
Minuit succeeded.
area = 13.6456547589 with chi^2 509.222203536
Minuit succeeded.
area = 13.6638027298 with chi^2 510.101709396
Minuit succeeded.
area = 13.6805567018 with chi^2 513.494395468
Minuit succeeded.
area = 13.6988553829 with chi^2 514.250792455
Minuit succeeded.
area = 13.6847106252 with chi^2 506.102067086
Minuit succeeded.
area = 13.7019911224 with chi^2 526.398551896
Minuit succeeded.
area = 13.6524273843 with chi^2 503.401498869
eigenvalues: 
-0.00147974
0.644662
0.815217
1
1
1
1
1
1
1
1
1
1.00057
1.04032
2.50072
matrix forced pos-def by adding 0.00398045 to diagonal
MnHesse: matrix is invalid!
MnHesse: matrix is not pos. def.!
MnHesse: matrix was forced pos. def.
FunctionMinimum is invalid.
Minuit failed because covariance is not accurate, and covariance is not positive definite.
Minuit succeeded.
area = 13.6779729719 with chi^2 513.424291213
eigenvalues: 
-0.00384245
0.641491
0.804769
1
1
1
1
1
1
1
1
1
1.00068
1.0503
2.50661
matrix forced pos-def by adding 0.00634905 to diagonal
MnHesse: matrix is invalid!
MnHesse: matrix is not pos. def.!
MnHesse: matrix was forced pos. def.
FunctionMinimum is invalid.
Minuit failed because covariance is not accurate, and covariance is not positive definite.
Minuit succeeded.
area = 13.6892038704 with chi^2 517.500011394
Minuit succeeded.
area = 13.644727673 with chi^2 510.803609119
Minuit succeeded.
area = 13.6726060054 with chi^2 517.999199058
Minuit succeeded.
area = 13.6425434905 with chi^2 497.756038112
Minuit succeeded.
area = 13.6577919764 with chi^2 509.169344777
Minuit succeeded.
area = 13.6812293777 with chi^2 504.292686214
Minuit succeeded.
area = 13.6849538317 with chi^2 515.758227635
Minuit succeeded.
area = 13.6937296053 with chi^2 514.610192293
Minuit succeeded.
area = 13.7086289348 with chi^2 512.040531628
Minuit succeeded.
area = 13.6992049106 with chi^2 512.456822894
Minuit succeeded.
area = 13.6763358944 with chi^2 496.201765958
Minuit succeeded.
area = 13.6802039717 with chi^2 514.558974582
Minuit succeeded.
area = 13.6735295842 with chi^2 504.057188116
Minuit succeeded.
area = 13.6645778926 with chi^2 517.670094351
Minuit succeeded.
area = 13.688682553 with chi^2 509.77425921
VariableMetricBuilder: matrix not pos.def.
gdel > 0: 1.92554e-05
negative or zero diagonal element 0 in covariance matrix
negative or zero diagonal element 1 in covariance matrix
negative or zero diagonal element 5 in covariance matrix
negative or zero diagonal element 10 in covariance matrix
added 1.00039 to diagonal of error matrix
gdel: 1.92554e-05
Minuit succeeded.
area = 13.6452815661 with chi^2 507.620850364
Minuit succeeded.
area = 13.6979032385 with chi^2 508.849043289
Minuit succeeded.
area = 13.7095426268 with chi^2 524.475107492
Minuit succeeded.
area = 13.6716873185 with chi^2 507.420609024
Minuit succeeded.
area = 13.6752177517 with chi^2 516.027486252
Minuit succeeded.
area = 13.6753407034 with chi^2 510.069467056
Minuit succeeded.
area = 13.6604865126 with chi^2 505.411182438
eigenvalues: 
-0.00683957
0.650314
0.804156
1
1
1
1
1
1
1
1
1
1.00134
1.02127
2.52976
matrix forced pos-def by adding 0.00936933 to diagonal
MnHesse: matrix is invalid!
MnHesse: matrix is not pos. def.!
MnHesse: matrix was forced pos. def.
FunctionMinimum is invalid.
Minuit failed because covariance is not accurate, and covariance is not positive definite.
Minuit succeeded.
area = 13.698199275 with chi^2 512.386169373
Minuit succeeded.
area = 13.6418442851 with chi^2 523.025279465
Minuit succeeded.
area = 13.6752404551 with chi^2 517.416501894
Minuit succeeded.
area = 13.6552047332 with chi^2 518.279121077
Minuit succeeded.
area = 13.6916648239 with chi^2 506.717278259
Minuit succeeded.
area = 13.690595893 with chi^2 508.482161124
VariableMetricBuilder: no improvement
VariableMetricBuilder: machine accuracy limits further improvement.
Minuit succeeded.
area = 13.6808055128 with chi^2 508.060296437
Minuit succeeded.
area = 13.6769809008 with chi^2 510.790963956
Minuit succeeded.
area = 13.6813316365 with chi^2 517.791056221
Minuit succeeded.
area = 13.7094115897 with chi^2 504.966003918
Minuit succeeded.
area = 13.6534931061 with chi^2 524.053272269
areas mean, stdev = 13.6775737435 0.0189872474056 chi^2 mean, stdev = 512.795419985 6.10485864597
