0.068280343536
Now with jitter = 0.0
Minuit succeeded.
area = 13.5872957196 with chi^2 422.736435614
areas mean, stdev = 13.5872957196 0.0 chi^2 mean, stdev = 422.736435614 0.0
Now with jitter = 0.05
Minuit succeeded.
area = 13.6776758677 with chi^2 506.211426116
Minuit succeeded.
area = 13.6734579497 with chi^2 518.369870505
Minuit succeeded.
area = 13.6580311733 with chi^2 514.109898033
Minuit succeeded.
area = 13.6750748575 with chi^2 511.065740423
Minuit succeeded.
area = 13.671844109 with chi^2 509.209733962
Minuit succeeded.
area = 13.6526763562 with chi^2 512.399816945
eigenvalues: 
-0.000615879
0.635984
0.802606
1
1
1
1
1
1
1
1
1
1.00251
1.02947
2.53005
matrix forced pos-def by adding 0.00314593 to diagonal
MnHesse: matrix is invalid!
MnHesse: matrix is not pos. def.!
MnHesse: matrix was forced pos. def.
FunctionMinimum is invalid.
Minuit failed because covariance is not accurate, and covariance is not positive definite.
Minuit succeeded.
area = 13.6451605645 with chi^2 523.036941672
Minuit succeeded.
area = 13.6488366021 with chi^2 513.968874323
Minuit succeeded.
area = 13.6575456678 with chi^2 510.334195555
Minuit succeeded.
area = 13.6732528838 with chi^2 508.664574462
Minuit succeeded.
area = 13.6436446034 with chi^2 511.110173927
Minuit succeeded.
area = 13.6789739251 with chi^2 512.841553751
Minuit succeeded.
area = 13.6476649972 with chi^2 512.848604936
Minuit succeeded.
area = 13.6794699632 with chi^2 510.044971077
Minuit succeeded.
area = 13.6553676573 with chi^2 511.111462269
Minuit succeeded.
area = 13.648882311 with chi^2 512.514758677
Minuit succeeded.
area = 13.6597232982 with chi^2 515.36703685
Minuit succeeded.
area = 13.6759813296 with chi^2 516.114714924
Minuit succeeded.
area = 13.6650052421 with chi^2 517.245232503
Minuit succeeded.
area = 13.6749189876 with chi^2 514.834474439
eigenvalues: 
-0.000590735
0.62718
0.791536
1
1
1
1
1
1
1
1
1
1.00041
1.03782
2.54364
matrix forced pos-def by adding 0.00313438 to diagonal
MnHesse: matrix is invalid!
MnHesse: matrix is not pos. def.!
MnHesse: matrix was forced pos. def.
FunctionMinimum is invalid.
Minuit failed because covariance is not accurate, and covariance is not positive definite.
Minuit succeeded.
area = 13.653836242 with chi^2 515.819148069
Minuit succeeded.
area = 13.6549120586 with chi^2 511.036077319
Minuit succeeded.
area = 13.6295695994 with chi^2 514.469441655
Minuit succeeded.
area = 13.6839834606 with chi^2 519.867247482
Minuit succeeded.
area = 13.6654611766 with chi^2 511.641433696
Minuit succeeded.
area = 13.661954542 with chi^2 511.507314474
Minuit succeeded.
area = 13.683069266 with chi^2 516.301974746
Minuit succeeded.
area = 13.6348360465 with chi^2 514.179984166
Minuit succeeded.
area = 13.6514633997 with chi^2 511.315658118
Minuit succeeded.
area = 13.6723435211 with chi^2 513.244744362
Minuit succeeded.
area = 13.6908763716 with chi^2 512.674517916
Minuit succeeded.
area = 13.6604108591 with chi^2 513.048990918
Minuit succeeded.
area = 13.671486639 with chi^2 518.971043721
Minuit succeeded.
area = 13.6520029861 with chi^2 515.216176908
Minuit succeeded.
area = 13.6598916568 with chi^2 510.004689311
Minuit succeeded.
area = 13.6882263512 with chi^2 506.797735251
Minuit succeeded.
area = 13.6812771472 with chi^2 514.417026124
Minuit succeeded.
area = 13.6614180826 with chi^2 520.42014783
Minuit succeeded.
area = 13.6779317012 with chi^2 512.543833939
Minuit succeeded.
area = 13.6729896724 with chi^2 516.189481555
Minuit succeeded.
area = 13.6639043813 with chi^2 514.932523663
eigenvalues: 
-0.00872706
0.639384
0.809099
1
1
1
1
1
1
1
1
1
1.00097
1.04417
2.51511
matrix forced pos-def by adding 0.0112422 to diagonal
MnHesse: matrix is invalid!
MnHesse: matrix is not pos. def.!
MnHesse: matrix was forced pos. def.
FunctionMinimum is invalid.
Minuit failed because covariance is not accurate, and covariance is not positive definite.
Minuit succeeded.
area = 13.6442247784 with chi^2 513.499644541
Minuit succeeded.
area = 13.6684596676 with chi^2 515.833340362
Minuit succeeded.
area = 13.6730535434 with chi^2 513.519511821
Minuit succeeded.
area = 13.6811181763 with chi^2 508.343982022
Minuit succeeded.
area = 13.6632087874 with chi^2 517.239790715
Minuit succeeded.
area = 13.6881649207 with chi^2 514.885113538
Minuit succeeded.
area = 13.6686603125 with chi^2 505.757623044
eigenvalues: 
-0.0444415
0.655894
0.812111
1
1
1
1
1
1
1
1
1
1.0023
1.02828
2.54586
matrix forced pos-def by adding 0.0469873 to diagonal
MnHesse: matrix is invalid!
MnHesse: matrix is not pos. def.!
MnHesse: matrix was forced pos. def.
FunctionMinimum is invalid.
Minuit failed because covariance is not accurate, and covariance is not positive definite.
Minuit succeeded.
area = 13.6620936693 with chi^2 518.166126317
Minuit succeeded.
area = 13.6718927532 with chi^2 506.67958469
Minuit succeeded.
area = 13.6882955421 with chi^2 513.674923783
Minuit succeeded.
area = 13.6656034464 with chi^2 518.48064672
Minuit succeeded.
area = 13.6951858142 with chi^2 513.923311036
Minuit succeeded.
area = 13.6866588079 with chi^2 517.562569689
Minuit succeeded.
area = 13.6885182398 with chi^2 518.601799677
Minuit succeeded.
area = 13.6491673166 with chi^2 509.515631346
Minuit succeeded.
area = 13.6451684881 with chi^2 513.817482352
Minuit succeeded.
area = 13.680340091 with chi^2 514.592851172
VariableMetricBuilder: no improvement
VariableMetricBuilder: machine accuracy limits further improvement.
Minuit succeeded.
area = 13.6761633608 with chi^2 514.268486383
Minuit succeeded.
area = 13.7129260378 with chi^2 514.952368315
Minuit succeeded.
area = 13.6852273163 with chi^2 511.36521546
Minuit succeeded.
area = 13.6904039228 with chi^2 515.233797785
Minuit succeeded.
area = 13.6675114157 with chi^2 508.029729742
Minuit succeeded.
area = 13.6423463346 with chi^2 511.288677522
Minuit succeeded.
area = 13.6877029984 with chi^2 512.919332944
VariableMetricBuilder: matrix not pos.def.
edm < 0
negative or zero diagonal element 1 in covariance matrix
added 1.00002 to diagonal of error matrix
Minuit succeeded.
area = 13.6622851188 with chi^2 513.94721671
eigenvalues: 
-0.0391437
0.630027
0.803173
1
1
1
1
1
1
1
1
1
1.00052
1.04552
2.5599
matrix forced pos-def by adding 0.0417036 to diagonal
MnHesse: matrix is invalid!
MnHesse: matrix is not pos. def.!
MnHesse: matrix was forced pos. def.
FunctionMinimum is invalid.
Minuit failed because covariance is not accurate, and covariance is not positive definite.
Minuit succeeded.
area = 13.6516440461 with chi^2 510.190084448
Minuit succeeded.
area = 13.6751896707 with chi^2 513.702461196
Minuit succeeded.
area = 13.6750359651 with chi^2 514.95398709
Minuit succeeded.
area = 13.6687196092 with chi^2 518.9240112
Minuit succeeded.
area = 13.6746221969 with chi^2 515.160977074
Minuit succeeded.
area = 13.6682851017 with chi^2 508.501819804
Minuit succeeded.
area = 13.6599786765 with chi^2 513.35739322
Minuit succeeded.
area = 13.6752588766 with chi^2 513.217548753
Minuit succeeded.
area = 13.6507957885 with chi^2 511.242824004
eigenvalues: 
-0.0562258
0.654177
0.821352
1
1
1
1
1
1
1
1
1
1.00179
1.0321
2.54681
matrix forced pos-def by adding 0.0587726 to diagonal
MnHesse: matrix is invalid!
MnHesse: matrix is not pos. def.!
MnHesse: matrix was forced pos. def.
FunctionMinimum is invalid.
Minuit failed because covariance is not accurate, and covariance is not positive definite.
Minuit succeeded.
area = 13.6586377645 with chi^2 509.060315311
VariableMetricBuilder: no improvement
Minuit succeeded.
area = 13.6809357147 with chi^2 518.032381903
Minuit succeeded.
area = 13.6647249376 with chi^2 520.868313649
Minuit succeeded.
area = 13.6700176087 with chi^2 512.884043496
Minuit succeeded.
area = 13.6668295084 with chi^2 509.84214724
Minuit succeeded.
area = 13.6522694781 with chi^2 510.338579686
Minuit succeeded.
area = 13.6765118711 with chi^2 516.474991249
Minuit succeeded.
area = 13.6683812294 with chi^2 511.715126097
Minuit succeeded.
area = 13.6376844095 with chi^2 518.184871941
Minuit succeeded.
area = 13.6539660432 with chi^2 514.825632373
eigenvalues: 
-0.0261343
0.641107
0.815311
1
1
1
1
1
1
1
1
1
1.00052
1.03506
2.53414
matrix forced pos-def by adding 0.0286685 to diagonal
MnHesse: matrix is invalid!
MnHesse: matrix is not pos. def.!
MnHesse: matrix was forced pos. def.
FunctionMinimum is invalid.
Minuit failed because covariance is not accurate, and covariance is not positive definite.
Minuit succeeded.
area = 13.6682374037 with chi^2 516.005187282
Minuit succeeded.
area = 13.6567719055 with chi^2 510.003445834
Minuit succeeded.
area = 13.6890946335 with chi^2 513.635938192
Minuit succeeded.
area = 13.6593061652 with chi^2 513.408297317
Minuit succeeded.
area = 13.6535600014 with chi^2 510.28902875
Minuit succeeded.
area = 13.6697432578 with chi^2 505.148981869
Minuit succeeded.
area = 13.6946958385 with chi^2 512.635701607
Minuit succeeded.
area = 13.6637596465 with chi^2 508.983803036
areas mean, stdev = 13.6673556099 0.0151036116051 chi^2 mean, stdev = 513.373009655 3.5259552827
Now with jitter = 0.07
Minuit succeeded.
area = 13.664329947 with chi^2 518.048480216
Minuit succeeded.
area = 13.6228497269 with chi^2 513.290206355
eigenvalues: 
-0.0160115
0.621084
0.807665
1
1
1
1
1
1
1
1
1
1.0009
1.07605
2.51032
matrix forced pos-def by adding 0.0185218 to diagonal
MnHesse: matrix is invalid!
MnHesse: matrix is not pos. def.!
MnHesse: matrix was forced pos. def.
FunctionMinimum is invalid.
Minuit failed because covariance is not accurate, and covariance is not positive definite.
Minuit succeeded.
area = 13.6649155044 with chi^2 520.695533826
VariableMetricBuilder: no improvement
VariableMetricBuilder: machine accuracy limits further improvement.
Minuit succeeded.
area = 13.6774003576 with chi^2 506.613581906
Minuit succeeded.
area = 13.6728679133 with chi^2 520.495166161
Minuit succeeded.
area = 13.7054202703 with chi^2 522.674460529
Minuit succeeded.
area = 13.6668727201 with chi^2 518.816123255
Minuit succeeded.
area = 13.7040394651 with chi^2 509.28394688
Minuit succeeded.
area = 13.6525433231 with chi^2 515.773465219
Minuit succeeded.
area = 13.7524115992 with chi^2 524.794120384
Minuit succeeded.
area = 13.6784615128 with chi^2 513.228265691
Minuit succeeded.
area = 13.6572211732 with chi^2 515.50142382
Minuit succeeded.
area = 13.66641648 with chi^2 518.993434685
Minuit succeeded.
area = 13.6922483647 with chi^2 522.552006472
Minuit succeeded.
area = 13.6627765491 with chi^2 520.755574334
Minuit succeeded.
area = 13.6464689301 with chi^2 509.794091236
Minuit succeeded.
area = 13.6796027204 with chi^2 511.545953422
Minuit succeeded.
area = 13.6731778926 with chi^2 524.148080143
Minuit succeeded.
area = 13.6891944502 with chi^2 516.228599797
Minuit succeeded.
area = 13.6878876224 with chi^2 504.975003162
Minuit succeeded.
area = 13.6428445313 with chi^2 513.739512027
Minuit succeeded.
area = 13.6869225809 with chi^2 511.036164738
Minuit succeeded.
area = 13.6411744525 with chi^2 516.543951729
Minuit succeeded.
area = 13.6443378693 with chi^2 526.053812362
Minuit succeeded.
area = 13.6552010013 with chi^2 515.342116465
Minuit succeeded.
area = 13.6627580514 with chi^2 515.970087379
Minuit succeeded.
area = 13.6623041498 with chi^2 518.500516013
Minuit succeeded.
area = 13.676279117 with chi^2 512.187378896
Minuit succeeded.
area = 13.6663825871 with chi^2 519.680141873
Minuit succeeded.
area = 13.6664586639 with chi^2 509.529810508
eigenvalues: 
-0.00998047
0.636045
0.794231
1
1
1
1
1
1
1
1
1
1.00105
1.03307
2.54558
matrix forced pos-def by adding 0.0125261 to diagonal
MnHesse: matrix is invalid!
MnHesse: matrix is not pos. def.!
MnHesse: matrix was forced pos. def.
FunctionMinimum is invalid.
Minuit failed because covariance is not accurate, and covariance is not positive definite.
Minuit succeeded.
area = 13.6759003467 with chi^2 517.356848768
Minuit succeeded.
area = 13.6626911396 with chi^2 523.398069854
Minuit succeeded.
area = 13.6678318746 with chi^2 520.13656704
eigenvalues: 
-0.0032101
0.65099
0.811282
1
1
1
1
1
1
1
1
1
1.00054
1.03101
2.50939
matrix forced pos-def by adding 0.00571949 to diagonal
MnHesse: matrix is invalid!
MnHesse: matrix is not pos. def.!
MnHesse: matrix was forced pos. def.
FunctionMinimum is invalid.
Minuit failed because covariance is not accurate, and covariance is not positive definite.
VariableMetricBuilder: no improvement
Minuit succeeded.
area = 13.6802696573 with chi^2 518.437662629
Minuit succeeded.
area = 13.6538375654 with chi^2 511.538905811
Minuit succeeded.
area = 13.6448733124 with chi^2 512.184241011
Minuit succeeded.
area = 13.6654353959 with chi^2 514.741921176
eigenvalues: 
-0.0489005
0.626138
0.809578
1
1
1
1
1
1
1
1
1
1.00118
1.06495
2.54706
matrix forced pos-def by adding 0.0514475 to diagonal
MnHesse: matrix is invalid!
MnHesse: matrix is not pos. def.!
MnHesse: matrix was forced pos. def.
FunctionMinimum is invalid.
Minuit failed because covariance is not accurate, and covariance is not positive definite.
Minuit succeeded.
area = 13.7008261517 with chi^2 517.530731281
Minuit succeeded.
area = 13.6315810134 with chi^2 517.192053518
Minuit succeeded.
area = 13.657261919 with chi^2 510.125752114
Minuit succeeded.
area = 13.6848836487 with chi^2 517.153875743
VariableMetricBuilder: no improvement
eigenvalues: 
-0.079088
0.645496
0.811368
1
1
1
1
1
1
1
1
1
1.00056
1.02861
2.59306
matrix forced pos-def by adding 0.0816811 to diagonal
MnHesse: matrix is invalid!
MnHesse: matrix is not pos. def.!
MnHesse: matrix was forced pos. def.
FunctionMinimum is invalid.
Minuit failed because covariance is not accurate, and covariance is not positive definite.
Minuit succeeded.
area = 13.6358286806 with chi^2 511.701169214
Minuit succeeded.
area = 13.6611545709 with chi^2 517.991170066
Minuit succeeded.
area = 13.6857132272 with chi^2 523.208397454
Minuit succeeded.
area = 13.6381212413 with chi^2 506.577162941
Minuit succeeded.
area = 13.6853015876 with chi^2 517.899467734
Minuit succeeded.
area = 13.6866695636 with chi^2 514.083277305
Minuit succeeded.
area = 13.6509150299 with chi^2 511.218280343
Minuit succeeded.
area = 13.6310564546 with chi^2 520.866828927
Minuit succeeded.
area = 13.6890690785 with chi^2 519.323415665
Minuit succeeded.
area = 13.6424288326 with chi^2 507.893798026
Minuit succeeded.
area = 13.6622732932 with chi^2 519.367468477
Minuit succeeded.
area = 13.6392152135 with chi^2 512.524803964
eigenvalues: 
-0.00241419
0.647503
0.803905
1
1
1
1
1
1
1
1
1
1.00064
1.0324
2.51797
matrix forced pos-def by adding 0.00493216 to diagonal
MnHesse: matrix is invalid!
MnHesse: matrix is not pos. def.!
MnHesse: matrix was forced pos. def.
FunctionMinimum is invalid.
Minuit failed because covariance is not accurate, and covariance is not positive definite.
Minuit succeeded.
area = 13.652147188 with chi^2 516.701714572
Minuit succeeded.
area = 13.6958688723 with chi^2 513.533613661
Minuit succeeded.
area = 13.6867852112 with chi^2 513.136686449
Minuit succeeded.
area = 13.6041702749 with chi^2 524.370810105
Minuit succeeded.
area = 13.675223151 with chi^2 518.272607293
eigenvalues: 
-0.0559274
0.644478
0.817795
1
1
1
1
1
1
1
1
1
1.00053
1.0358
2.55732
matrix forced pos-def by adding 0.0584847 to diagonal
MnHesse: matrix is invalid!
MnHesse: matrix is not pos. def.!
MnHesse: matrix was forced pos. def.
FunctionMinimum is invalid.
Minuit failed because covariance is not accurate, and covariance is not positive definite.
Minuit succeeded.
area = 13.667768307 with chi^2 502.115894065
Minuit succeeded.
area = 13.6381659783 with chi^2 521.391194073
Minuit succeeded.
area = 13.6283499329 with chi^2 516.562878222
Minuit succeeded.
area = 13.6190546011 with chi^2 515.120739253
Minuit succeeded.
area = 13.7029756364 with chi^2 509.561787887
Minuit succeeded.
area = 13.6678407605 with chi^2 513.364706452
Minuit succeeded.
area = 13.6687653633 with chi^2 520.667297988
Minuit succeeded.
area = 13.6251743982 with chi^2 514.58391754
eigenvalues: 
-0.0096802
0.631894
0.801478
1
1
1
1
1
1
1
1
1
1.00086
1.05462
2.52083
matrix forced pos-def by adding 0.012201 to diagonal
MnHesse: matrix is invalid!
MnHesse: matrix is not pos. def.!
MnHesse: matrix was forced pos. def.
FunctionMinimum is invalid.
Minuit failed because covariance is not accurate, and covariance is not positive definite.
Minuit succeeded.
area = 13.6227420309 with chi^2 509.919421433
VariableMetricBuilder: no improvement
VariableMetricBuilder: machine accuracy limits further improvement.
Minuit succeeded.
area = 13.6658162212 with chi^2 514.952300487
Minuit succeeded.
area = 13.6736870721 with chi^2 528.35435443
Minuit succeeded.
area = 13.6845819411 with chi^2 522.689807847
Minuit succeeded.
area = 13.6766946858 with chi^2 515.145247881
Minuit succeeded.
area = 13.7007759379 with chi^2 510.676397727
Minuit succeeded.
area = 13.6928616971 with chi^2 516.380873785
eigenvalues: 
-0.000159094
0.640732
0.79615
1
1
1
1
1
1
1
1
1
1.0011
1.02897
2.53321
matrix forced pos-def by adding 0.0026923 to diagonal
MnHesse: matrix is invalid!
MnHesse: matrix is not pos. def.!
MnHesse: matrix was forced pos. def.
FunctionMinimum is invalid.
Minuit failed because covariance is not accurate, and covariance is not positive definite.
Minuit succeeded.
area = 13.674652948 with chi^2 513.330773464
Minuit succeeded.
area = 13.6500032064 with chi^2 517.240054415
Minuit succeeded.
area = 13.7180133599 with chi^2 519.442657316
Minuit succeeded.
area = 13.6515558038 with chi^2 519.586818622
Minuit succeeded.
area = 13.6727257346 with chi^2 521.790276616
Minuit succeeded.
area = 13.6759292611 with chi^2 511.836679035
Minuit succeeded.
area = 13.6525545871 with chi^2 517.672008191
VariableMetricBuilder: matrix not pos.def.
gdel > 0: 3.14176e-06
negative or zero diagonal element 0 in covariance matrix
negative or zero diagonal element 1 in covariance matrix
added 1.0003 to diagonal of error matrix
gdel: 3.14176e-06
Minuit succeeded.
area = 13.6475112754 with chi^2 505.659719062
VariableMetricBuilder: no improvement
VariableMetricBuilder: machine accuracy limits further improvement.
Minuit succeeded.
area = 13.6503357701 with chi^2 505.789888067
Minuit succeeded.
area = 13.6466732759 with chi^2 521.407866982
Minuit succeeded.
area = 13.6946025112 with chi^2 513.024650698
Minuit succeeded.
area = 13.6859135803 with chi^2 514.034349534
Minuit succeeded.
area = 13.6535178736 with chi^2 519.612652115
Minuit succeeded.
area = 13.6939972333 with chi^2 525.137603823
Minuit succeeded.
area = 13.6599268675 with chi^2 521.652839183
Minuit succeeded.
area = 13.680331636 with chi^2 512.944729722
Minuit succeeded.
area = 13.6570792878 with chi^2 516.49642569
Minuit succeeded.
area = 13.655078072 with chi^2 510.887786728
areas mean, stdev = 13.6662061524 0.0238551305811 chi^2 mean, stdev = 515.981240758 5.22043529217
