0.252912694952
Now with jitter = 0.0
Minuit succeeded.
area = 13.7371758795 with chi^2 406.488927306
areas mean, stdev = 13.7371758795 0.0 chi^2 mean, stdev = 406.488927306 0.0
Now with jitter = 0.05
Minuit succeeded.
area = 13.6981391508 with chi^2 508.177001711
Minuit succeeded.
area = 13.6711267909 with chi^2 510.534410289
Minuit succeeded.
area = 13.7015270056 with chi^2 515.199842188
Minuit succeeded.
area = 13.7021706906 with chi^2 504.419982206
Minuit succeeded.
area = 13.6933665009 with chi^2 513.540042419
Minuit succeeded.
area = 13.6890699485 with chi^2 509.024441607
Minuit succeeded.
area = 13.6724241574 with chi^2 517.903303318
Minuit succeeded.
area = 13.703969438 with chi^2 513.637069498
Minuit succeeded.
area = 13.6952557581 with chi^2 523.791148909
Minuit succeeded.
area = 13.6856003006 with chi^2 513.387916279
Minuit succeeded.
area = 13.6928128428 with chi^2 514.31508388
Minuit succeeded.
area = 13.6848242837 with chi^2 514.049327225
eigenvalues: 
-0.024361
0.638554
0.845823
1
1
1
1
1
1
1
1
1
1.0029
1.10134
2.43575
matrix forced pos-def by adding 0.0267968 to diagonal
MnHesse: matrix is invalid!
MnHesse: matrix is not pos. def.!
MnHesse: matrix was forced pos. def.
FunctionMinimum is invalid.
Minuit failed because covariance is not accurate, and covariance is not positive definite.
Minuit succeeded.
area = 13.7069161882 with chi^2 507.056357289
Minuit succeeded.
area = 13.6950000024 with chi^2 508.764397124
Minuit succeeded.
area = 13.6925740944 with chi^2 510.805848723
Minuit succeeded.
area = 13.6839956458 with chi^2 510.895804399
Minuit succeeded.
area = 13.6671037906 with chi^2 510.223001384
Minuit succeeded.
area = 13.6985920317 with chi^2 514.954176971
Minuit succeeded.
area = 13.6574951715 with chi^2 506.824054975
Minuit succeeded.
area = 13.6664197472 with chi^2 516.825816994
Minuit succeeded.
area = 13.6977935446 with chi^2 512.846683529
Minuit succeeded.
area = 13.6930078839 with chi^2 515.113277319
Minuit succeeded.
area = 13.6965034142 with chi^2 509.792652826
Minuit succeeded.
area = 13.716097262 with chi^2 511.97959903
Minuit succeeded.
area = 13.6911172844 with chi^2 513.387357307
Minuit succeeded.
area = 13.684622191 with chi^2 512.662762485
Minuit succeeded.
area = 13.6847041967 with chi^2 516.525254102
VariableMetricBuilder: no improvement
Minuit succeeded.
area = 13.6846954651 with chi^2 509.55229013
Minuit succeeded.
area = 13.6743761373 with chi^2 508.370602692
Minuit succeeded.
area = 13.7113766794 with chi^2 510.521491339
Minuit succeeded.
area = 13.6671125369 with chi^2 511.14666022
Minuit succeeded.
area = 13.682783699 with chi^2 507.144886662
Minuit succeeded.
area = 13.6742783511 with chi^2 512.919202475
Minuit succeeded.
area = 13.6656040333 with chi^2 508.952205373
Minuit succeeded.
area = 13.6666527296 with chi^2 516.601271544
Minuit succeeded.
area = 13.6872340466 with chi^2 507.03461476
Minuit succeeded.
area = 13.6693219057 with chi^2 507.518425159
Minuit succeeded.
area = 13.6718997959 with chi^2 514.239179485
Minuit succeeded.
area = 13.6796757394 with chi^2 508.02906067
Minuit succeeded.
area = 13.6773370973 with chi^2 511.001066186
Minuit succeeded.
area = 13.6840335502 with chi^2 518.356853012
Minuit succeeded.
area = 13.6951769245 with chi^2 516.612462875
Minuit succeeded.
area = 13.6845424193 with chi^2 512.241131941
Minuit succeeded.
area = 13.6883664027 with chi^2 512.373041594
Minuit succeeded.
area = 13.6754071462 with chi^2 511.325056595
Minuit succeeded.
area = 13.6833669848 with chi^2 509.672966989
Minuit succeeded.
area = 13.6670396763 with chi^2 521.366584615
eigenvalues: 
-0.00776741
0.630186
0.805934
1
1
1
1
1
1
1
1
1
1.00094
1.03123
2.53948
matrix forced pos-def by adding 0.0103069 to diagonal
MnHesse: matrix is invalid!
MnHesse: matrix is not pos. def.!
MnHesse: matrix was forced pos. def.
FunctionMinimum is invalid.
Minuit failed because covariance is not accurate, and covariance is not positive definite.
Minuit succeeded.
area = 13.6958612979 with chi^2 518.087020255
Minuit succeeded.
area = 13.6916512129 with chi^2 516.821162193
Minuit succeeded.
area = 13.6798881469 with chi^2 510.2655793
Minuit succeeded.
area = 13.7087920863 with chi^2 515.286711581
Minuit succeeded.
area = 13.7051993761 with chi^2 503.774404547
Minuit succeeded.
area = 13.6991264536 with chi^2 514.25275697
Minuit succeeded.
area = 13.6798814841 with chi^2 509.318609529
Minuit succeeded.
area = 13.6968950713 with chi^2 515.908885618
Minuit succeeded.
area = 13.6756656304 with chi^2 511.938263679
eigenvalues: 
-9.60431e-05
0.644025
0.802226
1
1
1
1
1
1
1
1
1
1.00337
1.04299
2.50749
matrix forced pos-def by adding 0.00260353 to diagonal
MnHesse: matrix is invalid!
MnHesse: matrix is not pos. def.!
MnHesse: matrix was forced pos. def.
FunctionMinimum is invalid.
Minuit failed because covariance is not accurate, and covariance is not positive definite.
Minuit succeeded.
area = 13.7023896137 with chi^2 518.084054555
Minuit succeeded.
area = 13.6943905513 with chi^2 513.557921057
Minuit succeeded.
area = 13.6723019533 with chi^2 521.756868161
Minuit succeeded.
area = 13.6819182729 with chi^2 516.618931896
Minuit succeeded.
area = 13.6814234769 with chi^2 506.782457197
Minuit succeeded.
area = 13.6995026152 with chi^2 517.452258116
VariableMetricBuilder: no improvement
VariableMetricBuilder: machine accuracy limits further improvement.
Minuit succeeded.
area = 13.6611535423 with chi^2 507.038229243
Minuit succeeded.
area = 13.660875229 with chi^2 510.147743161
Minuit succeeded.
area = 13.6891372288 with chi^2 511.77381411
Minuit succeeded.
area = 13.6612880319 with chi^2 507.505249979
Minuit succeeded.
area = 13.6813950523 with chi^2 511.119266275
Minuit succeeded.
area = 13.676994868 with chi^2 510.95458499
Minuit succeeded.
area = 13.6878989237 with chi^2 509.080883428
Minuit succeeded.
area = 13.6982758454 with chi^2 513.235454534
Minuit succeeded.
area = 13.6721995887 with chi^2 505.328860658
Minuit succeeded.
area = 13.6806218656 with chi^2 518.193393683
VariableMetricBuilder: matrix not pos.def.
gdel > 0: 6.44517e-05
negative or zero diagonal element 0 in covariance matrix
negative or zero diagonal element 1 in covariance matrix
added 1.0107 to diagonal of error matrix
gdel: 6.44517e-05
Minuit succeeded.
area = 13.7105675031 with chi^2 514.59089837
Minuit succeeded.
area = 13.6931392238 with chi^2 515.956527315
VariableMetricBuilder: matrix not pos.def.
gdel > 0: 2.23971e-05
negative or zero diagonal element 0 in covariance matrix
negative or zero diagonal element 1 in covariance matrix
added 1.0012 to diagonal of error matrix
gdel: 2.23971e-05
Minuit succeeded.
area = 13.6814390999 with chi^2 511.75387398
Minuit succeeded.
area = 13.69313503 with chi^2 514.538274122
Minuit succeeded.
area = 13.6775219537 with chi^2 510.026468123
Minuit succeeded.
area = 13.6949391615 with chi^2 518.379730525
Minuit succeeded.
area = 13.6658218298 with chi^2 513.556893939
Minuit succeeded.
area = 13.7032401815 with chi^2 512.814603186
VariableMetricBuilder: no improvement
VariableMetricBuilder: machine accuracy limits further improvement.
Minuit succeeded.
area = 13.696029914 with chi^2 512.846754335
Minuit succeeded.
area = 13.7030379794 with chi^2 507.586504939
Minuit succeeded.
area = 13.6935181347 with chi^2 510.563753258
Minuit succeeded.
area = 13.698610135 with chi^2 510.819478708
eigenvalues: 
-0.102357
0.611213
0.8076
1
1
1
1
1
1
1
1
1
1.00232
1.0391
2.64212
matrix forced pos-def by adding 0.104999 to diagonal
MnHesse: matrix is invalid!
MnHesse: matrix is not pos. def.!
MnHesse: matrix was forced pos. def.
FunctionMinimum is invalid.
Minuit failed because covariance is not accurate, and covariance is not positive definite.
Minuit succeeded.
area = 13.6829416132 with chi^2 516.332950871
Minuit succeeded.
area = 13.727435484 with chi^2 504.075489224
Minuit succeeded.
area = 13.7050315948 with chi^2 508.157654478
Minuit succeeded.
area = 13.6856554448 with chi^2 511.786189861
Minuit succeeded.
area = 13.6841495307 with chi^2 517.378860597
eigenvalues: 
-0.00935666
0.65442
0.812392
1
1
1
1
1
1
1
1
1
1.00054
1.03001
2.512
matrix forced pos-def by adding 0.0118687 to diagonal
MnHesse: matrix is invalid!
MnHesse: matrix is not pos. def.!
MnHesse: matrix was forced pos. def.
FunctionMinimum is invalid.
Minuit failed because covariance is not accurate, and covariance is not positive definite.
Minuit succeeded.
area = 13.6965247611 with chi^2 507.468513965
Minuit succeeded.
area = 13.6728883709 with chi^2 507.891150346
Minuit succeeded.
area = 13.6831634664 with chi^2 511.968026635
eigenvalues: 
-0.0377425
0.641524
0.812001
1
1
1
1
1
1
1
1
1
1.00358
1.04946
2.53117
matrix forced pos-def by adding 0.0402737 to diagonal
MnHesse: matrix is invalid!
MnHesse: matrix is not pos. def.!
MnHesse: matrix was forced pos. def.
FunctionMinimum is invalid.
Minuit failed because covariance is not accurate, and covariance is not positive definite.
Minuit succeeded.
area = 13.6768391386 with chi^2 510.327795327
Minuit succeeded.
area = 13.6904721077 with chi^2 517.068787338
areas mean, stdev = 13.6868440395 0.0136524895048 chi^2 mean, stdev = 512.25306609 4.03582404334
Now with jitter = 0.07
eigenvalues: 
-0.0492097
0.643885
0.831925
1
1
1
1
1
1
1
1
1
1.00188
1.06019
2.51133
matrix forced pos-def by adding 0.051721 to diagonal
MnHesse: matrix is invalid!
MnHesse: matrix is not pos. def.!
MnHesse: matrix was forced pos. def.
FunctionMinimum is invalid.
Minuit failed because covariance is not accurate, and covariance is not positive definite.
Minuit succeeded.
area = 13.7035524409 with chi^2 518.160323859
VariableMetricBuilder: no improvement
VariableMetricBuilder: machine accuracy limits further improvement.
