0.774159911347
Now with jitter = 0.0
VariableMetricBuilder: no improvement
Minuit succeeded.
area = 11.5276033325 with chi^2 196.962863628
areas mean, stdev = 11.5276033325 0.0 chi^2 mean, stdev = 196.962863628 0.0
Now with jitter = 0.05
VariableMetricBuilder: no improvement
VariableMetricBuilder: machine accuracy limits further improvement.
Minuit succeeded.
area = -15.737808333 with chi^2 5150.58034458
VariableMetricBuilder: no improvement
VariableMetricBuilder: machine accuracy limits further improvement.
Minuit succeeded.
area = -15.81823353 with chi^2 5142.76036556
Minuit succeeded.
area = -15.8229864867 with chi^2 5154.10842891
VariableMetricBuilder: no improvement
VariableMetricBuilder: machine accuracy limits further improvement.
Minuit succeeded.
area = -15.7968966251 with chi^2 5150.36242961
VariableMetricBuilder: no improvement
VariableMetricBuilder: machine accuracy limits further improvement.
Minuit succeeded.
area = -15.7920593395 with chi^2 5146.52578128
VariableMetricBuilder: no improvement
VariableMetricBuilder: machine accuracy limits further improvement.
Minuit succeeded.
area = -15.8299008397 with chi^2 5144.06151808
VariableMetricBuilder: no improvement
VariableMetricBuilder: machine accuracy limits further improvement.
Minuit succeeded.
area = -15.8264426157 with chi^2 5147.40485373
Minuit succeeded.
area = -15.7991191423 with chi^2 5146.47087393
VariableMetricBuilder: no improvement
VariableMetricBuilder: machine accuracy limits further improvement.
Minuit succeeded.
area = -15.8222513448 with chi^2 5149.4513892
VariableMetricBuilder: no improvement
VariableMetricBuilder: machine accuracy limits further improvement.
Minuit succeeded.
area = -15.8361131712 with chi^2 5149.12474537
VariableMetricBuilder: no improvement
VariableMetricBuilder: finishes without convergence.
VariableMetricBuilder: edm= 0.000803531 requested: 1e-05
FunctionMinimum is invalid.
Minuit failed because the function is above maximum EDM.
VariableMetricBuilder: matrix not pos.def.
gdel > 0: 0.00061422
negative or zero diagonal element 0 in covariance matrix
negative or zero diagonal element 1 in covariance matrix
negative or zero diagonal element 5 in covariance matrix
negative or zero diagonal element 7 in covariance matrix
negative or zero diagonal element 8 in covariance matrix
added 1.3226 to diagonal of error matrix
gdel: 0.00061422
Minuit succeeded.
area = -15.8507771762 with chi^2 5147.09636653
VariableMetricBuilder: no improvement
VariableMetricBuilder: machine accuracy limits further improvement.
Minuit succeeded.
area = -15.810454572 with chi^2 5156.42531296
VariableMetricBuilder: no improvement
VariableMetricBuilder: machine accuracy limits further improvement.
Minuit succeeded.
area = -15.8133364297 with chi^2 5146.81771849
VariableMetricBuilder: no improvement
VariableMetricBuilder: machine accuracy limits further improvement.
Minuit succeeded.
area = -15.8637875556 with chi^2 5140.3694952
VariableMetricBuilder: matrix not pos.def.
gdel > 0: 6.23615e-05
negative or zero diagonal element 1 in covariance matrix
negative or zero diagonal element 5 in covariance matrix
added 1.0214 to diagonal of error matrix
gdel: 6.23615e-05
Minuit succeeded.
area = -15.8260057082 with chi^2 5146.21609421
VariableMetricBuilder: no improvement
VariableMetricBuilder: machine accuracy limits further improvement.
eigenvalues: 
-0.00713488
0.402273
0.856895
1
1
1
1.00205
1.31967
2.42625
matrix forced pos-def by adding 0.00956113 to diagonal
MnHesse: matrix is invalid!
MnHesse: matrix is not pos. def.!
MnHesse: matrix was forced pos. def.
FunctionMinimum is invalid.
Minuit failed because covariance is not accurate, and covariance is not positive definite.
VariableMetricBuilder: matrix not pos.def.
gdel > 0: 6.16687e-05
negative or zero diagonal element 1 in covariance matrix
added 1.00064 to diagonal of error matrix
gdel: 6.16687e-05
Minuit succeeded.
area = -15.8076667944 with chi^2 5151.20322912
VariableMetricBuilder: no improvement
VariableMetricBuilder: finishes without convergence.
VariableMetricBuilder: edm= 0.00049003 requested: 1e-05
FunctionMinimum is invalid.
Minuit failed because the function is above maximum EDM.
VariableMetricBuilder: no improvement
VariableMetricBuilder: finishes without convergence.
VariableMetricBuilder: edm= 0.000387991 requested: 1e-05
FunctionMinimum is invalid.
Minuit failed because the function is above maximum EDM.
VariableMetricBuilder: no improvement
VariableMetricBuilder: machine accuracy limits further improvement.
Minuit succeeded.
area = -15.8047797694 with chi^2 5149.56327066
VariableMetricBuilder: matrix not pos.def.
edm < 0
negative or zero diagonal element 1 in covariance matrix
negative or zero diagonal element 5 in covariance matrix
added 1.00725 to diagonal of error matrix
Minuit succeeded.
area = -15.7859157734 with chi^2 5151.8174097
VariableMetricBuilder: no improvement
VariableMetricBuilder: finishes without convergence.
VariableMetricBuilder: edm= 0.000356695 requested: 1e-05
FunctionMinimum is invalid.
Minuit failed because the function is above maximum EDM.
VariableMetricBuilder: no improvement
VariableMetricBuilder: machine accuracy limits further improvement.
Minuit succeeded.
area = -15.8377222331 with chi^2 5149.01696789
VariableMetricBuilder: no improvement
VariableMetricBuilder: machine accuracy limits further improvement.
Minuit succeeded.
area = -15.8401148673 with chi^2 5140.92033683
VariableMetricBuilder: no improvement
VariableMetricBuilder: machine accuracy limits further improvement.
Minuit succeeded.
area = -15.8361801879 with chi^2 5147.34408959
Minuit succeeded.
area = -15.8003966687 with chi^2 5154.25162007
VariableMetricBuilder: no improvement
VariableMetricBuilder: machine accuracy limits further improvement.
Minuit succeeded.
area = -15.7784661986 with chi^2 5146.94504934
VariableMetricBuilder: no improvement
VariableMetricBuilder: machine accuracy limits further improvement.
Minuit succeeded.
area = -15.8390881117 with chi^2 5142.6361691
VariableMetricBuilder: no improvement
VariableMetricBuilder: machine accuracy limits further improvement.
Minuit succeeded.
area = -15.8445375192 with chi^2 5147.9448308
VariableMetricBuilder: no improvement
VariableMetricBuilder: machine accuracy limits further improvement.
Minuit succeeded.
area = -15.8117625645 with chi^2 5149.67072685
VariableMetricBuilder: no improvement
VariableMetricBuilder: machine accuracy limits further improvement.
Minuit succeeded.
area = -15.8011225437 with chi^2 5147.41104014
VariableMetricBuilder: no improvement
VariableMetricBuilder: machine accuracy limits further improvement.
Minuit succeeded.
area = -15.8281878773 with chi^2 5145.28646765
VariableMetricBuilder: matrix not pos.def.
gdel > 0: 0.000209331
negative or zero diagonal element 1 in covariance matrix
negative or zero diagonal element 2 in covariance matrix
added 1.01004 to diagonal of error matrix
gdel: 0.000209331
Minuit succeeded.
area = -15.8387665611 with chi^2 5146.7544494
Minuit succeeded.
area = -15.8043640155 with chi^2 5149.07846631
VariableMetricBuilder: matrix not pos.def.
gdel > 0: 1.4253e-05
negative or zero diagonal element 1 in covariance matrix
negative or zero diagonal element 3 in covariance matrix
added 1.05174 to diagonal of error matrix
gdel: 1.4253e-05
Minuit succeeded.
area = -15.7898509375 with chi^2 5145.93850797
Minuit succeeded.
area = -15.8198727046 with chi^2 5146.87490165
VariableMetricBuilder: matrix not pos.def.
gdel > 0: 0.00272196
negative or zero diagonal element 1 in covariance matrix
negative or zero diagonal element 2 in covariance matrix
negative or zero diagonal element 4 in covariance matrix
added 1.23303 to diagonal of error matrix
gdel: 0.00272196
Minuit succeeded.
area = -15.8233208327 with chi^2 5146.66103925
VariableMetricBuilder: no improvement
VariableMetricBuilder: machine accuracy limits further improvement.
Minuit succeeded.
area = -15.7997070381 with chi^2 5146.32497328
VariableMetricBuilder: matrix not pos.def.
gdel > 0: 0.000914777
negative or zero diagonal element 1 in covariance matrix
negative or zero diagonal element 2 in covariance matrix
added 1.00446 to diagonal of error matrix
gdel: 0.000914777
Minuit succeeded.
area = -15.780633607 with chi^2 5158.61929518
VariableMetricBuilder: no improvement
VariableMetricBuilder: finishes without convergence.
VariableMetricBuilder: edm= 0.000338788 requested: 1e-05
FunctionMinimum is invalid.
Minuit failed because the function is above maximum EDM.
VariableMetricBuilder: matrix not pos.def.
gdel > 0: 0.00112331
negative or zero diagonal element 1 in covariance matrix
negative or zero diagonal element 2 in covariance matrix
negative or zero diagonal element 3 in covariance matrix
negative or zero diagonal element 5 in covariance matrix
added 1.05873 to diagonal of error matrix
gdel: 0.00112331
Minuit succeeded.
area = -15.9105431992 with chi^2 5146.75829295
VariableMetricBuilder: no improvement
VariableMetricBuilder: machine accuracy limits further improvement.
Minuit succeeded.
area = -15.8296874902 with chi^2 5149.57764685
VariableMetricBuilder: no improvement
VariableMetricBuilder: machine accuracy limits further improvement.
Minuit succeeded.
area = -15.8465715127 with chi^2 5147.82388818
VariableMetricBuilder: matrix not pos.def.
gdel > 0: 0.000291021
negative or zero diagonal element 1 in covariance matrix
negative or zero diagonal element 2 in covariance matrix
added 1.00377 to diagonal of error matrix
gdel: 0.000291021
Minuit succeeded.
area = -15.8004997553 with chi^2 5142.13464627
VariableMetricBuilder: matrix not pos.def.
gdel > 0: 0.00014136
negative or zero diagonal element 1 in covariance matrix
added 1.00105 to diagonal of error matrix
gdel: 0.00014136
Minuit succeeded.
area = -15.8450025327 with chi^2 5143.09231183
VariableMetricBuilder: no improvement
VariableMetricBuilder: machine accuracy limits further improvement.
Minuit succeeded.
area = -15.873595674 with chi^2 5141.47319094
VariableMetricBuilder: matrix not pos.def.
gdel > 0: 8.95173e-06
negative or zero diagonal element 1 in covariance matrix
added 1.00076 to diagonal of error matrix
gdel: 8.95173e-06
Minuit succeeded.
area = -15.8724591071 with chi^2 5145.6597702
VariableMetricBuilder: no improvement
VariableMetricBuilder: finishes without convergence.
VariableMetricBuilder: edm= 0.000391354 requested: 1e-05
FunctionMinimum is invalid.
Minuit failed because the function is above maximum EDM.
VariableMetricBuilder: no improvement
VariableMetricBuilder: machine accuracy limits further improvement.
Minuit succeeded.
area = -15.8084975503 with chi^2 5149.92910072
VariableMetricBuilder: no improvement
VariableMetricBuilder: machine accuracy limits further improvement.
Minuit succeeded.
area = -15.8369147249 with chi^2 5150.58680884
VariableMetricBuilder: no improvement
VariableMetricBuilder: machine accuracy limits further improvement.
Minuit succeeded.
area = -15.8346266129 with chi^2 5145.45937972
VariableMetricBuilder: no improvement
VariableMetricBuilder: machine accuracy limits further improvement.
Minuit succeeded.
area = -15.8433006321 with chi^2 5150.46540888
VariableMetricBuilder: matrix not pos.def.
gdel > 0: 0.00162988
negative or zero diagonal element 0 in covariance matrix
negative or zero diagonal element 1 in covariance matrix
negative or zero diagonal element 3 in covariance matrix
negative or zero diagonal element 6 in covariance matrix
negative or zero diagonal element 7 in covariance matrix
negative or zero diagonal element 8 in covariance matrix
added 1.88613 to diagonal of error matrix
gdel: 0.00162988
Minuit succeeded.
area = -15.7737102074 with chi^2 5148.76503956
VariableMetricBuilder: no improvement
VariableMetricBuilder: machine accuracy limits further improvement.
Minuit succeeded.
area = -15.8002521398 with chi^2 5149.80975102
VariableMetricBuilder: matrix not pos.def.
gdel > 0: 1.07264e-05
negative or zero diagonal element 1 in covariance matrix
added 1.00028 to diagonal of error matrix
gdel: 1.07264e-05
Minuit succeeded.
area = -15.8177527362 with chi^2 5154.72992684
VariableMetricBuilder: no improvement
VariableMetricBuilder: machine accuracy limits further improvement.
Minuit succeeded.
area = -15.781213909 with chi^2 5150.92334734
VariableMetricBuilder: no improvement
VariableMetricBuilder: machine accuracy limits further improvement.
Minuit succeeded.
area = -15.7868443401 with chi^2 5151.18796973
VariableMetricBuilder: matrix not pos.def.
gdel > 0: 0.00177315
negative or zero diagonal element 0 in covariance matrix
negative or zero diagonal element 1 in covariance matrix
negative or zero diagonal element 2 in covariance matrix
negative or zero diagonal element 3 in covariance matrix
negative or zero diagonal element 4 in covariance matrix
negative or zero diagonal element 5 in covariance matrix
negative or zero diagonal element 8 in covariance matrix
added 1.08644 to diagonal of error matrix
gdel: 0.00177315
Minuit succeeded.
area = -15.7955225615 with chi^2 5151.16455813
VariableMetricBuilder: matrix not pos.def.
gdel > 0: 0.00104054
negative or zero diagonal element 1 in covariance matrix
negative or zero diagonal element 5 in covariance matrix
negative or zero diagonal element 8 in covariance matrix
added 1.05423 to diagonal of error matrix
gdel: 0.00104054
Minuit succeeded.
area = -15.7732814879 with chi^2 5147.51962571
VariableMetricBuilder: no improvement
VariableMetricBuilder: finishes without convergence.
VariableMetricBuilder: edm= 0.000431828 requested: 1e-05
FunctionMinimum is invalid.
Minuit failed because the function is above maximum EDM.
Minuit succeeded.
area = -15.8163954845 with chi^2 5152.966883
Minuit succeeded.
area = -15.7884883252 with chi^2 5150.03046079
VariableMetricBuilder: matrix not pos.def.
edm < 0
eigenvalues: 
-0.212433
0.203692
0.443638
0.47648
0.859589
1.08033
1.34788
1.79627
3.00455
matrix forced pos-def by adding 0.215438 to diagonal
VariableMetricBuilder: no improvement
VariableMetricBuilder: machine accuracy limits further improvement.
Minuit succeeded.
area = -15.828752115 with chi^2 5144.04274465
VariableMetricBuilder: matrix not pos.def.
gdel > 0: 0.00038804
negative or zero diagonal element 1 in covariance matrix
negative or zero diagonal element 2 in covariance matrix
added 1.00184 to diagonal of error matrix
gdel: 0.00038804
Minuit succeeded.
area = -15.7947833561 with chi^2 5149.33455783
VariableMetricBuilder: no improvement
VariableMetricBuilder: machine accuracy limits further improvement.
Minuit succeeded.
area = -15.7837301942 with chi^2 5156.30853567
Minuit succeeded.
area = -15.8217796057 with chi^2 5154.49761966
VariableMetricBuilder: no improvement
VariableMetricBuilder: machine accuracy limits further improvement.
Minuit succeeded.
area = -15.8215911995 with chi^2 5144.00631141
VariableMetricBuilder: no improvement
VariableMetricBuilder: machine accuracy limits further improvement.
Minuit succeeded.
area = -15.8349250799 with chi^2 5146.70320427
VariableMetricBuilder: matrix not pos.def.
gdel > 0: 4.88534e-05
negative or zero diagonal element 1 in covariance matrix
added 1.00058 to diagonal of error matrix
gdel: 4.88534e-05
Minuit succeeded.
area = -15.7888691322 with chi^2 5149.84771003
VariableMetricBuilder: no improvement
VariableMetricBuilder: machine accuracy limits further improvement.
Minuit succeeded.
area = -15.8119360593 with chi^2 5144.91634453
VariableMetricBuilder: no improvement
VariableMetricBuilder: finishes without convergence.
VariableMetricBuilder: edm= 0.000725498 requested: 1e-05
eigenvalues: 
-0.0227101
0.407665
0.854019
1
1
1
1.0025
1.29118
2.46735
matrix forced pos-def by adding 0.0251775 to diagonal
MnHesse: matrix is invalid!
MnHesse: matrix is not pos. def.!
MnHesse: matrix was forced pos. def.
FunctionMinimum is invalid.
Minuit failed because covariance is not accurate, covariance is not positive definite, and the function is above maximum EDM.
VariableMetricBuilder: no improvement
VariableMetricBuilder: machine accuracy limits further improvement.
Minuit succeeded.
area = -15.8040400512 with chi^2 5152.54930981
VariableMetricBuilder: matrix not pos.def.
edm < 0
negative or zero diagonal element 1 in covariance matrix
negative or zero diagonal element 2 in covariance matrix
added 1.00241 to diagonal of error matrix
Minuit succeeded.
area = -15.8264166935 with chi^2 5148.84553957
VariableMetricBuilder: no improvement
VariableMetricBuilder: machine accuracy limits further improvement.
Minuit succeeded.
area = -15.8663371517 with chi^2 5144.37423847
VariableMetricBuilder: no improvement
VariableMetricBuilder: finishes without convergence.
VariableMetricBuilder: edm= 0.00309083 requested: 1e-05
FunctionMinimum is invalid.
Minuit failed because the function is above maximum EDM.
VariableMetricBuilder: no improvement
VariableMetricBuilder: machine accuracy limits further improvement.
Minuit succeeded.
area = -15.8094751738 with chi^2 5142.85449681
VariableMetricBuilder: no improvement
VariableMetricBuilder: finishes without convergence.
VariableMetricBuilder: edm= 0.000389823 requested: 1e-05
FunctionMinimum is invalid.
Minuit failed because the function is above maximum EDM.
VariableMetricBuilder: no improvement
VariableMetricBuilder: machine accuracy limits further improvement.
Minuit succeeded.
area = -15.8328345504 with chi^2 5151.05755949
VariableMetricBuilder: matrix not pos.def.
gdel > 0: 0.00260977
negative or zero diagonal element 0 in covariance matrix
negative or zero diagonal element 1 in covariance matrix
negative or zero diagonal element 2 in covariance matrix
negative or zero diagonal element 3 in covariance matrix
negative or zero diagonal element 5 in covariance matrix
negative or zero diagonal element 8 in covariance matrix
added 1.09225 to diagonal of error matrix
gdel: 0.00260977
Minuit succeeded.
area = -15.8114165975 with chi^2 5150.48755136
VariableMetricBuilder: no improvement
VariableMetricBuilder: machine accuracy limits further improvement.
Minuit succeeded.
area = -15.8031808295 with chi^2 5147.50147656
VariableMetricBuilder: no improvement
VariableMetricBuilder: machine accuracy limits further improvement.
Minuit succeeded.
area = -15.8056851461 with chi^2 5145.75596953
VariableMetricBuilder: no improvement
VariableMetricBuilder: machine accuracy limits further improvement.
Minuit succeeded.
area = -15.7648614941 with chi^2 5156.72590646
Minuit succeeded.
area = -15.8154239666 with chi^2 5147.74748165
VariableMetricBuilder: no improvement
VariableMetricBuilder: machine accuracy limits further improvement.
Minuit succeeded.
area = -15.787991327 with chi^2 5150.01763477
VariableMetricBuilder: matrix not pos.def.
gdel > 0: 0.00440828
negative or zero diagonal element 0 in covariance matrix
negative or zero diagonal element 1 in covariance matrix
negative or zero diagonal element 2 in covariance matrix
negative or zero diagonal element 3 in covariance matrix
negative or zero diagonal element 5 in covariance matrix
negative or zero diagonal element 7 in covariance matrix
added 1.856 to diagonal of error matrix
gdel: 0.00440828
Minuit succeeded.
area = -15.817939968 with chi^2 5146.53603262
VariableMetricBuilder: no improvement
VariableMetricBuilder: machine accuracy limits further improvement.
Minuit succeeded.
area = -15.8345315217 with chi^2 5147.89184295
VariableMetricBuilder: no improvement
VariableMetricBuilder: machine accuracy limits further improvement.
Minuit succeeded.
area = -15.8435268635 with chi^2 5154.82242563
VariableMetricBuilder: no improvement
VariableMetricBuilder: finishes without convergence.
VariableMetricBuilder: edm= 0.00227094 requested: 1e-05
FunctionMinimum is invalid.
Minuit failed because the function is above maximum EDM.
Minuit succeeded.
area = -15.8073221663 with chi^2 5148.29028305
VariableMetricBuilder: no improvement
VariableMetricBuilder: machine accuracy limits further improvement.
Minuit succeeded.
area = -15.844486653 with chi^2 5139.82774665
Minuit succeeded.
area = -15.7838529573 with chi^2 5150.49835026
VariableMetricBuilder: no improvement
VariableMetricBuilder: machine accuracy limits further improvement.
Minuit succeeded.
area = -15.8077172612 with chi^2 5147.03574559
VariableMetricBuilder: no improvement
VariableMetricBuilder: machine accuracy limits further improvement.
Minuit succeeded.
area = -15.7916176634 with chi^2 5148.41038455
VariableMetricBuilder: no improvement
VariableMetricBuilder: machine accuracy limits further improvement.
Minuit succeeded.
area = -15.8108100537 with chi^2 5149.58375262
VariableMetricBuilder: matrix not pos.def.
gdel > 0: 0.00149749
negative or zero diagonal element 0 in covariance matrix
negative or zero diagonal element 1 in covariance matrix
negative or zero diagonal element 2 in covariance matrix
negative or zero diagonal element 3 in covariance matrix
negative or zero diagonal element 4 in covariance matrix
negative or zero diagonal element 5 in covariance matrix
negative or zero diagonal element 8 in covariance matrix
added 4.28332 to diagonal of error matrix
eigenvalues: 
-1.66439
0.99541
1.00001
1.00452
1.08414
1.18501
1.28401
1.43096
2.68033
matrix forced pos-def by adding 1.66707 to diagonal
gdel: -0.684044
VariableMetricBuilder: no improvement
VariableMetricBuilder: finishes without convergence.
VariableMetricBuilder: edm= 0.00332598 requested: 1e-05
FunctionMinimum is invalid.
Minuit failed because the function is above maximum EDM.
VariableMetricBuilder: no improvement
VariableMetricBuilder: finishes without convergence.
VariableMetricBuilder: edm= 0.000319702 requested: 1e-05
FunctionMinimum is invalid.
Minuit failed because the function is above maximum EDM.
VariableMetricBuilder: no improvement
VariableMetricBuilder: machine accuracy limits further improvement.
Minuit succeeded.
area = -15.8423095506 with chi^2 5141.38338625
VariableMetricBuilder: no improvement
VariableMetricBuilder: finishes without convergence.
VariableMetricBuilder: edm= 0.000366188 requested: 1e-05
FunctionMinimum is invalid.
Minuit failed because the function is above maximum EDM.
VariableMetricBuilder: no improvement
VariableMetricBuilder: machine accuracy limits further improvement.
Minuit succeeded.
area = -15.7894931206 with chi^2 5148.08925852
areas mean, stdev = -15.815781496 0.0269445327084 chi^2 mean, stdev = 5148.25929373 3.82658295616
Now with jitter = 0.07
VariableMetricBuilder: no improvement
VariableMetricBuilder: machine accuracy limits further improvement.
Minuit succeeded.
area = -15.8686133305 with chi^2 5146.88191194
VariableMetricBuilder: no improvement
VariableMetricBuilder: machine accuracy limits further improvement.
Minuit succeeded.
area = -15.7784889741 with chi^2 5151.55835653
VariableMetricBuilder: no improvement
VariableMetricBuilder: machine accuracy limits further improvement.
eigenvalues: 
-0.0764427
0.37818
0.87643
1
1
1
1.00254
1.30539
2.51391
matrix forced pos-def by adding 0.0789566 to diagonal
MnHesse: matrix is invalid!
MnHesse: matrix is not pos. def.!
MnHesse: matrix was forced pos. def.
FunctionMinimum is invalid.
Minuit failed because covariance is not accurate, and covariance is not positive definite.
VariableMetricBuilder: no improvement
VariableMetricBuilder: machine accuracy limits further improvement.
Minuit succeeded.
area = -15.8697173005 with chi^2 5156.22535865
VariableMetricBuilder: no improvement
VariableMetricBuilder: machine accuracy limits further improvement.
Minuit succeeded.
area = -15.8166819859 with chi^2 5152.94720973
VariableMetricBuilder: no improvement
VariableMetricBuilder: finishes without convergence.
VariableMetricBuilder: edm= 0.000483573 requested: 1e-05
FunctionMinimum is invalid.
Minuit failed because the function is above maximum EDM.
VariableMetricBuilder: no improvement
VariableMetricBuilder: finishes without convergence.
VariableMetricBuilder: edm= 0.000347727 requested: 1e-05
FunctionMinimum is invalid.
Minuit failed because the function is above maximum EDM.
VariableMetricBuilder: no improvement
VariableMetricBuilder: machine accuracy limits further improvement.
Minuit succeeded.
area = -15.8279793624 with chi^2 5151.94378201
VariableMetricBuilder: no improvement
VariableMetricBuilder: finishes without convergence.
VariableMetricBuilder: edm= 0.000475928 requested: 1e-05
FunctionMinimum is invalid.
Minuit failed because the function is above maximum EDM.
VariableMetricBuilder: matrix not pos.def.
gdel > 0: 0.00017574
negative or zero diagonal element 1 in covariance matrix
negative or zero diagonal element 2 in covariance matrix
added 1.00247 to diagonal of error matrix
gdel: 0.00017574
Minuit succeeded.
area = -15.839596549 with chi^2 5151.19428597
VariableMetricBuilder: no improvement
VariableMetricBuilder: finishes without convergence.
VariableMetricBuilder: edm= 0.00126193 requested: 1e-05
FunctionMinimum is invalid.
Minuit failed because the function is above maximum EDM.
VariableMetricBuilder: no improvement
VariableMetricBuilder: finishes without convergence.
VariableMetricBuilder: edm= 0.000316725 requested: 1e-05
FunctionMinimum is invalid.
Minuit failed because the function is above maximum EDM.
VariableMetricBuilder: no improvement
VariableMetricBuilder: machine accuracy limits further improvement.
Minuit succeeded.
area = -15.8250784445 with chi^2 5143.50883296
VariableMetricBuilder: matrix not pos.def.
gdel > 0: 14.6932
negative or zero diagonal element 0 in covariance matrix
negative or zero diagonal element 1 in covariance matrix
negative or zero diagonal element 2 in covariance matrix
negative or zero diagonal element 3 in covariance matrix
negative or zero diagonal element 4 in covariance matrix
negative or zero diagonal element 5 in covariance matrix
negative or zero diagonal element 6 in covariance matrix
negative or zero diagonal element 7 in covariance matrix
negative or zero diagonal element 8 in covariance matrix
added 1015.8 to diagonal of error matrix
eigenvalues: 
-47.7374
1
1.00002
1.01031
1.02082
1.03504
1.22622
1.62544
48.8195
matrix forced pos-def by adding 47.7862 to diagonal
gdel: -2.15398e+07
VariableMetricBuilder: no improvement
VariableMetricBuilder: finishes without convergence.
VariableMetricBuilder: edm= 0.00337179 requested: 1e-05
FunctionMinimum is invalid.
Minuit failed because the function is above maximum EDM.
VariableMetricBuilder: no improvement
VariableMetricBuilder: machine accuracy limits further improvement.
Minuit succeeded.
area = -15.8740356438 with chi^2 5145.22568192
VariableMetricBuilder: no improvement
VariableMetricBuilder: finishes without convergence.
VariableMetricBuilder: edm= 0.00059321 requested: 1e-05
FunctionMinimum is invalid.
Minuit failed because the function is above maximum EDM.
VariableMetricBuilder: no improvement
VariableMetricBuilder: machine accuracy limits further improvement.
Minuit succeeded.
area = -15.7745752884 with chi^2 5144.39987208
VariableMetricBuilder: no improvement
VariableMetricBuilder: machine accuracy limits further improvement.
Minuit succeeded.
area = -15.7613298926 with chi^2 5149.53049021
VariableMetricBuilder: no improvement
VariableMetricBuilder: machine accuracy limits further improvement.
Minuit succeeded.
area = -15.8178214264 with chi^2 5143.31138788
VariableMetricBuilder: no improvement
VariableMetricBuilder: machine accuracy limits further improvement.
Minuit succeeded.
area = -15.8326597137 with chi^2 5153.94141464
VariableMetricBuilder: no improvement
VariableMetricBuilder: machine accuracy limits further improvement.
Minuit succeeded.
area = -15.7899438601 with chi^2 5156.57702984
VariableMetricBuilder: no improvement
VariableMetricBuilder: finishes without convergence.
VariableMetricBuilder: edm= 0.00690845 requested: 1e-05
FunctionMinimum is invalid.
Minuit failed because the function is above maximum EDM.
VariableMetricBuilder: no improvement
VariableMetricBuilder: machine accuracy limits further improvement.
Minuit succeeded.
area = -15.8509899749 with chi^2 5145.00743191
VariableMetricBuilder: matrix not pos.def.
gdel > 0: 4.06395e-05
eigenvalues: 
-0.307468
0.0687241
0.286543
0.438394
0.832779
1.12309
1.50834
2.04627
3.00334
matrix forced pos-def by adding 0.310471 to diagonal
gdel: -2.7307e-05
VariableMetricBuilder: no improvement
VariableMetricBuilder: machine accuracy limits further improvement.
Minuit succeeded.
area = -15.8255555281 with chi^2 5141.33416479
VariableMetricBuilder: no improvement
VariableMetricBuilder: machine accuracy limits further improvement.
Minuit succeeded.
area = -15.8358288294 with chi^2 5154.1892712
VariableMetricBuilder: matrix not pos.def.
gdel > 0: 0.00176755
negative or zero diagonal element 0 in covariance matrix
negative or zero diagonal element 1 in covariance matrix
negative or zero diagonal element 2 in covariance matrix
negative or zero diagonal element 3 in covariance matrix
negative or zero diagonal element 4 in covariance matrix
negative or zero diagonal element 5 in covariance matrix
negative or zero diagonal element 6 in covariance matrix
added 1.39755 to diagonal of error matrix
gdel: 0.00176755
Minuit succeeded.
area = -15.8836302679 with chi^2 5158.64244954
VariableMetricBuilder: no improvement
VariableMetricBuilder: machine accuracy limits further improvement.
Minuit succeeded.
area = -15.8165226211 with chi^2 5147.94893906
VariableMetricBuilder: no improvement
VariableMetricBuilder: finishes without convergence.
VariableMetricBuilder: edm= 0.00118878 requested: 1e-05
FunctionMinimum is invalid.
Minuit failed because the function is above maximum EDM.
VariableMetricBuilder: no improvement
VariableMetricBuilder: machine accuracy limits further improvement.
eigenvalues: 
-0.010161
0.351693
0.869037
1
1
1
1.00209
1.31248
2.47486
matrix forced pos-def by adding 0.0126359 to diagonal
MnHesse: matrix is invalid!
MnHesse: matrix is not pos. def.!
MnHesse: matrix was forced pos. def.
FunctionMinimum is invalid.
Minuit failed because covariance is not accurate, and covariance is not positive definite.
VariableMetricBuilder: no improvement
VariableMetricBuilder: finishes without convergence.
VariableMetricBuilder: edm= 0.000933129 requested: 1e-05
FunctionMinimum is invalid.
Minuit failed because the function is above maximum EDM.
VariableMetricBuilder: matrix not pos.def.
gdel > 0: 1.79017e-05
negative or zero diagonal element 1 in covariance matrix
added 1.00049 to diagonal of error matrix
gdel: 1.79017e-05
Minuit succeeded.
area = -15.7761542744 with chi^2 5149.17843369
VariableMetricBuilder: matrix not pos.def.
gdel > 0: 5.6164e-05
negative or zero diagonal element 1 in covariance matrix
negative or zero diagonal element 2 in covariance matrix
added 1.00313 to diagonal of error matrix
gdel: 5.6164e-05
Minuit succeeded.
area = -15.8237988888 with chi^2 5147.70874453
VariableMetricBuilder: matrix not pos.def.
gdel > 0: 0.000740888
negative or zero diagonal element 0 in covariance matrix
negative or zero diagonal element 1 in covariance matrix
negative or zero diagonal element 2 in covariance matrix
negative or zero diagonal element 3 in covariance matrix
negative or zero diagonal element 4 in covariance matrix
negative or zero diagonal element 5 in covariance matrix
negative or zero diagonal element 8 in covariance matrix
added 1.50704 to diagonal of error matrix
gdel: 0.000740888
Minuit succeeded.
area = -15.8559193389 with chi^2 5139.91387902
VariableMetricBuilder: no improvement
VariableMetricBuilder: machine accuracy limits further improvement.
Minuit succeeded.
area = -15.7890928441 with chi^2 5147.28722373
Minuit succeeded.
area = -15.862158286 with chi^2 5146.94857755
VariableMetricBuilder: no improvement
VariableMetricBuilder: machine accuracy limits further improvement.
Minuit succeeded.
area = -15.7237863316 with chi^2 5158.03186602
VariableMetricBuilder: no improvement
VariableMetricBuilder: finishes without convergence.
VariableMetricBuilder: edm= 0.00042161 requested: 1e-05
FunctionMinimum is invalid.
Minuit failed because the function is above maximum EDM.
VariableMetricBuilder: no improvement
VariableMetricBuilder: machine accuracy limits further improvement.
Minuit succeeded.
area = -15.7553346915 with chi^2 5158.06046048
Minuit succeeded.
area = -15.8104944954 with chi^2 5143.49330656
VariableMetricBuilder: matrix not pos.def.
gdel > 0: 0.00370086
negative or zero diagonal element 1 in covariance matrix
negative or zero diagonal element 2 in covariance matrix
negative or zero diagonal element 3 in covariance matrix
negative or zero diagonal element 4 in covariance matrix
added 1.32766 to diagonal of error matrix
gdel: 0.00370086
Minuit succeeded.
area = -15.8320307873 with chi^2 5147.06398882
VariableMetricBuilder: matrix not pos.def.
gdel > 0: 9.80331e-05
negative or zero diagonal element 1 in covariance matrix
added 1.0015 to diagonal of error matrix
gdel: 9.80331e-05
eigenvalues: 
-0.00751351
0.398128
0.878734
1
1
1
1.00172
1.28828
2.44065
matrix forced pos-def by adding 0.00995417 to diagonal
MnHesse: matrix is invalid!
MnHesse: matrix is not pos. def.!
MnHesse: matrix was forced pos. def.
FunctionMinimum is invalid.
Minuit failed because covariance is not accurate, and covariance is not positive definite.
VariableMetricBuilder: no improvement
VariableMetricBuilder: machine accuracy limits further improvement.
Minuit succeeded.
area = -15.7975728453 with chi^2 5158.39392593
VariableMetricBuilder: matrix not pos.def.
gdel > 0: 0.000225669
negative or zero diagonal element 1 in covariance matrix
negative or zero diagonal element 2 in covariance matrix
negative or zero diagonal element 6 in covariance matrix
added 1.02752 to diagonal of error matrix
gdel: 0.000225669
Minuit succeeded.
area = -15.8491868471 with chi^2 5146.5701752
VariableMetricBuilder: no improvement
VariableMetricBuilder: machine accuracy limits further improvement.
Minuit succeeded.
area = -15.7925621956 with chi^2 5153.89579855
VariableMetricBuilder: no improvement
VariableMetricBuilder: machine accuracy limits further improvement.
Minuit succeeded.
area = -15.7859472404 with chi^2 5148.88723787
VariableMetricBuilder: matrix not pos.def.
gdel > 0: 0.000212603
negative or zero diagonal element 0 in covariance matrix
negative or zero diagonal element 1 in covariance matrix
negative or zero diagonal element 3 in covariance matrix
negative or zero diagonal element 5 in covariance matrix
negative or zero diagonal element 6 in covariance matrix
negative or zero diagonal element 8 in covariance matrix
added 1.212 to diagonal of error matrix
gdel: 0.000212603
Minuit succeeded.
area = -15.7771405084 with chi^2 5150.59958521
VariableMetricBuilder: no improvement
VariableMetricBuilder: machine accuracy limits further improvement.
Minuit succeeded.
area = -15.7741089504 with chi^2 5150.5555865
VariableMetricBuilder: matrix not pos.def.
gdel > 0: 1.75856e-05
negative or zero diagonal element 5 in covariance matrix
added 1.0034 to diagonal of error matrix
gdel: 1.75856e-05
Minuit succeeded.
area = -15.8171595993 with chi^2 5147.24247489
VariableMetricBuilder: matrix not pos.def.
gdel > 0: 7.80477e-05
negative or zero diagonal element 1 in covariance matrix
negative or zero diagonal element 4 in covariance matrix
negative or zero diagonal element 5 in covariance matrix
negative or zero diagonal element 8 in covariance matrix
added 1.08253 to diagonal of error matrix
gdel: 7.80477e-05
Minuit succeeded.
area = -15.7905866488 with chi^2 5142.91655102
VariableMetricBuilder: no improvement
VariableMetricBuilder: machine accuracy limits further improvement.
Minuit succeeded.
area = -15.8300214585 with chi^2 5149.06152449
VariableMetricBuilder: matrix not pos.def.
gdel > 0: 0.000531857
negative or zero diagonal element 3 in covariance matrix
added 1.0451 to diagonal of error matrix
gdel: 0.000531857
Minuit succeeded.
area = -15.8129029453 with chi^2 5139.2384352
VariableMetricBuilder: no improvement
VariableMetricBuilder: machine accuracy limits further improvement.
Minuit succeeded.
area = -15.8374701216 with chi^2 5144.95561327
VariableMetricBuilder: matrix not pos.def.
gdel > 0: 0.000134999
negative or zero diagonal element 1 in covariance matrix
negative or zero diagonal element 5 in covariance matrix
added 1.01103 to diagonal of error matrix
gdel: 0.000134999
Minuit succeeded.
area = -15.7865691849 with chi^2 5155.51440274
VariableMetricBuilder: matrix not pos.def.
gdel > 0: 3.93582e-05
negative or zero diagonal element 1 in covariance matrix
added 1.00103 to diagonal of error matrix
gdel: 3.93582e-05
Minuit succeeded.
area = -15.8176092471 with chi^2 5159.06766527
VariableMetricBuilder: no improvement
VariableMetricBuilder: finishes without convergence.
VariableMetricBuilder: edm= 0.000336195 requested: 1e-05
FunctionMinimum is invalid.
Minuit failed because the function is above maximum EDM.
VariableMetricBuilder: no improvement
VariableMetricBuilder: machine accuracy limits further improvement.
Minuit succeeded.
area = -15.8395124709 with chi^2 5154.84746683
VariableMetricBuilder: no improvement
VariableMetricBuilder: finishes without convergence.
VariableMetricBuilder: edm= 0.0017246 requested: 1e-05
FunctionMinimum is invalid.
Minuit failed because the function is above maximum EDM.
VariableMetricBuilder: no improvement
VariableMetricBuilder: machine accuracy limits further improvement.
Minuit succeeded.
area = -15.8029146065 with chi^2 5142.47060657
VariableMetricBuilder: no improvement
VariableMetricBuilder: finishes without convergence.
VariableMetricBuilder: edm= 0.00102023 requested: 1e-05
FunctionMinimum is invalid.
Minuit failed because the function is above maximum EDM.
VariableMetricBuilder: no improvement
VariableMetricBuilder: machine accuracy limits further improvement.
Minuit succeeded.
area = -15.7039304831 with chi^2 5145.93138847
VariableMetricBuilder: no improvement
VariableMetricBuilder: machine accuracy limits further improvement.
Minuit succeeded.
area = -15.8592382836 with chi^2 5148.78512919
Minuit succeeded.
area = -15.7971279633 with chi^2 5148.5474204
VariableMetricBuilder: no improvement
VariableMetricBuilder: finishes without convergence.
VariableMetricBuilder: edm= 0.000420855 requested: 1e-05
FunctionMinimum is invalid.
Minuit failed because the function is above maximum EDM.
VariableMetricBuilder: matrix not pos.def.
gdel > 0: 0.000241609
negative or zero diagonal element 1 in covariance matrix
negative or zero diagonal element 2 in covariance matrix
negative or zero diagonal element 3 in covariance matrix
added 1.00982 to diagonal of error matrix
gdel: 0.000241609
Minuit succeeded.
area = -15.8647576898 with chi^2 5147.6746938
VariableMetricBuilder: matrix not pos.def.
gdel > 0: 6.79973e-05
negative or zero diagonal element 1 in covariance matrix
added 1.00016 to diagonal of error matrix
gdel: 6.79973e-05
Minuit succeeded.
area = -15.8236846144 with chi^2 5149.9430077
VariableMetricBuilder: matrix not pos.def.
gdel > 0: 0.000365522
negative or zero diagonal element 1 in covariance matrix
negative or zero diagonal element 3 in covariance matrix
negative or zero diagonal element 5 in covariance matrix
negative or zero diagonal element 8 in covariance matrix
added 1.1198 to diagonal of error matrix
gdel: 0.000365522
Minuit succeeded.
area = -15.9225936324 with chi^2 5153.43749055
VariableMetricBuilder: no improvement
VariableMetricBuilder: machine accuracy limits further improvement.
Minuit succeeded.
area = -15.7636514269 with chi^2 5152.86487149
VariableMetricBuilder: no improvement
VariableMetricBuilder: machine accuracy limits further improvement.
Minuit succeeded.
area = -15.8174447633 with chi^2 5142.83245356
VariableMetricBuilder: no improvement
VariableMetricBuilder: machine accuracy limits further improvement.
eigenvalues: 
-2.74409e-05
0.376425
0.922641
1
1
1
1.00246
1.26305
2.43545
matrix forced pos-def by adding 0.00246289 to diagonal
MnHesse: matrix is invalid!
MnHesse: matrix is not pos. def.!
MnHesse: matrix was forced pos. def.
FunctionMinimum is invalid.
Minuit failed because covariance is not accurate, and covariance is not positive definite.
VariableMetricBuilder: matrix not pos.def.
gdel > 0: 4.0152e-05
negative or zero diagonal element 1 in covariance matrix
added 1.00027 to diagonal of error matrix
gdel: 4.0152e-05
eigenvalues: 
-0.0397187
0.39666
0.843819
1
1
1
1.00229
1.35254
2.44441
matrix forced pos-def by adding 0.0421631 to diagonal
MnHesse: matrix is invalid!
MnHesse: matrix is not pos. def.!
MnHesse: matrix was forced pos. def.
FunctionMinimum is invalid.
Minuit failed because covariance is not accurate, and covariance is not positive definite.
VariableMetricBuilder: no improvement
VariableMetricBuilder: machine accuracy limits further improvement.
Minuit succeeded.
area = -15.8307953596 with chi^2 5155.0563446
VariableMetricBuilder: no improvement
VariableMetricBuilder: machine accuracy limits further improvement.
Minuit succeeded.
area = -15.8209135022 with chi^2 5141.69970569
Minuit succeeded.
area = -15.7567405476 with chi^2 5156.97908211
VariableMetricBuilder: no improvement
VariableMetricBuilder: finishes without convergence.
VariableMetricBuilder: edm= 0.00105351 requested: 1e-05
FunctionMinimum is invalid.
Minuit failed because the function is above maximum EDM.
Minuit succeeded.
area = -15.8400516967 with chi^2 5151.09325656
VariableMetricBuilder: no improvement
VariableMetricBuilder: finishes without convergence.
VariableMetricBuilder: edm= 0.000326161 requested: 1e-05
FunctionMinimum is invalid.
Minuit failed because the function is above maximum EDM.
VariableMetricBuilder: no improvement
VariableMetricBuilder: machine accuracy limits further improvement.
Minuit succeeded.
area = -15.7906413292 with chi^2 5154.76321111
VariableMetricBuilder: no improvement
VariableMetricBuilder: machine accuracy limits further improvement.
Minuit succeeded.
area = -15.8690077386 with chi^2 5149.74035906
VariableMetricBuilder: no improvement
VariableMetricBuilder: machine accuracy limits further improvement.
eigenvalues: 
-0.110233
0.397094
0.857878
1
1
1
1.00258
1.28499
2.56769
matrix forced pos-def by adding 0.1128 to diagonal
MnHesse: matrix is invalid!
MnHesse: matrix is not pos. def.!
MnHesse: matrix was forced pos. def.
FunctionMinimum is invalid.
Minuit failed because covariance is not accurate, and covariance is not positive definite.
VariableMetricBuilder: no improvement
VariableMetricBuilder: machine accuracy limits further improvement.
Minuit succeeded.
area = -15.776368573 with chi^2 5149.63169143
VariableMetricBuilder: no improvement
VariableMetricBuilder: machine accuracy limits further improvement.
Minuit succeeded.
area = -15.8265913984 with chi^2 5142.52819209
VariableMetricBuilder: no improvement
VariableMetricBuilder: finishes without convergence.
VariableMetricBuilder: edm= 0.000318453 requested: 1e-05
FunctionMinimum is invalid.
Minuit failed because the function is above maximum EDM.
VariableMetricBuilder: matrix not pos.def.
gdel > 0: 7.40538e-05
negative or zero diagonal element 1 in covariance matrix
negative or zero diagonal element 5 in covariance matrix
added 1.01501 to diagonal of error matrix
gdel: 7.40538e-05
Minuit succeeded.
area = -15.8204815469 with chi^2 5148.22146704
VariableMetricBuilder: no improvement
VariableMetricBuilder: machine accuracy limits further improvement.
Minuit succeeded.
area = -15.853190482 with chi^2 5156.32925003
VariableMetricBuilder: no improvement
VariableMetricBuilder: machine accuracy limits further improvement.
Minuit succeeded.
area = -15.8497608802 with chi^2 5141.97022744
eigenvalues: 
-0.0464953
0.356924
0.894625
1
1
1
1.00226
1.31235
2.48034
matrix forced pos-def by adding 0.0489757 to diagonal
MnHesse: matrix is invalid!
MnHesse: matrix is not pos. def.!
MnHesse: matrix was forced pos. def.
FunctionMinimum is invalid.
Minuit failed because covariance is not accurate, and covariance is not positive definite.
VariableMetricBuilder: no improvement
VariableMetricBuilder: machine accuracy limits further improvement.
Minuit succeeded.
area = -15.726285008 with chi^2 5154.67324977
VariableMetricBuilder: no improvement
VariableMetricBuilder: machine accuracy limits further improvement.
Minuit succeeded.
area = -15.7900953641 with chi^2 5148.50733068
VariableMetricBuilder: no improvement
VariableMetricBuilder: machine accuracy limits further improvement.
Minuit succeeded.
area = -15.8940182316 with chi^2 5148.61333251
VariableMetricBuilder: no improvement
VariableMetricBuilder: machine accuracy limits further improvement.
Minuit succeeded.
area = -15.7909460382 with chi^2 5146.77196415
VariableMetricBuilder: matrix not pos.def.
gdel > 0: 0.00406535
negative or zero diagonal element 0 in covariance matrix
negative or zero diagonal element 1 in covariance matrix
negative or zero diagonal element 2 in covariance matrix
negative or zero diagonal element 3 in covariance matrix
negative or zero diagonal element 5 in covariance matrix
negative or zero diagonal element 6 in covariance matrix
added 1.16471 to diagonal of error matrix
gdel: 0.00406535
Minuit succeeded.
area = -15.8435427338 with chi^2 5148.07707662
VariableMetricBuilder: no improvement
VariableMetricBuilder: machine accuracy limits further improvement.
Minuit succeeded.
area = -15.826130979 with chi^2 5147.30159211
VariableMetricBuilder: no improvement
VariableMetricBuilder: machine accuracy limits further improvement.
Minuit succeeded.
area = -15.7544125685 with chi^2 5150.61485977
Minuit succeeded.
area = -15.828451185 with chi^2 5151.16811389
VariableMetricBuilder: matrix not pos.def.
gdel > 0: 4.48081e-05
negative or zero diagonal element 1 in covariance matrix
negative or zero diagonal element 2 in covariance matrix
negative or zero diagonal element 3 in covariance matrix
added 1.0026 to diagonal of error matrix
gdel: 4.48081e-05
Minuit succeeded.
area = -15.8530779708 with chi^2 5147.44717566
VariableMetricBuilder: no improvement
VariableMetricBuilder: machine accuracy limits further improvement.
Minuit succeeded.
area = -15.8114745963 with chi^2 5152.66490653
VariableMetricBuilder: no improvement
VariableMetricBuilder: finishes without convergence.
VariableMetricBuilder: edm= 0.000495633 requested: 1e-05
FunctionMinimum is invalid.
Minuit failed because the function is above maximum EDM.
VariableMetricBuilder: no improvement
VariableMetricBuilder: machine accuracy limits further improvement.
Minuit succeeded.
area = -15.8118012666 with chi^2 5147.10115368
VariableMetricBuilder: matrix not pos.def.
gdel > 0: 0.000800084
eigenvalues: 
-18.5686
0.0102199
0.101317
0.678645
0.842452
2.15094
3.5774
7.70414
12.5035
matrix forced pos-def by adding 18.5811 to diagonal
gdel: -0.00535206
Minuit succeeded.
area = -15.7825707736 with chi^2 5145.96295408
VariableMetricBuilder: matrix not pos.def.
gdel > 0: 0.016219
negative or zero diagonal element 0 in covariance matrix
negative or zero diagonal element 1 in covariance matrix
negative or zero diagonal element 2 in covariance matrix
negative or zero diagonal element 3 in covariance matrix
negative or zero diagonal element 4 in covariance matrix
negative or zero diagonal element 5 in covariance matrix
negative or zero diagonal element 6 in covariance matrix
negative or zero diagonal element 8 in covariance matrix
added 2.94902 to diagonal of error matrix
eigenvalues: 
-0.64463
1
1.0041
1.0202
1.03214
1.04945
1.17007
1.28608
2.08258
matrix forced pos-def by adding 0.646712 to diagonal
gdel: -661.949
VariableMetricBuilder: no improvement
VariableMetricBuilder: finishes without convergence.
VariableMetricBuilder: edm= 0.754562 requested: 1e-05
FunctionMinimum is invalid.
Minuit failed because the function is above maximum EDM.
areas mean, stdev = -15.8154638689 0.0400143889854 chi^2 mean, stdev = 5149.35896373 4.88680181844
