0.506425027997
Now with jitter = 0.0
eigenvalues: 
-0.220109
0.477878
0.865495
1
1
1
1.00158
1.27805
2.59711
matrix forced pos-def by adding 0.222706 to diagonal
MnHesse: matrix is invalid!
MnHesse: matrix is not pos. def.!
MnHesse: matrix was forced pos. def.
FunctionMinimum is invalid.
Minuit failed because covariance is not accurate, and covariance is not positive definite.
areas mean, stdev =
Traceback (most recent call last):
  File "jitter/jitter2s.py", line 285, in ?
    print "areas mean, stdev =", jt.mean(areas), jt.stdev(areas), "chi^2 mean, stdev =", jt.mean(chi2s), jt.stdev(chi2s)
  File "/home/mccann/bin/python/jt.py", line 8, in mean
    return s/float(len(xlist))
ZeroDivisionError: float division
