0.629064373098
Now with jitter = 0.0
Minuit succeeded.
area = 11.5645732407 with chi^2 226.93371595
areas mean, stdev = 11.5645732407 0.0 chi^2 mean, stdev = 226.93371595 0.0
Now with jitter = 0.05
VariableMetricBuilder: no improvement
VariableMetricBuilder: machine accuracy limits further improvement.
Minuit succeeded.
area = -15.9498113859 with chi^2 5192.39423647
VariableMetricBuilder: no improvement
VariableMetricBuilder: finishes without convergence.
VariableMetricBuilder: edm= 0.000327036 requested: 1e-05
FunctionMinimum is invalid.
Minuit failed because the function is above maximum EDM.
VariableMetricBuilder: no improvement
VariableMetricBuilder: machine accuracy limits further improvement.
Minuit succeeded.
area = -15.9037707353 with chi^2 5182.68590055
VariableMetricBuilder: no improvement
VariableMetricBuilder: machine accuracy limits further improvement.
Minuit succeeded.
area = -15.9636661495 with chi^2 5190.48049447
VariableMetricBuilder: no improvement
VariableMetricBuilder: finishes without convergence.
VariableMetricBuilder: edm= 0.0025626 requested: 1e-05
FunctionMinimum is invalid.
Minuit failed because the function is above maximum EDM.
VariableMetricBuilder: no improvement
VariableMetricBuilder: machine accuracy limits further improvement.
Minuit succeeded.
area = -15.9533019341 with chi^2 5185.89666181
VariableMetricBuilder: no improvement
VariableMetricBuilder: finishes without convergence.
VariableMetricBuilder: edm= 0.000514635 requested: 1e-05
FunctionMinimum is invalid.
Minuit failed because the function is above maximum EDM.
VariableMetricBuilder: no improvement
VariableMetricBuilder: machine accuracy limits further improvement.
Minuit succeeded.
area = -15.952559391 with chi^2 5185.50305477
VariableMetricBuilder: no improvement
VariableMetricBuilder: machine accuracy limits further improvement.
eigenvalues: 
-0.00436447
0.387772
0.929203
1
1
1
1.00247
1.23078
2.45415
matrix forced pos-def by adding 0.00681861 to diagonal
MnHesse: matrix is invalid!
MnHesse: matrix is not pos. def.!
MnHesse: matrix was forced pos. def.
FunctionMinimum is invalid.
Minuit failed because covariance is not accurate, and covariance is not positive definite.
VariableMetricBuilder: no improvement
VariableMetricBuilder: machine accuracy limits further improvement.
Minuit succeeded.
area = -15.9480069853 with chi^2 5183.71080655
VariableMetricBuilder: no improvement
VariableMetricBuilder: machine accuracy limits further improvement.
Minuit succeeded.
area = -15.9756239387 with chi^2 5178.54279277
VariableMetricBuilder: no improvement
VariableMetricBuilder: machine accuracy limits further improvement.
Minuit succeeded.
area = -15.963970934 with chi^2 5184.86353456
VariableMetricBuilder: no improvement
VariableMetricBuilder: machine accuracy limits further improvement.
Minuit succeeded.
area = -15.9500730751 with chi^2 5186.54256546
VariableMetricBuilder: no improvement
VariableMetricBuilder: machine accuracy limits further improvement.
Minuit succeeded.
area = -15.9757752466 with chi^2 5178.14793042
VariableMetricBuilder: no improvement
VariableMetricBuilder: machine accuracy limits further improvement.
Minuit succeeded.
area = -15.9541834 with chi^2 5178.94004594
VariableMetricBuilder: matrix not pos.def.
edm < 0
negative or zero diagonal element 3 in covariance matrix
negative or zero diagonal element 5 in covariance matrix
negative or zero diagonal element 8 in covariance matrix
added 1.06574 to diagonal of error matrix
Minuit succeeded.
area = -15.9525286884 with chi^2 5183.57108051
Minuit succeeded.
area = -15.9574730811 with chi^2 5183.72286624
VariableMetricBuilder: matrix not pos.def.
gdel > 0: 0.000350664
negative or zero diagonal element 1 in covariance matrix
negative or zero diagonal element 2 in covariance matrix
negative or zero diagonal element 3 in covariance matrix
added 1.0089 to diagonal of error matrix
gdel: 0.000350664
Minuit succeeded.
area = -15.9414860248 with chi^2 5187.20582991
VariableMetricBuilder: no improvement
VariableMetricBuilder: machine accuracy limits further improvement.
eigenvalues: 
-0.0107677
0.368827
0.920805
1
1
1
1.00265
1.2413
2.47719
matrix forced pos-def by adding 0.0132448 to diagonal
MnHesse: matrix is invalid!
MnHesse: matrix is not pos. def.!
MnHesse: matrix was forced pos. def.
FunctionMinimum is invalid.
Minuit failed because covariance is not accurate, and covariance is not positive definite.
VariableMetricBuilder: no improvement
VariableMetricBuilder: machine accuracy limits further improvement.
Minuit succeeded.
area = -15.9484374179 with chi^2 5188.33611737
VariableMetricBuilder: no improvement
VariableMetricBuilder: machine accuracy limits further improvement.
Minuit succeeded.
area = -15.9508953371 with chi^2 5183.8613748
VariableMetricBuilder: matrix not pos.def.
gdel > 0: 9.28311e-05
negative or zero diagonal element 1 in covariance matrix
negative or zero diagonal element 2 in covariance matrix
added 1.00087 to diagonal of error matrix
gdel: 9.28311e-05
Minuit succeeded.
area = -15.9868585773 with chi^2 5185.48752434
VariableMetricBuilder: matrix not pos.def.
gdel > 0: 0.000571246
negative or zero diagonal element 5 in covariance matrix
added 1.02829 to diagonal of error matrix
gdel: 0.000571246
Minuit succeeded.
area = -15.9326415911 with chi^2 5189.49010465
VariableMetricBuilder: no improvement
VariableMetricBuilder: machine accuracy limits further improvement.
eigenvalues: 
-0.0301374
0.3239
0.942995
1
1
1
1.00412
1.3464
2.41273
matrix forced pos-def by adding 0.0325501 to diagonal
MnHesse: matrix is invalid!
MnHesse: matrix is not pos. def.!
MnHesse: matrix was forced pos. def.
FunctionMinimum is invalid.
Minuit failed because covariance is not accurate, and covariance is not positive definite.
VariableMetricBuilder: no improvement
VariableMetricBuilder: machine accuracy limits further improvement.
Minuit succeeded.
area = -16.0552124858 with chi^2 5180.48982823
VariableMetricBuilder: no improvement
VariableMetricBuilder: machine accuracy limits further improvement.
Minuit succeeded.
area = -15.9719699479 with chi^2 5188.8713507
VariableMetricBuilder: no improvement
VariableMetricBuilder: machine accuracy limits further improvement.
Minuit succeeded.
area = -15.9728855665 with chi^2 5184.98448922
VariableMetricBuilder: no improvement
VariableMetricBuilder: machine accuracy limits further improvement.
Minuit succeeded.
area = -15.8886560228 with chi^2 5190.41655929
VariableMetricBuilder: no improvement
VariableMetricBuilder: machine accuracy limits further improvement.
Minuit succeeded.
area = -15.9690680965 with chi^2 5185.90502778
Minuit succeeded.
area = -16.0592176978 with chi^2 5180.04195671
VariableMetricBuilder: no improvement
VariableMetricBuilder: machine accuracy limits further improvement.
Minuit succeeded.
area = -15.9389659673 with chi^2 5187.16976375
VariableMetricBuilder: no improvement
VariableMetricBuilder: finishes without convergence.
VariableMetricBuilder: edm= 0.000475974 requested: 1e-05
FunctionMinimum is invalid.
Minuit failed because the function is above maximum EDM.
VariableMetricBuilder: no improvement
VariableMetricBuilder: finishes without convergence.
VariableMetricBuilder: edm= 0.000459478 requested: 1e-05
FunctionMinimum is invalid.
Minuit failed because the function is above maximum EDM.
VariableMetricBuilder: no improvement
VariableMetricBuilder: machine accuracy limits further improvement.
Minuit succeeded.
area = -15.9646165158 with chi^2 5180.90493122
VariableMetricBuilder: no improvement
VariableMetricBuilder: finishes without convergence.
VariableMetricBuilder: edm= 0.00100315 requested: 1e-05
FunctionMinimum is invalid.
Minuit failed because the function is above maximum EDM.
VariableMetricBuilder: no improvement
VariableMetricBuilder: finishes without convergence.
VariableMetricBuilder: edm= 0.00085618 requested: 1e-05
FunctionMinimum is invalid.
Minuit failed because the function is above maximum EDM.
VariableMetricBuilder: no improvement
VariableMetricBuilder: machine accuracy limits further improvement.
Minuit succeeded.
area = -15.9073247679 with chi^2 5180.87279045
VariableMetricBuilder: no improvement
VariableMetricBuilder: finishes without convergence.
VariableMetricBuilder: edm= 0.000351431 requested: 1e-05
FunctionMinimum is invalid.
Minuit failed because the function is above maximum EDM.
VariableMetricBuilder: no improvement
VariableMetricBuilder: machine accuracy limits further improvement.
Minuit succeeded.
area = -15.9841596516 with chi^2 5180.71650944
VariableMetricBuilder: matrix not pos.def.
gdel > 0: 0.000140698
negative or zero diagonal element 6 in covariance matrix
added 1.05849 to diagonal of error matrix
gdel: 0.000140698
Minuit succeeded.
area = -15.9930280601 with chi^2 5184.64024614
VariableMetricBuilder: no improvement
VariableMetricBuilder: machine accuracy limits further improvement.
Minuit succeeded.
area = -15.9664393542 with chi^2 5183.9780007
VariableMetricBuilder: no improvement
VariableMetricBuilder: machine accuracy limits further improvement.
eigenvalues: 
-0.0106898
0.40153
0.911644
1
1
1
1.00177
1.24455
2.4512
matrix forced pos-def by adding 0.013141 to diagonal
MnHesse: matrix is invalid!
MnHesse: matrix is not pos. def.!
MnHesse: matrix was forced pos. def.
FunctionMinimum is invalid.
Minuit failed because covariance is not accurate, and covariance is not positive definite.
VariableMetricBuilder: no improvement
VariableMetricBuilder: finishes without convergence.
VariableMetricBuilder: edm= 0.000311089 requested: 1e-05
FunctionMinimum is invalid.
Minuit failed because the function is above maximum EDM.
VariableMetricBuilder: matrix not pos.def.
gdel > 0: 0.000478437
negative or zero diagonal element 1 in covariance matrix
negative or zero diagonal element 5 in covariance matrix
negative or zero diagonal element 8 in covariance matrix
added 1.00126 to diagonal of error matrix
gdel: 0.000478437
Minuit succeeded.
area = -15.9182077719 with chi^2 5191.55199732
VariableMetricBuilder: matrix not pos.def.
gdel > 0: 3.91331e-05
negative or zero diagonal element 1 in covariance matrix
added 1.0005 to diagonal of error matrix
gdel: 3.91331e-05
Minuit succeeded.
area = -15.9792830432 with chi^2 5184.74012546
VariableMetricBuilder: no improvement
VariableMetricBuilder: finishes without convergence.
VariableMetricBuilder: edm= 0.000343417 requested: 1e-05
FunctionMinimum is invalid.
Minuit failed because the function is above maximum EDM.
Minuit succeeded.
area = -15.9659628283 with chi^2 5187.02272518
VariableMetricBuilder: no improvement
VariableMetricBuilder: finishes without convergence.
VariableMetricBuilder: edm= 0.00115505 requested: 1e-05
FunctionMinimum is invalid.
Minuit failed because the function is above maximum EDM.
VariableMetricBuilder: no improvement
VariableMetricBuilder: machine accuracy limits further improvement.
eigenvalues: 
-0.000795716
0.346324
0.924285
1
1
1
1.00229
1.26333
2.46456
matrix forced pos-def by adding 0.00326028 to diagonal
MnHesse: matrix is invalid!
MnHesse: matrix is not pos. def.!
MnHesse: matrix was forced pos. def.
FunctionMinimum is invalid.
Minuit failed because covariance is not accurate, and covariance is not positive definite.
VariableMetricBuilder: no improvement
VariableMetricBuilder: machine accuracy limits further improvement.
Minuit succeeded.
area = -15.9703699859 with chi^2 5182.24879628
VariableMetricBuilder: no improvement
VariableMetricBuilder: finishes without convergence.
VariableMetricBuilder: edm= 0.00240489 requested: 1e-05
FunctionMinimum is invalid.
Minuit failed because the function is above maximum EDM.
VariableMetricBuilder: matrix not pos.def.
gdel > 0: 0.00107187
negative or zero diagonal element 1 in covariance matrix
negative or zero diagonal element 2 in covariance matrix
negative or zero diagonal element 4 in covariance matrix
added 1.01439 to diagonal of error matrix
gdel: 0.00107187
Minuit succeeded.
area = -15.9149875459 with chi^2 5181.71619088
VariableMetricBuilder: no improvement
VariableMetricBuilder: machine accuracy limits further improvement.
Minuit succeeded.
area = -15.9834838211 with chi^2 5185.57338893
VariableMetricBuilder: matrix not pos.def.
gdel > 0: 3.62849e-07
negative or zero diagonal element 1 in covariance matrix
negative or zero diagonal element 5 in covariance matrix
added 1.00014 to diagonal of error matrix
gdel: 3.62849e-07
eigenvalues: 
-0.0147695
0.418316
0.842061
1
1
1
1.00202
1.30423
2.44814
matrix forced pos-def by adding 0.0172176 to diagonal
MnHesse: matrix is invalid!
MnHesse: matrix is not pos. def.!
MnHesse: matrix was forced pos. def.
FunctionMinimum is invalid.
Minuit failed because covariance is not accurate, and covariance is not positive definite.
Minuit succeeded.
area = -15.9242754558 with chi^2 5180.49007251
VariableMetricBuilder: no improvement
VariableMetricBuilder: machine accuracy limits further improvement.
Minuit succeeded.
area = -15.9864138393 with chi^2 5183.90470582
VariableMetricBuilder: no improvement
VariableMetricBuilder: finishes without convergence.
VariableMetricBuilder: edm= 0.0018449 requested: 1e-05
FunctionMinimum is invalid.
Minuit failed because the function is above maximum EDM.
VariableMetricBuilder: no improvement
VariableMetricBuilder: machine accuracy limits further improvement.
Minuit succeeded.
area = -16.0191220114 with chi^2 5188.79985957
VariableMetricBuilder: no improvement
VariableMetricBuilder: finishes without convergence.
VariableMetricBuilder: edm= 0.000330094 requested: 1e-05
FunctionMinimum is invalid.
Minuit failed because the function is above maximum EDM.
VariableMetricBuilder: no improvement
VariableMetricBuilder: machine accuracy limits further improvement.
Minuit succeeded.
area = -15.9185942994 with chi^2 5190.70153223
VariableMetricBuilder: no improvement
VariableMetricBuilder: machine accuracy limits further improvement.
Minuit succeeded.
area = -15.9508772253 with chi^2 5186.50931964
VariableMetricBuilder: no improvement
VariableMetricBuilder: machine accuracy limits further improvement.
Minuit succeeded.
area = -15.9241848182 with chi^2 5175.72492581
VariableMetricBuilder: no improvement
VariableMetricBuilder: machine accuracy limits further improvement.
Minuit succeeded.
area = -15.9880683846 with chi^2 5181.35466769
VariableMetricBuilder: no improvement
VariableMetricBuilder: machine accuracy limits further improvement.
Minuit succeeded.
area = -15.9301776685 with chi^2 5187.45021431
VariableMetricBuilder: no improvement
VariableMetricBuilder: machine accuracy limits further improvement.
Minuit succeeded.
area = -15.959426352 with chi^2 5181.1506868
VariableMetricBuilder: no improvement
VariableMetricBuilder: machine accuracy limits further improvement.
Minuit succeeded.
area = -15.950195701 with chi^2 5188.81915432
VariableMetricBuilder: no improvement
VariableMetricBuilder: machine accuracy limits further improvement.
Minuit succeeded.
area = -15.9584479898 with chi^2 5191.98674085
Minuit succeeded.
area = -15.9015609214 with chi^2 5188.39392223
VariableMetricBuilder: matrix not pos.def.
gdel > 0: 0.00987983
negative or zero diagonal element 1 in covariance matrix
negative or zero diagonal element 2 in covariance matrix
negative or zero diagonal element 3 in covariance matrix
negative or zero diagonal element 5 in covariance matrix
added 1.02185 to diagonal of error matrix
gdel: 0.00987983
Minuit succeeded.
area = -16.0786480511 with chi^2 5186.53646088
VariableMetricBuilder: no improvement
VariableMetricBuilder: machine accuracy limits further improvement.
Minuit succeeded.
area = -15.9719115608 with chi^2 5184.92335286
VariableMetricBuilder: no improvement
VariableMetricBuilder: machine accuracy limits further improvement.
Minuit succeeded.
area = -15.9394191095 with chi^2 5186.37797874
VariableMetricBuilder: matrix not pos.def.
gdel > 0: 4.40772e-05
negative or zero diagonal element 1 in covariance matrix
added 1.00162 to diagonal of error matrix
gdel: 4.40772e-05
Minuit succeeded.
area = -15.9655929701 with chi^2 5180.12434462
VariableMetricBuilder: matrix not pos.def.
gdel > 0: 4.70562e-05
negative or zero diagonal element 1 in covariance matrix
added 1.00128 to diagonal of error matrix
gdel: 4.70562e-05
eigenvalues: 
-0.00103425
0.395694
0.849668
1
1
1
1.00235
1.31896
2.43436
matrix forced pos-def by adding 0.00346861 to diagonal
MnHesse: matrix is invalid!
MnHesse: matrix is not pos. def.!
MnHesse: matrix was forced pos. def.
FunctionMinimum is invalid.
Minuit failed because covariance is not accurate, and covariance is not positive definite.
VariableMetricBuilder: no improvement
VariableMetricBuilder: finishes without convergence.
VariableMetricBuilder: edm= 0.0012195 requested: 1e-05
FunctionMinimum is invalid.
Minuit failed because the function is above maximum EDM.
VariableMetricBuilder: no improvement
VariableMetricBuilder: machine accuracy limits further improvement.
Minuit succeeded.
area = -15.9712463296 with chi^2 5186.38247842
VariableMetricBuilder: no improvement
VariableMetricBuilder: machine accuracy limits further improvement.
Minuit succeeded.
area = -15.9122703979 with chi^2 5188.49128415
VariableMetricBuilder: no improvement
VariableMetricBuilder: machine accuracy limits further improvement.
Minuit succeeded.
area = -15.9601498898 with chi^2 5184.9484223
VariableMetricBuilder: no improvement
VariableMetricBuilder: machine accuracy limits further improvement.
Minuit succeeded.
area = -15.9909711212 with chi^2 5183.3030287
Minuit succeeded.
area = -15.973755157 with chi^2 5179.95551645
VariableMetricBuilder: no improvement
VariableMetricBuilder: machine accuracy limits further improvement.
Minuit succeeded.
area = -15.958015654 with chi^2 5183.96790363
VariableMetricBuilder: no improvement
VariableMetricBuilder: finishes without convergence.
VariableMetricBuilder: edm= 0.000453359 requested: 1e-05
FunctionMinimum is invalid.
Minuit failed because the function is above maximum EDM.
VariableMetricBuilder: no improvement
VariableMetricBuilder: finishes without convergence.
VariableMetricBuilder: edm= 0.000566081 requested: 1e-05
FunctionMinimum is invalid.
Minuit failed because the function is above maximum EDM.
VariableMetricBuilder: no improvement
VariableMetricBuilder: machine accuracy limits further improvement.
Minuit succeeded.
area = -15.9527597514 with chi^2 5180.2831981
VariableMetricBuilder: no improvement
VariableMetricBuilder: machine accuracy limits further improvement.
Minuit succeeded.
area = -15.9326640814 with chi^2 5184.4929795
Minuit succeeded.
area = -15.969598672 with chi^2 5184.54500803
VariableMetricBuilder: no improvement
VariableMetricBuilder: machine accuracy limits further improvement.
Minuit succeeded.
area = -15.9593798868 with chi^2 5191.46906409
VariableMetricBuilder: matrix not pos.def.
gdel > 0: 0.00109647
negative or zero diagonal element 6 in covariance matrix
added 1.03451 to diagonal of error matrix
gdel: 0.00109647
eigenvalues: 
-0.0634898
0.389445
0.840861
1
1
1
1.00241
1.32704
2.50374
matrix forced pos-def by adding 0.0659935 to diagonal
MnHesse: matrix is invalid!
MnHesse: matrix is not pos. def.!
MnHesse: matrix was forced pos. def.
FunctionMinimum is invalid.
Minuit failed because covariance is not accurate, and covariance is not positive definite.
VariableMetricBuilder: no improvement
VariableMetricBuilder: machine accuracy limits further improvement.
Minuit succeeded.
area = -16.0750439988 with chi^2 5185.19920942
VariableMetricBuilder: no improvement
VariableMetricBuilder: finishes without convergence.
VariableMetricBuilder: edm= 0.000483721 requested: 1e-05
FunctionMinimum is invalid.
Minuit failed because the function is above maximum EDM.
VariableMetricBuilder: no improvement
VariableMetricBuilder: finishes without convergence.
VariableMetricBuilder: edm= 0.0017721 requested: 1e-05
FunctionMinimum is invalid.
Minuit failed because the function is above maximum EDM.
VariableMetricBuilder: no improvement
VariableMetricBuilder: finishes without convergence.
VariableMetricBuilder: edm= 0.000562672 requested: 1e-05
FunctionMinimum is invalid.
Minuit failed because the function is above maximum EDM.
VariableMetricBuilder: no improvement
VariableMetricBuilder: machine accuracy limits further improvement.
Minuit succeeded.
area = -15.961818208 with chi^2 5186.62255974
VariableMetricBuilder: no improvement
VariableMetricBuilder: finishes without convergence.
VariableMetricBuilder: edm= 0.00213046 requested: 1e-05
FunctionMinimum is invalid.
Minuit failed because the function is above maximum EDM.
VariableMetricBuilder: no improvement
VariableMetricBuilder: machine accuracy limits further improvement.
Minuit succeeded.
area = -15.9960673093 with chi^2 5182.70985907
VariableMetricBuilder: no improvement
VariableMetricBuilder: machine accuracy limits further improvement.
Minuit succeeded.
area = -15.9675432065 with chi^2 5182.02581218
VariableMetricBuilder: no improvement
VariableMetricBuilder: machine accuracy limits further improvement.
Minuit succeeded.
area = -15.9637349976 with chi^2 5185.22302277
VariableMetricBuilder: no improvement
VariableMetricBuilder: machine accuracy limits further improvement.
Minuit succeeded.
area = -15.96622163 with chi^2 5187.66995624
VariableMetricBuilder: no improvement
VariableMetricBuilder: finishes without convergence.
VariableMetricBuilder: edm= 0.0230246 requested: 1e-05
FunctionMinimum is invalid.
Minuit failed because the function is above maximum EDM.
VariableMetricBuilder: no improvement
VariableMetricBuilder: machine accuracy limits further improvement.
Minuit succeeded.
area = -15.9594099515 with chi^2 5180.45893892
VariableMetricBuilder: no improvement
VariableMetricBuilder: machine accuracy limits further improvement.
Minuit succeeded.
area = -15.9315608717 with chi^2 5190.57923098
areas mean, stdev = -15.9619147214 0.0355579484086 chi^2 mean, stdev = 5184.89718587 3.68907731274
Now with jitter = 0.07
VariableMetricBuilder: no improvement
VariableMetricBuilder: machine accuracy limits further improvement.
Minuit succeeded.
area = -15.9436389585 with chi^2 5176.92629212
VariableMetricBuilder: no improvement
VariableMetricBuilder: finishes without convergence.
VariableMetricBuilder: edm= 0.000608149 requested: 1e-05
FunctionMinimum is invalid.
Minuit failed because the function is above maximum EDM.
VariableMetricBuilder: matrix not pos.def.
gdel > 0: 0.00017755
negative or zero diagonal element 3 in covariance matrix
added 1.01002 to diagonal of error matrix
gdel: 0.00017755
Minuit succeeded.
area = -16.054916248 with chi^2 5179.42092605
VariableMetricBuilder: no improvement
VariableMetricBuilder: machine accuracy limits further improvement.
Minuit succeeded.
area = -15.9546610627 with chi^2 5187.12662073
VariableMetricBuilder: no improvement
VariableMetricBuilder: machine accuracy limits further improvement.
Minuit succeeded.
area = -15.9342540404 with chi^2 5191.24550858
VariableMetricBuilder: no improvement
VariableMetricBuilder: machine accuracy limits further improvement.
Minuit succeeded.
area = -16.0203026283 with chi^2 5186.44208798
VariableMetricBuilder: no improvement
VariableMetricBuilder: finishes without convergence.
VariableMetricBuilder: edm= 0.000549744 requested: 1e-05
FunctionMinimum is invalid.
Minuit failed because the function is above maximum EDM.
VariableMetricBuilder: matrix not pos.def.
gdel > 0: 0.000316096
negative or zero diagonal element 1 in covariance matrix
negative or zero diagonal element 2 in covariance matrix
added 1.00193 to diagonal of error matrix
gdel: 0.000316096
Minuit succeeded.
area = -15.9767027707 with chi^2 5182.08964222
VariableMetricBuilder: no improvement
VariableMetricBuilder: machine accuracy limits further improvement.
Minuit succeeded.
area = -16.0191358739 with chi^2 5187.74626605
VariableMetricBuilder: no improvement
VariableMetricBuilder: finishes without convergence.
VariableMetricBuilder: edm= 0.000843897 requested: 1e-05
FunctionMinimum is invalid.
Minuit failed because the function is above maximum EDM.
VariableMetricBuilder: no improvement
VariableMetricBuilder: machine accuracy limits further improvement.
Minuit succeeded.
area = -15.9103933631 with chi^2 5179.18558741
VariableMetricBuilder: no improvement
VariableMetricBuilder: machine accuracy limits further improvement.
Minuit succeeded.
area = -15.9643578002 with chi^2 5188.06060074
VariableMetricBuilder: no improvement
VariableMetricBuilder: machine accuracy limits further improvement.
Minuit succeeded.
area = -15.9536929891 with chi^2 5191.78934431
VariableMetricBuilder: matrix not pos.def.
gdel > 0: 3.82493e-07
negative or zero diagonal element 1 in covariance matrix
added 1 to diagonal of error matrix
gdel: 3.82493e-07
Minuit succeeded.
area = -15.8724774171 with chi^2 5190.47276218
VariableMetricBuilder: no improvement
VariableMetricBuilder: machine accuracy limits further improvement.
Minuit succeeded.
area = -15.946729615 with chi^2 5180.88117636
VariableMetricBuilder: matrix not pos.def.
gdel > 0: 0.0117218
negative or zero diagonal element 0 in covariance matrix
negative or zero diagonal element 1 in covariance matrix
negative or zero diagonal element 2 in covariance matrix
negative or zero diagonal element 4 in covariance matrix
negative or zero diagonal element 5 in covariance matrix
negative or zero diagonal element 6 in covariance matrix
negative or zero diagonal element 7 in covariance matrix
negative or zero diagonal element 8 in covariance matrix
added 1.63409 to diagonal of error matrix
eigenvalues: 
-0.193223
1.00001
1.01457
1.02879
1.07524
1.11903
1.14893
1.27561
1.53104
matrix forced pos-def by adding 0.194754 to diagonal
gdel: -32.6291
VariableMetricBuilder: no improvement
VariableMetricBuilder: finishes without convergence.
VariableMetricBuilder: edm= 0.0013923 requested: 1e-05
FunctionMinimum is invalid.
Minuit failed because the function is above maximum EDM.
VariableMetricBuilder: no improvement
VariableMetricBuilder: machine accuracy limits further improvement.
Minuit succeeded.
area = -15.9712260733 with chi^2 5180.35660421
VariableMetricBuilder: no improvement
VariableMetricBuilder: machine accuracy limits further improvement.
eigenvalues: 
-0.0678963
0.358951
0.923947
1
1
1
1.00233
1.22145
2.56122
matrix forced pos-def by adding 0.0704575 to diagonal
MnHesse: matrix is invalid!
MnHesse: matrix is not pos. def.!
MnHesse: matrix was forced pos. def.
FunctionMinimum is invalid.
Minuit failed because covariance is not accurate, and covariance is not positive definite.
VariableMetricBuilder: no improvement
VariableMetricBuilder: machine accuracy limits further improvement.
MnGlobalCorrelationCoeff: inversion of matrix fails.
Minuit succeeded.
area = -15.9304115691 with chi^2 5193.99127899
Minuit succeeded.
area = -15.9329000269 with chi^2 5183.6257228
VariableMetricBuilder: no improvement
VariableMetricBuilder: machine accuracy limits further improvement.
Minuit succeeded.
area = -16.0015245554 with chi^2 5185.8414138
VariableMetricBuilder: matrix not pos.def.
gdel > 0: 0.00291598
negative or zero diagonal element 1 in covariance matrix
negative or zero diagonal element 2 in covariance matrix
negative or zero diagonal element 5 in covariance matrix
added 1.0882 to diagonal of error matrix
gdel: 0.00291598
Minuit succeeded.
area = -16.0267374319 with chi^2 5187.05240623
VariableMetricBuilder: no improvement
VariableMetricBuilder: finishes without convergence.
VariableMetricBuilder: edm= 0.00219588 requested: 1e-05
FunctionMinimum is invalid.
Minuit failed because the function is above maximum EDM.
VariableMetricBuilder: no improvement
VariableMetricBuilder: machine accuracy limits further improvement.
Minuit succeeded.
area = -15.9879736841 with chi^2 5186.18182205
VariableMetricBuilder: no improvement
VariableMetricBuilder: finishes without convergence.
VariableMetricBuilder: edm= 0.00142405 requested: 1e-05
FunctionMinimum is invalid.
Minuit failed because the function is above maximum EDM.
VariableMetricBuilder: matrix not pos.def.
gdel > 0: 0.0330882
negative or zero diagonal element 0 in covariance matrix
negative or zero diagonal element 1 in covariance matrix
negative or zero diagonal element 2 in covariance matrix
negative or zero diagonal element 3 in covariance matrix
negative or zero diagonal element 4 in covariance matrix
negative or zero diagonal element 5 in covariance matrix
added 1.22734 to diagonal of error matrix
gdel: 0.0330882
Minuit succeeded.
area = -16.0801887355 with chi^2 5179.12673158
VariableMetricBuilder: no improvement
VariableMetricBuilder: machine accuracy limits further improvement.
Minuit succeeded.
area = -15.9975800307 with chi^2 5186.20395958
VariableMetricBuilder: no improvement
VariableMetricBuilder: machine accuracy limits further improvement.
Minuit succeeded.
area = -15.9890577118 with chi^2 5184.52288058
VariableMetricBuilder: no improvement
VariableMetricBuilder: machine accuracy limits further improvement.
eigenvalues: 
-0.0191198
0.422737
0.86497
1
1
1
1.00266
1.26789
2.46087
matrix forced pos-def by adding 0.0215807 to diagonal
MnHesse: matrix is invalid!
MnHesse: matrix is not pos. def.!
MnHesse: matrix was forced pos. def.
FunctionMinimum is invalid.
Minuit failed because covariance is not accurate, and covariance is not positive definite.
VariableMetricBuilder: no improvement
VariableMetricBuilder: machine accuracy limits further improvement.
Minuit succeeded.
area = -16.0518401229 with chi^2 5180.09914345
VariableMetricBuilder: no improvement
VariableMetricBuilder: machine accuracy limits further improvement.
Minuit succeeded.
area = -15.933289431 with chi^2 5192.20116111
VariableMetricBuilder: no improvement
VariableMetricBuilder: machine accuracy limits further improvement.
Minuit succeeded.
area = -16.0363541375 with chi^2 5176.65399677
VariableMetricBuilder: matrix not pos.def.
gdel > 0: 0.0117808
negative or zero diagonal element 0 in covariance matrix
negative or zero diagonal element 1 in covariance matrix
negative or zero diagonal element 2 in covariance matrix
negative or zero diagonal element 3 in covariance matrix
negative or zero diagonal element 4 in covariance matrix
negative or zero diagonal element 5 in covariance matrix
negative or zero diagonal element 6 in covariance matrix
negative or zero diagonal element 7 in covariance matrix
negative or zero diagonal element 8 in covariance matrix
added 2.00383 to diagonal of error matrix
eigenvalues: 
-0.963347
1
1.00099
1.0399
1.06441
1.11126
1.20307
1.63182
1.9119
matrix forced pos-def by adding 0.965258 to diagonal
gdel: -1641.31
VariableMetricBuilder: no improvement
VariableMetricBuilder: finishes without convergence.
VariableMetricBuilder: edm= 234.293 requested: 1e-05
FunctionMinimum is invalid.
Minuit failed because the function is above maximum EDM.
VariableMetricBuilder: matrix not pos.def.
gdel > 0: 0.000117281
negative or zero diagonal element 1 in covariance matrix
negative or zero diagonal element 2 in covariance matrix
added 1.00185 to diagonal of error matrix
gdel: 0.000117281
Minuit succeeded.
area = -15.9269284975 with chi^2 5185.43465647
VariableMetricBuilder: matrix not pos.def.
gdel > 0: 0.000919828
negative or zero diagonal element 1 in covariance matrix
added 1.00066 to diagonal of error matrix
gdel: 0.000919828
Minuit succeeded.
area = -16.0107558521 with chi^2 5174.16617901
Minuit succeeded.
area = -15.9978916208 with chi^2 5180.96269172
VariableMetricBuilder: matrix not pos.def.
gdel > 0: 0.000352104
negative or zero diagonal element 1 in covariance matrix
negative or zero diagonal element 2 in covariance matrix
added 1.00816 to diagonal of error matrix
gdel: 0.000352104
Minuit succeeded.
area = -15.9504129346 with chi^2 5188.63523866
VariableMetricBuilder: matrix not pos.def.
gdel > 0: 4.77426e-06
negative or zero diagonal element 1 in covariance matrix
added 1.00104 to diagonal of error matrix
gdel: 4.77426e-06
Minuit succeeded.
area = -15.8972182518 with chi^2 5190.84412481
VariableMetricBuilder: no improvement
VariableMetricBuilder: machine accuracy limits further improvement.
Minuit succeeded.
area = -15.967938555 with chi^2 5179.9001596
VariableMetricBuilder: no improvement
VariableMetricBuilder: machine accuracy limits further improvement.
eigenvalues: 
-0.0796828
0.399415
0.840323
1
1
1
1.00265
1.27274
2.56455
matrix forced pos-def by adding 0.0822474 to diagonal
MnHesse: matrix is invalid!
MnHesse: matrix is not pos. def.!
MnHesse: matrix was forced pos. def.
FunctionMinimum is invalid.
Minuit failed because covariance is not accurate, and covariance is not positive definite.
Minuit succeeded.
area = -15.915630254 with chi^2 5184.66097496
VariableMetricBuilder: no improvement
VariableMetricBuilder: machine accuracy limits further improvement.
Minuit succeeded.
area = -16.0671651653 with chi^2 5186.29976948
VariableMetricBuilder: matrix not pos.def.
gdel > 0: 0.04069
negative or zero diagonal element 0 in covariance matrix
negative or zero diagonal element 1 in covariance matrix
negative or zero diagonal element 2 in covariance matrix
negative or zero diagonal element 3 in covariance matrix
negative or zero diagonal element 5 in covariance matrix
negative or zero diagonal element 6 in covariance matrix
negative or zero diagonal element 8 in covariance matrix
added 1.08985 to diagonal of error matrix
gdel: 0.04069
Minuit succeeded.
area = -15.996791784 with chi^2 5192.49044614
VariableMetricBuilder: no improvement
VariableMetricBuilder: machine accuracy limits further improvement.
Minuit succeeded.
area = -15.9589937999 with chi^2 5183.17982983
VariableMetricBuilder: no improvement
VariableMetricBuilder: finishes without convergence.
VariableMetricBuilder: edm= 0.000593914 requested: 1e-05
FunctionMinimum is invalid.
Minuit failed because the function is above maximum EDM.
VariableMetricBuilder: no improvement
VariableMetricBuilder: machine accuracy limits further improvement.
Minuit succeeded.
area = -15.9263098468 with chi^2 5187.12539253
VariableMetricBuilder: no improvement
VariableMetricBuilder: machine accuracy limits further improvement.
Minuit succeeded.
area = -15.906307633 with chi^2 5192.43671093
VariableMetricBuilder: no improvement
VariableMetricBuilder: machine accuracy limits further improvement.
Minuit succeeded.
area = -15.9288676258 with chi^2 5180.98284423
VariableMetricBuilder: matrix not pos.def.
gdel > 0: 0.000461082
negative or zero diagonal element 7 in covariance matrix
negative or zero diagonal element 8 in covariance matrix
added 1.05212 to diagonal of error matrix
gdel: 0.000461082
Minuit succeeded.
area = -15.9181823411 with chi^2 5193.95828617
VariableMetricBuilder: no improvement
VariableMetricBuilder: machine accuracy limits further improvement.
Minuit succeeded.
area = -15.9606159893 with chi^2 5189.22255246
VariableMetricBuilder: no improvement
VariableMetricBuilder: machine accuracy limits further improvement.
Minuit succeeded.
area = -15.9016063482 with chi^2 5194.02205424
VariableMetricBuilder: no improvement
VariableMetricBuilder: finishes without convergence.
VariableMetricBuilder: edm= 0.000439816 requested: 1e-05
eigenvalues: 
-0.00536289
0.352234
0.923537
1
1
1
1.00267
1.28797
2.43895
matrix forced pos-def by adding 0.00780185 to diagonal
MnHesse: matrix is invalid!
MnHesse: matrix is not pos. def.!
MnHesse: matrix was forced pos. def.
FunctionMinimum is invalid.
Minuit failed because covariance is not accurate, covariance is not positive definite, and the function is above maximum EDM.
VariableMetricBuilder: no improvement
VariableMetricBuilder: machine accuracy limits further improvement.
Minuit succeeded.
area = -15.9458937452 with chi^2 5183.26385247
VariableMetricBuilder: no improvement
VariableMetricBuilder: machine accuracy limits further improvement.
Minuit succeeded.
area = -15.987216158 with chi^2 5189.56076404
VariableMetricBuilder: no improvement
VariableMetricBuilder: finishes without convergence.
VariableMetricBuilder: edm= 0.00100576 requested: 1e-05
FunctionMinimum is invalid.
Minuit failed because the function is above maximum EDM.
VariableMetricBuilder: matrix not pos.def.
gdel > 0: 0.000154113
negative or zero diagonal element 1 in covariance matrix
negative or zero diagonal element 2 in covariance matrix
added 1.00334 to diagonal of error matrix
gdel: 0.000154113
Minuit succeeded.
area = -15.9136126915 with chi^2 5194.44061451
VariableMetricBuilder: no improvement
VariableMetricBuilder: finishes without convergence.
VariableMetricBuilder: edm= 0.000786841 requested: 1e-05
FunctionMinimum is invalid.
Minuit failed because the function is above maximum EDM.
VariableMetricBuilder: no improvement
VariableMetricBuilder: finishes without convergence.
VariableMetricBuilder: edm= 0.000932442 requested: 1e-05
FunctionMinimum is invalid.
Minuit failed because the function is above maximum EDM.
VariableMetricBuilder: no improvement
VariableMetricBuilder: machine accuracy limits further improvement.
Minuit succeeded.
area = -15.955305249 with chi^2 5175.92892666
VariableMetricBuilder: no improvement
VariableMetricBuilder: finishes without convergence.
VariableMetricBuilder: edm= 0.0646257 requested: 1e-05
FunctionMinimum is invalid.
Minuit failed because the function is above maximum EDM.
VariableMetricBuilder: matrix not pos.def.
gdel > 0: 0.594779
negative or zero diagonal element 0 in covariance matrix
negative or zero diagonal element 1 in covariance matrix
negative or zero diagonal element 2 in covariance matrix
negative or zero diagonal element 3 in covariance matrix
negative or zero diagonal element 4 in covariance matrix
negative or zero diagonal element 5 in covariance matrix
negative or zero diagonal element 6 in covariance matrix
negative or zero diagonal element 7 in covariance matrix
negative or zero diagonal element 8 in covariance matrix
added 33.1492 to diagonal of error matrix
eigenvalues: 
-18.6856
1
1
1.01736
1.10956
1.21343
1.32314
2.12647
18.8957
matrix forced pos-def by adding 18.7045 to diagonal
gdel: -36184.1
VariableMetricBuilder: no improvement
VariableMetricBuilder: finishes without convergence.
VariableMetricBuilder: edm= 0.000596917 requested: 1e-05
FunctionMinimum is invalid.
Minuit failed because the function is above maximum EDM.
VariableMetricBuilder: matrix not pos.def.
gdel > 0: 0.000116358
negative or zero diagonal element 1 in covariance matrix
added 1.00106 to diagonal of error matrix
gdel: 0.000116358
Minuit succeeded.
area = -16.0675754422 with chi^2 5176.25355245
VariableMetricBuilder: no improvement
VariableMetricBuilder: finishes without convergence.
VariableMetricBuilder: edm= 0.00190784 requested: 1e-05
FunctionMinimum is invalid.
Minuit failed because the function is above maximum EDM.
VariableMetricBuilder: no improvement
VariableMetricBuilder: machine accuracy limits further improvement.
Minuit succeeded.
area = -15.9477441925 with chi^2 5190.69076838
VariableMetricBuilder: no improvement
VariableMetricBuilder: machine accuracy limits further improvement.
Minuit succeeded.
area = -16.0758366829 with chi^2 5179.70423404
VariableMetricBuilder: no improvement
VariableMetricBuilder: machine accuracy limits further improvement.
Minuit succeeded.
area = -15.9067206739 with chi^2 5188.23173208
VariableMetricBuilder: matrix not pos.def.
gdel > 0: 0.00284208
negative or zero diagonal element 3 in covariance matrix
added 1.00426 to diagonal of error matrix
gdel: 0.00284208
Minuit succeeded.
area = -16.0738567942 with chi^2 5190.80092944
VariableMetricBuilder: no improvement
VariableMetricBuilder: machine accuracy limits further improvement.
Minuit succeeded.
area = -15.9526808798 with chi^2 5180.29559286
VariableMetricBuilder: no improvement
VariableMetricBuilder: finishes without convergence.
VariableMetricBuilder: edm= 0.00214525 requested: 1e-05
FunctionMinimum is invalid.
Minuit failed because the function is above maximum EDM.
VariableMetricBuilder: no improvement
VariableMetricBuilder: machine accuracy limits further improvement.
Minuit succeeded.
area = -16.0120636116 with chi^2 5183.83428422
VariableMetricBuilder: no improvement
VariableMetricBuilder: machine accuracy limits further improvement.
Minuit succeeded.
area = -15.9166060958 with chi^2 5187.99359275
VariableMetricBuilder: no improvement
VariableMetricBuilder: finishes without convergence.
VariableMetricBuilder: edm= 0.000444791 requested: 1e-05
FunctionMinimum is invalid.
Minuit failed because the function is above maximum EDM.
VariableMetricBuilder: no improvement
VariableMetricBuilder: finishes without convergence.
VariableMetricBuilder: edm= 0.000367543 requested: 1e-05
FunctionMinimum is invalid.
Minuit failed because the function is above maximum EDM.
VariableMetricBuilder: no improvement
VariableMetricBuilder: machine accuracy limits further improvement.
Minuit succeeded.
area = -15.919185282 with chi^2 5197.6578078
VariableMetricBuilder: no improvement
VariableMetricBuilder: finishes without convergence.
VariableMetricBuilder: edm= 0.00133496 requested: 1e-05
FunctionMinimum is invalid.
Minuit failed because the function is above maximum EDM.
Minuit succeeded.
area = -15.9463845312 with chi^2 5190.56854472
VariableMetricBuilder: no improvement
VariableMetricBuilder: machine accuracy limits further improvement.
Minuit succeeded.
area = -15.9471106138 with chi^2 5176.82014152
Minuit succeeded.
area = -15.9446018282 with chi^2 5188.55975185
VariableMetricBuilder: no improvement
VariableMetricBuilder: machine accuracy limits further improvement.
Minuit succeeded.
area = -15.9382104271 with chi^2 5179.78506855
VariableMetricBuilder: no improvement
VariableMetricBuilder: finishes without convergence.
VariableMetricBuilder: edm= 0.000366419 requested: 1e-05
FunctionMinimum is invalid.
Minuit failed because the function is above maximum EDM.
VariableMetricBuilder: no improvement
VariableMetricBuilder: machine accuracy limits further improvement.
Minuit succeeded.
area = -15.9890528737 with chi^2 5185.15309866
VariableMetricBuilder: no improvement
VariableMetricBuilder: machine accuracy limits further improvement.
Minuit succeeded.
area = -15.9240499419 with chi^2 5183.30492591
VariableMetricBuilder: no improvement
VariableMetricBuilder: machine accuracy limits further improvement.
Minuit succeeded.
area = -15.8732654877 with chi^2 5182.53644408
VariableMetricBuilder: no improvement
VariableMetricBuilder: finishes without convergence.
VariableMetricBuilder: edm= 0.00142742 requested: 1e-05
FunctionMinimum is invalid.
Minuit failed because the function is above maximum EDM.
VariableMetricBuilder: matrix not pos.def.
gdel > 0: 0.00870709
negative or zero diagonal element 1 in covariance matrix
negative or zero diagonal element 2 in covariance matrix
added 1.01576 to diagonal of error matrix
gdel: 0.00870709
Minuit succeeded.
area = -16.0272948328 with chi^2 5182.08156148
VariableMetricBuilder: no improvement
VariableMetricBuilder: machine accuracy limits further improvement.
Minuit succeeded.
area = -16.0116934557 with chi^2 5188.36810506
VariableMetricBuilder: no improvement
VariableMetricBuilder: machine accuracy limits further improvement.
Minuit succeeded.
area = -15.9398550305 with chi^2 5188.02540222
Minuit succeeded.
area = -16.0323161245 with chi^2 5191.02663059
VariableMetricBuilder: no improvement
VariableMetricBuilder: machine accuracy limits further improvement.
Minuit succeeded.
area = -15.9276945574 with chi^2 5178.18419038
VariableMetricBuilder: no improvement
VariableMetricBuilder: finishes without convergence.
VariableMetricBuilder: edm= 0.000547844 requested: 1e-05
FunctionMinimum is invalid.
Minuit failed because the function is above maximum EDM.
VariableMetricBuilder: matrix not pos.def.
gdel > 0: 0.000977549
negative or zero diagonal element 1 in covariance matrix
negative or zero diagonal element 2 in covariance matrix
negative or zero diagonal element 3 in covariance matrix
added 1.01015 to diagonal of error matrix
gdel: 0.000977549
Minuit succeeded.
area = -15.9422484437 with chi^2 5183.08734369
VariableMetricBuilder: no improvement
VariableMetricBuilder: finishes without convergence.
VariableMetricBuilder: edm= 0.000615932 requested: 1e-05
FunctionMinimum is invalid.
Minuit failed because the function is above maximum EDM.
VariableMetricBuilder: no improvement
VariableMetricBuilder: finishes without convergence.
VariableMetricBuilder: edm= 0.000419986 requested: 1e-05
FunctionMinimum is invalid.
Minuit failed because the function is above maximum EDM.
VariableMetricBuilder: no improvement
VariableMetricBuilder: machine accuracy limits further improvement.
Minuit succeeded.
area = -16.0339590047 with chi^2 5198.84679154
VariableMetricBuilder: no improvement
VariableMetricBuilder: machine accuracy limits further improvement.
Minuit succeeded.
area = -15.9548736692 with chi^2 5190.51987621
VariableMetricBuilder: no improvement
VariableMetricBuilder: finishes without convergence.
VariableMetricBuilder: edm= 0.000466693 requested: 1e-05
FunctionMinimum is invalid.
Minuit failed because the function is above maximum EDM.
eigenvalues: 
-0.0257146
0.364137
0.908303
1
1
1
1.00295
1.33027
2.42005
matrix forced pos-def by adding 0.0281346 to diagonal
MnHesse: matrix is invalid!
MnHesse: matrix is not pos. def.!
MnHesse: matrix was forced pos. def.
FunctionMinimum is invalid.
Minuit failed because covariance is not accurate, and covariance is not positive definite.
VariableMetricBuilder: no improvement
VariableMetricBuilder: finishes without convergence.
VariableMetricBuilder: edm= 0.00612248 requested: 1e-05
FunctionMinimum is invalid.
Minuit failed because the function is above maximum EDM.
VariableMetricBuilder: no improvement
VariableMetricBuilder: finishes without convergence.
VariableMetricBuilder: edm= 0.00459567 requested: 1e-05
FunctionMinimum is invalid.
Minuit failed because the function is above maximum EDM.
VariableMetricBuilder: no improvement
VariableMetricBuilder: finishes without convergence.
VariableMetricBuilder: edm= 0.000956774 requested: 1e-05
FunctionMinimum is invalid.
Minuit failed because the function is above maximum EDM.
areas mean, stdev = -15.9680716338 0.0512522686925 chi^2 mean, stdev = 5185.69250552 5.59811430007
