0.640197000533
Now with jitter = 0.0
VariableMetricBuilder: no improvement
Minuit succeeded.
area = 11.2692294788 with chi^2 237.624524179
areas mean, stdev = 11.2692294788 0.0 chi^2 mean, stdev = 237.624524179 0.0
Now with jitter = 0.05
VariableMetricBuilder: matrix not pos.def.
gdel > 0: 0.00013715
negative or zero diagonal element 0 in covariance matrix
negative or zero diagonal element 1 in covariance matrix
negative or zero diagonal element 3 in covariance matrix
negative or zero diagonal element 5 in covariance matrix
added 1.03494 to diagonal of error matrix
gdel: 0.00013715
Minuit succeeded.
area = -15.9054680608 with chi^2 5164.68196532
VariableMetricBuilder: matrix not pos.def.
gdel > 0: 0.000337265
negative or zero diagonal element 1 in covariance matrix
negative or zero diagonal element 2 in covariance matrix
added 1.00257 to diagonal of error matrix
gdel: 0.000337265
Minuit succeeded.
area = -15.8518112412 with chi^2 5167.29898935
VariableMetricBuilder: no improvement
VariableMetricBuilder: finishes without convergence.
VariableMetricBuilder: edm= 0.00767773 requested: 1e-05
FunctionMinimum is invalid.
Minuit failed because the function is above maximum EDM.
VariableMetricBuilder: no improvement
VariableMetricBuilder: machine accuracy limits further improvement.
Minuit succeeded.
area = -15.8352933698 with chi^2 5168.28301371
VariableMetricBuilder: no improvement
VariableMetricBuilder: machine accuracy limits further improvement.
Minuit succeeded.
area = -15.82059586 with chi^2 5161.8243804
VariableMetricBuilder: no improvement
VariableMetricBuilder: machine accuracy limits further improvement.
Minuit succeeded.
area = -15.8605748105 with chi^2 5168.06120853
Minuit succeeded.
area = -15.8340783903 with chi^2 5166.45145598
VariableMetricBuilder: no improvement
VariableMetricBuilder: machine accuracy limits further improvement.
Minuit succeeded.
area = -15.8416176291 with chi^2 5166.63283435
VariableMetricBuilder: matrix not pos.def.
gdel > 0: 1.77426e-05
eigenvalues: 
-0.605177
0.116773
0.268062
0.643253
0.724002
1.19735
1.38094
1.8833
3.39149
matrix forced pos-def by adding 0.608568 to diagonal
gdel: -4.62354e-05
VariableMetricBuilder: matrix not pos.def.
gdel > 0: 0.000322518
negative or zero diagonal element 0 in covariance matrix
negative or zero diagonal element 3 in covariance matrix
negative or zero diagonal element 5 in covariance matrix
negative or zero diagonal element 8 in covariance matrix
added 1.09511 to diagonal of error matrix
gdel: 0.000322518
Minuit succeeded.
area = -15.8952465039 with chi^2 5158.21128199
VariableMetricBuilder: no improvement
VariableMetricBuilder: machine accuracy limits further improvement.
Minuit succeeded.
area = -15.85366934 with chi^2 5163.24350065
VariableMetricBuilder: no improvement
VariableMetricBuilder: machine accuracy limits further improvement.
Minuit succeeded.
area = -15.8540603663 with chi^2 5159.02451678
VariableMetricBuilder: no improvement
VariableMetricBuilder: machine accuracy limits further improvement.
Minuit succeeded.
area = -15.8696562097 with chi^2 5167.76609559
VariableMetricBuilder: no improvement
VariableMetricBuilder: finishes without convergence.
VariableMetricBuilder: edm= 0.00180003 requested: 1e-05
FunctionMinimum is invalid.
Minuit failed because the function is above maximum EDM.
VariableMetricBuilder: no improvement
VariableMetricBuilder: machine accuracy limits further improvement.
eigenvalues: 
-0.110749
0.41536
0.846106
1
1
1
1.00284
1.32539
2.52105
matrix forced pos-def by adding 0.11327 to diagonal
MnHesse: matrix is invalid!
MnHesse: matrix is not pos. def.!
MnHesse: matrix was forced pos. def.
FunctionMinimum is invalid.
Minuit failed because covariance is not accurate, and covariance is not positive definite.
VariableMetricBuilder: no improvement
VariableMetricBuilder: machine accuracy limits further improvement.
Minuit succeeded.
area = -15.9196182708 with chi^2 5160.10880744
VariableMetricBuilder: no improvement
VariableMetricBuilder: finishes without convergence.
VariableMetricBuilder: edm= 0.00139647 requested: 1e-05
FunctionMinimum is invalid.
Minuit failed because the function is above maximum EDM.
VariableMetricBuilder: no improvement
VariableMetricBuilder: machine accuracy limits further improvement.
Minuit succeeded.
area = -15.8254597964 with chi^2 5171.95320384
VariableMetricBuilder: no improvement
VariableMetricBuilder: machine accuracy limits further improvement.
Minuit succeeded.
area = -15.8362936107 with chi^2 5161.05784923
VariableMetricBuilder: no improvement
VariableMetricBuilder: machine accuracy limits further improvement.
Minuit succeeded.
area = -15.8385783993 with chi^2 5159.21626291
VariableMetricBuilder: no improvement
VariableMetricBuilder: machine accuracy limits further improvement.
eigenvalues: 
-0.0612586
0.3913
0.862027
1
1
1
1.00225
1.34259
2.46309
matrix forced pos-def by adding 0.0637217 to diagonal
MnHesse: matrix is invalid!
MnHesse: matrix is not pos. def.!
MnHesse: matrix was forced pos. def.
FunctionMinimum is invalid.
Minuit failed because covariance is not accurate, and covariance is not positive definite.
VariableMetricBuilder: no improvement
VariableMetricBuilder: finishes without convergence.
VariableMetricBuilder: edm= 0.000879301 requested: 1e-05
FunctionMinimum is invalid.
Minuit failed because the function is above maximum EDM.
VariableMetricBuilder: no improvement
VariableMetricBuilder: machine accuracy limits further improvement.
Minuit succeeded.
area = -15.8873172874 with chi^2 5165.83347206
VariableMetricBuilder: no improvement
VariableMetricBuilder: machine accuracy limits further improvement.
Minuit succeeded.
area = -15.8809201706 with chi^2 5164.52699185
VariableMetricBuilder: no improvement
VariableMetricBuilder: machine accuracy limits further improvement.
Minuit succeeded.
area = -15.8416997337 with chi^2 5168.90381249
VariableMetricBuilder: no improvement
VariableMetricBuilder: machine accuracy limits further improvement.
Minuit succeeded.
area = -15.8653171258 with chi^2 5156.69846958
VariableMetricBuilder: matrix not pos.def.
gdel > 0: 0.00530153
negative or zero diagonal element 0 in covariance matrix
negative or zero diagonal element 1 in covariance matrix
negative or zero diagonal element 3 in covariance matrix
negative or zero diagonal element 4 in covariance matrix
negative or zero diagonal element 5 in covariance matrix
negative or zero diagonal element 7 in covariance matrix
negative or zero diagonal element 8 in covariance matrix
added 3.48868 to diagonal of error matrix
eigenvalues: 
-0.724265
1
1.00001
1.00587
1.00845
1.01927
1.04264
1.25005
2.39798
matrix forced pos-def by adding 0.726663 to diagonal
gdel: -47.5665
VariableMetricBuilder: no improvement
VariableMetricBuilder: finishes without convergence.
VariableMetricBuilder: edm= 0.376817 requested: 1e-05
FunctionMinimum is invalid.
Minuit failed because the function is above maximum EDM.
VariableMetricBuilder: matrix not pos.def.
gdel > 0: 0.00026825
negative or zero diagonal element 1 in covariance matrix
negative or zero diagonal element 2 in covariance matrix
negative or zero diagonal element 3 in covariance matrix
negative or zero diagonal element 4 in covariance matrix
negative or zero diagonal element 5 in covariance matrix
added 1.03642 to diagonal of error matrix
gdel: 0.00026825
Minuit succeeded.
area = -15.8963438261 with chi^2 5164.73734185
VariableMetricBuilder: no improvement
VariableMetricBuilder: machine accuracy limits further improvement.
eigenvalues: 
-0.00718852
0.382008
0.926313
1
1
1
1.00253
1.26622
2.43012
matrix forced pos-def by adding 0.00961864 to diagonal
MnHesse: matrix is invalid!
MnHesse: matrix is not pos. def.!
MnHesse: matrix was forced pos. def.
FunctionMinimum is invalid.
Minuit failed because covariance is not accurate, and covariance is not positive definite.
VariableMetricBuilder: matrix not pos.def.
gdel > 0: 1.1333e-06
negative or zero diagonal element 1 in covariance matrix
negative or zero diagonal element 5 in covariance matrix
added 1.01334 to diagonal of error matrix
gdel: 1.1333e-06
Minuit succeeded.
area = -15.8458037162 with chi^2 5167.15036388
VariableMetricBuilder: no improvement
VariableMetricBuilder: machine accuracy limits further improvement.
Minuit succeeded.
area = -15.8769173928 with chi^2 5162.34458048
VariableMetricBuilder: no improvement
VariableMetricBuilder: machine accuracy limits further improvement.
Minuit succeeded.
area = -15.8197766952 with chi^2 5171.14805625
VariableMetricBuilder: no improvement
VariableMetricBuilder: machine accuracy limits further improvement.
Minuit succeeded.
area = -15.8210799509 with chi^2 5172.51153362
VariableMetricBuilder: matrix not pos.def.
gdel > 0: 0.000161578
negative or zero diagonal element 1 in covariance matrix
negative or zero diagonal element 2 in covariance matrix
negative or zero diagonal element 5 in covariance matrix
added 1.0122 to diagonal of error matrix
gdel: 0.000161578
Minuit succeeded.
area = -15.8940997562 with chi^2 5163.63507252
VariableMetricBuilder: matrix not pos.def.
gdel > 0: 0.000124345
negative or zero diagonal element 6 in covariance matrix
added 1.01651 to diagonal of error matrix
gdel: 0.000124345
Minuit succeeded.
area = -15.8492824693 with chi^2 5165.36206422
VariableMetricBuilder: matrix not pos.def.
gdel > 0: 0.000752575
negative or zero diagonal element 3 in covariance matrix
negative or zero diagonal element 5 in covariance matrix
added 1.01827 to diagonal of error matrix
gdel: 0.000752575
Minuit succeeded.
area = -15.8689557013 with chi^2 5168.57754547
eigenvalues: 
-0.0964367
0.381682
0.883522
1
1
1
1.00262
1.29109
2.53752
matrix forced pos-def by adding 0.0989742 to diagonal
MnHesse: matrix is invalid!
MnHesse: matrix is not pos. def.!
MnHesse: matrix was forced pos. def.
FunctionMinimum is invalid.
Minuit failed because covariance is not accurate, and covariance is not positive definite.
VariableMetricBuilder: no improvement
VariableMetricBuilder: machine accuracy limits further improvement.
Minuit succeeded.
area = -15.8827120372 with chi^2 5160.53128203
VariableMetricBuilder: no improvement
VariableMetricBuilder: machine accuracy limits further improvement.
Minuit succeeded.
area = -15.8330989797 with chi^2 5169.96533394
VariableMetricBuilder: matrix not pos.def.
gdel > 0: 2.51092e-05
negative or zero diagonal element 1 in covariance matrix
negative or zero diagonal element 2 in covariance matrix
added 1.00327 to diagonal of error matrix
gdel: 2.51092e-05
eigenvalues: 
-0.047583
0.362403
0.897017
1
1
1
1.00222
1.33806
2.44788
matrix forced pos-def by adding 0.0500309 to diagonal
MnHesse: matrix is invalid!
MnHesse: matrix is not pos. def.!
MnHesse: matrix was forced pos. def.
FunctionMinimum is invalid.
