0.629058640571
Now with jitter = 0.0
Minuit succeeded.
area = 11.4540118403 with chi^2 220.855277286
areas mean, stdev = 11.4540118403 0.0 chi^2 mean, stdev = 220.855277286 0.0
Now with jitter = 0.05
VariableMetricBuilder: no improvement
VariableMetricBuilder: machine accuracy limits further improvement.
Minuit succeeded.
area = -15.7388383487 with chi^2 5132.73627473
VariableMetricBuilder: matrix not pos.def.
gdel > 0: 0.000974935
negative or zero diagonal element 1 in covariance matrix
negative or zero diagonal element 2 in covariance matrix
negative or zero diagonal element 5 in covariance matrix
added 1.00975 to diagonal of error matrix
gdel: 0.000974935
Minuit succeeded.
area = -15.7582246611 with chi^2 5130.21880982
VariableMetricBuilder: matrix not pos.def.
gdel > 0: 3.26854e-05
negative or zero diagonal element 7 in covariance matrix
added 1.08092 to diagonal of error matrix
gdel: 3.26854e-05
Minuit succeeded.
area = -15.7137069213 with chi^2 5134.81921757
VariableMetricBuilder: no improvement
VariableMetricBuilder: machine accuracy limits further improvement.
Minuit succeeded.
area = -15.7317981646 with chi^2 5143.57638505
VariableMetricBuilder: no improvement
VariableMetricBuilder: machine accuracy limits further improvement.
Minuit succeeded.
area = -15.755615614 with chi^2 5135.62019939
VariableMetricBuilder: no improvement
VariableMetricBuilder: machine accuracy limits further improvement.
Minuit succeeded.
area = -15.7489619163 with chi^2 5135.35727396
VariableMetricBuilder: no improvement
VariableMetricBuilder: machine accuracy limits further improvement.
Minuit succeeded.
area = -15.7382739635 with chi^2 5133.52102283
VariableMetricBuilder: matrix not pos.def.
gdel > 0: 2.83612e-05
negative or zero diagonal element 4 in covariance matrix
negative or zero diagonal element 5 in covariance matrix
added 1.02796 to diagonal of error matrix
gdel: 2.83612e-05
Minuit succeeded.
area = -15.7179031868 with chi^2 5137.17012741
VariableMetricBuilder: no improvement
VariableMetricBuilder: machine accuracy limits further improvement.
Minuit succeeded.
area = -15.7084312834 with chi^2 5136.15830398
VariableMetricBuilder: no improvement
VariableMetricBuilder: finishes without convergence.
VariableMetricBuilder: edm= 0.000350257 requested: 1e-05
FunctionMinimum is invalid.
Minuit failed because the function is above maximum EDM.
VariableMetricBuilder: no improvement
VariableMetricBuilder: machine accuracy limits further improvement.
Minuit succeeded.
area = -15.7248457222 with chi^2 5132.13699652
VariableMetricBuilder: no improvement
VariableMetricBuilder: machine accuracy limits further improvement.
Minuit succeeded.
area = -15.7388875503 with chi^2 5129.23862729
VariableMetricBuilder: no improvement
VariableMetricBuilder: finishes without convergence.
VariableMetricBuilder: edm= 0.000532996 requested: 1e-05
FunctionMinimum is invalid.
Minuit failed because the function is above maximum EDM.
VariableMetricBuilder: no improvement
VariableMetricBuilder: machine accuracy limits further improvement.
Minuit succeeded.
area = -15.7674810582 with chi^2 5133.70646965
Minuit succeeded.
area = -15.6702312248 with chi^2 5130.90105508
Minuit succeeded.
area = -15.7564614415 with chi^2 5129.56468446
VariableMetricBuilder: matrix not pos.def.
gdel > 0: 0.00175091
negative or zero diagonal element 1 in covariance matrix
negative or zero diagonal element 2 in covariance matrix
negative or zero diagonal element 5 in covariance matrix
added 1.0276 to diagonal of error matrix
gdel: 0.00175091
eigenvalues: 
-0.0396559
0.391711
0.860292
1
1
1
1.0027
1.34136
2.44359
matrix forced pos-def by adding 0.0420995 to diagonal
MnHesse: matrix is invalid!
MnHesse: matrix is not pos. def.!
MnHesse: matrix was forced pos. def.
FunctionMinimum is invalid.
Minuit failed because covariance is not accurate, and covariance is not positive definite.
VariableMetricBuilder: no improvement
VariableMetricBuilder: machine accuracy limits further improvement.
Minuit succeeded.
area = -15.7456433849 with chi^2 5136.40614607
VariableMetricBuilder: matrix not pos.def.
gdel > 0: 2.99486e-05
eigenvalues: 
-5.48077
0.311121
0.340726
0.459146
0.950231
1.08294
1.2043
2.0987
8.03361
matrix forced pos-def by adding 5.4888 to diagonal
gdel: -0.000180325
Minuit succeeded.
area = -15.7049908028 with chi^2 5131.84499829
VariableMetricBuilder: matrix not pos.def.
gdel > 0: 0.00223064
negative or zero diagonal element 1 in covariance matrix
negative or zero diagonal element 2 in covariance matrix
negative or zero diagonal element 3 in covariance matrix
negative or zero diagonal element 5 in covariance matrix
negative or zero diagonal element 8 in covariance matrix
added 1.04991 to diagonal of error matrix
gdel: 0.00223064
Minuit succeeded.
area = -15.7033160395 with chi^2 5134.4063481
Minuit succeeded.
area = -15.7596343864 with chi^2 5133.14325875
VariableMetricBuilder: matrix not pos.def.
gdel > 0: 0.00104813
negative or zero diagonal element 0 in covariance matrix
negative or zero diagonal element 1 in covariance matrix
negative or zero diagonal element 2 in covariance matrix
negative or zero diagonal element 5 in covariance matrix
negative or zero diagonal element 7 in covariance matrix
added 1.45789 to diagonal of error matrix
gdel: 0.00104813
Minuit succeeded.
area = -15.7825481443 with chi^2 5134.84289879
VariableMetricBuilder: no improvement
VariableMetricBuilder: finishes without convergence.
VariableMetricBuilder: edm= 0.000341819 requested: 1e-05
FunctionMinimum is invalid.
Minuit failed because the function is above maximum EDM.
VariableMetricBuilder: no improvement
VariableMetricBuilder: machine accuracy limits further improvement.
Minuit succeeded.
area = -15.7133180383 with chi^2 5131.74948488
VariableMetricBuilder: matrix not pos.def.
gdel > 0: 7.18348e-05
negative or zero diagonal element 1 in covariance matrix
negative or zero diagonal element 2 in covariance matrix
negative or zero diagonal element 3 in covariance matrix
negative or zero diagonal element 5 in covariance matrix
added 1.01271 to diagonal of error matrix
gdel: 7.18348e-05
Minuit succeeded.
area = -15.7920533059 with chi^2 5128.1611675
VariableMetricBuilder: no improvement
VariableMetricBuilder: machine accuracy limits further improvement.
Minuit succeeded.
area = -15.7317290133 with chi^2 5135.36700998
VariableMetricBuilder: matrix not pos.def.
gdel > 0: 0.00099303
negative or zero diagonal element 0 in covariance matrix
negative or zero diagonal element 1 in covariance matrix
negative or zero diagonal element 2 in covariance matrix
negative or zero diagonal element 3 in covariance matrix
negative or zero diagonal element 5 in covariance matrix
negative or zero diagonal element 6 in covariance matrix
added 1.07057 to diagonal of error matrix
gdel: 0.00099303
Minuit succeeded.
area = -15.6987572681 with chi^2 5135.08344894
Minuit succeeded.
area = -15.7212990069 with chi^2 5135.87026592
VariableMetricBuilder: no improvement
VariableMetricBuilder: machine accuracy limits further improvement.
Minuit succeeded.
area = -15.7276978114 with chi^2 5128.23716377
VariableMetricBuilder: no improvement
VariableMetricBuilder: machine accuracy limits further improvement.
Minuit succeeded.
area = -15.7067413281 with chi^2 5139.50372711
VariableMetricBuilder: no improvement
VariableMetricBuilder: machine accuracy limits further improvement.
Minuit succeeded.
area = -15.7330660233 with chi^2 5134.71249242
VariableMetricBuilder: no improvement
VariableMetricBuilder: machine accuracy limits further improvement.
Minuit succeeded.
area = -15.736808342 with chi^2 5129.59961604
VariableMetricBuilder: no improvement
VariableMetricBuilder: machine accuracy limits further improvement.
Minuit succeeded.
area = -15.7340942203 with chi^2 5136.07240657
VariableMetricBuilder: no improvement
VariableMetricBuilder: finishes without convergence.
VariableMetricBuilder: edm= 0.000968159 requested: 1e-05
FunctionMinimum is invalid.
Minuit failed because the function is above maximum EDM.
eigenvalues: 
-0.0165472
0.358772
0.925122
1
1
1
1.00323
1.31449
2.41493
matrix forced pos-def by adding 0.0189621 to diagonal
MnHesse: matrix is invalid!
MnHesse: matrix is not pos. def.!
MnHesse: matrix was forced pos. def.
FunctionMinimum is invalid.
Minuit failed because covariance is not accurate, and covariance is not positive definite.
Minuit succeeded.
area = -15.6855001798 with chi^2 5134.51741227
eigenvalues: 
-0.0322642
0.398698
0.873041
1
1
1
1.00321
1.28976
2.46756
matrix forced pos-def by adding 0.0347317 to diagonal
MnHesse: matrix is invalid!
MnHesse: matrix is not pos. def.!
MnHesse: matrix was forced pos. def.
FunctionMinimum is invalid.
Minuit failed because covariance is not accurate, and covariance is not positive definite.
Minuit succeeded.
area = -15.6970653418 with chi^2 5133.45549743
VariableMetricBuilder: matrix not pos.def.
gdel > 0: 0.000222248
negative or zero diagonal element 1 in covariance matrix
negative or zero diagonal element 2 in covariance matrix
negative or zero diagonal element 5 in covariance matrix
negative or zero diagonal element 6 in covariance matrix
added 1.03152 to diagonal of error matrix
gdel: 0.000222248
Minuit succeeded.
area = -15.7303336922 with chi^2 5134.16126768
VariableMetricBuilder: matrix not pos.def.
gdel > 0: 0.000198147
negative or zero diagonal element 1 in covariance matrix
negative or zero diagonal element 8 in covariance matrix
added 1.24238 to diagonal of error matrix
gdel: 0.000198147
Minuit succeeded.
area = -15.7418046618 with chi^2 5134.15773952
VariableMetricBuilder: no improvement
VariableMetricBuilder: machine accuracy limits further improvement.
Minuit succeeded.
area = -15.7421408947 with chi^2 5138.39004659
VariableMetricBuilder: matrix not pos.def.
gdel > 0: 0.00014327
negative or zero diagonal element 1 in covariance matrix
negative or zero diagonal element 2 in covariance matrix
added 1.00201 to diagonal of error matrix
gdel: 0.00014327
Minuit succeeded.
area = -15.7333227487 with chi^2 5130.61395908
VariableMetricBuilder: matrix not pos.def.
gdel > 0: 8.43087e-07
negative or zero diagonal element 1 in covariance matrix
negative or zero diagonal element 2 in covariance matrix
negative or zero diagonal element 5 in covariance matrix
added 1.00276 to diagonal of error matrix
gdel: 8.43087e-07
Minuit succeeded.
area = -15.7666006028 with chi^2 5129.94991338
VariableMetricBuilder: no improvement
VariableMetricBuilder: machine accuracy limits further improvement.
Minuit succeeded.
area = -15.7241346689 with chi^2 5141.37708317
VariableMetricBuilder: no improvement
VariableMetricBuilder: finishes without convergence.
VariableMetricBuilder: edm= 0.00054884 requested: 1e-05
FunctionMinimum is invalid.
Minuit failed because the function is above maximum EDM.
VariableMetricBuilder: matrix not pos.def.
gdel > 0: 5.66221e-05
negative or zero diagonal element 1 in covariance matrix
negative or zero diagonal element 6 in covariance matrix
added 1.10112 to diagonal of error matrix
gdel: 5.66221e-05
Minuit succeeded.
area = -15.7265450973 with chi^2 5135.79875894
VariableMetricBuilder: no improvement
VariableMetricBuilder: machine accuracy limits further improvement.
Minuit succeeded.
area = -15.7209518061 with chi^2 5132.40724836
VariableMetricBuilder: no improvement
VariableMetricBuilder: machine accuracy limits further improvement.
Minuit succeeded.
area = -15.7278607295 with chi^2 5138.47040536
VariableMetricBuilder: no improvement
VariableMetricBuilder: finishes without convergence.
VariableMetricBuilder: edm= 0.000490648 requested: 1e-05
FunctionMinimum is invalid.
Minuit failed because the function is above maximum EDM.
VariableMetricBuilder: no improvement
VariableMetricBuilder: finishes without convergence.
VariableMetricBuilder: edm= 0.00062185 requested: 1e-05
eigenvalues: 
-0.0163247
0.412399
0.845199
1
1
1
1.00292
1.32866
2.42715
matrix forced pos-def by adding 0.0187519 to diagonal
MnHesse: matrix is invalid!
MnHesse: matrix is not pos. def.!
MnHesse: matrix was forced pos. def.
FunctionMinimum is invalid.
Minuit failed because covariance is not accurate, covariance is not positive definite, and the function is above maximum EDM.
VariableMetricBuilder: matrix not pos.def.
gdel > 0: 0.000752455
negative or zero diagonal element 1 in covariance matrix
negative or zero diagonal element 2 in covariance matrix
negative or zero diagonal element 3 in covariance matrix
negative or zero diagonal element 4 in covariance matrix
negative or zero diagonal element 5 in covariance matrix
negative or zero diagonal element 6 in covariance matrix
negative or zero diagonal element 7 in covariance matrix
added 6.22233 to diagonal of error matrix
eigenvalues: 
-0.60655
0.99921
1
1.00135
1.00957
1.01331
1.01908
1.075
2.48904
matrix forced pos-def by adding 0.609039 to diagonal
gdel: -5.5283
VariableMetricBuilder: no improvement
VariableMetricBuilder: finishes without convergence.
VariableMetricBuilder: edm= 0.779663 requested: 1e-05
FunctionMinimum is invalid.
Minuit failed because the function is above maximum EDM.
Minuit succeeded.
area = -15.6985798934 with chi^2 5139.45669517
VariableMetricBuilder: no improvement
VariableMetricBuilder: machine accuracy limits further improvement.
Minuit succeeded.
area = -15.748029913 with chi^2 5131.91373886
Minuit succeeded.
area = -15.7262899362 with chi^2 5137.4195552
VariableMetricBuilder: no improvement
VariableMetricBuilder: machine accuracy limits further improvement.
Minuit succeeded.
area = -15.7256556158 with chi^2 5137.90608141
VariableMetricBuilder: no improvement
VariableMetricBuilder: machine accuracy limits further improvement.
Minuit succeeded.
area = -15.7213711898 with chi^2 5134.42772944
VariableMetricBuilder: no improvement
VariableMetricBuilder: machine accuracy limits further improvement.
Minuit succeeded.
area = -15.6890099212 with chi^2 5132.12035186
Minuit succeeded.
area = -15.7349887155 with chi^2 5132.01269659
VariableMetricBuilder: no improvement
VariableMetricBuilder: machine accuracy limits further improvement.
Minuit succeeded.
area = -15.7411241253 with chi^2 5131.88444001
Minuit succeeded.
area = -15.7066813991 with chi^2 5132.96496515
VariableMetricBuilder: no improvement
VariableMetricBuilder: machine accuracy limits further improvement.
Minuit succeeded.
area = -15.7723611924 with chi^2 5131.5949714
VariableMetricBuilder: no improvement
VariableMetricBuilder: machine accuracy limits further improvement.
Minuit succeeded.
area = -15.7554744574 with chi^2 5137.13563702
VariableMetricBuilder: no improvement
VariableMetricBuilder: machine accuracy limits further improvement.
Minuit succeeded.
area = -15.7037896166 with chi^2 5133.98176212
VariableMetricBuilder: matrix not pos.def.
gdel > 0: 0.000967704
negative or zero diagonal element 1 in covariance matrix
negative or zero diagonal element 2 in covariance matrix
added 1.00607 to diagonal of error matrix
gdel: 0.000967704
Minuit succeeded.
area = -15.7139895963 with chi^2 5134.24158007
VariableMetricBuilder: no improvement
VariableMetricBuilder: machine accuracy limits further improvement.
Minuit succeeded.
area = -15.7249505133 with chi^2 5129.86699203
Minuit succeeded.
area = -15.7588484444 with chi^2 5136.00768163
VariableMetricBuilder: no improvement
VariableMetricBuilder: machine accuracy limits further improvement.
Minuit succeeded.
area = -15.6948887259 with chi^2 5127.73470754
Minuit succeeded.
area = -15.7371379148 with chi^2 5131.68531174
VariableMetricBuilder: no improvement
VariableMetricBuilder: machine accuracy limits further improvement.
Minuit succeeded.
area = -15.7202831175 with chi^2 5133.60533737
VariableMetricBuilder: no improvement
VariableMetricBuilder: machine accuracy limits further improvement.
eigenvalues: 
-0.0707477
0.361093
0.895095
1
1
1
1.00275
1.34128
2.47053
matrix forced pos-def by adding 0.0732183 to diagonal
MnHesse: matrix is invalid!
MnHesse: matrix is not pos. def.!
MnHesse: matrix was forced pos. def.
FunctionMinimum is invalid.
Minuit failed because covariance is not accurate, and covariance is not positive definite.
VariableMetricBuilder: matrix not pos.def.
gdel > 0: 0.00378805
negative or zero diagonal element 1 in covariance matrix
negative or zero diagonal element 2 in covariance matrix
negative or zero diagonal element 3 in covariance matrix
negative or zero diagonal element 4 in covariance matrix
negative or zero diagonal element 5 in covariance matrix
negative or zero diagonal element 6 in covariance matrix
negative or zero diagonal element 8 in covariance matrix
added 1.46294 to diagonal of error matrix
gdel: 0.00378805
Minuit succeeded.
area = -15.6964016542 with chi^2 5134.59386354
Minuit succeeded.
area = -15.7351574387 with chi^2 5136.85988905
Minuit succeeded.
area = -15.6597211975 with chi^2 5137.23837345
VariableMetricBuilder: matrix not pos.def.
gdel > 0: 0.000155047
negative or zero diagonal element 1 in covariance matrix
added 1.00057 to diagonal of error matrix
gdel: 0.000155047
Minuit succeeded.
area = -15.7103601755 with chi^2 5137.99097772
VariableMetricBuilder: no improvement
VariableMetricBuilder: machine accuracy limits further improvement.
Minuit succeeded.
area = -15.6738534904 with chi^2 5134.17668897
VariableMetricBuilder: matrix not pos.def.
gdel > 0: 0.00154547
negative or zero diagonal element 1 in covariance matrix
negative or zero diagonal element 2 in covariance matrix
added 1.01112 to diagonal of error matrix
gdel: 0.00154547
Minuit succeeded.
area = -15.7462349687 with chi^2 5128.85316618
VariableMetricBuilder: no improvement
VariableMetricBuilder: machine accuracy limits further improvement.
Minuit succeeded.
area = -15.7192452505 with chi^2 5140.05243839
VariableMetricBuilder: matrix not pos.def.
gdel > 0: 0.000109926
negative or zero diagonal element 1 in covariance matrix
negative or zero diagonal element 2 in covariance matrix
negative or zero diagonal element 3 in covariance matrix
negative or zero diagonal element 5 in covariance matrix
negative or zero diagonal element 8 in covariance matrix
added 1.05542 to diagonal of error matrix
gdel: 0.000109926
Minuit succeeded.
area = -15.7222047649 with chi^2 5130.46766639
VariableMetricBuilder: no improvement
VariableMetricBuilder: machine accuracy limits further improvement.
Minuit succeeded.
area = -15.7300268856 with chi^2 5132.94072754
VariableMetricBuilder: no improvement
VariableMetricBuilder: machine accuracy limits further improvement.
Minuit succeeded.
area = -15.6613413999 with chi^2 5138.38195656
VariableMetricBuilder: no improvement
VariableMetricBuilder: machine accuracy limits further improvement.
Minuit succeeded.
area = -15.7417159948 with chi^2 5127.13813415
VariableMetricBuilder: matrix not pos.def.
gdel > 0: 0.000387042
negative or zero diagonal element 1 in covariance matrix
negative or zero diagonal element 2 in covariance matrix
added 1.00301 to diagonal of error matrix
gdel: 0.000387042
Minuit succeeded.
area = -15.754898225 with chi^2 5131.90756986
VariableMetricBuilder: no improvement
VariableMetricBuilder: finishes without convergence.
VariableMetricBuilder: edm= 0.000562783 requested: 1e-05
FunctionMinimum is invalid.
Minuit failed because the function is above maximum EDM.
VariableMetricBuilder: matrix not pos.def.
gdel > 0: 0.000438152
negative or zero diagonal element 1 in covariance matrix
negative or zero diagonal element 2 in covariance matrix
added 1.00807 to diagonal of error matrix
gdel: 0.000438152
Minuit succeeded.
area = -15.6918433026 with chi^2 5133.91200841
VariableMetricBuilder: no improvement
VariableMetricBuilder: machine accuracy limits further improvement.
Minuit succeeded.
area = -15.7355402888 with chi^2 5130.92857759
VariableMetricBuilder: no improvement
VariableMetricBuilder: machine accuracy limits further improvement.
Minuit succeeded.
area = -15.6991813773 with chi^2 5132.64286835
VariableMetricBuilder: matrix not pos.def.
gdel > 0: 6.88465e-05
negative or zero diagonal element 1 in covariance matrix
negative or zero diagonal element 2 in covariance matrix
negative or zero diagonal element 5 in covariance matrix
added 1.02624 to diagonal of error matrix
gdel: 6.88465e-05
Minuit succeeded.
area = -15.7114527369 with chi^2 5136.84720809
VariableMetricBuilder: no improvement
VariableMetricBuilder: machine accuracy limits further improvement.
Minuit succeeded.
area = -15.7194037073 with chi^2 5142.07365609
Minuit succeeded.
area = -15.736236872 with chi^2 5125.07126856
VariableMetricBuilder: no improvement
VariableMetricBuilder: machine accuracy limits further improvement.
Minuit succeeded.
area = -15.7447377123 with chi^2 5132.82114283
VariableMetricBuilder: no improvement
VariableMetricBuilder: machine accuracy limits further improvement.
Minuit succeeded.
area = -15.7371484555 with chi^2 5135.70255077
VariableMetricBuilder: no improvement
VariableMetricBuilder: machine accuracy limits further improvement.
eigenvalues: 
-0.0227219
0.388131
0.91864
1
1
1
1.00321
1.24645
2.46628
matrix forced pos-def by adding 0.0251882 to diagonal
MnHesse: matrix is invalid!
MnHesse: matrix is not pos. def.!
MnHesse: matrix was forced pos. def.
FunctionMinimum is invalid.
Minuit failed because covariance is not accurate, and covariance is not positive definite.
VariableMetricBuilder: matrix not pos.def.
gdel > 0: 0.00145666
negative or zero diagonal element 0 in covariance matrix
negative or zero diagonal element 1 in covariance matrix
negative or zero diagonal element 2 in covariance matrix
negative or zero diagonal element 3 in covariance matrix
negative or zero diagonal element 5 in covariance matrix
added 1.22629 to diagonal of error matrix
gdel: 0.00145666
Minuit succeeded.
area = -15.7194556491 with chi^2 5132.07614601
Minuit succeeded.
area = -15.6961204912 with chi^2 5134.36782129
VariableMetricBuilder: matrix not pos.def.
gdel > 0: 0.0040075
negative or zero diagonal element 3 in covariance matrix
negative or zero diagonal element 4 in covariance matrix
negative or zero diagonal element 5 in covariance matrix
negative or zero diagonal element 7 in covariance matrix
negative or zero diagonal element 8 in covariance matrix
added 3.48769 to diagonal of error matrix
eigenvalues: 
-0.338378
0.999902
1
1.00164
1.00192
1.01109
1.11448
1.20041
2.00894
matrix forced pos-def by adding 0.340387 to diagonal
gdel: -57.6101
VariableMetricBuilder: no improvement
VariableMetricBuilder: finishes without convergence.
VariableMetricBuilder: edm= 0.941484 requested: 1e-05
FunctionMinimum is invalid.
Minuit failed because the function is above maximum EDM.
VariableMetricBuilder: matrix not pos.def.
gdel > 0: 0.000576932
negative or zero diagonal element 0 in covariance matrix
negative or zero diagonal element 1 in covariance matrix
negative or zero diagonal element 2 in covariance matrix
negative or zero diagonal element 5 in covariance matrix
negative or zero diagonal element 8 in covariance matrix
added 1.13566 to diagonal of error matrix
gdel: 0.000576932
Minuit succeeded.
area = -15.7399613331 with chi^2 5128.00789874
VariableMetricBuilder: no improvement
VariableMetricBuilder: machine accuracy limits further improvement.
Minuit succeeded.
area = -15.732796383 with chi^2 5137.02374319
VariableMetricBuilder: no improvement
VariableMetricBuilder: machine accuracy limits further improvement.
Minuit succeeded.
area = -15.6651462815 with chi^2 5133.36071853
Minuit succeeded.
area = -15.7396010245 with chi^2 5136.32200466
VariableMetricBuilder: no improvement
VariableMetricBuilder: machine accuracy limits further improvement.
Minuit succeeded.
area = -15.6916980617 with chi^2 5137.00678461
areas mean, stdev = -15.7252065648 0.026080896604 chi^2 mean, stdev = 5133.97354467 3.47594001373
Now with jitter = 0.07
VariableMetricBuilder: no improvement
VariableMetricBuilder: machine accuracy limits further improvement.
Minuit succeeded.
area = -15.8174534364 with chi^2 5129.9719615
Minuit succeeded.
area = -15.7118683277 with chi^2 5131.65578939
VariableMetricBuilder: matrix not pos.def.
gdel > 0: 1.10263e-05
negative or zero diagonal element 1 in covariance matrix
added 1.00117 to diagonal of error matrix
gdel: 1.10263e-05
eigenvalues: 
-0.0235081
0.392145
0.876806
1
1
1
1.00281
1.29889
2.45286
matrix forced pos-def by adding 0.0259609 to diagonal
MnHesse: matrix is invalid!
MnHesse: matrix is not pos. def.!
MnHesse: matrix was forced pos. def.
FunctionMinimum is invalid.
Minuit failed because covariance is not accurate, and covariance is not positive definite.
VariableMetricBuilder: no improvement
VariableMetricBuilder: machine accuracy limits further improvement.
Minuit succeeded.
area = -15.7282115574 with chi^2 5128.650097
VariableMetricBuilder: no improvement
VariableMetricBuilder: finishes without convergence.
VariableMetricBuilder: edm= 0.000668333 requested: 1e-05
FunctionMinimum is invalid.
Minuit failed because the function is above maximum EDM.
VariableMetricBuilder: matrix not pos.def.
edm < 0
negative or zero diagonal element 1 in covariance matrix
added 1.00018 to diagonal of error matrix
Minuit succeeded.
area = -15.7184669135 with chi^2 5138.9873721
VariableMetricBuilder: no improvement
VariableMetricBuilder: machine accuracy limits further improvement.
Minuit succeeded.
area = -15.6959564716 with chi^2 5134.24244719
Minuit succeeded.
area = -15.7228455236 with chi^2 5137.52774985
VariableMetricBuilder: no improvement
VariableMetricBuilder: machine accuracy limits further improvement.
Minuit succeeded.
area = -15.763832847 with chi^2 5136.50258548
VariableMetricBuilder: matrix not pos.def.
gdel > 0: 6.7837e-05
negative or zero diagonal element 1 in covariance matrix
negative or zero diagonal element 3 in covariance matrix
added 1.00139 to diagonal of error matrix
gdel: 6.7837e-05
eigenvalues: 
-0.0329117
0.384263
0.880921
1
1
1
1.00246
1.32878
2.43648
matrix forced pos-def by adding 0.0353482 to diagonal
MnHesse: matrix is invalid!
MnHesse: matrix is not pos. def.!
MnHesse: matrix was forced pos. def.
FunctionMinimum is invalid.
Minuit failed because covariance is not accurate, and covariance is not positive definite.
VariableMetricBuilder: matrix not pos.def.
gdel > 0: 0.00248828
negative or zero diagonal element 0 in covariance matrix
negative or zero diagonal element 1 in covariance matrix
negative or zero diagonal element 2 in covariance matrix
negative or zero diagonal element 4 in covariance matrix
negative or zero diagonal element 6 in covariance matrix
negative or zero diagonal element 8 in covariance matrix
added 1.04409 to diagonal of error matrix
gdel: 0.00248828
Minuit succeeded.
area = -15.695262204 with chi^2 5135.20352419
VariableMetricBuilder: matrix not pos.def.
gdel > 0: 0.000802471
negative or zero diagonal element 1 in covariance matrix
negative or zero diagonal element 5 in covariance matrix
added 1.08752 to diagonal of error matrix
gdel: 0.000802471
eigenvalues: 
-0.00356189
0.399877
0.900988
1
1
1
1.00296
1.28444
2.4153
matrix forced pos-def by adding 0.00597719 to diagonal
MnHesse: matrix is invalid!
MnHesse: matrix is not pos. def.!
MnHesse: matrix was forced pos. def.
FunctionMinimum is invalid.
Minuit failed because covariance is not accurate, and covariance is not positive definite.
VariableMetricBuilder: no improvement
VariableMetricBuilder: finishes without convergence.
VariableMetricBuilder: edm= 0.00288662 requested: 1e-05
FunctionMinimum is invalid.
Minuit failed because the function is above maximum EDM.
Minuit succeeded.
area = -15.6541762246 with chi^2 5143.86343371
VariableMetricBuilder: no improvement
VariableMetricBuilder: machine accuracy limits further improvement.
Minuit succeeded.
area = -15.6235899435 with chi^2 5139.84602528
VariableMetricBuilder: no improvement
VariableMetricBuilder: machine accuracy limits further improvement.
Minuit succeeded.
area = -15.6568964676 with chi^2 5135.85163402
VariableMetricBuilder: matrix not pos.def.
gdel > 0: 0.0383204
negative or zero diagonal element 0 in covariance matrix
negative or zero diagonal element 1 in covariance matrix
negative or zero diagonal element 2 in covariance matrix
negative or zero diagonal element 3 in covariance matrix
negative or zero diagonal element 4 in covariance matrix
negative or zero diagonal element 5 in covariance matrix
negative or zero diagonal element 7 in covariance matrix
negative or zero diagonal element 8 in covariance matrix
added 9.19519 to diagonal of error matrix
eigenvalues: 
-3.75871
1.00002
1.00399
1.04789
1.14824
1.26217
1.3402
1.59661
4.35959
matrix forced pos-def by adding 3.76307 to diagonal
gdel: -419.895
VariableMetricBuilder: no improvement
VariableMetricBuilder: finishes without convergence.
VariableMetricBuilder: edm= 0.00249896 requested: 1e-05
FunctionMinimum is invalid.
Minuit failed because the function is above maximum EDM.
VariableMetricBuilder: no improvement
VariableMetricBuilder: machine accuracy limits further improvement.
Minuit succeeded.
area = -15.7320238562 with chi^2 5136.94720863
VariableMetricBuilder: no improvement
VariableMetricBuilder: machine accuracy limits further improvement.
Minuit succeeded.
area = -15.7868160089 with chi^2 5127.15739688
VariableMetricBuilder: matrix not pos.def.
gdel > 0: 0.000165841
negative or zero diagonal element 1 in covariance matrix
negative or zero diagonal element 2 in covariance matrix
added 1.00269 to diagonal of error matrix
gdel: 0.000165841
Minuit succeeded.
area = -15.7036369667 with chi^2 5133.19996862
VariableMetricBuilder: no improvement
VariableMetricBuilder: machine accuracy limits further improvement.
Minuit succeeded.
area = -15.7102507013 with chi^2 5134.98053372
VariableMetricBuilder: matrix not pos.def.
gdel > 0: 0.00101956
negative or zero diagonal element 1 in covariance matrix
negative or zero diagonal element 2 in covariance matrix
negative or zero diagonal element 5 in covariance matrix
added 1.00848 to diagonal of error matrix
gdel: 0.00101956
Minuit succeeded.
area = -15.6848887939 with chi^2 5135.42356698
VariableMetricBuilder: no improvement
VariableMetricBuilder: finishes without convergence.
VariableMetricBuilder: edm= 0.00074553 requested: 1e-05
FunctionMinimum is invalid.
Minuit failed because the function is above maximum EDM.
VariableMetricBuilder: no improvement
VariableMetricBuilder: machine accuracy limits further improvement.
Minuit succeeded.
area = -15.7938225148 with chi^2 5138.44344879
Minuit succeeded.
area = -15.6968490637 with chi^2 5136.51753342
VariableMetricBuilder: no improvement
VariableMetricBuilder: machine accuracy limits further improvement.
Minuit succeeded.
area = -15.7124682677 with chi^2 5132.51519371
VariableMetricBuilder: no improvement
VariableMetricBuilder: machine accuracy limits further improvement.
Minuit succeeded.
area = -15.6997007814 with chi^2 5145.17112871
VariableMetricBuilder: matrix not pos.def.
gdel > 0: 0.00053773
negative or zero diagonal element 1 in covariance matrix
negative or zero diagonal element 2 in covariance matrix
negative or zero diagonal element 5 in covariance matrix
added 1.00962 to diagonal of error matrix
gdel: 0.00053773
Minuit succeeded.
area = -15.7002785759 with chi^2 5133.72692511
VariableMetricBuilder: matrix not pos.def.
gdel > 0: 1.69048e-05
negative or zero diagonal element 1 in covariance matrix
added 1.0015 to diagonal of error matrix
gdel: 1.69048e-05
Minuit succeeded.
area = -15.7105969872 with chi^2 5129.69031058
VariableMetricBuilder: no improvement
VariableMetricBuilder: machine accuracy limits further improvement.
Minuit succeeded.
area = -15.7089703785 with chi^2 5141.88684477
VariableMetricBuilder: no improvement
VariableMetricBuilder: machine accuracy limits further improvement.
Minuit succeeded.
area = -15.6293994926 with chi^2 5139.45691626
eigenvalues: 
-0.0822571
0.374374
0.893627
1
1
1
1.00323
1.31936
2.49166
matrix forced pos-def by adding 0.0847488 to diagonal
MnHesse: matrix is invalid!
MnHesse: matrix is not pos. def.!
MnHesse: matrix was forced pos. def.
FunctionMinimum is invalid.
Minuit failed because covariance is not accurate, and covariance is not positive definite.
VariableMetricBuilder: matrix not pos.def.
gdel > 0: 0.000472496
negative or zero diagonal element 1 in covariance matrix
negative or zero diagonal element 2 in covariance matrix
negative or zero diagonal element 3 in covariance matrix
added 1.01704 to diagonal of error matrix
gdel: 0.000472496
Minuit succeeded.
area = -15.7214870583 with chi^2 5134.37569849
VariableMetricBuilder: matrix not pos.def.
edm < 0
negative or zero diagonal element 1 in covariance matrix
negative or zero diagonal element 3 in covariance matrix
negative or zero diagonal element 5 in covariance matrix
added 1.0025 to diagonal of error matrix
Minuit succeeded.
area = -15.7815018271 with chi^2 5134.36870471
VariableMetricBuilder: no improvement
VariableMetricBuilder: machine accuracy limits further improvement.
Minuit succeeded.
area = -15.6475236679 with chi^2 5139.76307595
VariableMetricBuilder: no improvement
VariableMetricBuilder: finishes without convergence.
VariableMetricBuilder: edm= 0.00100623 requested: 1e-05
FunctionMinimum is invalid.
Minuit failed because the function is above maximum EDM.
VariableMetricBuilder: matrix not pos.def.
gdel > 0: 0.0162749
negative or zero diagonal element 0 in covariance matrix
negative or zero diagonal element 1 in covariance matrix
negative or zero diagonal element 2 in covariance matrix
negative or zero diagonal element 3 in covariance matrix
negative or zero diagonal element 5 in covariance matrix
negative or zero diagonal element 6 in covariance matrix
added 1.28873 to diagonal of error matrix
gdel: 0.0162749
Minuit succeeded.
area = -15.7641622135 with chi^2 5133.04227231
VariableMetricBuilder: no improvement
VariableMetricBuilder: machine accuracy limits further improvement.
Minuit succeeded.
area = -15.6811844764 with chi^2 5138.6414025
VariableMetricBuilder: matrix not pos.def.
gdel > 0: 0.00574425
negative or zero diagonal element 0 in covariance matrix
negative or zero diagonal element 1 in covariance matrix
negative or zero diagonal element 2 in covariance matrix
negative or zero diagonal element 3 in covariance matrix
negative or zero diagonal element 5 in covariance matrix
negative or zero diagonal element 8 in covariance matrix
added 1.53396 to diagonal of error matrix
gdel: 0.00574425
Minuit succeeded.
area = -15.6903099793 with chi^2 5136.68363283
VariableMetricBuilder: no improvement
VariableMetricBuilder: finishes without convergence.
VariableMetricBuilder: edm= 0.000436976 requested: 1e-05
FunctionMinimum is invalid.
Minuit failed because the function is above maximum EDM.
VariableMetricBuilder: matrix not pos.def.
gdel > 0: 0.00707398
negative or zero diagonal element 0 in covariance matrix
negative or zero diagonal element 1 in covariance matrix
negative or zero diagonal element 2 in covariance matrix
negative or zero diagonal element 4 in covariance matrix
negative or zero diagonal element 6 in covariance matrix
added 1.55944 to diagonal of error matrix
gdel: 0.00707398
Minuit succeeded.
area = -15.7096215906 with chi^2 5139.5998321
Minuit succeeded.
area = -15.6998560833 with chi^2 5130.07915075
VariableMetricBuilder: no improvement
VariableMetricBuilder: finishes without convergence.
VariableMetricBuilder: edm= 0.000371032 requested: 1e-05
FunctionMinimum is invalid.
Minuit failed because the function is above maximum EDM.
VariableMetricBuilder: no improvement
VariableMetricBuilder: machine accuracy limits further improvement.
Minuit succeeded.
area = -15.7640433396 with chi^2 5134.76257555
VariableMetricBuilder: matrix not pos.def.
gdel > 0: 0.001756
negative or zero diagonal element 1 in covariance matrix
negative or zero diagonal element 2 in covariance matrix
negative or zero diagonal element 3 in covariance matrix
negative or zero diagonal element 4 in covariance matrix
negative or zero diagonal element 5 in covariance matrix
added 1.08606 to diagonal of error matrix
gdel: 0.001756
Minuit succeeded.
area = -15.7486361563 with chi^2 5140.85939871
Minuit succeeded.
area = -15.7041732321 with chi^2 5135.7863218
VariableMetricBuilder: matrix not pos.def.
gdel > 0: 0.000206392
negative or zero diagonal element 1 in covariance matrix
negative or zero diagonal element 2 in covariance matrix
added 1.00224 to diagonal of error matrix
gdel: 0.000206392
Minuit succeeded.
area = -15.7793571749 with chi^2 5123.15550885
VariableMetricBuilder: no improvement
VariableMetricBuilder: machine accuracy limits further improvement.
Minuit succeeded.
area = -15.7073243243 with chi^2 5133.50095255
VariableMetricBuilder: no improvement
VariableMetricBuilder: machine accuracy limits further improvement.
Minuit succeeded.
area = -15.7111236798 with chi^2 5137.30285926
VariableMetricBuilder: no improvement
VariableMetricBuilder: machine accuracy limits further improvement.
Minuit succeeded.
area = -15.7244191872 with chi^2 5141.20390078
VariableMetricBuilder: no improvement
VariableMetricBuilder: machine accuracy limits further improvement.
Minuit succeeded.
area = -15.7056562446 with chi^2 5126.76480036
VariableMetricBuilder: matrix not pos.def.
gdel > 0: 0.000327989
negative or zero diagonal element 0 in covariance matrix
negative or zero diagonal element 1 in covariance matrix
negative or zero diagonal element 2 in covariance matrix
negative or zero diagonal element 3 in covariance matrix
negative or zero diagonal element 5 in covariance matrix
negative or zero diagonal element 8 in covariance matrix
added 2.18632 to diagonal of error matrix
eigenvalues: 
-0.214956
0.990226
1
1.00042
1.00254
1.02538
1.05316
1.13651
2.00672
matrix forced pos-def by adding 0.216963 to diagonal
gdel: -11.1416
VariableMetricBuilder: no improvement
VariableMetricBuilder: machine accuracy limits further improvement.
Minuit succeeded.
area = -15.7459685446 with chi^2 5133.70355253
VariableMetricBuilder: no improvement
VariableMetricBuilder: machine accuracy limits further improvement.
Minuit succeeded.
area = -15.7567382945 with chi^2 5130.63339736
VariableMetricBuilder: matrix not pos.def.
gdel > 0: 0.000113457
negative or zero diagonal element 5 in covariance matrix
added 1.01182 to diagonal of error matrix
gdel: 0.000113457
Minuit succeeded.
area = -15.7559628923 with chi^2 5140.43055457
VariableMetricBuilder: no improvement
VariableMetricBuilder: machine accuracy limits further improvement.
Minuit succeeded.
area = -15.6240818221 with chi^2 5135.664389
VariableMetricBuilder: no improvement
VariableMetricBuilder: finishes without convergence.
VariableMetricBuilder: edm= 0.000540443 requested: 1e-05
FunctionMinimum is invalid.
Minuit failed because the function is above maximum EDM.
VariableMetricBuilder: no improvement
VariableMetricBuilder: machine accuracy limits further improvement.
Minuit succeeded.
area = -15.7800996002 with chi^2 5127.62514862
VariableMetricBuilder: no improvement
VariableMetricBuilder: machine accuracy limits further improvement.
Minuit succeeded.
area = -15.7691916836 with chi^2 5130.32493088
VariableMetricBuilder: no improvement
VariableMetricBuilder: machine accuracy limits further improvement.
Minuit succeeded.
area = -15.7238367439 with chi^2 5128.32921164
VariableMetricBuilder: no improvement
VariableMetricBuilder: machine accuracy limits further improvement.
Minuit succeeded.
area = -15.7092384552 with chi^2 5134.19184487
VariableMetricBuilder: no improvement
VariableMetricBuilder: machine accuracy limits further improvement.
Minuit succeeded.
area = -15.786701198 with chi^2 5133.55122251
Minuit succeeded.
area = -15.7386360416 with chi^2 5134.41437149
Minuit succeeded.
area = -15.6550453432 with chi^2 5134.71722611
VariableMetricBuilder: no improvement
VariableMetricBuilder: machine accuracy limits further improvement.
Minuit succeeded.
area = -15.7194926643 with chi^2 5135.65118607
VariableMetricBuilder: matrix not pos.def.
gdel > 0: 0.000437021
negative or zero diagonal element 1 in covariance matrix
negative or zero diagonal element 2 in covariance matrix
negative or zero diagonal element 5 in covariance matrix
added 1.02218 to diagonal of error matrix
gdel: 0.000437021
Minuit succeeded.
area = -15.714842873 with chi^2 5133.93073739
VariableMetricBuilder: no improvement
VariableMetricBuilder: finishes without convergence.
VariableMetricBuilder: edm= 0.000834415 requested: 1e-05
FunctionMinimum is invalid.
Minuit failed because the function is above maximum EDM.
VariableMetricBuilder: no improvement
VariableMetricBuilder: finishes without convergence.
VariableMetricBuilder: edm= 0.000847813 requested: 1e-05
FunctionMinimum is invalid.
Minuit failed because the function is above maximum EDM.
Minuit succeeded.
area = -15.6886594975 with chi^2 5135.72647006
VariableMetricBuilder: no improvement
VariableMetricBuilder: machine accuracy limits further improvement.
Minuit succeeded.
area = -15.7572347418 with chi^2 5136.63992735
VariableMetricBuilder: no improvement
VariableMetricBuilder: machine accuracy limits further improvement.
Minuit succeeded.
area = -15.6961162376 with chi^2 5131.62204117
VariableMetricBuilder: no improvement
VariableMetricBuilder: machine accuracy limits further improvement.
Minuit succeeded.
area = -15.6624504392 with chi^2 5135.48832749
VariableMetricBuilder: no improvement
VariableMetricBuilder: finishes without convergence.
VariableMetricBuilder: edm= 0.000360714 requested: 1e-05
FunctionMinimum is invalid.
Minuit failed because the function is above maximum EDM.
VariableMetricBuilder: no improvement
VariableMetricBuilder: finishes without convergence.
VariableMetricBuilder: edm= 0.000649134 requested: 1e-05
FunctionMinimum is invalid.
Minuit failed because the function is above maximum EDM.
VariableMetricBuilder: no improvement
VariableMetricBuilder: machine accuracy limits further improvement.
Minuit succeeded.
area = -15.7380791814 with chi^2 5136.6635285
VariableMetricBuilder: no improvement
VariableMetricBuilder: machine accuracy limits further improvement.
Minuit succeeded.
area = -15.8413302823 with chi^2 5130.23259264
VariableMetricBuilder: no improvement
VariableMetricBuilder: finishes without convergence.
VariableMetricBuilder: edm= 0.00111349 requested: 1e-05
FunctionMinimum is invalid.
Minuit failed because the function is above maximum EDM.
VariableMetricBuilder: matrix not pos.def.
gdel > 0: 0.00443841
negative or zero diagonal element 0 in covariance matrix
negative or zero diagonal element 1 in covariance matrix
negative or zero diagonal element 2 in covariance matrix
negative or zero diagonal element 3 in covariance matrix
negative or zero diagonal element 5 in covariance matrix
added 1.17754 to diagonal of error matrix
gdel: 0.00443841
Minuit succeeded.
area = -15.8266592753 with chi^2 5131.17880004
VariableMetricBuilder: matrix not pos.def.
gdel > 0: 0.00985165
negative or zero diagonal element 0 in covariance matrix
negative or zero diagonal element 1 in covariance matrix
negative or zero diagonal element 3 in covariance matrix
negative or zero diagonal element 4 in covariance matrix
negative or zero diagonal element 5 in covariance matrix
negative or zero diagonal element 6 in covariance matrix
negative or zero diagonal element 7 in covariance matrix
negative or zero diagonal element 8 in covariance matrix
added 17.0225 to diagonal of error matrix
eigenvalues: 
-0.158795
1
1.00002
1.00061
1.0022
1.00583
1.02134
1.02799
2.1008
matrix forced pos-def by adding 0.160896 to diagonal
gdel: -0.266347
VariableMetricBuilder: no improvement
VariableMetricBuilder: machine accuracy limits further improvement.
Minuit succeeded.
area = -15.7283016288 with chi^2 5132.31225784
VariableMetricBuilder: no improvement
VariableMetricBuilder: finishes without convergence.
VariableMetricBuilder: edm= 0.00222633 requested: 1e-05
FunctionMinimum is invalid.
Minuit failed because the function is above maximum EDM.
VariableMetricBuilder: no improvement
VariableMetricBuilder: machine accuracy limits further improvement.
Minuit succeeded.
area = -15.6976972468 with chi^2 5133.51311554
VariableMetricBuilder: matrix not pos.def.
gdel > 0: 7.56292e-05
eigenvalues: 
-5.1837
0.0162357
0.45687
0.729552
1.34232
1.75685
1.97475
2.36092
5.54621
matrix forced pos-def by adding 5.18925 to diagonal
gdel: -0.000211558
Minuit succeeded.
area = -15.7336953175 with chi^2 5131.13989054
Minuit succeeded.
area = -15.7435516615 with chi^2 5123.15166368
Minuit succeeded.
area = -15.6986197767 with chi^2 5131.94780205
Minuit succeeded.
area = -15.7274099434 with chi^2 5132.24376083
VariableMetricBuilder: matrix not pos.def.
gdel > 0: 5.76201e-05
negative or zero diagonal element 1 in covariance matrix
negative or zero diagonal element 2 in covariance matrix
added 1.00448 to diagonal of error matrix
gdel: 5.76201e-05
Minuit succeeded.
area = -15.7223543253 with chi^2 5133.34623576
VariableMetricBuilder: no improvement
VariableMetricBuilder: machine accuracy limits further improvement.
Minuit succeeded.
area = -15.7419737746 with chi^2 5130.44050895
VariableMetricBuilder: no improvement
VariableMetricBuilder: machine accuracy limits further improvement.
Minuit succeeded.
area = -15.7659092082 with chi^2 5128.8176738
VariableMetricBuilder: no improvement
VariableMetricBuilder: machine accuracy limits further improvement.
Minuit succeeded.
area = -15.6807264776 with chi^2 5134.84543308
VariableMetricBuilder: no improvement
VariableMetricBuilder: machine accuracy limits further improvement.
Minuit succeeded.
area = -15.7346358209 with chi^2 5134.60538516
Minuit succeeded.
area = -15.6955892628 with chi^2 5141.89160748
VariableMetricBuilder: no improvement
VariableMetricBuilder: machine accuracy limits further improvement.
Minuit succeeded.
area = -15.7003324505 with chi^2 5133.4173264
VariableMetricBuilder: no improvement
VariableMetricBuilder: machine accuracy limits further improvement.
Minuit succeeded.
area = -15.7338644829 with chi^2 5128.76946433
VariableMetricBuilder: no improvement
VariableMetricBuilder: finishes without convergence.
VariableMetricBuilder: edm= 0.000377166 requested: 1e-05
FunctionMinimum is invalid.
Minuit failed because the function is above maximum EDM.
VariableMetricBuilder: no improvement
VariableMetricBuilder: machine accuracy limits further improvement.
Minuit succeeded.
area = -15.698021905 with chi^2 5126.91198994
VariableMetricBuilder: no improvement
VariableMetricBuilder: machine accuracy limits further improvement.
Minuit succeeded.
area = -15.7925530858 with chi^2 5138.32193468
VariableMetricBuilder: no improvement
VariableMetricBuilder: finishes without convergence.
VariableMetricBuilder: edm= 0.000550862 requested: 1e-05
FunctionMinimum is invalid.
Minuit failed because the function is above maximum EDM.
VariableMetricBuilder: no improvement
VariableMetricBuilder: machine accuracy limits further improvement.
Minuit succeeded.
area = -15.7314530892 with chi^2 5130.34722983
VariableMetricBuilder: no improvement
VariableMetricBuilder: machine accuracy limits further improvement.
Minuit succeeded.
area = -15.6603504788 with chi^2 5128.84471487
VariableMetricBuilder: matrix not pos.def.
gdel > 0: 1.24658e-05
eigenvalues: 
-0.98352
0.08636
0.270047
0.345641
0.603849
0.801001
1.52409
1.56447
4.78806
matrix forced pos-def by adding 0.988308 to diagonal
gdel: -0.00108245
VariableMetricBuilder: matrix not pos.def.
gdel > 0: 0.00376748
negative or zero diagonal element 5 in covariance matrix
negative or zero diagonal element 6 in covariance matrix
added 1.00602 to diagonal of error matrix
gdel: 0.00376748
Minuit succeeded.
area = -15.7262690843 with chi^2 5129.63243347
VariableMetricBuilder: no improvement
VariableMetricBuilder: machine accuracy limits further improvement.
Minuit succeeded.
area = -15.6823612064 with chi^2 5136.86519606
areas mean, stdev = -15.7210584822 0.0434834404244 chi^2 mean, stdev = 5134.1174346 4.38994239442
