0.404225740381
Now with jitter = 0.0
Minuit succeeded.
area = 3.61648660343 with chi^2 416.974984853
areas mean, stdev = 3.61648660343 0.0 chi^2 mean, stdev = 416.974984853 0.0
Now with jitter = 0.05
VariableMetricBuilder: no improvement
VariableMetricBuilder: machine accuracy limits further improvement.
Minuit succeeded.
area = 3.61084769081 with chi^2 413.571685958
Minuit succeeded.
area = 3.60620685019 with chi^2 413.569664776
Minuit succeeded.
area = 3.60932743452 with chi^2 411.755321559
Minuit succeeded.
area = 3.6077555424 with chi^2 413.399960617
VariableMetricBuilder: no improvement
VariableMetricBuilder: machine accuracy limits further improvement.
Minuit succeeded.
area = 3.61138847226 with chi^2 412.873320291
eigenvalues: 
-0.0221186
0.322297
0.712583
1
1
1
1
1.00092
1.02821
2.9581
matrix forced pos-def by adding 0.0250767 to diagonal
MnHesse: matrix is invalid!
MnHesse: matrix is not pos. def.!
MnHesse: matrix was forced pos. def.
FunctionMinimum is invalid.
Minuit failed because covariance is not accurate, and covariance is not positive definite.
Minuit succeeded.
area = 3.60953427392 with chi^2 413.513571167
Minuit succeeded.
area = 3.60592651518 with chi^2 414.55130952
Minuit succeeded.
area = 3.61901638713 with chi^2 412.280531006
Minuit succeeded.
area = 3.61269803354 with chi^2 414.240970639
VariableMetricBuilder: matrix not pos.def.
gdel > 0: 8.59769e-05
negative or zero diagonal element 0 in covariance matrix
negative or zero diagonal element 1 in covariance matrix
negative or zero diagonal element 6 in covariance matrix
added 1.00228 to diagonal of error matrix
gdel: 8.59769e-05
Minuit succeeded.
area = 3.60035993561 with chi^2 413.635003728
Minuit succeeded.
area = 3.6034497995 with chi^2 412.808540757
Minuit succeeded.
area = 3.61285765482 with chi^2 412.136257187
Minuit succeeded.
area = 3.60488071 with chi^2 412.769909901
Minuit succeeded.
area = 3.60692849635 with chi^2 412.795920254
Minuit succeeded.
area = 3.59908930242 with chi^2 412.908672577
Minuit succeeded.
area = 3.60211793746 with chi^2 414.323358685
Minuit succeeded.
area = 3.60531842128 with chi^2 413.520026931
Minuit succeeded.
area = 3.61362384577 with chi^2 413.911520481
Minuit succeeded.
area = 3.60676659459 with chi^2 414.379008334
Minuit succeeded.
area = 3.61444993021 with chi^2 411.581348998
Minuit succeeded.
area = 3.61113553747 with chi^2 413.030998175
Minuit succeeded.
area = 3.60747035568 with chi^2 411.623923939
Minuit succeeded.
area = 3.60571593132 with chi^2 414.120787648
Minuit succeeded.
area = 3.6048439313 with chi^2 413.428820763
Minuit succeeded.
area = 3.61238155774 with chi^2 413.265484418
Minuit succeeded.
area = 3.62139508286 with chi^2 413.412367949
Minuit succeeded.
area = 3.59714493148 with chi^2 413.614501329
Minuit succeeded.
area = 3.6165861251 with chi^2 413.525776858
VariableMetricBuilder: no improvement
Minuit succeeded.
area = 3.61078225595 with chi^2 413.312215858
VariableMetricBuilder: no improvement
Minuit succeeded.
area = 3.60296225708 with chi^2 413.283833639
Minuit succeeded.
area = 3.59884324321 with chi^2 413.525623254
Minuit succeeded.
area = 3.60493489741 with chi^2 412.492827402
VariableMetricBuilder: no improvement
Minuit succeeded.
area = 3.61475361284 with chi^2 414.916532194
Minuit succeeded.
area = 3.60154828444 with chi^2 414.045232596
VariableMetricBuilder: no improvement
VariableMetricBuilder: machine accuracy limits further improvement.
Minuit succeeded.
area = 3.61544990678 with chi^2 412.720039147
Minuit succeeded.
area = 3.60492803098 with chi^2 413.161200802
Minuit succeeded.
area = 3.61080762996 with chi^2 413.964519238
Minuit succeeded.
area = 3.61558747641 with chi^2 413.702546366
Minuit succeeded.
area = 3.607454702 with chi^2 415.680783796
eigenvalues: 
-0.015237
0.316232
0.653455
1
1
1
1
1.00032
1.00659
3.03864
matrix forced pos-def by adding 0.0182756 to diagonal
MnHesse: matrix is invalid!
MnHesse: matrix is not pos. def.!
MnHesse: matrix was forced pos. def.
FunctionMinimum is invalid.
Minuit failed because covariance is not accurate, and covariance is not positive definite.
VariableMetricBuilder: matrix not pos.def.
gdel > 0: 3.45575e-05
negative or zero diagonal element 1 in covariance matrix
negative or zero diagonal element 6 in covariance matrix
added 1.00083 to diagonal of error matrix
gdel: 3.45575e-05
Minuit succeeded.
area = 3.60994916921 with chi^2 413.279440459
Minuit succeeded.
area = 3.60827470034 with chi^2 412.215475099
Minuit succeeded.
area = 3.60776556083 with chi^2 413.368529032
Minuit succeeded.
area = 3.60697199405 with chi^2 412.188826423
Minuit succeeded.
area = 3.60902204842 with chi^2 412.478569313
Minuit succeeded.
area = 3.61230266841 with chi^2 414.048270815
Minuit succeeded.
area = 3.61214630899 with chi^2 412.157461453
Minuit succeeded.
area = 3.62234772934 with chi^2 413.730074163
Minuit succeeded.
area = 3.60764563102 with chi^2 413.082436248
Minuit succeeded.
area = 3.61243228484 with chi^2 413.798441329
Minuit succeeded.
area = 3.60760162752 with chi^2 414.503865637
Minuit succeeded.
area = 3.61035862974 with chi^2 412.112177133
Minuit succeeded.
area = 3.60960451953 with chi^2 414.243798327
Minuit succeeded.
area = 3.61092657444 with chi^2 413.456163068
Minuit succeeded.
area = 3.60178716391 with chi^2 414.038932515
Minuit succeeded.
area = 3.61063498274 with chi^2 413.004703683
Minuit succeeded.
area = 3.61244884573 with chi^2 413.332311408
eigenvalues: 
-0.0841925
0.30155
0.639946
1
1
1
1
1.00045
1.00808
3.13417
matrix forced pos-def by adding 0.0873266 to diagonal
MnHesse: matrix is invalid!
MnHesse: matrix is not pos. def.!
MnHesse: matrix was forced pos. def.
FunctionMinimum is invalid.
Minuit failed because covariance is not accurate, and covariance is not positive definite.
Minuit succeeded.
area = 3.60638967082 with chi^2 412.684349096
Minuit succeeded.
area = 3.61545433327 with chi^2 413.291017383
Minuit succeeded.
area = 3.60801894496 with chi^2 411.619244571
Minuit succeeded.
area = 3.60173215925 with chi^2 414.408584795
Minuit succeeded.
area = 3.60713956778 with chi^2 414.036533259
Minuit succeeded.
area = 3.61498118734 with chi^2 413.642382408
VariableMetricBuilder: matrix not pos.def.
gdel > 0: 0.00161724
negative or zero diagonal element 0 in covariance matrix
negative or zero diagonal element 1 in covariance matrix
negative or zero diagonal element 3 in covariance matrix
negative or zero diagonal element 6 in covariance matrix
negative or zero diagonal element 7 in covariance matrix
added 1.03409 to diagonal of error matrix
gdel: 0.00161724
Minuit succeeded.
area = 3.61958673951 with chi^2 415.392941242
VariableMetricBuilder: matrix not pos.def.
gdel > 0: 2.85768e-05
negative or zero diagonal element 0 in covariance matrix
negative or zero diagonal element 1 in covariance matrix
added 1.00052 to diagonal of error matrix
gdel: 2.85768e-05
Minuit succeeded.
area = 3.60209334657 with chi^2 413.908404572
Minuit succeeded.
area = 3.61502324845 with chi^2 412.784851952
Minuit succeeded.
area = 3.61513883429 with chi^2 412.556198472
Minuit succeeded.
area = 3.61236362298 with chi^2 412.819143387
VariableMetricBuilder: no improvement
VariableMetricBuilder: machine accuracy limits further improvement.
Minuit succeeded.
area = 3.60869041233 with chi^2 413.695112318
Minuit succeeded.
area = 3.61823900081 with chi^2 413.400160793
eigenvalues: 
-0.00773378
0.319568
0.638434
1
1
1
1
1.00008
1.00435
3.0453
matrix forced pos-def by adding 0.0107791 to diagonal
MnHesse: matrix is invalid!
MnHesse: matrix is not pos. def.!
MnHesse: matrix was forced pos. def.
FunctionMinimum is invalid.
Minuit failed because covariance is not accurate, and covariance is not positive definite.
Minuit succeeded.
area = 3.62458930238 with chi^2 412.062058247
Minuit succeeded.
area = 3.60917472588 with chi^2 413.071799201
Minuit succeeded.
area = 3.60929337321 with chi^2 412.902545014
eigenvalues: 
-0.0297923
0.308883
0.625633
1
1
1
1
1.0003
1.0104
3.08458
matrix forced pos-def by adding 0.0328768 to diagonal
MnHesse: matrix is invalid!
MnHesse: matrix is not pos. def.!
MnHesse: matrix was forced pos. def.
FunctionMinimum is invalid.
Minuit failed because covariance is not accurate, and covariance is not positive definite.
Minuit succeeded.
area = 3.61694534762 with chi^2 412.850157048
eigenvalues: 
-0.0365483
0.309269
0.628463
1
1
1
1
1.00038
1.00488
3.09356
matrix forced pos-def by adding 0.0396419 to diagonal
MnHesse: matrix is invalid!
MnHesse: matrix is not pos. def.!
MnHesse: matrix was forced pos. def.
FunctionMinimum is invalid.
Minuit failed because covariance is not accurate, and covariance is not positive definite.
Minuit succeeded.
area = 3.60372684188 with chi^2 412.37553534
Minuit succeeded.
area = 3.61080719046 with chi^2 414.212513001
Minuit succeeded.
area = 3.6083561461 with chi^2 412.449182957
Minuit succeeded.
area = 3.60161883798 with chi^2 412.831741274
Minuit succeeded.
area = 3.60803154037 with chi^2 411.592384958
eigenvalues: 
-0.0577259
0.310708
0.646823
1
1
1
1
1.00022
1.00384
3.09614
matrix forced pos-def by adding 0.060822 to diagonal
MnHesse: matrix is invalid!
MnHesse: matrix is not pos. def.!
MnHesse: matrix was forced pos. def.
FunctionMinimum is invalid.
Minuit failed because covariance is not accurate, and covariance is not positive definite.
VariableMetricBuilder: matrix not pos.def.
gdel > 0: 0.00211611
negative or zero diagonal element 0 in covariance matrix
negative or zero diagonal element 1 in covariance matrix
negative or zero diagonal element 3 in covariance matrix
negative or zero diagonal element 4 in covariance matrix
negative or zero diagonal element 9 in covariance matrix
added 1.15647 to diagonal of error matrix
gdel: 0.00211611
eigenvalues: 
-0.0237741
0.309165
0.630462
1
1
1
1
1.00028
1.00998
3.07389
matrix forced pos-def by adding 0.026848 to diagonal
MnHesse: matrix is invalid!
MnHesse: matrix is not pos. def.!
MnHesse: matrix was forced pos. def.
FunctionMinimum is invalid.
Minuit failed because covariance is not accurate, and covariance is not positive definite.
Minuit succeeded.
area = 3.60648926259 with chi^2 414.27152192
Minuit succeeded.
area = 3.61597751708 with chi^2 414.383097836
Minuit succeeded.
area = 3.60437260483 with chi^2 413.74476585
Minuit succeeded.
area = 3.61293999174 with chi^2 411.307260248
Minuit succeeded.
area = 3.60686482008 with chi^2 413.052187009
Minuit succeeded.
area = 3.60040440079 with chi^2 413.564653691
Minuit succeeded.
area = 3.61043538864 with chi^2 413.037328623
Minuit succeeded.
area = 3.61111678416 with chi^2 414.243853787
Minuit succeeded.
area = 3.61648778573 with chi^2 414.147928193
Minuit succeeded.
area = 3.60384986719 with chi^2 413.421943193
Minuit succeeded.
area = 3.60343990495 with chi^2 412.881823563
Minuit succeeded.
area = 3.61367310585 with chi^2 414.151258917
Minuit succeeded.
area = 3.60084418613 with chi^2 413.905344823
Minuit succeeded.
area = 3.61218502315 with chi^2 414.129007459
areas mean, stdev = 3.60930396776 0.00550902259726 chi^2 mean, stdev = 413.317632731 0.852818908631
Now with jitter = 0.07
Minuit succeeded.
area = 3.60635366492 with chi^2 413.785188008
Minuit succeeded.
area = 3.60153925557 with chi^2 413.232503999
Minuit succeeded.
area = 3.62038940343 with chi^2 413.802784116
VariableMetricBuilder: no improvement
VariableMetricBuilder: machine accuracy limits further improvement.
Minuit succeeded.
area = 3.61477151417 with chi^2 412.429445744
Minuit succeeded.
area = 3.60506240709 with chi^2 413.961321634
Minuit succeeded.
area = 3.60563940061 with chi^2 413.1412331
Minuit succeeded.
area = 3.61097205206 with chi^2 414.024250824
Minuit succeeded.
area = 3.59730645329 with chi^2 414.608006843
Minuit succeeded.
area = 3.620899976 with chi^2 412.186909378
Minuit succeeded.
area = 3.61616660345 with chi^2 415.157400771
Minuit succeeded.
area = 3.62515134633 with chi^2 413.304009339
Minuit succeeded.
area = 3.60861107825 with chi^2 415.903622859
Minuit succeeded.
area = 3.60289241805 with chi^2 414.480245792
Minuit succeeded.
area = 3.61903332956 with chi^2 414.848715474
Minuit succeeded.
area = 3.59927402983 with chi^2 410.680769208
VariableMetricBuilder: matrix not pos.def.
gdel > 0: 0.000114814
negative or zero diagonal element 1 in covariance matrix
negative or zero diagonal element 6 in covariance matrix
added 1 to diagonal of error matrix
gdel: 0.000114814
Minuit succeeded.
area = 3.62229986569 with chi^2 414.398789307
Minuit succeeded.
area = 3.60136628168 with chi^2 412.655130252
eigenvalues: 
-0.0190018
0.312972
0.663919
1
1
1
1
1.00042
1.01117
3.03051
matrix forced pos-def by adding 0.0220323 to diagonal
MnHesse: matrix is invalid!
MnHesse: matrix is not pos. def.!
MnHesse: matrix was forced pos. def.
FunctionMinimum is invalid.
Minuit failed because covariance is not accurate, and covariance is not positive definite.
Minuit succeeded.
area = 3.60864362191 with chi^2 412.728426001
VariableMetricBuilder: no improvement
VariableMetricBuilder: machine accuracy limits further improvement.
Minuit succeeded.
area = 3.61089386542 with chi^2 412.141087604
Minuit succeeded.
area = 3.61992863587 with chi^2 413.319153566
Minuit succeeded.
area = 3.6147520834 with chi^2 414.044230347
Minuit succeeded.
area = 3.61149303462 with chi^2 412.78611301
eigenvalues: 
-0.00767548
0.308313
0.620215
1
1
1
1
1.00059
1.01321
3.06535
matrix forced pos-def by adding 0.0107408 to diagonal
MnHesse: matrix is invalid!
MnHesse: matrix is not pos. def.!
MnHesse: matrix was forced pos. def.
FunctionMinimum is invalid.
Minuit failed because covariance is not accurate, and covariance is not positive definite.
Minuit succeeded.
area = 3.6036984971 with chi^2 413.409967663
Minuit succeeded.
area = 3.60404224587 with chi^2 411.917604809
VariableMetricBuilder: no improvement
Minuit succeeded.
area = 3.61605088184 with chi^2 414.054001652
Minuit succeeded.
area = 3.61135500255 with chi^2 414.953277432
Minuit succeeded.
area = 3.60402184044 with chi^2 413.56505283
VariableMetricBuilder: no improvement
VariableMetricBuilder: machine accuracy limits further improvement.
Minuit succeeded.
area = 3.61331754245 with chi^2 414.020204939
eigenvalues: 
-0.0102743
0.321478
0.676969
1
1
1
1
1.00054
1.00513
3.00615
matrix forced pos-def by adding 0.0132804 to diagonal
MnHesse: matrix is invalid!
MnHesse: matrix is not pos. def.!
MnHesse: matrix was forced pos. def.
FunctionMinimum is invalid.
Minuit failed because covariance is not accurate, and covariance is not positive definite.
VariableMetricBuilder: no improvement
VariableMetricBuilder: machine accuracy limits further improvement.
Minuit succeeded.
area = 3.61369991825 with chi^2 411.862024938
Minuit succeeded.
area = 3.62731441442 with chi^2 412.467674682
eigenvalues: 
-0.078779
0.310175
0.659644
1
1
1
1
1.00048
1.00439
3.10409
matrix forced pos-def by adding 0.0818831 to diagonal
MnHesse: matrix is invalid!
MnHesse: matrix is not pos. def.!
MnHesse: matrix was forced pos. def.
FunctionMinimum is invalid.
Minuit failed because covariance is not accurate, and covariance is not positive definite.
Minuit succeeded.
area = 3.62123327256 with chi^2 413.910871998
VariableMetricBuilder: matrix not pos.def.
gdel > 0: 6.90221e-05
negative or zero diagonal element 1 in covariance matrix
negative or zero diagonal element 5 in covariance matrix
negative or zero diagonal element 8 in covariance matrix
added 1.07809 to diagonal of error matrix
gdel: 6.90221e-05
Minuit succeeded.
area = 3.61538683484 with chi^2 414.45640891
VariableMetricBuilder: no improvement
VariableMetricBuilder: machine accuracy limits further improvement.
Minuit succeeded.
area = 3.61079989137 with chi^2 412.382502594
Minuit succeeded.
area = 3.60444096399 with chi^2 412.903053866
eigenvalues: 
-0.0880878
0.305964
0.637508
1
1
1
1
1.0003
1.00574
3.13858
matrix forced pos-def by adding 0.0912264 to diagonal
MnHesse: matrix is invalid!
MnHesse: matrix is not pos. def.!
MnHesse: matrix was forced pos. def.
FunctionMinimum is invalid.
Minuit failed because covariance is not accurate, and covariance is not positive definite.
Minuit succeeded.
area = 3.60983965493 with chi^2 413.637093265
eigenvalues: 
-0.0307799
0.308346
0.617321
1
1
1
1
1.00026
1.00626
3.0986
matrix forced pos-def by adding 0.0338785 to diagonal
MnHesse: matrix is invalid!
MnHesse: matrix is not pos. def.!
MnHesse: matrix was forced pos. def.
FunctionMinimum is invalid.
Minuit failed because covariance is not accurate, and covariance is not positive definite.
Minuit succeeded.
area = 3.6096189631 with chi^2 413.904005446
Minuit succeeded.
area = 3.60962114191 with chi^2 413.213707562
VariableMetricBuilder: matrix not pos.def.
gdel > 0: 5.23535e-05
negative or zero diagonal element 0 in covariance matrix
negative or zero diagonal element 1 in covariance matrix
negative or zero diagonal element 7 in covariance matrix
negative or zero diagonal element 9 in covariance matrix
added 1.01209 to diagonal of error matrix
gdel: 5.23535e-05
Minuit succeeded.
area = 3.60941632072 with chi^2 413.782909666
VariableMetricBuilder: matrix not pos.def.
gdel > 0: 2.41265e-06
negative or zero diagonal element 1 in covariance matrix
negative or zero diagonal element 6 in covariance matrix
added 1.00032 to diagonal of error matrix
gdel: 2.41265e-06
Minuit succeeded.
area = 3.59847214856 with chi^2 411.059431762
Minuit succeeded.
area = 3.61246033958 with chi^2 413.855524833
Minuit succeeded.
area = 3.6081305071 with chi^2 413.384333798
eigenvalues: 
-0.0192761
0.317948
0.714602
1
1
1
1
1.00079
1.07215
2.91378
matrix forced pos-def by adding 0.0221899 to diagonal
MnHesse: matrix is invalid!
MnHesse: matrix is not pos. def.!
MnHesse: matrix was forced pos. def.
FunctionMinimum is invalid.
