0.497527975791
Now with jitter = 0.0
Minuit succeeded.
area = 3.67325118991 with chi^2 432.224976968
areas mean, stdev = 3.67325118991 0.0 chi^2 mean, stdev = 432.224976968 0.0
Now with jitter = 0.05
Minuit succeeded.
area = 3.6773126938 with chi^2 411.340644563
Minuit succeeded.
area = 3.6728210367 with chi^2 412.389976221
eigenvalues: 
-0.00539831
0.320077
0.631046
1
1
1
1
1.00008
1.00436
3.04983
matrix forced pos-def by adding 0.00844814 to diagonal
MnHesse: matrix is invalid!
MnHesse: matrix is not pos. def.!
MnHesse: matrix was forced pos. def.
FunctionMinimum is invalid.
Minuit failed because covariance is not accurate, and covariance is not positive definite.
eigenvalues: 
-0.00797333
0.321148
0.669984
1
1
1
1
1.00006
1.0072
3.00959
matrix forced pos-def by adding 0.0109829 to diagonal
MnHesse: matrix is invalid!
MnHesse: matrix is not pos. def.!
MnHesse: matrix was forced pos. def.
FunctionMinimum is invalid.
Minuit failed because covariance is not accurate, and covariance is not positive definite.
Minuit succeeded.
area = 3.68039219589 with chi^2 413.341290082
Minuit succeeded.
area = 3.67317939133 with chi^2 412.065494065
eigenvalues: 
-0.000868018
0.325791
0.661627
1
1
1
1
1.00043
1.00364
3.00938
matrix forced pos-def by adding 0.0038774 to diagonal
MnHesse: matrix is invalid!
MnHesse: matrix is not pos. def.!
MnHesse: matrix was forced pos. def.
FunctionMinimum is invalid.
Minuit failed because covariance is not accurate, and covariance is not positive definite.
Minuit succeeded.
area = 3.67739271424 with chi^2 411.922709726
Minuit succeeded.
area = 3.66857282273 with chi^2 409.68810299
eigenvalues: 
-0.0141141
0.318727
0.655252
1
1
1
1
1.00054
1.01132
3.02828
matrix forced pos-def by adding 0.0171424 to diagonal
MnHesse: matrix is invalid!
MnHesse: matrix is not pos. def.!
MnHesse: matrix was forced pos. def.
FunctionMinimum is invalid.
Minuit failed because covariance is not accurate, and covariance is not positive definite.
eigenvalues: 
-0.0345139
0.300795
0.625103
1
1
1
1
1.00027
1.01582
3.09253
matrix forced pos-def by adding 0.0376064 to diagonal
MnHesse: matrix is invalid!
MnHesse: matrix is not pos. def.!
MnHesse: matrix was forced pos. def.
FunctionMinimum is invalid.
Minuit failed because covariance is not accurate, and covariance is not positive definite.
VariableMetricBuilder: matrix not pos.def.
gdel > 0: 0.00225587
negative or zero diagonal element 0 in covariance matrix
negative or zero diagonal element 1 in covariance matrix
negative or zero diagonal element 4 in covariance matrix
negative or zero diagonal element 5 in covariance matrix
negative or zero diagonal element 6 in covariance matrix
negative or zero diagonal element 7 in covariance matrix
added 2.10431 to diagonal of error matrix
gdel: 0.00225587
Minuit succeeded.
area = 3.67132070181 with chi^2 409.708550484
Minuit succeeded.
area = 3.68310743732 with chi^2 411.312937481
Minuit succeeded.
area = 3.68227498608 with chi^2 413.264566343
eigenvalues: 
-0.0397955
0.314581
0.647693
1
1
1
1
1.00019
1.01057
3.06676
matrix forced pos-def by adding 0.0428623 to diagonal
MnHesse: matrix is invalid!
MnHesse: matrix is not pos. def.!
MnHesse: matrix was forced pos. def.
FunctionMinimum is invalid.
Minuit failed because covariance is not accurate, and covariance is not positive definite.
Minuit succeeded.
area = 3.67620799119 with chi^2 411.861814996
Minuit succeeded.
area = 3.68772732944 with chi^2 411.929591891
Minuit succeeded.
area = 3.67127130832 with chi^2 411.659606626
Minuit succeeded.
area = 3.67890953252 with chi^2 410.240651225
Minuit succeeded.
area = 3.68214413979 with chi^2 414.254388511
Minuit succeeded.
area = 3.67466396136 with chi^2 409.678379056
Minuit succeeded.
area = 3.67032978854 with chi^2 411.547767707
Minuit succeeded.
area = 3.67955162683 with chi^2 411.770605297
Minuit succeeded.
area = 3.67650021465 with chi^2 411.791519937
eigenvalues: 
-0.0492208
0.311876
0.642972
1
1
1
1
1.00073
1.00681
3.08683
matrix forced pos-def by adding 0.0523076 to diagonal
MnHesse: matrix is invalid!
MnHesse: matrix is not pos. def.!
MnHesse: matrix was forced pos. def.
FunctionMinimum is invalid.
Minuit failed because covariance is not accurate, and covariance is not positive definite.
Minuit succeeded.
area = 3.6732504072 with chi^2 410.978353172
Minuit succeeded.
area = 3.67607385755 with chi^2 411.372183958
Minuit succeeded.
area = 3.66834985227 with chi^2 411.661131372
Minuit succeeded.
area = 3.68181183581 with chi^2 411.028987717
Minuit succeeded.
area = 3.67002194903 with chi^2 412.086242661
eigenvalues: 
-0.00110151
0.326993
0.685064
1
1
1
1
1.00013
1.00311
2.98581
matrix forced pos-def by adding 0.00408732 to diagonal
MnHesse: matrix is invalid!
MnHesse: matrix is not pos. def.!
MnHesse: matrix was forced pos. def.
FunctionMinimum is invalid.
Minuit failed because covariance is not accurate, and covariance is not positive definite.
Minuit succeeded.
area = 3.67400168875 with chi^2 411.948482365
Minuit succeeded.
area = 3.6766610888 with chi^2 412.547298617
Minuit succeeded.
area = 3.6862542421 with chi^2 412.972611409
eigenvalues: 
-0.0346395
0.307488
0.641573
1
1
1
1
1.00045
1.01487
3.07026
matrix forced pos-def by adding 0.0377098 to diagonal
MnHesse: matrix is invalid!
MnHesse: matrix is not pos. def.!
MnHesse: matrix was forced pos. def.
FunctionMinimum is invalid.
Minuit failed because covariance is not accurate, and covariance is not positive definite.
Minuit succeeded.
area = 3.67676711434 with chi^2 413.005968261
Minuit succeeded.
area = 3.6735587661 with chi^2 412.975340986
Minuit succeeded.
area = 3.67842845101 with chi^2 411.159962875
Minuit succeeded.
area = 3.6829442892 with chi^2 412.165061311
Minuit succeeded.
area = 3.66896109999 with chi^2 412.047649936
Minuit succeeded.
area = 3.68324401264 with chi^2 412.811578165
Minuit succeeded.
area = 3.67069493053 with chi^2 410.474028303
Minuit succeeded.
area = 3.66760580974 with chi^2 411.349144991
Minuit succeeded.
area = 3.67285934334 with chi^2 413.509119957
Minuit succeeded.
area = 3.67104277807 with chi^2 411.09481823
Minuit succeeded.
area = 3.67397025733 with chi^2 411.056641698
Minuit succeeded.
area = 3.68178270588 with chi^2 410.546116938
Minuit succeeded.
area = 3.66835653944 with chi^2 410.796745059
VariableMetricBuilder: matrix not pos.def.
gdel > 0: 7.91666e-05
negative or zero diagonal element 1 in covariance matrix
negative or zero diagonal element 5 in covariance matrix
negative or zero diagonal element 6 in covariance matrix
added 1.0034 to diagonal of error matrix
gdel: 7.91666e-05
Minuit succeeded.
area = 3.67979909939 with chi^2 411.099771062
Minuit succeeded.
area = 3.68056231995 with chi^2 411.73429998
VariableMetricBuilder: no improvement
VariableMetricBuilder: machine accuracy limits further improvement.
Minuit succeeded.
area = 3.67659946514 with chi^2 411.464863753
Minuit succeeded.
area = 3.6868043403 with chi^2 410.364305147
Minuit succeeded.
area = 3.67030765019 with chi^2 411.853591747
VariableMetricBuilder: matrix not pos.def.
gdel > 0: 0.00055674
negative or zero diagonal element 0 in covariance matrix
negative or zero diagonal element 1 in covariance matrix
negative or zero diagonal element 3 in covariance matrix
negative or zero diagonal element 5 in covariance matrix
added 1.21424 to diagonal of error matrix
gdel: 0.00055674
Minuit succeeded.
area = 3.67483140129 with chi^2 411.661821254
Minuit succeeded.
area = 3.67624989961 with chi^2 411.476013044
Minuit succeeded.
area = 3.68365990095 with chi^2 413.584276907
Minuit succeeded.
area = 3.67836718317 with chi^2 411.191025235
Minuit succeeded.
area = 3.66889212315 with chi^2 412.356996893
Minuit succeeded.
area = 3.67164780885 with chi^2 412.470934455
Minuit succeeded.
area = 3.68024800591 with chi^2 412.801594371
Minuit succeeded.
area = 3.67385811168 with chi^2 411.728618281
Minuit succeeded.
area = 3.68034133136 with chi^2 412.595827987
Minuit succeeded.
area = 3.67812781884 with chi^2 410.425139291
eigenvalues: 
-0.0281302
0.306336
0.617068
1
1
1
1
1.00066
1.00955
3.09452
matrix forced pos-def by adding 0.0312247 to diagonal
MnHesse: matrix is invalid!
MnHesse: matrix is not pos. def.!
MnHesse: matrix was forced pos. def.
FunctionMinimum is invalid.
Minuit failed because covariance is not accurate, and covariance is not positive definite.
Minuit succeeded.
area = 3.67688424482 with chi^2 411.940047479
Minuit succeeded.
area = 3.67986172127 with chi^2 413.333627931
Minuit succeeded.
area = 3.68505665154 with chi^2 409.553184202
Minuit succeeded.
area = 3.67371549335 with chi^2 410.885541526
Minuit succeeded.
area = 3.69215957133 with chi^2 411.925483612
Minuit succeeded.
area = 3.67082205934 with chi^2 411.647882553
Minuit succeeded.
area = 3.66710301564 with chi^2 412.309499042
Minuit succeeded.
area = 3.67053831721 with chi^2 412.316270431
Minuit succeeded.
area = 3.6686510531 with chi^2 411.16510512
eigenvalues: 
-0.00493412
0.322619
0.64472
1
1
1
1
1.00038
1.00393
3.03328
matrix forced pos-def by adding 0.0079674 to diagonal
MnHesse: matrix is invalid!
MnHesse: matrix is not pos. def.!
MnHesse: matrix was forced pos. def.
FunctionMinimum is invalid.
Minuit failed because covariance is not accurate, and covariance is not positive definite.
VariableMetricBuilder: no improvement
VariableMetricBuilder: machine accuracy limits further improvement.
Minuit succeeded.
area = 3.68040726716 with chi^2 411.380530638
Minuit succeeded.
area = 3.67274207709 with chi^2 412.631617569
Minuit succeeded.
area = 3.67546293626 with chi^2 412.828564361
eigenvalues: 
-0.0147391
0.314963
0.646397
1
1
1
1
1.00042
1.00888
3.04408
matrix forced pos-def by adding 0.0177832 to diagonal
MnHesse: matrix is invalid!
MnHesse: matrix is not pos. def.!
MnHesse: matrix was forced pos. def.
FunctionMinimum is invalid.
Minuit failed because covariance is not accurate, and covariance is not positive definite.
eigenvalues: 
-0.0503569
0.307784
0.620341
1
1
1
1
1.0005
1.01265
3.10909
matrix forced pos-def by adding 0.053466 to diagonal
MnHesse: matrix is invalid!
MnHesse: matrix is not pos. def.!
MnHesse: matrix was forced pos. def.
FunctionMinimum is invalid.
Minuit failed because covariance is not accurate, and covariance is not positive definite.
Minuit succeeded.
area = 3.67854148227 with chi^2 410.824020069
Minuit succeeded.
area = 3.67373080948 with chi^2 411.120803354
Minuit succeeded.
area = 3.67087954447 with chi^2 411.727647896
Minuit succeeded.
area = 3.67843052979 with chi^2 411.694672095
Minuit succeeded.
area = 3.68182825384 with chi^2 411.70410767
Minuit succeeded.
area = 3.67853060222 with chi^2 412.321552209
Minuit succeeded.
area = 3.68048773188 with chi^2 409.887543244
Minuit succeeded.
area = 3.67000237687 with chi^2 411.337611962
Minuit succeeded.
area = 3.67859525599 with chi^2 411.846339267
eigenvalues: 
-0.00215944
0.321506
0.635727
1
1
1
1
1.00025
1.01796
3.02672
matrix forced pos-def by adding 0.00518616 to diagonal
MnHesse: matrix is invalid!
MnHesse: matrix is not pos. def.!
MnHesse: matrix was forced pos. def.
FunctionMinimum is invalid.
Minuit failed because covariance is not accurate, and covariance is not positive definite.
eigenvalues: 
-0.0166535
0.323028
0.659535
1
1
1
1
1.00021
1.00728
3.0266
matrix forced pos-def by adding 0.0196801 to diagonal
MnHesse: matrix is invalid!
MnHesse: matrix is not pos. def.!
MnHesse: matrix was forced pos. def.
FunctionMinimum is invalid.
Minuit failed because covariance is not accurate, and covariance is not positive definite.
Minuit succeeded.
area = 3.67520789304 with chi^2 412.00835774
Minuit succeeded.
area = 3.66213024098 with chi^2 412.19476263
Minuit succeeded.
area = 3.67949003472 with chi^2 411.381035212
Minuit succeeded.
area = 3.67499203465 with chi^2 411.458100842
Minuit succeeded.
area = 3.67527911453 with chi^2 410.302603517
Minuit succeeded.
area = 3.67113161963 with chi^2 412.448911333
Minuit succeeded.
area = 3.67698451557 with chi^2 410.937258793
Minuit succeeded.
area = 3.68441980541 with chi^2 412.314829931
Minuit succeeded.
area = 3.67124906277 with chi^2 411.07577882
VariableMetricBuilder: no improvement
Minuit succeeded.
area = 3.6664681309 with chi^2 412.522830808
areas mean, stdev = 3.67602824469 0.00554185051858 chi^2 mean, stdev = 411.708132546 0.94341368274
Now with jitter = 0.07
Minuit succeeded.
area = 3.67289564907 with chi^2 411.27701855
Minuit succeeded.
area = 3.66705346739 with chi^2 409.918192443
Minuit succeeded.
area = 3.68245099107 with chi^2 410.896943935
eigenvalues: 
-0.00305669
0.326395
0.680043
1
1
1
1
1.00027
1.00235
2.994
matrix forced pos-def by adding 0.00605069 to diagonal
MnHesse: matrix is invalid!
MnHesse: matrix is not pos. def.!
MnHesse: matrix was forced pos. def.
FunctionMinimum is invalid.
