0.913018944378
Now with jitter = 0.0
Minuit succeeded.
area = 3.68357096504 with chi^2 463.559976655
areas mean, stdev = 3.68357096504 0.0 chi^2 mean, stdev = 463.559976655 0.0
Now with jitter = 0.05
Minuit succeeded.
area = 3.66802745654 with chi^2 412.47927188
Minuit succeeded.
area = 3.67867182431 with chi^2 412.59348594
eigenvalues: 
-0.0276267
0.319214
0.680079
1
1
1
1
1.00013
1.00592
3.02228
matrix forced pos-def by adding 0.030649 to diagonal
MnHesse: matrix is invalid!
MnHesse: matrix is not pos. def.!
MnHesse: matrix was forced pos. def.
FunctionMinimum is invalid.
Minuit failed because covariance is not accurate, and covariance is not positive definite.
Minuit succeeded.
area = 3.67440250351 with chi^2 412.43785099
Minuit succeeded.
area = 3.67489987939 with chi^2 411.247614535
eigenvalues: 
-0.0417581
0.314064
0.663599
1
1
1
1
1.00035
1.00566
3.05809
matrix forced pos-def by adding 0.0448162 to diagonal
MnHesse: matrix is invalid!
MnHesse: matrix is not pos. def.!
MnHesse: matrix was forced pos. def.
FunctionMinimum is invalid.
Minuit failed because covariance is not accurate, and covariance is not positive definite.
Minuit succeeded.
area = 3.67206603704 with chi^2 412.527484092
Minuit succeeded.
area = 3.67944167353 with chi^2 412.439790614
eigenvalues: 
-0.000707398
0.321684
0.637833
1
1
1
1
1.00023
1.00525
3.03571
matrix forced pos-def by adding 0.00374311 to diagonal
MnHesse: matrix is invalid!
MnHesse: matrix is not pos. def.!
MnHesse: matrix was forced pos. def.
FunctionMinimum is invalid.
Minuit failed because covariance is not accurate, and covariance is not positive definite.
eigenvalues: 
-0.008388
0.301334
0.62263
1
1
1
1
1.00049
1.01142
3.07251
matrix forced pos-def by adding 0.0114605 to diagonal
MnHesse: matrix is invalid!
MnHesse: matrix is not pos. def.!
MnHesse: matrix was forced pos. def.
FunctionMinimum is invalid.
Minuit failed because covariance is not accurate, and covariance is not positive definite.
Minuit succeeded.
area = 3.67177291837 with chi^2 412.60983787
eigenvalues: 
-0.239504
0.261247
0.607857
1
1
1
1
1.00057
1.0377
3.33213
matrix forced pos-def by adding 0.242836 to diagonal
MnHesse: matrix is invalid!
MnHesse: matrix is not pos. def.!
MnHesse: matrix was forced pos. def.
FunctionMinimum is invalid.
Minuit failed because covariance is not accurate, and covariance is not positive definite.
Minuit succeeded.
area = 3.67985006074 with chi^2 413.799726431
Minuit succeeded.
area = 3.66721418535 with chi^2 411.571287962
VariableMetricBuilder: no improvement
Minuit succeeded.
area = 3.66763711955 with chi^2 412.503458318
Minuit succeeded.
area = 3.66740874147 with chi^2 411.875430565
Minuit succeeded.
area = 3.67168208981 with chi^2 412.332292978
Minuit succeeded.
area = 3.67624583792 with chi^2 413.729940345
VariableMetricBuilder: no improvement
VariableMetricBuilder: machine accuracy limits further improvement.
Minuit succeeded.
area = 3.66777261311 with chi^2 412.707149689
Minuit succeeded.
area = 3.6754730505 with chi^2 413.090827965
Minuit succeeded.
area = 3.66836164283 with chi^2 411.951156328
Minuit succeeded.
area = 3.68184332322 with chi^2 411.463395134
Minuit succeeded.
area = 3.67421536447 with chi^2 413.283163274
Minuit succeeded.
area = 3.67819085979 with chi^2 412.471698069
Minuit succeeded.
area = 3.67235890178 with chi^2 411.970090892
Minuit succeeded.
area = 3.6751806884 with chi^2 411.790533731
Minuit succeeded.
area = 3.67634251104 with chi^2 412.463269103
Minuit succeeded.
area = 3.6741258741 with chi^2 412.182210149
VariableMetricBuilder: no improvement
VariableMetricBuilder: machine accuracy limits further improvement.
Minuit succeeded.
area = 3.66039085861 with chi^2 412.372960184
Minuit succeeded.
area = 3.67370495466 with chi^2 411.655191666
Minuit succeeded.
area = 3.66889058978 with chi^2 412.402105387
Minuit succeeded.
area = 3.67560464754 with chi^2 410.350560555
Minuit succeeded.
area = 3.6800112578 with chi^2 411.846908484
VariableMetricBuilder: matrix not pos.def.
gdel > 0: 6.74107e-06
eigenvalues: 
-0.464295
0.10114
0.137369
0.165503
1.0451
1.13836
1.24568
1.3991
1.69967
3.53237
matrix forced pos-def by adding 0.467828 to diagonal
gdel: -3.78857e-05
Minuit succeeded.
area = 3.66938308344 with chi^2 410.036214967
Minuit succeeded.
area = 3.66628283783 with chi^2 411.437555315
Minuit succeeded.
area = 3.67971512988 with chi^2 411.470789636
Minuit succeeded.
area = 3.67510080239 with chi^2 411.083115068
Minuit succeeded.
area = 3.67071299391 with chi^2 413.038872116
eigenvalues: 
-0.0161621
0.320417
0.651679
1
1
1
1
1.00059
1.00716
3.03632
matrix forced pos-def by adding 0.0191985 to diagonal
MnHesse: matrix is invalid!
MnHesse: matrix is not pos. def.!
MnHesse: matrix was forced pos. def.
FunctionMinimum is invalid.
Minuit failed because covariance is not accurate, and covariance is not positive definite.
Minuit succeeded.
area = 3.67958906339 with chi^2 412.716225709
Minuit succeeded.
area = 3.66799080455 with chi^2 412.543476607
VariableMetricBuilder: no improvement
eigenvalues: 
-0.022484
0.321788
0.667746
1
1
1
1
1.00064
1.01038
3.02193
matrix forced pos-def by adding 0.025506 to diagonal
MnHesse: matrix is invalid!
MnHesse: matrix is not pos. def.!
MnHesse: matrix was forced pos. def.
FunctionMinimum is invalid.
Minuit failed because covariance is not accurate, and covariance is not positive definite.
Minuit succeeded.
area = 3.66923092646 with chi^2 411.527073816
Minuit succeeded.
area = 3.67386809652 with chi^2 412.925375393
Minuit succeeded.
area = 3.6733947555 with chi^2 412.448905097
Minuit succeeded.
area = 3.68122738429 with chi^2 411.738462342
eigenvalues: 
-0.0125102
0.318873
0.649427
1
1
1
1
1.00013
1.0073
3.03678
matrix forced pos-def by adding 0.015547 to diagonal
MnHesse: matrix is invalid!
MnHesse: matrix is not pos. def.!
MnHesse: matrix was forced pos. def.
FunctionMinimum is invalid.
Minuit failed because covariance is not accurate, and covariance is not positive definite.
Minuit succeeded.
area = 3.67263921647 with chi^2 412.610957807
Minuit succeeded.
area = 3.66856792809 with chi^2 412.581753642
eigenvalues: 
-0.00795731
0.321073
0.65727
1
1
1
1
1.00011
1.00505
3.02445
matrix forced pos-def by adding 0.0109818 to diagonal
MnHesse: matrix is invalid!
MnHesse: matrix is not pos. def.!
MnHesse: matrix was forced pos. def.
FunctionMinimum is invalid.
Minuit failed because covariance is not accurate, and covariance is not positive definite.
Minuit succeeded.
area = 3.67402574225 with chi^2 410.92797182
eigenvalues: 
-0.0204579
0.316827
0.637934
1
1
1
1
1.00062
1.01183
3.05325
matrix forced pos-def by adding 0.0235112 to diagonal
MnHesse: matrix is invalid!
MnHesse: matrix is not pos. def.!
MnHesse: matrix was forced pos. def.
FunctionMinimum is invalid.
Minuit failed because covariance is not accurate, and covariance is not positive definite.
VariableMetricBuilder: no improvement
VariableMetricBuilder: finishes without convergence.
VariableMetricBuilder: edm= 0.000176821 requested: 1e-05
FunctionMinimum is invalid.
Minuit failed because the function is above maximum EDM.
Minuit succeeded.
area = 3.67963788951 with chi^2 412.589179983
eigenvalues: 
-0.0352611
0.310842
0.639214
1
1
1
1
1.00036
1.00808
3.07676
matrix forced pos-def by adding 0.0383379 to diagonal
MnHesse: matrix is invalid!
MnHesse: matrix is not pos. def.!
MnHesse: matrix was forced pos. def.
FunctionMinimum is invalid.
Minuit failed because covariance is not accurate, and covariance is not positive definite.
Minuit succeeded.
area = 3.67984169971 with chi^2 411.062368666
Minuit succeeded.
area = 3.68242155539 with chi^2 413.21792921
Minuit succeeded.
area = 3.66533641045 with chi^2 412.203801227
VariableMetricBuilder: no improvement
Minuit succeeded.
area = 3.66378619534 with chi^2 412.171792838
Minuit succeeded.
area = 3.67147754203 with chi^2 412.94481742
eigenvalues: 
-0.0549447
0.311647
0.651124
1
1
1
1
1.00041
1.00873
3.08303
matrix forced pos-def by adding 0.0580277 to diagonal
MnHesse: matrix is invalid!
MnHesse: matrix is not pos. def.!
MnHesse: matrix was forced pos. def.
FunctionMinimum is invalid.
Minuit failed because covariance is not accurate, and covariance is not positive definite.
Minuit succeeded.
area = 3.66938858295 with chi^2 412.731606103
Minuit succeeded.
area = 3.67707658464 with chi^2 415.395593085
VariableMetricBuilder: no improvement
Minuit succeeded.
area = 3.66767798953 with chi^2 411.742613926
Minuit succeeded.
area = 3.6657233659 with chi^2 413.251371404
eigenvalues: 
-0.0415509
0.314291
0.688969
1
1
1
1
1.00067
1.02015
3.01747
matrix forced pos-def by adding 0.0445684 to diagonal
MnHesse: matrix is invalid!
MnHesse: matrix is not pos. def.!
MnHesse: matrix was forced pos. def.
FunctionMinimum is invalid.
Minuit failed because covariance is not accurate, and covariance is not positive definite.
Minuit succeeded.
area = 3.66655034566 with chi^2 413.805657616
VariableMetricBuilder: no improvement
eigenvalues: 
-0.475176
0.265713
0.696224
1
1
1
1
1.00067
1.30317
3.20939
matrix forced pos-def by adding 0.478385 to diagonal
MnHesse: matrix is invalid!
MnHesse: matrix is not pos. def.!
MnHesse: matrix was forced pos. def.
FunctionMinimum is invalid.
Minuit failed because covariance is not accurate, and covariance is not positive definite.
Minuit succeeded.
area = 3.67175811896 with chi^2 411.766250444
Minuit succeeded.
area = 3.67787076698 with chi^2 411.299667456
Minuit succeeded.
area = 3.67807059543 with chi^2 411.283706714
Minuit succeeded.
area = 3.66641281936 with chi^2 411.095021358
Minuit succeeded.
area = 3.67626190559 with chi^2 411.622097272
eigenvalues: 
-0.00948479
0.319652
0.654051
1
1
1
1
1.00058
1.00664
3.02856
matrix forced pos-def by adding 0.0125133 to diagonal
MnHesse: matrix is invalid!
MnHesse: matrix is not pos. def.!
MnHesse: matrix was forced pos. def.
FunctionMinimum is invalid.
Minuit failed because covariance is not accurate, and covariance is not positive definite.
Minuit succeeded.
area = 3.67210998525 with chi^2 412.63077088
VariableMetricBuilder: no improvement
VariableMetricBuilder: machine accuracy limits further improvement.
Minuit succeeded.
area = 3.66753618239 with chi^2 411.966410404
Minuit succeeded.
area = 3.67613070498 with chi^2 412.987169556
Minuit succeeded.
area = 3.67519498479 with chi^2 412.711773252
Minuit succeeded.
area = 3.67564455149 with chi^2 412.957560322
eigenvalues: 
-0.014789
0.317599
0.638446
1
1
1
1
1.00023
1.00274
3.05577
matrix forced pos-def by adding 0.0178448 to diagonal
MnHesse: matrix is invalid!
MnHesse: matrix is not pos. def.!
MnHesse: matrix was forced pos. def.
FunctionMinimum is invalid.
Minuit failed because covariance is not accurate, and covariance is not positive definite.
Minuit succeeded.
area = 3.67277315355 with chi^2 413.475205224
Minuit succeeded.
area = 3.67213750598 with chi^2 413.100977544
Minuit succeeded.
area = 3.67329711711 with chi^2 413.18549604
Minuit succeeded.
area = 3.67679692881 with chi^2 414.098111377
Minuit succeeded.
area = 3.67239321095 with chi^2 413.263218184
Minuit succeeded.
area = 3.67401458773 with chi^2 413.338820231
Minuit succeeded.
area = 3.67545131817 with chi^2 412.676005346
Minuit succeeded.
area = 3.66883102163 with chi^2 412.386743723
VariableMetricBuilder: no improvement
Minuit succeeded.
area = 3.67145386888 with chi^2 412.256991222
eigenvalues: 
-0.0121742
0.315429
0.650586
1
1
1
1
1.00021
1.01009
3.03585
matrix forced pos-def by adding 0.01521 to diagonal
MnHesse: matrix is invalid!
MnHesse: matrix is not pos. def.!
MnHesse: matrix was forced pos. def.
FunctionMinimum is invalid.
Minuit failed because covariance is not accurate, and covariance is not positive definite.
Minuit succeeded.
area = 3.67625836787 with chi^2 411.628827726
Minuit succeeded.
area = 3.6753708577 with chi^2 412.095558305
Minuit succeeded.
area = 3.66300866074 with chi^2 412.077659904
Minuit succeeded.
area = 3.67159128301 with chi^2 411.599121523
Minuit succeeded.
area = 3.66152215933 with chi^2 413.31762913
Minuit succeeded.
area = 3.65794201937 with chi^2 412.043118226
Minuit succeeded.
area = 3.67682875122 with chi^2 413.299020259
eigenvalues: 
-0.0118799
0.321972
0.650156
1
1
1
1
1.00058
1.00647
3.0327
matrix forced pos-def by adding 0.0149126 to diagonal
MnHesse: matrix is invalid!
MnHesse: matrix is not pos. def.!
MnHesse: matrix was forced pos. def.
FunctionMinimum is invalid.
Minuit failed because covariance is not accurate, and covariance is not positive definite.
eigenvalues: 
-0.00311179
0.320239
0.629593
1
1
1
1
1.00071
1.01009
3.04248
matrix forced pos-def by adding 0.00615427 to diagonal
MnHesse: matrix is invalid!
MnHesse: matrix is not pos. def.!
MnHesse: matrix was forced pos. def.
FunctionMinimum is invalid.
Minuit failed because covariance is not accurate, and covariance is not positive definite.
VariableMetricBuilder: matrix not pos.def.
edm < 0
negative or zero diagonal element 0 in covariance matrix
negative or zero diagonal element 1 in covariance matrix
added 1.00086 to diagonal of error matrix
Minuit succeeded.
area = 3.66381368071 with chi^2 411.496439235
areas mean, stdev = 3.67253636874 0.00523433672992 chi^2 mean, stdev = 412.35014431 0.86288254273
Now with jitter = 0.07
Minuit succeeded.
area = 3.67840162484 with chi^2 411.330353931
Minuit succeeded.
area = 3.68536288079 with chi^2 413.578455707
eigenvalues: 
-0.0106733
0.319549
0.656165
1
1
1
1
1.00055
1.01294
3.02147
matrix forced pos-def by adding 0.0136948 to diagonal
MnHesse: matrix is invalid!
MnHesse: matrix is not pos. def.!
MnHesse: matrix was forced pos. def.
FunctionMinimum is invalid.
Minuit failed because covariance is not accurate, and covariance is not positive definite.
VariableMetricBuilder: no improvement
eigenvalues: 
-0.00139335
0.325312
0.66388
1
1
1
1
1.00047
1.00719
3.00454
matrix forced pos-def by adding 0.00439789 to diagonal
MnHesse: matrix is invalid!
MnHesse: matrix is not pos. def.!
MnHesse: matrix was forced pos. def.
FunctionMinimum is invalid.
Minuit failed because covariance is not accurate, and covariance is not positive definite.
Minuit succeeded.
area = 3.67080191018 with chi^2 412.972294628
Minuit succeeded.
area = 3.67030979733 with chi^2 414.334359169
eigenvalues: 
-0.0032901
0.324929
0.688648
1
1
1
1
1.00021
1.0089
2.9806
matrix forced pos-def by adding 0.0062707 to diagonal
MnHesse: matrix is invalid!
MnHesse: matrix is not pos. def.!
MnHesse: matrix was forced pos. def.
FunctionMinimum is invalid.
Minuit failed because covariance is not accurate, and covariance is not positive definite.
eigenvalues: 
-0.0839973
0.303438
0.637097
1
1
1
1
1.00039
1.01028
3.13279
matrix forced pos-def by adding 0.0871301 to diagonal
MnHesse: matrix is invalid!
MnHesse: matrix is not pos. def.!
MnHesse: matrix was forced pos. def.
FunctionMinimum is invalid.
Minuit failed because covariance is not accurate, and covariance is not positive definite.
Minuit succeeded.
area = 3.66559690893 with chi^2 415.062461593
Minuit succeeded.
area = 3.68703724567 with chi^2 412.29231281
Minuit succeeded.
area = 3.67480497788 with chi^2 412.631511626
Minuit succeeded.
area = 3.6774000711 with chi^2 413.041577211
Minuit succeeded.
area = 3.67213303682 with chi^2 414.264920793
Minuit succeeded.
area = 3.65943873409 with chi^2 410.779845824
Minuit succeeded.
area = 3.66008686041 with chi^2 413.638014464
Minuit succeeded.
area = 3.67718356014 with chi^2 413.824276905
Minuit succeeded.
area = 3.67927959479 with chi^2 410.223295822
Minuit succeeded.
area = 3.67666538665 with chi^2 411.964848306
Minuit succeeded.
area = 3.68135834132 with chi^2 413.465196201
Minuit succeeded.
area = 3.67077876975 with chi^2 412.646414993
Minuit succeeded.
area = 3.66513599882 with chi^2 412.814877964
Minuit succeeded.
area = 3.68235221173 with chi^2 413.2373887
Minuit succeeded.
area = 3.67822087618 with chi^2 411.601706735
VariableMetricBuilder: no improvement
Minuit succeeded.
area = 3.67259791069 with chi^2 413.746304187
Minuit succeeded.
area = 3.69420753375 with chi^2 413.851176963
VariableMetricBuilder: no improvement
Minuit succeeded.
area = 3.65686066158 with chi^2 409.799648213
eigenvalues: 
-0.0169035
0.32407
0.676487
1
1
1
1
1.00071
1.00767
3.00796
matrix forced pos-def by adding 0.0199114 to diagonal
MnHesse: matrix is invalid!
MnHesse: matrix is not pos. def.!
MnHesse: matrix was forced pos. def.
FunctionMinimum is invalid.
Minuit failed because covariance is not accurate, and covariance is not positive definite.
Minuit succeeded.
area = 3.67884175034 with chi^2 411.825641455
eigenvalues: 
-0.0082001
0.319869
0.696778
1
1
1
1
1.00012
1.00947
2.98196
matrix forced pos-def by adding 0.0111821 to diagonal
MnHesse: matrix is invalid!
MnHesse: matrix is not pos. def.!
MnHesse: matrix was forced pos. def.
FunctionMinimum is invalid.
Minuit failed because covariance is not accurate, and covariance is not positive definite.
Minuit succeeded.
area = 3.66809361868 with chi^2 412.699014354
Minuit succeeded.
area = 3.67467128386 with chi^2 414.178765001
VariableMetricBuilder: no improvement
VariableMetricBuilder: finishes without convergence.
VariableMetricBuilder: edm= 0.000110893 requested: 1e-05
FunctionMinimum is invalid.
Minuit failed because the function is above maximum EDM.
VariableMetricBuilder: no improvement
VariableMetricBuilder: finishes without convergence.
VariableMetricBuilder: edm= 0.000250497 requested: 1e-05
eigenvalues: 
-0.0148778
0.307181
0.592236
1
1
1
1
1.00012
1.00693
3.10841
matrix forced pos-def by adding 0.0179862 to diagonal
MnHesse: matrix is invalid!
MnHesse: matrix is not pos. def.!
MnHesse: matrix was forced pos. def.
FunctionMinimum is invalid.
Minuit failed because covariance is not accurate, covariance is not positive definite, and the function is above maximum EDM.
Minuit succeeded.
area = 3.67145265552 with chi^2 413.235069732
eigenvalues: 
-0.0775927
0.301969
0.635814
1
1
1
1
1.00015
1.00467
3.13499
matrix forced pos-def by adding 0.0807277 to diagonal
MnHesse: matrix is invalid!
MnHesse: matrix is not pos. def.!
MnHesse: matrix was forced pos. def.
FunctionMinimum is invalid.
Minuit failed because covariance is not accurate, and covariance is not positive definite.
Minuit succeeded.
area = 3.67811013954 with chi^2 411.904315217
Minuit succeeded.
area = 3.67420336361 with chi^2 409.547067463
Minuit succeeded.
area = 3.67172108456 with chi^2 412.259531105
eigenvalues: 
-0.00977427
0.325686
0.684968
1
1
1
1
1.00084
1.01494
2.98333
matrix forced pos-def by adding 0.0127576 to diagonal
MnHesse: matrix is invalid!
MnHesse: matrix is not pos. def.!
MnHesse: matrix was forced pos. def.
FunctionMinimum is invalid.
Minuit failed because covariance is not accurate, and covariance is not positive definite.
Minuit succeeded.
area = 3.67426166371 with chi^2 412.714089593
Minuit succeeded.
area = 3.68241186002 with chi^2 410.774235781
Minuit succeeded.
area = 3.67760795081 with chi^2 412.309747737
Minuit succeeded.
area = 3.66198409244 with chi^2 413.183086918
Minuit succeeded.
area = 3.6728884975 with chi^2 413.688986064
eigenvalues: 
-0.0784658
0.310606
0.66728
1
1
1
1
1.00066
1.00225
3.09766
matrix forced pos-def by adding 0.0815635 to diagonal
MnHesse: matrix is invalid!
MnHesse: matrix is not pos. def.!
MnHesse: matrix was forced pos. def.
FunctionMinimum is invalid.
Minuit failed because covariance is not accurate, and covariance is not positive definite.
Minuit succeeded.
area = 3.67556401335 with chi^2 411.91772844
Minuit succeeded.
area = 3.66632996627 with chi^2 414.005900229
Minuit succeeded.
area = 3.67243186422 with chi^2 410.967008765
Minuit succeeded.
area = 3.67189725462 with chi^2 412.113442129
Minuit succeeded.
area = 3.67609113908 with chi^2 413.461540872
Minuit succeeded.
area = 3.65929546679 with chi^2 410.953180336
Minuit succeeded.
area = 3.6745596244 with chi^2 413.646575028
Minuit succeeded.
area = 3.67220911735 with chi^2 411.515506965
VariableMetricBuilder: no improvement
VariableMetricBuilder: machine accuracy limits further improvement.
eigenvalues: 
-0.0090861
0.320478
0.707463
1
1
1
1
1.00036
1.0061
2.97469
matrix forced pos-def by adding 0.0120608 to diagonal
MnHesse: matrix is invalid!
MnHesse: matrix is not pos. def.!
MnHesse: matrix was forced pos. def.
FunctionMinimum is invalid.
Minuit failed because covariance is not accurate, and covariance is not positive definite.
Minuit succeeded.
area = 3.67631434731 with chi^2 413.58987535
Minuit succeeded.
area = 3.68729966598 with chi^2 414.295434661
eigenvalues: 
-0.0454705
0.314984
0.644196
1
1
1
1
1.00004
1.00404
3.08221
matrix forced pos-def by adding 0.0485527 to diagonal
MnHesse: matrix is invalid!
MnHesse: matrix is not pos. def.!
MnHesse: matrix was forced pos. def.
FunctionMinimum is invalid.
Minuit failed because covariance is not accurate, and covariance is not positive definite.
Minuit succeeded.
area = 3.67882859804 with chi^2 412.091229343
Minuit succeeded.
area = 3.67015132136 with chi^2 412.7096443
eigenvalues: 
-0.0058633
0.324627
0.6598
1
1
1
1
1.0002
1.00693
3.01431
matrix forced pos-def by adding 0.00887761 to diagonal
MnHesse: matrix is invalid!
MnHesse: matrix is not pos. def.!
MnHesse: matrix was forced pos. def.
FunctionMinimum is invalid.
Minuit failed because covariance is not accurate, and covariance is not positive definite.
Minuit succeeded.
area = 3.67248178819 with chi^2 413.13503548
Minuit succeeded.
area = 3.66714376086 with chi^2 411.72224315
Minuit succeeded.
area = 3.66930411331 with chi^2 412.350596444
Minuit succeeded.
area = 3.68405994172 with chi^2 415.085642375
Minuit succeeded.
area = 3.67563604659 with chi^2 412.6795307
VariableMetricBuilder: no improvement
VariableMetricBuilder: machine accuracy limits further improvement.
Minuit succeeded.
area = 3.67341808264 with chi^2 412.494606754
eigenvalues: 
-0.0149885
0.319564
0.639781
1
1
1
1
1.00027
1.00431
3.05106
matrix forced pos-def by adding 0.0180396 to diagonal
MnHesse: matrix is invalid!
MnHesse: matrix is not pos. def.!
MnHesse: matrix was forced pos. def.
FunctionMinimum is invalid.
Minuit failed because covariance is not accurate, and covariance is not positive definite.
Minuit succeeded.
area = 3.68316334615 with chi^2 415.68664778
eigenvalues: 
-0.0439704
0.314966
0.655618
1
1
1
1
1.00037
1.00671
3.06631
matrix forced pos-def by adding 0.0470367 to diagonal
MnHesse: matrix is invalid!
MnHesse: matrix is not pos. def.!
MnHesse: matrix was forced pos. def.
FunctionMinimum is invalid.
Minuit failed because covariance is not accurate, and covariance is not positive definite.
Minuit succeeded.
area = 3.67555043081 with chi^2 412.717950686
Minuit succeeded.
area = 3.65576861769 with chi^2 411.979359449
Minuit succeeded.
area = 3.66238118598 with chi^2 412.501577396
eigenvalues: 
-0.0620529
0.306797
0.65776
1
1
1
1
1.00069
1.02073
3.07608
matrix forced pos-def by adding 0.0651289 to diagonal
MnHesse: matrix is invalid!
MnHesse: matrix is not pos. def.!
MnHesse: matrix was forced pos. def.
FunctionMinimum is invalid.
Minuit failed because covariance is not accurate, and covariance is not positive definite.
Minuit succeeded.
area = 3.65871452429 with chi^2 412.359708934
Minuit succeeded.
area = 3.68305892534 with chi^2 409.532076916
Minuit succeeded.
area = 3.67210363878 with chi^2 410.979789038
VariableMetricBuilder: matrix not pos.def.
gdel > 0: 5.37312e-07
negative or zero diagonal element 6 in covariance matrix
added 1.00006 to diagonal of error matrix
gdel: 5.37312e-07
Minuit succeeded.
area = 3.67540349403 with chi^2 412.184444307
Minuit succeeded.
area = 3.66809446279 with chi^2 411.579998655
Minuit succeeded.
area = 3.68662758711 with chi^2 411.602186618
Minuit succeeded.
area = 3.67772112215 with chi^2 413.270321754
Minuit succeeded.
area = 3.66581678166 with chi^2 412.40503512
VariableMetricBuilder: no improvement
VariableMetricBuilder: finishes without convergence.
VariableMetricBuilder: edm= 0.000293866 requested: 1e-05
FunctionMinimum is invalid.
Minuit failed because the function is above maximum EDM.
Minuit succeeded.
area = 3.67032539374 with chi^2 412.005653448
eigenvalues: 
-0.0552845
0.304584
0.617553
1
1
1
1
1.00034
1.01229
3.12052
matrix forced pos-def by adding 0.0584051 to diagonal
MnHesse: matrix is invalid!
MnHesse: matrix is not pos. def.!
MnHesse: matrix was forced pos. def.
FunctionMinimum is invalid.
Minuit failed because covariance is not accurate, and covariance is not positive definite.
Minuit succeeded.
area = 3.67108984017 with chi^2 413.733043923
Minuit succeeded.
area = 3.67589027275 with chi^2 413.907024079
Minuit succeeded.
area = 3.67954866913 with chi^2 412.450326156
Minuit succeeded.
area = 3.6665084024 with chi^2 416.18152838
Minuit succeeded.
area = 3.67253820285 with chi^2 414.629777399
VariableMetricBuilder: no improvement
eigenvalues: 
-0.118669
0.289573
0.705327
1
1
1
1
1.00068
1.20868
2.91441
matrix forced pos-def by adding 0.121583 to diagonal
MnHesse: matrix is invalid!
MnHesse: matrix is not pos. def.!
MnHesse: matrix was forced pos. def.
FunctionMinimum is invalid.
Minuit failed because covariance is not accurate, and covariance is not positive definite.
Minuit succeeded.
area = 3.67444327972 with chi^2 412.133292889
Minuit succeeded.
area = 3.66854991533 with chi^2 409.226743413
Minuit succeeded.
area = 3.66278890688 with chi^2 413.379651318
Minuit succeeded.
area = 3.67171264389 with chi^2 414.178470943
Minuit succeeded.
area = 3.67699286281 with chi^2 410.997519832
VariableMetricBuilder: no improvement
VariableMetricBuilder: machine accuracy limits further improvement.
Minuit succeeded.
area = 3.66886034607 with chi^2 410.561732873
eigenvalues: 
-0.00178668
0.326268
0.678472
1
1
1
1
1.00053
1.01068
2.98584
matrix forced pos-def by adding 0.00477252 to diagonal
MnHesse: matrix is invalid!
MnHesse: matrix is not pos. def.!
MnHesse: matrix was forced pos. def.
FunctionMinimum is invalid.
Minuit failed because covariance is not accurate, and covariance is not positive definite.
Minuit succeeded.
area = 3.66539701353 with chi^2 411.227112093
Minuit succeeded.
area = 3.67224795398 with chi^2 411.626408364
VariableMetricBuilder: no improvement
Minuit succeeded.
area = 3.67126948807 with chi^2 411.215190147
areas mean, stdev = 3.67313729461 0.00738270269754 chi^2 mean, stdev = 412.562127676 1.38571445299
