This is TeX, Version 3.14159 (Web2C 7.3.1) (format=latex 2003.2.18)  15 MAR 2005 12:27
**printme.tex
(printme.tex
LaTeX2e <2001/06/01>
Babel <v3.7h> and hyphenation patterns for american, french, german, ngerman, i
talian, nohyphenation, loaded.
(/usr/share/texmf/tex/latex/base/article.cls
Document Class: article 2001/04/21 v1.4e Standard LaTeX document class
(/usr/share/texmf/tex/latex/base/size10.clo
File: size10.clo 2001/04/21 v1.4e Standard LaTeX file (size option)
)
\c@part=\count79
\c@section=\count80
\c@subsection=\count81
\c@subsubsection=\count82
\c@paragraph=\count83
\c@subparagraph=\count84
\c@figure=\count85
\c@table=\count86
\abovecaptionskip=\skip41
\belowcaptionskip=\skip42
\bibindent=\dimen102
)
(/usr/share/texmf/tex/latex/graphics/graphicx.sty
Package: graphicx 1999/02/16 v1.0f Enhanced LaTeX Graphics (DPC,SPQR)

(/usr/share/texmf/tex/latex/graphics/keyval.sty
Package: keyval 1999/03/16 v1.13 key=value parser (DPC)
\KV@toks@=\toks14
)
(/usr/share/texmf/tex/latex/graphics/graphics.sty
Package: graphics 2001/07/07 v1.0n Standard LaTeX Graphics (DPC,SPQR)

(/usr/share/texmf/tex/latex/graphics/trig.sty
Package: trig 1999/03/16 v1.09 sin cos tan (DPC)
)
(/usr/share/texmf/tex/latex/config/graphics.cfg)
Package graphics Info: Driver file: dvips.def on input line 80.

(/usr/share/texmf/tex/latex/graphics/dvips.def
File: dvips.def 1999/02/16 v3.0i Driver-dependant file (DPC,SPQR)
))
\Gin@req@height=\dimen103
\Gin@req@width=\dimen104
) (printme.aux)
\openout1 = `printme.aux'.

LaTeX Font Info:    Checking defaults for OML/cmm/m/it on input line 14.
LaTeX Font Info:    ... okay on input line 14.
LaTeX Font Info:    Checking defaults for T1/cmr/m/n on input line 14.
LaTeX Font Info:    ... okay on input line 14.
LaTeX Font Info:    Checking defaults for OT1/cmr/m/n on input line 14.
LaTeX Font Info:    ... okay on input line 14.
LaTeX Font Info:    Checking defaults for OMS/cmsy/m/n on input line 14.
LaTeX Font Info:    ... okay on input line 14.
LaTeX Font Info:    Checking defaults for OMX/cmex/m/n on input line 14.
LaTeX Font Info:    ... okay on input line 14.
LaTeX Font Info:    Checking defaults for U/cmr/m/n on input line 14.
LaTeX Font Info:    ... okay on input line 14.
File: convstudy_gg_1.eps Graphic file (type eps)

<convstudy_gg_1.eps>
Overfull \hbox (15.0pt too wide) in paragraph at lines 112--112
[][] 
 []

[1

]
File: convstudy_gg_2.eps Graphic file (type eps)
 <convstudy_gg_2.eps>
Overfull \hbox (15.0pt too wide) in paragraph at lines 114--114
[][] 
 []

[2]
File: convstudy_gg_3.eps Graphic file (type eps)
 <convstudy_gg_3.eps>
Overfull \hbox (15.0pt too wide) in paragraph at lines 116--116
[][] 
 []

[3]
File: convstudy_gg_4.eps Graphic file (type eps)
 <convstudy_gg_4.eps>
Overfull \hbox (15.0pt too wide) in paragraph at lines 118--118
[][] 
 []

[4]
File: convstudy_gg_5.eps Graphic file (type eps)
 <convstudy_gg_5.eps>
Overfull \hbox (15.0pt too wide) in paragraph at lines 120--120
[][] 
 []

[5]
File: convstudy_gg_6.eps Graphic file (type eps)
 <convstudy_gg_6.eps>
Overfull \hbox (15.0pt too wide) in paragraph at lines 122--122
[][] 
 []

[6]
File: convstudy_gg_7.eps Graphic file (type eps)
 <convstudy_gg_7.eps>
Overfull \hbox (15.0pt too wide) in paragraph at lines 124--124
[][] 
 []

[7]
File: convstudy_gg_8.eps Graphic file (type eps)
 <convstudy_gg_8.eps>
Overfull \hbox (15.0pt too wide) in paragraph at lines 126--126
[][] 
 []

[8]
File: convstudy_gg_9.eps Graphic file (type eps)
 <convstudy_gg_9.eps>
Overfull \hbox (15.0pt too wide) in paragraph at lines 128--128
[][] 
 []

[9]
File: convstudy_gg_9.5.eps Graphic file (type eps)
 <convstudy_gg_9.5.eps>
Overfull \hbox (15.0pt too wide) in paragraph at lines 130--130
[][] 
 []

[10]
File: convstudy_gg_10.eps Graphic file (type eps)
 <convstudy_gg_10.eps>
Overfull \hbox (15.0pt too wide) in paragraph at lines 132--132
[][] 
 []

[11]
File: convstudy_gg_11.eps Graphic file (type eps)
 <convstudy_gg_11.eps>
Overfull \hbox (15.0pt too wide) in paragraph at lines 134--134
[][] 
 []

[12]
File: convstudy_gg_12.5.eps Graphic file (type eps)
 <convstudy_gg_12.5.eps>
Overfull \hbox (15.0pt too wide) in paragraph at lines 136--136
[][] 
 []

[13]
File: convstudy_gg_12.eps Graphic file (type eps)
 <convstudy_gg_12.eps>
Overfull \hbox (15.0pt too wide) in paragraph at lines 138--138
[][] 
 []

[14]
File: convstudy_gg_13.eps Graphic file (type eps)
 <convstudy_gg_13.eps>
Overfull \hbox (15.0pt too wide) in paragraph at lines 140--140
[][] 
 []

[15]
File: convstudy_gg_14.eps Graphic file (type eps)
 <convstudy_gg_14.eps>
Overfull \hbox (15.0pt too wide) in paragraph at lines 142--142
[][] 
 []

[16]
LaTeX Font Info:    External font `cmex10' loaded for size
(Font)              <20.74> on input line 148.
LaTeX Font Info:    External font `cmex10' loaded for size
(Font)              <14.4> on input line 148.
LaTeX Font Info:    External font `cmex10' loaded for size
(Font)              <12> on input line 148.
File: convstudy_gg_9.01.eps Graphic file (type eps)
 <convstudy_gg_9.01.eps>
Overfull \hbox (15.0pt too wide) in paragraph at lines 152--153
[][] 
 []

[17]
File: convstudy_gg_9.51.eps Graphic file (type eps)
 <convstudy_gg_9.51.eps>
Overfull \hbox (15.0pt too wide) in paragraph at lines 168--169
[][] 
 []

[18] (printme.aux) ) 
Here is how much of TeX's memory you used:
 548 strings out of 20880
 6317 string characters out of 196184
 50809 words of memory out of 350001
 3535 multiletter control sequences out of 10000+15000
 6380 words of font info for 23 fonts, out of 400000 for 1000
 14 hyphenation exceptions out of 10000
 25i,4n,19p,201b,155s stack positions out of 3000i,100n,1500p,50000b,4000s

Output written on printme.dvi (18 pages, 3428 bytes).
