This is TeX, Version 3.14159 (Web2C 7.3.1) (format=latex 2003.2.18)  18 MAR 2005 15:53
**printme2.tex
(printme2.tex
LaTeX2e <2001/06/01>
Babel <v3.7h> and hyphenation patterns for american, french, german, ngerman, i
talian, nohyphenation, loaded.
(/usr/share/texmf/tex/latex/base/article.cls
Document Class: article 2001/04/21 v1.4e Standard LaTeX document class
(/usr/share/texmf/tex/latex/base/size10.clo
File: size10.clo 2001/04/21 v1.4e Standard LaTeX file (size option)
)
\c@part=\count79
\c@section=\count80
\c@subsection=\count81
\c@subsubsection=\count82
\c@paragraph=\count83
\c@subparagraph=\count84
\c@figure=\count85
\c@table=\count86
\abovecaptionskip=\skip41
\belowcaptionskip=\skip42
\bibindent=\dimen102
)
(/usr/share/texmf/tex/latex/graphics/graphicx.sty
Package: graphicx 1999/02/16 v1.0f Enhanced LaTeX Graphics (DPC,SPQR)

(/usr/share/texmf/tex/latex/graphics/keyval.sty
Package: keyval 1999/03/16 v1.13 key=value parser (DPC)
\KV@toks@=\toks14
)
(/usr/share/texmf/tex/latex/graphics/graphics.sty
Package: graphics 2001/07/07 v1.0n Standard LaTeX Graphics (DPC,SPQR)

(/usr/share/texmf/tex/latex/graphics/trig.sty
Package: trig 1999/03/16 v1.09 sin cos tan (DPC)
)
(/usr/share/texmf/tex/latex/config/graphics.cfg)
Package graphics Info: Driver file: dvips.def on input line 80.

(/usr/share/texmf/tex/latex/graphics/dvips.def
File: dvips.def 1999/02/16 v3.0i Driver-dependant file (DPC,SPQR)
))
\Gin@req@height=\dimen103
\Gin@req@width=\dimen104
) (printme2.aux)
\openout1 = `printme2.aux'.

LaTeX Font Info:    Checking defaults for OML/cmm/m/it on input line 14.
LaTeX Font Info:    ... okay on input line 14.
LaTeX Font Info:    Checking defaults for T1/cmr/m/n on input line 14.
LaTeX Font Info:    ... okay on input line 14.
LaTeX Font Info:    Checking defaults for OT1/cmr/m/n on input line 14.
LaTeX Font Info:    ... okay on input line 14.
LaTeX Font Info:    Checking defaults for OMS/cmsy/m/n on input line 14.
LaTeX Font Info:    ... okay on input line 14.
LaTeX Font Info:    Checking defaults for OMX/cmex/m/n on input line 14.
LaTeX Font Info:    ... okay on input line 14.
LaTeX Font Info:    Checking defaults for U/cmr/m/n on input line 14.
LaTeX Font Info:    ... okay on input line 14.
File: convstudy_gg2_1.eps Graphic file (type eps)

<convstudy_gg2_1.eps> [1

]
File: convstudy_gg2_2.eps Graphic file (type eps)
 <convstudy_gg2_2.eps> [2]
File: convstudy_gg2_3.eps Graphic file (type eps)
 <convstudy_gg2_3.eps>
[3]
File: convstudy_gg2_4.eps Graphic file (type eps)
 <convstudy_gg2_4.eps> [4]
File: convstudy_gg2_5.eps Graphic file (type eps)
 <convstudy_gg2_5.eps> [5]
File: convstudy_gg2_6.eps Graphic file (type eps)
 <convstudy_gg2_6.eps>
[6]
File: convstudy_gg2_8.eps Graphic file (type eps)
 <convstudy_gg2_8.eps> [7]
File: convstudy_gg2_9.eps Graphic file (type eps)
 <convstudy_gg2_9.eps> [8]
File: convstudy_gg2_9.5.eps Graphic file (type eps)

<convstudy_gg2_9.5.eps> [9]
File: convstudy_gg2_10.eps Graphic file (type eps)
 <convstudy_gg2_10.eps> [10]
File: convstudy_gg2_11.eps Graphic file (type eps)
 <convstudy_gg2_11.eps>
[11]
File: convstudy_gg2_12.eps Graphic file (type eps)
 <convstudy_gg2_12.eps> [12]
File: convstudy_gg2_13.eps Graphic file (type eps)
 <convstudy_gg2_13.eps> [13]
File: convstudy_gg2_14.eps Graphic file (type eps)

<convstudy_gg2_14.eps> [14]
File: convstudy_gg2_12.5.eps Graphic file (type eps)
 <convstudy_gg2_12.5.eps> [15]
File: convstudy_gg3_1.eps Graphic file (type eps)

<convstudy_gg3_1.eps> [16]
File: convstudy_gg3_2.eps Graphic file (type eps)
 <convstudy_gg3_2.eps> [17]
File: convstudy_gg3_3.eps Graphic file (type eps)
 <convstudy_gg3_3.eps>
[18]
File: convstudy_gg3_4.eps Graphic file (type eps)
 <convstudy_gg3_4.eps> [19]
File: convstudy_gg3_5.eps Graphic file (type eps)
 <convstudy_gg3_5.eps> [20]
File: convstudy_gg3_6.eps Graphic file (type eps)

<convstudy_gg3_6.eps> [21]
File: convstudy_gg3_8.eps Graphic file (type eps)
 <convstudy_gg3_8.eps> [22]
File: convstudy_gg3_10.eps Graphic file (type eps)
 <convstudy_gg3_10.eps>
[23]
File: convstudy_gg3_11.eps Graphic file (type eps)
 <convstudy_gg3_11.eps> [24]
File: convstudy_gg3_12.eps Graphic file (type eps)
 <convstudy_gg3_12.eps> [25]
File: convstudy_gg3_13.eps Graphic file (type eps)

<convstudy_gg3_13.eps> [26]
File: convstudy_gg3_14.eps Graphic file (type eps)
 <convstudy_gg3_14.eps> [27]
File: convstudy_gg3_12.5.eps Graphic file (type eps)

<convstudy_gg3_12.5.eps> [28]
File: convstudy_gg3_15.eps Graphic file (type eps)
 <convstudy_gg3_15.eps> [29]
File: convstudy_gg2_9.onlyzplus.eps Graphic file (type eps)

<convstudy_gg2_9.onlyzplus.eps> [30]
File: convstudy_gg2_9.onlyzminus.eps Graphic file (type eps)
 <convstudy_gg2_9.onlyzminus.eps> [31]
(printme2.aux) ) 
Here is how much of TeX's memory you used:
 562 strings out of 20880
 6742 string characters out of 196184
 50809 words of memory out of 350001
 3538 multiletter control sequences out of 10000+15000
 3939 words of font info for 15 fonts, out of 400000 for 1000
 14 hyphenation exceptions out of 10000
 25i,4n,19p,202b,151s stack positions out of 3000i,100n,1500p,50000b,4000s

Output written on printme2.dvi (31 pages, 7084 bytes).
