Minuit succeeded.
1s under jitter 0.0 = 13.7139297235 with chi^2 426.414951013
Minuit succeeded.
1s under jitter 0.0 = 13.7043718342 with chi^2 379.626821583
Minuit succeeded.
1s under jitter 0.0 = 13.5674379491 with chi^2 409.270635455
eigenvalues: 
-0.0153083
0.572285
0.718169
1
1
1
1
1
1
1
1
1
1.00024
1.01293
2.71168
matrix forced pos-def by adding 0.01802 to diagonal
MnHesse: matrix is invalid!
MnHesse: matrix is not pos. def.!
MnHesse: matrix was forced pos. def.
FunctionMinimum is invalid.
Minuit failed because covariance is not accurate, and covariance is not positive definite.
1s under jitter 0.0 = 13.5505013597 with chi^2 451.954890447
VariableMetricBuilder: matrix not pos.def.
gdel > 0: 0.000112738
negative or zero diagonal element 0 in covariance matrix
negative or zero diagonal element 1 in covariance matrix
added 1.00036 to diagonal of error matrix
gdel: 0.000112738
eigenvalues: 
-0.391789
0.589699
0.727479
1
1
1
1
1
1
1
1
1
1.00105
1.03385
3.03971
matrix forced pos-def by adding 0.394829 to diagonal
MnHesse: matrix is invalid!
MnHesse: matrix is not pos. def.!
MnHesse: matrix was forced pos. def.
FunctionMinimum is invalid.
Minuit failed because covariance is not accurate, and covariance is not positive definite.
1s under jitter 0.0 = 13.6995880884 with chi^2 409.693731543
Minuit succeeded.
1s under jitter 0.0 = 13.6679428584 with chi^2 449.513945558
Minuit succeeded.
1s under jitter 0.0 = 13.668927528 with chi^2 382.828019132
Minuit succeeded.
1s under jitter 0.0 = 13.5231130255 with chi^2 473.178005325
Minuit succeeded.
1s under jitter 0.0 = 13.6914104125 with chi^2 423.868851125
VariableMetricBuilder: matrix not pos.def.
edm < 0
eigenvalues: 
-0.383972
0.36779
0.838576
0.912952
0.958167
0.97243
0.97884
0.989724
0.99882
0.999992
1.00051
1.00986
1.15513
1.73407
2.46711
matrix forced pos-def by adding 0.386439 to diagonal
Minuit succeeded.
1s under jitter 0.0 = 13.6351459554 with chi^2 413.118748998
VariableMetricBuilder: no improvement
VariableMetricBuilder: machine accuracy limits further improvement.
Minuit succeeded.
1s under jitter 0.0 = 13.7012587334 with chi^2 396.483390429
Minuit succeeded.
1s under jitter 0.0 = 13.5972587478 with chi^2 408.33151342
VariableMetricBuilder: no improvement
VariableMetricBuilder: machine accuracy limits further improvement.
Minuit succeeded.
1s under jitter 0.0 = 13.5533177146 with chi^2 410.353941474
Minuit succeeded.
1s under jitter 0.0 = 13.6548182373 with chi^2 489.00668371
Minuit succeeded.
1s under jitter 0.0 = 13.6090459215 with chi^2 397.764074632
eigenvalues: 
-0.0320182
0.595589
0.713868
1
1
1
1
1
1
1
1
1
1.00121
1.02768
2.69367
matrix forced pos-def by adding 0.0347119 to diagonal
MnHesse: matrix is invalid!
MnHesse: matrix is not pos. def.!
MnHesse: matrix was forced pos. def.
FunctionMinimum is invalid.
Minuit failed because covariance is not accurate, and covariance is not positive definite.
1s under jitter 0.0 = 13.6717281813 with chi^2 425.709050655
Minuit succeeded.
1s under jitter 0.0 = 13.6449505936 with chi^2 453.767957131
Minuit succeeded.
1s under jitter 0.0 = 13.6767029196 with chi^2 397.367405743
Minuit succeeded.
1s under jitter 0.0 = 13.6867187731 with chi^2 421.059838335
Minuit succeeded.
1s under jitter 0.0 = 13.6179754731 with chi^2 410.246239407
Minuit succeeded.
1s under jitter 0.0 = 13.5542924209 with chi^2 444.954461031
eigenvalues: 
-0.0469441
0.596659
0.722816
1
1
1
1
1
1
1
1
1
1.00134
1.02973
2.6964
matrix forced pos-def by adding 0.0496405 to diagonal
MnHesse: matrix is invalid!
MnHesse: matrix is not pos. def.!
MnHesse: matrix was forced pos. def.
FunctionMinimum is invalid.
Minuit failed because covariance is not accurate, and covariance is not positive definite.
1s under jitter 0.0 = 13.7079802932 with chi^2 423.258283766
Minuit succeeded.
1s under jitter 0.0 = 13.7146398337 with chi^2 429.55014077
eigenvalues: 
-0.243649
0.43814
0.741766
1
1
1
1
1
1
1
1
1
1.00208
1.32682
2.73484
matrix forced pos-def by adding 0.246384 to diagonal
MnHesse: matrix is invalid!
MnHesse: matrix is not pos. def.!
MnHesse: matrix was forced pos. def.
FunctionMinimum is invalid.
Minuit failed because covariance is not accurate, and covariance is not positive definite.
1s under jitter 0.0 = 13.6514314205 with chi^2 430.119190059
Minuit succeeded.
1s under jitter 0.0 = 13.641609007 with chi^2 393.350445332
Minuit succeeded.
1s under jitter 0.0 = 13.6618228036 with chi^2 429.242184057
Minuit succeeded.
1s under jitter 0.0 = 13.8610074355 with chi^2 405.101196604
Minuit succeeded.
1s under jitter 0.0 = 13.6838044941 with chi^2 428.23726755
Minuit succeeded.
1s under jitter 0.0 = 13.6262574088 with chi^2 412.791415967
Minuit succeeded.
1s under jitter 0.0 = 13.5336932688 with chi^2 478.29692398
Minuit succeeded.
1s under jitter 0.0 = 13.6911526459 with chi^2 421.301366342
Minuit succeeded.
1s under jitter 0.0 = 13.6396122253 with chi^2 360.976495295
Minuit succeeded.
1s under jitter 0.0 = 13.5558760566 with chi^2 396.844148629
Minuit succeeded.
1s under jitter 0.0 = 13.4717792281 with chi^2 443.873542218
Minuit succeeded.
1s under jitter 0.0 = 13.6339065158 with chi^2 444.719435894
Minuit succeeded.
1s under jitter 0.0 = 13.7664504436 with chi^2 436.994060285
Minuit succeeded.
1s under jitter 0.0 = 13.7233045305 with chi^2 415.055518557
Minuit succeeded.
1s under jitter 0.0 = 13.6945880369 with chi^2 442.490676738
Minuit succeeded.
1s under jitter 0.0 = 13.6521945929 with chi^2 433.870109345
eigenvalues: 
-0.023704
0.565257
0.711364
1
1
1
1
1
1
1
1
1
1.00185
1.24779
2.49744
matrix forced pos-def by adding 0.0262014 to diagonal
MnHesse: matrix is invalid!
MnHesse: matrix is not pos. def.!
MnHesse: matrix was forced pos. def.
FunctionMinimum is invalid.
Minuit failed because covariance is not accurate, and covariance is not positive definite.
1s under jitter 0.0 = 13.7976223419 with chi^2 423.616862681
Minuit succeeded.
1s under jitter 0.0 = 13.6131436397 with chi^2 369.085188435
Minuit succeeded.
1s under jitter 0.0 = 13.5733795343 with chi^2 421.995433397
Minuit succeeded.
1s under jitter 0.0 = 13.6599187834 with chi^2 387.133141914
Minuit succeeded.
1s under jitter 0.0 = 13.7311993141 with chi^2 482.61098744
Minuit succeeded.
1s under jitter 0.0 = 13.584784798 with chi^2 398.366177673
Minuit succeeded.
1s under jitter 0.0 = 13.6003972816 with chi^2 414.285186677
Minuit succeeded.
1s under jitter 0.0 = 13.6133609564 with chi^2 421.338779069
Minuit succeeded.
1s under jitter 0.0 = 13.646616746 with chi^2 475.223406748
Minuit succeeded.
1s under jitter 0.0 = 13.7768870764 with chi^2 422.827997784
VariableMetricBuilder: no improvement
VariableMetricBuilder: machine accuracy limits further improvement.
Minuit succeeded.
1s under jitter 0.0 = 13.7351140567 with chi^2 423.671653434
eigenvalues: 
-0.0115757
0.5556
0.727383
1
1
1
1
1
1
1
1
1
1.0007
1.02644
2.70145
matrix forced pos-def by adding 0.0142772 to diagonal
MnHesse: matrix is invalid!
MnHesse: matrix is not pos. def.!
MnHesse: matrix was forced pos. def.
FunctionMinimum is invalid.
Minuit failed because covariance is not accurate, and covariance is not positive definite.
1s under jitter 0.0 = 13.6428544023 with chi^2 423.876189435
Minuit succeeded.
1s under jitter 0.0 = 13.7772879576 with chi^2 470.523894343
Minuit succeeded.
1s under jitter 0.0 = 13.542890138 with chi^2 393.955684732
Minuit succeeded.
1s under jitter 0.0 = 13.6151096757 with chi^2 342.147868147
Minuit succeeded.
1s under jitter 0.0 = 13.7898723498 with chi^2 460.88368286
Minuit succeeded.
1s under jitter 0.0 = 13.6868446928 with chi^2 398.631770457
Minuit succeeded.
1s under jitter 0.0 = 13.7105955724 with chi^2 423.57669277
eigenvalues: 
-0.135517
0.629565
0.768032
1
1
1
1
1
1
1
1
1
1.00207
1.21736
2.51849
matrix forced pos-def by adding 0.138035 to diagonal
MnHesse: matrix is invalid!
MnHesse: matrix is not pos. def.!
MnHesse: matrix was forced pos. def.
FunctionMinimum is invalid.
Minuit failed because covariance is not accurate, and covariance is not positive definite.
1s under jitter 0.0 = 13.7160320412 with chi^2 430.387321039
Minuit succeeded.
1s under jitter 0.0 = 13.7470742451 with chi^2 402.258899315
Minuit succeeded.
1s under jitter 0.0 = 13.7519670054 with chi^2 424.84122416
Minuit succeeded.
1s under jitter 0.0 = 13.6484685869 with chi^2 484.531612877
Minuit succeeded.
1s under jitter 0.0 = 13.5689798373 with chi^2 410.52779534
VariableMetricBuilder: no improvement
VariableMetricBuilder: machine accuracy limits further improvement.
Minuit succeeded.
1s under jitter 0.0 = 13.7485758416 with chi^2 397.013229507
Minuit succeeded.
1s under jitter 0.0 = 13.704618516 with chi^2 382.231146502
Minuit succeeded.
1s under jitter 0.0 = 13.5719147374 with chi^2 404.323905777
Minuit succeeded.
1s under jitter 0.0 = 13.6974295947 with chi^2 472.926623361
Minuit succeeded.
1s under jitter 0.0 = 13.733734995 with chi^2 433.518688894
Minuit succeeded.
1s under jitter 0.0 = 13.6321458439 with chi^2 452.647128489
Minuit succeeded.
1s under jitter 0.0 = 13.6507186008 with chi^2 409.170021575
VariableMetricBuilder: matrix not pos.def.
gdel > 0: 9.82696e-06
negative or zero diagonal element 1 in covariance matrix
added 1.00002 to diagonal of error matrix
gdel: 9.82696e-06
Minuit succeeded.
1s under jitter 0.0 = 13.5337871644 with chi^2 403.248798922
VariableMetricBuilder: no improvement
Minuit succeeded.
1s under jitter 0.0 = 13.5390048976 with chi^2 430.548849956
VariableMetricBuilder: no improvement
VariableMetricBuilder: machine accuracy limits further improvement.
Minuit succeeded.
1s under jitter 0.0 = 13.7074496341 with chi^2 422.558073007
Minuit succeeded.
1s under jitter 0.0 = 13.6279961147 with chi^2 414.451620677
Minuit succeeded.
1s under jitter 0.0 = 13.6889691074 with chi^2 376.814481843
VariableMetricBuilder: matrix not pos.def.
gdel > 0: 0.0030052
negative or zero diagonal element 0 in covariance matrix
negative or zero diagonal element 1 in covariance matrix
added 1.00444 to diagonal of error matrix
gdel: 0.0030052
eigenvalues: 
-0.0497706
0.383823
0.709142
1
1
1
1
1
1
1
1
1
1.00072
1.65485
2.30124
matrix forced pos-def by adding 0.0520719 to diagonal
MnHesse: matrix is invalid!
MnHesse: matrix is not pos. def.!
MnHesse: matrix was forced pos. def.
FunctionMinimum is invalid.
Minuit failed because covariance is not accurate, and covariance is not positive definite.
1s under jitter 0.0 = 13.8556000679 with chi^2 464.115849574
Minuit succeeded.
1s under jitter 0.0 = 13.5282334163 with chi^2 469.74375721
Minuit succeeded.
1s under jitter 0.0 = 13.5553656272 with chi^2 412.567675187
eigenvalues: 
-0.00324358
0.624394
0.720227
1
1
1
1
1
1
1
1
1
1.00088
1.04263
2.61511
matrix forced pos-def by adding 0.00585869 to diagonal
MnHesse: matrix is invalid!
MnHesse: matrix is not pos. def.!
MnHesse: matrix was forced pos. def.
FunctionMinimum is invalid.
Minuit failed because covariance is not accurate, and covariance is not positive definite.
1s under jitter 0.0 = 13.7658643235 with chi^2 436.908760453
Minuit succeeded.
1s under jitter 0.0 = 13.6640383072 with chi^2 484.478748442
VariableMetricBuilder: no improvement
VariableMetricBuilder: machine accuracy limits further improvement.
Minuit succeeded.
1s under jitter 0.0 = 13.5854244702 with chi^2 370.85645955
VariableMetricBuilder: matrix not pos.def.
gdel > 0: 0.000210771
negative or zero diagonal element 1 in covariance matrix
negative or zero diagonal element 8 in covariance matrix
negative or zero diagonal element 14 in covariance matrix
added 1.00598 to diagonal of error matrix
gdel: 0.000210771
Minuit succeeded.
1s under jitter 0.0 = 13.7042635596 with chi^2 406.642156862
VariableMetricBuilder: no improvement
VariableMetricBuilder: machine accuracy limits further improvement.
Minuit succeeded.
1s under jitter 0.0 = 13.6412896927 with chi^2 488.226472452
Minuit succeeded.
1s under jitter 0.0 = 13.5402126454 with chi^2 420.60571077
Minuit succeeded.
1s under jitter 0.0 = 13.7160814484 with chi^2 397.552425877
Minuit succeeded.
1s under jitter 0.0 = 13.6399231439 with chi^2 406.373928017
Minuit succeeded.
1s under jitter 0.0 = 13.6863892915 with chi^2 393.792044652
Minuit succeeded.
1s under jitter 0.0 = 13.6864477246 with chi^2 426.09324974
Minuit succeeded.
1s under jitter 0.0 = 13.6130462615 with chi^2 416.892030093
Minuit succeeded.
1s under jitter 0.0 = 13.5489310318 with chi^2 463.618439484
VariableMetricBuilder: no improvement
Minuit succeeded.
1s under jitter 0.0 = 13.6531440004 with chi^2 439.925201199
Minuit succeeded.
1s under jitter 0.0 = 13.5983308456 with chi^2 451.685795649
Minuit succeeded.
1s under jitter 0.0 = 13.687753297 with chi^2 447.70549771
eigenvalues: 
-0.103443
0.61619
0.714276
1
1
1
1
1
1
1
1
1
1.00109
1.049
2.72288
matrix forced pos-def by adding 0.106166 to diagonal
MnHesse: matrix is invalid!
MnHesse: matrix is not pos. def.!
MnHesse: matrix was forced pos. def.
FunctionMinimum is invalid.
Minuit failed because covariance is not accurate, and covariance is not positive definite.
1s under jitter 0.0 = 13.7243529765 with chi^2 444.637893269
Minuit succeeded.
1s under jitter 0.0 = 13.6782302178 with chi^2 405.741290613
VariableMetricBuilder: no improvement
VariableMetricBuilder: machine accuracy limits further improvement.
Minuit succeeded.
1s under jitter 0.0 = 13.8166366682 with chi^2 430.475394672
Minuit succeeded.
1s under jitter 0.0 = 13.5734080116 with chi^2 446.980688061
Minuit succeeded.
1s under jitter 0.0 = 13.6489550099 with chi^2 463.440420834
Minuit succeeded.
1s under jitter 0.0 = 13.6422327539 with chi^2 404.471822077
Minuit succeeded.
1s under jitter 0.0 = 13.711322739 with chi^2 454.315315059
Minuit succeeded.
1s under jitter 0.0 = 13.731479934 with chi^2 459.726198782
