Minuit succeeded.
1s under jitter 0.05 = 13.6585792055 with chi^2 459.371587605
Minuit succeeded.
1s under jitter 0.05 = 13.7302293379 with chi^2 466.39412633
Minuit succeeded.
1s under jitter 0.05 = 13.7185240118 with chi^2 444.373083921
Minuit succeeded.
1s under jitter 0.05 = 13.6679214036 with chi^2 424.786532455
VariableMetricBuilder: no improvement
VariableMetricBuilder: machine accuracy limits further improvement.
eigenvalues: 
-1.301
0.386904
0.727738
1
1
1
1
1
1
1
1
1
1.00149
1.76399
3.42088
matrix forced pos-def by adding 1.30442 to diagonal
MnHesse: matrix is invalid!
MnHesse: matrix is not pos. def.!
MnHesse: matrix was forced pos. def.
FunctionMinimum is invalid.
Minuit failed because covariance is not accurate, and covariance is not positive definite.
1s under jitter 0.05 = 13.8688071253 with chi^2 452.020857379
Minuit succeeded.
1s under jitter 0.05 = 13.6577657786 with chi^2 454.135106443
Minuit succeeded.
1s under jitter 0.05 = 13.7299142707 with chi^2 441.796127202
Minuit succeeded.
1s under jitter 0.05 = 13.6688780963 with chi^2 447.320775976
Minuit succeeded.
1s under jitter 0.05 = 13.7134280486 with chi^2 457.417763219
VariableMetricBuilder: no improvement
Minuit succeeded.
1s under jitter 0.05 = 13.6192429822 with chi^2 456.508850483
Minuit succeeded.
1s under jitter 0.05 = 13.6737582149 with chi^2 441.334907396
Minuit succeeded.
1s under jitter 0.05 = 13.5723504967 with chi^2 477.735756172
Minuit succeeded.
1s under jitter 0.05 = 13.7398531359 with chi^2 448.762094551
Minuit succeeded.
1s under jitter 0.05 = 13.6760568765 with chi^2 453.271039367
Minuit succeeded.
1s under jitter 0.05 = 13.6177651041 with chi^2 421.290329787
Minuit succeeded.
1s under jitter 0.05 = 13.5588997192 with chi^2 543.129188664
Minuit succeeded.
1s under jitter 0.05 = 13.7036707942 with chi^2 487.617458374
Minuit succeeded.
1s under jitter 0.05 = 13.6281529715 with chi^2 395.797667462
VariableMetricBuilder: no improvement
eigenvalues: 
-0.310601
0.471193
0.733836
1
1
1
1
1
1
1
1
1
1.00167
1.38778
2.71612
matrix forced pos-def by adding 0.313317 to diagonal
MnHesse: matrix is invalid!
MnHesse: matrix is not pos. def.!
MnHesse: matrix was forced pos. def.
FunctionMinimum is invalid.
Minuit failed because covariance is not accurate, and covariance is not positive definite.
1s under jitter 0.05 = 13.721230609 with chi^2 420.192160528
Minuit succeeded.
1s under jitter 0.05 = 13.6504536278 with chi^2 427.898123952
Minuit succeeded.
1s under jitter 0.05 = 13.8111898716 with chi^2 377.162240776
Minuit succeeded.
1s under jitter 0.05 = 13.785824808 with chi^2 408.274392931
eigenvalues: 
-0.0954977
0.661985
0.797671
1
1
1
1
1
1
1
1
1
1.00203
1.04594
2.58787
matrix forced pos-def by adding 0.0980855 to diagonal
MnHesse: matrix is invalid!
MnHesse: matrix is not pos. def.!
MnHesse: matrix was forced pos. def.
FunctionMinimum is invalid.
Minuit failed because covariance is not accurate, and covariance is not positive definite.
1s under jitter 0.05 = 13.4626048163 with chi^2 482.533085269
Minuit succeeded.
1s under jitter 0.05 = 13.6547118772 with chi^2 399.874432763
VariableMetricBuilder: matrix not pos.def.
edm < 0
negative or zero diagonal element 1 in covariance matrix
added 1.00001 to diagonal of error matrix
Minuit succeeded.
1s under jitter 0.05 = 13.7616476976 with chi^2 462.790090428
Minuit succeeded.
1s under jitter 0.05 = 13.8060478155 with chi^2 443.064080904
eigenvalues: 
-0.0381406
0.489401
0.715805
1
1
1
1
1
1
1
1
1
1.00162
1.13625
2.69507
matrix forced pos-def by adding 0.0408357 to diagonal
MnHesse: matrix is invalid!
MnHesse: matrix is not pos. def.!
MnHesse: matrix was forced pos. def.
FunctionMinimum is invalid.
Minuit failed because covariance is not accurate, and covariance is not positive definite.
1s under jitter 0.05 = 13.7076570175 with chi^2 437.870859702
Minuit succeeded.
1s under jitter 0.05 = 13.7173663689 with chi^2 502.193818219
Minuit succeeded.
1s under jitter 0.05 = 13.6813910806 with chi^2 453.869589167
Minuit succeeded.
1s under jitter 0.05 = 13.7397442851 with chi^2 397.302789975
eigenvalues: 
-0.00434097
0.576303
0.718937
1
1
1
1
1
1
1
1
1
1.00084
1.02726
2.68099
matrix forced pos-def by adding 0.00702196 to diagonal
MnHesse: matrix is invalid!
MnHesse: matrix is not pos. def.!
MnHesse: matrix was forced pos. def.
FunctionMinimum is invalid.
Minuit failed because covariance is not accurate, and covariance is not positive definite.
1s under jitter 0.05 = 13.8324445226 with chi^2 417.60036585
VariableMetricBuilder: no improvement
VariableMetricBuilder: machine accuracy limits further improvement.
Minuit succeeded.
1s under jitter 0.05 = 13.7520881364 with chi^2 444.118509665
eigenvalues: 
-0.0175644
0.559238
0.719651
1
1
1
1
1
1
1
1
1
1.00161
1.07544
2.66162
matrix forced pos-def by adding 0.020226 to diagonal
MnHesse: matrix is invalid!
MnHesse: matrix is not pos. def.!
MnHesse: matrix was forced pos. def.
FunctionMinimum is invalid.
Minuit failed because covariance is not accurate, and covariance is not positive definite.
1s under jitter 0.05 = 13.7172019226 with chi^2 429.30394936
Minuit succeeded.
1s under jitter 0.05 = 13.7053693081 with chi^2 420.804523099
Minuit succeeded.
1s under jitter 0.05 = 13.7218717628 with chi^2 412.739091091
Minuit succeeded.
1s under jitter 0.05 = 13.6115342251 with chi^2 450.204460746
Minuit succeeded.
1s under jitter 0.05 = 13.3911004387 with chi^2 436.547376064
VariableMetricBuilder: no improvement
VariableMetricBuilder: finishes without convergence.
VariableMetricBuilder: edm= 0.00049288 requested: 1e-05
eigenvalues: 
-0.111728
0.632726
0.784612
1
1
1
1
1
1
1
1
1
1.00219
1.09779
2.59441
matrix forced pos-def by adding 0.114322 to diagonal
MnHesse: matrix is invalid!
MnHesse: matrix is not pos. def.!
MnHesse: matrix was forced pos. def.
FunctionMinimum is invalid.
Minuit failed because covariance is not accurate, covariance is not positive definite, and the function is above maximum EDM.
1s under jitter 0.05 = 13.7509298817 with chi^2 463.174853042
Minuit succeeded.
1s under jitter 0.05 = 13.6821426067 with chi^2 429.331756011
Minuit succeeded.
1s under jitter 0.05 = 13.7822203755 with chi^2 442.752125947
Minuit succeeded.
1s under jitter 0.05 = 13.5070728956 with chi^2 470.680711527
Minuit succeeded.
1s under jitter 0.05 = 13.636610709 with chi^2 454.498111595
VariableMetricBuilder: matrix not pos.def.
edm < 0
negative or zero diagonal element 1 in covariance matrix
added 1.00002 to diagonal of error matrix
Minuit succeeded.
1s under jitter 0.05 = 13.5344292223 with chi^2 444.055538857
Minuit succeeded.
1s under jitter 0.05 = 13.6540074026 with chi^2 461.859683675
Minuit succeeded.
1s under jitter 0.05 = 13.687073526 with chi^2 408.849633183
VariableMetricBuilder: no improvement
Minuit succeeded.
1s under jitter 0.05 = 13.7604498809 with chi^2 474.073863809
Minuit succeeded.
1s under jitter 0.05 = 13.7795844165 with chi^2 465.366980649
Minuit succeeded.
1s under jitter 0.05 = 13.6755365259 with chi^2 474.73197299
eigenvalues: 
-0.00646719
0.587575
0.725591
1
1
1
1
1
1
1
1
1
1.0019
1.08131
2.61009
matrix forced pos-def by adding 0.00907728 to diagonal
MnHesse: matrix is invalid!
MnHesse: matrix is not pos. def.!
MnHesse: matrix was forced pos. def.
FunctionMinimum is invalid.
Minuit failed because covariance is not accurate, and covariance is not positive definite.
1s under jitter 0.05 = 13.5758919832 with chi^2 397.534951004
Minuit succeeded.
1s under jitter 0.05 = 13.7049038154 with chi^2 405.807985892
Minuit succeeded.
1s under jitter 0.05 = 13.6450510993 with chi^2 428.765023256
Minuit succeeded.
1s under jitter 0.05 = 13.6609806821 with chi^2 456.700263511
Minuit succeeded.
1s under jitter 0.05 = 13.6381379299 with chi^2 487.891311516
Minuit succeeded.
1s under jitter 0.05 = 13.6847922235 with chi^2 453.819396585
Minuit succeeded.
1s under jitter 0.05 = 13.6500185422 with chi^2 414.885543039
Minuit succeeded.
1s under jitter 0.05 = 13.5192048844 with chi^2 400.632549565
Minuit succeeded.
1s under jitter 0.05 = 13.7130010536 with chi^2 441.941191892
Minuit succeeded.
1s under jitter 0.05 = 13.6495340578 with chi^2 410.552283211
Minuit succeeded.
1s under jitter 0.05 = 13.7459756137 with chi^2 462.068523968
Minuit succeeded.
1s under jitter 0.05 = 13.6407554116 with chi^2 423.237961909
Minuit succeeded.
1s under jitter 0.05 = 13.6180747385 with chi^2 371.093783702
Minuit succeeded.
1s under jitter 0.05 = 13.5346616067 with chi^2 451.217159012
Minuit succeeded.
1s under jitter 0.05 = 13.6033090679 with chi^2 459.765349633
Minuit succeeded.
1s under jitter 0.05 = 13.6150152379 with chi^2 401.28122666
Minuit succeeded.
1s under jitter 0.05 = 13.64711198 with chi^2 451.854565253
eigenvalues: 
-0.0664192
0.549932
0.80543
1
1
1
1
1
1
1
1
1
1.00129
1.09886
2.61091
matrix forced pos-def by adding 0.0690301 to diagonal
MnHesse: matrix is invalid!
MnHesse: matrix is not pos. def.!
MnHesse: matrix was forced pos. def.
FunctionMinimum is invalid.
Minuit failed because covariance is not accurate, and covariance is not positive definite.
1s under jitter 0.05 = 13.5715012193 with chi^2 392.647728991
VariableMetricBuilder: no improvement
VariableMetricBuilder: finishes without convergence.
VariableMetricBuilder: edm= 0.000144501 requested: 1e-05
FunctionMinimum is invalid.
Minuit failed because the function is above maximum EDM.
1s under jitter 0.05 = 13.6480610076 with chi^2 470.748176977
eigenvalues: 
-0.016645
0.562577
0.707542
1
1
1
1
1
1
1
1
1
1.00108
1.0416
2.70384
matrix forced pos-def by adding 0.0193488 to diagonal
MnHesse: matrix is invalid!
MnHesse: matrix is not pos. def.!
MnHesse: matrix was forced pos. def.
FunctionMinimum is invalid.
Minuit failed because covariance is not accurate, and covariance is not positive definite.
1s under jitter 0.05 = 13.5829025276 with chi^2 445.581555361
eigenvalues: 
-0.122024
0.470185
0.732465
1
1
1
1
1
1
1
1
1
1.00121
1.07419
2.84398
matrix forced pos-def by adding 0.124868 to diagonal
MnHesse: matrix is invalid!
MnHesse: matrix is not pos. def.!
MnHesse: matrix was forced pos. def.
FunctionMinimum is invalid.
Minuit failed because covariance is not accurate, and covariance is not positive definite.
1s under jitter 0.05 = 13.7405751865 with chi^2 445.55659535
Minuit succeeded.
1s under jitter 0.05 = 13.7586072968 with chi^2 453.747877402
Minuit succeeded.
1s under jitter 0.05 = 13.6373884886 with chi^2 478.180953718
Minuit succeeded.
1s under jitter 0.05 = 13.7435248685 with chi^2 421.490809985
Minuit succeeded.
1s under jitter 0.05 = 13.6669495395 with chi^2 430.704755024
eigenvalues: 
-0.0305465
0.523012
0.703128
1
1
1
1
1
1
1
1
1
1.00095
1.04872
2.75474
matrix forced pos-def by adding 0.0333013 to diagonal
MnHesse: matrix is invalid!
MnHesse: matrix is not pos. def.!
MnHesse: matrix was forced pos. def.
FunctionMinimum is invalid.
Minuit failed because covariance is not accurate, and covariance is not positive definite.
1s under jitter 0.05 = 13.6393212184 with chi^2 434.433170908
Minuit succeeded.
1s under jitter 0.05 = 13.6261508513 with chi^2 421.050602541
Minuit succeeded.
1s under jitter 0.05 = 13.6680009077 with chi^2 434.238735694
VariableMetricBuilder: matrix not pos.def.
gdel > 0: 7.47686e-06
eigenvalues: 
-0.63038
0.00183567
0.373004
0.945905
0.969741
0.993635
0.997207
1.01809
1.02428
1.04202
1.05415
1.13715
1.22918
1.79674
3.04745
matrix forced pos-def by adding 0.633428 to diagonal
gdel: -7.07739e-06
Minuit succeeded.
1s under jitter 0.05 = 13.8122238213 with chi^2 452.424013706
Minuit succeeded.
1s under jitter 0.05 = 13.6488824393 with chi^2 428.355049523
Minuit succeeded.
1s under jitter 0.05 = 13.5877160399 with chi^2 407.952738567
Minuit succeeded.
1s under jitter 0.05 = 13.7902301616 with chi^2 454.954761365
Minuit succeeded.
1s under jitter 0.05 = 13.7332874735 with chi^2 418.354832894
Minuit succeeded.
1s under jitter 0.05 = 13.77181877 with chi^2 429.682770356
VariableMetricBuilder: no improvement
Minuit succeeded.
1s under jitter 0.05 = 13.7344024844 with chi^2 443.472629609
Minuit succeeded.
1s under jitter 0.05 = 13.6980968047 with chi^2 449.985603533
Minuit succeeded.
1s under jitter 0.05 = 13.7089398653 with chi^2 483.755847409
Minuit succeeded.
1s under jitter 0.05 = 13.5373453498 with chi^2 436.916388043
Minuit succeeded.
1s under jitter 0.05 = 13.6869155465 with chi^2 440.310937328
Minuit succeeded.
1s under jitter 0.05 = 13.6816341907 with chi^2 492.861677155
Minuit succeeded.
1s under jitter 0.05 = 13.4509266162 with chi^2 454.24272775
VariableMetricBuilder: no improvement
VariableMetricBuilder: machine accuracy limits further improvement.
Minuit succeeded.
1s under jitter 0.05 = 13.5751976432 with chi^2 475.843842084
Minuit succeeded.
1s under jitter 0.05 = 13.7916414148 with chi^2 415.803724757
Minuit succeeded.
1s under jitter 0.05 = 13.6836035158 with chi^2 461.311156445
eigenvalues: 
-0.122473
0.534937
0.73857
1
1
1
1
1
1
1
1
1
1.00127
1.22145
2.62624
matrix forced pos-def by adding 0.125099 to diagonal
MnHesse: matrix is invalid!
MnHesse: matrix is not pos. def.!
MnHesse: matrix was forced pos. def.
FunctionMinimum is invalid.
Minuit failed because covariance is not accurate, and covariance is not positive definite.
1s under jitter 0.05 = 13.6535363448 with chi^2 464.654975312
Minuit succeeded.
1s under jitter 0.05 = 13.6825612433 with chi^2 487.821977368
Minuit succeeded.
1s under jitter 0.05 = 13.5717233722 with chi^2 468.992931025
Minuit succeeded.
1s under jitter 0.05 = 13.6944065964 with chi^2 509.76709714
Minuit succeeded.
1s under jitter 0.05 = 13.7666905464 with chi^2 386.631247637
eigenvalues: 
-0.118812
0.522675
0.713272
1
1
1
1
1
1
1
1
1
1.00075
1.04239
2.83972
matrix forced pos-def by adding 0.121651 to diagonal
MnHesse: matrix is invalid!
MnHesse: matrix is not pos. def.!
MnHesse: matrix was forced pos. def.
FunctionMinimum is invalid.
Minuit failed because covariance is not accurate, and covariance is not positive definite.
1s under jitter 0.05 = 13.6035912887 with chi^2 441.294516845
Minuit succeeded.
1s under jitter 0.05 = 13.7774877959 with chi^2 442.681870442
Minuit succeeded.
1s under jitter 0.05 = 13.6194119216 with chi^2 474.552426383
