Minuit succeeded.
1s under jitter 0.07 = 13.6872936434 with chi^2 485.957460116
Minuit succeeded.
1s under jitter 0.07 = 13.7644960312 with chi^2 530.395144018
Minuit succeeded.
1s under jitter 0.07 = 13.6843260437 with chi^2 423.254050074
Minuit succeeded.
1s under jitter 0.07 = 13.6365593761 with chi^2 482.089145173
Minuit succeeded.
1s under jitter 0.07 = 13.6761304568 with chi^2 424.578706729
Minuit succeeded.
1s under jitter 0.07 = 13.6010546871 with chi^2 432.575627655
Minuit succeeded.
1s under jitter 0.07 = 13.6295395577 with chi^2 433.652518116
Minuit succeeded.
1s under jitter 0.07 = 13.6948925003 with chi^2 465.613967631
Minuit succeeded.
1s under jitter 0.07 = 13.707080332 with chi^2 464.052870446
Minuit succeeded.
1s under jitter 0.07 = 13.5794391151 with chi^2 550.319897244
VariableMetricBuilder: no improvement
Minuit succeeded.
1s under jitter 0.07 = 13.7158132792 with chi^2 448.78631298
VariableMetricBuilder: no improvement
eigenvalues: 
-0.00926904
0.530703
0.726718
1
1
1
1
1
1
1
1
1
1.00125
1.12329
2.62731
matrix forced pos-def by adding 0.0118963 to diagonal
MnHesse: matrix is invalid!
MnHesse: matrix is not pos. def.!
MnHesse: matrix was forced pos. def.
FunctionMinimum is invalid.
Minuit failed because covariance is not accurate, and covariance is not positive definite.
1s under jitter 0.07 = 13.820008258 with chi^2 424.376463521
Minuit succeeded.
1s under jitter 0.07 = 13.6493079213 with chi^2 487.313733473
VariableMetricBuilder: no improvement
VariableMetricBuilder: machine accuracy limits further improvement.
Minuit succeeded.
1s under jitter 0.07 = 13.6541593512 with chi^2 428.089421328
Minuit succeeded.
1s under jitter 0.07 = 13.5670785943 with chi^2 437.317028461
VariableMetricBuilder: no improvement
Minuit succeeded.
1s under jitter 0.07 = 13.5377981278 with chi^2 483.864793329
VariableMetricBuilder: no improvement
Minuit succeeded.
1s under jitter 0.07 = 13.7486475329 with chi^2 442.974542567
Minuit succeeded.
1s under jitter 0.07 = 13.6704424826 with chi^2 448.074875031
Minuit succeeded.
1s under jitter 0.07 = 13.591113503 with chi^2 471.67095858
Minuit succeeded.
1s under jitter 0.07 = 13.5656161274 with chi^2 521.274833699
Minuit succeeded.
1s under jitter 0.07 = 13.6278527246 with chi^2 434.963143439
VariableMetricBuilder: no improvement
Minuit succeeded.
1s under jitter 0.07 = 13.7522553028 with chi^2 423.251857471
Minuit succeeded.
1s under jitter 0.07 = 13.5539216065 with chi^2 468.85705195
Minuit succeeded.
1s under jitter 0.07 = 13.6713430297 with chi^2 420.973900908
VariableMetricBuilder: no improvement
VariableMetricBuilder: finishes without convergence.
VariableMetricBuilder: edm= 0.00461326 requested: 1e-05
FunctionMinimum is invalid.
Minuit failed because the function is above maximum EDM.
1s under jitter 0.07 = 13.7487717586 with chi^2 442.621022039
Minuit succeeded.
1s under jitter 0.07 = 13.5221955466 with chi^2 465.864849021
Minuit succeeded.
1s under jitter 0.07 = 13.7832554438 with chi^2 454.733623571
Minuit succeeded.
1s under jitter 0.07 = 13.714415564 with chi^2 486.894163696
VariableMetricBuilder: no improvement
Minuit succeeded.
1s under jitter 0.07 = 13.669682187 with chi^2 489.546678013
VariableMetricBuilder: matrix not pos.def.
gdel > 0: 0.000131961
negative or zero diagonal element 0 in covariance matrix
negative or zero diagonal element 1 in covariance matrix
added 1.00197 to diagonal of error matrix
gdel: 0.000131961
Minuit succeeded.
1s under jitter 0.07 = 13.5960238448 with chi^2 511.514635346
Minuit succeeded.
1s under jitter 0.07 = 13.7169729266 with chi^2 452.595595298
VariableMetricBuilder: no improvement
VariableMetricBuilder: machine accuracy limits further improvement.
Minuit succeeded.
1s under jitter 0.07 = 13.5868905172 with chi^2 449.359765737
Minuit succeeded.
1s under jitter 0.07 = 13.6069920958 with chi^2 413.18750265
Minuit succeeded.
1s under jitter 0.07 = 13.6014359912 with chi^2 408.383329304
VariableMetricBuilder: matrix not pos.def.
gdel > 0: 0.000123721
negative or zero diagonal element 1 in covariance matrix
negative or zero diagonal element 5 in covariance matrix
added 1.00242 to diagonal of error matrix
gdel: 0.000123721
Minuit succeeded.
1s under jitter 0.07 = 13.7553678373 with chi^2 503.482675022
VariableMetricBuilder: no improvement
VariableMetricBuilder: finishes without convergence.
VariableMetricBuilder: edm= 0.00161683 requested: 1e-05
FunctionMinimum is invalid.
Minuit failed because the function is above maximum EDM.
1s under jitter 0.07 = 13.7736739709 with chi^2 470.023710129
Minuit succeeded.
1s under jitter 0.07 = 13.7215690537 with chi^2 403.183603889
Minuit succeeded.
1s under jitter 0.07 = 13.6209824792 with chi^2 388.761358281
Minuit succeeded.
1s under jitter 0.07 = 13.7900623636 with chi^2 540.920955985
VariableMetricBuilder: no improvement
Minuit succeeded.
1s under jitter 0.07 = 13.7267759243 with chi^2 480.516227809
eigenvalues: 
-0.13205
0.534441
0.764609
1
1
1
1
1
1
1
1
1
1.00152
1.07754
2.75394
matrix forced pos-def by adding 0.134804 to diagonal
MnHesse: matrix is invalid!
MnHesse: matrix is not pos. def.!
MnHesse: matrix was forced pos. def.
FunctionMinimum is invalid.
Minuit failed because covariance is not accurate, and covariance is not positive definite.
1s under jitter 0.07 = 13.6677986405 with chi^2 417.224257171
VariableMetricBuilder: no improvement
VariableMetricBuilder: machine accuracy limits further improvement.
Minuit succeeded.
1s under jitter 0.07 = 13.6301438102 with chi^2 478.603571281
VariableMetricBuilder: matrix not pos.def.
gdel > 0: 0.000274398
negative or zero diagonal element 0 in covariance matrix
negative or zero diagonal element 1 in covariance matrix
negative or zero diagonal element 4 in covariance matrix
negative or zero diagonal element 10 in covariance matrix
added 1.01692 to diagonal of error matrix
gdel: 0.000274398
Minuit succeeded.
1s under jitter 0.07 = 13.7255470712 with chi^2 467.885601546
VariableMetricBuilder: no improvement
VariableMetricBuilder: finishes without convergence.
VariableMetricBuilder: edm= 0.00014583 requested: 1e-05
FunctionMinimum is invalid.
Minuit failed because the function is above maximum EDM.
1s under jitter 0.07 = 13.7740524031 with chi^2 492.04405738
Minuit succeeded.
1s under jitter 0.07 = 13.6835361671 with chi^2 442.360838143
Minuit succeeded.
1s under jitter 0.07 = 13.7026307416 with chi^2 460.91723429
Minuit succeeded.
1s under jitter 0.07 = 13.6064733092 with chi^2 504.06434346
Minuit succeeded.
1s under jitter 0.07 = 13.6414769017 with chi^2 476.386199847
Minuit succeeded.
1s under jitter 0.07 = 13.6314296124 with chi^2 544.143934284
VariableMetricBuilder: no improvement
Minuit succeeded.
1s under jitter 0.07 = 13.6758715419 with chi^2 482.946296793
Minuit succeeded.
1s under jitter 0.07 = 13.586842358 with chi^2 466.93033041
Minuit succeeded.
1s under jitter 0.07 = 13.7372740106 with chi^2 478.922087915
eigenvalues: 
-0.100562
0.543942
0.709127
1
1
1
1
1
1
1
1
1
1.00086
1.02865
2.81798
matrix forced pos-def by adding 0.10338 to diagonal
MnHesse: matrix is invalid!
MnHesse: matrix is not pos. def.!
MnHesse: matrix was forced pos. def.
FunctionMinimum is invalid.
Minuit failed because covariance is not accurate, and covariance is not positive definite.
1s under jitter 0.07 = 13.6935589695 with chi^2 423.409507336
VariableMetricBuilder: matrix not pos.def.
edm < 0
negative or zero diagonal element 3 in covariance matrix
negative or zero diagonal element 5 in covariance matrix
added 1.00098 to diagonal of error matrix
Minuit succeeded.
1s under jitter 0.07 = 13.6082529247 with chi^2 499.916555785
Minuit succeeded.
1s under jitter 0.07 = 13.5556035481 with chi^2 426.229182868
Minuit succeeded.
1s under jitter 0.07 = 13.6953523122 with chi^2 456.403544814
VariableMetricBuilder: matrix not pos.def.
gdel > 0: 9.21429e-05
negative or zero diagonal element 0 in covariance matrix
negative or zero diagonal element 1 in covariance matrix
negative or zero diagonal element 7 in covariance matrix
added 1.01043 to diagonal of error matrix
gdel: 9.21429e-05
Minuit succeeded.
1s under jitter 0.07 = 13.7836690712 with chi^2 443.221593766
Minuit succeeded.
1s under jitter 0.07 = 13.6792233526 with chi^2 490.041173873
Minuit succeeded.
1s under jitter 0.07 = 13.5898473626 with chi^2 462.131033782
VariableMetricBuilder: no improvement
VariableMetricBuilder: finishes without convergence.
VariableMetricBuilder: edm= 0.000124134 requested: 1e-05
FunctionMinimum is invalid.
Minuit failed because the function is above maximum EDM.
1s under jitter 0.07 = 13.5319972596 with chi^2 540.827789553
Minuit succeeded.
1s under jitter 0.07 = 13.6535092401 with chi^2 532.575837143
VariableMetricBuilder: no improvement
VariableMetricBuilder: machine accuracy limits further improvement.
Minuit succeeded.
1s under jitter 0.07 = 13.6499662565 with chi^2 409.184004801
Minuit succeeded.
1s under jitter 0.07 = 13.741788665 with chi^2 465.574364504
Minuit succeeded.
1s under jitter 0.07 = 13.5328442265 with chi^2 444.943009586
Minuit succeeded.
1s under jitter 0.07 = 13.5651828416 with chi^2 512.646216053
Minuit succeeded.
1s under jitter 0.07 = 13.5353842269 with chi^2 427.718123009
Minuit succeeded.
1s under jitter 0.07 = 13.5541524963 with chi^2 435.018089433
eigenvalues: 
-0.00896495
0.663261
0.792578
1
1
1
1
1
1
1
1
1
1.00168
1.09126
2.46018
matrix forced pos-def by adding 0.0114251 to diagonal
MnHesse: matrix is invalid!
MnHesse: matrix is not pos. def.!
MnHesse: matrix was forced pos. def.
FunctionMinimum is invalid.
Minuit failed because covariance is not accurate, and covariance is not positive definite.
1s under jitter 0.07 = 13.6301199102 with chi^2 492.308803934
VariableMetricBuilder: matrix not pos.def.
gdel > 0: 2.21501e-06
eigenvalues: 
-0.861203
0.0844282
0.524044
0.8375
0.937718
0.951874
0.990294
0.997069
1.00315
1.00595
1.01873
1.07367
1.18683
1.76251
3.48743
matrix forced pos-def by adding 0.86469 to diagonal
gdel: -5.8484e-06
Minuit succeeded.
1s under jitter 0.07 = 13.7704880198 with chi^2 450.941560448
Minuit succeeded.
1s under jitter 0.07 = 13.624840669 with chi^2 481.614786972
Minuit succeeded.
1s under jitter 0.07 = 13.7123017344 with chi^2 462.675269242
Minuit succeeded.
1s under jitter 0.07 = 13.6986900362 with chi^2 493.174908624
Minuit succeeded.
1s under jitter 0.07 = 13.5925889817 with chi^2 437.093749241
VariableMetricBuilder: matrix not pos.def.
gdel > 0: 2.84273e-05
negative or zero diagonal element 0 in covariance matrix
negative or zero diagonal element 1 in covariance matrix
added 1.00106 to diagonal of error matrix
gdel: 2.84273e-05
Minuit succeeded.
1s under jitter 0.07 = 13.5782370376 with chi^2 530.958782117
VariableMetricBuilder: no improvement
Minuit succeeded.
1s under jitter 0.07 = 13.7114954223 with chi^2 513.741120479
Minuit succeeded.
1s under jitter 0.07 = 13.4539613637 with chi^2 425.404849898
Minuit succeeded.
1s under jitter 0.07 = 13.8125600442 with chi^2 422.676462365
Minuit succeeded.
1s under jitter 0.07 = 13.7477040263 with chi^2 448.472136076
VariableMetricBuilder: no improvement
VariableMetricBuilder: machine accuracy limits further improvement.
Minuit succeeded.
1s under jitter 0.07 = 13.7423877442 with chi^2 458.030681387
VariableMetricBuilder: no improvement
VariableMetricBuilder: machine accuracy limits further improvement.
eigenvalues: 
-0.123927
0.435155
0.770211
1
1
1
1
1
1
1
1
1
1.00193
1.23811
2.67853
matrix forced pos-def by adding 0.126606 to diagonal
MnHesse: matrix is invalid!
MnHesse: matrix is not pos. def.!
MnHesse: matrix was forced pos. def.
FunctionMinimum is invalid.
Minuit failed because covariance is not accurate, and covariance is not positive definite.
1s under jitter 0.07 = 13.7150786938 with chi^2 494.660501035
Minuit succeeded.
1s under jitter 0.07 = 13.6469852377 with chi^2 500.157579334
Minuit succeeded.
1s under jitter 0.07 = 13.5913806159 with chi^2 480.800580257
Minuit succeeded.
1s under jitter 0.07 = 13.5643342032 with chi^2 434.398647847
Minuit succeeded.
1s under jitter 0.07 = 13.7242147657 with chi^2 479.853057033
Minuit succeeded.
1s under jitter 0.07 = 13.5697215938 with chi^2 518.740428195
eigenvalues: 
-0.0182559
0.595048
0.727686
1
1
1
1
1
1
1
1
1
1.0011
1.04306
2.65136
matrix forced pos-def by adding 0.0209073 to diagonal
MnHesse: matrix is invalid!
MnHesse: matrix is not pos. def.!
MnHesse: matrix was forced pos. def.
FunctionMinimum is invalid.
Minuit failed because covariance is not accurate, and covariance is not positive definite.
1s under jitter 0.07 = 13.5241368542 with chi^2 463.286897459
Minuit succeeded.
1s under jitter 0.07 = 13.6095368089 with chi^2 439.955461438
eigenvalues: 
-0.101452
0.509387
0.709862
1
1
1
1
1
1
1
1
1
1.00083
1.04321
2.83816
matrix forced pos-def by adding 0.10429 to diagonal
MnHesse: matrix is invalid!
MnHesse: matrix is not pos. def.!
MnHesse: matrix was forced pos. def.
FunctionMinimum is invalid.
Minuit failed because covariance is not accurate, and covariance is not positive definite.
1s under jitter 0.07 = 13.5240538467 with chi^2 429.548214933
eigenvalues: 
-0.0475821
0.520353
0.760051
1
1
1
1
1
1
1
1
1
1.00177
1.06853
2.69688
matrix forced pos-def by adding 0.050279 to diagonal
MnHesse: matrix is invalid!
MnHesse: matrix is not pos. def.!
MnHesse: matrix was forced pos. def.
FunctionMinimum is invalid.
Minuit failed because covariance is not accurate, and covariance is not positive definite.
1s under jitter 0.07 = 13.7025319796 with chi^2 444.737739207
Minuit succeeded.
1s under jitter 0.07 = 13.6659767218 with chi^2 490.733416827
Minuit succeeded.
1s under jitter 0.07 = 13.6376941461 with chi^2 491.951313354
VariableMetricBuilder: no improvement
VariableMetricBuilder: machine accuracy limits further improvement.
Minuit succeeded.
1s under jitter 0.07 = 13.8663859477 with chi^2 442.537039127
Minuit succeeded.
1s under jitter 0.07 = 13.5919181006 with chi^2 434.425697416
VariableMetricBuilder: no improvement
Minuit succeeded.
1s under jitter 0.07 = 13.7413560159 with chi^2 443.295520338
Minuit succeeded.
1s under jitter 0.07 = 13.6029401911 with chi^2 502.460142004
Minuit succeeded.
1s under jitter 0.07 = 13.7644944903 with chi^2 447.757956581
Minuit succeeded.
1s under jitter 0.07 = 13.7473023715 with chi^2 431.334540757
VariableMetricBuilder: no improvement
VariableMetricBuilder: machine accuracy limits further improvement.
Minuit succeeded.
1s under jitter 0.07 = 13.6335809245 with chi^2 520.760118604
Minuit succeeded.
1s under jitter 0.07 = 13.6359710947 with chi^2 410.35849126
Minuit succeeded.
1s under jitter 0.07 = 13.807120181 with chi^2 464.799828815
