VariableMetricBuilder: no improvement
VariableMetricBuilder: machine accuracy limits further improvement.
Minuit succeeded.
2s under jitter 0.05 = 29.2564488715 with chi^2 2740.49151232
VariableMetricBuilder: no improvement
VariableMetricBuilder: machine accuracy limits further improvement.
Minuit succeeded.
2s under jitter 0.05 = 29.5103317382 with chi^2 2678.65269083
Minuit succeeded.
2s under jitter 0.05 = 29.3725553213 with chi^2 2781.30409989
VariableMetricBuilder: no improvement
VariableMetricBuilder: finishes without convergence.
VariableMetricBuilder: edm= 0.0019129 requested: 1e-05
FunctionMinimum is invalid.
Minuit failed because the function is above maximum EDM.
2s under jitter 0.05 = 29.2889279986 with chi^2 2966.61613729
Minuit succeeded.
2s under jitter 0.05 = 29.272238281 with chi^2 2761.44594934
Minuit succeeded.
2s under jitter 0.05 = 28.9308299648 with chi^2 2781.77536344
eigenvalues: 
-0.0100774
0.783786
0.925394
1
1
1
1.00027
1.01867
2.28195
matrix forced pos-def by adding 0.0123593 to diagonal
MnHesse: matrix is invalid!
MnHesse: matrix is not pos. def.!
MnHesse: matrix was forced pos. def.
FunctionMinimum is invalid.
Minuit failed because covariance is not accurate, and covariance is not positive definite.
2s under jitter 0.05 = 29.0169853887 with chi^2 2975.61056577
Minuit succeeded.
2s under jitter 0.05 = 29.4487114601 with chi^2 2741.52981782
VariableMetricBuilder: no improvement
VariableMetricBuilder: finishes without convergence.
VariableMetricBuilder: edm= 0.00033092 requested: 1e-05
FunctionMinimum is invalid.
Minuit failed because the function is above maximum EDM.
2s under jitter 0.05 = 29.475075381 with chi^2 2764.81482292
VariableMetricBuilder: no improvement
VariableMetricBuilder: finishes without convergence.
VariableMetricBuilder: edm= 0.000312388 requested: 1e-05
FunctionMinimum is invalid.
Minuit failed because the function is above maximum EDM.
2s under jitter 0.05 = 29.2801932037 with chi^2 2819.95540538
Minuit succeeded.
2s under jitter 0.05 = 29.0124382746 with chi^2 2858.10489081
VariableMetricBuilder: matrix not pos.def.
gdel > 0: 0.00349666
negative or zero diagonal element 0 in covariance matrix
negative or zero diagonal element 1 in covariance matrix
negative or zero diagonal element 2 in covariance matrix
added 1.01077 to diagonal of error matrix
gdel: 0.00349666
Minuit succeeded.
2s under jitter 0.05 = 28.8746537858 with chi^2 2925.17630202
Minuit succeeded.
2s under jitter 0.05 = 29.1826134594 with chi^2 2923.95530467
Minuit succeeded.
2s under jitter 0.05 = 29.3312155583 with chi^2 2840.64629018
Minuit succeeded.
2s under jitter 0.05 = 29.4009386236 with chi^2 2845.29594745
VariableMetricBuilder: matrix not pos.def.
gdel > 0: 0.000662749
negative or zero diagonal element 0 in covariance matrix
negative or zero diagonal element 1 in covariance matrix
added 1.00158 to diagonal of error matrix
gdel: 0.000662749
Minuit succeeded.
2s under jitter 0.05 = 29.6360596922 with chi^2 2593.27891484
Minuit succeeded.
2s under jitter 0.05 = 29.0256305123 with chi^2 2846.06658164
Minuit succeeded.
2s under jitter 0.05 = 29.2164136299 with chi^2 2886.78364598
Minuit succeeded.
2s under jitter 0.05 = 29.5756221631 with chi^2 2751.12872513
VariableMetricBuilder: no improvement
VariableMetricBuilder: finishes without convergence.
VariableMetricBuilder: edm= 0.00166524 requested: 1e-05
FunctionMinimum is invalid.
Minuit failed because the function is above maximum EDM.
2s under jitter 0.05 = 29.1996925431 with chi^2 2974.90572847
Minuit succeeded.
2s under jitter 0.05 = 29.360276654 with chi^2 2770.10454654
VariableMetricBuilder: no improvement
VariableMetricBuilder: machine accuracy limits further improvement.
Minuit succeeded.
2s under jitter 0.05 = 29.4642191657 with chi^2 2873.15332027
Minuit succeeded.
2s under jitter 0.05 = 29.4520145894 with chi^2 2829.5515408
Minuit succeeded.
2s under jitter 0.05 = 28.9349696336 with chi^2 2843.54203985
VariableMetricBuilder: matrix not pos.def.
gdel > 0: 0.000148392
negative or zero diagonal element 1 in covariance matrix
added 1.00013 to diagonal of error matrix
gdel: 0.000148392
eigenvalues: 
-0.735809
0.803435
0.918498
1
1
1
1.00031
1.03089
2.98268
matrix forced pos-def by adding 0.738792 to diagonal
MnHesse: matrix is invalid!
MnHesse: matrix is not pos. def.!
MnHesse: matrix was forced pos. def.
FunctionMinimum is invalid.
Minuit failed because covariance is not accurate, and covariance is not positive definite.
2s under jitter 0.05 = 29.263153778 with chi^2 2706.75968545
VariableMetricBuilder: no improvement
VariableMetricBuilder: machine accuracy limits further improvement.
Minuit succeeded.
2s under jitter 0.05 = 29.4509547509 with chi^2 2959.59869285
VariableMetricBuilder: no improvement
VariableMetricBuilder: finishes without convergence.
VariableMetricBuilder: edm= 0.000215223 requested: 1e-05
FunctionMinimum is invalid.
Minuit failed because the function is above maximum EDM.
2s under jitter 0.05 = 29.1814488911 with chi^2 2809.23111862
Minuit succeeded.
2s under jitter 0.05 = 29.02080234 with chi^2 2973.22845521
Minuit succeeded.
2s under jitter 0.05 = 29.4066897519 with chi^2 2800.30101271
Minuit succeeded.
2s under jitter 0.05 = 29.1371049906 with chi^2 2746.85702011
VariableMetricBuilder: no improvement
VariableMetricBuilder: machine accuracy limits further improvement.
Minuit succeeded.
2s under jitter 0.05 = 28.9659288334 with chi^2 2892.50751564
VariableMetricBuilder: no improvement
VariableMetricBuilder: machine accuracy limits further improvement.
Minuit succeeded.
2s under jitter 0.05 = 28.8993535433 with chi^2 2914.69604848
Minuit succeeded.
2s under jitter 0.05 = 29.02164384 with chi^2 2640.09146085
Minuit succeeded.
2s under jitter 0.05 = 28.9868314327 with chi^2 2911.13477311
Minuit succeeded.
2s under jitter 0.05 = 29.5163405214 with chi^2 2813.04012077
Minuit succeeded.
2s under jitter 0.05 = 29.294739365 with chi^2 2897.77253196
Minuit succeeded.
2s under jitter 0.05 = 29.5399061653 with chi^2 2870.79591318
Minuit succeeded.
2s under jitter 0.05 = 29.2262023382 with chi^2 2938.11509385
Minuit succeeded.
2s under jitter 0.05 = 29.2214708487 with chi^2 2838.80100422
Minuit succeeded.
2s under jitter 0.05 = 29.0304130845 with chi^2 2700.21069154
Minuit succeeded.
2s under jitter 0.05 = 28.7516765957 with chi^2 2657.65914548
Minuit succeeded.
2s under jitter 0.05 = 29.4845284876 with chi^2 2754.05333038
Minuit succeeded.
2s under jitter 0.05 = 29.1340651719 with chi^2 2945.15120199
Minuit succeeded.
2s under jitter 0.05 = 28.762983611 with chi^2 2820.076807
Minuit succeeded.
2s under jitter 0.05 = 29.3335181216 with chi^2 2717.75252862
Minuit succeeded.
2s under jitter 0.05 = 29.3260714442 with chi^2 2699.15213852
Minuit succeeded.
2s under jitter 0.05 = 28.9111711613 with chi^2 2917.84686279
VariableMetricBuilder: no improvement
VariableMetricBuilder: machine accuracy limits further improvement.
Minuit succeeded.
2s under jitter 0.05 = 29.1252492167 with chi^2 2747.67694097
Minuit succeeded.
2s under jitter 0.05 = 29.480179902 with chi^2 2892.23159974
Minuit succeeded.
2s under jitter 0.05 = 29.1544148433 with chi^2 2931.51681805
VariableMetricBuilder: matrix not pos.def.
gdel > 0: 0.000628045
negative or zero diagonal element 0 in covariance matrix
negative or zero diagonal element 1 in covariance matrix
negative or zero diagonal element 2 in covariance matrix
negative or zero diagonal element 4 in covariance matrix
negative or zero diagonal element 5 in covariance matrix
added 1.44319 to diagonal of error matrix
gdel: 0.000628045
Minuit succeeded.
2s under jitter 0.05 = 29.2033776264 with chi^2 2808.30369629
VariableMetricBuilder: no improvement
VariableMetricBuilder: machine accuracy limits further improvement.
eigenvalues: 
-0.0299362
0.820801
0.926776
1
1
1
1.00011
1.00675
2.2755
matrix forced pos-def by adding 0.0322117 to diagonal
MnHesse: matrix is invalid!
MnHesse: matrix is not pos. def.!
MnHesse: matrix was forced pos. def.
FunctionMinimum is invalid.
Minuit failed because covariance is not accurate, and covariance is not positive definite.
2s under jitter 0.05 = 29.1502162785 with chi^2 2794.67070998
Minuit succeeded.
2s under jitter 0.05 = 29.440227542 with chi^2 2860.2690418
Minuit succeeded.
2s under jitter 0.05 = 29.1092446489 with chi^2 2661.99982736
VariableMetricBuilder: no improvement
VariableMetricBuilder: machine accuracy limits further improvement.
Minuit succeeded.
2s under jitter 0.05 = 29.3976075736 with chi^2 2948.62265066
Minuit succeeded.
2s under jitter 0.05 = 29.2872793594 with chi^2 2870.27772711
Minuit succeeded.
2s under jitter 0.05 = 29.2730085593 with chi^2 2700.06390656
Minuit succeeded.
2s under jitter 0.05 = 29.1780053847 with chi^2 2749.60176605
VariableMetricBuilder: no improvement
VariableMetricBuilder: machine accuracy limits further improvement.
Minuit succeeded.
2s under jitter 0.05 = 29.1272832017 with chi^2 2791.49783219
Minuit succeeded.
2s under jitter 0.05 = 29.4581145079 with chi^2 2735.24686828
Minuit succeeded.
2s under jitter 0.05 = 29.5829525001 with chi^2 2961.59492267
Minuit succeeded.
2s under jitter 0.05 = 29.6450483434 with chi^2 2902.48254272
Minuit succeeded.
2s under jitter 0.05 = 28.8566507099 with chi^2 2727.23825115
Minuit succeeded.
2s under jitter 0.05 = 29.1744928282 with chi^2 2900.75361006
VariableMetricBuilder: no improvement
VariableMetricBuilder: finishes without convergence.
VariableMetricBuilder: edm= 0.000915386 requested: 1e-05
FunctionMinimum is invalid.
Minuit failed because the function is above maximum EDM.
2s under jitter 0.05 = 29.4960414742 with chi^2 2857.8746644
VariableMetricBuilder: matrix not pos.def.
gdel > 0: 0.000454919
negative or zero diagonal element 0 in covariance matrix
negative or zero diagonal element 1 in covariance matrix
added 1.00043 to diagonal of error matrix
gdel: 0.000454919
Minuit succeeded.
2s under jitter 0.05 = 29.2344435384 with chi^2 2979.28038978
Minuit succeeded.
2s under jitter 0.05 = 29.0642713901 with chi^2 2702.03844861
Minuit succeeded.
2s under jitter 0.05 = 29.5031896875 with chi^2 2819.97326274
Minuit succeeded.
2s under jitter 0.05 = 29.0785875224 with chi^2 2836.861637
Minuit succeeded.
2s under jitter 0.05 = 29.3603789001 with chi^2 2864.52394445
Minuit succeeded.
2s under jitter 0.05 = 29.5395870815 with chi^2 2888.98275423
Minuit succeeded.
2s under jitter 0.05 = 29.1000509936 with chi^2 2889.80145366
Minuit succeeded.
2s under jitter 0.05 = 28.7203233416 with chi^2 2884.09157816
eigenvalues: 
-0.0120327
0.847692
0.93289
1
1
1
1.00008
1.01278
2.21859
matrix forced pos-def by adding 0.0142513 to diagonal
MnHesse: matrix is invalid!
MnHesse: matrix is not pos. def.!
MnHesse: matrix was forced pos. def.
FunctionMinimum is invalid.
Minuit failed because covariance is not accurate, and covariance is not positive definite.
2s under jitter 0.05 = 29.4416418373 with chi^2 2838.74344713
Minuit succeeded.
2s under jitter 0.05 = 29.1643787228 with chi^2 2854.20653339
VariableMetricBuilder: matrix not pos.def.
gdel > 0: 0.00526697
negative or zero diagonal element 0 in covariance matrix
negative or zero diagonal element 1 in covariance matrix
negative or zero diagonal element 2 in covariance matrix
negative or zero diagonal element 3 in covariance matrix
negative or zero diagonal element 5 in covariance matrix
negative or zero diagonal element 6 in covariance matrix
added 1.0692 to diagonal of error matrix
gdel: 0.00526697
eigenvalues: 
-0.381119
0.843236
0.932328
1
1
1
1.00009
1.01063
2.59483
matrix forced pos-def by adding 0.383714 to diagonal
MnHesse: matrix is invalid!
MnHesse: matrix is not pos. def.!
MnHesse: matrix was forced pos. def.
FunctionMinimum is invalid.
Minuit failed because covariance is not accurate, and covariance is not positive definite.
2s under jitter 0.05 = 29.5067887861 with chi^2 2553.73027927
Minuit succeeded.
2s under jitter 0.05 = 29.5120843778 with chi^2 2896.11201632
Minuit succeeded.
2s under jitter 0.05 = 29.4884552474 with chi^2 2782.77403831
Minuit succeeded.
2s under jitter 0.05 = 28.9682762471 with chi^2 2810.59645801
Minuit succeeded.
2s under jitter 0.05 = 29.2874143395 with chi^2 2818.58504398
Minuit succeeded.
2s under jitter 0.05 = 29.2398316325 with chi^2 2800.37167226
Minuit succeeded.
2s under jitter 0.05 = 29.227028692 with chi^2 2729.62642509
Minuit succeeded.
2s under jitter 0.05 = 28.9007066844 with chi^2 2800.54751771
Minuit succeeded.
2s under jitter 0.05 = 29.2323384269 with chi^2 2935.05251784
Minuit succeeded.
2s under jitter 0.05 = 28.8052154037 with chi^2 3015.7776737
Minuit succeeded.
2s under jitter 0.05 = 29.1600516705 with chi^2 2808.84715857
VariableMetricBuilder: no improvement
VariableMetricBuilder: finishes without convergence.
VariableMetricBuilder: edm= 0.00340077 requested: 1e-05
FunctionMinimum is invalid.
Minuit failed because the function is above maximum EDM.
2s under jitter 0.05 = 29.1319200734 with chi^2 2767.87413281
Minuit succeeded.
2s under jitter 0.05 = 29.493368629 with chi^2 3014.73600741
Minuit succeeded.
2s under jitter 0.05 = 29.2638940199 with chi^2 2777.71015825
Minuit succeeded.
2s under jitter 0.05 = 29.3872221763 with chi^2 2873.32810359
Minuit succeeded.
2s under jitter 0.05 = 29.2135902395 with chi^2 2863.03436212
Minuit succeeded.
2s under jitter 0.05 = 29.361414886 with chi^2 2881.91314869
VariableMetricBuilder: no improvement
VariableMetricBuilder: machine accuracy limits further improvement.
Minuit succeeded.
2s under jitter 0.05 = 29.3622734546 with chi^2 2829.12618451
VariableMetricBuilder: matrix not pos.def.
gdel > 0: 0.00474885
negative or zero diagonal element 0 in covariance matrix
negative or zero diagonal element 1 in covariance matrix
negative or zero diagonal element 2 in covariance matrix
added 1.0366 to diagonal of error matrix
gdel: 0.00474885
Minuit succeeded.
2s under jitter 0.05 = 29.2578628886 with chi^2 2721.7295442
Minuit succeeded.
2s under jitter 0.05 = 28.9246541624 with chi^2 2936.98359892
Minuit succeeded.
2s under jitter 0.05 = 29.3465754265 with chi^2 2702.59093755
Minuit succeeded.
2s under jitter 0.05 = 29.0300200877 with chi^2 2917.61049043
Minuit succeeded.
2s under jitter 0.05 = 29.3757789199 with chi^2 2781.0923625
Minuit succeeded.
2s under jitter 0.05 = 29.1995375692 with chi^2 2914.85797869
Minuit succeeded.
2s under jitter 0.05 = 29.5487715545 with chi^2 2768.54333983
