VariableMetricBuilder: no improvement
VariableMetricBuilder: machine accuracy limits further improvement.
Minuit succeeded.
2s under jitter 0.07 = 28.8316756518 with chi^2 2777.82936631
Minuit succeeded.
2s under jitter 0.07 = 28.866748557 with chi^2 2672.08310867
Minuit succeeded.
2s under jitter 0.07 = 29.3162303971 with chi^2 2850.48108289
VariableMetricBuilder: matrix not pos.def.
gdel > 0: 24928.2
negative or zero diagonal element 6 in covariance matrix
added 1.00285 to diagonal of error matrix
gdel: 24928.2
eigenvalues: 
-0.0356401
0.234202
0.836848
1
1
1
1.04728
1.06864
2.84868
matrix forced pos-def by adding 0.0384887 to diagonal
MnHesse: matrix is invalid!
MnHesse: matrix is not pos. def.!
MnHesse: matrix was forced pos. def.
FunctionMinimum is invalid.
Minuit failed because covariance is not accurate, and covariance is not positive definite.
2s under jitter 0.07 = 15.8697209136 with chi^2 39983.8043901
Minuit succeeded.
2s under jitter 0.07 = 29.6768439667 with chi^2 2893.88441073
Minuit succeeded.
2s under jitter 0.07 = 28.9296104298 with chi^2 2770.94461013
VariableMetricBuilder: matrix not pos.def.
edm < 0
negative or zero diagonal element 1 in covariance matrix
added 1 to diagonal of error matrix
Minuit succeeded.
2s under jitter 0.07 = 29.1703654647 with chi^2 2881.74132576
Minuit succeeded.
2s under jitter 0.07 = 29.5416006707 with chi^2 2861.78126943
Minuit succeeded.
2s under jitter 0.07 = 28.9575844617 with chi^2 2612.93702551
VariableMetricBuilder: no improvement
VariableMetricBuilder: finishes without convergence.
VariableMetricBuilder: edm= 0.000615204 requested: 1e-05
FunctionMinimum is invalid.
Minuit failed because the function is above maximum EDM.
2s under jitter 0.07 = 29.0844313398 with chi^2 2761.96912946
Minuit succeeded.
2s under jitter 0.07 = 29.2762761789 with chi^2 2805.10489791
Minuit succeeded.
2s under jitter 0.07 = 28.9554051692 with chi^2 2807.74150421
Minuit succeeded.
2s under jitter 0.07 = 29.4746287476 with chi^2 2792.20974961
Minuit succeeded.
2s under jitter 0.07 = 29.2406927126 with chi^2 2626.04970191
VariableMetricBuilder: matrix not pos.def.
gdel > 0: 0.00121264
negative or zero diagonal element 0 in covariance matrix
negative or zero diagonal element 1 in covariance matrix
added 1.00159 to diagonal of error matrix
gdel: 0.00121264
Minuit succeeded.
2s under jitter 0.07 = 29.3083393643 with chi^2 2882.30665754
Minuit succeeded.
2s under jitter 0.07 = 29.4930455354 with chi^2 2796.18075563
Minuit succeeded.
2s under jitter 0.07 = 29.0644249329 with chi^2 2813.46592108
VariableMetricBuilder: matrix not pos.def.
gdel > 0: 8.5915e-05
negative or zero diagonal element 0 in covariance matrix
negative or zero diagonal element 1 in covariance matrix
added 1.00683 to diagonal of error matrix
gdel: 8.5915e-05
Minuit succeeded.
2s under jitter 0.07 = 29.5187113442 with chi^2 2717.72108701
Minuit succeeded.
2s under jitter 0.07 = 29.7268292691 with chi^2 2690.4008854
Minuit succeeded.
2s under jitter 0.07 = 29.4723779198 with chi^2 2817.94285509
VariableMetricBuilder: no improvement
VariableMetricBuilder: machine accuracy limits further improvement.
Minuit succeeded.
2s under jitter 0.07 = 29.124141902 with chi^2 2820.052422
Minuit succeeded.
2s under jitter 0.07 = 29.3840605164 with chi^2 2799.61999739
Minuit succeeded.
2s under jitter 0.07 = 29.7071335686 with chi^2 2790.14885831
Minuit succeeded.
2s under jitter 0.07 = 29.1214268448 with chi^2 2867.28993758
VariableMetricBuilder: no improvement
VariableMetricBuilder: finishes without convergence.
VariableMetricBuilder: edm= 0.00396734 requested: 1e-05
FunctionMinimum is invalid.
Minuit failed because the function is above maximum EDM.
2s under jitter 0.07 = 28.9711522096 with chi^2 2878.05284971
Minuit succeeded.
2s under jitter 0.07 = 29.3470452944 with chi^2 2891.75850679
Minuit succeeded.
2s under jitter 0.07 = 29.4741637378 with chi^2 2881.84591388
Minuit succeeded.
2s under jitter 0.07 = 29.3875553006 with chi^2 2873.35113106
Minuit succeeded.
2s under jitter 0.07 = 29.266294696 with chi^2 2954.7681101
Minuit succeeded.
2s under jitter 0.07 = 29.1272817994 with chi^2 2857.17295781
Minuit succeeded.
2s under jitter 0.07 = 29.3369309347 with chi^2 2731.96593886
VariableMetricBuilder: no improvement
VariableMetricBuilder: machine accuracy limits further improvement.
eigenvalues: 
-0.0110064
0.859649
0.912511
1
1
1
1.00038
1.0626
2.17587
matrix forced pos-def by adding 0.0131823 to diagonal
MnHesse: matrix is invalid!
MnHesse: matrix is not pos. def.!
MnHesse: matrix was forced pos. def.
FunctionMinimum is invalid.
Minuit failed because covariance is not accurate, and covariance is not positive definite.
2s under jitter 0.07 = 29.1384366467 with chi^2 2960.64500529
Minuit succeeded.
2s under jitter 0.07 = 29.3061421744 with chi^2 2709.78391995
Minuit succeeded.
2s under jitter 0.07 = 29.2492738514 with chi^2 3016.69061637
Minuit succeeded.
2s under jitter 0.07 = 29.1019722946 with chi^2 2806.43994849
Minuit succeeded.
2s under jitter 0.07 = 28.8188953 with chi^2 2849.89941316
Minuit succeeded.
2s under jitter 0.07 = 29.2673904277 with chi^2 2894.20637203
VariableMetricBuilder: no improvement
VariableMetricBuilder: machine accuracy limits further improvement.
Minuit succeeded.
2s under jitter 0.07 = 29.1452781896 with chi^2 2906.95160211
Minuit succeeded.
2s under jitter 0.07 = 29.257050477 with chi^2 2805.93193267
VariableMetricBuilder: matrix not pos.def.
gdel > 0: 0.000430812
negative or zero diagonal element 0 in covariance matrix
negative or zero diagonal element 1 in covariance matrix
added 1.00107 to diagonal of error matrix
gdel: 0.000430812
Minuit succeeded.
2s under jitter 0.07 = 29.2559778125 with chi^2 2753.79255744
Minuit succeeded.
2s under jitter 0.07 = 29.6347620208 with chi^2 2690.51709351
VariableMetricBuilder: matrix not pos.def.
gdel > 0: 0.00122981
negative or zero diagonal element 0 in covariance matrix
negative or zero diagonal element 1 in covariance matrix
added 1.00667 to diagonal of error matrix
gdel: 0.00122981
Minuit succeeded.
2s under jitter 0.07 = 29.1554124407 with chi^2 2716.76492413
VariableMetricBuilder: no improvement
VariableMetricBuilder: machine accuracy limits further improvement.
Minuit succeeded.
2s under jitter 0.07 = 29.3111764229 with chi^2 2889.84640754
Minuit succeeded.
2s under jitter 0.07 = 28.8193885349 with chi^2 2845.62478932
VariableMetricBuilder: matrix not pos.def.
gdel > 0: 5.12759e-05
negative or zero diagonal element 0 in covariance matrix
negative or zero diagonal element 1 in covariance matrix
added 1.00047 to diagonal of error matrix
gdel: 5.12759e-05
Minuit succeeded.
2s under jitter 0.07 = 29.4735616319 with chi^2 2809.35541392
VariableMetricBuilder: matrix not pos.def.
gdel > 0: 0.00457206
negative or zero diagonal element 0 in covariance matrix
negative or zero diagonal element 1 in covariance matrix
added 1.00811 to diagonal of error matrix
gdel: 0.00457206
Minuit succeeded.
2s under jitter 0.07 = 29.2031901394 with chi^2 2881.16399578
Minuit succeeded.
2s under jitter 0.07 = 29.1754278147 with chi^2 2786.71494562
VariableMetricBuilder: no improvement
VariableMetricBuilder: machine accuracy limits further improvement.
Minuit succeeded.
2s under jitter 0.07 = 29.2119847645 with chi^2 2877.27498536
Minuit succeeded.
2s under jitter 0.07 = 29.1565394837 with chi^2 2882.03595371
VariableMetricBuilder: no improvement
VariableMetricBuilder: machine accuracy limits further improvement.
Minuit succeeded.
2s under jitter 0.07 = 29.1981566029 with chi^2 2769.36275433
VariableMetricBuilder: no improvement
VariableMetricBuilder: machine accuracy limits further improvement.
Minuit succeeded.
2s under jitter 0.07 = 29.3649384409 with chi^2 2845.52401239
VariableMetricBuilder: matrix not pos.def.
gdel > 0: 0.017028
negative or zero diagonal element 0 in covariance matrix
negative or zero diagonal element 1 in covariance matrix
negative or zero diagonal element 2 in covariance matrix
negative or zero diagonal element 4 in covariance matrix
negative or zero diagonal element 5 in covariance matrix
negative or zero diagonal element 6 in covariance matrix
negative or zero diagonal element 8 in covariance matrix
added 1.40735 to diagonal of error matrix
gdel: 0.017028
Minuit succeeded.
2s under jitter 0.07 = 28.8998830563 with chi^2 2771.50131109
VariableMetricBuilder: matrix not pos.def.
gdel > 0: 0.000122271
negative or zero diagonal element 1 in covariance matrix
added 1.00009 to diagonal of error matrix
gdel: 0.000122271
Minuit succeeded.
2s under jitter 0.07 = 29.2672951009 with chi^2 2953.79713536
Minuit succeeded.
2s under jitter 0.07 = 29.0334496378 with chi^2 2857.67951525
VariableMetricBuilder: matrix not pos.def.
gdel > 0: 0.000206872
negative or zero diagonal element 1 in covariance matrix
added 1.00009 to diagonal of error matrix
gdel: 0.000206872
Minuit succeeded.
2s under jitter 0.07 = 29.5520981805 with chi^2 2977.59554027
VariableMetricBuilder: no improvement
VariableMetricBuilder: finishes without convergence.
VariableMetricBuilder: edm= 0.00177849 requested: 1e-05
FunctionMinimum is invalid.
Minuit failed because the function is above maximum EDM.
2s under jitter 0.07 = 29.1690131755 with chi^2 2628.64045624
Minuit succeeded.
2s under jitter 0.07 = 29.278494505 with chi^2 2725.34071925
eigenvalues: 
-0.025836
0.861111
0.909528
1
1
1
1.00037
1.03914
2.21569
matrix forced pos-def by adding 0.0280517 to diagonal
MnHesse: matrix is invalid!
MnHesse: matrix is not pos. def.!
MnHesse: matrix was forced pos. def.
FunctionMinimum is invalid.
Minuit failed because covariance is not accurate, and covariance is not positive definite.
2s under jitter 0.07 = 29.1807244147 with chi^2 2811.90725379
Minuit succeeded.
2s under jitter 0.07 = 28.7897647118 with chi^2 2545.08438939
Minuit succeeded.
2s under jitter 0.07 = 28.8914434998 with chi^2 2900.31411788
Minuit succeeded.
2s under jitter 0.07 = 29.6469927171 with chi^2 2997.38645424
Minuit succeeded.
2s under jitter 0.07 = 29.0822474232 with chi^2 2889.2070538
Minuit succeeded.
2s under jitter 0.07 = 29.2768844144 with chi^2 2723.37594668
Minuit succeeded.
2s under jitter 0.07 = 28.8433562296 with chi^2 2681.60509232
Minuit succeeded.
2s under jitter 0.07 = 29.3840782248 with chi^2 2841.02711489
VariableMetricBuilder: no improvement
VariableMetricBuilder: machine accuracy limits further improvement.
Minuit succeeded.
2s under jitter 0.07 = 29.3199563773 with chi^2 2916.99364429
Minuit succeeded.
2s under jitter 0.07 = 29.4789228983 with chi^2 2748.36497024
Minuit succeeded.
2s under jitter 0.07 = 29.1745148517 with chi^2 2785.87760831
VariableMetricBuilder: matrix not pos.def.
gdel > 0: 0.000668609
negative or zero diagonal element 0 in covariance matrix
negative or zero diagonal element 1 in covariance matrix
added 1.00098 to diagonal of error matrix
gdel: 0.000668609
Minuit succeeded.
2s under jitter 0.07 = 29.1534257106 with chi^2 2896.58086811
VariableMetricBuilder: no improvement
VariableMetricBuilder: finishes without convergence.
VariableMetricBuilder: edm= 0.000417895 requested: 1e-05
FunctionMinimum is invalid.
Minuit failed because the function is above maximum EDM.
2s under jitter 0.07 = 29.0407508686 with chi^2 2949.33592726
Minuit succeeded.
2s under jitter 0.07 = 29.5603110114 with chi^2 2833.75672223
VariableMetricBuilder: matrix not pos.def.
gdel > 0: 0.0204895
negative or zero diagonal element 0 in covariance matrix
negative or zero diagonal element 1 in covariance matrix
negative or zero diagonal element 2 in covariance matrix
negative or zero diagonal element 4 in covariance matrix
negative or zero diagonal element 6 in covariance matrix
added 1.36626 to diagonal of error matrix
gdel: 0.0204895
Minuit succeeded.
2s under jitter 0.07 = 29.5636781619 with chi^2 2798.52721489
VariableMetricBuilder: no improvement
VariableMetricBuilder: finishes without convergence.
VariableMetricBuilder: edm= 0.00140065 requested: 1e-05
FunctionMinimum is invalid.
Minuit failed because the function is above maximum EDM.
2s under jitter 0.07 = 29.2248519079 with chi^2 2940.26034979
Minuit succeeded.
2s under jitter 0.07 = 29.252608517 with chi^2 3083.27508076
Minuit succeeded.
2s under jitter 0.07 = 29.0755020801 with chi^2 2819.01627969
Minuit succeeded.
2s under jitter 0.07 = 29.3033619133 with chi^2 2752.45010513
VariableMetricBuilder: no improvement
VariableMetricBuilder: finishes without convergence.
VariableMetricBuilder: edm= 0.00090204 requested: 1e-05
FunctionMinimum is invalid.
Minuit failed because the function is above maximum EDM.
2s under jitter 0.07 = 29.2891441991 with chi^2 2958.94038673
Minuit succeeded.
2s under jitter 0.07 = 29.2394367058 with chi^2 2847.13366484
Minuit succeeded.
2s under jitter 0.07 = 29.282121896 with chi^2 2977.70220483
VariableMetricBuilder: matrix not pos.def.
gdel > 0: 0.000149782
negative or zero diagonal element 1 in covariance matrix
added 1.00013 to diagonal of error matrix
gdel: 0.000149782
Minuit succeeded.
2s under jitter 0.07 = 29.2613691121 with chi^2 2819.85345901
Minuit succeeded.
2s under jitter 0.07 = 29.2409983232 with chi^2 2871.62737478
Minuit succeeded.
2s under jitter 0.07 = 28.9383752932 with chi^2 2887.30265372
Minuit succeeded.
2s under jitter 0.07 = 28.9536382484 with chi^2 2787.93703335
Minuit succeeded.
2s under jitter 0.07 = 29.1323876285 with chi^2 3026.77513519
Minuit succeeded.
2s under jitter 0.07 = 29.812098536 with chi^2 2850.16236386
VariableMetricBuilder: matrix not pos.def.
gdel > 0: 0.0139079
negative or zero diagonal element 0 in covariance matrix
negative or zero diagonal element 1 in covariance matrix
negative or zero diagonal element 3 in covariance matrix
negative or zero diagonal element 6 in covariance matrix
added 1.08248 to diagonal of error matrix
gdel: 0.0139079
Minuit succeeded.
2s under jitter 0.07 = 29.0330342964 with chi^2 2807.16570529
VariableMetricBuilder: matrix not pos.def.
gdel > 0: 5.29764e-08
negative or zero diagonal element 5 in covariance matrix
added 1.0003 to diagonal of error matrix
gdel: 5.29764e-08
Minuit succeeded.
2s under jitter 0.07 = 29.1515003437 with chi^2 2902.01746598
Minuit succeeded.
2s under jitter 0.07 = 29.2461387966 with chi^2 2526.243687
Minuit succeeded.
2s under jitter 0.07 = 29.4168147715 with chi^2 3106.64217072
VariableMetricBuilder: matrix not pos.def.
gdel > 0: 0.000103661
negative or zero diagonal element 1 in covariance matrix
added 1.00004 to diagonal of error matrix
gdel: 0.000103661
Minuit succeeded.
2s under jitter 0.07 = 29.5632230052 with chi^2 2846.32548427
Minuit succeeded.
2s under jitter 0.07 = 29.3419089838 with chi^2 2846.5180558
Minuit succeeded.
2s under jitter 0.07 = 29.6172022036 with chi^2 2862.93465543
eigenvalues: 
-0.000733683
0.860723
0.915193
1
1
1
1.00007
1.03561
2.18913
matrix forced pos-def by adding 0.00292282 to diagonal
MnHesse: matrix is invalid!
MnHesse: matrix is not pos. def.!
MnHesse: matrix was forced pos. def.
FunctionMinimum is invalid.
Minuit failed because covariance is not accurate, and covariance is not positive definite.
2s under jitter 0.07 = 29.4991158639 with chi^2 2824.02261521
VariableMetricBuilder: matrix not pos.def.
gdel > 0: 2.92705e-05
negative or zero diagonal element 3 in covariance matrix
added 1.00025 to diagonal of error matrix
gdel: 2.92705e-05
Minuit succeeded.
2s under jitter 0.07 = 29.1676940886 with chi^2 3030.75461918
Minuit succeeded.
2s under jitter 0.07 = 29.0270078138 with chi^2 2967.09847802
Minuit succeeded.
2s under jitter 0.07 = 29.2674995452 with chi^2 2943.67272761
Minuit succeeded.
2s under jitter 0.07 = 29.0386674477 with chi^2 2861.57085052
VariableMetricBuilder: no improvement
VariableMetricBuilder: machine accuracy limits further improvement.
Minuit succeeded.
2s under jitter 0.07 = 29.4473126393 with chi^2 2732.7688531
Minuit succeeded.
2s under jitter 0.07 = 29.4175061461 with chi^2 2880.30767221
Minuit succeeded.
2s under jitter 0.07 = 29.3999315123 with chi^2 2998.58596646
