VariableMetricBuilder: no improvement
VariableMetricBuilder: finishes without convergence.
VariableMetricBuilder: edm= 0.000192439 requested: 1e-05
FunctionMinimum is invalid.
Minuit failed because the function is above maximum EDM.
2s under jitter 0.0 = 29.4459543348 with chi^2 2715.4265996
VariableMetricBuilder: no improvement
VariableMetricBuilder: machine accuracy limits further improvement.
eigenvalues: 
-0.310746
0.86201
0.933346
1
1
1
1.00014
1.00632
2.50892
matrix forced pos-def by adding 0.313255 to diagonal
MnHesse: matrix is invalid!
MnHesse: matrix is not pos. def.!
MnHesse: matrix was forced pos. def.
FunctionMinimum is invalid.
Minuit failed because covariance is not accurate, and covariance is not positive definite.
2s under jitter 0.0 = 29.3669962774 with chi^2 2874.53896383
Minuit succeeded.
2s under jitter 0.0 = 29.1875344008 with chi^2 2701.03656099
Minuit succeeded.
2s under jitter 0.0 = 29.3670298118 with chi^2 2813.76253048
Minuit succeeded.
2s under jitter 0.0 = 29.0199167397 with chi^2 2769.14660292
VariableMetricBuilder: matrix not pos.def.
gdel > 0: 0.000155596
negative or zero diagonal element 1 in covariance matrix
added 1.00008 to diagonal of error matrix
gdel: 0.000155596
Minuit succeeded.
2s under jitter 0.0 = 28.9438494231 with chi^2 3030.2101578
Minuit succeeded.
2s under jitter 0.0 = 29.1438236925 with chi^2 2816.53474657
VariableMetricBuilder: no improvement
VariableMetricBuilder: finishes without convergence.
VariableMetricBuilder: edm= 0.00129936 requested: 1e-05
FunctionMinimum is invalid.
Minuit failed because the function is above maximum EDM.
2s under jitter 0.0 = 29.5293128046 with chi^2 2809.54104147
Minuit succeeded.
2s under jitter 0.0 = 29.0779990658 with chi^2 2867.48595357
VariableMetricBuilder: matrix not pos.def.
gdel > 0: 0.00459686
negative or zero diagonal element 0 in covariance matrix
negative or zero diagonal element 1 in covariance matrix
negative or zero diagonal element 2 in covariance matrix
negative or zero diagonal element 3 in covariance matrix
negative or zero diagonal element 4 in covariance matrix
negative or zero diagonal element 5 in covariance matrix
negative or zero diagonal element 6 in covariance matrix
negative or zero diagonal element 7 in covariance matrix
negative or zero diagonal element 8 in covariance matrix
added 1.08616 to diagonal of error matrix
gdel: 0.00459686
Minuit succeeded.
2s under jitter 0.0 = 29.4738205058 with chi^2 2666.4565131
eigenvalues: 
-0.00132371
0.837118
0.924482
1
1
1
1.00023
1.01857
2.22092
matrix forced pos-def by adding 0.00354463 to diagonal
MnHesse: matrix is invalid!
MnHesse: matrix is not pos. def.!
MnHesse: matrix was forced pos. def.
FunctionMinimum is invalid.
Minuit failed because covariance is not accurate, and covariance is not positive definite.
2s under jitter 0.0 = 29.3115722528 with chi^2 2860.77360972
Minuit succeeded.
2s under jitter 0.0 = 28.8753225066 with chi^2 2921.36254485
Minuit succeeded.
2s under jitter 0.0 = 29.4383393095 with chi^2 2704.0362917
Minuit succeeded.
2s under jitter 0.0 = 29.3349551226 with chi^2 2654.29666485
VariableMetricBuilder: matrix not pos.def.
gdel > 0: 0.00144957
negative or zero diagonal element 0 in covariance matrix
negative or zero diagonal element 1 in covariance matrix
added 1.00194 to diagonal of error matrix
gdel: 0.00144957
Minuit succeeded.
2s under jitter 0.0 = 29.0833316052 with chi^2 2860.16314034
VariableMetricBuilder: no improvement
VariableMetricBuilder: machine accuracy limits further improvement.
Minuit succeeded.
2s under jitter 0.0 = 29.3431002109 with chi^2 2779.53310312
VariableMetricBuilder: no improvement
VariableMetricBuilder: finishes without convergence.
VariableMetricBuilder: edm= 0.000246298 requested: 1e-05
FunctionMinimum is invalid.
Minuit failed because the function is above maximum EDM.
2s under jitter 0.0 = 29.0022740565 with chi^2 2963.55584884
VariableMetricBuilder: matrix not pos.def.
gdel > 0: 0.000127992
negative or zero diagonal element 0 in covariance matrix
negative or zero diagonal element 1 in covariance matrix
negative or zero diagonal element 2 in covariance matrix
negative or zero diagonal element 4 in covariance matrix
added 1.01181 to diagonal of error matrix
gdel: 0.000127992
Minuit succeeded.
2s under jitter 0.0 = 29.4976927656 with chi^2 2911.7749679
Minuit succeeded.
2s under jitter 0.0 = 28.982451264 with chi^2 2649.56222993
Minuit succeeded.
2s under jitter 0.0 = 29.3077471642 with chi^2 2953.91381328
VariableMetricBuilder: no improvement
VariableMetricBuilder: finishes without convergence.
VariableMetricBuilder: edm= 0.000535474 requested: 1e-05
FunctionMinimum is invalid.
Minuit failed because the function is above maximum EDM.
2s under jitter 0.0 = 29.0870968802 with chi^2 2751.18592495
Minuit succeeded.
2s under jitter 0.0 = 29.4041871158 with chi^2 2923.55393307
VariableMetricBuilder: matrix not pos.def.
gdel > 0: 0.000786587
negative or zero diagonal element 0 in covariance matrix
negative or zero diagonal element 1 in covariance matrix
added 1.00235 to diagonal of error matrix
gdel: 0.000786587
Minuit succeeded.
2s under jitter 0.0 = 29.1974306274 with chi^2 2916.96393733
Minuit succeeded.
2s under jitter 0.0 = 29.3797266201 with chi^2 2958.15029154
VariableMetricBuilder: no improvement
VariableMetricBuilder: machine accuracy limits further improvement.
Minuit succeeded.
2s under jitter 0.0 = 29.5101073339 with chi^2 2987.86703016
Minuit succeeded.
2s under jitter 0.0 = 28.8924239608 with chi^2 2565.60822569
VariableMetricBuilder: matrix not pos.def.
gdel > 0: 0.000271441
negative or zero diagonal element 0 in covariance matrix
negative or zero diagonal element 1 in covariance matrix
negative or zero diagonal element 2 in covariance matrix
negative or zero diagonal element 5 in covariance matrix
negative or zero diagonal element 7 in covariance matrix
added 1.18702 to diagonal of error matrix
gdel: 0.000271441
eigenvalues: 
-0.0108789
0.847208
0.926279
1
1
1
1.00006
1.0119
2.22543
matrix forced pos-def by adding 0.0131044 to diagonal
MnHesse: matrix is invalid!
MnHesse: matrix is not pos. def.!
MnHesse: matrix was forced pos. def.
FunctionMinimum is invalid.
Minuit failed because covariance is not accurate, and covariance is not positive definite.
2s under jitter 0.0 = 29.2946515772 with chi^2 2736.98657388
Minuit succeeded.
2s under jitter 0.0 = 29.0369433205 with chi^2 2782.66814195
VariableMetricBuilder: no improvement
VariableMetricBuilder: machine accuracy limits further improvement.
Minuit succeeded.
2s under jitter 0.0 = 29.513416545 with chi^2 2725.99548019
VariableMetricBuilder: matrix not pos.def.
gdel > 0: 0.000840546
eigenvalues: 
-2.96095
0.657073
1.00856
1.02902
1.07039
1.08888
1.1892
1.57667
4.34115
matrix forced pos-def by adding 2.96529 to diagonal
gdel: -0.00184714
VariableMetricBuilder: matrix not pos.def.
gdel > 0: 7.33694e-05
negative or zero diagonal element 0 in covariance matrix
negative or zero diagonal element 1 in covariance matrix
negative or zero diagonal element 7 in covariance matrix
added 1.00345 to diagonal of error matrix
gdel: 7.33694e-05
Minuit succeeded.
2s under jitter 0.0 = 29.201207008 with chi^2 2871.81890564
Minuit succeeded.
2s under jitter 0.0 = 29.0411238001 with chi^2 2787.10623482
VariableMetricBuilder: no improvement
VariableMetricBuilder: finishes without convergence.
VariableMetricBuilder: edm= 0.000240769 requested: 1e-05
FunctionMinimum is invalid.
Minuit failed because the function is above maximum EDM.
2s under jitter 0.0 = 29.3603058006 with chi^2 2936.4792356
VariableMetricBuilder: no improvement
VariableMetricBuilder: machine accuracy limits further improvement.
Minuit succeeded.
2s under jitter 0.0 = 29.4690794438 with chi^2 2932.33422128
Minuit succeeded.
2s under jitter 0.0 = 29.3913814499 with chi^2 2879.31047564
Minuit succeeded.
2s under jitter 0.0 = 29.736633157 with chi^2 2970.58113919
Minuit succeeded.
2s under jitter 0.0 = 29.1382279458 with chi^2 2828.51781787
Minuit succeeded.
2s under jitter 0.0 = 29.0615754857 with chi^2 2848.22009335
Minuit succeeded.
2s under jitter 0.0 = 29.4272826264 with chi^2 2882.30008806
Minuit succeeded.
2s under jitter 0.0 = 29.3775712951 with chi^2 2842.22968001
Minuit succeeded.
2s under jitter 0.0 = 29.239468294 with chi^2 2729.0883913
VariableMetricBuilder: matrix not pos.def.
gdel > 0: 0.0194744
negative or zero diagonal element 0 in covariance matrix
negative or zero diagonal element 1 in covariance matrix
negative or zero diagonal element 2 in covariance matrix
added 1.20569 to diagonal of error matrix
gdel: 0.0194744
Minuit succeeded.
2s under jitter 0.0 = 29.2640659115 with chi^2 2862.13612424
Minuit succeeded.
2s under jitter 0.0 = 29.0901977981 with chi^2 2733.94367739
Minuit succeeded.
2s under jitter 0.0 = 29.1877956514 with chi^2 2705.27383673
VariableMetricBuilder: no improvement
VariableMetricBuilder: machine accuracy limits further improvement.
Minuit succeeded.
2s under jitter 0.0 = 28.9571018769 with chi^2 2869.90109233
Minuit succeeded.
2s under jitter 0.0 = 29.4018554007 with chi^2 2733.37152423
Minuit succeeded.
2s under jitter 0.0 = 29.3148954286 with chi^2 2726.12105842
Minuit succeeded.
2s under jitter 0.0 = 29.4722366958 with chi^2 2773.88097437
Minuit succeeded.
2s under jitter 0.0 = 29.0897496545 with chi^2 2797.69413163
Minuit succeeded.
2s under jitter 0.0 = 29.0729948055 with chi^2 2867.11975021
Minuit succeeded.
2s under jitter 0.0 = 29.3951203139 with chi^2 2916.28069664
Minuit succeeded.
2s under jitter 0.0 = 28.9123162838 with chi^2 2996.0806784
Minuit succeeded.
2s under jitter 0.0 = 29.5761494968 with chi^2 2805.10927275
eigenvalues: 
-0.0101411
0.824557
0.930171
1
1
1
1.00015
1.01999
2.23528
matrix forced pos-def by adding 0.0123764 to diagonal
MnHesse: matrix is invalid!
MnHesse: matrix is not pos. def.!
MnHesse: matrix was forced pos. def.
FunctionMinimum is invalid.
Minuit failed because covariance is not accurate, and covariance is not positive definite.
2s under jitter 0.0 = 29.2216219394 with chi^2 2872.04228006
VariableMetricBuilder: matrix not pos.def.
gdel > 0: 2.18585e-05
negative or zero diagonal element 0 in covariance matrix
negative or zero diagonal element 1 in covariance matrix
added 1.00182 to diagonal of error matrix
gdel: 2.18585e-05
Minuit succeeded.
2s under jitter 0.0 = 29.438804865 with chi^2 2915.52953111
eigenvalues: 
-0.0111915
0.834386
0.933617
1
1
1
1.00017
1.01021
2.23281
matrix forced pos-def by adding 0.0134243 to diagonal
MnHesse: matrix is invalid!
MnHesse: matrix is not pos. def.!
MnHesse: matrix was forced pos. def.
FunctionMinimum is invalid.
Minuit failed because covariance is not accurate, and covariance is not positive definite.
2s under jitter 0.0 = 29.24318185 with chi^2 2937.89277773
Minuit succeeded.
2s under jitter 0.0 = 29.2359200098 with chi^2 2753.09928926
Minuit succeeded.
2s under jitter 0.0 = 29.1586279914 with chi^2 2793.93899666
eigenvalues: 
-0.000249509
0.877337
0.924224
1
1
1
1.00023
1.01423
2.18423
matrix forced pos-def by adding 0.00243374 to diagonal
MnHesse: matrix is invalid!
MnHesse: matrix is not pos. def.!
MnHesse: matrix was forced pos. def.
FunctionMinimum is invalid.
Minuit failed because covariance is not accurate, and covariance is not positive definite.
2s under jitter 0.0 = 29.213279433 with chi^2 2826.90954056
Minuit succeeded.
2s under jitter 0.0 = 29.5608345155 with chi^2 2827.3800834
Minuit succeeded.
2s under jitter 0.0 = 29.1648192209 with chi^2 2845.71530074
VariableMetricBuilder: no improvement
VariableMetricBuilder: machine accuracy limits further improvement.
eigenvalues: 
-0.0278496
0.829372
0.921588
1
1
1
1.00051
1.01646
2.25991
matrix forced pos-def by adding 0.0301095 to diagonal
MnHesse: matrix is invalid!
MnHesse: matrix is not pos. def.!
MnHesse: matrix was forced pos. def.
FunctionMinimum is invalid.
Minuit failed because covariance is not accurate, and covariance is not positive definite.
2s under jitter 0.0 = 28.9541570234 with chi^2 2955.85689746
Minuit succeeded.
2s under jitter 0.0 = 29.3613647859 with chi^2 2870.10168182
VariableMetricBuilder: matrix not pos.def.
edm < 0
negative or zero diagonal element 1 in covariance matrix
added 1 to diagonal of error matrix
Minuit succeeded.
2s under jitter 0.0 = 29.0970825247 with chi^2 2742.78256233
VariableMetricBuilder: no improvement
VariableMetricBuilder: finishes without convergence.
VariableMetricBuilder: edm= 0.000334999 requested: 1e-05
FunctionMinimum is invalid.
Minuit failed because the function is above maximum EDM.
2s under jitter 0.0 = 29.0234347474 with chi^2 2750.73325671
VariableMetricBuilder: matrix not pos.def.
gdel > 0: 0.000169853
negative or zero diagonal element 1 in covariance matrix
added 1.00006 to diagonal of error matrix
gdel: 0.000169853
Minuit succeeded.
2s under jitter 0.0 = 29.2273472693 with chi^2 2796.78584861
Minuit succeeded.
2s under jitter 0.0 = 29.2886778601 with chi^2 2863.40646449
VariableMetricBuilder: no improvement
VariableMetricBuilder: finishes without convergence.
VariableMetricBuilder: edm= 0.000227305 requested: 1e-05
FunctionMinimum is invalid.
Minuit failed because the function is above maximum EDM.
2s under jitter 0.0 = 29.1028855444 with chi^2 2795.30483832
Minuit succeeded.
2s under jitter 0.0 = 29.2470965165 with chi^2 2853.67942565
Minuit succeeded.
2s under jitter 0.0 = 29.2046302955 with chi^2 2691.64800348
Minuit succeeded.
2s under jitter 0.0 = 29.3944813555 with chi^2 2813.03412337
Minuit succeeded.
2s under jitter 0.0 = 29.3164169959 with chi^2 2900.76228712
Minuit succeeded.
2s under jitter 0.0 = 29.3079225863 with chi^2 2873.50574366
VariableMetricBuilder: matrix not pos.def.
gdel > 0: 1.11597e-05
negative or zero diagonal element 0 in covariance matrix
negative or zero diagonal element 1 in covariance matrix
negative or zero diagonal element 5 in covariance matrix
added 1.003 to diagonal of error matrix
gdel: 1.11597e-05
Minuit succeeded.
2s under jitter 0.0 = 29.0105999147 with chi^2 3006.93649093
VariableMetricBuilder: matrix not pos.def.
edm < 0
negative or zero diagonal element 1 in covariance matrix
added 1.00007 to diagonal of error matrix
Minuit succeeded.
2s under jitter 0.0 = 29.0964740357 with chi^2 2786.73224457
Minuit succeeded.
2s under jitter 0.0 = 29.346063248 with chi^2 2703.51321919
VariableMetricBuilder: matrix not pos.def.
gdel > 0: 0.000271769
negative or zero diagonal element 0 in covariance matrix
negative or zero diagonal element 1 in covariance matrix
added 1.00107 to diagonal of error matrix
gdel: 0.000271769
eigenvalues: 
-0.535666
0.876525
0.922813
1
1
1
1.00015
1.02297
2.7132
matrix forced pos-def by adding 0.538379 to diagonal
MnHesse: matrix is invalid!
MnHesse: matrix is not pos. def.!
MnHesse: matrix was forced pos. def.
FunctionMinimum is invalid.
Minuit failed because covariance is not accurate, and covariance is not positive definite.
2s under jitter 0.0 = 29.530485005 with chi^2 2723.83252355
Minuit succeeded.
2s under jitter 0.0 = 29.0583302398 with chi^2 2824.83997055
Minuit succeeded.
2s under jitter 0.0 = 29.2615574348 with chi^2 2685.16574357
Minuit succeeded.
2s under jitter 0.0 = 28.6357087707 with chi^2 2883.28819573
VariableMetricBuilder: no improvement
VariableMetricBuilder: machine accuracy limits further improvement.
Minuit succeeded.
2s under jitter 0.0 = 29.0317294092 with chi^2 2957.16434952
Minuit succeeded.
2s under jitter 0.0 = 29.2540365038 with chi^2 2848.27426211
Minuit succeeded.
2s under jitter 0.0 = 29.1319825406 with chi^2 3037.73492027
Minuit succeeded.
2s under jitter 0.0 = 29.1363163542 with chi^2 2875.25158537
VariableMetricBuilder: no improvement
VariableMetricBuilder: machine accuracy limits further improvement.
Minuit succeeded.
2s under jitter 0.0 = 28.9552302506 with chi^2 2804.10214359
Minuit succeeded.
2s under jitter 0.0 = 29.338366706 with chi^2 2919.03570069
Minuit succeeded.
2s under jitter 0.0 = 29.1205893137 with chi^2 2856.82379775
Minuit succeeded.
2s under jitter 0.0 = 29.600044618 with chi^2 2834.67720912
VariableMetricBuilder: matrix not pos.def.
gdel > 0: 0.000129005
negative or zero diagonal element 1 in covariance matrix
added 1.00003 to diagonal of error matrix
gdel: 0.000129005
Minuit succeeded.
2s under jitter 0.0 = 29.1621574352 with chi^2 2911.07295011
Minuit succeeded.
2s under jitter 0.0 = 29.1274361609 with chi^2 2936.66396271
VariableMetricBuilder: matrix not pos.def.
gdel > 0: 0.00566054
negative or zero diagonal element 0 in covariance matrix
negative or zero diagonal element 1 in covariance matrix
added 1.01317 to diagonal of error matrix
gdel: 0.00566054
Minuit succeeded.
2s under jitter 0.0 = 28.9889683933 with chi^2 2726.36526044
Minuit succeeded.
2s under jitter 0.0 = 29.3261835925 with chi^2 2935.65746946
Minuit succeeded.
2s under jitter 0.0 = 29.0947537554 with chi^2 3008.69822891
VariableMetricBuilder: no improvement
VariableMetricBuilder: finishes without convergence.
VariableMetricBuilder: edm= 0.000935835 requested: 1e-05
FunctionMinimum is invalid.
Minuit failed because the function is above maximum EDM.
2s under jitter 0.0 = 29.1961704165 with chi^2 2928.92130058
Minuit succeeded.
2s under jitter 0.0 = 29.0438959409 with chi^2 2865.47340937
Minuit succeeded.
2s under jitter 0.0 = 29.4222331287 with chi^2 2777.5926238
Minuit succeeded.
2s under jitter 0.0 = 29.2358027193 with chi^2 2798.47277933
Minuit succeeded.
2s under jitter 0.0 = 29.0125356538 with chi^2 2740.95267426
Minuit succeeded.
2s under jitter 0.0 = 29.1546634941 with chi^2 2683.62620648
Minuit succeeded.
2s under jitter 0.0 = 30.0051616965 with chi^2 3015.1653157
Minuit succeeded.
2s under jitter 0.0 = 29.5371099152 with chi^2 2879.37724261
