Minuit succeeded.
3s under jitter 0.07 = 3.76790401609 with chi^2 479.606152124
Minuit succeeded.
3s under jitter 0.07 = 3.66758957839 with chi^2 464.505471303
Minuit succeeded.
3s under jitter 0.07 = 3.77728326933 with chi^2 474.675942806
Minuit succeeded.
3s under jitter 0.07 = 3.73975660443 with chi^2 491.534622556
Minuit succeeded.
3s under jitter 0.07 = 3.81291298617 with chi^2 500.113337942
Minuit succeeded.
3s under jitter 0.07 = 3.62346861333 with chi^2 535.75009541
Minuit succeeded.
3s under jitter 0.07 = 3.72696203134 with chi^2 471.908995463
Minuit succeeded.
3s under jitter 0.07 = 3.68980671427 with chi^2 517.799101762
Minuit succeeded.
3s under jitter 0.07 = 3.66691115552 with chi^2 479.722527932
Minuit succeeded.
3s under jitter 0.07 = 3.62871905854 with chi^2 443.805505273
Minuit succeeded.
3s under jitter 0.07 = 3.65978248154 with chi^2 483.013461586
Minuit succeeded.
3s under jitter 0.07 = 3.81577390427 with chi^2 534.929587721
Minuit succeeded.
3s under jitter 0.07 = 3.57853477186 with chi^2 470.606308151
Minuit succeeded.
3s under jitter 0.07 = 3.6356677675 with chi^2 466.295416567
Minuit succeeded.
3s under jitter 0.07 = 3.67331537781 with chi^2 492.882957109
eigenvalues: 
-0.0122045
0.114331
0.391272
1
1
1
1
1.00011
1.03065
3.47584
matrix forced pos-def by adding 0.0156803 to diagonal
MnHesse: matrix is invalid!
MnHesse: matrix is not pos. def.!
MnHesse: matrix was forced pos. def.
FunctionMinimum is invalid.
Minuit failed because covariance is not accurate, and covariance is not positive definite.
3s under jitter 0.07 = 3.6215867523 with chi^2 534.367857853
Minuit succeeded.
3s under jitter 0.07 = 3.63713954409 with chi^2 459.834473441
Minuit succeeded.
3s under jitter 0.07 = 3.74058249432 with chi^2 532.118419404
Minuit succeeded.
3s under jitter 0.07 = 3.54762687034 with chi^2 478.733105499
Minuit succeeded.
3s under jitter 0.07 = 3.64601002371 with chi^2 420.012186046
Minuit succeeded.
3s under jitter 0.07 = 3.51724888293 with chi^2 477.744824606
Minuit succeeded.
3s under jitter 0.07 = 3.71525668216 with chi^2 539.053516172
Minuit succeeded.
3s under jitter 0.07 = 3.72290501944 with chi^2 499.33890568
Minuit succeeded.
3s under jitter 0.07 = 3.62842211055 with chi^2 468.6460855
Minuit succeeded.
3s under jitter 0.07 = 3.72939251411 with chi^2 521.475441139
Minuit succeeded.
3s under jitter 0.07 = 3.73468881473 with chi^2 551.184971187
Minuit succeeded.
3s under jitter 0.07 = 3.61797342461 with chi^2 460.766921193
Minuit succeeded.
3s under jitter 0.07 = 3.57667964728 with chi^2 507.022253668
Minuit succeeded.
3s under jitter 0.07 = 3.62072916221 with chi^2 472.420715558
Minuit succeeded.
3s under jitter 0.07 = 3.66098068865 with chi^2 511.517967135
Minuit succeeded.
3s under jitter 0.07 = 3.6476593735 with chi^2 470.699391277
Minuit succeeded.
3s under jitter 0.07 = 3.75432771431 with chi^2 474.79348274
Minuit succeeded.
3s under jitter 0.07 = 3.59467136935 with chi^2 420.578194513
Minuit succeeded.
3s under jitter 0.07 = 3.60753234042 with chi^2 491.051277436
Minuit succeeded.
3s under jitter 0.07 = 3.80087673329 with chi^2 491.60890165
Minuit succeeded.
3s under jitter 0.07 = 3.73308520214 with chi^2 498.417329611
Minuit succeeded.
3s under jitter 0.07 = 3.66769921368 with chi^2 542.904066462
Minuit succeeded.
3s under jitter 0.07 = 3.67830855925 with chi^2 492.107582753
Minuit succeeded.
3s under jitter 0.07 = 3.69114498255 with chi^2 511.091756979
Minuit succeeded.
3s under jitter 0.07 = 3.67569935589 with chi^2 483.747970771
Minuit succeeded.
3s under jitter 0.07 = 3.73626464442 with chi^2 514.638539342
Minuit succeeded.
3s under jitter 0.07 = 3.58090699502 with chi^2 501.887873717
Minuit succeeded.
3s under jitter 0.07 = 3.71692785343 with chi^2 500.51857546
Minuit succeeded.
3s under jitter 0.07 = 3.65579904504 with chi^2 534.315282746
Minuit succeeded.
3s under jitter 0.07 = 3.66734800414 with chi^2 493.552016798
eigenvalues: 
-0.00923307
0.139129
0.385301
1
1
1
1
1.00012
1.04207
3.44262
matrix forced pos-def by adding 0.0126757 to diagonal
MnHesse: matrix is invalid!
MnHesse: matrix is not pos. def.!
MnHesse: matrix was forced pos. def.
FunctionMinimum is invalid.
Minuit failed because covariance is not accurate, and covariance is not positive definite.
3s under jitter 0.07 = 3.5754901362 with chi^2 476.142314691
Minuit succeeded.
3s under jitter 0.07 = 3.64905376744 with chi^2 512.406746113
Minuit succeeded.
3s under jitter 0.07 = 3.54278092462 with chi^2 498.934563063
Minuit succeeded.
3s under jitter 0.07 = 3.62235321705 with chi^2 440.910785062
Minuit succeeded.
3s under jitter 0.07 = 3.73408877267 with chi^2 567.491403473
Minuit succeeded.
3s under jitter 0.07 = 3.53692479552 with chi^2 466.911019397
Minuit succeeded.
3s under jitter 0.07 = 3.65993582267 with chi^2 543.560308446
Minuit succeeded.
3s under jitter 0.07 = 3.66248042513 with chi^2 529.836429489
Minuit succeeded.
3s under jitter 0.07 = 3.6215823584 with chi^2 447.03751432
Minuit succeeded.
3s under jitter 0.07 = 3.67480610532 with chi^2 549.295238448
Minuit succeeded.
3s under jitter 0.07 = 3.64622174655 with chi^2 516.276598978
Minuit succeeded.
3s under jitter 0.07 = 3.57827767502 with chi^2 480.535151747
Minuit succeeded.
3s under jitter 0.07 = 3.58979228676 with chi^2 548.034176695
Minuit succeeded.
3s under jitter 0.07 = 3.66644553547 with chi^2 459.064358209
eigenvalues: 
-0.0244059
0.0996468
0.393745
1
1
1
1
1.00011
1.03507
3.49584
matrix forced pos-def by adding 0.0279017 to diagonal
MnHesse: matrix is invalid!
MnHesse: matrix is not pos. def.!
MnHesse: matrix was forced pos. def.
FunctionMinimum is invalid.
Minuit failed because covariance is not accurate, and covariance is not positive definite.
3s under jitter 0.07 = 3.81339720723 with chi^2 495.739539194
Minuit succeeded.
3s under jitter 0.07 = 3.60737707091 with chi^2 506.929961053
Minuit succeeded.
3s under jitter 0.07 = 3.65917781349 with chi^2 450.62108436
Minuit succeeded.
3s under jitter 0.07 = 3.82535554095 with chi^2 485.830526885
Minuit succeeded.
3s under jitter 0.07 = 3.71081370686 with chi^2 487.920997573
Minuit succeeded.
3s under jitter 0.07 = 3.61634914994 with chi^2 488.303089434
Minuit succeeded.
3s under jitter 0.07 = 3.6394544158 with chi^2 472.360190373
Minuit succeeded.
3s under jitter 0.07 = 3.75083619995 with chi^2 558.250223697
Minuit succeeded.
3s under jitter 0.07 = 3.6712371177 with chi^2 515.774713646
Minuit succeeded.
3s under jitter 0.07 = 3.66451956331 with chi^2 499.061100143
Minuit succeeded.
3s under jitter 0.07 = 3.75352794514 with chi^2 490.153563803
Minuit succeeded.
3s under jitter 0.07 = 3.6778810004 with chi^2 504.789658596
Minuit succeeded.
3s under jitter 0.07 = 3.78346762948 with chi^2 511.975902721
Minuit succeeded.
3s under jitter 0.07 = 3.60027686144 with chi^2 503.707812101
Minuit succeeded.
3s under jitter 0.07 = 3.70294316804 with chi^2 546.666876536
Minuit succeeded.
3s under jitter 0.07 = 3.72966863642 with chi^2 480.447080389
Minuit succeeded.
3s under jitter 0.07 = 3.82048080339 with chi^2 494.388562951
Minuit succeeded.
3s under jitter 0.07 = 3.59266716292 with chi^2 471.190120053
Minuit succeeded.
3s under jitter 0.07 = 3.7025170885 with chi^2 483.404901723
Minuit succeeded.
3s under jitter 0.07 = 3.81312507148 with chi^2 606.702999199
Minuit succeeded.
3s under jitter 0.07 = 3.73859613626 with chi^2 557.776725355
Minuit succeeded.
3s under jitter 0.07 = 3.76146816864 with chi^2 483.260097925
Minuit succeeded.
3s under jitter 0.07 = 3.63156960403 with chi^2 439.365546889
Minuit succeeded.
3s under jitter 0.07 = 3.59873482237 with chi^2 446.937037378
Minuit succeeded.
3s under jitter 0.07 = 3.64532964605 with chi^2 463.705226595
Minuit succeeded.
3s under jitter 0.07 = 3.604269806 with chi^2 530.295556923
Minuit succeeded.
3s under jitter 0.07 = 3.70995457768 with chi^2 488.323460385
Minuit succeeded.
3s under jitter 0.07 = 3.67042773726 with chi^2 580.855401885
Minuit succeeded.
3s under jitter 0.07 = 3.73936663379 with chi^2 470.250163521
Minuit succeeded.
3s under jitter 0.07 = 3.71359560418 with chi^2 485.824376668
Minuit succeeded.
3s under jitter 0.07 = 3.63582607107 with chi^2 497.237402968
Minuit succeeded.
3s under jitter 0.07 = 3.48529288412 with chi^2 517.995486626
Minuit succeeded.
3s under jitter 0.07 = 3.58552213108 with chi^2 486.132250467
Minuit succeeded.
3s under jitter 0.07 = 3.63602785231 with chi^2 477.616196004
Minuit succeeded.
3s under jitter 0.07 = 3.70882710809 with chi^2 465.23291563
Minuit succeeded.
3s under jitter 0.07 = 3.69264974989 with chi^2 467.139389268
Minuit succeeded.
3s under jitter 0.07 = 3.61179086737 with chi^2 494.284368413
Minuit succeeded.
3s under jitter 0.07 = 3.65911335919 with chi^2 498.366071166
Minuit succeeded.
3s under jitter 0.07 = 3.60639869989 with chi^2 471.201315708
Minuit succeeded.
3s under jitter 0.07 = 3.61889287676 with chi^2 543.353761489
Minuit succeeded.
3s under jitter 0.07 = 3.70430558733 with chi^2 439.685303004
