Minuit succeeded.
3s under jitter 0.0 = 3.66310832521 with chi^2 445.483927795
Minuit succeeded.
3s under jitter 0.0 = 3.62132434787 with chi^2 414.872345186
Minuit succeeded.
3s under jitter 0.0 = 3.53848802141 with chi^2 475.617161308
Minuit succeeded.
3s under jitter 0.0 = 3.74169325031 with chi^2 419.129592437
Minuit succeeded.
3s under jitter 0.0 = 3.58674944978 with chi^2 506.558426123
Minuit succeeded.
3s under jitter 0.0 = 3.62034533314 with chi^2 428.00424276
Minuit succeeded.
3s under jitter 0.0 = 3.66583330377 with chi^2 422.943119609
Minuit succeeded.
3s under jitter 0.0 = 3.57631161521 with chi^2 446.460045643
Minuit succeeded.
3s under jitter 0.0 = 3.57140936636 with chi^2 440.213368576
Minuit succeeded.
3s under jitter 0.0 = 3.63322831974 with chi^2 477.765305253
Minuit succeeded.
3s under jitter 0.0 = 3.74025519515 with chi^2 466.427251026
Minuit succeeded.
3s under jitter 0.0 = 3.61695011619 with chi^2 443.465734121
Minuit succeeded.
3s under jitter 0.0 = 3.65835511898 with chi^2 455.76998719
Minuit succeeded.
3s under jitter 0.0 = 3.59024297105 with chi^2 446.097771503
Minuit succeeded.
3s under jitter 0.0 = 3.55386696128 with chi^2 465.209762053
Minuit succeeded.
3s under jitter 0.0 = 3.61929738388 with chi^2 512.789523788
Minuit succeeded.
3s under jitter 0.0 = 3.58171518945 with chi^2 473.760828084
VariableMetricBuilder: no improvement
Minuit succeeded.
3s under jitter 0.0 = 3.61361344449 with chi^2 465.52040398
Minuit succeeded.
3s under jitter 0.0 = 3.64559387435 with chi^2 458.84196171
Minuit succeeded.
3s under jitter 0.0 = 3.5474774819 with chi^2 454.122467696
Minuit succeeded.
3s under jitter 0.0 = 3.64459831758 with chi^2 453.913686052
Minuit succeeded.
3s under jitter 0.0 = 3.56663266095 with chi^2 439.207708027
eigenvalues: 
-0.0368273
0.074991
0.392415
1
1
1
1
1.00016
1.03676
3.53249
matrix forced pos-def by adding 0.0403598 to diagonal
MnHesse: matrix is invalid!
MnHesse: matrix is not pos. def.!
MnHesse: matrix was forced pos. def.
FunctionMinimum is invalid.
Minuit failed because covariance is not accurate, and covariance is not positive definite.
3s under jitter 0.0 = 3.60107021114 with chi^2 423.734866416
Minuit succeeded.
3s under jitter 0.0 = 3.54384571564 with chi^2 475.439873287
Minuit succeeded.
3s under jitter 0.0 = 3.61400107593 with chi^2 444.638554153
Minuit succeeded.
3s under jitter 0.0 = 3.54967843569 with chi^2 491.930964309
Minuit succeeded.
3s under jitter 0.0 = 3.57126893876 with chi^2 446.401370689
Minuit succeeded.
3s under jitter 0.0 = 3.61790724377 with chi^2 489.517694199
Minuit succeeded.
3s under jitter 0.0 = 3.59811442369 with chi^2 436.28295493
Minuit succeeded.
3s under jitter 0.0 = 3.48798391282 with chi^2 430.533738526
Minuit succeeded.
3s under jitter 0.0 = 3.66451367814 with chi^2 451.804979949
Minuit succeeded.
3s under jitter 0.0 = 3.68100978703 with chi^2 461.132723426
Minuit succeeded.
3s under jitter 0.0 = 3.63473657076 with chi^2 447.143971054
Minuit succeeded.
3s under jitter 0.0 = 3.54887175588 with chi^2 436.09290787
Minuit succeeded.
3s under jitter 0.0 = 3.67321057118 with chi^2 464.784412851
Minuit succeeded.
3s under jitter 0.0 = 3.64018225847 with chi^2 496.87248041
Minuit succeeded.
3s under jitter 0.0 = 3.6887086782 with chi^2 468.783253485
VariableMetricBuilder: no improvement
VariableMetricBuilder: machine accuracy limits further improvement.
Minuit succeeded.
3s under jitter 0.0 = 3.61454061274 with chi^2 466.06429681
Minuit succeeded.
3s under jitter 0.0 = 3.66078244072 with chi^2 435.070247472
Minuit succeeded.
3s under jitter 0.0 = 3.66165472025 with chi^2 426.617262897
Minuit succeeded.
3s under jitter 0.0 = 3.61833853811 with chi^2 471.646191712
Minuit succeeded.
3s under jitter 0.0 = 3.65412717363 with chi^2 446.028754889
Minuit succeeded.
3s under jitter 0.0 = 3.66200358424 with chi^2 446.1762479
Minuit succeeded.
3s under jitter 0.0 = 3.65522457934 with chi^2 411.14811983
Minuit succeeded.
3s under jitter 0.0 = 3.56108802628 with chi^2 448.122045322
Minuit succeeded.
3s under jitter 0.0 = 3.65534696631 with chi^2 478.320195125
Minuit succeeded.
3s under jitter 0.0 = 3.58414753822 with chi^2 470.609196833
Minuit succeeded.
3s under jitter 0.0 = 3.55001085228 with chi^2 478.383657995
Minuit succeeded.
3s under jitter 0.0 = 3.69789637765 with chi^2 455.122067608
Minuit succeeded.
3s under jitter 0.0 = 3.55725711857 with chi^2 426.923770153
Minuit succeeded.
3s under jitter 0.0 = 3.60003299014 with chi^2 424.060970741
Minuit succeeded.
3s under jitter 0.0 = 3.58800558385 with chi^2 476.460777432
VariableMetricBuilder: no improvement
Minuit succeeded.
3s under jitter 0.0 = 3.59971303641 with chi^2 457.851688279
Minuit succeeded.
3s under jitter 0.0 = 3.68072225921 with chi^2 486.460266479
Minuit succeeded.
3s under jitter 0.0 = 3.66564849843 with chi^2 426.139275925
Minuit succeeded.
3s under jitter 0.0 = 3.61171605107 with chi^2 480.298587906
Minuit succeeded.
3s under jitter 0.0 = 3.55552359008 with chi^2 402.031603148
Minuit succeeded.
3s under jitter 0.0 = 3.66428617591 with chi^2 431.639061363
Minuit succeeded.
3s under jitter 0.0 = 3.55311349864 with chi^2 507.633950204
Minuit succeeded.
3s under jitter 0.0 = 3.59859199016 with chi^2 464.801224314
Minuit succeeded.
3s under jitter 0.0 = 3.67636919732 with chi^2 490.847720774
Minuit succeeded.
3s under jitter 0.0 = 3.67525901176 with chi^2 411.96945086
Minuit succeeded.
3s under jitter 0.0 = 3.61793197165 with chi^2 493.282712178
Minuit succeeded.
3s under jitter 0.0 = 3.69346130169 with chi^2 474.299967107
Minuit succeeded.
3s under jitter 0.0 = 3.62426406255 with chi^2 465.134201966
VariableMetricBuilder: no improvement
Minuit succeeded.
3s under jitter 0.0 = 3.58780928902 with chi^2 391.871903241
eigenvalues: 
-0.00893094
0.0814171
0.396664
1
1
1
1
1.00019
1.03117
3.49948
matrix forced pos-def by adding 0.0124304 to diagonal
MnHesse: matrix is invalid!
MnHesse: matrix is not pos. def.!
MnHesse: matrix was forced pos. def.
FunctionMinimum is invalid.
Minuit failed because covariance is not accurate, and covariance is not positive definite.
3s under jitter 0.0 = 3.60677628228 with chi^2 461.900414668
Minuit succeeded.
3s under jitter 0.0 = 3.57739396443 with chi^2 451.407291862
eigenvalues: 
-0.231378
0.0698424
0.394599
1
1
1
1
1.00028
1.07985
3.68681
matrix forced pos-def by adding 0.235065 to diagonal
MnHesse: matrix is invalid!
MnHesse: matrix is not pos. def.!
MnHesse: matrix was forced pos. def.
FunctionMinimum is invalid.
Minuit failed because covariance is not accurate, and covariance is not positive definite.
3s under jitter 0.0 = 3.5635528321 with chi^2 425.48805982
Minuit succeeded.
3s under jitter 0.0 = 3.59687881879 with chi^2 475.205979535
Minuit succeeded.
3s under jitter 0.0 = 3.60983983234 with chi^2 432.467189649
Minuit succeeded.
3s under jitter 0.0 = 3.60597226395 with chi^2 483.126949274
Minuit succeeded.
3s under jitter 0.0 = 3.65941207104 with chi^2 460.909524636
Minuit succeeded.
3s under jitter 0.0 = 3.61016898213 with chi^2 461.683310122
Minuit succeeded.
3s under jitter 0.0 = 3.66056361988 with chi^2 531.449234717
Minuit succeeded.
3s under jitter 0.0 = 3.62849254089 with chi^2 395.131294641
Minuit succeeded.
3s under jitter 0.0 = 3.5768243517 with chi^2 461.421509164
Minuit succeeded.
3s under jitter 0.0 = 3.6105985741 with chi^2 451.895438164
Minuit succeeded.
3s under jitter 0.0 = 3.62921631246 with chi^2 418.583368237
Minuit succeeded.
3s under jitter 0.0 = 3.6782651733 with chi^2 448.917175351
Minuit succeeded.
3s under jitter 0.0 = 3.59922013851 with chi^2 499.931265782
Minuit succeeded.
3s under jitter 0.0 = 3.67767067619 with chi^2 453.875706094
VariableMetricBuilder: no improvement
VariableMetricBuilder: machine accuracy limits further improvement.
Minuit succeeded.
3s under jitter 0.0 = 3.55730898152 with chi^2 469.680088375
Minuit succeeded.
3s under jitter 0.0 = 3.66677232871 with chi^2 475.821389379
Minuit succeeded.
3s under jitter 0.0 = 3.61686984621 with chi^2 509.868743685
Minuit succeeded.
3s under jitter 0.0 = 3.6128479765 with chi^2 455.931159903
Minuit succeeded.
3s under jitter 0.0 = 3.57365519791 with chi^2 458.256652293
eigenvalues: 
-0.0210376
0.0882639
0.392815
1
1
1
1
1.00005
1.02884
3.51107
matrix forced pos-def by adding 0.0245486 to diagonal
MnHesse: matrix is invalid!
MnHesse: matrix is not pos. def.!
MnHesse: matrix was forced pos. def.
FunctionMinimum is invalid.
Minuit failed because covariance is not accurate, and covariance is not positive definite.
3s under jitter 0.0 = 3.6384385386 with chi^2 447.201813688
Minuit succeeded.
3s under jitter 0.0 = 3.69926992982 with chi^2 439.34465402
eigenvalues: 
-0.121584
0.0661535
0.379075
1
1
1
1
1.00016
1.08585
3.59034
matrix forced pos-def by adding 0.125174 to diagonal
MnHesse: matrix is invalid!
MnHesse: matrix is not pos. def.!
MnHesse: matrix was forced pos. def.
FunctionMinimum is invalid.
Minuit failed because covariance is not accurate, and covariance is not positive definite.
3s under jitter 0.0 = 3.53654399616 with chi^2 460.679498087
Minuit succeeded.
3s under jitter 0.0 = 3.72045486944 with chi^2 394.303528158
Minuit succeeded.
3s under jitter 0.0 = 3.62667592958 with chi^2 459.02063108
Minuit succeeded.
3s under jitter 0.0 = 3.58722454671 with chi^2 492.642533008
Minuit succeeded.
3s under jitter 0.0 = 3.58414746675 with chi^2 423.328024889
Minuit succeeded.
3s under jitter 0.0 = 3.61748255434 with chi^2 452.160743555
Minuit succeeded.
3s under jitter 0.0 = 3.64892599226 with chi^2 510.900969035
Minuit succeeded.
3s under jitter 0.0 = 3.65017053463 with chi^2 483.024717999
Minuit succeeded.
3s under jitter 0.0 = 3.61566943677 with chi^2 429.515632676
Minuit succeeded.
3s under jitter 0.0 = 3.64894007639 with chi^2 467.238796889
Minuit succeeded.
3s under jitter 0.0 = 3.6096898783 with chi^2 445.034871407
