Minuit succeeded.
3s under jitter 0.05 = 3.68594589353 with chi^2 500.726492603
Minuit succeeded.
3s under jitter 0.05 = 3.57306722346 with chi^2 459.643984581
Minuit succeeded.
3s under jitter 0.05 = 3.65796308693 with chi^2 489.854897602
eigenvalues: 
-0.0249104
0.0973207
0.385077
1
1
1
1
1.00004
1.04836
3.49411
matrix forced pos-def by adding 0.0284045 to diagonal
MnHesse: matrix is invalid!
MnHesse: matrix is not pos. def.!
MnHesse: matrix was forced pos. def.
FunctionMinimum is invalid.
Minuit failed because covariance is not accurate, and covariance is not positive definite.
3s under jitter 0.05 = 3.67822191882 with chi^2 430.862781983
Minuit succeeded.
3s under jitter 0.05 = 3.71300422331 with chi^2 514.190240039
Minuit succeeded.
3s under jitter 0.05 = 3.71146906692 with chi^2 495.673815381
Minuit succeeded.
3s under jitter 0.05 = 3.71451819535 with chi^2 486.046174398
Minuit succeeded.
3s under jitter 0.05 = 3.53479991438 with chi^2 467.564492894
Minuit succeeded.
3s under jitter 0.05 = 3.64361781171 with chi^2 493.349531461
Minuit succeeded.
3s under jitter 0.05 = 3.62354177478 with chi^2 498.46652606
Minuit succeeded.
3s under jitter 0.05 = 3.69412973322 with chi^2 525.25638645
Minuit succeeded.
3s under jitter 0.05 = 3.7025237178 with chi^2 497.266587497
Minuit succeeded.
3s under jitter 0.05 = 3.63195458162 with chi^2 503.176044986
Minuit succeeded.
3s under jitter 0.05 = 3.71584633638 with chi^2 475.270680177
Minuit succeeded.
3s under jitter 0.05 = 3.67964595274 with chi^2 535.102888246
Minuit succeeded.
3s under jitter 0.05 = 3.71007472494 with chi^2 483.793289698
Minuit succeeded.
3s under jitter 0.05 = 3.59949171152 with chi^2 450.429341077
Minuit succeeded.
3s under jitter 0.05 = 3.77861370521 with chi^2 466.059947015
Minuit succeeded.
3s under jitter 0.05 = 3.75934257029 with chi^2 490.486246846
Minuit succeeded.
3s under jitter 0.05 = 3.64160320072 with chi^2 411.75524454
Minuit succeeded.
3s under jitter 0.05 = 3.76529959392 with chi^2 460.34537584
Minuit succeeded.
3s under jitter 0.05 = 3.62705662783 with chi^2 500.333178669
Minuit succeeded.
3s under jitter 0.05 = 3.55036632466 with chi^2 452.730026184
Minuit succeeded.
3s under jitter 0.05 = 3.60101421427 with chi^2 485.338714684
Minuit succeeded.
3s under jitter 0.05 = 3.65671228064 with chi^2 440.687553043
Minuit succeeded.
3s under jitter 0.05 = 3.57499720985 with chi^2 498.814046889
Minuit succeeded.
3s under jitter 0.05 = 3.72234358735 with chi^2 510.91570003
Minuit succeeded.
3s under jitter 0.05 = 3.62709651721 with chi^2 455.109805338
Minuit succeeded.
3s under jitter 0.05 = 3.60551880224 with chi^2 457.814218689
Minuit succeeded.
3s under jitter 0.05 = 3.68886601543 with chi^2 476.279692387
Minuit succeeded.
3s under jitter 0.05 = 3.66846754866 with chi^2 435.769854207
Minuit succeeded.
3s under jitter 0.05 = 3.66179288286 with chi^2 473.833264763
Minuit succeeded.
3s under jitter 0.05 = 3.66811608502 with chi^2 459.397226321
Minuit succeeded.
3s under jitter 0.05 = 3.59597735369 with chi^2 475.699252378
Minuit succeeded.
3s under jitter 0.05 = 3.59029112394 with chi^2 471.799742835
Minuit succeeded.
3s under jitter 0.05 = 3.53348106246 with chi^2 476.125287548
Minuit succeeded.
3s under jitter 0.05 = 3.58467920702 with chi^2 491.539678836
Minuit succeeded.
3s under jitter 0.05 = 3.65985536633 with chi^2 514.720993282
Minuit succeeded.
3s under jitter 0.05 = 3.62298560119 with chi^2 496.440476803
Minuit succeeded.
3s under jitter 0.05 = 3.73058088491 with chi^2 502.929898922
Minuit succeeded.
3s under jitter 0.05 = 3.64311932466 with chi^2 501.653465613
Minuit succeeded.
3s under jitter 0.05 = 3.63259151612 with chi^2 471.922276737
Minuit succeeded.
3s under jitter 0.05 = 3.69273776889 with chi^2 436.08102828
Minuit succeeded.
3s under jitter 0.05 = 3.55697298606 with chi^2 488.783171464
Minuit succeeded.
3s under jitter 0.05 = 3.77847276291 with chi^2 525.597513806
Minuit succeeded.
3s under jitter 0.05 = 3.60495324408 with chi^2 434.262939848
Minuit succeeded.
3s under jitter 0.05 = 3.55966882171 with chi^2 413.775620687
Minuit succeeded.
3s under jitter 0.05 = 3.62764326842 with chi^2 466.496475589
Minuit succeeded.
3s under jitter 0.05 = 3.63278423731 with chi^2 475.214594832
Minuit succeeded.
3s under jitter 0.05 = 3.74138016477 with chi^2 538.203891885
Minuit succeeded.
3s under jitter 0.05 = 3.66357007417 with chi^2 468.416723314
Minuit succeeded.
3s under jitter 0.05 = 3.6805081671 with chi^2 446.137002213
Minuit succeeded.
3s under jitter 0.05 = 3.59629119564 with chi^2 451.737541991
Minuit succeeded.
3s under jitter 0.05 = 3.62061555442 with chi^2 466.331508457
Minuit succeeded.
3s under jitter 0.05 = 3.67484793875 with chi^2 459.965068789
eigenvalues: 
-0.0171348
0.0942296
0.396021
1
1
1
1
1.00005
1.03117
3.49567
matrix forced pos-def by adding 0.0206305 to diagonal
MnHesse: matrix is invalid!
MnHesse: matrix is not pos. def.!
MnHesse: matrix was forced pos. def.
FunctionMinimum is invalid.
Minuit failed because covariance is not accurate, and covariance is not positive definite.
3s under jitter 0.05 = 3.62451665823 with chi^2 465.608356842
Minuit succeeded.
3s under jitter 0.05 = 3.62662592 with chi^2 428.629939341
Minuit succeeded.
3s under jitter 0.05 = 3.67513057153 with chi^2 437.721543221
Minuit succeeded.
3s under jitter 0.05 = 3.52647514685 with chi^2 491.038134822
Minuit succeeded.
3s under jitter 0.05 = 3.58378271659 with chi^2 453.419518268
Minuit succeeded.
3s under jitter 0.05 = 3.62244843093 with chi^2 491.739079979
Minuit succeeded.
3s under jitter 0.05 = 3.65913545556 with chi^2 435.916779909
Minuit succeeded.
3s under jitter 0.05 = 3.74831107231 with chi^2 473.943199931
Minuit succeeded.
3s under jitter 0.05 = 3.58119197558 with chi^2 509.897691582
Minuit succeeded.
3s under jitter 0.05 = 3.64805629263 with chi^2 477.369520433
Minuit succeeded.
3s under jitter 0.05 = 3.57468655957 with chi^2 489.663864292
Minuit succeeded.
3s under jitter 0.05 = 3.73093877863 with chi^2 492.439161788
Minuit succeeded.
3s under jitter 0.05 = 3.5409930974 with chi^2 453.914031709
Minuit succeeded.
3s under jitter 0.05 = 3.60313384755 with chi^2 447.730627239
eigenvalues: 
-0.038504
0.089982
0.388526
1
1
1
1
1.00011
1.02363
3.53626
matrix forced pos-def by adding 0.0420402 to diagonal
MnHesse: matrix is invalid!
MnHesse: matrix is not pos. def.!
MnHesse: matrix was forced pos. def.
FunctionMinimum is invalid.
Minuit failed because covariance is not accurate, and covariance is not positive definite.
3s under jitter 0.05 = 3.62557483573 with chi^2 441.612887957
Minuit succeeded.
3s under jitter 0.05 = 3.65847640018 with chi^2 463.822485447
Minuit succeeded.
3s under jitter 0.05 = 3.54915191765 with chi^2 478.751707096
Minuit succeeded.
3s under jitter 0.05 = 3.66409081184 with chi^2 491.106522007
Minuit succeeded.
3s under jitter 0.05 = 3.71939661709 with chi^2 469.765191969
Minuit succeeded.
3s under jitter 0.05 = 3.70453664293 with chi^2 439.464433344
eigenvalues: 
-0.0234708
0.0793485
0.395702
1
1
1
1
1.00023
1.02852
3.51967
matrix forced pos-def by adding 0.0269905 to diagonal
MnHesse: matrix is invalid!
MnHesse: matrix is not pos. def.!
MnHesse: matrix was forced pos. def.
FunctionMinimum is invalid.
Minuit failed because covariance is not accurate, and covariance is not positive definite.
3s under jitter 0.05 = 3.57629547377 with chi^2 471.485892011
Minuit succeeded.
3s under jitter 0.05 = 3.55167376215 with chi^2 446.300902305
Minuit succeeded.
3s under jitter 0.05 = 3.66304230028 with chi^2 496.786950195
Minuit succeeded.
3s under jitter 0.05 = 3.71326704721 with chi^2 492.661840804
VariableMetricBuilder: no improvement
VariableMetricBuilder: machine accuracy limits further improvement.
Minuit succeeded.
3s under jitter 0.05 = 3.55182571916 with chi^2 483.230855004
Minuit succeeded.
3s under jitter 0.05 = 3.57702107452 with chi^2 447.76514115
eigenvalues: 
-0.0134151
0.0909196
0.393037
1
1
1
1
1.00015
1.02936
3.49995
matrix forced pos-def by adding 0.0169151 to diagonal
MnHesse: matrix is invalid!
MnHesse: matrix is not pos. def.!
MnHesse: matrix was forced pos. def.
FunctionMinimum is invalid.
Minuit failed because covariance is not accurate, and covariance is not positive definite.
3s under jitter 0.05 = 3.58101277081 with chi^2 491.352193586
Minuit succeeded.
3s under jitter 0.05 = 3.58567757254 with chi^2 534.126572929
Minuit succeeded.
3s under jitter 0.05 = 3.64523264003 with chi^2 506.171476214
eigenvalues: 
-0.0173999
0.105521
0.391985
1
1
1
1
1.00009
1.03361
3.48619
matrix forced pos-def by adding 0.0208861 to diagonal
MnHesse: matrix is invalid!
MnHesse: matrix is not pos. def.!
MnHesse: matrix was forced pos. def.
FunctionMinimum is invalid.
Minuit failed because covariance is not accurate, and covariance is not positive definite.
3s under jitter 0.05 = 3.6653427969 with chi^2 470.732563584
Minuit succeeded.
3s under jitter 0.05 = 3.6511663217 with chi^2 445.187188864
Minuit succeeded.
3s under jitter 0.05 = 3.72910171639 with chi^2 500.656288728
Minuit succeeded.
3s under jitter 0.05 = 3.66054661748 with chi^2 490.991345485
Minuit succeeded.
3s under jitter 0.05 = 3.62063599881 with chi^2 517.574245389
Minuit succeeded.
3s under jitter 0.05 = 3.67747334009 with chi^2 490.775604268
Minuit succeeded.
3s under jitter 0.05 = 3.66774490528 with chi^2 509.755429525
Minuit succeeded.
3s under jitter 0.05 = 3.68387274639 with chi^2 421.257477584
Minuit succeeded.
3s under jitter 0.05 = 3.74290082746 with chi^2 486.646754913
Minuit succeeded.
3s under jitter 0.05 = 3.64258349852 with chi^2 501.614209706
Minuit succeeded.
3s under jitter 0.05 = 3.57950658004 with chi^2 503.786821696
Minuit succeeded.
3s under jitter 0.05 = 3.52057029584 with chi^2 480.524813356
eigenvalues: 
-0.0251747
0.0903485
0.396785
1
1
1
1
1.0001
1.0225
3.51545
matrix forced pos-def by adding 0.0286902 to diagonal
MnHesse: matrix is invalid!
MnHesse: matrix is not pos. def.!
MnHesse: matrix was forced pos. def.
FunctionMinimum is invalid.
Minuit failed because covariance is not accurate, and covariance is not positive definite.
3s under jitter 0.05 = 3.72127150057 with chi^2 492.851977284
Minuit succeeded.
3s under jitter 0.05 = 3.74596373616 with chi^2 466.318193051
Minuit succeeded.
3s under jitter 0.05 = 3.56566784558 with chi^2 470.385662448
Minuit succeeded.
3s under jitter 0.05 = 3.64719942889 with chi^2 490.748073382
