This is pdfTeX, Version 3.14159-14h-released-20010417 (Web2C 7.3.3.1) (format=pdflatex 2003.2.18)  15 JUN 2004 21:37
**decayplots
(./decayplots.tex{/usr/share/texmf/pdftex/config/pdftex.cfg}
LaTeX2e <2001/06/01>
Babel <v3.7h> and hyphenation patterns for american, french, german, ngerman, i
talian, nohyphenation, loaded.
(/usr/share/texmf/tex/latex/base/article.cls
Document Class: article 2001/04/21 v1.4e Standard LaTeX document class
(/usr/share/texmf/tex/latex/base/size10.clo
File: size10.clo 2001/04/21 v1.4e Standard LaTeX file (size option)
)
\c@part=\count79
\c@section=\count80
\c@subsection=\count81
\c@subsubsection=\count82
\c@paragraph=\count83
\c@subparagraph=\count84
\c@figure=\count85
\c@table=\count86
\abovecaptionskip=\skip41
\belowcaptionskip=\skip42
\bibindent=\dimen102
)
(/usr/share/texmf/tex/latex/graphics/graphicx.sty
Package: graphicx 1999/02/16 v1.0f Enhanced LaTeX Graphics (DPC,SPQR)

(/usr/share/texmf/tex/latex/graphics/keyval.sty
Package: keyval 1999/03/16 v1.13 key=value parser (DPC)
\KV@toks@=\toks14
)
(/usr/share/texmf/tex/latex/graphics/graphics.sty
Package: graphics 2001/07/07 v1.0n Standard LaTeX Graphics (DPC,SPQR)

(/usr/share/texmf/tex/latex/graphics/trig.sty
Package: trig 1999/03/16 v1.09 sin cos tan (DPC)
)
(/usr/share/texmf/tex/latex/config/graphics.cfg)
Package graphics Info: Driver file: pdftex.def on input line 80.

(/usr/share/texmf/tex/latex/graphics/pdftex.def
File: pdftex.def 2001/11/29 v0.03i graphics/color for pdftex
\Gread@gobject=\count87
))
\Gin@req@height=\dimen103
\Gin@req@width=\dimen104
)
(/usr/share/texmf/tex/latex/graphics/color.sty
Package: color 1999/02/16 v1.0i Standard LaTeX Color (DPC)

(/usr/share/texmf/tex/latex/config/color.cfg)
Package color Info: Driver file: pdftex.def on input line 125.
)
(/usr/share/texmf/tex/latex/misc/rotating.sty
Package: rotating 1997/09/26, v2.13 Rotation package

(/usr/share/texmf/tex/latex/base/ifthen.sty
Package: ifthen 2001/05/26 v1.1c Standard LaTeX ifthen package (DPC)
)
\c@r@tfl@t=\count88
\rot@float@box=\box26
) (./decayplots.aux)
\openout1 = `decayplots.aux'.

LaTeX Font Info:    Checking defaults for OML/cmm/m/it on input line 10.
LaTeX Font Info:    ... okay on input line 10.
LaTeX Font Info:    Checking defaults for T1/cmr/m/n on input line 10.
LaTeX Font Info:    ... okay on input line 10.
LaTeX Font Info:    Checking defaults for OT1/cmr/m/n on input line 10.
LaTeX Font Info:    ... okay on input line 10.
LaTeX Font Info:    Checking defaults for OMS/cmsy/m/n on input line 10.
LaTeX Font Info:    ... okay on input line 10.
LaTeX Font Info:    Checking defaults for OMX/cmex/m/n on input line 10.
LaTeX Font Info:    ... okay on input line 10.
LaTeX Font Info:    Checking defaults for U/cmr/m/n on input line 10.
LaTeX Font Info:    ... okay on input line 10.

(/usr/share/texmf/tex/context/base/supp-pdf.tex
(/usr/share/texmf/tex/context/base/supp-mis.tex
loading : Context Support Macros / Missing
\protectiondepth=\count89
\scratchcounter=\count90
\scratchtoks=\toks15
\scratchdimen=\dimen105
\scratchskip=\skip43
\scratchmuskip=\muskip10
\scratchbox=\box27
\scratchread=\read1
\scratchwrite=\write3
\zeropoint=\dimen106
\nextbox=\box28
\nextdepth=\dimen107
\everyline=\toks16
\!!counta=\count91
\!!countb=\count92
\recursecounter=\count93
)
loading : Context Support Macros / PDF
\nofMPsegments=\count94
\nofMParguments=\count95
\everyMPtoPDFconversion=\toks17
)
LaTeX Font Info:    External font `cmex10' loaded for size
(Font)              <14.4> on input line 29.
LaTeX Font Info:    External font `cmex10' loaded for size
(Font)              <7> on input line 29.
 <analysismc_cuts.pdf, id=1, 381.425pt x 103.38625pt>
File: analysismc_cuts.pdf Graphic file (type pdf)

<use analysismc_cuts.pdf> [1

{/usr/share/texmf/dvips/config/pdftex.map} <./analysismc_cuts.pdf>] [2] [3] <de
cayplot_glue.pdf, id=37, 499.8675pt x 220.825pt>
File: decayplot_glue.pdf Graphic file (type pdf)

<use decayplot_glue.pdf>
Overfull \hbox (2.31987pt too wide) in paragraph at lines 131--147
[][] 
 []

[4 <./decayplot_glue.pdf>]
<decayplot_ggpho.pdf, id=47, 499.8675pt x 220.825pt>
File: decayplot_ggpho.pdf Graphic file (type pdf)
 <use decayplot_ggpho.pdf>
Overfull \hbox (2.31987pt too wide) in paragraph at lines 171--187
[][] 
 []

[5 <./decayplot_ggpho.pdf>] <decayplot_ee.pdf, id=57, 499.8675pt x 220.825pt>
File: decayplot_ee.pdf Graphic file (type pdf)

<use decayplot_ee.pdf>
Overfull \hbox (2.31987pt too wide) in paragraph at lines 211--227
[][] 
 []

[6 <./decayplot_ee.pdf>] <decayplot_mumu.pdf, id=67, 499.8675pt x 220.825pt>
File: decayplot_mumu.pdf Graphic file (type pdf)

<use decayplot_mumu.pdf>
Overfull \hbox (2.31987pt too wide) in paragraph at lines 251--267
[][] 
 []

[7 <./decayplot_mumu.pdf>]
<decayplot_tautau.pdf, id=78, 499.8675pt x 220.825pt>
File: decayplot_tautau.pdf Graphic file (type pdf)

<use decayplot_tautau.pdf>
Overfull \hbox (2.31987pt too wide) in paragraph at lines 291--307
[][] 
 []

[8 <./decayplot_tautau.pdf>]
<decayplot_taushape.pdf, id=88, 499.8675pt x 220.825pt>
File: decayplot_taushape.pdf Graphic file (type pdf)

<use decayplot_taushape.pdf>
Overfull \hbox (2.31987pt too wide) in paragraph at lines 331--347
[][] 
 []

[9 <./decayplot_taushape.pdf>] [10] (./decayplots.aux) ) 
Here is how much of TeX's memory you used:
 1021 strings out of 50453
 12740 string characters out of 688420
 66025 words of memory out of 1500001
 4054 multiletter control sequences out of 10000+25000
 5199 words of font info for 19 fonts, out of 400000 for 1000
 14 hyphenation exceptions out of 10000
 25i,20n,21p,201b,346s stack positions out of 3000i,500n,3000p,50000b,5000s
</usr/share/texmf/fonts
/type1/bluesky/cm/cmr9.pfb></usr/share/texmf/fonts/type1/bluesky/cm/cmex10.pfb>
</usr/share/texmf/fonts/type1/bluesky/cm/cmmi10.pfb></usr/share/texmf/fonts/typ
e1/bluesky/cm/cmti12.pfb></usr/share/texmf/fonts/type1/bluesky/cm/cmsy10.pfb></
usr/share/texmf/fonts/type1/bluesky/cm/cmr10.pfb></usr/share/texmf/fonts/type1/
bluesky/cm/cmmi12.pfb></usr/share/texmf/fonts/type1/bluesky/cm/cmr12.pfb>
Output written on decayplots.pdf (10 pages, 163843 bytes).
