This is pdfTeX, Version 3.14159-14h-released-20010417 (Web2C 7.3.3.1) (format=pdflatex 2003.2.18)  14 JUN 2004 19:01
**fortriggerpeople.tex
(./fortriggerpeople.tex{/usr/share/texmf/pdftex/config/pdftex.cfg}
LaTeX2e <2001/06/01>
Babel <v3.7h> and hyphenation patterns for american, french, german, ngerman, i
talian, nohyphenation, loaded.
(/usr/share/texmf/tex/latex/base/article.cls
Document Class: article 2001/04/21 v1.4e Standard LaTeX document class
(/usr/share/texmf/tex/latex/base/size10.clo
File: size10.clo 2001/04/21 v1.4e Standard LaTeX file (size option)
)
\c@part=\count79
\c@section=\count80
\c@subsection=\count81
\c@subsubsection=\count82
\c@paragraph=\count83
\c@subparagraph=\count84
\c@figure=\count85
\c@table=\count86
\abovecaptionskip=\skip41
\belowcaptionskip=\skip42
\bibindent=\dimen102
)
(/usr/share/texmf/tex/latex/graphics/graphicx.sty
Package: graphicx 1999/02/16 v1.0f Enhanced LaTeX Graphics (DPC,SPQR)

(/usr/share/texmf/tex/latex/graphics/keyval.sty
Package: keyval 1999/03/16 v1.13 key=value parser (DPC)
\KV@toks@=\toks14
)
(/usr/share/texmf/tex/latex/graphics/graphics.sty
Package: graphics 2001/07/07 v1.0n Standard LaTeX Graphics (DPC,SPQR)

(/usr/share/texmf/tex/latex/graphics/trig.sty
Package: trig 1999/03/16 v1.09 sin cos tan (DPC)
)
(/usr/share/texmf/tex/latex/config/graphics.cfg)
Package graphics Info: Driver file: pdftex.def on input line 80.

(/usr/share/texmf/tex/latex/graphics/pdftex.def
File: pdftex.def 2001/11/29 v0.03i graphics/color for pdftex
\Gread@gobject=\count87
))
\Gin@req@height=\dimen103
\Gin@req@width=\dimen104
)
(/usr/share/texmf/tex/latex/graphics/color.sty
Package: color 1999/02/16 v1.0i Standard LaTeX Color (DPC)

(/usr/share/texmf/tex/latex/config/color.cfg)
Package color Info: Driver file: pdftex.def on input line 125.
) (./fortriggerpeople.aux)
\openout1 = `fortriggerpeople.aux'.

LaTeX Font Info:    Checking defaults for OML/cmm/m/it on input line 10.
LaTeX Font Info:    ... okay on input line 10.
LaTeX Font Info:    Checking defaults for T1/cmr/m/n on input line 10.
LaTeX Font Info:    ... okay on input line 10.
LaTeX Font Info:    Checking defaults for OT1/cmr/m/n on input line 10.
LaTeX Font Info:    ... okay on input line 10.
LaTeX Font Info:    Checking defaults for OMS/cmsy/m/n on input line 10.
LaTeX Font Info:    ... okay on input line 10.
LaTeX Font Info:    Checking defaults for OMX/cmex/m/n on input line 10.
LaTeX Font Info:    ... okay on input line 10.
LaTeX Font Info:    Checking defaults for U/cmr/m/n on input line 10.
LaTeX Font Info:    ... okay on input line 10.

(/usr/share/texmf/tex/context/base/supp-pdf.tex
(/usr/share/texmf/tex/context/base/supp-mis.tex
loading : Context Support Macros / Missing
\protectiondepth=\count88
\scratchcounter=\count89
\scratchtoks=\toks15
\scratchdimen=\dimen105
\scratchskip=\skip43
\scratchmuskip=\muskip10
\scratchbox=\box26
\scratchread=\read1
\scratchwrite=\write3
\zeropoint=\dimen106
\nextbox=\box27
\nextdepth=\dimen107
\everyline=\toks16
\!!counta=\count90
\!!countb=\count91
\recursecounter=\count92
)
loading : Context Support Macros / PDF
\nofMPsegments=\count93
\nofMParguments=\count94
\everyMPtoPDFconversion=\toks17
)
LaTeX Font Info:    External font `cmex10' loaded for size
(Font)              <14.4> on input line 25.
LaTeX Font Info:    External font `cmex10' loaded for size
(Font)              <7> on input line 25.
 <tr2_nether_eltrack.pdf, id=1, 569.12625pt x 569.12625pt>
File: tr2_nether_eltrack.pdf Graphic file (type pdf)

<use tr2_nether_eltrack.pdf>
Underfull \hbox (badness 1701) in paragraph at lines 50--50
[]/cmr12@14.4pt/This is a trig-ger mal-func-tion I
 []


Overfull \hbox (23.99998pt too wide) in paragraph at lines 25--52
[][] 
 []

[1

{/usr/share/texmf/dvips/config/pdftex.map} <./tr2_nether_eltrack.pdf>]
</cdat/dafe/mccann/acceptance/wierd_trigger_3.pdf, id=14, 361.35pt x 252.945pt>
File: /cdat/dafe/mccann/acceptance/wierd_trigger_3.pdf Graphic file (type pdf)
<use /cdat/dafe/mccann/acceptance/wierd_trigger_3.pdf>
</cdat/dafe/mccann/acceptance/wierd_trigger_3lumi.pdf, id=15, 361.35pt x 252.94
5pt>
File: /cdat/dafe/mccann/acceptance/wierd_trigger_3lumi.pdf Graphic file (type p
df)
 <use /cdat/dafe/mccann/acceptance/wierd_trigger_3lumi.pdf>
Overfull \hbox (151.48549pt too wide) in paragraph at lines 87--87
[][] 
 []

[2 </cdat/dafe/mccann/acceptance/wierd_trigger_3.pdf> </cdat/dafe/mccann/accept
ance/wierd_trigger_3lumi.pdf>] (./fortriggerpeople.aux) ) 
Here is how much of TeX's memory you used:
 903 strings out of 50453
 11441 string characters out of 688420
 61465 words of memory out of 1500001
 3947 multiletter control sequences out of 10000+25000
 4852 words of font info for 18 fonts, out of 400000 for 1000
 14 hyphenation exceptions out of 10000
 25i,19n,21p,211b,409s stack positions out of 3000i,500n,3000p,50000b,5000s
</usr/share/texmf/font
s/type1/bluesky/cm/cmr10.pfb></usr/share/texmf/fonts/type1/bluesky/cm/cmsy10.pf
b></usr/share/texmf/fonts/type1/bluesky/cm/cmr12.pfb></usr/share/texmf/fonts/ty
pe1/bluesky/cm/cmr17.pfb>
Output written on fortriggerpeople.pdf (2 pages, 152445 bytes).
