error opening 122091: No such file or directory
error opening 122133: No such file or directory
error opening 122430: No such file or directory
error opening 122832: No such file or directory
error opening 123817: No such file or directory
error opening 123853: No such file or directory
error opening 124684: No such file or directory
error opening 125176: No such file or directory
error opening 126488: No such file or directory
error opening 126870: No such file or directory
error opening 129572: No such file or directory
error opening 130427: No such file or directory
Submitting 122091.
Submitting 122133.
Submitting 122430.
Submitting 122832.
Submitting 123817.
Submitting 123853.
Submitting 124684.
Submitting 125176.
Submitting 126488.
Submitting 126870.
Submitting 129572.
Submitting 130427.
your job 504831 ("id122091.run") has been submitted
your job 504832 ("id122133.run") has been submitted
your job 504833 ("id122430.run") has been submitted
your job 504834 ("id122832.run") has been submitted
your job 504835 ("id123817.run") has been submitted
your job 504836 ("id123853.run") has been submitted
your job 504837 ("id124684.run") has been submitted
your job 504838 ("id125176.run") has been submitted
your job 506640 ("id122091.run") has been submitted
your job 506641 ("id122133.run") has been submitted
your job 506642 ("id122430.run") has been submitted
your job 506643 ("id122832.run") has been submitted
your job 506644 ("id123817.run") has been submitted
your job 506645 ("id123853.run") has been submitted
your job 506646 ("id124684.run") has been submitted
your job 506647 ("id125176.run") has been submitted
Submitting 122091.
Submitting 122133.
Submitting 122430.
Submitting 122832.
Submitting 123817.
Submitting 123853.
Submitting 124684.
Submitting 125176.
Waiting 300 seconds...
Waiting 300 seconds...
Waiting 300 seconds...
Waiting 300 seconds...
Waiting 300 seconds...
Waiting 300 seconds...
Waiting 300 seconds...
Waiting 300 seconds...
Waiting 300 seconds...
Waiting 300 seconds...
Waiting 300 seconds...
Waiting 300 seconds...
Waiting 300 seconds...
Waiting 300 seconds...
Waiting 300 seconds...
Waiting 300 seconds...
Waiting 300 seconds...
Waiting 300 seconds...
Waiting 300 seconds...
Waiting 300 seconds...
Waiting 300 seconds...
Waiting 300 seconds...
Waiting 300 seconds...
Waiting 300 seconds...
Waiting 300 seconds...
Waiting 300 seconds...
Waiting 300 seconds...
Waiting 300 seconds...
Waiting 300 seconds...
Waiting 300 seconds...
Waiting 300 seconds...
Waiting 300 seconds...
Waiting 300 seconds...
Waiting 300 seconds...
Waiting 300 seconds...
Waiting 300 seconds...
Waiting 300 seconds...
Waiting 300 seconds...
Waiting 300 seconds...
Waiting 300 seconds...
Waiting 300 seconds...
Waiting 300 seconds...
Waiting 300 seconds...
Waiting 300 seconds...
Waiting 300 seconds...
Waiting 300 seconds...
Waiting 300 seconds...
Waiting 300 seconds...
Waiting 300 seconds...
Waiting 300 seconds...
Waiting 300 seconds...
Waiting 300 seconds...
Waiting 300 seconds...
Waiting 300 seconds...
Waiting 300 seconds...
Waiting 300 seconds...
Waiting 300 seconds...
Waiting 300 seconds...
Waiting 300 seconds...
Waiting 300 seconds...
Waiting 300 seconds...
Waiting 300 seconds...
Waiting 300 seconds...
Waiting 300 seconds...
Waiting 300 seconds...
Waiting 300 seconds...
Waiting 300 seconds...
Waiting 300 seconds...
Waiting 300 seconds...
Waiting 300 seconds...
Waiting 300 seconds...
Waiting 300 seconds...
Waiting 300 seconds...
Waiting 300 seconds...
Waiting 300 seconds...
Waiting 300 seconds...
Waiting 300 seconds...
Waiting 300 seconds...
Waiting 300 seconds...
Waiting 300 seconds...
Waiting 300 seconds...
Waiting 300 seconds...
Waiting 300 seconds...
Waiting 300 seconds...
Waiting 300 seconds...
Waiting 300 seconds...
Waiting 300 seconds...
Waiting 300 seconds...
Waiting 300 seconds...
Waiting 300 seconds...
Waiting 300 seconds...
Waiting 300 seconds...
Waiting 300 seconds...
Waiting 300 seconds...
Waiting 300 seconds...
Waiting 300 seconds...
Waiting 300 seconds...
Waiting 300 seconds...
Waiting 300 seconds...
Waiting 300 seconds...
Waiting 300 seconds...
Waiting 300 seconds...
Waiting 300 seconds...
Waiting 300 seconds...
Waiting 300 seconds...
Waiting 300 seconds...
Waiting 300 seconds...
Waiting 300 seconds...
Waiting 300 seconds...
Waiting 300 seconds...
Waiting 300 seconds...
Waiting 300 seconds...
Waiting 300 seconds...
Waiting 300 seconds...
Waiting 300 seconds...
Waiting 300 seconds...
Waiting 300 seconds...
Waiting 300 seconds...
Waiting 300 seconds...
Waiting 300 seconds...
Waiting 300 seconds...
Waiting 300 seconds...
Waiting 300 seconds...
Waiting 300 seconds...
Waiting 300 seconds...
Waiting 300 seconds...
Waiting 300 seconds...
Waiting 300 seconds...
Waiting 300 seconds...
Waiting 300 seconds...
Waiting 300 seconds...
Waiting 300 seconds...
Waiting 300 seconds...
Waiting 300 seconds...
Waiting 300 seconds...
Waiting 300 seconds...
Waiting 300 seconds...
Waiting 300 seconds...
Waiting 300 seconds...
Waiting 300 seconds...
Waiting 300 seconds...
Waiting 300 seconds...
Waiting 300 seconds...
Waiting 300 seconds...
Waiting 300 seconds...
Waiting 300 seconds...
Waiting 300 seconds...
Waiting 300 seconds...
Waiting 300 seconds...
Waiting 300 seconds...
Waiting 300 seconds...
Waiting 300 seconds...
Waiting 300 seconds...
Waiting 300 seconds...
Waiting 300 seconds...
Waiting 300 seconds...
Waiting 300 seconds...
Waiting 300 seconds...
Waiting 300 seconds...
Waiting 300 seconds...
Waiting 300 seconds...
Waiting 300 seconds...
Waiting 300 seconds...
Waiting 300 seconds...
Waiting 300 seconds...
Waiting 300 seconds...
Waiting 300 seconds...
Waiting 300 seconds...
Waiting 300 seconds...
Waiting 300 seconds...
Waiting 300 seconds...
Waiting 300 seconds...
Waiting 300 seconds...
Waiting 300 seconds...
Waiting 300 seconds...
Waiting 300 seconds...
Waiting 300 seconds...
Waiting 300 seconds...
Waiting 300 seconds...
Waiting 300 seconds...
Waiting 300 seconds...
Waiting 300 seconds...
Waiting 300 seconds...
Waiting 300 seconds...
Waiting 300 seconds...
Waiting 300 seconds...
Waiting 300 seconds...
Waiting 300 seconds...
Waiting 300 seconds...
Waiting 300 seconds...
Waiting 300 seconds...
Waiting 300 seconds...
Waiting 300 seconds...
Waiting 300 seconds...
Waiting 300 seconds...
Waiting 300 seconds...
Waiting 300 seconds...
Waiting 300 seconds...
Waiting 300 seconds...
Waiting 300 seconds...
Waiting 300 seconds...
Waiting 300 seconds...
Waiting 300 seconds...
Waiting 300 seconds...
Waiting 300 seconds...
Waiting 300 seconds...
Waiting 300 seconds...
Waiting 300 seconds...
Waiting 300 seconds...
Waiting 300 seconds...
Waiting 300 seconds...
Waiting 300 seconds...
Waiting 300 seconds...
Waiting 300 seconds...
Waiting 300 seconds...
Waiting 300 seconds...
Waiting 300 seconds...
Waiting 300 seconds...
Waiting 300 seconds...
Waiting 300 seconds...
Waiting 300 seconds...
Waiting 300 seconds...
Waiting 300 seconds...
Waiting 300 seconds...
Waiting 300 seconds...
Waiting 300 seconds...
Waiting 300 seconds...
Waiting 300 seconds...
Waiting 300 seconds...
Waiting 300 seconds...
Waiting 300 seconds...
Waiting 300 seconds...
Waiting 300 seconds...
Waiting 300 seconds...
Waiting 300 seconds...
Waiting 300 seconds...
Waiting 300 seconds...
Waiting 300 seconds...
Waiting 300 seconds...
Waiting 300 seconds...
Waiting 300 seconds...
Waiting 300 seconds...
Waiting 300 seconds...
Waiting 300 seconds...
Waiting 300 seconds...
Waiting 300 seconds...
Waiting 300 seconds...
Waiting 300 seconds...
Waiting 300 seconds...
Waiting 300 seconds...
Waiting 300 seconds...
Waiting 300 seconds...
Waiting 300 seconds...
Waiting 300 seconds...
Waiting 300 seconds...
Waiting 300 seconds...
Waiting 300 seconds...
Waiting 300 seconds...
Waiting 300 seconds...
Waiting 300 seconds...
Waiting 300 seconds...
Waiting 300 seconds...
Waiting 300 seconds...
Waiting 300 seconds...
Waiting 300 seconds...
Waiting 300 seconds...
Waiting 300 seconds...
Waiting 300 seconds...
Waiting 300 seconds...
Waiting 300 seconds...
Waiting 300 seconds...
Waiting 300 seconds...
Waiting 300 seconds...
Waiting 300 seconds...
Waiting 300 seconds...
Waiting 300 seconds...
Waiting 300 seconds...
Waiting 300 seconds...
Waiting 300 seconds...
Waiting 300 seconds...
Waiting 300 seconds...
Waiting 300 seconds...
Waiting 300 seconds...
Waiting 300 seconds...
Waiting 300 seconds...
Waiting 300 seconds...
Waiting 300 seconds...
Waiting 300 seconds...
Waiting 300 seconds...
Waiting 300 seconds...
Waiting 300 seconds...
Waiting 300 seconds...
Waiting 300 seconds...
Waiting 300 seconds...
Waiting 300 seconds...
Waiting 300 seconds...
Waiting 300 seconds...
Waiting 300 seconds...
Waiting 300 seconds...
Waiting 300 seconds...
Waiting 300 seconds...
Waiting 300 seconds...
Waiting 300 seconds...
Waiting 300 seconds...
Waiting 300 seconds...
Waiting 300 seconds...
Waiting 300 seconds...
Waiting 300 seconds...
Waiting 300 seconds...
Waiting 300 seconds...
Waiting 300 seconds...
Waiting 300 seconds...
Waiting 300 seconds...
Waiting 300 seconds...
Waiting 300 seconds...
Waiting 300 seconds...
Waiting 300 seconds...
Waiting 300 seconds...
Waiting 300 seconds...
Waiting 300 seconds...
Waiting 300 seconds...
Waiting 300 seconds...
Waiting 300 seconds...
Waiting 300 seconds...
Waiting 300 seconds...
Waiting 300 seconds...
Waiting 300 seconds...
Waiting 300 seconds...
Waiting 300 seconds...
Waiting 300 seconds...
Waiting 300 seconds...
Waiting 300 seconds...
Waiting 300 seconds...
Waiting 300 seconds...
Waiting 300 seconds...
Waiting 300 seconds...
Waiting 300 seconds...
Waiting 300 seconds...
Waiting 300 seconds...
Waiting 300 seconds...
Waiting 300 seconds...
Waiting 300 seconds...
Waiting 300 seconds...
Waiting 300 seconds...
Waiting 300 seconds...
Waiting 300 seconds...
Waiting 300 seconds...
Waiting 300 seconds...
Waiting 300 seconds...
Waiting 300 syour job 508991 ("id126488.run") has been submitted
your job 509002 ("id126870.run") has been submitted
your job 509213 ("id129572.run") has been submitted
your job 509220 ("id130427.run") has been submitted
your job 509221 ("id121969.run") has been submitted
your job 509222 ("id122634.run") has been submitted
your job 509224 ("id122808.run") has been submitted
your job 509225 ("id123013.run") has been submitted
your job 509234 ("id123592.run") has been submitted
your job 509235 ("id123638.run") has been submitted
your job 509236 ("id124708.run") has been submitted
your job 509237 ("id126521.run") has been submitted
your job 509238 ("id126531.run") has been submitted
your job 509239 ("id126906.run") has been submitted
your job 509240 ("id127318.run") has been submitted
your job 509243 ("id127418.run") has been submitted
your job 509244 ("id127955.run") has been submitted
your job 509245 ("id129674.run") has been submitted
your job 509246 ("id129850.run") has been submitted
your job 509247 ("id130268.run") has been submitted
your job 509255 ("id130316.run") has been submitted
econds...
Waiting 300 seconds...
Waiting 300 seconds...
Waiting 300 seconds...
Waiting 300 seconds...
Waiting 300 seconds...
Waiting 300 seconds...
Waiting 300 seconds...
Waiting 300 seconds...
Waiting 300 seconds...
Waiting 300 seconds...
Waiting 300 seconds...
Waiting 300 seconds...
Waiting 300 seconds...
Waiting 300 seconds...
Waiting 300 seconds...
Waiting 300 seconds...
Waiting 300 seconds...
Waiting 300 seconds...
Waiting 300 seconds...
Waiting 300 seconds...
Waiting 300 seconds...
Waiting 300 seconds...
Waiting 300 seconds...
Waiting 300 seconds...
Waiting 300 seconds...
Waiting 300 seconds...
Waiting 300 seconds...
Waiting 300 seconds...
Waiting 300 seconds...
Waiting 300 seconds...
Waiting 300 seconds...
Waiting 300 seconds...
Waiting 300 seconds...
Waiting 300 seconds...
Waiting 300 seconds...
Waiting 300 seconds...
Waiting 300 seconds...
Waiting 300 seconds...
Waiting 300 seconds...
Waiting 300 seconds...
Waiting 300 seconds...
Waiting 300 seconds...
Waiting 300 seconds...
Waiting 300 seconds...
Waiting 300 seconds...
Waiting 300 seconds...
Waiting 300 seconds...
Waiting 300 seconds...
Waiting 300 seconds...
Waiting 300 seconds...
Waiting 300 seconds...
Waiting 300 seconds...
Waiting 300 seconds...
Waiting 300 seconds...
Waiting 300 seconds...
Waiting 300 seconds...
Waiting 300 seconds...
Waiting 300 seconds...
Waiting 300 seconds...
Waiting 300 seconds...
Waiting 300 seconds...
Waiting 300 seconds...
Waiting 300 seconds...
Waiting 300 seconds...
Waiting 300 seconds...
Waiting 300 seconds...
Waiting 300 seconds...
Waiting 300 seconds...
Waiting 300 seconds...
Waiting 300 seconds...
Submitting 126488.
Waiting 300 seconds...
Submitting 126870.
Waiting 300 seconds...
Waiting 300 seconds...
Waiting 300 seconds...
Waiting 300 seconds...
Waiting 300 seconds...
Waiting 300 seconds...
Waiting 300 seconds...
Waiting 300 seconds...
Waiting 300 seconds...
Waiting 300 seconds...
Waiting 300 seconds...
Waiting 300 seconds...
Waiting 300 seconds...
Waiting 300 seconds...
Waiting 300 seconds...
Waiting 300 seconds...
Waiting 300 seconds...
Waiting 300 seconds...
Waiting 300 seconds...
Waiting 300 seconds...
Waiting 300 seconds...
Waiting 300 seconds...
Waiting 300 seconds...
Waiting 300 seconds...
Waiting 300 seconds...
Waiting 300 seconds...
Waiting 300 seconds...
Waiting 300 seconds...
Waiting 300 seconds...
Submitting 129572.
Waiting 300 seconds...
Submitting 130427.
Submitting 121969.
Submitting 122634.
Submitting 122808.
Submitting 123013.
Waiting 300 seconds...
Submitting 123592.
Submitting 123638.
Submitting 124708.
Submitting 126521.
Submitting 126531.
Submitting 126906.
Submitting 127318.
Waiting 300 seconds...
Submitting 127418.
Submitting 127955.
Submitting 129674.
Submitting 129850.
Submitting 130268.
Waiting 300 seconds...
Submitting 130316.
your job 513769 ("id126785.run") has been submitted
your job 513770 ("id126828.run") has been submitted
your job 513771 ("id126920.run") has been submitted
your job 513772 ("id126922.run") has been submitted
your job 513773 ("id127014.run") has been submitted
your job 513774 ("id128706.run") has been submitted
your job 513775 ("id128736.run") has been submitted
your job 513776 ("id128741.run") has been submitted
your job 514193 ("id128746.run") has been submitted
your job 514199 ("id128748.run") has been submitted
your job 514325 ("id126785.run") has been submitted
your job 514326 ("id126828.run") has been submitted
your job 514327 ("id126920.run") has been submitted
your job 514328 ("id126922.run") has been submitted
your job 514329 ("id127014.run") has been submitted
your job 514330 ("id128706.run") has been submitted
your job 514331 ("id128736.run") has been submitted
your job 514332 ("id128741.run") has been submitted
your job 514417 ("id128746.run") has been submitted
your job 514427 ("id128748.run") has been submitted
your job 514484 ("id128750.run") has been submitted
your job 514487 ("id128751.run") has been submitted
Submitting 126785.
Submitting 126828.
Submitting 126920.
Submitting 126922.
Submitting 127014.
Submitting 128706.
Submitting 128736.
Submitting 128741.
Waiting 300 seconds...
Waiting 300 seconds...
Waiting 300 seconds...
Waiting 300 seconds...
Waiting 300 seconds...
Waiting 300 seconds...
Waiting 300 seconds...
Waiting 300 seconds...
Waiting 300 seconds...
Waiting 300 seconds...
Waiting 300 seconds...
Waiting 300 seconds...
Waiting 300 seconds...
Waiting 300 seconds...
Waiting 300 seconds...
Waiting 300 seconds...
Waiting 300 seconds...
Waiting 300 seconds...
Waiting 300 seconds...
Waiting 300 seconds...
Waiting 300 seconds...
Waiting 300 seconds...
Waiting 300 seconds...
Waiting 300 seconds...
Waiting 300 seconds...
Waiting 300 seconds...
Waiting 300 seconds...
Waiting 300 seconds...
Waiting 300 seconds...
Waiting 300 seconds...
Waiting 300 seconds...
Waiting 300 seconds...
Waiting 300 seconds...
Waiting 300 seconds...
Waiting 300 seconds...
Submitting 128746.
Waiting 300 seconds...
Waiting 300 seconds...
Waiting 300 seconds...
Waiting 300 seconds...
Waiting 300 seconds...
Waiting 300 seconds...
Waiting 300 seconds...
Waiting 300 seconds...
Submitting 128748.
Waiting 300 seconds...
Waiting 300 seconds...
Waiting 300 seconds...
Waiting 300 seconds...
Waiting 300 seconds...
Waiting 300 seconds...
Waiting 300 seconds...
Waiting 300 seconds...
Waiting 300 seconds...
Waiting 300 seconds...
Waiting 300 seconds...
Waiting 300 seconds...
Waiting 300 seconds...
Waiting 300 seconds...
Waiting 300 seconds...
Waiting 300 seconds...
Waiting 300 seconds...
Waiting 300 seconds...
Waiting 300 seconds...
Waiting 300 seconds...
Waiting 300 seconds...
Submitting 128750.
Waiting 300 seconds...
Submitting 128751.
your job 514591 ("id122091.run") has been submitted
your job 514592 ("id122133.run") has been submitted
your job 514593 ("id122430.run") has been submitted
your job 514594 ("id122832.run") has been submitted
your job 514595 ("id123817.run") has been submitted
your job 514596 ("id123853.run") has been submitted
your job 514597 ("id124684.run") has been submitted
your job 514598 ("db122091.run") has been submitted
your job 514599 ("db122133.run") has been submitted
your job 514600 ("db122430.run") has been submitted
your job 514601 ("db122832.run") has been submitted
your job 514602 ("db123817.run") has been submitted
your job 514603 ("db123853.run") has been submitted
your job 514604 ("db124684.run") has been submitted
your job 514605 ("db125176.run") has been submitted
your job 514606 ("db126488.run") has been submitted
your job 514607 ("db126870.run") has been submitted
your job 514608 ("db129572.run") has been submitted
your job 514609 ("db130427.run") has been submitted
your job 514610 ("db121969.run") has been submitted
your job 514611 ("db122634.run") has been submitted
your job 514612 ("db122808.run") has been submitted
your job 514613 ("db123013.run") has been submitted
your job 514614 ("db123592.run") has been submitted
your job 514615 ("db123638.run") has been submitted
your job 514616 ("db124708.run") has been submitted
your job 514617 ("db126521.run") has been submitted
your job 514618 ("db126531.run") has been submitted
your job 514619 ("db126906.run") has been submitted
your job 514620 ("db127318.run") has been submitted
your job 514621 ("db127418.run") has been submitted
your job 514622 ("db127955.run") has been submitted
your job 514623 ("db129674.run") has been submitted
your job 514624 ("db129850.run") has been submitted
your job 514625 ("db130268.run") has been submitted
your job 514626 ("db130316.run") has been submitted
Submitting 122091.
Submitting 122133.
Submitting 122430.
Submitting 122832.
Submitting 123817.
Submitting 123853.
Submitting 124684.
Submitting 125176.
Submitting 126488.
Submitting 126870.
Submitting 129572.
Submitting 130427.
Submitting 121969.
Submitting 122634.
Submitting 122808.
Submitting 123013.
Submitting 123592.
Submitting 123638.
Submitting 124708.
Submitting 126521.
Submitting 126531.
Submitting 126906.
Submitting 127318.
Submitting 127418.
Submitting 127955.
Submitting 129674.
Submitting 129850.
Submitting 130268.
Submitting 130316.
your job 515146 ("id125176.run") has been submitted
your job 515270 ("id126488.run") has been submitted
your job 515319 ("id126870.run") has been submitted
your job 515321 ("id129572.run") has been submitted
your job 515336 ("id130427.run") has been submitted
your job 515347 ("id121969.run") has been submitted
your job 515348 ("id122634.run") has been submitted
your job 515425 ("id122808.run") has been submitted
your job 515457 ("id123013.run") has been submitted
your job 515458 ("id123592.run") has been submitted
your job 515675 ("id122091.run") has been submitted
your job 515676 ("id122133.run") has been submitted
your job 515677 ("id122430.run") has been submitted
your job 515678 ("id122832.run") has been submitted
your job 515679 ("id123817.run") has been submitted
your job 515680 ("id123853.run") has been submitted
your job 515681 ("id124684.run") has been submitted
your job 515682 ("id125176.run") has been submitted
Submitting 122091.
Submitting 122133.
Submitting 122430.
Submitting 122832.
Submitting 123817.
Submitting 123853.
Submitting 124684.
Submitting 125176.
Waiting 300 seconds...
Waiting 300 seconds...
Waiting 300 seconds...
Waiting 300 seconds...
Waiting 300 seconds...
Waiting 300 seconds...
Waiting 300 seconds...
Waiting 300 seconds...
Waiting 300 seconds...
Waiting 300 seconds...
Waiting 300 seconds...
Waiting 300 seconds...
Waiting 300 seconds...
Waiting 300 seconds...
Waiting 300 seconds...
Waiting 300 seconds...
Waiting 300 seconds...
Waiting 300 seconds...
Waiting 300 seconds...
Waiting 300 seconds...
Waiting 300 seconds...
Waiting 300 seconds...
Waiting 300 seconds...
Waiting 300 seconds...
Waiting 300 seconds...
Waiting 300 seconds...
Waiting 300 seconds...
Waiting 300 seconds...
Waiting 300 seconds...
Waiting 300 seconds...
Waiting 300 seconds...
Waiting 300 seconds...
Waiting 300 seconds...
Waiting 300 seconds...
Waiting 300 seconds...
Waiting 300 seconds...
Waiting 300 seconds...
Waiting 300 seconds...
Waiting 300 seconds...
Waiting 300 seconds...
Waiting 300 seconds...
Waiting 300 seconds...
Waiting 300 seconds...
Waiting 300 seconds...
Waiting 300 seconds...
Waiting 300 seconds...
Waiting 300 seconds...
Waiting 300 seconds...
Waiting 300 seconds...
Waiting 300 seconds...
Waiting 300 seconds...
Waiting 300 seconds...
Waiting 300 seconds...
Waiting 300 seconds...
Waiting 300 seconds...
Waiting 300 seconds...
Waiting 300 seconds...
Waiting 300 seconds...
Waiting 300 seconds...
Waiting 300 seconds...
Waiting 300 seconds...
Waiting 300 seconds...
Waiting 300 seconds...
Waiting 300 seconds...
Waiting 300 seconds...
Waiting 300 seconds...
Waiting 300 seconds...
Waiting 300 seconds...
Waiting 300 seconds...
Waiting 300 seconds...
Waiting 300 seconds...
Waiting 300 seconds...
Waiting 300 seconds...
Waiting 300 seconds...
Waiting 300 seconds...
Waiting 300 seconds...
Waiting 300 seconds...
Waiting 300 seconds...
Waiting 300 seconds...
Waiting 300 seconds...
Waiting 300 seconds...
Waiting 300 seconds...
Waiting 300 seconds...
Waiting 300 seconds...
Waiting 300 seconds...
Waiting 300 seconds...
Waiting 300 seconds...
Waiting 300 seconds...
Waiting 300 seconds...
Waiting 300 seconds...
Waiting 300 seconds...
Waiting 300 seconds...
Waiting 300 seconds...
Waiting 300 seconds...
Waiting 300 seconds...
Waiting 300 seconds...
Waiting 300 seconds...
Waiting 300 seconds...
Waiting 300 seconds...
Waiting 300 seconds...
Waiting 300 seconds...
Waiting 300 seconds...
Waiting 300 seconds...
Waiting 300 seconds...
Waiting 300 seconds...
Waiting 300 seconds...
Waiting 300 seconds...
Waiting 300 seconds...
Waiting 300 seconds...
Waiting 300 seconds...
Waiting 300 seconds...
Waiting 300 seconds...
Waiting 300 seconds...
Waiting 300 seconds...
Waiting 300 seconds...
Waiting 300 seconds...
Waiting 300 seconds...
Waiting 300 seconds...
Waiting 300 seconds...
Waiting 300 seconds...
Waiting 300 seconds...
Waiting 300 seconds...
Waiting 300 seconds...
Waiting 300 seconds...
Waiting 300 seconds...
Waiting 300 seconds...
Waiting 300 seconds...
Waiting 300 seconds...
Waiting 300 seconds...
Waiting 300 seconds...
Waiting 300 seconds...
Waiting 300 seconds...
Waiting 300 seconds...
Waiting 300 seconds...
Waiting 300 seconds...
Waiting 300 seconds...
Waiting 300 seconds...
Waiting 300 seconds...
Waiting 300 seconds...
Waiting 300 seconds...
Waiting 300 seconds...
Waiting 300 seconds...
Waiting 300 seconds...
Waiting 300 seconds...
Waiting 300 seconds...
Waiting 300 seconds...
Waiting 300 seconds...
Waiting 300 seconds...
Waiting 300 seconds...
Waiting 300 seconds...
Waiting 300 seconds...
Waiting 300 seconds...
Waiting 300 seconds...
Waiting 300 seconds...
Waiting 300 seconds...
Waiting 300 seconds...
Waiting 300 seconds...
Waiting 300 seconds...
Waiting 300 seconds...
Waiting 300 seconds...
Waiting 300 seconds...
Waiting 300 seconds...
Waiting 300 seconds...
Waiting 300 seconds...
Waiting 300 seconds...
Waiting 300 seconds...
Waiting 300 seconds...
Waiting 300 seconds...
Waiting 300 seconds...
Waiting 300 seconds...
Waiting 300 seconds...
Waiting 300 seconds...
Waiting 300 seconds...
Waiting 300 seconds...
Waiting 300 seconds...
Waiting 300 seconds...
Waiting 300 seconds...
Waiting 300 seconds...
Waiting 300 seconds...
Waiting 300 seconds...
Waiting 300 seconds...
Waiting 300 seconds...
Waiting 300 seconds...
Waiting 300 seconds...
Waiting 300 seconds...
Waiting 300 seconds...
Waiting 300 seconds...
Waiting 300 seconds...
Waiting 300 seconds...
Waiting 300 seconds...
Waiting 300 seconds...
Waiting 300 seconds...
Waiting 300 seconds...
Waiting 300 seconds...
Waiting 300 seconds...
Waiting 300 seconds...
Waiting 300 seconds...
Waiting 300 seconds...
Waiting 300 seconds...
Waiting 300 seconds...
Waiting 300 seconds...
Waiting 300 seconds...
Waiting 300 seconds...
Waiting 300 seconds...
Waiting 300 seconds...
Waiting 300 seconds...
Waiting 300 seconds...
Waiting 300 seconds...
Waiting 300 seconds...
Waiting 300 seconds...
Waiting 300 seconds...
Waiting 300 seconds...
Waiting 300 seconds...
Waiting 300 seconds...
Waiting 300 seconds...
Waiting 300 seconds...
Waiting 300 seconds...
Waiting 300 seconds...
Waiting 300 seconds...
Waiting 300 seconds...
Waiting 300 seconds...
Waiting 300 seconds...
Waiting 300 seconds...
Waiting 300 seconds...
Waiting 300 seconds...
Waiting 300 seconds...
Waiting 300 seconds...
Waiting 300 seconds...
Waiting 300 seconds...
Waiting 300 seconds...
Waiting 300 seconds...
Waiting 300 seconds...
Waiting 300 seconds...
Waiting 300 seconds...
Waiting 300 seconds...
Waiting 300 seconds...
Waiting 300 seconds...
Waiting 300 seconds...
Waiting 300 seconds...
Waiting 300 seconds...
Waiting 300 seconds...
Waiting 300 seconds...
Waiting 300 seconds...
Waiting 300 seconds...
Waiting 300 seconds...
Waiting 300 seconds...
Waiting 300 seconds...
Waiting 300 seconds...
Waiting 300 seconds...
Waiting 300 seconds...
Waiting 300 seconds...
Waiting 300 seconds...
Waiting 300 seconds...
Waiting 300 seconds...
Waiting 300 seconds...
Waiting 300 seconds...
Waiting 300 seconds...
Waiting 300 seconds...
Waiting 300 seconds...
Waiting 300 seconds...
Waiting 300 seconds...
Waiting 300 seconds...
Waiting 300 seconds...
Waiting 300 seconds...
Waiting 300 seconds...
Waiting 300 seconds...
Waiting 300 seconds...
Waiting 300 seconds...
Waiting 300 seconds...
Waiting 300 seconds...
Waiting 300 seconds...
Waiting 300 seconds...
Waiting 300 seconds...
Waiting 300 seconds...
Waiting 300 seconds...
Waiting 300 seconds...
Waiting 300 seconds...
Waiting 300 seconds...
Waiting 300 seconds...
Waiting 300 seconds...
Waiting 300 seconds...
Waiting 300 seconds...
Waiting 300 seconds...
Waiting 300 seconds...
Waiting 300 seconds...
Waiting 300 seconds...
Waiting 300 seconds...
Waiting 300 seconds...
Waiting 300 seconds...
Waiting 300 seconds...
Waiting 300 seconds...
Waiting 300 seconds...
Waiting 300 seconds...
Waiting 300 seconds...
Waiting 300 seconds...
Waiting 300 seconds...
Waiting 300 seconds...
Waiting 300 seconds...
Waiting 300 seconds...
Waiting 300 seconds...
Waiting 300 seconds...
Waiting 300 seconds...
Waiting 300 seconds...
Waiting 300 seconds...
Waiting 300 seconds...
Waiting 300 seconds...
Waiting 300 seconds...
Waiting 300 seconds...
Waiting 300 seconds...
Waiting 300 seconds...
Waiting 300 seconds...
Waiting 300 seconds...
Waiting 300 seconds...
Waiting 300 seconds...
Waiting 300 seconds...
Waiting 300 seconds...
Waiting 300 seconds...
Waiting 300 seconds...
Waiting 300 seconds...
Waiting 300 seconds...
Waiting 300 seconds...
Waiting 300 seconds...
Waiting 300 seconds...
Waiting 300 seconds...
Waiting 300 seconds...
Waiting 300 seconds...
Waiting 300 seconds...
Waiting 300 seconds...
Waiting 300 seconds...
Waiting 300 seconds...
Waiting 300 seconds...
Waiting 300 seconds...
Waiting 300 seconds...
Waiting 300 seconds...
Waiting 300 seconds...
Waiting 300 seconds...
Waiting 300 seconds...
Waiting 300 seconds...
Waiting 300 seconds...
Waiting 300 seconds...
Waiting 300 seconds...
Waiting 300 seconds...
Waiting 300 seconds...
Waiting 300 seconds...
Waiting 300 seconds...
Waiting 300 seconds...
Waiting 300 seconds...
Waiting 300 seconds...
Waiting 300 seconds...
Waiting 300 syour job 516942 ("id126488.run") has been submitted
your job 517020 ("id126870.run") has been submitted
your job 517309 ("id129572.run") has been submitted
your job 517317 ("id130427.run") has been submitted
your job 517329 ("id121969.run") has been submitted
your job 517476 ("id122634.run") has been submitted
your job 517533 ("id122808.run") has been submitted
econds...
Waiting 300 seconds...
Waiting 300 seconds...
Waiting 300 seconds...
Waiting 300 seconds...
Waiting 300 seconds...
Waiting 300 seconds...
Waiting 300 seconds...
Waiting 300 seconds...
Waiting 300 seconds...
Waiting 300 seconds...
Waiting 300 seconds...
Waiting 300 seconds...
Waiting 300 seconds...
Waiting 300 seconds...
Waiting 300 seconds...
Waiting 300 seconds...
Waiting 300 seconds...
Waiting 300 seconds...
Waiting 300 seconds...
Waiting 300 seconds...
Waiting 300 seconds...
Waiting 300 seconds...
Waiting 300 seconds...
Waiting 300 seconds...
Waiting 300 seconds...
Waiting 300 seconds...
Waiting 300 seconds...
Waiting 300 seconds...
Waiting 300 seconds...
Waiting 300 seconds...
Waiting 300 seconds...
Waiting 300 seconds...
Waiting 300 seconds...
Waiting 300 seconds...
Waiting 300 seconds...
Waiting 300 seconds...
Waiting 300 seconds...
Waiting 300 seconds...
Waiting 300 seconds...
Waiting 300 seconds...
Waiting 300 seconds...
Waiting 300 seconds...
Waiting 300 seconds...
Waiting 300 seconds...
Waiting 300 seconds...
Waiting 300 seconds...
Waiting 300 seconds...
Waiting 300 seconds...
Waiting 300 seconds...
Waiting 300 seconds...
Waiting 300 seconds...
Waiting 300 seconds...
Waiting 300 seconds...
Waiting 300 seconds...
Waiting 300 seconds...
Waiting 300 seconds...
Waiting 300 seconds...
Waiting 300 seconds...
Waiting 300 seconds...
Waiting 300 seconds...
Waiting 300 seconds...
Waiting 300 seconds...
Waiting 300 seconds...
Waiting 300 seconds...
Waiting 300 seconds...
Waiting 300 seconds...
Submitting 126488.
Waiting 300 seconds...
Waiting 300 seconds...
Waiting 300 seconds...
Waiting 300 seconds...
Waiting 300 seconds...
Waiting 300 seconds...
Waiting 300 seconds...
Waiting 300 seconds...
Waiting 300 seconds...
Waiting 300 seconds...
Waiting 300 seconds...
Waiting 300 seconds...
Waiting 300 seconds...
Waiting 300 seconds...
Waiting 300 seconds...
Waiting 300 seconds...
Waiting 300 seconds...
Waiting 300 seconds...
Waiting 300 seconds...
Waiting 300 seconds...
Waiting 300 seconds...
Waiting 300 seconds...
Waiting 300 seconds...
Waiting 300 seconds...
Waiting 300 seconds...
Waiting 300 seconds...
Waiting 300 seconds...
Waiting 300 seconds...
Waiting 300 seconds...
Waiting 300 seconds...
Waiting 300 seconds...
Waiting 300 seconds...
Waiting 300 seconds...
Waiting 300 seconds...
Submitting 126870.
Waiting 300 seconds...
Waiting 300 seconds...
Waiting 300 seconds...
Waiting 300 seconds...
Waiting 300 seconds...
Waiting 300 seconds...
Waiting 300 seconds...
Waiting 300 seconds...
Waiting 300 seconds...
Waiting 300 seconds...
Waiting 300 seconds...
Waiting 300 seconds...
Waiting 300 seconds...
Waiting 300 seconds...
Waiting 300 seconds...
Waiting 300 seconds...
Waiting 300 seconds...
Waiting 300 seconds...
Waiting 300 seconds...
Waiting 300 seconds...
Waiting 300 seconds...
Waiting 300 seconds...
Waiting 300 seconds...
Waiting 300 seconds...
Waiting 300 seconds...
Waiting 300 seconds...
Waiting 300 seconds...
Waiting 300 seconds...
Waiting 300 seconds...
Waiting 300 seconds...
Waiting 300 seconds...
Waiting 300 seconds...
Waiting 300 seconds...
Waiting 300 seconds...
Waiting 300 seconds...
Waiting 300 seconds...
Waiting 300 seconds...
Waiting 300 seconds...
Waiting 300 seconds...
Waiting 300 seconds...
Waiting 300 seconds...
Waiting 300 seconds...
Waiting 300 seconds...
Waiting 300 seconds...
Waiting 300 seconds...
Waiting 300 seconds...
Waiting 300 seconds...
Waiting 300 seconds...
Waiting 300 seconds...
Waiting 300 seconds...
Waiting 300 seconds...
Waiting 300 seconds...
Waiting 300 seconds...
Waiting 300 seconds...
Waiting 300 seconds...
Waiting 300 seconds...
Waiting 300 seconds...
Waiting 300 seconds...
Waiting 300 seconds...
Waiting 300 seconds...
Waiting 300 seconds...
Waiting 300 seconds...
Waiting 300 seconds...
Waiting 300 seconds...
Waiting 300 seconds...
Waiting 300 seconds...
Waiting 300 seconds...
Waiting 300 seconds...
Waiting 300 seconds...
Waiting 300 seconds...
Waiting 300 seconds...
Waiting 300 seconds...
Waiting 300 seconds...
Waiting 300 seconds...
Waiting 300 seconds...
Waiting 300 seconds...
Waiting 300 seconds...
Waiting 300 seconds...
Waiting 300 seconds...
Waiting 300 seconds...
Waiting 300 seconds...
Waiting 300 seconds...
Waiting 300 seconds...
Waiting 300 seconds...
Waiting 300 seconds...
Waiting 300 seconds...
Waiting 300 seconds...
Waiting 300 seconds...
Waiting 300 seconds...
Waiting 300 seconds...
Waiting 300 seconds...
Waiting 300 seconds...
Waiting 300 seconds...
Waiting 300 seconds...
Waiting 300 seconds...
Waiting 300 seconds...
Waiting 300 seconds...
Waiting 300 seconds...
Waiting 300 seconds...
Waiting 300 seconds...
Waiting 300 seconds...
Waiting 300 seconds...
Waiting 300 seconds...
Waiting 300 seconds...
Waiting 300 seconds...
Waiting 300 seconds...
Waiting 300 seconds...
Waiting 300 seconds...
Waiting 300 seconds...
Waiting 300 seconds...
Waiting 300 seconds...
Waiting 300 seconds...
Waiting 300 seconds...
Waiting 300 seconds...
Waiting 300 seconds...
Waiting 300 seconds...
Waiting 300 seconds...
Waiting 300 seconds...
Waiting 300 seconds...
Waiting 300 seconds...
Waiting 300 seconds...
Waiting 300 seconds...
Waiting 300 seconds...
Waiting 300 seconds...
Submitting 129572.
Waiting 300 seconds...
Waiting 300 seconds...
Submitting 130427.
Waiting 300 seconds...
Waiting 300 seconds...
Waiting 300 seconds...
Submitting 121969.
Waiting 300 seconds...
Waiting 300 seconds...
Waiting 300 seconds...
Waiting 300 seconds...
Waiting 300 seconds...
Waiting 300 seconds...
Waiting 300 seconds...
Waiting 300 seconds...
Waiting 300 seconds...
Waiting 300 seconds...
Waiting 300 seconds...
Waiting 300 seconds...
Waiting 300 seconds...
Waiting 300 seconds...
Waiting 300 seconds...
Waiting 300 seconds...
Waiting 300 seconds...
Waiting 300 seconds...
Waiting 300 seconds...
Waiting 300 seconds...
Waiting 300 seconds...
Waiting 300 seconds...
Waiting 300 seconds...
Waiting 300 seconds...
Waiting 300 seconds...
Waiting 300 seconds...
Waiting 300 seconds...
Waiting 300 seconds...
Waiting 300 seconds...
Waiting 300 seconds...
Waiting 300 seconds...
Waiting 300 seconds...
Waiting 300 seconds...
Waiting 300 seconds...
Waiting 300 seconds...
Waiting 300 seconds...
Waiting 300 seconds...
Waiting 300 seconds...
Waiting 300 seconds...
Waiting 300 seconds...
Waiting 300 seconds...
Waiting 300 seconds...
Waiting 300 seconds...
Waiting 300 seconds...
Waiting 300 seconds...
Waiting 300 seconds...
Waiting 300 seconds...
Waiting 300 seconds...
Waiting 300 seconds...
Waiting 300 seconds...
Waiting 300 seconds...
Waiting 300 seconds...
Waiting 300 seconds...
Waiting 300 seconds...
Waiting 300 seconds...
Waiting 300 seconds...
Waiting 300 seconds...
Waiting 300 seconds...
Waiting 300 seconds...
Waiting 300 seconds...
Waiting 300 seconds...
Waiting 300 seconds...
Waiting 300 seconds...
Waiting 300 seconds...
Waiting 300 seconds...
Submitting 122634.
Waiting 300 seconds...
Waiting 300 seconds...
Waiting 300 seconds...
Waiting 300 seconds...
Waiting 300 seconds...
Waiting 300 seconds...
Waiting 300 seconds...
Waiting 300 seconds...
Waiting 300 seconds...
Waiting 300 seconds...
Waiting 300 seconds...
Waiting 300 seconds...
Waiting 300 seconds...
Waiting 300 seconds...
Waiting 300 seconds...
Waiting 300 seconds...
Waiting 300 seconds...
Waiting 300 seconds...
Waiting 300 seconds...
Waiting 300 seconds...
Waiting 300 seconds...
Waiting 300 seconds...
Waiting 300 seconds...
Waiting 300 seconds...
Waiting 300 seconds...
Waiting 300 seconds...
Waiting 300 seconds...
Waiting 300 seconds...
Waiting 300 seconds...
Waiting 300 seconds...
Waiting 300 seconds...
Waiting 300 seconds...
Waiting 300 seconds...
Waiting 300 seconds...
Waiting 300 seconds...
Waiting 300 seconds...
Waiting 300 seconds...
Waiting 300 seconds...
Waiting 300 seconds...
Waiting 300 seconds...
Waiting 300 seconds...
Waiting 300 seconds...
Waiting 300 seconds...
Waiting 300 seconds...
Waiting 300 seconds...
Waiting 300 seconds...
Submitting 122808.
Waiting 300 seconds...
Waiting 300 seconds...
Waiting 300 seconds...
Waiting 300 seconds...
Waiting 300 seconds...
Waiting 300 seconds...
Waiting 300 seconds...
Waiting 300 seconds...
Waiting 300 seconds...
Waiting 300 seconds...your job 517703 ("id123013.run") has been submitted
your job 517729 ("id123592.run") has been submitted
your job 517734 ("id123638.run") has been submitted
your job 517864 ("id124708.run") has been submitted
your job 518187 ("id126521.run") has been submitted
your job 518367 ("id126531.run") has been submitted
your job 518412 ("id126906.run") has been submitted
your job 518442 ("id127318.run") has been submitted
your job 518460 ("id127418.run") has been submitted
your job 518479 ("id127955.run") has been submitted
your job 518500 ("id129674.run") has been submitted
your job 518565 ("id129850.run") has been submitted
your job 518593 ("id130268.run") has been submitted
your job 518602 ("id130316.run") has been submitted

Waiting 300 seconds...
Waiting 300 seconds...
Waiting 300 seconds...
Waiting 300 seconds...
Waiting 300 seconds...
Waiting 300 seconds...
Waiting 300 seconds...
Waiting 300 seconds...
Waiting 300 seconds...
Waiting 300 seconds...
Waiting 300 seconds...
Waiting 300 seconds...
Waiting 300 seconds...
Waiting 300 seconds...
Waiting 300 seconds...
Waiting 300 seconds...
Waiting 300 seconds...
Waiting 300 seconds...
Waiting 300 seconds...
Waiting 300 seconds...
Waiting 300 seconds...
Waiting 300 seconds...
Waiting 300 seconds...
Waiting 300 seconds...
Waiting 300 seconds...
Waiting 300 seconds...
Waiting 300 seconds...
Waiting 300 seconds...
Waiting 300 seconds...
Waiting 300 seconds...
Waiting 300 seconds...
Waiting 300 seconds...
Waiting 300 seconds...
Waiting 300 seconds...
Waiting 300 seconds...
Waiting 300 seconds...
Waiting 300 seconds...
Waiting 300 seconds...
Waiting 300 seconds...
Waiting 300 seconds...
Waiting 300 seconds...
Waiting 300 seconds...
Waiting 300 seconds...
Waiting 300 seconds...
Waiting 300 seconds...
Waiting 300 seconds...
Waiting 300 seconds...
Waiting 300 seconds...
Waiting 300 seconds...
Waiting 300 seconds...
Waiting 300 seconds...
Waiting 300 seconds...
Waiting 300 seconds...
Waiting 300 seconds...
Waiting 300 seconds...
Waiting 300 seconds...
Waiting 300 seconds...
Waiting 300 seconds...
Waiting 300 seconds...
Waiting 300 seconds...
Waiting 300 seconds...
Waiting 300 seconds...
Waiting 300 seconds...
Waiting 300 seconds...
Waiting 300 seconds...
Waiting 300 seconds...
Waiting 300 seconds...
Waiting 300 seconds...
Waiting 300 seconds...
Waiting 300 seconds...
Waiting 300 seconds...
Waiting 300 seconds...
Waiting 300 seconds...
Waiting 300 seconds...
Waiting 300 seconds...
Waiting 300 seconds...
Waiting 300 seconds...
Waiting 300 seconds...
Waiting 300 seconds...
Waiting 300 seconds...
Submitting 123013.
Waiting 300 seconds...
Waiting 300 seconds...
Waiting 300 seconds...
Waiting 300 seconds...
Waiting 300 seconds...
Waiting 300 seconds...
Waiting 300 seconds...
Waiting 300 seconds...
Waiting 300 seconds...
Submitting 123592.
Waiting 300 seconds...
Submitting 123638.
Waiting 300 seconds...
Waiting 300 seconds...
Waiting 300 seconds...
Waiting 300 seconds...
Waiting 300 seconds...
Waiting 300 seconds...
Waiting 300 seconds...
Waiting 300 seconds...
Waiting 300 seconds...
Waiting 300 seconds...
Waiting 300 seconds...
Waiting 300 seconds...
Waiting 300 seconds...
Waiting 300 seconds...
Waiting 300 seconds...
Waiting 300 seconds...
Waiting 300 seconds...
Waiting 300 seconds...
Waiting 300 seconds...
Waiting 300 seconds...
Waiting 300 seconds...
Waiting 300 seconds...
Waiting 300 seconds...
Waiting 300 seconds...
Waiting 300 seconds...
Waiting 300 seconds...
Waiting 300 seconds...
Waiting 300 seconds...
Waiting 300 seconds...
Waiting 300 seconds...
Waiting 300 seconds...
Waiting 300 seconds...
Waiting 300 seconds...
Submitting 124708.
Waiting 300 seconds...
Waiting 300 seconds...
Waiting 300 seconds...
Waiting 300 seconds...
Waiting 300 seconds...
Waiting 300 seconds...
Waiting 300 seconds...
Waiting 300 seconds...
Waiting 300 seconds...
Waiting 300 seconds...
Waiting 300 seconds...
Waiting 300 seconds...
Waiting 300 seconds...
Waiting 300 seconds...
Waiting 300 seconds...
Waiting 300 seconds...
Waiting 300 seconds...
Waiting 300 seconds...
Waiting 300 seconds...
Waiting 300 seconds...
Waiting 300 seconds...
Waiting 300 seconds...
Waiting 300 seconds...
Waiting 300 seconds...
Waiting 300 seconds...
Waiting 300 seconds...
Waiting 300 seconds...
Waiting 300 seconds...
Waiting 300 seconds...
Waiting 300 seconds...
Waiting 300 seconds...
Waiting 300 seconds...
Waiting 300 seconds...
Waiting 300 seconds...
Waiting 300 seconds...
Waiting 300 seconds...
Waiting 300 seconds...
Waiting 300 seconds...
Waiting 300 seconds...
Waiting 300 seconds...
Waiting 300 seconds...
Waiting 300 seconds...
Submitting 126521.
Waiting 300 seconds...
Waiting 300 seconds...
Waiting 300 seconds...
Waiting 300 seconds...
Waiting 300 seconds...
Waiting 300 seconds...
Waiting 300 seconds...
Waiting 300 seconds...
Waiting 300 seconds...
Waiting 300 seconds...
Waiting 300 seconds...
Waiting 300 seconds...
Waiting 300 seconds...
Waiting 300 seconds...
Waiting 300 seconds...
Waiting 300 seconds...
Submitting 126531.
Waiting 300 seconds...
Submitting 126906.
Waiting 300 seconds...
Submitting 127318.
Waiting 300 seconds...
Submitting 127418.
Waiting 300 seconds...
Submitting 127955.
Waiting 300 seconds...
Waiting 300 seconds...
Waiting 300 seconds...
Submitting 129674.
Waiting 300 seconds...
Waiting 300 seconds...
Waiting 300 seconds...
Waiting 300 seconds...
Waiting 300 seconds...
Waiting 300 seconds...
Waiting 300 seconds...
Waiting 300 seconds...
Waiting 300 seconds...
Waiting 300 seconds...
Waiting 300 seconds...
Waiting 300 seconds...
Waiting 300 seconds...
Waiting 300 seconds...
Waiting 300 seconds...
Waiting 300 seconds...
Waiting 300 seconds...
Waiting 300 seconds...
Waiting 300 seconds...
Waiting 300 seconds...
Waiting 300 seconds...
Waiting 300 seconds...
Waiting 300 seconds...
Waiting 300 seconds...
Waiting 300 seconds...
Submitting 129850.
Waiting 300 seconds...
Waiting 300 seconds...
Waiting 300 seconds...
Waiting 300 seconds...
Waiting 300 seconds...
Waiting 300 seconds...
Waiting 300 seconds...
Waiting 300 seconds...
Waiting 300 seconds...
Waiting 300 seconds...
Submitting 130268.
Waiting 300 seconds...
Submitting 130316.
your job 519059 ("id122091.run") has been submitted
your job 519060 ("id122133.run") has been submitted
your job 519061 ("id122832.run") has been submitted
your job 519062 ("id123853.run") has been submitted
your job 519064 ("id124684.run") has been submitted
your job 519065 ("id125176.run") has been submitted
