           1   10003.2998046875        3.16000008583069     
  4.900000058114529E-003
           2   10003.2998046875        3.19000005722046     
  1.000000070780516E-002
           3   10003.1005859375        3.29999995231628     
  6.399999838322401E-003
           4   10003.1005859375        3.41000008583069     
  8.100000210106373E-003
           5   10003.1005859375        3.22000002861023     
  6.399999838322401E-003
           6   10003.1992187500        3.23000001907349     
  3.599999938160181E-003
           7   10003.1992187500        3.35999989509583     
  3.599999938160181E-003
           8   10003.1992187500        3.26999998092651     
  8.100000210106373E-003
           9   10003.2998046875        3.32999992370605     
  3.599999938160181E-003
          10   10003.1005859375        3.36999988555908     
  8.100000210106373E-003
          11   10002.2001953125        3.47000002861023     
  1.689999923110008E-002
          12   10003.1992187500        3.26999998092651     
  2.500000176951289E-003
          13   10003.1992187500        3.30999994277954     
  1.599999959580600E-003
          14   10003.2998046875        3.63000011444092     
  3.240000084042549E-002
          15   10003.1992187500        3.24000000953674     
  2.500000176951289E-003
          16   10005.2001953125        3.14000010490417     
  8.100000210106373E-003
          17   10007.0000000000        3.31999993324280     
  7.840000092983246E-002
          18   10017.2998046875        4.42999982833862     
  6.759999692440033E-002
          19   10017.2001953125        4.17999982833862     
  6.759999692440033E-002
          20   10031.2001953125        5.67000007629395     
  0.129600003361702     
          21   10021.2001953125        7.42999982833862     
  8.100000210106373E-003
          22   10021.3007812500        7.42999982833862     
  8.100000210106373E-003
          23   10021.2001953125        7.59999990463257     
  8.100000210106373E-003
          24   10021.3007812500        7.57000017166138     
  8.100000210106373E-003
          25   10021.3007812500        7.38999986648560     
  8.100000210106373E-003
          26   10053.2998046875        3.63000011444092     
  2.500000176951289E-003
          27   10017.2001953125        4.44000005722046     
  3.599999938160181E-003
          28   10030.7001953125        6.21999979019165     
  1.000000070780516E-002
          29   10030.7001953125        6.25000000000000     
  1.960000023245811E-002
          30   10030.7998046875        6.44000005722046     
  3.610000014305115E-002
          31   10041.1992187500        3.78999996185303     
  6.399999838322401E-003
          32   10013.0996093750        3.15000009536743     
  5.759999901056290E-002
          33   10013.0996093750        3.84999990463257     
  3.240000084042549E-002
          34   10013.0996093750        3.33999991416931     
  4.900000058114529E-003
          35   10035.0996093750        4.19000005722046     
  3.599999938160181E-003
          36   10021.3007812500        7.69000005722046     
  2.890000119805336E-002
          37   10021.4003906250        7.69000005722046     
  1.209999993443489E-002
          38   10021.3007812500        7.57999992370605     
  1.000000070780516E-002
          39   10021.3007812500        7.51000022888184     
  1.689999923110008E-002
          40   10025.2998046875        9.73999977111816     
  1.439999975264072E-002
          41   10025.2001953125        9.67000007629395     
  3.240000084042549E-002
          42   10025.2001953125        9.50000000000000     
  7.840000092983246E-002
          43   10025.2001953125        10.0399999618530     
  0.230399996042252     
          44   10025.4003906250        10.0299997329712     
  4.839999973773956E-002
          45   10025.0996093750        9.43999958038330     
  1.439999975264072E-002
          46   10025.0996093750        9.77000045776367     
  2.250000089406967E-002
          47   10025.2998046875        9.52999973297119     
  2.250000089406967E-002
          48   10025.2998046875        9.52999973297119     
  8.100000210106373E-003
          49   10025.5000000000        9.57999992370605     
  1.000000070780516E-002
          50   10025.5000000000        9.59000015258789     
  8.100000210106373E-003
          51   10025.4003906250        9.59000015258789     
  2.890000119805336E-002
          52   10025.5000000000        9.43999958038330     
  2.559999935328960E-002
          53   10025.6005859375        9.35999965667725     
  8.100000210106373E-003
          54   10025.6992187500        9.77999973297119     
  4.000000283122063E-002
          55   10025.6992187500        9.67000007629395     
  4.839999973773956E-002
          56   10025.6005859375        9.27000045776367     
  0.280899971723557     
          57   10025.6992187500        9.50000000000000     
  1.439999975264072E-002
          58   10025.6005859375        9.92000007629395     
  6.250000000000000E-002
          59   10025.6992187500        9.35999965667725     
  6.759999692440033E-002
          60   10025.6992187500        9.31000041961670     
  8.100000210106373E-003
          61   10025.7998046875        9.89000034332275     
  7.290000468492508E-002
          62   10025.7998046875        9.23999977111816     
  8.100000210106373E-003
          63   10025.6992187500        9.40999984741211     
  6.399999838322401E-003
          64   10025.6992187500        9.39999961853027     
  8.100000210106373E-003
          65   10025.6992187500        9.48999977111816     
  2.890000119805336E-002
          66   10025.6992187500        9.28999996185303     
  5.759999901056290E-002
          67   10025.6992187500        9.46000003814697     
  8.100000210106373E-003
          68   10025.7998046875        9.50000000000000     
  6.399999838322401E-003
          69   10025.7998046875        9.39999961853027     
  6.399999838322401E-003
          70   10025.6992187500        9.61999988555908     
  6.399999838322401E-003
          71   10025.6992187500        9.46000003814697     
  6.399999838322401E-003
          72   10025.6005859375        9.51000022888184     
  8.100000210106373E-003
          73   10025.7998046875        9.35999965667725     
  8.100000210106373E-003
          74   10025.7998046875        9.47999954223633     
  6.399999838322401E-003
          75   10025.7998046875        9.65999984741211     
  1.439999975264072E-002
          76   9997.20019531250        3.45000004768372     
  2.250000089406967E-002
          77   9997.09960937500        3.06999993324280     
  4.000000283122063E-002
          78   9997.20019531250        3.33999991416931     
  2.250000089406967E-002
          79   9997.25976562500        3.41000008583069     
  3.599999938160181E-003
          80   9997.12011718750        3.32999992370605     
  2.500000176951289E-003
          81   9997.28027343750        3.32999992370605     
  2.500000176951289E-003
          82   9997.24023437500        3.25000000000000     
  2.500000176951289E-003
          83   9997.25976562500        3.23000001907349     
  2.500000176951289E-003
          84   9997.24023437500        3.28999996185303     
  3.599999938160181E-003
          85   9997.21972656250        3.41000008583069     
  2.500000176951289E-003
          86   9997.05957031250        3.28999996185303     
  2.500000176951289E-003
          87   9997.28027343750        3.32999992370605     
  2.500000176951289E-003
          88   9997.17968750000        3.34999990463257     
  2.500000176951289E-003
          89   9997.12011718750        3.27999997138977     
  2.500000176951289E-003
          90   9997.20019531250        3.41000008583069     
  2.500000176951289E-003
          91   9997.33984375000        3.33999991416931     
  2.500000176951289E-003
          92   9997.24023437500        3.27999997138977     
  3.599999938160181E-003
  MINUIT RELEASE 96.03  INITIALIZED.   DIMENSIONS 100/ 50  EPSMAC=  0.89E-15

 PARAMETER DEFINITIONS:
    NO.   NAME         VALUE      STEP SIZE      LIMITS
     1 'area      '    112.43       1.0000         no limits
     2 'mass      '    10.025      0.20000E-03     no limits
     3 'wide      '    4.1504      0.20000E-01     no limits
     4 'back      '    3.7238      0.10000E-01     no limits
 Writing out experimental points.
 Writing out theoretical curve.
 **********
 **    1 **SET STRATEGY   1.000    
 **********

 NOW USING STRATEGY  1: TRY TO BALANCE SPEED AGAINST RELIABILITY

 **********
 **    2 **MINIMIZE   2000.      0.3000E-01
 **********

 FIRST CALL TO USER FUNCTION AT NEW START POINT, WITH IFLAG=4.
testat       112.4300000000        10.0246000000         4.1504000000         3.7238000000 =       127.4259006245 /         92
 START MIGRAD MINIMIZATION.  STRATEGY 1.  CONVERGENCE WHEN EDM .LT. 0.30E-04
testat       112.4400000000        10.0246000000         4.1504000000         3.7238000000 =       127.6523204325 /         92
testat       112.4200000000        10.0246000000         4.1504000000         3.7238000000 =       127.2015118633 /         92
testat       112.4317364065        10.0246000000         4.1504000000         3.7238000000 =       127.4650705898 /         92
testat       112.4282635935        10.0246000000         4.1504000000         3.7238000000 =       127.3867918975 /         92
testat       112.4300000000        10.0246047801         4.1504000000         3.7238000000 =       114.4032314703 /         92
testat       112.4300000000        10.0245952199         4.1504000000         3.7238000000 =       114.7011388237 /         92
testat       112.4300000000        10.0246000000         4.1506000000         3.7238000000 =       114.5323923273 /         92
testat       112.4300000000        10.0246000000         4.1502000000         3.7238000000 =       114.5274155512 /         92
testat       112.4300000000        10.0246000000         4.1504200000         3.7238000000 =       114.5294342505 /         92
testat       112.4300000000        10.0246000000         4.1503800000         3.7238000000 =       114.5288213132 /         92
testat       112.4300000000        10.0246000000         4.1504020000         3.7238000000 =       114.5291564312 /         92
testat       112.4300000000        10.0246000000         4.1503980000         3.7238000000 =       114.5290951375 /         92
testat       112.4300000000        10.0246000000         4.1504000000         3.7239000000 =       114.5300293185 /         92
testat       112.4300000000        10.0246000000         4.1504000000         3.7237000000 =       114.5284442662 /         92
testat       112.4300000000        10.0246000000         4.1504000000         3.7238100000 =       114.5292061270 /         92
testat       112.4300000000        10.0246000000         4.1504000000         3.7237900000 =       114.5290476218 /         92
testat       112.4300000000        10.0246047801         4.1504000000         3.7238000000 =       114.4032314703 /         92
testat       112.4300000000        10.0246239005         4.1504000000         3.7238000000 =       114.3469397473 /         92
testat       112.4300000000        10.0246143532         4.1504000000         3.7238000000 =       114.2858230651 /         92
testat       112.4300000000        10.0246158482         4.1504000000         3.7238000000 =       114.2834345060 /         92
testat       112.4316451615        10.0246158482         4.1504000000         3.7238000000 =       114.2834939326 /         92
testat       112.4283548385        10.0246158482         4.1504000000         3.7238000000 =       114.2834289722 /         92
testat       112.4300000000        10.0246206283         4.1504000000         3.7238000000 =       114.3058332548 /         92
testat       112.4300000000        10.0246110681         4.1504000000         3.7238000000 =       114.3056174197 /         92
testat       112.4300000000        10.0246158482         4.1504019791         3.7238000000 =       114.2834337547 /         92
testat       112.4300000000        10.0246158482         4.1503980209         3.7238000000 =       114.2834352971 /         92
testat       112.4300000000        10.0246158482         4.1504197906         3.7238000000 =       114.2834287786 /         92
testat       112.4300000000        10.0246158482         4.1503802094         3.7238000000 =       114.2834442022 /         92
testat       112.4300000000        10.0246158482         4.1504000000         3.7238017756 =       114.2834357431 /         92
testat       112.4300000000        10.0246158482         4.1504000000         3.7237982244 =       114.2834333390 /         92
testat       112.4300000000        10.0246158482         4.1504000000         3.7238177565 =       114.2834500275 /         92
testat       112.4300000000        10.0246158482         4.1504000000         3.7237822435 =       114.2834259859 /         92

 FCN=   114.2834     FROM MIGRAD    STATUS=INITIATE      32 CALLS       33 TOTAL
                     EDM= unknown      STRATEGY= 1      NO ERROR MATRIX       

  EXT PARAMETER               CURRENT GUESS       STEP         FIRST   
  NO.   NAME        VALUE          ERROR          SIZE      DERIVATIVE 
   1     area       112.43        1.0000       0.00000E+00   0.19743E-01
   2     mass       10.025       0.20000E-03   0.15848E-04    22.576    
   3     wide       4.1504       0.20000E-01   0.00000E+00  -0.38967    
   4     back       3.7238       0.10000E-01   0.00000E+00   0.67698    
testat       112.4290084901        10.0246158366         4.1504384564         3.7237695131 =       114.2834375243 /         92
testat       112.4295298321        10.0246158427         4.1504182358         3.7237855433 =       114.2834205984 /         92
testat       112.4311913759        10.0246158427         4.1504182358         3.7237855433 =       114.2834443935 /         92
testat       112.4278682883        10.0246158427         4.1504182358         3.7237855433 =       114.2834517744 /         92
testat       112.4295298321        10.0246206228         4.1504182358         3.7237855433 =       114.3057160790 /         92
testat       112.4295298321        10.0246110626         4.1504182358         3.7237855433 =       114.3057083610 /         92
testat       112.4295298321        10.0246158427         4.1504918912         3.7237855433 =       114.2834495128 /         92
testat       112.4295298321        10.0246158427         4.1503445803         3.7237855433 =       114.2834420534 /         92
testat       112.4295298321        10.0246158427         4.1504182358         3.7238352983 =       114.2834520938 /         92
testat       112.4295298321        10.0246158427         4.1504182358         3.7237357883 =       114.2834440745 /         92

 MIGRAD MINIMIZATION HAS CONVERGED.

 MIGRAD WILL VERIFY CONVERGENCE AND ERROR MATRIX.
testat       112.4295298321        10.0246158427         4.1504182358         3.7237855433 =       114.2834205984 /         92
testat       112.4311913759        10.0246158427         4.1504182358         3.7237855433 =       114.2834443935 /         92
testat       112.4278682883        10.0246158427         4.1504182358         3.7237855433 =       114.2834517744 /         92
testat       112.4295298321        10.0246206228         4.1504182358         3.7237855433 =       114.3057160790 /         92
testat       112.4295298321        10.0246110626         4.1504182358         3.7237855433 =       114.3057083610 /         92
testat       112.4295298321        10.0246158427         4.1504918912         3.7237855433 =       114.2834495128 /         92
testat       112.4295298321        10.0246158427         4.1503445803         3.7237855433 =       114.2834420534 /         92
testat       112.4295298321        10.0246158427         4.1504182358         3.7238352983 =       114.2834520938 /         92
testat       112.4295298321        10.0246158427         4.1504182358         3.7237357883 =       114.2834440745 /         92
testat       112.4298621409        10.0246158427         4.1504182358         3.7237855433 =       114.2834209598 /         92
testat       112.4291975233        10.0246158427         4.1504182358         3.7237855433 =       114.2834224360 /         92
testat       112.4295298321        10.0246182328         4.1504182358         3.7237855433 =       114.2890028747 /         92
testat       112.4295298321        10.0246134526         4.1504182358         3.7237855433 =       114.2889853813 /         92
testat       112.4295298321        10.0246163207         4.1504182358         3.7237855433 =       114.2837683428 /         92
testat       112.4295298321        10.0246153647         4.1504182358         3.7237855433 =       114.2835117338 /         92
testat       112.4295298321        10.0246158427         4.1504329669         3.7237855433 =       114.2834229039 /         92
testat       112.4295298321        10.0246158427         4.1504035047         3.7237855433 =       114.2834204918 /         92
testat       112.4295298321        10.0246158427         4.1504211820         3.7237855433 =       114.2834208836 /         92
testat       112.4295298321        10.0246158427         4.1504152896         3.7237855433 =       114.2834204012 /         92
testat       112.4295298321        10.0246158427         4.1504182358         3.7237954943 =       114.2834224998 /         92
testat       112.4295298321        10.0246158427         4.1504182358         3.7237755923 =       114.2834208959 /         92
testat       112.4311913759        10.0246206228         4.1504182358         3.7237855433 =       114.3057376655 /         92
testat       112.4311913759        10.0246158427         4.1504918912         3.7237855433 =       114.2834230982 /         92
testat       112.4295298321        10.0246206228         4.1504918912         3.7237855433 =       114.3054031192 /         92
testat       112.4311913759        10.0246158427         4.1504182358         3.7238352983 =       114.2835051584 /         92
testat       112.4295298321        10.0246206228         4.1504182358         3.7238352983 =       114.3056348712 /         92
testat       112.4295298321        10.0246158427         4.1504918912         3.7238352983 =       114.2834586089 /         92
 COVARIANCE MATRIX CALCULATED SUCCESSFULLY

 FCN=   114.2834     FROM MIGRAD    STATUS=CONVERGED     69 CALLS       70 TOTAL
                     EDM=  0.45E-05    STRATEGY= 1      ERROR MATRIX ACCURATE 

  EXT PARAMETER                                   STEP         FIRST   
  NO.   NAME        VALUE          ERROR          SIZE      DERIVATIVE 
   1     area       112.43        1.8536       0.16615E-02  -0.22211E-02
   2     mass       10.025       0.51862E-04   0.47801E-05    3.6596    
   3     wide       4.1504       0.83737E-01   0.73655E-04   0.81873E-01
   4     back       3.7238       0.12323E-01   0.49755E-04   0.80588E-01

 EXTERNAL ERROR MATRIX.    NDIM=  50    NPAR=  4    ERR DEF=  1.00    
  0.344E+01 0.734E-04 0.152E+00-0.114E-01
  0.734E-04 0.269E-08 0.341E-05-0.174E-06
  0.152E+00 0.341E-05 0.701E-02-0.421E-03
 -0.114E-01-0.174E-06-0.421E-03 0.152E-03

 PARAMETER  CORRELATION COEFFICIENTS
       NO.  GLOBAL     1     2     3     4
        1  0.98527  1.000 0.763 0.979-0.498
        2  0.78670  0.763 1.000 0.785-0.273
        3  0.98452  0.979 0.785 1.000-0.408
        4  0.63790 -0.498-0.273-0.408 1.000
 **********
 **    3 **SAVE
 **********
 CURRENT VALUES WILL BE SAVED ON UNIT  6: stdout                                                          

SET TITLE 
Real Kuraev-Fadin Fit                             
PARAMETERS
     1'area      '  0.11243E+03  0.18536E+01
     2'mass      '  0.10025E+02  0.51862E-04
     3'wide      '  0.41504E+01  0.83737E-01
     4'back      '  0.37238E+01  0.12323E-01
 
SET COVARIANCE     4
 0.3436E+01 0.7337E-04 0.2690E-08 0.1520E+00 0.3409E-05 0.7012E-02-0.1137E-01
-0.1742E-06-0.4209E-03 0.1519E-03
    11 RECORDS WRITTEN TO UNIT   6:stdout                                       
 INCLUDING    3 RECORDS FOR THE COVARIANCE MATRIX.

 **********
 **    4 **SHOW CORRELATIONS
 **********

 PARAMETER  CORRELATION COEFFICIENTS
       NO.  GLOBAL     1     2     3     4
        1  0.98527  1.000 0.763 0.979-0.498
        2  0.78670  0.763 1.000 0.785-0.273
        3  0.98452  0.979 0.785 1.000-0.408
        4  0.63790 -0.498-0.273-0.408 1.000
 **********
 **    5 **SHOW COVARIANCE
 **********

 EXTERNAL ERROR MATRIX.    NDIM=  50    NPAR=  4    ERR DEF=  1.00    
  0.344E+01 0.734E-04 0.152E+00-0.114E-01
  0.734E-04 0.269E-08 0.341E-05-0.174E-06
  0.152E+00 0.341E-05 0.701E-02-0.421E-03
 -0.114E-01-0.174E-06-0.421E-03 0.152E-03

 PARAMETER  CORRELATION COEFFICIENTS
       NO.  GLOBAL     1     2     3     4
        1  0.98527  1.000 0.763 0.979-0.498
        2  0.78670  0.763 1.000 0.785-0.273
        3  0.98452  0.979 0.785 1.000-0.408
        4  0.63790 -0.498-0.273-0.408 1.000
 **********
 **    6 **SHOW EIGENVALUES
 **********
 EIGENVALUES OF SECOND-DERIVATIVE MATRIX:
         0.1523E-01  0.2640E+00  0.7878E+00  0.2933E+01
 **********
 **    7 **SHOW FCNVALUE
 **********

 FCN=   114.2834     FROM SAVe      STATUS=CONVERGED      0 CALLS       70 TOTAL
                     EDM=  0.45E-05    STRATEGY= 1      ERROR MATRIX ACCURATE 
 Writing out experimental points.
 Writing out theoretical curve.
 param	area =    112.429529832098      +/-    1.85355852620102      MeV nb
 param	mass =    10.0246158426987      +/-   5.186169032013737E-005 GeV
 param	wide =    4.15041823577207      +/-   8.373654585934931E-002 MeV
 param	back =    3.72378554329731      +/-   1.232326472397271E-002 nb
