  
 ****************************************************
 Assuming upsilon ONE(1)-S,           68 data points.
 ****************************************************
  
  MINUIT RELEASE 96.03  INITIALIZED.   DIMENSIONS 100/ 50  EPSMAC=  0.89E-15

 PARAMETER DEFINITIONS:
    NO.   NAME         VALUE      STEP SIZE      LIMITS
     1 'area      '    282.06       1.0000         50.000       300.00    
     2 'mass      '    9460.2      0.20000E-01     9428.0       9564.0    
     3 'wide      '    3.8780      0.10000E-01    0.10000       8.0000    
     4 'back      '    4.1880      0.10000E-01    0.00000E+00   8.0000    
 **********
 **    1 **SET STRATEGY   2.000    
 **********

 NOW USING STRATEGY  2: MAKE SURE MINIMUM TRUE, ERRORS CORRECT  

 **********
 **    2 **MINIMIZE  0.1000E+05  0.1000    
 **********

 FIRST CALL TO USER FUNCTION AT NEW START POINT, WITH IFLAG=4.
SAMPLE       282.0600000000      9460.2410000000         3.8780000000         4.1880000000
CHI2                                                                                             55.7370422197 /  64 =         0.8708912847
 START MIGRAD MINIMIZATION.  STRATEGY 2.  CONVERGENCE WHEN EDM .LT. 0.10E-03
SAMPLE       282.0600000000      9460.2410000000         3.8780000000         4.1880000000
CHI2                                                                                             55.7370422197 /  64 =         0.8708912847
SAMPLE       282.1599084040      9460.2410000000         3.8780000000         4.1880000000
CHI2                                                                                             55.7770346723 /  64 =         0.8715161668
SAMPLE       281.9598342444      9460.2410000000         3.8780000000         4.1880000000
CHI2                                                                                             55.7825707311 /  64 =         0.8716026677
SAMPLE       282.1168951357      9460.2410000000         3.8780000000         4.1880000000
CHI2                                                                                             55.7493609093 /  64 =         0.8710837642
SAMPLE       282.0030214979      9460.2410000000         3.8780000000         4.1880000000
CHI2                                                                                             55.7524271480 /  64 =         0.8711316742
SAMPLE       282.0600000000      9460.2430000215         3.8780000000         4.1880000000
CHI2                                                                                             55.7462711068 /  64 =         0.8710354860
SAMPLE       282.0600000000      9460.2390000213         3.8780000000         4.1880000000
CHI2                                                                                             55.7435840259 /  64 =         0.8709935004
SAMPLE       282.0600000000      9460.2436508133         3.8780000000         4.1880000000
CHI2                                                                                             55.7529134417 /  64 =         0.8711392725
SAMPLE       282.0600000000      9460.2383492618         3.8780000000         4.1880000000
CHI2                                                                                             55.7488393354 /  64 =         0.8710756146
SAMPLE       282.0600000000      9460.2410000000         3.8790000066         4.1880000000
CHI2                                                                                             55.7527828866 /  64 =         0.8711372326
SAMPLE       282.0600000000      9460.2410000000         3.8770000045         4.1880000000
CHI2                                                                                             55.7571862130 /  64 =         0.8712060346
SAMPLE       282.0600000000      9460.2410000000         3.8788786512         4.1880000000
CHI2                                                                                             55.7487741072 /  64 =         0.8710745954
SAMPLE       282.0600000000      9460.2410000000         3.8771213573         4.1880000000
CHI2                                                                                             55.7530166790 /  64 =         0.8711408856
SAMPLE       282.0600000000      9460.2410000000         3.8780000000         4.1889999952
CHI2                                                                                             55.7377886538 /  64 =         0.8709029477
SAMPLE       282.0600000000      9460.2410000000         3.8780000000         4.1869999931
CHI2                                                                                             55.7519038240 /  64 =         0.8711234972
SAMPLE       282.0600000000      9460.2410000000         3.8780000000         4.1893322669
CHI2                                                                                             55.7414912903 /  64 =         0.8709608014
SAMPLE       282.0600000000      9460.2410000000         3.8780000000         4.1866677122
CHI2                                                                                             55.7602967825 /  64 =         0.8712546372
SAMPLE       282.0612581180      9460.2410000000         3.8780000000         4.1880000000
CHI2                                                                                             55.7370155537 /  64 =         0.8708908680
SAMPLE       282.0587418413      9460.2410000000         3.8780000000         4.1880000000
CHI2                                                                                             55.7370824128 /  64 =         0.8708919127
SAMPLE       282.0600000000      9460.2410586118         3.8780000000         4.1880000000
CHI2                                                                                             55.7371116504 /  64 =         0.8708923695
SAMPLE       282.0600000000      9460.2409413882         3.8780000000         4.1880000000
CHI2                                                                                             55.7369862973 /  64 =         0.8708904109
SAMPLE       282.0600000000      9460.2410117224         3.8780000000         4.1880000000
CHI2                                                                                             55.7370550252 /  64 =         0.8708914848
SAMPLE       282.0600000000      9460.2409882776         3.8780000000         4.1880000000
CHI2                                                                                             55.7370299545 /  64 =         0.8708910930
SAMPLE       282.0600000000      9460.2410000000         3.8780194146         4.1880000000
CHI2                                                                                             55.7370363095 /  64 =         0.8708911923
SAMPLE       282.0600000000      9460.2410000000         3.8779805854         4.1880000000
CHI2                                                                                             55.7370616584 /  64 =         0.8708915884
SAMPLE       282.0600000000      9460.2410000000         3.8780038829         4.1880000000
CHI2                                                                                             55.7370399554 /  64 =         0.8708912493
SAMPLE       282.0600000000      9460.2410000000         3.8779961171         4.1880000000
CHI2                                                                                             55.7370450251 /  64 =         0.8708913285
SAMPLE       282.0600000000      9460.2410000000         3.8780000000         4.1880294394
CHI2                                                                                             55.7368412148 /  64 =         0.8708881440
SAMPLE       282.0600000000      9460.2410000000         3.8780000000         4.1879705605
CHI2                                                                                             55.7372567518 /  64 =         0.8708946367
SAMPLE       282.1168951357      9460.2436508133         3.8780000000         4.1880000000
CHI2                                                                                             55.7610524057 /  64 =         0.8712664438
SAMPLE       282.1168951357      9460.2410000000         3.8788786512         4.1880000000
CHI2                                                                                             55.7357897062 /  64 =         0.8708717142
SAMPLE       282.0600000000      9460.2436508133         3.8788786512         4.1880000000
CHI2                                                                                             55.7630764516 /  64 =         0.8712980696
SAMPLE       282.1168951357      9460.2410000000         3.8780000000         4.1893322669
CHI2                                                                                             55.7664735042 /  64 =         0.8713511485
SAMPLE       282.0600000000      9460.2436508133         3.8780000000         4.1893322669
CHI2                                                                                             55.7538150811 /  64 =         0.8711533606
SAMPLE       282.0600000000      9460.2410000000         3.8788786512         4.1893322669
CHI2                                                                                             55.7438943634 /  64 =         0.8709983494
 COVARIANCE MATRIX CALCULATED SUCCESSFULLY

 FCN=   55.73704     FROM HESSE     STATUS=OK            35 CALLS       36 TOTAL
                     EDM=  0.19E-02    STRATEGY= 2      ERROR MATRIX ACCURATE 

  EXT PARAMETER                                   STEP         FIRST   
  NO.   NAME        VALUE          ERROR          SIZE      DERIVATIVE 
   1     area       282.06        1.4713       0.88243E-03   -1.7144    
   2     mass       9460.2       0.26070E-01   0.45831E-04    61.850    
   3     wide       3.8780       0.21452E-01   0.22265E-03   -2.5762    
   4     back       4.1880       0.13071E-01   0.33344E-03   -28.199    
SAMPLE       282.0637330058      9460.2409126033         3.8781798473         4.1884984425
CHI2                                                                                             55.7351260209 /  64 =         0.8708613441
SAMPLE       282.0655120406      9460.2409126033         3.8781798473         4.1884984425
CHI2                                                                                             55.7351394583 /  64 =         0.8708615540
SAMPLE       282.0619538897      9460.2409126033         3.8781798473         4.1884984425
CHI2                                                                                             55.7351396275 /  64 =         0.8708615567
SAMPLE       282.0637330058      9460.2409954914         3.8781798473         4.1884984425
CHI2                                                                                             55.7351398783 /  64 =         0.8708615606
SAMPLE       282.0637330058      9460.2408297153         3.8781798473         4.1884984425
CHI2                                                                                             55.7351391778 /  64 =         0.8708615497
SAMPLE       282.0637330058      9460.2409126033         3.8782073033         4.1884984425
CHI2                                                                                             55.7351392154 /  64 =         0.8708615502
SAMPLE       282.0637330058      9460.2409126033         3.8781523913         4.1884984425
CHI2                                                                                             55.7351398785 /  64 =         0.8708615606
SAMPLE       282.0637330058      9460.2409126033         3.8781798473         4.1885400752
CHI2                                                                                             55.7351394365 /  64 =         0.8708615537
SAMPLE       282.0637330058      9460.2409126033         3.8781798473         4.1884568098
CHI2                                                                                             55.7351396583 /  64 =         0.8708615572

 MIGRAD MINIMIZATION HAS CONVERGED.

 MIGRAD WILL VERIFY CONVERGENCE AND ERROR MATRIX.
SAMPLE       282.0637330058      9460.2409126033         3.8781798473         4.1884984425
CHI2                                                                                             55.7351260209 /  64 =         0.8708613441
SAMPLE       282.0655120406      9460.2409126033         3.8781798473         4.1884984425
CHI2                                                                                             55.7351394583 /  64 =         0.8708615540
SAMPLE       282.0619538897      9460.2409126033         3.8781798473         4.1884984425
CHI2                                                                                             55.7351396275 /  64 =         0.8708615567
SAMPLE       282.0637330058      9460.2409954914         3.8781798473         4.1884984425
CHI2                                                                                             55.7351398783 /  64 =         0.8708615606
SAMPLE       282.0637330058      9460.2408297153         3.8781798473         4.1884984425
CHI2                                                                                             55.7351391778 /  64 =         0.8708615497
SAMPLE       282.0637330058      9460.2409126033         3.8782073033         4.1884984425
CHI2                                                                                             55.7351392154 /  64 =         0.8708615502
SAMPLE       282.0637330058      9460.2409126033         3.8781523913         4.1884984425
CHI2                                                                                             55.7351398785 /  64 =         0.8708615606
SAMPLE       282.0637330058      9460.2409126033         3.8781798473         4.1885400752
CHI2                                                                                             55.7351394365 /  64 =         0.8708615537
SAMPLE       282.0637330058      9460.2409126033         3.8781798473         4.1884568098
CHI2                                                                                             55.7351396583 /  64 =         0.8708615572
SAMPLE       282.0640888193      9460.2409126033         3.8781798473         4.1884984425
CHI2                                                                                             55.7351265450 /  64 =         0.8708613523
SAMPLE       282.0633771891      9460.2409126033         3.8781798473         4.1884984425
CHI2                                                                                             55.7351265786 /  64 =         0.8708613528
SAMPLE       282.0637330058      9460.2409291809         3.8781798473         4.1884984425
CHI2                                                                                             55.7351266312 /  64 =         0.8708613536
SAMPLE       282.0637330058      9460.2408960257         3.8781798473         4.1884984425
CHI2                                                                                             55.7351264911 /  64 =         0.8708613514
SAMPLE       282.0637330058      9460.2409126033         3.8781853385         4.1884984425
CHI2                                                                                             55.7351264956 /  64 =         0.8708613515
SAMPLE       282.0637330058      9460.2409126033         3.8781743561         4.1884984425
CHI2                                                                                             55.7351266282 /  64 =         0.8708613536
SAMPLE       282.0637330058      9460.2409126033         3.8781798473         4.1885067690
CHI2                                                                                             55.7351265398 /  64 =         0.8708613522
SAMPLE       282.0637330058      9460.2409126033         3.8781798473         4.1884901160
CHI2                                                                                             55.7351265841 /  64 =         0.8708613529
SAMPLE       282.0655120406      9460.2409954914         3.8781798473         4.1884984425
CHI2                                                                                             55.7351492482 /  64 =         0.8708617070
SAMPLE       282.0655120406      9460.2409126033         3.8782073033         4.1884984425
CHI2                                                                                             55.7351279243 /  64 =         0.8708613738
SAMPLE       282.0637330058      9460.2409954914         3.8782073033         4.1884984425
CHI2                                                                                             55.7351515888 /  64 =         0.8708617436
SAMPLE       282.0655120406      9460.2409126033         3.8781798473         4.1885400752
CHI2                                                                                             55.7351652475 /  64 =         0.8708619570
SAMPLE       282.0637330058      9460.2409954914         3.8781798473         4.1885400752
CHI2                                                                                             55.7351498241 /  64 =         0.8708617160
SAMPLE       282.0637330058      9460.2409126033         3.8782073033         4.1885400752
CHI2                                                                                             55.7351435022 /  64 =         0.8708616172
 COVARIANCE MATRIX CALCULATED SUCCESSFULLY

 FCN=   55.73513     FROM MIGRAD    STATUS=CONVERGED     67 CALLS       68 TOTAL
                     EDM=  0.40E-07    STRATEGY= 2      ERROR MATRIX ACCURATE 

  EXT PARAMETER                                   STEP         FIRST   
  NO.   NAME        VALUE          ERROR          SIZE      DERIVATIVE 
   1     area       282.06        1.4770       0.27576E-04  -0.30461E-02
   2     mass       9460.2       0.26042E-01   0.14331E-05   0.24444    
   3     wide       3.8782       0.21533E-01   0.69575E-05  -0.47633E-01
   4     back       4.1885       0.13077E-01   0.10420E-04  -0.10644E-01

 EXTERNAL ERROR MATRIX.    NDIM=  50    NPAR=  4    ERR DEF=  1.00    
  0.218E+01 0.184E-01 0.295E-01-0.705E-02
  0.184E-01 0.678E-03 0.268E-03-0.160E-04
  0.295E-01 0.268E-03 0.464E-03-0.617E-04
 -0.705E-02-0.160E-04-0.617E-04 0.171E-03

 PARAMETER  CORRELATION COEFFICIENTS
       NO.  GLOBAL     1     2     3     4
        1  0.94484  1.000 0.478 0.929-0.365
        2  0.49997  0.478 1.000 0.479-0.047
        3  0.93798  0.929 0.479 1.000-0.219
        4  0.50067 -0.365-0.047-0.219 1.000
 **********
 **    3 **HESSE  0.1000E+05
 **********
SAMPLE       282.0637330058      9460.2409126033         3.8781798473         4.1884984425
CHI2                                                                                             55.7351260209 /  64 =         0.8708613441
SAMPLE       282.0640888193      9460.2409126033         3.8781798473         4.1884984425
CHI2                                                                                             55.7351265450 /  64 =         0.8708613523
SAMPLE       282.0633771891      9460.2409126033         3.8781798473         4.1884984425
CHI2                                                                                             55.7351265786 /  64 =         0.8708613528
SAMPLE       282.0637330058      9460.2409291809         3.8781798473         4.1884984425
CHI2                                                                                             55.7351266312 /  64 =         0.8708613536
SAMPLE       282.0637330058      9460.2408960257         3.8781798473         4.1884984425
CHI2                                                                                             55.7351264911 /  64 =         0.8708613514
SAMPLE       282.0637330058      9460.2409126033         3.8781853385         4.1884984425
CHI2                                                                                             55.7351264956 /  64 =         0.8708613515
SAMPLE       282.0637330058      9460.2409126033         3.8781743561         4.1884984425
CHI2                                                                                             55.7351266282 /  64 =         0.8708613536
SAMPLE       282.0637330058      9460.2409126033         3.8781798473         4.1885067690
CHI2                                                                                             55.7351265398 /  64 =         0.8708613522
SAMPLE       282.0637330058      9460.2409126033         3.8781798473         4.1884901160
CHI2                                                                                             55.7351265841 /  64 =         0.8708613529
SAMPLE       282.0638041688      9460.2409126033         3.8781798473         4.1884984425
CHI2                                                                                             55.7351260392 /  64 =         0.8708613444
SAMPLE       282.0636618428      9460.2409126033         3.8781798473         4.1884984425
CHI2                                                                                             55.7351260459 /  64 =         0.8708613445
SAMPLE       282.0637330058      9460.2409202392         3.8781798473         4.1884984425
CHI2                                                                                             55.7351261678 /  64 =         0.8708613464
SAMPLE       282.0637330058      9460.2409049674         3.8781798473         4.1884984425
CHI2                                                                                             55.7351261032 /  64 =         0.8708613454
SAMPLE       282.0637330058      9460.2409126033         3.8781809455         4.1884984425
CHI2                                                                                             55.7351260293 /  64 =         0.8708613442
SAMPLE       282.0637330058      9460.2409126033         3.8781787491         4.1884984425
CHI2                                                                                             55.7351260558 /  64 =         0.8708613446
SAMPLE       282.0637330058      9460.2409126033         3.8781798473         4.1885001078
CHI2                                                                                             55.7351260381 /  64 =         0.8708613443
SAMPLE       282.0637330058      9460.2409126033         3.8781798473         4.1884967772
CHI2                                                                                             55.7351260470 /  64 =         0.8708613445
SAMPLE       282.0640888193      9460.2409291809         3.8781798473         4.1884984425
CHI2                                                                                             55.7351269926 /  64 =         0.8708613593
SAMPLE       282.0640888193      9460.2409126033         3.8781853385         4.1884984425
CHI2                                                                                             55.7351260306 /  64 =         0.8708613442
SAMPLE       282.0637330058      9460.2409291809         3.8781853385         4.1884984425
CHI2                                                                                             55.7351270466 /  64 =         0.8708613601
SAMPLE       282.0640888193      9460.2409126033         3.8781798473         4.1885067690
CHI2                                                                                             55.7351275588 /  64 =         0.8708613681
SAMPLE       282.0637330058      9460.2409291809         3.8781798473         4.1885067690
CHI2                                                                                             55.7351270113 /  64 =         0.8708613596
SAMPLE       282.0637330058      9460.2409126033         3.8781853385         4.1885067690
CHI2                                                                                             55.7351266494 /  64 =         0.8708613539
 COVARIANCE MATRIX CALCULATED SUCCESSFULLY

 FCN=   55.73513     FROM HESSE     STATUS=OK            23 CALLS       91 TOTAL
                     EDM=  0.40E-07    STRATEGY= 2      ERROR MATRIX ACCURATE 

  EXT PARAMETER                                INTERNAL      INTERNAL  
  NO.   NAME        VALUE          ERROR       STEP SIZE       VALUE   
   1     area       282.06        1.4773       0.55151E-05    1.0285    
   2     mass       9460.2       0.26043E-01   0.28662E-06  -0.55374    
   3     wide       3.8782       0.21537E-01   0.13915E-05  -0.43513E-01
   4     back       4.1885       0.13077E-01   0.20840E-05   0.47142E-01

 EXTERNAL ERROR MATRIX.    NDIM=  50    NPAR=  4    ERR DEF=  1.00    
  0.218E+01 0.184E-01 0.296E-01-0.705E-02
  0.184E-01 0.678E-03 0.269E-03-0.160E-04
  0.296E-01 0.269E-03 0.464E-03-0.617E-04
 -0.705E-02-0.160E-04-0.617E-04 0.171E-03

 PARAMETER  CORRELATION COEFFICIENTS
       NO.  GLOBAL     1     2     3     4
        1  0.94486  1.000 0.478 0.929-0.365
        2  0.50005  0.478 1.000 0.479-0.047
        3  0.93801  0.929 0.479 1.000-0.219
        4  0.50071 -0.365-0.047-0.219 1.000
 **********
 **    4 **SAVE
 **********
 CURRENT VALUES WILL BE SAVED ON UNIT  6: stdout                                                          

SET TITLE 
Kuraev-Fadin Fit with Goodies                     
PARAMETERS
     1'area      '  0.28206E+03  0.14773E+01  0.50000E+02  0.30000E+03
     2'mass      '  0.94602E+04  0.26043E-01  0.94280E+04  0.95640E+04
     3'wide      '  0.38782E+01  0.21537E-01  0.10000E+00  0.80000E+01
     4'back      '  0.41885E+01  0.13077E-01  0.00000E+00  0.80000E+01
 
SET COVARIANCE     4
 0.5244E-03 0.4934E-05 0.2027E-06 0.1161E-03 0.1176E-05 0.2979E-04-0.2736E-04
-0.6916E-07-0.3915E-05 0.1071E-04
    11 RECORDS WRITTEN TO UNIT   6:stdout                                       
 INCLUDING    3 RECORDS FOR THE COVARIANCE MATRIX.

 **********
 **    5 **SHOW CORRELATIONS
 **********

 PARAMETER  CORRELATION COEFFICIENTS
       NO.  GLOBAL     1     2     3     4
        1  0.94486  1.000 0.478 0.929-0.365
        2  0.50005  0.478 1.000 0.479-0.047
        3  0.93801  0.929 0.479 1.000-0.219
        4  0.50071 -0.365-0.047-0.219 1.000
 **********
 **    6 **SHOW COVARIANCE
 **********

 EXTERNAL ERROR MATRIX.    NDIM=  50    NPAR=  4    ERR DEF=  1.00    
  0.218E+01 0.184E-01 0.296E-01-0.705E-02
  0.184E-01 0.678E-03 0.269E-03-0.160E-04
  0.296E-01 0.269E-03 0.464E-03-0.617E-04
 -0.705E-02-0.160E-04-0.617E-04 0.171E-03

 PARAMETER  CORRELATION COEFFICIENTS
       NO.  GLOBAL     1     2     3     4
        1  0.94486  1.000 0.478 0.929-0.365
        2  0.50005  0.478 1.000 0.479-0.047
        3  0.93801  0.929 0.479 1.000-0.219
        4  0.50071 -0.365-0.047-0.219 1.000
 **********
 **    7 **SHOW EIGENVALUES
 **********
 EIGENVALUES OF SECOND-DERIVATIVE MATRIX:
         0.5835E-01  0.5792E+00  0.9682E+00  0.2394E+01
  
LINESHAPE	     9425.0000000000	        4.4731063843
LINESHAPE	     9425.1360000000	        4.4728803635
LINESHAPE	     9425.2720000000	        4.4726538658
LINESHAPE	     9425.4080000000	        4.4724264145
LINESHAPE	     9425.5440000000	        4.4721984863
LINESHAPE	     9425.6800000000	        4.4719696045
LINESHAPE	     9425.8160000000	        4.4717397690
LINESHAPE	     9425.9520000000	        4.4715089798
LINESHAPE	     9426.0880000000	        4.4712777138
LINESHAPE	     9426.2240000000	        4.4710454941
LINESHAPE	     9426.3600000000	        4.4708127975
LINESHAPE	     9426.4960000000	        4.4705786705
LINESHAPE	     9426.6320000000	        4.4703440666
LINESHAPE	     9426.7680000000	        4.4701085091
LINESHAPE	     9426.9040000000	        4.4698719978
LINESHAPE	     9427.0400000000	        4.4696345329
LINESHAPE	     9427.1760000000	        4.4693961143
LINESHAPE	     9427.3120000000	        4.4691572189
LINESHAPE	     9427.4480000000	        4.4689168930
LINESHAPE	     9427.5840000000	        4.4686760902
LINESHAPE	     9427.7200000000	        4.4684338570
LINESHAPE	     9427.8560000000	        4.4681911469
LINESHAPE	     9427.9920000000	        4.4679470062
LINESHAPE	     9428.1280000000	        4.4677023888
LINESHAPE	     9428.2640000000	        4.4674563408
LINESHAPE	     9428.4000000000	        4.4672093391
LINESHAPE	     9428.5360000000	        4.4669613838
LINESHAPE	     9428.6720000000	        4.4667124748
LINESHAPE	     9428.8080000000	        4.4664626122
LINESHAPE	     9428.9440000000	        4.4662117958
LINESHAPE	     9429.0800000000	        4.4659595490
LINESHAPE	     9429.2160000000	        4.4657063484
LINESHAPE	     9429.3520000000	        4.4654521942
LINESHAPE	     9429.4880000000	        4.4651966095
LINESHAPE	     9429.6240000000	        4.4649400711
LINESHAPE	     9429.7600000000	        4.4646825790
LINESHAPE	     9429.8960000000	        4.4644236565
LINESHAPE	     9430.0320000000	        4.4641637802
LINESHAPE	     9430.1680000000	        4.4639029503
LINESHAPE	     9430.3040000000	        4.4636402130
LINESHAPE	     9430.4400000000	        4.4633769989
LINESHAPE	     9430.5760000000	        4.4631118774
LINESHAPE	     9430.7120000000	        4.4628458023
LINESHAPE	     9430.8480000000	        4.4625787735
LINESHAPE	     9430.9840000000	        4.4623098373
LINESHAPE	     9431.1200000000	        4.4620399475
LINESHAPE	     9431.2560000000	        4.4617686272
LINESHAPE	     9431.3920000000	        4.4614963531
LINESHAPE	     9431.5280000000	        4.4612221718
LINESHAPE	     9431.6640000000	        4.4609470367
LINESHAPE	     9431.8000000000	        4.4606704712
LINESHAPE	     9431.9360000000	        4.4603919983
LINESHAPE	     9432.0720000000	        4.4601125717
LINESHAPE	     9432.2080000000	        4.4598317146
LINESHAPE	     9432.3440000000	        4.4595489502
LINESHAPE	     9432.4800000000	        4.4592652321
LINESHAPE	     9432.6160000000	        4.4589796066
LINESHAPE	     9432.7520000000	        4.4586925507
LINESHAPE	     9432.8880000000	        4.4584040642
LINESHAPE	     9433.0240000000	        4.4581136703
LINESHAPE	     9433.1600000000	        4.4578218460
LINESHAPE	     9433.2960000000	        4.4575285912
LINESHAPE	     9433.4320000000	        4.4572334290
LINESHAPE	     9433.5680000000	        4.4569368362
LINESHAPE	     9433.7040000000	        4.4566383362
LINESHAPE	     9433.8400000000	        4.4563379288
LINESHAPE	     9433.9760000000	        4.4560360909
LINESHAPE	     9434.1120000000	        4.4557323456
LINESHAPE	     9434.2480000000	        4.4554266930
LINESHAPE	     9434.3840000000	        4.4551191330
LINESHAPE	     9434.5200000000	        4.4548096657
LINESHAPE	     9434.6560000000	        4.4544987679
LINESHAPE	     9434.7920000000	        4.4541854858
LINESHAPE	     9434.9280000000	        4.4538702965
LINESHAPE	     9435.0640000000	        4.4535531998
LINESHAPE	     9435.2000000000	        4.4532341957
LINESHAPE	     9435.3360000000	        4.4529128075
LINESHAPE	     9435.4720000000	        4.4525895119
LINESHAPE	     9435.6080000000	        4.4522643089
LINESHAPE	     9435.7440000000	        4.4519367218
LINESHAPE	     9435.8800000000	        4.4516067505
LINESHAPE	     9436.0160000000	        4.4512748718
LINESHAPE	     9436.1520000000	        4.4509406090
LINESHAPE	     9436.2880000000	        4.4506039619
LINESHAPE	     9436.4240000000	        4.4502649307
LINESHAPE	     9436.5600000000	        4.4499235153
LINESHAPE	     9436.6960000000	        4.4495797157
LINESHAPE	     9436.8320000000	        4.4492335320
LINESHAPE	     9436.9680000000	        4.4488849640
LINESHAPE	     9437.1040000000	        4.4485335350
LINESHAPE	     9437.2400000000	        4.4481797218
LINESHAPE	     9437.3760000000	        4.4478230476
LINESHAPE	     9437.5120000000	        4.4474639893
LINESHAPE	     9437.6480000000	        4.4471015930
LINESHAPE	     9437.7840000000	        4.4467368126
LINESHAPE	     9437.9200000000	        4.4463691711
LINESHAPE	     9438.0560000000	        4.4459986687
LINESHAPE	     9438.1920000000	        4.4456253052
LINESHAPE	     9438.3280000000	        4.4452486038
LINESHAPE	     9438.4640000000	        4.4448690414
LINESHAPE	     9438.6000000000	        4.4444866180
LINESHAPE	     9438.7360000000	        4.4441003799
LINESHAPE	     9438.8720000000	        4.4437112808
LINESHAPE	     9439.0080000000	        4.4433188438
LINESHAPE	     9439.1440000000	        4.4429230690
LINESHAPE	     9439.2800000000	        4.4425239563
LINESHAPE	     9439.4160000000	        4.4421215057
LINESHAPE	     9439.5520000000	        4.4417152405
LINESHAPE	     9439.6880000000	        4.4413051605
LINESHAPE	     9439.8240000000	        4.4408912659
LINESHAPE	     9439.9600000000	        4.4404740334
LINESHAPE	     9440.0960000000	        4.4400529861
LINESHAPE	     9440.2320000000	        4.4396276474
LINESHAPE	     9440.3680000000	        4.4391984940
LINESHAPE	     9440.5040000000	        4.4387650490
LINESHAPE	     9440.6400000000	        4.4383277893
LINESHAPE	     9440.7760000000	        4.4378857613
LINESHAPE	     9440.9120000000	        4.4374399185
LINESHAPE	     9441.0480000000	        4.4369893074
LINESHAPE	     9441.1840000001	        4.4365339279
LINESHAPE	     9441.3200000001	        4.4360742569
LINESHAPE	     9441.4560000001	        4.4356098175
LINESHAPE	     9441.5920000001	        4.4351406097
LINESHAPE	     9441.7280000001	        4.4346666336
LINESHAPE	     9441.8640000001	        4.4341869354
LINESHAPE	     9442.0000000001	        4.4337024689
LINESHAPE	     9442.1360000001	        4.4332127571
LINESHAPE	     9442.2720000001	        4.4327178001
LINESHAPE	     9442.4080000001	        4.4322175980
LINESHAPE	     9442.5440000001	        4.4317111969
LINESHAPE	     9442.6800000001	        4.4311995506
LINESHAPE	     9442.8160000001	        4.4306821823
LINESHAPE	     9442.9520000001	        4.4301586151
LINESHAPE	     9443.0880000001	        4.4296293259
LINESHAPE	     9443.2240000001	        4.4290938377
LINESHAPE	     9443.3600000001	        4.4285521507
LINESHAPE	     9443.4960000001	        4.4280047417
LINESHAPE	     9443.6320000001	        4.4274511337
LINESHAPE	     9443.7680000001	        4.4268918037
LINESHAPE	     9443.9040000001	        4.4263272285
LINESHAPE	     9444.0400000001	        4.4257578850
LINESHAPE	     9444.1760000001	        4.4251856804
LINESHAPE	     9444.3120000001	        4.4246149063
LINESHAPE	     9444.4480000001	        4.4240560532
LINESHAPE	     9444.5840000001	        4.4235610962
LINESHAPE	     9444.7200000001	        4.4241065979
LINESHAPE	     9444.8560000001	        4.4265222549
LINESHAPE	     9444.9920000001	        4.4269862175
LINESHAPE	     9445.1280000001	        4.4273896217
LINESHAPE	     9445.2640000001	        4.4278545380
LINESHAPE	     9445.4000000001	        4.4284219742
LINESHAPE	     9445.5360000001	        4.4291276932
LINESHAPE	     9445.6720000001	        4.4299926758
LINESHAPE	     9445.8080000001	        4.4310398102
LINESHAPE	     9445.9440000001	        4.4322876930
LINESHAPE	     9446.0800000001	        4.4337773323
LINESHAPE	     9446.2160000001	        4.4355235100
LINESHAPE	     9446.3520000001	        4.4375700951
LINESHAPE	     9446.4880000001	        4.4399390221
LINESHAPE	     9446.6240000001	        4.4426803589
LINESHAPE	     9446.7600000001	        4.4458270073
LINESHAPE	     9446.8960000001	        4.4494237900
LINESHAPE	     9447.0320000001	        4.4535269737
LINESHAPE	     9447.1680000001	        4.4581823349
LINESHAPE	     9447.3040000001	        4.4634518623
LINESHAPE	     9447.4400000001	        4.4693975449
LINESHAPE	     9447.5760000001	        4.4760870934
LINESHAPE	     9447.7120000001	        4.4835915565
LINESHAPE	     9447.8480000001	        4.4919924736
LINESHAPE	     9447.9840000001	        4.5013751984
LINESHAPE	     9448.1200000001	        4.5118322372
LINESHAPE	     9448.2560000001	        4.5234603882
LINESHAPE	     9448.3920000001	        4.5363659859
LINESHAPE	     9448.5280000001	        4.5506582260
LINESHAPE	     9448.6640000001	        4.5664625168
LINESHAPE	     9448.8000000001	        4.5839004517
LINESHAPE	     9448.9360000001	        4.6031107903
LINESHAPE	     9449.0720000001	        4.6242370605
LINESHAPE	     9449.2080000001	        4.6474304199
LINESHAPE	     9449.3440000001	        4.6728510857
LINESHAPE	     9449.4800000001	        4.7006678581
LINESHAPE	     9449.6160000001	        4.7310566902
LINESHAPE	     9449.7520000001	        4.7642011642
LINESHAPE	     9449.8880000001	        4.8002986908
LINESHAPE	     9450.0240000001	        4.8395500183
LINESHAPE	     9450.1600000001	        4.8821606636
LINESHAPE	     9450.2960000001	        4.9283514023
LINESHAPE	     9450.4320000001	        4.9783492088
LINESHAPE	     9450.5680000001	        5.0323805809
LINESHAPE	     9450.7040000001	        5.0906858444
LINESHAPE	     9450.8400000001	        5.1535091400
LINESHAPE	     9450.9760000001	        5.2210988998
LINESHAPE	     9451.1120000001	        5.2937083244
LINESHAPE	     9451.2480000001	        5.3715934753
LINESHAPE	     9451.3840000001	        5.4550137520
LINESHAPE	     9451.5200000001	        5.5442290306
LINESHAPE	     9451.6560000001	        5.6394996643
LINESHAPE	     9451.7920000001	        5.7410850525
LINESHAPE	     9451.9280000001	        5.8492398262
LINESHAPE	     9452.0640000001	        5.9642205238
LINESHAPE	     9452.2000000001	        6.0862722397
LINESHAPE	     9452.3360000001	        6.2156329155
LINESHAPE	     9452.4720000001	        6.3525376320
LINESHAPE	     9452.6080000001	        6.4972023964
LINESHAPE	     9452.7440000001	        6.6498379707
LINESHAPE	     9452.8800000001	        6.8106331825
LINESHAPE	     9453.0160000001	        6.9797687531
LINESHAPE	     9453.1520000001	        7.1573977470
LINESHAPE	     9453.2880000001	        7.3436589241
LINESHAPE	     9453.4240000001	        7.5386686325
LINESHAPE	     9453.5600000001	        7.7425117493
LINESHAPE	     9453.6960000001	        7.9552526474
LINESHAPE	     9453.8320000001	        8.1769247055
LINESHAPE	     9453.9680000001	        8.4075336456
LINESHAPE	     9454.1040000001	        8.6470451355
LINESHAPE	     9454.2400000001	        8.8953971863
LINESHAPE	     9454.3760000001	        9.1524887085
LINESHAPE	     9454.5120000001	        9.4181823730
LINESHAPE	     9454.6480000001	        9.6923007965
LINESHAPE	     9454.7840000001	        9.9746274948
LINESHAPE	     9454.9200000001	       10.2649040222
LINESHAPE	     9455.0560000001	       10.5628299713
LINESHAPE	     9455.1920000001	       10.8680610657
LINESHAPE	     9455.3280000001	       11.1802120209
LINESHAPE	     9455.4640000001	       11.4988508224
LINESHAPE	     9455.6000000001	       11.8235092163
LINESHAPE	     9455.7360000001	       12.1536693573
LINESHAPE	     9455.8720000001	       12.4887733459
LINESHAPE	     9456.0080000001	       12.8282232285
LINESHAPE	     9456.1440000001	       13.1713781357
LINESHAPE	     9456.2800000001	       13.5175638199
LINESHAPE	     9456.4160000001	       13.8660659790
LINESHAPE	     9456.5520000001	       14.2161359787
LINESHAPE	     9456.6880000001	       14.5669946671
LINESHAPE	     9456.8240000001	       14.9178333282
LINESHAPE	     9456.9600000001	       15.2678146362
LINESHAPE	     9457.0960000001	       15.6160831451
LINESHAPE	     9457.2320000001	       15.9617586136
LINESHAPE	     9457.3680000001	       16.3039455414
LINESHAPE	     9457.5040000001	       16.6417427063
LINESHAPE	     9457.6400000001	       16.9742317200
LINESHAPE	     9457.7760000001	       17.3004970551
LINESHAPE	     9457.9120000001	       17.6196193695
LINESHAPE	     9458.0480000001	       17.9306907654
LINESHAPE	     9458.1840000001	       18.2328052521
LINESHAPE	     9458.3200000001	       18.5250759125
LINESHAPE	     9458.4560000001	       18.8066368103
LINESHAPE	     9458.5920000001	       19.0766353607
LINESHAPE	     9458.7280000001	       19.3342609406
LINESHAPE	     9458.8640000001	       19.5787200928
LINESHAPE	     9459.0000000001	       19.8092689514
LINESHAPE	     9459.1360000001	       20.0251979828
LINESHAPE	     9459.2720000001	       20.2258396149
LINESHAPE	     9459.4080000001	       20.4105796814
LINESHAPE	     9459.5440000001	       20.5788555145
LINESHAPE	     9459.6800000001	       20.7301521301
LINESHAPE	     9459.8160000001	       20.8640193939
LINESHAPE	     9459.9520000001	       20.9800643921
LINESHAPE	     9460.0880000001	       21.0779609680
LINESHAPE	     9460.2240000001	       21.1574363708
LINESHAPE	     9460.3600000001	       21.2182922363
LINESHAPE	     9460.4960000001	       21.2603931427
LINESHAPE	     9460.6320000001	       21.2836723328
LINESHAPE	     9460.7680000001	       21.2881317139
LINESHAPE	     9460.9040000001	       21.2738342285
LINESHAPE	     9461.0400000001	       21.2409152985
LINESHAPE	     9461.1760000001	       21.1895713806
LINESHAPE	     9461.3120000001	       21.1200656891
LINESHAPE	     9461.4480000001	       21.0327243805
LINESHAPE	     9461.5840000001	       20.9279327393
LINESHAPE	     9461.7200000001	       20.8061313629
LINESHAPE	     9461.8560000001	       20.6678199768
LINESHAPE	     9461.9920000001	       20.5135478973
LINESHAPE	     9462.1280000001	       20.3439121246
LINESHAPE	     9462.2640000001	       20.1595592499
LINESHAPE	     9462.4000000001	       19.9611701965
LINESHAPE	     9462.5360000001	       19.7494697571
LINESHAPE	     9462.6720000001	       19.5252113342
LINESHAPE	     9462.8080000001	       19.2891769409
LINESHAPE	     9462.9440000001	       19.0421810150
LINESHAPE	     9463.0800000001	       18.7850456238
LINESHAPE	     9463.2160000001	       18.5186176300
LINESHAPE	     9463.3520000001	       18.2437534332
LINESHAPE	     9463.4880000001	       17.9613151550
LINESHAPE	     9463.6240000001	       17.6721687317
LINESHAPE	     9463.7600000001	       17.3771762848
LINESHAPE	     9463.8960000001	       17.0771999359
LINESHAPE	     9464.0320000001	       16.7730846405
LINESHAPE	     9464.1680000001	       16.4656734467
LINESHAPE	     9464.3040000001	       16.1557807922
LINESHAPE	     9464.4400000001	       15.8442087173
LINESHAPE	     9464.5760000001	       15.5317344666
LINESHAPE	     9464.7120000001	       15.2191085815
LINESHAPE	     9464.8480000001	       14.9070549011
LINESHAPE	     9464.9840000001	       14.5962648392
LINESHAPE	     9465.1200000001	       14.2874011993
LINESHAPE	     9465.2560000001	       13.9810876846
LINESHAPE	     9465.3920000001	       13.6779146194
LINESHAPE	     9465.5280000001	       13.3784332275
LINESHAPE	     9465.6640000001	       13.0831604004
LINESHAPE	     9465.8000000001	       12.7925720215
LINESHAPE	     9465.9360000001	       12.5071058273
LINESHAPE	     9466.0720000001	       12.2271566391
LINESHAPE	     9466.2080000001	       11.9530878067
LINESHAPE	     9466.3440000001	       11.6852169037
LINESHAPE	     9466.4800000001	       11.4238262177
LINESHAPE	     9466.6160000001	       11.1691589355
LINESHAPE	     9466.7520000001	       10.9214239120
LINESHAPE	     9466.8880000001	       10.6807937622
LINESHAPE	     9467.0240000001	       10.4474039078
LINESHAPE	     9467.1600000001	       10.2213602066
LINESHAPE	     9467.2960000001	       10.0027360916
LINESHAPE	     9467.4320000001	        9.7915725708
LINESHAPE	     9467.5680000001	        9.5878858566
LINESHAPE	     9467.7040000001	        9.3916625977
LINESHAPE	     9467.8400000001	        9.2028646469
LINESHAPE	     9467.9760000001	        9.0214347839
LINESHAPE	     9468.1120000001	        8.8472862244
LINESHAPE	     9468.2480000001	        8.6803226471
LINESHAPE	     9468.3840000001	        8.5204219818
LINESHAPE	     9468.5200000001	        8.3674488068
LINESHAPE	     9468.6560000001	        8.2212553024
LINESHAPE	     9468.7920000001	        8.0816783905
LINESHAPE	     9468.9280000001	        7.9485464096
LINESHAPE	     9469.0640000001	        7.8216753006
LINESHAPE	     9469.2000000001	        7.7008767128
LINESHAPE	     9469.3360000001	        7.5859546661
LINESHAPE	     9469.4720000001	        7.4767060280
LINESHAPE	     9469.6080000001	        7.3729290962
LINESHAPE	     9469.7440000001	        7.2744140625
LINESHAPE	     9469.8800000001	        7.1809549332
LINESHAPE	     9470.0160000001	        7.0923414230
LINESHAPE	     9470.1520000001	        7.0083680153
LINESHAPE	     9470.2880000001	        6.9288258553
LINESHAPE	     9470.4240000001	        6.8535151482
LINESHAPE	     9470.5600000001	        6.7822318077
LINESHAPE	     9470.6960000001	        6.7147831917
LINESHAPE	     9470.8320000001	        6.6509737968
LINESHAPE	     9470.9680000001	        6.5906200409
LINESHAPE	     9471.1040000001	        6.5335364342
LINESHAPE	     9471.2400000001	        6.4795489311
LINESHAPE	     9471.3760000001	        6.4284882545
LINESHAPE	     9471.5120000001	        6.3801879883
LINESHAPE	     9471.6480000001	        6.3344926834
LINESHAPE	     9471.7840000001	        6.2912483215
LINESHAPE	     9471.9200000001	        6.2503128052
LINESHAPE	     9472.0560000001	        6.2115449905
LINESHAPE	     9472.1920000001	        6.1748142242
LINESHAPE	     9472.3280000001	        6.1399965286
LINESHAPE	     9472.4640000001	        6.1069703102
LINESHAPE	     9472.6000000001	        6.0756254196
LINESHAPE	     9472.7360000001	        6.0458517075
LINESHAPE	     9472.8720000001	        6.0175509453
LINESHAPE	     9473.0080000001	        5.9906277657
LINESHAPE	     9473.1440000001	        5.9649920464
LINESHAPE	     9473.2800000001	        5.9405593872
LINESHAPE	     9473.4160000002	        5.9172525406
LINESHAPE	     9473.5520000002	        5.8949956894
LINESHAPE	     9473.6880000002	        5.8737206459
LINESHAPE	     9473.8240000002	        5.8533635139
LINESHAPE	     9473.9600000002	        5.8338618279
LINESHAPE	     9474.0960000002	        5.8151607513
LINESHAPE	     9474.2320000002	        5.7972083092
LINESHAPE	     9474.3680000002	        5.7799539566
LINESHAPE	     9474.5040000002	        5.7633528709
LINESHAPE	     9474.6400000002	        5.7473654747
LINESHAPE	     9474.7760000002	        5.7319478989
LINESHAPE	     9474.9120000002	        5.7170662880
LINESHAPE	     9475.0480000002	        5.7026882172
LINESHAPE	     9475.1840000002	        5.6887774467
LINESHAPE	     9475.3200000002	        5.6753053665
LINESHAPE	     9475.4560000002	        5.6622371674
LINESHAPE	     9475.5920000002	        5.6495189667
LINESHAPE	     9475.7280000002	        5.6366262436
LINESHAPE	     9475.8640000002	        5.6221022606
LINESHAPE	     9476.0000000002	        5.6104998589
LINESHAPE	     9476.1360000002	        5.5994234085
LINESHAPE	     9476.2720000002	        5.5886902809
LINESHAPE	     9476.4080000002	        5.5782322884
LINESHAPE	     9476.5440000002	        5.5680255890
LINESHAPE	     9476.6800000002	        5.5580511093
LINESHAPE	     9476.8160000002	        5.5482921600
LINESHAPE	     9476.9520000002	        5.5387406349
LINESHAPE	     9477.0880000002	        5.5293869972
LINESHAPE	     9477.2240000002	        5.5202193260
LINESHAPE	     9477.3600000002	        5.5112338066
LINESHAPE	     9477.4960000002	        5.5024189949
LINESHAPE	     9477.6320000002	        5.4937744141
LINESHAPE	     9477.7680000002	        5.4852848053
LINESHAPE	     9477.9040000002	        5.4769592285
LINESHAPE	     9478.0400000002	        5.4687776566
LINESHAPE	     9478.1760000002	        5.4607439041
LINESHAPE	     9478.3120000002	        5.4528508186
LINESHAPE	     9478.4480000002	        5.4450936317
LINESHAPE	     9478.5840000002	        5.4374685287
LINESHAPE	     9478.7200000002	        5.4299755096
LINESHAPE	     9478.8560000002	        5.4226055145
LINESHAPE	     9478.9920000002	        5.4153566360
LINESHAPE	     9479.1280000002	        5.4082250595
LINESHAPE	     9479.2640000002	        5.4012069702
LINESHAPE	     9479.4000000002	        5.3943009377
LINESHAPE	     9479.5360000002	        5.3875069618
LINESHAPE	     9479.6720000002	        5.3808140755
LINESHAPE	     9479.8080000002	        5.3742270470
LINESHAPE	     9479.9440000002	        5.3677396774
LINESHAPE	     9480.0800000002	        5.3613495827
LINESHAPE	     9480.2160000002	        5.3550543785
LINESHAPE	     9480.3520000002	        5.3488521576
LINESHAPE	     9480.4880000002	        5.3427400589
LINESHAPE	     9480.6240000002	        5.3367166519
LINESHAPE	     9480.7600000002	        5.3307800293
LINESHAPE	     9480.8960000002	        5.3249297142
LINESHAPE	     9481.0320000002	        5.3191585541
LINESHAPE	     9481.1680000002	        5.3134703636
LINESHAPE	     9481.3040000002	        5.3078575134
LINESHAPE	     9481.4400000002	        5.3023238182
LINESHAPE	     9481.5760000002	        5.2968659401
LINESHAPE	     9481.7120000002	        5.2914805412
LINESHAPE	     9481.8480000002	        5.2861652374
LINESHAPE	     9481.9840000002	        5.2809214592
LINESHAPE	     9482.1200000002	        5.2757463455
LINESHAPE	     9482.2560000002	        5.2706389427
LINESHAPE	     9482.3920000002	        5.2655973434
LINESHAPE	     9482.5280000002	        5.2606205940
LINESHAPE	     9482.6640000002	        5.2557086945
LINESHAPE	     9482.8000000002	        5.2508559227
LINESHAPE	     9482.9360000002	        5.2460637093
LINESHAPE	     9483.0720000002	        5.2413301468
LINESHAPE	     9483.2080000002	        5.2366571426
LINESHAPE	     9483.3440000002	        5.2320389748
LINESHAPE	     9483.4800000002	        5.2274789810
LINESHAPE	     9483.6160000002	        5.2229714394
LINESHAPE	     9483.7520000002	        5.2185192108
LINESHAPE	     9483.8880000002	        5.2141175270
LINESHAPE	     9484.0240000002	        5.2097697258
LINESHAPE	     9484.1600000002	        5.2054705620
LINESHAPE	     9484.2960000002	        5.2012228966
LINESHAPE	     9484.4320000002	        5.1970243454
LINESHAPE	     9484.5680000002	        5.1928730011
LINESHAPE	     9484.7040000002	        5.1887664795
LINESHAPE	     9484.8400000002	        5.1847085953
LINESHAPE	     9484.9760000002	        5.1806960106
LINESHAPE	     9485.1120000002	        5.1767277718
LINESHAPE	     9485.2480000002	        5.1728029251
LINESHAPE	     9485.3840000002	        5.1689209938
LINESHAPE	     9485.5200000002	        5.1650810242
LINESHAPE	     9485.6560000002	        5.1612830162
LINESHAPE	     9485.7920000002	        5.1575255394
LINESHAPE	     9485.9280000002	        5.1538076401
LINESHAPE	     9486.0640000002	        5.1501288414
LINESHAPE	     9486.2000000002	        5.1464886665
LINESHAPE	     9486.3360000002	        5.1428866386
LINESHAPE	     9486.4720000002	        5.1393213272
LINESHAPE	     9486.6080000002	        5.1357927322
LINESHAPE	     9486.7440000002	        5.1323008537
LINESHAPE	     9486.8800000002	        5.1288466454
LINESHAPE	     9487.0160000002	        5.1254253387
LINESHAPE	     9487.1520000002	        5.1220378876
LINESHAPE	     9487.2880000002	        5.1186838150
LINESHAPE	     9487.4240000002	        5.1153655052
LINESHAPE	     9487.5600000002	        5.1120781898
LINESHAPE	     9487.6960000002	        5.1088232994
LINESHAPE	     9487.8320000002	        5.1056013107
LINESHAPE	     9487.9680000002	        5.1024084091
LINESHAPE	     9488.1040000002	        5.0992460251
LINESHAPE	     9488.2400000002	        5.0961170197
LINESHAPE	     9488.3760000002	        5.0930137634
LINESHAPE	     9488.5120000002	        5.0899429321
LINESHAPE	     9488.6480000002	        5.0868992805
LINESHAPE	     9488.7840000002	        5.0838856697
LINESHAPE	     9488.9200000002	        5.0808987617
LINESHAPE	     9489.0560000002	        5.0779404640
LINESHAPE	     9489.1920000002	        5.0750079155
LINESHAPE	     9489.3280000002	        5.0721035004
LINESHAPE	     9489.4640000002	        5.0692253113
LINESHAPE	     9489.6000000002	        5.0663714409
LINESHAPE	     9489.7360000002	        5.0635442734
LINESHAPE	     9489.8720000002	        5.0607419014
LINESHAPE	     9490.0080000002	        5.0579657555
LINESHAPE	     9490.1440000002	        5.0552144051
LINESHAPE	     9490.2800000002	        5.0524849892
LINESHAPE	     9490.4160000002	        5.0497808456
LINESHAPE	     9490.5520000002	        5.0471000671
LINESHAPE	     9490.6880000002	        5.0444426537
LINESHAPE	     9490.8240000002	        5.0418062210
LINESHAPE	     9490.9600000002	        5.0391941071
LINESHAPE	     9491.0960000002	        5.0366048813
LINESHAPE	     9491.2320000002	        5.0340371132
LINESHAPE	     9491.3680000002	        5.0314893723
LINESHAPE	     9491.5040000002	        5.0289645195
LINESHAPE	     9491.6400000002	        5.0264592171
LINESHAPE	     9491.7760000002	        5.0239763260
LINESHAPE	     9491.9120000002	        5.0215134621
LINESHAPE	     9492.0480000002	        5.0190701485
LINESHAPE	     9492.1840000002	        5.0166478157
LINESHAPE	     9492.3200000002	        5.0142431259
LINESHAPE	     9492.4560000002	        5.0118584633
LINESHAPE	     9492.5920000002	        5.0094938278
LINESHAPE	     9492.7280000002	        5.0071482658
LINESHAPE	     9492.8640000002	        5.0048208237
LINESHAPE	     9493.0000000002	        5.0025129318
LINESHAPE	     9493.1360000002	        5.0002207756
LINESHAPE	     9493.2720000002	        4.9979481697
LINESHAPE	     9493.4080000002	        4.9956936836
LINESHAPE	     9493.5440000002	        4.9934558868
LINESHAPE	     9493.6800000002	        4.9912352562
LINESHAPE	     9493.8160000002	        4.9890317917
LINESHAPE	     9493.9520000002	        4.9868454933
LINESHAPE	     9494.0880000002	        4.9846749306
LINESHAPE	     9494.2240000002	        4.9825220108
LINESHAPE	     9494.3600000002	        4.9803853035
LINESHAPE	     9494.4960000002	        4.9782629013
LINESHAPE	     9494.6320000002	        4.9761590958
LINESHAPE	     9494.7680000002	        4.9740695953
LINESHAPE	     9494.9040000002	        4.9719948769
LINESHAPE	     9495.0400000002	        4.9699363708
LINESHAPE	     9495.1760000002	        4.9678912163
LINESHAPE	     9495.3120000002	        4.9658622742
LINESHAPE	     9495.4480000002	        4.9638481140
LINESHAPE	     9495.5840000002	        4.9618482590
LINESHAPE	     9495.7200000002	        4.9598627090
LINESHAPE	     9495.8560000002	        4.9578919411
LINESHAPE	     9495.9920000002	        4.9559350014
LINESHAPE	     9496.1280000002	        4.9539914131
LINESHAPE	     9496.2640000002	        4.9520606995
LINESHAPE	     9496.4000000002	        4.9501461983
LINESHAPE	     9496.5360000002	        4.9482431412
LINESHAPE	     9496.6720000002	        4.9463534355
LINESHAPE	     9496.8080000002	        4.9444766045
LINESHAPE	     9496.9440000002	        4.9426145554
LINESHAPE	     9497.0800000002	        4.9407634735
LINESHAPE	     9497.2160000002	        4.9389257431
LINESHAPE	     9497.3520000002	        4.9370989799
LINESHAPE	     9497.4880000002	        4.9352869987
LINESHAPE	     9497.6240000002	        4.9334859848
LINESHAPE	     9497.7600000002	        4.9316973686
LINESHAPE	     9497.8960000002	        4.9299206734
LINESHAPE	     9498.0320000002	        4.9281558990
LINESHAPE	     9498.1680000002	        4.9264025688
LINESHAPE	     9498.3040000002	        4.9246611595
LINESHAPE	     9498.4400000002	        4.9229307175
LINESHAPE	     9498.5760000002	        4.9212121964
LINESHAPE	     9498.7120000002	        4.9195055962
LINESHAPE	     9498.8480000002	        4.9178075790
LINESHAPE	     9498.9840000002	        4.9161233902
LINESHAPE	     9499.1200000002	        4.9144482613
LINESHAPE	     9499.2560000002	        4.9127826691
LINESHAPE	     9499.3920000002	        4.9111309052
LINESHAPE	     9499.5280000002	        4.9094877243
LINESHAPE	     9499.6640000002	        4.9078564644
LINESHAPE	     9499.8000000002	        4.9062328339
LINESHAPE	     9499.9360000002	        4.9046211243
LINESHAPE	     9500.0720000002	        4.9030199051
LINESHAPE	     9500.2080000002	        4.9014267921
LINESHAPE	     9500.3440000002	        4.8998460770
LINESHAPE	     9500.4800000002	        4.8982734680
LINESHAPE	     9500.6160000002	        4.8967103958
LINESHAPE	     9500.7520000002	        4.8951578140
LINESHAPE	     9500.8880000002	        4.8936152458
LINESHAPE	     9501.0240000002	        4.8920793533
LINESHAPE	     9501.1600000002	        4.8905553818
LINESHAPE	     9501.2960000002	        4.8890399933
LINESHAPE	     9501.4320000002	        4.8875327110
LINESHAPE	     9501.5680000002	        4.8860349655
LINESHAPE	     9501.7040000002	        4.8845477104
LINESHAPE	     9501.8400000002	        4.8830676079
LINESHAPE	     9501.9760000002	        4.8815960884
LINESHAPE	     9502.1120000002	        4.8801336288
LINESHAPE	     9502.2480000002	        4.8786797523
LINESHAPE	     9502.3840000002	        4.8772335052
LINESHAPE	     9502.5200000002	        4.8757982254
LINESHAPE	     9502.6560000002	        4.8743691444
LINESHAPE	     9502.7920000002	        4.8729481697
LINESHAPE	     9502.9280000002	        4.8715372086
LINESHAPE	     9503.0640000002	        4.8701319695
LINESHAPE	     9503.2000000002	        4.8687362671
LINESHAPE	     9503.3360000002	        4.8673486710
LINESHAPE	     9503.4720000002	        4.8659677505
LINESHAPE	     9503.6080000002	        4.8645954132
LINESHAPE	     9503.7440000002	        4.8632302284
LINESHAPE	     9503.8800000002	        4.8618736267
LINESHAPE	     9504.0160000002	        4.8605241776
LINESHAPE	     9504.1520000002	        4.8591814041
LINESHAPE	     9504.2880000002	        4.8578472137
LINESHAPE	     9504.4240000002	        4.8565192223
LINESHAPE	     9504.5600000002	        4.8551988602
LINESHAPE	     9504.6960000002	        4.8538870811
LINESHAPE	     9504.8320000002	        4.8525810242
LINESHAPE	     9504.9680000002	        4.8512821198
LINESHAPE	     9505.1040000002	        4.8499913216
LINESHAPE	     9505.2400000002	        4.8487062454
LINESHAPE	     9505.3760000002	        4.8474283218
LINESHAPE	     9505.5120000002	        4.8461585045
LINESHAPE	     9505.6480000003	        4.8448939323
LINESHAPE	     9505.7840000003	        4.8436360359
LINESHAPE	     9505.9200000003	        4.8423867226
LINESHAPE	     9506.0560000003	        4.8411417007
LINESHAPE	     9506.1920000003	        4.8399043083
LINESHAPE	     9506.3280000003	        4.8386731148
LINESHAPE	     9506.4640000003	        4.8374481201
LINESHAPE	     9506.6000000003	        4.8362307549
LINESHAPE	     9506.7360000003	        4.8350176811
LINESHAPE	     9506.8720000003	        4.8338122368
LINESHAPE	     9507.0080000003	        4.8326129913
LINESHAPE	     9507.1440000003	        4.8314204216
LINESHAPE	     9507.2800000003	        4.8302316666
LINESHAPE	     9507.4160000003	        4.8290510178
LINESHAPE	     9507.5520000003	        4.8278765678
LINESHAPE	     9507.6880000003	        4.8267068863
LINESHAPE	     9507.8240000003	        4.8255429268
LINESHAPE	     9507.9600000003	        4.8243861198
LINESHAPE	     9508.0960000003	        4.8232336044
LINESHAPE	     9508.2320000003	        4.8220882416
LINESHAPE	     9508.3680000003	        4.8209457397
LINESHAPE	     9508.5040000003	        4.8198122978
LINESHAPE	     9508.6400000003	        4.8186826706
LINESHAPE	     9508.7760000003	        4.8175592422
LINESHAPE	     9508.9120000003	        4.8164420128
LINESHAPE	     9509.0480000003	        4.8153295517
LINESHAPE	     9509.1840000003	        4.8142213821
LINESHAPE	     9509.3200000003	        4.8131194115
LINESHAPE	     9509.4560000003	        4.8120236397
LINESHAPE	     9509.5920000003	        4.8109316826
LINESHAPE	     9509.7280000003	        4.8098459244
LINESHAPE	     9509.8640000003	        4.8087649345
LINESHAPE	     9510.0000000003	        4.8076882362
LINESHAPE	     9510.1360000003	        4.8066182137
LINESHAPE	     9510.2720000003	        4.8055524826
LINESHAPE	     9510.4080000003	        4.8044924736
LINESHAPE	     9510.5440000003	        4.8034367561
LINESHAPE	     9510.6800000003	        4.8023858070
LINESHAPE	     9510.8160000003	        4.8013396263
LINESHAPE	     9510.9520000003	        4.8002991676
LINESHAPE	     9511.0880000003	        4.7992630005
LINESHAPE	     9511.2240000003	        4.7982320786
LINESHAPE	     9511.3600000003	        4.7972064018
LINESHAPE	     9511.4960000003	        4.7961835861
LINESHAPE	     9511.6320000003	        4.7951669693
LINESHAPE	     9511.7680000003	        4.7941536903
LINESHAPE	     9511.9040000003	        4.7931466103
LINESHAPE	     9512.0400000003	        4.7921428680
LINESHAPE	     9512.1760000003	        4.7911429405
LINESHAPE	     9512.3120000003	        4.7901492119
LINESHAPE	     9512.4480000003	        4.7891597748
LINESHAPE	     9512.5840000003	        4.7881736755
LINESHAPE	     9512.7200000003	        4.7871932983
LINESHAPE	     9512.8560000003	        4.7862167358
LINESHAPE	     9512.9920000003	        4.7852439880
LINESHAPE	     9513.1280000003	        4.7842769623
LINESHAPE	     9513.2640000003	        4.7833123207
LINESHAPE	     9513.4000000003	        4.7823529243
LINESHAPE	     9513.5360000003	        4.7813968658
LINESHAPE	     9513.6720000003	        4.7804460526
LINESHAPE	     9513.8080000003	        4.7794995308
LINESHAPE	     9513.9440000003	        4.7785563469
LINESHAPE	     9514.0800000003	        4.7776169777
LINESHAPE	     9514.2160000003	        4.7766828537
LINESHAPE	     9514.3520000003	        4.7757506371
LINESHAPE	     9514.4880000003	        4.7748231888
LINESHAPE	     9514.6240000003	        4.7738990784
LINESHAPE	     9514.7600000003	        4.7729811668
LINESHAPE	     9514.8960000003	        4.7720661163
LINESHAPE	     9515.0320000003	        4.7711544037
LINESHAPE	     9515.1680000003	        4.7702469826
LINESHAPE	     9515.3040000003	        4.7693438530
LINESHAPE	     9515.4400000003	        4.7684426308
LINESHAPE	     9515.5760000003	        4.7675476074
LINESHAPE	     9515.7120000003	        4.7666544914
LINESHAPE	     9515.8480000003	        4.7657661438
LINESHAPE	     9515.9840000003	        4.7648801804
LINESHAPE	     9516.1200000003	        4.7639985085
LINESHAPE	     9516.2560000003	        4.7631211281
LINESHAPE	     9516.3920000003	        4.7622475624
LINESHAPE	     9516.5280000003	        4.7613768578
LINESHAPE	     9516.6640000003	        4.7605104446
LINESHAPE	     9516.8000000003	        4.7596464157
LINESHAPE	     9516.9360000003	        4.7587866783
LINESHAPE	     9517.0720000003	        4.7579288483
LINESHAPE	     9517.2080000003	        4.7570757866
LINESHAPE	     9517.3440000003	        4.7562255859
LINESHAPE	     9517.4800000003	        4.7553792000
LINESHAPE	     9517.6160000003	        4.7545366287
LINESHAPE	     9517.7520000003	        4.7536969185
LINESHAPE	     9517.8880000003	        4.7528595924
LINESHAPE	     9518.0240000003	        4.7520256042
LINESHAPE	     9518.1600000003	        4.7511959076
LINESHAPE	     9518.2960000003	        4.7503695488
LINESHAPE	     9518.4320000003	        4.7495460510
LINESHAPE	     9518.5680000003	        4.7487254143
LINESHAPE	     9518.7040000003	        4.7479090691
LINESHAPE	     9518.8400000003	        4.7470941544
LINESHAPE	     9518.9760000003	        4.7462849617
LINESHAPE	     9519.1120000003	        4.7454762459
LINESHAPE	     9519.2480000003	        4.7446722984
LINESHAPE	     9519.3840000003	        4.7438707352
LINESHAPE	     9519.5200000003	        4.7430725098
LINESHAPE	     9519.6560000003	        4.7422766685
LINESHAPE	     9519.7920000003	        4.7414836884
LINESHAPE	     9519.9280000003	        4.7406945229
LINESHAPE	     9520.0640000003	        4.7399072647
LINESHAPE	     9520.2000000003	        4.7391242981
LINESHAPE	     9520.3360000003	        4.7383446693
LINESHAPE	     9520.4720000003	        4.7375664711
LINESHAPE	     9520.6080000003	        4.7367916107
LINESHAPE	     9520.7440000003	        4.7360210419
LINESHAPE	     9520.8800000003	        4.7352509499
LINESHAPE	     9521.0160000003	        4.7344841957
LINESHAPE	     9521.1520000003	        4.7337203026
LINESHAPE	     9521.2880000003	        4.7329602242
LINESHAPE	     9521.4240000003	        4.7322034836
LINESHAPE	     9521.5600000003	        4.7314476967
LINESHAPE	     9521.6960000003	        4.7306957245
LINESHAPE	     9521.8320000003	        4.7299456596
LINESHAPE	     9521.9680000003	        4.7291994095
LINESHAPE	     9522.1040000003	        4.7284541130
LINESHAPE	     9522.2400000003	        4.7277126312
LINESHAPE	     9522.3760000003	        4.7269754410
LINESHAPE	     9522.5120000003	        4.7262382507
LINESHAPE	     9522.6480000003	        4.7255048752
LINESHAPE	     9522.7840000003	        4.7247724533
LINESHAPE	     9522.9200000003	        4.7240452766
LINESHAPE	     9523.0560000003	        4.7233190536
LINESHAPE	     9523.1920000003	        4.7225956917
LINESHAPE	     9523.3280000003	        4.7218756676
LINESHAPE	     9523.4640000003	        4.7211570740
LINESHAPE	     9523.6000000003	        4.7204418182
LINESHAPE	     9523.7360000003	        4.7197275162
LINESHAPE	     9523.8720000003	        4.7190165520
LINESHAPE	     9524.0080000003	        4.7183098793
LINESHAPE	     9524.1440000003	        4.7176032066
LINESHAPE	     9524.2800000003	        4.7168998718
LINESHAPE	     9524.4160000003	        4.7161974907
LINESHAPE	     9524.5520000003	        4.7154998779
LINESHAPE	     9524.6880000003	        4.7148041725
LINESHAPE	     9524.8240000003	        4.7141094208
LINESHAPE	     9524.9600000003	        4.7134184837
LINESHAPE	     9525.0960000003	        4.7127289772
LINESHAPE	     9525.2320000003	        4.7120423317
LINESHAPE	     9525.3680000003	        4.7113571167
LINESHAPE	     9525.5040000003	        4.7106757164
LINESHAPE	     9525.6400000003	        4.7099957466
LINESHAPE	     9525.7760000003	        4.7093172073
LINESHAPE	     9525.9120000003	        4.7086424828
LINESHAPE	     9526.0480000003	        4.7079696655
LINESHAPE	     9526.1840000003	        4.7072978020
LINESHAPE	     9526.3200000003	        4.7066287994
LINESHAPE	     9526.4560000003	        4.7059621811
LINESHAPE	     9526.5920000003	        4.7052993774
LINESHAPE	     9526.7280000003	        4.7046360970
LINESHAPE	     9526.8640000003	        4.7039752007
LINESHAPE	     9527.0000000003	        4.7033171654
LINESHAPE	     9527.1360000003	        4.7026629448
LINESHAPE	     9527.2720000003	        4.7020087242
LINESHAPE	     9527.4080000003	        4.7013564110
LINESHAPE	     9527.5440000003	        4.7007064819
LINESHAPE	     9527.6800000003	        4.7000608444
LINESHAPE	     9527.8160000003	        4.6994147301
LINESHAPE	     9527.9520000003	        4.6987709999
LINESHAPE	     9528.0880000003	        4.6981310844
LINESHAPE	     9528.2240000003	        4.6974911690
LINESHAPE	     9528.3600000003	        4.6968541145
LINESHAPE	     9528.4960000003	        4.6962189674
LINESHAPE	     9528.6320000003	        4.6955857277
LINESHAPE	     9528.7680000003	        4.6949553490
LINESHAPE	     9528.9040000003	        4.6943254471
LINESHAPE	     9529.0400000003	        4.6936974525
LINESHAPE	     9529.1760000003	        4.6930723190
LINESHAPE	     9529.3120000003	        4.6924500465
LINESHAPE	     9529.4480000003	        4.6918287277
LINESHAPE	     9529.5840000003	        4.6912083626
LINESHAPE	     9529.7200000003	        4.6905908585
LINESHAPE	     9529.8560000003	        4.6899762154
LINESHAPE	     9529.9920000003	        4.6893615723
LINESHAPE	     9530.1280000003	        4.6887488365
LINESHAPE	     9530.2640000003	        4.6881408691
LINESHAPE	     9530.4000000003	        4.6875314713
LINESHAPE	     9530.5360000003	        4.6869244576
LINESHAPE	     9530.6720000003	        4.6863207817
LINESHAPE	     9530.8080000003	        4.6857185364
LINESHAPE	     9530.9440000003	        4.6851172447
LINESHAPE	     9531.0800000003	        4.6845188141
LINESHAPE	     9531.2160000003	        4.6839208603
LINESHAPE	     9531.3520000003	        4.6833252907
LINESHAPE	     9531.4880000003	        4.6827311516
LINESHAPE	     9531.6240000003	        4.6821398735
LINESHAPE	     9531.7600000003	        4.6815495491
LINESHAPE	     9531.8960000003	        4.6809597015
LINESHAPE	     9532.0320000003	        4.6803746223
LINESHAPE	     9532.1680000003	        4.6797890663
LINESHAPE	     9532.3040000003	        4.6792049408
LINESHAPE	     9532.4400000003	        4.6786236763
LINESHAPE	     9532.5760000003	        4.6780443192
LINESHAPE	     9532.7120000003	        4.6774654388
LINESHAPE	     9532.8480000003	        4.6768894196
LINESHAPE	     9532.9840000003	        4.6763153076
LINESHAPE	     9533.1200000003	        4.6757407188
LINESHAPE	     9533.2560000003	        4.6751694679
LINESHAPE	     9533.3920000003	        4.6745996475
LINESHAPE	     9533.5280000003	        4.6740307808
LINESHAPE	     9533.6640000003	        4.6734642982
LINESHAPE	     9533.8000000003	        4.6728997231
LINESHAPE	     9533.9360000003	        4.6723351479
LINESHAPE	     9534.0720000003	        4.6717739105
LINESHAPE	     9534.2080000003	        4.6712145805
LINESHAPE	     9534.3440000003	        4.6706547737
LINESHAPE	     9534.4800000003	        4.6700973511
LINESHAPE	     9534.6160000003	        4.6695418358
LINESHAPE	     9534.7520000003	        4.6689887047
LINESHAPE	     9534.8880000003	        4.6684350967
LINESHAPE	     9535.0240000003	        4.6678848267
LINESHAPE	     9535.1600000003	        4.6673350334
LINESHAPE	     9535.2960000003	        4.6667871475
LINESHAPE	     9535.4320000003	        4.6662406921
LINESHAPE	     9535.5680000003	        4.6656961441
LINESHAPE	     9535.7040000003	        4.6651515961
LINESHAPE	     9535.8400000003	        4.6646113396
LINESHAPE	     9535.9760000003	        4.6640706062
LINESHAPE	     9536.1120000003	        4.6635303497
LINESHAPE	     9536.2480000003	        4.6629943848
LINESHAPE	     9536.3840000003	        4.6624574661
LINESHAPE	     9536.5200000003	        4.6619224548
LINESHAPE	     9536.6560000003	        4.6613903046
LINESHAPE	     9536.7920000003	        4.6608581543
LINESHAPE	     9536.9280000003	        4.6603274345
LINESHAPE	     9537.0640000003	        4.6597995758
LINESHAPE	     9537.2000000003	        4.6592712402
LINESHAPE	     9537.3360000003	        4.6587452888
LINESHAPE	     9537.4720000003	        4.6582198143
LINESHAPE	     9537.6080000003	        4.6576976776
LINESHAPE	     9537.7440000003	        4.6571755409
LINESHAPE	     9537.8800000004	        4.6566548347
LINESHAPE	     9538.0160000004	        4.6561365128
LINESHAPE	     9538.1520000004	        4.6556177139
LINESHAPE	     9538.2880000004	        4.6551017761
LINESHAPE	     9538.4240000004	        4.6545863152
LINESHAPE	     9538.5600000004	        4.6540722847
LINESHAPE	     9538.6960000004	        4.6535601616
LINESHAPE	     9538.8320000004	        4.6530489922
LINESHAPE	     9538.9680000004	        4.6525402069
LINESHAPE	     9539.1040000004	        4.6520309448
LINESHAPE	     9539.2400000004	        4.6515226364
LINESHAPE	     9539.3760000004	        4.6510186195
LINESHAPE	     9539.5120000004	        4.6505131721
LINESHAPE	     9539.6480000004	        4.6500096321
LINESHAPE	     9539.7840000004	        4.6495089531
LINESHAPE	     9539.9200000004	        4.6490073204
LINESHAPE	     9540.0560000004	        4.6485075951
LINESHAPE	     9540.1920000004	        4.6480093002
LINESHAPE	     9540.3280000004	        4.6475133896
LINESHAPE	     9540.4640000004	        4.6470165253
LINESHAPE	     9540.6000000004	        4.6465229988
LINESHAPE	     9540.7360000004	        4.6460289955
LINESHAPE	     9540.8720000004	        4.6455383301
LINESHAPE	     9541.0080000004	        4.6450462341
LINESHAPE	     9541.1440000004	        4.6445565224
LINESHAPE	     9541.2800000004	        4.6440691948
LINESHAPE	     9541.4160000004	        4.6435813904
LINESHAPE	     9541.5520000004	        4.6430950165
LINESHAPE	     9541.6880000004	        4.6426115036
LINESHAPE	     9541.8240000004	        4.6421275139
LINESHAPE	     9541.9600000004	        4.6416444778
LINESHAPE	     9542.0960000004	        4.6411633492
LINESHAPE	     9542.2320000004	        4.6406841278
LINESHAPE	     9542.3680000004	        4.6402058601
LINESHAPE	     9542.5040000004	        4.6397271156
LINESHAPE	     9542.6400000004	        4.6392493248
LINESHAPE	     9542.7760000004	        4.6387763023
LINESHAPE	     9542.9120000004	        4.6383008957
LINESHAPE	     9543.0480000004	        4.6378283501
LINESHAPE	     9543.1840000004	        4.6373567581
LINESHAPE	     9543.3200000004	        4.6368851662
LINESHAPE	     9543.4560000004	        4.6364154816
LINESHAPE	     9543.5920000004	        4.6359472275
LINESHAPE	     9543.7280000004	        4.6354794502
LINESHAPE	     9543.8640000004	        4.6350131035
LINESHAPE	     9544.0000000004	        4.6345481873
LINESHAPE	     9544.1360000004	        4.6340842247
LINESHAPE	     9544.2720000004	        4.6336207390
LINESHAPE	     9544.4080000004	        4.6331582069
LINESHAPE	     9544.5440000004	        4.6326980591
LINESHAPE	     9544.6800000004	        4.6322379112
LINESHAPE	     9544.8160000004	        4.6317787170
LINESHAPE	     9544.9520000004	        4.6313204765
LINESHAPE	     9545.0880000004	        4.6308650970
LINESHAPE	     9545.2240000004	        4.6304078102
LINESHAPE	     9545.3600000004	        4.6299548149
LINESHAPE	     9545.4960000004	        4.6295003891
LINESHAPE	     9545.6320000004	        4.6290493011
LINESHAPE	     9545.7680000004	        4.6285972595
LINESHAPE	     9545.9040000004	        4.6281471252
LINESHAPE	     9546.0400000004	        4.6276969910
LINESHAPE	     9546.1760000004	        4.6272487640
LINESHAPE	     9546.3120000004	        4.6268014908
LINESHAPE	     9546.4480000004	        4.6263556480
LINESHAPE	     9546.5840000004	        4.6259093285
LINESHAPE	     9546.7200000004	        4.6254658699
LINESHAPE	     9546.8560000004	        4.6250209808
LINESHAPE	     9546.9920000004	        4.6245803833
LINESHAPE	     9547.1280000004	        4.6241388321
LINESHAPE	     9547.2640000004	        4.6236977577
LINESHAPE	     9547.4000000004	        4.6232576370
LINESHAPE	     9547.5360000004	        4.6228208542
LINESHAPE	     9547.6720000004	        4.6223840714
LINESHAPE	     9547.8080000004	        4.6219463348
LINESHAPE	     9547.9440000004	        4.6215105057
LINESHAPE	     9548.0800000004	        4.6210770607
LINESHAPE	     9548.2160000004	        4.6206431389
LINESHAPE	     9548.3520000004	        4.6202101707
LINESHAPE	     9548.4880000004	        4.6197786331
LINESHAPE	     9548.6240000004	        4.6193475723
LINESHAPE	     9548.7600000004	        4.6189188957
LINESHAPE	     9548.8960000004	        4.6184887886
LINESHAPE	     9549.0320000004	        4.6180610657
LINESHAPE	     9549.1680000004	        4.6176342964
LINESHAPE	     9549.3040000004	        4.6172084808
LINESHAPE	     9549.4400000004	        4.6167826653
LINESHAPE	     9549.5760000004	        4.6163582802
LINESHAPE	     9549.7120000004	        4.6159338951
LINESHAPE	     9549.8480000004	        4.6155133247
LINESHAPE	     9549.9840000004	        4.6150908470
LINESHAPE	     9550.1200000004	        4.6146707535
LINESHAPE	     9550.2560000004	        4.6142501831
LINESHAPE	     9550.3920000004	        4.6138319969
LINESHAPE	     9550.5280000004	        4.6134142876
LINESHAPE	     9550.6640000004	        4.6129961014
LINESHAPE	     9550.8000000004	        4.6125802994
LINESHAPE	     9550.9360000004	        4.6121654510
LINESHAPE	     9551.0720000004	        4.6117506027
LINESHAPE	     9551.2080000004	        4.6113371849
LINESHAPE	     9551.3440000004	        4.6109232903
LINESHAPE	     9551.4800000004	        4.6105113029
LINESHAPE	     9551.6160000004	        4.6101007462
LINESHAPE	     9551.7520000004	        4.6096916199
LINESHAPE	     9551.8880000004	        4.6092810631
LINESHAPE	     9552.0240000004	        4.6088724136
LINESHAPE	     9552.1600000004	        4.6084647179
LINESHAPE	     9552.2960000004	        4.6080584526
LINESHAPE	     9552.4320000004	        4.6076517105
LINESHAPE	     9552.5680000004	        4.6072463989
LINESHAPE	     9552.7040000004	        4.6068410873
LINESHAPE	     9552.8400000004	        4.6064395905
LINESHAPE	     9552.9760000004	        4.6060361862
LINESHAPE	     9553.1120000004	        4.6056342125
LINESHAPE	     9553.2480000004	        4.6052327156
LINESHAPE	     9553.3840000004	        4.6048312187
LINESHAPE	     9553.5200000004	        4.6044330597
LINESHAPE	     9553.6560000004	        4.6040339470
LINESHAPE	     9553.7920000004	        4.6036367416
LINESHAPE	     9553.9280000004	        4.6032385826
LINESHAPE	     9554.0640000004	        4.6028423309
LINESHAPE	     9554.2000000004	        4.6024479866
LINESHAPE	     9554.3360000004	        4.6020517349
LINESHAPE	     9554.4720000004	        4.6016578674
LINESHAPE	     9554.6080000004	        4.6012649536
LINESHAPE	     9554.7440000004	        4.6008720398
LINESHAPE	     9554.8800000004	        4.6004810333
LINESHAPE	     9555.0160000004	        4.6000895500
LINESHAPE	     9555.1520000004	        4.5996999741
LINESHAPE	     9555.2880000004	        4.5993089676
LINESHAPE	     9555.4240000004	        4.5989222527
LINESHAPE	     9555.5600000004	        4.5985341072
LINESHAPE	     9555.6960000004	        4.5981469154
LINESHAPE	     9555.8320000004	        4.5977602005
LINESHAPE	     9555.9680000004	        4.5973739624
LINESHAPE	     9556.1040000004	        4.5969896317
LINESHAPE	     9556.2400000004	        4.5966062546
LINESHAPE	     9556.3760000004	        4.5962224007
LINESHAPE	     9556.5120000004	        4.5958395004
LINESHAPE	     9556.6480000004	        4.5954566002
LINESHAPE	     9556.7840000004	        4.5950765610
LINESHAPE	     9556.9200000004	        4.5946965218
LINESHAPE	     9557.0560000004	        4.5943160057
LINESHAPE	     9557.1920000004	        4.5939364433
LINESHAPE	     9557.3280000004	        4.5935587883
LINESHAPE	     9557.4640000004	        4.5931801796
LINESHAPE	     9557.6000000004	        4.5928039551
LINESHAPE	     9557.7360000004	        4.5924272537
LINESHAPE	     9557.8720000004	        4.5920529366
LINESHAPE	     9558.0080000004	        4.5916771889
LINESHAPE	     9558.1440000004	        4.5913023949
LINESHAPE	     9558.2800000004	        4.5909295082
LINESHAPE	     9558.4160000004	        4.5905570984
LINESHAPE	     9558.5520000004	        4.5901856422
LINESHAPE	     9558.6880000004	        4.5898137093
LINESHAPE	     9558.8240000004	        4.5894422531
LINESHAPE	     9558.9600000004	        4.5890722275
LINESHAPE	     9559.0960000004	        4.5887026787
LINESHAPE	     9559.2320000004	        4.5883350372
LINESHAPE	     9559.3680000004	        4.5879669189
LINESHAPE	     9559.5040000004	        4.5875992775
LINESHAPE	     9559.6400000004	        4.5872325897
LINESHAPE	     9559.7760000004	        4.5868654251
LINESHAPE	     9559.9120000004	        4.5865015984
LINESHAPE	     9560.0480000004	        4.5861372948
LINESHAPE	     9560.1840000004	        4.5857725143
LINESHAPE	     9560.3200000004	        4.5854082108
LINESHAPE	     9560.4560000004	        4.5850472450
LINESHAPE	     9560.5920000004	        4.5846838951
LINESHAPE	     9560.7280000004	        4.5843238831
LINESHAPE	     9560.8640000004	        4.5839619637
LINESHAPE	     9561.0000000004	        4.5836024284
LINESHAPE	     9561.1360000004	        4.5832428932
LINESHAPE	     9561.2720000004	        4.5828828812
LINESHAPE	     9561.4080000004	        4.5825252533
LINESHAPE	     9561.5440000004	        4.5821685791
LINESHAPE	     9561.6800000004	        4.5818114281
LINESHAPE	     9561.8160000004	        4.5814547539
LINESHAPE	     9561.9520000004	        4.5810995102
LINESHAPE	     9562.0880000004	        4.5807433128
LINESHAPE	     9562.2240000004	        4.5803894997
LINESHAPE	     9562.3600000004	        4.5800361633
LINESHAPE	     9562.4960000004	        4.5796818733
LINESHAPE	     9562.6320000004	        4.5793294907
LINESHAPE	     9562.7680000004	        4.5789780617
LINESHAPE	     9562.9040000004	        4.5786256790
LINESHAPE	     9563.0400000004	        4.5782752037
LINESHAPE	     9563.1760000004	        4.5779247284
LINESHAPE	     9563.3120000004	        4.5775756836
LINESHAPE	     9563.4480000004	        4.5772266388
LINESHAPE	     9563.5840000004	        4.5768780708
LINESHAPE	     9563.7200000004	        4.5765299797
LINESHAPE	     9563.8560000004	        4.5761833191
LINESHAPE	     9563.9920000004	        4.5758352280
LINESHAPE	     9564.1280000004	        4.5754909515
LINESHAPE	     9564.2640000004	        4.5751452446
LINESHAPE	     9564.4000000004	        4.5748004913
LINESHAPE	     9564.5360000004	        4.5744552612
LINESHAPE	     9564.6720000004	        4.5741119385
LINESHAPE	     9564.8080000004	        4.5737686157
LINESHAPE	     9564.9440000004	        4.5734257698
LINESHAPE	     9565.0800000004	        4.5730848312
LINESHAPE	     9565.2160000004	        4.5727419853
LINESHAPE	     9565.3520000004	        4.5724020004
LINESHAPE	     9565.4880000004	        4.5720615387
LINESHAPE	     9565.6240000004	        4.5717220306
LINESHAPE	     9565.7600000004	        4.5713820457
LINESHAPE	     9565.8960000004	        4.5710434914
LINESHAPE	     9566.0320000004	        4.5707054138
LINESHAPE	     9566.1680000004	        4.5703692436
LINESHAPE	     9566.3040000004	        4.5700311661
LINESHAPE	     9566.4400000004	        4.5696945190
LINESHAPE	     9566.5760000004	        4.5693588257
LINESHAPE	     9566.7120000004	        4.5690236092
LINESHAPE	     9566.8480000004	        4.5686888695
LINESHAPE	     9566.9840000004	        4.5683550835
  
RESIDUAL 	     9456.9199218750	       -0.0515765303	        0.1746265420
RESIDUAL 	     9475.8398437500	        0.0120452719	        0.0864599640
RESIDUAL 	     9451.9404296875	       -0.0450439313	        0.0956359355
RESIDUAL 	     9471.7001953125	        0.1248878140	        0.0990040469
RESIDUAL 	     9453.6796875000	        0.0005286436	        0.1201048124
RESIDUAL 	     9467.8203125000	       -0.1435283255	        0.1265100229
RESIDUAL 	     9463.7998046875	       -0.1074120901	        0.2668863250
RESIDUAL 	     9456.5996093750	       -0.0350056889	        0.1606486763
RESIDUAL 	     9460.5595703125	       -0.2935794353	        0.2838874179
RESIDUAL 	     9456.5996093750	       -0.0549231770	        0.1080777261
RESIDUAL 	     9475.8203125000	        0.2039549995	        0.1162854004
RESIDUAL 	     9472.0000000000	       -0.0742929086	        0.1238344698
RESIDUAL 	     9453.5996093750	        0.2421318696	        0.1524528883
RESIDUAL 	     9467.7998046875	        0.0643948012	        0.1687096954
RESIDUAL 	     9463.6796875000	        0.1940246632	        0.2555747305
RESIDUAL 	     9456.8398437500	        0.0198857979	        0.1767908034
RESIDUAL 	     9460.4599609375	        0.0985981024	        0.2468498060
RESIDUAL 	     9433.3603515625	       -0.0448465605	        0.0629057306
RESIDUAL 	     9433.4199218750	       -0.0061176440	        0.0569373367
RESIDUAL 	     9433.4199218750	        0.0498511175	        0.0570573175
RESIDUAL 	     9433.4804687500	        0.0088528303	        0.1195042058
RESIDUAL 	     9433.4199218750	        0.0045925955	        0.0776336117
RESIDUAL 	     9433.4199218750	        0.0107023100	        0.0576168218
RESIDUAL 	     9433.3603515625	        0.0068402033	        0.0564218914
RESIDUAL 	     9433.4199218750	       -0.0277774950	        0.0598299123
RESIDUAL 	     9433.4199218750	       -0.0191119334	        0.0556370645
RESIDUAL 	     9433.4199218750	       -0.0167148730	        0.0573041888
RESIDUAL 	     9433.4199218750	       -0.0422118326	        0.0563150764
RESIDUAL 	     9433.4199218750	        0.1287762502	        0.0793411224
RESIDUAL 	     9433.4199218750	        0.0336272100	        0.0806048128
RESIDUAL 	     9433.4804687500	        0.0373505262	        0.0568208294
RESIDUAL 	     9433.4804687500	        0.0102437643	        0.0558144896
RESIDUAL 	     9433.4804687500	        0.0218995718	        0.0559747770
RESIDUAL 	     9433.4804687500	       -0.0153023096	        0.0568938064
RESIDUAL 	     9433.4804687500	       -0.1184865328	        0.0557762237
RESIDUAL 	     9460.4199218750	       -0.3789746392	        0.3870742974
RESIDUAL 	     9460.4599609375	        0.2028957404	        0.1755686852
RESIDUAL 	     9460.5800781250	        0.4283780269	        0.2195994709
RESIDUAL 	     9460.5400390625	       -0.2075611688	        0.2479364119
RESIDUAL 	     9460.5800781250	        0.3247956447	        0.1782321039
RESIDUAL 	     9460.5800781250	        0.1499337368	        0.1659814856
RESIDUAL 	     9460.6601562500	       -0.2594995662	        0.1649740193
RESIDUAL 	     9460.6396484375	       -0.0855211901	        0.1689116218
RESIDUAL 	     9460.6396484375	       -0.1968359637	        0.3079769634
RESIDUAL 	     9460.7001953125	        0.0228093819	        0.1651621760
RESIDUAL 	     9460.7197265625	        0.2670522638	        0.2241915590
RESIDUAL 	     9460.7001953125	       -0.1312242790	        0.1726540768
RESIDUAL 	     9460.6601562500	       -0.0327406093	        0.1663543555
RESIDUAL 	     9460.7802734375	        0.0087565215	        0.1686707288
RESIDUAL 	     9460.7597656250	        0.1549512847	        0.1735700234
RESIDUAL 	     9460.7597656250	        0.1412794097	        0.2089491217
RESIDUAL 	     9460.7802734375	       -0.1712762086	        0.1681227976
RESIDUAL 	     9460.7597656250	       -0.0671422974	        0.1557656350
RESIDUAL 	     9460.7001953125	        0.1103948311	        0.1518845852
RESIDUAL 	     9460.7802734375	       -0.2210122315	        0.1508670296
RESIDUAL 	     9460.8203125000	       -0.0525608575	        0.1497348819
RESIDUAL 	     9460.8203125000	        0.2743415320	        0.1542549257
RESIDUAL 	     9460.8203125000	        0.0363883460	        0.1597382452
RESIDUAL 	     9460.8798828125	        0.3233271781	        0.3587714808
RESIDUAL 	     9460.7998046875	       -0.0204776554	        0.1542590554
RESIDUAL 	     9460.8203125000	        0.0836753333	        0.1700914074
RESIDUAL 	     9460.8603515625	       -0.2639077753	        0.2422985545
RESIDUAL 	     9460.8798828125	        0.0211592856	        0.1631097034
RESIDUAL 	     9460.8603515625	       -0.0546258540	        0.1796344803
RESIDUAL 	     9460.8603515625	       -0.3348401636	        0.1534065745
RESIDUAL 	     9460.8603515625	        0.0521284490	        0.1570619053
RESIDUAL 	     9460.8603515625	        0.1463018804	        0.1539915964
RESIDUAL 	     9460.8603515625	       -0.1548074335	        0.1520824576
  
NORMRESID	     9456.9199218750	       -0.2953533279
NORMRESID	     9475.8398437500	        0.1393161796
NORMRESID	     9451.9404296875	       -0.4709937856
NORMRESID	     9471.7001953125	        1.2614415064
NORMRESID	     9453.6796875000	        0.0044015190
NORMRESID	     9467.8203125000	       -1.1345213782
NORMRESID	     9463.7998046875	       -0.4024638210
NORMRESID	     9456.5996093750	       -0.2179021307
NORMRESID	     9460.5595703125	       -1.0341403557
NORMRESID	     9456.5996093750	       -0.5081822032
NORMRESID	     9475.8203125000	        1.7539175061
NORMRESID	     9472.0000000000	       -0.5999372283
NORMRESID	     9453.5996093750	        1.5882406189
NORMRESID	     9467.7998046875	        0.3816899856
NORMRESID	     9463.6796875000	        0.7591699807
NORMRESID	     9456.8398437500	        0.1124820836
NORMRESID	     9460.4599609375	        0.3994254808
NORMRESID	     9433.3603515625	       -0.7129169318
NORMRESID	     9433.4199218750	       -0.1074452075
NORMRESID	     9433.4199218750	        0.8737024398
NORMRESID	     9433.4804687500	        0.0740796546
NORMRESID	     9433.4199218750	        0.0591573077
NORMRESID	     9433.4199218750	        0.1857497452
NORMRESID	     9433.3603515625	        0.1212331441
NORMRESID	     9433.4199218750	       -0.4642743729
NORMRESID	     9433.4199218750	       -0.3435108149
NORMRESID	     9433.4199218750	       -0.2916867563
NORMRESID	     9433.4199218750	       -0.7495653982
NORMRESID	     9433.4199218750	        1.6230706891
NORMRESID	     9433.4199218750	        0.4171861312
NORMRESID	     9433.4804687500	        0.6573386308
NORMRESID	     9433.4804687500	        0.1835323472
NORMRESID	     9433.4804687500	        0.3912400003
NORMRESID	     9433.4804687500	       -0.2689626623
NORMRESID	     9433.4804687500	       -2.1243197347
NORMRESID	     9460.4199218750	       -0.9790746679
NORMRESID	     9460.4599609375	        1.1556487999
NORMRESID	     9460.5800781250	        1.9507243127
NORMRESID	     9460.5400390625	       -0.8371548462
NORMRESID	     9460.5800781250	        1.8223184129
NORMRESID	     9460.5800781250	        0.9033160311
NORMRESID	     9460.6601562500	       -1.5729723226
NORMRESID	     9460.6396484375	       -0.5063073173
NORMRESID	     9460.6396484375	       -0.6391256069
NORMRESID	     9460.7001953125	        0.1381029390
NORMRESID	     9460.7197265625	        1.1911789410
NORMRESID	     9460.7001953125	       -0.7600415895
NORMRESID	     9460.6601562500	       -0.1968124563
NORMRESID	     9460.7802734375	        0.0519148852
NORMRESID	     9460.7597656250	        0.8927306783
NORMRESID	     9460.7597656250	        0.6761426349
NORMRESID	     9460.7802734375	       -1.0187565938
NORMRESID	     9460.7597656250	       -0.4310469212
NORMRESID	     9460.7001953125	        0.7268336742
NORMRESID	     9460.7802734375	       -1.4649471930
NORMRESID	     9460.8203125000	       -0.3510261391
NORMRESID	     9460.8203125000	        1.7784944677
NORMRESID	     9460.8203125000	        0.2277998357
NORMRESID	     9460.8798828125	        0.9012064652
NORMRESID	     9460.7998046875	       -0.1327484817
NORMRESID	     9460.8203125000	        0.4919433296
NORMRESID	     9460.8603515625	       -1.0891842746
NORMRESID	     9460.8798828125	        0.1297242602
NORMRESID	     9460.8603515625	       -0.3040944804
NORMRESID	     9460.8603515625	       -2.1826976109
NORMRESID	     9460.8603515625	        0.3318974702
NORMRESID	     9460.8603515625	        0.9500640544
NORMRESID	     9460.8603515625	       -1.0179177534
  
 Evaluate at minimum:
SAMPLE       282.0637330058      9460.2409126033         3.8781798473         4.1884984425
CHI2                                                                                             55.7351260209 /  64 =         0.8708613441
 Evaluate at +1 sigma in area:
SAMPLE       283.5410137535      9460.2409126033         3.8781798473         4.1884984425
CHI2                                                                                             65.0585625231 /  64 =         1.0165400394
 Evaluate at -1 sigma in area:
SAMPLE       280.5864522582      9460.2409126033         3.8781798473         4.1884984425
CHI2                                                                                             65.0587019787 /  64 =         1.0165422184
 Evaluate at +1 sigma in mass:
SAMPLE       282.0637330058      9460.2669558592         3.8781798473         4.1884984425
CHI2                                                                                             57.0548102043 /  64 =         0.8914814094
 Evaluate at -1 sigma in mass:
SAMPLE       282.0637330058      9460.2148693475         3.8781798473         4.1884984425
CHI2                                                                                             57.0773426107 /  64 =         0.8918334783
 Evaluate at +1 sigma in wide:
SAMPLE       282.0637330058      9460.2409126033         3.8997173153         4.1884984425
CHI2                                                                                             63.8920431257 /  64 =         0.9983131738
 Evaluate at -1 sigma in wide:
SAMPLE       282.0637330058      9460.2409126033         3.8566423793         4.1884984425
CHI2                                                                                             64.1602440295 /  64 =         1.0025038130
 Evaluate at +1 sigma in back:
SAMPLE       282.0637330058      9460.2409126033         3.8781798473         4.2015756980
CHI2                                                                                             57.0696826016 /  64 =         0.8917137907
 Evaluate at -1 sigma in back:
SAMPLE       282.0637330058      9460.2409126033         3.8781798473         4.1754211870
CHI2                                                                                             57.0697522757 /  64 =         0.8917148793
  
FITTED PARAMETER	area =       282.0637330058 +/-         1.4772807476 MeV nb
FITTED PARAMETER	mass =      9460.2409126033 +/-         0.0260432559 MeV   
FITTED PARAMETER	wide =         3.8781798473 +/-         0.0215374680 MeV   
FITTED PARAMETER	back =         4.1884984425 +/-         0.0130772555 nb    
  
 **********
 **    8 **SHOW FCNVALUE
 **********

 FCN=   55.73513     FROM SAVe      STATUS=OK             0 CALLS       91 TOTAL
                     EDM=  0.40E-07    STRATEGY= 2      ERROR MATRIX ACCURATE 
  
 Assuming upsilon ONE(1)-S,           68 data points.
