  
 ****************************************************
 Assuming upsilon THREE(3)-S,           79 data points.
 ****************************************************
  
  MINUIT RELEASE 96.03  INITIALIZED.   DIMENSIONS 100/ 50  EPSMAC=  0.89E-15

 PARAMETER DEFINITIONS:
    NO.   NAME         VALUE      STEP SIZE      LIMITS
     1 'area      '    77.231       1.0000         50.000       300.00    
     2 'mass      '    10358.       1.0000         10325.       10403.    
     3 'wide      '    4.6903       1.0000        0.10000       8.0000    
     4 'back      '    3.7448       1.0000        0.00000E+00   8.0000    
 **********
 **    1 **SET STRATEGY   2.000    
 **********

 NOW USING STRATEGY  2: MAKE SURE MINIMUM TRUE, ERRORS CORRECT  

 **********
 **    2 **MINIMIZE  0.1000E+05  0.3000E-01
 **********

 FIRST CALL TO USER FUNCTION AT NEW START POINT, WITH IFLAG=4.
SAMPLE        77.2310000000     10358.0000000000         4.6903000000         3.7448000000
CHI2                                                                                             66.8763831663 /  75 =         0.8916851089
 START MIGRAD MINIMIZATION.  STRATEGY 2.  CONVERGENCE WHEN EDM .LT. 0.30E-04
SAMPLE        77.2310000000     10358.0000000000         4.6903000000         3.7448000000
CHI2                                                                                             66.8763831663 /  75 =         0.8916851089
SAMPLE        77.3310963272     10358.0000000000         4.6903000000         3.7448000000
CHI2                                                                                             67.0632940638 /  75 =         0.8941772542
SAMPLE        77.1310648930     10358.0000000000         4.6903000000         3.7448000000
CHI2                                                                                             66.9399087880 /  75 =         0.8925321172
SAMPLE        77.2673949573     10358.0000000000         4.6903000000         3.7448000000
CHI2                                                                                             66.9153337623 /  75 =         0.8922044502
SAMPLE        77.1946263785     10358.0000000000         4.6903000000         3.7448000000
CHI2                                                                                             66.8705753326 /  75 =         0.8916076711
SAMPLE        77.2310000000     10358.1000321384         4.6903000000         3.7448000000
CHI2                                                                                             69.6090566914 /  75 =         0.9281207559
SAMPLE        77.2310000000     10357.9000082753         4.6903000000         3.7448000000
CHI2                                                                                             67.7649882463 /  75 =         0.9035331766
SAMPLE        77.2310000000     10358.0100014063         4.6903000000         3.7448000000
CHI2                                                                                             66.9898226933 /  75 =         0.8931976359
SAMPLE        77.2310000000     10357.9899989978         4.6903000000         3.7448000000
CHI2                                                                                             66.7992166084 /  75 =         0.8906562214
SAMPLE        77.2310000000     10358.0000000000         4.7913022569         3.7448000000
CHI2                                                                                             92.3504339486 /  75 =         1.2313391193
SAMPLE        77.2310000000     10358.0000000000         4.5888658820         3.7448000000
CHI2                                                                                             96.3988597200 /  75 =         1.2853181296
SAMPLE        77.2310000000     10358.0000000000         4.7004207859         3.7448000000
CHI2                                                                                             67.0663601572 /  75 =         0.8942181354
SAMPLE        77.2310000000     10358.0000000000         4.6801748953         3.7448000000
CHI2                                                                                             67.2356698368 /  75 =         0.8964755978
SAMPLE        77.2310000000     10358.0000000000         4.6903000000         3.8459617774
CHI2                                                                                            219.0072406108 /  75 =         2.9200965415
SAMPLE        77.2310000000     10358.0000000000         4.6903000000         3.6438018785
CHI2                                                                                            216.1746282940 /  75 =         2.8823283773
SAMPLE        77.2310000000     10358.0000000000         4.6903000000         3.7549098830
CHI2                                                                                             68.5013321499 /  75 =         0.9133510953
SAMPLE        77.2310000000     10358.0000000000         4.6903000000         3.7346917537
CHI2                                                                                             68.2663612611 /  75 =         0.9102181501
SAMPLE        77.2318039921     10358.0000000000         4.6903000000         3.7448000000
CHI2                                                                                             66.8768855587 /  75 =         0.8916918074
SAMPLE        77.2301960183     10358.0000000000         4.6903000000         3.7448000000
CHI2                                                                                             66.8758969568 /  75 =         0.8916786261
SAMPLE        77.2310000000     10358.0002112469         4.6903000000         3.7448000000
CHI2                                                                                             66.8784119403 /  75 =         0.8917121592
SAMPLE        77.2310000000     10357.9997887533         4.6903000000         3.7448000000
CHI2                                                                                             66.8743705440 /  75 =         0.8916582739
SAMPLE        77.2310000000     10358.0000000000         4.6903549472         3.7448000000
CHI2                                                                                             66.8759461344 /  75 =         0.8916792818
SAMPLE        77.2310000000     10358.0000000000         4.6902450526         3.7448000000
CHI2                                                                                             66.8768363954 /  75 =         0.8916911519
SAMPLE        77.2310000000     10358.0000000000         4.6903000000         3.7448234208
CHI2                                                                                             66.8766628845 /  75 =         0.8916888385
SAMPLE        77.2310000000     10358.0000000000         4.6903000000         3.7447765792
CHI2                                                                                             66.8761196311 /  75 =         0.8916815951
SAMPLE        77.2673949573     10358.0100014063         4.6903000000         3.7448000000
CHI2                                                                                             67.0367302255 /  75 =         0.8938230697
SAMPLE        77.2673949573     10358.0000000000         4.7004207859         3.7448000000
CHI2                                                                                             66.9785250943 /  75 =         0.8930470013
SAMPLE        77.2310000000     10358.0100014063         4.7004207859         3.7448000000
CHI2                                                                                             67.1506986200 /  75 =         0.8953426483
SAMPLE        77.2673949573     10358.0000000000         4.6903000000         3.7549098830
CHI2                                                                                             68.7479713230 /  75 =         0.9166396176
SAMPLE        77.2310000000     10358.0100014063         4.6903000000         3.7549098830
CHI2                                                                                             68.6582624737 /  75 =         0.9154434996
SAMPLE        77.2310000000     10358.0000000000         4.7004207859         3.7549098830
CHI2                                                                                             68.0266174090 /  75 =         0.9070215655
 COVARIANCE MATRIX CALCULATED SUCCESSFULLY

 FCN=   66.87638     FROM HESSE     STATUS=OK            31 CALLS       32 TOTAL
                     EDM=  0.13E+00    STRATEGY= 2      ERROR MATRIX ACCURATE 

  EXT PARAMETER                                   STEP         FIRST   
  NO.   NAME        VALUE          ERROR          SIZE      DERIVATIVE 
   1     area       77.231        1.0261       0.46715E-03    47.885    
   2     mass       10358.       0.76394E-01   0.25953E-03    368.62    
   3     wide       4.6903       0.61421E-01   0.25971E-02   -31.576    
   4     back       3.7448       0.11877E-01   0.25324E-02    46.296    
SAMPLE        77.2270576027     10357.9737324339         4.6902027240         3.7448439509
CHI2                                                                                             66.7514121130 /  75 =         0.8900188282
SAMPLE        77.2281935028     10357.9737324339         4.6902027240         3.7448439509
CHI2                                                                                             66.7513943193 /  75 =         0.8900185909
SAMPLE        77.2259217233     10357.9737324339         4.6902027240         3.7448439509
CHI2                                                                                             66.7514621765 /  75 =         0.8900194957
SAMPLE        77.2270576027     10357.9740308753         4.6902027240         3.7448439509
CHI2                                                                                             66.7514140504 /  75 =         0.8900188540
SAMPLE        77.2270576027     10357.9734339929         4.6902027240         3.7448439509
CHI2                                                                                             66.7514428692 /  75 =         0.8900192383
SAMPLE        77.2270576027     10357.9737324339         4.6902803598         3.7448439509
CHI2                                                                                             66.7514635926 /  75 =         0.8900195146
SAMPLE        77.2270576027     10357.9737324339         4.6901250879         3.7448439509
CHI2                                                                                             66.7513928538 /  75 =         0.8900185714
SAMPLE        77.2270576027     10357.9737324339         4.6902027240         3.7448770425
CHI2                                                                                             66.7514064768 /  75 =         0.8900187530
SAMPLE        77.2270576027     10357.9737324339         4.6902027240         3.7448108594
CHI2                                                                                             66.7514500554 /  75 =         0.8900193341
SAMPLE        77.2268955162     10357.9737974818         4.6901184132         3.7448496909
CHI2                                                                                             66.7513917885 /  75 =         0.8900185572
SAMPLE        77.2280320560     10357.9737974818         4.6901184132         3.7448496909
CHI2                                                                                             66.7514078562 /  75 =         0.8900187714
SAMPLE        77.2257589972     10357.9737974818         4.6901184132         3.7448496909
CHI2                                                                                             66.7514080287 /  75 =         0.8900187737
SAMPLE        77.2268955162     10357.9740941500         4.6901184132         3.7448496909
CHI2                                                                                             66.7514082767 /  75 =         0.8900187770
SAMPLE        77.2268955162     10357.9735008139         4.6901184132         3.7448496909
CHI2                                                                                             66.7514075991 /  75 =         0.8900187680
SAMPLE        77.2268955162     10357.9737974818         4.6901961527         3.7448496909
CHI2                                                                                             66.7514081608 /  75 =         0.8900187755
SAMPLE        77.2268955162     10357.9737974818         4.6900406734         3.7448496909
CHI2                                                                                             66.7514077262 /  75 =         0.8900187697
SAMPLE        77.2268955162     10357.9737974818         4.6901184132         3.7448827826
CHI2                                                                                             66.7514078865 /  75 =         0.8900187718
SAMPLE        77.2268955162     10357.9737974818         4.6901184132         3.7448165993
CHI2                                                                                             66.7514079969 /  75 =         0.8900187733

 MIGRAD MINIMIZATION HAS CONVERGED.

 MIGRAD WILL VERIFY CONVERGENCE AND ERROR MATRIX.
SAMPLE        77.2268955162     10357.9737974818         4.6901184132         3.7448496909
CHI2                                                                                             66.7513917885 /  75 =         0.8900185572
SAMPLE        77.2280320560     10357.9737974818         4.6901184132         3.7448496909
CHI2                                                                                             66.7514078562 /  75 =         0.8900187714
SAMPLE        77.2257589972     10357.9737974818         4.6901184132         3.7448496909
CHI2                                                                                             66.7514080287 /  75 =         0.8900187737
SAMPLE        77.2268955162     10357.9740941500         4.6901184132         3.7448496909
CHI2                                                                                             66.7514082767 /  75 =         0.8900187770
SAMPLE        77.2268955162     10357.9735008139         4.6901184132         3.7448496909
CHI2                                                                                             66.7514075991 /  75 =         0.8900187680
SAMPLE        77.2268955162     10357.9737974818         4.6901961527         3.7448496909
CHI2                                                                                             66.7514081608 /  75 =         0.8900187755
SAMPLE        77.2268955162     10357.9737974818         4.6900406734         3.7448496909
CHI2                                                                                             66.7514077262 /  75 =         0.8900187697
SAMPLE        77.2268955162     10357.9737974818         4.6901184132         3.7448827826
CHI2                                                                                             66.7514078865 /  75 =         0.8900187718
SAMPLE        77.2268955162     10357.9737974818         4.6901184132         3.7448165993
CHI2                                                                                             66.7514079969 /  75 =         0.8900187733
SAMPLE        77.2271228225     10357.9737974818         4.6901184132         3.7448496909
CHI2                                                                                             66.7513924174 /  75 =         0.8900185656
SAMPLE        77.2266682107     10357.9737974818         4.6901184132         3.7448496909
CHI2                                                                                             66.7513924520 /  75 =         0.8900185660
SAMPLE        77.2268955162     10357.9738568154         4.6901184132         3.7448496909
CHI2                                                                                             66.7513925024 /  75 =         0.8900185667
SAMPLE        77.2268955162     10357.9737381482         4.6901184132         3.7448496909
CHI2                                                                                             66.7513923666 /  75 =         0.8900185649
SAMPLE        77.2268955162     10357.9737974818         4.6901339611         3.7448496909
CHI2                                                                                             66.7513924783 /  75 =         0.8900185664
SAMPLE        77.2268955162     10357.9737974818         4.6901028652         3.7448496909
CHI2                                                                                             66.7513923912 /  75 =         0.8900185652
SAMPLE        77.2268955162     10357.9737974818         4.6901184132         3.7448563093
CHI2                                                                                             66.7513924236 /  75 =         0.8900185656
SAMPLE        77.2268955162     10357.9737974818         4.6901184132         3.7448430726
CHI2                                                                                             66.7513924457 /  75 =         0.8900185659
SAMPLE        77.2280320560     10357.9740941500         4.6901184132         3.7448496909
CHI2                                                                                             66.7514323834 /  75 =         0.8900190984
SAMPLE        77.2280320560     10357.9737974818         4.6901961527         3.7448496909
CHI2                                                                                             66.7513937773 /  75 =         0.8900185837
SAMPLE        77.2268955162     10357.9740941500         4.6901961527         3.7448496909
CHI2                                                                                             66.7514173482 /  75 =         0.8900188980
SAMPLE        77.2280320560     10357.9737974818         4.6901184132         3.7448827826
CHI2                                                                                             66.7514451779 /  75 =         0.8900192690
SAMPLE        77.2268955162     10357.9740941500         4.6901184132         3.7448827826
CHI2                                                                                             66.7514290131 /  75 =         0.8900190535
SAMPLE        77.2268955162     10357.9737974818         4.6901961527         3.7448827826
CHI2                                                                                             66.7514075329 /  75 =         0.8900187671
 COVARIANCE MATRIX CALCULATED SUCCESSFULLY

 FCN=   66.75139     FROM MIGRAD    STATUS=CONVERGED     72 CALLS       73 TOTAL
                     EDM=  0.10E-07    STRATEGY= 2      ERROR MATRIX ACCURATE 

  EXT PARAMETER                                   STEP         FIRST   
  NO.   NAME        VALUE          ERROR          SIZE      DERIVATIVE 
   1     area       77.227        1.0557       0.14593E-04  -0.59307E-02
   2     mass       10358.       0.76313E-01   0.76993E-05   0.44110E-01
   3     wide       4.6901       0.63276E-01   0.19945E-04   0.10919E-01
   4     back       3.7448       0.11941E-01   0.82898E-05  -0.66620E-02

 EXTERNAL ERROR MATRIX.    NDIM=  50    NPAR=  4    ERR DEF=  1.00    
  0.111E+01-0.912E-02 0.622E-01-0.746E-02
 -0.912E-02 0.582E-02-0.197E-03 0.377E-04
  0.622E-01-0.197E-03 0.400E-02-0.305E-03
 -0.746E-02 0.377E-04-0.305E-03 0.143E-03

 PARAMETER  CORRELATION COEFFICIENTS
       NO.  GLOBAL     1     2     3     4
        1  0.96346  1.000-0.113 0.932-0.591
        2  0.25337 -0.113 1.000-0.041 0.041
        3  0.95214  0.932-0.041 1.000-0.404
        4  0.72426 -0.591 0.041-0.404 1.000
 **********
 **    3 **SAVE
 **********
 CURRENT VALUES WILL BE SAVED ON UNIT  6: stdout                                                          

SET TITLE 
Kuraev-Fadin Fit with Goodies                     
PARAMETERS
     1'area      '  0.77227E+02  0.10557E+01  0.50000E+02  0.30000E+03
     2'mass      '  0.10358E+05  0.76313E-01  0.10325E+05  0.10403E+05
     3'wide      '  0.46901E+01  0.63276E-01  0.10000E+00  0.80000E+01
     4'back      '  0.37448E+01  0.11941E-01  0.00000E+00  0.80000E+01
 
SET COVARIANCE     4
 0.1838E-03-0.3040E-05 0.3923E-05 0.2051E-03-0.1314E-05 0.2636E-03-0.2398E-04
 0.2453E-06-0.1961E-04 0.8948E-05
    11 RECORDS WRITTEN TO UNIT   6:stdout                                       
 INCLUDING    3 RECORDS FOR THE COVARIANCE MATRIX.

 **********
 **    4 **SHOW CORRELATIONS
 **********

 PARAMETER  CORRELATION COEFFICIENTS
       NO.  GLOBAL     1     2     3     4
        1  0.96346  1.000-0.113 0.932-0.591
        2  0.25337 -0.113 1.000-0.041 0.041
        3  0.95214  0.932-0.041 1.000-0.404
        4  0.72426 -0.591 0.041-0.404 1.000
 **********
 **    5 **SHOW COVARIANCE
 **********

 EXTERNAL ERROR MATRIX.    NDIM=  50    NPAR=  4    ERR DEF=  1.00    
  0.111E+01-0.912E-02 0.622E-01-0.746E-02
 -0.912E-02 0.582E-02-0.197E-03 0.377E-04
  0.622E-01-0.197E-03 0.400E-02-0.305E-03
 -0.746E-02 0.377E-04-0.305E-03 0.143E-03

 PARAMETER  CORRELATION COEFFICIENTS
       NO.  GLOBAL     1     2     3     4
        1  0.96346  1.000-0.113 0.932-0.591
        2  0.25337 -0.113 1.000-0.041 0.041
        3  0.95214  0.932-0.041 1.000-0.404
        4  0.72426 -0.591 0.041-0.404 1.000
 **********
 **    6 **SHOW EIGENVALUES
 **********
 EIGENVALUES OF SECOND-DERIVATIVE MATRIX:
         0.4028E-01  0.6455E+00  0.9924E+00  0.2322E+01
  
LINESHAPE	    10322.0000000000	        3.9373431206
LINESHAPE	    10322.0780000000	        3.9372708797
LINESHAPE	    10322.1560000000	        3.9371988773
LINESHAPE	    10322.2340000000	        3.9371266365
LINESHAPE	    10322.3120000000	        3.9370543957
LINESHAPE	    10322.3900000000	        3.9369821548
LINESHAPE	    10322.4680000000	        3.9369096756
LINESHAPE	    10322.5460000000	        3.9368371964
LINESHAPE	    10322.6240000000	        3.9367647171
LINESHAPE	    10322.7020000000	        3.9366922379
LINESHAPE	    10322.7800000000	        3.9366195202
LINESHAPE	    10322.8580000000	        3.9365468025
LINESHAPE	    10322.9360000000	        3.9364738464
LINESHAPE	    10323.0140000000	        3.9364011288
LINESHAPE	    10323.0920000000	        3.9363281727
LINESHAPE	    10323.1700000000	        3.9362552166
LINESHAPE	    10323.2480000000	        3.9361820221
LINESHAPE	    10323.3260000000	        3.9361088276
LINESHAPE	    10323.4040000000	        3.9360356331
LINESHAPE	    10323.4820000000	        3.9359624386
LINESHAPE	    10323.5600000000	        3.9358890057
LINESHAPE	    10323.6380000000	        3.9358155727
LINESHAPE	    10323.7160000000	        3.9357419014
LINESHAPE	    10323.7940000000	        3.9356682301
LINESHAPE	    10323.8720000000	        3.9355945587
LINESHAPE	    10323.9500000000	        3.9355208874
LINESHAPE	    10324.0280000000	        3.9354469776
LINESHAPE	    10324.1060000000	        3.9353730679
LINESHAPE	    10324.1840000000	        3.9352991581
LINESHAPE	    10324.2620000000	        3.9352250099
LINESHAPE	    10324.3400000000	        3.9351508617
LINESHAPE	    10324.4180000000	        3.9350767136
LINESHAPE	    10324.4960000000	        3.9350023270
LINESHAPE	    10324.5740000000	        3.9349279404
LINESHAPE	    10324.6520000000	        3.9348535538
LINESHAPE	    10324.7300000000	        3.9347789288
LINESHAPE	    10324.8080000000	        3.9347043037
LINESHAPE	    10324.8860000000	        3.9346296787
LINESHAPE	    10324.9640000000	        3.9345548153
LINESHAPE	    10325.0420000000	        3.9344799519
LINESHAPE	    10325.1200000000	        3.9344048500
LINESHAPE	    10325.1980000000	        3.9343297482
LINESHAPE	    10325.2760000000	        3.9342546463
LINESHAPE	    10325.3540000000	        3.9341793060
LINESHAPE	    10325.4320000000	        3.9341039658
LINESHAPE	    10325.5100000000	        3.9340286255
LINESHAPE	    10325.5880000000	        3.9339530468
LINESHAPE	    10325.6660000000	        3.9338774681
LINESHAPE	    10325.7440000000	        3.9338018894
LINESHAPE	    10325.8220000000	        3.9337260723
LINESHAPE	    10325.9000000000	        3.9336500168
LINESHAPE	    10325.9780000000	        3.9335741997
LINESHAPE	    10326.0560000000	        3.9334981441
LINESHAPE	    10326.1340000000	        3.9334218502
LINESHAPE	    10326.2120000000	        3.9333455563
LINESHAPE	    10326.2900000000	        3.9332692623
LINESHAPE	    10326.3680000000	        3.9331927299
LINESHAPE	    10326.4460000000	        3.9331161976
LINESHAPE	    10326.5240000000	        3.9330396652
LINESHAPE	    10326.6020000000	        3.9329628944
LINESHAPE	    10326.6800000000	        3.9328858852
LINESHAPE	    10326.7580000000	        3.9328088760
LINESHAPE	    10326.8360000000	        3.9327318668
LINESHAPE	    10326.9140000000	        3.9326546192
LINESHAPE	    10326.9920000000	        3.9325773716
LINESHAPE	    10327.0700000000	        3.9325001240
LINESHAPE	    10327.1480000000	        3.9324226379
LINESHAPE	    10327.2260000000	        3.9323449135
LINESHAPE	    10327.3040000000	        3.9322671890
LINESHAPE	    10327.3820000000	        3.9321894646
LINESHAPE	    10327.4600000000	        3.9321115017
LINESHAPE	    10327.5380000000	        3.9320335388
LINESHAPE	    10327.6160000000	        3.9319553375
LINESHAPE	    10327.6940000000	        3.9318771362
LINESHAPE	    10327.7720000000	        3.9317986965
LINESHAPE	    10327.8500000000	        3.9317202568
LINESHAPE	    10327.9280000000	        3.9316415787
LINESHAPE	    10328.0060000000	        3.9315629005
LINESHAPE	    10328.0840000000	        3.9314839840
LINESHAPE	    10328.1620000000	        3.9314050674
LINESHAPE	    10328.2400000000	        3.9313259125
LINESHAPE	    10328.3180000000	        3.9312467575
LINESHAPE	    10328.3960000000	        3.9311676025
LINESHAPE	    10328.4740000000	        3.9310879707
LINESHAPE	    10328.5520000000	        3.9310085773
LINESHAPE	    10328.6300000000	        3.9309287071
LINESHAPE	    10328.7080000000	        3.9308490753
LINESHAPE	    10328.7860000000	        3.9307689667
LINESHAPE	    10328.8640000000	        3.9306888580
LINESHAPE	    10328.9420000000	        3.9306087494
LINESHAPE	    10329.0200000000	        3.9305284023
LINESHAPE	    10329.0980000000	        3.9304480553
LINESHAPE	    10329.1760000000	        3.9303674698
LINESHAPE	    10329.2540000000	        3.9302866459
LINESHAPE	    10329.3320000000	        3.9302058220
LINESHAPE	    10329.4100000000	        3.9301247597
LINESHAPE	    10329.4880000000	        3.9300436974
LINESHAPE	    10329.5660000000	        3.9299623966
LINESHAPE	    10329.6440000000	        3.9298808575
LINESHAPE	    10329.7220000000	        3.9297993183
LINESHAPE	    10329.8000000000	        3.9297175407
LINESHAPE	    10329.8780000000	        3.9296357632
LINESHAPE	    10329.9560000000	        3.9295537472
LINESHAPE	    10330.0340000000	        3.9294714928
LINESHAPE	    10330.1120000000	        3.9293892384
LINESHAPE	    10330.1899999999	        3.9293069839
LINESHAPE	    10330.2679999999	        3.9292242527
LINESHAPE	    10330.3459999999	        3.9291415215
LINESHAPE	    10330.4239999999	        3.9290585518
LINESHAPE	    10330.5019999999	        3.9289755821
LINESHAPE	    10330.5799999999	        3.9288923740
LINESHAPE	    10330.6579999999	        3.9288089275
LINESHAPE	    10330.7359999999	        3.9287254810
LINESHAPE	    10330.8139999999	        3.9286417961
LINESHAPE	    10330.8919999999	        3.9285578728
LINESHAPE	    10330.9699999999	        3.9284739494
LINESHAPE	    10331.0479999999	        3.9283895493
LINESHAPE	    10331.1259999999	        3.9283053875
LINESHAPE	    10331.2039999999	        3.9282207489
LINESHAPE	    10331.2819999999	        3.9281361103
LINESHAPE	    10331.3599999999	        3.9280512333
LINESHAPE	    10331.4379999999	        3.9279661179
LINESHAPE	    10331.5159999999	        3.9278810024
LINESHAPE	    10331.5939999999	        3.9277954102
LINESHAPE	    10331.6719999999	        3.9277098179
LINESHAPE	    10331.7499999999	        3.9276242256
LINESHAPE	    10331.8279999999	        3.9275381565
LINESHAPE	    10331.9059999999	        3.9274520874
LINESHAPE	    10331.9839999999	        3.9273657799
LINESHAPE	    10332.0619999999	        3.9272792339
LINESHAPE	    10332.1399999999	        3.9271926880
LINESHAPE	    10332.2179999999	        3.9271056652
LINESHAPE	    10332.2959999999	        3.9270186424
LINESHAPE	    10332.3739999999	        3.9269313812
LINESHAPE	    10332.4519999999	        3.9268438816
LINESHAPE	    10332.5299999999	        3.9267561436
LINESHAPE	    10332.6079999999	        3.9266681671
LINESHAPE	    10332.6859999999	        3.9265801907
LINESHAPE	    10332.7639999999	        3.9264917374
LINESHAPE	    10332.8419999999	        3.9264032841
LINESHAPE	    10332.9199999999	        3.9263145924
LINESHAPE	    10332.9979999999	        3.9262256622
LINESHAPE	    10333.0759999999	        3.9261364937
LINESHAPE	    10333.1539999999	        3.9260470867
LINESHAPE	    10333.2319999999	        3.9259574413
LINESHAPE	    10333.3099999999	        3.9258677959
LINESHAPE	    10333.3879999999	        3.9257776737
LINESHAPE	    10333.4659999999	        3.9256873131
LINESHAPE	    10333.5439999999	        3.9255969524
LINESHAPE	    10333.6219999999	        3.9255061150
LINESHAPE	    10333.6999999999	        3.9254152775
LINESHAPE	    10333.7779999999	        3.9253239632
LINESHAPE	    10333.8559999999	        3.9252324104
LINESHAPE	    10333.9339999999	        3.9251408577
LINESHAPE	    10334.0119999999	        3.9250488281
LINESHAPE	    10334.0899999999	        3.9249565601
LINESHAPE	    10334.1679999999	        3.9248642921
LINESHAPE	    10334.2459999999	        3.9247715473
LINESHAPE	    10334.3239999999	        3.9246785641
LINESHAPE	    10334.4019999999	        3.9245853424
LINESHAPE	    10334.4799999999	        3.9244918823
LINESHAPE	    10334.5579999999	        3.9243979454
LINESHAPE	    10334.6359999999	        3.9243040085
LINESHAPE	    10334.7139999999	        3.9242098331
LINESHAPE	    10334.7919999999	        3.9241151810
LINESHAPE	    10334.8699999999	        3.9240202904
LINESHAPE	    10334.9479999999	        3.9239251614
LINESHAPE	    10335.0259999999	        3.9238297939
LINESHAPE	    10335.1039999999	        3.9237339497
LINESHAPE	    10335.1819999999	        3.9236378670
LINESHAPE	    10335.2599999999	        3.9235415459
LINESHAPE	    10335.3379999999	        3.9234449863
LINESHAPE	    10335.4159999999	        3.9233479500
LINESHAPE	    10335.4939999999	        3.9232509136
LINESHAPE	    10335.5719999999	        3.9231534004
LINESHAPE	    10335.6499999999	        3.9230554104
LINESHAPE	    10335.7279999999	        3.9229571819
LINESHAPE	    10335.8059999999	        3.9228587151
LINESHAPE	    10335.8839999999	        3.9227600098
LINESHAPE	    10335.9619999999	        3.9226605892
LINESHAPE	    10336.0399999999	        3.9225611687
LINESHAPE	    10336.1179999999	        3.9224612713
LINESHAPE	    10336.1959999999	        3.9223611355
LINESHAPE	    10336.2739999999	        3.9222605228
LINESHAPE	    10336.3519999999	        3.9221596718
LINESHAPE	    10336.4299999999	        3.9220583439
LINESHAPE	    10336.5079999999	        3.9219567776
LINESHAPE	    10336.5859999999	        3.9218547344
LINESHAPE	    10336.6639999999	        3.9217524529
LINESHAPE	    10336.7419999999	        3.9216496944
LINESHAPE	    10336.8199999999	        3.9215464592
LINESHAPE	    10336.8979999999	        3.9214429855
LINESHAPE	    10336.9759999999	        3.9213390350
LINESHAPE	    10337.0539999999	        3.9212346077
LINESHAPE	    10337.1319999999	        3.9211299419
LINESHAPE	    10337.2099999999	        3.9210247993
LINESHAPE	    10337.2879999999	        3.9209191799
LINESHAPE	    10337.3659999999	        3.9208130836
LINESHAPE	    10337.4439999999	        3.9207067490
LINESHAPE	    10337.5219999999	        3.9205999374
LINESHAPE	    10337.5999999999	        3.9204926491
LINESHAPE	    10337.6779999999	        3.9203848839
LINESHAPE	    10337.7559999999	        3.9202766418
LINESHAPE	    10337.8339999999	        3.9201679230
LINESHAPE	    10337.9119999999	        3.9200587273
LINESHAPE	    10337.9899999999	        3.9199492931
LINESHAPE	    10338.0679999999	        3.9198391438
LINESHAPE	    10338.1459999999	        3.9197285175
LINESHAPE	    10338.2239999999	        3.9196174145
LINESHAPE	    10338.3019999999	        3.9195060730
LINESHAPE	    10338.3799999999	        3.9193940163
LINESHAPE	    10338.4579999999	        3.9192814827
LINESHAPE	    10338.5359999999	        3.9191684723
LINESHAPE	    10338.6139999999	        3.9190552235
LINESHAPE	    10338.6919999999	        3.9189414978
LINESHAPE	    10338.7699999999	        3.9188275337
LINESHAPE	    10338.8479999999	        3.9187133312
LINESHAPE	    10338.9259999999	        3.9185993671
LINESHAPE	    10339.0039999999	        3.9184868336
LINESHAPE	    10339.0819999999	        3.9183783531
LINESHAPE	    10339.1599999999	        3.9182925224
LINESHAPE	    10339.2379999999	        3.9187917709
LINESHAPE	    10339.3159999999	        3.9189412594
LINESHAPE	    10339.3939999999	        3.9189524651
LINESHAPE	    10339.4719999999	        3.9189441204
LINESHAPE	    10339.5499999999	        3.9189319611
LINESHAPE	    10339.6279999999	        3.9189202785
LINESHAPE	    10339.7059999999	        3.9189116955
LINESHAPE	    10339.7839999999	        3.9189059734
LINESHAPE	    10339.8619999999	        3.9189047813
LINESHAPE	    10339.9399999999	        3.9189090729
LINESHAPE	    10340.0179999999	        3.9189200401
LINESHAPE	    10340.0959999999	        3.9189372063
LINESHAPE	    10340.1739999999	        3.9189620018
LINESHAPE	    10340.2519999999	        3.9189941883
LINESHAPE	    10340.3299999999	        3.9190349579
LINESHAPE	    10340.4079999999	        3.9190850258
LINESHAPE	    10340.4859999999	        3.9191439152
LINESHAPE	    10340.5639999999	        3.9192132950
LINESHAPE	    10340.6419999999	        3.9192934036
LINESHAPE	    10340.7199999999	        3.9193844795
LINESHAPE	    10340.7979999999	        3.9194877148
LINESHAPE	    10340.8759999999	        3.9196038246
LINESHAPE	    10340.9539999999	        3.9197335243
LINESHAPE	    10341.0319999999	        3.9198772907
LINESHAPE	    10341.1099999999	        3.9200363159
LINESHAPE	    10341.1879999999	        3.9202105999
LINESHAPE	    10341.2659999999	        3.9204018116
LINESHAPE	    10341.3439999999	        3.9206104279
LINESHAPE	    10341.4219999999	        3.9208376408
LINESHAPE	    10341.4999999999	        3.9210844040
LINESHAPE	    10341.5779999999	        3.9213516712
LINESHAPE	    10341.6559999999	        3.9216401577
LINESHAPE	    10341.7339999999	        3.9219517708
LINESHAPE	    10341.8119999999	        3.9222867489
LINESHAPE	    10341.8899999999	        3.9226465225
LINESHAPE	    10341.9679999999	        3.9230332375
LINESHAPE	    10342.0459999999	        3.9234471321
LINESHAPE	    10342.1239999999	        3.9238898754
LINESHAPE	    10342.2019999999	        3.9243628979
LINESHAPE	    10342.2799999999	        3.9248676300
LINESHAPE	    10342.3579999999	        3.9254052639
LINESHAPE	    10342.4359999999	        3.9259781837
LINESHAPE	    10342.5139999999	        3.9265875816
LINESHAPE	    10342.5919999999	        3.9272348881
LINESHAPE	    10342.6699999999	        3.9279222488
LINESHAPE	    10342.7479999999	        3.9286510944
LINESHAPE	    10342.8259999999	        3.9294242859
LINESHAPE	    10342.9039999999	        3.9302425385
LINESHAPE	    10342.9819999999	        3.9311082363
LINESHAPE	    10343.0599999999	        3.9320242405
LINESHAPE	    10343.1379999999	        3.9329919815
LINESHAPE	    10343.2159999999	        3.9340136051
LINESHAPE	    10343.2939999999	        3.9350919724
LINESHAPE	    10343.3719999999	        3.9362292290
LINESHAPE	    10343.4499999999	        3.9374277592
LINESHAPE	    10343.5279999999	        3.9386904240
LINESHAPE	    10343.6059999999	        3.9400196075
LINESHAPE	    10343.6839999999	        3.9414181709
LINESHAPE	    10343.7619999999	        3.9428889751
LINESHAPE	    10343.8399999999	        3.9444346428
LINESHAPE	    10343.9179999999	        3.9460587502
LINESHAPE	    10343.9959999999	        3.9477639198
LINESHAPE	    10344.0739999999	        3.9495530128
LINESHAPE	    10344.1519999999	        3.9514303207
LINESHAPE	    10344.2299999999	        3.9533987045
LINESHAPE	    10344.3079999999	        3.9554610252
LINESHAPE	    10344.3859999999	        3.9576218128
LINESHAPE	    10344.4639999999	        3.9598836899
LINESHAPE	    10344.5419999999	        3.9622514248
LINESHAPE	    10344.6199999999	        3.9647281170
LINESHAPE	    10344.6979999999	        3.9673178196
LINESHAPE	    10344.7759999999	        3.9700253010
LINESHAPE	    10344.8539999999	        3.9728536606
LINESHAPE	    10344.9319999999	        3.9758074284
LINESHAPE	    10345.0099999999	        3.9788916111
LINESHAPE	    10345.0879999999	        3.9821097851
LINESHAPE	    10345.1659999999	        3.9854669571
LINESHAPE	    10345.2439999999	        3.9889671803
LINESHAPE	    10345.3219999999	        3.9926159382
LINESHAPE	    10345.3999999999	        3.9964177608
LINESHAPE	    10345.4779999999	        4.0003771782
LINESHAPE	    10345.5559999999	        4.0044999123
LINESHAPE	    10345.6339999999	        4.0087900162
LINESHAPE	    10345.7119999999	        4.0132536888
LINESHAPE	    10345.7899999999	        4.0178956985
LINESHAPE	    10345.8679999999	        4.0227212906
LINESHAPE	    10345.9459999999	        4.0277366638
LINESHAPE	    10346.0239999999	        4.0329465866
LINESHAPE	    10346.1019999999	        4.0383563042
LINESHAPE	    10346.1799999999	        4.0439724922
LINESHAPE	    10346.2579999999	        4.0498008728
LINESHAPE	    10346.3359999999	        4.0558466911
LINESHAPE	    10346.4139999998	        4.0621161461
LINESHAPE	    10346.4919999998	        4.0686149597
LINESHAPE	    10346.5699999998	        4.0753488541
LINESHAPE	    10346.6479999998	        4.0823254585
LINESHAPE	    10346.7259999998	        4.0895495415
LINESHAPE	    10346.8039999998	        4.0970273018
LINESHAPE	    10346.8819999998	        4.1047654152
LINESHAPE	    10346.9599999998	        4.1127696037
LINESHAPE	    10347.0379999998	        4.1210474968
LINESHAPE	    10347.1159999998	        4.1296033859
LINESHAPE	    10347.1939999998	        4.1384458542
LINESHAPE	    10347.2719999998	        4.1475796700
LINESHAPE	    10347.3499999998	        4.1570115089
LINESHAPE	    10347.4279999998	        4.1667480469
LINESHAPE	    10347.5059999998	        4.1767954826
LINESHAPE	    10347.5839999998	        4.1871604919
LINESHAPE	    10347.6619999998	        4.1978487968
LINESHAPE	    10347.7399999998	        4.2088675499
LINESHAPE	    10347.8179999998	        4.2202219963
LINESHAPE	    10347.8959999998	        4.2319192886
LINESHAPE	    10347.9739999998	        4.2439651489
LINESHAPE	    10348.0519999998	        4.2563652992
LINESHAPE	    10348.1299999998	        4.2691268921
LINESHAPE	    10348.2079999998	        4.2822551727
LINESHAPE	    10348.2859999998	        4.2957558632
LINESHAPE	    10348.3639999998	        4.3096351624
LINESHAPE	    10348.4419999998	        4.3238987923
LINESHAPE	    10348.5199999998	        4.3385519981
LINESHAPE	    10348.5979999998	        4.3536000252
LINESHAPE	    10348.6759999998	        4.3690490723
LINESHAPE	    10348.7539999998	        4.3849034309
LINESHAPE	    10348.8319999998	        4.4011678696
LINESHAPE	    10348.9099999998	        4.4178485870
LINESHAPE	    10348.9879999998	        4.4349489212
LINESHAPE	    10349.0659999998	        4.4524731636
LINESHAPE	    10349.1439999998	        4.4704270363
LINESHAPE	    10349.2219999998	        4.4888134003
LINESHAPE	    10349.2999999998	        4.5076360703
LINESHAPE	    10349.3779999998	        4.5268988609
LINESHAPE	    10349.4559999998	        4.5466051102
LINESHAPE	    10349.5339999998	        4.5667576790
LINESHAPE	    10349.6119999998	        4.5873599052
LINESHAPE	    10349.6899999998	        4.6084136963
LINESHAPE	    10349.7679999998	        4.6299209595
LINESHAPE	    10349.8459999998	        4.6518850327
LINESHAPE	    10349.9239999998	        4.6743059158
LINESHAPE	    10350.0019999998	        4.6971855164
LINESHAPE	    10350.0799999998	        4.7205252647
LINESHAPE	    10350.1579999998	        4.7443251610
LINESHAPE	    10350.2359999998	        4.7685856819
LINESHAPE	    10350.3139999998	        4.7933063507
LINESHAPE	    10350.3919999998	        4.8184866905
LINESHAPE	    10350.4699999998	        4.8441257477
LINESHAPE	    10350.5479999998	        4.8702225685
LINESHAPE	    10350.6259999998	        4.8967752457
LINESHAPE	    10350.7039999998	        4.9237818718
LINESHAPE	    10350.7819999998	        4.9512391090
LINESHAPE	    10350.8599999998	        4.9791445732
LINESHAPE	    10350.9379999998	        5.0074949265
LINESHAPE	    10351.0159999998	        5.0362858772
LINESHAPE	    10351.0939999998	        5.0655136108
LINESHAPE	    10351.1719999998	        5.0951724052
LINESHAPE	    10351.2499999998	        5.1252579689
LINESHAPE	    10351.3279999998	        5.1557641029
LINESHAPE	    10351.4059999998	        5.1866841316
LINESHAPE	    10351.4839999998	        5.2180118561
LINESHAPE	    10351.5619999998	        5.2497401237
LINESHAPE	    10351.6399999998	        5.2818613052
LINESHAPE	    10351.7179999998	        5.3143663406
LINESHAPE	    10351.7959999998	        5.3472476006
LINESHAPE	    10351.8739999998	        5.3804950714
LINESHAPE	    10351.9519999998	        5.4140996933
LINESHAPE	    10352.0299999998	        5.4480504990
LINESHAPE	    10352.1079999998	        5.4823369980
LINESHAPE	    10352.1859999998	        5.5169487000
LINESHAPE	    10352.2639999998	        5.5518732071
LINESHAPE	    10352.3419999998	        5.5870981216
LINESHAPE	    10352.4199999998	        5.6226115227
LINESHAPE	    10352.4979999998	        5.6583995819
LINESHAPE	    10352.5759999998	        5.6944484711
LINESHAPE	    10352.6539999998	        5.7307443619
LINESHAPE	    10352.7319999998	        5.7672724724
LINESHAPE	    10352.8099999998	        5.8040184975
LINESHAPE	    10352.8879999998	        5.8409652710
LINESHAPE	    10352.9659999998	        5.8780980110
LINESHAPE	    10353.0439999998	        5.9154000282
LINESHAPE	    10353.1219999998	        5.9528546333
LINESHAPE	    10353.1999999998	        5.9904437065
LINESHAPE	    10353.2779999998	        6.0281500816
LINESHAPE	    10353.3559999998	        6.0659556389
LINESHAPE	    10353.4339999998	        6.1038422585
LINESHAPE	    10353.5119999998	        6.1417899132
LINESHAPE	    10353.5899999998	        6.1797804832
LINESHAPE	    10353.6679999998	        6.2177939415
LINESHAPE	    10353.7459999998	        6.2558097839
LINESHAPE	    10353.8239999998	        6.2938094139
LINESHAPE	    10353.9019999998	        6.3317708969
LINESHAPE	    10353.9799999998	        6.3696737289
LINESHAPE	    10354.0579999998	        6.4074978828
LINESHAPE	    10354.1359999998	        6.4452209473
LINESHAPE	    10354.2139999998	        6.4828214645
LINESHAPE	    10354.2919999998	        6.5202784538
LINESHAPE	    10354.3699999998	        6.5575695038
LINESHAPE	    10354.4479999998	        6.5946731567
LINESHAPE	    10354.5259999998	        6.6315665245
LINESHAPE	    10354.6039999998	        6.6682281494
LINESHAPE	    10354.6819999998	        6.7046351433
LINESHAPE	    10354.7599999998	        6.7407655716
LINESHAPE	    10354.8379999998	        6.7765965462
LINESHAPE	    10354.9159999998	        6.8121061325
LINESHAPE	    10354.9939999998	        6.8472714424
LINESHAPE	    10355.0719999998	        6.8820705414
LINESHAPE	    10355.1499999998	        6.9164800644
LINESHAPE	    10355.2279999998	        6.9504790306
LINESHAPE	    10355.3059999998	        6.9840450287
LINESHAPE	    10355.3839999998	        7.0171551704
LINESHAPE	    10355.4619999998	        7.0497884750
LINESHAPE	    10355.5399999998	        7.0819230080
LINESHAPE	    10355.6179999998	        7.1135373116
LINESHAPE	    10355.6959999998	        7.1446099281
LINESHAPE	    10355.7739999998	        7.1751203537
LINESHAPE	    10355.8519999998	        7.2050471306
LINESHAPE	    10355.9299999998	        7.2343711853
LINESHAPE	    10356.0079999998	        7.2630710602
LINESHAPE	    10356.0859999998	        7.2911281586
LINESHAPE	    10356.1639999998	        7.3185224533
LINESHAPE	    10356.2419999998	        7.3452358246
LINESHAPE	    10356.3199999998	        7.3712482452
LINESHAPE	    10356.3979999998	        7.3965435028
LINESHAPE	    10356.4759999998	        7.4211030006
LINESHAPE	    10356.5539999998	        7.4449100494
LINESHAPE	    10356.6319999998	        7.4679479599
LINESHAPE	    10356.7099999998	        7.4902005196
LINESHAPE	    10356.7879999998	        7.5116529465
LINESHAPE	    10356.8659999998	        7.5322899818
LINESHAPE	    10356.9439999998	        7.5520973206
LINESHAPE	    10357.0219999998	        7.5710611343
LINESHAPE	    10357.0999999998	        7.5891690254
LINESHAPE	    10357.1779999998	        7.6064076424
LINESHAPE	    10357.2559999998	        7.6227660179
LINESHAPE	    10357.3339999998	        7.6382327080
LINESHAPE	    10357.4119999998	        7.6527976990
LINESHAPE	    10357.4899999998	        7.6664509773
LINESHAPE	    10357.5679999998	        7.6791839600
LINESHAPE	    10357.6459999998	        7.6909880638
LINESHAPE	    10357.7239999998	        7.7018561363
LINESHAPE	    10357.8019999998	        7.7117810249
LINESHAPE	    10357.8799999998	        7.7207574844
LINESHAPE	    10357.9579999998	        7.7287793159
LINESHAPE	    10358.0359999998	        7.7358427048
LINESHAPE	    10358.1139999998	        7.7419438362
LINESHAPE	    10358.1919999998	        7.7470798492
LINESHAPE	    10358.2699999998	        7.7512488365
LINESHAPE	    10358.3479999998	        7.7544484138
LINESHAPE	    10358.4259999998	        7.7566795349
LINESHAPE	    10358.5039999998	        7.7579412460
LINESHAPE	    10358.5819999998	        7.7582345009
LINESHAPE	    10358.6599999998	        7.7575621605
LINESHAPE	    10358.7379999998	        7.7559251785
LINESHAPE	    10358.8159999998	        7.7533278465
LINESHAPE	    10358.8939999998	        7.7497749329
LINESHAPE	    10358.9719999998	        7.7452697754
LINESHAPE	    10359.0499999998	        7.7398185730
LINESHAPE	    10359.1279999998	        7.7334280014
LINESHAPE	    10359.2059999998	        7.7261042595
LINESHAPE	    10359.2839999998	        7.7178559303
LINESHAPE	    10359.3619999998	        7.7086906433
LINESHAPE	    10359.4399999998	        7.6986184120
LINESHAPE	    10359.5179999998	        7.6876487732
LINESHAPE	    10359.5959999998	        7.6757917404
LINESHAPE	    10359.6739999998	        7.6630592346
LINESHAPE	    10359.7519999998	        7.6494626999
LINESHAPE	    10359.8299999998	        7.6350145340
LINESHAPE	    10359.9079999998	        7.6197280884
LINESHAPE	    10359.9859999998	        7.6036162376
LINESHAPE	    10360.0639999998	        7.5866942406
LINESHAPE	    10360.1419999998	        7.5689759254
LINESHAPE	    10360.2199999998	        7.5504770279
LINESHAPE	    10360.2979999998	        7.5312128067
LINESHAPE	    10360.3759999998	        7.5112004280
LINESHAPE	    10360.4539999998	        7.4904556274
LINESHAPE	    10360.5319999998	        7.4689960480
LINESHAPE	    10360.6099999998	        7.4468398094
LINESHAPE	    10360.6879999998	        7.4240036011
LINESHAPE	    10360.7659999998	        7.4005074501
LINESHAPE	    10360.8439999998	        7.3763685226
LINESHAPE	    10360.9219999998	        7.3516068459
LINESHAPE	    10360.9999999998	        7.3262414932
LINESHAPE	    10361.0779999998	        7.3002920151
LINESHAPE	    10361.1559999998	        7.2737784386
LINESHAPE	    10361.2339999998	        7.2467207909
LINESHAPE	    10361.3119999998	        7.2191395760
LINESHAPE	    10361.3899999998	        7.1910552979
LINESHAPE	    10361.4679999998	        7.1624884605
LINESHAPE	    10361.5459999998	        7.1334600449
LINESHAPE	    10361.6239999998	        7.1039910316
LINESHAPE	    10361.7019999998	        7.0741024017
LINESHAPE	    10361.7799999998	        7.0438151360
LINESHAPE	    10361.8579999998	        7.0131506920
LINESHAPE	    10361.9359999998	        6.9821295738
LINESHAPE	    10362.0139999998	        6.9507732391
LINESHAPE	    10362.0919999998	        6.9191036224
LINESHAPE	    10362.1699999998	        6.8871407509
LINESHAPE	    10362.2479999998	        6.8549060822
LINESHAPE	    10362.3259999998	        6.8224201202
LINESHAPE	    10362.4039999998	        6.7897043228
LINESHAPE	    10362.4819999998	        6.7567787170
LINESHAPE	    10362.5599999998	        6.7236647606
LINESHAPE	    10362.6379999997	        6.6903815269
LINESHAPE	    10362.7159999997	        6.6569495201
LINESHAPE	    10362.7939999997	        6.6233897209
LINESHAPE	    10362.8719999997	        6.5897202492
LINESHAPE	    10362.9499999997	        6.5559616089
LINESHAPE	    10363.0279999997	        6.5221328735
LINESHAPE	    10363.1059999997	        6.4882526398
LINESHAPE	    10363.1839999997	        6.4543399811
LINESHAPE	    10363.2619999997	        6.4204125404
LINESHAPE	    10363.3399999997	        6.3864884377
LINESHAPE	    10363.4179999997	        6.3525857925
LINESHAPE	    10363.4959999997	        6.3187217712
LINESHAPE	    10363.5739999997	        6.2849130630
LINESHAPE	    10363.6519999997	        6.2511768341
LINESHAPE	    10363.7299999997	        6.2175283432
LINESHAPE	    10363.8079999997	        6.1839842796
LINESHAPE	    10363.8859999997	        6.1505589485
LINESHAPE	    10363.9639999997	        6.1172685623
LINESHAPE	    10364.0419999997	        6.0841264725
LINESHAPE	    10364.1199999997	        6.0511479378
LINESHAPE	    10364.1979999997	        6.0183463097
LINESHAPE	    10364.2759999997	        5.9857344627
LINESHAPE	    10364.3539999997	        5.9533252716
LINESHAPE	    10364.4319999997	        5.9211320877
LINESHAPE	    10364.5099999997	        5.8891654015
LINESHAPE	    10364.5879999997	        5.8574376106
LINESHAPE	    10364.6659999997	        5.8259596825
LINESHAPE	    10364.7439999997	        5.7947416306
LINESHAPE	    10364.8219999997	        5.7637944221
LINESHAPE	    10364.8999999997	        5.7331275940
LINESHAPE	    10364.9779999997	        5.7027497292
LINESHAPE	    10365.0559999997	        5.6726698875
LINESHAPE	    10365.1339999997	        5.6428966522
LINESHAPE	    10365.2119999997	        5.6134376526
LINESHAPE	    10365.2899999997	        5.5843005180
LINESHAPE	    10365.3679999997	        5.5554919243
LINESHAPE	    10365.4459999997	        5.5270185471
LINESHAPE	    10365.5239999997	        5.4988865852
LINESHAPE	    10365.6019999997	        5.4711012840
LINESHAPE	    10365.6799999997	        5.4436683655
LINESHAPE	    10365.7579999997	        5.4165925980
LINESHAPE	    10365.8359999997	        5.3898787498
LINESHAPE	    10365.9139999997	        5.3635296822
LINESHAPE	    10365.9919999997	        5.3375496864
LINESHAPE	    10366.0699999997	        5.3119425774
LINESHAPE	    10366.1479999997	        5.2867102623
LINESHAPE	    10366.2259999997	        5.2618551254
LINESHAPE	    10366.3039999997	        5.2373805046
LINESHAPE	    10366.3819999997	        5.2132868767
LINESHAPE	    10366.4599999997	        5.1895756721
LINESHAPE	    10366.5379999997	        5.1662483215
LINESHAPE	    10366.6159999997	        5.1433057785
LINESHAPE	    10366.6939999997	        5.1207480431
LINESHAPE	    10366.7719999997	        5.0985751152
LINESHAPE	    10366.8499999997	        5.0767865181
LINESHAPE	    10366.9279999997	        5.0553822517
LINESHAPE	    10367.0059999997	        5.0343608856
LINESHAPE	    10367.0839999997	        5.0137224197
LINESHAPE	    10367.1619999997	        4.9934639931
LINESHAPE	    10367.2399999997	        4.9735846519
LINESHAPE	    10367.3179999997	        4.9540829659
LINESHAPE	    10367.3959999997	        4.9349560738
LINESHAPE	    10367.4739999997	        4.9162020683
LINESHAPE	    10367.5519999997	        4.8978185654
LINESHAPE	    10367.6299999997	        4.8798017502
LINESHAPE	    10367.7079999997	        4.8621497154
LINESHAPE	    10367.7859999997	        4.8448586464
LINESHAPE	    10367.8639999997	        4.8279256821
LINESHAPE	    10367.9419999997	        4.8113470078
LINESHAPE	    10368.0199999997	        4.7951188087
LINESHAPE	    10368.0979999997	        4.7792382240
LINESHAPE	    10368.1759999997	        4.7637000084
LINESHAPE	    10368.2539999997	        4.7485008240
LINESHAPE	    10368.3319999997	        4.7336363792
LINESHAPE	    10368.4099999997	        4.7191019058
LINESHAPE	    10368.4879999997	        4.7048931122
LINESHAPE	    10368.5659999997	        4.6910061836
LINESHAPE	    10368.6439999997	        4.6774358749
LINESHAPE	    10368.7219999997	        4.6641774178
LINESHAPE	    10368.7999999997	        4.6512260437
LINESHAPE	    10368.8779999997	        4.6385774612
LINESHAPE	    10368.9559999997	        4.6262264252
LINESHAPE	    10369.0339999997	        4.6141681671
LINESHAPE	    10369.1119999997	        4.6023969650
LINESHAPE	    10369.1899999997	        4.5909085274
LINESHAPE	    10369.2679999997	        4.5796976089
LINESHAPE	    10369.3459999997	        4.5687594414
LINESHAPE	    10369.4239999997	        4.5580883026
LINESHAPE	    10369.5019999997	        4.5476794243
LINESHAPE	    10369.5799999997	        4.5375280380
LINESHAPE	    10369.6579999997	        4.5276284218
LINESHAPE	    10369.7359999997	        4.5179762840
LINESHAPE	    10369.8139999997	        4.5085654259
LINESHAPE	    10369.8919999997	        4.4993920326
LINESHAPE	    10369.9699999997	        4.4904503822
LINESHAPE	    10370.0479999997	        4.4817352295
LINESHAPE	    10370.1259999997	        4.4732422829
LINESHAPE	    10370.2039999997	        4.4649658203
LINESHAPE	    10370.2819999997	        4.4569015503
LINESHAPE	    10370.3599999997	        4.4490442276
LINESHAPE	    10370.4379999997	        4.4413895607
LINESHAPE	    10370.5159999997	        4.4339318275
LINESHAPE	    10370.5939999997	        4.4266672134
LINESHAPE	    10370.6719999997	        4.4195904732
LINESHAPE	    10370.7499999997	        4.4126973152
LINESHAPE	    10370.8279999997	        4.4059829712
LINESHAPE	    10370.9059999997	        4.3994431496
LINESHAPE	    10370.9839999997	        4.3930735588
LINESHAPE	    10371.0619999997	        4.3868689537
LINESHAPE	    10371.1399999997	        4.3808259964
LINESHAPE	    10371.2179999997	        4.3749403954
LINESHAPE	    10371.2959999997	        4.3692073822
LINESHAPE	    10371.3739999997	        4.3636231422
LINESHAPE	    10371.4519999997	        4.3581838608
LINESHAPE	    10371.5299999997	        4.3528847694
LINESHAPE	    10371.6079999997	        4.3477234840
LINESHAPE	    10371.6859999997	        4.3426952362
LINESHAPE	    10371.7639999997	        4.3377962112
LINESHAPE	    10371.8419999997	        4.3330225945
LINESHAPE	    10371.9199999997	        4.3283715248
LINESHAPE	    10371.9979999997	        4.3238391876
LINESHAPE	    10372.0759999997	        4.3194222450
LINESHAPE	    10372.1539999997	        4.3151168823
LINESHAPE	    10372.2319999997	        4.3109207153
LINESHAPE	    10372.3099999997	        4.3068294525
LINESHAPE	    10372.3879999997	        4.3028407097
LINESHAPE	    10372.4659999997	        4.2989511490
LINESHAPE	    10372.5439999997	        4.2951583862
LINESHAPE	    10372.6219999997	        4.2914581299
LINESHAPE	    10372.6999999997	        4.2878489494
LINESHAPE	    10372.7779999997	        4.2843279839
LINESHAPE	    10372.8559999997	        4.2808914185
LINESHAPE	    10372.9339999997	        4.2775378227
LINESHAPE	    10373.0119999997	        4.2742638588
LINESHAPE	    10373.0899999997	        4.2710676193
LINESHAPE	    10373.1679999997	        4.2679462433
LINESHAPE	    10373.2459999997	        4.2648978233
LINESHAPE	    10373.3239999997	        4.2619194984
LINESHAPE	    10373.4019999997	        4.2590098381
LINESHAPE	    10373.4799999997	        4.2561659813
LINESHAPE	    10373.5579999997	        4.2533860207
LINESHAPE	    10373.6359999997	        4.2506685257
LINESHAPE	    10373.7139999997	        4.2480106354
LINESHAPE	    10373.7919999997	        4.2454109192
LINESHAPE	    10373.8699999997	        4.2428674698
LINESHAPE	    10373.9479999997	        4.2403788567
LINESHAPE	    10374.0259999997	        4.2379426956
LINESHAPE	    10374.1039999997	        4.2355575562
LINESHAPE	    10374.1819999997	        4.2332215309
LINESHAPE	    10374.2599999997	        4.2309336662
LINESHAPE	    10374.3379999997	        4.2286920547
LINESHAPE	    10374.4159999997	        4.2264952660
LINESHAPE	    10374.4939999997	        4.2243423462
LINESHAPE	    10374.5719999997	        4.2222309113
LINESHAPE	    10374.6499999997	        4.2201604843
LINESHAPE	    10374.7279999997	        4.2181291580
LINESHAPE	    10374.8059999997	        4.2161359787
LINESHAPE	    10374.8839999997	        4.2141799927
LINESHAPE	    10374.9619999997	        4.2122597694
LINESHAPE	    10375.0399999997	        4.2103743553
LINESHAPE	    10375.1179999997	        4.2085223198
LINESHAPE	    10375.1959999997	        4.2067027092
LINESHAPE	    10375.2739999997	        4.2049145699
LINESHAPE	    10375.3519999997	        4.2031569481
LINESHAPE	    10375.4299999997	        4.2014293671
LINESHAPE	    10375.5079999997	        4.1997299194
LINESHAPE	    10375.5859999997	        4.1980586052
LINESHAPE	    10375.6639999997	        4.1964139938
LINESHAPE	    10375.7419999997	        4.1947956085
LINESHAPE	    10375.8199999997	        4.1932024956
LINESHAPE	    10375.8979999997	        4.1916341782
LINESHAPE	    10375.9759999997	        4.1900897026
LINESHAPE	    10376.0539999997	        4.1885681152
LINESHAPE	    10376.1319999997	        4.1870689392
LINESHAPE	    10376.2099999997	        4.1855916977
LINESHAPE	    10376.2879999997	        4.1841349602
LINESHAPE	    10376.3659999997	        4.1826987267
LINESHAPE	    10376.4439999997	        4.1812820435
LINESHAPE	    10376.5219999997	        4.1798834801
LINESHAPE	    10376.5999999997	        4.1784996986
LINESHAPE	    10376.6779999997	        4.1771144867
LINESHAPE	    10376.7559999997	        4.1752133369
LINESHAPE	    10376.8339999997	        4.1737008095
LINESHAPE	    10376.9119999997	        4.1723799706
LINESHAPE	    10376.9899999997	        4.1711058617
LINESHAPE	    10377.0679999997	        4.1698546410
LINESHAPE	    10377.1459999997	        4.1686248779
LINESHAPE	    10377.2239999997	        4.1674127579
LINESHAPE	    10377.3019999997	        4.1662158966
LINESHAPE	    10377.3799999997	        4.1650319099
LINESHAPE	    10377.4579999997	        4.1638631821
LINESHAPE	    10377.5359999997	        4.1627068520
LINESHAPE	    10377.6139999997	        4.1615633965
LINESHAPE	    10377.6919999997	        4.1604313850
LINESHAPE	    10377.7699999997	        4.1593112946
LINESHAPE	    10377.8479999997	        4.1582021713
LINESHAPE	    10377.9259999997	        4.1571044922
LINESHAPE	    10378.0039999997	        4.1560173035
LINESHAPE	    10378.0819999997	        4.1549401283
LINESHAPE	    10378.1599999997	        4.1538743973
LINESHAPE	    10378.2379999997	        4.1528177261
LINESHAPE	    10378.3159999997	        4.1517710686
LINESHAPE	    10378.3939999997	        4.1507339478
LINESHAPE	    10378.4719999997	        4.1497063637
LINESHAPE	    10378.5499999997	        4.1486878395
LINESHAPE	    10378.6279999997	        4.1476788521
LINESHAPE	    10378.7059999997	        4.1466779709
LINESHAPE	    10378.7839999997	        4.1456866264
LINESHAPE	    10378.8619999996	        4.1447033882
LINESHAPE	    10378.9399999996	        4.1437287331
LINESHAPE	    10379.0179999996	        4.1427621841
LINESHAPE	    10379.0959999996	        4.1418042183
LINESHAPE	    10379.1739999996	        4.1408538818
LINESHAPE	    10379.2519999996	        4.1399116516
LINESHAPE	    10379.3299999996	        4.1389770508
LINESHAPE	    10379.4079999996	        4.1380505562
LINESHAPE	    10379.4859999996	        4.1371312141
LINESHAPE	    10379.5639999996	        4.1362190247
LINESHAPE	    10379.6419999996	        4.1353144646
LINESHAPE	    10379.7199999996	        4.1344170570
LINESHAPE	    10379.7979999996	        4.1335272789
LINESHAPE	    10379.8759999996	        4.1326436996
LINESHAPE	    10379.9539999996	        4.1317677498
LINESHAPE	    10380.0319999996	        4.1308979988
LINESHAPE	    10380.1099999996	        4.1300354004
LINESHAPE	    10380.1879999996	        4.1291790009
LINESHAPE	    10380.2659999996	        4.1283292770
LINESHAPE	    10380.3439999996	        4.1274857521
LINESHAPE	    10380.4219999996	        4.1266489029
LINESHAPE	    10380.4999999996	        4.1258182526
LINESHAPE	    10380.5779999996	        4.1249933243
LINESHAPE	    10380.6559999996	        4.1241750717
LINESHAPE	    10380.7339999996	        4.1233625412
LINESHAPE	    10380.8119999996	        4.1225562096
LINESHAPE	    10380.8899999996	        4.1217556000
LINESHAPE	    10380.9679999996	        4.1209602356
LINESHAPE	    10381.0459999996	        4.1201710701
LINESHAPE	    10381.1239999996	        4.1193876266
LINESHAPE	    10381.2019999996	        4.1186094284
LINESHAPE	    10381.2799999996	        4.1178369522
LINESHAPE	    10381.3579999996	        4.1170701981
LINESHAPE	    10381.4359999996	        4.1163077354
LINESHAPE	    10381.5139999996	        4.1155514717
LINESHAPE	    10381.5919999996	        4.1147999763
LINESHAPE	    10381.6699999996	        4.1140537262
LINESHAPE	    10381.7479999996	        4.1133127213
LINESHAPE	    10381.8259999996	        4.1125769615
LINESHAPE	    10381.9039999996	        4.1118454933
LINESHAPE	    10381.9819999996	        4.1111197472
LINESHAPE	    10382.0599999996	        4.1103987694
LINESHAPE	    10382.1379999996	        4.1096816063
LINESHAPE	    10382.2159999996	        4.1089701653
LINESHAPE	    10382.2939999996	        4.1082625389
LINESHAPE	    10382.3719999996	        4.1075601578
LINESHAPE	    10382.4499999996	        4.1068625450
LINESHAPE	    10382.5279999996	        4.1061692238
LINESHAPE	    10382.6059999996	        4.1054801941
LINESHAPE	    10382.6839999996	        4.1047959328
LINESHAPE	    10382.7619999996	        4.1041159630
LINESHAPE	    10382.8399999996	        4.1034398079
LINESHAPE	    10382.9179999996	        4.1027684212
LINESHAPE	    10382.9959999996	        4.1021013260
LINESHAPE	    10383.0739999996	        4.1014380455
LINESHAPE	    10383.1519999996	        4.1007785797
LINESHAPE	    10383.2299999996	        4.1001238823
LINESHAPE	    10383.3079999996	        4.0994729996
LINESHAPE	    10383.3859999996	        4.0988264084
LINESHAPE	    10383.4639999996	        4.0981831551
LINESHAPE	    10383.5419999996	        4.0975446701
LINESHAPE	    10383.6199999996	        4.0969095230
LINESHAPE	    10383.6979999996	        4.0962781906
LINESHAPE	    10383.7759999996	        4.0956506729
LINESHAPE	    10383.8539999996	        4.0950269699
LINESHAPE	    10383.9319999996	        4.0944070816
LINESHAPE	    10384.0099999996	        4.0937905312
LINESHAPE	    10384.0879999996	        4.0931782722
LINESHAPE	    10384.1659999996	        4.0925688744
LINESHAPE	    10384.2439999996	        4.0919632912
LINESHAPE	    10384.3219999996	        4.0913610458
LINESHAPE	    10384.3999999996	        4.0907630920
LINESHAPE	    10384.4779999996	        4.0901675224
LINESHAPE	    10384.5559999996	        4.0895757675
LINESHAPE	    10384.6339999996	        4.0889878273
LINESHAPE	    10384.7119999996	        4.0884027481
LINESHAPE	    10384.7899999996	        4.0878214836
LINESHAPE	    10384.8679999996	        4.0872430801
LINESHAPE	    10384.9459999996	        4.0866680145
LINESHAPE	    10385.0239999996	        4.0860962868
LINESHAPE	    10385.1019999996	        4.0855274200
LINESHAPE	    10385.1799999996	        4.0849618912
LINESHAPE	    10385.2579999996	        4.0843997002
LINESHAPE	    10385.3359999996	        4.0838403702
LINESHAPE	    10385.4139999996	        4.0832839012
LINESHAPE	    10385.4919999996	        4.0827312469
LINESHAPE	    10385.5699999996	        4.0821809769
LINESHAPE	    10385.6479999996	        4.0816335678
LINESHAPE	    10385.7259999996	        4.0810894966
LINESHAPE	    10385.8039999996	        4.0805482864
LINESHAPE	    10385.8819999996	        4.0800099373
LINESHAPE	    10385.9599999996	        4.0794744492
LINESHAPE	    10386.0379999996	        4.0789413452
LINESHAPE	    10386.1159999996	        4.0784120560
LINESHAPE	    10386.1939999996	        4.0778846741
LINESHAPE	    10386.2719999996	        4.0773601532
LINESHAPE	    10386.3499999996	        4.0768389702
LINESHAPE	    10386.4279999996	        4.0763201714
LINESHAPE	    10386.5059999996	        4.0758037567
LINESHAPE	    10386.5839999996	        4.0752906799
LINESHAPE	    10386.6619999996	        4.0747795105
LINESHAPE	    10386.7399999996	        4.0742712021
LINESHAPE	    10386.8179999996	        4.0737652779
LINESHAPE	    10386.8959999996	        4.0732622147
LINESHAPE	    10386.9739999996	        4.0727620125
LINESHAPE	    10387.0519999996	        4.0722637177
LINESHAPE	    10387.1299999996	        4.0717687607
LINESHAPE	    10387.2079999996	        4.0712752342
LINESHAPE	    10387.2859999996	        4.0707845688
LINESHAPE	    10387.3639999996	        4.0702967644
LINESHAPE	    10387.4419999996	        4.0698108673
LINESHAPE	    10387.5199999996	        4.0693278313
LINESHAPE	    10387.5979999996	        4.0688467026
LINESHAPE	    10387.6759999996	        4.0683679581
LINESHAPE	    10387.7539999996	        4.0678920746
LINESHAPE	    10387.8319999996	        4.0674176216
LINESHAPE	    10387.9099999996	        4.0669460297
LINESHAPE	    10387.9879999996	        4.0664763451
LINESHAPE	    10388.0659999996	        4.0660095215
LINESHAPE	    10388.1439999996	        4.0655446053
LINESHAPE	    10388.2219999996	        4.0650820732
LINESHAPE	    10388.2999999996	        4.0646214485
LINESHAPE	    10388.3779999996	        4.0641632080
LINESHAPE	    10388.4559999996	        4.0637068748
LINESHAPE	    10388.5339999996	        4.0632529259
LINESHAPE	    10388.6119999996	        4.0628008842
LINESHAPE	    10388.6899999996	        4.0623512268
LINESHAPE	    10388.7679999996	        4.0619034767
LINESHAPE	    10388.8459999996	        4.0614581108
LINESHAPE	    10388.9239999996	        4.0610146523
LINESHAPE	    10389.0019999996	        4.0605726242
LINESHAPE	    10389.0799999996	        4.0601334572
LINESHAPE	    10389.1579999996	        4.0596957207
LINESHAPE	    10389.2359999996	        4.0592603683
LINESHAPE	    10389.3139999996	        4.0588269234
LINESHAPE	    10389.3919999996	        4.0583949089
LINESHAPE	    10389.4699999996	        4.0579657555
LINESHAPE	    10389.5479999996	        4.0575380325
LINESHAPE	    10389.6259999996	        4.0571122169
LINESHAPE	    10389.7039999996	        4.0566883087
LINESHAPE	    10389.7819999996	        4.0562663078
LINESHAPE	    10389.8599999996	        4.0558462143
LINESHAPE	    10389.9379999996	        4.0554275513
LINESHAPE	    10390.0159999996	        4.0550112724
LINESHAPE	    10390.0939999996	        4.0545969009
LINESHAPE	    10390.1719999996	        4.0541839600
LINESHAPE	    10390.2499999996	        4.0537729263
LINESHAPE	    10390.3279999996	        4.0533633232
LINESHAPE	    10390.4059999996	        4.0529561043
LINESHAPE	    10390.4839999996	        4.0525503159
LINESHAPE	    10390.5619999996	        4.0521464348
LINESHAPE	    10390.6399999996	        4.0517439842
LINESHAPE	    10390.7179999996	        4.0513439178
LINESHAPE	    10390.7959999996	        4.0509448051
LINESHAPE	    10390.8739999996	        4.0505475998
LINESHAPE	    10390.9519999996	        4.0501523018
LINESHAPE	    10391.0299999996	        4.0497579575
LINESHAPE	    10391.1079999996	        4.0493659973
LINESHAPE	    10391.1859999996	        4.0489754677
LINESHAPE	    10391.2639999996	        4.0485868454
LINESHAPE	    10391.3419999996	        4.0481991768
LINESHAPE	    10391.4199999996	        4.0478134155
LINESHAPE	    10391.4979999996	        4.0474295616
LINESHAPE	    10391.5759999996	        4.0470466614
LINESHAPE	    10391.6539999996	        4.0466656685
LINESHAPE	    10391.7319999996	        4.0462861061
LINESHAPE	    10391.8099999996	        4.0459089279
LINESHAPE	    10391.8879999996	        4.0455322266
LINESHAPE	    10391.9659999996	        4.0451574326
LINESHAPE	    10392.0439999996	        4.0447840691
LINESHAPE	    10392.1219999996	        4.0444121361
LINESHAPE	    10392.1999999996	        4.0440421104
LINESHAPE	    10392.2779999996	        4.0436730385
LINESHAPE	    10392.3559999996	        4.0433058739
LINESHAPE	    10392.4339999996	        4.0429396629
LINESHAPE	    10392.5119999996	        4.0425753593
LINESHAPE	    10392.5899999996	        4.0422120094
LINESHAPE	    10392.6679999996	        4.0418505669
LINESHAPE	    10392.7459999996	        4.0414905548
LINESHAPE	    10392.8239999996	        4.0411319733
LINESHAPE	    10392.9019999996	        4.0407743454
LINESHAPE	    10392.9799999996	        4.0404181480
LINESHAPE	    10393.0579999996	        4.0400633812
LINESHAPE	    10393.1359999996	        4.0397105217
LINESHAPE	    10393.2139999996	        4.0393586159
LINESHAPE	    10393.2919999996	        4.0390076637
LINESHAPE	    10393.3699999996	        4.0386586189
LINESHAPE	    10393.4479999996	        4.0383105278
LINESHAPE	    10393.5259999996	        4.0379643440
LINESHAPE	    10393.6039999996	        4.0376186371
LINESHAPE	    10393.6819999996	        4.0372748375
LINESHAPE	    10393.7599999996	        4.0369315147
LINESHAPE	    10393.8379999996	        4.0365905762
LINESHAPE	    10393.9159999996	        4.0362505913
LINESHAPE	    10393.9939999996	        4.0359115601
LINESHAPE	    10394.0719999996	        4.0355739594
LINESHAPE	    10394.1499999996	        4.0352373123
LINESHAPE	    10394.2279999996	        4.0349025726
LINESHAPE	    10394.3059999996	        4.0345683098
LINESHAPE	    10394.3839999996	        4.0342354774
LINESHAPE	    10394.4619999996	        4.0339040756
LINESHAPE	    10394.5399999996	        4.0335741043
LINESHAPE	    10394.6179999996	        4.0332450867
LINESHAPE	    10394.6959999996	        4.0329170227
LINESHAPE	    10394.7739999996	        4.0325903893
LINESHAPE	    10394.8519999996	        4.0322651863
LINESHAPE	    10394.9299999996	        4.0319404602
LINESHAPE	    10395.0079999996	        4.0316176414
LINESHAPE	    10395.0859999996	        4.0312952995
LINESHAPE	    10395.1639999995	        4.0309743881
LINESHAPE	    10395.2419999995	        4.0306544304
LINESHAPE	    10395.3199999995	        4.0303363800
LINESHAPE	    10395.3979999995	        4.0300188065
LINESHAPE	    10395.4759999995	        4.0297021866
LINESHAPE	    10395.5539999995	        4.0293869972
LINESHAPE	    10395.6319999995	        4.0290727615
LINESHAPE	    10395.7099999995	        4.0287599564
LINESHAPE	    10395.7879999995	        4.0284476280
LINESHAPE	    10395.8659999995	        4.0281367302
LINESHAPE	    10395.9439999995	        4.0278272629
LINESHAPE	    10396.0219999995	        4.0275182724
LINESHAPE	    10396.0999999995	        4.0272107124
LINESHAPE	    10396.1779999995	        4.0269036293
LINESHAPE	    10396.2559999995	        4.0265984535
LINESHAPE	    10396.3339999995	        4.0262937546
LINESHAPE	    10396.4119999995	        4.0259900093
LINESHAPE	    10396.4899999995	        4.0256876945
LINESHAPE	    10396.5679999995	        4.0253863335
LINESHAPE	    10396.6459999995	        4.0250859261
LINESHAPE	    10396.7239999995	        4.0247864723
LINESHAPE	    10396.8019999995	        4.0244879723
LINESHAPE	    10396.8799999995	        4.0241904259
LINESHAPE	    10396.9579999995	        4.0238938332
LINESHAPE	    10397.0359999995	        4.0235981941
LINESHAPE	    10397.1139999995	        4.0233039856
LINESHAPE	    10397.1919999995	        4.0230102539
LINESHAPE	    10397.2699999995	        4.0227174759
LINESHAPE	    10397.3479999995	        4.0224261284
LINESHAPE	    10397.4259999995	        4.0221352577
LINESHAPE	    10397.5039999995	        4.0218458176
LINESHAPE	    10397.5819999995	        4.0215563774
LINESHAPE	    10397.6599999995	        4.0212688446
LINESHAPE	    10397.7379999995	        4.0209822655
LINESHAPE	    10397.8159999995	        4.0206961632
LINESHAPE	    10397.8939999995	        4.0204105377
LINESHAPE	    10397.9719999995	        4.0201268196
LINESHAPE	    10398.0499999995	        4.0198435783
LINESHAPE	    10398.1279999995	        4.0195608139
LINESHAPE	    10398.2059999995	        4.0192794800
LINESHAPE	    10398.2839999995	        4.0189986229
LINESHAPE	    10398.3619999995	        4.0187191963
LINESHAPE	    10398.4399999995	        4.0184407234
LINESHAPE	    10398.5179999995	        4.0181622505
LINESHAPE	    10398.5959999995	        4.0178856850
LINESHAPE	    10398.6739999995	        4.0176091194
LINESHAPE	    10398.7519999995	        4.0173335075
LINESHAPE	    10398.8299999995	        4.0170593262
LINESHAPE	    10398.9079999995	        4.0167860985
LINESHAPE	    10398.9859999995	        4.0165128708
LINESHAPE	    10399.0639999995	        4.0162410736
LINESHAPE	    10399.1419999995	        4.0159702301
LINESHAPE	    10399.2199999995	        4.0156993866
LINESHAPE	    10399.2979999995	        4.0154299736
LINESHAPE	    10399.3759999995	        4.0151615143
LINESHAPE	    10399.4539999995	        4.0148935318
LINESHAPE	    10399.5319999995	        4.0146265030
LINESHAPE	    10399.6099999995	        4.0143609047
LINESHAPE	    10399.6879999995	        4.0140948296
LINESHAPE	    10399.7659999995	        4.0138301849
LINESHAPE	    10399.8439999995	        4.0135664940
LINESHAPE	    10399.9219999995	        4.0133037567
LINESHAPE	    10399.9999999995	        4.0130414963
LINESHAPE	    10400.0779999995	        4.0127797127
LINESHAPE	    10400.1559999995	        4.0125193596
LINESHAPE	    10400.2339999995	        4.0122594833
LINESHAPE	    10400.3119999995	        4.0120005608
LINESHAPE	    10400.3899999995	        4.0117416382
LINESHAPE	    10400.4679999995	        4.0114841461
LINESHAPE	    10400.5459999995	        4.0112271309
LINESHAPE	    10400.6239999995	        4.0109710693
LINESHAPE	    10400.7019999995	        4.0107159615
LINESHAPE	    10400.7799999995	        4.0104608536
LINESHAPE	    10400.8579999995	        4.0102071762
LINESHAPE	    10400.9359999995	        4.0099539757
LINESHAPE	    10401.0139999995	        4.0097017288
LINESHAPE	    10401.0919999995	        4.0094499588
LINESHAPE	    10401.1699999995	        4.0091986656
LINESHAPE	    10401.2479999995	        4.0089483261
LINESHAPE	    10401.3259999995	        4.0086989403
LINESHAPE	    10401.4039999995	        4.0084495544
LINESHAPE	    10401.4819999995	        4.0082015991
LINESHAPE	    10401.5599999995	        4.0079541206
LINESHAPE	    10401.6379999995	        4.0077075958
LINESHAPE	    10401.7159999995	        4.0074615479
LINESHAPE	    10401.7939999995	        4.0072159767
LINESHAPE	    10401.8719999995	        4.0069713593
LINESHAPE	    10401.9499999995	        4.0067272186
LINESHAPE	    10402.0279999995	        4.0064840317
LINESHAPE	    10402.1059999995	        4.0062413216
LINESHAPE	    10402.1839999995	        4.0059995651
LINESHAPE	    10402.2619999995	        4.0057582855
LINESHAPE	    10402.3399999995	        4.0055174828
LINESHAPE	    10402.4179999995	        4.0052771568
LINESHAPE	    10402.4959999995	        4.0050382614
LINESHAPE	    10402.5739999995	        4.0047998428
LINESHAPE	    10402.6519999995	        4.0045614243
LINESHAPE	    10402.7299999995	        4.0043239594
LINESHAPE	    10402.8079999995	        4.0040874481
LINESHAPE	    10402.8859999995	        4.0038514137
LINESHAPE	    10402.9639999995	        4.0036158562
LINESHAPE	    10403.0419999995	        4.0033807755
LINESHAPE	    10403.1199999995	        4.0031466484
LINESHAPE	    10403.1979999995	        4.0029129982
LINESHAPE	    10403.2759999995	        4.0026803017
LINESHAPE	    10403.3539999995	        4.0024476051
LINESHAPE	    10403.4319999995	        4.0022158623
LINESHAPE	    10403.5099999995	        4.0019850731
LINESHAPE	    10403.5879999995	        4.0017542839
LINESHAPE	    10403.6659999995	        4.0015249252
LINESHAPE	    10403.7439999995	        4.0012955666
LINESHAPE	    10403.8219999995	        4.0010666847
LINESHAPE	    10403.8999999995	        4.0008382797
LINESHAPE	    10403.9779999995	        4.0006108284
LINESHAPE	    10404.0559999995	        4.0003843307
LINESHAPE	    10404.1339999995	        4.0001578331
LINESHAPE	    10404.2119999995	        3.9999320507
LINESHAPE	    10404.2899999995	        3.9997072220
LINESHAPE	    10404.3679999995	        3.9994828701
LINESHAPE	    10404.4459999995	        3.9992585182
LINESHAPE	    10404.5239999995	        3.9990353584
LINESHAPE	    10404.6019999995	        3.9988121986
LINESHAPE	    10404.6799999995	        3.9985899925
LINESHAPE	    10404.7579999995	        3.9983682632
LINESHAPE	    10404.8359999995	        3.9981472492
LINESHAPE	    10404.9139999995	        3.9979264736
LINESHAPE	    10404.9919999995	        3.9977064133
LINESHAPE	    10405.0699999995	        3.9974865913
LINESHAPE	    10405.1479999995	        3.9972679615
LINESHAPE	    10405.2259999995	        3.9970498085
LINESHAPE	    10405.3039999995	        3.9968318939
LINESHAPE	    10405.3819999995	        3.9966144562
LINESHAPE	    10405.4599999995	        3.9963977337
LINESHAPE	    10405.5379999995	        3.9961819649
LINESHAPE	    10405.6159999995	        3.9959659576
LINESHAPE	    10405.6939999995	        3.9957509041
LINESHAPE	    10405.7719999995	        3.9955360889
LINESHAPE	    10405.8499999995	        3.9953219891
LINESHAPE	    10405.9279999995	        3.9951083660
  
RESIDUAL 	    10380.9003906250	        0.0150608202
RESIDUAL 	    10348.5996093750	       -0.0627449198
RESIDUAL 	    10364.7001953125	       -0.0035913361
RESIDUAL 	    10344.7998046875	       -0.0362354114
RESIDUAL 	    10370.7001953125	       -0.0658479396
RESIDUAL 	    10376.9003906250	        0.0937066521
RESIDUAL 	    10354.9003906250	       -0.0837767940
RESIDUAL 	    10380.9003906250	        0.0118407389
RESIDUAL 	    10349.0000000000	        0.0648227244
RESIDUAL 	    10364.7998046875	        0.0318472095
RESIDUAL 	    10344.9003906250	        0.0733343412
RESIDUAL 	    10371.0996093750	        0.0715846212
RESIDUAL 	    10376.9003906250	        0.0691667046
RESIDUAL 	    10354.7998046875	        0.1707001429
RESIDUAL 	    10380.9003906250	        0.1220506808
RESIDUAL 	    10348.5996093750	       -0.0414751216
RESIDUAL 	    10364.7001953125	       -0.0523512733
RESIDUAL 	    10371.0000000000	        0.0312223514
RESIDUAL 	    10376.9003906250	       -0.0470933471
RESIDUAL 	    10354.7998046875	       -0.0210699339
RESIDUAL 	    10399.4003906250	       -0.0502578474
RESIDUAL 	    10399.2998046875	       -0.3235842436
RESIDUAL 	    10399.4003906250	        0.0208223605
RESIDUAL 	    10399.4003906250	        0.0326822543
RESIDUAL 	    10399.2998046875	        0.0247956068
RESIDUAL 	    10399.4003906250	        0.1032422327
RESIDUAL 	    10399.5000000000	       -0.0062863243
RESIDUAL 	    10399.5000000000	        0.0395634758
RESIDUAL 	    10358.7001953125	        0.1162608894
RESIDUAL 	    10358.7001953125	       -0.0186086861
RESIDUAL 	    10358.7998046875	        0.0318635294
RESIDUAL 	    10330.2998046875	        0.0381092774
RESIDUAL 	    10330.2998046875	        0.0041293847
RESIDUAL 	    10330.2998046875	        0.0015494572
RESIDUAL 	    10330.4003906250	       -0.0600538499
RESIDUAL 	    10330.4003906250	        0.0379662269
RESIDUAL 	    10330.2998046875	       -0.0358207477
RESIDUAL 	    10330.4003906250	        0.0017461532
RESIDUAL 	    10330.4003906250	       -0.1406638867
RESIDUAL 	    10330.4003906250	       -0.0583937413
RESIDUAL 	    10330.4003906250	       -0.0387537724
RESIDUAL 	    10330.5000000000	        0.0204021195
RESIDUAL 	    10330.5996093750	       -0.0145515242
RESIDUAL 	    10330.5996093750	        0.0714884958
RESIDUAL 	    10358.7001953125	        0.0091408524
RESIDUAL 	    10358.7998046875	       -0.1273466757
RESIDUAL 	    10358.7998046875	        0.1401136705
RESIDUAL 	    10358.7998046875	       -0.0184966734
RESIDUAL 	    10358.7998046875	       -0.0216366461
RESIDUAL 	    10358.7998046875	        0.0896237680
RESIDUAL 	    10358.7998046875	       -0.0413266829
RESIDUAL 	    10358.7998046875	        0.0588734934
RESIDUAL 	    10358.7998046875	        0.0463736841
RESIDUAL 	    10358.9003906250	       -0.1102215573
RESIDUAL 	    10358.9003906250	        0.0487883761
RESIDUAL 	    10358.7998046875	       -0.0086065939
RESIDUAL 	    10358.7998046875	       -0.0323764494
RESIDUAL 	    10358.7998046875	        0.0652936289
RESIDUAL 	    10358.7998046875	       -0.2582766226
RESIDUAL 	    10359.0000000000	        0.0959384525
RESIDUAL 	    10359.0000000000	        0.1506383503
RESIDUAL 	    10359.0000000000	       -0.0813219464
RESIDUAL 	    10359.0000000000	       -0.0394718563
RESIDUAL 	    10359.0000000000	        0.0424583042
RESIDUAL 	    10359.0000000000	       -0.0772015965
RESIDUAL 	    10359.0000000000	        0.0661280239
RESIDUAL 	    10359.0000000000	        0.0277483547
RESIDUAL 	    10359.0000000000	       -0.0307719624
RESIDUAL 	    10359.0000000000	        0.0460784519
RESIDUAL 	    10359.0996093750	       -0.0186328021
RESIDUAL 	    10359.0996093750	        0.0696073445
RESIDUAL 	    10359.0000000000	       -0.0677616513
RESIDUAL 	    10359.0996093750	        0.0400672826
RESIDUAL 	    10359.0000000000	       -0.0256516850
RESIDUAL 	    10359.0000000000	        0.0524981106
RESIDUAL 	    10359.0996093750	       -0.0405024616
RESIDUAL 	    10359.0000000000	       -0.0588018811
RESIDUAL 	    10359.0996093750	       -0.0675825206
RESIDUAL 	    10359.0996093750	        0.0208874615
  
NORMRESID	    10380.9003906250	        0.2304283540
NORMRESID	    10348.5996093750	       -0.9537731922
NORMRESID	    10364.7001953125	       -0.0442306735
NORMRESID	    10344.7998046875	       -0.5731773517
NORMRESID	    10370.7001953125	       -0.9492730594
NORMRESID	    10376.9003906250	        1.3625777320
NORMRESID	    10354.9003906250	       -0.8728722658
NORMRESID	    10380.9003906250	        0.1721755787
NORMRESID	    10349.0000000000	        0.8765371434
NORMRESID	    10364.7998046875	        0.4053556330
NORMRESID	    10344.9003906250	        1.1404515739
NORMRESID	    10371.0996093750	        1.0542965072
NORMRESID	    10376.9003906250	        0.8413243253
NORMRESID	    10354.7998046875	        1.5306958281
NORMRESID	    10380.9003906250	        1.4938518088
NORMRESID	    10348.5996093750	       -0.5889637185
NORMRESID	    10364.7001953125	       -0.6084626518
NORMRESID	    10371.0000000000	        0.4252515611
NORMRESID	    10376.9003906250	       -0.6621227466
NORMRESID	    10354.7998046875	       -0.2307670700
NORMRESID	    10399.4003906250	       -0.7131696036
NORMRESID	    10399.2998046875	       -4.4862562401
NORMRESID	    10399.4003906250	        0.3680806617
NORMRESID	    10399.4003906250	        0.5724128609
NORMRESID	    10399.2998046875	        0.4449773671
NORMRESID	    10399.4003906250	        1.8349672731
NORMRESID	    10399.5000000000	       -0.0983415138
NORMRESID	    10399.5000000000	        0.5882336449
NORMRESID	    10358.7001953125	        0.6172762238
NORMRESID	    10358.7001953125	       -0.1903279467
NORMRESID	    10358.7998046875	        0.1879820941
NORMRESID	    10330.2998046875	        0.6806468191
NORMRESID	    10330.2998046875	        0.0741617347
NORMRESID	    10330.2998046875	        0.0277342533
NORMRESID	    10330.4003906250	       -1.0025165525
NORMRESID	    10330.4003906250	        0.4336420101
NORMRESID	    10330.2998046875	       -0.4355228131
NORMRESID	    10330.4003906250	        0.0277614435
NORMRESID	    10330.4003906250	       -1.2967042610
NORMRESID	    10330.4003906250	       -1.0796461453
NORMRESID	    10330.4003906250	       -0.7310556922
NORMRESID	    10330.5000000000	        0.3783649607
NORMRESID	    10330.5996093750	       -0.2728233468
NORMRESID	    10330.5996093750	        0.7349467773
NORMRESID	    10358.7001953125	        0.1080249131
NORMRESID	    10358.7998046875	       -1.5891279067
NORMRESID	    10358.7998046875	        0.9743987629
NORMRESID	    10358.7998046875	       -0.2521116233
NORMRESID	    10358.7998046875	       -0.2945556808
NORMRESID	    10358.7998046875	        1.1984286926
NORMRESID	    10358.7998046875	       -0.5536526547
NORMRESID	    10358.7998046875	        0.7966233694
NORMRESID	    10358.7998046875	        0.6294332917
NORMRESID	    10358.9003906250	       -0.9957049812
NORMRESID	    10358.9003906250	        0.5577152698
NORMRESID	    10358.7998046875	       -0.1130982280
NORMRESID	    10358.7998046875	       -0.2098782509
NORMRESID	    10358.7998046875	        0.8676560059
NORMRESID	    10358.7998046875	       -1.7919326106
NORMRESID	    10359.0000000000	        0.6878541079
NORMRESID	    10359.0000000000	        1.2220691473
NORMRESID	    10359.0000000000	       -0.8336693501
NORMRESID	    10359.0000000000	       -0.5190121086
NORMRESID	    10359.0000000000	        0.5791935698
NORMRESID	    10359.0000000000	       -0.9829952720
NORMRESID	    10359.0000000000	        0.6117697218
NORMRESID	    10359.0000000000	        0.2328018758
NORMRESID	    10359.0000000000	       -0.3002377026
NORMRESID	    10359.0000000000	        0.6249866114
NORMRESID	    10359.0996093750	       -0.2450072679
NORMRESID	    10359.0996093750	        0.9529861504
NORMRESID	    10359.0000000000	       -0.8739536816
NORMRESID	    10359.0996093750	        0.3996098500
NORMRESID	    10359.0000000000	       -0.2182212080
NORMRESID	    10359.0000000000	        0.4016196340
NORMRESID	    10359.0996093750	       -0.4675279757
NORMRESID	    10359.0000000000	       -0.5717913533
NORMRESID	    10359.0996093750	       -0.9094123276
NORMRESID	    10359.0996093750	        0.2817839749
  
FITTED PARAMETER	area =        77.2268955162 +/-         1.0557241389 MeV nb
FITTED PARAMETER	mass =     10357.9737974818 +/-         0.0763133340 MeV   
FITTED PARAMETER	wide =         4.6901184132 +/-         0.0632763627 MeV   
FITTED PARAMETER	back =         3.7448496909 +/-         0.0119409636 nb    
  
 **********
 **    7 **SHOW FCNVALUE
 **********

 FCN=   66.75139     FROM SAVe      STATUS=CONVERGED      0 CALLS       73 TOTAL
                     EDM=  0.10E-07    STRATEGY= 2      ERROR MATRIX ACCURATE 
  
 Assuming upsilon THREE(3)-S,           79 data points.
