  
 ****************************************************
 Assuming upsilon THREE(3)-S,           79 data points.
 ****************************************************
  
  MINUIT RELEASE 96.03  INITIALIZED.   DIMENSIONS 100/ 50  EPSMAC=  0.89E-15

 PARAMETER DEFINITIONS:
    NO.   NAME         VALUE      STEP SIZE      LIMITS
     1 'area      '    77.239       1.0000         50.000       300.00    
     2 'mass      '    10358.       1.0000         10325.       10403.    
     3 'wide      '    4.6910       1.0000        0.10000       8.0000    
     4 'back      '    4.2916       1.0000        0.00000E+00   8.0000    
 **********
 **    1 **SET STRATEGY   2.000    
 **********

 NOW USING STRATEGY  2: MAKE SURE MINIMUM TRUE, ERRORS CORRECT  

 **********
 **    2 **MINIMIZE  0.1000E+05  0.3000E-01
 **********

 FIRST CALL TO USER FUNCTION AT NEW START POINT, WITH IFLAG=4.
SAMPLE        77.2389619673     10357.9759316115         4.6910300462         4.2916222779
CHI2                                                                                            720.0890787026 /  75 =         9.6011877160
 START MIGRAD MINIMIZATION.  STRATEGY 2.  CONVERGENCE WHEN EDM .LT. 0.30E-04
SAMPLE        77.2389619673     10357.9759316115         4.6910300462         4.2916222779
CHI2                                                                                            720.0890787026 /  75 =         9.6011877160
SAMPLE        77.3390582578     10357.9759316115         4.6910300462         4.2916222779
CHI2                                                                                            708.3305743714 /  75 =         9.4444076583
SAMPLE        77.1390268425     10357.9759316115         4.6910300462         4.2916222779
CHI2                                                                                            732.0785786750 /  75 =         9.7610477157
SAMPLE        77.3625645449     10357.9759316115         4.6910300462         4.2916222779
CHI2                                                                                            705.6055708608 /  75 =         9.4080742781
SAMPLE        77.1156050459     10357.9759316115         4.6910300462         4.2916222779
CHI2                                                                                            734.9246808432 /  75 =         9.7989957446
SAMPLE        77.2389619673     10358.0759638440         4.6910300462         4.2916222779
CHI2                                                                                            713.4151696064 /  75 =         9.5122022614
SAMPLE        77.2389619673     10357.8759399628         4.6910300462         4.2916222779
CHI2                                                                                            733.3263049708 /  75 =         9.7776840663
SAMPLE        77.2389619673     10357.9990970492         4.6910300462         4.2916222779
CHI2                                                                                            717.9668572386 /  75 =         9.5728914298
SAMPLE        77.2389619673     10357.9527683509         4.6910300462         4.2916222779
CHI2                                                                                            722.5634406865 /  75 =         9.6341792092
SAMPLE        77.2389619673     10357.9759316115         4.7920323521         4.2916222779
CHI2                                                                                            881.3122731756 /  75 =        11.7508303090
SAMPLE        77.2389619673     10357.9759316115         4.5895953575         4.2916222779
CHI2                                                                                            606.9712057584 /  75 =         8.0929494101
SAMPLE        77.2389619673     10357.9759316115         4.7011508606         4.2916222779
CHI2                                                                                            734.1657068568 /  75 =         9.7888760914
SAMPLE        77.2389619673     10357.9759316115         4.6809049078         4.2916222779
CHI2                                                                                            706.4929042667 /  75 =         9.4199053902
SAMPLE        77.2389619673     10357.9759316115         4.6910300462         4.3926143410
CHI2                                                                                            305.9633284669 /  75 =         4.0795110462
SAMPLE        77.2389619673     10357.9759316115         4.6910300462         4.1904429465
CHI2                                                                                           1339.6402186241 /  75 =        17.8618695817
SAMPLE        77.2389619673     10357.9759316115         4.6910300462         4.3017309824
CHI2                                                                                            669.4458524291 /  75 =         8.9259446991
SAMPLE        77.2389619673     10357.9759316115         4.6910300462         4.2815117006
CHI2                                                                                            772.7869910163 /  75 =        10.3038265469
SAMPLE        77.2416905711     10357.9759316115         4.6910300462         4.2916222779
CHI2                                                                                            719.7652227014 /  75 =         9.5968696360
SAMPLE        77.2362334835     10357.9759316115         4.6910300462         4.2916222779
CHI2                                                                                            720.4131066249 /  75 =         9.6055080883
SAMPLE        77.2389619673     10357.9764434431         4.6910300462         4.2916222779
CHI2                                                                                            720.0385101223 /  75 =         9.6005134683
SAMPLE        77.2389619673     10357.9754197810         4.6910300462         4.2916222779
CHI2                                                                                            720.1399139161 /  75 =         9.6018655189
SAMPLE        77.2389619673     10357.9759316115         4.6912215360         4.2916222779
CHI2                                                                                            720.3511058807 /  75 =         9.6046814117
SAMPLE        77.2389619673     10357.9759316115         4.6908385548         4.2916222779
CHI2                                                                                            719.8273429033 /  75 =         9.5976979054
SAMPLE        77.2389619673     10357.9759316115         4.6910300462         4.2917147536
CHI2                                                                                            719.6165209453 /  75 =         9.5948869459
SAMPLE        77.2389619673     10357.9759316115         4.6910300462         4.2915298020
CHI2                                                                                            720.5618083814 /  75 =         9.6074907784
SAMPLE        77.3625645449     10357.9990970492         4.6910300462         4.2916222779
CHI2                                                                                            703.5455876387 /  75 =         9.3806078352
SAMPLE        77.3625645449     10357.9759316115         4.7011508606         4.2916222779
CHI2                                                                                            719.2742692390 /  75 =         9.5903235899
SAMPLE        77.2389619673     10357.9990970492         4.7011508606         4.2916222779
CHI2                                                                                            731.9957960269 /  75 =         9.7599439470
SAMPLE        77.3625645449     10357.9759316115         4.6910300462         4.3017309824
CHI2                                                                                            655.5429524619 /  75 =         8.7405726995
SAMPLE        77.2389619673     10357.9990970492         4.6910300462         4.3017309824
CHI2                                                                                            667.4111294048 /  75 =         8.8988150587
SAMPLE        77.2389619673     10357.9759316115         4.7011508606         4.3017309824
CHI2                                                                                            682.9762160902 /  75 =         9.1063495479
 EIGENVALUES OF SECOND-DERIVATIVE MATRIX:
        -0.7580E-02  0.5063E+00  0.9669E+00  0.2534E+01
 MINUIT WARNING IN HESSE   
 ============== MATRIX FORCED POS-DEF BY ADDING  0.10114E-01 TO DIAGONAL.

 FCN=   720.0891     FROM HESSE     STATUS=NOT POSDEF    31 CALLS       32 TOTAL
                     EDM=  0.64E+03    STRATEGY= 2      ERR MATRIX NOT POS-DEF

  EXT PARAMETER                APPROXIMATE        STEP         FIRST   
  NO.   NAME        VALUE          ERROR          SIZE      DERIVATIVE 
   1     area       77.239        4.3579       0.15852E-02   -9248.1    
   2     mass       10358.       0.71445E-01   0.60117E-03   -3817.0    
   3     wide       4.6910       0.26650       0.25972E-02    5330.4    
   4     back       4.2916       0.31534E-01   0.25342E-02   -20390.    
SAMPLE        78.5768318563     10357.9687429767         4.7645050961         4.5317889569
CHI2                                                                                             69.0461532576 /  75 =         0.9206153768
SAMPLE        78.5780600062     10357.9687429767         4.7645050961         4.5317889569
CHI2                                                                                             69.0471356374 /  75 =         0.9206284752
SAMPLE        78.5756037295     10357.9687429767         4.7645050961         4.5317889569
CHI2                                                                                             69.0452076373 /  75 =         0.9206027685
SAMPLE        78.5768318563     10357.9689685704         4.7645050961         4.5317889569
CHI2                                                                                             69.0460434496 /  75 =         0.9206139127
SAMPLE        78.5768318563     10357.9685173833         4.7645050961         4.5317889569
CHI2                                                                                             69.0463046076 /  75 =         0.9206173948
SAMPLE        78.5768318563     10357.9689452601         4.7645050961         4.5317889569
CHI2                                                                                             69.0460539292 /  75 =         0.9206140524
SAMPLE        78.5768318563     10357.9685406935         4.7645050961         4.5317889569
CHI2                                                                                             69.0462904615 /  75 =         0.9206172062
SAMPLE        78.5768318563     10357.9687429767         4.7645892222         4.5317889569
CHI2                                                                                             69.0475379191 /  75 =         0.9206338389
SAMPLE        78.5768318563     10357.9687429767         4.7644209696         4.5317889569
CHI2                                                                                             69.0448045829 /  75 =         0.9205973944
SAMPLE        78.5768318563     10357.9687429767         4.7645050961         4.5318294634
CHI2                                                                                             69.0429538887 /  75 =         0.9205727185
SAMPLE        78.5768318563     10357.9687429767         4.7645050961         4.5317484503
CHI2                                                                                             69.0493854628 /  75 =         0.9206584728
SAMPLE        60.5902095524     10358.1900816888         3.4486579087         4.6881318910
CHI2                                                                                            733.2671978901 /  75 =         9.7768959719
SAMPLE        77.4915071989     10357.9798052504         4.6993911109         4.5396278965
CHI2                                                                                             67.6201361167 /  75 =         0.9016018149
SAMPLE        77.4926464789     10357.9798052504         4.6993911109         4.5396278965
CHI2                                                                                             67.6201991200 /  75 =         0.9016026549
SAMPLE        77.4903679396     10357.9798052504         4.6993911109         4.5396278965
CHI2                                                                                             67.6201054756 /  75 =         0.9016014063
SAMPLE        77.4915071989     10357.9799932734         4.6993911109         4.5396278965
CHI2                                                                                             67.6204300814 /  75 =         0.9016057344
SAMPLE        77.4915071989     10357.9796172275         4.6993911109         4.5396278965
CHI2                                                                                             67.6198550879 /  75 =         0.9015980678
SAMPLE        77.4915071989     10357.9801042855         4.6993911109         4.5396278965
CHI2                                                                                             67.6206097164 /  75 =         0.9016081296
SAMPLE        77.4915071989     10357.9795062155         4.6993911109         4.5396278965
CHI2                                                                                             67.6196952376 /  75 =         0.9015959365
SAMPLE        77.4915071989     10357.9798052504         4.6994715642         4.5396278965
CHI2                                                                                             67.6198717909 /  75 =         0.9015982905
SAMPLE        77.4915071989     10357.9798052504         4.6993106574         4.5396278965
CHI2                                                                                             67.6204350623 /  75 =         0.9016058008
SAMPLE        77.4915071989     10357.9798052504         4.6993911109         4.5396683207
CHI2                                                                                             67.6171453740 /  75 =         0.9015619383
SAMPLE        77.4915071989     10357.9798052504         4.6993911109         4.5395874721
CHI2                                                                                             67.6231595623 /  75 =         0.9016421275
SAMPLE        77.2368704836     10357.9787325853         4.6916160379         4.5471969341
CHI2                                                                                             67.3567672290 /  75 =         0.8980902297
SAMPLE        77.2380091965     10357.9787325853         4.6916160379         4.5471969341
CHI2                                                                                             67.3566132300 /  75 =         0.8980881764
SAMPLE        77.2357317916     10357.9787325853         4.6916160379         4.5471969341
CHI2                                                                                             67.3569536429 /  75 =         0.8980927152
SAMPLE        77.2368704836     10357.9790310448         4.6916160379         4.5471969341
CHI2                                                                                             67.3569302213 /  75 =         0.8980924030
SAMPLE        77.2368704836     10357.9784341262         4.6916160379         4.5471969341
CHI2                                                                                             67.3566372205 /  75 =         0.8980884963
SAMPLE        77.2368704836     10357.9787325853         4.6916941288         4.5471969341
CHI2                                                                                             67.3569708299 /  75 =         0.8980929444
SAMPLE        77.2368704836     10357.9787325853         4.6915379467         4.5471969341
CHI2                                                                                             67.3565965546 /  75 =         0.8980879541
SAMPLE        77.2368704836     10357.9787325853         4.6916160379         4.5472372810
CHI2                                                                                             67.3567838461 /  75 =         0.8980904513
SAMPLE        77.2368704836     10357.9787325853         4.6916160379         4.5471565870
CHI2                                                                                             67.3567831857 /  75 =         0.8980904425
SAMPLE        77.2465553338     10357.9777938717         4.6914867342         4.5469651401
CHI2                                                                                             67.3556234065 /  75 =         0.8980749788
SAMPLE        77.2476973730     10357.9777938717         4.6914867342         4.5469651401
CHI2                                                                                             67.3556481956 /  75 =         0.8980753093
SAMPLE        77.2454133155     10357.9777938717         4.6914867342         4.5469651401
CHI2                                                                                             67.3556312261 /  75 =         0.8980750830
SAMPLE        77.2465553338     10357.9780905633         4.6914867342         4.5469651401
CHI2                                                                                             67.3557278703 /  75 =         0.8980763716
SAMPLE        77.2465553338     10357.9774971804         4.6914867342         4.5469651401
CHI2                                                                                             67.3555455100 /  75 =         0.8980739401
SAMPLE        77.2465553338     10357.9777938717         4.6915644307         4.5469651401
CHI2                                                                                             67.3555439446 /  75 =         0.8980739193
SAMPLE        77.2465553338     10357.9777938717         4.6914090373         4.5469651401
CHI2                                                                                             67.3556390310 /  75 =         0.8980751871
SAMPLE        77.2465553338     10357.9777938717         4.6915422525         4.5469651401
CHI2                                                                                             67.3556279496 /  75 =         0.8980750393
SAMPLE        77.2465553338     10357.9777938717         4.6914312157         4.5469651401
CHI2                                                                                             67.3556296553 /  75 =         0.8980750621
SAMPLE        77.2465553338     10357.9777938717         4.6915832188         4.5469651401
CHI2                                                                                             67.3555514359 /  75 =         0.8980740191
SAMPLE        77.2465553338     10357.9777938717         4.6913902492         4.5469651401
CHI2                                                                                             67.3556490310 /  75 =         0.8980753204
SAMPLE        77.2465553338     10357.9777938717         4.6915676482         4.5469651401
CHI2                                                                                             67.3555450936 /  75 =         0.8980739346
SAMPLE        77.2465553338     10357.9777938717         4.6914058198         4.5469651401
CHI2                                                                                             67.3556406096 /  75 =         0.8980752081
SAMPLE        77.2465553338     10357.9777938717         4.6915458279         4.5469651401
CHI2                                                                                             67.3556288069 /  75 =         0.8980750508
SAMPLE        77.2465553338     10357.9777938717         4.6914276403         4.5469651401
CHI2                                                                                             67.3556309890 /  75 =         0.8980750799
SAMPLE        77.2465553338     10357.9777938717         4.6914867342         4.5470055003
CHI2                                                                                             67.3556478103 /  75 =         0.8980753041
SAMPLE        77.2465553338     10357.9777938717         4.6914867342         4.5469247800
CHI2                                                                                             67.3556315977 /  75 =         0.8980750880
SAMPLE        77.2457216552     10357.9772123138         4.6913680561         4.5469555910
CHI2                                                                                             67.3555035982 /  75 =         0.8980733813
SAMPLE        77.2453682681     10357.9769657960         4.6913177491         4.5469515432
CHI2                                                                                             67.3554918605 /  75 =         0.8980732248
SAMPLE        77.2465100353     10357.9769657960         4.6913177491         4.5469515432
CHI2                                                                                             67.3555197299 /  75 =         0.8980735964
SAMPLE        77.2442265220     10357.9769657960         4.6913177491         4.5469515432
CHI2                                                                                             67.3554965856 /  75 =         0.8980732878
SAMPLE        77.2453682681     10357.9772944218         4.6913177491         4.5469515432
CHI2                                                                                             67.3555168678 /  75 =         0.8980735582
SAMPLE        77.2453682681     10357.9766371706         4.6913177491         4.5469515432
CHI2                                                                                             67.3555007318 /  75 =         0.8980733431
SAMPLE        77.2453682681     10357.9769657960         4.6914113823         4.5469515432
CHI2                                                                                             67.3554938730 /  75 =         0.8980732516
SAMPLE        77.2453682681     10357.9769657960         4.6912241157         4.5469515432
CHI2                                                                                             67.3555310194 /  75 =         0.8980737469
SAMPLE        77.2453682681     10357.9769657960         4.6914010603         4.5469515432
CHI2                                                                                             67.3554913527 /  75 =         0.8980732180
SAMPLE        77.2453682681     10357.9769657960         4.6912344377         4.5469515432
CHI2                                                                                             67.3555237747 /  75 =         0.8980736503
SAMPLE        77.2453682681     10357.9769657960         4.6913177491         4.5469919030
CHI2                                                                                             67.3555066909 /  75 =         0.8980734225
SAMPLE        77.2453682681     10357.9769657960         4.6913177491         4.5469111834
CHI2                                                                                             67.3555096245 /  75 =         0.8980734617
SAMPLE        77.2458776806     10357.9769181925         4.6913937762         4.5469619323
CHI2                                                                                             67.3554831170 /  75 =         0.8980731082
SAMPLE        77.2465381761     10357.9768564712         4.6914923503         4.5469754025
CHI2                                                                                             67.3554879954 /  75 =         0.8980731733
SAMPLE        77.2460319387     10357.9769037775         4.6914167982         4.5469650783
CHI2                                                                                             67.3554826177 /  75 =         0.8980731016
SAMPLE        77.2471737159     10357.9769037775         4.6914167982         4.5469650783
CHI2                                                                                             67.3554959737 /  75 =         0.8980732796
SAMPLE        77.2448901824     10357.9769037775         4.6914167982         4.5469650783
CHI2                                                                                             67.3555018554 /  75 =         0.8980733581
SAMPLE        77.2460319387     10357.9772261141         4.6914167982         4.5469650783
CHI2                                                                                             67.3555017539 /  75 =         0.8980733567
SAMPLE        77.2460319387     10357.9765814413         4.6914167982         4.5469650783
CHI2                                                                                             67.3555015577 /  75 =         0.8980733541
SAMPLE        77.2460319387     10357.9769037775         4.6915016701         4.5469650783
CHI2                                                                                             67.3555034831 /  75 =         0.8980733798
SAMPLE        77.2460319387     10357.9769037775         4.6913319261         4.5469650783
CHI2                                                                                             67.3555002580 /  75 =         0.8980733368
SAMPLE        77.2460319387     10357.9769037775         4.6914167982         4.5470054380
CHI2                                                                                             67.3554984564 /  75 =         0.8980733128
SAMPLE        77.2460319387     10357.9769037775         4.6914167982         4.5469247185
CHI2                                                                                             67.3554993735 /  75 =         0.8980733250

 MIGRAD MINIMIZATION HAS CONVERGED.

 MIGRAD WILL VERIFY CONVERGENCE AND ERROR MATRIX.
SAMPLE        77.2460319387     10357.9769037775         4.6914167982         4.5469650783
CHI2                                                                                             67.3554826177 /  75 =         0.8980731016
SAMPLE        77.2471737159     10357.9769037775         4.6914167982         4.5469650783
CHI2                                                                                             67.3554959737 /  75 =         0.8980732796
SAMPLE        77.2448901824     10357.9769037775         4.6914167982         4.5469650783
CHI2                                                                                             67.3555018554 /  75 =         0.8980733581
SAMPLE        77.2460319387     10357.9772261141         4.6914167982         4.5469650783
CHI2                                                                                             67.3555017539 /  75 =         0.8980733567
SAMPLE        77.2460319387     10357.9765814413         4.6914167982         4.5469650783
CHI2                                                                                             67.3555015577 /  75 =         0.8980733541
SAMPLE        77.2460319387     10357.9769037775         4.6915016701         4.5469650783
CHI2                                                                                             67.3555034831 /  75 =         0.8980733798
SAMPLE        77.2460319387     10357.9769037775         4.6913319261         4.5469650783
CHI2                                                                                             67.3555002580 /  75 =         0.8980733368
SAMPLE        77.2460319387     10357.9769037775         4.6914167982         4.5470054380
CHI2                                                                                             67.3554984564 /  75 =         0.8980733128
SAMPLE        77.2460319387     10357.9769037775         4.6914167982         4.5469247185
CHI2                                                                                             67.3554993735 /  75 =         0.8980733250
SAMPLE        77.2462602925     10357.9769037775         4.6914167982         4.5469650783
CHI2                                                                                             67.3554826814 /  75 =         0.8980731024
SAMPLE        77.2458035858     10357.9769037775         4.6914167982         4.5469650783
CHI2                                                                                             67.3554838578 /  75 =         0.8980731181
SAMPLE        77.2460319387     10357.9769682448         4.6914167982         4.5469650783
CHI2                                                                                             67.3554833991 /  75 =         0.8980731120
SAMPLE        77.2460319387     10357.9768393102         4.6914167982         4.5469650783
CHI2                                                                                             67.3554833594 /  75 =         0.8980731115
SAMPLE        77.2460319387     10357.9769037775         4.6914337726         4.5469650783
CHI2                                                                                             67.3554837105 /  75 =         0.8980731161
SAMPLE        77.2460319387     10357.9769037775         4.6913998238         4.5469650783
CHI2                                                                                             67.3554830652 /  75 =         0.8980731075
SAMPLE        77.2460319387     10357.9769037775         4.6914167982         4.5469731502
CHI2                                                                                             67.3554831779 /  75 =         0.8980731090
SAMPLE        77.2460319387     10357.9769037775         4.6914167982         4.5469570063
CHI2                                                                                             67.3554833613 /  75 =         0.8980731115
SAMPLE        77.2471737159     10357.9772261141         4.6914167982         4.5469650783
CHI2                                                                                             67.3555237953 /  75 =         0.8980736506
SAMPLE        77.2471737159     10357.9769037775         4.6915016701         4.5469650783
CHI2                                                                                             67.3554834498 /  75 =         0.8980731127
SAMPLE        77.2460319387     10357.9772261141         4.6915016701         4.5469650783
CHI2                                                                                             67.3555140449 /  75 =         0.8980735206
SAMPLE        77.2471737159     10357.9769037775         4.6914167982         4.5470054380
CHI2                                                                                             67.3555332249 /  75 =         0.8980737763
SAMPLE        77.2460319387     10357.9772261141         4.6914167982         4.5470054380
CHI2                                                                                             67.3555225992 /  75 =         0.8980736347
SAMPLE        77.2460319387     10357.9769037775         4.6915016701         4.5470054380
CHI2                                                                                             67.3555009809 /  75 =         0.8980733464
 COVARIANCE MATRIX CALCULATED SUCCESSFULLY

 FCN=   67.35548     FROM MIGRAD    STATUS=CONVERGED    126 CALLS      127 TOTAL
                     EDM=  0.12E-05    STRATEGY= 2      ERROR MATRIX ACCURATE 

  EXT PARAMETER                                   STEP         FIRST   
  NO.   NAME        VALUE          ERROR          SIZE      DERIVATIVE 
   1     area       77.246        1.0557       0.14656E-04  -0.20068    
   2     mass       10358.       0.76319E-01   0.83654E-05   0.11856E-01
   3     wide       4.6914       0.63274E-01   0.21776E-04   0.74083E-01
   4     back       4.5470       0.14499E-01   0.10186E-04  -0.45017E-01

 EXTERNAL ERROR MATRIX.    NDIM=  50    NPAR=  4    ERR DEF=  1.00    
  0.111E+01-0.903E-02 0.622E-01-0.905E-02
 -0.903E-02 0.582E-02-0.195E-03 0.455E-04
  0.622E-01-0.195E-03 0.400E-02-0.370E-03
 -0.905E-02 0.455E-04-0.370E-03 0.210E-03

 PARAMETER  CORRELATION COEFFICIENTS
       NO.  GLOBAL     1     2     3     4
        1  0.96345  1.000-0.112 0.932-0.591
        2  0.25102 -0.112 1.000-0.040 0.041
        3  0.95213  0.932-0.040 1.000-0.404
        4  0.72425 -0.591 0.041-0.404 1.000
 **********
 **    3 **SAVE
 **********
 CURRENT VALUES WILL BE SAVED ON UNIT  6: stdout                                                          

SET TITLE 
Kuraev-Fadin Fit with Goodies                     
PARAMETERS
     1'area      '  0.77246E+02  0.10557E+01  0.50000E+02  0.30000E+03
     2'mass      '  0.10358E+05  0.76319E-01  0.10325E+05  0.10403E+05
     3'wide      '  0.46914E+01  0.63274E-01  0.10000E+00  0.80000E+01
     4'back      '  0.45470E+01  0.14499E-01  0.00000E+00  0.80000E+01
 
SET COVARIANCE     4
 0.1836E-03-0.3010E-05 0.3923E-05 0.2050E-03-0.1300E-05 0.2636E-03-0.2933E-04
 0.2982E-06-0.2398E-04 0.1339E-04
    11 RECORDS WRITTEN TO UNIT   6:stdout                                       
 INCLUDING    3 RECORDS FOR THE COVARIANCE MATRIX.

 **********
 **    4 **SHOW CORRELATIONS
 **********

 PARAMETER  CORRELATION COEFFICIENTS
       NO.  GLOBAL     1     2     3     4
        1  0.96345  1.000-0.112 0.932-0.591
        2  0.25102 -0.112 1.000-0.040 0.041
        3  0.95213  0.932-0.040 1.000-0.404
        4  0.72425 -0.591 0.041-0.404 1.000
 **********
 **    5 **SHOW COVARIANCE
 **********

 EXTERNAL ERROR MATRIX.    NDIM=  50    NPAR=  4    ERR DEF=  1.00    
  0.111E+01-0.903E-02 0.622E-01-0.905E-02
 -0.903E-02 0.582E-02-0.195E-03 0.455E-04
  0.622E-01-0.195E-03 0.400E-02-0.370E-03
 -0.905E-02 0.455E-04-0.370E-03 0.210E-03

 PARAMETER  CORRELATION COEFFICIENTS
       NO.  GLOBAL     1     2     3     4
        1  0.96345  1.000-0.112 0.932-0.591
        2  0.25102 -0.112 1.000-0.040 0.041
        3  0.95213  0.932-0.040 1.000-0.404
        4  0.72425 -0.591 0.041-0.404 1.000
 **********
 **    6 **SHOW EIGENVALUES
 **********
 EIGENVALUES OF SECOND-DERIVATIVE MATRIX:
         0.4029E-01  0.6455E+00  0.9925E+00  0.2322E+01
  
LINESHAPE	    10322.0000000000	        3.9422843456
LINESHAPE	    10322.0780000000	        3.9422016144
LINESHAPE	    10322.1560000000	        3.9421188831
LINESHAPE	    10322.2340000000	        3.9420361519
LINESHAPE	    10322.3120000000	        3.9419531822
LINESHAPE	    10322.3900000000	        3.9418702126
LINESHAPE	    10322.4680000000	        3.9417870045
LINESHAPE	    10322.5460000000	        3.9417040348
LINESHAPE	    10322.6240000000	        3.9416208267
LINESHAPE	    10322.7020000000	        3.9415376186
LINESHAPE	    10322.7800000000	        3.9414541721
LINESHAPE	    10322.8580000000	        3.9413707256
LINESHAPE	    10322.9360000000	        3.9412872791
LINESHAPE	    10323.0140000000	        3.9412038326
LINESHAPE	    10323.0920000000	        3.9411201477
LINESHAPE	    10323.1700000000	        3.9410364628
LINESHAPE	    10323.2480000000	        3.9409527779
LINESHAPE	    10323.3260000000	        3.9408690929
LINESHAPE	    10323.4040000000	        3.9407851696
LINESHAPE	    10323.4820000000	        3.9407012463
LINESHAPE	    10323.5600000000	        3.9406170845
LINESHAPE	    10323.6380000000	        3.9405329227
LINESHAPE	    10323.7160000000	        3.9404487610
LINESHAPE	    10323.7940000000	        3.9403645992
LINESHAPE	    10323.8720000000	        3.9402801991
LINESHAPE	    10323.9500000000	        3.9401957989
LINESHAPE	    10324.0280000000	        3.9401111603
LINESHAPE	    10324.1060000000	        3.9400267601
LINESHAPE	    10324.1840000000	        3.9399421215
LINESHAPE	    10324.2620000000	        3.9398572445
LINESHAPE	    10324.3400000000	        3.9397726059
LINESHAPE	    10324.4180000000	        3.9396877289
LINESHAPE	    10324.4960000000	        3.9396026134
LINESHAPE	    10324.5740000000	        3.9395174980
LINESHAPE	    10324.6520000000	        3.9394323826
LINESHAPE	    10324.7300000000	        3.9393472672
LINESHAPE	    10324.8080000000	        3.9392619133
LINESHAPE	    10324.8860000000	        3.9391765594
LINESHAPE	    10324.9640000000	        3.9390912056
LINESHAPE	    10325.0420000000	        3.9390056133
LINESHAPE	    10325.1200000000	        3.9389200211
LINESHAPE	    10325.1980000000	        3.9388341904
LINESHAPE	    10325.2760000000	        3.9387483597
LINESHAPE	    10325.3540000000	        3.9386625290
LINESHAPE	    10325.4320000000	        3.9385764599
LINESHAPE	    10325.5100000000	        3.9384903908
LINESHAPE	    10325.5880000000	        3.9384043217
LINESHAPE	    10325.6660000000	        3.9383180141
LINESHAPE	    10325.7440000000	        3.9382317066
LINESHAPE	    10325.8220000000	        3.9381451607
LINESHAPE	    10325.9000000000	        3.9380586147
LINESHAPE	    10325.9780000000	        3.9379720688
LINESHAPE	    10326.0560000000	        3.9378852844
LINESHAPE	    10326.1340000000	        3.9377985001
LINESHAPE	    10326.2120000000	        3.9377114773
LINESHAPE	    10326.2900000000	        3.9376244545
LINESHAPE	    10326.3680000000	        3.9375374317
LINESHAPE	    10326.4460000000	        3.9374501705
LINESHAPE	    10326.5240000000	        3.9373629093
LINESHAPE	    10326.6020000000	        3.9372754097
LINESHAPE	    10326.6800000000	        3.9371879101
LINESHAPE	    10326.7580000000	        3.9371004105
LINESHAPE	    10326.8360000000	        3.9370126724
LINESHAPE	    10326.9140000000	        3.9369246960
LINESHAPE	    10326.9920000000	        3.9368369579
LINESHAPE	    10327.0700000000	        3.9367487431
LINESHAPE	    10327.1480000000	        3.9366607666
LINESHAPE	    10327.2260000000	        3.9365725517
LINESHAPE	    10327.3040000000	        3.9364840984
LINESHAPE	    10327.3820000000	        3.9363956451
LINESHAPE	    10327.4600000000	        3.9363069534
LINESHAPE	    10327.5380000000	        3.9362182617
LINESHAPE	    10327.6160000000	        3.9361295700
LINESHAPE	    10327.6940000000	        3.9360406399
LINESHAPE	    10327.7720000000	        3.9359517097
LINESHAPE	    10327.8500000000	        3.9358625412
LINESHAPE	    10327.9280000000	        3.9357733727
LINESHAPE	    10328.0060000000	        3.9356839657
LINESHAPE	    10328.0840000000	        3.9355943203
LINESHAPE	    10328.1620000000	        3.9355049133
LINESHAPE	    10328.2400000000	        3.9354150295
LINESHAPE	    10328.3180000000	        3.9353251457
LINESHAPE	    10328.3960000000	        3.9352352619
LINESHAPE	    10328.4740000000	        3.9351451397
LINESHAPE	    10328.5520000000	        3.9350550175
LINESHAPE	    10328.6300000000	        3.9349646568
LINESHAPE	    10328.7080000000	        3.9348742962
LINESHAPE	    10328.7860000000	        3.9347836971
LINESHAPE	    10328.8640000000	        3.9346928596
LINESHAPE	    10328.9420000000	        3.9346020222
LINESHAPE	    10329.0200000000	        3.9345109463
LINESHAPE	    10329.0980000000	        3.9344198704
LINESHAPE	    10329.1760000000	        3.9343287945
LINESHAPE	    10329.2540000000	        3.9342372417
LINESHAPE	    10329.3320000000	        3.9341456890
LINESHAPE	    10329.4100000000	        3.9340541363
LINESHAPE	    10329.4880000000	        3.9339623451
LINESHAPE	    10329.5660000000	        3.9338705540
LINESHAPE	    10329.6440000000	        3.9337782860
LINESHAPE	    10329.7220000000	        3.9336862564
LINESHAPE	    10329.8000000000	        3.9335937500
LINESHAPE	    10329.8780000000	        3.9335012436
LINESHAPE	    10329.9560000000	        3.9334087372
LINESHAPE	    10330.0340000000	        3.9333159924
LINESHAPE	    10330.1120000000	        3.9332230091
LINESHAPE	    10330.1899999999	        3.9331297874
LINESHAPE	    10330.2679999999	        3.9330365658
LINESHAPE	    10330.3459999999	        3.9329433441
LINESHAPE	    10330.4239999999	        3.9328496456
LINESHAPE	    10330.5019999999	        3.9327559471
LINESHAPE	    10330.5799999999	        3.9326622486
LINESHAPE	    10330.6579999999	        3.9325680733
LINESHAPE	    10330.7359999999	        3.9324738979
LINESHAPE	    10330.8139999999	        3.9323797226
LINESHAPE	    10330.8919999999	        3.9322850704
LINESHAPE	    10330.9699999999	        3.9321904182
LINESHAPE	    10331.0479999999	        3.9320957661
LINESHAPE	    10331.1259999999	        3.9320006371
LINESHAPE	    10331.2039999999	        3.9319055080
LINESHAPE	    10331.2819999999	        3.9318101406
LINESHAPE	    10331.3599999999	        3.9317147732
LINESHAPE	    10331.4379999999	        3.9316189289
LINESHAPE	    10331.5159999999	        3.9315230846
LINESHAPE	    10331.5939999999	        3.9314270020
LINESHAPE	    10331.6719999999	        3.9313309193
LINESHAPE	    10331.7499999999	        3.9312343597
LINESHAPE	    10331.8279999999	        3.9311378002
LINESHAPE	    10331.9059999999	        3.9310412407
LINESHAPE	    10331.9839999999	        3.9309442043
LINESHAPE	    10332.0619999999	        3.9308469296
LINESHAPE	    10332.1399999999	        3.9307496548
LINESHAPE	    10332.2179999999	        3.9306521416
LINESHAPE	    10332.2959999999	        3.9305543900
LINESHAPE	    10332.3739999999	        3.9304566383
LINESHAPE	    10332.4519999999	        3.9303584099
LINESHAPE	    10332.5299999999	        3.9302601814
LINESHAPE	    10332.6079999999	        3.9301614761
LINESHAPE	    10332.6859999999	        3.9300627708
LINESHAPE	    10332.7639999999	        3.9299638271
LINESHAPE	    10332.8419999999	        3.9298646450
LINESHAPE	    10332.9199999999	        3.9297654629
LINESHAPE	    10332.9979999999	        3.9296658039
LINESHAPE	    10333.0759999999	        3.9295661449
LINESHAPE	    10333.1539999999	        3.9294660091
LINESHAPE	    10333.2319999999	        3.9293658733
LINESHAPE	    10333.3099999999	        3.9292652607
LINESHAPE	    10333.3879999999	        3.9291646481
LINESHAPE	    10333.4659999999	        3.9290637970
LINESHAPE	    10333.5439999999	        3.9289627075
LINESHAPE	    10333.6219999999	        3.9288613796
LINESHAPE	    10333.6999999999	        3.9287595749
LINESHAPE	    10333.7779999999	        3.9286577702
LINESHAPE	    10333.8559999999	        3.9285557270
LINESHAPE	    10333.9339999999	        3.9284534454
LINESHAPE	    10334.0119999999	        3.9283509254
LINESHAPE	    10334.0899999999	        3.9282479286
LINESHAPE	    10334.1679999999	        3.9281449318
LINESHAPE	    10334.2459999999	        3.9280416965
LINESHAPE	    10334.3239999999	        3.9279379845
LINESHAPE	    10334.4019999999	        3.9278342724
LINESHAPE	    10334.4799999999	        3.9277300835
LINESHAPE	    10334.5579999999	        3.9276256561
LINESHAPE	    10334.6359999999	        3.9275209904
LINESHAPE	    10334.7139999999	        3.9274160862
LINESHAPE	    10334.7919999999	        3.9273109436
LINESHAPE	    10334.8699999999	        3.9272053242
LINESHAPE	    10334.9479999999	        3.9270997047
LINESHAPE	    10335.0259999999	        3.9269936085
LINESHAPE	    10335.1039999999	        3.9268872738
LINESHAPE	    10335.1819999999	        3.9267804623
LINESHAPE	    10335.2599999999	        3.9266736507
LINESHAPE	    10335.3379999999	        3.9265663624
LINESHAPE	    10335.4159999999	        3.9264588356
LINESHAPE	    10335.4939999999	        3.9263510704
LINESHAPE	    10335.5719999999	        3.9262428284
LINESHAPE	    10335.6499999999	        3.9261343479
LINESHAPE	    10335.7279999999	        3.9260253906
LINESHAPE	    10335.8059999999	        3.9259164333
LINESHAPE	    10335.8839999999	        3.9258069992
LINESHAPE	    10335.9619999999	        3.9256970882
LINESHAPE	    10336.0399999999	        3.9255869389
LINESHAPE	    10336.1179999999	        3.9254765511
LINESHAPE	    10336.1959999999	        3.9253656864
LINESHAPE	    10336.2739999999	        3.9252545834
LINESHAPE	    10336.3519999999	        3.9251430035
LINESHAPE	    10336.4299999999	        3.9250311852
LINESHAPE	    10336.5079999999	        3.9249188900
LINESHAPE	    10336.5859999999	        3.9248061180
LINESHAPE	    10336.6639999999	        3.9246931076
LINESHAPE	    10336.7419999999	        3.9245798588
LINESHAPE	    10336.8199999999	        3.9244661331
LINESHAPE	    10336.8979999999	        3.9243519306
LINESHAPE	    10336.9759999999	        3.9242372513
LINESHAPE	    10337.0539999999	        3.9241223335
LINESHAPE	    10337.1319999999	        3.9240069389
LINESHAPE	    10337.2099999999	        3.9238913059
LINESHAPE	    10337.2879999999	        3.9237749577
LINESHAPE	    10337.3659999999	        3.9236583710
LINESHAPE	    10337.4439999999	        3.9235413074
LINESHAPE	    10337.5219999999	        3.9234240055
LINESHAPE	    10337.5999999999	        3.9233059883
LINESHAPE	    10337.6779999999	        3.9231874943
LINESHAPE	    10337.7559999999	        3.9230687618
LINESHAPE	    10337.8339999999	        3.9229495525
LINESHAPE	    10337.9119999999	        3.9228296280
LINESHAPE	    10337.9899999999	        3.9227094650
LINESHAPE	    10338.0679999999	        3.9225888252
LINESHAPE	    10338.1459999999	        3.9224677086
LINESHAPE	    10338.2239999999	        3.9223458767
LINESHAPE	    10338.3019999999	        3.9222238064
LINESHAPE	    10338.3799999999	        3.9221012592
LINESHAPE	    10338.4579999999	        3.9219782352
LINESHAPE	    10338.5359999999	        3.9218544960
LINESHAPE	    10338.6139999999	        3.9217307568
LINESHAPE	    10338.6919999999	        3.9216063023
LINESHAPE	    10338.7699999999	        3.9214816093
LINESHAPE	    10338.8479999999	        3.9213569164
LINESHAPE	    10338.9259999999	        3.9212324619
LINESHAPE	    10339.0039999999	        3.9211091995
LINESHAPE	    10339.0819999999	        3.9209902287
LINESHAPE	    10339.1599999999	        3.9208950996
LINESHAPE	    10339.2379999999	        3.9213964939
LINESHAPE	    10339.3159999999	        3.9215254784
LINESHAPE	    10339.3939999999	        3.9215235710
LINESHAPE	    10339.4719999999	        3.9215064049
LINESHAPE	    10339.5499999999	        3.9214835167
LINESHAPE	    10339.6279999999	        3.9214613438
LINESHAPE	    10339.7059999999	        3.9214410782
LINESHAPE	    10339.7839999999	        3.9214246273
LINESHAPE	    10339.8619999999	        3.9214131832
LINESHAPE	    10339.9399999999	        3.9214079380
LINESHAPE	    10340.0179999999	        3.9214084148
LINESHAPE	    10340.0959999999	        3.9214150906
LINESHAPE	    10340.1739999999	        3.9214286804
LINESHAPE	    10340.2519999999	        3.9214510918
LINESHAPE	    10340.3299999999	        3.9214816093
LINESHAPE	    10340.4079999999	        3.9215202332
LINESHAPE	    10340.4859999999	        3.9215688705
LINESHAPE	    10340.5639999999	        3.9216277599
LINESHAPE	    10340.6419999999	        3.9216976166
LINESHAPE	    10340.7199999999	        3.9217782021
LINESHAPE	    10340.7979999999	        3.9218716621
LINESHAPE	    10340.8759999999	        3.9219775200
LINESHAPE	    10340.9539999999	        3.9220967293
LINESHAPE	    10341.0319999999	        3.9222295284
LINESHAPE	    10341.1099999999	        3.9223783016
LINESHAPE	    10341.1879999999	        3.9225420952
LINESHAPE	    10341.2659999999	        3.9227228165
LINESHAPE	    10341.3439999999	        3.9229211807
LINESHAPE	    10341.4219999999	        3.9231381416
LINESHAPE	    10341.4999999999	        3.9233746529
LINESHAPE	    10341.5779999999	        3.9236316681
LINESHAPE	    10341.6559999999	        3.9239099026
LINESHAPE	    10341.7339999999	        3.9242110252
LINESHAPE	    10341.8119999999	        3.9245357513
LINESHAPE	    10341.8899999999	        3.9248859882
LINESHAPE	    10341.9679999999	        3.9252619743
LINESHAPE	    10342.0459999999	        3.9256653786
LINESHAPE	    10342.1239999999	        3.9260978699
LINESHAPE	    10342.2019999999	        3.9265606403
LINESHAPE	    10342.2799999999	        3.9270551205
LINESHAPE	    10342.3579999999	        3.9275829792
LINESHAPE	    10342.4359999999	        3.9281451702
LINESHAPE	    10342.5139999999	        3.9287445545
LINESHAPE	    10342.5919999999	        3.9293818474
LINESHAPE	    10342.6699999999	        3.9300587177
LINESHAPE	    10342.7479999999	        3.9307780266
LINESHAPE	    10342.8259999999	        3.9315402508
LINESHAPE	    10342.9039999999	        3.9323482513
LINESHAPE	    10342.9819999999	        3.9332041740
LINESHAPE	    10343.0599999999	        3.9341096878
LINESHAPE	    10343.1379999999	        3.9350671768
LINESHAPE	    10343.2159999999	        3.9360785484
LINESHAPE	    10343.2939999999	        3.9371466637
LINESHAPE	    10343.3719999999	        3.9382736683
LINESHAPE	    10343.4499999999	        3.9394621849
LINESHAPE	    10343.5279999999	        3.9407145977
LINESHAPE	    10343.6059999999	        3.9420335293
LINESHAPE	    10343.6839999999	        3.9434218407
LINESHAPE	    10343.7619999999	        3.9448823929
LINESHAPE	    10343.8399999999	        3.9464182854
LINESHAPE	    10343.9179999999	        3.9480316639
LINESHAPE	    10343.9959999999	        3.9497265816
LINESHAPE	    10344.0739999999	        3.9515058994
LINESHAPE	    10344.1519999999	        3.9533724785
LINESHAPE	    10344.2299999999	        3.9553303719
LINESHAPE	    10344.3079999999	        3.9573824406
LINESHAPE	    10344.3859999999	        3.9595327377
LINESHAPE	    10344.4639999999	        3.9617841244
LINESHAPE	    10344.5419999999	        3.9641416073
LINESHAPE	    10344.6199999999	        3.9666078091
LINESHAPE	    10344.6979999999	        3.9691874981
LINESHAPE	    10344.7759999999	        3.9718840122
LINESHAPE	    10344.8539999999	        3.9747018814
LINESHAPE	    10344.9319999999	        3.9776456356
LINESHAPE	    10345.0099999999	        3.9807186127
LINESHAPE	    10345.0879999999	        3.9839260578
LINESHAPE	    10345.1659999999	        3.9872725010
LINESHAPE	    10345.2439999999	        3.9907619953
LINESHAPE	    10345.3219999999	        3.9944000244
LINESHAPE	    10345.3999999999	        3.9981908798
LINESHAPE	    10345.4779999999	        4.0021390915
LINESHAPE	    10345.5559999999	        4.0062508583
LINESHAPE	    10345.6339999999	        4.0105299950
LINESHAPE	    10345.7119999999	        4.0149822235
LINESHAPE	    10345.7899999999	        4.0196127892
LINESHAPE	    10345.8679999999	        4.0244274139
LINESHAPE	    10345.9459999999	        4.0294308662
LINESHAPE	    10346.0239999999	        4.0346293449
LINESHAPE	    10346.1019999999	        4.0400280952
LINESHAPE	    10346.1799999999	        4.0456323624
LINESHAPE	    10346.2579999999	        4.0514483452
LINESHAPE	    10346.3359999999	        4.0574822426
LINESHAPE	    10346.4139999998	        4.0637397766
LINESHAPE	    10346.4919999998	        4.0702266693
LINESHAPE	    10346.5699999998	        4.0769486427
LINESHAPE	    10346.6479999998	        4.0839118958
LINESHAPE	    10346.7259999998	        4.0911235809
LINESHAPE	    10346.8039999998	        4.0985889435
LINESHAPE	    10346.8819999998	        4.1063137054
LINESHAPE	    10346.9599999998	        4.1143054962
LINESHAPE	    10347.0379999998	        4.1225700378
LINESHAPE	    10347.1159999998	        4.1311125755
LINESHAPE	    10347.1939999998	        4.1399412155
LINESHAPE	    10347.2719999998	        4.1490616798
LINESHAPE	    10347.3499999998	        4.1584796906
LINESHAPE	    10347.4279999998	        4.1682024002
LINESHAPE	    10347.5059999998	        4.1782355309
LINESHAPE	    10347.5839999998	        4.1885857582
LINESHAPE	    10347.6619999998	        4.1992597580
LINESHAPE	    10347.7399999998	        4.2102632523
LINESHAPE	    10347.8179999998	        4.2216029167
LINESHAPE	    10347.8959999998	        4.2332849503
LINESHAPE	    10347.9739999998	        4.2453150749
LINESHAPE	    10348.0519999998	        4.2576999664
LINESHAPE	    10348.1299999998	        4.2704458237
LINESHAPE	    10348.2079999998	        4.2835578918
LINESHAPE	    10348.2859999998	        4.2970423698
LINESHAPE	    10348.3639999998	        4.3109049797
LINESHAPE	    10348.4419999998	        4.3251514435
LINESHAPE	    10348.5199999998	        4.3397874832
LINESHAPE	    10348.5979999998	        4.3548183441
LINESHAPE	    10348.6759999998	        4.3702497482
LINESHAPE	    10348.7539999998	        4.3860859871
LINESHAPE	    10348.8319999998	        4.4023327827
LINESHAPE	    10348.9099999998	        4.4189949036
LINESHAPE	    10348.9879999998	        4.4360761642
LINESHAPE	    10349.0659999998	        4.4535818100
LINESHAPE	    10349.1439999998	        4.4715161324
LINESHAPE	    10349.2219999998	        4.4898829460
LINESHAPE	    10349.2999999998	        4.5086860657
LINESHAPE	    10349.3779999998	        4.5279288292
LINESHAPE	    10349.4559999998	        4.5476145744
LINESHAPE	    10349.5339999998	        4.5677471161
LINESHAPE	    10349.6119999998	        4.5883278847
LINESHAPE	    10349.6899999998	        4.6093606949
LINESHAPE	    10349.7679999998	        4.6308465004
LINESHAPE	    10349.8459999998	        4.6527886391
LINESHAPE	    10349.9239999998	        4.6751875877
LINESHAPE	    10350.0019999998	        4.6980452538
LINESHAPE	    10350.0799999998	        4.7213625908
LINESHAPE	    10350.1579999998	        4.7451395988
LINESHAPE	    10350.2359999998	        4.7693767548
LINESHAPE	    10350.3139999998	        4.7940745354
LINESHAPE	    10350.3919999998	        4.8192310333
LINESHAPE	    10350.4699999998	        4.8448467255
LINESHAPE	    10350.5479999998	        4.8709192276
LINESHAPE	    10350.6259999998	        4.8974480629
LINESHAPE	    10350.7039999998	        4.9244298935
LINESHAPE	    10350.7819999998	        4.9518623352
LINESHAPE	    10350.8599999998	        4.9797434807
LINESHAPE	    10350.9379999998	        5.0080685616
LINESHAPE	    10351.0159999998	        5.0368342400
LINESHAPE	    10351.0939999998	        5.0660362244
LINESHAPE	    10351.1719999998	        5.0956697464
LINESHAPE	    10351.2499999998	        5.1257300377
LINESHAPE	    10351.3279999998	        5.1562099457
LINESHAPE	    10351.4059999998	        5.1871042252
LINESHAPE	    10351.4839999998	        5.2184057236
LINESHAPE	    10351.5619999998	        5.2501077652
LINESHAPE	    10351.6399999998	        5.2822022438
LINESHAPE	    10351.7179999998	        5.3146815300
LINESHAPE	    10351.7959999998	        5.3475360870
LINESHAPE	    10351.8739999998	        5.3807573318
LINESHAPE	    10351.9519999998	        5.4143352509
LINESHAPE	    10352.0299999998	        5.4482598305
LINESHAPE	    10352.1079999998	        5.4825201035
LINESHAPE	    10352.1859999998	        5.5171051025
LINESHAPE	    10352.2639999998	        5.5520029068
LINESHAPE	    10352.3419999998	        5.5872020721
LINESHAPE	    10352.4199999998	        5.6226892471
LINESHAPE	    10352.4979999998	        5.6584510803
LINESHAPE	    10352.5759999998	        5.6944737434
LINESHAPE	    10352.6539999998	        5.7307443619
LINESHAPE	    10352.7319999998	        5.7672467232
LINESHAPE	    10352.8099999998	        5.8039669991
LINESHAPE	    10352.8879999998	        5.8408894539
LINESHAPE	    10352.9659999998	        5.8779969215
LINESHAPE	    10353.0439999998	        5.9152746201
LINESHAPE	    10353.1219999998	        5.9527044296
LINESHAPE	    10353.1999999998	        5.9902696609
LINESHAPE	    10353.2779999998	        6.0279521942
LINESHAPE	    10353.3559999998	        6.0657348633
LINESHAPE	    10353.4339999998	        6.1035981178
LINESHAPE	    10353.5119999998	        6.1415233612
LINESHAPE	    10353.5899999998	        6.1794919968
LINESHAPE	    10353.6679999998	        6.2174839973
LINESHAPE	    10353.7459999998	        6.2554788589
LINESHAPE	    10353.8239999998	        6.2934579849
LINESHAPE	    10353.9019999998	        6.3313994408
LINESHAPE	    10353.9799999998	        6.3692831993
LINESHAPE	    10354.0579999998	        6.4070882797
LINESHAPE	    10354.1359999998	        6.4447927475
LINESHAPE	    10354.2139999998	        6.4823760986
LINESHAPE	    10354.2919999998	        6.5198159218
LINESHAPE	    10354.3699999998	        6.5570907593
LINESHAPE	    10354.4479999998	        6.5941786766
LINESHAPE	    10354.5259999998	        6.6310572624
LINESHAPE	    10354.6039999998	        6.6677045822
LINESHAPE	    10354.6819999998	        6.7040982246
LINESHAPE	    10354.7599999998	        6.7402162552
LINESHAPE	    10354.8379999998	        6.7760353088
LINESHAPE	    10354.9159999998	        6.8115339279
LINESHAPE	    10354.9939999998	        6.8466892242
LINESHAPE	    10355.0719999998	        6.8814787865
LINESHAPE	    10355.1499999998	        6.9158806801
LINESHAPE	    10355.2279999998	        6.9498720169
LINESHAPE	    10355.3059999998	        6.9834308624
LINESHAPE	    10355.3839999998	        7.0165357590
LINESHAPE	    10355.4619999998	        7.0491642952
LINESHAPE	    10355.5399999998	        7.0812950134
LINESHAPE	    10355.6179999998	        7.1129064560
LINESHAPE	    10355.6959999998	        7.1439771652
LINESHAPE	    10355.7739999998	        7.1744866371
LINESHAPE	    10355.8519999998	        7.2044138908
LINESHAPE	    10355.9299999998	        7.2337388992
LINESHAPE	    10356.0079999998	        7.2624406815
LINESHAPE	    10356.0859999998	        7.2905011177
LINESHAPE	    10356.1639999998	        7.3178992271
LINESHAPE	    10356.2419999998	        7.3446173668
LINESHAPE	    10356.3199999998	        7.3706364632
LINESHAPE	    10356.3979999998	        7.3959383965
LINESHAPE	    10356.4759999998	        7.4205060005
LINESHAPE	    10356.5539999998	        7.4443221092
LINESHAPE	    10356.6319999998	        7.4673705101
LINESHAPE	    10356.7099999998	        7.4896340370
LINESHAPE	    10356.7879999998	        7.5110983849
LINESHAPE	    10356.8659999998	        7.5317482948
LINESHAPE	    10356.9439999998	        7.5515694618
LINESHAPE	    10357.0219999998	        7.5705485344
LINESHAPE	    10357.0999999998	        7.5886721611
LINESHAPE	    10357.1779999998	        7.6059274673
LINESHAPE	    10357.2559999998	        7.6223034859
LINESHAPE	    10357.3339999998	        7.6377892494
LINESHAPE	    10357.4119999998	        7.6523733139
LINESHAPE	    10357.4899999998	        7.6660470963
LINESHAPE	    10357.5679999998	        7.6788010597
LINESHAPE	    10357.6459999998	        7.6906275749
LINESHAPE	    10357.7239999998	        7.7015185356
LINESHAPE	    10357.8019999998	        7.7114667892
LINESHAPE	    10357.8799999998	        7.7204675674
LINESHAPE	    10357.9579999998	        7.7285146713
LINESHAPE	    10358.0359999998	        7.7356038094
LINESHAPE	    10358.1139999998	        7.7417316437
LINESHAPE	    10358.1919999998	        7.7468943596
LINESHAPE	    10358.2699999998	        7.7510905266
LINESHAPE	    10358.3479999998	        7.7543191910
LINESHAPE	    10358.4259999998	        7.7565784454
LINESHAPE	    10358.5039999998	        7.7578692436
LINESHAPE	    10358.5819999998	        7.7581930161
LINESHAPE	    10358.6599999998	        7.7575502396
LINESHAPE	    10358.7379999998	        7.7559442520
LINESHAPE	    10358.8159999998	        7.7533783913
LINESHAPE	    10358.8939999998	        7.7498564720
LINESHAPE	    10358.9719999998	        7.7453827858
LINESHAPE	    10359.0499999998	        7.7399635315
LINESHAPE	    10359.1279999998	        7.7336053848
LINESHAPE	    10359.2059999998	        7.7263140678
LINESHAPE	    10359.2839999998	        7.7180981636
LINESHAPE	    10359.3619999998	        7.7089657784
LINESHAPE	    10359.4399999998	        7.6989259720
LINESHAPE	    10359.5179999998	        7.6879892349
LINESHAPE	    10359.5959999998	        7.6761651039
LINESHAPE	    10359.6739999998	        7.6634654999
LINESHAPE	    10359.7519999998	        7.6499013901
LINESHAPE	    10359.8299999998	        7.6354861259
LINESHAPE	    10359.9079999998	        7.6202316284
LINESHAPE	    10359.9859999998	        7.6041526794
LINESHAPE	    10360.0639999998	        7.5872621536
LINESHAPE	    10360.1419999998	        7.5695757866
LINESHAPE	    10360.2199999998	        7.5511078835
LINESHAPE	    10360.2979999998	        7.5318751335
LINESHAPE	    10360.3759999998	        7.5118932724
LINESHAPE	    10360.4539999998	        7.4911789894
LINESHAPE	    10360.5319999998	        7.4697494507
LINESHAPE	    10360.6099999998	        7.4476222992
LINESHAPE	    10360.6879999998	        7.4248151779
LINESHAPE	    10360.7659999998	        7.4013471603
LINESHAPE	    10360.8439999998	        7.3772358894
LINESHAPE	    10360.9219999998	        7.3525013924
LINESHAPE	    10360.9999999998	        7.3271627426
LINESHAPE	    10361.0779999998	        7.3012390137
LINESHAPE	    10361.1559999998	        7.2747507095
LINESHAPE	    10361.2339999998	        7.2477173805
LINESHAPE	    10361.3119999998	        7.2201595306
LINESHAPE	    10361.3899999998	        7.1920981407
LINESHAPE	    10361.4679999998	        7.1635532379
LINESHAPE	    10361.5459999998	        7.1345462799
LINESHAPE	    10361.6239999998	        7.1050972939
LINESHAPE	    10361.7019999998	        7.0752282143
LINESHAPE	    10361.7799999998	        7.0449595451
LINESHAPE	    10361.8579999998	        7.0143127441
LINESHAPE	    10361.9359999998	        6.9833083153
LINESHAPE	    10362.0139999998	        6.9519681931
LINESHAPE	    10362.0919999998	        6.9203133583
LINESHAPE	    10362.1699999998	        6.8883643150
LINESHAPE	    10362.2479999998	        6.8561420441
LINESHAPE	    10362.3259999998	        6.8236684799
LINESHAPE	    10362.4039999998	        6.7909631729
LINESHAPE	    10362.4819999998	        6.7580475807
LINESHAPE	    10362.5599999998	        6.7249417305
LINESHAPE	    10362.6379999997	        6.6916666031
LINESHAPE	    10362.7159999997	        6.6582412720
LINESHAPE	    10362.7939999997	        6.6246871948
LINESHAPE	    10362.8719999997	        6.5910224915
LINESHAPE	    10362.9499999997	        6.5572671890
LINESHAPE	    10363.0279999997	        6.5234408379
LINESHAPE	    10363.1059999997	        6.4895620346
LINESHAPE	    10363.1839999997	        6.4556493759
LINESHAPE	    10363.2619999997	        6.4217214584
LINESHAPE	    10363.3399999997	        6.3877959251
LINESHAPE	    10363.4179999997	        6.3538904190
LINESHAPE	    10363.4959999997	        6.3200225830
LINESHAPE	    10363.5739999997	        6.2862091064
LINESHAPE	    10363.6519999997	        6.2524666786
LINESHAPE	    10363.7299999997	        6.2188115120
LINESHAPE	    10363.8079999997	        6.1852593422
LINESHAPE	    10363.8859999997	        6.1518254280
LINESHAPE	    10363.9639999997	        6.1185250282
LINESHAPE	    10364.0419999997	        6.0853724480
LINESHAPE	    10364.1199999997	        6.0523819923
LINESHAPE	    10364.1979999997	        6.0195674896
LINESHAPE	    10364.2759999997	        5.9869418144
LINESHAPE	    10364.3539999997	        5.9545187950
LINESHAPE	    10364.4319999997	        5.9223098755
LINESHAPE	    10364.5099999997	        5.8903269768
LINESHAPE	    10364.5879999997	        5.8585820198
LINESHAPE	    10364.6659999997	        5.8270864487
LINESHAPE	    10364.7439999997	        5.7958498001
LINESHAPE	    10364.8219999997	        5.7648830414
LINESHAPE	    10364.8999999997	        5.7341961861
LINESHAPE	    10364.9779999997	        5.7037973404
LINESHAPE	    10365.0559999997	        5.6736955643
LINESHAPE	    10365.1339999997	        5.6438999176
LINESHAPE	    10365.2119999997	        5.6144180298
LINESHAPE	    10365.2899999997	        5.5852570534
LINESHAPE	    10365.3679999997	        5.5564241409
LINESHAPE	    10365.4459999997	        5.5279259682
LINESHAPE	    10365.5239999997	        5.4997682571
LINESHAPE	    10365.6019999997	        5.4719572067
LINESHAPE	    10365.6799999997	        5.4444975853
LINESHAPE	    10365.7579999997	        5.4173946381
LINESHAPE	    10365.8359999997	        5.3906531334
LINESHAPE	    10365.9139999997	        5.3642759323
LINESHAPE	    10365.9919999997	        5.3382678032
LINESHAPE	    10366.0699999997	        5.3126311302
LINESHAPE	    10366.1479999997	        5.2873697281
LINESHAPE	    10366.2259999997	        5.2624855042
LINESHAPE	    10366.3039999997	        5.2379803658
LINESHAPE	    10366.3819999997	        5.2138562202
LINESHAPE	    10366.4599999997	        5.1901144981
LINESHAPE	    10366.5379999997	        5.1667566299
LINESHAPE	    10366.6159999997	        5.1437826157
LINESHAPE	    10366.6939999997	        5.1211934090
LINESHAPE	    10366.7719999997	        5.0989890099
LINESHAPE	    10366.8499999997	        5.0771689415
LINESHAPE	    10366.9279999997	        5.0557322502
LINESHAPE	    10367.0059999997	        5.0346794128
LINESHAPE	    10367.0839999997	        5.0140085220
LINESHAPE	    10367.1619999997	        4.9937176704
LINESHAPE	    10367.2399999997	        4.9738059044
LINESHAPE	    10367.3179999997	        4.9542717934
LINESHAPE	    10367.3959999997	        4.9351124763
LINESHAPE	    10367.4739999997	        4.9163260460
LINESHAPE	    10367.5519999997	        4.8979096413
LINESHAPE	    10367.6299999997	        4.8798604012
LINESHAPE	    10367.7079999997	        4.8621759415
LINESHAPE	    10367.7859999997	        4.8448524475
LINESHAPE	    10367.8639999997	        4.8278870583
LINESHAPE	    10367.9419999997	        4.8112759590
LINESHAPE	    10368.0199999997	        4.7950158119
LINESHAPE	    10368.0979999997	        4.7791028023
LINESHAPE	    10368.1759999997	        4.7635326385
LINESHAPE	    10368.2539999997	        4.7483015060
LINESHAPE	    10368.3319999997	        4.7334051132
LINESHAPE	    10368.4099999997	        4.7188391685
LINESHAPE	    10368.4879999997	        4.7045993805
LINESHAPE	    10368.5659999997	        4.6906809807
LINESHAPE	    10368.6439999997	        4.6770792007
LINESHAPE	    10368.7219999997	        4.6637897491
LINESHAPE	    10368.7999999997	        4.6508078575
LINESHAPE	    10368.8779999997	        4.6381292343
LINESHAPE	    10368.9559999997	        4.6257476807
LINESHAPE	    10369.0339999997	        4.6136589050
LINESHAPE	    10369.1119999997	        4.6018581390
LINESHAPE	    10369.1899999997	        4.5903401375
LINESHAPE	    10369.2679999997	        4.5790996552
LINESHAPE	    10369.3459999997	        4.5681324005
LINESHAPE	    10369.4239999997	        4.5574326515
LINESHAPE	    10369.5019999997	        4.5469951630
LINESHAPE	    10369.5799999997	        4.5368156433
LINESHAPE	    10369.6579999997	        4.5268883705
LINESHAPE	    10369.7359999997	        4.5172080994
LINESHAPE	    10369.8139999997	        4.5077700615
LINESHAPE	    10369.8919999997	        4.4985694885
LINESHAPE	    10369.9699999997	        4.4896006584
LINESHAPE	    10370.0479999997	        4.4808592796
LINESHAPE	    10370.1259999997	        4.4723396301
LINESHAPE	    10370.2039999997	        4.4640374184
LINESHAPE	    10370.2819999997	        4.4559473991
LINESHAPE	    10370.3599999997	        4.4480648041
LINESHAPE	    10370.4379999997	        4.4403843880
LINESHAPE	    10370.5159999997	        4.4329023361
LINESHAPE	    10370.5939999997	        4.4256129265
LINESHAPE	    10370.6719999997	        4.4185118675
LINESHAPE	    10370.7499999997	        4.4115948677
LINESHAPE	    10370.8279999997	        4.4048566818
LINESHAPE	    10370.9059999997	        4.3982934952
LINESHAPE	    10370.9839999997	        4.3919005394
LINESHAPE	    10371.0619999997	        4.3856735229
LINESHAPE	    10371.1399999997	        4.3796076775
LINESHAPE	    10371.2179999997	        4.3736996651
LINESHAPE	    10371.2959999997	        4.3679447174
LINESHAPE	    10371.3739999997	        4.3623385429
LINESHAPE	    10371.4519999997	        4.3568778038
LINESHAPE	    10371.5299999997	        4.3515577316
LINESHAPE	    10371.6079999997	        4.3463749886
LINESHAPE	    10371.6859999997	        4.3413262367
LINESHAPE	    10371.7639999997	        4.3364067078
LINESHAPE	    10371.8419999997	        4.3316130638
LINESHAPE	    10371.9199999997	        4.3269419670
LINESHAPE	    10371.9979999997	        4.3223900795
LINESHAPE	    10372.0759999997	        4.3179535866
LINESHAPE	    10372.1539999997	        4.3136291504
LINESHAPE	    10372.2319999997	        4.3094139099
LINESHAPE	    10372.3099999997	        4.3053040504
LINESHAPE	    10372.3879999997	        4.3012962341
LINESHAPE	    10372.4659999997	        4.2973885536
LINESHAPE	    10372.5439999997	        4.2935776711
LINESHAPE	    10372.6219999997	        4.2898597717
LINESHAPE	    10372.6999999997	        4.2862324715
LINESHAPE	    10372.7779999997	        4.2826938629
LINESHAPE	    10372.8559999997	        4.2792406082
LINESHAPE	    10372.9339999997	        4.2758693695
LINESHAPE	    10373.0119999997	        4.2725782394
LINESHAPE	    10373.0899999997	        4.2693657875
LINESHAPE	    10373.1679999997	        4.2662277222
LINESHAPE	    10373.2459999997	        4.2631626129
LINESHAPE	    10373.3239999997	        4.2601685524
LINESHAPE	    10373.4019999997	        4.2572426796
LINESHAPE	    10373.4799999997	        4.2543830872
LINESHAPE	    10373.5579999997	        4.2515873909
LINESHAPE	    10373.6359999997	        4.2488541603
LINESHAPE	    10373.7139999997	        4.2461810112
LINESHAPE	    10373.7919999997	        4.2435660362
LINESHAPE	    10373.8699999997	        4.2410073280
LINESHAPE	    10373.9479999997	        4.2385034561
LINESHAPE	    10374.0259999997	        4.2360525131
LINESHAPE	    10374.1039999997	        4.2336525917
LINESHAPE	    10374.1819999997	        4.2313022614
LINESHAPE	    10374.2599999997	        4.2290000916
LINESHAPE	    10374.3379999997	        4.2267441750
LINESHAPE	    10374.4159999997	        4.2245326042
LINESHAPE	    10374.4939999997	        4.2223658562
LINESHAPE	    10374.5719999997	        4.2202401161
LINESHAPE	    10374.6499999997	        4.2181558609
LINESHAPE	    10374.7279999997	        4.2161107063
LINESHAPE	    10374.8059999997	        4.2141041756
LINESHAPE	    10374.8839999997	        4.2121343613
LINESHAPE	    10374.9619999997	        4.2102003098
LINESHAPE	    10375.0399999997	        4.2083015442
LINESHAPE	    10375.1179999997	        4.2064361572
LINESHAPE	    10375.1959999997	        4.2046036720
LINESHAPE	    10375.2739999997	        4.2028021812
LINESHAPE	    10375.3519999997	        4.2010316849
LINESHAPE	    10375.4299999997	        4.1992907524
LINESHAPE	    10375.5079999997	        4.1975784302
LINESHAPE	    10375.5859999997	        4.1958947182
LINESHAPE	    10375.6639999997	        4.1942372322
LINESHAPE	    10375.7419999997	        4.1926059723
LINESHAPE	    10375.8199999997	        4.1910004616
LINESHAPE	    10375.8979999997	        4.1894197464
LINESHAPE	    10375.9759999997	        4.1878623962
LINESHAPE	    10376.0539999997	        4.1863284111
LINESHAPE	    10376.1319999997	        4.1848168373
LINESHAPE	    10376.2099999997	        4.1833271980
LINESHAPE	    10376.2879999997	        4.1818585396
LINESHAPE	    10376.3659999997	        4.1804099083
LINESHAPE	    10376.4439999997	        4.1789813042
LINESHAPE	    10376.5219999997	        4.1775708199
LINESHAPE	    10376.5999999997	        4.1761755943
LINESHAPE	    10376.6779999997	        4.1747832298
LINESHAPE	    10376.7559999997	        4.1729545593
LINESHAPE	    10376.8339999997	        4.1713423729
LINESHAPE	    10376.9119999997	        4.1700067520
LINESHAPE	    10376.9899999997	        4.1687178612
LINESHAPE	    10377.0679999997	        4.1674547195
LINESHAPE	    10377.1459999997	        4.1662130356
LINESHAPE	    10377.2239999997	        4.1649880409
LINESHAPE	    10377.3019999997	        4.1637797356
LINESHAPE	    10377.3799999997	        4.1625852585
LINESHAPE	    10377.4579999997	        4.1614041328
LINESHAPE	    10377.5359999997	        4.1602363586
LINESHAPE	    10377.6139999997	        4.1590809822
LINESHAPE	    10377.6919999997	        4.1579375267
LINESHAPE	    10377.7699999997	        4.1568059921
LINESHAPE	    10377.8479999997	        4.1556854248
LINESHAPE	    10377.9259999997	        4.1545763016
LINESHAPE	    10378.0039999997	        4.1534781456
LINESHAPE	    10378.0819999997	        4.1523895264
LINESHAPE	    10378.1599999997	        4.1513118744
LINESHAPE	    10378.2379999997	        4.1502447128
LINESHAPE	    10378.3159999997	        4.1491866112
LINESHAPE	    10378.3939999997	        4.1481380463
LINESHAPE	    10378.4719999997	        4.1470994949
LINESHAPE	    10378.5499999997	        4.1460695267
LINESHAPE	    10378.6279999997	        4.1450490952
LINESHAPE	    10378.7059999997	        4.1440372467
LINESHAPE	    10378.7839999997	        4.1430344582
LINESHAPE	    10378.8619999996	        4.1420402527
LINESHAPE	    10378.9399999996	        4.1410541534
LINESHAPE	    10379.0179999996	        4.1400766373
LINESHAPE	    10379.0959999996	        4.1391072273
LINESHAPE	    10379.1739999996	        4.1381464005
LINESHAPE	    10379.2519999996	        4.1371927261
LINESHAPE	    10379.3299999996	        4.1362471581
LINESHAPE	    10379.4079999996	        4.1353087425
LINESHAPE	    10379.4859999996	        4.1343784332
LINESHAPE	    10379.5639999996	        4.1334552765
LINESHAPE	    10379.6419999996	        4.1325402260
LINESHAPE	    10379.7199999996	        4.1316313744
LINESHAPE	    10379.7979999996	        4.1307301521
LINESHAPE	    10379.8759999996	        4.1298356056
LINESHAPE	    10379.9539999996	        4.1289486885
LINESHAPE	    10380.0319999996	        4.1280679703
LINESHAPE	    10380.1099999996	        4.1271939278
LINESHAPE	    10380.1879999996	        4.1263270378
LINESHAPE	    10380.2659999996	        4.1254658699
LINESHAPE	    10380.3439999996	        4.1246118546
LINESHAPE	    10380.4219999996	        4.1237640381
LINESHAPE	    10380.4999999996	        4.1229214668
LINESHAPE	    10380.5779999996	        4.1220865250
LINESHAPE	    10380.6559999996	        4.1212568283
LINESHAPE	    10380.7339999996	        4.1204333305
LINESHAPE	    10380.8119999996	        4.1196160316
LINESHAPE	    10380.8899999996	        4.1188044548
LINESHAPE	    10380.9679999996	        4.1179986000
LINESHAPE	    10381.0459999996	        4.1171979904
LINESHAPE	    10381.1239999996	        4.1164035797
LINESHAPE	    10381.2019999996	        4.1156144142
LINESHAPE	    10381.2799999996	        4.1148309708
LINESHAPE	    10381.3579999996	        4.1140527725
LINESHAPE	    10381.4359999996	        4.1132802963
LINESHAPE	    10381.5139999996	        4.1125125885
LINESHAPE	    10381.5919999996	        4.1117501259
LINESHAPE	    10381.6699999996	        4.1109933853
LINESHAPE	    10381.7479999996	        4.1102414131
LINESHAPE	    10381.8259999996	        4.1094942093
LINESHAPE	    10381.9039999996	        4.1087527275
LINESHAPE	    10381.9819999996	        4.1080150604
LINESHAPE	    10382.0599999996	        4.1072831154
LINESHAPE	    10382.1379999996	        4.1065559387
LINESHAPE	    10382.2159999996	        4.1058330536
LINESHAPE	    10382.2939999996	        4.1051149368
LINESHAPE	    10382.3719999996	        4.1044020653
LINESHAPE	    10382.4499999996	        4.1036930084
LINESHAPE	    10382.5279999996	        4.1029887199
LINESHAPE	    10382.6059999996	        4.1022887230
LINESHAPE	    10382.6839999996	        4.1015939713
LINESHAPE	    10382.7619999996	        4.1009025574
LINESHAPE	    10382.8399999996	        4.1002159119
LINESHAPE	    10382.9179999996	        4.0995335579
LINESHAPE	    10382.9959999996	        4.0988554955
LINESHAPE	    10383.0739999996	        4.0981817245
LINESHAPE	    10383.1519999996	        4.0975117683
LINESHAPE	    10383.2299999996	        4.0968461037
LINESHAPE	    10383.3079999996	        4.0961842537
LINESHAPE	    10383.3859999996	        4.0955266953
LINESHAPE	    10383.4639999996	        4.0948729515
LINESHAPE	    10383.5419999996	        4.0942230225
LINESHAPE	    10383.6199999996	        4.0935773849
LINESHAPE	    10383.6979999996	        4.0929350853
LINESHAPE	    10383.7759999996	        4.0922966003
LINESHAPE	    10383.8539999996	        4.0916619301
LINESHAPE	    10383.9319999996	        4.0910315514
LINESHAPE	    10384.0099999996	        4.0904045105
LINESHAPE	    10384.0879999996	        4.0897808075
LINESHAPE	    10384.1659999996	        4.0891609192
LINESHAPE	    10384.2439999996	        4.0885448456
LINESHAPE	    10384.3219999996	        4.0879321098
LINESHAPE	    10384.3999999996	        4.0873222351
LINESHAPE	    10384.4779999996	        4.0867166519
LINESHAPE	    10384.5559999996	        4.0861144066
LINESHAPE	    10384.6339999996	        4.0855154991
LINESHAPE	    10384.7119999996	        4.0849194527
LINESHAPE	    10384.7899999996	        4.0843272209
LINESHAPE	    10384.8679999996	        4.0837383270
LINESHAPE	    10384.9459999996	        4.0831522942
LINESHAPE	    10385.0239999996	        4.0825695992
LINESHAPE	    10385.1019999996	        4.0819902420
LINESHAPE	    10385.1799999996	        4.0814137459
LINESHAPE	    10385.2579999996	        4.0808410645
LINESHAPE	    10385.3359999996	        4.0802707672
LINESHAPE	    10385.4139999996	        4.0797038078
LINESHAPE	    10385.4919999996	        4.0791401863
LINESHAPE	    10385.5699999996	        4.0785794258
LINESHAPE	    10385.6479999996	        4.0780210495
LINESHAPE	    10385.7259999996	        4.0774660110
LINESHAPE	    10385.8039999996	        4.0769143105
LINESHAPE	    10385.8819999996	        4.0763649940
LINESHAPE	    10385.9599999996	        4.0758190155
LINESHAPE	    10386.0379999996	        4.0752754211
LINESHAPE	    10386.1159999996	        4.0747351646
LINESHAPE	    10386.1939999996	        4.0741972923
LINESHAPE	    10386.2719999996	        4.0736618042
LINESHAPE	    10386.3499999996	        4.0731296539
LINESHAPE	    10386.4279999996	        4.0726003647
LINESHAPE	    10386.5059999996	        4.0720734596
LINESHAPE	    10386.5839999996	        4.0715489388
LINESHAPE	    10386.6619999996	        4.0710272789
LINESHAPE	    10386.7399999996	        4.0705084801
LINESHAPE	    10386.8179999996	        4.0699920654
LINESHAPE	    10386.8959999996	        4.0694780350
LINESHAPE	    10386.9739999996	        4.0689668655
LINESHAPE	    10387.0519999996	        4.0684585571
LINESHAPE	    10387.1299999996	        4.0679521561
LINESHAPE	    10387.2079999996	        4.0674486160
LINESHAPE	    10387.2859999996	        4.0669474602
LINESHAPE	    10387.3639999996	        4.0664482117
LINESHAPE	    10387.4419999996	        4.0659518242
LINESHAPE	    10387.5199999996	        4.0654578209
LINESHAPE	    10387.5979999996	        4.0649662018
LINESHAPE	    10387.6759999996	        4.0644769669
LINESHAPE	    10387.7539999996	        4.0639901161
LINESHAPE	    10387.8319999996	        4.0635056496
LINESHAPE	    10387.9099999996	        4.0630230904
LINESHAPE	    10387.9879999996	        4.0625429153
LINESHAPE	    10388.0659999996	        4.0620651245
LINESHAPE	    10388.1439999996	        4.0615897179
LINESHAPE	    10388.2219999996	        4.0611162186
LINESHAPE	    10388.2999999996	        4.0606451035
LINESHAPE	    10388.3779999996	        4.0601763725
LINESHAPE	    10388.4559999996	        4.0597095490
LINESHAPE	    10388.5339999996	        4.0592446327
LINESHAPE	    10388.6119999996	        4.0587821007
LINESHAPE	    10388.6899999996	        4.0583214760
LINESHAPE	    10388.7679999996	        4.0578637123
LINESHAPE	    10388.8459999996	        4.0574069023
LINESHAPE	    10388.9239999996	        4.0569524765
LINESHAPE	    10389.0019999996	        4.0565004349
LINESHAPE	    10389.0799999996	        4.0560503006
LINESHAPE	    10389.1579999996	        4.0556020737
LINESHAPE	    10389.2359999996	        4.0551557541
LINESHAPE	    10389.3139999996	        4.0547118187
LINESHAPE	    10389.3919999996	        4.0542693138
LINESHAPE	    10389.4699999996	        4.0538296700
LINESHAPE	    10389.5479999996	        4.0533909798
LINESHAPE	    10389.6259999996	        4.0529546738
LINESHAPE	    10389.7039999996	        4.0525197983
LINESHAPE	    10389.7819999996	        4.0520873070
LINESHAPE	    10389.8599999996	        4.0516567230
LINESHAPE	    10389.9379999996	        4.0512280464
LINESHAPE	    10390.0159999996	        4.0508003235
LINESHAPE	    10390.0939999996	        4.0503754616
LINESHAPE	    10390.1719999996	        4.0499520302
LINESHAPE	    10390.2499999996	        4.0495300293
LINESHAPE	    10390.3279999996	        4.0491104126
LINESHAPE	    10390.4059999996	        4.0486922264
LINESHAPE	    10390.4839999996	        4.0482759476
LINESHAPE	    10390.5619999996	        4.0478610992
LINESHAPE	    10390.6399999996	        4.0474481583
LINESHAPE	    10390.7179999996	        4.0470371246
LINESHAPE	    10390.7959999996	        4.0466275215
LINESHAPE	    10390.8739999996	        4.0462198257
LINESHAPE	    10390.9519999996	        4.0458135605
LINESHAPE	    10391.0299999996	        4.0454092026
LINESHAPE	    10391.1079999996	        4.0450067520
LINESHAPE	    10391.1859999996	        4.0446052551
LINESHAPE	    10391.2639999996	        4.0442056656
LINESHAPE	    10391.3419999996	        4.0438075066
LINESHAPE	    10391.4199999996	        4.0434117317
LINESHAPE	    10391.4979999996	        4.0430169106
LINESHAPE	    10391.5759999996	        4.0426235199
LINESHAPE	    10391.6539999996	        4.0422320366
LINESHAPE	    10391.7319999996	        4.0418415070
LINESHAPE	    10391.8099999996	        4.0414533615
LINESHAPE	    10391.8879999996	        4.0410666466
LINESHAPE	    10391.9659999996	        4.0406808853
LINESHAPE	    10392.0439999996	        4.0402975082
LINESHAPE	    10392.1219999996	        4.0399146080
LINESHAPE	    10392.1999999996	        4.0395340919
LINESHAPE	    10392.2779999996	        4.0391545296
LINESHAPE	    10392.3559999996	        4.0387763977
LINESHAPE	    10392.4339999996	        4.0384001732
LINESHAPE	    10392.5119999996	        4.0380249023
LINESHAPE	    10392.5899999996	        4.0376510620
LINESHAPE	    10392.6679999996	        4.0372786522
LINESHAPE	    10392.7459999996	        4.0369081497
LINESHAPE	    10392.8239999996	        4.0365390778
LINESHAPE	    10392.9019999996	        4.0361704826
LINESHAPE	    10392.9799999996	        4.0358042717
LINESHAPE	    10393.0579999996	        4.0354385376
LINESHAPE	    10393.1359999996	        4.0350751877
LINESHAPE	    10393.2139999996	        4.0347127914
LINESHAPE	    10393.2919999996	        4.0343513489
LINESHAPE	    10393.3699999996	        4.0339913368
LINESHAPE	    10393.4479999996	        4.0336327553
LINESHAPE	    10393.5259999996	        4.0332760811
LINESHAPE	    10393.6039999996	        4.0329198837
LINESHAPE	    10393.6819999996	        4.0325651169
LINESHAPE	    10393.7599999996	        4.0322122574
LINESHAPE	    10393.8379999996	        4.0318598747
LINESHAPE	    10393.9159999996	        4.0315093994
LINESHAPE	    10393.9939999996	        4.0311598778
LINESHAPE	    10394.0719999996	        4.0308117867
LINESHAPE	    10394.1499999996	        4.0304641724
LINESHAPE	    10394.2279999996	        4.0301189423
LINESHAPE	    10394.3059999996	        4.0297746658
LINESHAPE	    10394.3839999996	        4.0294308662
LINESHAPE	    10394.4619999996	        4.0290894508
LINESHAPE	    10394.5399999996	        4.0287480354
LINESHAPE	    10394.6179999996	        4.0284090042
LINESHAPE	    10394.6959999996	        4.0280699730
LINESHAPE	    10394.7739999996	        4.0277328491
LINESHAPE	    10394.8519999996	        4.0273971558
LINESHAPE	    10394.9299999996	        4.0270619392
LINESHAPE	    10395.0079999996	        4.0267281532
LINESHAPE	    10395.0859999996	        4.0263957977
LINESHAPE	    10395.1639999995	        4.0260639191
LINESHAPE	    10395.2419999995	        4.0257344246
LINESHAPE	    10395.3199999995	        4.0254049301
LINESHAPE	    10395.3979999995	        4.0250768661
LINESHAPE	    10395.4759999995	        4.0247497559
LINESHAPE	    10395.5539999995	        4.0244240761
LINESHAPE	    10395.6319999995	        4.0240993500
LINESHAPE	    10395.7099999995	        4.0237760544
LINESHAPE	    10395.7879999995	        4.0234527588
LINESHAPE	    10395.8659999995	        4.0231313705
LINESHAPE	    10395.9439999995	        4.0228114128
LINESHAPE	    10396.0219999995	        4.0224919319
LINESHAPE	    10396.0999999995	        4.0221738815
LINESHAPE	    10396.1779999995	        4.0218567848
LINESHAPE	    10396.2559999995	        4.0215401649
LINESHAPE	    10396.3339999995	        4.0212254524
LINESHAPE	    10396.4119999995	        4.0209112167
LINESHAPE	    10396.4899999995	        4.0205979347
LINESHAPE	    10396.5679999995	        4.0202860832
LINESHAPE	    10396.6459999995	        4.0199751854
LINESHAPE	    10396.7239999995	        4.0196647644
LINESHAPE	    10396.8019999995	        4.0193557739
LINESHAPE	    10396.8799999995	        4.0190477371
LINESHAPE	    10396.9579999995	        4.0187406540
LINESHAPE	    10397.0359999995	        4.0184350014
LINESHAPE	    10397.1139999995	        4.0181298256
LINESHAPE	    10397.1919999995	        4.0178256035
LINESHAPE	    10397.2699999995	        4.0175223351
LINESHAPE	    10397.3479999995	        4.0172204971
LINESHAPE	    10397.4259999995	        4.0169186592
LINESHAPE	    10397.5039999995	        4.0166187286
LINESHAPE	    10397.5819999995	        4.0163192749
LINESHAPE	    10397.6599999995	        4.0160207748
LINESHAPE	    10397.7379999995	        4.0157237053
LINESHAPE	    10397.8159999995	        4.0154271126
LINESHAPE	    10397.8939999995	        4.0151314735
LINESHAPE	    10397.9719999995	        4.0148363113
LINESHAPE	    10398.0499999995	        4.0145430565
LINESHAPE	    10398.1279999995	        4.0142498016
LINESHAPE	    10398.2059999995	        4.0139579773
LINESHAPE	    10398.2839999995	        4.0136666298
LINESHAPE	    10398.3619999995	        4.0133762360
LINESHAPE	    10398.4399999995	        4.0130872726
LINESHAPE	    10398.5179999995	        4.0127987862
LINESHAPE	    10398.5959999995	        4.0125112534
LINESHAPE	    10398.6739999995	        4.0122246742
LINESHAPE	    10398.7519999995	        4.0119385719
LINESHAPE	    10398.8299999995	        4.0116534233
LINESHAPE	    10398.9079999995	        4.0113697052
LINESHAPE	    10398.9859999995	        4.0110859871
LINESHAPE	    10399.0639999995	        4.0108032227
LINESHAPE	    10399.1419999995	        4.0105223656
LINESHAPE	    10399.2199999995	        4.0102410316
LINESHAPE	    10399.2979999995	        4.0099611282
LINESHAPE	    10399.3759999995	        4.0096817017
LINESHAPE	    10399.4539999995	        4.0094037056
LINESHAPE	    10399.5319999995	        4.0091261864
LINESHAPE	    10399.6099999995	        4.0088496208
LINESHAPE	    10399.6879999995	        4.0085735321
LINESHAPE	    10399.7659999995	        4.0082983971
LINESHAPE	    10399.8439999995	        4.0080237389
LINESHAPE	    10399.9219999995	        4.0077505112
LINESHAPE	    10399.9999999995	        4.0074777603
LINESHAPE	    10400.0779999995	        4.0072054863
LINESHAPE	    10400.1559999995	        4.0069341660
LINESHAPE	    10400.2339999995	        4.0066637993
LINESHAPE	    10400.3119999995	        4.0063943863
LINESHAPE	    10400.3899999995	        4.0061254501
LINESHAPE	    10400.4679999995	        4.0058574677
LINESHAPE	    10400.5459999995	        4.0055894852
LINESHAPE	    10400.6239999995	        4.0053229332
LINESHAPE	    10400.7019999995	        4.0050573349
LINESHAPE	    10400.7799999995	        4.0047917366
LINESHAPE	    10400.8579999995	        4.0045275688
LINESHAPE	    10400.9359999995	        4.0042638779
LINESHAPE	    10401.0139999995	        4.0040011406
LINESHAPE	    10401.0919999995	        4.0037388802
LINESHAPE	    10401.1699999995	        4.0034775734
LINESHAPE	    10401.2479999995	        4.0032162666
LINESHAPE	    10401.3259999995	        4.0029563904
LINESHAPE	    10401.4039999995	        4.0026969910
LINESHAPE	    10401.4819999995	        4.0024385452
LINESHAPE	    10401.5599999995	        4.0021805763
LINESHAPE	    10401.6379999995	        4.0019230843
LINESHAPE	    10401.7159999995	        4.0016665459
LINESHAPE	    10401.7939999995	        4.0014104843
LINESHAPE	    10401.8719999995	        4.0011553764
LINESHAPE	    10401.9499999995	        4.0009007454
LINESHAPE	    10402.0279999995	        4.0006470680
LINESHAPE	    10402.1059999995	        4.0003938675
LINESHAPE	    10402.1839999995	        4.0001416206
LINESHAPE	    10402.2619999995	        3.9998898506
LINESHAPE	    10402.3399999995	        3.9996385574
LINESHAPE	    10402.4179999995	        3.9993877411
LINESHAPE	    10402.4959999995	        3.9991383553
LINESHAPE	    10402.5739999995	        3.9988892078
LINESHAPE	    10402.6519999995	        3.9986405373
LINESHAPE	    10402.7299999995	        3.9983925819
LINESHAPE	    10402.8079999995	        3.9981453419
LINESHAPE	    10402.8859999995	        3.9978988171
LINESHAPE	    10402.9639999995	        3.9976527691
LINESHAPE	    10403.0419999995	        3.9974076748
LINESHAPE	    10403.1199999995	        3.9971628189
LINESHAPE	    10403.1979999995	        3.9969186783
LINESHAPE	    10403.2759999995	        3.9966752529
LINESHAPE	    10403.3539999995	        3.9964323044
LINESHAPE	    10403.4319999995	        3.9961900711
LINESHAPE	    10403.5099999995	        3.9959485531
LINESHAPE	    10403.5879999995	        3.9957075119
LINESHAPE	    10403.6659999995	        3.9954671860
LINESHAPE	    10403.7439999995	        3.9952275753
LINESHAPE	    10403.8219999995	        3.9949879646
LINESHAPE	    10403.8999999995	        3.9947493076
LINESHAPE	    10403.9779999995	        3.9945118427
LINESHAPE	    10404.0559999995	        3.9942746162
LINESHAPE	    10404.1339999995	        3.9940373898
LINESHAPE	    10404.2119999995	        3.9938013554
LINESHAPE	    10404.2899999995	        3.9935657978
LINESHAPE	    10404.3679999995	        3.9933309555
LINESHAPE	    10404.4459999995	        3.9930961132
LINESHAPE	    10404.5239999995	        3.9928624630
LINESHAPE	    10404.6019999995	        3.9926288128
LINESHAPE	    10404.6799999995	        3.9923961163
LINESHAPE	    10404.7579999995	        3.9921638966
LINESHAPE	    10404.8359999995	        3.9919323921
LINESHAPE	    10404.9139999995	        3.9917013645
LINESHAPE	    10404.9919999995	        3.9914705753
LINESHAPE	    10405.0699999995	        3.9912405014
LINESHAPE	    10405.1479999995	        3.9910116196
LINESHAPE	    10405.2259999995	        3.9907827377
LINESHAPE	    10405.3039999995	        3.9905543327
LINESHAPE	    10405.3819999995	        3.9903261662
LINESHAPE	    10405.4599999995	        3.9900991917
LINESHAPE	    10405.5379999995	        3.9898729324
LINESHAPE	    10405.6159999995	        3.9896464348
LINESHAPE	    10405.6939999995	        3.9894206524
LINESHAPE	    10405.7719999995	        3.9891955853
LINESHAPE	    10405.8499999995	        3.9889709949
LINESHAPE	    10405.9279999995	        3.9887468815
  
RESIDUAL 	    10380.9003906250	        0.0180133502
RESIDUAL 	    10348.5996093750	       -0.0639630255
RESIDUAL 	    10364.7001953125	       -0.0047099559
RESIDUAL 	    10344.7998046875	       -0.0380909520
RESIDUAL 	    10370.7001953125	       -0.0647606517
RESIDUAL 	    10376.9003906250	        0.0960778647
RESIDUAL 	    10354.9003906250	       -0.0832067892
RESIDUAL 	    10380.9003906250	        0.0147932689
RESIDUAL 	    10349.0000000000	        0.0636981544
RESIDUAL 	    10364.7998046875	        0.0307527194
RESIDUAL 	    10344.9003906250	        0.0714924407
RESIDUAL 	    10371.0996093750	        0.0727911813
RESIDUAL 	    10376.9003906250	        0.0715379172
RESIDUAL 	    10354.7998046875	        0.1712556764
RESIDUAL 	    10380.9003906250	        0.1250032108
RESIDUAL 	    10348.5996093750	       -0.0426932272
RESIDUAL 	    10364.7001953125	       -0.0534698932
RESIDUAL 	    10371.0000000000	        0.0323999358
RESIDUAL 	    10376.9003906250	       -0.0447221345
RESIDUAL 	    10354.7998046875	       -0.0205144004
RESIDUAL 	    10399.4003906250	       -0.0447750388
RESIDUAL 	    10399.2998046875	       -0.3181149015
RESIDUAL 	    10399.4003906250	        0.0263051690
RESIDUAL 	    10399.4003906250	        0.0381650628
RESIDUAL 	    10399.2998046875	        0.0302649489
RESIDUAL 	    10399.4003906250	        0.1087250413
RESIDUAL 	    10399.5000000000	       -0.0007899730
RESIDUAL 	    10399.5000000000	        0.0450598271
RESIDUAL 	    10358.7001953125	        0.1162566960
RESIDUAL 	    10358.7001953125	       -0.0186128795
RESIDUAL 	    10358.7998046875	        0.0318198660
RESIDUAL 	    10330.2998046875	        0.0343012246
RESIDUAL 	    10330.2998046875	        0.0003213319
RESIDUAL 	    10330.2998046875	       -0.0022585956
RESIDUAL 	    10330.4003906250	       -0.0638481663
RESIDUAL 	    10330.4003906250	        0.0341719104
RESIDUAL 	    10330.2998046875	       -0.0396288005
RESIDUAL 	    10330.4003906250	       -0.0020481633
RESIDUAL 	    10330.4003906250	       -0.1444582032
RESIDUAL 	    10330.4003906250	       -0.0621880578
RESIDUAL 	    10330.4003906250	       -0.0425480889
RESIDUAL 	    10330.5000000000	        0.0166213706
RESIDUAL 	    10330.5996093750	       -0.0183186883
RESIDUAL 	    10330.5996093750	        0.0677213317
RESIDUAL 	    10358.7001953125	        0.0091366589
RESIDUAL 	    10358.7998046875	       -0.1273903391
RESIDUAL 	    10358.7998046875	        0.1400700072
RESIDUAL 	    10358.7998046875	       -0.0185403368
RESIDUAL 	    10358.7998046875	       -0.0216803095
RESIDUAL 	    10358.7998046875	        0.0895801047
RESIDUAL 	    10358.7998046875	       -0.0413703462
RESIDUAL 	    10358.7998046875	        0.0588298300
RESIDUAL 	    10358.7998046875	        0.0463300207
RESIDUAL 	    10358.9003906250	       -0.1103056586
RESIDUAL 	    10358.9003906250	        0.0487042749
RESIDUAL 	    10358.7998046875	       -0.0086502573
RESIDUAL 	    10358.7998046875	       -0.0324201128
RESIDUAL 	    10358.7998046875	        0.0652499655
RESIDUAL 	    10358.7998046875	       -0.2583202860
RESIDUAL 	    10359.0000000000	        0.0958138078
RESIDUAL 	    10359.0000000000	        0.1505137056
RESIDUAL 	    10359.0000000000	       -0.0814465910
RESIDUAL 	    10359.0000000000	       -0.0395965010
RESIDUAL 	    10359.0000000000	        0.0423336595
RESIDUAL 	    10359.0000000000	       -0.0773262412
RESIDUAL 	    10359.0000000000	        0.0660033792
RESIDUAL 	    10359.0000000000	        0.0276237100
RESIDUAL 	    10359.0000000000	       -0.0308966071
RESIDUAL 	    10359.0000000000	        0.0459538072
RESIDUAL 	    10359.0996093750	       -0.0187984096
RESIDUAL 	    10359.0996093750	        0.0694417370
RESIDUAL 	    10359.0000000000	       -0.0678862959
RESIDUAL 	    10359.0996093750	        0.0399016751
RESIDUAL 	    10359.0000000000	       -0.0257763297
RESIDUAL 	    10359.0000000000	        0.0523734659
RESIDUAL 	    10359.0996093750	       -0.0406680691
RESIDUAL 	    10359.0000000000	       -0.0589265257
RESIDUAL 	    10359.0996093750	       -0.0677481281
RESIDUAL 	    10359.0996093750	        0.0207218540
  
NORMRESID	    10380.9003906250	        0.2756016325
NORMRESID	    10348.5996093750	       -0.9722893769
NORMRESID	    10364.7001953125	       -0.0580075269
NORMRESID	    10344.7998046875	       -0.6025285807
NORMRESID	    10370.7001953125	       -0.9335985660
NORMRESID	    10376.9003906250	        1.3970572641
NORMRESID	    10354.9003906250	       -0.8669333727
NORMRESID	    10380.9003906250	        0.2151081663
NORMRESID	    10349.0000000000	        0.8613306344
NORMRESID	    10364.7998046875	        0.3914248135
NORMRESID	    10344.9003906250	        1.1118074451
NORMRESID	    10371.0996093750	        1.0720666938
NORMRESID	    10376.9003906250	        0.8701670882
NORMRESID	    10354.7998046875	        1.5356773870
NORMRESID	    10380.9003906250	        1.5299896021
NORMRESID	    10348.5996093750	       -0.6062613179
NORMRESID	    10364.7001953125	       -0.6214640245
NORMRESID	    10371.0000000000	        0.4412903782
NORMRESID	    10376.9003906250	       -0.6287839862
NORMRESID	    10354.7998046875	       -0.2246826257
NORMRESID	    10399.4003906250	       -0.6353673771
NORMRESID	    10399.2998046875	       -4.4104278566
NORMRESID	    10399.4003906250	        0.4650012686
NORMRESID	    10399.4003906250	        0.6684414311
NORMRESID	    10399.2998046875	        0.5431291672
NORMRESID	    10399.4003906250	        1.9324155174
NORMRESID	    10399.5000000000	       -0.0123581182
NORMRESID	    10399.5000000000	        0.6699539361
NORMRESID	    10358.7001953125	        0.6172539590
NORMRESID	    10358.7001953125	       -0.1903708371
NORMRESID	    10358.7998046875	        0.1877244977
NORMRESID	    10330.2998046875	        0.6126334844
NORMRESID	    10330.2998046875	        0.0057709635
NORMRESID	    10330.2998046875	       -0.0404273578
NORMRESID	    10330.4003906250	       -1.0658574556
NORMRESID	    10330.4003906250	        0.3903041500
NORMRESID	    10330.2998046875	       -0.4818226249
NORMRESID	    10330.4003906250	       -0.0325629901
NORMRESID	    10330.4003906250	       -1.3316820117
NORMRESID	    10330.4003906250	       -1.1497995399
NORMRESID	    10330.4003906250	       -0.8026321219
NORMRESID	    10330.5000000000	        0.3082495548
NORMRESID	    10330.5996093750	       -0.3434530820
NORMRESID	    10330.5996093750	        0.6962179575
NORMRESID	    10358.7001953125	        0.1079753556
NORMRESID	    10358.7998046875	       -1.5896727711
NORMRESID	    10358.7998046875	        0.9740951129
NORMRESID	    10358.7998046875	       -0.2527067595
NORMRESID	    10358.7998046875	       -0.2951501025
NORMRESID	    10358.7998046875	        1.1978448361
NORMRESID	    10358.7998046875	       -0.5542376117
NORMRESID	    10358.7998046875	        0.7960325559
NORMRESID	    10358.7998046875	        0.6288406458
NORMRESID	    10358.9003906250	       -0.9964647238
NORMRESID	    10358.9003906250	        0.5567538823
NORMRESID	    10358.7998046875	       -0.1136720030
NORMRESID	    10358.7998046875	       -0.2101612958
NORMRESID	    10358.7998046875	        0.8670757843
NORMRESID	    10358.7998046875	       -1.7922355485
NORMRESID	    10359.0000000000	        0.6869604376
NORMRESID	    10359.0000000000	        1.2210579545
NORMRESID	    10359.0000000000	       -0.8349471410
NORMRESID	    10359.0000000000	       -0.5206510509
NORMRESID	    10359.0000000000	        0.5774932335
NORMRESID	    10359.0000000000	       -0.9845823522
NORMRESID	    10359.0000000000	        0.6106165974
NORMRESID	    10359.0000000000	        0.2317561376
NORMRESID	    10359.0000000000	       -0.3014538432
NORMRESID	    10359.0000000000	        0.6232959892
NORMRESID	    10359.0996093750	       -0.2471848814
NORMRESID	    10359.0996093750	        0.9507188371
NORMRESID	    10359.0000000000	       -0.8755612822
NORMRESID	    10359.0996093750	        0.3979581685
NORMRESID	    10359.0000000000	       -0.2192815716
NORMRESID	    10359.0000000000	        0.4006660806
NORMRESID	    10359.0996093750	       -0.4694396161
NORMRESID	    10359.0000000000	       -0.5730034020
NORMRESID	    10359.0996093750	       -0.9116407959
NORMRESID	    10359.0996093750	        0.2795498336
  
FITTED PARAMETER	area =        77.2460319387 +/-         1.0557131075 MeV nb
FITTED PARAMETER	mass =     10357.9769037775 +/-         0.0763186305 MeV   
FITTED PARAMETER	wide =         4.6914167982 +/-         0.0632739599 MeV   
FITTED PARAMETER	back =         4.5469650783 +/-         0.0144988824 nb    
  
 **********
 **    7 **SHOW FCNVALUE
 **********

 FCN=   67.35548     FROM SAVe      STATUS=CONVERGED      0 CALLS      127 TOTAL
                     EDM=  0.12E-05    STRATEGY= 2      ERROR MATRIX ACCURATE 
  
 Assuming upsilon THREE(3)-S,           79 data points.
