  
 ****************************************************
 Assuming upsilon THREE(3)-S,           79 data points.
 ****************************************************
  
  MINUIT RELEASE 96.03  INITIALIZED.   DIMENSIONS 100/ 50  EPSMAC=  0.89E-15

 PARAMETER DEFINITIONS:
    NO.   NAME         VALUE      STEP SIZE      LIMITS
     1 'area      '    77.239       1.0000         50.000       300.00    
     2 'mass      '    10358.       1.0000         10325.       10403.    
     3 'wide      '    4.6910       1.0000        0.10000       8.0000    
     4 'back      '    4.2916       1.0000        0.00000E+00   8.0000    
 **********
 **    1 **SET STRATEGY   2.000    
 **********

 NOW USING STRATEGY  2: MAKE SURE MINIMUM TRUE, ERRORS CORRECT  

 **********
 **    2 **MINIMIZE  0.1000E+05  0.3000E-01
 **********

 FIRST CALL TO USER FUNCTION AT NEW START POINT, WITH IFLAG=4.
SAMPLE        77.2389619673     10357.9759316115         4.6910300462         4.2916222779
CHI2                                                                                             66.6386046406 /  75 =         0.8885147285
 START MIGRAD MINIMIZATION.  STRATEGY 2.  CONVERGENCE WHEN EDM .LT. 0.30E-04
SAMPLE        77.2389619673     10357.9759316115         4.6910300462         4.2916222779
CHI2                                                                                             66.6386046406 /  75 =         0.8885147285
SAMPLE        77.3390582578     10357.9759316115         4.6910300462         4.2916222779
CHI2                                                                                             66.7865913125 /  75 =         0.8904878842
SAMPLE        77.1390268425     10357.9759316115         4.6910300462         4.2916222779
CHI2                                                                                             66.7408537770 /  75 =         0.8898780504
SAMPLE        77.2753076669     10357.9759316115         4.6910300462         4.2916222779
CHI2                                                                                             66.6633624777 /  75 =         0.8888448330
SAMPLE        77.2026375387     10357.9759316115         4.6910300462         4.2916222779
CHI2                                                                                             66.6468734632 /  75 =         0.8886249795
SAMPLE        77.2389619673     10358.0759638440         4.6910300462         4.2916222779
CHI2                                                                                             70.4992996118 /  75 =         0.9399906615
SAMPLE        77.2389619673     10357.8759399628         4.6910300462         4.2916222779
CHI2                                                                                             66.3909357983 /  75 =         0.8852124773
SAMPLE        77.2389619673     10357.9859330196         4.6910300462         4.2916222779
CHI2                                                                                             66.8649349860 /  75 =         0.8915324665
SAMPLE        77.2389619673     10357.9659306092         4.6910300462         4.2916222779
CHI2                                                                                             66.4483666448 /  75 =         0.8859782219
SAMPLE        77.2389619673     10357.9759316115         4.7920323521         4.2916222779
CHI2                                                                                             92.5704974961 /  75 =         1.2342732999
SAMPLE        77.2389619673     10357.9759316115         4.5895953575         4.2916222779
CHI2                                                                                             95.6584664902 /  75 =         1.2754462199
SAMPLE        77.2389619673     10357.9759316115         4.7011508606         4.2916222779
CHI2                                                                                             66.8761610583 /  75 =         0.8916821474
SAMPLE        77.2389619673     10357.9759316115         4.6809049078         4.2916222779
CHI2                                                                                             66.9499584342 /  75 =         0.8926661125
SAMPLE        77.2389619673     10357.9759316115         4.6910300462         4.3926143410
CHI2                                                                                            179.4128624336 /  75 =         2.3921714991
SAMPLE        77.2389619673     10357.9759316115         4.6910300462         4.1904429465
CHI2                                                                                            183.3957654697 /  75 =         2.4452768729
SAMPLE        77.2389619673     10357.9759316115         4.6910300462         4.3017309824
CHI2                                                                                             67.6083881895 /  75 =         0.9014451759
SAMPLE        77.2389619673     10357.9759316115         4.6910300462         4.2815117006
CHI2                                                                                             67.9646198177 /  75 =         0.9061949309
SAMPLE        77.2397648716     10357.9759316115         4.6910300462         4.2916222779
CHI2                                                                                             66.6387946699 /  75 =         0.8885172623
SAMPLE        77.2381590734     10357.9759316115         4.6910300462         4.2916222779
CHI2                                                                                             66.6384307377 /  75 =         0.8885124098
SAMPLE        77.2389619673     10357.9761430151         4.6910300462         4.2916222779
CHI2                                                                                             66.6430194666 /  75 =         0.8885735929
SAMPLE        77.2389619673     10357.9757202081         4.6910300462         4.2916222779
CHI2                                                                                             66.6342044482 /  75 =         0.8884560593
SAMPLE        77.2389619673     10357.9759316115         4.6910849149         4.2916222779
CHI2                                                                                             66.6384249866 /  75 =         0.8885123332
SAMPLE        77.2389619673     10357.9759316115         4.6909751773         4.2916222779
CHI2                                                                                             66.6387989304 /  75 =         0.8885173191
SAMPLE        77.2389619673     10357.9759316115         4.6910410200         4.2916222779
CHI2                                                                                             66.6385674190 /  75 =         0.8885142323
SAMPLE        77.2389619673     10357.9759316115         4.6910190724         4.2916222779
CHI2                                                                                             66.6386425077 /  75 =         0.8885152334
SAMPLE        77.2389619673     10357.9759316115         4.6910300462         4.2916490718
CHI2                                                                                             66.6381412006 /  75 =         0.8885085493
SAMPLE        77.2389619673     10357.9759316115         4.6910300462         4.2915954839
CHI2                                                                                             66.6390842070 /  75 =         0.8885211228
SAMPLE        77.2753076669     10357.9859330196         4.6910300462         4.2916222779
CHI2                                                                                             66.8973243873 /  75 =         0.8919643252
SAMPLE        77.2753076669     10357.9759316115         4.7011508606         4.2916222779
CHI2                                                                                             66.7743726641 /  75 =         0.8903249689
SAMPLE        77.2389619673     10357.9859330196         4.7011508606         4.2916222779
CHI2                                                                                             67.0751959307 /  75 =         0.8943359457
SAMPLE        77.2753076669     10357.9759316115         4.6910300462         4.3017309824
CHI2                                                                                             67.8139558898 /  75 =         0.9041860785
SAMPLE        77.2389619673     10357.9859330196         4.6910300462         4.3017309824
CHI2                                                                                             67.8708264098 /  75 =         0.9049443521
SAMPLE        77.2389619673     10357.9759316115         4.7011508606         4.3017309824
CHI2                                                                                             67.2660739964 /  75 =         0.8968809866
 COVARIANCE MATRIX CALCULATED SUCCESSFULLY

 FCN=   66.63860     FROM HESSE     STATUS=OK            33 CALLS       34 TOTAL
                     EDM=  0.64E+00    STRATEGY= 2      ERROR MATRIX ACCURATE 

  EXT PARAMETER                                   STEP         FIRST   
  NO.   NAME        VALUE          ERROR          SIZE      DERIVATIVE 
   1     area       77.239        1.0285       0.46646E-03    17.654    
   2     mass       10358.       0.76487E-01   0.25956E-03    803.34    
   3     wide       4.6910       0.61551E-01   0.25972E-02   -13.335    
   4     back       4.2916       0.13605E-01   0.25342E-02   -70.202    
SAMPLE        77.2468125128     10357.9160062502         4.6907313388         4.2931111292
CHI2                                                                                             66.0043013311 /  75 =         0.8800573511
SAMPLE        77.2479428002     10357.9160062502         4.6907313388         4.2931111292
CHI2                                                                                             66.0041660328 /  75 =         0.8800555471
SAMPLE        77.2456822460     10357.9160062502         4.6907313388         4.2931111292
CHI2                                                                                             66.0044685378 /  75 =         0.8800595805
SAMPLE        77.2468125128     10357.9163037422         4.6907313388         4.2931111292
CHI2                                                                                             66.0042696581 /  75 =         0.8800569288
SAMPLE        77.2468125128     10357.9157087586         4.6907313388         4.2931111292
CHI2                                                                                             66.0043657369 /  75 =         0.8800582098
SAMPLE        77.2468125128     10357.9160062502         4.6908085712         4.2931111292
CHI2                                                                                             66.0044814139 /  75 =         0.8800597522
SAMPLE        77.2468125128     10357.9160062502         4.6906541063         4.2931111292
CHI2                                                                                             66.0041530056 /  75 =         0.8800553734
SAMPLE        77.2468125128     10357.9160062502         4.6907313388         4.2931488424
CHI2                                                                                             66.0042222567 /  75 =         0.8800562968
SAMPLE        77.2468125128     10357.9160062502         4.6907313388         4.2930734159
CHI2                                                                                             66.0044123536 /  75 =         0.8800588314
SAMPLE        77.2440172430     10357.9161443413         4.6902044958         4.2931495582
CHI2                                                                                             66.0038805983 /  75 =         0.8800517413
SAMPLE        77.2451482145     10357.9161443413         4.6902044958         4.2931495582
CHI2                                                                                             66.0038963446 /  75 =         0.8800519513
SAMPLE        77.2428862921     10357.9161443413         4.6902044958         4.2931495582
CHI2                                                                                             66.0038968080 /  75 =         0.8800519574
SAMPLE        77.2440172430     10357.9164382542         4.6902044958         4.2931495582
CHI2                                                                                             66.0039016246 /  75 =         0.8800520217
SAMPLE        77.2440172430     10357.9158504286         4.6902044958         4.2931495582
CHI2                                                                                             66.0039500974 /  75 =         0.8800526680
SAMPLE        77.2440172430     10357.9163189511         4.6902044958         4.2931495582
CHI2                                                                                             66.0038899265 /  75 =         0.8800518657
SAMPLE        77.2440172430     10357.9159697316         4.6902044958         4.2931495582
CHI2                                                                                             66.0039411460 /  75 =         0.8800525486
SAMPLE        77.2440172430     10357.9162624114         4.6902044958         4.2931495582
CHI2                                                                                             66.0038862192 /  75 =         0.8800518163
SAMPLE        77.2440172430     10357.9160262712         4.6902044958         4.2931495582
CHI2                                                                                             66.0039387406 /  75 =         0.8800525165
SAMPLE        77.2440172430     10357.9162279189         4.6902044958         4.2931495582
CHI2                                                                                             66.0038828509 /  75 =         0.8800517713
SAMPLE        77.2440172430     10357.9160607636         4.6902044958         4.2931495582
CHI2                                                                                             66.0038809267 /  75 =         0.8800517457
SAMPLE        77.2440172430     10357.9164384035         4.6902044958         4.2931495582
CHI2                                                                                             66.0039016425 /  75 =         0.8800520219
SAMPLE        77.2440172430     10357.9158502794         4.6902044958         4.2931495582
CHI2                                                                                             66.0039501119 /  75 =         0.8800526682
SAMPLE        77.2440172430     10357.9161443413         4.6902819637         4.2931495582
CHI2                                                                                             66.0038979820 /  75 =         0.8800519731
SAMPLE        77.2440172430     10357.9161443413         4.6901270276         4.2931495582
CHI2                                                                                             66.0039537856 /  75 =         0.8800527171
SAMPLE        77.2440172430     10357.9161443413         4.6902505069         4.2931495582
CHI2                                                                                             66.0038870684 /  75 =         0.8800518276
SAMPLE        77.2440172430     10357.9161443413         4.6901584846         4.2931495582
CHI2                                                                                             66.0039440134 /  75 =         0.8800525868
SAMPLE        77.2440172430     10357.9161443413         4.6902356062         4.2931495582
CHI2                                                                                             66.0038837385 /  75 =         0.8800517832
SAMPLE        77.2440172430     10357.9161443413         4.6901733853         4.2931495582
CHI2                                                                                             66.0039412243 /  75 =         0.8800525497
SAMPLE        77.2440172430     10357.9161443413         4.6902265173         4.2931495582
CHI2                                                                                             66.0038822880 /  75 =         0.8800517638
SAMPLE        77.2440172430     10357.9161443413         4.6901824743         4.2931495582
CHI2                                                                                             66.0038814919 /  75 =         0.8800517532
SAMPLE        77.2440172430     10357.9161443413         4.6902819422         4.2931495582
CHI2                                                                                             66.0038979727 /  75 =         0.8800519730
SAMPLE        77.2440172430     10357.9161443413         4.6901270492         4.2931495582
CHI2                                                                                             66.0039537771 /  75 =         0.8800527170
SAMPLE        77.2440172430     10357.9161443413         4.6902044958         4.2931872725
CHI2                                                                                             66.0038968827 /  75 =         0.8800519584
SAMPLE        77.2440172430     10357.9161443413         4.6902044958         4.2931118439
CHI2                                                                                             66.0038962639 /  75 =         0.8800519502
SAMPLE        77.2509285653     10357.9163024642         4.6906157993         4.2931129296
CHI2                                                                                             66.0039263881 /  75 =         0.8800523518
SAMPLE        77.2467147046     10357.9162060581         4.6903650322         4.2931352617
CHI2                                                                                             66.0038762784 /  75 =         0.8800516837
SAMPLE        77.2457760785     10357.9161845830         4.6903091718         4.2931402363
CHI2                                                                                             66.0038859949 /  75 =         0.8800518133
SAMPLE        77.2812805098     10357.9169966738         4.6924214644         4.2929521184
CHI2                                                                                             66.0053561815 /  75 =         0.8800714158
SAMPLE        77.2639952035     10357.9166013656         4.6913932707         4.2930436901
CHI2                                                                                             66.0042826815 /  75 =         0.8800571024
SAMPLE        77.2553543531     10357.9164037118         4.6908791570         4.2930894759
CHI2                                                                                             66.0040210735 /  75 =         0.8800536143
SAMPLE        77.2510343786     10357.9163048849         4.6906220960         4.2931123688
CHI2                                                                                             66.0039281603 /  75 =         0.8800523755
SAMPLE        77.2488745041     10357.9162554715         4.6904935645         4.2931238153
CHI2                                                                                             66.0038969738 /  75 =         0.8800519597
SAMPLE        77.2477945950     10357.9162307648         4.6904292984         4.2931295385
CHI2                                                                                             66.0038853148 /  75 =         0.8800518042
SAMPLE        77.2456693492     10357.9161821411         4.6903028200         4.2931408020
CHI2                                                                                             66.0038854692 /  75 =         0.8800518063
SAMPLE        77.2461920247     10357.9161940996         4.6903339261         4.2931380319
CHI2                                                                                             66.0038887673 /  75 =         0.8800518502
SAMPLE        77.2478456193     10357.9162060581         4.6903650322         4.2931352617
CHI2                                                                                             66.0038996271 /  75 =         0.8800519950
SAMPLE        77.2455838106     10357.9162060581         4.6903650322         4.2931352617
CHI2                                                                                             66.0038848807 /  75 =         0.8800517984
SAMPLE        77.2467147046     10357.9163807253         4.6903650322         4.2931352617
CHI2                                                                                             66.0039052507 /  75 =         0.8800520700
SAMPLE        77.2467147046     10357.9160313910         4.6903650322         4.2931352617
CHI2                                                                                             66.0038744963 /  75 =         0.8800516600
SAMPLE        77.2467147046     10357.9162060581         4.6904110348         4.2931352617
CHI2                                                                                             66.0038821975 /  75 =         0.8800517626
SAMPLE        77.2467147046     10357.9162060581         4.6903190296         4.2931352617
CHI2                                                                                             66.0038975518 /  75 =         0.8800519674
SAMPLE        77.2467147046     10357.9162060581         4.6903650322         4.2931729761
CHI2                                                                                             66.0038972616 /  75 =         0.8800519635
SAMPLE        77.2467147046     10357.9162060581         4.6903650322         4.2930975473
CHI2                                                                                             66.0038872451 /  75 =         0.8800518299
SAMPLE        77.2490708680     10357.9159902311         4.6905117978         4.2931210475
CHI2                                                                                             66.0038946311 /  75 =         0.8800519284
SAMPLE        77.2474458094     10357.9161390872         4.6904105735         4.2931308511
CHI2                                                                                             66.0038791605 /  75 =         0.8800517221
SAMPLE        77.2469938776     10357.9161804851         4.6903824223         4.2931335775
CHI2                                                                                             66.0038770802 /  75 =         0.8800516944
SAMPLE        77.2468286122     10357.9161956238         4.6903721277         4.2931345745
CHI2                                                                                             66.0038765610 /  75 =         0.8800516875
SAMPLE        77.2467623755     10357.9162016913         4.6903680017         4.2931349741
CHI2                                                                                             66.0038763892 /  75 =         0.8800516852
SAMPLE        77.2467348628     10357.9162042115         4.6903662879         4.2931351401
CHI2                                                                                             66.0038763239 /  75 =         0.8800516843
SAMPLE        77.2467232658     10357.9162052739         4.6903655655         4.2931352101
CHI2                                                                                             66.0038762975 /  75 =         0.8800516840
SAMPLE        77.2467183472     10357.9162057244         4.6903652591         4.2931352397
CHI2                                                                                             66.0038762864 /  75 =         0.8800516838
SAMPLE        77.2467162557     10357.9162059160         4.6903651288         4.2931352524
CHI2                                                                                             66.0038762818 /  75 =         0.8800516838
SAMPLE        77.2467153653     10357.9162059976         4.6903650734         4.2931352577
CHI2                                                                                             66.0038762798 /  75 =         0.8800516837
 MIGRAD FAILS TO FIND IMPROVEMENT

 MIGRAD MINIMIZATION HAS CONVERGED.

 MIGRAD WILL VERIFY CONVERGENCE AND ERROR MATRIX.
SAMPLE        77.2467147046     10357.9162060581         4.6903650322         4.2931352617
CHI2                                                                                             66.0038762784 /  75 =         0.8800516837
SAMPLE        77.2478456193     10357.9162060581         4.6903650322         4.2931352617
CHI2                                                                                             66.0038996271 /  75 =         0.8800519950
SAMPLE        77.2455838106     10357.9162060581         4.6903650322         4.2931352617
CHI2                                                                                             66.0038848807 /  75 =         0.8800517984
SAMPLE        77.2467147046     10357.9163807253         4.6903650322         4.2931352617
CHI2                                                                                             66.0039052507 /  75 =         0.8800520700
SAMPLE        77.2467147046     10357.9160313910         4.6903650322         4.2931352617
CHI2                                                                                             66.0038744963 /  75 =         0.8800516600
SAMPLE        77.2467147046     10357.9162060581         4.6904110348         4.2931352617
CHI2                                                                                             66.0038821975 /  75 =         0.8800517626
SAMPLE        77.2467147046     10357.9162060581         4.6903190296         4.2931352617
CHI2                                                                                             66.0038975518 /  75 =         0.8800519674
SAMPLE        77.2467147046     10357.9162060581         4.6903650322         4.2931729761
CHI2                                                                                             66.0038972616 /  75 =         0.8800519635
SAMPLE        77.2467147046     10357.9162060581         4.6903650322         4.2930975473
CHI2                                                                                             66.0038872451 /  75 =         0.8800518299
SAMPLE        77.2469408859     10357.9162060581         4.6903650322         4.2931352617
CHI2                                                                                             66.0038783920 /  75 =         0.8800517119
SAMPLE        77.2464885242     10357.9162060581         4.6903650322         4.2931352617
CHI2                                                                                             66.0038754428 /  75 =         0.8800516726
SAMPLE        77.2467147046     10357.9162409915         4.6903650322         4.2931352617
CHI2                                                                                             66.0038779874 /  75 =         0.8800517065
SAMPLE        77.2467147046     10357.9161711246         4.6903650322         4.2931352617
CHI2                                                                                             66.0038750202 /  75 =         0.8800516669
SAMPLE        77.2467147046     10357.9162130448         4.6903650322         4.2931352617
CHI2                                                                                             66.0038765841 /  75 =         0.8800516878
SAMPLE        77.2467147046     10357.9161990714         4.6903650322         4.2931352617
CHI2                                                                                             66.0038759907 /  75 =         0.8800516799
SAMPLE        77.2467147046     10357.9162060581         4.6903742327         4.2931352617
CHI2                                                                                             66.0038765604 /  75 =         0.8800516875
SAMPLE        77.2467147046     10357.9162060581         4.6903558317         4.2931352617
CHI2                                                                                             66.0038764472 /  75 =         0.8800516860
SAMPLE        77.2467147046     10357.9162060581         4.6903668723         4.2931352617
CHI2                                                                                             66.0038762987 /  75 =         0.8800516840
SAMPLE        77.2467147046     10357.9162060581         4.6903631921         4.2931352617
CHI2                                                                                             66.0038762760 /  75 =         0.8800516837
SAMPLE        77.2467147046     10357.9162060581         4.6903650322         4.2931428046
CHI2                                                                                             66.0038779190 /  75 =         0.8800517056
SAMPLE        77.2467147046     10357.9162060581         4.6903650322         4.2931277188
CHI2                                                                                             66.0038759157 /  75 =         0.8800516789
SAMPLE        77.2478456193     10357.9163807253         4.6903650322         4.2931352617
CHI2                                                                                             66.0039335659 /  75 =         0.8800524475
SAMPLE        77.2478456193     10357.9162060581         4.6904110348         4.2931352617
CHI2                                                                                             66.0038876619 /  75 =         0.8800518355
SAMPLE        77.2467147046     10357.9163807253         4.6904110348         4.2931352617
CHI2                                                                                             66.0038925736 /  75 =         0.8800519010
SAMPLE        77.2478456193     10357.9162060581         4.6903650322         4.2931729761
CHI2                                                                                             66.0039415891 /  75 =         0.8800525545
SAMPLE        77.2467147046     10357.9163807253         4.6903650322         4.2931729761
CHI2                                                                                             66.0039290799 /  75 =         0.8800523877
SAMPLE        77.2467147046     10357.9162060581         4.6904110348         4.2931729761
CHI2                                                                                             66.0038933637 /  75 =         0.8800519115
 COVARIANCE MATRIX CALCULATED SUCCESSFULLY

 FCN=   66.00388     FROM MIGRAD    STATUS=CONVERGED    123 CALLS      124 TOTAL
                     EDM=  0.12E-04    STRATEGY= 2      ERROR MATRIX ACCURATE 

  EXT PARAMETER                                   STEP         FIRST   
  NO.   NAME        VALUE          ERROR          SIZE      DERIVATIVE 
   1     area       77.247       0.48756       0.14516E-04   0.50791    
   2     mass       10358.       0.72042E-01   0.45342E-05    1.6360    
   3     wide       4.6904       0.23664E-01   0.11802E-04   0.23992E-01
   4     back       4.2931       0.12640E-01   0.94540E-05   0.52975    

 EXTERNAL ERROR MATRIX.    NDIM=  50    NPAR=  4    ERR DEF=  1.00    
  0.238E+00 0.139E-01 0.726E-02-0.364E-02
  0.139E-01 0.519E-02 0.127E-02-0.847E-04
  0.726E-02 0.127E-02 0.560E-03-0.424E-04
 -0.364E-02-0.847E-04-0.424E-04 0.160E-03

 PARAMETER  CORRELATION COEFFICIENTS
       NO.  GLOBAL     1     2     3     4
        1  0.81439  1.000 0.396 0.629-0.591
        2  0.75341  0.396 1.000 0.745-0.093
        3  0.84974  0.629 0.745 1.000-0.142
        4  0.66539 -0.591-0.093-0.142 1.000
 **********
 **    3 **SAVE
 **********
 CURRENT VALUES WILL BE SAVED ON UNIT  6: stdout                                                          

SET TITLE 
Kuraev-Fadin Fit with Goodies                     
PARAMETERS
     1'area      '  0.77247E+02  0.48756E+00  0.50000E+02  0.30000E+03
     2'mass      '  0.10358E+05  0.72042E-01  0.10325E+05  0.10403E+05
     3'wide      '  0.46904E+01  0.23664E-01  0.10000E+00  0.80000E+01
     4'back      '  0.42931E+01  0.12640E-01  0.00000E+00  0.80000E+01
 
SET COVARIANCE     4
 0.3917E-04 0.4638E-05 0.3497E-05 0.2392E-04 0.8457E-05 0.3686E-04-0.1172E-04
-0.5513E-06-0.2726E-05 0.1004E-04
    11 RECORDS WRITTEN TO UNIT   6:stdout                                       
 INCLUDING    3 RECORDS FOR THE COVARIANCE MATRIX.

 **********
 **    4 **SHOW CORRELATIONS
 **********

 PARAMETER  CORRELATION COEFFICIENTS
       NO.  GLOBAL     1     2     3     4
        1  0.81439  1.000 0.396 0.629-0.591
        2  0.75341  0.396 1.000 0.745-0.093
        3  0.84974  0.629 0.745 1.000-0.142
        4  0.66539 -0.591-0.093-0.142 1.000
 **********
 **    5 **SHOW COVARIANCE
 **********

 EXTERNAL ERROR MATRIX.    NDIM=  50    NPAR=  4    ERR DEF=  1.00    
  0.238E+00 0.139E-01 0.726E-02-0.364E-02
  0.139E-01 0.519E-02 0.127E-02-0.847E-04
  0.726E-02 0.127E-02 0.560E-03-0.424E-04
 -0.364E-02-0.847E-04-0.424E-04 0.160E-03

 PARAMETER  CORRELATION COEFFICIENTS
       NO.  GLOBAL     1     2     3     4
        1  0.81439  1.000 0.396 0.629-0.591
        2  0.75341  0.396 1.000 0.745-0.093
        3  0.84974  0.629 0.745 1.000-0.142
        4  0.66539 -0.591-0.093-0.142 1.000
 **********
 **    6 **SHOW EIGENVALUES
 **********
 EIGENVALUES OF SECOND-DERIVATIVE MATRIX:
         0.1506E+00  0.3673E+00  0.1128E+01  0.2354E+01
  
LINESHAPE	    10322.0000000000	        3.9372236729
LINESHAPE	    10322.0780000000	        3.9371342659
LINESHAPE	    10322.1560000000	        3.9370446205
LINESHAPE	    10322.2340000000	        3.9369549751
LINESHAPE	    10322.3120000000	        3.9368653297
LINESHAPE	    10322.3900000000	        3.9367754459
LINESHAPE	    10322.4680000000	        3.9366855621
LINESHAPE	    10322.5460000000	        3.9365954399
LINESHAPE	    10322.6240000000	        3.9365050793
LINESHAPE	    10322.7020000000	        3.9364149570
LINESHAPE	    10322.7800000000	        3.9363243580
LINESHAPE	    10322.8580000000	        3.9362337589
LINESHAPE	    10322.9360000000	        3.9361431599
LINESHAPE	    10323.0140000000	        3.9360523224
LINESHAPE	    10323.0920000000	        3.9359614849
LINESHAPE	    10323.1700000000	        3.9358704090
LINESHAPE	    10323.2480000000	        3.9357793331
LINESHAPE	    10323.3260000000	        3.9356880188
LINESHAPE	    10323.4040000000	        3.9355967045
LINESHAPE	    10323.4820000000	        3.9355051517
LINESHAPE	    10323.5600000000	        3.9354135990
LINESHAPE	    10323.6380000000	        3.9353218079
LINESHAPE	    10323.7160000000	        3.9352300167
LINESHAPE	    10323.7940000000	        3.9351379871
LINESHAPE	    10323.8720000000	        3.9350457191
LINESHAPE	    10323.9500000000	        3.9349534512
LINESHAPE	    10324.0280000000	        3.9348611832
LINESHAPE	    10324.1060000000	        3.9347686768
LINESHAPE	    10324.1840000000	        3.9346759319
LINESHAPE	    10324.2620000000	        3.9345831871
LINESHAPE	    10324.3400000000	        3.9344902039
LINESHAPE	    10324.4180000000	        3.9343972206
LINESHAPE	    10324.4960000000	        3.9343039989
LINESHAPE	    10324.5740000000	        3.9342105389
LINESHAPE	    10324.6520000000	        3.9341170788
LINESHAPE	    10324.7300000000	        3.9340233803
LINESHAPE	    10324.8080000000	        3.9339296818
LINESHAPE	    10324.8860000000	        3.9338357449
LINESHAPE	    10324.9640000000	        3.9337418079
LINESHAPE	    10325.0420000000	        3.9336476326
LINESHAPE	    10325.1200000000	        3.9335532188
LINESHAPE	    10325.1980000000	        3.9334588051
LINESHAPE	    10325.2760000000	        3.9333641529
LINESHAPE	    10325.3540000000	        3.9332695007
LINESHAPE	    10325.4320000000	        3.9331746101
LINESHAPE	    10325.5100000000	        3.9330794811
LINESHAPE	    10325.5880000000	        3.9329841137
LINESHAPE	    10325.6660000000	        3.9328887463
LINESHAPE	    10325.7440000000	        3.9327933788
LINESHAPE	    10325.8220000000	        3.9326975346
LINESHAPE	    10325.9000000000	        3.9326016903
LINESHAPE	    10325.9780000000	        3.9325058460
LINESHAPE	    10326.0560000000	        3.9324095249
LINESHAPE	    10326.1340000000	        3.9323132038
LINESHAPE	    10326.2120000000	        3.9322168827
LINESHAPE	    10326.2900000000	        3.9321200848
LINESHAPE	    10326.3680000000	        3.9320232868
LINESHAPE	    10326.4460000000	        3.9319264889
LINESHAPE	    10326.5240000000	        3.9318292141
LINESHAPE	    10326.6020000000	        3.9317319393
LINESHAPE	    10326.6800000000	        3.9316344261
LINESHAPE	    10326.7580000000	        3.9315369129
LINESHAPE	    10326.8360000000	        3.9314389229
LINESHAPE	    10326.9140000000	        3.9313409328
LINESHAPE	    10326.9920000000	        3.9312429428
LINESHAPE	    10327.0700000000	        3.9311444759
LINESHAPE	    10327.1480000000	        3.9310460091
LINESHAPE	    10327.2260000000	        3.9309473038
LINESHAPE	    10327.3040000000	        3.9308483601
LINESHAPE	    10327.3820000000	        3.9307494164
LINESHAPE	    10327.4600000000	        3.9306499958
LINESHAPE	    10327.5380000000	        3.9305505753
LINESHAPE	    10327.6160000000	        3.9304509163
LINESHAPE	    10327.6940000000	        3.9303512573
LINESHAPE	    10327.7720000000	        3.9302511215
LINESHAPE	    10327.8500000000	        3.9301509857
LINESHAPE	    10327.9280000000	        3.9300506115
LINESHAPE	    10328.0060000000	        3.9299499989
LINESHAPE	    10328.0840000000	        3.9298491478
LINESHAPE	    10328.1620000000	        3.9297482967
LINESHAPE	    10328.2400000000	        3.9296469688
LINESHAPE	    10328.3180000000	        3.9295456409
LINESHAPE	    10328.3960000000	        3.9294440746
LINESHAPE	    10328.4740000000	        3.9293422699
LINESHAPE	    10328.5520000000	        3.9292402267
LINESHAPE	    10328.6300000000	        3.9291381836
LINESHAPE	    10328.7080000000	        3.9290356636
LINESHAPE	    10328.7860000000	        3.9289329052
LINESHAPE	    10328.8640000000	        3.9288301468
LINESHAPE	    10328.9420000000	        3.9287271500
LINESHAPE	    10329.0200000000	        3.9286239147
LINESHAPE	    10329.0980000000	        3.9285204411
LINESHAPE	    10329.1760000000	        3.9284164906
LINESHAPE	    10329.2540000000	        3.9283125401
LINESHAPE	    10329.3320000000	        3.9282083511
LINESHAPE	    10329.4100000000	        3.9281039238
LINESHAPE	    10329.4880000000	        3.9279994965
LINESHAPE	    10329.5660000000	        3.9278945923
LINESHAPE	    10329.6440000000	        3.9277894497
LINESHAPE	    10329.7220000000	        3.9276840687
LINESHAPE	    10329.8000000000	        3.9275784492
LINESHAPE	    10329.8780000000	        3.9274725914
LINESHAPE	    10329.9560000000	        3.9273664951
LINESHAPE	    10330.0340000000	        3.9272601604
LINESHAPE	    10330.1120000000	        3.9271535873
LINESHAPE	    10330.1899999999	        3.9270467758
LINESHAPE	    10330.2679999999	        3.9269397259
LINESHAPE	    10330.3459999999	        3.9268324375
LINESHAPE	    10330.4239999999	        3.9267249107
LINESHAPE	    10330.5019999999	        3.9266169071
LINESHAPE	    10330.5799999999	        3.9265089035
LINESHAPE	    10330.6579999999	        3.9264004230
LINESHAPE	    10330.7359999999	        3.9262919426
LINESHAPE	    10330.8139999999	        3.9261829853
LINESHAPE	    10330.8919999999	        3.9260737896
LINESHAPE	    10330.9699999999	        3.9259641171
LINESHAPE	    10331.0479999999	        3.9258544445
LINESHAPE	    10331.1259999999	        3.9257445335
LINESHAPE	    10331.2039999999	        3.9256341457
LINESHAPE	    10331.2819999999	        3.9255235195
LINESHAPE	    10331.3599999999	        3.9254126549
LINESHAPE	    10331.4379999999	        3.9253015518
LINESHAPE	    10331.5159999999	        3.9251899719
LINESHAPE	    10331.5939999999	        3.9250781536
LINESHAPE	    10331.6719999999	        3.9249660969
LINESHAPE	    10331.7499999999	        3.9248538017
LINESHAPE	    10331.8279999999	        3.9247410297
LINESHAPE	    10331.9059999999	        3.9246280193
LINESHAPE	    10331.9839999999	        3.9245145321
LINESHAPE	    10332.0619999999	        3.9244010448
LINESHAPE	    10332.1399999999	        3.9242870808
LINESHAPE	    10332.2179999999	        3.9241728783
LINESHAPE	    10332.2959999999	        3.9240581989
LINESHAPE	    10332.3739999999	        3.9239432812
LINESHAPE	    10332.4519999999	        3.9238278866
LINESHAPE	    10332.5299999999	        3.9237122536
LINESHAPE	    10332.6079999999	        3.9235963821
LINESHAPE	    10332.6859999999	        3.9234800339
LINESHAPE	    10332.7639999999	        3.9233634472
LINESHAPE	    10332.8419999999	        3.9232463837
LINESHAPE	    10332.9199999999	        3.9231290817
LINESHAPE	    10332.9979999999	        3.9230113029
LINESHAPE	    10333.0759999999	        3.9228930473
LINESHAPE	    10333.1539999999	        3.9227747917
LINESHAPE	    10333.2319999999	        3.9226558208
LINESHAPE	    10333.3099999999	        3.9225366116
LINESHAPE	    10333.3879999999	        3.9224169254
LINESHAPE	    10333.4659999999	        3.9222970009
LINESHAPE	    10333.5439999999	        3.9221765995
LINESHAPE	    10333.6219999999	        3.9220559597
LINESHAPE	    10333.6999999999	        3.9219348431
LINESHAPE	    10333.7779999999	        3.9218132496
LINESHAPE	    10333.8559999999	        3.9216911793
LINESHAPE	    10333.9339999999	        3.9215688705
LINESHAPE	    10334.0119999999	        3.9214460850
LINESHAPE	    10334.0899999999	        3.9213228226
LINESHAPE	    10334.1679999999	        3.9211990833
LINESHAPE	    10334.2459999999	        3.9210751057
LINESHAPE	    10334.3239999999	        3.9209506512
LINESHAPE	    10334.4019999999	        3.9208254814
LINESHAPE	    10334.4799999999	        3.9207000732
LINESHAPE	    10334.5579999999	        3.9205744267
LINESHAPE	    10334.6359999999	        3.9204480648
LINESHAPE	    10334.7139999999	        3.9203212261
LINESHAPE	    10334.7919999999	        3.9201939106
LINESHAPE	    10334.8699999999	        3.9200661182
LINESHAPE	    10334.9479999999	        3.9199380875
LINESHAPE	    10335.0259999999	        3.9198093414
LINESHAPE	    10335.1039999999	        3.9196801186
LINESHAPE	    10335.1819999999	        3.9195504189
LINESHAPE	    10335.2599999999	        3.9194202423
LINESHAPE	    10335.3379999999	        3.9192895889
LINESHAPE	    10335.4159999999	        3.9191582203
LINESHAPE	    10335.4939999999	        3.9190263748
LINESHAPE	    10335.5719999999	        3.9188942909
LINESHAPE	    10335.6499999999	        3.9187612534
LINESHAPE	    10335.7279999999	        3.9186279774
LINESHAPE	    10335.8059999999	        3.9184939861
LINESHAPE	    10335.8839999999	        3.9183595181
LINESHAPE	    10335.9619999999	        3.9182245731
LINESHAPE	    10336.0399999999	        3.9180889130
LINESHAPE	    10336.1179999999	        3.9179525375
LINESHAPE	    10336.1959999999	        3.9178156853
LINESHAPE	    10336.2739999999	        3.9176783562
LINESHAPE	    10336.3519999999	        3.9175403118
LINESHAPE	    10336.4299999999	        3.9174017906
LINESHAPE	    10336.5079999999	        3.9172623158
LINESHAPE	    10336.5859999999	        3.9171226025
LINESHAPE	    10336.6639999999	        3.9169819355
LINESHAPE	    10336.7419999999	        3.9168407917
LINESHAPE	    10336.8199999999	        3.9166989326
LINESHAPE	    10336.8979999999	        3.9165563583
LINESHAPE	    10336.9759999999	        3.9164130688
LINESHAPE	    10337.0539999999	        3.9162693024
LINESHAPE	    10337.1319999999	        3.9161245823
LINESHAPE	    10337.2099999999	        3.9159791470
LINESHAPE	    10337.2879999999	        3.9158332348
LINESHAPE	    10337.3659999999	        3.9156863689
LINESHAPE	    10337.4439999999	        3.9155387878
LINESHAPE	    10337.5219999999	        3.9153904915
LINESHAPE	    10337.5999999999	        3.9152414799
LINESHAPE	    10337.6779999999	        3.9150915146
LINESHAPE	    10337.7559999999	        3.9149408340
LINESHAPE	    10337.8339999999	        3.9147894382
LINESHAPE	    10337.9119999999	        3.9146370888
LINESHAPE	    10337.9899999999	        3.9144840240
LINESHAPE	    10338.0679999999	        3.9143300056
LINESHAPE	    10338.1459999999	        3.9141752720
LINESHAPE	    10338.2239999999	        3.9140195847
LINESHAPE	    10338.3019999999	        3.9138629436
LINESHAPE	    10338.3799999999	        3.9137053490
LINESHAPE	    10338.4579999999	        3.9135470390
LINESHAPE	    10338.5359999999	        3.9133877754
LINESHAPE	    10338.6139999999	        3.9132277966
LINESHAPE	    10338.6919999999	        3.9130666256
LINESHAPE	    10338.7699999999	        3.9129049778
LINESHAPE	    10338.8479999999	        3.9127430916
LINESHAPE	    10338.9259999999	        3.9125809669
LINESHAPE	    10339.0039999999	        3.9124212265
LINESHAPE	    10339.0819999999	        3.9122743607
LINESHAPE	    10339.1599999999	        3.9124512672
LINESHAPE	    10339.2379999999	        3.9127960205
LINESHAPE	    10339.3159999999	        3.9127683640
LINESHAPE	    10339.3939999999	        3.9127144814
LINESHAPE	    10339.4719999999	        3.9126527309
LINESHAPE	    10339.5499999999	        3.9125890732
LINESHAPE	    10339.6279999999	        3.9125277996
LINESHAPE	    10339.7059999999	        3.9124686718
LINESHAPE	    10339.7839999999	        3.9124145508
LINESHAPE	    10339.8619999999	        3.9123637676
LINESHAPE	    10339.9399999999	        3.9123191833
LINESHAPE	    10340.0179999999	        3.9122810364
LINESHAPE	    10340.0959999999	        3.9122488499
LINESHAPE	    10340.1739999999	        3.9122235775
LINESHAPE	    10340.2519999999	        3.9122061729
LINESHAPE	    10340.3299999999	        3.9121971130
LINESHAPE	    10340.4079999999	        3.9121961594
LINESHAPE	    10340.4859999999	        3.9122049809
LINESHAPE	    10340.5639999999	        3.9122240543
LINESHAPE	    10340.6419999999	        3.9122529030
LINESHAPE	    10340.7199999999	        3.9122931957
LINESHAPE	    10340.7979999999	        3.9123463631
LINESHAPE	    10340.8759999999	        3.9124107361
LINESHAPE	    10340.9539999999	        3.9124891758
LINESHAPE	    10341.0319999999	        3.9125821590
LINESHAPE	    10341.1099999999	        3.9126892090
LINESHAPE	    10341.1879999999	        3.9128119946
LINESHAPE	    10341.2659999999	        3.9129517078
LINESHAPE	    10341.3439999999	        3.9131090641
LINESHAPE	    10341.4219999999	        3.9132847786
LINESHAPE	    10341.4999999999	        3.9134800434
LINESHAPE	    10341.5779999999	        3.9136958122
LINESHAPE	    10341.6559999999	        3.9139328003
LINESHAPE	    10341.7339999999	        3.9141931534
LINESHAPE	    10341.8119999999	        3.9144766331
LINESHAPE	    10341.8899999999	        3.9147856236
LINESHAPE	    10341.9679999999	        3.9151206017
LINESHAPE	    10342.0459999999	        3.9154837132
LINESHAPE	    10342.1239999999	        3.9158754349
LINESHAPE	    10342.2019999999	        3.9162981510
LINESHAPE	    10342.2799999999	        3.9167525768
LINESHAPE	    10342.3579999999	        3.9172408581
LINESHAPE	    10342.4359999999	        3.9177634716
LINESHAPE	    10342.5139999999	        3.9183235168
LINESHAPE	    10342.5919999999	        3.9189221859
LINESHAPE	    10342.6699999999	        3.9195606709
LINESHAPE	    10342.7479999999	        3.9202418327
LINESHAPE	    10342.8259999999	        3.9209666252
LINESHAPE	    10342.9039999999	        3.9217376709
LINESHAPE	    10342.9819999999	        3.9225568771
LINESHAPE	    10343.0599999999	        3.9234268665
LINESHAPE	    10343.1379999999	        3.9243490696
LINESHAPE	    10343.2159999999	        3.9253261089
LINESHAPE	    10343.2939999999	        3.9263603687
LINESHAPE	    10343.3719999999	        3.9274544716
LINESHAPE	    10343.4499999999	        3.9286105633
LINESHAPE	    10343.5279999999	        3.9298317432
LINESHAPE	    10343.6059999999	        3.9311203957
LINESHAPE	    10343.6839999999	        3.9324786663
LINESHAPE	    10343.7619999999	        3.9339110851
LINESHAPE	    10343.8399999999	        3.9354193211
LINESHAPE	    10343.9179999999	        3.9370069504
LINESHAPE	    10343.9959999999	        3.9386765957
LINESHAPE	    10344.0739999999	        3.9404320717
LINESHAPE	    10344.1519999999	        3.9422767162
LINESHAPE	    10344.2299999999	        3.9442131519
LINESHAPE	    10344.3079999999	        3.9462459087
LINESHAPE	    10344.3859999999	        3.9483778477
LINESHAPE	    10344.4639999999	        3.9506134987
LINESHAPE	    10344.5419999999	        3.9529554844
LINESHAPE	    10344.6199999999	        3.9554085732
LINESHAPE	    10344.6979999999	        3.9579768181
LINESHAPE	    10344.7759999999	        3.9606637955
LINESHAPE	    10344.8539999999	        3.9634740353
LINESHAPE	    10344.9319999999	        3.9664120674
LINESHAPE	    10345.0099999999	        3.9694819450
LINESHAPE	    10345.0879999999	        3.9726877213
LINESHAPE	    10345.1659999999	        3.9760348797
LINESHAPE	    10345.2439999999	        3.9795277119
LINESHAPE	    10345.3219999999	        3.9831707478
LINESHAPE	    10345.3999999999	        3.9869697094
LINESHAPE	    10345.4779999999	        3.9909286499
LINESHAPE	    10345.5559999999	        3.9950530529
LINESHAPE	    10345.6339999999	        3.9993479252
LINESHAPE	    10345.7119999999	        4.0038185120
LINESHAPE	    10345.7899999999	        4.0084705353
LINESHAPE	    10345.8679999999	        4.0133094788
LINESHAPE	    10345.9459999999	        4.0183401108
LINESHAPE	    10346.0239999999	        4.0235686302
LINESHAPE	    10346.1019999999	        4.0290002823
LINESHAPE	    10346.1799999999	        4.0346412659
LINESHAPE	    10346.2579999999	        4.0404973030
LINESHAPE	    10346.3359999999	        4.0465741158
LINESHAPE	    10346.4139999998	        4.0528783798
LINESHAPE	    10346.4919999998	        4.0594148636
LINESHAPE	    10346.5699999998	        4.0661907196
LINESHAPE	    10346.6479999998	        4.0732116699
LINESHAPE	    10346.7259999998	        4.0804843903
LINESHAPE	    10346.8039999998	        4.0880141258
LINESHAPE	    10346.8819999998	        4.0958080292
LINESHAPE	    10346.9599999998	        4.1038722992
LINESHAPE	    10347.0379999998	        4.1122126579
LINESHAPE	    10347.1159999998	        4.1208367348
LINESHAPE	    10347.1939999998	        4.1297497749
LINESHAPE	    10347.2719999998	        4.1389589310
LINESHAPE	    10347.3499999998	        4.1484699249
LINESHAPE	    10347.4279999998	        4.1582899094
LINESHAPE	    10347.5059999998	        4.1684250832
LINESHAPE	    10347.5839999998	        4.1788811684
LINESHAPE	    10347.6619999998	        4.1896653175
LINESHAPE	    10347.7399999998	        4.2007837296
LINESHAPE	    10347.8179999998	        4.2122426033
LINESHAPE	    10347.8959999998	        4.2240481377
LINESHAPE	    10347.9739999998	        4.2362070084
LINESHAPE	    10348.0519999998	        4.2487244606
LINESHAPE	    10348.1299999998	        4.2616071701
LINESHAPE	    10348.2079999998	        4.2748608589
LINESHAPE	    10348.2859999998	        4.2884917259
LINESHAPE	    10348.3639999998	        4.3025054932
LINESHAPE	    10348.4419999998	        4.3169074059
LINESHAPE	    10348.5199999998	        4.3317041397
LINESHAPE	    10348.5979999998	        4.3468995094
LINESHAPE	    10348.6759999998	        4.3624997139
LINESHAPE	    10348.7539999998	        4.3785095215
LINESHAPE	    10348.8319999998	        4.3949346542
LINESHAPE	    10348.9099999998	        4.4117789268
LINESHAPE	    10348.9879999998	        4.4290475845
LINESHAPE	    10349.0659999998	        4.4467449188
LINESHAPE	    10349.1439999998	        4.4648747444
LINESHAPE	    10349.2219999998	        4.4834413528
LINESHAPE	    10349.2999999998	        4.5024480820
LINESHAPE	    10349.3779999998	        4.5218992233
LINESHAPE	    10349.4559999998	        4.5417971611
LINESHAPE	    10349.5339999998	        4.5621457100
LINESHAPE	    10349.6119999998	        4.5829467773
LINESHAPE	    10349.6899999998	        4.6042032242
LINESHAPE	    10349.7679999998	        4.6259164810
LINESHAPE	    10349.8459999998	        4.6480894089
LINESHAPE	    10349.9239999998	        4.6707229614
LINESHAPE	    10350.0019999998	        4.6938185692
LINESHAPE	    10350.0799999998	        4.7173767090
LINESHAPE	    10350.1579999998	        4.7413973808
LINESHAPE	    10350.2359999998	        4.7658810616
LINESHAPE	    10350.3139999998	        4.7908277512
LINESHAPE	    10350.3919999998	        4.8162369728
LINESHAPE	    10350.4699999998	        4.8421068192
LINESHAPE	    10350.5479999998	        4.8684363365
LINESHAPE	    10350.6259999998	        4.8952236176
LINESHAPE	    10350.7039999998	        4.9224662781
LINESHAPE	    10350.7819999998	        4.9501614571
LINESHAPE	    10350.8599999998	        4.9783058167
LINESHAPE	    10350.9379999998	        5.0068964958
LINESHAPE	    10351.0159999998	        5.0359287262
LINESHAPE	    10351.0939999998	        5.0653977394
LINESHAPE	    10351.1719999998	        5.0952992439
LINESHAPE	    10351.2499999998	        5.1256270409
LINESHAPE	    10351.3279999998	        5.1563758850
LINESHAPE	    10351.4059999998	        5.1875386238
LINESHAPE	    10351.4839999998	        5.2191085815
LINESHAPE	    10351.5619999998	        5.2510786057
LINESHAPE	    10351.6399999998	        5.2834401131
LINESHAPE	    10351.7179999998	        5.3161854744
LINESHAPE	    10351.7959999998	        5.3493046761
LINESHAPE	    10351.8739999998	        5.3827896118
LINESHAPE	    10351.9519999998	        5.4166293144
LINESHAPE	    10352.0299999998	        5.4508137703
LINESHAPE	    10352.1079999998	        5.4853315353
LINESHAPE	    10352.1859999998	        5.5201716423
LINESHAPE	    10352.2639999998	        5.5553216934
LINESHAPE	    10352.3419999998	        5.5907697678
LINESHAPE	    10352.4199999998	        5.6265029907
LINESHAPE	    10352.4979999998	        5.6625075340
LINESHAPE	    10352.5759999998	        5.6987690926
LINESHAPE	    10352.6539999998	        5.7352743149
LINESHAPE	    10352.7319999998	        5.7720074654
LINESHAPE	    10352.8099999998	        5.8089532852
LINESHAPE	    10352.8879999998	        5.8460965157
LINESHAPE	    10352.9659999998	        5.8834199905
LINESHAPE	    10353.0439999998	        5.9209084511
LINESHAPE	    10353.1219999998	        5.9585433006
LINESHAPE	    10353.1999999998	        5.9963073730
LINESHAPE	    10353.2779999998	        6.0341835022
LINESHAPE	    10353.3559999998	        6.0721526146
LINESHAPE	    10353.4339999998	        6.1101965904
LINESHAPE	    10353.5119999998	        6.1482954025
LINESHAPE	    10353.5899999998	        6.1864304543
LINESHAPE	    10353.6679999998	        6.2245817184
LINESHAPE	    10353.7459999998	        6.2627291679
LINESHAPE	    10353.8239999998	        6.3008522987
LINESHAPE	    10353.9019999998	        6.3389306068
LINESHAPE	    10353.9799999998	        6.3769431114
LINESHAPE	    10354.0579999998	        6.4148688316
LINESHAPE	    10354.1359999998	        6.4526863098
LINESHAPE	    10354.2139999998	        6.4903731346
LINESHAPE	    10354.2919999998	        6.5279088020
LINESHAPE	    10354.3699999998	        6.5652704239
LINESHAPE	    10354.4479999998	        6.6024355888
LINESHAPE	    10354.5259999998	        6.6393833160
LINESHAPE	    10354.6039999998	        6.6760907173
LINESHAPE	    10354.6819999998	        6.7125349045
LINESHAPE	    10354.7599999998	        6.7486939430
LINESHAPE	    10354.8379999998	        6.7845454216
LINESHAPE	    10354.9159999998	        6.8200664520
LINESHAPE	    10354.9939999998	        6.8552346230
LINESHAPE	    10355.0719999998	        6.8900284767
LINESHAPE	    10355.1499999998	        6.9244236946
LINESHAPE	    10355.2279999998	        6.9584002495
LINESHAPE	    10355.3059999998	        6.9919342995
LINESHAPE	    10355.3839999998	        7.0250048637
LINESHAPE	    10355.4619999998	        7.0575895309
LINESHAPE	    10355.5399999998	        7.0896668434
LINESHAPE	    10355.6179999998	        7.1212158203
LINESHAPE	    10355.6959999998	        7.1522145271
LINESHAPE	    10355.7739999998	        7.1826424599
LINESHAPE	    10355.8519999998	        7.2124791145
LINESHAPE	    10355.9299999998	        7.2417044640
LINESHAPE	    10356.0079999998	        7.2702980042
LINESHAPE	    10356.0859999998	        7.2982406616
LINESHAPE	    10356.1639999998	        7.3255128860
LINESHAPE	    10356.2419999998	        7.3520965576
LINESHAPE	    10356.3199999998	        7.3779721260
LINESHAPE	    10356.3979999998	        7.4031229019
LINESHAPE	    10356.4759999998	        7.4275312424
LINESHAPE	    10356.5539999998	        7.4511799812
LINESHAPE	    10356.6319999998	        7.4740538597
LINESHAPE	    10356.7099999998	        7.4961352348
LINESHAPE	    10356.7879999998	        7.5174102783
LINESHAPE	    10356.8659999998	        7.5378637314
LINESHAPE	    10356.9439999998	        7.5574822426
LINESHAPE	    10357.0219999998	        7.5762515068
LINESHAPE	    10357.0999999998	        7.5941591263
LINESHAPE	    10357.1779999998	        7.6111931801
LINESHAPE	    10357.2559999998	        7.6273417473
LINESHAPE	    10357.3339999998	        7.6425952911
LINESHAPE	    10357.4119999998	        7.6569418907
LINESHAPE	    10357.4899999998	        7.6703734398
LINESHAPE	    10357.5679999998	        7.6828808784
LINESHAPE	    10357.6459999998	        7.6944565773
LINESHAPE	    10357.7239999998	        7.7050924301
LINESHAPE	    10357.8019999998	        7.7147836685
LINESHAPE	    10357.8799999998	        7.7235231400
LINESHAPE	    10357.9579999998	        7.7313070297
LINESHAPE	    10358.0359999998	        7.7381296158
LINESHAPE	    10358.1139999998	        7.7439889908
LINESHAPE	    10358.1919999998	        7.7488827705
LINESHAPE	    10358.2699999998	        7.7528076172
LINESHAPE	    10358.3479999998	        7.7557635307
LINESHAPE	    10358.4259999998	        7.7577509880
LINESHAPE	    10358.5039999998	        7.7587685585
LINESHAPE	    10358.5819999998	        7.7588186264
LINESHAPE	    10358.6599999998	        7.7579040527
LINESHAPE	    10358.7379999998	        7.7560262680
LINESHAPE	    10358.8159999998	        7.7531895638
LINESHAPE	    10358.8939999998	        7.7493987083
LINESHAPE	    10358.9719999998	        7.7446579933
LINESHAPE	    10359.0499999998	        7.7389736176
LINESHAPE	    10359.1279999998	        7.7323522568
LINESHAPE	    10359.2059999998	        7.7248015404
LINESHAPE	    10359.2839999998	        7.7163290977
LINESHAPE	    10359.3619999998	        7.7069435120
LINESHAPE	    10359.4399999998	        7.6966547966
LINESHAPE	    10359.5179999998	        7.6854724884
LINESHAPE	    10359.5959999998	        7.6734075546
LINESHAPE	    10359.6739999998	        7.6604719162
LINESHAPE	    10359.7519999998	        7.6466770172
LINESHAPE	    10359.8299999998	        7.6320357323
LINESHAPE	    10359.9079999998	        7.6165614128
LINESHAPE	    10359.9859999998	        7.6002674103
LINESHAPE	    10360.0639999998	        7.5831689835
LINESHAPE	    10360.1419999998	        7.5652809143
LINESHAPE	    10360.2199999998	        7.5466175079
LINESHAPE	    10360.2979999998	        7.5271964073
LINESHAPE	    10360.3759999998	        7.5070328712
LINESHAPE	    10360.4539999998	        7.4861440659
LINESHAPE	    10360.5319999998	        7.4645476341
LINESHAPE	    10360.6099999998	        7.4422612190
LINESHAPE	    10360.6879999998	        7.4193024635
LINESHAPE	    10360.7659999998	        7.3956904411
LINESHAPE	    10360.8439999998	        7.3714437485
LINESHAPE	    10360.9219999998	        7.3465819359
LINESHAPE	    10360.9999999998	        7.3211236000
LINESHAPE	    10361.0779999998	        7.2950892448
LINESHAPE	    10361.1559999998	        7.2684984207
LINESHAPE	    10361.2339999998	        7.2413716316
LINESHAPE	    10361.3119999998	        7.2137293816
LINESHAPE	    10361.3899999998	        7.1855916977
LINESHAPE	    10361.4679999998	        7.1569795609
LINESHAPE	    10361.5459999998	        7.1279134750
LINESHAPE	    10361.6239999998	        7.0984153748
LINESHAPE	    10361.7019999998	        7.0685052872
LINESHAPE	    10361.7799999998	        7.0382046700
LINESHAPE	    10361.8579999998	        7.0075345039
LINESHAPE	    10361.9359999998	        6.9765162468
LINESHAPE	    10362.0139999998	        6.9451704025
LINESHAPE	    10362.0919999998	        6.9135189056
LINESHAPE	    10362.1699999998	        6.8815817833
LINESHAPE	    10362.2479999998	        6.8493809700
LINESHAPE	    10362.3259999998	        6.8169364929
LINESHAPE	    10362.4039999998	        6.7842693329
LINESHAPE	    10362.4819999998	        6.7513999939
LINESHAPE	    10362.5599999998	        6.7183485031
LINESHAPE	    10362.6379999997	        6.6851358414
LINESHAPE	    10362.7159999997	        6.6517815590
LINESHAPE	    10362.7939999997	        6.6183061600
LINESHAPE	    10362.8719999997	        6.5847277641
LINESHAPE	    10362.9499999997	        6.5510668755
LINESHAPE	    10363.0279999997	        6.5173420906
LINESHAPE	    10363.1059999997	        6.4835724831
LINESHAPE	    10363.1839999997	        6.4497761726
LINESHAPE	    10363.2619999997	        6.4159712791
LINESHAPE	    10363.3399999997	        6.3821754456
LINESHAPE	    10363.4179999997	        6.3484067917
LINESHAPE	    10363.4959999997	        6.3146820068
LINESHAPE	    10363.5739999997	        6.2810177803
LINESHAPE	    10363.6519999997	        6.2474308014
LINESHAPE	    10363.7299999997	        6.2139363289
LINESHAPE	    10363.8079999997	        6.1805505753
LINESHAPE	    10363.8859999997	        6.1472887993
LINESHAPE	    10363.9639999997	        6.1141653061
LINESHAPE	    10364.0419999997	        6.0811948776
LINESHAPE	    10364.1199999997	        6.0483913422
LINESHAPE	    10364.1979999997	        6.0157680511
LINESHAPE	    10364.2759999997	        5.9833378792
LINESHAPE	    10364.3539999997	        5.9511141777
LINESHAPE	    10364.4319999997	        5.9191083908
LINESHAPE	    10364.5099999997	        5.8873324394
LINESHAPE	    10364.5879999997	        5.8557982445
LINESHAPE	    10364.6659999997	        5.8245153427
LINESHAPE	    10364.7439999997	        5.7934951782
LINESHAPE	    10364.8219999997	        5.7627472878
LINESHAPE	    10364.8999999997	        5.7322807312
LINESHAPE	    10364.9779999997	        5.7021055222
LINESHAPE	    10365.0559999997	        5.6722292900
LINESHAPE	    10365.1339999997	        5.6426606178
LINESHAPE	    10365.2119999997	        5.6134071350
LINESHAPE	    10365.2899999997	        5.5844759941
LINESHAPE	    10365.3679999997	        5.5558738708
LINESHAPE	    10365.4459999997	        5.5276069641
LINESHAPE	    10365.5239999997	        5.4996814728
LINESHAPE	    10365.6019999997	        5.4721031189
LINESHAPE	    10365.6799999997	        5.4448766708
LINESHAPE	    10365.7579999997	        5.4180068970
LINESHAPE	    10365.8359999997	        5.3914976120
LINESHAPE	    10365.9139999997	        5.3653531075
LINESHAPE	    10365.9919999997	        5.3395767212
LINESHAPE	    10366.0699999997	        5.3141717911
LINESHAPE	    10366.1479999997	        5.2891402245
LINESHAPE	    10366.2259999997	        5.2644848824
LINESHAPE	    10366.3039999997	        5.2402081490
LINESHAPE	    10366.3819999997	        5.2163105011
LINESHAPE	    10366.4599999997	        5.1927938461
LINESHAPE	    10366.5379999997	        5.1696591377
LINESHAPE	    10366.6159999997	        5.1469068527
LINESHAPE	    10366.6939999997	        5.1245369911
LINESHAPE	    10366.7719999997	        5.1025500298
LINESHAPE	    10366.8499999997	        5.0809450150
LINESHAPE	    10366.9279999997	        5.0597214699
LINESHAPE	    10367.0059999997	        5.0388789177
LINESHAPE	    10367.0839999997	        5.0184154510
LINESHAPE	    10367.1619999997	        4.9983296394
LINESHAPE	    10367.2399999997	        4.9786205292
LINESHAPE	    10367.3179999997	        4.9592857361
LINESHAPE	    10367.3959999997	        4.9403223991
LINESHAPE	    10367.4739999997	        4.9217290878
LINESHAPE	    10367.5519999997	        4.9035029411
LINESHAPE	    10367.6299999997	        4.8856406212
LINESHAPE	    10367.7079999997	        4.8681397438
LINESHAPE	    10367.7859999997	        4.8509969711
LINESHAPE	    10367.8639999997	        4.8342080116
LINESHAPE	    10367.9419999997	        4.8177704811
LINESHAPE	    10368.0199999997	        4.8016805649
LINESHAPE	    10368.0979999997	        4.7859339714
LINESHAPE	    10368.1759999997	        4.7705268860
LINESHAPE	    10368.2539999997	        4.7554545403
LINESHAPE	    10368.3319999997	        4.7407140732
LINESHAPE	    10368.4099999997	        4.7263002396
LINESHAPE	    10368.4879999997	        4.7122087479
LINESHAPE	    10368.5659999997	        4.6984353065
LINESHAPE	    10368.6439999997	        4.6849746704
LINESHAPE	    10368.7219999997	        4.6718225479
LINESHAPE	    10368.7999999997	        4.6589746475
LINESHAPE	    10368.8779999997	        4.6464252472
LINESHAPE	    10368.9559999997	        4.6341705322
LINESHAPE	    10369.0339999997	        4.6222043037
LINESHAPE	    10369.1119999997	        4.6105227470
LINESHAPE	    10369.1899999997	        4.5991206169
LINESHAPE	    10369.2679999997	        4.5879921913
LINESHAPE	    10369.3459999997	        4.5771331787
LINESHAPE	    10369.4239999997	        4.5665378571
LINESHAPE	    10369.5019999997	        4.5562019348
LINESHAPE	    10369.5799999997	        4.5461201668
LINESHAPE	    10369.6579999997	        4.5362868309
LINESHAPE	    10369.7359999997	        4.5266976357
LINESHAPE	    10369.8139999997	        4.5173478127
LINESHAPE	    10369.8919999997	        4.5082311630
LINESHAPE	    10369.9699999997	        4.4993433952
LINESHAPE	    10370.0479999997	        4.4906792641
LINESHAPE	    10370.1259999997	        4.4822344780
LINESHAPE	    10370.2039999997	        4.4740037918
LINESHAPE	    10370.2819999997	        4.4659824371
LINESHAPE	    10370.3599999997	        4.4581646919
LINESHAPE	    10370.4379999997	        4.4505467415
LINESHAPE	    10370.5159999997	        4.4431238174
LINESHAPE	    10370.5939999997	        4.4358916283
LINESHAPE	    10370.6719999997	        4.4288439751
LINESHAPE	    10370.7499999997	        4.4219779968
LINESHAPE	    10370.8279999997	        4.4152879715
LINESHAPE	    10370.9059999997	        4.4087705612
LINESHAPE	    10370.9839999997	        4.4024205208
LINESHAPE	    10371.0619999997	        4.3962335587
LINESHAPE	    10371.1399999997	        4.3902063370
LINESHAPE	    10371.2179999997	        4.3843340874
LINESHAPE	    10371.2959999997	        4.3786120415
LINESHAPE	    10371.3739999997	        4.3730368614
LINESHAPE	    10371.4519999997	        4.3676052094
LINESHAPE	    10371.5299999997	        4.3623118401
LINESHAPE	    10371.6079999997	        4.3571538925
LINESHAPE	    10371.6859999997	        4.3521270752
LINESHAPE	    10371.7639999997	        4.3472280502
LINESHAPE	    10371.8419999997	        4.3424530029
LINESHAPE	    10371.9199999997	        4.3377990723
LINESHAPE	    10371.9979999997	        4.3332614899
LINESHAPE	    10372.0759999997	        4.3288378716
LINESHAPE	    10372.1539999997	        4.3245248795
LINESHAPE	    10372.2319999997	        4.3203191757
LINESHAPE	    10372.3099999997	        4.3162174225
LINESHAPE	    10372.3879999997	        4.3122162819
LINESHAPE	    10372.4659999997	        4.3083138466
LINESHAPE	    10372.5439999997	        4.3045063019
LINESHAPE	    10372.6219999997	        4.3007907867
LINESHAPE	    10372.6999999997	        4.2971644402
LINESHAPE	    10372.7779999997	        4.2936253548
LINESHAPE	    10372.8559999997	        4.2901701927
LINESHAPE	    10372.9339999997	        4.2867960930
LINESHAPE	    10373.0119999997	        4.2835016251
LINESHAPE	    10373.0899999997	        4.2802834511
LINESHAPE	    10373.1679999997	        4.2771391869
LINESHAPE	    10373.2459999997	        4.2740674019
LINESHAPE	    10373.3239999997	        4.2710652351
LINESHAPE	    10373.4019999997	        4.2681298256
LINESHAPE	    10373.4799999997	        4.2652602196
LINESHAPE	    10373.5579999997	        4.2624540329
LINESHAPE	    10373.6359999997	        4.2597093582
LINESHAPE	    10373.7139999997	        4.2570233345
LINESHAPE	    10373.7919999997	        4.2543954849
LINESHAPE	    10373.8699999997	        4.2518234253
LINESHAPE	    10373.9479999997	        4.2493047714
LINESHAPE	    10374.0259999997	        4.2468385696
LINESHAPE	    10374.1039999997	        4.2444233894
LINESHAPE	    10374.1819999997	        4.2420568466
LINESHAPE	    10374.2599999997	        4.2397375107
LINESHAPE	    10374.3379999997	        4.2374639511
LINESHAPE	    10374.4159999997	        4.2352356911
LINESHAPE	    10374.4939999997	        4.2330498695
LINESHAPE	    10374.5719999997	        4.2309060097
LINESHAPE	    10374.6499999997	        4.2288022041
LINESHAPE	    10374.7279999997	        4.2267379761
LINESHAPE	    10374.8059999997	        4.2247114182
LINESHAPE	    10374.8839999997	        4.2227215767
LINESHAPE	    10374.9619999997	        4.2207679749
LINESHAPE	    10375.0399999997	        4.2188482285
LINESHAPE	    10375.1179999997	        4.2169618607
LINESHAPE	    10375.1959999997	        4.2151079178
LINESHAPE	    10375.2739999997	        4.2132854462
LINESHAPE	    10375.3519999997	        4.2114934921
LINESHAPE	    10375.4299999997	        4.2097306252
LINESHAPE	    10375.5079999997	        4.2079968452
LINESHAPE	    10375.5859999997	        4.2062907219
LINESHAPE	    10375.6639999997	        4.2046113014
LINESHAPE	    10375.7419999997	        4.2029576302
LINESHAPE	    10375.8199999997	        4.2013301849
LINESHAPE	    10375.8979999997	        4.1997265816
LINESHAPE	    10375.9759999997	        4.1981468201
LINESHAPE	    10376.0539999997	        4.1965904236
LINESHAPE	    10376.1319999997	        4.1950564384
LINESHAPE	    10376.2099999997	        4.1935439110
LINESHAPE	    10376.2879999997	        4.1920523643
LINESHAPE	    10376.3659999997	        4.1905817986
LINESHAPE	    10376.4439999997	        4.1891293526
LINESHAPE	    10376.5219999997	        4.1876940727
LINESHAPE	    10376.5999999997	        4.1862673759
LINESHAPE	    10376.6779999997	        4.1846156120
LINESHAPE	    10376.7559999997	        4.1827516556
LINESHAPE	    10376.8339999997	        4.1813626289
LINESHAPE	    10376.9119999997	        4.1800279617
LINESHAPE	    10376.9899999997	        4.1787247658
LINESHAPE	    10377.0679999997	        4.1774439812
LINESHAPE	    10377.1459999997	        4.1761803627
LINESHAPE	    10377.2239999997	        4.1749329567
LINESHAPE	    10377.3019999997	        4.1737017632
LINESHAPE	    10377.3799999997	        4.1724839211
LINESHAPE	    10377.4579999997	        4.1712799072
LINESHAPE	    10377.5359999997	        4.1700892448
LINESHAPE	    10377.6139999997	        4.1689109802
LINESHAPE	    10377.6919999997	        4.1677446365
LINESHAPE	    10377.7699999997	        4.1665902138
LINESHAPE	    10377.8479999997	        4.1654472351
LINESHAPE	    10377.9259999997	        4.1643152237
LINESHAPE	    10378.0039999997	        4.1631941795
LINESHAPE	    10378.0819999997	        4.1620836258
LINESHAPE	    10378.1599999997	        4.1609835625
LINESHAPE	    10378.2379999997	        4.1598935127
LINESHAPE	    10378.3159999997	        4.1588139534
LINESHAPE	    10378.3939999997	        4.1577439308
LINESHAPE	    10378.4719999997	        4.1566829681
LINESHAPE	    10378.5499999997	        4.1556324959
LINESHAPE	    10378.6279999997	        4.1545901299
LINESHAPE	    10378.7059999997	        4.1535577774
LINESHAPE	    10378.7839999997	        4.1525335312
LINESHAPE	    10378.8619999996	        4.1515188217
LINESHAPE	    10378.9399999996	        4.1505117416
LINESHAPE	    10379.0179999996	        4.1495141983
LINESHAPE	    10379.0959999996	        4.1485247612
LINESHAPE	    10379.1739999996	        4.1475429535
LINESHAPE	    10379.2519999996	        4.1465697289
LINESHAPE	    10379.3299999996	        4.1456041336
LINESHAPE	    10379.4079999996	        4.1446466446
LINESHAPE	    10379.4859999996	        4.1436967850
LINESHAPE	    10379.5639999996	        4.1427545547
LINESHAPE	    10379.6419999996	        4.1418199539
LINESHAPE	    10379.7199999996	        4.1408920288
LINESHAPE	    10379.7979999996	        4.1399717331
LINESHAPE	    10379.8759999996	        4.1390595436
LINESHAPE	    10379.9539999996	        4.1381530762
LINESHAPE	    10380.0319999996	        4.1372537613
LINESHAPE	    10380.1099999996	        4.1363615990
LINESHAPE	    10380.1879999996	        4.1354761124
LINESHAPE	    10380.2659999996	        4.1345977783
LINESHAPE	    10380.3439999996	        4.1337246895
LINESHAPE	    10380.4219999996	        4.1328592300
LINESHAPE	    10380.4999999996	        4.1320004463
LINESHAPE	    10380.5779999996	        4.1311473846
LINESHAPE	    10380.6559999996	        4.1303005219
LINESHAPE	    10380.7339999996	        4.1294593811
LINESHAPE	    10380.8119999996	        4.1286249161
LINESHAPE	    10380.8899999996	        4.1277961731
LINESHAPE	    10380.9679999996	        4.1269736290
LINESHAPE	    10381.0459999996	        4.1261568069
LINESHAPE	    10381.1239999996	        4.1253461838
LINESHAPE	    10381.2019999996	        4.1245403290
LINESHAPE	    10381.2799999996	        4.1237401962
LINESHAPE	    10381.3579999996	        4.1229462624
LINESHAPE	    10381.4359999996	        4.1221575737
LINESHAPE	    10381.5139999996	        4.1213741302
LINESHAPE	    10381.5919999996	        4.1205959320
LINESHAPE	    10381.6699999996	        4.1198234558
LINESHAPE	    10381.7479999996	        4.1190557480
LINESHAPE	    10381.8259999996	        4.1182932854
LINESHAPE	    10381.9039999996	        4.1175360680
LINESHAPE	    10381.9819999996	        4.1167836189
LINESHAPE	    10382.0599999996	        4.1160364151
LINESHAPE	    10382.1379999996	        4.1152939796
LINESHAPE	    10382.2159999996	        4.1145567894
LINESHAPE	    10382.2939999996	        4.1138238907
LINESHAPE	    10382.3719999996	        4.1130957603
LINESHAPE	    10382.4499999996	        4.1123728752
LINESHAPE	    10382.5279999996	        4.1116538048
LINESHAPE	    10382.6059999996	        4.1109399796
LINESHAPE	    10382.6839999996	        4.1102304459
LINESHAPE	    10382.7619999996	        4.1095252037
LINESHAPE	    10382.8399999996	        4.1088247299
LINESHAPE	    10382.9179999996	        4.1081285477
LINESHAPE	    10382.9959999996	        4.1074366570
LINESHAPE	    10383.0739999996	        4.1067490578
LINESHAPE	    10383.1519999996	        4.1060652733
LINESHAPE	    10383.2299999996	        4.1053862572
LINESHAPE	    10383.3079999996	        4.1047115326
LINESHAPE	    10383.3859999996	        4.1040401459
LINESHAPE	    10383.4639999996	        4.1033730507
LINESHAPE	    10383.5419999996	        4.1027102470
LINESHAPE	    10383.6199999996	        4.1020512581
LINESHAPE	    10383.6979999996	        4.1013960838
LINESHAPE	    10383.7759999996	        4.1007452011
LINESHAPE	    10383.8539999996	        4.1000981331
LINESHAPE	    10383.9319999996	        4.0994548798
LINESHAPE	    10384.0099999996	        4.0988149643
LINESHAPE	    10384.0879999996	        4.0981788635
LINESHAPE	    10384.1659999996	        4.0975465775
LINESHAPE	    10384.2439999996	        4.0969181061
LINESHAPE	    10384.3219999996	        4.0962929726
LINESHAPE	    10384.3999999996	        4.0956716537
LINESHAPE	    10384.4779999996	        4.0950536728
LINESHAPE	    10384.5559999996	        4.0944395065
LINESHAPE	    10384.6339999996	        4.0938286781
LINESHAPE	    10384.7119999996	        4.0932211876
LINESHAPE	    10384.7899999996	        4.0926175117
LINESHAPE	    10384.8679999996	        4.0920162201
LINESHAPE	    10384.9459999996	        4.0914192200
LINESHAPE	    10385.0239999996	        4.0908250809
LINESHAPE	    10385.1019999996	        4.0902342796
LINESHAPE	    10385.1799999996	        4.0896468163
LINESHAPE	    10385.2579999996	        4.0890626907
LINESHAPE	    10385.3359999996	        4.0884814262
LINESHAPE	    10385.4139999996	        4.0879039764
LINESHAPE	    10385.4919999996	        4.0873284340
LINESHAPE	    10385.5699999996	        4.0867567062
LINESHAPE	    10385.6479999996	        4.0861883163
LINESHAPE	    10385.7259999996	        4.0856223106
LINESHAPE	    10385.8039999996	        4.0850601196
LINESHAPE	    10385.8819999996	        4.0844998360
LINESHAPE	    10385.9599999996	        4.0839433670
LINESHAPE	    10386.0379999996	        4.0833897591
LINESHAPE	    10386.1159999996	        4.0828385353
LINESHAPE	    10386.1939999996	        4.0822906494
LINESHAPE	    10386.2719999996	        4.0817451477
LINESHAPE	    10386.3499999996	        4.0812025070
LINESHAPE	    10386.4279999996	        4.0806632042
LINESHAPE	    10386.5059999996	        4.0801262856
LINESHAPE	    10386.5839999996	        4.0795922279
LINESHAPE	    10386.6619999996	        4.0790600777
LINESHAPE	    10386.7399999996	        4.0785317421
LINESHAPE	    10386.8179999996	        4.0780057907
LINESHAPE	    10386.8959999996	        4.0774822235
LINESHAPE	    10386.9739999996	        4.0769610405
LINESHAPE	    10387.0519999996	        4.0764431953
LINESHAPE	    10387.1299999996	        4.0759272575
LINESHAPE	    10387.2079999996	        4.0754141808
LINESHAPE	    10387.2859999996	        4.0749034882
LINESHAPE	    10387.3639999996	        4.0743956566
LINESHAPE	    10387.4419999996	        4.0738897324
LINESHAPE	    10387.5199999996	        4.0733866692
LINESHAPE	    10387.5979999996	        4.0728855133
LINESHAPE	    10387.6759999996	        4.0723876953
LINESHAPE	    10387.7539999996	        4.0718917847
LINESHAPE	    10387.8319999996	        4.0713982582
LINESHAPE	    10387.9099999996	        4.0709066391
LINESHAPE	    10387.9879999996	        4.0704178810
LINESHAPE	    10388.0659999996	        4.0699315071
LINESHAPE	    10388.1439999996	        4.0694470406
LINESHAPE	    10388.2219999996	        4.0689649582
LINESHAPE	    10388.2999999996	        4.0684852600
LINESHAPE	    10388.3779999996	        4.0680084229
LINESHAPE	    10388.4559999996	        4.0675330162
LINESHAPE	    10388.5339999996	        4.0670595169
LINESHAPE	    10388.6119999996	        4.0665888786
LINESHAPE	    10388.6899999996	        4.0661206245
LINESHAPE	    10388.7679999996	        4.0656538010
LINESHAPE	    10388.8459999996	        4.0651888847
LINESHAPE	    10388.9239999996	        4.0647268295
LINESHAPE	    10389.0019999996	        4.0642666817
LINESHAPE	    10389.0799999996	        4.0638089180
LINESHAPE	    10389.1579999996	        4.0633525848
LINESHAPE	    10389.2359999996	        4.0628981590
LINESHAPE	    10389.3139999996	        4.0624461174
LINESHAPE	    10389.3919999996	        4.0619964600
LINESHAPE	    10389.4699999996	        4.0615482330
LINESHAPE	    10389.5479999996	        4.0611019135
LINESHAPE	    10389.6259999996	        4.0606584549
LINESHAPE	    10389.7039999996	        4.0602159500
LINESHAPE	    10389.7819999996	        4.0597758293
LINESHAPE	    10389.8599999996	        4.0593376160
LINESHAPE	    10389.9379999996	        4.0589013100
LINESHAPE	    10390.0159999996	        4.0584673882
LINESHAPE	    10390.0939999996	        4.0580344200
LINESHAPE	    10390.1719999996	        4.0576033592
LINESHAPE	    10390.2499999996	        4.0571742058
LINESHAPE	    10390.3279999996	        4.0567474365
LINESHAPE	    10390.4059999996	        4.0563225746
LINESHAPE	    10390.4839999996	        4.0558991432
LINESHAPE	    10390.5619999996	        4.0554771423
LINESHAPE	    10390.6399999996	        4.0550570488
LINESHAPE	    10390.7179999996	        4.0546393394
LINESHAPE	    10390.7959999996	        4.0542225838
LINESHAPE	    10390.8739999996	        4.0538082123
LINESHAPE	    10390.9519999996	        4.0533952713
LINESHAPE	    10391.0299999996	        4.0529842377
LINESHAPE	    10391.1079999996	        4.0525741577
LINESHAPE	    10391.1859999996	        4.0521664619
LINESHAPE	    10391.2639999996	        4.0517601967
LINESHAPE	    10391.3419999996	        4.0513558388
LINESHAPE	    10391.4199999996	        4.0509533882
LINESHAPE	    10391.4979999996	        4.0505518913
LINESHAPE	    10391.5759999996	        4.0501523018
LINESHAPE	    10391.6539999996	        4.0497541428
LINESHAPE	    10391.7319999996	        4.0493578911
LINESHAPE	    10391.8099999996	        4.0489630699
LINESHAPE	    10391.8879999996	        4.0485696793
LINESHAPE	    10391.9659999996	        4.0481777191
LINESHAPE	    10392.0439999996	        4.0477876663
LINESHAPE	    10392.1219999996	        4.0473995209
LINESHAPE	    10392.1999999996	        4.0470123291
LINESHAPE	    10392.2779999996	        4.0466270447
LINESHAPE	    10392.3559999996	        4.0462427139
LINESHAPE	    10392.4339999996	        4.0458602905
LINESHAPE	    10392.5119999996	        4.0454792976
LINESHAPE	    10392.5899999996	        4.0450992584
LINESHAPE	    10392.6679999996	        4.0447216034
LINESHAPE	    10392.7459999996	        4.0443444252
LINESHAPE	    10392.8239999996	        4.0439696312
LINESHAPE	    10392.9019999996	        4.0435957909
LINESHAPE	    10392.9799999996	        4.0432233810
LINESHAPE	    10393.0579999996	        4.0428524017
LINESHAPE	    10393.1359999996	        4.0424828529
LINESHAPE	    10393.2139999996	        4.0421147346
LINESHAPE	    10393.2919999996	        4.0417480469
LINESHAPE	    10393.3699999996	        4.0413827896
LINESHAPE	    10393.4479999996	        4.0410189629
LINESHAPE	    10393.5259999996	        4.0406560898
LINESHAPE	    10393.6039999996	        4.0402951241
LINESHAPE	    10393.6819999996	        4.0399346352
LINESHAPE	    10393.7599999996	        4.0395760536
LINESHAPE	    10393.8379999996	        4.0392189026
LINESHAPE	    10393.9159999996	        4.0388627052
LINESHAPE	    10393.9939999996	        4.0385079384
LINESHAPE	    10394.0719999996	        4.0381546021
LINESHAPE	    10394.1499999996	        4.0378026962
LINESHAPE	    10394.2279999996	        4.0374517441
LINESHAPE	    10394.3059999996	        4.0371022224
LINESHAPE	    10394.3839999996	        4.0367536545
LINESHAPE	    10394.4619999996	        4.0364069939
LINESHAPE	    10394.5399999996	        4.0360608101
LINESHAPE	    10394.6179999996	        4.0357165337
LINESHAPE	    10394.6959999996	        4.0353727341
LINESHAPE	    10394.7739999996	        4.0350303650
LINESHAPE	    10394.8519999996	        4.0346899033
LINESHAPE	    10394.9299999996	        4.0343499184
LINESHAPE	    10395.0079999996	        4.0340113640
LINESHAPE	    10395.0859999996	        4.0336737633
LINESHAPE	    10395.1639999995	        4.0333375931
LINESHAPE	    10395.2419999995	        4.0330028534
LINESHAPE	    10395.3199999995	        4.0326685905
LINESHAPE	    10395.3979999995	        4.0323362350
LINESHAPE	    10395.4759999995	        4.0320048332
LINESHAPE	    10395.5539999995	        4.0316739082
LINESHAPE	    10395.6319999995	        4.0313448906
LINESHAPE	    10395.7099999995	        4.0310168266
LINESHAPE	    10395.7879999995	        4.0306892395
LINESHAPE	    10395.8659999995	        4.0303635597
LINESHAPE	    10395.9439999995	        4.0300388336
LINESHAPE	    10396.0219999995	        4.0297150612
LINESHAPE	    10396.0999999995	        4.0293922424
LINESHAPE	    10396.1779999995	        4.0290708542
LINESHAPE	    10396.2559999995	        4.0287504196
LINESHAPE	    10396.3339999995	        4.0284309387
LINESHAPE	    10396.4119999995	        4.0281124115
LINESHAPE	    10396.4899999995	        4.0277953148
LINESHAPE	    10396.5679999995	        4.0274791718
LINESHAPE	    10396.6459999995	        4.0271639824
LINESHAPE	    10396.7239999995	        4.0268497467
LINESHAPE	    10396.8019999995	        4.0265364647
LINESHAPE	    10396.8799999995	        4.0262241364
LINESHAPE	    10396.9579999995	        4.0259127617
LINESHAPE	    10397.0359999995	        4.0256028175
LINESHAPE	    10397.1139999995	        4.0252938271
LINESHAPE	    10397.1919999995	        4.0249857903
LINESHAPE	    10397.2699999995	        4.0246791840
LINESHAPE	    10397.3479999995	        4.0243725777
LINESHAPE	    10397.4259999995	        4.0240674019
LINESHAPE	    10397.5039999995	        4.0237631798
LINESHAPE	    10397.5819999995	        4.0234603882
LINESHAPE	    10397.6599999995	        4.0231575966
LINESHAPE	    10397.7379999995	        4.0228567123
LINESHAPE	    10397.8159999995	        4.0225563049
LINESHAPE	    10397.8939999995	        4.0222568512
LINESHAPE	    10397.9719999995	        4.0219588280
LINESHAPE	    10398.0499999995	        4.0216608047
LINESHAPE	    10398.1279999995	        4.0213642120
LINESHAPE	    10398.2059999995	        4.0210685730
LINESHAPE	    10398.2839999995	        4.0207738876
LINESHAPE	    10398.3619999995	        4.0204801559
LINESHAPE	    10398.4399999995	        4.0201873779
LINESHAPE	    10398.5179999995	        4.0198950768
LINESHAPE	    10398.5959999995	        4.0196042061
LINESHAPE	    10398.6739999995	        4.0193142891
LINESHAPE	    10398.7519999995	        4.0190243721
LINESHAPE	    10398.8299999995	        4.0187363625
LINESHAPE	    10398.9079999995	        4.0184483528
LINESHAPE	    10398.9859999995	        4.0181617737
LINESHAPE	    10399.0639999995	        4.0178756714
LINESHAPE	    10399.1419999995	        4.0175909996
LINESHAPE	    10399.2199999995	        4.0173068047
LINESHAPE	    10399.2979999995	        4.0170235634
LINESHAPE	    10399.3759999995	        4.0167407990
LINESHAPE	    10399.4539999995	        4.0164594650
LINESHAPE	    10399.5319999995	        4.0161786079
LINESHAPE	    10399.6099999995	        4.0158987045
LINESHAPE	    10399.6879999995	        4.0156197548
LINESHAPE	    10399.7659999995	        4.0153412819
LINESHAPE	    10399.8439999995	        4.0150637627
LINESHAPE	    10399.9219999995	        4.0147871971
LINESHAPE	    10399.9999999995	        4.0145111084
LINESHAPE	    10400.0779999995	        4.0142359734
LINESHAPE	    10400.1559999995	        4.0139617920
LINESHAPE	    10400.2339999995	        4.0136885643
LINESHAPE	    10400.3119999995	        4.0134158134
LINESHAPE	    10400.3899999995	        4.0131440163
LINESHAPE	    10400.4679999995	        4.0128726959
LINESHAPE	    10400.5459999995	        4.0126023293
LINESHAPE	    10400.6239999995	        4.0123329163
LINESHAPE	    10400.7019999995	        4.0120639801
LINESHAPE	    10400.7799999995	        4.0117955208
LINESHAPE	    10400.8579999995	        4.0115284920
LINESHAPE	    10400.9359999995	        4.0112624168
LINESHAPE	    10401.0139999995	        4.0109963417
LINESHAPE	    10401.0919999995	        4.0107312202
LINESHAPE	    10401.1699999995	        4.0104665756
LINESHAPE	    10401.2479999995	        4.0102033615
LINESHAPE	    10401.3259999995	        4.0099406242
LINESHAPE	    10401.4039999995	        4.0096788406
LINESHAPE	    10401.4819999995	        4.0094170570
LINESHAPE	    10401.5599999995	        4.0091567039
LINESHAPE	    10401.6379999995	        4.0088963509
LINESHAPE	    10401.7159999995	        4.0086374283
LINESHAPE	    10401.7939999995	        4.0083789825
LINESHAPE	    10401.8719999995	        4.0081210136
LINESHAPE	    10401.9499999995	        4.0078639984
LINESHAPE	    10402.0279999995	        4.0076074600
LINESHAPE	    10402.1059999995	        4.0073518753
LINESHAPE	    10402.1839999995	        4.0070967674
LINESHAPE	    10402.2619999995	        4.0068426132
LINESHAPE	    10402.3399999995	        4.0065889359
LINESHAPE	    10402.4179999995	        4.0063362122
LINESHAPE	    10402.4959999995	        4.0060839653
LINESHAPE	    10402.5739999995	        4.0058321953
LINESHAPE	    10402.6519999995	        4.0055809021
LINESHAPE	    10402.7299999995	        4.0053310394
LINESHAPE	    10402.8079999995	        4.0050816536
LINESHAPE	    10402.8859999995	        4.0048322678
LINESHAPE	    10402.9639999995	        4.0045843124
LINESHAPE	    10403.0419999995	        4.0043363571
LINESHAPE	    10403.1199999995	        4.0040893555
LINESHAPE	    10403.1979999995	        4.0038433075
LINESHAPE	    10403.2759999995	        4.0035977364
LINESHAPE	    10403.3539999995	        4.0033521652
LINESHAPE	    10403.4319999995	        4.0031075478
LINESHAPE	    10403.5099999995	        4.0028638840
LINESHAPE	    10403.5879999995	        4.0026206970
LINESHAPE	    10403.6659999995	        4.0023784637
LINESHAPE	    10403.7439999995	        4.0021367073
LINESHAPE	    10403.8219999995	        4.0018949509
LINESHAPE	    10403.8999999995	        4.0016541481
LINESHAPE	    10403.9779999995	        4.0014142990
LINESHAPE	    10404.0559999995	        4.0011744499
LINESHAPE	    10404.1339999995	        4.0009355545
LINESHAPE	    10404.2119999995	        4.0006976128
LINESHAPE	    10404.2899999995	        4.0004601479
LINESHAPE	    10404.3679999995	        4.0002226830
LINESHAPE	    10404.4459999995	        3.9999864101
LINESHAPE	    10404.5239999995	        3.9997503757
LINESHAPE	    10404.6019999995	        3.9995152950
LINESHAPE	    10404.6799999995	        3.9992804527
LINESHAPE	    10404.7579999995	        3.9990465641
LINESHAPE	    10404.8359999995	        3.9988129139
LINESHAPE	    10404.9139999995	        3.9985799789
LINESHAPE	    10404.9919999995	        3.9983475208
LINESHAPE	    10405.0699999995	        3.9981157780
LINESHAPE	    10405.1479999995	        3.9978845119
LINESHAPE	    10405.2259999995	        3.9976537228
LINESHAPE	    10405.3039999995	        3.9974234104
LINESHAPE	    10405.3819999995	        3.9971938133
LINESHAPE	    10405.4599999995	        3.9969651699
LINESHAPE	    10405.5379999995	        3.9967365265
LINESHAPE	    10405.6159999995	        3.9965085983
LINESHAPE	    10405.6939999995	        3.9962813854
LINESHAPE	    10405.7719999995	        3.9960546494
LINESHAPE	    10405.8499999995	        3.9958281517
LINESHAPE	    10405.9279999995	        3.9956026077
  
RESIDUAL 	    10380.9003906250	        0.0090232416
RESIDUAL 	    10348.5996093750	       -0.0560473181
RESIDUAL 	    10364.7001953125	       -0.0022332543
RESIDUAL 	    10344.7998046875	       -0.0268684046
RESIDUAL 	    10370.7001953125	       -0.0751116163
RESIDUAL 	    10376.9003906250	        0.0860542145
RESIDUAL 	    10354.9003906250	       -0.0917356634
RESIDUAL 	    10380.9003906250	        0.0058031603
RESIDUAL 	    10349.0000000000	        0.0706974573
RESIDUAL 	    10364.7998046875	        0.0329515602
RESIDUAL 	    10344.9003906250	        0.0827237998
RESIDUAL 	    10371.0996093750	        0.0622117526
RESIDUAL 	    10376.9003906250	        0.0615142670
RESIDUAL 	    10354.7998046875	        0.1627602846
RESIDUAL 	    10380.9003906250	        0.1160131021
RESIDUAL 	    10348.5996093750	       -0.0347775198
RESIDUAL 	    10364.7001953125	       -0.0509931916
RESIDUAL 	    10371.0000000000	        0.0218712832
RESIDUAL 	    10376.9003906250	       -0.0547457847
RESIDUAL 	    10354.7998046875	       -0.0290097922
RESIDUAL 	    10399.4003906250	       -0.0518331444
RESIDUAL 	    10399.2998046875	       -0.3251773978
RESIDUAL 	    10399.4003906250	        0.0192470634
RESIDUAL 	    10399.4003906250	        0.0311069572
RESIDUAL 	    10399.2998046875	        0.0232024526
RESIDUAL 	    10399.4003906250	        0.1016669357
RESIDUAL 	    10399.5000000000	       -0.0078440743
RESIDUAL 	    10399.5000000000	        0.0380057258
RESIDUAL 	    10358.7001953125	        0.1160431161
RESIDUAL 	    10358.7001953125	       -0.0188264594
RESIDUAL 	    10358.7998046875	        0.0319522643
RESIDUAL 	    10330.2998046875	        0.0404038210
RESIDUAL 	    10330.2998046875	        0.0064239283
RESIDUAL 	    10330.2998046875	        0.0038440008
RESIDUAL 	    10330.4003906250	       -0.0577275350
RESIDUAL 	    10330.4003906250	        0.0402925418
RESIDUAL 	    10330.2998046875	       -0.0335262041
RESIDUAL 	    10330.4003906250	        0.0040724681
RESIDUAL 	    10330.4003906250	       -0.1383375718
RESIDUAL 	    10330.4003906250	       -0.0560674264
RESIDUAL 	    10330.4003906250	       -0.0364274575
RESIDUAL 	    10330.5000000000	        0.0227600514
RESIDUAL 	    10330.5996093750	       -0.0121617555
RESIDUAL 	    10330.5996093750	        0.0738782645
RESIDUAL 	    10358.7001953125	        0.0089230790
RESIDUAL 	    10358.7998046875	       -0.1272579408
RESIDUAL 	    10358.7998046875	        0.1402024054
RESIDUAL 	    10358.7998046875	       -0.0184079385
RESIDUAL 	    10358.7998046875	       -0.0215479112
RESIDUAL 	    10358.7998046875	        0.0897125029
RESIDUAL 	    10358.7998046875	       -0.0412379480
RESIDUAL 	    10358.7998046875	        0.0589622283
RESIDUAL 	    10358.7998046875	        0.0464624190
RESIDUAL 	    10358.9003906250	       -0.1098258494
RESIDUAL 	    10358.9003906250	        0.0491840840
RESIDUAL 	    10358.7998046875	       -0.0085178590
RESIDUAL 	    10358.7998046875	       -0.0322877145
RESIDUAL 	    10358.7998046875	        0.0653823638
RESIDUAL 	    10358.7998046875	       -0.2581878877
RESIDUAL 	    10359.0000000000	        0.0966341074
RESIDUAL 	    10359.0000000000	        0.1513340052
RESIDUAL 	    10359.0000000000	       -0.0806262914
RESIDUAL 	    10359.0000000000	       -0.0387762014
RESIDUAL 	    10359.0000000000	        0.0431539591
RESIDUAL 	    10359.0000000000	       -0.0765059416
RESIDUAL 	    10359.0000000000	        0.0668236788
RESIDUAL 	    10359.0000000000	        0.0284440096
RESIDUAL 	    10359.0000000000	       -0.0300763075
RESIDUAL 	    10359.0000000000	        0.0467741068
RESIDUAL 	    10359.0996093750	       -0.0176407331
RESIDUAL 	    10359.0996093750	        0.0705994136
RESIDUAL 	    10359.0000000000	       -0.0670659963
RESIDUAL 	    10359.0996093750	        0.0410593516
RESIDUAL 	    10359.0000000000	       -0.0249560301
RESIDUAL 	    10359.0000000000	        0.0531937655
RESIDUAL 	    10359.0996093750	       -0.0395103925
RESIDUAL 	    10359.0000000000	       -0.0581062261
RESIDUAL 	    10359.0996093750	       -0.0665904515
RESIDUAL 	    10359.0996093750	        0.0218795306
  
NORMRESID	    10380.9003906250	        0.1380542812
NORMRESID	    10348.5996093750	       -0.8519642647
NORMRESID	    10364.7001953125	       -0.0275046224
NORMRESID	    10344.7998046875	       -0.4250085876
NORMRESID	    10370.7001953125	       -1.0828195117
NORMRESID	    10376.9003906250	        1.2513045107
NORMRESID	    10354.9003906250	       -0.9557959021
NORMRESID	    10380.9003906250	        0.0843834568
NORMRESID	    10349.0000000000	        0.9559756679
NORMRESID	    10364.7998046875	        0.4194119599
NORMRESID	    10344.9003906250	        1.2864707889
NORMRESID	    10371.0996093750	        0.9162531329
NORMRESID	    10376.9003906250	        0.7482422287
NORMRESID	    10354.7998046875	        1.4594978329
NORMRESID	    10380.9003906250	        1.4199542468
NORMRESID	    10348.5996093750	       -0.4938550298
NORMRESID	    10364.7001953125	       -0.5926780879
NORMRESID	    10371.0000000000	        0.2978890726
NORMRESID	    10376.9003906250	       -0.7697144404
NORMRESID	    10354.7998046875	       -0.3177278475
NORMRESID	    10399.4003906250	       -0.7355234058
NORMRESID	    10399.2998046875	       -4.5083441457
NORMRESID	    10399.4003906250	        0.3402338484
NORMRESID	    10399.4003906250	        0.5448223438
NORMRESID	    10399.2998046875	        0.4163869159
NORMRESID	    10399.4003906250	        1.8069688613
NORMRESID	    10399.5000000000	       -0.1227105223
NORMRESID	    10399.5000000000	        0.5650728653
NORMRESID	    10358.7001953125	        0.6161199769
NORMRESID	    10358.7001953125	       -0.1925553124
NORMRESID	    10358.7998046875	        0.1885055945
NORMRESID	    10330.2998046875	        0.7216282787
NORMRESID	    10330.2998046875	        0.1153706188
NORMRESID	    10330.2998046875	        0.0688050569
NORMRESID	    10330.4003906250	       -0.9636819202
NORMRESID	    10330.4003906250	        0.4602126742
NORMRESID	    10330.2998046875	       -0.4076248446
NORMRESID	    10330.4003906250	        0.0647466629
NORMRESID	    10330.4003906250	       -1.2752592229
NORMRESID	    10330.4003906250	       -1.0366347397
NORMRESID	    10330.4003906250	       -0.6871718164
NORMRESID	    10330.5000000000	        0.4220936935
NORMRESID	    10330.5996093750	       -0.2280180947
NORMRESID	    10330.5996093750	        0.7595151058
NORMRESID	    10358.7001953125	        0.1054513081
NORMRESID	    10358.7998046875	       -1.5880206058
NORMRESID	    10358.7998046875	        0.9750158559
NORMRESID	    10358.7998046875	       -0.2509021573
NORMRESID	    10358.7998046875	       -0.2933476671
NORMRESID	    10358.7998046875	        1.1996152355
NORMRESID	    10358.7998046875	       -0.5524638753
NORMRESID	    10358.7998046875	        0.7978240505
NORMRESID	    10358.7998046875	        0.6306376966
NORMRESID	    10358.9003906250	       -0.9921302872
NORMRESID	    10358.9003906250	        0.5622387314
NORMRESID	    10358.7998046875	       -0.1119321733
NORMRESID	    10358.7998046875	       -0.2093030327
NORMRESID	    10358.7998046875	        0.8688351617
NORMRESID	    10358.7998046875	       -1.7913169646
NORMRESID	    10359.0000000000	        0.6928417754
NORMRESID	    10359.0000000000	        1.2277127196
NORMRESID	    10359.0000000000	       -0.8265378658
NORMRESID	    10359.0000000000	       -0.5098650007
NORMRESID	    10359.0000000000	        0.5886833237
NORMRESID	    10359.0000000000	       -0.9741376119
NORMRESID	    10359.0000000000	        0.6182054292
NORMRESID	    10359.0000000000	        0.2386382496
NORMRESID	    10359.0000000000	       -0.2934502955
NORMRESID	    10359.0000000000	        0.6344221500
NORMRESID	    10359.0996093750	       -0.2319623093
NORMRESID	    10359.0996093750	        0.9665684539
NORMRESID	    10359.0000000000	       -0.8649814950
NORMRESID	    10359.0996093750	        0.4095042213
NORMRESID	    10359.0000000000	       -0.2123032086
NORMRESID	    10359.0000000000	        0.4069415145
NORMRESID	    10359.0996093750	       -0.4560763250
NORMRESID	    10359.0000000000	       -0.5650267828
NORMRESID	    10359.0996093750	       -0.8960627243
NORMRESID	    10359.0996093750	        0.2951675622
  
FITTED PARAMETER	area =        77.2467147046 +/-         0.4875621945 MeV nb
FITTED PARAMETER	mass =     10357.9162060581 +/-         0.0720421994 MeV   
FITTED PARAMETER	wide =         4.6903650322 +/-         0.0236639773 MeV   
FITTED PARAMETER	back =         4.2931352617 +/-         0.0126403942 nb    
  
 **********
 **    7 **SHOW FCNVALUE
 **********

 FCN=   66.00388     FROM SAVe      STATUS=CONVERGED      0 CALLS      124 TOTAL
                     EDM=  0.12E-04    STRATEGY= 2      ERROR MATRIX ACCURATE 
  
 Assuming upsilon THREE(3)-S,           79 data points.
