  
 ****************************************************
 Assuming upsilon THREE(3)-S,           79 data points.
 ****************************************************
  
  MINUIT RELEASE 96.03  INITIALIZED.   DIMENSIONS 100/ 50  EPSMAC=  0.89E-15

 PARAMETER DEFINITIONS:
    NO.   NAME         VALUE      STEP SIZE      LIMITS
     1 'area      '    77.239       1.0000         50.000       300.00    
     2 'mass      '    10358.       1.0000         10325.       10403.    
     3 'wide      '    4.6910       1.0000        0.10000       8.0000    
     4 'back      '    4.2916       1.0000        0.00000E+00   8.0000    
 **********
 **    1 **SET STRATEGY   2.000    
 **********

 NOW USING STRATEGY  2: MAKE SURE MINIMUM TRUE, ERRORS CORRECT  

 **********
 **    2 **MINIMIZE  0.1000E+05  0.3000E-01
 **********

 FIRST CALL TO USER FUNCTION AT NEW START POINT, WITH IFLAG=4.
SAMPLE        77.2389619673     10357.9759316115         4.6910300462         4.2916222779
CHI2                                                                                             67.1670585903 /  75 =         0.8955607812
 START MIGRAD MINIMIZATION.  STRATEGY 2.  CONVERGENCE WHEN EDM .LT. 0.30E-04
SAMPLE        77.2389619673     10357.9759316115         4.6910300462         4.2916222779
CHI2                                                                                             67.1670585903 /  75 =         0.8955607812
SAMPLE        77.3390582578     10357.9759316115         4.6910300462         4.2916222779
CHI2                                                                                             67.1349825605 /  75 =         0.8951331008
SAMPLE        77.1390268425     10357.9759316115         4.6910300462         4.2916222779
CHI2                                                                                             67.4486137715 /  75 =         0.8993148503
SAMPLE        77.2755047216     10357.9759316115         4.6910300462         4.2916222779
CHI2                                                                                             67.1263583632 /  75 =         0.8950181115
SAMPLE        77.2024407152     10357.9759316115         4.6910300462         4.2916222779
CHI2                                                                                             67.2410435110 /  75 =         0.8965472468
SAMPLE        77.2389619673     10358.0759638440         4.6910300462         4.2916222779
CHI2                                                                                             68.8368728676 /  75 =         0.9178249716
SAMPLE        77.2389619673     10357.8759399628         4.6910300462         4.2916222779
CHI2                                                                                             69.2073904595 /  75 =         0.9227652061
SAMPLE        77.2389619673     10357.9859330196         4.6910300462         4.2916222779
CHI2                                                                                             67.1703099907 /  75 =         0.8956041332
SAMPLE        77.2389619673     10357.9659306092         4.6910300462         4.2916222779
CHI2                                                                                             67.2008518944 /  75 =         0.8960113586
SAMPLE        77.2389619673     10357.9759316115         4.7920323521         4.2916222779
CHI2                                                                                             95.6077760941 /  75 =         1.2747703479
SAMPLE        77.2389619673     10357.9759316115         4.5895953575         4.2916222779
CHI2                                                                                             93.2368136442 /  75 =         1.2431575153
SAMPLE        77.2389619673     10357.9759316115         4.7011508606         4.2916222779
CHI2                                                                                             67.6744848159 /  75 =         0.9023264642
SAMPLE        77.2389619673     10357.9759316115         4.6809049078         4.2916222779
CHI2                                                                                             67.2040549330 /  75 =         0.8960540658
SAMPLE        77.2389619673     10357.9759316115         4.6910300462         4.3926143410
CHI2                                                                                            179.1588724364 /  75 =         2.3887849658
SAMPLE        77.2389619673     10357.9759316115         4.6910300462         4.1904429465
CHI2                                                                                            184.7081142425 /  75 =         2.4627748566
SAMPLE        77.2389619673     10357.9759316115         4.6910300462         4.3017309824
CHI2                                                                                             68.0585241561 /  75 =         0.9074469887
SAMPLE        77.2389619673     10357.9759316115         4.6910300462         4.2815117006
CHI2                                                                                             68.5714062599 /  75 =         0.9142854168
SAMPLE        77.2397692235     10357.9759316115         4.6910300462         4.2916222779
CHI2                                                                                             67.1657993959 /  75 =         0.8955439919
SAMPLE        77.2381547216     10357.9759316115         4.6910300462         4.2916222779
CHI2                                                                                             67.1683340369 /  75 =         0.8955777872
SAMPLE        77.2389619673     10357.9761410935         4.6910300462         4.2916222779
CHI2                                                                                             67.1667548046 /  75 =         0.8955567307
SAMPLE        77.2389619673     10357.9757221296         4.6910300462         4.2916222779
CHI2                                                                                             67.1673786445 /  75 =         0.8955650486
SAMPLE        77.2389619673     10357.9759316115         4.6910853554         4.2916222779
CHI2                                                                                             67.1683661556 /  75 =         0.8955782154
SAMPLE        77.2389619673     10357.9759316115         4.6909747369         4.2916222779
CHI2                                                                                             67.1657672917 /  75 =         0.8955435639
SAMPLE        77.2389619673     10357.9759316115         4.6910300462         4.2916491762
CHI2                                                                                             67.1663849795 /  75 =         0.8955517997
SAMPLE        77.2389619673     10357.9759316115         4.6910300462         4.2915953796
CHI2                                                                                             67.1677484533 /  75 =         0.8955699794
SAMPLE        77.2755047216     10357.9859330196         4.6910300462         4.2916222779
CHI2                                                                                             67.1381195759 /  75 =         0.8951749277
SAMPLE        77.2755047216     10357.9759316115         4.7011508606         4.2916222779
CHI2                                                                                             67.5072313431 /  75 =         0.9000964179
SAMPLE        77.2389619673     10357.9859330196         4.7011508606         4.2916222779
CHI2                                                                                             67.6468642999 /  75 =         0.9019581907
SAMPLE        77.2755047216     10357.9759316115         4.6910300462         4.3017309824
CHI2                                                                                             68.1995770321 /  75 =         0.9093276938
SAMPLE        77.2389619673     10357.9859330196         4.6910300462         4.3017309824
CHI2                                                                                             68.1025187666 /  75 =         0.9080335836
SAMPLE        77.2389619673     10357.9759316115         4.7011508606         4.3017309824
CHI2                                                                                             67.9882451188 /  75 =         0.9065099349
 COVARIANCE MATRIX CALCULATED SUCCESSFULLY

 FCN=   67.16706     FROM HESSE     STATUS=OK            31 CALLS       32 TOTAL
                     EDM=  0.53E-01    STRATEGY= 2      ERROR MATRIX ACCURATE 

  EXT PARAMETER                                   STEP         FIRST   
  NO.   NAME        VALUE          ERROR          SIZE      DERIVATIVE 
   1     area       77.239        1.0346       0.46898E-03   -122.29    
   2     mass       10358.       0.75851E-01   0.25956E-03   -57.374    
   3     wide       4.6910       0.62020E-01   0.25972E-02    91.571    
   4     back       4.2916       0.13643E-01   0.25342E-02   -101.11    
SAMPLE        77.2670357962     10357.9760835897         4.6882154181         4.2914256667
CHI2                                                                                             67.1148145898 /  75 =         0.8948641945
SAMPLE        77.2681775103     10357.9760835897         4.6882154181         4.2914256667
CHI2                                                                                             67.1148377722 /  75 =         0.8948645036
SAMPLE        77.2658941030     10357.9760835897         4.6882154181         4.2914256667
CHI2                                                                                             67.1148239824 /  75 =         0.8948643198
SAMPLE        77.2670357962     10357.9763797287         4.6882154181         4.2914256667
CHI2                                                                                             67.1148401216 /  75 =         0.8948645350
SAMPLE        77.2670357962     10357.9757874510         4.6882154181         4.2914256667
CHI2                                                                                             67.1148212059 /  75 =         0.8948642827
SAMPLE        77.2670357962     10357.9760835897         4.6882936163         4.2914256667
CHI2                                                                                             67.1148233593 /  75 =         0.8948643115
SAMPLE        77.2670357962     10357.9760835897         4.6881372195         4.2914256667
CHI2                                                                                             67.1148384913 /  75 =         0.8948645132
SAMPLE        77.2670357962     10357.9760835897         4.6882154181         4.2914636923
CHI2                                                                                             67.1148331266 /  75 =         0.8948644417
SAMPLE        77.2670357962     10357.9760835897         4.6882154181         4.2913876412
CHI2                                                                                             67.1148285324 /  75 =         0.8948643804

 MIGRAD MINIMIZATION HAS CONVERGED.

 MIGRAD WILL VERIFY CONVERGENCE AND ERROR MATRIX.
SAMPLE        77.2670357962     10357.9760835897         4.6882154181         4.2914256667
CHI2                                                                                             67.1148145898 /  75 =         0.8948641945
SAMPLE        77.2681775103     10357.9760835897         4.6882154181         4.2914256667
CHI2                                                                                             67.1148377722 /  75 =         0.8948645036
SAMPLE        77.2658941030     10357.9760835897         4.6882154181         4.2914256667
CHI2                                                                                             67.1148239824 /  75 =         0.8948643198
SAMPLE        77.2670357962     10357.9763797287         4.6882154181         4.2914256667
CHI2                                                                                             67.1148401216 /  75 =         0.8948645350
SAMPLE        77.2670357962     10357.9757874510         4.6882154181         4.2914256667
CHI2                                                                                             67.1148212059 /  75 =         0.8948642827
SAMPLE        77.2670357962     10357.9760835897         4.6882936163         4.2914256667
CHI2                                                                                             67.1148233593 /  75 =         0.8948643115
SAMPLE        77.2670357962     10357.9760835897         4.6881372195         4.2914256667
CHI2                                                                                             67.1148384913 /  75 =         0.8948645132
SAMPLE        77.2670357962     10357.9760835897         4.6882154181         4.2914636923
CHI2                                                                                             67.1148331266 /  75 =         0.8948644417
SAMPLE        77.2670357962     10357.9760835897         4.6882154181         4.2913876412
CHI2                                                                                             67.1148285324 /  75 =         0.8948643804
SAMPLE        77.2672641373     10357.9760835897         4.6882154181         4.2914256667
CHI2                                                                                             67.1148166203 /  75 =         0.8948642216
SAMPLE        77.2668074559     10357.9760835897         4.6882154181         4.2914256667
CHI2                                                                                             67.1148138624 /  75 =         0.8948641848
SAMPLE        77.2670357962     10357.9761428175         4.6882154181         4.2914256667
CHI2                                                                                             67.1148171245 /  75 =         0.8948642283
SAMPLE        77.2670357962     10357.9760243619         4.6882154181         4.2914256667
CHI2                                                                                             67.1148133411 /  75 =         0.8948641779
SAMPLE        77.2670357962     10357.9760835897         4.6882310577         4.2914256667
CHI2                                                                                             67.1148137301 /  75 =         0.8948641831
SAMPLE        77.2670357962     10357.9760835897         4.6881997784         4.2914256667
CHI2                                                                                             67.1148167563 /  75 =         0.8948642234
SAMPLE        77.2670357962     10357.9760835897         4.6882154181         4.2914332719
CHI2                                                                                             67.1148156988 /  75 =         0.8948642093
SAMPLE        77.2670357962     10357.9760835897         4.6882154181         4.2914180616
CHI2                                                                                             67.1148147800 /  75 =         0.8948641971
SAMPLE        77.2681775103     10357.9763797287         4.6882154181         4.2914256667
CHI2                                                                                             67.1148713082 /  75 =         0.8948649508
SAMPLE        77.2681775103     10357.9760835897         4.6882936163         4.2914256667
CHI2                                                                                             67.1148157951 /  75 =         0.8948642106
SAMPLE        77.2670357962     10357.9763797287         4.6882936163         4.2914256667
CHI2                                                                                             67.1148417622 /  75 =         0.8948645568
SAMPLE        77.2681775103     10357.9760835897         4.6882154181         4.2914636923
CHI2                                                                                             67.1148776788 /  75 =         0.8948650357
SAMPLE        77.2670357962     10357.9763797287         4.6882154181         4.2914636923
CHI2                                                                                             67.1148632676 /  75 =         0.8948648436
SAMPLE        77.2670357962     10357.9760835897         4.6882936163         4.2914636923
CHI2                                                                                             67.1148250311 /  75 =         0.8948643337
 COVARIANCE MATRIX CALCULATED SUCCESSFULLY

 FCN=   67.11481     FROM MIGRAD    STATUS=CONVERGED     63 CALLS       64 TOTAL
                     EDM=  0.39E-05    STRATEGY= 2      ERROR MATRIX ACCURATE 

  EXT PARAMETER                                   STEP         FIRST   
  NO.   NAME        VALUE          ERROR          SIZE      DERIVATIVE 
   1     area       77.267        1.0578       0.14650E-04   0.47062    
   2     mass       10358.       0.76382E-01   0.76855E-05    1.2307    
   3     wide       4.6882       0.63335E-01   0.20061E-04  -0.37713    
   4     back       4.2914       0.13689E-01   0.95317E-05   0.24100    

 EXTERNAL ERROR MATRIX.    NDIM=  50    NPAR=  4    ERR DEF=  1.00    
  0.112E+01-0.103E-01 0.624E-01-0.857E-02
 -0.103E-01 0.583E-02-0.273E-03 0.498E-04
  0.624E-01-0.273E-03 0.401E-02-0.351E-03
 -0.857E-02 0.498E-04-0.351E-03 0.187E-03

 PARAMETER  CORRELATION COEFFICIENTS
       NO.  GLOBAL     1     2     3     4
        1  0.96358  1.000-0.127 0.932-0.592
        2  0.25465 -0.127 1.000-0.056 0.048
        3  0.95220  0.932-0.056 1.000-0.404
        4  0.72447 -0.592 0.048-0.404 1.000
 **********
 **    3 **SAVE
 **********
 CURRENT VALUES WILL BE SAVED ON UNIT  6: stdout                                                          

SET TITLE 
Kuraev-Fadin Fit with Goodies                     
PARAMETERS
     1'area      '  0.77267E+02  0.10578E+01  0.50000E+02  0.30000E+03
     2'mass      '  0.10358E+05  0.76382E-01  0.10325E+05  0.10403E+05
     3'wide      '  0.46882E+01  0.63335E-01  0.10000E+00  0.80000E+01
     4'back      '  0.42914E+01  0.13689E-01  0.00000E+00  0.80000E+01
 
SET COVARIANCE     4
 0.1843E-03-0.3418E-05 0.3930E-05 0.2056E-03-0.1814E-05 0.2640E-03-0.2756E-04
 0.3237E-06-0.2254E-04 0.1177E-04
    11 RECORDS WRITTEN TO UNIT   6:stdout                                       
 INCLUDING    3 RECORDS FOR THE COVARIANCE MATRIX.

 **********
 **    4 **SHOW CORRELATIONS
 **********

 PARAMETER  CORRELATION COEFFICIENTS
       NO.  GLOBAL     1     2     3     4
        1  0.96358  1.000-0.127 0.932-0.592
        2  0.25465 -0.127 1.000-0.056 0.048
        3  0.95220  0.932-0.056 1.000-0.404
        4  0.72447 -0.592 0.048-0.404 1.000
 **********
 **    5 **SHOW COVARIANCE
 **********

 EXTERNAL ERROR MATRIX.    NDIM=  50    NPAR=  4    ERR DEF=  1.00    
  0.112E+01-0.103E-01 0.624E-01-0.857E-02
 -0.103E-01 0.583E-02-0.273E-03 0.498E-04
  0.624E-01-0.273E-03 0.401E-02-0.351E-03
 -0.857E-02 0.498E-04-0.351E-03 0.187E-03

 PARAMETER  CORRELATION COEFFICIENTS
       NO.  GLOBAL     1     2     3     4
        1  0.96358  1.000-0.127 0.932-0.592
        2  0.25465 -0.127 1.000-0.056 0.048
        3  0.95220  0.932-0.056 1.000-0.404
        4  0.72447 -0.592 0.048-0.404 1.000
 **********
 **    6 **SHOW EIGENVALUES
 **********
 EIGENVALUES OF SECOND-DERIVATIVE MATRIX:
         0.4019E-01  0.6448E+00  0.9885E+00  0.2327E+01
  
LINESHAPE	    10322.0000000000	        3.9405968189
LINESHAPE	    10322.0780000000	        3.9405176640
LINESHAPE	    10322.1560000000	        3.9404385090
LINESHAPE	    10322.2340000000	        3.9403593540
LINESHAPE	    10322.3120000000	        3.9402801991
LINESHAPE	    10322.3900000000	        3.9402008057
LINESHAPE	    10322.4680000000	        3.9401216507
LINESHAPE	    10322.5460000000	        3.9400420189
LINESHAPE	    10322.6240000000	        3.9399626255
LINESHAPE	    10322.7020000000	        3.9398829937
LINESHAPE	    10322.7800000000	        3.9398033619
LINESHAPE	    10322.8580000000	        3.9397237301
LINESHAPE	    10322.9360000000	        3.9396440983
LINESHAPE	    10323.0140000000	        3.9395642281
LINESHAPE	    10323.0920000000	        3.9394843578
LINESHAPE	    10323.1700000000	        3.9394042492
LINESHAPE	    10323.2480000000	        3.9393243790
LINESHAPE	    10323.3260000000	        3.9392442703
LINESHAPE	    10323.4040000000	        3.9391641617
LINESHAPE	    10323.4820000000	        3.9390838146
LINESHAPE	    10323.5600000000	        3.9390034676
LINESHAPE	    10323.6380000000	        3.9389231205
LINESHAPE	    10323.7160000000	        3.9388427734
LINESHAPE	    10323.7940000000	        3.9387621880
LINESHAPE	    10323.8720000000	        3.9386816025
LINESHAPE	    10323.9500000000	        3.9386007786
LINESHAPE	    10324.0280000000	        3.9385201931
LINESHAPE	    10324.1060000000	        3.9384393692
LINESHAPE	    10324.1840000000	        3.9383583069
LINESHAPE	    10324.2620000000	        3.9382774830
LINESHAPE	    10324.3400000000	        3.9381964207
LINESHAPE	    10324.4180000000	        3.9381151199
LINESHAPE	    10324.4960000000	        3.9380340576
LINESHAPE	    10324.5740000000	        3.9379527569
LINESHAPE	    10324.6520000000	        3.9378714561
LINESHAPE	    10324.7300000000	        3.9377899170
LINESHAPE	    10324.8080000000	        3.9377083778
LINESHAPE	    10324.8860000000	        3.9376268387
LINESHAPE	    10324.9640000000	        3.9375450611
LINESHAPE	    10325.0420000000	        3.9374632835
LINESHAPE	    10325.1200000000	        3.9373815060
LINESHAPE	    10325.1980000000	        3.9372994900
LINESHAPE	    10325.2760000000	        3.9372174740
LINESHAPE	    10325.3540000000	        3.9371352196
LINESHAPE	    10325.4320000000	        3.9370532036
LINESHAPE	    10325.5100000000	        3.9369709492
LINESHAPE	    10325.5880000000	        3.9368884563
LINESHAPE	    10325.6660000000	        3.9368059635
LINESHAPE	    10325.7440000000	        3.9367234707
LINESHAPE	    10325.8220000000	        3.9366407394
LINESHAPE	    10325.9000000000	        3.9365580082
LINESHAPE	    10325.9780000000	        3.9364752769
LINESHAPE	    10326.0560000000	        3.9363923073
LINESHAPE	    10326.1340000000	        3.9363093376
LINESHAPE	    10326.2120000000	        3.9362263680
LINESHAPE	    10326.2900000000	        3.9361431599
LINESHAPE	    10326.3680000000	        3.9360597134
LINESHAPE	    10326.4460000000	        3.9359762669
LINESHAPE	    10326.5240000000	        3.9358928204
LINESHAPE	    10326.6020000000	        3.9358093739
LINESHAPE	    10326.6800000000	        3.9357256889
LINESHAPE	    10326.7580000000	        3.9356420040
LINESHAPE	    10326.8360000000	        3.9355580807
LINESHAPE	    10326.9140000000	        3.9354741573
LINESHAPE	    10326.9920000000	        3.9353899956
LINESHAPE	    10327.0700000000	        3.9353058338
LINESHAPE	    10327.1480000000	        3.9352214336
LINESHAPE	    10327.2260000000	        3.9351372719
LINESHAPE	    10327.3040000000	        3.9350526333
LINESHAPE	    10327.3820000000	        3.9349679947
LINESHAPE	    10327.4600000000	        3.9348833561
LINESHAPE	    10327.5380000000	        3.9347987175
LINESHAPE	    10327.6160000000	        3.9347136021
LINESHAPE	    10327.6940000000	        3.9346287251
LINESHAPE	    10327.7720000000	        3.9345436096
LINESHAPE	    10327.8500000000	        3.9344582558
LINESHAPE	    10327.9280000000	        3.9343729019
LINESHAPE	    10328.0060000000	        3.9342875481
LINESHAPE	    10328.0840000000	        3.9342019558
LINESHAPE	    10328.1620000000	        3.9341163635
LINESHAPE	    10328.2400000000	        3.9340305328
LINESHAPE	    10328.3180000000	        3.9339444637
LINESHAPE	    10328.3960000000	        3.9338586330
LINESHAPE	    10328.4740000000	        3.9337723255
LINESHAPE	    10328.5520000000	        3.9336860180
LINESHAPE	    10328.6300000000	        3.9335997105
LINESHAPE	    10328.7080000000	        3.9335131645
LINESHAPE	    10328.7860000000	        3.9334266186
LINESHAPE	    10328.8640000000	        3.9333398342
LINESHAPE	    10328.9420000000	        3.9332530499
LINESHAPE	    10329.0200000000	        3.9331660271
LINESHAPE	    10329.0980000000	        3.9330787659
LINESHAPE	    10329.1760000000	        3.9329915047
LINESHAPE	    10329.2540000000	        3.9329042435
LINESHAPE	    10329.3320000000	        3.9328167439
LINESHAPE	    10329.4100000000	        3.9327290058
LINESHAPE	    10329.4880000000	        3.9326412678
LINESHAPE	    10329.5660000000	        3.9325532913
LINESHAPE	    10329.6440000000	        3.9324653149
LINESHAPE	    10329.7220000000	        3.9323771000
LINESHAPE	    10329.8000000000	        3.9322886467
LINESHAPE	    10329.8780000000	        3.9322001934
LINESHAPE	    10329.9560000000	        3.9321117401
LINESHAPE	    10330.0340000000	        3.9320230484
LINESHAPE	    10330.1120000000	        3.9319341183
LINESHAPE	    10330.1899999999	        3.9318449497
LINESHAPE	    10330.2679999999	        3.9317557812
LINESHAPE	    10330.3459999999	        3.9316666126
LINESHAPE	    10330.4239999999	        3.9315769672
LINESHAPE	    10330.5019999999	        3.9314875603
LINESHAPE	    10330.5799999999	        3.9313976765
LINESHAPE	    10330.6579999999	        3.9313077927
LINESHAPE	    10330.7359999999	        3.9312176704
LINESHAPE	    10330.8139999999	        3.9311275482
LINESHAPE	    10330.8919999999	        3.9310371876
LINESHAPE	    10330.9699999999	        3.9309465885
LINESHAPE	    10331.0479999999	        3.9308559895
LINESHAPE	    10331.1259999999	        3.9307649136
LINESHAPE	    10331.2039999999	        3.9306740761
LINESHAPE	    10331.2819999999	        3.9305827618
LINESHAPE	    10331.3599999999	        3.9304914474
LINESHAPE	    10331.4379999999	        3.9303998947
LINESHAPE	    10331.5159999999	        3.9303083420
LINESHAPE	    10331.5939999999	        3.9302165508
LINESHAPE	    10331.6719999999	        3.9301245213
LINESHAPE	    10331.7499999999	        3.9300322533
LINESHAPE	    10331.8279999999	        3.9299397469
LINESHAPE	    10331.9059999999	        3.9298472404
LINESHAPE	    10331.9839999999	        3.9297544956
LINESHAPE	    10332.0619999999	        3.9296617508
LINESHAPE	    10332.1399999999	        3.9295685291
LINESHAPE	    10332.2179999999	        3.9294753075
LINESHAPE	    10332.2959999999	        3.9293818474
LINESHAPE	    10332.3739999999	        3.9292881489
LINESHAPE	    10332.4519999999	        3.9291944504
LINESHAPE	    10332.5299999999	        3.9291002750
LINESHAPE	    10332.6079999999	        3.9290060997
LINESHAPE	    10332.6859999999	        3.9289116859
LINESHAPE	    10332.7639999999	        3.9288170338
LINESHAPE	    10332.8419999999	        3.9287223816
LINESHAPE	    10332.9199999999	        3.9286272526
LINESHAPE	    10332.9979999999	        3.9285321236
LINESHAPE	    10333.0759999999	        3.9284365177
LINESHAPE	    10333.1539999999	        3.9283409119
LINESHAPE	    10333.2319999999	        3.9282450676
LINESHAPE	    10333.3099999999	        3.9281489849
LINESHAPE	    10333.3879999999	        3.9280529022
LINESHAPE	    10333.4659999999	        3.9279563427
LINESHAPE	    10333.5439999999	        3.9278595448
LINESHAPE	    10333.6219999999	        3.9277627468
LINESHAPE	    10333.6999999999	        3.9276654720
LINESHAPE	    10333.7779999999	        3.9275681973
LINESHAPE	    10333.8559999999	        3.9274706841
LINESHAPE	    10333.9339999999	        3.9273726940
LINESHAPE	    10334.0119999999	        3.9272747040
LINESHAPE	    10334.0899999999	        3.9271764755
LINESHAPE	    10334.1679999999	        3.9270777702
LINESHAPE	    10334.2459999999	        3.9269790649
LINESHAPE	    10334.3239999999	        3.9268801212
LINESHAPE	    10334.4019999999	        3.9267807007
LINESHAPE	    10334.4799999999	        3.9266812801
LINESHAPE	    10334.5579999999	        3.9265813828
LINESHAPE	    10334.6359999999	        3.9264814854
LINESHAPE	    10334.7139999999	        3.9263811111
LINESHAPE	    10334.7919999999	        3.9262804985
LINESHAPE	    10334.8699999999	        3.9261796474
LINESHAPE	    10334.9479999999	        3.9260785580
LINESHAPE	    10335.0259999999	        3.9259772301
LINESHAPE	    10335.1039999999	        3.9258756638
LINESHAPE	    10335.1819999999	        3.9257738590
LINESHAPE	    10335.2599999999	        3.9256715775
LINESHAPE	    10335.3379999999	        3.9255690575
LINESHAPE	    10335.4159999999	        3.9254662991
LINESHAPE	    10335.4939999999	        3.9253633022
LINESHAPE	    10335.5719999999	        3.9252600670
LINESHAPE	    10335.6499999999	        3.9251563549
LINESHAPE	    10335.7279999999	        3.9250524044
LINESHAPE	    10335.8059999999	        3.9249482155
LINESHAPE	    10335.8839999999	        3.9248435497
LINESHAPE	    10335.9619999999	        3.9247386456
LINESHAPE	    10336.0399999999	        3.9246335030
LINESHAPE	    10336.1179999999	        3.9245281219
LINESHAPE	    10336.1959999999	        3.9244222641
LINESHAPE	    10336.2739999999	        3.9243161678
LINESHAPE	    10336.3519999999	        3.9242095947
LINESHAPE	    10336.4299999999	        3.9241027832
LINESHAPE	    10336.5079999999	        3.9239957333
LINESHAPE	    10336.5859999999	        3.9238882065
LINESHAPE	    10336.6639999999	        3.9237802029
LINESHAPE	    10336.7419999999	        3.9236721992
LINESHAPE	    10336.8199999999	        3.9235634804
LINESHAPE	    10336.8979999999	        3.9234545231
LINESHAPE	    10336.9759999999	        3.9233453274
LINESHAPE	    10337.0539999999	        3.9232356548
LINESHAPE	    10337.1319999999	        3.9231257439
LINESHAPE	    10337.2099999999	        3.9230153561
LINESHAPE	    10337.2879999999	        3.9229044914
LINESHAPE	    10337.3659999999	        3.9227933884
LINESHAPE	    10337.4439999999	        3.9226818085
LINESHAPE	    10337.5219999999	        3.9225697517
LINESHAPE	    10337.5999999999	        3.9224574566
LINESHAPE	    10337.6779999999	        3.9223446846
LINESHAPE	    10337.7559999999	        3.9222314358
LINESHAPE	    10337.8339999999	        3.9221179485
LINESHAPE	    10337.9119999999	        3.9220037460
LINESHAPE	    10337.9899999999	        3.9218893051
LINESHAPE	    10338.0679999999	        3.9217746258
LINESHAPE	    10338.1459999999	        3.9216592312
LINESHAPE	    10338.2239999999	        3.9215435982
LINESHAPE	    10338.3019999999	        3.9214274883
LINESHAPE	    10338.3799999999	        3.9213111401
LINESHAPE	    10338.4579999999	        3.9211943150
LINESHAPE	    10338.5359999999	        3.9210770130
LINESHAPE	    10338.6139999999	        3.9209594727
LINESHAPE	    10338.6919999999	        3.9208416939
LINESHAPE	    10338.7699999999	        3.9207239151
LINESHAPE	    10338.8479999999	        3.9206061363
LINESHAPE	    10338.9259999999	        3.9204893112
LINESHAPE	    10339.0039999999	        3.9203739166
LINESHAPE	    10339.0819999999	        3.9202644825
LINESHAPE	    10339.1599999999	        3.9201803207
LINESHAPE	    10339.2379999999	        3.9205317497
LINESHAPE	    10339.3159999999	        3.9207732677
LINESHAPE	    10339.3939999999	        3.9207906723
LINESHAPE	    10339.4719999999	        3.9207830429
LINESHAPE	    10339.5499999999	        3.9207673073
LINESHAPE	    10339.6279999999	        3.9207527637
LINESHAPE	    10339.7059999999	        3.9207394123
LINESHAPE	    10339.7839999999	        3.9207298756
LINESHAPE	    10339.8619999999	        3.9207258224
LINESHAPE	    10339.9399999999	        3.9207255840
LINESHAPE	    10340.0179999999	        3.9207320213
LINESHAPE	    10340.0959999999	        3.9207456112
LINESHAPE	    10340.1739999999	        3.9207658768
LINESHAPE	    10340.2519999999	        3.9207944870
LINESHAPE	    10340.3299999999	        3.9208304882
LINESHAPE	    10340.4079999999	        3.9208760262
LINESHAPE	    10340.4859999999	        3.9209311008
LINESHAPE	    10340.5639999999	        3.9209966660
LINESHAPE	    10340.6419999999	        3.9210720062
LINESHAPE	    10340.7199999999	        3.9211592674
LINESHAPE	    10340.7979999999	        3.9212584496
LINESHAPE	    10340.8759999999	        3.9213705063
LINESHAPE	    10340.9539999999	        3.9214963913
LINESHAPE	    10341.0319999999	        3.9216356277
LINESHAPE	    10341.1099999999	        3.9217905998
LINESHAPE	    10341.1879999999	        3.9219608307
LINESHAPE	    10341.2659999999	        3.9221479893
LINESHAPE	    10341.3439999999	        3.9223527908
LINESHAPE	    10341.4219999999	        3.9225759506
LINESHAPE	    10341.4999999999	        3.9228186607
LINESHAPE	    10341.5779999999	        3.9230821133
LINESHAPE	    10341.6559999999	        3.9233663082
LINESHAPE	    10341.7339999999	        3.9236741066
LINESHAPE	    10341.8119999999	        3.9240047932
LINESHAPE	    10341.8899999999	        3.9243607521
LINESHAPE	    10341.9679999999	        3.9247434139
LINESHAPE	    10342.0459999999	        3.9251532555
LINESHAPE	    10342.1239999999	        3.9255919456
LINESHAPE	    10342.2019999999	        3.9260606766
LINESHAPE	    10342.2799999999	        3.9265613556
LINESHAPE	    10342.3579999999	        3.9270954132
LINESHAPE	    10342.4359999999	        3.9276642799
LINESHAPE	    10342.5139999999	        3.9282693863
LINESHAPE	    10342.5919999999	        3.9289121628
LINESHAPE	    10342.6699999999	        3.9295957088
LINESHAPE	    10342.7479999999	        3.9303207397
LINESHAPE	    10342.8259999999	        3.9310886860
LINESHAPE	    10342.9039999999	        3.9319031239
LINESHAPE	    10342.9819999999	        3.9327645302
LINESHAPE	    10343.0599999999	        3.9336760044
LINESHAPE	    10343.1379999999	        3.9346389771
LINESHAPE	    10343.2159999999	        3.9356563091
LINESHAPE	    10343.2939999999	        3.9367303848
LINESHAPE	    10343.3719999999	        3.9378628731
LINESHAPE	    10343.4499999999	        3.9390566349
LINESHAPE	    10343.5279999999	        3.9403142929
LINESHAPE	    10343.6059999999	        3.9416391850
LINESHAPE	    10343.6839999999	        3.9430327415
LINESHAPE	    10343.7619999999	        3.9444985390
LINESHAPE	    10343.8399999999	        3.9460391998
LINESHAPE	    10343.9179999999	        3.9476578236
LINESHAPE	    10343.9959999999	        3.9493577480
LINESHAPE	    10344.0739999999	        3.9511418343
LINESHAPE	    10344.1519999999	        3.9530134201
LINESHAPE	    10344.2299999999	        3.9549753666
LINESHAPE	    10344.3079999999	        3.9570322037
LINESHAPE	    10344.3859999999	        3.9591870308
LINESHAPE	    10344.4639999999	        3.9614431858
LINESHAPE	    10344.5419999999	        3.9638047218
LINESHAPE	    10344.6199999999	        3.9662749767
LINESHAPE	    10344.6979999999	        3.9688587189
LINESHAPE	    10344.7759999999	        3.9715592861
LINESHAPE	    10344.8539999999	        3.9743807316
LINESHAPE	    10344.9319999999	        3.9773280621
LINESHAPE	    10345.0099999999	        3.9804050922
LINESHAPE	    10345.0879999999	        3.9836158752
LINESHAPE	    10345.1659999999	        3.9869656563
LINESHAPE	    10345.2439999999	        3.9904582500
LINESHAPE	    10345.3219999999	        3.9940991402
LINESHAPE	    10345.3999999999	        3.9978926182
LINESHAPE	    10345.4779999999	        4.0018439293
LINESHAPE	    10345.5559999999	        4.0059576035
LINESHAPE	    10345.6339999999	        4.0102396011
LINESHAPE	    10345.7119999999	        4.0146942139
LINESHAPE	    10345.7899999999	        4.0193266869
LINESHAPE	    10345.8679999999	        4.0241432190
LINESHAPE	    10345.9459999999	        4.0291485786
LINESHAPE	    10346.0239999999	        4.0343484879
LINESHAPE	    10346.1019999999	        4.0397486687
LINESHAPE	    10346.1799999999	        4.0453543663
LINESHAPE	    10346.2579999999	        4.0511717796
LINESHAPE	    10346.3359999999	        4.0572066307
LINESHAPE	    10346.4139999998	        4.0634646416
LINESHAPE	    10346.4919999998	        4.0699520111
LINESHAPE	    10346.5699999998	        4.0766744614
LINESHAPE	    10346.6479999998	        4.0836386681
LINESHAPE	    10346.7259999998	        4.0908503532
LINESHAPE	    10346.8039999998	        4.0983152390
LINESHAPE	    10346.8819999998	        4.1060404778
LINESHAPE	    10346.9599999998	        4.1140317917
LINESHAPE	    10347.0379999998	        4.1222953796
LINESHAPE	    10347.1159999998	        4.1308379173
LINESHAPE	    10347.1939999998	        4.1396656036
LINESHAPE	    10347.2719999998	        4.1487846375
LINESHAPE	    10347.3499999998	        4.1582021713
LINESHAPE	    10347.4279999998	        4.1679234505
LINESHAPE	    10347.5059999998	        4.1779551506
LINESHAPE	    10347.5839999998	        4.1883039474
LINESHAPE	    10347.6619999998	        4.1989765167
LINESHAPE	    10347.7399999998	        4.2099781036
LINESHAPE	    10347.8179999998	        4.2213163376
LINESHAPE	    10347.8959999998	        4.2329959869
LINESHAPE	    10347.9739999998	        4.2450242043
LINESHAPE	    10348.0519999998	        4.2574071884
LINESHAPE	    10348.1299999998	        4.2701501846
LINESHAPE	    10348.2079999998	        4.2832598686
LINESHAPE	    10348.2859999998	        4.2967419624
LINESHAPE	    10348.3639999998	        4.3106017113
LINESHAPE	    10348.4419999998	        4.3248457909
LINESHAPE	    10348.5199999998	        4.3394789696
LINESHAPE	    10348.5979999998	        4.3545069695
LINESHAPE	    10348.6759999998	        4.3699355125
LINESHAPE	    10348.7539999998	        4.3857688904
LINESHAPE	    10348.8319999998	        4.4020128250
LINESHAPE	    10348.9099999998	        4.4186716080
LINESHAPE	    10348.9879999998	        4.4357504845
LINESHAPE	    10349.0659999998	        4.4532532692
LINESHAPE	    10349.1439999998	        4.4711842537
LINESHAPE	    10349.2219999998	        4.4895482063
LINESHAPE	    10349.2999999998	        4.5083479881
LINESHAPE	    10349.3779999998	        4.5275883675
LINESHAPE	    10349.4559999998	        4.5472712517
LINESHAPE	    10349.5339999998	        4.5674004555
LINESHAPE	    10349.6119999998	        4.5879788399
LINESHAPE	    10349.6899999998	        4.6090087891
LINESHAPE	    10349.7679999998	        4.6304922104
LINESHAPE	    10349.8459999998	        4.6524319649
LINESHAPE	    10349.9239999998	        4.6748285294
LINESHAPE	    10350.0019999998	        4.6976838112
LINESHAPE	    10350.0799999998	        4.7209987640
LINESHAPE	    10350.1579999998	        4.7447738647
LINESHAPE	    10350.2359999998	        4.7690091133
LINESHAPE	    10350.3139999998	        4.7937045097
LINESHAPE	    10350.3919999998	        4.8188600540
LINESHAPE	    10350.4699999998	        4.8444738388
LINESHAPE	    10350.5479999998	        4.8705453873
LINESHAPE	    10350.6259999998	        4.8970727921
LINESHAPE	    10350.7039999998	        4.9240536690
LINESHAPE	    10350.7819999998	        4.9514856339
LINESHAPE	    10350.8599999998	        4.9793658257
LINESHAPE	    10350.9379999998	        5.0076909065
LINESHAPE	    10351.0159999998	        5.0364565849
LINESHAPE	    10351.0939999998	        5.0656590462
LINESHAPE	    10351.1719999998	        5.0952925682
LINESHAPE	    10351.2499999998	        5.1253533363
LINESHAPE	    10351.3279999998	        5.1558341980
LINESHAPE	    10351.4059999998	        5.1867299080
LINESHAPE	    10351.4839999998	        5.2180328369
LINESHAPE	    10351.5619999998	        5.2497367859
LINESHAPE	    10351.6399999998	        5.2818331718
LINESHAPE	    10351.7179999998	        5.3143148422
LINESHAPE	    10351.7959999998	        5.3471717834
LINESHAPE	    10351.8739999998	        5.3803958893
LINESHAPE	    10351.9519999998	        5.4139771461
LINESHAPE	    10352.0299999998	        5.4479050636
LINESHAPE	    10352.1079999998	        5.4821691513
LINESHAPE	    10352.1859999998	        5.5167584419
LINESHAPE	    10352.2639999998	        5.5516610146
LINESHAPE	    10352.3419999998	        5.5868644714
LINESHAPE	    10352.4199999998	        5.6223564148
LINESHAPE	    10352.4979999998	        5.6581239700
LINESHAPE	    10352.5759999998	        5.6941523552
LINESHAPE	    10352.6539999998	        5.7304286957
LINESHAPE	    10352.7319999998	        5.7669377327
LINESHAPE	    10352.8099999998	        5.8036642075
LINESHAPE	    10352.8879999998	        5.8405928612
LINESHAPE	    10352.9659999998	        5.8777084351
LINESHAPE	    10353.0439999998	        5.9149928093
LINESHAPE	    10353.1219999998	        5.9524302483
LINESHAPE	    10353.1999999998	        5.9900035858
LINESHAPE	    10353.2779999998	        6.0276942253
LINESHAPE	    10353.3559999998	        6.0654845238
LINESHAPE	    10353.4339999998	        6.1033568382
LINESHAPE	    10353.5119999998	        6.1412906647
LINESHAPE	    10353.5899999998	        6.1792683601
LINESHAPE	    10353.6679999998	        6.2172694206
LINESHAPE	    10353.7459999998	        6.2552738190
LINESHAPE	    10353.8239999998	        6.2932620049
LINESHAPE	    10353.9019999998	        6.3312129974
LINESHAPE	    10353.9799999998	        6.3691062927
LINESHAPE	    10354.0579999998	        6.4069209099
LINESHAPE	    10354.1359999998	        6.4446353912
LINESHAPE	    10354.2139999998	        6.4822287560
LINESHAPE	    10354.2919999998	        6.5196785927
LINESHAPE	    10354.3699999998	        6.5569639206
LINESHAPE	    10354.4479999998	        6.5940618515
LINESHAPE	    10354.5259999998	        6.6309504509
LINESHAPE	    10354.6039999998	        6.6676082611
LINESHAPE	    10354.6819999998	        6.7040123940
LINESHAPE	    10354.7599999998	        6.7401399612
LINESHAPE	    10354.8379999998	        6.7759695053
LINESHAPE	    10354.9159999998	        6.8114776611
LINESHAPE	    10354.9939999998	        6.8466429710
LINESHAPE	    10355.0719999998	        6.8814420700
LINESHAPE	    10355.1499999998	        6.9158539772
LINESHAPE	    10355.2279999998	        6.9498548508
LINESHAPE	    10355.3059999998	        6.9834232330
LINESHAPE	    10355.3839999998	        7.0165371895
LINESHAPE	    10355.4619999998	        7.0491747856
LINESHAPE	    10355.5399999998	        7.0813145638
LINESHAPE	    10355.6179999998	        7.1129341125
LINESHAPE	    10355.6959999998	        7.1440138817
LINESHAPE	    10355.7739999998	        7.1745314598
LINESHAPE	    10355.8519999998	        7.2044663429
LINESHAPE	    10355.9299999998	        7.2337985039
LINESHAPE	    10356.0079999998	        7.2625079155
LINESHAPE	    10356.0859999998	        7.2905745506
LINESHAPE	    10356.1639999998	        7.3179793358
LINESHAPE	    10356.2419999998	        7.3447036743
LINESHAPE	    10356.3199999998	        7.3707280159
LINESHAPE	    10356.3979999998	        7.3960361481
LINESHAPE	    10356.4759999998	        7.4206085205
LINESHAPE	    10356.5539999998	        7.4444289207
LINESHAPE	    10356.6319999998	        7.4674811363
LINESHAPE	    10356.7099999998	        7.4897484779
LINESHAPE	    10356.7879999998	        7.5112156868
LINESHAPE	    10356.8659999998	        7.5318679810
LINESHAPE	    10356.9439999998	        7.5516915321
LINESHAPE	    10357.0219999998	        7.5706720352
LINESHAPE	    10357.0999999998	        7.5887966156
LINESHAPE	    10357.1779999998	        7.6060523987
LINESHAPE	    10357.2559999998	        7.6224284172
LINESHAPE	    10357.3339999998	        7.6379132271
LINESHAPE	    10357.4119999998	        7.6524968147
LINESHAPE	    10357.4899999998	        7.6661691666
LINESHAPE	    10357.5679999998	        7.6789207458
LINESHAPE	    10357.6459999998	        7.6907444000
LINESHAPE	    10357.7239999998	        7.7016320229
LINESHAPE	    10357.8019999998	        7.7115769386
LINESHAPE	    10357.8799999998	        7.7205734253
LINESHAPE	    10357.9579999998	        7.7286152840
LINESHAPE	    10358.0359999998	        7.7356991768
LINESHAPE	    10358.1139999998	        7.7418212891
LINESHAPE	    10358.1919999998	        7.7469778061
LINESHAPE	    10358.2699999998	        7.7511672974
LINESHAPE	    10358.3479999998	        7.7543878555
LINESHAPE	    10358.4259999998	        7.7566399574
LINESHAPE	    10358.5039999998	        7.7579221725
LINESHAPE	    10358.5819999998	        7.7582368851
LINESHAPE	    10358.6599999998	        7.7575850487
LINESHAPE	    10358.7379999998	        7.7559695244
LINESHAPE	    10358.8159999998	        7.7533936501
LINESHAPE	    10358.8939999998	        7.7498607635
LINESHAPE	    10358.9719999998	        7.7453765869
LINESHAPE	    10359.0499999998	        7.7399463654
LINESHAPE	    10359.1279999998	        7.7335758209
LINESHAPE	    10359.2059999998	        7.7262725830
LINESHAPE	    10359.2839999998	        7.7180442810
LINESHAPE	    10359.3619999998	        7.7088994980
LINESHAPE	    10359.4399999998	        7.6988468170
LINESHAPE	    10359.5179999998	        7.6878967285
LINESHAPE	    10359.5959999998	        7.6760592461
LINESHAPE	    10359.6739999998	        7.6633458138
LINESHAPE	    10359.7519999998	        7.6497683525
LINESHAPE	    10359.8299999998	        7.6353387833
LINESHAPE	    10359.9079999998	        7.6200704575
LINESHAPE	    10359.9859999998	        7.6039767265
LINESHAPE	    10360.0639999998	        7.5870718956
LINESHAPE	    10360.1419999998	        7.5693707466
LINESHAPE	    10360.2199999998	        7.5508885384
LINESHAPE	    10360.2979999998	        7.5316410065
LINESHAPE	    10360.3759999998	        7.5116443634
LINESHAPE	    10360.4539999998	        7.4909152985
LINESHAPE	    10360.5319999998	        7.4694714546
LINESHAPE	    10360.6099999998	        7.4473295212
LINESHAPE	    10360.6879999998	        7.4245085716
LINESHAPE	    10360.7659999998	        7.4010257721
LINESHAPE	    10360.8439999998	        7.3769001961
LINESHAPE	    10360.9219999998	        7.3521518707
LINESHAPE	    10360.9999999998	        7.3267989159
LINESHAPE	    10361.0779999998	        7.3008618355
LINESHAPE	    10361.1559999998	        7.2743597031
LINESHAPE	    10361.2339999998	        7.2473130226
LINESHAPE	    10361.3119999998	        7.2197427750
LINESHAPE	    10361.3899999998	        7.1916680336
LINESHAPE	    10361.4679999998	        7.1631112099
LINESHAPE	    10361.5459999998	        7.1340918541
LINESHAPE	    10361.6239999998	        7.1046314240
LINESHAPE	    10361.7019999998	        7.0747509003
LINESHAPE	    10361.7799999998	        7.0444707870
LINESHAPE	    10361.8579999998	        7.0138134956
LINESHAPE	    10361.9359999998	        6.9827990532
LINESHAPE	    10362.0139999998	        6.9514493942
LINESHAPE	    10362.0919999998	        6.9197850227
LINESHAPE	    10362.1699999998	        6.8878269196
LINESHAPE	    10362.2479999998	        6.8555965424
LINESHAPE	    10362.3259999998	        6.8231148720
LINESHAPE	    10362.4039999998	        6.7904028893
LINESHAPE	    10362.4819999998	        6.7574801445
LINESHAPE	    10362.5599999998	        6.7243680954
LINESHAPE	    10362.6379999997	        6.6910872459
LINESHAPE	    10362.7159999997	        6.6576571465
LINESHAPE	    10362.7939999997	        6.6240978241
LINESHAPE	    10362.8719999997	        6.5904293060
LINESHAPE	    10362.9499999997	        6.5566711426
LINESHAPE	    10363.0279999997	        6.5228419304
LINESHAPE	    10363.1059999997	        6.4889607430
LINESHAPE	    10363.1839999997	        6.4550466537
LINESHAPE	    10363.2619999997	        6.4211173058
LINESHAPE	    10363.3399999997	        6.3871912956
LINESHAPE	    10363.4179999997	        6.3532862663
LINESHAPE	    10363.4959999997	        6.3194193840
LINESHAPE	    10363.5739999997	        6.2856073380
LINESHAPE	    10363.6519999997	        6.2518668175
LINESHAPE	    10363.7299999997	        6.2182145119
LINESHAPE	    10363.8079999997	        6.1846656799
LINESHAPE	    10363.8859999997	        6.1512351036
LINESHAPE	    10363.9639999997	        6.1179389954
LINESHAPE	    10364.0419999997	        6.0847916603
LINESHAPE	    10364.1199999997	        6.0518069267
LINESHAPE	    10364.1979999997	        6.0189986229
LINESHAPE	    10364.2759999997	        5.9863801003
LINESHAPE	    10364.3539999997	        5.9539642334
LINESHAPE	    10364.4319999997	        5.9217629433
LINESHAPE	    10364.5099999997	        5.8897881508
LINESHAPE	    10364.5879999997	        5.8580527306
LINESHAPE	    10364.6659999997	        5.8265662193
LINESHAPE	    10364.7439999997	        5.7953395844
LINESHAPE	    10364.8219999997	        5.7643833160
LINESHAPE	    10364.8999999997	        5.7337069511
LINESHAPE	    10364.9779999997	        5.7033190727
LINESHAPE	    10365.0559999997	        5.6732296944
LINESHAPE	    10365.1339999997	        5.6434464455
LINESHAPE	    10365.2119999997	        5.6139769554
LINESHAPE	    10365.2899999997	        5.5848288536
LINESHAPE	    10365.3679999997	        5.5560092926
LINESHAPE	    10365.4459999997	        5.5275249481
LINESHAPE	    10365.5239999997	        5.4993810654
LINESHAPE	    10365.6019999997	        5.4715847969
LINESHAPE	    10365.6799999997	        5.4441399574
LINESHAPE	    10365.7579999997	        5.4170522690
LINESHAPE	    10365.8359999997	        5.3903255463
LINESHAPE	    10365.9139999997	        5.3639640808
LINESHAPE	    10365.9919999997	        5.3379716873
LINESHAPE	    10366.0699999997	        5.3123517036
LINESHAPE	    10366.1479999997	        5.2871060371
LINESHAPE	    10366.2259999997	        5.2622380257
LINESHAPE	    10366.3039999997	        5.2377500534
LINESHAPE	    10366.3819999997	        5.2136425972
LINESHAPE	    10366.4599999997	        5.1899180412
LINESHAPE	    10366.5379999997	        5.1665773392
LINESHAPE	    10366.6159999997	        5.1436204910
LINESHAPE	    10366.6939999997	        5.1210484505
LINESHAPE	    10366.7719999997	        5.0988616943
LINESHAPE	    10366.8499999997	        5.0770587921
LINESHAPE	    10366.9279999997	        5.0556402206
LINESHAPE	    10367.0059999997	        5.0346045494
LINESHAPE	    10367.0839999997	        5.0139513016
LINESHAPE	    10367.1619999997	        4.9936785698
LINESHAPE	    10367.2399999997	        4.9737844467
LINESHAPE	    10367.3179999997	        4.9542679787
LINESHAPE	    10367.3959999997	        4.9351263046
LINESHAPE	    10367.4739999997	        4.9163570404
LINESHAPE	    10367.5519999997	        4.8979582787
LINESHAPE	    10367.6299999997	        4.8799266815
LINESHAPE	    10367.7079999997	        4.8622593880
LINESHAPE	    10367.7859999997	        4.8449530602
LINESHAPE	    10367.8639999997	        4.8280053139
LINESHAPE	    10367.9419999997	        4.8114109039
LINESHAPE	    10368.0199999997	        4.7951679230
LINESHAPE	    10368.0979999997	        4.7792716026
LINESHAPE	    10368.1759999997	        4.7637181282
LINESHAPE	    10368.2539999997	        4.7485036850
LINESHAPE	    10368.3319999997	        4.7336235046
LINESHAPE	    10368.4099999997	        4.7190737724
LINESHAPE	    10368.4879999997	        4.7048497200
LINESHAPE	    10368.5659999997	        4.6909470558
LINESHAPE	    10368.6439999997	        4.6773614883
LINESHAPE	    10368.7219999997	        4.6640872955
LINESHAPE	    10368.7999999997	        4.6511211395
LINESHAPE	    10368.8779999997	        4.6384568214
LINESHAPE	    10368.9559999997	        4.6260905266
LINESHAPE	    10369.0339999997	        4.6140165329
LINESHAPE	    10369.1119999997	        4.6022295952
LINESHAPE	    10369.1899999997	        4.5907258987
LINESHAPE	    10369.2679999997	        4.5794997215
LINESHAPE	    10369.3459999997	        4.5685462952
LINESHAPE	    10369.4239999997	        4.5578598976
LINESHAPE	    10369.5019999997	        4.5474357605
LINESHAPE	    10369.5799999997	        4.5372691154
LINESHAPE	    10369.6579999997	        4.5273542404
LINESHAPE	    10369.7359999997	        4.5176868439
LINESHAPE	    10369.8139999997	        4.5082607269
LINESHAPE	    10369.8919999997	        4.4990720749
LINESHAPE	    10369.9699999997	        4.4901151657
LINESHAPE	    10370.0479999997	        4.4813852310
LINESHAPE	    10370.1259999997	        4.4728770256
LINESHAPE	    10370.2039999997	        4.4645857811
LINESHAPE	    10370.2819999997	        4.4565062523
LINESHAPE	    10370.3599999997	        4.4486341476
LINESHAPE	    10370.4379999997	        4.4409642220
LINESHAPE	    10370.5159999997	        4.4334917068
LINESHAPE	    10370.5939999997	        4.4262123108
LINESHAPE	    10370.6719999997	        4.4191207886
LINESHAPE	    10370.7499999997	        4.4122128487
LINESHAPE	    10370.8279999997	        4.4054837227
LINESHAPE	    10370.9059999997	        4.3989291191
LINESHAPE	    10370.9839999997	        4.3925447464
LINESHAPE	    10371.0619999997	        4.3863258362
LINESHAPE	    10371.1399999997	        4.3802685738
LINESHAPE	    10371.2179999997	        4.3743681908
LINESHAPE	    10371.2959999997	        4.3686208725
LINESHAPE	    10371.3739999997	        4.3630218506
LINESHAPE	    10371.4519999997	        4.3575682640
LINESHAPE	    10371.5299999997	        4.3522553444
LINESHAPE	    10371.6079999997	        4.3470797539
LINESHAPE	    10371.6859999997	        4.3420367241
LINESHAPE	    10371.7639999997	        4.3371238708
LINESHAPE	    10371.8419999997	        4.3323364258
LINESHAPE	    10371.9199999997	        4.3276715279
LINESHAPE	    10371.9979999997	        4.3231248856
LINESHAPE	    10372.0759999997	        4.3186941147
LINESHAPE	    10372.1539999997	        4.3143749237
LINESHAPE	    10372.2319999997	        4.3101649284
LINESHAPE	    10372.3099999997	        4.3060598373
LINESHAPE	    10372.3879999997	        4.3020577431
LINESHAPE	    10372.4659999997	        4.2981543541
LINESHAPE	    10372.5439999997	        4.2943477631
LINESHAPE	    10372.6219999997	        4.2906346321
LINESHAPE	    10372.6999999997	        4.2870121002
LINESHAPE	    10372.7779999997	        4.2834773064
LINESHAPE	    10372.8559999997	        4.2800278664
LINESHAPE	    10372.9339999997	        4.2766604424
LINESHAPE	    10373.0119999997	        4.2733736038
LINESHAPE	    10373.0899999997	        4.2701640129
LINESHAPE	    10373.1679999997	        4.2670297623
LINESHAPE	    10373.2459999997	        4.2639684677
LINESHAPE	    10373.3239999997	        4.2609772682
LINESHAPE	    10373.4019999997	        4.2580547333
LINESHAPE	    10373.4799999997	        4.2551984787
LINESHAPE	    10373.5579999997	        4.2524056435
LINESHAPE	    10373.6359999997	        4.2496752739
LINESHAPE	    10373.7139999997	        4.2470049858
LINESHAPE	    10373.7919999997	        4.2443923950
LINESHAPE	    10373.8699999997	        4.2418370247
LINESHAPE	    10373.9479999997	        4.2393355370
LINESHAPE	    10374.0259999997	        4.2368869781
LINESHAPE	    10374.1039999997	        4.2344894409
LINESHAPE	    10374.1819999997	        4.2321414948
LINESHAPE	    10374.2599999997	        4.2298417091
LINESHAPE	    10374.3379999997	        4.2275881767
LINESHAPE	    10374.4159999997	        4.2253794670
LINESHAPE	    10374.4939999997	        4.2232141495
LINESHAPE	    10374.5719999997	        4.2210912704
LINESHAPE	    10374.6499999997	        4.2190089226
LINESHAPE	    10374.7279999997	        4.2169656754
LINESHAPE	    10374.8059999997	        4.2149610519
LINESHAPE	    10374.8839999997	        4.2129936218
LINESHAPE	    10374.9619999997	        4.2110614777
LINESHAPE	    10375.0399999997	        4.2091641426
LINESHAPE	    10375.1179999997	        4.2073006630
LINESHAPE	    10375.1959999997	        4.2054700851
LINESHAPE	    10375.2739999997	        4.2036705017
LINESHAPE	    10375.3519999997	        4.2019019127
LINESHAPE	    10375.4299999997	        4.2001624107
LINESHAPE	    10375.5079999997	        4.1984519958
LINESHAPE	    10375.5859999997	        4.1967692375
LINESHAPE	    10375.6639999997	        4.1951136589
LINESHAPE	    10375.7419999997	        4.1934843063
LINESHAPE	    10375.8199999997	        4.1918802261
LINESHAPE	    10375.8979999997	        4.1903009415
LINESHAPE	    10375.9759999997	        4.1887450218
LINESHAPE	    10376.0539999997	        4.1872124672
LINESHAPE	    10376.1319999997	        4.1857023239
LINESHAPE	    10376.2099999997	        4.1842141151
LINESHAPE	    10376.2879999997	        4.1827464104
LINESHAPE	    10376.3659999997	        4.1812987328
LINESHAPE	    10376.4439999997	        4.1798706055
LINESHAPE	    10376.5219999997	        4.1784596443
LINESHAPE	    10376.5999999997	        4.1770606041
LINESHAPE	    10376.6779999997	        4.1756482124
LINESHAPE	    10376.7559999997	        4.1737551689
LINESHAPE	    10376.8339999997	        4.1722517014
LINESHAPE	    10376.9119999997	        4.1709208488
LINESHAPE	    10376.9899999997	        4.1696329117
LINESHAPE	    10377.0679999997	        4.1683702469
LINESHAPE	    10377.1459999997	        4.1671299934
LINESHAPE	    10377.2239999997	        4.1659064293
LINESHAPE	    10377.3019999997	        4.1646981239
LINESHAPE	    10377.3799999997	        4.1635050774
LINESHAPE	    10377.4579999997	        4.1623244286
LINESHAPE	    10377.5359999997	        4.1611576080
LINESHAPE	    10377.6139999997	        4.1600041389
LINESHAPE	    10377.6919999997	        4.1588621140
LINESHAPE	    10377.7699999997	        4.1577310562
LINESHAPE	    10377.8479999997	        4.1566119194
LINESHAPE	    10377.9259999997	        4.1555037498
LINESHAPE	    10378.0039999997	        4.1544070244
LINESHAPE	    10378.0819999997	        4.1533203125
LINESHAPE	    10378.1599999997	        4.1522440910
LINESHAPE	    10378.2379999997	        4.1511769295
LINESHAPE	    10378.3159999997	        4.1501212120
LINESHAPE	    10378.3939999997	        4.1490740776
LINESHAPE	    10378.4719999997	        4.1480364799
LINESHAPE	    10378.5499999997	        4.1470084190
LINESHAPE	    10378.6279999997	        4.1459889412
LINESHAPE	    10378.7059999997	        4.1449790001
LINESHAPE	    10378.7839999997	        4.1439776421
LINESHAPE	    10378.8619999996	        4.1429848671
LINESHAPE	    10378.9399999996	        4.1420006752
LINESHAPE	    10379.0179999996	        4.1410241127
LINESHAPE	    10379.0959999996	        4.1400570869
LINESHAPE	    10379.1739999996	        4.1390972137
LINESHAPE	    10379.2519999996	        4.1381449699
LINESHAPE	    10379.3299999996	        4.1372017860
LINESHAPE	    10379.4079999996	        4.1362657547
LINESHAPE	    10379.4859999996	        4.1353368759
LINESHAPE	    10379.5639999996	        4.1344156265
LINESHAPE	    10379.6419999996	        4.1335015297
LINESHAPE	    10379.7199999996	        4.1325955391
LINESHAPE	    10379.7979999996	        4.1316957474
LINESHAPE	    10379.8759999996	        4.1308031082
LINESHAPE	    10379.9539999996	        4.1299176216
LINESHAPE	    10380.0319999996	        4.1290392876
LINESHAPE	    10380.1099999996	        4.1281671524
LINESHAPE	    10380.1879999996	        4.1273021698
LINESHAPE	    10380.2659999996	        4.1264433861
LINESHAPE	    10380.3439999996	        4.1255908012
LINESHAPE	    10380.4219999996	        4.1247453690
LINESHAPE	    10380.4999999996	        4.1239051819
LINESHAPE	    10380.5779999996	        4.1230721474
LINESHAPE	    10380.6559999996	        4.1222443581
LINESHAPE	    10380.7339999996	        4.1214232445
LINESHAPE	    10380.8119999996	        4.1206078529
LINESHAPE	    10380.8899999996	        4.1197981834
LINESHAPE	    10380.9679999996	        4.1189942360
LINESHAPE	    10381.0459999996	        4.1181964874
LINESHAPE	    10381.1239999996	        4.1174044609
LINESHAPE	    10381.2019999996	        4.1166172028
LINESHAPE	    10381.2799999996	        4.1158361435
LINESHAPE	    10381.3579999996	        4.1150603294
LINESHAPE	    10381.4359999996	        4.1142897606
LINESHAPE	    10381.5139999996	        4.1135244370
LINESHAPE	    10381.5919999996	        4.1127643585
LINESHAPE	    10381.6699999996	        4.1120095253
LINESHAPE	    10381.7479999996	        4.1112599373
LINESHAPE	    10381.8259999996	        4.1105151176
LINESHAPE	    10381.9039999996	        4.1097750664
LINESHAPE	    10381.9819999996	        4.1090402603
LINESHAPE	    10382.0599999996	        4.1083111763
LINESHAPE	    10382.1379999996	        4.1075854301
LINESHAPE	    10382.2159999996	        4.1068649292
LINESHAPE	    10382.2939999996	        4.1061496735
LINESHAPE	    10382.3719999996	        4.1054382324
LINESHAPE	    10382.4499999996	        4.1047320366
LINESHAPE	    10382.5279999996	        4.1040301323
LINESHAPE	    10382.6059999996	        4.1033325195
LINESHAPE	    10382.6839999996	        4.1026396751
LINESHAPE	    10382.7619999996	        4.1019511223
LINESHAPE	    10382.8399999996	        4.1012668610
LINESHAPE	    10382.9179999996	        4.1005868912
LINESHAPE	    10382.9959999996	        4.0999112129
LINESHAPE	    10383.0739999996	        4.0992393494
LINESHAPE	    10383.1519999996	        4.0985722542
LINESHAPE	    10383.2299999996	        4.0979084969
LINESHAPE	    10383.3079999996	        4.0972495079
LINESHAPE	    10383.3859999996	        4.0965943336
LINESHAPE	    10383.4639999996	        4.0959429741
LINESHAPE	    10383.5419999996	        4.0952959061
LINESHAPE	    10383.6199999996	        4.0946521759
LINESHAPE	    10383.6979999996	        4.0940122604
LINESHAPE	    10383.7759999996	        4.0933766365
LINESHAPE	    10383.8539999996	        4.0927448273
LINESHAPE	    10383.9319999996	        4.0921163559
LINESHAPE	    10384.0099999996	        4.0914912224
LINESHAPE	    10384.0879999996	        4.0908703804
LINESHAPE	    10384.1659999996	        4.0902533531
LINESHAPE	    10384.2439999996	        4.0896391869
LINESHAPE	    10384.3219999996	        4.0890288353
LINESHAPE	    10384.3999999996	        4.0884222984
LINESHAPE	    10384.4779999996	        4.0878190994
LINESHAPE	    10384.5559999996	        4.0872187614
LINESHAPE	    10384.6339999996	        4.0866222382
LINESHAPE	    10384.7119999996	        4.0860290527
LINESHAPE	    10384.7899999996	        4.0854392052
LINESHAPE	    10384.8679999996	        4.0848526955
LINESHAPE	    10384.9459999996	        4.0842695236
LINESHAPE	    10385.0239999996	        4.0836892128
LINESHAPE	    10385.1019999996	        4.0831122398
LINESHAPE	    10385.1799999996	        4.0825386047
LINESHAPE	    10385.2579999996	        4.0819683075
LINESHAPE	    10385.3359999996	        4.0814008713
LINESHAPE	    10385.4139999996	        4.0808362961
LINESHAPE	    10385.4919999996	        4.0802750587
LINESHAPE	    10385.5699999996	        4.0797171593
LINESHAPE	    10385.6479999996	        4.0791621208
LINESHAPE	    10385.7259999996	        4.0786094666
LINESHAPE	    10385.8039999996	        4.0780601501
LINESHAPE	    10385.8819999996	        4.0775136948
LINESHAPE	    10385.9599999996	        4.0769701004
LINESHAPE	    10386.0379999996	        4.0764288902
LINESHAPE	    10386.1159999996	        4.0758914948
LINESHAPE	    10386.1939999996	        4.0753564835
LINESHAPE	    10386.2719999996	        4.0748238564
LINESHAPE	    10386.3499999996	        4.0742940903
LINESHAPE	    10386.4279999996	        4.0737671852
LINESHAPE	    10386.5059999996	        4.0732436180
LINESHAPE	    10386.5839999996	        4.0727219582
LINESHAPE	    10386.6619999996	        4.0722026825
LINESHAPE	    10386.7399999996	        4.0716867447
LINESHAPE	    10386.8179999996	        4.0711731911
LINESHAPE	    10386.8959999996	        4.0706620216
LINESHAPE	    10386.9739999996	        4.0701532364
LINESHAPE	    10387.0519999996	        4.0696477890
LINESHAPE	    10387.1299999996	        4.0691442490
LINESHAPE	    10387.2079999996	        4.0686430931
LINESHAPE	    10387.2859999996	        4.0681447983
LINESHAPE	    10387.3639999996	        4.0676488876
LINESHAPE	    10387.4419999996	        4.0671548843
LINESHAPE	    10387.5199999996	        4.0666642189
LINESHAPE	    10387.5979999996	        4.0661749840
LINESHAPE	    10387.6759999996	        4.0656886101
LINESHAPE	    10387.7539999996	        4.0652046204
LINESHAPE	    10387.8319999996	        4.0647225380
LINESHAPE	    10387.9099999996	        4.0642433167
LINESHAPE	    10387.9879999996	        4.0637660027
LINESHAPE	    10388.0659999996	        4.0632910728
LINESHAPE	    10388.1439999996	        4.0628185272
LINESHAPE	    10388.2219999996	        4.0623474121
LINESHAPE	    10388.2999999996	        4.0618796349
LINESHAPE	    10388.3779999996	        4.0614132881
LINESHAPE	    10388.4559999996	        4.0609493256
LINESHAPE	    10388.5339999996	        4.0604877472
LINESHAPE	    10388.6119999996	        4.0600280762
LINESHAPE	    10388.6899999996	        4.0595703125
LINESHAPE	    10388.7679999996	        4.0591149330
LINESHAPE	    10388.8459999996	        4.0586614609
LINESHAPE	    10388.9239999996	        4.0582103729
LINESHAPE	    10389.0019999996	        4.0577607155
LINESHAPE	    10389.0799999996	        4.0573134422
LINESHAPE	    10389.1579999996	        4.0568680763
LINESHAPE	    10389.2359999996	        4.0564246178
LINESHAPE	    10389.3139999996	        4.0559835434
LINESHAPE	    10389.3919999996	        4.0555443764
LINESHAPE	    10389.4699999996	        4.0551066399
LINESHAPE	    10389.5479999996	        4.0546708107
LINESHAPE	    10389.6259999996	        4.0542373657
LINESHAPE	    10389.7039999996	        4.0538058281
LINESHAPE	    10389.7819999996	        4.0533761978
LINESHAPE	    10389.8599999996	        4.0529479980
LINESHAPE	    10389.9379999996	        4.0525217056
LINESHAPE	    10390.0159999996	        4.0520973206
LINESHAPE	    10390.0939999996	        4.0516753197
LINESHAPE	    10390.1719999996	        4.0512542725
LINESHAPE	    10390.2499999996	        4.0508356094
LINESHAPE	    10390.3279999996	        4.0504183769
LINESHAPE	    10390.4059999996	        4.0500030518
LINESHAPE	    10390.4839999996	        4.0495896339
LINESHAPE	    10390.5619999996	        4.0491781235
LINESHAPE	    10390.6399999996	        4.0487680435
LINESHAPE	    10390.7179999996	        4.0483598709
LINESHAPE	    10390.7959999996	        4.0479531288
LINESHAPE	    10390.8739999996	        4.0475482941
LINESHAPE	    10390.9519999996	        4.0471448898
LINESHAPE	    10391.0299999996	        4.0467433929
LINESHAPE	    10391.1079999996	        4.0463433266
LINESHAPE	    10391.1859999996	        4.0459451675
LINESHAPE	    10391.2639999996	        4.0455489159
LINESHAPE	    10391.3419999996	        4.0451536179
LINESHAPE	    10391.4199999996	        4.0447602272
LINESHAPE	    10391.4979999996	        4.0443682671
LINESHAPE	    10391.5759999996	        4.0439782143
LINESHAPE	    10391.6539999996	        4.0435895920
LINESHAPE	    10391.7319999996	        4.0432024002
LINESHAPE	    10391.8099999996	        4.0428166389
LINESHAPE	    10391.8879999996	        4.0424327850
LINESHAPE	    10391.9659999996	        4.0420503616
LINESHAPE	    10392.0439999996	        4.0416693687
LINESHAPE	    10392.1219999996	        4.0412898064
LINESHAPE	    10392.1999999996	        4.0409116745
LINESHAPE	    10392.2779999996	        4.0405349731
LINESHAPE	    10392.3559999996	        4.0401601791
LINESHAPE	    10392.4339999996	        4.0397868156
LINESHAPE	    10392.5119999996	        4.0394144058
LINESHAPE	    10392.5899999996	        4.0390434265
LINESHAPE	    10392.6679999996	        4.0386743546
LINESHAPE	    10392.7459999996	        4.0383067131
LINESHAPE	    10392.8239999996	        4.0379400253
LINESHAPE	    10392.9019999996	        4.0375752449
LINESHAPE	    10392.9799999996	        4.0372114182
LINESHAPE	    10393.0579999996	        4.0368490219
LINESHAPE	    10393.1359999996	        4.0364880562
LINESHAPE	    10393.2139999996	        4.0361285210
LINESHAPE	    10393.2919999996	        4.0357704163
LINESHAPE	    10393.3699999996	        4.0354137421
LINESHAPE	    10393.4479999996	        4.0350580215
LINESHAPE	    10393.5259999996	        4.0347042084
LINESHAPE	    10393.6039999996	        4.0343503952
LINESHAPE	    10393.6819999996	        4.0339989662
LINESHAPE	    10393.7599999996	        4.0336484909
LINESHAPE	    10393.8379999996	        4.0332999229
LINESHAPE	    10393.9159999996	        4.0329523087
LINESHAPE	    10393.9939999996	        4.0326061249
LINESHAPE	    10394.0719999996	        4.0322608948
LINESHAPE	    10394.1499999996	        4.0319166183
LINESHAPE	    10394.2279999996	        4.0315742493
LINESHAPE	    10394.3059999996	        4.0312333107
LINESHAPE	    10394.3839999996	        4.0308928490
LINESHAPE	    10394.4619999996	        4.0305542946
LINESHAPE	    10394.5399999996	        4.0302162170
LINESHAPE	    10394.6179999996	        4.0298795700
LINESHAPE	    10394.6959999996	        4.0295443535
LINESHAPE	    10394.7739999996	        4.0292100906
LINESHAPE	    10394.8519999996	        4.0288772583
LINESHAPE	    10394.9299999996	        4.0285453796
LINESHAPE	    10395.0079999996	        4.0282149315
LINESHAPE	    10395.0859999996	        4.0278854370
LINESHAPE	    10395.1639999995	        4.0275568962
LINESHAPE	    10395.2419999995	        4.0272297859
LINESHAPE	    10395.3199999995	        4.0269036293
LINESHAPE	    10395.3979999995	        4.0265789032
LINESHAPE	    10395.4759999995	        4.0262551308
LINESHAPE	    10395.5539999995	        4.0259323120
LINESHAPE	    10395.6319999995	        4.0256104469
LINESHAPE	    10395.7099999995	        4.0252900124
LINESHAPE	    10395.7879999995	        4.0249710083
LINESHAPE	    10395.8659999995	        4.0246524811
LINESHAPE	    10395.9439999995	        4.0243349075
LINESHAPE	    10396.0219999995	        4.0240192413
LINESHAPE	    10396.0999999995	        4.0237040520
LINESHAPE	    10396.1779999995	        4.0233898163
LINESHAPE	    10396.2559999995	        4.0230765343
LINESHAPE	    10396.3339999995	        4.0227646828
LINESHAPE	    10396.4119999995	        4.0224533081
LINESHAPE	    10396.4899999995	        4.0221433640
LINESHAPE	    10396.5679999995	        4.0218343735
LINESHAPE	    10396.6459999995	        4.0215263367
LINESHAPE	    10396.7239999995	        4.0212192535
LINESHAPE	    10396.8019999995	        4.0209131241
LINESHAPE	    10396.8799999995	        4.0206084251
LINESHAPE	    10396.9579999995	        4.0203042030
LINESHAPE	    10397.0359999995	        4.0200009346
LINESHAPE	    10397.1139999995	        4.0196990967
LINESHAPE	    10397.1919999995	        4.0193977356
LINESHAPE	    10397.2699999995	        4.0190978050
LINESHAPE	    10397.3479999995	        4.0187983513
LINESHAPE	    10397.4259999995	        4.0185003281
LINESHAPE	    10397.5039999995	        4.0182027817
LINESHAPE	    10397.5819999995	        4.0179066658
LINESHAPE	    10397.6599999995	        4.0176110268
LINESHAPE	    10397.7379999995	        4.0173163414
LINESHAPE	    10397.8159999995	        4.0170226097
LINESHAPE	    10397.8939999995	        4.0167303085
LINESHAPE	    10397.9719999995	        4.0164389610
LINESHAPE	    10398.0499999995	        4.0161480904
LINESHAPE	    10398.1279999995	        4.0158581734
LINESHAPE	    10398.2059999995	        4.0155692101
LINESHAPE	    10398.2839999995	        4.0152807236
LINESHAPE	    10398.3619999995	        4.0149936676
LINESHAPE	    10398.4399999995	        4.0147070885
LINESHAPE	    10398.5179999995	        4.0144219398
LINESHAPE	    10398.5959999995	        4.0141372681
LINESHAPE	    10398.6739999995	        4.0138535500
LINESHAPE	    10398.7519999995	        4.0135707855
LINESHAPE	    10398.8299999995	        4.0132884979
LINESHAPE	    10398.9079999995	        4.0130076408
LINESHAPE	    10398.9859999995	        4.0127272606
LINESHAPE	    10399.0639999995	        4.0124478340
LINESHAPE	    10399.1419999995	        4.0121693611
LINESHAPE	    10399.2199999995	        4.0118913651
LINESHAPE	    10399.2979999995	        4.0116143227
LINESHAPE	    10399.3759999995	        4.0113382339
LINESHAPE	    10399.4539999995	        4.0110635757
LINESHAPE	    10399.5319999995	        4.0107889175
LINESHAPE	    10399.6099999995	        4.0105152130
LINESHAPE	    10399.6879999995	        4.0102419853
LINESHAPE	    10399.7659999995	        4.0099701881
LINESHAPE	    10399.8439999995	        4.0096988678
LINESHAPE	    10399.9219999995	        4.0094285011
LINESHAPE	    10399.9999999995	        4.0091586113
LINESHAPE	    10400.0779999995	        4.0088901520
LINESHAPE	    10400.1559999995	        4.0086221695
LINESHAPE	    10400.2339999995	        4.0083546638
LINESHAPE	    10400.3119999995	        4.0080885887
LINESHAPE	    10400.3899999995	        4.0078225136
LINESHAPE	    10400.4679999995	        4.0075573921
LINESHAPE	    10400.5459999995	        4.0072932243
LINESHAPE	    10400.6239999995	        4.0070300102
LINESHAPE	    10400.7019999995	        4.0067667961
LINESHAPE	    10400.7799999995	        4.0065050125
LINESHAPE	    10400.8579999995	        4.0062441826
LINESHAPE	    10400.9359999995	        4.0059833527
LINESHAPE	    10401.0139999995	        4.0057239532
LINESHAPE	    10401.0919999995	        4.0054645538
LINESHAPE	    10401.1699999995	        4.0052065849
LINESHAPE	    10401.2479999995	        4.0049486160
LINESHAPE	    10401.3259999995	        4.0046920776
LINESHAPE	    10401.4039999995	        4.0044355392
LINESHAPE	    10401.4819999995	        4.0041804314
LINESHAPE	    10401.5599999995	        4.0039253235
LINESHAPE	    10401.6379999995	        4.0036716461
LINESHAPE	    10401.7159999995	        4.0034179688
LINESHAPE	    10401.7939999995	        4.0031652451
LINESHAPE	    10401.8719999995	        4.0029134750
LINESHAPE	    10401.9499999995	        4.0026621819
LINESHAPE	    10402.0279999995	        4.0024113655
LINESHAPE	    10402.1059999995	        4.0021615028
LINESHAPE	    10402.1839999995	        4.0019125938
LINESHAPE	    10402.2619999995	        4.0016636848
LINESHAPE	    10402.3399999995	        4.0014157295
LINESHAPE	    10402.4179999995	        4.0011682510
LINESHAPE	    10402.4959999995	        4.0009217262
LINESHAPE	    10402.5739999995	        4.0006761551
LINESHAPE	    10402.6519999995	        4.0004310608
LINESHAPE	    10402.7299999995	        4.0001864433
LINESHAPE	    10402.8079999995	        3.9999423027
LINESHAPE	    10402.8859999995	        3.9996988773
LINESHAPE	    10402.9639999995	        3.9994561672
LINESHAPE	    10403.0419999995	        3.9992139339
LINESHAPE	    10403.1199999995	        3.9989726543
LINESHAPE	    10403.1979999995	        3.9987318516
LINESHAPE	    10403.2759999995	        3.9984915257
LINESHAPE	    10403.3539999995	        3.9982519150
LINESHAPE	    10403.4319999995	        3.9980130196
LINESHAPE	    10403.5099999995	        3.9977746010
LINESHAPE	    10403.5879999995	        3.9975368977
LINESHAPE	    10403.6659999995	        3.9972996712
LINESHAPE	    10403.7439999995	        3.9970631599
LINESHAPE	    10403.8219999995	        3.9968271255
LINESHAPE	    10403.8999999995	        3.9965915680
LINESHAPE	    10403.9779999995	        3.9963567257
LINESHAPE	    10404.0559999995	        3.9961225986
LINESHAPE	    10404.1339999995	        3.9958889484
LINESHAPE	    10404.2119999995	        3.9956557751
LINESHAPE	    10404.2899999995	        3.9954233170
LINESHAPE	    10404.3679999995	        3.9951913357
LINESHAPE	    10404.4459999995	        3.9949600697
LINESHAPE	    10404.5239999995	        3.9947290421
LINESHAPE	    10404.6019999995	        3.9944987297
LINESHAPE	    10404.6799999995	        3.9942691326
LINESHAPE	    10404.7579999995	        3.9940400124
LINESHAPE	    10404.8359999995	        3.9938113689
LINESHAPE	    10404.9139999995	        3.9935832024
LINESHAPE	    10404.9919999995	        3.9933557510
LINESHAPE	    10405.0699999995	        3.9931285381
LINESHAPE	    10405.1479999995	        3.9929022789
LINESHAPE	    10405.2259999995	        3.9926762581
LINESHAPE	    10405.3039999995	        3.9924509525
LINESHAPE	    10405.3819999995	        3.9922261238
LINESHAPE	    10405.4599999995	        3.9920017719
LINESHAPE	    10405.5379999995	        3.9917781353
LINESHAPE	    10405.6159999995	        3.9915547371
LINESHAPE	    10405.6939999995	        3.9913320541
LINESHAPE	    10405.7719999995	        3.9911098480
LINESHAPE	    10405.8499999995	        3.9908881187
LINESHAPE	    10405.9279999995	        3.9906673431
  
RESIDUAL 	    10380.9003906250	        0.0170189493
RESIDUAL 	    10348.5996093750	       -0.0636515243
RESIDUAL 	    10364.7001953125	       -0.0041937978
RESIDUAL 	    10344.7998046875	       -0.0377675831
RESIDUAL 	    10370.7001953125	       -0.0653728810
RESIDUAL 	    10376.9003906250	        0.0951646798
RESIDUAL 	    10354.9003906250	       -0.0831489365
RESIDUAL 	    10380.9003906250	        0.0137988680
RESIDUAL 	    10349.0000000000	        0.0640245407
RESIDUAL 	    10364.7998046875	        0.0312555383
RESIDUAL 	    10344.9003906250	        0.0718110316
RESIDUAL 	    10371.0996093750	        0.0721345747
RESIDUAL 	    10376.9003906250	        0.0706247323
RESIDUAL 	    10354.7998046875	        0.1713266831
RESIDUAL 	    10380.9003906250	        0.1240088098
RESIDUAL 	    10348.5996093750	       -0.0423817260
RESIDUAL 	    10364.7001953125	       -0.0529537351
RESIDUAL 	    10371.0000000000	        0.0317538319
RESIDUAL 	    10376.9003906250	       -0.0456353195
RESIDUAL 	    10354.7998046875	       -0.0204433937
RESIDUAL 	    10399.4003906250	       -0.0464326711
RESIDUAL 	    10399.2998046875	       -0.3197683215
RESIDUAL 	    10399.4003906250	        0.0246475368
RESIDUAL 	    10399.4003906250	        0.0365074306
RESIDUAL 	    10399.2998046875	        0.0286115289
RESIDUAL 	    10399.4003906250	        0.1070674091
RESIDUAL 	    10399.5000000000	       -0.0024515966
RESIDUAL 	    10399.5000000000	        0.0433982035
RESIDUAL 	    10358.7001953125	        0.1162266641
RESIDUAL 	    10358.7001953125	       -0.0186429114
RESIDUAL 	    10358.7998046875	        0.0318023790
RESIDUAL 	    10330.2998046875	        0.0355803720
RESIDUAL 	    10330.2998046875	        0.0016004792
RESIDUAL 	    10330.2998046875	       -0.0009794482
RESIDUAL 	    10330.4003906250	       -0.0625742894
RESIDUAL 	    10330.4003906250	        0.0354457874
RESIDUAL 	    10330.2998046875	       -0.0383496531
RESIDUAL 	    10330.4003906250	       -0.0007742863
RESIDUAL 	    10330.4003906250	       -0.1431843262
RESIDUAL 	    10330.4003906250	       -0.0609141808
RESIDUAL 	    10330.4003906250	       -0.0412742119
RESIDUAL 	    10330.5000000000	        0.0178900440
RESIDUAL 	    10330.5996093750	       -0.0170552294
RESIDUAL 	    10330.5996093750	        0.0689847906
RESIDUAL 	    10358.7001953125	        0.0091066270
RESIDUAL 	    10358.7998046875	       -0.1274078261
RESIDUAL 	    10358.7998046875	        0.1400525202
RESIDUAL 	    10358.7998046875	       -0.0185578238
RESIDUAL 	    10358.7998046875	       -0.0216977965
RESIDUAL 	    10358.7998046875	        0.0895626177
RESIDUAL 	    10358.7998046875	       -0.0413878332
RESIDUAL 	    10358.7998046875	        0.0588123430
RESIDUAL 	    10358.7998046875	        0.0463125337
RESIDUAL 	    10358.9003906250	       -0.1103092332
RESIDUAL 	    10358.9003906250	        0.0487007003
RESIDUAL 	    10358.7998046875	       -0.0086677443
RESIDUAL 	    10358.7998046875	       -0.0324375998
RESIDUAL 	    10358.7998046875	        0.0652324785
RESIDUAL 	    10358.7998046875	       -0.2583377730
RESIDUAL 	    10359.0000000000	        0.0958240002
RESIDUAL 	    10359.0000000000	        0.1505238980
RESIDUAL 	    10359.0000000000	       -0.0814363987
RESIDUAL 	    10359.0000000000	       -0.0395863086
RESIDUAL 	    10359.0000000000	        0.0423438519
RESIDUAL 	    10359.0000000000	       -0.0773160488
RESIDUAL 	    10359.0000000000	        0.0660135716
RESIDUAL 	    10359.0000000000	        0.0276339024
RESIDUAL 	    10359.0000000000	       -0.0308864147
RESIDUAL 	    10359.0000000000	        0.0459639996
RESIDUAL 	    10359.0996093750	       -0.0187733695
RESIDUAL 	    10359.0996093750	        0.0694667771
RESIDUAL 	    10359.0000000000	       -0.0678761036
RESIDUAL 	    10359.0996093750	        0.0399267152
RESIDUAL 	    10359.0000000000	       -0.0257661373
RESIDUAL 	    10359.0000000000	        0.0523836582
RESIDUAL 	    10359.0996093750	       -0.0406430289
RESIDUAL 	    10359.0000000000	       -0.0589163334
RESIDUAL 	    10359.0996093750	       -0.0677230880
RESIDUAL 	    10359.0996093750	        0.0207468942
  
NORMRESID	    10380.9003906250	        0.2603874430
NORMRESID	    10348.5996093750	       -0.9675543086
NORMRESID	    10364.7001953125	       -0.0516505550
NORMRESID	    10344.7998046875	       -0.5974134818
NORMRESID	    10370.7001953125	       -0.9424245475
NORMRESID	    10376.9003906250	        1.3837787461
NORMRESID	    10354.9003906250	       -0.8663306044
NORMRESID	    10380.9003906250	        0.2006486330
NORMRESID	    10349.0000000000	        0.8657440512
NORMRESID	    10364.7998046875	        0.3978247616
NORMRESID	    10344.9003906250	        1.1167619791
NORMRESID	    10371.0996093750	        1.0623962080
NORMRESID	    10376.9003906250	        0.8590593637
NORMRESID	    10354.7998046875	        1.5363141158
NORMRESID	    10380.9003906250	        1.5178185299
NORMRESID	    10348.5996093750	       -0.6018378735
NORMRESID	    10364.7001953125	       -0.6154648781
NORMRESID	    10371.0000000000	        0.4324903778
NORMRESID	    10376.9003906250	       -0.6416231781
NORMRESID	    10354.7998046875	       -0.2239049292
NORMRESID	    10399.4003906250	       -0.6588895337
NORMRESID	    10399.2998046875	       -4.4333513030
NORMRESID	    10399.4003906250	        0.4356990006
NORMRESID	    10399.4003906250	        0.6394088550
NORMRESID	    10399.2998046875	        0.5134571971
NORMRESID	    10399.4003906250	        1.9029537274
NORMRESID	    10399.5000000000	       -0.0383520977
NORMRESID	    10399.5000000000	        0.6452487525
NORMRESID	    10358.7001953125	        0.6170945075
NORMRESID	    10358.7001953125	       -0.1906780006
NORMRESID	    10358.7998046875	        0.1876213313
NORMRESID	    10330.2998046875	        0.6354795642
NORMRESID	    10330.2998046875	        0.0287438264
NORMRESID	    10330.2998046875	       -0.0175314711
NORMRESID	    10330.4003906250	       -1.0445918288
NORMRESID	    10330.4003906250	        0.4048540967
NORMRESID	    10330.2998046875	       -0.4662702453
NORMRESID	    10330.4003906250	       -0.0123100915
NORMRESID	    10330.4003906250	       -1.3199388291
NORMRESID	    10330.4003906250	       -1.1262467354
NORMRESID	    10330.4003906250	       -0.7786015577
NORMRESID	    10330.5000000000	        0.3317775782
NORMRESID	    10330.5996093750	       -0.3197647670
NORMRESID	    10330.5996093750	        0.7092071111
NORMRESID	    10358.7001953125	        0.1076204442
NORMRESID	    10358.7998046875	       -1.5898909872
NORMRESID	    10358.7998046875	        0.9739735022
NORMRESID	    10358.7998046875	       -0.2529451093
NORMRESID	    10358.7998046875	       -0.2953881661
NORMRESID	    10358.7998046875	        1.1976110038
NORMRESID	    10358.7998046875	       -0.5544718848
NORMRESID	    10358.7998046875	        0.7957959374
NORMRESID	    10358.7998046875	        0.6286032934
NORMRESID	    10358.9003906250	       -0.9964970158
NORMRESID	    10358.9003906250	        0.5567130195
NORMRESID	    10358.7998046875	       -0.1139017977
NORMRESID	    10358.7998046875	       -0.2102746542
NORMRESID	    10358.7998046875	        0.8668434077
NORMRESID	    10358.7998046875	       -1.7923568740
NORMRESID	    10359.0000000000	        0.6870335142
NORMRESID	    10359.0000000000	        1.2211406412
NORMRESID	    10359.0000000000	       -0.8348426543
NORMRESID	    10359.0000000000	       -0.5205170323
NORMRESID	    10359.0000000000	        0.5776322724
NORMRESID	    10359.0000000000	       -0.9844525745
NORMRESID	    10359.0000000000	        0.6107108899
NORMRESID	    10359.0000000000	        0.2318416491
NORMRESID	    10359.0000000000	       -0.3013543977
NORMRESID	    10359.0000000000	        0.6234342337
NORMRESID	    10359.0996093750	       -0.2468556228
NORMRESID	    10359.0996093750	        0.9510616585
NORMRESID	    10359.0000000000	       -0.8754298265
NORMRESID	    10359.0996093750	        0.3982079054
NORMRESID	    10359.0000000000	       -0.2191948642
NORMRESID	    10359.0000000000	        0.4007440540
NORMRESID	    10359.0996093750	       -0.4691505730
NORMRESID	    10359.0000000000	       -0.5729042911
NORMRESID	    10359.0996093750	       -0.9113038479
NORMRESID	    10359.0996093750	        0.2798876393
  
FITTED PARAMETER	area =        77.2670357962 +/-         1.0578189207 MeV nb
FITTED PARAMETER	mass =     10357.9760835897 +/-         0.0763824158 MeV   
FITTED PARAMETER	wide =         4.6882154181 +/-         0.0633348110 MeV   
FITTED PARAMETER	back =         4.2914256667 +/-         0.0136891707 nb    
  
 **********
 **    7 **SHOW FCNVALUE
 **********

 FCN=   67.11481     FROM SAVe      STATUS=CONVERGED      0 CALLS       64 TOTAL
                     EDM=  0.39E-05    STRATEGY= 2      ERROR MATRIX ACCURATE 
  
 Assuming upsilon THREE(3)-S,           79 data points.
