0.544846218678
Now with jitter = 0.0
Minuit succeeded.
area = 13.7655290177 with chi^2 188.438880585
areas mean, stdev = 13.7655290177 0.0 chi^2 mean, stdev = 188.438880585 0.0
Now with jitter = 0.035
VariableMetricBuilder: matrix not pos.def.
gdel > 0: 0.00017595
eigenvalues: 
-0.206882
0.421653
0.748687
0.961962
0.981379
0.985592
0.989425
0.99391
0.995476
0.999371
1.00294
1.01398
1.10443
1.4038
2.60429
matrix forced pos-def by adding 0.209486 to diagonal
gdel: -6.06926e-05
VariableMetricBuilder: no improvement
VariableMetricBuilder: finishes without convergence.
VariableMetricBuilder: edm= 0.00286521 requested: 1e-05
FunctionMinimum is invalid.
Minuit failed because the function is above maximum EDM.
eigenvalues: 
-0.0967876
0.709471
0.808226
1
1
1
1
1
1
1
1
1
1.00269
1.22304
2.35336
matrix forced pos-def by adding 0.0991409 to diagonal
MnHesse: matrix is invalid!
MnHesse: matrix is not pos. def.!
MnHesse: matrix was forced pos. def.
FunctionMinimum is invalid.
Minuit failed because covariance is not accurate, and covariance is not positive definite.
VariableMetricBuilder: matrix not pos.def.
gdel > 0: 0.00357324
negative or zero diagonal element 0 in covariance matrix
negative or zero diagonal element 1 in covariance matrix
added 1.00061 to diagonal of error matrix
gdel: 0.00357324
Minuit succeeded.
area = 13.7638068052 with chi^2 192.192692954
VariableMetricBuilder: matrix not pos.def.
gdel > 0: 0.0713302
negative or zero diagonal element 0 in covariance matrix
negative or zero diagonal element 1 in covariance matrix
negative or zero diagonal element 2 in covariance matrix
negative or zero diagonal element 3 in covariance matrix
negative or zero diagonal element 4 in covariance matrix
negative or zero diagonal element 5 in covariance matrix
negative or zero diagonal element 6 in covariance matrix
negative or zero diagonal element 7 in covariance matrix
negative or zero diagonal element 8 in covariance matrix
negative or zero diagonal element 9 in covariance matrix
negative or zero diagonal element 10 in covariance matrix
negative or zero diagonal element 11 in covariance matrix
negative or zero diagonal element 12 in covariance matrix
negative or zero diagonal element 13 in covariance matrix
negative or zero diagonal element 14 in covariance matrix
added 1.38999 to diagonal of error matrix
eigenvalues: 
-0.381083
1
1.00103
1.00629
1.008
1.01282
1.02617
1.03085
1.04204
1.04522
1.07108
1.15041
1.28831
1.32534
1.37351
matrix forced pos-def by adding 0.382456 to diagonal
gdel: -3.24412
VariableMetricBuilder: no improvement
Minuit succeeded.
area = 13.7744872121 with chi^2 197.98321048
Minuit succeeded.
area = 13.7541915702 with chi^2 189.312289895
Minuit succeeded.
area = 13.7637469632 with chi^2 188.153165408
Minuit succeeded.
area = 13.7738127225 with chi^2 194.095076714
Minuit succeeded.
area = 13.7652560824 with chi^2 194.072602718
Minuit succeeded.
area = 13.7679062424 with chi^2 198.232810639
eigenvalues: 
-0.59482
0.650932
0.843102
1
1
1
1
1
1
1
1
1
1.00327
1.64332
2.45419
matrix forced pos-def by adding 0.597274 to diagonal
MnHesse: matrix is invalid!
MnHesse: matrix is not pos. def.!
MnHesse: matrix was forced pos. def.
FunctionMinimum is invalid.
Minuit failed because covariance is not accurate, and covariance is not positive definite.
areas mean, stdev = 13.766172514 0.00639615445151 chi^2 mean, stdev = 193.43454983 3.6052597419
