0.118712618047
Now with jitter = 0.0
Minuit succeeded.
area = 13.6719332527 with chi^2 201.682080369
areas mean, stdev = 13.6719332527 0.0 chi^2 mean, stdev = 201.682080369 0.0
Now with jitter = 0.035
VariableMetricBuilder: matrix not pos.def.
gdel > 0: 0.000116834
negative or zero diagonal element 1 in covariance matrix
added 1.00001 to diagonal of error matrix
gdel: 0.000116834
Minuit succeeded.
area = 13.6708577401 with chi^2 201.71562549
Minuit succeeded.
area = 13.6778685527 with chi^2 202.805037414
Minuit succeeded.
area = 13.6673655171 with chi^2 207.272392234
VariableMetricBuilder: no improvement
eigenvalues: 
-2.70942
0.541038
0.843385
1
1
1
1
1
1
1
1
1
1.00313
1.55822
4.76365
matrix forced pos-def by adding 2.71419 to diagonal
MnHesse: matrix is invalid!
MnHesse: matrix is not pos. def.!
MnHesse: matrix was forced pos. def.
FunctionMinimum is invalid.
Minuit failed because covariance is not accurate, and covariance is not positive definite.
Minuit succeeded.
area = 13.6782496125 with chi^2 209.557239412
Minuit succeeded.
area = 13.6676656992 with chi^2 209.529774015
Minuit succeeded.
area = 13.6641873251 with chi^2 203.189432253
VariableMetricBuilder: no improvement
VariableMetricBuilder: finishes without convergence.
VariableMetricBuilder: edm= 0.00118942 requested: 1e-05
FunctionMinimum is invalid.
Minuit failed because the function is above maximum EDM.
Minuit succeeded.
area = 13.672106534 with chi^2 209.405970247
Minuit succeeded.
area = 13.671539761 with chi^2 210.29466765
areas mean, stdev = 13.6712300927 0.00463122448218 chi^2 mean, stdev = 206.721267339 3.33688049883
