0.138669253698
Now with jitter = 0.0
Minuit succeeded.
area = 13.6998295534 with chi^2 192.613607035
areas mean, stdev = 13.6998295534 0.0 chi^2 mean, stdev = 192.613607035 0.0
Now with jitter = 0.035
Minuit succeeded.
area = 13.7105411355 with chi^2 190.141875618
Minuit succeeded.
area = 13.6854462418 with chi^2 193.647743919
Minuit succeeded.
area = 13.7178441565 with chi^2 201.721958101
Minuit succeeded.
area = 13.6915505191 with chi^2 202.343648376
Minuit succeeded.
area = 13.7029828769 with chi^2 192.400882306
VariableMetricBuilder: no improvement
eigenvalues: 
-0.164259
0.531558
0.830853
1
1
1
1
1
1
1
1
1
1.00312
1.34946
2.44927
matrix forced pos-def by adding 0.166708 to diagonal
MnHesse: matrix is invalid!
MnHesse: matrix is not pos. def.!
MnHesse: matrix was forced pos. def.
FunctionMinimum is invalid.
Minuit failed because covariance is not accurate, and covariance is not positive definite.
Minuit succeeded.
area = 13.7035846576 with chi^2 198.90173427
Minuit succeeded.
area = 13.7019524019 with chi^2 196.571023957
Minuit succeeded.
area = 13.6998569034 with chi^2 200.187552496
Minuit succeeded.
area = 13.6998537591 with chi^2 192.840625673
areas mean, stdev = 13.7015125169 0.00893026541315 chi^2 mean, stdev = 196.528560524 4.21025261145
