-bash: /root/.bashrc: Permission denied
0.801358574648
Now with jitter = 0.0
Minuit succeeded.
area = 13.7566534808 with chi^2 212.652850097
areas mean, stdev = 13.7566534808 0.0 chi^2 mean, stdev = 212.652850097 0.0
Now with jitter = 0.035
Minuit succeeded.
area = 13.7626337391 with chi^2 218.829732339
VariableMetricBuilder: no improvement
eigenvalues: 
-1.45507
0.494063
0.82697
1
1
1
1
1
1
1
1
1
1.00346
1.55819
3.57239
matrix forced pos-def by adding 1.45864 to diagonal
MnHesse: matrix is invalid!
MnHesse: matrix is not pos. def.!
MnHesse: matrix was forced pos. def.
FunctionMinimum is invalid.
Minuit failed because covariance is not accurate, and covariance is not positive definite.
Minuit succeeded.
area = 13.7513506429 with chi^2 219.662623733
Minuit succeeded.
area = 13.764626209 with chi^2 216.952053015
Minuit succeeded.
area = 13.7609337555 with chi^2 213.439850356
Minuit succeeded.
area = 13.7543500477 with chi^2 215.622921099
VariableMetricBuilder: no improvement
VariableMetricBuilder: finishes without convergence.
VariableMetricBuilder: edm= 0.00049083 requested: 1e-05
FunctionMinimum is invalid.
Minuit failed because the function is above maximum EDM.
Minuit succeeded.
area = 13.7560173574 with chi^2 219.406445345
Minuit succeeded.
area = 13.7542141721 with chi^2 210.71532012
Minuit succeeded.
area = 13.7609901554 with chi^2 205.975908027
areas mean, stdev = 13.7581395099 0.00445210478036 chi^2 mean, stdev = 215.075606754 4.5028222482
