0.209386206218
Now with jitter = 0.0
Minuit succeeded.
area = 13.6887900117 with chi^2 200.884074875
areas mean, stdev = 13.6887900117 0.0 chi^2 mean, stdev = 200.884074875 0.0
Now with jitter = 0.035
Minuit succeeded.
area = 13.7004346413 with chi^2 204.776392962
Minuit succeeded.
area = 13.6897301623 with chi^2 202.686419377
Minuit succeeded.
area = 13.6931604462 with chi^2 204.331230181
Minuit succeeded.
area = 13.6845147831 with chi^2 201.979770426
Minuit succeeded.
area = 13.6874804549 with chi^2 206.409825117
Minuit succeeded.
area = 13.6895879271 with chi^2 203.40596357
VariableMetricBuilder: no improvement
Minuit succeeded.
area = 13.6911457777 with chi^2 206.534902107
Minuit succeeded.
area = 13.6933857678 with chi^2 213.406102289
Minuit succeeded.
area = 13.6926023983 with chi^2 205.078170651
Minuit succeeded.
area = 13.6815302687 with chi^2 202.894827407
areas mean, stdev = 13.6903572627 0.0049553726054 chi^2 mean, stdev = 205.150360409 3.11015295603
