0.660139420714
Now with jitter = 0.0
VariableMetricBuilder: no improvement
Minuit succeeded.
area = 5.7344058882 with chi^2 67.300007035
areas mean, stdev = 5.7344058882 0.0 chi^2 mean, stdev = 67.300007035 0.0
Now with jitter = 0.035
Minuit succeeded.
area = 5.73454287442 with chi^2 74.2343406728
Minuit succeeded.
area = 5.74121313364 with chi^2 66.4158127242
Minuit succeeded.
area = 5.71580048428 with chi^2 78.3470029878
Minuit succeeded.
area = 5.73086427781 with chi^2 72.6365337556
Minuit succeeded.
area = 5.72177796856 with chi^2 63.4277899199
Minuit succeeded.
area = 5.71903178518 with chi^2 65.1549696674
Minuit succeeded.
area = 5.73779756119 with chi^2 72.3084979672
Minuit succeeded.
area = 5.74061466645 with chi^2 68.1841693963
Minuit succeeded.
area = 5.74901509727 with chi^2 64.9747003885
Minuit succeeded.
area = 5.74040561373 with chi^2 70.6574338261
areas mean, stdev = 5.73310634625 0.0104090287234 chi^2 mean, stdev = 69.6341251306 4.55018337664
