0.234346293107
Now with jitter = 0.0
Minuit succeeded.
area = 5.77330387218 with chi^2 60.7135418893
areas mean, stdev = 5.77330387218 0.0 chi^2 mean, stdev = 60.7135418893 0.0
Now with jitter = 0.035
eigenvalues: 
-0.081397
0.573314
0.918642
1
1
1
1.00069
1.11028
2.47847
matrix forced pos-def by adding 0.0838755 to diagonal
MnHesse: matrix is invalid!
MnHesse: matrix is not pos. def.!
MnHesse: matrix was forced pos. def.
FunctionMinimum is invalid.
Minuit failed because covariance is not accurate, and covariance is not positive definite.
Minuit succeeded.
area = 5.79489527995 with chi^2 58.5386914564
Minuit succeeded.
area = 5.76723615851 with chi^2 64.3180040242
Minuit succeeded.
area = 5.77516702973 with chi^2 61.3192753427
Minuit succeeded.
area = 5.76592623296 with chi^2 71.8580566948
Minuit succeeded.
area = 5.78827816588 with chi^2 64.3953537048
Minuit succeeded.
area = 5.76718104685 with chi^2 65.0588382396
Minuit succeeded.
area = 5.76556288673 with chi^2 64.3079038538
Minuit succeeded.
area = 5.76694384082 with chi^2 74.5398120292
VariableMetricBuilder: no improvement
Minuit succeeded.
area = 5.79273134575 with chi^2 65.8129367262
areas mean, stdev = 5.77599133191 0.0117161950724 chi^2 mean, stdev = 65.5720968969 4.62319735841
