-bash: /root/.bashrc: Permission denied
0.921605555034
Now with jitter = 0.0
Minuit succeeded.
area = 5.70307510472 with chi^2 74.0216768968
areas mean, stdev = 5.70307510472 0.0 chi^2 mean, stdev = 74.0216768968 0.0
Now with jitter = 0.035
Minuit succeeded.
area = 5.69945843353 with chi^2 78.4119630308
Minuit succeeded.
area = 5.69622332404 with chi^2 74.2285512042
eigenvalues: 
-0.361484
0.697022
0.915027
1
1
1
1.00131
1.09372
2.65441
matrix forced pos-def by adding 0.364139 to diagonal
MnHesse: matrix is invalid!
MnHesse: matrix is not pos. def.!
MnHesse: matrix was forced pos. def.
FunctionMinimum is invalid.
Minuit failed because covariance is not accurate, and covariance is not positive definite.
Minuit succeeded.
area = 5.70637662409 with chi^2 81.6679464762
Minuit succeeded.
area = 5.69257768633 with chi^2 70.8419516613
eigenvalues: 
-0.0220228
0.761189
0.91442
1
1
1
1.00129
1.07913
2.266
matrix forced pos-def by adding 0.0242888 to diagonal
MnHesse: matrix is invalid!
MnHesse: matrix is not pos. def.!
MnHesse: matrix was forced pos. def.
FunctionMinimum is invalid.
Minuit failed because covariance is not accurate, and covariance is not positive definite.
Minuit succeeded.
area = 5.71323225049 with chi^2 78.3891495485
VariableMetricBuilder: no improvement
Minuit succeeded.
area = 5.71992491102 with chi^2 81.1575418091
Minuit succeeded.
area = 5.72387434769 with chi^2 76.5099402341
Minuit succeeded.
area = 5.69844185335 with chi^2 74.0540587981
areas mean, stdev = 5.70626367882 0.0108451953798 chi^2 mean, stdev = 76.9076378453 3.49018667185
