0.635044267329
Now with jitter = 0.0
Minuit succeeded.
area = 3.64078625166 with chi^2 137.786556714
areas mean, stdev = 3.64078625166 0.0 chi^2 mean, stdev = 137.786556714 0.0
Now with jitter = 0.035
Minuit succeeded.
area = 3.63942161316 with chi^2 159.427700085
Minuit succeeded.
area = 3.63851777593 with chi^2 150.07824727
Minuit succeeded.
area = 3.64234581876 with chi^2 138.070128069
Minuit succeeded.
area = 3.63791692714 with chi^2 143.39702775
Minuit succeeded.
area = 3.6376422815 with chi^2 150.746290073
Minuit succeeded.
area = 3.64070052454 with chi^2 154.22671839
Minuit succeeded.
area = 3.65650890684 with chi^2 164.259679288
Minuit succeeded.
area = 3.64734255255 with chi^2 141.732094574
Minuit succeeded.
area = 3.64408470083 with chi^2 161.140146696
Minuit succeeded.
area = 3.63487019143 with chi^2 165.353925743
areas mean, stdev = 3.64193512927 0.00591973560145 chi^2 mean, stdev = 152.843195794 9.18659801028
