-bash: /root/.bashrc: Permission denied
0.88708116234
Now with jitter = 0.0
Minuit succeeded.
area = 3.64404856272 with chi^2 160.160790661
areas mean, stdev = 3.64404856272 0.0 chi^2 mean, stdev = 160.160790661 0.0
Now with jitter = 0.035
eigenvalues: 
-0.0311043
0.245623
0.689168
1
1
1
1
1.00233
1.08714
3.00684
matrix forced pos-def by adding 0.0341111 to diagonal
MnHesse: matrix is invalid!
MnHesse: matrix is not pos. def.!
MnHesse: matrix was forced pos. def.
FunctionMinimum is invalid.
Minuit failed because covariance is not accurate, and covariance is not positive definite.
Minuit succeeded.
area = 3.64084971159 with chi^2 169.21057188
Minuit succeeded.
area = 3.63962859187 with chi^2 168.679462725
Minuit succeeded.
area = 3.64752559162 with chi^2 182.966512443
eigenvalues: 
-0.0750339
0.246763
0.676584
1
1
1
1
1.00084
1.11003
3.04082
matrix forced pos-def by adding 0.0780748 to diagonal
MnHesse: matrix is invalid!
MnHesse: matrix is not pos. def.!
MnHesse: matrix was forced pos. def.
FunctionMinimum is invalid.
Minuit failed because covariance is not accurate, and covariance is not positive definite.
Minuit succeeded.
area = 3.64695154064 with chi^2 186.215579521
Minuit succeeded.
area = 3.63893658087 with chi^2 182.750136857
Minuit succeeded.
area = 3.63678737124 with chi^2 166.604651684
Minuit succeeded.
area = 3.64264689574 with chi^2 171.160814054
Minuit succeeded.
area = 3.63820482306 with chi^2 164.390046443
areas mean, stdev = 3.64144138833 0.00372287118377 chi^2 mean, stdev = 173.997221951 8.0041681424
