0.216696147529
Now with jitter = 0.0
VariableMetricBuilder: matrix not pos.def.
gdel > 0: 0.00641763
negative or zero diagonal element 1 in covariance matrix
added 1.00025 to diagonal of error matrix
gdel: 0.00641763
Minuit succeeded.
area = 3.61444727101 with chi^2 190.108550848
areas mean, stdev = 3.61444727101 0.0 chi^2 mean, stdev = 190.108550848 0.0
Now with jitter = 0.035
VariableMetricBuilder: matrix not pos.def.
gdel > 0: 0.00523616
negative or zero diagonal element 4 in covariance matrix
added 1.00003 to diagonal of error matrix
gdel: 0.00523616
eigenvalues: 
-0.929881
0.248149
0.63503
1
1
1
1
1.00393
1.84345
3.19932
matrix forced pos-def by adding 0.93308 to diagonal
MnHesse: matrix is invalid!
MnHesse: matrix is not pos. def.!
MnHesse: matrix was forced pos. def.
FunctionMinimum is invalid.
Minuit failed because covariance is not accurate, and covariance is not positive definite.
VariableMetricBuilder: matrix not pos.def.
gdel > 0: 0.0626719
negative or zero diagonal element 1 in covariance matrix
added 1.0001 to diagonal of error matrix
gdel: 0.0626719
Minuit succeeded.
area = 3.622681913 with chi^2 214.543517523
VariableMetricBuilder: no improvement
Minuit succeeded.
area = 3.62321905266 with chi^2 205.607542108
Minuit succeeded.
area = 3.6142147375 with chi^2 189.73393952
Minuit succeeded.
area = 3.60702072183 with chi^2 207.785373227
VariableMetricBuilder: no improvement
VariableMetricBuilder: finishes without convergence.
VariableMetricBuilder: edm= 0.000185682 requested: 1e-05
FunctionMinimum is invalid.
Minuit failed because the function is above maximum EDM.
VariableMetricBuilder: matrix not pos.def.
gdel > 0: 0.000129241
negative or zero diagonal element 1 in covariance matrix
negative or zero diagonal element 3 in covariance matrix
added 1.00174 to diagonal of error matrix
gdel: 0.000129241
eigenvalues: 
-0.00445363
0.316442
0.647421
1
1
1
1
1.00472
1.82694
2.20893
matrix forced pos-def by adding 0.00666256 to diagonal
MnHesse: matrix is invalid!
MnHesse: matrix is not pos. def.!
MnHesse: matrix was forced pos. def.
FunctionMinimum is invalid.
Minuit failed because covariance is not accurate, and covariance is not positive definite.
VariableMetricBuilder: matrix not pos.def.
gdel > 0: 0.0464007
negative or zero diagonal element 0 in covariance matrix
negative or zero diagonal element 1 in covariance matrix
negative or zero diagonal element 2 in covariance matrix
negative or zero diagonal element 3 in covariance matrix
negative or zero diagonal element 4 in covariance matrix
negative or zero diagonal element 5 in covariance matrix
negative or zero diagonal element 7 in covariance matrix
negative or zero diagonal element 8 in covariance matrix
negative or zero diagonal element 9 in covariance matrix
added 1.11782 to diagonal of error matrix
gdel: 0.0464007
eigenvalues: 
-0.0025075
0.2335
0.634645
1
1
1
1
1.00329
1.88645
2.24462
matrix forced pos-def by adding 0.00475212 to diagonal
MnHesse: matrix is invalid!
MnHesse: matrix is not pos. def.!
MnHesse: matrix was forced pos. def.
FunctionMinimum is invalid.
Minuit failed because covariance is not accurate, and covariance is not positive definite.
VariableMetricBuilder: no improvement
VariableMetricBuilder: finishes without convergence.
VariableMetricBuilder: edm= 0.00133791 requested: 1e-05
FunctionMinimum is invalid.
Minuit failed because the function is above maximum EDM.
VariableMetricBuilder: no improvement
VariableMetricBuilder: machine accuracy limits further improvement.
Minuit succeeded.
area = 3.61167369404 with chi^2 206.084034822
areas mean, stdev = 3.61576202381 0.00630889912809 chi^2 mean, stdev = 204.75088144 8.16239636287
