0.667711568091
Now with jitter = 0.0
Minuit succeeded.
area = 3.67232628191 with chi^2 170.8131542
areas mean, stdev = 3.67232628191 0.0 chi^2 mean, stdev = 170.8131542 0.0
Now with jitter = 0.035
Minuit succeeded.
area = 3.66032216817 with chi^2 182.658638714
Minuit succeeded.
area = 3.6817276187 with chi^2 186.649961925
Minuit succeeded.
area = 3.67539665006 with chi^2 188.834621394
Minuit succeeded.
area = 3.67504799241 with chi^2 188.401934447
Minuit succeeded.
area = 3.66995777629 with chi^2 185.325116963
Minuit succeeded.
area = 3.67348315963 with chi^2 182.17611117
Minuit succeeded.
area = 3.68655646176 with chi^2 184.897958161
Minuit succeeded.
area = 3.67145328901 with chi^2 172.36893887
Minuit succeeded.
area = 3.6719613962 with chi^2 182.365717732
Minuit succeeded.
area = 3.6626504951 with chi^2 187.067797035
areas mean, stdev = 3.67285570073 0.00741942193067 chi^2 mean, stdev = 184.074679641 4.52514135908
