0.0828131619997
Now with jitter = 0.0
Minuit succeeded.
area = 3.64371186598 with chi^2 144.784966147
areas mean, stdev = 3.64371186598 0.0 chi^2 mean, stdev = 144.784966147 0.0
Now with jitter = 0.035
VariableMetricBuilder: no improvement
Minuit succeeded.
area = 3.63906597715 with chi^2 158.025673252
VariableMetricBuilder: no improvement
Minuit succeeded.
area = 3.64302199904 with chi^2 144.013258631
Minuit succeeded.
area = 3.64568436276 with chi^2 161.548527395
Minuit succeeded.
area = 3.63891018788 with chi^2 155.67296344
VariableMetricBuilder: no improvement
VariableMetricBuilder: finishes without convergence.
VariableMetricBuilder: edm= 0.00102709 requested: 1e-05
FunctionMinimum is invalid.
Minuit failed because the function is above maximum EDM.
Minuit succeeded.
area = 3.63527652463 with chi^2 153.857690713
VariableMetricBuilder: no improvement
Minuit succeeded.
area = 3.6292437331 with chi^2 153.891562165
Minuit succeeded.
area = 3.64371649041 with chi^2 155.214868957
Minuit succeeded.
area = 3.63549116292 with chi^2 163.202728809
eigenvalues: 
-0.0814309
0.260401
0.678269
1
1
1
1
1.00186
1.08608
3.05482
matrix forced pos-def by adding 0.0844857 to diagonal
MnHesse: matrix is invalid!
MnHesse: matrix is not pos. def.!
MnHesse: matrix was forced pos. def.
FunctionMinimum is invalid.
Minuit failed because covariance is not accurate, and covariance is not positive definite.
areas mean, stdev = 3.63880130474 0.00505173231049 chi^2 mean, stdev = 155.67840917 5.47016678071
