0.952585976298
Now with jitter = 0.0
Minuit succeeded.
area = 3.64707990397 with chi^2 149.02270039
areas mean, stdev = 3.64707990397 0.0 chi^2 mean, stdev = 149.02270039 0.0
Now with jitter = 0.035
Minuit succeeded.
area = 3.66079766191 with chi^2 165.821384884
Minuit succeeded.
area = 3.62023435431 with chi^2 161.505698403
Minuit succeeded.
area = 3.64291037645 with chi^2 164.71963271
Minuit succeeded.
area = 3.63922870106 with chi^2 161.525877887
Minuit succeeded.
area = 3.66809556982 with chi^2 172.328044573
Minuit succeeded.
area = 3.65374523624 with chi^2 161.059186646
Minuit succeeded.
area = 3.63623062124 with chi^2 160.235093128
Minuit succeeded.
area = 3.65654734994 with chi^2 157.284941312
eigenvalues: 
-0.178412
0.211904
0.684374
1
1
1
1
1.00447
1.1489
3.12877
matrix forced pos-def by adding 0.18154 to diagonal
MnHesse: matrix is invalid!
MnHesse: matrix is not pos. def.!
MnHesse: matrix was forced pos. def.
FunctionMinimum is invalid.
Minuit failed because covariance is not accurate, and covariance is not positive definite.
Minuit succeeded.
area = 3.63296756311 with chi^2 166.474068761
areas mean, stdev = 3.6456397149 0.0143828677573 chi^2 mean, stdev = 163.439325367 4.17321077015
